Namespace(conv_layers=3, device=0, dropout=0.0, epochs=100, hidden_dim=256, log_steps=1, lr=0.001, method='deeper', mlp_layers=2, runs=10, subset='computer_science')
Run: 01, Epoch: 01, Loss: 0.0344, lr: 0.001000, Train: -0.0309, Valid: -0.0703, Test: 0.1386
Run: 01, Epoch: 02, Loss: 0.0246, lr: 0.001000, Train: 0.1768, Valid: 0.1309, Test: 0.2419
Run: 01, Epoch: 03, Loss: 0.0075, lr: 0.001000, Train: 0.4215, Valid: 0.5105, Test: 0.3709
Run: 01, Epoch: 04, Loss: 0.0055, lr: 0.001000, Train: 0.4547, Valid: 0.5625, Test: 0.4061
Run: 01, Epoch: 05, Loss: 0.0042, lr: 0.001000, Train: 0.5063, Valid: 0.5789, Test: 0.4561
Run: 01, Epoch: 06, Loss: 0.0033, lr: 0.001000, Train: 0.5439, Valid: 0.5452, Test: 0.5150
Run: 01, Epoch: 07, Loss: 0.0028, lr: 0.001000, Train: 0.7020, Valid: 0.7035, Test: 0.6666
Run: 01, Epoch: 08, Loss: 0.0025, lr: 0.001000, Train: 0.8271, Valid: 0.8487, Test: 0.7994
Run: 01, Epoch: 09, Loss: 0.0020, lr: 0.001000, Train: 0.8330, Valid: 0.8497, Test: 0.8344
Run: 01, Epoch: 10, Loss: 0.0022, lr: 0.001000, Train: 0.8278, Valid: 0.8336, Test: 0.8239
Run: 01, Epoch: 11, Loss: 0.0019, lr: 0.001000, Train: 0.8287, Valid: 0.8162, Test: 0.8114
Run: 01, Epoch: 12, Loss: 0.0016, lr: 0.001000, Train: 0.8268, Valid: 0.7879, Test: 0.8124
Run: 01, Epoch: 13, Loss: 0.0017, lr: 0.001000, Train: 0.8409, Valid: 0.8001, Test: 0.8285
Run: 01, Epoch: 14, Loss: 0.0015, lr: 0.001000, Train: 0.8429, Valid: 0.8136, Test: 0.8363
Run: 01, Epoch: 15, Loss: 0.0013, lr: 0.001000, Train: 0.8170, Valid: 0.7939, Test: 0.8204
Run: 01, Epoch: 16, Loss: 0.0013, lr: 0.000700, Train: 0.8101, Valid: 0.7864, Test: 0.8117
Run: 01, Epoch: 17, Loss: 0.0012, lr: 0.000700, Train: 0.8103, Valid: 0.7813, Test: 0.8081
Run: 01, Epoch: 18, Loss: 0.0011, lr: 0.000700, Train: 0.8181, Valid: 0.7786, Test: 0.8158
Run: 01, Epoch: 19, Loss: 0.0011, lr: 0.000700, Train: 0.8381, Valid: 0.7891, Test: 0.8342
Run: 01, Epoch: 20, Loss: 0.0011, lr: 0.000700, Train: 0.8683, Valid: 0.8200, Test: 0.8558
Run: 01, Epoch: 21, Loss: 0.0010, lr: 0.000700, Train: 0.8916, Valid: 0.8474, Test: 0.8714
Run: 01, Epoch: 22, Loss: 0.0009, lr: 0.000490, Train: 0.9032, Valid: 0.8595, Test: 0.8812
Run: 01, Epoch: 23, Loss: 0.0009, lr: 0.000490, Train: 0.9084, Valid: 0.8625, Test: 0.8838
Run: 01, Epoch: 24, Loss: 0.0008, lr: 0.000490, Train: 0.9125, Valid: 0.8642, Test: 0.8845
Run: 01, Epoch: 25, Loss: 0.0008, lr: 0.000490, Train: 0.9178, Valid: 0.8676, Test: 0.8876
Run: 01, Epoch: 26, Loss: 0.0008, lr: 0.000490, Train: 0.9259, Valid: 0.8755, Test: 0.8936
Run: 01, Epoch: 27, Loss: 0.0007, lr: 0.000490, Train: 0.9368, Valid: 0.8886, Test: 0.9014
Run: 01, Epoch: 28, Loss: 0.0007, lr: 0.000490, Train: 0.9482, Valid: 0.9050, Test: 0.9093
Run: 01, Epoch: 29, Loss: 0.0007, lr: 0.000490, Train: 0.9571, Valid: 0.9194, Test: 0.9155
Run: 01, Epoch: 30, Loss: 0.0007, lr: 0.000490, Train: 0.9622, Valid: 0.9283, Test: 0.9196
Run: 01, Epoch: 31, Loss: 0.0006, lr: 0.000490, Train: 0.9650, Valid: 0.9317, Test: 0.9222
Run: 01, Epoch: 32, Loss: 0.0006, lr: 0.000490, Train: 0.9671, Valid: 0.9319, Test: 0.9237
Run: 01, Epoch: 33, Loss: 0.0006, lr: 0.000490, Train: 0.9694, Valid: 0.9313, Test: 0.9252
Run: 01, Epoch: 34, Loss: 0.0006, lr: 0.000490, Train: 0.9722, Valid: 0.9319, Test: 0.9273
Run: 01, Epoch: 35, Loss: 0.0006, lr: 0.000490, Train: 0.9757, Valid: 0.9343, Test: 0.9293
Run: 01, Epoch: 36, Loss: 0.0005, lr: 0.000490, Train: 0.9785, Valid: 0.9372, Test: 0.9305
Run: 01, Epoch: 37, Loss: 0.0005, lr: 0.000490, Train: 0.9801, Valid: 0.9384, Test: 0.9309
Run: 01, Epoch: 38, Loss: 0.0005, lr: 0.000490, Train: 0.9810, Valid: 0.9379, Test: 0.9309
Run: 01, Epoch: 39, Loss: 0.0005, lr: 0.000490, Train: 0.9816, Valid: 0.9366, Test: 0.9309
Run: 01, Epoch: 40, Loss: 0.0005, lr: 0.000490, Train: 0.9819, Valid: 0.9357, Test: 0.9310
Run: 01, Epoch: 41, Loss: 0.0005, lr: 0.000490, Train: 0.9828, Valid: 0.9371, Test: 0.9315
Run: 01, Epoch: 42, Loss: 0.0004, lr: 0.000490, Train: 0.9843, Valid: 0.9407, Test: 0.9322
Run: 01, Epoch: 43, Loss: 0.0004, lr: 0.000490, Train: 0.9855, Valid: 0.9444, Test: 0.9327
Run: 01, Epoch: 44, Loss: 0.0004, lr: 0.000490, Train: 0.9864, Valid: 0.9463, Test: 0.9328
Run: 01, Epoch: 45, Loss: 0.0004, lr: 0.000490, Train: 0.9870, Valid: 0.9461, Test: 0.9325
Run: 01, Epoch: 46, Loss: 0.0004, lr: 0.000490, Train: 0.9874, Valid: 0.9443, Test: 0.9321
Run: 01, Epoch: 47, Loss: 0.0004, lr: 0.000490, Train: 0.9877, Valid: 0.9428, Test: 0.9316
Run: 01, Epoch: 48, Loss: 0.0004, lr: 0.000490, Train: 0.9883, Valid: 0.9426, Test: 0.9314
Run: 01, Epoch: 49, Loss: 0.0004, lr: 0.000490, Train: 0.9889, Valid: 0.9435, Test: 0.9314
Run: 01, Epoch: 50, Loss: 0.0003, lr: 0.000490, Train: 0.9893, Valid: 0.9446, Test: 0.9315
Run: 01, Epoch: 51, Loss: 0.0003, lr: 0.000343, Train: 0.9896, Valid: 0.9449, Test: 0.9316
Run: 01, Epoch: 52, Loss: 0.0003, lr: 0.000343, Train: 0.9897, Valid: 0.9448, Test: 0.9317
Run: 01, Epoch: 53, Loss: 0.0003, lr: 0.000343, Train: 0.9899, Valid: 0.9448, Test: 0.9317
Run: 01, Epoch: 54, Loss: 0.0003, lr: 0.000343, Train: 0.9902, Valid: 0.9452, Test: 0.9318
Run: 01, Epoch: 55, Loss: 0.0003, lr: 0.000343, Train: 0.9906, Valid: 0.9459, Test: 0.9320
Run: 01, Epoch: 56, Loss: 0.0003, lr: 0.000343, Train: 0.9909, Valid: 0.9464, Test: 0.9320
Run: 01, Epoch: 57, Loss: 0.0003, lr: 0.000240, Train: 0.9911, Valid: 0.9466, Test: 0.9320
Run: 01, Epoch: 58, Loss: 0.0003, lr: 0.000240, Train: 0.9913, Valid: 0.9466, Test: 0.9319
Run: 01, Epoch: 59, Loss: 0.0003, lr: 0.000240, Train: 0.9914, Valid: 0.9465, Test: 0.9318
Run: 01, Epoch: 60, Loss: 0.0003, lr: 0.000240, Train: 0.9916, Valid: 0.9465, Test: 0.9316
Run: 01, Epoch: 61, Loss: 0.0003, lr: 0.000240, Train: 0.9918, Valid: 0.9467, Test: 0.9314
Run: 01, Epoch: 62, Loss: 0.0003, lr: 0.000240, Train: 0.9919, Valid: 0.9470, Test: 0.9312
Run: 01, Epoch: 63, Loss: 0.0003, lr: 0.000240, Train: 0.9921, Valid: 0.9473, Test: 0.9311
Run: 01, Epoch: 64, Loss: 0.0003, lr: 0.000240, Train: 0.9922, Valid: 0.9476, Test: 0.9310
Run: 01, Epoch: 65, Loss: 0.0003, lr: 0.000240, Train: 0.9923, Valid: 0.9478, Test: 0.9310
Run: 01, Epoch: 66, Loss: 0.0002, lr: 0.000240, Train: 0.9923, Valid: 0.9478, Test: 0.9310
Run: 01, Epoch: 67, Loss: 0.0002, lr: 0.000240, Train: 0.9925, Valid: 0.9478, Test: 0.9310
Run: 01, Epoch: 68, Loss: 0.0002, lr: 0.000240, Train: 0.9926, Valid: 0.9477, Test: 0.9309
Run: 01, Epoch: 69, Loss: 0.0002, lr: 0.000240, Train: 0.9928, Valid: 0.9476, Test: 0.9308
Run: 01, Epoch: 70, Loss: 0.0002, lr: 0.000240, Train: 0.9929, Valid: 0.9474, Test: 0.9308
Run: 01, Epoch: 71, Loss: 0.0002, lr: 0.000240, Train: 0.9930, Valid: 0.9471, Test: 0.9307
Run: 01, Epoch: 72, Loss: 0.0002, lr: 0.000168, Train: 0.9931, Valid: 0.9469, Test: 0.9307
Run: 01, Epoch: 73, Loss: 0.0002, lr: 0.000168, Train: 0.9932, Valid: 0.9467, Test: 0.9308
Run: 01, Epoch: 74, Loss: 0.0002, lr: 0.000168, Train: 0.9933, Valid: 0.9464, Test: 0.9308
Run: 01, Epoch: 75, Loss: 0.0002, lr: 0.000168, Train: 0.9934, Valid: 0.9462, Test: 0.9308
Run: 01, Epoch: 76, Loss: 0.0002, lr: 0.000168, Train: 0.9935, Valid: 0.9460, Test: 0.9308
Run: 01, Epoch: 77, Loss: 0.0002, lr: 0.000168, Train: 0.9936, Valid: 0.9458, Test: 0.9307
Run: 01, Epoch: 78, Loss: 0.0002, lr: 0.000118, Train: 0.9937, Valid: 0.9456, Test: 0.9307
Run: 01, Epoch: 79, Loss: 0.0002, lr: 0.000118, Train: 0.9938, Valid: 0.9454, Test: 0.9307
Run: 01, Epoch: 80, Loss: 0.0002, lr: 0.000118, Train: 0.9939, Valid: 0.9453, Test: 0.9307
Run: 01, Epoch: 81, Loss: 0.0002, lr: 0.000118, Train: 0.9939, Valid: 0.9452, Test: 0.9307
Run: 01, Epoch: 82, Loss: 0.0002, lr: 0.000118, Train: 0.9940, Valid: 0.9451, Test: 0.9306
Run: 01, Epoch: 83, Loss: 0.0002, lr: 0.000118, Train: 0.9940, Valid: 0.9451, Test: 0.9306
Run: 01, Epoch: 84, Loss: 0.0002, lr: 0.000082, Train: 0.9941, Valid: 0.9450, Test: 0.9305
Run: 01, Epoch: 85, Loss: 0.0002, lr: 0.000082, Train: 0.9941, Valid: 0.9449, Test: 0.9305
Run: 01, Epoch: 86, Loss: 0.0002, lr: 0.000082, Train: 0.9942, Valid: 0.9448, Test: 0.9304
Run: 01, Epoch: 87, Loss: 0.0002, lr: 0.000082, Train: 0.9942, Valid: 0.9448, Test: 0.9304
Run: 01, Epoch: 88, Loss: 0.0002, lr: 0.000082, Train: 0.9943, Valid: 0.9447, Test: 0.9303
Run: 01, Epoch: 89, Loss: 0.0002, lr: 0.000082, Train: 0.9943, Valid: 0.9447, Test: 0.9302
Run: 01, Epoch: 90, Loss: 0.0002, lr: 0.000058, Train: 0.9943, Valid: 0.9446, Test: 0.9302
Run: 01, Epoch: 91, Loss: 0.0002, lr: 0.000058, Train: 0.9944, Valid: 0.9446, Test: 0.9302
Run: 01, Epoch: 92, Loss: 0.0002, lr: 0.000058, Train: 0.9944, Valid: 0.9445, Test: 0.9301
Run: 01, Epoch: 93, Loss: 0.0002, lr: 0.000058, Train: 0.9944, Valid: 0.9444, Test: 0.9301
Run: 01, Epoch: 94, Loss: 0.0002, lr: 0.000058, Train: 0.9945, Valid: 0.9444, Test: 0.9301
Run: 01, Epoch: 95, Loss: 0.0002, lr: 0.000058, Train: 0.9945, Valid: 0.9443, Test: 0.9300
Run: 01, Epoch: 96, Loss: 0.0002, lr: 0.000040, Train: 0.9945, Valid: 0.9442, Test: 0.9300
Run: 01, Epoch: 97, Loss: 0.0002, lr: 0.000040, Train: 0.9945, Valid: 0.9441, Test: 0.9300
Run: 01, Epoch: 98, Loss: 0.0002, lr: 0.000040, Train: 0.9946, Valid: 0.9441, Test: 0.9299
Run: 01, Epoch: 99, Loss: 0.0002, lr: 0.000040, Train: 0.9946, Valid: 0.9440, Test: 0.9299
Run: 01, Epoch: 100, Loss: 0.0002, lr: 0.000040, Train: 0.9946, Valid: 0.9439, Test: 0.9299
Run 01:
Highest Train: 0.99
Highest Valid: 0.95
  Final Train: 0.99
   Final Test: 0.93
Run: 02, Epoch: 01, Loss: 0.0485, lr: 0.001000, Train: 0.0845, Valid: -0.1422, Test: -0.0220
Run: 02, Epoch: 02, Loss: 0.0166, lr: 0.001000, Train: 0.4240, Valid: 0.1558, Test: 0.3343
Run: 02, Epoch: 03, Loss: 0.0084, lr: 0.001000, Train: 0.6083, Valid: 0.3862, Test: 0.5932
Run: 02, Epoch: 04, Loss: 0.0086, lr: 0.001000, Train: 0.7011, Valid: 0.4955, Test: 0.6893
Run: 02, Epoch: 05, Loss: 0.0059, lr: 0.001000, Train: 0.7728, Valid: 0.6448, Test: 0.7582
Run: 02, Epoch: 06, Loss: 0.0047, lr: 0.001000, Train: 0.8411, Valid: 0.7706, Test: 0.8428
Run: 02, Epoch: 07, Loss: 0.0037, lr: 0.001000, Train: 0.8178, Valid: 0.6436, Test: 0.8140
Run: 02, Epoch: 08, Loss: 0.0025, lr: 0.001000, Train: 0.6436, Valid: 0.2094, Test: 0.6258
Run: 02, Epoch: 09, Loss: 0.0032, lr: 0.001000, Train: 0.4713, Valid: -0.1762, Test: 0.4772
Run: 02, Epoch: 10, Loss: 0.0023, lr: 0.001000, Train: 0.4255, Valid: -0.2743, Test: 0.4628
Run: 02, Epoch: 11, Loss: 0.0022, lr: 0.001000, Train: 0.5324, Valid: -0.0707, Test: 0.5616
Run: 02, Epoch: 12, Loss: 0.0020, lr: 0.001000, Train: 0.6931, Valid: 0.2227, Test: 0.6861
Run: 02, Epoch: 13, Loss: 0.0016, lr: 0.000700, Train: 0.8012, Valid: 0.4248, Test: 0.7723
Run: 02, Epoch: 14, Loss: 0.0015, lr: 0.000700, Train: 0.8475, Valid: 0.5418, Test: 0.8207
Run: 02, Epoch: 15, Loss: 0.0016, lr: 0.000700, Train: 0.8771, Valid: 0.6090, Test: 0.8507
Run: 02, Epoch: 16, Loss: 0.0015, lr: 0.000700, Train: 0.9083, Valid: 0.6583, Test: 0.8729
Run: 02, Epoch: 17, Loss: 0.0013, lr: 0.000700, Train: 0.9293, Valid: 0.7017, Test: 0.8840
Run: 02, Epoch: 18, Loss: 0.0012, lr: 0.000700, Train: 0.9430, Valid: 0.7382, Test: 0.8851
Run: 02, Epoch: 19, Loss: 0.0012, lr: 0.000490, Train: 0.9522, Valid: 0.7591, Test: 0.8822
Run: 02, Epoch: 20, Loss: 0.0011, lr: 0.000490, Train: 0.9562, Valid: 0.7671, Test: 0.8807
Run: 02, Epoch: 21, Loss: 0.0010, lr: 0.000490, Train: 0.9536, Valid: 0.7663, Test: 0.8814
Run: 02, Epoch: 22, Loss: 0.0010, lr: 0.000490, Train: 0.9508, Valid: 0.7584, Test: 0.8844
Run: 02, Epoch: 23, Loss: 0.0010, lr: 0.000490, Train: 0.9537, Valid: 0.7485, Test: 0.8878
Run: 02, Epoch: 24, Loss: 0.0010, lr: 0.000490, Train: 0.9602, Valid: 0.7387, Test: 0.8898
Run: 02, Epoch: 25, Loss: 0.0009, lr: 0.000343, Train: 0.9646, Valid: 0.7342, Test: 0.8897
Run: 02, Epoch: 26, Loss: 0.0008, lr: 0.000343, Train: 0.9668, Valid: 0.7316, Test: 0.8886
Run: 02, Epoch: 27, Loss: 0.0008, lr: 0.000343, Train: 0.9678, Valid: 0.7302, Test: 0.8870
Run: 02, Epoch: 28, Loss: 0.0008, lr: 0.000343, Train: 0.9688, Valid: 0.7309, Test: 0.8858
Run: 02, Epoch: 29, Loss: 0.0008, lr: 0.000343, Train: 0.9697, Valid: 0.7330, Test: 0.8853
Run: 02, Epoch: 30, Loss: 0.0008, lr: 0.000343, Train: 0.9705, Valid: 0.7357, Test: 0.8857
Run: 02, Epoch: 31, Loss: 0.0007, lr: 0.000240, Train: 0.9717, Valid: 0.7384, Test: 0.8861
Run: 02, Epoch: 32, Loss: 0.0007, lr: 0.000240, Train: 0.9733, Valid: 0.7404, Test: 0.8869
Run: 02, Epoch: 33, Loss: 0.0007, lr: 0.000240, Train: 0.9751, Valid: 0.7422, Test: 0.8879
Run: 02, Epoch: 34, Loss: 0.0007, lr: 0.000240, Train: 0.9767, Valid: 0.7443, Test: 0.8886
Run: 02, Epoch: 35, Loss: 0.0007, lr: 0.000240, Train: 0.9780, Valid: 0.7471, Test: 0.8890
Run: 02, Epoch: 36, Loss: 0.0007, lr: 0.000240, Train: 0.9790, Valid: 0.7508, Test: 0.8892
Run: 02, Epoch: 37, Loss: 0.0007, lr: 0.000168, Train: 0.9799, Valid: 0.7548, Test: 0.8893
Run: 02, Epoch: 38, Loss: 0.0007, lr: 0.000168, Train: 0.9806, Valid: 0.7589, Test: 0.8895
Run: 02, Epoch: 39, Loss: 0.0006, lr: 0.000168, Train: 0.9812, Valid: 0.7626, Test: 0.8898
Run: 02, Epoch: 40, Loss: 0.0006, lr: 0.000168, Train: 0.9816, Valid: 0.7657, Test: 0.8903
Run: 02, Epoch: 41, Loss: 0.0006, lr: 0.000168, Train: 0.9819, Valid: 0.7681, Test: 0.8912
Run: 02, Epoch: 42, Loss: 0.0006, lr: 0.000168, Train: 0.9822, Valid: 0.7696, Test: 0.8922
Run: 02, Epoch: 43, Loss: 0.0006, lr: 0.000118, Train: 0.9826, Valid: 0.7708, Test: 0.8931
Run: 02, Epoch: 44, Loss: 0.0006, lr: 0.000118, Train: 0.9830, Valid: 0.7715, Test: 0.8939
Run: 02, Epoch: 45, Loss: 0.0006, lr: 0.000118, Train: 0.9834, Valid: 0.7720, Test: 0.8946
Run: 02, Epoch: 46, Loss: 0.0006, lr: 0.000118, Train: 0.9838, Valid: 0.7724, Test: 0.8952
Run: 02, Epoch: 47, Loss: 0.0006, lr: 0.000118, Train: 0.9841, Valid: 0.7727, Test: 0.8955
Run: 02, Epoch: 48, Loss: 0.0006, lr: 0.000118, Train: 0.9844, Valid: 0.7731, Test: 0.8956
Run: 02, Epoch: 49, Loss: 0.0006, lr: 0.000118, Train: 0.9847, Valid: 0.7737, Test: 0.8955
Run: 02, Epoch: 50, Loss: 0.0006, lr: 0.000118, Train: 0.9849, Valid: 0.7745, Test: 0.8953
Run: 02, Epoch: 51, Loss: 0.0006, lr: 0.000118, Train: 0.9852, Valid: 0.7754, Test: 0.8950
Run: 02, Epoch: 52, Loss: 0.0006, lr: 0.000118, Train: 0.9854, Valid: 0.7764, Test: 0.8947
Run: 02, Epoch: 53, Loss: 0.0006, lr: 0.000118, Train: 0.9856, Valid: 0.7773, Test: 0.8944
Run: 02, Epoch: 54, Loss: 0.0005, lr: 0.000118, Train: 0.9858, Valid: 0.7780, Test: 0.8943
Run: 02, Epoch: 55, Loss: 0.0005, lr: 0.000118, Train: 0.9859, Valid: 0.7786, Test: 0.8943
Run: 02, Epoch: 56, Loss: 0.0005, lr: 0.000118, Train: 0.9861, Valid: 0.7790, Test: 0.8945
Run: 02, Epoch: 57, Loss: 0.0005, lr: 0.000118, Train: 0.9862, Valid: 0.7793, Test: 0.8949
Run: 02, Epoch: 58, Loss: 0.0005, lr: 0.000118, Train: 0.9864, Valid: 0.7794, Test: 0.8953
Run: 02, Epoch: 59, Loss: 0.0005, lr: 0.000118, Train: 0.9865, Valid: 0.7795, Test: 0.8956
Run: 02, Epoch: 60, Loss: 0.0005, lr: 0.000118, Train: 0.9867, Valid: 0.7795, Test: 0.8959
Run: 02, Epoch: 61, Loss: 0.0005, lr: 0.000118, Train: 0.9868, Valid: 0.7796, Test: 0.8959
Run: 02, Epoch: 62, Loss: 0.0005, lr: 0.000118, Train: 0.9869, Valid: 0.7796, Test: 0.8958
Run: 02, Epoch: 63, Loss: 0.0005, lr: 0.000118, Train: 0.9871, Valid: 0.7797, Test: 0.8956
Run: 02, Epoch: 64, Loss: 0.0005, lr: 0.000118, Train: 0.9872, Valid: 0.7798, Test: 0.8953
Run: 02, Epoch: 65, Loss: 0.0005, lr: 0.000118, Train: 0.9873, Valid: 0.7798, Test: 0.8952
Run: 02, Epoch: 66, Loss: 0.0005, lr: 0.000118, Train: 0.9874, Valid: 0.7798, Test: 0.8952
Run: 02, Epoch: 67, Loss: 0.0005, lr: 0.000118, Train: 0.9875, Valid: 0.7797, Test: 0.8954
Run: 02, Epoch: 68, Loss: 0.0005, lr: 0.000118, Train: 0.9876, Valid: 0.7795, Test: 0.8956
Run: 02, Epoch: 69, Loss: 0.0005, lr: 0.000118, Train: 0.9877, Valid: 0.7793, Test: 0.8959
Run: 02, Epoch: 70, Loss: 0.0005, lr: 0.000118, Train: 0.9878, Valid: 0.7792, Test: 0.8962
Run: 02, Epoch: 71, Loss: 0.0005, lr: 0.000082, Train: 0.9879, Valid: 0.7794, Test: 0.8963
Run: 02, Epoch: 72, Loss: 0.0005, lr: 0.000082, Train: 0.9880, Valid: 0.7796, Test: 0.8963
Run: 02, Epoch: 73, Loss: 0.0005, lr: 0.000082, Train: 0.9880, Valid: 0.7799, Test: 0.8962
Run: 02, Epoch: 74, Loss: 0.0005, lr: 0.000082, Train: 0.9881, Valid: 0.7801, Test: 0.8961
Run: 02, Epoch: 75, Loss: 0.0005, lr: 0.000082, Train: 0.9882, Valid: 0.7803, Test: 0.8960
Run: 02, Epoch: 76, Loss: 0.0005, lr: 0.000082, Train: 0.9883, Valid: 0.7804, Test: 0.8959
Run: 02, Epoch: 77, Loss: 0.0004, lr: 0.000082, Train: 0.9884, Valid: 0.7804, Test: 0.8958
Run: 02, Epoch: 78, Loss: 0.0004, lr: 0.000082, Train: 0.9884, Valid: 0.7804, Test: 0.8957
Run: 02, Epoch: 79, Loss: 0.0004, lr: 0.000082, Train: 0.9885, Valid: 0.7803, Test: 0.8957
Run: 02, Epoch: 80, Loss: 0.0004, lr: 0.000082, Train: 0.9886, Valid: 0.7802, Test: 0.8957
Run: 02, Epoch: 81, Loss: 0.0004, lr: 0.000082, Train: 0.9887, Valid: 0.7801, Test: 0.8958
Run: 02, Epoch: 82, Loss: 0.0004, lr: 0.000082, Train: 0.9887, Valid: 0.7800, Test: 0.8959
Run: 02, Epoch: 83, Loss: 0.0004, lr: 0.000058, Train: 0.9888, Valid: 0.7801, Test: 0.8959
Run: 02, Epoch: 84, Loss: 0.0004, lr: 0.000058, Train: 0.9888, Valid: 0.7802, Test: 0.8959
Run: 02, Epoch: 85, Loss: 0.0004, lr: 0.000058, Train: 0.9889, Valid: 0.7804, Test: 0.8959
Run: 02, Epoch: 86, Loss: 0.0004, lr: 0.000058, Train: 0.9890, Valid: 0.7805, Test: 0.8959
Run: 02, Epoch: 87, Loss: 0.0004, lr: 0.000058, Train: 0.9890, Valid: 0.7807, Test: 0.8959
Run: 02, Epoch: 88, Loss: 0.0004, lr: 0.000058, Train: 0.9891, Valid: 0.7808, Test: 0.8958
Run: 02, Epoch: 89, Loss: 0.0004, lr: 0.000058, Train: 0.9891, Valid: 0.7810, Test: 0.8958
Run: 02, Epoch: 90, Loss: 0.0004, lr: 0.000058, Train: 0.9892, Valid: 0.7812, Test: 0.8958
Run: 02, Epoch: 91, Loss: 0.0004, lr: 0.000058, Train: 0.9892, Valid: 0.7814, Test: 0.8958
Run: 02, Epoch: 92, Loss: 0.0004, lr: 0.000058, Train: 0.9893, Valid: 0.7815, Test: 0.8959
Run: 02, Epoch: 93, Loss: 0.0004, lr: 0.000058, Train: 0.9893, Valid: 0.7815, Test: 0.8959
Run: 02, Epoch: 94, Loss: 0.0004, lr: 0.000058, Train: 0.9894, Valid: 0.7816, Test: 0.8959
Run: 02, Epoch: 95, Loss: 0.0004, lr: 0.000058, Train: 0.9894, Valid: 0.7816, Test: 0.8959
Run: 02, Epoch: 96, Loss: 0.0004, lr: 0.000058, Train: 0.9895, Valid: 0.7816, Test: 0.8959
Run: 02, Epoch: 97, Loss: 0.0004, lr: 0.000058, Train: 0.9895, Valid: 0.7815, Test: 0.8960
Run: 02, Epoch: 98, Loss: 0.0004, lr: 0.000058, Train: 0.9896, Valid: 0.7815, Test: 0.8961
Run: 02, Epoch: 99, Loss: 0.0004, lr: 0.000058, Train: 0.9896, Valid: 0.7815, Test: 0.8962
Run: 02, Epoch: 100, Loss: 0.0004, lr: 0.000040, Train: 0.9897, Valid: 0.7816, Test: 0.8962
Run 02:
Highest Train: 0.99
Highest Valid: 0.78
  Final Train: 0.99
   Final Test: 0.90
Run: 03, Epoch: 01, Loss: 0.0483, lr: 0.001000, Train: 0.3025, Valid: 0.1531, Test: 0.0856
Run: 03, Epoch: 02, Loss: 0.0137, lr: 0.001000, Train: 0.5006, Valid: 0.4235, Test: 0.1098
Run: 03, Epoch: 03, Loss: 0.0106, lr: 0.001000, Train: 0.6512, Valid: 0.5195, Test: 0.2419
Run: 03, Epoch: 04, Loss: 0.0067, lr: 0.001000, Train: 0.5345, Valid: 0.4413, Test: 0.0353
Run: 03, Epoch: 05, Loss: 0.0051, lr: 0.001000, Train: 0.5111, Valid: 0.4493, Test: -0.0052
Run: 03, Epoch: 06, Loss: 0.0045, lr: 0.001000, Train: 0.5835, Valid: 0.5441, Test: 0.0759
Run: 03, Epoch: 07, Loss: 0.0031, lr: 0.001000, Train: 0.6541, Valid: 0.6520, Test: 0.1824
Run: 03, Epoch: 08, Loss: 0.0034, lr: 0.001000, Train: 0.7428, Valid: 0.7099, Test: 0.3377
Run: 03, Epoch: 09, Loss: 0.0026, lr: 0.001000, Train: 0.7399, Valid: 0.7043, Test: 0.3702
Run: 03, Epoch: 10, Loss: 0.0022, lr: 0.001000, Train: 0.6991, Valid: 0.6846, Test: 0.3224
Run: 03, Epoch: 11, Loss: 0.0022, lr: 0.001000, Train: 0.6864, Valid: 0.6876, Test: 0.3012
Run: 03, Epoch: 12, Loss: 0.0021, lr: 0.001000, Train: 0.7222, Valid: 0.7351, Test: 0.3524
Run: 03, Epoch: 13, Loss: 0.0019, lr: 0.001000, Train: 0.7835, Valid: 0.8044, Test: 0.4606
Run: 03, Epoch: 14, Loss: 0.0018, lr: 0.001000, Train: 0.8443, Valid: 0.8559, Test: 0.5826
Run: 03, Epoch: 15, Loss: 0.0016, lr: 0.001000, Train: 0.8780, Valid: 0.8772, Test: 0.6566
Run: 03, Epoch: 16, Loss: 0.0014, lr: 0.001000, Train: 0.8780, Valid: 0.8726, Test: 0.6595
Run: 03, Epoch: 17, Loss: 0.0013, lr: 0.001000, Train: 0.8598, Valid: 0.8508, Test: 0.6164
Run: 03, Epoch: 18, Loss: 0.0012, lr: 0.001000, Train: 0.8394, Valid: 0.8298, Test: 0.5728
Run: 03, Epoch: 19, Loss: 0.0012, lr: 0.001000, Train: 0.8346, Valid: 0.8306, Test: 0.5647
Run: 03, Epoch: 20, Loss: 0.0012, lr: 0.001000, Train: 0.8560, Valid: 0.8544, Test: 0.6051
Run: 03, Epoch: 21, Loss: 0.0011, lr: 0.001000, Train: 0.8881, Valid: 0.8852, Test: 0.6695
Run: 03, Epoch: 22, Loss: 0.0010, lr: 0.001000, Train: 0.9065, Valid: 0.9023, Test: 0.7126
Run: 03, Epoch: 23, Loss: 0.0009, lr: 0.001000, Train: 0.9048, Valid: 0.9004, Test: 0.7128
Run: 03, Epoch: 24, Loss: 0.0009, lr: 0.001000, Train: 0.8887, Valid: 0.8834, Test: 0.6842
Run: 03, Epoch: 25, Loss: 0.0007, lr: 0.001000, Train: 0.8738, Valid: 0.8653, Test: 0.6616
Run: 03, Epoch: 26, Loss: 0.0008, lr: 0.001000, Train: 0.8806, Valid: 0.8642, Test: 0.6757
Run: 03, Epoch: 27, Loss: 0.0008, lr: 0.001000, Train: 0.9071, Valid: 0.8798, Test: 0.7235
Run: 03, Epoch: 28, Loss: 0.0007, lr: 0.001000, Train: 0.9320, Valid: 0.8969, Test: 0.7734
Run: 03, Epoch: 29, Loss: 0.0006, lr: 0.000700, Train: 0.9446, Valid: 0.9030, Test: 0.8023
Run: 03, Epoch: 30, Loss: 0.0006, lr: 0.000700, Train: 0.9502, Valid: 0.9025, Test: 0.8162
Run: 03, Epoch: 31, Loss: 0.0006, lr: 0.000700, Train: 0.9523, Valid: 0.8981, Test: 0.8230
Run: 03, Epoch: 32, Loss: 0.0005, lr: 0.000700, Train: 0.9555, Valid: 0.8946, Test: 0.8310
Run: 03, Epoch: 33, Loss: 0.0005, lr: 0.000700, Train: 0.9614, Valid: 0.8955, Test: 0.8445
Run: 03, Epoch: 34, Loss: 0.0005, lr: 0.000700, Train: 0.9684, Valid: 0.9009, Test: 0.8608
Run: 03, Epoch: 35, Loss: 0.0005, lr: 0.000700, Train: 0.9746, Valid: 0.9068, Test: 0.8750
Run: 03, Epoch: 36, Loss: 0.0005, lr: 0.000700, Train: 0.9782, Valid: 0.9099, Test: 0.8829
Run: 03, Epoch: 37, Loss: 0.0004, lr: 0.000700, Train: 0.9793, Valid: 0.9097, Test: 0.8835
Run: 03, Epoch: 38, Loss: 0.0004, lr: 0.000700, Train: 0.9797, Valid: 0.9077, Test: 0.8805
Run: 03, Epoch: 39, Loss: 0.0004, lr: 0.000700, Train: 0.9809, Valid: 0.9059, Test: 0.8787
Run: 03, Epoch: 40, Loss: 0.0004, lr: 0.000700, Train: 0.9828, Valid: 0.9051, Test: 0.8795
Run: 03, Epoch: 41, Loss: 0.0003, lr: 0.000700, Train: 0.9849, Valid: 0.9051, Test: 0.8821
Run: 03, Epoch: 42, Loss: 0.0003, lr: 0.000700, Train: 0.9865, Valid: 0.9049, Test: 0.8848
Run: 03, Epoch: 43, Loss: 0.0003, lr: 0.000490, Train: 0.9873, Valid: 0.9046, Test: 0.8861
Run: 03, Epoch: 44, Loss: 0.0003, lr: 0.000490, Train: 0.9877, Valid: 0.9045, Test: 0.8867
Run: 03, Epoch: 45, Loss: 0.0003, lr: 0.000490, Train: 0.9884, Valid: 0.9043, Test: 0.8876
Run: 03, Epoch: 46, Loss: 0.0003, lr: 0.000490, Train: 0.9895, Valid: 0.9041, Test: 0.8888
Run: 03, Epoch: 47, Loss: 0.0003, lr: 0.000490, Train: 0.9905, Valid: 0.9041, Test: 0.8901
Run: 03, Epoch: 48, Loss: 0.0003, lr: 0.000490, Train: 0.9914, Valid: 0.9038, Test: 0.8912
Run: 03, Epoch: 49, Loss: 0.0003, lr: 0.000343, Train: 0.9919, Valid: 0.9033, Test: 0.8916
Run: 03, Epoch: 50, Loss: 0.0002, lr: 0.000343, Train: 0.9922, Valid: 0.9025, Test: 0.8915
Run: 03, Epoch: 51, Loss: 0.0002, lr: 0.000343, Train: 0.9924, Valid: 0.9013, Test: 0.8910
Run: 03, Epoch: 52, Loss: 0.0002, lr: 0.000343, Train: 0.9927, Valid: 0.8999, Test: 0.8903
Run: 03, Epoch: 53, Loss: 0.0002, lr: 0.000343, Train: 0.9931, Valid: 0.8988, Test: 0.8898
Run: 03, Epoch: 54, Loss: 0.0002, lr: 0.000343, Train: 0.9933, Valid: 0.8981, Test: 0.8895
Run: 03, Epoch: 55, Loss: 0.0002, lr: 0.000240, Train: 0.9935, Valid: 0.8977, Test: 0.8894
Run: 03, Epoch: 56, Loss: 0.0002, lr: 0.000240, Train: 0.9936, Valid: 0.8974, Test: 0.8895
Run: 03, Epoch: 57, Loss: 0.0002, lr: 0.000240, Train: 0.9938, Valid: 0.8971, Test: 0.8898
Run: 03, Epoch: 58, Loss: 0.0002, lr: 0.000240, Train: 0.9939, Valid: 0.8966, Test: 0.8901
Run: 03, Epoch: 59, Loss: 0.0002, lr: 0.000240, Train: 0.9940, Valid: 0.8958, Test: 0.8901
Run: 03, Epoch: 60, Loss: 0.0002, lr: 0.000240, Train: 0.9941, Valid: 0.8947, Test: 0.8897
Run: 03, Epoch: 61, Loss: 0.0002, lr: 0.000168, Train: 0.9942, Valid: 0.8937, Test: 0.8892
Run: 03, Epoch: 62, Loss: 0.0002, lr: 0.000168, Train: 0.9943, Valid: 0.8928, Test: 0.8887
Run: 03, Epoch: 63, Loss: 0.0002, lr: 0.000168, Train: 0.9944, Valid: 0.8920, Test: 0.8884
Run: 03, Epoch: 64, Loss: 0.0002, lr: 0.000168, Train: 0.9945, Valid: 0.8914, Test: 0.8883
Run: 03, Epoch: 65, Loss: 0.0002, lr: 0.000168, Train: 0.9945, Valid: 0.8909, Test: 0.8883
Run: 03, Epoch: 66, Loss: 0.0002, lr: 0.000168, Train: 0.9946, Valid: 0.8905, Test: 0.8883
Run: 03, Epoch: 67, Loss: 0.0002, lr: 0.000118, Train: 0.9947, Valid: 0.8902, Test: 0.8882
Run: 03, Epoch: 68, Loss: 0.0002, lr: 0.000118, Train: 0.9948, Valid: 0.8899, Test: 0.8880
Run: 03, Epoch: 69, Loss: 0.0002, lr: 0.000118, Train: 0.9948, Valid: 0.8897, Test: 0.8878
Run: 03, Epoch: 70, Loss: 0.0002, lr: 0.000118, Train: 0.9949, Valid: 0.8897, Test: 0.8877
Run: 03, Epoch: 71, Loss: 0.0002, lr: 0.000118, Train: 0.9950, Valid: 0.8897, Test: 0.8875
Run: 03, Epoch: 72, Loss: 0.0002, lr: 0.000118, Train: 0.9950, Valid: 0.8898, Test: 0.8873
Run: 03, Epoch: 73, Loss: 0.0002, lr: 0.000082, Train: 0.9951, Valid: 0.8899, Test: 0.8872
Run: 03, Epoch: 74, Loss: 0.0002, lr: 0.000082, Train: 0.9952, Valid: 0.8900, Test: 0.8870
Run: 03, Epoch: 75, Loss: 0.0002, lr: 0.000082, Train: 0.9952, Valid: 0.8902, Test: 0.8869
Run: 03, Epoch: 76, Loss: 0.0002, lr: 0.000082, Train: 0.9953, Valid: 0.8903, Test: 0.8868
Run: 03, Epoch: 77, Loss: 0.0002, lr: 0.000082, Train: 0.9953, Valid: 0.8904, Test: 0.8866
Run: 03, Epoch: 78, Loss: 0.0002, lr: 0.000082, Train: 0.9953, Valid: 0.8904, Test: 0.8865
Run: 03, Epoch: 79, Loss: 0.0002, lr: 0.000058, Train: 0.9954, Valid: 0.8903, Test: 0.8864
Run: 03, Epoch: 80, Loss: 0.0002, lr: 0.000058, Train: 0.9954, Valid: 0.8902, Test: 0.8863
Run: 03, Epoch: 81, Loss: 0.0002, lr: 0.000058, Train: 0.9954, Valid: 0.8901, Test: 0.8861
Run: 03, Epoch: 82, Loss: 0.0002, lr: 0.000058, Train: 0.9954, Valid: 0.8899, Test: 0.8860
Run: 03, Epoch: 83, Loss: 0.0002, lr: 0.000058, Train: 0.9955, Valid: 0.8898, Test: 0.8859
Run: 03, Epoch: 84, Loss: 0.0002, lr: 0.000058, Train: 0.9955, Valid: 0.8896, Test: 0.8858
Run: 03, Epoch: 85, Loss: 0.0002, lr: 0.000040, Train: 0.9955, Valid: 0.8896, Test: 0.8858
Run: 03, Epoch: 86, Loss: 0.0002, lr: 0.000040, Train: 0.9955, Valid: 0.8895, Test: 0.8857
Run: 03, Epoch: 87, Loss: 0.0002, lr: 0.000040, Train: 0.9955, Valid: 0.8894, Test: 0.8857
Run: 03, Epoch: 88, Loss: 0.0002, lr: 0.000040, Train: 0.9956, Valid: 0.8894, Test: 0.8857
Run: 03, Epoch: 89, Loss: 0.0002, lr: 0.000040, Train: 0.9956, Valid: 0.8894, Test: 0.8857
Run: 03, Epoch: 90, Loss: 0.0002, lr: 0.000040, Train: 0.9956, Valid: 0.8894, Test: 0.8857
Run: 03, Epoch: 91, Loss: 0.0002, lr: 0.000028, Train: 0.9956, Valid: 0.8895, Test: 0.8857
Run: 03, Epoch: 92, Loss: 0.0002, lr: 0.000028, Train: 0.9956, Valid: 0.8895, Test: 0.8857
Run: 03, Epoch: 93, Loss: 0.0002, lr: 0.000028, Train: 0.9956, Valid: 0.8895, Test: 0.8857
Run: 03, Epoch: 94, Loss: 0.0002, lr: 0.000028, Train: 0.9956, Valid: 0.8896, Test: 0.8857
Run: 03, Epoch: 95, Loss: 0.0002, lr: 0.000028, Train: 0.9956, Valid: 0.8896, Test: 0.8857
Run: 03, Epoch: 96, Loss: 0.0002, lr: 0.000028, Train: 0.9957, Valid: 0.8896, Test: 0.8857
Run: 03, Epoch: 97, Loss: 0.0002, lr: 0.000020, Train: 0.9957, Valid: 0.8897, Test: 0.8856
Run: 03, Epoch: 98, Loss: 0.0002, lr: 0.000020, Train: 0.9957, Valid: 0.8897, Test: 0.8856
Run: 03, Epoch: 99, Loss: 0.0002, lr: 0.000020, Train: 0.9957, Valid: 0.8897, Test: 0.8856
Run: 03, Epoch: 100, Loss: 0.0002, lr: 0.000020, Train: 0.9957, Valid: 0.8898, Test: 0.8856
Run 03:
Highest Train: 1.00
Highest Valid: 0.91
  Final Train: 0.98
   Final Test: 0.88
Run: 04, Epoch: 01, Loss: 0.0461, lr: 0.001000, Train: 0.2898, Valid: -0.1876, Test: 0.3894
Run: 04, Epoch: 02, Loss: 0.0134, lr: 0.001000, Train: 0.2487, Valid: -0.2287, Test: 0.3721
Run: 04, Epoch: 03, Loss: 0.0077, lr: 0.001000, Train: 0.1268, Valid: -0.4795, Test: 0.2834
Run: 04, Epoch: 04, Loss: 0.0060, lr: 0.001000, Train: -0.1309, Valid: -1.1484, Test: 0.0484
Run: 04, Epoch: 05, Loss: 0.0036, lr: 0.001000, Train: -0.2782, Valid: -1.6153, Test: -0.1140
Run: 04, Epoch: 06, Loss: 0.0033, lr: 0.001000, Train: -0.0847, Valid: -1.2497, Test: 0.0556
Run: 04, Epoch: 07, Loss: 0.0029, lr: 0.001000, Train: 0.3063, Valid: -0.4124, Test: 0.4204
Run: 04, Epoch: 08, Loss: 0.0025, lr: 0.000700, Train: 0.5601, Valid: 0.1366, Test: 0.6468
Run: 04, Epoch: 09, Loss: 0.0023, lr: 0.000700, Train: 0.6822, Valid: 0.3836, Test: 0.7483
Run: 04, Epoch: 10, Loss: 0.0020, lr: 0.000700, Train: 0.7430, Valid: 0.4776, Test: 0.7934
Run: 04, Epoch: 11, Loss: 0.0018, lr: 0.000700, Train: 0.7920, Valid: 0.5365, Test: 0.8229
Run: 04, Epoch: 12, Loss: 0.0017, lr: 0.000700, Train: 0.8491, Valid: 0.6082, Test: 0.8616
Run: 04, Epoch: 13, Loss: 0.0016, lr: 0.000700, Train: 0.9016, Valid: 0.6756, Test: 0.9027
Run: 04, Epoch: 14, Loss: 0.0014, lr: 0.000700, Train: 0.9289, Valid: 0.7007, Test: 0.9214
Run: 04, Epoch: 15, Loss: 0.0013, lr: 0.000700, Train: 0.9346, Valid: 0.6875, Test: 0.9165
Run: 04, Epoch: 16, Loss: 0.0013, lr: 0.000700, Train: 0.9354, Valid: 0.6654, Test: 0.9093
Run: 04, Epoch: 17, Loss: 0.0012, lr: 0.000700, Train: 0.9383, Valid: 0.6467, Test: 0.9081
Run: 04, Epoch: 18, Loss: 0.0011, lr: 0.000700, Train: 0.9413, Valid: 0.6281, Test: 0.9075
Run: 04, Epoch: 19, Loss: 0.0010, lr: 0.000700, Train: 0.9434, Valid: 0.6150, Test: 0.9038
Run: 04, Epoch: 20, Loss: 0.0010, lr: 0.000700, Train: 0.9445, Valid: 0.6100, Test: 0.8982
Run: 04, Epoch: 21, Loss: 0.0009, lr: 0.000490, Train: 0.9449, Valid: 0.6139, Test: 0.8935
Run: 04, Epoch: 22, Loss: 0.0009, lr: 0.000490, Train: 0.9439, Valid: 0.6176, Test: 0.8871
Run: 04, Epoch: 23, Loss: 0.0008, lr: 0.000490, Train: 0.9437, Valid: 0.6218, Test: 0.8826
Run: 04, Epoch: 24, Loss: 0.0008, lr: 0.000490, Train: 0.9460, Valid: 0.6252, Test: 0.8834
Run: 04, Epoch: 25, Loss: 0.0008, lr: 0.000490, Train: 0.9501, Valid: 0.6261, Test: 0.8878
Run: 04, Epoch: 26, Loss: 0.0007, lr: 0.000490, Train: 0.9542, Valid: 0.6255, Test: 0.8920
Run: 04, Epoch: 27, Loss: 0.0007, lr: 0.000343, Train: 0.9579, Valid: 0.6325, Test: 0.8953
Run: 04, Epoch: 28, Loss: 0.0007, lr: 0.000343, Train: 0.9609, Valid: 0.6420, Test: 0.8976
Run: 04, Epoch: 29, Loss: 0.0007, lr: 0.000343, Train: 0.9634, Valid: 0.6543, Test: 0.8989
Run: 04, Epoch: 30, Loss: 0.0006, lr: 0.000343, Train: 0.9652, Valid: 0.6682, Test: 0.8995
Run: 04, Epoch: 31, Loss: 0.0006, lr: 0.000343, Train: 0.9667, Valid: 0.6819, Test: 0.9002
Run: 04, Epoch: 32, Loss: 0.0006, lr: 0.000343, Train: 0.9683, Valid: 0.6937, Test: 0.9020
Run: 04, Epoch: 33, Loss: 0.0006, lr: 0.000240, Train: 0.9707, Valid: 0.7031, Test: 0.9051
Run: 04, Epoch: 34, Loss: 0.0006, lr: 0.000240, Train: 0.9730, Valid: 0.7095, Test: 0.9083
Run: 04, Epoch: 35, Loss: 0.0006, lr: 0.000240, Train: 0.9753, Valid: 0.7134, Test: 0.9111
Run: 04, Epoch: 36, Loss: 0.0006, lr: 0.000240, Train: 0.9772, Valid: 0.7156, Test: 0.9130
Run: 04, Epoch: 37, Loss: 0.0005, lr: 0.000240, Train: 0.9788, Valid: 0.7167, Test: 0.9139
Run: 04, Epoch: 38, Loss: 0.0005, lr: 0.000240, Train: 0.9801, Valid: 0.7180, Test: 0.9139
Run: 04, Epoch: 39, Loss: 0.0005, lr: 0.000240, Train: 0.9813, Valid: 0.7203, Test: 0.9132
Run: 04, Epoch: 40, Loss: 0.0005, lr: 0.000240, Train: 0.9822, Valid: 0.7234, Test: 0.9122
Run: 04, Epoch: 41, Loss: 0.0005, lr: 0.000240, Train: 0.9830, Valid: 0.7269, Test: 0.9115
Run: 04, Epoch: 42, Loss: 0.0005, lr: 0.000240, Train: 0.9838, Valid: 0.7301, Test: 0.9115
Run: 04, Epoch: 43, Loss: 0.0005, lr: 0.000240, Train: 0.9846, Valid: 0.7327, Test: 0.9125
Run: 04, Epoch: 44, Loss: 0.0005, lr: 0.000240, Train: 0.9855, Valid: 0.7345, Test: 0.9143
Run: 04, Epoch: 45, Loss: 0.0005, lr: 0.000240, Train: 0.9862, Valid: 0.7356, Test: 0.9162
Run: 04, Epoch: 46, Loss: 0.0005, lr: 0.000240, Train: 0.9868, Valid: 0.7365, Test: 0.9180
Run: 04, Epoch: 47, Loss: 0.0004, lr: 0.000240, Train: 0.9873, Valid: 0.7377, Test: 0.9191
Run: 04, Epoch: 48, Loss: 0.0004, lr: 0.000240, Train: 0.9877, Valid: 0.7395, Test: 0.9196
Run: 04, Epoch: 49, Loss: 0.0004, lr: 0.000240, Train: 0.9880, Valid: 0.7419, Test: 0.9194
Run: 04, Epoch: 50, Loss: 0.0004, lr: 0.000240, Train: 0.9882, Valid: 0.7444, Test: 0.9190
Run: 04, Epoch: 51, Loss: 0.0004, lr: 0.000240, Train: 0.9884, Valid: 0.7468, Test: 0.9188
Run: 04, Epoch: 52, Loss: 0.0004, lr: 0.000240, Train: 0.9886, Valid: 0.7484, Test: 0.9189
Run: 04, Epoch: 53, Loss: 0.0004, lr: 0.000240, Train: 0.9889, Valid: 0.7492, Test: 0.9196
Run: 04, Epoch: 54, Loss: 0.0004, lr: 0.000240, Train: 0.9892, Valid: 0.7492, Test: 0.9204
Run: 04, Epoch: 55, Loss: 0.0004, lr: 0.000240, Train: 0.9895, Valid: 0.7486, Test: 0.9211
Run: 04, Epoch: 56, Loss: 0.0004, lr: 0.000240, Train: 0.9897, Valid: 0.7480, Test: 0.9215
Run: 04, Epoch: 57, Loss: 0.0004, lr: 0.000240, Train: 0.9900, Valid: 0.7479, Test: 0.9214
Run: 04, Epoch: 58, Loss: 0.0004, lr: 0.000240, Train: 0.9901, Valid: 0.7484, Test: 0.9212
Run: 04, Epoch: 59, Loss: 0.0004, lr: 0.000240, Train: 0.9903, Valid: 0.7491, Test: 0.9210
Run: 04, Epoch: 60, Loss: 0.0004, lr: 0.000168, Train: 0.9905, Valid: 0.7496, Test: 0.9212
Run: 04, Epoch: 61, Loss: 0.0003, lr: 0.000168, Train: 0.9906, Valid: 0.7500, Test: 0.9216
Run: 04, Epoch: 62, Loss: 0.0003, lr: 0.000168, Train: 0.9908, Valid: 0.7501, Test: 0.9220
Run: 04, Epoch: 63, Loss: 0.0003, lr: 0.000168, Train: 0.9909, Valid: 0.7501, Test: 0.9225
Run: 04, Epoch: 64, Loss: 0.0003, lr: 0.000168, Train: 0.9910, Valid: 0.7500, Test: 0.9228
Run: 04, Epoch: 65, Loss: 0.0003, lr: 0.000168, Train: 0.9912, Valid: 0.7501, Test: 0.9229
Run: 04, Epoch: 66, Loss: 0.0003, lr: 0.000168, Train: 0.9913, Valid: 0.7503, Test: 0.9228
Run: 04, Epoch: 67, Loss: 0.0003, lr: 0.000168, Train: 0.9914, Valid: 0.7506, Test: 0.9227
Run: 04, Epoch: 68, Loss: 0.0003, lr: 0.000168, Train: 0.9915, Valid: 0.7511, Test: 0.9226
Run: 04, Epoch: 69, Loss: 0.0003, lr: 0.000168, Train: 0.9916, Valid: 0.7516, Test: 0.9226
Run: 04, Epoch: 70, Loss: 0.0003, lr: 0.000168, Train: 0.9917, Valid: 0.7519, Test: 0.9227
Run: 04, Epoch: 71, Loss: 0.0003, lr: 0.000168, Train: 0.9918, Valid: 0.7521, Test: 0.9230
Run: 04, Epoch: 72, Loss: 0.0003, lr: 0.000168, Train: 0.9919, Valid: 0.7520, Test: 0.9232
Run: 04, Epoch: 73, Loss: 0.0003, lr: 0.000168, Train: 0.9920, Valid: 0.7517, Test: 0.9232
Run: 04, Epoch: 74, Loss: 0.0003, lr: 0.000168, Train: 0.9921, Valid: 0.7512, Test: 0.9230
Run: 04, Epoch: 75, Loss: 0.0003, lr: 0.000168, Train: 0.9921, Valid: 0.7505, Test: 0.9227
Run: 04, Epoch: 76, Loss: 0.0003, lr: 0.000168, Train: 0.9922, Valid: 0.7500, Test: 0.9225
Run: 04, Epoch: 77, Loss: 0.0003, lr: 0.000168, Train: 0.9923, Valid: 0.7498, Test: 0.9224
Run: 04, Epoch: 78, Loss: 0.0003, lr: 0.000118, Train: 0.9924, Valid: 0.7499, Test: 0.9225
Run: 04, Epoch: 79, Loss: 0.0003, lr: 0.000118, Train: 0.9924, Valid: 0.7500, Test: 0.9227
Run: 04, Epoch: 80, Loss: 0.0003, lr: 0.000118, Train: 0.9925, Valid: 0.7501, Test: 0.9229
Run: 04, Epoch: 81, Loss: 0.0003, lr: 0.000118, Train: 0.9926, Valid: 0.7501, Test: 0.9230
Run: 04, Epoch: 82, Loss: 0.0003, lr: 0.000118, Train: 0.9926, Valid: 0.7500, Test: 0.9231
Run: 04, Epoch: 83, Loss: 0.0003, lr: 0.000118, Train: 0.9927, Valid: 0.7498, Test: 0.9232
Run: 04, Epoch: 84, Loss: 0.0003, lr: 0.000082, Train: 0.9927, Valid: 0.7496, Test: 0.9232
Run: 04, Epoch: 85, Loss: 0.0003, lr: 0.000082, Train: 0.9928, Valid: 0.7492, Test: 0.9233
Run: 04, Epoch: 86, Loss: 0.0003, lr: 0.000082, Train: 0.9928, Valid: 0.7489, Test: 0.9233
Run: 04, Epoch: 87, Loss: 0.0003, lr: 0.000082, Train: 0.9928, Valid: 0.7488, Test: 0.9234
Run: 04, Epoch: 88, Loss: 0.0003, lr: 0.000082, Train: 0.9929, Valid: 0.7487, Test: 0.9236
Run: 04, Epoch: 89, Loss: 0.0003, lr: 0.000082, Train: 0.9929, Valid: 0.7487, Test: 0.9237
Run: 04, Epoch: 90, Loss: 0.0003, lr: 0.000058, Train: 0.9930, Valid: 0.7485, Test: 0.9237
Run: 04, Epoch: 91, Loss: 0.0003, lr: 0.000058, Train: 0.9930, Valid: 0.7484, Test: 0.9238
Run: 04, Epoch: 92, Loss: 0.0003, lr: 0.000058, Train: 0.9930, Valid: 0.7484, Test: 0.9238
Run: 04, Epoch: 93, Loss: 0.0003, lr: 0.000058, Train: 0.9931, Valid: 0.7483, Test: 0.9238
Run: 04, Epoch: 94, Loss: 0.0003, lr: 0.000058, Train: 0.9931, Valid: 0.7483, Test: 0.9237
Run: 04, Epoch: 95, Loss: 0.0003, lr: 0.000058, Train: 0.9931, Valid: 0.7482, Test: 0.9237
Run: 04, Epoch: 96, Loss: 0.0003, lr: 0.000040, Train: 0.9931, Valid: 0.7480, Test: 0.9237
Run: 04, Epoch: 97, Loss: 0.0003, lr: 0.000040, Train: 0.9932, Valid: 0.7478, Test: 0.9236
Run: 04, Epoch: 98, Loss: 0.0003, lr: 0.000040, Train: 0.9932, Valid: 0.7477, Test: 0.9236
Run: 04, Epoch: 99, Loss: 0.0003, lr: 0.000040, Train: 0.9932, Valid: 0.7476, Test: 0.9236
Run: 04, Epoch: 100, Loss: 0.0003, lr: 0.000040, Train: 0.9932, Valid: 0.7474, Test: 0.9237
Run 04:
Highest Train: 0.99
Highest Valid: 0.75
  Final Train: 0.99
   Final Test: 0.92
Run: 05, Epoch: 01, Loss: 0.0422, lr: 0.001000, Train: 0.3704, Valid: -0.1553, Test: -0.4320
Run: 05, Epoch: 02, Loss: 0.0127, lr: 0.001000, Train: 0.5157, Valid: -0.0513, Test: -0.4217
Run: 05, Epoch: 03, Loss: 0.0093, lr: 0.001000, Train: 0.5381, Valid: 0.0378, Test: -0.4552
Run: 05, Epoch: 04, Loss: 0.0061, lr: 0.001000, Train: 0.4655, Valid: -0.0375, Test: -0.7653
Run: 05, Epoch: 05, Loss: 0.0035, lr: 0.001000, Train: 0.2972, Valid: -0.1870, Test: -1.1362
Run: 05, Epoch: 06, Loss: 0.0050, lr: 0.001000, Train: 0.3436, Valid: -0.1370, Test: -1.2140
Run: 05, Epoch: 07, Loss: 0.0026, lr: 0.001000, Train: 0.4013, Valid: -0.0353, Test: -1.0182
Run: 05, Epoch: 08, Loss: 0.0032, lr: 0.001000, Train: 0.4763, Valid: 0.0260, Test: -0.8356
Run: 05, Epoch: 09, Loss: 0.0027, lr: 0.001000, Train: 0.4471, Valid: 0.0003, Test: -0.8390
Run: 05, Epoch: 10, Loss: 0.0020, lr: 0.000700, Train: 0.3797, Valid: 0.0126, Test: -0.8388
Run: 05, Epoch: 11, Loss: 0.0020, lr: 0.000700, Train: 0.3609, Valid: 0.0516, Test: -0.8632
Run: 05, Epoch: 12, Loss: 0.0017, lr: 0.000700, Train: 0.4135, Valid: 0.1295, Test: -0.8007
Run: 05, Epoch: 13, Loss: 0.0015, lr: 0.000700, Train: 0.5017, Valid: 0.2299, Test: -0.6028
Run: 05, Epoch: 14, Loss: 0.0017, lr: 0.000700, Train: 0.6051, Valid: 0.3275, Test: -0.3187
Run: 05, Epoch: 15, Loss: 0.0016, lr: 0.000700, Train: 0.7023, Valid: 0.4047, Test: -0.0399
Run: 05, Epoch: 16, Loss: 0.0014, lr: 0.000700, Train: 0.7665, Valid: 0.4547, Test: 0.1646
Run: 05, Epoch: 17, Loss: 0.0012, lr: 0.000700, Train: 0.7953, Valid: 0.4867, Test: 0.2867
Run: 05, Epoch: 18, Loss: 0.0013, lr: 0.000700, Train: 0.8170, Valid: 0.5168, Test: 0.3496
Run: 05, Epoch: 19, Loss: 0.0013, lr: 0.000700, Train: 0.8441, Valid: 0.5509, Test: 0.3885
Run: 05, Epoch: 20, Loss: 0.0011, lr: 0.000700, Train: 0.8636, Valid: 0.5876, Test: 0.4239
Run: 05, Epoch: 21, Loss: 0.0010, lr: 0.000700, Train: 0.8761, Valid: 0.6253, Test: 0.4713
Run: 05, Epoch: 22, Loss: 0.0011, lr: 0.000700, Train: 0.8928, Valid: 0.6607, Test: 0.5320
Run: 05, Epoch: 23, Loss: 0.0010, lr: 0.000700, Train: 0.9101, Valid: 0.6895, Test: 0.5936
Run: 05, Epoch: 24, Loss: 0.0009, lr: 0.000700, Train: 0.9188, Valid: 0.7100, Test: 0.6420
Run: 05, Epoch: 25, Loss: 0.0009, lr: 0.000700, Train: 0.9232, Valid: 0.7237, Test: 0.6722
Run: 05, Epoch: 26, Loss: 0.0009, lr: 0.000700, Train: 0.9320, Valid: 0.7332, Test: 0.6893
Run: 05, Epoch: 27, Loss: 0.0008, lr: 0.000700, Train: 0.9416, Valid: 0.7400, Test: 0.6997
Run: 05, Epoch: 28, Loss: 0.0007, lr: 0.000700, Train: 0.9474, Valid: 0.7435, Test: 0.7091
Run: 05, Epoch: 29, Loss: 0.0007, lr: 0.000700, Train: 0.9525, Valid: 0.7457, Test: 0.7211
Run: 05, Epoch: 30, Loss: 0.0008, lr: 0.000700, Train: 0.9587, Valid: 0.7491, Test: 0.7371
Run: 05, Epoch: 31, Loss: 0.0007, lr: 0.000700, Train: 0.9628, Valid: 0.7558, Test: 0.7562
Run: 05, Epoch: 32, Loss: 0.0007, lr: 0.000700, Train: 0.9649, Valid: 0.7663, Test: 0.7756
Run: 05, Epoch: 33, Loss: 0.0007, lr: 0.000700, Train: 0.9689, Valid: 0.7801, Test: 0.7942
Run: 05, Epoch: 34, Loss: 0.0006, lr: 0.000700, Train: 0.9736, Valid: 0.7948, Test: 0.8093
Run: 05, Epoch: 35, Loss: 0.0006, lr: 0.000700, Train: 0.9755, Valid: 0.8073, Test: 0.8196
Run: 05, Epoch: 36, Loss: 0.0006, lr: 0.000700, Train: 0.9766, Valid: 0.8157, Test: 0.8266
Run: 05, Epoch: 37, Loss: 0.0006, lr: 0.000700, Train: 0.9792, Valid: 0.8197, Test: 0.8328
Run: 05, Epoch: 38, Loss: 0.0005, lr: 0.000700, Train: 0.9817, Valid: 0.8201, Test: 0.8379
Run: 05, Epoch: 39, Loss: 0.0005, lr: 0.000700, Train: 0.9829, Valid: 0.8185, Test: 0.8395
Run: 05, Epoch: 40, Loss: 0.0005, lr: 0.000700, Train: 0.9840, Valid: 0.8177, Test: 0.8388
Run: 05, Epoch: 41, Loss: 0.0005, lr: 0.000700, Train: 0.9850, Valid: 0.8196, Test: 0.8385
Run: 05, Epoch: 42, Loss: 0.0005, lr: 0.000700, Train: 0.9850, Valid: 0.8237, Test: 0.8408
Run: 05, Epoch: 43, Loss: 0.0005, lr: 0.000700, Train: 0.9852, Valid: 0.8281, Test: 0.8458
Run: 05, Epoch: 44, Loss: 0.0004, lr: 0.000700, Train: 0.9860, Valid: 0.8315, Test: 0.8517
Run: 05, Epoch: 45, Loss: 0.0004, lr: 0.000700, Train: 0.9862, Valid: 0.8337, Test: 0.8556
Run: 05, Epoch: 46, Loss: 0.0004, lr: 0.000700, Train: 0.9862, Valid: 0.8360, Test: 0.8565
Run: 05, Epoch: 47, Loss: 0.0004, lr: 0.000700, Train: 0.9868, Valid: 0.8390, Test: 0.8544
Run: 05, Epoch: 48, Loss: 0.0004, lr: 0.000700, Train: 0.9871, Valid: 0.8409, Test: 0.8504
Run: 05, Epoch: 49, Loss: 0.0004, lr: 0.000700, Train: 0.9871, Valid: 0.8405, Test: 0.8469
Run: 05, Epoch: 50, Loss: 0.0004, lr: 0.000700, Train: 0.9875, Valid: 0.8386, Test: 0.8457
Run: 05, Epoch: 51, Loss: 0.0003, lr: 0.000700, Train: 0.9877, Valid: 0.8368, Test: 0.8467
Run: 05, Epoch: 52, Loss: 0.0003, lr: 0.000700, Train: 0.9877, Valid: 0.8368, Test: 0.8486
Run: 05, Epoch: 53, Loss: 0.0003, lr: 0.000700, Train: 0.9880, Valid: 0.8387, Test: 0.8500
Run: 05, Epoch: 54, Loss: 0.0003, lr: 0.000700, Train: 0.9882, Valid: 0.8409, Test: 0.8500
Run: 05, Epoch: 55, Loss: 0.0003, lr: 0.000490, Train: 0.9885, Valid: 0.8415, Test: 0.8495
Run: 05, Epoch: 56, Loss: 0.0003, lr: 0.000490, Train: 0.9891, Valid: 0.8411, Test: 0.8487
Run: 05, Epoch: 57, Loss: 0.0003, lr: 0.000490, Train: 0.9896, Valid: 0.8399, Test: 0.8477
Run: 05, Epoch: 58, Loss: 0.0003, lr: 0.000490, Train: 0.9900, Valid: 0.8383, Test: 0.8461
Run: 05, Epoch: 59, Loss: 0.0003, lr: 0.000490, Train: 0.9904, Valid: 0.8372, Test: 0.8444
Run: 05, Epoch: 60, Loss: 0.0003, lr: 0.000490, Train: 0.9908, Valid: 0.8372, Test: 0.8431
Run: 05, Epoch: 61, Loss: 0.0003, lr: 0.000490, Train: 0.9912, Valid: 0.8379, Test: 0.8427
Run: 05, Epoch: 62, Loss: 0.0003, lr: 0.000343, Train: 0.9915, Valid: 0.8383, Test: 0.8432
Run: 05, Epoch: 63, Loss: 0.0003, lr: 0.000343, Train: 0.9918, Valid: 0.8385, Test: 0.8440
Run: 05, Epoch: 64, Loss: 0.0002, lr: 0.000343, Train: 0.9920, Valid: 0.8385, Test: 0.8448
Run: 05, Epoch: 65, Loss: 0.0002, lr: 0.000343, Train: 0.9921, Valid: 0.8385, Test: 0.8453
Run: 05, Epoch: 66, Loss: 0.0002, lr: 0.000343, Train: 0.9924, Valid: 0.8390, Test: 0.8453
Run: 05, Epoch: 67, Loss: 0.0002, lr: 0.000343, Train: 0.9927, Valid: 0.8397, Test: 0.8446
Run: 05, Epoch: 68, Loss: 0.0002, lr: 0.000240, Train: 0.9930, Valid: 0.8401, Test: 0.8437
Run: 05, Epoch: 69, Loss: 0.0002, lr: 0.000240, Train: 0.9932, Valid: 0.8402, Test: 0.8427
Run: 05, Epoch: 70, Loss: 0.0002, lr: 0.000240, Train: 0.9933, Valid: 0.8399, Test: 0.8420
Run: 05, Epoch: 71, Loss: 0.0002, lr: 0.000240, Train: 0.9935, Valid: 0.8393, Test: 0.8416
Run: 05, Epoch: 72, Loss: 0.0002, lr: 0.000240, Train: 0.9936, Valid: 0.8387, Test: 0.8416
Run: 05, Epoch: 73, Loss: 0.0002, lr: 0.000240, Train: 0.9937, Valid: 0.8383, Test: 0.8418
Run: 05, Epoch: 74, Loss: 0.0002, lr: 0.000168, Train: 0.9938, Valid: 0.8383, Test: 0.8419
Run: 05, Epoch: 75, Loss: 0.0002, lr: 0.000168, Train: 0.9939, Valid: 0.8383, Test: 0.8419
Run: 05, Epoch: 76, Loss: 0.0002, lr: 0.000168, Train: 0.9940, Valid: 0.8385, Test: 0.8418
Run: 05, Epoch: 77, Loss: 0.0002, lr: 0.000168, Train: 0.9941, Valid: 0.8386, Test: 0.8416
Run: 05, Epoch: 78, Loss: 0.0002, lr: 0.000168, Train: 0.9942, Valid: 0.8388, Test: 0.8415
Run: 05, Epoch: 79, Loss: 0.0002, lr: 0.000168, Train: 0.9943, Valid: 0.8389, Test: 0.8414
Run: 05, Epoch: 80, Loss: 0.0002, lr: 0.000118, Train: 0.9944, Valid: 0.8390, Test: 0.8412
Run: 05, Epoch: 81, Loss: 0.0002, lr: 0.000118, Train: 0.9945, Valid: 0.8390, Test: 0.8411
Run: 05, Epoch: 82, Loss: 0.0002, lr: 0.000118, Train: 0.9946, Valid: 0.8391, Test: 0.8411
Run: 05, Epoch: 83, Loss: 0.0002, lr: 0.000118, Train: 0.9947, Valid: 0.8390, Test: 0.8411
Run: 05, Epoch: 84, Loss: 0.0002, lr: 0.000118, Train: 0.9947, Valid: 0.8391, Test: 0.8411
Run: 05, Epoch: 85, Loss: 0.0002, lr: 0.000118, Train: 0.9948, Valid: 0.8391, Test: 0.8410
Run: 05, Epoch: 86, Loss: 0.0002, lr: 0.000082, Train: 0.9948, Valid: 0.8391, Test: 0.8408
Run: 05, Epoch: 87, Loss: 0.0002, lr: 0.000082, Train: 0.9949, Valid: 0.8390, Test: 0.8407
Run: 05, Epoch: 88, Loss: 0.0002, lr: 0.000082, Train: 0.9949, Valid: 0.8390, Test: 0.8406
Run: 05, Epoch: 89, Loss: 0.0002, lr: 0.000082, Train: 0.9950, Valid: 0.8389, Test: 0.8405
Run: 05, Epoch: 90, Loss: 0.0002, lr: 0.000082, Train: 0.9950, Valid: 0.8389, Test: 0.8403
Run: 05, Epoch: 91, Loss: 0.0002, lr: 0.000082, Train: 0.9951, Valid: 0.8389, Test: 0.8402
Run: 05, Epoch: 92, Loss: 0.0002, lr: 0.000058, Train: 0.9951, Valid: 0.8389, Test: 0.8400
Run: 05, Epoch: 93, Loss: 0.0002, lr: 0.000058, Train: 0.9951, Valid: 0.8389, Test: 0.8398
Run: 05, Epoch: 94, Loss: 0.0002, lr: 0.000058, Train: 0.9952, Valid: 0.8388, Test: 0.8396
Run: 05, Epoch: 95, Loss: 0.0002, lr: 0.000058, Train: 0.9952, Valid: 0.8388, Test: 0.8395
Run: 05, Epoch: 96, Loss: 0.0002, lr: 0.000058, Train: 0.9952, Valid: 0.8388, Test: 0.8395
Run: 05, Epoch: 97, Loss: 0.0002, lr: 0.000058, Train: 0.9953, Valid: 0.8387, Test: 0.8394
Run: 05, Epoch: 98, Loss: 0.0002, lr: 0.000040, Train: 0.9953, Valid: 0.8387, Test: 0.8393
Run: 05, Epoch: 99, Loss: 0.0002, lr: 0.000040, Train: 0.9953, Valid: 0.8387, Test: 0.8392
Run: 05, Epoch: 100, Loss: 0.0002, lr: 0.000040, Train: 0.9953, Valid: 0.8386, Test: 0.8390
Run 05:
Highest Train: 1.00
Highest Valid: 0.84
  Final Train: 0.99
   Final Test: 0.85
Run: 06, Epoch: 01, Loss: 0.0303, lr: 0.001000, Train: 0.5349, Valid: -0.6576, Test: 0.4661
Run: 06, Epoch: 02, Loss: 0.0194, lr: 0.001000, Train: 0.5677, Valid: 0.0232, Test: 0.6343
Run: 06, Epoch: 03, Loss: 0.0119, lr: 0.001000, Train: 0.5860, Valid: 0.0844, Test: 0.6497
Run: 06, Epoch: 04, Loss: 0.0042, lr: 0.001000, Train: 0.6492, Valid: 0.2793, Test: 0.6996
Run: 06, Epoch: 05, Loss: 0.0036, lr: 0.001000, Train: 0.5648, Valid: 0.2596, Test: 0.7043
Run: 06, Epoch: 06, Loss: 0.0031, lr: 0.001000, Train: 0.4185, Valid: -0.0173, Test: 0.6227
Run: 06, Epoch: 07, Loss: 0.0029, lr: 0.001000, Train: 0.4297, Valid: -0.1328, Test: 0.6100
Run: 06, Epoch: 08, Loss: 0.0024, lr: 0.001000, Train: 0.5974, Valid: 0.1004, Test: 0.6953
Run: 06, Epoch: 09, Loss: 0.0024, lr: 0.001000, Train: 0.7624, Valid: 0.3906, Test: 0.8114
Run: 06, Epoch: 10, Loss: 0.0015, lr: 0.001000, Train: 0.8305, Valid: 0.5488, Test: 0.8721
Run: 06, Epoch: 11, Loss: 0.0015, lr: 0.001000, Train: 0.8547, Valid: 0.6212, Test: 0.8930
Run: 06, Epoch: 12, Loss: 0.0017, lr: 0.001000, Train: 0.8834, Valid: 0.6557, Test: 0.9078
Run: 06, Epoch: 13, Loss: 0.0014, lr: 0.001000, Train: 0.8957, Valid: 0.6798, Test: 0.9075
Run: 06, Epoch: 14, Loss: 0.0013, lr: 0.001000, Train: 0.8976, Valid: 0.6991, Test: 0.9019
Run: 06, Epoch: 15, Loss: 0.0013, lr: 0.001000, Train: 0.9216, Valid: 0.7205, Test: 0.9245
Run: 06, Epoch: 16, Loss: 0.0010, lr: 0.001000, Train: 0.9291, Valid: 0.7426, Test: 0.9332
Run: 06, Epoch: 17, Loss: 0.0010, lr: 0.001000, Train: 0.9340, Valid: 0.7749, Test: 0.9349
Run: 06, Epoch: 18, Loss: 0.0010, lr: 0.001000, Train: 0.9484, Valid: 0.8062, Test: 0.9393
Run: 06, Epoch: 19, Loss: 0.0009, lr: 0.001000, Train: 0.9500, Valid: 0.8179, Test: 0.9348
Run: 06, Epoch: 20, Loss: 0.0009, lr: 0.001000, Train: 0.9501, Valid: 0.8095, Test: 0.9343
Run: 06, Epoch: 21, Loss: 0.0009, lr: 0.001000, Train: 0.9552, Valid: 0.7949, Test: 0.9427
Run: 06, Epoch: 22, Loss: 0.0008, lr: 0.001000, Train: 0.9547, Valid: 0.7840, Test: 0.9454
Run: 06, Epoch: 23, Loss: 0.0007, lr: 0.001000, Train: 0.9531, Valid: 0.7814, Test: 0.9430
Run: 06, Epoch: 24, Loss: 0.0007, lr: 0.001000, Train: 0.9546, Valid: 0.7826, Test: 0.9399
Run: 06, Epoch: 25, Loss: 0.0007, lr: 0.001000, Train: 0.9578, Valid: 0.7867, Test: 0.9403
Run: 06, Epoch: 26, Loss: 0.0006, lr: 0.000700, Train: 0.9633, Valid: 0.7884, Test: 0.9455
Run: 06, Epoch: 27, Loss: 0.0006, lr: 0.000700, Train: 0.9666, Valid: 0.7878, Test: 0.9501
Run: 06, Epoch: 28, Loss: 0.0006, lr: 0.000700, Train: 0.9681, Valid: 0.7909, Test: 0.9516
Run: 06, Epoch: 29, Loss: 0.0006, lr: 0.000700, Train: 0.9713, Valid: 0.7987, Test: 0.9512
Run: 06, Epoch: 30, Loss: 0.0005, lr: 0.000700, Train: 0.9751, Valid: 0.8047, Test: 0.9492
Run: 06, Epoch: 31, Loss: 0.0005, lr: 0.000700, Train: 0.9776, Valid: 0.8064, Test: 0.9466
Run: 06, Epoch: 32, Loss: 0.0005, lr: 0.000490, Train: 0.9796, Valid: 0.8054, Test: 0.9464
Run: 06, Epoch: 33, Loss: 0.0005, lr: 0.000490, Train: 0.9812, Valid: 0.8021, Test: 0.9478
Run: 06, Epoch: 34, Loss: 0.0005, lr: 0.000490, Train: 0.9819, Valid: 0.7981, Test: 0.9494
Run: 06, Epoch: 35, Loss: 0.0004, lr: 0.000490, Train: 0.9824, Valid: 0.7959, Test: 0.9508
Run: 06, Epoch: 36, Loss: 0.0004, lr: 0.000490, Train: 0.9833, Valid: 0.7969, Test: 0.9513
Run: 06, Epoch: 37, Loss: 0.0004, lr: 0.000490, Train: 0.9847, Valid: 0.8000, Test: 0.9510
Run: 06, Epoch: 38, Loss: 0.0004, lr: 0.000343, Train: 0.9856, Valid: 0.8026, Test: 0.9504
Run: 06, Epoch: 39, Loss: 0.0004, lr: 0.000343, Train: 0.9862, Valid: 0.8047, Test: 0.9497
Run: 06, Epoch: 40, Loss: 0.0004, lr: 0.000343, Train: 0.9868, Valid: 0.8055, Test: 0.9495
Run: 06, Epoch: 41, Loss: 0.0004, lr: 0.000343, Train: 0.9873, Valid: 0.8055, Test: 0.9499
Run: 06, Epoch: 42, Loss: 0.0004, lr: 0.000343, Train: 0.9877, Valid: 0.8052, Test: 0.9503
Run: 06, Epoch: 43, Loss: 0.0004, lr: 0.000343, Train: 0.9880, Valid: 0.8050, Test: 0.9507
Run: 06, Epoch: 44, Loss: 0.0004, lr: 0.000240, Train: 0.9883, Valid: 0.8057, Test: 0.9506
Run: 06, Epoch: 45, Loss: 0.0004, lr: 0.000240, Train: 0.9888, Valid: 0.8073, Test: 0.9503
Run: 06, Epoch: 46, Loss: 0.0003, lr: 0.000240, Train: 0.9892, Valid: 0.8093, Test: 0.9497
Run: 06, Epoch: 47, Loss: 0.0003, lr: 0.000240, Train: 0.9896, Valid: 0.8114, Test: 0.9491
Run: 06, Epoch: 48, Loss: 0.0003, lr: 0.000240, Train: 0.9899, Valid: 0.8132, Test: 0.9487
Run: 06, Epoch: 49, Loss: 0.0003, lr: 0.000240, Train: 0.9901, Valid: 0.8145, Test: 0.9486
Run: 06, Epoch: 50, Loss: 0.0003, lr: 0.000168, Train: 0.9902, Valid: 0.8151, Test: 0.9488
Run: 06, Epoch: 51, Loss: 0.0003, lr: 0.000168, Train: 0.9903, Valid: 0.8154, Test: 0.9492
Run: 06, Epoch: 52, Loss: 0.0003, lr: 0.000168, Train: 0.9904, Valid: 0.8155, Test: 0.9497
Run: 06, Epoch: 53, Loss: 0.0003, lr: 0.000168, Train: 0.9905, Valid: 0.8154, Test: 0.9501
Run: 06, Epoch: 54, Loss: 0.0003, lr: 0.000168, Train: 0.9906, Valid: 0.8153, Test: 0.9503
Run: 06, Epoch: 55, Loss: 0.0003, lr: 0.000168, Train: 0.9907, Valid: 0.8154, Test: 0.9504
Run: 06, Epoch: 56, Loss: 0.0003, lr: 0.000118, Train: 0.9908, Valid: 0.8156, Test: 0.9503
Run: 06, Epoch: 57, Loss: 0.0003, lr: 0.000118, Train: 0.9909, Valid: 0.8159, Test: 0.9501
Run: 06, Epoch: 58, Loss: 0.0003, lr: 0.000118, Train: 0.9910, Valid: 0.8164, Test: 0.9499
Run: 06, Epoch: 59, Loss: 0.0003, lr: 0.000118, Train: 0.9911, Valid: 0.8168, Test: 0.9496
Run: 06, Epoch: 60, Loss: 0.0003, lr: 0.000118, Train: 0.9912, Valid: 0.8173, Test: 0.9494
Run: 06, Epoch: 61, Loss: 0.0003, lr: 0.000118, Train: 0.9913, Valid: 0.8176, Test: 0.9493
Run: 06, Epoch: 62, Loss: 0.0003, lr: 0.000082, Train: 0.9913, Valid: 0.8179, Test: 0.9493
Run: 06, Epoch: 63, Loss: 0.0003, lr: 0.000082, Train: 0.9914, Valid: 0.8180, Test: 0.9494
Run: 06, Epoch: 64, Loss: 0.0003, lr: 0.000082, Train: 0.9914, Valid: 0.8182, Test: 0.9495
Run: 06, Epoch: 65, Loss: 0.0003, lr: 0.000082, Train: 0.9915, Valid: 0.8182, Test: 0.9497
Run: 06, Epoch: 66, Loss: 0.0003, lr: 0.000082, Train: 0.9915, Valid: 0.8183, Test: 0.9499
Run: 06, Epoch: 67, Loss: 0.0003, lr: 0.000082, Train: 0.9916, Valid: 0.8185, Test: 0.9501
Run: 06, Epoch: 68, Loss: 0.0003, lr: 0.000082, Train: 0.9916, Valid: 0.8186, Test: 0.9502
Run: 06, Epoch: 69, Loss: 0.0003, lr: 0.000082, Train: 0.9916, Valid: 0.8188, Test: 0.9502
Run: 06, Epoch: 70, Loss: 0.0003, lr: 0.000082, Train: 0.9917, Valid: 0.8190, Test: 0.9502
Run: 06, Epoch: 71, Loss: 0.0003, lr: 0.000082, Train: 0.9917, Valid: 0.8193, Test: 0.9502
Run: 06, Epoch: 72, Loss: 0.0003, lr: 0.000082, Train: 0.9918, Valid: 0.8195, Test: 0.9501
Run: 06, Epoch: 73, Loss: 0.0003, lr: 0.000082, Train: 0.9918, Valid: 0.8197, Test: 0.9500
Run: 06, Epoch: 74, Loss: 0.0003, lr: 0.000082, Train: 0.9918, Valid: 0.8200, Test: 0.9500
Run: 06, Epoch: 75, Loss: 0.0003, lr: 0.000082, Train: 0.9919, Valid: 0.8202, Test: 0.9499
Run: 06, Epoch: 76, Loss: 0.0003, lr: 0.000082, Train: 0.9919, Valid: 0.8204, Test: 0.9500
Run: 06, Epoch: 77, Loss: 0.0003, lr: 0.000082, Train: 0.9919, Valid: 0.8205, Test: 0.9500
Run: 06, Epoch: 78, Loss: 0.0003, lr: 0.000082, Train: 0.9920, Valid: 0.8206, Test: 0.9500
Run: 06, Epoch: 79, Loss: 0.0003, lr: 0.000082, Train: 0.9920, Valid: 0.8207, Test: 0.9501
Run: 06, Epoch: 80, Loss: 0.0003, lr: 0.000082, Train: 0.9920, Valid: 0.8208, Test: 0.9501
Run: 06, Epoch: 81, Loss: 0.0003, lr: 0.000082, Train: 0.9921, Valid: 0.8209, Test: 0.9501
Run: 06, Epoch: 82, Loss: 0.0003, lr: 0.000082, Train: 0.9921, Valid: 0.8210, Test: 0.9502
Run: 06, Epoch: 83, Loss: 0.0003, lr: 0.000082, Train: 0.9921, Valid: 0.8210, Test: 0.9502
Run: 06, Epoch: 84, Loss: 0.0003, lr: 0.000082, Train: 0.9922, Valid: 0.8211, Test: 0.9502
Run: 06, Epoch: 85, Loss: 0.0003, lr: 0.000082, Train: 0.9922, Valid: 0.8212, Test: 0.9502
Run: 06, Epoch: 86, Loss: 0.0003, lr: 0.000082, Train: 0.9922, Valid: 0.8212, Test: 0.9502
Run: 06, Epoch: 87, Loss: 0.0003, lr: 0.000082, Train: 0.9923, Valid: 0.8213, Test: 0.9502
Run: 06, Epoch: 88, Loss: 0.0003, lr: 0.000082, Train: 0.9923, Valid: 0.8213, Test: 0.9502
Run: 06, Epoch: 89, Loss: 0.0003, lr: 0.000082, Train: 0.9923, Valid: 0.8214, Test: 0.9502
Run: 06, Epoch: 90, Loss: 0.0003, lr: 0.000082, Train: 0.9924, Valid: 0.8215, Test: 0.9502
Run: 06, Epoch: 91, Loss: 0.0003, lr: 0.000082, Train: 0.9924, Valid: 0.8216, Test: 0.9502
Run: 06, Epoch: 92, Loss: 0.0003, lr: 0.000082, Train: 0.9924, Valid: 0.8217, Test: 0.9502
Run: 06, Epoch: 93, Loss: 0.0003, lr: 0.000082, Train: 0.9925, Valid: 0.8217, Test: 0.9503
Run: 06, Epoch: 94, Loss: 0.0003, lr: 0.000082, Train: 0.9925, Valid: 0.8218, Test: 0.9503
Run: 06, Epoch: 95, Loss: 0.0003, lr: 0.000082, Train: 0.9925, Valid: 0.8218, Test: 0.9504
Run: 06, Epoch: 96, Loss: 0.0003, lr: 0.000082, Train: 0.9926, Valid: 0.8219, Test: 0.9505
Run: 06, Epoch: 97, Loss: 0.0003, lr: 0.000082, Train: 0.9926, Valid: 0.8219, Test: 0.9505
Run: 06, Epoch: 98, Loss: 0.0003, lr: 0.000082, Train: 0.9926, Valid: 0.8220, Test: 0.9505
Run: 06, Epoch: 99, Loss: 0.0003, lr: 0.000082, Train: 0.9926, Valid: 0.8221, Test: 0.9505
Run: 06, Epoch: 100, Loss: 0.0003, lr: 0.000082, Train: 0.9927, Valid: 0.8222, Test: 0.9505
Run 06:
Highest Train: 0.99
Highest Valid: 0.82
  Final Train: 0.99
   Final Test: 0.95
Run: 07, Epoch: 01, Loss: 0.0620, lr: 0.001000, Train: 0.0415, Valid: -1.2737, Test: -0.4614
Run: 07, Epoch: 02, Loss: 0.0174, lr: 0.001000, Train: 0.2514, Valid: -0.7287, Test: -0.2242
Run: 07, Epoch: 03, Loss: 0.0084, lr: 0.001000, Train: 0.1604, Valid: -0.8873, Test: -0.3912
Run: 07, Epoch: 04, Loss: 0.0052, lr: 0.001000, Train: -0.1893, Valid: -1.5231, Test: -0.8962
Run: 07, Epoch: 05, Loss: 0.0028, lr: 0.001000, Train: -0.4302, Valid: -1.8601, Test: -1.2262
Run: 07, Epoch: 06, Loss: 0.0030, lr: 0.001000, Train: -0.3226, Valid: -1.5455, Test: -1.0520
Run: 07, Epoch: 07, Loss: 0.0026, lr: 0.001000, Train: 0.0126, Valid: -0.9039, Test: -0.5457
Run: 07, Epoch: 08, Loss: 0.0022, lr: 0.001000, Train: 0.3158, Valid: -0.3992, Test: -0.0927
Run: 07, Epoch: 09, Loss: 0.0022, lr: 0.001000, Train: 0.4580, Valid: -0.1789, Test: 0.1121
Run: 07, Epoch: 10, Loss: 0.0018, lr: 0.001000, Train: 0.5003, Valid: -0.1212, Test: 0.1725
Run: 07, Epoch: 11, Loss: 0.0016, lr: 0.001000, Train: 0.5454, Valid: -0.0275, Test: 0.2441
Run: 07, Epoch: 12, Loss: 0.0016, lr: 0.001000, Train: 0.6498, Valid: 0.2176, Test: 0.4207
Run: 07, Epoch: 13, Loss: 0.0016, lr: 0.001000, Train: 0.7778, Valid: 0.4955, Test: 0.6296
Run: 07, Epoch: 14, Loss: 0.0014, lr: 0.001000, Train: 0.8652, Valid: 0.6548, Test: 0.7339
Run: 07, Epoch: 15, Loss: 0.0013, lr: 0.001000, Train: 0.9007, Valid: 0.6975, Test: 0.7428
Run: 07, Epoch: 16, Loss: 0.0013, lr: 0.001000, Train: 0.9055, Valid: 0.6912, Test: 0.7280
Run: 07, Epoch: 17, Loss: 0.0012, lr: 0.001000, Train: 0.8997, Valid: 0.6788, Test: 0.7232
Run: 07, Epoch: 18, Loss: 0.0011, lr: 0.001000, Train: 0.8990, Valid: 0.6892, Test: 0.7422
Run: 07, Epoch: 19, Loss: 0.0011, lr: 0.001000, Train: 0.9120, Valid: 0.7332, Test: 0.7761
Run: 07, Epoch: 20, Loss: 0.0011, lr: 0.001000, Train: 0.9324, Valid: 0.7942, Test: 0.8092
Run: 07, Epoch: 21, Loss: 0.0010, lr: 0.001000, Train: 0.9455, Valid: 0.8334, Test: 0.8224
Run: 07, Epoch: 22, Loss: 0.0010, lr: 0.001000, Train: 0.9480, Valid: 0.8376, Test: 0.8167
Run: 07, Epoch: 23, Loss: 0.0009, lr: 0.001000, Train: 0.9454, Valid: 0.8241, Test: 0.8081
Run: 07, Epoch: 24, Loss: 0.0009, lr: 0.001000, Train: 0.9436, Valid: 0.8181, Test: 0.8086
Run: 07, Epoch: 25, Loss: 0.0008, lr: 0.001000, Train: 0.9472, Valid: 0.8320, Test: 0.8204
Run: 07, Epoch: 26, Loss: 0.0008, lr: 0.001000, Train: 0.9550, Valid: 0.8577, Test: 0.8365
Run: 07, Epoch: 27, Loss: 0.0008, lr: 0.001000, Train: 0.9617, Valid: 0.8771, Test: 0.8459
Run: 07, Epoch: 28, Loss: 0.0007, lr: 0.001000, Train: 0.9654, Valid: 0.8819, Test: 0.8462
Run: 07, Epoch: 29, Loss: 0.0007, lr: 0.001000, Train: 0.9667, Valid: 0.8728, Test: 0.8412
Run: 07, Epoch: 30, Loss: 0.0007, lr: 0.001000, Train: 0.9658, Valid: 0.8577, Test: 0.8346
Run: 07, Epoch: 31, Loss: 0.0006, lr: 0.001000, Train: 0.9658, Valid: 0.8528, Test: 0.8319
Run: 07, Epoch: 32, Loss: 0.0006, lr: 0.001000, Train: 0.9686, Valid: 0.8657, Test: 0.8355
Run: 07, Epoch: 33, Loss: 0.0006, lr: 0.001000, Train: 0.9718, Valid: 0.8853, Test: 0.8420
Run: 07, Epoch: 34, Loss: 0.0006, lr: 0.001000, Train: 0.9732, Valid: 0.8965, Test: 0.8473
Run: 07, Epoch: 35, Loss: 0.0005, lr: 0.001000, Train: 0.9738, Valid: 0.8967, Test: 0.8499
Run: 07, Epoch: 36, Loss: 0.0005, lr: 0.001000, Train: 0.9742, Valid: 0.8905, Test: 0.8484
Run: 07, Epoch: 37, Loss: 0.0005, lr: 0.001000, Train: 0.9750, Valid: 0.8861, Test: 0.8436
Run: 07, Epoch: 38, Loss: 0.0005, lr: 0.001000, Train: 0.9765, Valid: 0.8879, Test: 0.8395
Run: 07, Epoch: 39, Loss: 0.0005, lr: 0.001000, Train: 0.9778, Valid: 0.8925, Test: 0.8402
Run: 07, Epoch: 40, Loss: 0.0004, lr: 0.001000, Train: 0.9792, Valid: 0.8951, Test: 0.8448
Run: 07, Epoch: 41, Loss: 0.0004, lr: 0.001000, Train: 0.9805, Valid: 0.8935, Test: 0.8478
Run: 07, Epoch: 42, Loss: 0.0004, lr: 0.000700, Train: 0.9818, Valid: 0.8910, Test: 0.8458
Run: 07, Epoch: 43, Loss: 0.0004, lr: 0.000700, Train: 0.9829, Valid: 0.8887, Test: 0.8411
Run: 07, Epoch: 44, Loss: 0.0004, lr: 0.000700, Train: 0.9838, Valid: 0.8876, Test: 0.8369
Run: 07, Epoch: 45, Loss: 0.0004, lr: 0.000700, Train: 0.9846, Valid: 0.8877, Test: 0.8370
Run: 07, Epoch: 46, Loss: 0.0004, lr: 0.000700, Train: 0.9854, Valid: 0.8887, Test: 0.8416
Run: 07, Epoch: 47, Loss: 0.0004, lr: 0.000700, Train: 0.9861, Valid: 0.8905, Test: 0.8473
Run: 07, Epoch: 48, Loss: 0.0004, lr: 0.000490, Train: 0.9867, Valid: 0.8917, Test: 0.8492
Run: 07, Epoch: 49, Loss: 0.0004, lr: 0.000490, Train: 0.9872, Valid: 0.8926, Test: 0.8484
Run: 07, Epoch: 50, Loss: 0.0003, lr: 0.000490, Train: 0.9877, Valid: 0.8924, Test: 0.8459
Run: 07, Epoch: 51, Loss: 0.0003, lr: 0.000490, Train: 0.9883, Valid: 0.8912, Test: 0.8432
Run: 07, Epoch: 52, Loss: 0.0003, lr: 0.000490, Train: 0.9889, Valid: 0.8891, Test: 0.8417
Run: 07, Epoch: 53, Loss: 0.0003, lr: 0.000490, Train: 0.9895, Valid: 0.8871, Test: 0.8415
Run: 07, Epoch: 54, Loss: 0.0003, lr: 0.000343, Train: 0.9900, Valid: 0.8861, Test: 0.8418
Run: 07, Epoch: 55, Loss: 0.0003, lr: 0.000343, Train: 0.9903, Valid: 0.8857, Test: 0.8421
Run: 07, Epoch: 56, Loss: 0.0003, lr: 0.000343, Train: 0.9904, Valid: 0.8855, Test: 0.8423
Run: 07, Epoch: 57, Loss: 0.0003, lr: 0.000343, Train: 0.9906, Valid: 0.8853, Test: 0.8421
Run: 07, Epoch: 58, Loss: 0.0003, lr: 0.000343, Train: 0.9908, Valid: 0.8853, Test: 0.8418
Run: 07, Epoch: 59, Loss: 0.0003, lr: 0.000343, Train: 0.9910, Valid: 0.8853, Test: 0.8414
Run: 07, Epoch: 60, Loss: 0.0003, lr: 0.000240, Train: 0.9913, Valid: 0.8849, Test: 0.8410
Run: 07, Epoch: 61, Loss: 0.0003, lr: 0.000240, Train: 0.9915, Valid: 0.8847, Test: 0.8407
Run: 07, Epoch: 62, Loss: 0.0003, lr: 0.000240, Train: 0.9917, Valid: 0.8845, Test: 0.8404
Run: 07, Epoch: 63, Loss: 0.0003, lr: 0.000240, Train: 0.9919, Valid: 0.8843, Test: 0.8403
Run: 07, Epoch: 64, Loss: 0.0003, lr: 0.000240, Train: 0.9920, Valid: 0.8840, Test: 0.8402
Run: 07, Epoch: 65, Loss: 0.0003, lr: 0.000240, Train: 0.9921, Valid: 0.8834, Test: 0.8402
Run: 07, Epoch: 66, Loss: 0.0003, lr: 0.000168, Train: 0.9922, Valid: 0.8826, Test: 0.8401
Run: 07, Epoch: 67, Loss: 0.0003, lr: 0.000168, Train: 0.9924, Valid: 0.8818, Test: 0.8399
Run: 07, Epoch: 68, Loss: 0.0003, lr: 0.000168, Train: 0.9925, Valid: 0.8809, Test: 0.8397
Run: 07, Epoch: 69, Loss: 0.0003, lr: 0.000168, Train: 0.9926, Valid: 0.8801, Test: 0.8394
Run: 07, Epoch: 70, Loss: 0.0003, lr: 0.000168, Train: 0.9927, Valid: 0.8795, Test: 0.8391
Run: 07, Epoch: 71, Loss: 0.0003, lr: 0.000168, Train: 0.9928, Valid: 0.8790, Test: 0.8387
Run: 07, Epoch: 72, Loss: 0.0003, lr: 0.000118, Train: 0.9929, Valid: 0.8786, Test: 0.8384
Run: 07, Epoch: 73, Loss: 0.0003, lr: 0.000118, Train: 0.9929, Valid: 0.8783, Test: 0.8382
Run: 07, Epoch: 74, Loss: 0.0003, lr: 0.000118, Train: 0.9930, Valid: 0.8782, Test: 0.8380
Run: 07, Epoch: 75, Loss: 0.0003, lr: 0.000118, Train: 0.9930, Valid: 0.8781, Test: 0.8380
Run: 07, Epoch: 76, Loss: 0.0003, lr: 0.000118, Train: 0.9931, Valid: 0.8780, Test: 0.8380
Run: 07, Epoch: 77, Loss: 0.0003, lr: 0.000118, Train: 0.9931, Valid: 0.8779, Test: 0.8380
Run: 07, Epoch: 78, Loss: 0.0003, lr: 0.000082, Train: 0.9932, Valid: 0.8778, Test: 0.8381
Run: 07, Epoch: 79, Loss: 0.0003, lr: 0.000082, Train: 0.9932, Valid: 0.8776, Test: 0.8381
Run: 07, Epoch: 80, Loss: 0.0003, lr: 0.000082, Train: 0.9932, Valid: 0.8775, Test: 0.8382
Run: 07, Epoch: 81, Loss: 0.0003, lr: 0.000082, Train: 0.9933, Valid: 0.8774, Test: 0.8383
Run: 07, Epoch: 82, Loss: 0.0003, lr: 0.000082, Train: 0.9933, Valid: 0.8773, Test: 0.8383
Run: 07, Epoch: 83, Loss: 0.0003, lr: 0.000082, Train: 0.9933, Valid: 0.8772, Test: 0.8383
Run: 07, Epoch: 84, Loss: 0.0003, lr: 0.000058, Train: 0.9933, Valid: 0.8771, Test: 0.8383
Run: 07, Epoch: 85, Loss: 0.0003, lr: 0.000058, Train: 0.9934, Valid: 0.8769, Test: 0.8383
Run: 07, Epoch: 86, Loss: 0.0003, lr: 0.000058, Train: 0.9934, Valid: 0.8768, Test: 0.8382
Run: 07, Epoch: 87, Loss: 0.0003, lr: 0.000058, Train: 0.9934, Valid: 0.8767, Test: 0.8382
Run: 07, Epoch: 88, Loss: 0.0003, lr: 0.000058, Train: 0.9934, Valid: 0.8766, Test: 0.8381
Run: 07, Epoch: 89, Loss: 0.0003, lr: 0.000058, Train: 0.9935, Valid: 0.8765, Test: 0.8380
Run: 07, Epoch: 90, Loss: 0.0003, lr: 0.000040, Train: 0.9935, Valid: 0.8763, Test: 0.8380
Run: 07, Epoch: 91, Loss: 0.0003, lr: 0.000040, Train: 0.9935, Valid: 0.8762, Test: 0.8379
Run: 07, Epoch: 92, Loss: 0.0003, lr: 0.000040, Train: 0.9935, Valid: 0.8761, Test: 0.8379
Run: 07, Epoch: 93, Loss: 0.0003, lr: 0.000040, Train: 0.9935, Valid: 0.8760, Test: 0.8379
Run: 07, Epoch: 94, Loss: 0.0003, lr: 0.000040, Train: 0.9935, Valid: 0.8759, Test: 0.8378
Run: 07, Epoch: 95, Loss: 0.0003, lr: 0.000040, Train: 0.9936, Valid: 0.8758, Test: 0.8378
Run: 07, Epoch: 96, Loss: 0.0003, lr: 0.000028, Train: 0.9936, Valid: 0.8758, Test: 0.8378
Run: 07, Epoch: 97, Loss: 0.0003, lr: 0.000028, Train: 0.9936, Valid: 0.8757, Test: 0.8378
Run: 07, Epoch: 98, Loss: 0.0003, lr: 0.000028, Train: 0.9936, Valid: 0.8757, Test: 0.8378
Run: 07, Epoch: 99, Loss: 0.0003, lr: 0.000028, Train: 0.9936, Valid: 0.8756, Test: 0.8378
Run: 07, Epoch: 100, Loss: 0.0003, lr: 0.000028, Train: 0.9936, Valid: 0.8756, Test: 0.8378
Run 07:
Highest Train: 0.99
Highest Valid: 0.90
  Final Train: 0.97
   Final Test: 0.85
Run: 08, Epoch: 01, Loss: 0.0268, lr: 0.001000, Train: 0.5183, Valid: 0.4739, Test: 0.6072
Run: 08, Epoch: 02, Loss: 0.0261, lr: 0.001000, Train: 0.6901, Valid: 0.6717, Test: 0.8252
Run: 08, Epoch: 03, Loss: 0.0093, lr: 0.001000, Train: 0.7564, Valid: 0.7244, Test: 0.8740
Run: 08, Epoch: 04, Loss: 0.0064, lr: 0.001000, Train: 0.8132, Valid: 0.8145, Test: 0.8602
Run: 08, Epoch: 05, Loss: 0.0037, lr: 0.001000, Train: 0.7510, Valid: 0.7707, Test: 0.8171
Run: 08, Epoch: 06, Loss: 0.0056, lr: 0.001000, Train: 0.8529, Valid: 0.8326, Test: 0.8846
Run: 08, Epoch: 07, Loss: 0.0030, lr: 0.001000, Train: 0.8190, Valid: 0.7667, Test: 0.9139
Run: 08, Epoch: 08, Loss: 0.0036, lr: 0.001000, Train: 0.8068, Valid: 0.7330, Test: 0.9127
Run: 08, Epoch: 09, Loss: 0.0034, lr: 0.001000, Train: 0.8780, Valid: 0.8189, Test: 0.9086
Run: 08, Epoch: 10, Loss: 0.0023, lr: 0.001000, Train: 0.8751, Valid: 0.8810, Test: 0.8764
Run: 08, Epoch: 11, Loss: 0.0019, lr: 0.001000, Train: 0.7817, Valid: 0.8586, Test: 0.8395
Run: 08, Epoch: 12, Loss: 0.0023, lr: 0.001000, Train: 0.8112, Valid: 0.8570, Test: 0.8288
Run: 08, Epoch: 13, Loss: 0.0018, lr: 0.001000, Train: 0.8688, Valid: 0.8623, Test: 0.8293
Run: 08, Epoch: 14, Loss: 0.0017, lr: 0.001000, Train: 0.8754, Valid: 0.8548, Test: 0.8239
Run: 08, Epoch: 15, Loss: 0.0020, lr: 0.001000, Train: 0.8650, Valid: 0.8370, Test: 0.8098
Run: 08, Epoch: 16, Loss: 0.0018, lr: 0.001000, Train: 0.8254, Valid: 0.8059, Test: 0.7917
Run: 08, Epoch: 17, Loss: 0.0014, lr: 0.000700, Train: 0.7953, Valid: 0.7919, Test: 0.7890
Run: 08, Epoch: 18, Loss: 0.0014, lr: 0.000700, Train: 0.7901, Valid: 0.7965, Test: 0.7965
Run: 08, Epoch: 19, Loss: 0.0014, lr: 0.000700, Train: 0.8225, Valid: 0.8206, Test: 0.8142
Run: 08, Epoch: 20, Loss: 0.0013, lr: 0.000700, Train: 0.8716, Valid: 0.8507, Test: 0.8371
Run: 08, Epoch: 21, Loss: 0.0012, lr: 0.000700, Train: 0.9075, Valid: 0.8741, Test: 0.8583
Run: 08, Epoch: 22, Loss: 0.0012, lr: 0.000700, Train: 0.9258, Valid: 0.8891, Test: 0.8749
Run: 08, Epoch: 23, Loss: 0.0012, lr: 0.000700, Train: 0.9358, Valid: 0.8984, Test: 0.8878
Run: 08, Epoch: 24, Loss: 0.0011, lr: 0.000700, Train: 0.9404, Valid: 0.9051, Test: 0.8987
Run: 08, Epoch: 25, Loss: 0.0010, lr: 0.000700, Train: 0.9406, Valid: 0.9104, Test: 0.9076
Run: 08, Epoch: 26, Loss: 0.0010, lr: 0.000700, Train: 0.9428, Valid: 0.9140, Test: 0.9152
Run: 08, Epoch: 27, Loss: 0.0010, lr: 0.000700, Train: 0.9514, Valid: 0.9157, Test: 0.9216
Run: 08, Epoch: 28, Loss: 0.0010, lr: 0.000700, Train: 0.9609, Valid: 0.9142, Test: 0.9266
Run: 08, Epoch: 29, Loss: 0.0009, lr: 0.000700, Train: 0.9653, Valid: 0.9114, Test: 0.9299
Run: 08, Epoch: 30, Loss: 0.0009, lr: 0.000700, Train: 0.9667, Valid: 0.9100, Test: 0.9310
Run: 08, Epoch: 31, Loss: 0.0009, lr: 0.000700, Train: 0.9679, Valid: 0.9109, Test: 0.9308
Run: 08, Epoch: 32, Loss: 0.0008, lr: 0.000700, Train: 0.9682, Valid: 0.9122, Test: 0.9305
Run: 08, Epoch: 33, Loss: 0.0008, lr: 0.000700, Train: 0.9674, Valid: 0.9134, Test: 0.9305
Run: 08, Epoch: 34, Loss: 0.0008, lr: 0.000490, Train: 0.9687, Valid: 0.9139, Test: 0.9312
Run: 08, Epoch: 35, Loss: 0.0008, lr: 0.000490, Train: 0.9717, Valid: 0.9143, Test: 0.9324
Run: 08, Epoch: 36, Loss: 0.0007, lr: 0.000490, Train: 0.9748, Valid: 0.9145, Test: 0.9336
Run: 08, Epoch: 37, Loss: 0.0007, lr: 0.000490, Train: 0.9769, Valid: 0.9148, Test: 0.9346
Run: 08, Epoch: 38, Loss: 0.0007, lr: 0.000490, Train: 0.9781, Valid: 0.9157, Test: 0.9352
Run: 08, Epoch: 39, Loss: 0.0007, lr: 0.000490, Train: 0.9790, Valid: 0.9173, Test: 0.9355
Run: 08, Epoch: 40, Loss: 0.0007, lr: 0.000490, Train: 0.9796, Valid: 0.9193, Test: 0.9357
Run: 08, Epoch: 41, Loss: 0.0006, lr: 0.000490, Train: 0.9797, Valid: 0.9211, Test: 0.9360
Run: 08, Epoch: 42, Loss: 0.0006, lr: 0.000490, Train: 0.9800, Valid: 0.9221, Test: 0.9366
Run: 08, Epoch: 43, Loss: 0.0006, lr: 0.000490, Train: 0.9810, Valid: 0.9224, Test: 0.9373
Run: 08, Epoch: 44, Loss: 0.0006, lr: 0.000490, Train: 0.9822, Valid: 0.9217, Test: 0.9378
Run: 08, Epoch: 45, Loss: 0.0006, lr: 0.000490, Train: 0.9830, Valid: 0.9206, Test: 0.9381
Run: 08, Epoch: 46, Loss: 0.0006, lr: 0.000490, Train: 0.9835, Valid: 0.9197, Test: 0.9381
Run: 08, Epoch: 47, Loss: 0.0005, lr: 0.000490, Train: 0.9839, Valid: 0.9197, Test: 0.9379
Run: 08, Epoch: 48, Loss: 0.0005, lr: 0.000490, Train: 0.9843, Valid: 0.9204, Test: 0.9376
Run: 08, Epoch: 49, Loss: 0.0005, lr: 0.000490, Train: 0.9845, Valid: 0.9214, Test: 0.9374
Run: 08, Epoch: 50, Loss: 0.0005, lr: 0.000343, Train: 0.9847, Valid: 0.9221, Test: 0.9376
Run: 08, Epoch: 51, Loss: 0.0005, lr: 0.000343, Train: 0.9851, Valid: 0.9227, Test: 0.9380
Run: 08, Epoch: 52, Loss: 0.0005, lr: 0.000343, Train: 0.9856, Valid: 0.9231, Test: 0.9386
Run: 08, Epoch: 53, Loss: 0.0005, lr: 0.000343, Train: 0.9860, Valid: 0.9232, Test: 0.9391
Run: 08, Epoch: 54, Loss: 0.0005, lr: 0.000343, Train: 0.9862, Valid: 0.9233, Test: 0.9395
Run: 08, Epoch: 55, Loss: 0.0005, lr: 0.000343, Train: 0.9865, Valid: 0.9235, Test: 0.9398
Run: 08, Epoch: 56, Loss: 0.0004, lr: 0.000343, Train: 0.9868, Valid: 0.9238, Test: 0.9399
Run: 08, Epoch: 57, Loss: 0.0004, lr: 0.000343, Train: 0.9870, Valid: 0.9241, Test: 0.9400
Run: 08, Epoch: 58, Loss: 0.0004, lr: 0.000343, Train: 0.9872, Valid: 0.9244, Test: 0.9402
Run: 08, Epoch: 59, Loss: 0.0004, lr: 0.000343, Train: 0.9874, Valid: 0.9246, Test: 0.9403
Run: 08, Epoch: 60, Loss: 0.0004, lr: 0.000343, Train: 0.9876, Valid: 0.9246, Test: 0.9406
Run: 08, Epoch: 61, Loss: 0.0004, lr: 0.000343, Train: 0.9879, Valid: 0.9245, Test: 0.9409
Run: 08, Epoch: 62, Loss: 0.0004, lr: 0.000343, Train: 0.9881, Valid: 0.9247, Test: 0.9412
Run: 08, Epoch: 63, Loss: 0.0004, lr: 0.000343, Train: 0.9883, Valid: 0.9252, Test: 0.9415
Run: 08, Epoch: 64, Loss: 0.0004, lr: 0.000343, Train: 0.9885, Valid: 0.9262, Test: 0.9418
Run: 08, Epoch: 65, Loss: 0.0004, lr: 0.000343, Train: 0.9887, Valid: 0.9272, Test: 0.9421
Run: 08, Epoch: 66, Loss: 0.0004, lr: 0.000343, Train: 0.9889, Valid: 0.9280, Test: 0.9424
Run: 08, Epoch: 67, Loss: 0.0004, lr: 0.000343, Train: 0.9891, Valid: 0.9286, Test: 0.9427
Run: 08, Epoch: 68, Loss: 0.0004, lr: 0.000343, Train: 0.9893, Valid: 0.9288, Test: 0.9430
Run: 08, Epoch: 69, Loss: 0.0003, lr: 0.000343, Train: 0.9895, Valid: 0.9287, Test: 0.9433
Run: 08, Epoch: 70, Loss: 0.0003, lr: 0.000343, Train: 0.9896, Valid: 0.9286, Test: 0.9436
Run: 08, Epoch: 71, Loss: 0.0003, lr: 0.000343, Train: 0.9898, Valid: 0.9287, Test: 0.9438
Run: 08, Epoch: 72, Loss: 0.0003, lr: 0.000343, Train: 0.9900, Valid: 0.9290, Test: 0.9439
Run: 08, Epoch: 73, Loss: 0.0003, lr: 0.000343, Train: 0.9902, Valid: 0.9295, Test: 0.9440
Run: 08, Epoch: 74, Loss: 0.0003, lr: 0.000343, Train: 0.9904, Valid: 0.9302, Test: 0.9443
Run: 08, Epoch: 75, Loss: 0.0003, lr: 0.000343, Train: 0.9905, Valid: 0.9308, Test: 0.9445
Run: 08, Epoch: 76, Loss: 0.0003, lr: 0.000343, Train: 0.9907, Valid: 0.9314, Test: 0.9448
Run: 08, Epoch: 77, Loss: 0.0003, lr: 0.000343, Train: 0.9908, Valid: 0.9321, Test: 0.9451
Run: 08, Epoch: 78, Loss: 0.0003, lr: 0.000343, Train: 0.9910, Valid: 0.9330, Test: 0.9453
Run: 08, Epoch: 79, Loss: 0.0003, lr: 0.000343, Train: 0.9912, Valid: 0.9338, Test: 0.9454
Run: 08, Epoch: 80, Loss: 0.0003, lr: 0.000343, Train: 0.9914, Valid: 0.9344, Test: 0.9456
Run: 08, Epoch: 81, Loss: 0.0003, lr: 0.000343, Train: 0.9916, Valid: 0.9350, Test: 0.9458
Run: 08, Epoch: 82, Loss: 0.0003, lr: 0.000343, Train: 0.9917, Valid: 0.9353, Test: 0.9460
Run: 08, Epoch: 83, Loss: 0.0003, lr: 0.000343, Train: 0.9919, Valid: 0.9356, Test: 0.9461
Run: 08, Epoch: 84, Loss: 0.0003, lr: 0.000343, Train: 0.9920, Valid: 0.9360, Test: 0.9462
Run: 08, Epoch: 85, Loss: 0.0003, lr: 0.000343, Train: 0.9922, Valid: 0.9364, Test: 0.9462
Run: 08, Epoch: 86, Loss: 0.0002, lr: 0.000343, Train: 0.9924, Valid: 0.9366, Test: 0.9463
Run: 08, Epoch: 87, Loss: 0.0002, lr: 0.000343, Train: 0.9925, Valid: 0.9368, Test: 0.9465
Run: 08, Epoch: 88, Loss: 0.0002, lr: 0.000343, Train: 0.9926, Valid: 0.9369, Test: 0.9469
Run: 08, Epoch: 89, Loss: 0.0002, lr: 0.000343, Train: 0.9928, Valid: 0.9371, Test: 0.9473
Run: 08, Epoch: 90, Loss: 0.0002, lr: 0.000343, Train: 0.9929, Valid: 0.9375, Test: 0.9476
Run: 08, Epoch: 91, Loss: 0.0002, lr: 0.000343, Train: 0.9929, Valid: 0.9381, Test: 0.9479
Run: 08, Epoch: 92, Loss: 0.0002, lr: 0.000343, Train: 0.9931, Valid: 0.9385, Test: 0.9481
Run: 08, Epoch: 93, Loss: 0.0002, lr: 0.000343, Train: 0.9932, Valid: 0.9385, Test: 0.9483
Run: 08, Epoch: 94, Loss: 0.0002, lr: 0.000343, Train: 0.9933, Valid: 0.9384, Test: 0.9487
Run: 08, Epoch: 95, Loss: 0.0002, lr: 0.000343, Train: 0.9934, Valid: 0.9381, Test: 0.9490
Run: 08, Epoch: 96, Loss: 0.0002, lr: 0.000343, Train: 0.9935, Valid: 0.9380, Test: 0.9492
Run: 08, Epoch: 97, Loss: 0.0002, lr: 0.000343, Train: 0.9936, Valid: 0.9381, Test: 0.9494
Run: 08, Epoch: 98, Loss: 0.0002, lr: 0.000343, Train: 0.9937, Valid: 0.9381, Test: 0.9499
Run: 08, Epoch: 99, Loss: 0.0002, lr: 0.000240, Train: 0.9938, Valid: 0.9384, Test: 0.9499
Run: 08, Epoch: 100, Loss: 0.0002, lr: 0.000240, Train: 0.9939, Valid: 0.9386, Test: 0.9502
Run 08:
Highest Train: 0.99
Highest Valid: 0.94
  Final Train: 0.99
   Final Test: 0.95
Run: 09, Epoch: 01, Loss: 0.0612, lr: 0.001000, Train: 0.2325, Valid: 0.3161, Test: 0.0410
Run: 09, Epoch: 02, Loss: 0.0185, lr: 0.001000, Train: 0.5972, Valid: 0.5734, Test: 0.5078
Run: 09, Epoch: 03, Loss: 0.0059, lr: 0.001000, Train: 0.7804, Valid: 0.7800, Test: 0.7286
Run: 09, Epoch: 04, Loss: 0.0062, lr: 0.001000, Train: 0.8167, Valid: 0.8230, Test: 0.7537
Run: 09, Epoch: 05, Loss: 0.0034, lr: 0.001000, Train: 0.8483, Valid: 0.8296, Test: 0.7881
Run: 09, Epoch: 06, Loss: 0.0026, lr: 0.001000, Train: 0.8560, Valid: 0.8115, Test: 0.8032
Run: 09, Epoch: 07, Loss: 0.0032, lr: 0.001000, Train: 0.8698, Valid: 0.7966, Test: 0.8038
Run: 09, Epoch: 08, Loss: 0.0023, lr: 0.001000, Train: 0.8864, Valid: 0.7979, Test: 0.7949
Run: 09, Epoch: 09, Loss: 0.0018, lr: 0.001000, Train: 0.8925, Valid: 0.8158, Test: 0.7944
Run: 09, Epoch: 10, Loss: 0.0021, lr: 0.001000, Train: 0.9114, Valid: 0.8302, Test: 0.8102
Run: 09, Epoch: 11, Loss: 0.0018, lr: 0.001000, Train: 0.9225, Valid: 0.7941, Test: 0.8125
Run: 09, Epoch: 12, Loss: 0.0015, lr: 0.001000, Train: 0.9066, Valid: 0.6885, Test: 0.7781
Run: 09, Epoch: 13, Loss: 0.0015, lr: 0.001000, Train: 0.8812, Valid: 0.5863, Test: 0.7309
Run: 09, Epoch: 14, Loss: 0.0015, lr: 0.001000, Train: 0.8744, Valid: 0.5792, Test: 0.7147
Run: 09, Epoch: 15, Loss: 0.0014, lr: 0.001000, Train: 0.8976, Valid: 0.6633, Test: 0.7346
Run: 09, Epoch: 16, Loss: 0.0012, lr: 0.001000, Train: 0.9279, Valid: 0.7569, Test: 0.7613
Run: 09, Epoch: 17, Loss: 0.0012, lr: 0.000700, Train: 0.9401, Valid: 0.7944, Test: 0.7741
Run: 09, Epoch: 18, Loss: 0.0012, lr: 0.000700, Train: 0.9448, Valid: 0.8063, Test: 0.7823
Run: 09, Epoch: 19, Loss: 0.0011, lr: 0.000700, Train: 0.9442, Valid: 0.7965, Test: 0.7871
Run: 09, Epoch: 20, Loss: 0.0010, lr: 0.000700, Train: 0.9409, Valid: 0.7780, Test: 0.7892
Run: 09, Epoch: 21, Loss: 0.0009, lr: 0.000700, Train: 0.9413, Valid: 0.7671, Test: 0.7924
Run: 09, Epoch: 22, Loss: 0.0010, lr: 0.000700, Train: 0.9479, Valid: 0.7749, Test: 0.7991
Run: 09, Epoch: 23, Loss: 0.0009, lr: 0.000490, Train: 0.9561, Valid: 0.7987, Test: 0.8067
Run: 09, Epoch: 24, Loss: 0.0009, lr: 0.000490, Train: 0.9635, Valid: 0.8255, Test: 0.8128
Run: 09, Epoch: 25, Loss: 0.0008, lr: 0.000490, Train: 0.9686, Valid: 0.8506, Test: 0.8163
Run: 09, Epoch: 26, Loss: 0.0008, lr: 0.000490, Train: 0.9713, Valid: 0.8693, Test: 0.8181
Run: 09, Epoch: 27, Loss: 0.0008, lr: 0.000490, Train: 0.9725, Valid: 0.8805, Test: 0.8194
Run: 09, Epoch: 28, Loss: 0.0008, lr: 0.000490, Train: 0.9735, Valid: 0.8842, Test: 0.8206
Run: 09, Epoch: 29, Loss: 0.0008, lr: 0.000490, Train: 0.9750, Valid: 0.8824, Test: 0.8226
Run: 09, Epoch: 30, Loss: 0.0007, lr: 0.000490, Train: 0.9762, Valid: 0.8771, Test: 0.8252
Run: 09, Epoch: 31, Loss: 0.0007, lr: 0.000490, Train: 0.9766, Valid: 0.8710, Test: 0.8280
Run: 09, Epoch: 32, Loss: 0.0007, lr: 0.000490, Train: 0.9768, Valid: 0.8679, Test: 0.8313
Run: 09, Epoch: 33, Loss: 0.0007, lr: 0.000490, Train: 0.9777, Valid: 0.8697, Test: 0.8345
Run: 09, Epoch: 34, Loss: 0.0007, lr: 0.000490, Train: 0.9791, Valid: 0.8760, Test: 0.8376
Run: 09, Epoch: 35, Loss: 0.0006, lr: 0.000343, Train: 0.9805, Valid: 0.8822, Test: 0.8393
Run: 09, Epoch: 36, Loss: 0.0006, lr: 0.000343, Train: 0.9816, Valid: 0.8889, Test: 0.8398
Run: 09, Epoch: 37, Loss: 0.0006, lr: 0.000343, Train: 0.9825, Valid: 0.8941, Test: 0.8392
Run: 09, Epoch: 38, Loss: 0.0006, lr: 0.000343, Train: 0.9831, Valid: 0.8968, Test: 0.8379
Run: 09, Epoch: 39, Loss: 0.0006, lr: 0.000343, Train: 0.9836, Valid: 0.8970, Test: 0.8363
Run: 09, Epoch: 40, Loss: 0.0006, lr: 0.000343, Train: 0.9840, Valid: 0.8953, Test: 0.8346
Run: 09, Epoch: 41, Loss: 0.0005, lr: 0.000343, Train: 0.9845, Valid: 0.8922, Test: 0.8332
Run: 09, Epoch: 42, Loss: 0.0005, lr: 0.000343, Train: 0.9848, Valid: 0.8885, Test: 0.8322
Run: 09, Epoch: 43, Loss: 0.0005, lr: 0.000343, Train: 0.9850, Valid: 0.8852, Test: 0.8316
Run: 09, Epoch: 44, Loss: 0.0005, lr: 0.000343, Train: 0.9853, Valid: 0.8836, Test: 0.8317
Run: 09, Epoch: 45, Loss: 0.0005, lr: 0.000343, Train: 0.9857, Valid: 0.8843, Test: 0.8324
Run: 09, Epoch: 46, Loss: 0.0005, lr: 0.000240, Train: 0.9862, Valid: 0.8866, Test: 0.8334
Run: 09, Epoch: 47, Loss: 0.0005, lr: 0.000240, Train: 0.9867, Valid: 0.8897, Test: 0.8345
Run: 09, Epoch: 48, Loss: 0.0005, lr: 0.000240, Train: 0.9872, Valid: 0.8931, Test: 0.8355
Run: 09, Epoch: 49, Loss: 0.0005, lr: 0.000240, Train: 0.9875, Valid: 0.8959, Test: 0.8363
Run: 09, Epoch: 50, Loss: 0.0005, lr: 0.000240, Train: 0.9878, Valid: 0.8977, Test: 0.8368
Run: 09, Epoch: 51, Loss: 0.0005, lr: 0.000240, Train: 0.9880, Valid: 0.8982, Test: 0.8370
Run: 09, Epoch: 52, Loss: 0.0005, lr: 0.000240, Train: 0.9882, Valid: 0.8973, Test: 0.8370
Run: 09, Epoch: 53, Loss: 0.0004, lr: 0.000240, Train: 0.9884, Valid: 0.8952, Test: 0.8367
Run: 09, Epoch: 54, Loss: 0.0004, lr: 0.000240, Train: 0.9886, Valid: 0.8925, Test: 0.8364
Run: 09, Epoch: 55, Loss: 0.0004, lr: 0.000240, Train: 0.9888, Valid: 0.8898, Test: 0.8359
Run: 09, Epoch: 56, Loss: 0.0004, lr: 0.000240, Train: 0.9889, Valid: 0.8877, Test: 0.8355
Run: 09, Epoch: 57, Loss: 0.0004, lr: 0.000240, Train: 0.9890, Valid: 0.8867, Test: 0.8352
Run: 09, Epoch: 58, Loss: 0.0004, lr: 0.000168, Train: 0.9892, Valid: 0.8869, Test: 0.8351
Run: 09, Epoch: 59, Loss: 0.0004, lr: 0.000168, Train: 0.9893, Valid: 0.8880, Test: 0.8351
Run: 09, Epoch: 60, Loss: 0.0004, lr: 0.000168, Train: 0.9895, Valid: 0.8896, Test: 0.8352
Run: 09, Epoch: 61, Loss: 0.0004, lr: 0.000168, Train: 0.9896, Valid: 0.8914, Test: 0.8353
Run: 09, Epoch: 62, Loss: 0.0004, lr: 0.000168, Train: 0.9897, Valid: 0.8931, Test: 0.8355
Run: 09, Epoch: 63, Loss: 0.0004, lr: 0.000168, Train: 0.9898, Valid: 0.8945, Test: 0.8357
Run: 09, Epoch: 64, Loss: 0.0004, lr: 0.000118, Train: 0.9899, Valid: 0.8950, Test: 0.8358
Run: 09, Epoch: 65, Loss: 0.0004, lr: 0.000118, Train: 0.9900, Valid: 0.8951, Test: 0.8359
Run: 09, Epoch: 66, Loss: 0.0004, lr: 0.000118, Train: 0.9901, Valid: 0.8948, Test: 0.8360
Run: 09, Epoch: 67, Loss: 0.0004, lr: 0.000118, Train: 0.9902, Valid: 0.8941, Test: 0.8360
Run: 09, Epoch: 68, Loss: 0.0004, lr: 0.000118, Train: 0.9903, Valid: 0.8933, Test: 0.8361
Run: 09, Epoch: 69, Loss: 0.0004, lr: 0.000118, Train: 0.9904, Valid: 0.8923, Test: 0.8361
Run: 09, Epoch: 70, Loss: 0.0004, lr: 0.000082, Train: 0.9904, Valid: 0.8916, Test: 0.8360
Run: 09, Epoch: 71, Loss: 0.0004, lr: 0.000082, Train: 0.9905, Valid: 0.8911, Test: 0.8360
Run: 09, Epoch: 72, Loss: 0.0004, lr: 0.000082, Train: 0.9906, Valid: 0.8906, Test: 0.8359
Run: 09, Epoch: 73, Loss: 0.0004, lr: 0.000082, Train: 0.9907, Valid: 0.8903, Test: 0.8358
Run: 09, Epoch: 74, Loss: 0.0004, lr: 0.000082, Train: 0.9907, Valid: 0.8901, Test: 0.8358
Run: 09, Epoch: 75, Loss: 0.0004, lr: 0.000082, Train: 0.9908, Valid: 0.8901, Test: 0.8357
Run: 09, Epoch: 76, Loss: 0.0004, lr: 0.000058, Train: 0.9908, Valid: 0.8901, Test: 0.8356
Run: 09, Epoch: 77, Loss: 0.0004, lr: 0.000058, Train: 0.9909, Valid: 0.8902, Test: 0.8355
Run: 09, Epoch: 78, Loss: 0.0004, lr: 0.000058, Train: 0.9909, Valid: 0.8904, Test: 0.8354
Run: 09, Epoch: 79, Loss: 0.0004, lr: 0.000058, Train: 0.9910, Valid: 0.8905, Test: 0.8353
Run: 09, Epoch: 80, Loss: 0.0004, lr: 0.000058, Train: 0.9910, Valid: 0.8906, Test: 0.8353
Run: 09, Epoch: 81, Loss: 0.0004, lr: 0.000058, Train: 0.9911, Valid: 0.8907, Test: 0.8352
Run: 09, Epoch: 82, Loss: 0.0004, lr: 0.000040, Train: 0.9911, Valid: 0.8907, Test: 0.8351
Run: 09, Epoch: 83, Loss: 0.0003, lr: 0.000040, Train: 0.9911, Valid: 0.8907, Test: 0.8350
Run: 09, Epoch: 84, Loss: 0.0003, lr: 0.000040, Train: 0.9911, Valid: 0.8907, Test: 0.8349
Run: 09, Epoch: 85, Loss: 0.0003, lr: 0.000040, Train: 0.9912, Valid: 0.8906, Test: 0.8349
Run: 09, Epoch: 86, Loss: 0.0003, lr: 0.000040, Train: 0.9912, Valid: 0.8906, Test: 0.8348
Run: 09, Epoch: 87, Loss: 0.0003, lr: 0.000040, Train: 0.9912, Valid: 0.8905, Test: 0.8347
Run: 09, Epoch: 88, Loss: 0.0003, lr: 0.000028, Train: 0.9913, Valid: 0.8904, Test: 0.8347
Run: 09, Epoch: 89, Loss: 0.0003, lr: 0.000028, Train: 0.9913, Valid: 0.8903, Test: 0.8346
Run: 09, Epoch: 90, Loss: 0.0003, lr: 0.000028, Train: 0.9913, Valid: 0.8903, Test: 0.8346
Run: 09, Epoch: 91, Loss: 0.0003, lr: 0.000028, Train: 0.9913, Valid: 0.8902, Test: 0.8346
Run: 09, Epoch: 92, Loss: 0.0003, lr: 0.000028, Train: 0.9914, Valid: 0.8901, Test: 0.8345
Run: 09, Epoch: 93, Loss: 0.0003, lr: 0.000028, Train: 0.9914, Valid: 0.8901, Test: 0.8345
Run: 09, Epoch: 94, Loss: 0.0003, lr: 0.000020, Train: 0.9914, Valid: 0.8900, Test: 0.8345
Run: 09, Epoch: 95, Loss: 0.0003, lr: 0.000020, Train: 0.9914, Valid: 0.8900, Test: 0.8345
Run: 09, Epoch: 96, Loss: 0.0003, lr: 0.000020, Train: 0.9914, Valid: 0.8899, Test: 0.8344
Run: 09, Epoch: 97, Loss: 0.0003, lr: 0.000020, Train: 0.9914, Valid: 0.8899, Test: 0.8344
Run: 09, Epoch: 98, Loss: 0.0003, lr: 0.000020, Train: 0.9915, Valid: 0.8899, Test: 0.8344
Run: 09, Epoch: 99, Loss: 0.0003, lr: 0.000020, Train: 0.9915, Valid: 0.8898, Test: 0.8343
Run: 09, Epoch: 100, Loss: 0.0003, lr: 0.000014, Train: 0.9915, Valid: 0.8898, Test: 0.8343
Run 09:
Highest Train: 0.99
Highest Valid: 0.90
  Final Train: 0.99
   Final Test: 0.84
Run: 10, Epoch: 01, Loss: 0.0669, lr: 0.001000, Train: 0.2807, Valid: -0.7082, Test: -0.5687
Run: 10, Epoch: 02, Loss: 0.0163, lr: 0.001000, Train: 0.2716, Valid: -1.1463, Test: -0.8973
Run: 10, Epoch: 03, Loss: 0.0100, lr: 0.001000, Train: 0.3403, Valid: -0.7289, Test: -0.6684
Run: 10, Epoch: 04, Loss: 0.0069, lr: 0.001000, Train: 0.1666, Valid: -1.0951, Test: -0.9519
Run: 10, Epoch: 05, Loss: 0.0037, lr: 0.001000, Train: -0.0156, Valid: -1.6390, Test: -1.2825
Run: 10, Epoch: 06, Loss: 0.0039, lr: 0.001000, Train: 0.1342, Valid: -1.2632, Test: -0.9083
Run: 10, Epoch: 07, Loss: 0.0035, lr: 0.001000, Train: 0.4651, Valid: -0.4051, Test: -0.1950
Run: 10, Epoch: 08, Loss: 0.0027, lr: 0.001000, Train: 0.6629, Valid: 0.0837, Test: 0.2049
Run: 10, Epoch: 09, Loss: 0.0026, lr: 0.001000, Train: 0.6951, Valid: 0.1485, Test: 0.2668
Run: 10, Epoch: 10, Loss: 0.0021, lr: 0.001000, Train: 0.6554, Valid: -0.0027, Test: 0.1843
Run: 10, Epoch: 11, Loss: 0.0019, lr: 0.001000, Train: 0.6576, Valid: -0.0504, Test: 0.1997
Run: 10, Epoch: 12, Loss: 0.0019, lr: 0.001000, Train: 0.7419, Valid: 0.1217, Test: 0.3856
Run: 10, Epoch: 13, Loss: 0.0016, lr: 0.001000, Train: 0.8275, Valid: 0.3465, Test: 0.5876
Run: 10, Epoch: 14, Loss: 0.0016, lr: 0.001000, Train: 0.8740, Valid: 0.4951, Test: 0.7071
Run: 10, Epoch: 15, Loss: 0.0015, lr: 0.001000, Train: 0.8957, Valid: 0.5570, Test: 0.7454
Run: 10, Epoch: 16, Loss: 0.0013, lr: 0.001000, Train: 0.8990, Valid: 0.5669, Test: 0.7362
Run: 10, Epoch: 17, Loss: 0.0012, lr: 0.001000, Train: 0.9030, Valid: 0.5994, Test: 0.7356
Run: 10, Epoch: 18, Loss: 0.0012, lr: 0.001000, Train: 0.9152, Valid: 0.6628, Test: 0.7630
Run: 10, Epoch: 19, Loss: 0.0011, lr: 0.001000, Train: 0.9257, Valid: 0.7086, Test: 0.7894
Run: 10, Epoch: 20, Loss: 0.0011, lr: 0.001000, Train: 0.9316, Valid: 0.7211, Test: 0.7976
Run: 10, Epoch: 21, Loss: 0.0010, lr: 0.001000, Train: 0.9299, Valid: 0.6946, Test: 0.7782
Run: 10, Epoch: 22, Loss: 0.0009, lr: 0.001000, Train: 0.9164, Valid: 0.6270, Test: 0.7346
Run: 10, Epoch: 23, Loss: 0.0009, lr: 0.001000, Train: 0.9074, Valid: 0.5842, Test: 0.7095
Run: 10, Epoch: 24, Loss: 0.0009, lr: 0.001000, Train: 0.9185, Valid: 0.6170, Test: 0.7343
Run: 10, Epoch: 25, Loss: 0.0008, lr: 0.001000, Train: 0.9373, Valid: 0.6856, Test: 0.7794
Run: 10, Epoch: 26, Loss: 0.0008, lr: 0.001000, Train: 0.9489, Valid: 0.7333, Test: 0.8081
Run: 10, Epoch: 27, Loss: 0.0008, lr: 0.001000, Train: 0.9530, Valid: 0.7488, Test: 0.8125
Run: 10, Epoch: 28, Loss: 0.0007, lr: 0.001000, Train: 0.9546, Valid: 0.7536, Test: 0.8085
Run: 10, Epoch: 29, Loss: 0.0007, lr: 0.001000, Train: 0.9601, Valid: 0.7750, Test: 0.8182
Run: 10, Epoch: 30, Loss: 0.0006, lr: 0.001000, Train: 0.9659, Valid: 0.8075, Test: 0.8380
Run: 10, Epoch: 31, Loss: 0.0006, lr: 0.001000, Train: 0.9676, Valid: 0.8248, Test: 0.8481
Run: 10, Epoch: 32, Loss: 0.0006, lr: 0.001000, Train: 0.9686, Valid: 0.8264, Test: 0.8471
Run: 10, Epoch: 33, Loss: 0.0006, lr: 0.001000, Train: 0.9711, Valid: 0.8287, Test: 0.8479
Run: 10, Epoch: 34, Loss: 0.0005, lr: 0.001000, Train: 0.9742, Valid: 0.8375, Test: 0.8544
Run: 10, Epoch: 35, Loss: 0.0005, lr: 0.001000, Train: 0.9768, Valid: 0.8487, Test: 0.8634
Run: 10, Epoch: 36, Loss: 0.0005, lr: 0.001000, Train: 0.9787, Valid: 0.8540, Test: 0.8680
Run: 10, Epoch: 37, Loss: 0.0005, lr: 0.001000, Train: 0.9795, Valid: 0.8521, Test: 0.8666
Run: 10, Epoch: 38, Loss: 0.0005, lr: 0.001000, Train: 0.9810, Valid: 0.8526, Test: 0.8678
Run: 10, Epoch: 39, Loss: 0.0004, lr: 0.001000, Train: 0.9835, Valid: 0.8591, Test: 0.8736
Run: 10, Epoch: 40, Loss: 0.0004, lr: 0.001000, Train: 0.9848, Valid: 0.8664, Test: 0.8771
Run: 10, Epoch: 41, Loss: 0.0004, lr: 0.001000, Train: 0.9854, Valid: 0.8722, Test: 0.8769
Run: 10, Epoch: 42, Loss: 0.0004, lr: 0.001000, Train: 0.9855, Valid: 0.8771, Test: 0.8762
Run: 10, Epoch: 43, Loss: 0.0004, lr: 0.001000, Train: 0.9858, Valid: 0.8824, Test: 0.8796
Run: 10, Epoch: 44, Loss: 0.0004, lr: 0.001000, Train: 0.9862, Valid: 0.8856, Test: 0.8828
Run: 10, Epoch: 45, Loss: 0.0004, lr: 0.001000, Train: 0.9862, Valid: 0.8823, Test: 0.8805
Run: 10, Epoch: 46, Loss: 0.0003, lr: 0.001000, Train: 0.9862, Valid: 0.8788, Test: 0.8780
Run: 10, Epoch: 47, Loss: 0.0003, lr: 0.001000, Train: 0.9863, Valid: 0.8822, Test: 0.8808
Run: 10, Epoch: 48, Loss: 0.0003, lr: 0.001000, Train: 0.9869, Valid: 0.8873, Test: 0.8840
Run: 10, Epoch: 49, Loss: 0.0003, lr: 0.001000, Train: 0.9881, Valid: 0.8876, Test: 0.8821
Run: 10, Epoch: 50, Loss: 0.0003, lr: 0.001000, Train: 0.9891, Valid: 0.8880, Test: 0.8805
Run: 10, Epoch: 51, Loss: 0.0003, lr: 0.001000, Train: 0.9897, Valid: 0.8924, Test: 0.8839
Run: 10, Epoch: 52, Loss: 0.0003, lr: 0.001000, Train: 0.9902, Valid: 0.8944, Test: 0.8861
Run: 10, Epoch: 53, Loss: 0.0003, lr: 0.001000, Train: 0.9905, Valid: 0.8924, Test: 0.8846
Run: 10, Epoch: 54, Loss: 0.0003, lr: 0.001000, Train: 0.9909, Valid: 0.8936, Test: 0.8865
Run: 10, Epoch: 55, Loss: 0.0003, lr: 0.001000, Train: 0.9911, Valid: 0.8962, Test: 0.8896
Run: 10, Epoch: 56, Loss: 0.0003, lr: 0.001000, Train: 0.9916, Valid: 0.8949, Test: 0.8890
Run: 10, Epoch: 57, Loss: 0.0003, lr: 0.001000, Train: 0.9919, Valid: 0.8959, Test: 0.8904
Run: 10, Epoch: 58, Loss: 0.0002, lr: 0.001000, Train: 0.9922, Valid: 0.8988, Test: 0.8935
Run: 10, Epoch: 59, Loss: 0.0002, lr: 0.001000, Train: 0.9925, Valid: 0.8974, Test: 0.8923
Run: 10, Epoch: 60, Loss: 0.0002, lr: 0.001000, Train: 0.9928, Valid: 0.8981, Test: 0.8926
Run: 10, Epoch: 61, Loss: 0.0002, lr: 0.001000, Train: 0.9930, Valid: 0.9023, Test: 0.8958
Run: 10, Epoch: 62, Loss: 0.0002, lr: 0.001000, Train: 0.9932, Valid: 0.9015, Test: 0.8949
Run: 10, Epoch: 63, Loss: 0.0002, lr: 0.001000, Train: 0.9935, Valid: 0.9020, Test: 0.8955
Run: 10, Epoch: 64, Loss: 0.0002, lr: 0.001000, Train: 0.9936, Valid: 0.9041, Test: 0.8976
Run: 10, Epoch: 65, Loss: 0.0002, lr: 0.001000, Train: 0.9938, Valid: 0.9018, Test: 0.8959
Run: 10, Epoch: 66, Loss: 0.0002, lr: 0.001000, Train: 0.9940, Valid: 0.9039, Test: 0.8982
Run: 10, Epoch: 67, Loss: 0.0002, lr: 0.001000, Train: 0.9942, Valid: 0.9040, Test: 0.8986
Run: 10, Epoch: 68, Loss: 0.0002, lr: 0.001000, Train: 0.9943, Valid: 0.9027, Test: 0.8972
Run: 10, Epoch: 69, Loss: 0.0002, lr: 0.001000, Train: 0.9944, Valid: 0.9068, Test: 0.8995
Run: 10, Epoch: 70, Loss: 0.0002, lr: 0.001000, Train: 0.9945, Valid: 0.9059, Test: 0.8983
Run: 10, Epoch: 71, Loss: 0.0002, lr: 0.001000, Train: 0.9947, Valid: 0.9066, Test: 0.8993
Run: 10, Epoch: 72, Loss: 0.0002, lr: 0.001000, Train: 0.9948, Valid: 0.9059, Test: 0.8993
Run: 10, Epoch: 73, Loss: 0.0002, lr: 0.001000, Train: 0.9949, Valid: 0.9054, Test: 0.8992
Run: 10, Epoch: 74, Loss: 0.0002, lr: 0.001000, Train: 0.9950, Valid: 0.9061, Test: 0.9003
Run: 10, Epoch: 75, Loss: 0.0002, lr: 0.001000, Train: 0.9951, Valid: 0.9053, Test: 0.8998
Run: 10, Epoch: 76, Loss: 0.0002, lr: 0.000700, Train: 0.9952, Valid: 0.9067, Test: 0.9010
Run: 10, Epoch: 77, Loss: 0.0002, lr: 0.000700, Train: 0.9953, Valid: 0.9068, Test: 0.9009
Run: 10, Epoch: 78, Loss: 0.0002, lr: 0.000700, Train: 0.9955, Valid: 0.9064, Test: 0.9006
Run: 10, Epoch: 79, Loss: 0.0002, lr: 0.000700, Train: 0.9956, Valid: 0.9071, Test: 0.9015
Run: 10, Epoch: 80, Loss: 0.0002, lr: 0.000700, Train: 0.9957, Valid: 0.9072, Test: 0.9021
Run: 10, Epoch: 81, Loss: 0.0001, lr: 0.000700, Train: 0.9958, Valid: 0.9061, Test: 0.9017
Run: 10, Epoch: 82, Loss: 0.0001, lr: 0.000700, Train: 0.9959, Valid: 0.9068, Test: 0.9025
Run: 10, Epoch: 83, Loss: 0.0001, lr: 0.000700, Train: 0.9961, Valid: 0.9061, Test: 0.9019
Run: 10, Epoch: 84, Loss: 0.0001, lr: 0.000700, Train: 0.9961, Valid: 0.9071, Test: 0.9025
Run: 10, Epoch: 85, Loss: 0.0001, lr: 0.000700, Train: 0.9962, Valid: 0.9069, Test: 0.9022
Run: 10, Epoch: 86, Loss: 0.0001, lr: 0.000700, Train: 0.9963, Valid: 0.9050, Test: 0.9013
Run: 10, Epoch: 87, Loss: 0.0001, lr: 0.000490, Train: 0.9963, Valid: 0.9068, Test: 0.9027
Run: 10, Epoch: 88, Loss: 0.0001, lr: 0.000490, Train: 0.9964, Valid: 0.9059, Test: 0.9020
Run: 10, Epoch: 89, Loss: 0.0001, lr: 0.000490, Train: 0.9965, Valid: 0.9042, Test: 0.9008
Run: 10, Epoch: 90, Loss: 0.0001, lr: 0.000490, Train: 0.9965, Valid: 0.9061, Test: 0.9025
Run: 10, Epoch: 91, Loss: 0.0001, lr: 0.000490, Train: 0.9966, Valid: 0.9061, Test: 0.9029
Run: 10, Epoch: 92, Loss: 0.0001, lr: 0.000490, Train: 0.9967, Valid: 0.9055, Test: 0.9024
Run: 10, Epoch: 93, Loss: 0.0001, lr: 0.000343, Train: 0.9967, Valid: 0.9058, Test: 0.9025
Run: 10, Epoch: 94, Loss: 0.0001, lr: 0.000343, Train: 0.9967, Valid: 0.9070, Test: 0.9030
Run: 10, Epoch: 95, Loss: 0.0001, lr: 0.000343, Train: 0.9968, Valid: 0.9059, Test: 0.9023
Run: 10, Epoch: 96, Loss: 0.0001, lr: 0.000343, Train: 0.9968, Valid: 0.9054, Test: 0.9017
Run: 10, Epoch: 97, Loss: 0.0001, lr: 0.000343, Train: 0.9969, Valid: 0.9056, Test: 0.9016
Run: 10, Epoch: 98, Loss: 0.0001, lr: 0.000343, Train: 0.9969, Valid: 0.9064, Test: 0.9020
Run: 10, Epoch: 99, Loss: 0.0001, lr: 0.000240, Train: 0.9970, Valid: 0.9060, Test: 0.9016
Run: 10, Epoch: 100, Loss: 0.0001, lr: 0.000240, Train: 0.9971, Valid: 0.9052, Test: 0.9008
Run 10:
Highest Train: 1.00
Highest Valid: 0.91
  Final Train: 1.00
   Final Test: 0.90
All runs:
Highest Train: 0.99  0.00
Highest Valid: 0.87  0.07
  Final Train: 0.99  0.01
   Final Test: 0.90  0.04
