Namespace(conv_layers=3, device=0, dropout=0.0, epochs=100, hidden_dim=256, log_steps=1, lr=0.001, method='deeper', mlp_layers=2, runs=10, subset='physics')
Run: 01, Epoch: 01, Loss: 0.0226, lr: 0.001000, Train: 0.5636, Valid: 0.7643, Test: 0.3539
Run: 01, Epoch: 02, Loss: 0.0185, lr: 0.001000, Train: 0.6476, Valid: 0.8174, Test: 0.5378
Run: 01, Epoch: 03, Loss: 0.0106, lr: 0.001000, Train: 0.7606, Valid: 0.9014, Test: 0.5336
Run: 01, Epoch: 04, Loss: 0.0041, lr: 0.001000, Train: 0.8011, Valid: 0.9390, Test: 0.5876
Run: 01, Epoch: 05, Loss: 0.0040, lr: 0.001000, Train: 0.8246, Valid: 0.9470, Test: 0.7391
Run: 01, Epoch: 06, Loss: 0.0025, lr: 0.001000, Train: 0.8169, Valid: 0.9365, Test: 0.7344
Run: 01, Epoch: 07, Loss: 0.0025, lr: 0.001000, Train: 0.8093, Valid: 0.9259, Test: 0.6736
Run: 01, Epoch: 08, Loss: 0.0021, lr: 0.001000, Train: 0.8240, Valid: 0.9267, Test: 0.5958
Run: 01, Epoch: 09, Loss: 0.0016, lr: 0.001000, Train: 0.8458, Valid: 0.9314, Test: 0.6114
Run: 01, Epoch: 10, Loss: 0.0013, lr: 0.001000, Train: 0.8223, Valid: 0.9004, Test: 0.6160
Run: 01, Epoch: 11, Loss: 0.0012, lr: 0.001000, Train: 0.8055, Valid: 0.8769, Test: 0.5843
Run: 01, Epoch: 12, Loss: 0.0012, lr: 0.000700, Train: 0.8429, Valid: 0.8969, Test: 0.6486
Run: 01, Epoch: 13, Loss: 0.0011, lr: 0.000700, Train: 0.8871, Valid: 0.9247, Test: 0.7367
Run: 01, Epoch: 14, Loss: 0.0009, lr: 0.000700, Train: 0.9085, Valid: 0.9408, Test: 0.7799
Run: 01, Epoch: 15, Loss: 0.0009, lr: 0.000700, Train: 0.9118, Valid: 0.9428, Test: 0.7796
Run: 01, Epoch: 16, Loss: 0.0008, lr: 0.000700, Train: 0.9099, Valid: 0.9351, Test: 0.7663
Run: 01, Epoch: 17, Loss: 0.0007, lr: 0.000700, Train: 0.8991, Valid: 0.9196, Test: 0.7391
Run: 01, Epoch: 18, Loss: 0.0006, lr: 0.000490, Train: 0.8908, Valid: 0.9111, Test: 0.7251
Run: 01, Epoch: 19, Loss: 0.0006, lr: 0.000490, Train: 0.8881, Valid: 0.9092, Test: 0.7251
Run: 01, Epoch: 20, Loss: 0.0006, lr: 0.000490, Train: 0.8964, Valid: 0.9148, Test: 0.7446
Run: 01, Epoch: 21, Loss: 0.0006, lr: 0.000490, Train: 0.9126, Valid: 0.9251, Test: 0.7748
Run: 01, Epoch: 22, Loss: 0.0005, lr: 0.000490, Train: 0.9303, Valid: 0.9359, Test: 0.8039
Run: 01, Epoch: 23, Loss: 0.0005, lr: 0.000490, Train: 0.9438, Valid: 0.9441, Test: 0.8237
Run: 01, Epoch: 24, Loss: 0.0004, lr: 0.000343, Train: 0.9518, Valid: 0.9487, Test: 0.8332
Run: 01, Epoch: 25, Loss: 0.0004, lr: 0.000343, Train: 0.9572, Valid: 0.9516, Test: 0.8389
Run: 01, Epoch: 26, Loss: 0.0004, lr: 0.000343, Train: 0.9613, Valid: 0.9529, Test: 0.8421
Run: 01, Epoch: 27, Loss: 0.0004, lr: 0.000343, Train: 0.9646, Valid: 0.9536, Test: 0.8443
Run: 01, Epoch: 28, Loss: 0.0004, lr: 0.000343, Train: 0.9677, Valid: 0.9541, Test: 0.8461
Run: 01, Epoch: 29, Loss: 0.0004, lr: 0.000343, Train: 0.9711, Valid: 0.9546, Test: 0.8481
Run: 01, Epoch: 30, Loss: 0.0004, lr: 0.000343, Train: 0.9746, Valid: 0.9553, Test: 0.8507
Run: 01, Epoch: 31, Loss: 0.0003, lr: 0.000343, Train: 0.9782, Valid: 0.9561, Test: 0.8540
Run: 01, Epoch: 32, Loss: 0.0003, lr: 0.000343, Train: 0.9814, Valid: 0.9569, Test: 0.8567
Run: 01, Epoch: 33, Loss: 0.0003, lr: 0.000343, Train: 0.9840, Valid: 0.9575, Test: 0.8576
Run: 01, Epoch: 34, Loss: 0.0003, lr: 0.000343, Train: 0.9858, Valid: 0.9575, Test: 0.8573
Run: 01, Epoch: 35, Loss: 0.0003, lr: 0.000343, Train: 0.9871, Valid: 0.9571, Test: 0.8567
Run: 01, Epoch: 36, Loss: 0.0003, lr: 0.000343, Train: 0.9882, Valid: 0.9563, Test: 0.8563
Run: 01, Epoch: 37, Loss: 0.0003, lr: 0.000343, Train: 0.9890, Valid: 0.9554, Test: 0.8564
Run: 01, Epoch: 38, Loss: 0.0002, lr: 0.000343, Train: 0.9894, Valid: 0.9545, Test: 0.8569
Run: 01, Epoch: 39, Loss: 0.0002, lr: 0.000343, Train: 0.9895, Valid: 0.9540, Test: 0.8575
Run: 01, Epoch: 40, Loss: 0.0002, lr: 0.000240, Train: 0.9898, Valid: 0.9539, Test: 0.8584
Run: 01, Epoch: 41, Loss: 0.0002, lr: 0.000240, Train: 0.9903, Valid: 0.9543, Test: 0.8593
Run: 01, Epoch: 42, Loss: 0.0002, lr: 0.000240, Train: 0.9908, Valid: 0.9549, Test: 0.8603
Run: 01, Epoch: 43, Loss: 0.0002, lr: 0.000240, Train: 0.9913, Valid: 0.9556, Test: 0.8613
Run: 01, Epoch: 44, Loss: 0.0002, lr: 0.000240, Train: 0.9917, Valid: 0.9562, Test: 0.8627
Run: 01, Epoch: 45, Loss: 0.0002, lr: 0.000240, Train: 0.9921, Valid: 0.9568, Test: 0.8643
Run: 01, Epoch: 46, Loss: 0.0002, lr: 0.000168, Train: 0.9925, Valid: 0.9572, Test: 0.8655
Run: 01, Epoch: 47, Loss: 0.0002, lr: 0.000168, Train: 0.9928, Valid: 0.9574, Test: 0.8668
Run: 01, Epoch: 48, Loss: 0.0002, lr: 0.000168, Train: 0.9931, Valid: 0.9574, Test: 0.8680
Run: 01, Epoch: 49, Loss: 0.0002, lr: 0.000168, Train: 0.9934, Valid: 0.9574, Test: 0.8689
Run: 01, Epoch: 50, Loss: 0.0002, lr: 0.000168, Train: 0.9937, Valid: 0.9573, Test: 0.8696
Run: 01, Epoch: 51, Loss: 0.0002, lr: 0.000168, Train: 0.9938, Valid: 0.9571, Test: 0.8701
Run: 01, Epoch: 52, Loss: 0.0002, lr: 0.000118, Train: 0.9940, Valid: 0.9570, Test: 0.8703
Run: 01, Epoch: 53, Loss: 0.0002, lr: 0.000118, Train: 0.9941, Valid: 0.9569, Test: 0.8703
Run: 01, Epoch: 54, Loss: 0.0002, lr: 0.000118, Train: 0.9943, Valid: 0.9569, Test: 0.8703
Run: 01, Epoch: 55, Loss: 0.0002, lr: 0.000118, Train: 0.9944, Valid: 0.9568, Test: 0.8702
Run: 01, Epoch: 56, Loss: 0.0002, lr: 0.000118, Train: 0.9945, Valid: 0.9568, Test: 0.8701
Run: 01, Epoch: 57, Loss: 0.0002, lr: 0.000118, Train: 0.9946, Valid: 0.9568, Test: 0.8699
Run: 01, Epoch: 58, Loss: 0.0002, lr: 0.000082, Train: 0.9947, Valid: 0.9568, Test: 0.8698
Run: 01, Epoch: 59, Loss: 0.0002, lr: 0.000082, Train: 0.9948, Valid: 0.9568, Test: 0.8697
Run: 01, Epoch: 60, Loss: 0.0002, lr: 0.000082, Train: 0.9948, Valid: 0.9568, Test: 0.8696
Run: 01, Epoch: 61, Loss: 0.0002, lr: 0.000082, Train: 0.9949, Valid: 0.9568, Test: 0.8696
Run: 01, Epoch: 62, Loss: 0.0002, lr: 0.000082, Train: 0.9949, Valid: 0.9568, Test: 0.8696
Run: 01, Epoch: 63, Loss: 0.0001, lr: 0.000082, Train: 0.9950, Valid: 0.9567, Test: 0.8697
Run: 01, Epoch: 64, Loss: 0.0001, lr: 0.000058, Train: 0.9950, Valid: 0.9566, Test: 0.8698
Run: 01, Epoch: 65, Loss: 0.0001, lr: 0.000058, Train: 0.9951, Valid: 0.9566, Test: 0.8698
Run: 01, Epoch: 66, Loss: 0.0001, lr: 0.000058, Train: 0.9951, Valid: 0.9565, Test: 0.8699
Run: 01, Epoch: 67, Loss: 0.0001, lr: 0.000058, Train: 0.9952, Valid: 0.9564, Test: 0.8699
Run: 01, Epoch: 68, Loss: 0.0001, lr: 0.000058, Train: 0.9952, Valid: 0.9564, Test: 0.8699
Run: 01, Epoch: 69, Loss: 0.0001, lr: 0.000058, Train: 0.9952, Valid: 0.9563, Test: 0.8699
Run: 01, Epoch: 70, Loss: 0.0001, lr: 0.000040, Train: 0.9953, Valid: 0.9562, Test: 0.8699
Run: 01, Epoch: 71, Loss: 0.0001, lr: 0.000040, Train: 0.9953, Valid: 0.9562, Test: 0.8698
Run: 01, Epoch: 72, Loss: 0.0001, lr: 0.000040, Train: 0.9953, Valid: 0.9561, Test: 0.8697
Run: 01, Epoch: 73, Loss: 0.0001, lr: 0.000040, Train: 0.9953, Valid: 0.9561, Test: 0.8696
Run: 01, Epoch: 74, Loss: 0.0001, lr: 0.000040, Train: 0.9954, Valid: 0.9560, Test: 0.8696
Run: 01, Epoch: 75, Loss: 0.0001, lr: 0.000040, Train: 0.9954, Valid: 0.9560, Test: 0.8695
Run: 01, Epoch: 76, Loss: 0.0001, lr: 0.000028, Train: 0.9954, Valid: 0.9560, Test: 0.8694
Run: 01, Epoch: 77, Loss: 0.0001, lr: 0.000028, Train: 0.9954, Valid: 0.9560, Test: 0.8694
Run: 01, Epoch: 78, Loss: 0.0001, lr: 0.000028, Train: 0.9955, Valid: 0.9559, Test: 0.8693
Run: 01, Epoch: 79, Loss: 0.0001, lr: 0.000028, Train: 0.9955, Valid: 0.9559, Test: 0.8692
Run: 01, Epoch: 80, Loss: 0.0001, lr: 0.000028, Train: 0.9955, Valid: 0.9559, Test: 0.8692
Run: 01, Epoch: 81, Loss: 0.0001, lr: 0.000028, Train: 0.9955, Valid: 0.9559, Test: 0.8692
Run: 01, Epoch: 82, Loss: 0.0001, lr: 0.000020, Train: 0.9955, Valid: 0.9559, Test: 0.8691
Run: 01, Epoch: 83, Loss: 0.0001, lr: 0.000020, Train: 0.9955, Valid: 0.9559, Test: 0.8691
Run: 01, Epoch: 84, Loss: 0.0001, lr: 0.000020, Train: 0.9955, Valid: 0.9559, Test: 0.8691
Run: 01, Epoch: 85, Loss: 0.0001, lr: 0.000020, Train: 0.9956, Valid: 0.9559, Test: 0.8690
Run: 01, Epoch: 86, Loss: 0.0001, lr: 0.000020, Train: 0.9956, Valid: 0.9559, Test: 0.8690
Run: 01, Epoch: 87, Loss: 0.0001, lr: 0.000020, Train: 0.9956, Valid: 0.9559, Test: 0.8690
Run: 01, Epoch: 88, Loss: 0.0001, lr: 0.000014, Train: 0.9956, Valid: 0.9559, Test: 0.8690
Run: 01, Epoch: 89, Loss: 0.0001, lr: 0.000014, Train: 0.9956, Valid: 0.9558, Test: 0.8690
Run: 01, Epoch: 90, Loss: 0.0001, lr: 0.000014, Train: 0.9956, Valid: 0.9558, Test: 0.8690
Run: 01, Epoch: 91, Loss: 0.0001, lr: 0.000014, Train: 0.9956, Valid: 0.9558, Test: 0.8690
Run: 01, Epoch: 92, Loss: 0.0001, lr: 0.000014, Train: 0.9956, Valid: 0.9558, Test: 0.8690
Run: 01, Epoch: 93, Loss: 0.0001, lr: 0.000014, Train: 0.9956, Valid: 0.9558, Test: 0.8690
Run: 01, Epoch: 94, Loss: 0.0001, lr: 0.000010, Train: 0.9956, Valid: 0.9558, Test: 0.8689
Run: 01, Epoch: 95, Loss: 0.0001, lr: 0.000010, Train: 0.9957, Valid: 0.9558, Test: 0.8689
Run: 01, Epoch: 96, Loss: 0.0001, lr: 0.000010, Train: 0.9957, Valid: 0.9558, Test: 0.8689
Run: 01, Epoch: 97, Loss: 0.0001, lr: 0.000010, Train: 0.9957, Valid: 0.9558, Test: 0.8689
Run: 01, Epoch: 98, Loss: 0.0001, lr: 0.000010, Train: 0.9957, Valid: 0.9558, Test: 0.8689
Run: 01, Epoch: 99, Loss: 0.0001, lr: 0.000010, Train: 0.9957, Valid: 0.9558, Test: 0.8689
Run: 01, Epoch: 100, Loss: 0.0001, lr: 0.000010, Train: 0.9957, Valid: 0.9558, Test: 0.8690
Run 01:
Highest Train: 1.00
Highest Valid: 0.96
  Final Train: 0.99
   Final Test: 0.86
Run: 02, Epoch: 01, Loss: 0.0457, lr: 0.001000, Train: 0.5472, Valid: 0.3963, Test: 0.5046
Run: 02, Epoch: 02, Loss: 0.0148, lr: 0.001000, Train: 0.7243, Valid: 0.5591, Test: 0.6105
Run: 02, Epoch: 03, Loss: 0.0084, lr: 0.001000, Train: 0.7690, Valid: 0.5124, Test: 0.4417
Run: 02, Epoch: 04, Loss: 0.0054, lr: 0.001000, Train: 0.7428, Valid: 0.3393, Test: 0.3736
Run: 02, Epoch: 05, Loss: 0.0029, lr: 0.001000, Train: 0.6554, Valid: 0.2321, Test: 0.4688
Run: 02, Epoch: 06, Loss: 0.0033, lr: 0.001000, Train: 0.7504, Valid: 0.3703, Test: 0.6885
Run: 02, Epoch: 07, Loss: 0.0021, lr: 0.001000, Train: 0.7808, Valid: 0.4266, Test: 0.7521
Run: 02, Epoch: 08, Loss: 0.0020, lr: 0.001000, Train: 0.8088, Valid: 0.4425, Test: 0.7492
Run: 02, Epoch: 09, Loss: 0.0015, lr: 0.000700, Train: 0.8322, Valid: 0.4671, Test: 0.7617
Run: 02, Epoch: 10, Loss: 0.0012, lr: 0.000700, Train: 0.8456, Valid: 0.5133, Test: 0.7970
Run: 02, Epoch: 11, Loss: 0.0012, lr: 0.000700, Train: 0.8721, Valid: 0.5922, Test: 0.8467
Run: 02, Epoch: 12, Loss: 0.0012, lr: 0.000700, Train: 0.9028, Valid: 0.6728, Test: 0.8781
Run: 02, Epoch: 13, Loss: 0.0009, lr: 0.000700, Train: 0.9170, Valid: 0.7275, Test: 0.8831
Run: 02, Epoch: 14, Loss: 0.0008, lr: 0.000700, Train: 0.9193, Valid: 0.7530, Test: 0.8828
Run: 02, Epoch: 15, Loss: 0.0009, lr: 0.000700, Train: 0.9227, Valid: 0.7633, Test: 0.8935
Run: 02, Epoch: 16, Loss: 0.0008, lr: 0.000700, Train: 0.9276, Valid: 0.7640, Test: 0.9069
Run: 02, Epoch: 17, Loss: 0.0006, lr: 0.000700, Train: 0.9270, Valid: 0.7600, Test: 0.9080
Run: 02, Epoch: 18, Loss: 0.0006, lr: 0.000700, Train: 0.9249, Valid: 0.7579, Test: 0.8986
Run: 02, Epoch: 19, Loss: 0.0006, lr: 0.000700, Train: 0.9318, Valid: 0.7649, Test: 0.8972
Run: 02, Epoch: 20, Loss: 0.0005, lr: 0.000700, Train: 0.9411, Valid: 0.7740, Test: 0.9067
Run: 02, Epoch: 21, Loss: 0.0004, lr: 0.000700, Train: 0.9443, Valid: 0.7821, Test: 0.9175
Run: 02, Epoch: 22, Loss: 0.0004, lr: 0.000700, Train: 0.9455, Valid: 0.7875, Test: 0.9239
Run: 02, Epoch: 23, Loss: 0.0004, lr: 0.000700, Train: 0.9496, Valid: 0.7883, Test: 0.9270
Run: 02, Epoch: 24, Loss: 0.0004, lr: 0.000700, Train: 0.9547, Valid: 0.7860, Test: 0.9269
Run: 02, Epoch: 25, Loss: 0.0003, lr: 0.000700, Train: 0.9573, Valid: 0.7820, Test: 0.9234
Run: 02, Epoch: 26, Loss: 0.0003, lr: 0.000700, Train: 0.9596, Valid: 0.7837, Test: 0.9191
Run: 02, Epoch: 27, Loss: 0.0003, lr: 0.000700, Train: 0.9642, Valid: 0.7951, Test: 0.9189
Run: 02, Epoch: 28, Loss: 0.0003, lr: 0.000700, Train: 0.9680, Valid: 0.8090, Test: 0.9213
Run: 02, Epoch: 29, Loss: 0.0003, lr: 0.000700, Train: 0.9701, Valid: 0.8179, Test: 0.9231
Run: 02, Epoch: 30, Loss: 0.0003, lr: 0.000700, Train: 0.9728, Valid: 0.8228, Test: 0.9240
Run: 02, Epoch: 31, Loss: 0.0002, lr: 0.000700, Train: 0.9768, Valid: 0.8300, Test: 0.9257
Run: 02, Epoch: 32, Loss: 0.0002, lr: 0.000700, Train: 0.9805, Valid: 0.8418, Test: 0.9284
Run: 02, Epoch: 33, Loss: 0.0002, lr: 0.000700, Train: 0.9825, Valid: 0.8527, Test: 0.9308
Run: 02, Epoch: 34, Loss: 0.0002, lr: 0.000700, Train: 0.9838, Valid: 0.8583, Test: 0.9315
Run: 02, Epoch: 35, Loss: 0.0002, lr: 0.000700, Train: 0.9852, Valid: 0.8582, Test: 0.9312
Run: 02, Epoch: 36, Loss: 0.0002, lr: 0.000700, Train: 0.9865, Valid: 0.8572, Test: 0.9312
Run: 02, Epoch: 37, Loss: 0.0002, lr: 0.000700, Train: 0.9878, Valid: 0.8596, Test: 0.9317
Run: 02, Epoch: 38, Loss: 0.0002, lr: 0.000700, Train: 0.9893, Valid: 0.8647, Test: 0.9319
Run: 02, Epoch: 39, Loss: 0.0001, lr: 0.000700, Train: 0.9908, Valid: 0.8694, Test: 0.9310
Run: 02, Epoch: 40, Loss: 0.0001, lr: 0.000700, Train: 0.9916, Valid: 0.8730, Test: 0.9299
Run: 02, Epoch: 41, Loss: 0.0001, lr: 0.000700, Train: 0.9921, Valid: 0.8775, Test: 0.9300
Run: 02, Epoch: 42, Loss: 0.0001, lr: 0.000700, Train: 0.9926, Valid: 0.8821, Test: 0.9316
Run: 02, Epoch: 43, Loss: 0.0001, lr: 0.000700, Train: 0.9929, Valid: 0.8830, Test: 0.9329
Run: 02, Epoch: 44, Loss: 0.0001, lr: 0.000700, Train: 0.9932, Valid: 0.8803, Test: 0.9323
Run: 02, Epoch: 45, Loss: 0.0001, lr: 0.000700, Train: 0.9937, Valid: 0.8784, Test: 0.9307
Run: 02, Epoch: 46, Loss: 0.0001, lr: 0.000700, Train: 0.9945, Valid: 0.8807, Test: 0.9298
Run: 02, Epoch: 47, Loss: 0.0001, lr: 0.000700, Train: 0.9952, Valid: 0.8841, Test: 0.9299
Run: 02, Epoch: 48, Loss: 0.0001, lr: 0.000700, Train: 0.9959, Valid: 0.8850, Test: 0.9307
Run: 02, Epoch: 49, Loss: 0.0001, lr: 0.000700, Train: 0.9964, Valid: 0.8845, Test: 0.9317
Run: 02, Epoch: 50, Loss: 0.0001, lr: 0.000700, Train: 0.9967, Valid: 0.8857, Test: 0.9330
Run: 02, Epoch: 51, Loss: 0.0001, lr: 0.000700, Train: 0.9967, Valid: 0.8882, Test: 0.9332
Run: 02, Epoch: 52, Loss: 0.0001, lr: 0.000700, Train: 0.9969, Valid: 0.8897, Test: 0.9315
Run: 02, Epoch: 53, Loss: 0.0001, lr: 0.000700, Train: 0.9970, Valid: 0.8897, Test: 0.9289
Run: 02, Epoch: 54, Loss: 0.0001, lr: 0.000700, Train: 0.9971, Valid: 0.8898, Test: 0.9274
Run: 02, Epoch: 55, Loss: 0.0001, lr: 0.000700, Train: 0.9973, Valid: 0.8896, Test: 0.9276
Run: 02, Epoch: 56, Loss: 0.0001, lr: 0.000700, Train: 0.9975, Valid: 0.8874, Test: 0.9283
Run: 02, Epoch: 57, Loss: 0.0001, lr: 0.000700, Train: 0.9976, Valid: 0.8853, Test: 0.9287
Run: 02, Epoch: 58, Loss: 0.0001, lr: 0.000700, Train: 0.9977, Valid: 0.8861, Test: 0.9291
Run: 02, Epoch: 59, Loss: 0.0001, lr: 0.000700, Train: 0.9979, Valid: 0.8879, Test: 0.9287
Run: 02, Epoch: 60, Loss: 0.0001, lr: 0.000700, Train: 0.9980, Valid: 0.8872, Test: 0.9268
Run: 02, Epoch: 61, Loss: 0.0001, lr: 0.000490, Train: 0.9981, Valid: 0.8873, Test: 0.9256
Run: 02, Epoch: 62, Loss: 0.0001, lr: 0.000490, Train: 0.9981, Valid: 0.8886, Test: 0.9252
Run: 02, Epoch: 63, Loss: 0.0001, lr: 0.000490, Train: 0.9981, Valid: 0.8897, Test: 0.9251
Run: 02, Epoch: 64, Loss: 0.0000, lr: 0.000490, Train: 0.9982, Valid: 0.8896, Test: 0.9251
Run: 02, Epoch: 65, Loss: 0.0000, lr: 0.000490, Train: 0.9983, Valid: 0.8888, Test: 0.9252
Run: 02, Epoch: 66, Loss: 0.0000, lr: 0.000490, Train: 0.9984, Valid: 0.8882, Test: 0.9253
Run: 02, Epoch: 67, Loss: 0.0000, lr: 0.000343, Train: 0.9984, Valid: 0.8880, Test: 0.9253
Run: 02, Epoch: 68, Loss: 0.0000, lr: 0.000343, Train: 0.9985, Valid: 0.8874, Test: 0.9251
Run: 02, Epoch: 69, Loss: 0.0000, lr: 0.000343, Train: 0.9985, Valid: 0.8865, Test: 0.9247
Run: 02, Epoch: 70, Loss: 0.0000, lr: 0.000343, Train: 0.9985, Valid: 0.8855, Test: 0.9242
Run: 02, Epoch: 71, Loss: 0.0000, lr: 0.000343, Train: 0.9985, Valid: 0.8852, Test: 0.9238
Run: 02, Epoch: 72, Loss: 0.0000, lr: 0.000343, Train: 0.9985, Valid: 0.8855, Test: 0.9236
Run: 02, Epoch: 73, Loss: 0.0000, lr: 0.000240, Train: 0.9986, Valid: 0.8858, Test: 0.9234
Run: 02, Epoch: 74, Loss: 0.0000, lr: 0.000240, Train: 0.9986, Valid: 0.8860, Test: 0.9232
Run: 02, Epoch: 75, Loss: 0.0000, lr: 0.000240, Train: 0.9986, Valid: 0.8860, Test: 0.9229
Run: 02, Epoch: 76, Loss: 0.0000, lr: 0.000240, Train: 0.9987, Valid: 0.8862, Test: 0.9227
Run: 02, Epoch: 77, Loss: 0.0000, lr: 0.000240, Train: 0.9987, Valid: 0.8866, Test: 0.9227
Run: 02, Epoch: 78, Loss: 0.0000, lr: 0.000240, Train: 0.9987, Valid: 0.8871, Test: 0.9227
Run: 02, Epoch: 79, Loss: 0.0000, lr: 0.000168, Train: 0.9987, Valid: 0.8873, Test: 0.9227
Run: 02, Epoch: 80, Loss: 0.0000, lr: 0.000168, Train: 0.9988, Valid: 0.8873, Test: 0.9227
Run: 02, Epoch: 81, Loss: 0.0000, lr: 0.000168, Train: 0.9988, Valid: 0.8871, Test: 0.9227
Run: 02, Epoch: 82, Loss: 0.0000, lr: 0.000168, Train: 0.9988, Valid: 0.8867, Test: 0.9226
Run: 02, Epoch: 83, Loss: 0.0000, lr: 0.000168, Train: 0.9988, Valid: 0.8863, Test: 0.9224
Run: 02, Epoch: 84, Loss: 0.0000, lr: 0.000168, Train: 0.9988, Valid: 0.8861, Test: 0.9223
Run: 02, Epoch: 85, Loss: 0.0000, lr: 0.000118, Train: 0.9988, Valid: 0.8861, Test: 0.9222
Run: 02, Epoch: 86, Loss: 0.0000, lr: 0.000118, Train: 0.9988, Valid: 0.8862, Test: 0.9222
Run: 02, Epoch: 87, Loss: 0.0000, lr: 0.000118, Train: 0.9988, Valid: 0.8862, Test: 0.9221
Run: 02, Epoch: 88, Loss: 0.0000, lr: 0.000118, Train: 0.9989, Valid: 0.8863, Test: 0.9221
Run: 02, Epoch: 89, Loss: 0.0000, lr: 0.000118, Train: 0.9989, Valid: 0.8863, Test: 0.9221
Run: 02, Epoch: 90, Loss: 0.0000, lr: 0.000118, Train: 0.9989, Valid: 0.8863, Test: 0.9221
Run: 02, Epoch: 91, Loss: 0.0000, lr: 0.000082, Train: 0.9989, Valid: 0.8862, Test: 0.9221
Run: 02, Epoch: 92, Loss: 0.0000, lr: 0.000082, Train: 0.9989, Valid: 0.8861, Test: 0.9220
Run: 02, Epoch: 93, Loss: 0.0000, lr: 0.000082, Train: 0.9989, Valid: 0.8860, Test: 0.9220
Run: 02, Epoch: 94, Loss: 0.0000, lr: 0.000082, Train: 0.9989, Valid: 0.8860, Test: 0.9220
Run: 02, Epoch: 95, Loss: 0.0000, lr: 0.000082, Train: 0.9989, Valid: 0.8860, Test: 0.9220
Run: 02, Epoch: 96, Loss: 0.0000, lr: 0.000082, Train: 0.9989, Valid: 0.8861, Test: 0.9219
Run: 02, Epoch: 97, Loss: 0.0000, lr: 0.000058, Train: 0.9989, Valid: 0.8861, Test: 0.9219
Run: 02, Epoch: 98, Loss: 0.0000, lr: 0.000058, Train: 0.9989, Valid: 0.8861, Test: 0.9218
Run: 02, Epoch: 99, Loss: 0.0000, lr: 0.000058, Train: 0.9989, Valid: 0.8861, Test: 0.9218
Run: 02, Epoch: 100, Loss: 0.0000, lr: 0.000058, Train: 0.9989, Valid: 0.8862, Test: 0.9217
Run 02:
Highest Train: 1.00
Highest Valid: 0.89
  Final Train: 1.00
   Final Test: 0.93
Run: 03, Epoch: 01, Loss: 0.0467, lr: 0.001000, Train: 0.5043, Valid: -0.3739, Test: 0.4258
Run: 03, Epoch: 02, Loss: 0.0149, lr: 0.001000, Train: 0.7219, Valid: 0.5646, Test: 0.7201
Run: 03, Epoch: 03, Loss: 0.0096, lr: 0.001000, Train: 0.7267, Valid: 0.4306, Test: 0.8111
Run: 03, Epoch: 04, Loss: 0.0069, lr: 0.001000, Train: 0.7348, Valid: 0.2926, Test: 0.8500
Run: 03, Epoch: 05, Loss: 0.0038, lr: 0.001000, Train: 0.8610, Valid: 0.6224, Test: 0.8604
Run: 03, Epoch: 06, Loss: 0.0036, lr: 0.001000, Train: 0.8613, Valid: 0.8001, Test: 0.7685
Run: 03, Epoch: 07, Loss: 0.0025, lr: 0.001000, Train: 0.8060, Valid: 0.7104, Test: 0.6654
Run: 03, Epoch: 08, Loss: 0.0023, lr: 0.001000, Train: 0.7872, Valid: 0.5527, Test: 0.6261
Run: 03, Epoch: 09, Loss: 0.0019, lr: 0.001000, Train: 0.7823, Valid: 0.4718, Test: 0.5772
Run: 03, Epoch: 10, Loss: 0.0016, lr: 0.001000, Train: 0.7619, Valid: 0.4876, Test: 0.4734
Run: 03, Epoch: 11, Loss: 0.0013, lr: 0.001000, Train: 0.7252, Valid: 0.4304, Test: 0.4030
Run: 03, Epoch: 12, Loss: 0.0013, lr: 0.001000, Train: 0.7934, Valid: 0.5255, Test: 0.5293
Run: 03, Epoch: 13, Loss: 0.0012, lr: 0.000700, Train: 0.8398, Valid: 0.5777, Test: 0.6411
Run: 03, Epoch: 14, Loss: 0.0010, lr: 0.000700, Train: 0.8560, Valid: 0.6076, Test: 0.7007
Run: 03, Epoch: 15, Loss: 0.0009, lr: 0.000700, Train: 0.8610, Valid: 0.6448, Test: 0.7144
Run: 03, Epoch: 16, Loss: 0.0008, lr: 0.000700, Train: 0.8573, Valid: 0.6482, Test: 0.6972
Run: 03, Epoch: 17, Loss: 0.0008, lr: 0.000700, Train: 0.8500, Valid: 0.6258, Test: 0.6754
Run: 03, Epoch: 18, Loss: 0.0007, lr: 0.000700, Train: 0.8540, Valid: 0.6179, Test: 0.6799
Run: 03, Epoch: 19, Loss: 0.0007, lr: 0.000490, Train: 0.8740, Valid: 0.6349, Test: 0.7219
Run: 03, Epoch: 20, Loss: 0.0007, lr: 0.000490, Train: 0.8968, Valid: 0.6557, Test: 0.7733
Run: 03, Epoch: 21, Loss: 0.0006, lr: 0.000490, Train: 0.9163, Valid: 0.6863, Test: 0.8154
Run: 03, Epoch: 22, Loss: 0.0006, lr: 0.000490, Train: 0.9301, Valid: 0.7287, Test: 0.8430
Run: 03, Epoch: 23, Loss: 0.0005, lr: 0.000490, Train: 0.9397, Valid: 0.7697, Test: 0.8569
Run: 03, Epoch: 24, Loss: 0.0005, lr: 0.000490, Train: 0.9468, Valid: 0.7953, Test: 0.8626
Run: 03, Epoch: 25, Loss: 0.0005, lr: 0.000343, Train: 0.9531, Valid: 0.8067, Test: 0.8680
Run: 03, Epoch: 26, Loss: 0.0005, lr: 0.000343, Train: 0.9587, Valid: 0.8097, Test: 0.8724
Run: 03, Epoch: 27, Loss: 0.0004, lr: 0.000343, Train: 0.9638, Valid: 0.8057, Test: 0.8761
Run: 03, Epoch: 28, Loss: 0.0004, lr: 0.000343, Train: 0.9680, Valid: 0.7971, Test: 0.8798
Run: 03, Epoch: 29, Loss: 0.0004, lr: 0.000343, Train: 0.9715, Valid: 0.7906, Test: 0.8840
Run: 03, Epoch: 30, Loss: 0.0004, lr: 0.000343, Train: 0.9747, Valid: 0.7929, Test: 0.8884
Run: 03, Epoch: 31, Loss: 0.0004, lr: 0.000343, Train: 0.9776, Valid: 0.8050, Test: 0.8926
Run: 03, Epoch: 32, Loss: 0.0004, lr: 0.000343, Train: 0.9802, Valid: 0.8217, Test: 0.8965
Run: 03, Epoch: 33, Loss: 0.0003, lr: 0.000343, Train: 0.9821, Valid: 0.8380, Test: 0.9002
Run: 03, Epoch: 34, Loss: 0.0003, lr: 0.000343, Train: 0.9835, Valid: 0.8505, Test: 0.9041
Run: 03, Epoch: 35, Loss: 0.0003, lr: 0.000343, Train: 0.9847, Valid: 0.8584, Test: 0.9083
Run: 03, Epoch: 36, Loss: 0.0003, lr: 0.000343, Train: 0.9861, Valid: 0.8630, Test: 0.9129
Run: 03, Epoch: 37, Loss: 0.0003, lr: 0.000343, Train: 0.9875, Valid: 0.8637, Test: 0.9172
Run: 03, Epoch: 38, Loss: 0.0003, lr: 0.000343, Train: 0.9888, Valid: 0.8630, Test: 0.9206
Run: 03, Epoch: 39, Loss: 0.0003, lr: 0.000343, Train: 0.9899, Valid: 0.8635, Test: 0.9229
Run: 03, Epoch: 40, Loss: 0.0003, lr: 0.000343, Train: 0.9908, Valid: 0.8669, Test: 0.9243
Run: 03, Epoch: 41, Loss: 0.0003, lr: 0.000343, Train: 0.9916, Valid: 0.8723, Test: 0.9250
Run: 03, Epoch: 42, Loss: 0.0002, lr: 0.000343, Train: 0.9921, Valid: 0.8773, Test: 0.9253
Run: 03, Epoch: 43, Loss: 0.0002, lr: 0.000343, Train: 0.9924, Valid: 0.8796, Test: 0.9256
Run: 03, Epoch: 44, Loss: 0.0002, lr: 0.000343, Train: 0.9927, Valid: 0.8787, Test: 0.9263
Run: 03, Epoch: 45, Loss: 0.0002, lr: 0.000343, Train: 0.9928, Valid: 0.8753, Test: 0.9269
Run: 03, Epoch: 46, Loss: 0.0002, lr: 0.000343, Train: 0.9929, Valid: 0.8712, Test: 0.9274
Run: 03, Epoch: 47, Loss: 0.0002, lr: 0.000343, Train: 0.9931, Valid: 0.8685, Test: 0.9275
Run: 03, Epoch: 48, Loss: 0.0002, lr: 0.000343, Train: 0.9935, Valid: 0.8684, Test: 0.9275
Run: 03, Epoch: 49, Loss: 0.0002, lr: 0.000343, Train: 0.9939, Valid: 0.8705, Test: 0.9276
Run: 03, Epoch: 50, Loss: 0.0002, lr: 0.000240, Train: 0.9942, Valid: 0.8727, Test: 0.9279
Run: 03, Epoch: 51, Loss: 0.0002, lr: 0.000240, Train: 0.9944, Valid: 0.8746, Test: 0.9284
Run: 03, Epoch: 52, Loss: 0.0002, lr: 0.000240, Train: 0.9946, Valid: 0.8757, Test: 0.9292
Run: 03, Epoch: 53, Loss: 0.0002, lr: 0.000240, Train: 0.9947, Valid: 0.8760, Test: 0.9301
Run: 03, Epoch: 54, Loss: 0.0002, lr: 0.000240, Train: 0.9948, Valid: 0.8758, Test: 0.9310
Run: 03, Epoch: 55, Loss: 0.0002, lr: 0.000240, Train: 0.9948, Valid: 0.8757, Test: 0.9318
Run: 03, Epoch: 56, Loss: 0.0002, lr: 0.000168, Train: 0.9949, Valid: 0.8761, Test: 0.9323
Run: 03, Epoch: 57, Loss: 0.0002, lr: 0.000168, Train: 0.9950, Valid: 0.8770, Test: 0.9327
Run: 03, Epoch: 58, Loss: 0.0002, lr: 0.000168, Train: 0.9951, Valid: 0.8781, Test: 0.9330
Run: 03, Epoch: 59, Loss: 0.0002, lr: 0.000168, Train: 0.9952, Valid: 0.8791, Test: 0.9333
Run: 03, Epoch: 60, Loss: 0.0002, lr: 0.000168, Train: 0.9952, Valid: 0.8799, Test: 0.9334
Run: 03, Epoch: 61, Loss: 0.0002, lr: 0.000168, Train: 0.9953, Valid: 0.8802, Test: 0.9335
Run: 03, Epoch: 62, Loss: 0.0002, lr: 0.000168, Train: 0.9954, Valid: 0.8799, Test: 0.9336
Run: 03, Epoch: 63, Loss: 0.0001, lr: 0.000168, Train: 0.9954, Valid: 0.8792, Test: 0.9335
Run: 03, Epoch: 64, Loss: 0.0001, lr: 0.000168, Train: 0.9955, Valid: 0.8781, Test: 0.9333
Run: 03, Epoch: 65, Loss: 0.0001, lr: 0.000168, Train: 0.9956, Valid: 0.8770, Test: 0.9330
Run: 03, Epoch: 66, Loss: 0.0001, lr: 0.000168, Train: 0.9957, Valid: 0.8761, Test: 0.9327
Run: 03, Epoch: 67, Loss: 0.0001, lr: 0.000168, Train: 0.9957, Valid: 0.8756, Test: 0.9324
Run: 03, Epoch: 68, Loss: 0.0001, lr: 0.000118, Train: 0.9958, Valid: 0.8756, Test: 0.9322
Run: 03, Epoch: 69, Loss: 0.0001, lr: 0.000118, Train: 0.9958, Valid: 0.8758, Test: 0.9321
Run: 03, Epoch: 70, Loss: 0.0001, lr: 0.000118, Train: 0.9959, Valid: 0.8762, Test: 0.9320
Run: 03, Epoch: 71, Loss: 0.0001, lr: 0.000118, Train: 0.9959, Valid: 0.8767, Test: 0.9319
Run: 03, Epoch: 72, Loss: 0.0001, lr: 0.000118, Train: 0.9960, Valid: 0.8771, Test: 0.9319
Run: 03, Epoch: 73, Loss: 0.0001, lr: 0.000118, Train: 0.9960, Valid: 0.8774, Test: 0.9320
Run: 03, Epoch: 74, Loss: 0.0001, lr: 0.000082, Train: 0.9961, Valid: 0.8775, Test: 0.9320
Run: 03, Epoch: 75, Loss: 0.0001, lr: 0.000082, Train: 0.9961, Valid: 0.8775, Test: 0.9319
Run: 03, Epoch: 76, Loss: 0.0001, lr: 0.000082, Train: 0.9962, Valid: 0.8774, Test: 0.9319
Run: 03, Epoch: 77, Loss: 0.0001, lr: 0.000082, Train: 0.9962, Valid: 0.8773, Test: 0.9319
Run: 03, Epoch: 78, Loss: 0.0001, lr: 0.000082, Train: 0.9963, Valid: 0.8771, Test: 0.9319
Run: 03, Epoch: 79, Loss: 0.0001, lr: 0.000082, Train: 0.9963, Valid: 0.8770, Test: 0.9319
Run: 03, Epoch: 80, Loss: 0.0001, lr: 0.000058, Train: 0.9963, Valid: 0.8769, Test: 0.9318
Run: 03, Epoch: 81, Loss: 0.0001, lr: 0.000058, Train: 0.9963, Valid: 0.8769, Test: 0.9318
Run: 03, Epoch: 82, Loss: 0.0001, lr: 0.000058, Train: 0.9964, Valid: 0.8769, Test: 0.9317
Run: 03, Epoch: 83, Loss: 0.0001, lr: 0.000058, Train: 0.9964, Valid: 0.8770, Test: 0.9317
Run: 03, Epoch: 84, Loss: 0.0001, lr: 0.000058, Train: 0.9964, Valid: 0.8771, Test: 0.9316
Run: 03, Epoch: 85, Loss: 0.0001, lr: 0.000058, Train: 0.9964, Valid: 0.8772, Test: 0.9316
Run: 03, Epoch: 86, Loss: 0.0001, lr: 0.000040, Train: 0.9965, Valid: 0.8772, Test: 0.9315
Run: 03, Epoch: 87, Loss: 0.0001, lr: 0.000040, Train: 0.9965, Valid: 0.8773, Test: 0.9314
Run: 03, Epoch: 88, Loss: 0.0001, lr: 0.000040, Train: 0.9965, Valid: 0.8774, Test: 0.9314
Run: 03, Epoch: 89, Loss: 0.0001, lr: 0.000040, Train: 0.9965, Valid: 0.8774, Test: 0.9313
Run: 03, Epoch: 90, Loss: 0.0001, lr: 0.000040, Train: 0.9965, Valid: 0.8774, Test: 0.9313
Run: 03, Epoch: 91, Loss: 0.0001, lr: 0.000040, Train: 0.9966, Valid: 0.8774, Test: 0.9312
Run: 03, Epoch: 92, Loss: 0.0001, lr: 0.000028, Train: 0.9966, Valid: 0.8773, Test: 0.9312
Run: 03, Epoch: 93, Loss: 0.0001, lr: 0.000028, Train: 0.9966, Valid: 0.8772, Test: 0.9311
Run: 03, Epoch: 94, Loss: 0.0001, lr: 0.000028, Train: 0.9966, Valid: 0.8772, Test: 0.9311
Run: 03, Epoch: 95, Loss: 0.0001, lr: 0.000028, Train: 0.9966, Valid: 0.8771, Test: 0.9310
Run: 03, Epoch: 96, Loss: 0.0001, lr: 0.000028, Train: 0.9966, Valid: 0.8771, Test: 0.9310
Run: 03, Epoch: 97, Loss: 0.0001, lr: 0.000028, Train: 0.9966, Valid: 0.8770, Test: 0.9310
Run: 03, Epoch: 98, Loss: 0.0001, lr: 0.000020, Train: 0.9967, Valid: 0.8769, Test: 0.9309
Run: 03, Epoch: 99, Loss: 0.0001, lr: 0.000020, Train: 0.9967, Valid: 0.8769, Test: 0.9309
Run: 03, Epoch: 100, Loss: 0.0001, lr: 0.000020, Train: 0.9967, Valid: 0.8768, Test: 0.9308
Run 03:
Highest Train: 1.00
Highest Valid: 0.88
  Final Train: 1.00
   Final Test: 0.93
Run: 04, Epoch: 01, Loss: 0.0448, lr: 0.001000, Train: 0.4929, Valid: 0.0650, Test: 0.2673
Run: 04, Epoch: 02, Loss: 0.0180, lr: 0.001000, Train: 0.6442, Valid: 0.0307, Test: 0.1405
Run: 04, Epoch: 03, Loss: 0.0100, lr: 0.001000, Train: 0.5773, Valid: -0.0681, Test: -0.0563
Run: 04, Epoch: 04, Loss: 0.0060, lr: 0.001000, Train: 0.4241, Valid: -0.2329, Test: -0.3792
Run: 04, Epoch: 05, Loss: 0.0035, lr: 0.001000, Train: 0.2777, Valid: -0.3408, Test: -0.6901
Run: 04, Epoch: 06, Loss: 0.0034, lr: 0.001000, Train: 0.2832, Valid: -0.3222, Test: -0.7693
Run: 04, Epoch: 07, Loss: 0.0027, lr: 0.001000, Train: 0.3919, Valid: -0.1340, Test: -0.5517
Run: 04, Epoch: 08, Loss: 0.0026, lr: 0.000700, Train: 0.4910, Valid: 0.0082, Test: -0.3111
Run: 04, Epoch: 09, Loss: 0.0022, lr: 0.000700, Train: 0.5298, Valid: 0.0587, Test: -0.1952
Run: 04, Epoch: 10, Loss: 0.0018, lr: 0.000700, Train: 0.5276, Valid: 0.0754, Test: -0.1333
Run: 04, Epoch: 11, Loss: 0.0016, lr: 0.000700, Train: 0.5307, Valid: 0.1016, Test: -0.0733
Run: 04, Epoch: 12, Loss: 0.0017, lr: 0.000700, Train: 0.5743, Valid: 0.1591, Test: 0.0281
Run: 04, Epoch: 13, Loss: 0.0016, lr: 0.000700, Train: 0.6545, Valid: 0.2555, Test: 0.1805
Run: 04, Epoch: 14, Loss: 0.0014, lr: 0.000700, Train: 0.7435, Valid: 0.3858, Test: 0.3574
Run: 04, Epoch: 15, Loss: 0.0012, lr: 0.000700, Train: 0.8170, Valid: 0.5166, Test: 0.5142
Run: 04, Epoch: 16, Loss: 0.0012, lr: 0.000700, Train: 0.8669, Valid: 0.6145, Test: 0.6189
Run: 04, Epoch: 17, Loss: 0.0011, lr: 0.000700, Train: 0.8943, Valid: 0.6734, Test: 0.6734
Run: 04, Epoch: 18, Loss: 0.0010, lr: 0.000700, Train: 0.9041, Valid: 0.7095, Test: 0.6967
Run: 04, Epoch: 19, Loss: 0.0009, lr: 0.000700, Train: 0.9067, Valid: 0.7360, Test: 0.7091
Run: 04, Epoch: 20, Loss: 0.0009, lr: 0.000700, Train: 0.9142, Valid: 0.7593, Test: 0.7250
Run: 04, Epoch: 21, Loss: 0.0009, lr: 0.000700, Train: 0.9290, Valid: 0.7831, Test: 0.7476
Run: 04, Epoch: 22, Loss: 0.0008, lr: 0.000700, Train: 0.9443, Valid: 0.8045, Test: 0.7735
Run: 04, Epoch: 23, Loss: 0.0007, lr: 0.000700, Train: 0.9544, Valid: 0.8174, Test: 0.7953
Run: 04, Epoch: 24, Loss: 0.0007, lr: 0.000700, Train: 0.9598, Valid: 0.8209, Test: 0.8098
Run: 04, Epoch: 25, Loss: 0.0007, lr: 0.000700, Train: 0.9621, Valid: 0.8195, Test: 0.8181
Run: 04, Epoch: 26, Loss: 0.0006, lr: 0.000700, Train: 0.9618, Valid: 0.8191, Test: 0.8225
Run: 04, Epoch: 27, Loss: 0.0006, lr: 0.000700, Train: 0.9611, Valid: 0.8269, Test: 0.8260
Run: 04, Epoch: 28, Loss: 0.0006, lr: 0.000700, Train: 0.9637, Valid: 0.8453, Test: 0.8311
Run: 04, Epoch: 29, Loss: 0.0006, lr: 0.000700, Train: 0.9702, Valid: 0.8712, Test: 0.8381
Run: 04, Epoch: 30, Loss: 0.0005, lr: 0.000700, Train: 0.9765, Valid: 0.8949, Test: 0.8435
Run: 04, Epoch: 31, Loss: 0.0005, lr: 0.000700, Train: 0.9797, Valid: 0.9090, Test: 0.8455
Run: 04, Epoch: 32, Loss: 0.0004, lr: 0.000700, Train: 0.9817, Valid: 0.9146, Test: 0.8456
Run: 04, Epoch: 33, Loss: 0.0004, lr: 0.000700, Train: 0.9834, Valid: 0.9136, Test: 0.8448
Run: 04, Epoch: 34, Loss: 0.0004, lr: 0.000700, Train: 0.9837, Valid: 0.9060, Test: 0.8440
Run: 04, Epoch: 35, Loss: 0.0004, lr: 0.000700, Train: 0.9832, Valid: 0.8975, Test: 0.8437
Run: 04, Epoch: 36, Loss: 0.0004, lr: 0.000700, Train: 0.9839, Valid: 0.8942, Test: 0.8447
Run: 04, Epoch: 37, Loss: 0.0004, lr: 0.000700, Train: 0.9855, Valid: 0.8974, Test: 0.8464
Run: 04, Epoch: 38, Loss: 0.0003, lr: 0.000700, Train: 0.9869, Valid: 0.9046, Test: 0.8483
Run: 04, Epoch: 39, Loss: 0.0003, lr: 0.000490, Train: 0.9879, Valid: 0.9110, Test: 0.8501
Run: 04, Epoch: 40, Loss: 0.0003, lr: 0.000490, Train: 0.9888, Valid: 0.9166, Test: 0.8521
Run: 04, Epoch: 41, Loss: 0.0003, lr: 0.000490, Train: 0.9895, Valid: 0.9212, Test: 0.8539
Run: 04, Epoch: 42, Loss: 0.0003, lr: 0.000490, Train: 0.9900, Valid: 0.9248, Test: 0.8556
Run: 04, Epoch: 43, Loss: 0.0003, lr: 0.000490, Train: 0.9903, Valid: 0.9275, Test: 0.8565
Run: 04, Epoch: 44, Loss: 0.0003, lr: 0.000490, Train: 0.9907, Valid: 0.9284, Test: 0.8564
Run: 04, Epoch: 45, Loss: 0.0003, lr: 0.000490, Train: 0.9912, Valid: 0.9275, Test: 0.8559
Run: 04, Epoch: 46, Loss: 0.0003, lr: 0.000490, Train: 0.9918, Valid: 0.9247, Test: 0.8552
Run: 04, Epoch: 47, Loss: 0.0002, lr: 0.000490, Train: 0.9922, Valid: 0.9205, Test: 0.8545
Run: 04, Epoch: 48, Loss: 0.0002, lr: 0.000490, Train: 0.9923, Valid: 0.9169, Test: 0.8543
Run: 04, Epoch: 49, Loss: 0.0002, lr: 0.000490, Train: 0.9925, Valid: 0.9154, Test: 0.8552
Run: 04, Epoch: 50, Loss: 0.0002, lr: 0.000490, Train: 0.9927, Valid: 0.9164, Test: 0.8568
Run: 04, Epoch: 51, Loss: 0.0002, lr: 0.000343, Train: 0.9930, Valid: 0.9190, Test: 0.8581
Run: 04, Epoch: 52, Loss: 0.0002, lr: 0.000343, Train: 0.9932, Valid: 0.9225, Test: 0.8592
Run: 04, Epoch: 53, Loss: 0.0002, lr: 0.000343, Train: 0.9935, Valid: 0.9264, Test: 0.8601
Run: 04, Epoch: 54, Loss: 0.0002, lr: 0.000343, Train: 0.9938, Valid: 0.9300, Test: 0.8607
Run: 04, Epoch: 55, Loss: 0.0002, lr: 0.000343, Train: 0.9940, Valid: 0.9328, Test: 0.8612
Run: 04, Epoch: 56, Loss: 0.0002, lr: 0.000343, Train: 0.9941, Valid: 0.9348, Test: 0.8616
Run: 04, Epoch: 57, Loss: 0.0002, lr: 0.000343, Train: 0.9942, Valid: 0.9360, Test: 0.8622
Run: 04, Epoch: 58, Loss: 0.0002, lr: 0.000343, Train: 0.9943, Valid: 0.9363, Test: 0.8631
Run: 04, Epoch: 59, Loss: 0.0002, lr: 0.000343, Train: 0.9945, Valid: 0.9356, Test: 0.8639
Run: 04, Epoch: 60, Loss: 0.0002, lr: 0.000343, Train: 0.9945, Valid: 0.9339, Test: 0.8647
Run: 04, Epoch: 61, Loss: 0.0002, lr: 0.000343, Train: 0.9946, Valid: 0.9320, Test: 0.8653
Run: 04, Epoch: 62, Loss: 0.0002, lr: 0.000343, Train: 0.9947, Valid: 0.9305, Test: 0.8657
Run: 04, Epoch: 63, Loss: 0.0002, lr: 0.000343, Train: 0.9948, Valid: 0.9302, Test: 0.8660
Run: 04, Epoch: 64, Loss: 0.0002, lr: 0.000343, Train: 0.9949, Valid: 0.9312, Test: 0.8663
Run: 04, Epoch: 65, Loss: 0.0002, lr: 0.000240, Train: 0.9950, Valid: 0.9326, Test: 0.8666
Run: 04, Epoch: 66, Loss: 0.0002, lr: 0.000240, Train: 0.9951, Valid: 0.9340, Test: 0.8668
Run: 04, Epoch: 67, Loss: 0.0002, lr: 0.000240, Train: 0.9952, Valid: 0.9349, Test: 0.8670
Run: 04, Epoch: 68, Loss: 0.0002, lr: 0.000240, Train: 0.9953, Valid: 0.9353, Test: 0.8671
Run: 04, Epoch: 69, Loss: 0.0001, lr: 0.000240, Train: 0.9953, Valid: 0.9351, Test: 0.8672
Run: 04, Epoch: 70, Loss: 0.0001, lr: 0.000240, Train: 0.9954, Valid: 0.9349, Test: 0.8675
Run: 04, Epoch: 71, Loss: 0.0001, lr: 0.000168, Train: 0.9955, Valid: 0.9350, Test: 0.8678
Run: 04, Epoch: 72, Loss: 0.0001, lr: 0.000168, Train: 0.9955, Valid: 0.9353, Test: 0.8683
Run: 04, Epoch: 73, Loss: 0.0001, lr: 0.000168, Train: 0.9956, Valid: 0.9357, Test: 0.8687
Run: 04, Epoch: 74, Loss: 0.0001, lr: 0.000168, Train: 0.9957, Valid: 0.9360, Test: 0.8691
Run: 04, Epoch: 75, Loss: 0.0001, lr: 0.000168, Train: 0.9958, Valid: 0.9362, Test: 0.8695
Run: 04, Epoch: 76, Loss: 0.0001, lr: 0.000168, Train: 0.9958, Valid: 0.9362, Test: 0.8697
Run: 04, Epoch: 77, Loss: 0.0001, lr: 0.000118, Train: 0.9959, Valid: 0.9363, Test: 0.8699
Run: 04, Epoch: 78, Loss: 0.0001, lr: 0.000118, Train: 0.9959, Valid: 0.9364, Test: 0.8700
Run: 04, Epoch: 79, Loss: 0.0001, lr: 0.000118, Train: 0.9960, Valid: 0.9366, Test: 0.8702
Run: 04, Epoch: 80, Loss: 0.0001, lr: 0.000118, Train: 0.9960, Valid: 0.9369, Test: 0.8703
Run: 04, Epoch: 81, Loss: 0.0001, lr: 0.000118, Train: 0.9961, Valid: 0.9371, Test: 0.8704
Run: 04, Epoch: 82, Loss: 0.0001, lr: 0.000118, Train: 0.9961, Valid: 0.9373, Test: 0.8705
Run: 04, Epoch: 83, Loss: 0.0001, lr: 0.000118, Train: 0.9961, Valid: 0.9375, Test: 0.8705
Run: 04, Epoch: 84, Loss: 0.0001, lr: 0.000118, Train: 0.9962, Valid: 0.9377, Test: 0.8706
Run: 04, Epoch: 85, Loss: 0.0001, lr: 0.000118, Train: 0.9962, Valid: 0.9379, Test: 0.8706
Run: 04, Epoch: 86, Loss: 0.0001, lr: 0.000118, Train: 0.9962, Valid: 0.9381, Test: 0.8707
Run: 04, Epoch: 87, Loss: 0.0001, lr: 0.000118, Train: 0.9963, Valid: 0.9382, Test: 0.8708
Run: 04, Epoch: 88, Loss: 0.0001, lr: 0.000118, Train: 0.9963, Valid: 0.9384, Test: 0.8709
Run: 04, Epoch: 89, Loss: 0.0001, lr: 0.000118, Train: 0.9963, Valid: 0.9385, Test: 0.8710
Run: 04, Epoch: 90, Loss: 0.0001, lr: 0.000118, Train: 0.9964, Valid: 0.9387, Test: 0.8712
Run: 04, Epoch: 91, Loss: 0.0001, lr: 0.000118, Train: 0.9964, Valid: 0.9388, Test: 0.8713
Run: 04, Epoch: 92, Loss: 0.0001, lr: 0.000118, Train: 0.9964, Valid: 0.9388, Test: 0.8714
Run: 04, Epoch: 93, Loss: 0.0001, lr: 0.000118, Train: 0.9965, Valid: 0.9388, Test: 0.8715
Run: 04, Epoch: 94, Loss: 0.0001, lr: 0.000118, Train: 0.9965, Valid: 0.9388, Test: 0.8716
Run: 04, Epoch: 95, Loss: 0.0001, lr: 0.000118, Train: 0.9965, Valid: 0.9388, Test: 0.8716
Run: 04, Epoch: 96, Loss: 0.0001, lr: 0.000118, Train: 0.9965, Valid: 0.9389, Test: 0.8717
Run: 04, Epoch: 97, Loss: 0.0001, lr: 0.000118, Train: 0.9966, Valid: 0.9390, Test: 0.8718
Run: 04, Epoch: 98, Loss: 0.0001, lr: 0.000118, Train: 0.9966, Valid: 0.9392, Test: 0.8719
Run: 04, Epoch: 99, Loss: 0.0001, lr: 0.000118, Train: 0.9966, Valid: 0.9394, Test: 0.8720
Run: 04, Epoch: 100, Loss: 0.0001, lr: 0.000118, Train: 0.9967, Valid: 0.9396, Test: 0.8721
Run 04:
Highest Train: 1.00
Highest Valid: 0.94
  Final Train: 1.00
   Final Test: 0.87
Run: 05, Epoch: 01, Loss: 0.0350, lr: 0.001000, Train: 0.4379, Valid: 0.5852, Test: 0.4723
Run: 05, Epoch: 02, Loss: 0.0182, lr: 0.001000, Train: 0.6367, Valid: 0.6956, Test: 0.5194
Run: 05, Epoch: 03, Loss: 0.0123, lr: 0.001000, Train: 0.6707, Valid: 0.6756, Test: 0.5509
Run: 05, Epoch: 04, Loss: 0.0070, lr: 0.001000, Train: 0.6047, Valid: 0.6527, Test: 0.5312
Run: 05, Epoch: 05, Loss: 0.0055, lr: 0.001000, Train: 0.7100, Valid: 0.7462, Test: 0.6438
Run: 05, Epoch: 06, Loss: 0.0046, lr: 0.001000, Train: 0.8490, Valid: 0.8195, Test: 0.7931
Run: 05, Epoch: 07, Loss: 0.0032, lr: 0.001000, Train: 0.7142, Valid: 0.6642, Test: 0.7152
Run: 05, Epoch: 08, Loss: 0.0027, lr: 0.001000, Train: 0.6242, Valid: 0.5215, Test: 0.6167
Run: 05, Epoch: 09, Loss: 0.0017, lr: 0.001000, Train: 0.6476, Valid: 0.5254, Test: 0.6391
Run: 05, Epoch: 10, Loss: 0.0017, lr: 0.001000, Train: 0.6525, Valid: 0.5167, Test: 0.6395
Run: 05, Epoch: 11, Loss: 0.0015, lr: 0.001000, Train: 0.5694, Valid: 0.4418, Test: 0.5523
Run: 05, Epoch: 12, Loss: 0.0014, lr: 0.001000, Train: 0.4972, Valid: 0.3856, Test: 0.4632
Run: 05, Epoch: 13, Loss: 0.0012, lr: 0.000700, Train: 0.5779, Valid: 0.4759, Test: 0.5121
Run: 05, Epoch: 14, Loss: 0.0010, lr: 0.000700, Train: 0.6969, Valid: 0.6115, Test: 0.6137
Run: 05, Epoch: 15, Loss: 0.0008, lr: 0.000700, Train: 0.7866, Valid: 0.7235, Test: 0.7083
Run: 05, Epoch: 16, Loss: 0.0009, lr: 0.000700, Train: 0.8439, Valid: 0.7885, Test: 0.7666
Run: 05, Epoch: 17, Loss: 0.0008, lr: 0.000700, Train: 0.8791, Valid: 0.8188, Test: 0.7942
Run: 05, Epoch: 18, Loss: 0.0006, lr: 0.000700, Train: 0.8968, Valid: 0.8324, Test: 0.8090
Run: 05, Epoch: 19, Loss: 0.0006, lr: 0.000700, Train: 0.9110, Valid: 0.8453, Test: 0.8272
Run: 05, Epoch: 20, Loss: 0.0006, lr: 0.000700, Train: 0.9304, Valid: 0.8625, Test: 0.8534
Run: 05, Epoch: 21, Loss: 0.0005, lr: 0.000700, Train: 0.9458, Valid: 0.8773, Test: 0.8800
Run: 05, Epoch: 22, Loss: 0.0004, lr: 0.000700, Train: 0.9510, Valid: 0.8824, Test: 0.8985
Run: 05, Epoch: 23, Loss: 0.0005, lr: 0.000700, Train: 0.9553, Valid: 0.8795, Test: 0.9073
Run: 05, Epoch: 24, Loss: 0.0005, lr: 0.000700, Train: 0.9632, Valid: 0.8732, Test: 0.9103
Run: 05, Epoch: 25, Loss: 0.0004, lr: 0.000700, Train: 0.9706, Valid: 0.8703, Test: 0.9122
Run: 05, Epoch: 26, Loss: 0.0004, lr: 0.000700, Train: 0.9755, Valid: 0.8736, Test: 0.9155
Run: 05, Epoch: 27, Loss: 0.0003, lr: 0.000700, Train: 0.9795, Valid: 0.8776, Test: 0.9187
Run: 05, Epoch: 28, Loss: 0.0003, lr: 0.000700, Train: 0.9825, Valid: 0.8821, Test: 0.9191
Run: 05, Epoch: 29, Loss: 0.0003, lr: 0.000490, Train: 0.9835, Valid: 0.8865, Test: 0.9176
Run: 05, Epoch: 30, Loss: 0.0003, lr: 0.000490, Train: 0.9834, Valid: 0.8904, Test: 0.9150
Run: 05, Epoch: 31, Loss: 0.0003, lr: 0.000490, Train: 0.9840, Valid: 0.8944, Test: 0.9129
Run: 05, Epoch: 32, Loss: 0.0002, lr: 0.000490, Train: 0.9864, Valid: 0.8984, Test: 0.9127
Run: 05, Epoch: 33, Loss: 0.0002, lr: 0.000490, Train: 0.9893, Valid: 0.9002, Test: 0.9137
Run: 05, Epoch: 34, Loss: 0.0002, lr: 0.000490, Train: 0.9909, Valid: 0.8993, Test: 0.9145
Run: 05, Epoch: 35, Loss: 0.0002, lr: 0.000490, Train: 0.9915, Valid: 0.8975, Test: 0.9147
Run: 05, Epoch: 36, Loss: 0.0002, lr: 0.000490, Train: 0.9917, Valid: 0.8965, Test: 0.9145
Run: 05, Epoch: 37, Loss: 0.0002, lr: 0.000490, Train: 0.9915, Valid: 0.8959, Test: 0.9144
Run: 05, Epoch: 38, Loss: 0.0002, lr: 0.000490, Train: 0.9913, Valid: 0.8961, Test: 0.9149
Run: 05, Epoch: 39, Loss: 0.0002, lr: 0.000490, Train: 0.9917, Valid: 0.8972, Test: 0.9161
Run: 05, Epoch: 40, Loss: 0.0002, lr: 0.000343, Train: 0.9926, Valid: 0.8994, Test: 0.9168
Run: 05, Epoch: 41, Loss: 0.0002, lr: 0.000343, Train: 0.9936, Valid: 0.9021, Test: 0.9169
Run: 05, Epoch: 42, Loss: 0.0001, lr: 0.000343, Train: 0.9944, Valid: 0.9052, Test: 0.9162
Run: 05, Epoch: 43, Loss: 0.0001, lr: 0.000343, Train: 0.9950, Valid: 0.9083, Test: 0.9150
Run: 05, Epoch: 44, Loss: 0.0001, lr: 0.000343, Train: 0.9954, Valid: 0.9110, Test: 0.9135
Run: 05, Epoch: 45, Loss: 0.0001, lr: 0.000343, Train: 0.9957, Valid: 0.9132, Test: 0.9122
Run: 05, Epoch: 46, Loss: 0.0001, lr: 0.000343, Train: 0.9959, Valid: 0.9146, Test: 0.9113
Run: 05, Epoch: 47, Loss: 0.0001, lr: 0.000343, Train: 0.9960, Valid: 0.9153, Test: 0.9108
Run: 05, Epoch: 48, Loss: 0.0001, lr: 0.000343, Train: 0.9961, Valid: 0.9154, Test: 0.9106
Run: 05, Epoch: 49, Loss: 0.0001, lr: 0.000343, Train: 0.9962, Valid: 0.9153, Test: 0.9104
Run: 05, Epoch: 50, Loss: 0.0001, lr: 0.000343, Train: 0.9965, Valid: 0.9150, Test: 0.9100
Run: 05, Epoch: 51, Loss: 0.0001, lr: 0.000343, Train: 0.9967, Valid: 0.9146, Test: 0.9096
Run: 05, Epoch: 52, Loss: 0.0001, lr: 0.000343, Train: 0.9969, Valid: 0.9142, Test: 0.9093
Run: 05, Epoch: 53, Loss: 0.0001, lr: 0.000343, Train: 0.9969, Valid: 0.9139, Test: 0.9092
Run: 05, Epoch: 54, Loss: 0.0001, lr: 0.000343, Train: 0.9970, Valid: 0.9139, Test: 0.9092
Run: 05, Epoch: 55, Loss: 0.0001, lr: 0.000240, Train: 0.9971, Valid: 0.9141, Test: 0.9092
Run: 05, Epoch: 56, Loss: 0.0001, lr: 0.000240, Train: 0.9972, Valid: 0.9145, Test: 0.9091
Run: 05, Epoch: 57, Loss: 0.0001, lr: 0.000240, Train: 0.9973, Valid: 0.9150, Test: 0.9090
Run: 05, Epoch: 58, Loss: 0.0001, lr: 0.000240, Train: 0.9973, Valid: 0.9154, Test: 0.9089
Run: 05, Epoch: 59, Loss: 0.0001, lr: 0.000240, Train: 0.9974, Valid: 0.9158, Test: 0.9087
Run: 05, Epoch: 60, Loss: 0.0001, lr: 0.000240, Train: 0.9975, Valid: 0.9161, Test: 0.9085
Run: 05, Epoch: 61, Loss: 0.0001, lr: 0.000240, Train: 0.9975, Valid: 0.9163, Test: 0.9082
Run: 05, Epoch: 62, Loss: 0.0001, lr: 0.000240, Train: 0.9976, Valid: 0.9165, Test: 0.9079
Run: 05, Epoch: 63, Loss: 0.0001, lr: 0.000240, Train: 0.9976, Valid: 0.9166, Test: 0.9075
Run: 05, Epoch: 64, Loss: 0.0001, lr: 0.000240, Train: 0.9977, Valid: 0.9168, Test: 0.9070
Run: 05, Epoch: 65, Loss: 0.0001, lr: 0.000240, Train: 0.9977, Valid: 0.9170, Test: 0.9065
Run: 05, Epoch: 66, Loss: 0.0001, lr: 0.000240, Train: 0.9978, Valid: 0.9172, Test: 0.9060
Run: 05, Epoch: 67, Loss: 0.0001, lr: 0.000240, Train: 0.9979, Valid: 0.9175, Test: 0.9057
Run: 05, Epoch: 68, Loss: 0.0001, lr: 0.000240, Train: 0.9979, Valid: 0.9177, Test: 0.9054
Run: 05, Epoch: 69, Loss: 0.0001, lr: 0.000240, Train: 0.9979, Valid: 0.9179, Test: 0.9052
Run: 05, Epoch: 70, Loss: 0.0001, lr: 0.000240, Train: 0.9980, Valid: 0.9179, Test: 0.9051
Run: 05, Epoch: 71, Loss: 0.0001, lr: 0.000240, Train: 0.9980, Valid: 0.9177, Test: 0.9049
Run: 05, Epoch: 72, Loss: 0.0001, lr: 0.000240, Train: 0.9980, Valid: 0.9175, Test: 0.9048
Run: 05, Epoch: 73, Loss: 0.0001, lr: 0.000240, Train: 0.9981, Valid: 0.9173, Test: 0.9047
Run: 05, Epoch: 74, Loss: 0.0001, lr: 0.000240, Train: 0.9981, Valid: 0.9173, Test: 0.9047
Run: 05, Epoch: 75, Loss: 0.0001, lr: 0.000240, Train: 0.9981, Valid: 0.9173, Test: 0.9047
Run: 05, Epoch: 76, Loss: 0.0001, lr: 0.000168, Train: 0.9982, Valid: 0.9174, Test: 0.9047
Run: 05, Epoch: 77, Loss: 0.0001, lr: 0.000168, Train: 0.9982, Valid: 0.9176, Test: 0.9046
Run: 05, Epoch: 78, Loss: 0.0001, lr: 0.000168, Train: 0.9982, Valid: 0.9177, Test: 0.9045
Run: 05, Epoch: 79, Loss: 0.0001, lr: 0.000168, Train: 0.9983, Valid: 0.9179, Test: 0.9044
Run: 05, Epoch: 80, Loss: 0.0001, lr: 0.000168, Train: 0.9983, Valid: 0.9181, Test: 0.9042
Run: 05, Epoch: 81, Loss: 0.0001, lr: 0.000168, Train: 0.9983, Valid: 0.9183, Test: 0.9040
Run: 05, Epoch: 82, Loss: 0.0001, lr: 0.000168, Train: 0.9983, Valid: 0.9184, Test: 0.9038
Run: 05, Epoch: 83, Loss: 0.0001, lr: 0.000168, Train: 0.9984, Valid: 0.9186, Test: 0.9035
Run: 05, Epoch: 84, Loss: 0.0001, lr: 0.000168, Train: 0.9984, Valid: 0.9187, Test: 0.9033
Run: 05, Epoch: 85, Loss: 0.0001, lr: 0.000168, Train: 0.9984, Valid: 0.9187, Test: 0.9031
Run: 05, Epoch: 86, Loss: 0.0000, lr: 0.000168, Train: 0.9984, Valid: 0.9187, Test: 0.9029
Run: 05, Epoch: 87, Loss: 0.0000, lr: 0.000168, Train: 0.9984, Valid: 0.9186, Test: 0.9028
Run: 05, Epoch: 88, Loss: 0.0000, lr: 0.000168, Train: 0.9985, Valid: 0.9185, Test: 0.9026
Run: 05, Epoch: 89, Loss: 0.0000, lr: 0.000168, Train: 0.9985, Valid: 0.9185, Test: 0.9025
Run: 05, Epoch: 90, Loss: 0.0000, lr: 0.000168, Train: 0.9985, Valid: 0.9184, Test: 0.9024
Run: 05, Epoch: 91, Loss: 0.0000, lr: 0.000168, Train: 0.9985, Valid: 0.9184, Test: 0.9023
Run: 05, Epoch: 92, Loss: 0.0000, lr: 0.000118, Train: 0.9986, Valid: 0.9183, Test: 0.9022
Run: 05, Epoch: 93, Loss: 0.0000, lr: 0.000118, Train: 0.9986, Valid: 0.9182, Test: 0.9021
Run: 05, Epoch: 94, Loss: 0.0000, lr: 0.000118, Train: 0.9986, Valid: 0.9181, Test: 0.9020
Run: 05, Epoch: 95, Loss: 0.0000, lr: 0.000118, Train: 0.9986, Valid: 0.9180, Test: 0.9019
Run: 05, Epoch: 96, Loss: 0.0000, lr: 0.000118, Train: 0.9986, Valid: 0.9180, Test: 0.9018
Run: 05, Epoch: 97, Loss: 0.0000, lr: 0.000118, Train: 0.9986, Valid: 0.9179, Test: 0.9017
Run: 05, Epoch: 98, Loss: 0.0000, lr: 0.000082, Train: 0.9986, Valid: 0.9179, Test: 0.9016
Run: 05, Epoch: 99, Loss: 0.0000, lr: 0.000082, Train: 0.9987, Valid: 0.9179, Test: 0.9015
Run: 05, Epoch: 100, Loss: 0.0000, lr: 0.000082, Train: 0.9987, Valid: 0.9178, Test: 0.9014
Run 05:
Highest Train: 1.00
Highest Valid: 0.92
  Final Train: 1.00
   Final Test: 0.90
Run: 06, Epoch: 01, Loss: 0.0291, lr: 0.001000, Train: 0.3071, Valid: 0.6797, Test: 0.6147
Run: 06, Epoch: 02, Loss: 0.0232, lr: 0.001000, Train: 0.0119, Valid: 0.6948, Test: 0.3976
Run: 06, Epoch: 03, Loss: 0.0141, lr: 0.001000, Train: 0.4832, Valid: 0.7982, Test: 0.6655
Run: 06, Epoch: 04, Loss: 0.0067, lr: 0.001000, Train: 0.6581, Valid: 0.8287, Test: 0.7353
Run: 06, Epoch: 05, Loss: 0.0072, lr: 0.001000, Train: 0.4557, Valid: 0.7047, Test: 0.6009
Run: 06, Epoch: 06, Loss: 0.0031, lr: 0.001000, Train: 0.3841, Valid: 0.6508, Test: 0.5737
Run: 06, Epoch: 07, Loss: 0.0037, lr: 0.001000, Train: 0.6703, Valid: 0.7489, Test: 0.7217
Run: 06, Epoch: 08, Loss: 0.0018, lr: 0.001000, Train: 0.7805, Valid: 0.8131, Test: 0.8336
Run: 06, Epoch: 09, Loss: 0.0024, lr: 0.001000, Train: 0.7768, Valid: 0.8296, Test: 0.8624
Run: 06, Epoch: 10, Loss: 0.0024, lr: 0.001000, Train: 0.8427, Valid: 0.8487, Test: 0.8720
Run: 06, Epoch: 11, Loss: 0.0014, lr: 0.001000, Train: 0.8873, Valid: 0.8495, Test: 0.8662
Run: 06, Epoch: 12, Loss: 0.0012, lr: 0.001000, Train: 0.8664, Valid: 0.8110, Test: 0.8356
Run: 06, Epoch: 13, Loss: 0.0013, lr: 0.001000, Train: 0.8442, Valid: 0.7780, Test: 0.8133
Run: 06, Epoch: 14, Loss: 0.0011, lr: 0.001000, Train: 0.8517, Valid: 0.7758, Test: 0.8205
Run: 06, Epoch: 15, Loss: 0.0009, lr: 0.001000, Train: 0.8490, Valid: 0.7895, Test: 0.8366
Run: 06, Epoch: 16, Loss: 0.0008, lr: 0.001000, Train: 0.8480, Valid: 0.8091, Test: 0.8469
Run: 06, Epoch: 17, Loss: 0.0009, lr: 0.001000, Train: 0.8763, Valid: 0.8311, Test: 0.8552
Run: 06, Epoch: 18, Loss: 0.0008, lr: 0.000700, Train: 0.9055, Valid: 0.8460, Test: 0.8606
Run: 06, Epoch: 19, Loss: 0.0006, lr: 0.000700, Train: 0.9272, Valid: 0.8573, Test: 0.8667
Run: 06, Epoch: 20, Loss: 0.0005, lr: 0.000700, Train: 0.9375, Valid: 0.8688, Test: 0.8757
Run: 06, Epoch: 21, Loss: 0.0005, lr: 0.000700, Train: 0.9432, Valid: 0.8807, Test: 0.8851
Run: 06, Epoch: 22, Loss: 0.0006, lr: 0.000700, Train: 0.9506, Valid: 0.8888, Test: 0.8915
Run: 06, Epoch: 23, Loss: 0.0005, lr: 0.000700, Train: 0.9521, Valid: 0.8900, Test: 0.8922
Run: 06, Epoch: 24, Loss: 0.0004, lr: 0.000700, Train: 0.9451, Valid: 0.8868, Test: 0.8899
Run: 06, Epoch: 25, Loss: 0.0004, lr: 0.000700, Train: 0.9388, Valid: 0.8830, Test: 0.8884
Run: 06, Epoch: 26, Loss: 0.0004, lr: 0.000700, Train: 0.9402, Valid: 0.8816, Test: 0.8886
Run: 06, Epoch: 27, Loss: 0.0004, lr: 0.000700, Train: 0.9494, Valid: 0.8828, Test: 0.8893
Run: 06, Epoch: 28, Loss: 0.0004, lr: 0.000700, Train: 0.9617, Valid: 0.8869, Test: 0.8896
Run: 06, Epoch: 29, Loss: 0.0003, lr: 0.000700, Train: 0.9714, Valid: 0.8918, Test: 0.8889
Run: 06, Epoch: 30, Loss: 0.0003, lr: 0.000700, Train: 0.9771, Valid: 0.8966, Test: 0.8881
Run: 06, Epoch: 31, Loss: 0.0003, lr: 0.000700, Train: 0.9811, Valid: 0.8986, Test: 0.8882
Run: 06, Epoch: 32, Loss: 0.0003, lr: 0.000700, Train: 0.9839, Valid: 0.8979, Test: 0.8898
Run: 06, Epoch: 33, Loss: 0.0002, lr: 0.000700, Train: 0.9842, Valid: 0.8955, Test: 0.8928
Run: 06, Epoch: 34, Loss: 0.0002, lr: 0.000700, Train: 0.9828, Valid: 0.8925, Test: 0.8958
Run: 06, Epoch: 35, Loss: 0.0002, lr: 0.000700, Train: 0.9817, Valid: 0.8906, Test: 0.8988
Run: 06, Epoch: 36, Loss: 0.0002, lr: 0.000700, Train: 0.9827, Valid: 0.8918, Test: 0.9015
Run: 06, Epoch: 37, Loss: 0.0002, lr: 0.000700, Train: 0.9858, Valid: 0.8960, Test: 0.9036
Run: 06, Epoch: 38, Loss: 0.0002, lr: 0.000490, Train: 0.9889, Valid: 0.9000, Test: 0.9049
Run: 06, Epoch: 39, Loss: 0.0002, lr: 0.000490, Train: 0.9915, Valid: 0.9036, Test: 0.9056
Run: 06, Epoch: 40, Loss: 0.0002, lr: 0.000490, Train: 0.9931, Valid: 0.9059, Test: 0.9059
Run: 06, Epoch: 41, Loss: 0.0002, lr: 0.000490, Train: 0.9938, Valid: 0.9068, Test: 0.9064
Run: 06, Epoch: 42, Loss: 0.0002, lr: 0.000490, Train: 0.9941, Valid: 0.9065, Test: 0.9071
Run: 06, Epoch: 43, Loss: 0.0002, lr: 0.000490, Train: 0.9942, Valid: 0.9056, Test: 0.9080
Run: 06, Epoch: 44, Loss: 0.0001, lr: 0.000490, Train: 0.9940, Valid: 0.9047, Test: 0.9089
Run: 06, Epoch: 45, Loss: 0.0001, lr: 0.000490, Train: 0.9935, Valid: 0.9044, Test: 0.9097
Run: 06, Epoch: 46, Loss: 0.0001, lr: 0.000490, Train: 0.9932, Valid: 0.9049, Test: 0.9103
Run: 06, Epoch: 47, Loss: 0.0001, lr: 0.000490, Train: 0.9935, Valid: 0.9060, Test: 0.9109
Run: 06, Epoch: 48, Loss: 0.0001, lr: 0.000343, Train: 0.9943, Valid: 0.9072, Test: 0.9115
Run: 06, Epoch: 49, Loss: 0.0001, lr: 0.000343, Train: 0.9952, Valid: 0.9084, Test: 0.9120
Run: 06, Epoch: 50, Loss: 0.0001, lr: 0.000343, Train: 0.9958, Valid: 0.9093, Test: 0.9126
Run: 06, Epoch: 51, Loss: 0.0001, lr: 0.000343, Train: 0.9962, Valid: 0.9101, Test: 0.9131
Run: 06, Epoch: 52, Loss: 0.0001, lr: 0.000343, Train: 0.9964, Valid: 0.9105, Test: 0.9135
Run: 06, Epoch: 53, Loss: 0.0001, lr: 0.000343, Train: 0.9965, Valid: 0.9108, Test: 0.9136
Run: 06, Epoch: 54, Loss: 0.0001, lr: 0.000343, Train: 0.9966, Valid: 0.9109, Test: 0.9136
Run: 06, Epoch: 55, Loss: 0.0001, lr: 0.000343, Train: 0.9967, Valid: 0.9110, Test: 0.9134
Run: 06, Epoch: 56, Loss: 0.0001, lr: 0.000343, Train: 0.9967, Valid: 0.9110, Test: 0.9132
Run: 06, Epoch: 57, Loss: 0.0001, lr: 0.000343, Train: 0.9967, Valid: 0.9110, Test: 0.9131
Run: 06, Epoch: 58, Loss: 0.0001, lr: 0.000343, Train: 0.9967, Valid: 0.9112, Test: 0.9131
Run: 06, Epoch: 59, Loss: 0.0001, lr: 0.000343, Train: 0.9968, Valid: 0.9114, Test: 0.9133
Run: 06, Epoch: 60, Loss: 0.0001, lr: 0.000343, Train: 0.9970, Valid: 0.9117, Test: 0.9137
Run: 06, Epoch: 61, Loss: 0.0001, lr: 0.000343, Train: 0.9971, Valid: 0.9120, Test: 0.9141
Run: 06, Epoch: 62, Loss: 0.0001, lr: 0.000343, Train: 0.9972, Valid: 0.9124, Test: 0.9144
Run: 06, Epoch: 63, Loss: 0.0001, lr: 0.000343, Train: 0.9973, Valid: 0.9128, Test: 0.9146
Run: 06, Epoch: 64, Loss: 0.0001, lr: 0.000343, Train: 0.9973, Valid: 0.9132, Test: 0.9146
Run: 06, Epoch: 65, Loss: 0.0001, lr: 0.000343, Train: 0.9974, Valid: 0.9135, Test: 0.9145
Run: 06, Epoch: 66, Loss: 0.0001, lr: 0.000343, Train: 0.9974, Valid: 0.9137, Test: 0.9145
Run: 06, Epoch: 67, Loss: 0.0001, lr: 0.000343, Train: 0.9975, Valid: 0.9137, Test: 0.9146
Run: 06, Epoch: 68, Loss: 0.0001, lr: 0.000343, Train: 0.9975, Valid: 0.9136, Test: 0.9148
Run: 06, Epoch: 69, Loss: 0.0001, lr: 0.000343, Train: 0.9975, Valid: 0.9134, Test: 0.9153
Run: 06, Epoch: 70, Loss: 0.0001, lr: 0.000343, Train: 0.9976, Valid: 0.9132, Test: 0.9158
Run: 06, Epoch: 71, Loss: 0.0001, lr: 0.000343, Train: 0.9976, Valid: 0.9130, Test: 0.9162
Run: 06, Epoch: 72, Loss: 0.0001, lr: 0.000343, Train: 0.9977, Valid: 0.9130, Test: 0.9164
Run: 06, Epoch: 73, Loss: 0.0001, lr: 0.000240, Train: 0.9977, Valid: 0.9131, Test: 0.9164
Run: 06, Epoch: 74, Loss: 0.0001, lr: 0.000240, Train: 0.9978, Valid: 0.9132, Test: 0.9162
Run: 06, Epoch: 75, Loss: 0.0001, lr: 0.000240, Train: 0.9978, Valid: 0.9133, Test: 0.9158
Run: 06, Epoch: 76, Loss: 0.0001, lr: 0.000240, Train: 0.9978, Valid: 0.9133, Test: 0.9154
Run: 06, Epoch: 77, Loss: 0.0001, lr: 0.000240, Train: 0.9979, Valid: 0.9133, Test: 0.9150
Run: 06, Epoch: 78, Loss: 0.0001, lr: 0.000240, Train: 0.9979, Valid: 0.9133, Test: 0.9148
Run: 06, Epoch: 79, Loss: 0.0001, lr: 0.000168, Train: 0.9979, Valid: 0.9132, Test: 0.9147
Run: 06, Epoch: 80, Loss: 0.0001, lr: 0.000168, Train: 0.9980, Valid: 0.9132, Test: 0.9147
Run: 06, Epoch: 81, Loss: 0.0001, lr: 0.000168, Train: 0.9980, Valid: 0.9131, Test: 0.9148
Run: 06, Epoch: 82, Loss: 0.0001, lr: 0.000168, Train: 0.9980, Valid: 0.9131, Test: 0.9149
Run: 06, Epoch: 83, Loss: 0.0001, lr: 0.000168, Train: 0.9980, Valid: 0.9131, Test: 0.9151
Run: 06, Epoch: 84, Loss: 0.0001, lr: 0.000168, Train: 0.9980, Valid: 0.9132, Test: 0.9152
Run: 06, Epoch: 85, Loss: 0.0001, lr: 0.000118, Train: 0.9981, Valid: 0.9132, Test: 0.9153
Run: 06, Epoch: 86, Loss: 0.0001, lr: 0.000118, Train: 0.9981, Valid: 0.9133, Test: 0.9154
Run: 06, Epoch: 87, Loss: 0.0001, lr: 0.000118, Train: 0.9981, Valid: 0.9133, Test: 0.9155
Run: 06, Epoch: 88, Loss: 0.0001, lr: 0.000118, Train: 0.9981, Valid: 0.9134, Test: 0.9156
Run: 06, Epoch: 89, Loss: 0.0001, lr: 0.000118, Train: 0.9981, Valid: 0.9134, Test: 0.9156
Run: 06, Epoch: 90, Loss: 0.0001, lr: 0.000118, Train: 0.9981, Valid: 0.9134, Test: 0.9156
Run: 06, Epoch: 91, Loss: 0.0001, lr: 0.000082, Train: 0.9981, Valid: 0.9134, Test: 0.9156
Run: 06, Epoch: 92, Loss: 0.0001, lr: 0.000082, Train: 0.9982, Valid: 0.9134, Test: 0.9156
Run: 06, Epoch: 93, Loss: 0.0001, lr: 0.000082, Train: 0.9982, Valid: 0.9133, Test: 0.9156
Run: 06, Epoch: 94, Loss: 0.0001, lr: 0.000082, Train: 0.9982, Valid: 0.9133, Test: 0.9156
Run: 06, Epoch: 95, Loss: 0.0001, lr: 0.000082, Train: 0.9982, Valid: 0.9133, Test: 0.9155
Run: 06, Epoch: 96, Loss: 0.0001, lr: 0.000082, Train: 0.9982, Valid: 0.9132, Test: 0.9155
Run: 06, Epoch: 97, Loss: 0.0001, lr: 0.000058, Train: 0.9982, Valid: 0.9132, Test: 0.9155
Run: 06, Epoch: 98, Loss: 0.0001, lr: 0.000058, Train: 0.9982, Valid: 0.9132, Test: 0.9155
Run: 06, Epoch: 99, Loss: 0.0001, lr: 0.000058, Train: 0.9982, Valid: 0.9131, Test: 0.9155
Run: 06, Epoch: 100, Loss: 0.0001, lr: 0.000058, Train: 0.9982, Valid: 0.9131, Test: 0.9156
Run 06:
Highest Train: 1.00
Highest Valid: 0.91
  Final Train: 1.00
   Final Test: 0.91
Run: 07, Epoch: 01, Loss: 0.0452, lr: 0.001000, Train: 0.2849, Valid: 0.0803, Test: -0.4228
Run: 07, Epoch: 02, Loss: 0.0167, lr: 0.001000, Train: 0.2782, Valid: -0.0169, Test: -0.5993
Run: 07, Epoch: 03, Loss: 0.0104, lr: 0.001000, Train: 0.3595, Valid: 0.0924, Test: -0.3855
Run: 07, Epoch: 04, Loss: 0.0059, lr: 0.001000, Train: 0.5279, Valid: 0.2972, Test: -0.0105
Run: 07, Epoch: 05, Loss: 0.0037, lr: 0.001000, Train: 0.7714, Valid: 0.5212, Test: 0.3456
Run: 07, Epoch: 06, Loss: 0.0037, lr: 0.001000, Train: 0.8606, Valid: 0.5672, Test: 0.4326
Run: 07, Epoch: 07, Loss: 0.0027, lr: 0.001000, Train: 0.8462, Valid: 0.4907, Test: 0.3319
Run: 07, Epoch: 08, Loss: 0.0017, lr: 0.001000, Train: 0.8048, Valid: 0.4120, Test: 0.1999
Run: 07, Epoch: 09, Loss: 0.0018, lr: 0.001000, Train: 0.8168, Valid: 0.3905, Test: 0.1781
Run: 07, Epoch: 10, Loss: 0.0018, lr: 0.001000, Train: 0.8814, Valid: 0.4250, Test: 0.2898
Run: 07, Epoch: 11, Loss: 0.0015, lr: 0.001000, Train: 0.8921, Valid: 0.4738, Test: 0.4352
Run: 07, Epoch: 12, Loss: 0.0013, lr: 0.001000, Train: 0.8463, Valid: 0.4986, Test: 0.5411
Run: 07, Epoch: 13, Loss: 0.0013, lr: 0.000700, Train: 0.8538, Valid: 0.5652, Test: 0.5952
Run: 07, Epoch: 14, Loss: 0.0011, lr: 0.000700, Train: 0.8831, Valid: 0.6435, Test: 0.6348
Run: 07, Epoch: 15, Loss: 0.0009, lr: 0.000700, Train: 0.9015, Valid: 0.6851, Test: 0.6562
Run: 07, Epoch: 16, Loss: 0.0009, lr: 0.000700, Train: 0.9070, Valid: 0.6976, Test: 0.6626
Run: 07, Epoch: 17, Loss: 0.0009, lr: 0.000700, Train: 0.9099, Valid: 0.6935, Test: 0.6622
Run: 07, Epoch: 18, Loss: 0.0009, lr: 0.000700, Train: 0.9134, Valid: 0.6826, Test: 0.6613
Run: 07, Epoch: 19, Loss: 0.0008, lr: 0.000700, Train: 0.9162, Valid: 0.6671, Test: 0.6592
Run: 07, Epoch: 20, Loss: 0.0007, lr: 0.000700, Train: 0.9189, Valid: 0.6493, Test: 0.6539
Run: 07, Epoch: 21, Loss: 0.0007, lr: 0.000700, Train: 0.9246, Valid: 0.6344, Test: 0.6444
Run: 07, Epoch: 22, Loss: 0.0006, lr: 0.000700, Train: 0.9342, Valid: 0.6252, Test: 0.6328
Run: 07, Epoch: 23, Loss: 0.0006, lr: 0.000490, Train: 0.9425, Valid: 0.6259, Test: 0.6277
Run: 07, Epoch: 24, Loss: 0.0006, lr: 0.000490, Train: 0.9488, Valid: 0.6297, Test: 0.6295
Run: 07, Epoch: 25, Loss: 0.0005, lr: 0.000490, Train: 0.9531, Valid: 0.6398, Test: 0.6385
Run: 07, Epoch: 26, Loss: 0.0005, lr: 0.000490, Train: 0.9569, Valid: 0.6577, Test: 0.6558
Run: 07, Epoch: 27, Loss: 0.0005, lr: 0.000490, Train: 0.9615, Valid: 0.6833, Test: 0.6800
Run: 07, Epoch: 28, Loss: 0.0005, lr: 0.000490, Train: 0.9663, Valid: 0.7128, Test: 0.7076
Run: 07, Epoch: 29, Loss: 0.0004, lr: 0.000490, Train: 0.9702, Valid: 0.7406, Test: 0.7345
Run: 07, Epoch: 30, Loss: 0.0004, lr: 0.000490, Train: 0.9729, Valid: 0.7614, Test: 0.7569
Run: 07, Epoch: 31, Loss: 0.0004, lr: 0.000490, Train: 0.9753, Valid: 0.7754, Test: 0.7717
Run: 07, Epoch: 32, Loss: 0.0004, lr: 0.000490, Train: 0.9780, Valid: 0.7813, Test: 0.7782
Run: 07, Epoch: 33, Loss: 0.0004, lr: 0.000490, Train: 0.9808, Valid: 0.7793, Test: 0.7771
Run: 07, Epoch: 34, Loss: 0.0004, lr: 0.000490, Train: 0.9829, Valid: 0.7710, Test: 0.7699
Run: 07, Epoch: 35, Loss: 0.0003, lr: 0.000490, Train: 0.9842, Valid: 0.7588, Test: 0.7597
Run: 07, Epoch: 36, Loss: 0.0003, lr: 0.000490, Train: 0.9851, Valid: 0.7476, Test: 0.7502
Run: 07, Epoch: 37, Loss: 0.0003, lr: 0.000490, Train: 0.9862, Valid: 0.7404, Test: 0.7448
Run: 07, Epoch: 38, Loss: 0.0003, lr: 0.000490, Train: 0.9875, Valid: 0.7395, Test: 0.7459
Run: 07, Epoch: 39, Loss: 0.0003, lr: 0.000343, Train: 0.9887, Valid: 0.7444, Test: 0.7520
Run: 07, Epoch: 40, Loss: 0.0003, lr: 0.000343, Train: 0.9896, Valid: 0.7533, Test: 0.7616
Run: 07, Epoch: 41, Loss: 0.0003, lr: 0.000343, Train: 0.9904, Valid: 0.7645, Test: 0.7731
Run: 07, Epoch: 42, Loss: 0.0003, lr: 0.000343, Train: 0.9910, Valid: 0.7770, Test: 0.7850
Run: 07, Epoch: 43, Loss: 0.0003, lr: 0.000343, Train: 0.9915, Valid: 0.7893, Test: 0.7958
Run: 07, Epoch: 44, Loss: 0.0002, lr: 0.000343, Train: 0.9919, Valid: 0.8000, Test: 0.8046
Run: 07, Epoch: 45, Loss: 0.0002, lr: 0.000343, Train: 0.9923, Valid: 0.8084, Test: 0.8109
Run: 07, Epoch: 46, Loss: 0.0002, lr: 0.000343, Train: 0.9925, Valid: 0.8140, Test: 0.8146
Run: 07, Epoch: 47, Loss: 0.0002, lr: 0.000343, Train: 0.9927, Valid: 0.8171, Test: 0.8162
Run: 07, Epoch: 48, Loss: 0.0002, lr: 0.000343, Train: 0.9929, Valid: 0.8183, Test: 0.8162
Run: 07, Epoch: 49, Loss: 0.0002, lr: 0.000343, Train: 0.9932, Valid: 0.8183, Test: 0.8152
Run: 07, Epoch: 50, Loss: 0.0002, lr: 0.000343, Train: 0.9935, Valid: 0.8178, Test: 0.8137
Run: 07, Epoch: 51, Loss: 0.0002, lr: 0.000343, Train: 0.9936, Valid: 0.8173, Test: 0.8122
Run: 07, Epoch: 52, Loss: 0.0002, lr: 0.000343, Train: 0.9938, Valid: 0.8171, Test: 0.8110
Run: 07, Epoch: 53, Loss: 0.0002, lr: 0.000343, Train: 0.9939, Valid: 0.8173, Test: 0.8105
Run: 07, Epoch: 54, Loss: 0.0002, lr: 0.000343, Train: 0.9940, Valid: 0.8180, Test: 0.8106
Run: 07, Epoch: 55, Loss: 0.0002, lr: 0.000240, Train: 0.9942, Valid: 0.8188, Test: 0.8109
Run: 07, Epoch: 56, Loss: 0.0002, lr: 0.000240, Train: 0.9943, Valid: 0.8200, Test: 0.8117
Run: 07, Epoch: 57, Loss: 0.0002, lr: 0.000240, Train: 0.9944, Valid: 0.8218, Test: 0.8129
Run: 07, Epoch: 58, Loss: 0.0002, lr: 0.000240, Train: 0.9946, Valid: 0.8242, Test: 0.8145
Run: 07, Epoch: 59, Loss: 0.0002, lr: 0.000240, Train: 0.9947, Valid: 0.8269, Test: 0.8164
Run: 07, Epoch: 60, Loss: 0.0002, lr: 0.000240, Train: 0.9948, Valid: 0.8299, Test: 0.8184
Run: 07, Epoch: 61, Loss: 0.0002, lr: 0.000240, Train: 0.9949, Valid: 0.8327, Test: 0.8204
Run: 07, Epoch: 62, Loss: 0.0002, lr: 0.000240, Train: 0.9950, Valid: 0.8347, Test: 0.8223
Run: 07, Epoch: 63, Loss: 0.0002, lr: 0.000240, Train: 0.9951, Valid: 0.8364, Test: 0.8239
Run: 07, Epoch: 64, Loss: 0.0001, lr: 0.000240, Train: 0.9951, Valid: 0.8376, Test: 0.8251
Run: 07, Epoch: 65, Loss: 0.0001, lr: 0.000240, Train: 0.9952, Valid: 0.8384, Test: 0.8260
Run: 07, Epoch: 66, Loss: 0.0001, lr: 0.000240, Train: 0.9953, Valid: 0.8387, Test: 0.8265
Run: 07, Epoch: 67, Loss: 0.0001, lr: 0.000240, Train: 0.9954, Valid: 0.8386, Test: 0.8266
Run: 07, Epoch: 68, Loss: 0.0001, lr: 0.000240, Train: 0.9954, Valid: 0.8381, Test: 0.8262
Run: 07, Epoch: 69, Loss: 0.0001, lr: 0.000240, Train: 0.9955, Valid: 0.8372, Test: 0.8255
Run: 07, Epoch: 70, Loss: 0.0001, lr: 0.000240, Train: 0.9956, Valid: 0.8361, Test: 0.8246
Run: 07, Epoch: 71, Loss: 0.0001, lr: 0.000240, Train: 0.9957, Valid: 0.8352, Test: 0.8238
Run: 07, Epoch: 72, Loss: 0.0001, lr: 0.000240, Train: 0.9958, Valid: 0.8347, Test: 0.8233
Run: 07, Epoch: 73, Loss: 0.0001, lr: 0.000168, Train: 0.9959, Valid: 0.8347, Test: 0.8232
Run: 07, Epoch: 74, Loss: 0.0001, lr: 0.000168, Train: 0.9959, Valid: 0.8351, Test: 0.8234
Run: 07, Epoch: 75, Loss: 0.0001, lr: 0.000168, Train: 0.9960, Valid: 0.8359, Test: 0.8240
Run: 07, Epoch: 76, Loss: 0.0001, lr: 0.000168, Train: 0.9961, Valid: 0.8368, Test: 0.8248
Run: 07, Epoch: 77, Loss: 0.0001, lr: 0.000168, Train: 0.9961, Valid: 0.8379, Test: 0.8256
Run: 07, Epoch: 78, Loss: 0.0001, lr: 0.000168, Train: 0.9962, Valid: 0.8389, Test: 0.8266
Run: 07, Epoch: 79, Loss: 0.0001, lr: 0.000168, Train: 0.9963, Valid: 0.8398, Test: 0.8274
Run: 07, Epoch: 80, Loss: 0.0001, lr: 0.000168, Train: 0.9963, Valid: 0.8406, Test: 0.8282
Run: 07, Epoch: 81, Loss: 0.0001, lr: 0.000168, Train: 0.9964, Valid: 0.8412, Test: 0.8288
Run: 07, Epoch: 82, Loss: 0.0001, lr: 0.000168, Train: 0.9964, Valid: 0.8416, Test: 0.8291
Run: 07, Epoch: 83, Loss: 0.0001, lr: 0.000168, Train: 0.9965, Valid: 0.8417, Test: 0.8293
Run: 07, Epoch: 84, Loss: 0.0001, lr: 0.000168, Train: 0.9965, Valid: 0.8417, Test: 0.8292
Run: 07, Epoch: 85, Loss: 0.0001, lr: 0.000168, Train: 0.9966, Valid: 0.8417, Test: 0.8291
Run: 07, Epoch: 86, Loss: 0.0001, lr: 0.000168, Train: 0.9966, Valid: 0.8417, Test: 0.8289
Run: 07, Epoch: 87, Loss: 0.0001, lr: 0.000168, Train: 0.9967, Valid: 0.8416, Test: 0.8287
Run: 07, Epoch: 88, Loss: 0.0001, lr: 0.000168, Train: 0.9967, Valid: 0.8416, Test: 0.8285
Run: 07, Epoch: 89, Loss: 0.0001, lr: 0.000168, Train: 0.9968, Valid: 0.8414, Test: 0.8282
Run: 07, Epoch: 90, Loss: 0.0001, lr: 0.000118, Train: 0.9968, Valid: 0.8412, Test: 0.8280
Run: 07, Epoch: 91, Loss: 0.0001, lr: 0.000118, Train: 0.9969, Valid: 0.8411, Test: 0.8278
Run: 07, Epoch: 92, Loss: 0.0001, lr: 0.000118, Train: 0.9969, Valid: 0.8410, Test: 0.8277
Run: 07, Epoch: 93, Loss: 0.0001, lr: 0.000118, Train: 0.9970, Valid: 0.8409, Test: 0.8277
Run: 07, Epoch: 94, Loss: 0.0001, lr: 0.000118, Train: 0.9970, Valid: 0.8410, Test: 0.8276
Run: 07, Epoch: 95, Loss: 0.0001, lr: 0.000118, Train: 0.9970, Valid: 0.8411, Test: 0.8277
Run: 07, Epoch: 96, Loss: 0.0001, lr: 0.000082, Train: 0.9971, Valid: 0.8411, Test: 0.8277
Run: 07, Epoch: 97, Loss: 0.0001, lr: 0.000082, Train: 0.9971, Valid: 0.8411, Test: 0.8277
Run: 07, Epoch: 98, Loss: 0.0001, lr: 0.000082, Train: 0.9971, Valid: 0.8411, Test: 0.8277
Run: 07, Epoch: 99, Loss: 0.0001, lr: 0.000082, Train: 0.9972, Valid: 0.8411, Test: 0.8277
Run: 07, Epoch: 100, Loss: 0.0001, lr: 0.000082, Train: 0.9972, Valid: 0.8411, Test: 0.8277
Run 07:
Highest Train: 1.00
Highest Valid: 0.84
  Final Train: 1.00
   Final Test: 0.83
Run: 08, Epoch: 01, Loss: 0.0200, lr: 0.001000, Train: 0.6477, Valid: 0.7601, Test: 0.6282
Run: 08, Epoch: 02, Loss: 0.0218, lr: 0.001000, Train: 0.7729, Valid: 0.8272, Test: 0.7532
Run: 08, Epoch: 03, Loss: 0.0089, lr: 0.001000, Train: 0.7258, Valid: 0.7453, Test: 0.5795
Run: 08, Epoch: 04, Loss: 0.0052, lr: 0.001000, Train: 0.7339, Valid: 0.6900, Test: 0.5754
Run: 08, Epoch: 05, Loss: 0.0041, lr: 0.001000, Train: 0.6656, Valid: 0.6852, Test: 0.3099
Run: 08, Epoch: 06, Loss: 0.0029, lr: 0.001000, Train: 0.6465, Valid: 0.6876, Test: 0.1946
Run: 08, Epoch: 07, Loss: 0.0030, lr: 0.001000, Train: 0.7365, Valid: 0.7466, Test: 0.5285
Run: 08, Epoch: 08, Loss: 0.0026, lr: 0.001000, Train: 0.7961, Valid: 0.8134, Test: 0.6202
Run: 08, Epoch: 09, Loss: 0.0022, lr: 0.000700, Train: 0.8052, Valid: 0.8228, Test: 0.6089
Run: 08, Epoch: 10, Loss: 0.0017, lr: 0.000700, Train: 0.8130, Valid: 0.7921, Test: 0.6314
Run: 08, Epoch: 11, Loss: 0.0013, lr: 0.000700, Train: 0.7884, Valid: 0.7317, Test: 0.5747
Run: 08, Epoch: 12, Loss: 0.0014, lr: 0.000700, Train: 0.7784, Valid: 0.7088, Test: 0.5235
Run: 08, Epoch: 13, Loss: 0.0015, lr: 0.000700, Train: 0.8026, Valid: 0.7416, Test: 0.5669
Run: 08, Epoch: 14, Loss: 0.0013, lr: 0.000700, Train: 0.8324, Valid: 0.7846, Test: 0.6250
Run: 08, Epoch: 15, Loss: 0.0011, lr: 0.000490, Train: 0.8454, Valid: 0.8100, Test: 0.6350
Run: 08, Epoch: 16, Loss: 0.0010, lr: 0.000490, Train: 0.8498, Valid: 0.8255, Test: 0.6285
Run: 08, Epoch: 17, Loss: 0.0010, lr: 0.000490, Train: 0.8562, Valid: 0.8314, Test: 0.6311
Run: 08, Epoch: 18, Loss: 0.0010, lr: 0.000490, Train: 0.8677, Valid: 0.8337, Test: 0.6462
Run: 08, Epoch: 19, Loss: 0.0008, lr: 0.000490, Train: 0.8806, Valid: 0.8354, Test: 0.6586
Run: 08, Epoch: 20, Loss: 0.0008, lr: 0.000490, Train: 0.8948, Valid: 0.8425, Test: 0.6695
Run: 08, Epoch: 21, Loss: 0.0008, lr: 0.000490, Train: 0.9125, Valid: 0.8596, Test: 0.6987
Run: 08, Epoch: 22, Loss: 0.0008, lr: 0.000490, Train: 0.9312, Valid: 0.8863, Test: 0.7453
Run: 08, Epoch: 23, Loss: 0.0008, lr: 0.000490, Train: 0.9452, Valid: 0.9127, Test: 0.7861
Run: 08, Epoch: 24, Loss: 0.0007, lr: 0.000490, Train: 0.9519, Valid: 0.9305, Test: 0.8081
Run: 08, Epoch: 25, Loss: 0.0006, lr: 0.000490, Train: 0.9540, Valid: 0.9402, Test: 0.8129
Run: 08, Epoch: 26, Loss: 0.0006, lr: 0.000490, Train: 0.9563, Valid: 0.9444, Test: 0.8159
Run: 08, Epoch: 27, Loss: 0.0006, lr: 0.000490, Train: 0.9607, Valid: 0.9461, Test: 0.8239
Run: 08, Epoch: 28, Loss: 0.0006, lr: 0.000490, Train: 0.9658, Valid: 0.9466, Test: 0.8344
Run: 08, Epoch: 29, Loss: 0.0005, lr: 0.000490, Train: 0.9701, Valid: 0.9463, Test: 0.8435
Run: 08, Epoch: 30, Loss: 0.0005, lr: 0.000490, Train: 0.9732, Valid: 0.9460, Test: 0.8500
Run: 08, Epoch: 31, Loss: 0.0005, lr: 0.000490, Train: 0.9755, Valid: 0.9467, Test: 0.8541
Run: 08, Epoch: 32, Loss: 0.0005, lr: 0.000490, Train: 0.9774, Valid: 0.9486, Test: 0.8562
Run: 08, Epoch: 33, Loss: 0.0005, lr: 0.000490, Train: 0.9790, Valid: 0.9508, Test: 0.8564
Run: 08, Epoch: 34, Loss: 0.0004, lr: 0.000490, Train: 0.9805, Valid: 0.9528, Test: 0.8579
Run: 08, Epoch: 35, Loss: 0.0004, lr: 0.000490, Train: 0.9820, Valid: 0.9544, Test: 0.8631
Run: 08, Epoch: 36, Loss: 0.0004, lr: 0.000490, Train: 0.9838, Valid: 0.9556, Test: 0.8719
Run: 08, Epoch: 37, Loss: 0.0004, lr: 0.000490, Train: 0.9855, Valid: 0.9559, Test: 0.8820
Run: 08, Epoch: 38, Loss: 0.0004, lr: 0.000490, Train: 0.9866, Valid: 0.9552, Test: 0.8908
Run: 08, Epoch: 39, Loss: 0.0003, lr: 0.000490, Train: 0.9873, Valid: 0.9538, Test: 0.8968
Run: 08, Epoch: 40, Loss: 0.0003, lr: 0.000490, Train: 0.9881, Valid: 0.9526, Test: 0.8995
Run: 08, Epoch: 41, Loss: 0.0003, lr: 0.000490, Train: 0.9890, Valid: 0.9521, Test: 0.8994
Run: 08, Epoch: 42, Loss: 0.0003, lr: 0.000490, Train: 0.9896, Valid: 0.9526, Test: 0.8978
Run: 08, Epoch: 43, Loss: 0.0003, lr: 0.000490, Train: 0.9899, Valid: 0.9538, Test: 0.8962
Run: 08, Epoch: 44, Loss: 0.0003, lr: 0.000343, Train: 0.9902, Valid: 0.9547, Test: 0.8967
Run: 08, Epoch: 45, Loss: 0.0003, lr: 0.000343, Train: 0.9905, Valid: 0.9553, Test: 0.8982
Run: 08, Epoch: 46, Loss: 0.0003, lr: 0.000343, Train: 0.9909, Valid: 0.9555, Test: 0.9001
Run: 08, Epoch: 47, Loss: 0.0003, lr: 0.000343, Train: 0.9915, Valid: 0.9554, Test: 0.9017
Run: 08, Epoch: 48, Loss: 0.0002, lr: 0.000343, Train: 0.9922, Valid: 0.9550, Test: 0.9025
Run: 08, Epoch: 49, Loss: 0.0002, lr: 0.000343, Train: 0.9926, Valid: 0.9545, Test: 0.9022
Run: 08, Epoch: 50, Loss: 0.0002, lr: 0.000240, Train: 0.9928, Valid: 0.9541, Test: 0.9024
Run: 08, Epoch: 51, Loss: 0.0002, lr: 0.000240, Train: 0.9930, Valid: 0.9539, Test: 0.9029
Run: 08, Epoch: 52, Loss: 0.0002, lr: 0.000240, Train: 0.9932, Valid: 0.9540, Test: 0.9039
Run: 08, Epoch: 53, Loss: 0.0002, lr: 0.000240, Train: 0.9934, Valid: 0.9542, Test: 0.9053
Run: 08, Epoch: 54, Loss: 0.0002, lr: 0.000240, Train: 0.9935, Valid: 0.9545, Test: 0.9069
Run: 08, Epoch: 55, Loss: 0.0002, lr: 0.000240, Train: 0.9936, Valid: 0.9547, Test: 0.9083
Run: 08, Epoch: 56, Loss: 0.0002, lr: 0.000168, Train: 0.9937, Valid: 0.9548, Test: 0.9092
Run: 08, Epoch: 57, Loss: 0.0002, lr: 0.000168, Train: 0.9939, Valid: 0.9549, Test: 0.9099
Run: 08, Epoch: 58, Loss: 0.0002, lr: 0.000168, Train: 0.9941, Valid: 0.9550, Test: 0.9103
Run: 08, Epoch: 59, Loss: 0.0002, lr: 0.000168, Train: 0.9942, Valid: 0.9550, Test: 0.9105
Run: 08, Epoch: 60, Loss: 0.0002, lr: 0.000168, Train: 0.9943, Valid: 0.9550, Test: 0.9107
Run: 08, Epoch: 61, Loss: 0.0002, lr: 0.000168, Train: 0.9944, Valid: 0.9549, Test: 0.9109
Run: 08, Epoch: 62, Loss: 0.0002, lr: 0.000118, Train: 0.9945, Valid: 0.9549, Test: 0.9111
Run: 08, Epoch: 63, Loss: 0.0002, lr: 0.000118, Train: 0.9946, Valid: 0.9548, Test: 0.9114
Run: 08, Epoch: 64, Loss: 0.0002, lr: 0.000118, Train: 0.9946, Valid: 0.9548, Test: 0.9117
Run: 08, Epoch: 65, Loss: 0.0002, lr: 0.000118, Train: 0.9947, Valid: 0.9547, Test: 0.9120
Run: 08, Epoch: 66, Loss: 0.0002, lr: 0.000118, Train: 0.9948, Valid: 0.9547, Test: 0.9122
Run: 08, Epoch: 67, Loss: 0.0002, lr: 0.000118, Train: 0.9949, Valid: 0.9546, Test: 0.9123
Run: 08, Epoch: 68, Loss: 0.0002, lr: 0.000082, Train: 0.9949, Valid: 0.9546, Test: 0.9124
Run: 08, Epoch: 69, Loss: 0.0002, lr: 0.000082, Train: 0.9950, Valid: 0.9546, Test: 0.9124
Run: 08, Epoch: 70, Loss: 0.0002, lr: 0.000082, Train: 0.9951, Valid: 0.9546, Test: 0.9123
Run: 08, Epoch: 71, Loss: 0.0002, lr: 0.000082, Train: 0.9951, Valid: 0.9546, Test: 0.9122
Run: 08, Epoch: 72, Loss: 0.0002, lr: 0.000082, Train: 0.9952, Valid: 0.9546, Test: 0.9122
Run: 08, Epoch: 73, Loss: 0.0002, lr: 0.000082, Train: 0.9952, Valid: 0.9546, Test: 0.9121
Run: 08, Epoch: 74, Loss: 0.0002, lr: 0.000058, Train: 0.9952, Valid: 0.9546, Test: 0.9120
Run: 08, Epoch: 75, Loss: 0.0002, lr: 0.000058, Train: 0.9953, Valid: 0.9546, Test: 0.9120
Run: 08, Epoch: 76, Loss: 0.0002, lr: 0.000058, Train: 0.9953, Valid: 0.9547, Test: 0.9119
Run: 08, Epoch: 77, Loss: 0.0002, lr: 0.000058, Train: 0.9953, Valid: 0.9547, Test: 0.9118
Run: 08, Epoch: 78, Loss: 0.0002, lr: 0.000058, Train: 0.9954, Valid: 0.9547, Test: 0.9117
Run: 08, Epoch: 79, Loss: 0.0002, lr: 0.000058, Train: 0.9954, Valid: 0.9547, Test: 0.9116
Run: 08, Epoch: 80, Loss: 0.0002, lr: 0.000040, Train: 0.9954, Valid: 0.9547, Test: 0.9115
Run: 08, Epoch: 81, Loss: 0.0002, lr: 0.000040, Train: 0.9955, Valid: 0.9547, Test: 0.9114
Run: 08, Epoch: 82, Loss: 0.0002, lr: 0.000040, Train: 0.9955, Valid: 0.9547, Test: 0.9113
Run: 08, Epoch: 83, Loss: 0.0002, lr: 0.000040, Train: 0.9955, Valid: 0.9546, Test: 0.9112
Run: 08, Epoch: 84, Loss: 0.0002, lr: 0.000040, Train: 0.9955, Valid: 0.9546, Test: 0.9111
Run: 08, Epoch: 85, Loss: 0.0002, lr: 0.000040, Train: 0.9956, Valid: 0.9546, Test: 0.9110
Run: 08, Epoch: 86, Loss: 0.0002, lr: 0.000028, Train: 0.9956, Valid: 0.9546, Test: 0.9109
Run: 08, Epoch: 87, Loss: 0.0002, lr: 0.000028, Train: 0.9956, Valid: 0.9546, Test: 0.9108
Run: 08, Epoch: 88, Loss: 0.0002, lr: 0.000028, Train: 0.9956, Valid: 0.9546, Test: 0.9108
Run: 08, Epoch: 89, Loss: 0.0002, lr: 0.000028, Train: 0.9956, Valid: 0.9545, Test: 0.9107
Run: 08, Epoch: 90, Loss: 0.0002, lr: 0.000028, Train: 0.9956, Valid: 0.9545, Test: 0.9107
Run: 08, Epoch: 91, Loss: 0.0002, lr: 0.000028, Train: 0.9957, Valid: 0.9545, Test: 0.9107
Run: 08, Epoch: 92, Loss: 0.0002, lr: 0.000020, Train: 0.9957, Valid: 0.9545, Test: 0.9107
Run: 08, Epoch: 93, Loss: 0.0002, lr: 0.000020, Train: 0.9957, Valid: 0.9545, Test: 0.9106
Run: 08, Epoch: 94, Loss: 0.0002, lr: 0.000020, Train: 0.9957, Valid: 0.9545, Test: 0.9106
Run: 08, Epoch: 95, Loss: 0.0002, lr: 0.000020, Train: 0.9957, Valid: 0.9545, Test: 0.9106
Run: 08, Epoch: 96, Loss: 0.0001, lr: 0.000020, Train: 0.9957, Valid: 0.9545, Test: 0.9106
Run: 08, Epoch: 97, Loss: 0.0001, lr: 0.000020, Train: 0.9957, Valid: 0.9546, Test: 0.9106
Run: 08, Epoch: 98, Loss: 0.0001, lr: 0.000014, Train: 0.9957, Valid: 0.9546, Test: 0.9105
Run: 08, Epoch: 99, Loss: 0.0001, lr: 0.000014, Train: 0.9957, Valid: 0.9546, Test: 0.9105
Run: 08, Epoch: 100, Loss: 0.0001, lr: 0.000014, Train: 0.9958, Valid: 0.9546, Test: 0.9105
Run 08:
Highest Train: 1.00
Highest Valid: 0.96
  Final Train: 0.99
   Final Test: 0.88
Run: 09, Epoch: 01, Loss: 0.0690, lr: 0.001000, Train: 0.4459, Valid: -0.0291, Test: 0.3623
Run: 09, Epoch: 02, Loss: 0.0210, lr: 0.001000, Train: 0.7121, Valid: 0.3507, Test: 0.6932
Run: 09, Epoch: 03, Loss: 0.0120, lr: 0.001000, Train: 0.8135, Valid: 0.5990, Test: 0.8019
Run: 09, Epoch: 04, Loss: 0.0073, lr: 0.001000, Train: 0.8417, Valid: 0.6583, Test: 0.7734
Run: 09, Epoch: 05, Loss: 0.0039, lr: 0.001000, Train: 0.8266, Valid: 0.6965, Test: 0.7980
Run: 09, Epoch: 06, Loss: 0.0037, lr: 0.001000, Train: 0.8296, Valid: 0.6847, Test: 0.8444
Run: 09, Epoch: 07, Loss: 0.0033, lr: 0.001000, Train: 0.8722, Valid: 0.7293, Test: 0.8831
Run: 09, Epoch: 08, Loss: 0.0023, lr: 0.001000, Train: 0.8913, Valid: 0.7874, Test: 0.8614
Run: 09, Epoch: 09, Loss: 0.0023, lr: 0.001000, Train: 0.8864, Valid: 0.7566, Test: 0.8096
Run: 09, Epoch: 10, Loss: 0.0023, lr: 0.001000, Train: 0.8909, Valid: 0.7444, Test: 0.7973
Run: 09, Epoch: 11, Loss: 0.0016, lr: 0.001000, Train: 0.8939, Valid: 0.7669, Test: 0.8125
Run: 09, Epoch: 12, Loss: 0.0013, lr: 0.001000, Train: 0.8940, Valid: 0.7807, Test: 0.8242
Run: 09, Epoch: 13, Loss: 0.0014, lr: 0.001000, Train: 0.9064, Valid: 0.8055, Test: 0.8352
Run: 09, Epoch: 14, Loss: 0.0013, lr: 0.001000, Train: 0.9164, Valid: 0.8288, Test: 0.8214
Run: 09, Epoch: 15, Loss: 0.0010, lr: 0.001000, Train: 0.8977, Valid: 0.7831, Test: 0.7658
Run: 09, Epoch: 16, Loss: 0.0009, lr: 0.001000, Train: 0.8770, Valid: 0.7141, Test: 0.7249
Run: 09, Epoch: 17, Loss: 0.0011, lr: 0.001000, Train: 0.8966, Valid: 0.7349, Test: 0.7568
Run: 09, Epoch: 18, Loss: 0.0010, lr: 0.001000, Train: 0.9348, Valid: 0.8012, Test: 0.8240
Run: 09, Epoch: 19, Loss: 0.0008, lr: 0.001000, Train: 0.9535, Valid: 0.8199, Test: 0.8631
Run: 09, Epoch: 20, Loss: 0.0008, lr: 0.001000, Train: 0.9554, Valid: 0.7970, Test: 0.8705
Run: 09, Epoch: 21, Loss: 0.0008, lr: 0.000700, Train: 0.9595, Valid: 0.7928, Test: 0.8705
Run: 09, Epoch: 22, Loss: 0.0007, lr: 0.000700, Train: 0.9661, Valid: 0.8070, Test: 0.8708
Run: 09, Epoch: 23, Loss: 0.0006, lr: 0.000700, Train: 0.9705, Valid: 0.8298, Test: 0.8679
Run: 09, Epoch: 24, Loss: 0.0006, lr: 0.000700, Train: 0.9719, Valid: 0.8502, Test: 0.8640
Run: 09, Epoch: 25, Loss: 0.0006, lr: 0.000700, Train: 0.9731, Valid: 0.8613, Test: 0.8635
Run: 09, Epoch: 26, Loss: 0.0006, lr: 0.000700, Train: 0.9751, Valid: 0.8619, Test: 0.8670
Run: 09, Epoch: 27, Loss: 0.0006, lr: 0.000700, Train: 0.9757, Valid: 0.8542, Test: 0.8705
Run: 09, Epoch: 28, Loss: 0.0005, lr: 0.000700, Train: 0.9747, Valid: 0.8463, Test: 0.8720
Run: 09, Epoch: 29, Loss: 0.0005, lr: 0.000700, Train: 0.9745, Valid: 0.8425, Test: 0.8737
Run: 09, Epoch: 30, Loss: 0.0005, lr: 0.000700, Train: 0.9768, Valid: 0.8441, Test: 0.8765
Run: 09, Epoch: 31, Loss: 0.0005, lr: 0.000700, Train: 0.9799, Valid: 0.8489, Test: 0.8795
Run: 09, Epoch: 32, Loss: 0.0004, lr: 0.000700, Train: 0.9813, Valid: 0.8497, Test: 0.8807
Run: 09, Epoch: 33, Loss: 0.0004, lr: 0.000490, Train: 0.9817, Valid: 0.8480, Test: 0.8814
Run: 09, Epoch: 34, Loss: 0.0004, lr: 0.000490, Train: 0.9821, Valid: 0.8477, Test: 0.8829
Run: 09, Epoch: 35, Loss: 0.0004, lr: 0.000490, Train: 0.9830, Valid: 0.8503, Test: 0.8855
Run: 09, Epoch: 36, Loss: 0.0004, lr: 0.000490, Train: 0.9843, Valid: 0.8534, Test: 0.8879
Run: 09, Epoch: 37, Loss: 0.0004, lr: 0.000490, Train: 0.9855, Valid: 0.8539, Test: 0.8895
Run: 09, Epoch: 38, Loss: 0.0003, lr: 0.000490, Train: 0.9864, Valid: 0.8515, Test: 0.8897
Run: 09, Epoch: 39, Loss: 0.0003, lr: 0.000343, Train: 0.9871, Valid: 0.8489, Test: 0.8895
Run: 09, Epoch: 40, Loss: 0.0003, lr: 0.000343, Train: 0.9878, Valid: 0.8467, Test: 0.8890
Run: 09, Epoch: 41, Loss: 0.0003, lr: 0.000343, Train: 0.9884, Valid: 0.8460, Test: 0.8883
Run: 09, Epoch: 42, Loss: 0.0003, lr: 0.000343, Train: 0.9890, Valid: 0.8464, Test: 0.8876
Run: 09, Epoch: 43, Loss: 0.0003, lr: 0.000343, Train: 0.9895, Valid: 0.8475, Test: 0.8874
Run: 09, Epoch: 44, Loss: 0.0003, lr: 0.000343, Train: 0.9900, Valid: 0.8490, Test: 0.8875
Run: 09, Epoch: 45, Loss: 0.0003, lr: 0.000240, Train: 0.9903, Valid: 0.8504, Test: 0.8879
Run: 09, Epoch: 46, Loss: 0.0003, lr: 0.000240, Train: 0.9906, Valid: 0.8517, Test: 0.8884
Run: 09, Epoch: 47, Loss: 0.0003, lr: 0.000240, Train: 0.9909, Valid: 0.8525, Test: 0.8889
Run: 09, Epoch: 48, Loss: 0.0003, lr: 0.000240, Train: 0.9911, Valid: 0.8529, Test: 0.8893
Run: 09, Epoch: 49, Loss: 0.0003, lr: 0.000240, Train: 0.9914, Valid: 0.8527, Test: 0.8897
Run: 09, Epoch: 50, Loss: 0.0003, lr: 0.000240, Train: 0.9917, Valid: 0.8521, Test: 0.8899
Run: 09, Epoch: 51, Loss: 0.0003, lr: 0.000168, Train: 0.9919, Valid: 0.8520, Test: 0.8901
Run: 09, Epoch: 52, Loss: 0.0003, lr: 0.000168, Train: 0.9921, Valid: 0.8519, Test: 0.8904
Run: 09, Epoch: 53, Loss: 0.0003, lr: 0.000168, Train: 0.9923, Valid: 0.8518, Test: 0.8907
Run: 09, Epoch: 54, Loss: 0.0003, lr: 0.000168, Train: 0.9924, Valid: 0.8519, Test: 0.8910
Run: 09, Epoch: 55, Loss: 0.0003, lr: 0.000168, Train: 0.9926, Valid: 0.8521, Test: 0.8914
Run: 09, Epoch: 56, Loss: 0.0003, lr: 0.000168, Train: 0.9927, Valid: 0.8524, Test: 0.8919
Run: 09, Epoch: 57, Loss: 0.0003, lr: 0.000118, Train: 0.9928, Valid: 0.8529, Test: 0.8923
Run: 09, Epoch: 58, Loss: 0.0003, lr: 0.000118, Train: 0.9929, Valid: 0.8534, Test: 0.8927
Run: 09, Epoch: 59, Loss: 0.0002, lr: 0.000118, Train: 0.9930, Valid: 0.8539, Test: 0.8930
Run: 09, Epoch: 60, Loss: 0.0002, lr: 0.000118, Train: 0.9931, Valid: 0.8543, Test: 0.8933
Run: 09, Epoch: 61, Loss: 0.0002, lr: 0.000118, Train: 0.9932, Valid: 0.8547, Test: 0.8934
Run: 09, Epoch: 62, Loss: 0.0002, lr: 0.000118, Train: 0.9933, Valid: 0.8550, Test: 0.8935
Run: 09, Epoch: 63, Loss: 0.0002, lr: 0.000082, Train: 0.9933, Valid: 0.8552, Test: 0.8935
Run: 09, Epoch: 64, Loss: 0.0002, lr: 0.000082, Train: 0.9934, Valid: 0.8554, Test: 0.8935
Run: 09, Epoch: 65, Loss: 0.0002, lr: 0.000082, Train: 0.9935, Valid: 0.8555, Test: 0.8935
Run: 09, Epoch: 66, Loss: 0.0002, lr: 0.000082, Train: 0.9935, Valid: 0.8555, Test: 0.8935
Run: 09, Epoch: 67, Loss: 0.0002, lr: 0.000082, Train: 0.9936, Valid: 0.8554, Test: 0.8935
Run: 09, Epoch: 68, Loss: 0.0002, lr: 0.000082, Train: 0.9936, Valid: 0.8554, Test: 0.8935
Run: 09, Epoch: 69, Loss: 0.0002, lr: 0.000058, Train: 0.9937, Valid: 0.8555, Test: 0.8935
Run: 09, Epoch: 70, Loss: 0.0002, lr: 0.000058, Train: 0.9937, Valid: 0.8555, Test: 0.8935
Run: 09, Epoch: 71, Loss: 0.0002, lr: 0.000058, Train: 0.9937, Valid: 0.8556, Test: 0.8934
Run: 09, Epoch: 72, Loss: 0.0002, lr: 0.000058, Train: 0.9938, Valid: 0.8557, Test: 0.8934
Run: 09, Epoch: 73, Loss: 0.0002, lr: 0.000058, Train: 0.9938, Valid: 0.8558, Test: 0.8934
Run: 09, Epoch: 74, Loss: 0.0002, lr: 0.000058, Train: 0.9938, Valid: 0.8559, Test: 0.8935
Run: 09, Epoch: 75, Loss: 0.0002, lr: 0.000040, Train: 0.9938, Valid: 0.8560, Test: 0.8936
Run: 09, Epoch: 76, Loss: 0.0002, lr: 0.000040, Train: 0.9938, Valid: 0.8561, Test: 0.8936
Run: 09, Epoch: 77, Loss: 0.0002, lr: 0.000040, Train: 0.9939, Valid: 0.8561, Test: 0.8937
Run: 09, Epoch: 78, Loss: 0.0002, lr: 0.000040, Train: 0.9939, Valid: 0.8562, Test: 0.8938
Run: 09, Epoch: 79, Loss: 0.0002, lr: 0.000040, Train: 0.9939, Valid: 0.8562, Test: 0.8939
Run: 09, Epoch: 80, Loss: 0.0002, lr: 0.000040, Train: 0.9939, Valid: 0.8562, Test: 0.8940
Run: 09, Epoch: 81, Loss: 0.0002, lr: 0.000028, Train: 0.9939, Valid: 0.8562, Test: 0.8941
Run: 09, Epoch: 82, Loss: 0.0002, lr: 0.000028, Train: 0.9939, Valid: 0.8562, Test: 0.8942
Run: 09, Epoch: 83, Loss: 0.0002, lr: 0.000028, Train: 0.9940, Valid: 0.8562, Test: 0.8943
Run: 09, Epoch: 84, Loss: 0.0002, lr: 0.000028, Train: 0.9940, Valid: 0.8562, Test: 0.8944
Run: 09, Epoch: 85, Loss: 0.0002, lr: 0.000028, Train: 0.9940, Valid: 0.8562, Test: 0.8944
Run: 09, Epoch: 86, Loss: 0.0002, lr: 0.000028, Train: 0.9940, Valid: 0.8561, Test: 0.8945
Run: 09, Epoch: 87, Loss: 0.0002, lr: 0.000020, Train: 0.9940, Valid: 0.8561, Test: 0.8945
Run: 09, Epoch: 88, Loss: 0.0002, lr: 0.000020, Train: 0.9940, Valid: 0.8562, Test: 0.8945
Run: 09, Epoch: 89, Loss: 0.0002, lr: 0.000020, Train: 0.9940, Valid: 0.8562, Test: 0.8945
Run: 09, Epoch: 90, Loss: 0.0002, lr: 0.000020, Train: 0.9940, Valid: 0.8562, Test: 0.8945
Run: 09, Epoch: 91, Loss: 0.0002, lr: 0.000020, Train: 0.9940, Valid: 0.8563, Test: 0.8945
Run: 09, Epoch: 92, Loss: 0.0002, lr: 0.000020, Train: 0.9941, Valid: 0.8563, Test: 0.8945
Run: 09, Epoch: 93, Loss: 0.0002, lr: 0.000014, Train: 0.9941, Valid: 0.8563, Test: 0.8945
Run: 09, Epoch: 94, Loss: 0.0002, lr: 0.000014, Train: 0.9941, Valid: 0.8563, Test: 0.8946
Run: 09, Epoch: 95, Loss: 0.0002, lr: 0.000014, Train: 0.9941, Valid: 0.8564, Test: 0.8946
Run: 09, Epoch: 96, Loss: 0.0002, lr: 0.000014, Train: 0.9941, Valid: 0.8564, Test: 0.8946
Run: 09, Epoch: 97, Loss: 0.0002, lr: 0.000014, Train: 0.9941, Valid: 0.8564, Test: 0.8946
Run: 09, Epoch: 98, Loss: 0.0002, lr: 0.000014, Train: 0.9941, Valid: 0.8564, Test: 0.8946
Run: 09, Epoch: 99, Loss: 0.0002, lr: 0.000010, Train: 0.9941, Valid: 0.8564, Test: 0.8946
Run: 09, Epoch: 100, Loss: 0.0002, lr: 0.000010, Train: 0.9941, Valid: 0.8564, Test: 0.8946
Run 09:
Highest Train: 0.99
Highest Valid: 0.86
  Final Train: 0.98
   Final Test: 0.87
Run: 10, Epoch: 01, Loss: 0.0523, lr: 0.001000, Train: 0.4172, Valid: 0.6977, Test: 0.2401
Run: 10, Epoch: 02, Loss: 0.0163, lr: 0.001000, Train: 0.3444, Valid: 0.7120, Test: 0.2192
Run: 10, Epoch: 03, Loss: 0.0100, lr: 0.001000, Train: 0.2708, Valid: 0.6643, Test: 0.1878
Run: 10, Epoch: 04, Loss: 0.0058, lr: 0.001000, Train: 0.2344, Valid: 0.6444, Test: 0.1951
Run: 10, Epoch: 05, Loss: 0.0050, lr: 0.001000, Train: 0.4637, Valid: 0.7353, Test: 0.3800
Run: 10, Epoch: 06, Loss: 0.0040, lr: 0.001000, Train: 0.7615, Valid: 0.8715, Test: 0.6071
Run: 10, Epoch: 07, Loss: 0.0025, lr: 0.001000, Train: 0.8363, Valid: 0.9162, Test: 0.7436
Run: 10, Epoch: 08, Loss: 0.0023, lr: 0.001000, Train: 0.8829, Valid: 0.9253, Test: 0.8000
Run: 10, Epoch: 09, Loss: 0.0016, lr: 0.001000, Train: 0.9126, Valid: 0.9300, Test: 0.8249
Run: 10, Epoch: 10, Loss: 0.0016, lr: 0.001000, Train: 0.9045, Valid: 0.9276, Test: 0.8526
Run: 10, Epoch: 11, Loss: 0.0015, lr: 0.001000, Train: 0.8198, Valid: 0.8964, Test: 0.8488
Run: 10, Epoch: 12, Loss: 0.0012, lr: 0.001000, Train: 0.7457, Valid: 0.8619, Test: 0.8389
Run: 10, Epoch: 13, Loss: 0.0012, lr: 0.001000, Train: 0.8509, Valid: 0.8908, Test: 0.8568
Run: 10, Epoch: 14, Loss: 0.0010, lr: 0.001000, Train: 0.9232, Valid: 0.9168, Test: 0.8492
Run: 10, Epoch: 15, Loss: 0.0009, lr: 0.001000, Train: 0.9182, Valid: 0.9229, Test: 0.8408
Run: 10, Epoch: 16, Loss: 0.0009, lr: 0.000700, Train: 0.9206, Valid: 0.9299, Test: 0.8526
Run: 10, Epoch: 17, Loss: 0.0008, lr: 0.000700, Train: 0.9273, Valid: 0.9337, Test: 0.8687
Run: 10, Epoch: 18, Loss: 0.0007, lr: 0.000700, Train: 0.9277, Valid: 0.9346, Test: 0.8793
Run: 10, Epoch: 19, Loss: 0.0006, lr: 0.000700, Train: 0.9292, Valid: 0.9390, Test: 0.8855
Run: 10, Epoch: 20, Loss: 0.0006, lr: 0.000700, Train: 0.9374, Valid: 0.9472, Test: 0.8926
Run: 10, Epoch: 21, Loss: 0.0005, lr: 0.000700, Train: 0.9431, Valid: 0.9554, Test: 0.8995
Run: 10, Epoch: 22, Loss: 0.0005, lr: 0.000700, Train: 0.9422, Valid: 0.9605, Test: 0.9037
Run: 10, Epoch: 23, Loss: 0.0005, lr: 0.000700, Train: 0.9395, Valid: 0.9619, Test: 0.9048
Run: 10, Epoch: 24, Loss: 0.0005, lr: 0.000700, Train: 0.9389, Valid: 0.9612, Test: 0.9042
Run: 10, Epoch: 25, Loss: 0.0004, lr: 0.000700, Train: 0.9439, Valid: 0.9614, Test: 0.9052
Run: 10, Epoch: 26, Loss: 0.0004, lr: 0.000700, Train: 0.9542, Valid: 0.9638, Test: 0.9078
Run: 10, Epoch: 27, Loss: 0.0004, lr: 0.000700, Train: 0.9640, Valid: 0.9661, Test: 0.9074
Run: 10, Epoch: 28, Loss: 0.0003, lr: 0.000700, Train: 0.9686, Valid: 0.9668, Test: 0.9030
Run: 10, Epoch: 29, Loss: 0.0003, lr: 0.000700, Train: 0.9690, Valid: 0.9669, Test: 0.8975
Run: 10, Epoch: 30, Loss: 0.0003, lr: 0.000700, Train: 0.9682, Valid: 0.9669, Test: 0.8945
Run: 10, Epoch: 31, Loss: 0.0003, lr: 0.000700, Train: 0.9694, Valid: 0.9672, Test: 0.8968
Run: 10, Epoch: 32, Loss: 0.0003, lr: 0.000700, Train: 0.9732, Valid: 0.9684, Test: 0.9036
Run: 10, Epoch: 33, Loss: 0.0003, lr: 0.000700, Train: 0.9768, Valid: 0.9697, Test: 0.9097
Run: 10, Epoch: 34, Loss: 0.0002, lr: 0.000700, Train: 0.9782, Valid: 0.9701, Test: 0.9125
Run: 10, Epoch: 35, Loss: 0.0002, lr: 0.000700, Train: 0.9770, Valid: 0.9695, Test: 0.9125
Run: 10, Epoch: 36, Loss: 0.0002, lr: 0.000700, Train: 0.9753, Valid: 0.9679, Test: 0.9121
Run: 10, Epoch: 37, Loss: 0.0002, lr: 0.000700, Train: 0.9771, Valid: 0.9663, Test: 0.9141
Run: 10, Epoch: 38, Loss: 0.0002, lr: 0.000700, Train: 0.9825, Valid: 0.9653, Test: 0.9174
Run: 10, Epoch: 39, Loss: 0.0002, lr: 0.000700, Train: 0.9869, Valid: 0.9639, Test: 0.9185
Run: 10, Epoch: 40, Loss: 0.0002, lr: 0.000700, Train: 0.9887, Valid: 0.9628, Test: 0.9171
Run: 10, Epoch: 41, Loss: 0.0002, lr: 0.000490, Train: 0.9892, Valid: 0.9624, Test: 0.9159
Run: 10, Epoch: 42, Loss: 0.0002, lr: 0.000490, Train: 0.9894, Valid: 0.9627, Test: 0.9152
Run: 10, Epoch: 43, Loss: 0.0002, lr: 0.000490, Train: 0.9899, Valid: 0.9634, Test: 0.9157
Run: 10, Epoch: 44, Loss: 0.0002, lr: 0.000490, Train: 0.9909, Valid: 0.9642, Test: 0.9167
Run: 10, Epoch: 45, Loss: 0.0002, lr: 0.000490, Train: 0.9919, Valid: 0.9647, Test: 0.9178
Run: 10, Epoch: 46, Loss: 0.0001, lr: 0.000490, Train: 0.9925, Valid: 0.9647, Test: 0.9185
Run: 10, Epoch: 47, Loss: 0.0001, lr: 0.000343, Train: 0.9928, Valid: 0.9644, Test: 0.9190
Run: 10, Epoch: 48, Loss: 0.0001, lr: 0.000343, Train: 0.9928, Valid: 0.9640, Test: 0.9193
Run: 10, Epoch: 49, Loss: 0.0001, lr: 0.000343, Train: 0.9929, Valid: 0.9636, Test: 0.9193
Run: 10, Epoch: 50, Loss: 0.0001, lr: 0.000343, Train: 0.9933, Valid: 0.9634, Test: 0.9191
Run: 10, Epoch: 51, Loss: 0.0001, lr: 0.000343, Train: 0.9938, Valid: 0.9633, Test: 0.9187
Run: 10, Epoch: 52, Loss: 0.0001, lr: 0.000343, Train: 0.9944, Valid: 0.9632, Test: 0.9182
Run: 10, Epoch: 53, Loss: 0.0001, lr: 0.000240, Train: 0.9948, Valid: 0.9630, Test: 0.9181
Run: 10, Epoch: 54, Loss: 0.0001, lr: 0.000240, Train: 0.9951, Valid: 0.9628, Test: 0.9182
Run: 10, Epoch: 55, Loss: 0.0001, lr: 0.000240, Train: 0.9952, Valid: 0.9626, Test: 0.9186
Run: 10, Epoch: 56, Loss: 0.0001, lr: 0.000240, Train: 0.9954, Valid: 0.9624, Test: 0.9191
Run: 10, Epoch: 57, Loss: 0.0001, lr: 0.000240, Train: 0.9955, Valid: 0.9622, Test: 0.9196
Run: 10, Epoch: 58, Loss: 0.0001, lr: 0.000240, Train: 0.9956, Valid: 0.9621, Test: 0.9198
Run: 10, Epoch: 59, Loss: 0.0001, lr: 0.000168, Train: 0.9957, Valid: 0.9621, Test: 0.9196
Run: 10, Epoch: 60, Loss: 0.0001, lr: 0.000168, Train: 0.9958, Valid: 0.9621, Test: 0.9193
Run: 10, Epoch: 61, Loss: 0.0001, lr: 0.000168, Train: 0.9959, Valid: 0.9621, Test: 0.9189
Run: 10, Epoch: 62, Loss: 0.0001, lr: 0.000168, Train: 0.9960, Valid: 0.9622, Test: 0.9185
Run: 10, Epoch: 63, Loss: 0.0001, lr: 0.000168, Train: 0.9960, Valid: 0.9623, Test: 0.9184
Run: 10, Epoch: 64, Loss: 0.0001, lr: 0.000168, Train: 0.9961, Valid: 0.9623, Test: 0.9185
Run: 10, Epoch: 65, Loss: 0.0001, lr: 0.000118, Train: 0.9961, Valid: 0.9623, Test: 0.9187
Run: 10, Epoch: 66, Loss: 0.0001, lr: 0.000118, Train: 0.9962, Valid: 0.9623, Test: 0.9191
Run: 10, Epoch: 67, Loss: 0.0001, lr: 0.000118, Train: 0.9962, Valid: 0.9623, Test: 0.9193
Run: 10, Epoch: 68, Loss: 0.0001, lr: 0.000118, Train: 0.9963, Valid: 0.9622, Test: 0.9195
Run: 10, Epoch: 69, Loss: 0.0001, lr: 0.000118, Train: 0.9963, Valid: 0.9621, Test: 0.9196
Run: 10, Epoch: 70, Loss: 0.0001, lr: 0.000118, Train: 0.9963, Valid: 0.9620, Test: 0.9194
Run: 10, Epoch: 71, Loss: 0.0001, lr: 0.000082, Train: 0.9963, Valid: 0.9619, Test: 0.9193
Run: 10, Epoch: 72, Loss: 0.0001, lr: 0.000082, Train: 0.9964, Valid: 0.9618, Test: 0.9191
Run: 10, Epoch: 73, Loss: 0.0001, lr: 0.000082, Train: 0.9964, Valid: 0.9617, Test: 0.9189
Run: 10, Epoch: 74, Loss: 0.0001, lr: 0.000082, Train: 0.9964, Valid: 0.9616, Test: 0.9188
Run: 10, Epoch: 75, Loss: 0.0001, lr: 0.000082, Train: 0.9964, Valid: 0.9615, Test: 0.9187
Run: 10, Epoch: 76, Loss: 0.0001, lr: 0.000082, Train: 0.9965, Valid: 0.9615, Test: 0.9186
Run: 10, Epoch: 77, Loss: 0.0001, lr: 0.000058, Train: 0.9965, Valid: 0.9614, Test: 0.9187
Run: 10, Epoch: 78, Loss: 0.0001, lr: 0.000058, Train: 0.9965, Valid: 0.9614, Test: 0.9187
Run: 10, Epoch: 79, Loss: 0.0001, lr: 0.000058, Train: 0.9965, Valid: 0.9613, Test: 0.9188
Run: 10, Epoch: 80, Loss: 0.0001, lr: 0.000058, Train: 0.9965, Valid: 0.9613, Test: 0.9189
Run: 10, Epoch: 81, Loss: 0.0001, lr: 0.000058, Train: 0.9966, Valid: 0.9612, Test: 0.9190
Run: 10, Epoch: 82, Loss: 0.0001, lr: 0.000058, Train: 0.9966, Valid: 0.9612, Test: 0.9191
Run: 10, Epoch: 83, Loss: 0.0001, lr: 0.000040, Train: 0.9966, Valid: 0.9612, Test: 0.9191
Run: 10, Epoch: 84, Loss: 0.0001, lr: 0.000040, Train: 0.9966, Valid: 0.9612, Test: 0.9191
Run: 10, Epoch: 85, Loss: 0.0001, lr: 0.000040, Train: 0.9966, Valid: 0.9612, Test: 0.9191
Run: 10, Epoch: 86, Loss: 0.0001, lr: 0.000040, Train: 0.9966, Valid: 0.9611, Test: 0.9191
Run: 10, Epoch: 87, Loss: 0.0001, lr: 0.000040, Train: 0.9966, Valid: 0.9611, Test: 0.9191
Run: 10, Epoch: 88, Loss: 0.0001, lr: 0.000040, Train: 0.9966, Valid: 0.9611, Test: 0.9191
Run: 10, Epoch: 89, Loss: 0.0001, lr: 0.000028, Train: 0.9966, Valid: 0.9611, Test: 0.9191
Run: 10, Epoch: 90, Loss: 0.0001, lr: 0.000028, Train: 0.9967, Valid: 0.9611, Test: 0.9191
Run: 10, Epoch: 91, Loss: 0.0001, lr: 0.000028, Train: 0.9967, Valid: 0.9611, Test: 0.9190
Run: 10, Epoch: 92, Loss: 0.0001, lr: 0.000028, Train: 0.9967, Valid: 0.9611, Test: 0.9190
Run: 10, Epoch: 93, Loss: 0.0001, lr: 0.000028, Train: 0.9967, Valid: 0.9611, Test: 0.9190
Run: 10, Epoch: 94, Loss: 0.0001, lr: 0.000028, Train: 0.9967, Valid: 0.9611, Test: 0.9190
Run: 10, Epoch: 95, Loss: 0.0001, lr: 0.000020, Train: 0.9967, Valid: 0.9611, Test: 0.9190
Run: 10, Epoch: 96, Loss: 0.0001, lr: 0.000020, Train: 0.9967, Valid: 0.9611, Test: 0.9190
Run: 10, Epoch: 97, Loss: 0.0001, lr: 0.000020, Train: 0.9967, Valid: 0.9611, Test: 0.9190
Run: 10, Epoch: 98, Loss: 0.0001, lr: 0.000020, Train: 0.9967, Valid: 0.9611, Test: 0.9190
Run: 10, Epoch: 99, Loss: 0.0001, lr: 0.000020, Train: 0.9967, Valid: 0.9611, Test: 0.9190
Run: 10, Epoch: 100, Loss: 0.0001, lr: 0.000020, Train: 0.9967, Valid: 0.9611, Test: 0.9191
Run 10:
Highest Train: 1.00
Highest Valid: 0.97
  Final Train: 0.98
   Final Test: 0.91
All runs:
Highest Train: 1.00  0.00
Highest Valid: 0.91  0.04
  Final Train: 0.99  0.01
   Final Test: 0.89  0.03
