Namespace(conv_layers=3, device=0, dropout=0.0, epochs=100, hidden_dim=256, log_steps=1, lr=0.001, method='deeper', mlp_layers=2, runs=10, subset='chemistry')
Run: 01, Epoch: 01, Loss: 0.0351, lr: 0.001000, Train: 0.4229, Valid: 0.3974, Test: 0.4685
Run: 01, Epoch: 02, Loss: 0.0167, lr: 0.001000, Train: 0.4225, Valid: 0.5079, Test: 0.4587
Run: 01, Epoch: 03, Loss: 0.0081, lr: 0.001000, Train: 0.7187, Valid: 0.7050, Test: 0.6942
Run: 01, Epoch: 04, Loss: 0.0071, lr: 0.001000, Train: 0.7797, Valid: 0.8067, Test: 0.7558
Run: 01, Epoch: 05, Loss: 0.0051, lr: 0.001000, Train: 0.7817, Valid: 0.8504, Test: 0.7518
Run: 01, Epoch: 06, Loss: 0.0042, lr: 0.001000, Train: 0.7373, Valid: 0.8523, Test: 0.7094
Run: 01, Epoch: 07, Loss: 0.0020, lr: 0.001000, Train: 0.7126, Valid: 0.8593, Test: 0.6936
Run: 01, Epoch: 08, Loss: 0.0022, lr: 0.001000, Train: 0.8094, Valid: 0.8923, Test: 0.7772
Run: 01, Epoch: 09, Loss: 0.0018, lr: 0.001000, Train: 0.8917, Valid: 0.9042, Test: 0.8363
Run: 01, Epoch: 10, Loss: 0.0017, lr: 0.001000, Train: 0.9030, Valid: 0.9057, Test: 0.8428
Run: 01, Epoch: 11, Loss: 0.0014, lr: 0.001000, Train: 0.9029, Valid: 0.9076, Test: 0.8422
Run: 01, Epoch: 12, Loss: 0.0011, lr: 0.001000, Train: 0.9012, Valid: 0.9064, Test: 0.8633
Run: 01, Epoch: 13, Loss: 0.0010, lr: 0.001000, Train: 0.9089, Valid: 0.8950, Test: 0.8970
Run: 01, Epoch: 14, Loss: 0.0011, lr: 0.001000, Train: 0.9114, Valid: 0.8616, Test: 0.8935
Run: 01, Epoch: 15, Loss: 0.0010, lr: 0.001000, Train: 0.9037, Valid: 0.8313, Test: 0.8707
Run: 01, Epoch: 16, Loss: 0.0008, lr: 0.001000, Train: 0.9197, Valid: 0.8347, Test: 0.8796
Run: 01, Epoch: 17, Loss: 0.0006, lr: 0.001000, Train: 0.9390, Valid: 0.8495, Test: 0.8890
Run: 01, Epoch: 18, Loss: 0.0006, lr: 0.000700, Train: 0.9398, Valid: 0.8505, Test: 0.8824
Run: 01, Epoch: 19, Loss: 0.0006, lr: 0.000700, Train: 0.9383, Valid: 0.8488, Test: 0.8810
Run: 01, Epoch: 20, Loss: 0.0006, lr: 0.000700, Train: 0.9424, Valid: 0.8480, Test: 0.8897
Run: 01, Epoch: 21, Loss: 0.0005, lr: 0.000700, Train: 0.9494, Valid: 0.8472, Test: 0.8982
Run: 01, Epoch: 22, Loss: 0.0004, lr: 0.000700, Train: 0.9527, Valid: 0.8481, Test: 0.8990
Run: 01, Epoch: 23, Loss: 0.0004, lr: 0.000700, Train: 0.9544, Valid: 0.8542, Test: 0.8973
Run: 01, Epoch: 24, Loss: 0.0004, lr: 0.000490, Train: 0.9611, Valid: 0.8655, Test: 0.9011
Run: 01, Epoch: 25, Loss: 0.0003, lr: 0.000490, Train: 0.9696, Valid: 0.8764, Test: 0.9058
Run: 01, Epoch: 26, Loss: 0.0003, lr: 0.000490, Train: 0.9763, Valid: 0.8854, Test: 0.9081
Run: 01, Epoch: 27, Loss: 0.0003, lr: 0.000490, Train: 0.9798, Valid: 0.8918, Test: 0.9070
Run: 01, Epoch: 28, Loss: 0.0003, lr: 0.000490, Train: 0.9815, Valid: 0.8958, Test: 0.9047
Run: 01, Epoch: 29, Loss: 0.0003, lr: 0.000490, Train: 0.9827, Valid: 0.8976, Test: 0.9042
Run: 01, Epoch: 30, Loss: 0.0002, lr: 0.000343, Train: 0.9841, Valid: 0.9000, Test: 0.9058
Run: 01, Epoch: 31, Loss: 0.0002, lr: 0.000343, Train: 0.9852, Valid: 0.9022, Test: 0.9084
Run: 01, Epoch: 32, Loss: 0.0002, lr: 0.000343, Train: 0.9860, Valid: 0.9053, Test: 0.9112
Run: 01, Epoch: 33, Loss: 0.0002, lr: 0.000343, Train: 0.9867, Valid: 0.9085, Test: 0.9135
Run: 01, Epoch: 34, Loss: 0.0002, lr: 0.000343, Train: 0.9878, Valid: 0.9124, Test: 0.9152
Run: 01, Epoch: 35, Loss: 0.0002, lr: 0.000343, Train: 0.9891, Valid: 0.9164, Test: 0.9166
Run: 01, Epoch: 36, Loss: 0.0002, lr: 0.000343, Train: 0.9907, Valid: 0.9204, Test: 0.9176
Run: 01, Epoch: 37, Loss: 0.0002, lr: 0.000343, Train: 0.9921, Valid: 0.9238, Test: 0.9183
Run: 01, Epoch: 38, Loss: 0.0002, lr: 0.000343, Train: 0.9932, Valid: 0.9265, Test: 0.9185
Run: 01, Epoch: 39, Loss: 0.0001, lr: 0.000343, Train: 0.9940, Valid: 0.9284, Test: 0.9185
Run: 01, Epoch: 40, Loss: 0.0001, lr: 0.000343, Train: 0.9945, Valid: 0.9296, Test: 0.9183
Run: 01, Epoch: 41, Loss: 0.0001, lr: 0.000343, Train: 0.9948, Valid: 0.9303, Test: 0.9182
Run: 01, Epoch: 42, Loss: 0.0001, lr: 0.000343, Train: 0.9950, Valid: 0.9306, Test: 0.9182
Run: 01, Epoch: 43, Loss: 0.0001, lr: 0.000343, Train: 0.9953, Valid: 0.9310, Test: 0.9184
Run: 01, Epoch: 44, Loss: 0.0001, lr: 0.000343, Train: 0.9957, Valid: 0.9316, Test: 0.9188
Run: 01, Epoch: 45, Loss: 0.0001, lr: 0.000343, Train: 0.9961, Valid: 0.9327, Test: 0.9193
Run: 01, Epoch: 46, Loss: 0.0001, lr: 0.000343, Train: 0.9964, Valid: 0.9340, Test: 0.9201
Run: 01, Epoch: 47, Loss: 0.0001, lr: 0.000343, Train: 0.9967, Valid: 0.9355, Test: 0.9210
Run: 01, Epoch: 48, Loss: 0.0001, lr: 0.000343, Train: 0.9969, Valid: 0.9369, Test: 0.9218
Run: 01, Epoch: 49, Loss: 0.0001, lr: 0.000343, Train: 0.9970, Valid: 0.9381, Test: 0.9225
Run: 01, Epoch: 50, Loss: 0.0001, lr: 0.000343, Train: 0.9969, Valid: 0.9390, Test: 0.9230
Run: 01, Epoch: 51, Loss: 0.0001, lr: 0.000343, Train: 0.9969, Valid: 0.9395, Test: 0.9231
Run: 01, Epoch: 52, Loss: 0.0001, lr: 0.000343, Train: 0.9970, Valid: 0.9397, Test: 0.9231
Run: 01, Epoch: 53, Loss: 0.0001, lr: 0.000343, Train: 0.9972, Valid: 0.9396, Test: 0.9228
Run: 01, Epoch: 54, Loss: 0.0001, lr: 0.000343, Train: 0.9974, Valid: 0.9395, Test: 0.9224
Run: 01, Epoch: 55, Loss: 0.0001, lr: 0.000343, Train: 0.9975, Valid: 0.9393, Test: 0.9220
Run: 01, Epoch: 56, Loss: 0.0001, lr: 0.000343, Train: 0.9977, Valid: 0.9392, Test: 0.9218
Run: 01, Epoch: 57, Loss: 0.0001, lr: 0.000343, Train: 0.9978, Valid: 0.9393, Test: 0.9217
Run: 01, Epoch: 58, Loss: 0.0001, lr: 0.000343, Train: 0.9978, Valid: 0.9395, Test: 0.9217
Run: 01, Epoch: 59, Loss: 0.0001, lr: 0.000240, Train: 0.9979, Valid: 0.9399, Test: 0.9217
Run: 01, Epoch: 60, Loss: 0.0001, lr: 0.000240, Train: 0.9980, Valid: 0.9403, Test: 0.9217
Run: 01, Epoch: 61, Loss: 0.0001, lr: 0.000240, Train: 0.9980, Valid: 0.9407, Test: 0.9217
Run: 01, Epoch: 62, Loss: 0.0001, lr: 0.000240, Train: 0.9981, Valid: 0.9411, Test: 0.9217
Run: 01, Epoch: 63, Loss: 0.0001, lr: 0.000240, Train: 0.9982, Valid: 0.9414, Test: 0.9216
Run: 01, Epoch: 64, Loss: 0.0001, lr: 0.000240, Train: 0.9982, Valid: 0.9415, Test: 0.9216
Run: 01, Epoch: 65, Loss: 0.0001, lr: 0.000240, Train: 0.9983, Valid: 0.9415, Test: 0.9215
Run: 01, Epoch: 66, Loss: 0.0001, lr: 0.000240, Train: 0.9983, Valid: 0.9414, Test: 0.9214
Run: 01, Epoch: 67, Loss: 0.0001, lr: 0.000240, Train: 0.9983, Valid: 0.9412, Test: 0.9214
Run: 01, Epoch: 68, Loss: 0.0001, lr: 0.000240, Train: 0.9984, Valid: 0.9410, Test: 0.9214
Run: 01, Epoch: 69, Loss: 0.0001, lr: 0.000240, Train: 0.9984, Valid: 0.9408, Test: 0.9214
Run: 01, Epoch: 70, Loss: 0.0001, lr: 0.000240, Train: 0.9984, Valid: 0.9407, Test: 0.9214
Run: 01, Epoch: 71, Loss: 0.0001, lr: 0.000168, Train: 0.9985, Valid: 0.9407, Test: 0.9214
Run: 01, Epoch: 72, Loss: 0.0001, lr: 0.000168, Train: 0.9985, Valid: 0.9407, Test: 0.9213
Run: 01, Epoch: 73, Loss: 0.0000, lr: 0.000168, Train: 0.9986, Valid: 0.9408, Test: 0.9213
Run: 01, Epoch: 74, Loss: 0.0000, lr: 0.000168, Train: 0.9986, Valid: 0.9410, Test: 0.9213
Run: 01, Epoch: 75, Loss: 0.0000, lr: 0.000168, Train: 0.9986, Valid: 0.9411, Test: 0.9213
Run: 01, Epoch: 76, Loss: 0.0000, lr: 0.000168, Train: 0.9987, Valid: 0.9413, Test: 0.9214
Run: 01, Epoch: 77, Loss: 0.0000, lr: 0.000118, Train: 0.9987, Valid: 0.9415, Test: 0.9214
Run: 01, Epoch: 78, Loss: 0.0000, lr: 0.000118, Train: 0.9987, Valid: 0.9416, Test: 0.9214
Run: 01, Epoch: 79, Loss: 0.0000, lr: 0.000118, Train: 0.9987, Valid: 0.9417, Test: 0.9214
Run: 01, Epoch: 80, Loss: 0.0000, lr: 0.000118, Train: 0.9987, Valid: 0.9418, Test: 0.9213
Run: 01, Epoch: 81, Loss: 0.0000, lr: 0.000118, Train: 0.9988, Valid: 0.9419, Test: 0.9213
Run: 01, Epoch: 82, Loss: 0.0000, lr: 0.000118, Train: 0.9988, Valid: 0.9420, Test: 0.9212
Run: 01, Epoch: 83, Loss: 0.0000, lr: 0.000118, Train: 0.9988, Valid: 0.9420, Test: 0.9211
Run: 01, Epoch: 84, Loss: 0.0000, lr: 0.000118, Train: 0.9988, Valid: 0.9421, Test: 0.9211
Run: 01, Epoch: 85, Loss: 0.0000, lr: 0.000118, Train: 0.9988, Valid: 0.9421, Test: 0.9210
Run: 01, Epoch: 86, Loss: 0.0000, lr: 0.000118, Train: 0.9989, Valid: 0.9421, Test: 0.9209
Run: 01, Epoch: 87, Loss: 0.0000, lr: 0.000118, Train: 0.9989, Valid: 0.9421, Test: 0.9208
Run: 01, Epoch: 88, Loss: 0.0000, lr: 0.000118, Train: 0.9989, Valid: 0.9421, Test: 0.9208
Run: 01, Epoch: 89, Loss: 0.0000, lr: 0.000118, Train: 0.9989, Valid: 0.9421, Test: 0.9208
Run: 01, Epoch: 90, Loss: 0.0000, lr: 0.000118, Train: 0.9989, Valid: 0.9421, Test: 0.9207
Run: 01, Epoch: 91, Loss: 0.0000, lr: 0.000118, Train: 0.9989, Valid: 0.9421, Test: 0.9207
Run: 01, Epoch: 92, Loss: 0.0000, lr: 0.000082, Train: 0.9989, Valid: 0.9421, Test: 0.9207
Run: 01, Epoch: 93, Loss: 0.0000, lr: 0.000082, Train: 0.9989, Valid: 0.9422, Test: 0.9207
Run: 01, Epoch: 94, Loss: 0.0000, lr: 0.000082, Train: 0.9989, Valid: 0.9422, Test: 0.9207
Run: 01, Epoch: 95, Loss: 0.0000, lr: 0.000082, Train: 0.9990, Valid: 0.9422, Test: 0.9207
Run: 01, Epoch: 96, Loss: 0.0000, lr: 0.000082, Train: 0.9990, Valid: 0.9422, Test: 0.9206
Run: 01, Epoch: 97, Loss: 0.0000, lr: 0.000082, Train: 0.9990, Valid: 0.9422, Test: 0.9206
Run: 01, Epoch: 98, Loss: 0.0000, lr: 0.000082, Train: 0.9990, Valid: 0.9423, Test: 0.9206
Run: 01, Epoch: 99, Loss: 0.0000, lr: 0.000082, Train: 0.9990, Valid: 0.9423, Test: 0.9205
Run: 01, Epoch: 100, Loss: 0.0000, lr: 0.000082, Train: 0.9990, Valid: 0.9423, Test: 0.9205
Run 01:
Highest Train: 1.00
Highest Valid: 0.94
  Final Train: 1.00
   Final Test: 0.92
Run: 02, Epoch: 01, Loss: 0.0509, lr: 0.001000, Train: 0.2294, Valid: 0.1973, Test: 0.2649
Run: 02, Epoch: 02, Loss: 0.0191, lr: 0.001000, Train: 0.4592, Valid: 0.4462, Test: 0.5388
Run: 02, Epoch: 03, Loss: 0.0063, lr: 0.001000, Train: 0.6921, Valid: 0.6589, Test: 0.7961
Run: 02, Epoch: 04, Loss: 0.0091, lr: 0.001000, Train: 0.7471, Valid: 0.7266, Test: 0.8229
Run: 02, Epoch: 05, Loss: 0.0030, lr: 0.001000, Train: 0.6353, Valid: 0.6283, Test: 0.7059
Run: 02, Epoch: 06, Loss: 0.0033, lr: 0.001000, Train: 0.5604, Valid: 0.4676, Test: 0.6243
Run: 02, Epoch: 07, Loss: 0.0033, lr: 0.001000, Train: 0.6486, Valid: 0.4827, Test: 0.7135
Run: 02, Epoch: 08, Loss: 0.0019, lr: 0.001000, Train: 0.8062, Valid: 0.6454, Test: 0.8534
Run: 02, Epoch: 09, Loss: 0.0013, lr: 0.001000, Train: 0.8841, Valid: 0.8194, Test: 0.9109
Run: 02, Epoch: 10, Loss: 0.0016, lr: 0.001000, Train: 0.9017, Valid: 0.8790, Test: 0.9075
Run: 02, Epoch: 11, Loss: 0.0015, lr: 0.001000, Train: 0.9154, Valid: 0.8978, Test: 0.8968
Run: 02, Epoch: 12, Loss: 0.0010, lr: 0.001000, Train: 0.9119, Valid: 0.8879, Test: 0.8758
Run: 02, Epoch: 13, Loss: 0.0008, lr: 0.001000, Train: 0.8960, Valid: 0.8418, Test: 0.8514
Run: 02, Epoch: 14, Loss: 0.0009, lr: 0.001000, Train: 0.8925, Valid: 0.7951, Test: 0.8483
Run: 02, Epoch: 15, Loss: 0.0009, lr: 0.001000, Train: 0.9111, Valid: 0.8006, Test: 0.8644
Run: 02, Epoch: 16, Loss: 0.0007, lr: 0.001000, Train: 0.9342, Valid: 0.8623, Test: 0.8748
Run: 02, Epoch: 17, Loss: 0.0005, lr: 0.001000, Train: 0.9284, Valid: 0.9079, Test: 0.8572
Run: 02, Epoch: 18, Loss: 0.0005, lr: 0.001000, Train: 0.8959, Valid: 0.8939, Test: 0.8198
Run: 02, Epoch: 19, Loss: 0.0006, lr: 0.001000, Train: 0.8788, Valid: 0.8779, Test: 0.7949
Run: 02, Epoch: 20, Loss: 0.0005, lr: 0.001000, Train: 0.8890, Valid: 0.8881, Test: 0.7926
Run: 02, Epoch: 21, Loss: 0.0004, lr: 0.001000, Train: 0.9026, Valid: 0.9025, Test: 0.7988
Run: 02, Epoch: 22, Loss: 0.0003, lr: 0.001000, Train: 0.9073, Valid: 0.9064, Test: 0.8021
Run: 02, Epoch: 23, Loss: 0.0004, lr: 0.001000, Train: 0.9110, Valid: 0.9093, Test: 0.8072
Run: 02, Epoch: 24, Loss: 0.0003, lr: 0.001000, Train: 0.9192, Valid: 0.9173, Test: 0.8186
Run: 02, Epoch: 25, Loss: 0.0002, lr: 0.001000, Train: 0.9269, Valid: 0.9248, Test: 0.8326
Run: 02, Epoch: 26, Loss: 0.0002, lr: 0.001000, Train: 0.9297, Valid: 0.9290, Test: 0.8418
Run: 02, Epoch: 27, Loss: 0.0003, lr: 0.001000, Train: 0.9322, Valid: 0.9307, Test: 0.8449
Run: 02, Epoch: 28, Loss: 0.0002, lr: 0.001000, Train: 0.9344, Valid: 0.9307, Test: 0.8402
Run: 02, Epoch: 29, Loss: 0.0001, lr: 0.001000, Train: 0.9359, Valid: 0.9303, Test: 0.8333
Run: 02, Epoch: 30, Loss: 0.0001, lr: 0.001000, Train: 0.9405, Valid: 0.9292, Test: 0.8344
Run: 02, Epoch: 31, Loss: 0.0002, lr: 0.001000, Train: 0.9467, Valid: 0.9263, Test: 0.8434
Run: 02, Epoch: 32, Loss: 0.0001, lr: 0.001000, Train: 0.9504, Valid: 0.9227, Test: 0.8532
Run: 02, Epoch: 33, Loss: 0.0001, lr: 0.001000, Train: 0.9554, Valid: 0.9269, Test: 0.8633
Run: 02, Epoch: 34, Loss: 0.0001, lr: 0.000700, Train: 0.9665, Valid: 0.9386, Test: 0.8734
Run: 02, Epoch: 35, Loss: 0.0001, lr: 0.000700, Train: 0.9777, Valid: 0.9490, Test: 0.8813
Run: 02, Epoch: 36, Loss: 0.0001, lr: 0.000700, Train: 0.9844, Valid: 0.9522, Test: 0.8848
Run: 02, Epoch: 37, Loss: 0.0001, lr: 0.000700, Train: 0.9876, Valid: 0.9536, Test: 0.8849
Run: 02, Epoch: 38, Loss: 0.0001, lr: 0.000700, Train: 0.9895, Valid: 0.9553, Test: 0.8847
Run: 02, Epoch: 39, Loss: 0.0001, lr: 0.000700, Train: 0.9902, Valid: 0.9539, Test: 0.8852
Run: 02, Epoch: 40, Loss: 0.0001, lr: 0.000700, Train: 0.9902, Valid: 0.9502, Test: 0.8866
Run: 02, Epoch: 41, Loss: 0.0001, lr: 0.000700, Train: 0.9906, Valid: 0.9486, Test: 0.8879
Run: 02, Epoch: 42, Loss: 0.0001, lr: 0.000700, Train: 0.9918, Valid: 0.9505, Test: 0.8885
Run: 02, Epoch: 43, Loss: 0.0001, lr: 0.000700, Train: 0.9933, Valid: 0.9536, Test: 0.8880
Run: 02, Epoch: 44, Loss: 0.0000, lr: 0.000700, Train: 0.9946, Valid: 0.9557, Test: 0.8873
Run: 02, Epoch: 45, Loss: 0.0000, lr: 0.000700, Train: 0.9957, Valid: 0.9566, Test: 0.8872
Run: 02, Epoch: 46, Loss: 0.0000, lr: 0.000700, Train: 0.9968, Valid: 0.9570, Test: 0.8882
Run: 02, Epoch: 47, Loss: 0.0000, lr: 0.000700, Train: 0.9977, Valid: 0.9566, Test: 0.8900
Run: 02, Epoch: 48, Loss: 0.0000, lr: 0.000700, Train: 0.9981, Valid: 0.9552, Test: 0.8918
Run: 02, Epoch: 49, Loss: 0.0000, lr: 0.000700, Train: 0.9981, Valid: 0.9539, Test: 0.8927
Run: 02, Epoch: 50, Loss: 0.0000, lr: 0.000700, Train: 0.9984, Valid: 0.9545, Test: 0.8924
Run: 02, Epoch: 51, Loss: 0.0000, lr: 0.000700, Train: 0.9987, Valid: 0.9561, Test: 0.8911
Run: 02, Epoch: 52, Loss: 0.0000, lr: 0.000700, Train: 0.9986, Valid: 0.9572, Test: 0.8894
Run: 02, Epoch: 53, Loss: 0.0000, lr: 0.000700, Train: 0.9986, Valid: 0.9574, Test: 0.8884
Run: 02, Epoch: 54, Loss: 0.0000, lr: 0.000700, Train: 0.9987, Valid: 0.9569, Test: 0.8887
Run: 02, Epoch: 55, Loss: 0.0000, lr: 0.000700, Train: 0.9990, Valid: 0.9557, Test: 0.8900
Run: 02, Epoch: 56, Loss: 0.0000, lr: 0.000700, Train: 0.9992, Valid: 0.9544, Test: 0.8913
Run: 02, Epoch: 57, Loss: 0.0000, lr: 0.000700, Train: 0.9994, Valid: 0.9545, Test: 0.8920
Run: 02, Epoch: 58, Loss: 0.0000, lr: 0.000700, Train: 0.9995, Valid: 0.9554, Test: 0.8917
Run: 02, Epoch: 59, Loss: 0.0000, lr: 0.000700, Train: 0.9995, Valid: 0.9562, Test: 0.8910
Run: 02, Epoch: 60, Loss: 0.0000, lr: 0.000490, Train: 0.9995, Valid: 0.9564, Test: 0.8907
Run: 02, Epoch: 61, Loss: 0.0000, lr: 0.000490, Train: 0.9996, Valid: 0.9563, Test: 0.8908
Run: 02, Epoch: 62, Loss: 0.0000, lr: 0.000490, Train: 0.9996, Valid: 0.9561, Test: 0.8911
Run: 02, Epoch: 63, Loss: 0.0000, lr: 0.000490, Train: 0.9997, Valid: 0.9556, Test: 0.8914
Run: 02, Epoch: 64, Loss: 0.0000, lr: 0.000490, Train: 0.9997, Valid: 0.9549, Test: 0.8914
Run: 02, Epoch: 65, Loss: 0.0000, lr: 0.000490, Train: 0.9997, Valid: 0.9545, Test: 0.8912
Run: 02, Epoch: 66, Loss: 0.0000, lr: 0.000343, Train: 0.9997, Valid: 0.9546, Test: 0.8909
Run: 02, Epoch: 67, Loss: 0.0000, lr: 0.000343, Train: 0.9997, Valid: 0.9552, Test: 0.8906
Run: 02, Epoch: 68, Loss: 0.0000, lr: 0.000343, Train: 0.9998, Valid: 0.9557, Test: 0.8904
Run: 02, Epoch: 69, Loss: 0.0000, lr: 0.000343, Train: 0.9997, Valid: 0.9562, Test: 0.8904
Run: 02, Epoch: 70, Loss: 0.0000, lr: 0.000343, Train: 0.9997, Valid: 0.9563, Test: 0.8906
Run: 02, Epoch: 71, Loss: 0.0000, lr: 0.000343, Train: 0.9998, Valid: 0.9563, Test: 0.8910
Run: 02, Epoch: 72, Loss: 0.0000, lr: 0.000240, Train: 0.9998, Valid: 0.9562, Test: 0.8914
Run: 02, Epoch: 73, Loss: 0.0000, lr: 0.000240, Train: 0.9998, Valid: 0.9560, Test: 0.8918
Run: 02, Epoch: 74, Loss: 0.0000, lr: 0.000240, Train: 0.9998, Valid: 0.9558, Test: 0.8920
Run: 02, Epoch: 75, Loss: 0.0000, lr: 0.000240, Train: 0.9998, Valid: 0.9556, Test: 0.8922
Run: 02, Epoch: 76, Loss: 0.0000, lr: 0.000240, Train: 0.9998, Valid: 0.9556, Test: 0.8922
Run: 02, Epoch: 77, Loss: 0.0000, lr: 0.000240, Train: 0.9998, Valid: 0.9556, Test: 0.8921
Run: 02, Epoch: 78, Loss: 0.0000, lr: 0.000168, Train: 0.9998, Valid: 0.9557, Test: 0.8919
Run: 02, Epoch: 79, Loss: 0.0000, lr: 0.000168, Train: 0.9998, Valid: 0.9558, Test: 0.8918
Run: 02, Epoch: 80, Loss: 0.0000, lr: 0.000168, Train: 0.9998, Valid: 0.9560, Test: 0.8917
Run: 02, Epoch: 81, Loss: 0.0000, lr: 0.000168, Train: 0.9998, Valid: 0.9561, Test: 0.8916
Run: 02, Epoch: 82, Loss: 0.0000, lr: 0.000168, Train: 0.9998, Valid: 0.9562, Test: 0.8916
Run: 02, Epoch: 83, Loss: 0.0000, lr: 0.000168, Train: 0.9998, Valid: 0.9562, Test: 0.8917
Run: 02, Epoch: 84, Loss: 0.0000, lr: 0.000118, Train: 0.9998, Valid: 0.9562, Test: 0.8918
Run: 02, Epoch: 85, Loss: 0.0000, lr: 0.000118, Train: 0.9998, Valid: 0.9562, Test: 0.8919
Run: 02, Epoch: 86, Loss: 0.0000, lr: 0.000118, Train: 0.9998, Valid: 0.9561, Test: 0.8920
Run: 02, Epoch: 87, Loss: 0.0000, lr: 0.000118, Train: 0.9998, Valid: 0.9561, Test: 0.8921
Run: 02, Epoch: 88, Loss: 0.0000, lr: 0.000118, Train: 0.9998, Valid: 0.9560, Test: 0.8923
Run: 02, Epoch: 89, Loss: 0.0000, lr: 0.000118, Train: 0.9998, Valid: 0.9559, Test: 0.8923
Run: 02, Epoch: 90, Loss: 0.0000, lr: 0.000082, Train: 0.9998, Valid: 0.9559, Test: 0.8924
Run: 02, Epoch: 91, Loss: 0.0000, lr: 0.000082, Train: 0.9998, Valid: 0.9559, Test: 0.8924
Run: 02, Epoch: 92, Loss: 0.0000, lr: 0.000082, Train: 0.9998, Valid: 0.9559, Test: 0.8924
Run: 02, Epoch: 93, Loss: 0.0000, lr: 0.000082, Train: 0.9998, Valid: 0.9559, Test: 0.8923
Run: 02, Epoch: 94, Loss: 0.0000, lr: 0.000082, Train: 0.9998, Valid: 0.9559, Test: 0.8923
Run: 02, Epoch: 95, Loss: 0.0000, lr: 0.000082, Train: 0.9998, Valid: 0.9559, Test: 0.8922
Run: 02, Epoch: 96, Loss: 0.0000, lr: 0.000058, Train: 0.9998, Valid: 0.9559, Test: 0.8922
Run: 02, Epoch: 97, Loss: 0.0000, lr: 0.000058, Train: 0.9998, Valid: 0.9560, Test: 0.8921
Run: 02, Epoch: 98, Loss: 0.0000, lr: 0.000058, Train: 0.9998, Valid: 0.9560, Test: 0.8921
Run: 02, Epoch: 99, Loss: 0.0000, lr: 0.000058, Train: 0.9998, Valid: 0.9560, Test: 0.8921
Run: 02, Epoch: 100, Loss: 0.0000, lr: 0.000058, Train: 0.9998, Valid: 0.9560, Test: 0.8921
Run 02:
Highest Train: 1.00
Highest Valid: 0.96
  Final Train: 1.00
   Final Test: 0.89
Run: 03, Epoch: 01, Loss: 0.0459, lr: 0.001000, Train: 0.2072, Valid: -0.5851, Test: 0.1852
Run: 03, Epoch: 02, Loss: 0.0184, lr: 0.001000, Train: 0.4267, Valid: -0.1289, Test: 0.3793
Run: 03, Epoch: 03, Loss: 0.0091, lr: 0.001000, Train: 0.6515, Valid: 0.2378, Test: 0.6342
Run: 03, Epoch: 04, Loss: 0.0038, lr: 0.001000, Train: 0.7209, Valid: 0.2838, Test: 0.7388
Run: 03, Epoch: 05, Loss: 0.0048, lr: 0.001000, Train: 0.7652, Valid: 0.4262, Test: 0.7606
Run: 03, Epoch: 06, Loss: 0.0029, lr: 0.001000, Train: 0.8123, Valid: 0.6493, Test: 0.7804
Run: 03, Epoch: 07, Loss: 0.0021, lr: 0.001000, Train: 0.8373, Valid: 0.7341, Test: 0.8103
Run: 03, Epoch: 08, Loss: 0.0020, lr: 0.001000, Train: 0.8618, Valid: 0.7251, Test: 0.8557
Run: 03, Epoch: 09, Loss: 0.0016, lr: 0.001000, Train: 0.8791, Valid: 0.7198, Test: 0.8919
Run: 03, Epoch: 10, Loss: 0.0015, lr: 0.001000, Train: 0.8908, Valid: 0.7732, Test: 0.8947
Run: 03, Epoch: 11, Loss: 0.0012, lr: 0.001000, Train: 0.8920, Valid: 0.8505, Test: 0.8845
Run: 03, Epoch: 12, Loss: 0.0010, lr: 0.001000, Train: 0.8875, Valid: 0.8877, Test: 0.8871
Run: 03, Epoch: 13, Loss: 0.0010, lr: 0.001000, Train: 0.8944, Valid: 0.8953, Test: 0.9001
Run: 03, Epoch: 14, Loss: 0.0009, lr: 0.001000, Train: 0.9057, Valid: 0.8932, Test: 0.9082
Run: 03, Epoch: 15, Loss: 0.0007, lr: 0.001000, Train: 0.9093, Valid: 0.8780, Test: 0.9085
Run: 03, Epoch: 16, Loss: 0.0005, lr: 0.001000, Train: 0.9047, Valid: 0.8646, Test: 0.8968
Run: 03, Epoch: 17, Loss: 0.0005, lr: 0.001000, Train: 0.8991, Valid: 0.8691, Test: 0.8723
Run: 03, Epoch: 18, Loss: 0.0005, lr: 0.001000, Train: 0.9005, Valid: 0.8891, Test: 0.8599
Run: 03, Epoch: 19, Loss: 0.0005, lr: 0.001000, Train: 0.9118, Valid: 0.9071, Test: 0.8739
Run: 03, Epoch: 20, Loss: 0.0004, lr: 0.001000, Train: 0.9261, Valid: 0.9135, Test: 0.9024
Run: 03, Epoch: 21, Loss: 0.0003, lr: 0.001000, Train: 0.9383, Valid: 0.9080, Test: 0.9260
Run: 03, Epoch: 22, Loss: 0.0003, lr: 0.001000, Train: 0.9470, Valid: 0.8938, Test: 0.9341
Run: 03, Epoch: 23, Loss: 0.0003, lr: 0.001000, Train: 0.9542, Valid: 0.8811, Test: 0.9375
Run: 03, Epoch: 24, Loss: 0.0003, lr: 0.001000, Train: 0.9600, Valid: 0.8806, Test: 0.9359
Run: 03, Epoch: 25, Loss: 0.0002, lr: 0.001000, Train: 0.9628, Valid: 0.8919, Test: 0.9241
Run: 03, Epoch: 26, Loss: 0.0002, lr: 0.001000, Train: 0.9627, Valid: 0.9058, Test: 0.9132
Run: 03, Epoch: 27, Loss: 0.0002, lr: 0.000700, Train: 0.9665, Valid: 0.9092, Test: 0.9165
Run: 03, Epoch: 28, Loss: 0.0002, lr: 0.000700, Train: 0.9721, Valid: 0.9075, Test: 0.9267
Run: 03, Epoch: 29, Loss: 0.0002, lr: 0.000700, Train: 0.9776, Valid: 0.9020, Test: 0.9364
Run: 03, Epoch: 30, Loss: 0.0001, lr: 0.000700, Train: 0.9819, Valid: 0.8951, Test: 0.9413
Run: 03, Epoch: 31, Loss: 0.0001, lr: 0.000700, Train: 0.9851, Valid: 0.8902, Test: 0.9426
Run: 03, Epoch: 32, Loss: 0.0001, lr: 0.000700, Train: 0.9872, Valid: 0.8883, Test: 0.9414
Run: 03, Epoch: 33, Loss: 0.0001, lr: 0.000490, Train: 0.9891, Valid: 0.8869, Test: 0.9402
Run: 03, Epoch: 34, Loss: 0.0001, lr: 0.000490, Train: 0.9908, Valid: 0.8855, Test: 0.9397
Run: 03, Epoch: 35, Loss: 0.0001, lr: 0.000490, Train: 0.9925, Valid: 0.8834, Test: 0.9411
Run: 03, Epoch: 36, Loss: 0.0001, lr: 0.000490, Train: 0.9939, Valid: 0.8813, Test: 0.9438
Run: 03, Epoch: 37, Loss: 0.0001, lr: 0.000490, Train: 0.9949, Valid: 0.8801, Test: 0.9465
Run: 03, Epoch: 38, Loss: 0.0001, lr: 0.000490, Train: 0.9954, Valid: 0.8805, Test: 0.9481
Run: 03, Epoch: 39, Loss: 0.0001, lr: 0.000343, Train: 0.9958, Valid: 0.8818, Test: 0.9489
Run: 03, Epoch: 40, Loss: 0.0001, lr: 0.000343, Train: 0.9962, Valid: 0.8838, Test: 0.9491
Run: 03, Epoch: 41, Loss: 0.0001, lr: 0.000343, Train: 0.9966, Valid: 0.8858, Test: 0.9490
Run: 03, Epoch: 42, Loss: 0.0001, lr: 0.000343, Train: 0.9968, Valid: 0.8869, Test: 0.9486
Run: 03, Epoch: 43, Loss: 0.0001, lr: 0.000343, Train: 0.9970, Valid: 0.8869, Test: 0.9481
Run: 03, Epoch: 44, Loss: 0.0001, lr: 0.000343, Train: 0.9971, Valid: 0.8857, Test: 0.9480
Run: 03, Epoch: 45, Loss: 0.0001, lr: 0.000240, Train: 0.9973, Valid: 0.8842, Test: 0.9483
Run: 03, Epoch: 46, Loss: 0.0001, lr: 0.000240, Train: 0.9975, Valid: 0.8827, Test: 0.9489
Run: 03, Epoch: 47, Loss: 0.0001, lr: 0.000240, Train: 0.9976, Valid: 0.8814, Test: 0.9494
Run: 03, Epoch: 48, Loss: 0.0001, lr: 0.000240, Train: 0.9978, Valid: 0.8807, Test: 0.9499
Run: 03, Epoch: 49, Loss: 0.0001, lr: 0.000240, Train: 0.9980, Valid: 0.8805, Test: 0.9504
Run: 03, Epoch: 50, Loss: 0.0001, lr: 0.000240, Train: 0.9981, Valid: 0.8808, Test: 0.9508
Run: 03, Epoch: 51, Loss: 0.0001, lr: 0.000168, Train: 0.9982, Valid: 0.8809, Test: 0.9512
Run: 03, Epoch: 52, Loss: 0.0001, lr: 0.000168, Train: 0.9983, Valid: 0.8809, Test: 0.9515
Run: 03, Epoch: 53, Loss: 0.0001, lr: 0.000168, Train: 0.9984, Valid: 0.8808, Test: 0.9518
Run: 03, Epoch: 54, Loss: 0.0001, lr: 0.000168, Train: 0.9984, Valid: 0.8804, Test: 0.9520
Run: 03, Epoch: 55, Loss: 0.0001, lr: 0.000168, Train: 0.9985, Valid: 0.8798, Test: 0.9522
Run: 03, Epoch: 56, Loss: 0.0001, lr: 0.000168, Train: 0.9985, Valid: 0.8790, Test: 0.9523
Run: 03, Epoch: 57, Loss: 0.0001, lr: 0.000118, Train: 0.9985, Valid: 0.8781, Test: 0.9525
Run: 03, Epoch: 58, Loss: 0.0000, lr: 0.000118, Train: 0.9986, Valid: 0.8772, Test: 0.9526
Run: 03, Epoch: 59, Loss: 0.0000, lr: 0.000118, Train: 0.9986, Valid: 0.8763, Test: 0.9528
Run: 03, Epoch: 60, Loss: 0.0000, lr: 0.000118, Train: 0.9986, Valid: 0.8755, Test: 0.9529
Run: 03, Epoch: 61, Loss: 0.0000, lr: 0.000118, Train: 0.9987, Valid: 0.8748, Test: 0.9530
Run: 03, Epoch: 62, Loss: 0.0000, lr: 0.000118, Train: 0.9987, Valid: 0.8744, Test: 0.9531
Run: 03, Epoch: 63, Loss: 0.0000, lr: 0.000082, Train: 0.9987, Valid: 0.8741, Test: 0.9532
Run: 03, Epoch: 64, Loss: 0.0000, lr: 0.000082, Train: 0.9987, Valid: 0.8740, Test: 0.9533
Run: 03, Epoch: 65, Loss: 0.0000, lr: 0.000082, Train: 0.9987, Valid: 0.8741, Test: 0.9534
Run: 03, Epoch: 66, Loss: 0.0000, lr: 0.000082, Train: 0.9987, Valid: 0.8742, Test: 0.9535
Run: 03, Epoch: 67, Loss: 0.0000, lr: 0.000082, Train: 0.9988, Valid: 0.8745, Test: 0.9536
Run: 03, Epoch: 68, Loss: 0.0000, lr: 0.000082, Train: 0.9988, Valid: 0.8748, Test: 0.9536
Run: 03, Epoch: 69, Loss: 0.0000, lr: 0.000058, Train: 0.9988, Valid: 0.8749, Test: 0.9537
Run: 03, Epoch: 70, Loss: 0.0000, lr: 0.000058, Train: 0.9988, Valid: 0.8750, Test: 0.9537
Run: 03, Epoch: 71, Loss: 0.0000, lr: 0.000058, Train: 0.9988, Valid: 0.8751, Test: 0.9537
Run: 03, Epoch: 72, Loss: 0.0000, lr: 0.000058, Train: 0.9988, Valid: 0.8752, Test: 0.9538
Run: 03, Epoch: 73, Loss: 0.0000, lr: 0.000058, Train: 0.9988, Valid: 0.8752, Test: 0.9538
Run: 03, Epoch: 74, Loss: 0.0000, lr: 0.000058, Train: 0.9988, Valid: 0.8751, Test: 0.9538
Run: 03, Epoch: 75, Loss: 0.0000, lr: 0.000040, Train: 0.9988, Valid: 0.8750, Test: 0.9538
Run: 03, Epoch: 76, Loss: 0.0000, lr: 0.000040, Train: 0.9988, Valid: 0.8748, Test: 0.9538
Run: 03, Epoch: 77, Loss: 0.0000, lr: 0.000040, Train: 0.9988, Valid: 0.8746, Test: 0.9538
Run: 03, Epoch: 78, Loss: 0.0000, lr: 0.000040, Train: 0.9988, Valid: 0.8744, Test: 0.9538
Run: 03, Epoch: 79, Loss: 0.0000, lr: 0.000040, Train: 0.9988, Valid: 0.8742, Test: 0.9538
Run: 03, Epoch: 80, Loss: 0.0000, lr: 0.000040, Train: 0.9988, Valid: 0.8740, Test: 0.9539
Run: 03, Epoch: 81, Loss: 0.0000, lr: 0.000028, Train: 0.9989, Valid: 0.8738, Test: 0.9539
Run: 03, Epoch: 82, Loss: 0.0000, lr: 0.000028, Train: 0.9989, Valid: 0.8736, Test: 0.9539
Run: 03, Epoch: 83, Loss: 0.0000, lr: 0.000028, Train: 0.9989, Valid: 0.8734, Test: 0.9539
Run: 03, Epoch: 84, Loss: 0.0000, lr: 0.000028, Train: 0.9989, Valid: 0.8733, Test: 0.9539
Run: 03, Epoch: 85, Loss: 0.0000, lr: 0.000028, Train: 0.9989, Valid: 0.8731, Test: 0.9540
Run: 03, Epoch: 86, Loss: 0.0000, lr: 0.000028, Train: 0.9989, Valid: 0.8730, Test: 0.9540
Run: 03, Epoch: 87, Loss: 0.0000, lr: 0.000020, Train: 0.9989, Valid: 0.8729, Test: 0.9540
Run: 03, Epoch: 88, Loss: 0.0000, lr: 0.000020, Train: 0.9989, Valid: 0.8729, Test: 0.9540
Run: 03, Epoch: 89, Loss: 0.0000, lr: 0.000020, Train: 0.9989, Valid: 0.8728, Test: 0.9540
Run: 03, Epoch: 90, Loss: 0.0000, lr: 0.000020, Train: 0.9989, Valid: 0.8728, Test: 0.9541
Run: 03, Epoch: 91, Loss: 0.0000, lr: 0.000020, Train: 0.9989, Valid: 0.8728, Test: 0.9541
Run: 03, Epoch: 92, Loss: 0.0000, lr: 0.000020, Train: 0.9989, Valid: 0.8728, Test: 0.9541
Run: 03, Epoch: 93, Loss: 0.0000, lr: 0.000014, Train: 0.9989, Valid: 0.8727, Test: 0.9541
Run: 03, Epoch: 94, Loss: 0.0000, lr: 0.000014, Train: 0.9989, Valid: 0.8727, Test: 0.9541
Run: 03, Epoch: 95, Loss: 0.0000, lr: 0.000014, Train: 0.9989, Valid: 0.8727, Test: 0.9541
Run: 03, Epoch: 96, Loss: 0.0000, lr: 0.000014, Train: 0.9989, Valid: 0.8728, Test: 0.9541
Run: 03, Epoch: 97, Loss: 0.0000, lr: 0.000014, Train: 0.9989, Valid: 0.8728, Test: 0.9541
Run: 03, Epoch: 98, Loss: 0.0000, lr: 0.000014, Train: 0.9989, Valid: 0.8728, Test: 0.9541
Run: 03, Epoch: 99, Loss: 0.0000, lr: 0.000010, Train: 0.9989, Valid: 0.8728, Test: 0.9541
Run: 03, Epoch: 100, Loss: 0.0000, lr: 0.000010, Train: 0.9989, Valid: 0.8728, Test: 0.9541
Run 03:
Highest Train: 1.00
Highest Valid: 0.91
  Final Train: 0.93
   Final Test: 0.90
Run: 04, Epoch: 01, Loss: 0.0496, lr: 0.001000, Train: 0.3054, Valid: -0.2329, Test: 0.1643
Run: 04, Epoch: 02, Loss: 0.0248, lr: 0.001000, Train: 0.4836, Valid: -0.1077, Test: 0.3836
Run: 04, Epoch: 03, Loss: 0.0101, lr: 0.001000, Train: 0.7486, Valid: 0.3743, Test: 0.6258
Run: 04, Epoch: 04, Loss: 0.0090, lr: 0.001000, Train: 0.7685, Valid: 0.3989, Test: 0.6504
Run: 04, Epoch: 05, Loss: 0.0050, lr: 0.001000, Train: 0.7688, Valid: 0.4000, Test: 0.6608
Run: 04, Epoch: 06, Loss: 0.0047, lr: 0.001000, Train: 0.7948, Valid: 0.4708, Test: 0.6931
Run: 04, Epoch: 07, Loss: 0.0041, lr: 0.001000, Train: 0.8526, Valid: 0.5528, Test: 0.7443
Run: 04, Epoch: 08, Loss: 0.0022, lr: 0.001000, Train: 0.8653, Valid: 0.5008, Test: 0.7845
Run: 04, Epoch: 09, Loss: 0.0023, lr: 0.001000, Train: 0.8607, Valid: 0.5520, Test: 0.7809
Run: 04, Epoch: 10, Loss: 0.0024, lr: 0.001000, Train: 0.8737, Valid: 0.6748, Test: 0.7577
Run: 04, Epoch: 11, Loss: 0.0015, lr: 0.001000, Train: 0.8774, Valid: 0.7428, Test: 0.7697
Run: 04, Epoch: 12, Loss: 0.0014, lr: 0.001000, Train: 0.8875, Valid: 0.7860, Test: 0.8093
Run: 04, Epoch: 13, Loss: 0.0015, lr: 0.001000, Train: 0.8996, Valid: 0.8139, Test: 0.8343
Run: 04, Epoch: 14, Loss: 0.0014, lr: 0.001000, Train: 0.9081, Valid: 0.8122, Test: 0.8382
Run: 04, Epoch: 15, Loss: 0.0011, lr: 0.001000, Train: 0.8931, Valid: 0.7941, Test: 0.8041
Run: 04, Epoch: 16, Loss: 0.0010, lr: 0.001000, Train: 0.8405, Valid: 0.7785, Test: 0.7168
Run: 04, Epoch: 17, Loss: 0.0009, lr: 0.001000, Train: 0.8123, Valid: 0.7670, Test: 0.6756
Run: 04, Epoch: 18, Loss: 0.0009, lr: 0.001000, Train: 0.8579, Valid: 0.8084, Test: 0.7407
Run: 04, Epoch: 19, Loss: 0.0007, lr: 0.001000, Train: 0.9111, Valid: 0.8455, Test: 0.8272
Run: 04, Epoch: 20, Loss: 0.0006, lr: 0.001000, Train: 0.9297, Valid: 0.8631, Test: 0.8660
Run: 04, Epoch: 21, Loss: 0.0006, lr: 0.001000, Train: 0.9290, Valid: 0.8822, Test: 0.8664
Run: 04, Epoch: 22, Loss: 0.0006, lr: 0.001000, Train: 0.9156, Valid: 0.8819, Test: 0.8425
Run: 04, Epoch: 23, Loss: 0.0005, lr: 0.001000, Train: 0.9057, Valid: 0.8788, Test: 0.8221
Run: 04, Epoch: 24, Loss: 0.0004, lr: 0.001000, Train: 0.9155, Valid: 0.8837, Test: 0.8334
Run: 04, Epoch: 25, Loss: 0.0004, lr: 0.001000, Train: 0.9357, Valid: 0.8917, Test: 0.8629
Run: 04, Epoch: 26, Loss: 0.0004, lr: 0.001000, Train: 0.9511, Valid: 0.9118, Test: 0.8828
Run: 04, Epoch: 27, Loss: 0.0003, lr: 0.001000, Train: 0.9564, Valid: 0.9233, Test: 0.8910
Run: 04, Epoch: 28, Loss: 0.0003, lr: 0.001000, Train: 0.9594, Valid: 0.9222, Test: 0.8967
Run: 04, Epoch: 29, Loss: 0.0003, lr: 0.001000, Train: 0.9638, Valid: 0.9222, Test: 0.9015
Run: 04, Epoch: 30, Loss: 0.0003, lr: 0.001000, Train: 0.9641, Valid: 0.9170, Test: 0.8998
Run: 04, Epoch: 31, Loss: 0.0002, lr: 0.001000, Train: 0.9586, Valid: 0.9166, Test: 0.8893
Run: 04, Epoch: 32, Loss: 0.0002, lr: 0.001000, Train: 0.9540, Valid: 0.9239, Test: 0.8778
Run: 04, Epoch: 33, Loss: 0.0002, lr: 0.001000, Train: 0.9585, Valid: 0.9310, Test: 0.8797
Run: 04, Epoch: 34, Loss: 0.0002, lr: 0.001000, Train: 0.9706, Valid: 0.9375, Test: 0.8942
Run: 04, Epoch: 35, Loss: 0.0002, lr: 0.001000, Train: 0.9794, Valid: 0.9386, Test: 0.9059
Run: 04, Epoch: 36, Loss: 0.0002, lr: 0.001000, Train: 0.9811, Valid: 0.9359, Test: 0.9083
Run: 04, Epoch: 37, Loss: 0.0001, lr: 0.001000, Train: 0.9778, Valid: 0.9334, Test: 0.9032
Run: 04, Epoch: 38, Loss: 0.0001, lr: 0.001000, Train: 0.9769, Valid: 0.9326, Test: 0.9000
Run: 04, Epoch: 39, Loss: 0.0001, lr: 0.001000, Train: 0.9824, Valid: 0.9351, Test: 0.9064
Run: 04, Epoch: 40, Loss: 0.0001, lr: 0.001000, Train: 0.9885, Valid: 0.9374, Test: 0.9155
Run: 04, Epoch: 41, Loss: 0.0001, lr: 0.001000, Train: 0.9902, Valid: 0.9396, Test: 0.9185
Run: 04, Epoch: 42, Loss: 0.0001, lr: 0.001000, Train: 0.9881, Valid: 0.9400, Test: 0.9164
Run: 04, Epoch: 43, Loss: 0.0001, lr: 0.001000, Train: 0.9862, Valid: 0.9379, Test: 0.9139
Run: 04, Epoch: 44, Loss: 0.0001, lr: 0.001000, Train: 0.9888, Valid: 0.9327, Test: 0.9156
Run: 04, Epoch: 45, Loss: 0.0001, lr: 0.001000, Train: 0.9915, Valid: 0.9268, Test: 0.9188
Run: 04, Epoch: 46, Loss: 0.0001, lr: 0.001000, Train: 0.9930, Valid: 0.9264, Test: 0.9216
Run: 04, Epoch: 47, Loss: 0.0001, lr: 0.001000, Train: 0.9940, Valid: 0.9271, Test: 0.9245
Run: 04, Epoch: 48, Loss: 0.0001, lr: 0.001000, Train: 0.9953, Valid: 0.9263, Test: 0.9265
Run: 04, Epoch: 49, Loss: 0.0001, lr: 0.000700, Train: 0.9960, Valid: 0.9243, Test: 0.9269
Run: 04, Epoch: 50, Loss: 0.0001, lr: 0.000700, Train: 0.9960, Valid: 0.9236, Test: 0.9264
Run: 04, Epoch: 51, Loss: 0.0001, lr: 0.000700, Train: 0.9958, Valid: 0.9246, Test: 0.9256
Run: 04, Epoch: 52, Loss: 0.0001, lr: 0.000700, Train: 0.9962, Valid: 0.9247, Test: 0.9261
Run: 04, Epoch: 53, Loss: 0.0001, lr: 0.000700, Train: 0.9972, Valid: 0.9224, Test: 0.9281
Run: 04, Epoch: 54, Loss: 0.0001, lr: 0.000700, Train: 0.9980, Valid: 0.9185, Test: 0.9296
Run: 04, Epoch: 55, Loss: 0.0001, lr: 0.000490, Train: 0.9982, Valid: 0.9162, Test: 0.9300
Run: 04, Epoch: 56, Loss: 0.0001, lr: 0.000490, Train: 0.9982, Valid: 0.9151, Test: 0.9298
Run: 04, Epoch: 57, Loss: 0.0000, lr: 0.000490, Train: 0.9982, Valid: 0.9147, Test: 0.9293
Run: 04, Epoch: 58, Loss: 0.0000, lr: 0.000490, Train: 0.9982, Valid: 0.9138, Test: 0.9286
Run: 04, Epoch: 59, Loss: 0.0000, lr: 0.000490, Train: 0.9983, Valid: 0.9124, Test: 0.9284
Run: 04, Epoch: 60, Loss: 0.0000, lr: 0.000490, Train: 0.9985, Valid: 0.9113, Test: 0.9286
Run: 04, Epoch: 61, Loss: 0.0000, lr: 0.000343, Train: 0.9986, Valid: 0.9111, Test: 0.9290
Run: 04, Epoch: 62, Loss: 0.0000, lr: 0.000343, Train: 0.9987, Valid: 0.9118, Test: 0.9295
Run: 04, Epoch: 63, Loss: 0.0000, lr: 0.000343, Train: 0.9988, Valid: 0.9128, Test: 0.9300
Run: 04, Epoch: 64, Loss: 0.0000, lr: 0.000343, Train: 0.9988, Valid: 0.9135, Test: 0.9304
Run: 04, Epoch: 65, Loss: 0.0000, lr: 0.000343, Train: 0.9988, Valid: 0.9134, Test: 0.9307
Run: 04, Epoch: 66, Loss: 0.0000, lr: 0.000343, Train: 0.9989, Valid: 0.9125, Test: 0.9309
Run: 04, Epoch: 67, Loss: 0.0000, lr: 0.000240, Train: 0.9989, Valid: 0.9114, Test: 0.9309
Run: 04, Epoch: 68, Loss: 0.0000, lr: 0.000240, Train: 0.9990, Valid: 0.9104, Test: 0.9308
Run: 04, Epoch: 69, Loss: 0.0000, lr: 0.000240, Train: 0.9990, Valid: 0.9097, Test: 0.9306
Run: 04, Epoch: 70, Loss: 0.0000, lr: 0.000240, Train: 0.9990, Valid: 0.9093, Test: 0.9305
Run: 04, Epoch: 71, Loss: 0.0000, lr: 0.000240, Train: 0.9990, Valid: 0.9090, Test: 0.9303
Run: 04, Epoch: 72, Loss: 0.0000, lr: 0.000240, Train: 0.9990, Valid: 0.9086, Test: 0.9302
Run: 04, Epoch: 73, Loss: 0.0000, lr: 0.000168, Train: 0.9990, Valid: 0.9082, Test: 0.9302
Run: 04, Epoch: 74, Loss: 0.0000, lr: 0.000168, Train: 0.9991, Valid: 0.9076, Test: 0.9302
Run: 04, Epoch: 75, Loss: 0.0000, lr: 0.000168, Train: 0.9991, Valid: 0.9070, Test: 0.9301
Run: 04, Epoch: 76, Loss: 0.0000, lr: 0.000168, Train: 0.9991, Valid: 0.9065, Test: 0.9301
Run: 04, Epoch: 77, Loss: 0.0000, lr: 0.000168, Train: 0.9991, Valid: 0.9062, Test: 0.9301
Run: 04, Epoch: 78, Loss: 0.0000, lr: 0.000168, Train: 0.9991, Valid: 0.9060, Test: 0.9301
Run: 04, Epoch: 79, Loss: 0.0000, lr: 0.000118, Train: 0.9991, Valid: 0.9059, Test: 0.9301
Run: 04, Epoch: 80, Loss: 0.0000, lr: 0.000118, Train: 0.9991, Valid: 0.9059, Test: 0.9301
Run: 04, Epoch: 81, Loss: 0.0000, lr: 0.000118, Train: 0.9991, Valid: 0.9060, Test: 0.9302
Run: 04, Epoch: 82, Loss: 0.0000, lr: 0.000118, Train: 0.9991, Valid: 0.9060, Test: 0.9302
Run: 04, Epoch: 83, Loss: 0.0000, lr: 0.000118, Train: 0.9991, Valid: 0.9060, Test: 0.9302
Run: 04, Epoch: 84, Loss: 0.0000, lr: 0.000118, Train: 0.9991, Valid: 0.9059, Test: 0.9302
Run: 04, Epoch: 85, Loss: 0.0000, lr: 0.000082, Train: 0.9991, Valid: 0.9057, Test: 0.9302
Run: 04, Epoch: 86, Loss: 0.0000, lr: 0.000082, Train: 0.9991, Valid: 0.9056, Test: 0.9302
Run: 04, Epoch: 87, Loss: 0.0000, lr: 0.000082, Train: 0.9991, Valid: 0.9055, Test: 0.9302
Run: 04, Epoch: 88, Loss: 0.0000, lr: 0.000082, Train: 0.9991, Valid: 0.9053, Test: 0.9303
Run: 04, Epoch: 89, Loss: 0.0000, lr: 0.000082, Train: 0.9991, Valid: 0.9053, Test: 0.9303
Run: 04, Epoch: 90, Loss: 0.0000, lr: 0.000082, Train: 0.9992, Valid: 0.9052, Test: 0.9303
Run: 04, Epoch: 91, Loss: 0.0000, lr: 0.000058, Train: 0.9992, Valid: 0.9052, Test: 0.9303
Run: 04, Epoch: 92, Loss: 0.0000, lr: 0.000058, Train: 0.9992, Valid: 0.9052, Test: 0.9303
Run: 04, Epoch: 93, Loss: 0.0000, lr: 0.000058, Train: 0.9992, Valid: 0.9052, Test: 0.9303
Run: 04, Epoch: 94, Loss: 0.0000, lr: 0.000058, Train: 0.9992, Valid: 0.9052, Test: 0.9303
Run: 04, Epoch: 95, Loss: 0.0000, lr: 0.000058, Train: 0.9992, Valid: 0.9052, Test: 0.9303
Run: 04, Epoch: 96, Loss: 0.0000, lr: 0.000058, Train: 0.9992, Valid: 0.9052, Test: 0.9303
Run: 04, Epoch: 97, Loss: 0.0000, lr: 0.000040, Train: 0.9992, Valid: 0.9052, Test: 0.9303
Run: 04, Epoch: 98, Loss: 0.0000, lr: 0.000040, Train: 0.9992, Valid: 0.9052, Test: 0.9303
Run: 04, Epoch: 99, Loss: 0.0000, lr: 0.000040, Train: 0.9992, Valid: 0.9052, Test: 0.9303
Run: 04, Epoch: 100, Loss: 0.0000, lr: 0.000040, Train: 0.9992, Valid: 0.9051, Test: 0.9303
Run 04:
Highest Train: 1.00
Highest Valid: 0.94
  Final Train: 0.99
   Final Test: 0.92
Run: 05, Epoch: 01, Loss: 0.0348, lr: 0.001000, Train: 0.2295, Valid: 0.3128, Test: 0.3750
Run: 05, Epoch: 02, Loss: 0.0240, lr: 0.001000, Train: 0.1939, Valid: 0.2021, Test: 0.4045
Run: 05, Epoch: 03, Loss: 0.0133, lr: 0.001000, Train: 0.3903, Valid: 0.4014, Test: 0.6117
Run: 05, Epoch: 04, Loss: 0.0093, lr: 0.001000, Train: 0.5190, Valid: 0.5503, Test: 0.6990
Run: 05, Epoch: 05, Loss: 0.0064, lr: 0.001000, Train: 0.7655, Valid: 0.6978, Test: 0.8155
Run: 05, Epoch: 06, Loss: 0.0040, lr: 0.001000, Train: 0.7655, Valid: 0.6664, Test: 0.8042
Run: 05, Epoch: 07, Loss: 0.0033, lr: 0.001000, Train: 0.7766, Valid: 0.6315, Test: 0.7682
Run: 05, Epoch: 08, Loss: 0.0017, lr: 0.001000, Train: 0.8002, Valid: 0.6612, Test: 0.7814
Run: 05, Epoch: 09, Loss: 0.0022, lr: 0.001000, Train: 0.8273, Valid: 0.6934, Test: 0.7939
Run: 05, Epoch: 10, Loss: 0.0018, lr: 0.001000, Train: 0.8376, Valid: 0.7161, Test: 0.8049
Run: 05, Epoch: 11, Loss: 0.0014, lr: 0.001000, Train: 0.8884, Valid: 0.8189, Test: 0.8754
Run: 05, Epoch: 12, Loss: 0.0013, lr: 0.001000, Train: 0.9307, Valid: 0.8973, Test: 0.9081
Run: 05, Epoch: 13, Loss: 0.0012, lr: 0.001000, Train: 0.9271, Valid: 0.9117, Test: 0.9077
Run: 05, Epoch: 14, Loss: 0.0011, lr: 0.001000, Train: 0.9203, Valid: 0.8499, Test: 0.8872
Run: 05, Epoch: 15, Loss: 0.0009, lr: 0.001000, Train: 0.8842, Valid: 0.7488, Test: 0.8260
Run: 05, Epoch: 16, Loss: 0.0007, lr: 0.001000, Train: 0.9155, Valid: 0.8046, Test: 0.8719
Run: 05, Epoch: 17, Loss: 0.0006, lr: 0.001000, Train: 0.9475, Valid: 0.8905, Test: 0.9127
Run: 05, Epoch: 18, Loss: 0.0006, lr: 0.001000, Train: 0.9504, Valid: 0.9177, Test: 0.9152
Run: 05, Epoch: 19, Loss: 0.0007, lr: 0.001000, Train: 0.9466, Valid: 0.9054, Test: 0.9048
Run: 05, Epoch: 20, Loss: 0.0005, lr: 0.001000, Train: 0.9201, Valid: 0.8538, Test: 0.8601
Run: 05, Epoch: 21, Loss: 0.0005, lr: 0.001000, Train: 0.9174, Valid: 0.8283, Test: 0.8457
Run: 05, Epoch: 22, Loss: 0.0004, lr: 0.001000, Train: 0.9414, Valid: 0.8524, Test: 0.8768
Run: 05, Epoch: 23, Loss: 0.0004, lr: 0.001000, Train: 0.9549, Valid: 0.8817, Test: 0.8988
Run: 05, Epoch: 24, Loss: 0.0004, lr: 0.001000, Train: 0.9596, Valid: 0.8965, Test: 0.9058
Run: 05, Epoch: 25, Loss: 0.0003, lr: 0.000700, Train: 0.9601, Valid: 0.8951, Test: 0.9067
Run: 05, Epoch: 26, Loss: 0.0003, lr: 0.000700, Train: 0.9598, Valid: 0.8892, Test: 0.9057
Run: 05, Epoch: 27, Loss: 0.0003, lr: 0.000700, Train: 0.9645, Valid: 0.8873, Test: 0.9101
Run: 05, Epoch: 28, Loss: 0.0003, lr: 0.000700, Train: 0.9716, Valid: 0.8894, Test: 0.9190
Run: 05, Epoch: 29, Loss: 0.0002, lr: 0.000700, Train: 0.9765, Valid: 0.8911, Test: 0.9246
Run: 05, Epoch: 30, Loss: 0.0002, lr: 0.000700, Train: 0.9805, Valid: 0.8900, Test: 0.9271
Run: 05, Epoch: 31, Loss: 0.0002, lr: 0.000490, Train: 0.9837, Valid: 0.8890, Test: 0.9299
Run: 05, Epoch: 32, Loss: 0.0002, lr: 0.000490, Train: 0.9855, Valid: 0.8885, Test: 0.9329
Run: 05, Epoch: 33, Loss: 0.0002, lr: 0.000490, Train: 0.9866, Valid: 0.8893, Test: 0.9351
Run: 05, Epoch: 34, Loss: 0.0002, lr: 0.000490, Train: 0.9882, Valid: 0.8919, Test: 0.9373
Run: 05, Epoch: 35, Loss: 0.0002, lr: 0.000490, Train: 0.9899, Valid: 0.8951, Test: 0.9395
Run: 05, Epoch: 36, Loss: 0.0001, lr: 0.000490, Train: 0.9913, Valid: 0.8972, Test: 0.9409
Run: 05, Epoch: 37, Loss: 0.0001, lr: 0.000343, Train: 0.9924, Valid: 0.8968, Test: 0.9413
Run: 05, Epoch: 38, Loss: 0.0001, lr: 0.000343, Train: 0.9935, Valid: 0.8951, Test: 0.9413
Run: 05, Epoch: 39, Loss: 0.0001, lr: 0.000343, Train: 0.9942, Valid: 0.8933, Test: 0.9413
Run: 05, Epoch: 40, Loss: 0.0001, lr: 0.000343, Train: 0.9945, Valid: 0.8925, Test: 0.9416
Run: 05, Epoch: 41, Loss: 0.0001, lr: 0.000343, Train: 0.9947, Valid: 0.8930, Test: 0.9421
Run: 05, Epoch: 42, Loss: 0.0001, lr: 0.000343, Train: 0.9951, Valid: 0.8948, Test: 0.9429
Run: 05, Epoch: 43, Loss: 0.0001, lr: 0.000240, Train: 0.9957, Valid: 0.8964, Test: 0.9437
Run: 05, Epoch: 44, Loss: 0.0001, lr: 0.000240, Train: 0.9962, Valid: 0.8979, Test: 0.9445
Run: 05, Epoch: 45, Loss: 0.0001, lr: 0.000240, Train: 0.9965, Valid: 0.8988, Test: 0.9451
Run: 05, Epoch: 46, Loss: 0.0001, lr: 0.000240, Train: 0.9967, Valid: 0.8988, Test: 0.9454
Run: 05, Epoch: 47, Loss: 0.0001, lr: 0.000240, Train: 0.9969, Valid: 0.8981, Test: 0.9455
Run: 05, Epoch: 48, Loss: 0.0001, lr: 0.000240, Train: 0.9971, Valid: 0.8968, Test: 0.9455
Run: 05, Epoch: 49, Loss: 0.0001, lr: 0.000168, Train: 0.9974, Valid: 0.8956, Test: 0.9455
Run: 05, Epoch: 50, Loss: 0.0001, lr: 0.000168, Train: 0.9975, Valid: 0.8944, Test: 0.9455
Run: 05, Epoch: 51, Loss: 0.0001, lr: 0.000168, Train: 0.9977, Valid: 0.8934, Test: 0.9455
Run: 05, Epoch: 52, Loss: 0.0001, lr: 0.000168, Train: 0.9978, Valid: 0.8928, Test: 0.9457
Run: 05, Epoch: 53, Loss: 0.0001, lr: 0.000168, Train: 0.9979, Valid: 0.8927, Test: 0.9459
Run: 05, Epoch: 54, Loss: 0.0001, lr: 0.000168, Train: 0.9980, Valid: 0.8930, Test: 0.9461
Run: 05, Epoch: 55, Loss: 0.0001, lr: 0.000118, Train: 0.9980, Valid: 0.8932, Test: 0.9464
Run: 05, Epoch: 56, Loss: 0.0001, lr: 0.000118, Train: 0.9981, Valid: 0.8936, Test: 0.9466
Run: 05, Epoch: 57, Loss: 0.0001, lr: 0.000118, Train: 0.9981, Valid: 0.8940, Test: 0.9468
Run: 05, Epoch: 58, Loss: 0.0001, lr: 0.000118, Train: 0.9982, Valid: 0.8942, Test: 0.9471
Run: 05, Epoch: 59, Loss: 0.0001, lr: 0.000118, Train: 0.9982, Valid: 0.8943, Test: 0.9473
Run: 05, Epoch: 60, Loss: 0.0001, lr: 0.000118, Train: 0.9982, Valid: 0.8942, Test: 0.9474
Run: 05, Epoch: 61, Loss: 0.0001, lr: 0.000082, Train: 0.9982, Valid: 0.8939, Test: 0.9475
Run: 05, Epoch: 62, Loss: 0.0001, lr: 0.000082, Train: 0.9983, Valid: 0.8935, Test: 0.9476
Run: 05, Epoch: 63, Loss: 0.0001, lr: 0.000082, Train: 0.9983, Valid: 0.8930, Test: 0.9476
Run: 05, Epoch: 64, Loss: 0.0001, lr: 0.000082, Train: 0.9983, Valid: 0.8925, Test: 0.9476
Run: 05, Epoch: 65, Loss: 0.0001, lr: 0.000082, Train: 0.9984, Valid: 0.8920, Test: 0.9476
Run: 05, Epoch: 66, Loss: 0.0001, lr: 0.000082, Train: 0.9984, Valid: 0.8916, Test: 0.9475
Run: 05, Epoch: 67, Loss: 0.0001, lr: 0.000058, Train: 0.9984, Valid: 0.8913, Test: 0.9475
Run: 05, Epoch: 68, Loss: 0.0001, lr: 0.000058, Train: 0.9984, Valid: 0.8911, Test: 0.9475
Run: 05, Epoch: 69, Loss: 0.0001, lr: 0.000058, Train: 0.9984, Valid: 0.8910, Test: 0.9474
Run: 05, Epoch: 70, Loss: 0.0001, lr: 0.000058, Train: 0.9984, Valid: 0.8909, Test: 0.9474
Run: 05, Epoch: 71, Loss: 0.0001, lr: 0.000058, Train: 0.9985, Valid: 0.8909, Test: 0.9474
Run: 05, Epoch: 72, Loss: 0.0001, lr: 0.000058, Train: 0.9985, Valid: 0.8910, Test: 0.9474
Run: 05, Epoch: 73, Loss: 0.0001, lr: 0.000040, Train: 0.9985, Valid: 0.8910, Test: 0.9474
Run: 05, Epoch: 74, Loss: 0.0001, lr: 0.000040, Train: 0.9985, Valid: 0.8911, Test: 0.9474
Run: 05, Epoch: 75, Loss: 0.0001, lr: 0.000040, Train: 0.9985, Valid: 0.8911, Test: 0.9474
Run: 05, Epoch: 76, Loss: 0.0001, lr: 0.000040, Train: 0.9985, Valid: 0.8912, Test: 0.9474
Run: 05, Epoch: 77, Loss: 0.0001, lr: 0.000040, Train: 0.9985, Valid: 0.8912, Test: 0.9474
Run: 05, Epoch: 78, Loss: 0.0001, lr: 0.000040, Train: 0.9985, Valid: 0.8913, Test: 0.9475
Run: 05, Epoch: 79, Loss: 0.0001, lr: 0.000028, Train: 0.9985, Valid: 0.8913, Test: 0.9475
Run: 05, Epoch: 80, Loss: 0.0001, lr: 0.000028, Train: 0.9985, Valid: 0.8912, Test: 0.9475
Run: 05, Epoch: 81, Loss: 0.0001, lr: 0.000028, Train: 0.9985, Valid: 0.8912, Test: 0.9475
Run: 05, Epoch: 82, Loss: 0.0001, lr: 0.000028, Train: 0.9986, Valid: 0.8912, Test: 0.9475
Run: 05, Epoch: 83, Loss: 0.0001, lr: 0.000028, Train: 0.9986, Valid: 0.8911, Test: 0.9475
Run: 05, Epoch: 84, Loss: 0.0001, lr: 0.000028, Train: 0.9986, Valid: 0.8911, Test: 0.9475
Run: 05, Epoch: 85, Loss: 0.0001, lr: 0.000020, Train: 0.9986, Valid: 0.8910, Test: 0.9475
Run: 05, Epoch: 86, Loss: 0.0001, lr: 0.000020, Train: 0.9986, Valid: 0.8909, Test: 0.9475
Run: 05, Epoch: 87, Loss: 0.0001, lr: 0.000020, Train: 0.9986, Valid: 0.8909, Test: 0.9475
Run: 05, Epoch: 88, Loss: 0.0001, lr: 0.000020, Train: 0.9986, Valid: 0.8908, Test: 0.9475
Run: 05, Epoch: 89, Loss: 0.0001, lr: 0.000020, Train: 0.9986, Valid: 0.8908, Test: 0.9475
Run: 05, Epoch: 90, Loss: 0.0001, lr: 0.000020, Train: 0.9986, Valid: 0.8907, Test: 0.9475
Run: 05, Epoch: 91, Loss: 0.0001, lr: 0.000014, Train: 0.9986, Valid: 0.8907, Test: 0.9475
Run: 05, Epoch: 92, Loss: 0.0001, lr: 0.000014, Train: 0.9986, Valid: 0.8906, Test: 0.9475
Run: 05, Epoch: 93, Loss: 0.0001, lr: 0.000014, Train: 0.9986, Valid: 0.8906, Test: 0.9475
Run: 05, Epoch: 94, Loss: 0.0001, lr: 0.000014, Train: 0.9986, Valid: 0.8906, Test: 0.9475
Run: 05, Epoch: 95, Loss: 0.0001, lr: 0.000014, Train: 0.9986, Valid: 0.8905, Test: 0.9475
Run: 05, Epoch: 96, Loss: 0.0001, lr: 0.000014, Train: 0.9986, Valid: 0.8905, Test: 0.9475
Run: 05, Epoch: 97, Loss: 0.0001, lr: 0.000010, Train: 0.9986, Valid: 0.8905, Test: 0.9475
Run: 05, Epoch: 98, Loss: 0.0001, lr: 0.000010, Train: 0.9986, Valid: 0.8905, Test: 0.9475
Run: 05, Epoch: 99, Loss: 0.0001, lr: 0.000010, Train: 0.9986, Valid: 0.8905, Test: 0.9475
Run: 05, Epoch: 100, Loss: 0.0001, lr: 0.000010, Train: 0.9986, Valid: 0.8905, Test: 0.9475
Run 05:
Highest Train: 1.00
Highest Valid: 0.92
  Final Train: 0.95
   Final Test: 0.92
Run: 06, Epoch: 01, Loss: 0.0369, lr: 0.001000, Train: 0.4619, Valid: 0.6203, Test: 0.5791
Run: 06, Epoch: 02, Loss: 0.0166, lr: 0.001000, Train: 0.5783, Valid: 0.7520, Test: 0.6527
Run: 06, Epoch: 03, Loss: 0.0108, lr: 0.001000, Train: 0.6827, Valid: 0.8123, Test: 0.7630
Run: 06, Epoch: 04, Loss: 0.0032, lr: 0.001000, Train: 0.7425, Valid: 0.8369, Test: 0.8382
Run: 06, Epoch: 05, Loss: 0.0042, lr: 0.001000, Train: 0.7380, Valid: 0.8482, Test: 0.8120
Run: 06, Epoch: 06, Loss: 0.0022, lr: 0.001000, Train: 0.7246, Valid: 0.8591, Test: 0.7974
Run: 06, Epoch: 07, Loss: 0.0026, lr: 0.001000, Train: 0.8525, Valid: 0.8958, Test: 0.8812
Run: 06, Epoch: 08, Loss: 0.0016, lr: 0.001000, Train: 0.8613, Valid: 0.8819, Test: 0.9268
Run: 06, Epoch: 09, Loss: 0.0012, lr: 0.001000, Train: 0.7941, Valid: 0.8386, Test: 0.9140
Run: 06, Epoch: 10, Loss: 0.0015, lr: 0.001000, Train: 0.8218, Valid: 0.8339, Test: 0.9167
Run: 06, Epoch: 11, Loss: 0.0009, lr: 0.001000, Train: 0.8813, Valid: 0.8630, Test: 0.9254
Run: 06, Epoch: 12, Loss: 0.0008, lr: 0.001000, Train: 0.9042, Valid: 0.8739, Test: 0.9305
Run: 06, Epoch: 13, Loss: 0.0009, lr: 0.001000, Train: 0.8791, Valid: 0.8495, Test: 0.9320
Run: 06, Epoch: 14, Loss: 0.0007, lr: 0.000700, Train: 0.8418, Valid: 0.8333, Test: 0.9266
Run: 06, Epoch: 15, Loss: 0.0006, lr: 0.000700, Train: 0.8199, Valid: 0.8289, Test: 0.9216
Run: 06, Epoch: 16, Loss: 0.0006, lr: 0.000700, Train: 0.8403, Valid: 0.8468, Test: 0.9224
Run: 06, Epoch: 17, Loss: 0.0005, lr: 0.000700, Train: 0.8760, Valid: 0.8731, Test: 0.9203
Run: 06, Epoch: 18, Loss: 0.0004, lr: 0.000700, Train: 0.9007, Valid: 0.8943, Test: 0.9112
Run: 06, Epoch: 19, Loss: 0.0004, lr: 0.000700, Train: 0.9164, Valid: 0.9108, Test: 0.9046
Run: 06, Epoch: 20, Loss: 0.0004, lr: 0.000700, Train: 0.9286, Valid: 0.9227, Test: 0.9063
Run: 06, Epoch: 21, Loss: 0.0004, lr: 0.000700, Train: 0.9340, Valid: 0.9309, Test: 0.9145
Run: 06, Epoch: 22, Loss: 0.0003, lr: 0.000700, Train: 0.9332, Valid: 0.9376, Test: 0.9239
Run: 06, Epoch: 23, Loss: 0.0003, lr: 0.000700, Train: 0.9358, Valid: 0.9453, Test: 0.9316
Run: 06, Epoch: 24, Loss: 0.0002, lr: 0.000700, Train: 0.9492, Valid: 0.9529, Test: 0.9360
Run: 06, Epoch: 25, Loss: 0.0002, lr: 0.000700, Train: 0.9645, Valid: 0.9587, Test: 0.9348
Run: 06, Epoch: 26, Loss: 0.0002, lr: 0.000700, Train: 0.9726, Valid: 0.9619, Test: 0.9296
Run: 06, Epoch: 27, Loss: 0.0002, lr: 0.000700, Train: 0.9761, Valid: 0.9638, Test: 0.9256
Run: 06, Epoch: 28, Loss: 0.0002, lr: 0.000700, Train: 0.9772, Valid: 0.9653, Test: 0.9256
Run: 06, Epoch: 29, Loss: 0.0001, lr: 0.000700, Train: 0.9754, Valid: 0.9666, Test: 0.9278
Run: 06, Epoch: 30, Loss: 0.0001, lr: 0.000700, Train: 0.9717, Valid: 0.9674, Test: 0.9294
Run: 06, Epoch: 31, Loss: 0.0001, lr: 0.000700, Train: 0.9704, Valid: 0.9681, Test: 0.9289
Run: 06, Epoch: 32, Loss: 0.0001, lr: 0.000700, Train: 0.9731, Valid: 0.9687, Test: 0.9261
Run: 06, Epoch: 33, Loss: 0.0001, lr: 0.000700, Train: 0.9770, Valid: 0.9689, Test: 0.9219
Run: 06, Epoch: 34, Loss: 0.0001, lr: 0.000700, Train: 0.9808, Valid: 0.9694, Test: 0.9201
Run: 06, Epoch: 35, Loss: 0.0001, lr: 0.000700, Train: 0.9849, Valid: 0.9708, Test: 0.9232
Run: 06, Epoch: 36, Loss: 0.0001, lr: 0.000700, Train: 0.9885, Valid: 0.9729, Test: 0.9301
Run: 06, Epoch: 37, Loss: 0.0001, lr: 0.000700, Train: 0.9902, Valid: 0.9747, Test: 0.9368
Run: 06, Epoch: 38, Loss: 0.0001, lr: 0.000700, Train: 0.9916, Valid: 0.9755, Test: 0.9397
Run: 06, Epoch: 39, Loss: 0.0001, lr: 0.000700, Train: 0.9936, Valid: 0.9752, Test: 0.9381
Run: 06, Epoch: 40, Loss: 0.0001, lr: 0.000700, Train: 0.9943, Valid: 0.9744, Test: 0.9339
Run: 06, Epoch: 41, Loss: 0.0000, lr: 0.000700, Train: 0.9937, Valid: 0.9736, Test: 0.9310
Run: 06, Epoch: 42, Loss: 0.0000, lr: 0.000700, Train: 0.9933, Valid: 0.9733, Test: 0.9317
Run: 06, Epoch: 43, Loss: 0.0000, lr: 0.000700, Train: 0.9936, Valid: 0.9735, Test: 0.9354
Run: 06, Epoch: 44, Loss: 0.0000, lr: 0.000700, Train: 0.9940, Valid: 0.9740, Test: 0.9393
Run: 06, Epoch: 45, Loss: 0.0000, lr: 0.000490, Train: 0.9951, Valid: 0.9742, Test: 0.9407
Run: 06, Epoch: 46, Loss: 0.0000, lr: 0.000490, Train: 0.9966, Valid: 0.9740, Test: 0.9403
Run: 06, Epoch: 47, Loss: 0.0000, lr: 0.000490, Train: 0.9978, Valid: 0.9736, Test: 0.9389
Run: 06, Epoch: 48, Loss: 0.0000, lr: 0.000490, Train: 0.9983, Valid: 0.9733, Test: 0.9379
Run: 06, Epoch: 49, Loss: 0.0000, lr: 0.000490, Train: 0.9986, Valid: 0.9734, Test: 0.9383
Run: 06, Epoch: 50, Loss: 0.0000, lr: 0.000490, Train: 0.9989, Valid: 0.9739, Test: 0.9401
Run: 06, Epoch: 51, Loss: 0.0000, lr: 0.000343, Train: 0.9990, Valid: 0.9742, Test: 0.9416
Run: 06, Epoch: 52, Loss: 0.0000, lr: 0.000343, Train: 0.9991, Valid: 0.9744, Test: 0.9426
Run: 06, Epoch: 53, Loss: 0.0000, lr: 0.000343, Train: 0.9992, Valid: 0.9743, Test: 0.9428
Run: 06, Epoch: 54, Loss: 0.0000, lr: 0.000343, Train: 0.9992, Valid: 0.9739, Test: 0.9420
Run: 06, Epoch: 55, Loss: 0.0000, lr: 0.000343, Train: 0.9992, Valid: 0.9735, Test: 0.9405
Run: 06, Epoch: 56, Loss: 0.0000, lr: 0.000343, Train: 0.9993, Valid: 0.9730, Test: 0.9389
Run: 06, Epoch: 57, Loss: 0.0000, lr: 0.000240, Train: 0.9993, Valid: 0.9728, Test: 0.9383
Run: 06, Epoch: 58, Loss: 0.0000, lr: 0.000240, Train: 0.9994, Valid: 0.9726, Test: 0.9382
Run: 06, Epoch: 59, Loss: 0.0000, lr: 0.000240, Train: 0.9995, Valid: 0.9726, Test: 0.9387
Run: 06, Epoch: 60, Loss: 0.0000, lr: 0.000240, Train: 0.9996, Valid: 0.9726, Test: 0.9396
Run: 06, Epoch: 61, Loss: 0.0000, lr: 0.000240, Train: 0.9997, Valid: 0.9727, Test: 0.9407
Run: 06, Epoch: 62, Loss: 0.0000, lr: 0.000240, Train: 0.9997, Valid: 0.9726, Test: 0.9416
Run: 06, Epoch: 63, Loss: 0.0000, lr: 0.000168, Train: 0.9997, Valid: 0.9725, Test: 0.9420
Run: 06, Epoch: 64, Loss: 0.0000, lr: 0.000168, Train: 0.9997, Valid: 0.9723, Test: 0.9422
Run: 06, Epoch: 65, Loss: 0.0000, lr: 0.000168, Train: 0.9998, Valid: 0.9721, Test: 0.9421
Run: 06, Epoch: 66, Loss: 0.0000, lr: 0.000168, Train: 0.9998, Valid: 0.9719, Test: 0.9417
Run: 06, Epoch: 67, Loss: 0.0000, lr: 0.000168, Train: 0.9998, Valid: 0.9716, Test: 0.9413
Run: 06, Epoch: 68, Loss: 0.0000, lr: 0.000168, Train: 0.9998, Valid: 0.9715, Test: 0.9410
Run: 06, Epoch: 69, Loss: 0.0000, lr: 0.000118, Train: 0.9998, Valid: 0.9714, Test: 0.9408
Run: 06, Epoch: 70, Loss: 0.0000, lr: 0.000118, Train: 0.9998, Valid: 0.9714, Test: 0.9407
Run: 06, Epoch: 71, Loss: 0.0000, lr: 0.000118, Train: 0.9998, Valid: 0.9715, Test: 0.9407
Run: 06, Epoch: 72, Loss: 0.0000, lr: 0.000118, Train: 0.9998, Valid: 0.9716, Test: 0.9409
Run: 06, Epoch: 73, Loss: 0.0000, lr: 0.000118, Train: 0.9998, Valid: 0.9717, Test: 0.9411
Run: 06, Epoch: 74, Loss: 0.0000, lr: 0.000118, Train: 0.9998, Valid: 0.9718, Test: 0.9413
Run: 06, Epoch: 75, Loss: 0.0000, lr: 0.000082, Train: 0.9998, Valid: 0.9718, Test: 0.9414
Run: 06, Epoch: 76, Loss: 0.0000, lr: 0.000082, Train: 0.9998, Valid: 0.9718, Test: 0.9415
Run: 06, Epoch: 77, Loss: 0.0000, lr: 0.000082, Train: 0.9998, Valid: 0.9718, Test: 0.9415
Run: 06, Epoch: 78, Loss: 0.0000, lr: 0.000082, Train: 0.9998, Valid: 0.9718, Test: 0.9416
Run: 06, Epoch: 79, Loss: 0.0000, lr: 0.000082, Train: 0.9998, Valid: 0.9718, Test: 0.9415
Run: 06, Epoch: 80, Loss: 0.0000, lr: 0.000082, Train: 0.9998, Valid: 0.9718, Test: 0.9414
Run: 06, Epoch: 81, Loss: 0.0000, lr: 0.000058, Train: 0.9998, Valid: 0.9717, Test: 0.9414
Run: 06, Epoch: 82, Loss: 0.0000, lr: 0.000058, Train: 0.9998, Valid: 0.9717, Test: 0.9413
Run: 06, Epoch: 83, Loss: 0.0000, lr: 0.000058, Train: 0.9998, Valid: 0.9716, Test: 0.9412
Run: 06, Epoch: 84, Loss: 0.0000, lr: 0.000058, Train: 0.9998, Valid: 0.9716, Test: 0.9411
Run: 06, Epoch: 85, Loss: 0.0000, lr: 0.000058, Train: 0.9998, Valid: 0.9715, Test: 0.9410
Run: 06, Epoch: 86, Loss: 0.0000, lr: 0.000058, Train: 0.9998, Valid: 0.9715, Test: 0.9410
Run: 06, Epoch: 87, Loss: 0.0000, lr: 0.000040, Train: 0.9998, Valid: 0.9715, Test: 0.9409
Run: 06, Epoch: 88, Loss: 0.0000, lr: 0.000040, Train: 0.9998, Valid: 0.9715, Test: 0.9409
Run: 06, Epoch: 89, Loss: 0.0000, lr: 0.000040, Train: 0.9998, Valid: 0.9715, Test: 0.9409
Run: 06, Epoch: 90, Loss: 0.0000, lr: 0.000040, Train: 0.9998, Valid: 0.9715, Test: 0.9409
Run: 06, Epoch: 91, Loss: 0.0000, lr: 0.000040, Train: 0.9998, Valid: 0.9715, Test: 0.9409
Run: 06, Epoch: 92, Loss: 0.0000, lr: 0.000040, Train: 0.9998, Valid: 0.9715, Test: 0.9409
Run: 06, Epoch: 93, Loss: 0.0000, lr: 0.000028, Train: 0.9998, Valid: 0.9715, Test: 0.9410
Run: 06, Epoch: 94, Loss: 0.0000, lr: 0.000028, Train: 0.9998, Valid: 0.9715, Test: 0.9410
Run: 06, Epoch: 95, Loss: 0.0000, lr: 0.000028, Train: 0.9998, Valid: 0.9715, Test: 0.9410
Run: 06, Epoch: 96, Loss: 0.0000, lr: 0.000028, Train: 0.9998, Valid: 0.9715, Test: 0.9410
Run: 06, Epoch: 97, Loss: 0.0000, lr: 0.000028, Train: 0.9998, Valid: 0.9715, Test: 0.9410
Run: 06, Epoch: 98, Loss: 0.0000, lr: 0.000028, Train: 0.9998, Valid: 0.9715, Test: 0.9410
Run: 06, Epoch: 99, Loss: 0.0000, lr: 0.000020, Train: 0.9998, Valid: 0.9715, Test: 0.9410
Run: 06, Epoch: 100, Loss: 0.0000, lr: 0.000020, Train: 0.9999, Valid: 0.9715, Test: 0.9411
Run 06:
Highest Train: 1.00
Highest Valid: 0.98
  Final Train: 0.99
   Final Test: 0.94
Run: 07, Epoch: 01, Loss: 0.0508, lr: 0.001000, Train: -0.1343, Valid: 0.2725, Test: -0.1117
Run: 07, Epoch: 02, Loss: 0.0244, lr: 0.001000, Train: 0.0003, Valid: 0.4101, Test: 0.0416
Run: 07, Epoch: 03, Loss: 0.0160, lr: 0.001000, Train: 0.1624, Valid: 0.5060, Test: 0.1547
Run: 07, Epoch: 04, Loss: 0.0088, lr: 0.001000, Train: 0.1339, Valid: 0.4872, Test: 0.1327
Run: 07, Epoch: 05, Loss: 0.0066, lr: 0.001000, Train: 0.2472, Valid: 0.5551, Test: 0.2116
Run: 07, Epoch: 06, Loss: 0.0044, lr: 0.001000, Train: 0.6703, Valid: 0.7645, Test: 0.6095
Run: 07, Epoch: 07, Loss: 0.0030, lr: 0.001000, Train: 0.8822, Valid: 0.8516, Test: 0.8643
Run: 07, Epoch: 08, Loss: 0.0027, lr: 0.001000, Train: 0.8713, Valid: 0.8168, Test: 0.9082
Run: 07, Epoch: 09, Loss: 0.0022, lr: 0.001000, Train: 0.8394, Valid: 0.7795, Test: 0.9149
Run: 07, Epoch: 10, Loss: 0.0018, lr: 0.001000, Train: 0.8588, Valid: 0.7966, Test: 0.8964
Run: 07, Epoch: 11, Loss: 0.0017, lr: 0.001000, Train: 0.8953, Valid: 0.8390, Test: 0.8730
Run: 07, Epoch: 12, Loss: 0.0015, lr: 0.001000, Train: 0.9160, Valid: 0.8631, Test: 0.8879
Run: 07, Epoch: 13, Loss: 0.0014, lr: 0.001000, Train: 0.9024, Valid: 0.8495, Test: 0.9165
Run: 07, Epoch: 14, Loss: 0.0013, lr: 0.001000, Train: 0.8205, Valid: 0.7884, Test: 0.8916
Run: 07, Epoch: 15, Loss: 0.0012, lr: 0.001000, Train: 0.6987, Valid: 0.7055, Test: 0.8394
Run: 07, Epoch: 16, Loss: 0.0010, lr: 0.001000, Train: 0.6286, Valid: 0.6644, Test: 0.8134
Run: 07, Epoch: 17, Loss: 0.0009, lr: 0.001000, Train: 0.6669, Valid: 0.7005, Test: 0.8362
Run: 07, Epoch: 18, Loss: 0.0008, lr: 0.001000, Train: 0.7716, Valid: 0.7828, Test: 0.8840
Run: 07, Epoch: 19, Loss: 0.0007, lr: 0.000700, Train: 0.8516, Valid: 0.8479, Test: 0.9146
Run: 07, Epoch: 20, Loss: 0.0006, lr: 0.000700, Train: 0.8982, Valid: 0.8887, Test: 0.9265
Run: 07, Epoch: 21, Loss: 0.0005, lr: 0.000700, Train: 0.9196, Valid: 0.9082, Test: 0.9283
Run: 07, Epoch: 22, Loss: 0.0005, lr: 0.000700, Train: 0.9273, Valid: 0.9136, Test: 0.9274
Run: 07, Epoch: 23, Loss: 0.0005, lr: 0.000700, Train: 0.9289, Valid: 0.9120, Test: 0.9257
Run: 07, Epoch: 24, Loss: 0.0005, lr: 0.000700, Train: 0.9297, Valid: 0.9090, Test: 0.9255
Run: 07, Epoch: 25, Loss: 0.0004, lr: 0.000700, Train: 0.9324, Valid: 0.9079, Test: 0.9278
Run: 07, Epoch: 26, Loss: 0.0004, lr: 0.000700, Train: 0.9360, Valid: 0.9089, Test: 0.9304
Run: 07, Epoch: 27, Loss: 0.0003, lr: 0.000700, Train: 0.9387, Valid: 0.9106, Test: 0.9315
Run: 07, Epoch: 28, Loss: 0.0003, lr: 0.000700, Train: 0.9416, Valid: 0.9124, Test: 0.9319
Run: 07, Epoch: 29, Loss: 0.0003, lr: 0.000490, Train: 0.9485, Valid: 0.9159, Test: 0.9329
Run: 07, Epoch: 30, Loss: 0.0003, lr: 0.000490, Train: 0.9564, Valid: 0.9195, Test: 0.9337
Run: 07, Epoch: 31, Loss: 0.0003, lr: 0.000490, Train: 0.9649, Valid: 0.9231, Test: 0.9340
Run: 07, Epoch: 32, Loss: 0.0002, lr: 0.000490, Train: 0.9728, Valid: 0.9269, Test: 0.9334
Run: 07, Epoch: 33, Loss: 0.0002, lr: 0.000490, Train: 0.9793, Valid: 0.9305, Test: 0.9321
Run: 07, Epoch: 34, Loss: 0.0002, lr: 0.000490, Train: 0.9839, Valid: 0.9333, Test: 0.9305
Run: 07, Epoch: 35, Loss: 0.0002, lr: 0.000490, Train: 0.9869, Valid: 0.9352, Test: 0.9293
Run: 07, Epoch: 36, Loss: 0.0002, lr: 0.000490, Train: 0.9887, Valid: 0.9360, Test: 0.9291
Run: 07, Epoch: 37, Loss: 0.0002, lr: 0.000490, Train: 0.9896, Valid: 0.9354, Test: 0.9304
Run: 07, Epoch: 38, Loss: 0.0002, lr: 0.000490, Train: 0.9899, Valid: 0.9335, Test: 0.9330
Run: 07, Epoch: 39, Loss: 0.0002, lr: 0.000490, Train: 0.9897, Valid: 0.9310, Test: 0.9358
Run: 07, Epoch: 40, Loss: 0.0002, lr: 0.000490, Train: 0.9896, Valid: 0.9291, Test: 0.9378
Run: 07, Epoch: 41, Loss: 0.0002, lr: 0.000490, Train: 0.9901, Valid: 0.9288, Test: 0.9383
Run: 07, Epoch: 42, Loss: 0.0001, lr: 0.000490, Train: 0.9916, Valid: 0.9301, Test: 0.9372
Run: 07, Epoch: 43, Loss: 0.0001, lr: 0.000343, Train: 0.9931, Valid: 0.9314, Test: 0.9354
Run: 07, Epoch: 44, Loss: 0.0001, lr: 0.000343, Train: 0.9945, Valid: 0.9327, Test: 0.9330
Run: 07, Epoch: 45, Loss: 0.0001, lr: 0.000343, Train: 0.9953, Valid: 0.9333, Test: 0.9307
Run: 07, Epoch: 46, Loss: 0.0001, lr: 0.000343, Train: 0.9958, Valid: 0.9332, Test: 0.9289
Run: 07, Epoch: 47, Loss: 0.0001, lr: 0.000343, Train: 0.9961, Valid: 0.9324, Test: 0.9281
Run: 07, Epoch: 48, Loss: 0.0001, lr: 0.000343, Train: 0.9962, Valid: 0.9312, Test: 0.9286
Run: 07, Epoch: 49, Loss: 0.0001, lr: 0.000240, Train: 0.9963, Valid: 0.9302, Test: 0.9294
Run: 07, Epoch: 50, Loss: 0.0001, lr: 0.000240, Train: 0.9964, Valid: 0.9292, Test: 0.9305
Run: 07, Epoch: 51, Loss: 0.0001, lr: 0.000240, Train: 0.9964, Valid: 0.9286, Test: 0.9315
Run: 07, Epoch: 52, Loss: 0.0001, lr: 0.000240, Train: 0.9963, Valid: 0.9283, Test: 0.9322
Run: 07, Epoch: 53, Loss: 0.0001, lr: 0.000240, Train: 0.9963, Valid: 0.9284, Test: 0.9325
Run: 07, Epoch: 54, Loss: 0.0001, lr: 0.000240, Train: 0.9964, Valid: 0.9288, Test: 0.9323
Run: 07, Epoch: 55, Loss: 0.0001, lr: 0.000168, Train: 0.9966, Valid: 0.9292, Test: 0.9319
Run: 07, Epoch: 56, Loss: 0.0001, lr: 0.000168, Train: 0.9968, Valid: 0.9295, Test: 0.9312
Run: 07, Epoch: 57, Loss: 0.0001, lr: 0.000168, Train: 0.9970, Valid: 0.9298, Test: 0.9306
Run: 07, Epoch: 58, Loss: 0.0001, lr: 0.000168, Train: 0.9972, Valid: 0.9300, Test: 0.9299
Run: 07, Epoch: 59, Loss: 0.0001, lr: 0.000168, Train: 0.9973, Valid: 0.9299, Test: 0.9294
Run: 07, Epoch: 60, Loss: 0.0001, lr: 0.000168, Train: 0.9975, Valid: 0.9298, Test: 0.9291
Run: 07, Epoch: 61, Loss: 0.0001, lr: 0.000118, Train: 0.9976, Valid: 0.9295, Test: 0.9290
Run: 07, Epoch: 62, Loss: 0.0001, lr: 0.000118, Train: 0.9977, Valid: 0.9293, Test: 0.9289
Run: 07, Epoch: 63, Loss: 0.0001, lr: 0.000118, Train: 0.9978, Valid: 0.9290, Test: 0.9290
Run: 07, Epoch: 64, Loss: 0.0001, lr: 0.000118, Train: 0.9978, Valid: 0.9288, Test: 0.9291
Run: 07, Epoch: 65, Loss: 0.0001, lr: 0.000118, Train: 0.9979, Valid: 0.9286, Test: 0.9292
Run: 07, Epoch: 66, Loss: 0.0001, lr: 0.000118, Train: 0.9979, Valid: 0.9285, Test: 0.9293
Run: 07, Epoch: 67, Loss: 0.0001, lr: 0.000082, Train: 0.9980, Valid: 0.9285, Test: 0.9294
Run: 07, Epoch: 68, Loss: 0.0001, lr: 0.000082, Train: 0.9980, Valid: 0.9286, Test: 0.9294
Run: 07, Epoch: 69, Loss: 0.0001, lr: 0.000082, Train: 0.9980, Valid: 0.9287, Test: 0.9293
Run: 07, Epoch: 70, Loss: 0.0001, lr: 0.000082, Train: 0.9980, Valid: 0.9288, Test: 0.9293
Run: 07, Epoch: 71, Loss: 0.0001, lr: 0.000082, Train: 0.9981, Valid: 0.9290, Test: 0.9292
Run: 07, Epoch: 72, Loss: 0.0001, lr: 0.000082, Train: 0.9981, Valid: 0.9291, Test: 0.9292
Run: 07, Epoch: 73, Loss: 0.0001, lr: 0.000058, Train: 0.9981, Valid: 0.9292, Test: 0.9291
Run: 07, Epoch: 74, Loss: 0.0001, lr: 0.000058, Train: 0.9981, Valid: 0.9293, Test: 0.9290
Run: 07, Epoch: 75, Loss: 0.0001, lr: 0.000058, Train: 0.9981, Valid: 0.9294, Test: 0.9290
Run: 07, Epoch: 76, Loss: 0.0001, lr: 0.000058, Train: 0.9982, Valid: 0.9294, Test: 0.9290
Run: 07, Epoch: 77, Loss: 0.0001, lr: 0.000058, Train: 0.9982, Valid: 0.9294, Test: 0.9290
Run: 07, Epoch: 78, Loss: 0.0001, lr: 0.000058, Train: 0.9982, Valid: 0.9294, Test: 0.9290
Run: 07, Epoch: 79, Loss: 0.0001, lr: 0.000040, Train: 0.9982, Valid: 0.9294, Test: 0.9290
Run: 07, Epoch: 80, Loss: 0.0001, lr: 0.000040, Train: 0.9982, Valid: 0.9294, Test: 0.9290
Run: 07, Epoch: 81, Loss: 0.0001, lr: 0.000040, Train: 0.9982, Valid: 0.9294, Test: 0.9290
Run: 07, Epoch: 82, Loss: 0.0001, lr: 0.000040, Train: 0.9982, Valid: 0.9293, Test: 0.9290
Run: 07, Epoch: 83, Loss: 0.0001, lr: 0.000040, Train: 0.9983, Valid: 0.9293, Test: 0.9290
Run: 07, Epoch: 84, Loss: 0.0001, lr: 0.000040, Train: 0.9983, Valid: 0.9292, Test: 0.9290
Run: 07, Epoch: 85, Loss: 0.0001, lr: 0.000028, Train: 0.9983, Valid: 0.9292, Test: 0.9289
Run: 07, Epoch: 86, Loss: 0.0001, lr: 0.000028, Train: 0.9983, Valid: 0.9292, Test: 0.9289
Run: 07, Epoch: 87, Loss: 0.0001, lr: 0.000028, Train: 0.9983, Valid: 0.9291, Test: 0.9289
Run: 07, Epoch: 88, Loss: 0.0001, lr: 0.000028, Train: 0.9983, Valid: 0.9291, Test: 0.9289
Run: 07, Epoch: 89, Loss: 0.0001, lr: 0.000028, Train: 0.9983, Valid: 0.9291, Test: 0.9289
Run: 07, Epoch: 90, Loss: 0.0001, lr: 0.000028, Train: 0.9983, Valid: 0.9290, Test: 0.9289
Run: 07, Epoch: 91, Loss: 0.0001, lr: 0.000020, Train: 0.9983, Valid: 0.9290, Test: 0.9288
Run: 07, Epoch: 92, Loss: 0.0001, lr: 0.000020, Train: 0.9983, Valid: 0.9290, Test: 0.9288
Run: 07, Epoch: 93, Loss: 0.0001, lr: 0.000020, Train: 0.9983, Valid: 0.9290, Test: 0.9288
Run: 07, Epoch: 94, Loss: 0.0001, lr: 0.000020, Train: 0.9983, Valid: 0.9290, Test: 0.9288
Run: 07, Epoch: 95, Loss: 0.0001, lr: 0.000020, Train: 0.9983, Valid: 0.9290, Test: 0.9288
Run: 07, Epoch: 96, Loss: 0.0001, lr: 0.000020, Train: 0.9984, Valid: 0.9290, Test: 0.9288
Run: 07, Epoch: 97, Loss: 0.0001, lr: 0.000014, Train: 0.9984, Valid: 0.9290, Test: 0.9288
Run: 07, Epoch: 98, Loss: 0.0001, lr: 0.000014, Train: 0.9984, Valid: 0.9290, Test: 0.9288
Run: 07, Epoch: 99, Loss: 0.0001, lr: 0.000014, Train: 0.9984, Valid: 0.9290, Test: 0.9288
Run: 07, Epoch: 100, Loss: 0.0001, lr: 0.000014, Train: 0.9984, Valid: 0.9291, Test: 0.9288
Run 07:
Highest Train: 1.00
Highest Valid: 0.94
  Final Train: 0.99
   Final Test: 0.93
Run: 08, Epoch: 01, Loss: 0.0229, lr: 0.001000, Train: 0.3600, Valid: 0.4665, Test: 0.2793
Run: 08, Epoch: 02, Loss: 0.0266, lr: 0.001000, Train: 0.6951, Valid: 0.6518, Test: 0.6567
Run: 08, Epoch: 03, Loss: 0.0131, lr: 0.001000, Train: 0.7577, Valid: 0.6714, Test: 0.7269
Run: 08, Epoch: 04, Loss: 0.0078, lr: 0.001000, Train: 0.6854, Valid: 0.6138, Test: 0.6625
Run: 08, Epoch: 05, Loss: 0.0032, lr: 0.001000, Train: 0.6854, Valid: 0.6384, Test: 0.6399
Run: 08, Epoch: 06, Loss: 0.0038, lr: 0.001000, Train: 0.8038, Valid: 0.7655, Test: 0.7353
Run: 08, Epoch: 07, Loss: 0.0029, lr: 0.001000, Train: 0.8541, Valid: 0.8093, Test: 0.7701
Run: 08, Epoch: 08, Loss: 0.0018, lr: 0.001000, Train: 0.8072, Valid: 0.7598, Test: 0.7095
Run: 08, Epoch: 09, Loss: 0.0021, lr: 0.001000, Train: 0.8381, Valid: 0.7980, Test: 0.7415
Run: 08, Epoch: 10, Loss: 0.0017, lr: 0.001000, Train: 0.8994, Valid: 0.8720, Test: 0.8157
Run: 08, Epoch: 11, Loss: 0.0014, lr: 0.001000, Train: 0.9065, Valid: 0.8863, Test: 0.8328
Run: 08, Epoch: 12, Loss: 0.0015, lr: 0.001000, Train: 0.9061, Valid: 0.8904, Test: 0.8372
Run: 08, Epoch: 13, Loss: 0.0013, lr: 0.001000, Train: 0.9274, Valid: 0.9091, Test: 0.8599
Run: 08, Epoch: 14, Loss: 0.0009, lr: 0.001000, Train: 0.9413, Valid: 0.9177, Test: 0.8730
Run: 08, Epoch: 15, Loss: 0.0008, lr: 0.001000, Train: 0.9413, Valid: 0.9158, Test: 0.8698
Run: 08, Epoch: 16, Loss: 0.0008, lr: 0.001000, Train: 0.9389, Valid: 0.9196, Test: 0.8644
Run: 08, Epoch: 17, Loss: 0.0008, lr: 0.001000, Train: 0.9352, Valid: 0.9264, Test: 0.8592
Run: 08, Epoch: 18, Loss: 0.0007, lr: 0.001000, Train: 0.9358, Valid: 0.9352, Test: 0.8626
Run: 08, Epoch: 19, Loss: 0.0006, lr: 0.001000, Train: 0.9374, Valid: 0.9370, Test: 0.8658
Run: 08, Epoch: 20, Loss: 0.0005, lr: 0.001000, Train: 0.9298, Valid: 0.9230, Test: 0.8571
Run: 08, Epoch: 21, Loss: 0.0005, lr: 0.001000, Train: 0.9123, Valid: 0.8946, Test: 0.8362
Run: 08, Epoch: 22, Loss: 0.0005, lr: 0.001000, Train: 0.8999, Valid: 0.8703, Test: 0.8196
Run: 08, Epoch: 23, Loss: 0.0005, lr: 0.001000, Train: 0.9063, Valid: 0.8700, Test: 0.8220
Run: 08, Epoch: 24, Loss: 0.0005, lr: 0.001000, Train: 0.9229, Valid: 0.8888, Test: 0.8389
Run: 08, Epoch: 25, Loss: 0.0004, lr: 0.001000, Train: 0.9415, Valid: 0.9150, Test: 0.8646
Run: 08, Epoch: 26, Loss: 0.0003, lr: 0.000700, Train: 0.9573, Valid: 0.9345, Test: 0.8878
Run: 08, Epoch: 27, Loss: 0.0003, lr: 0.000700, Train: 0.9677, Valid: 0.9467, Test: 0.9039
Run: 08, Epoch: 28, Loss: 0.0003, lr: 0.000700, Train: 0.9726, Valid: 0.9514, Test: 0.9115
Run: 08, Epoch: 29, Loss: 0.0003, lr: 0.000700, Train: 0.9740, Valid: 0.9508, Test: 0.9139
Run: 08, Epoch: 30, Loss: 0.0003, lr: 0.000700, Train: 0.9743, Valid: 0.9485, Test: 0.9145
Run: 08, Epoch: 31, Loss: 0.0003, lr: 0.000700, Train: 0.9751, Valid: 0.9470, Test: 0.9160
Run: 08, Epoch: 32, Loss: 0.0002, lr: 0.000700, Train: 0.9765, Valid: 0.9477, Test: 0.9195
Run: 08, Epoch: 33, Loss: 0.0002, lr: 0.000700, Train: 0.9780, Valid: 0.9498, Test: 0.9243
Run: 08, Epoch: 34, Loss: 0.0002, lr: 0.000700, Train: 0.9797, Valid: 0.9526, Test: 0.9304
Run: 08, Epoch: 35, Loss: 0.0002, lr: 0.000700, Train: 0.9818, Valid: 0.9549, Test: 0.9367
Run: 08, Epoch: 36, Loss: 0.0002, lr: 0.000700, Train: 0.9842, Valid: 0.9557, Test: 0.9412
Run: 08, Epoch: 37, Loss: 0.0002, lr: 0.000700, Train: 0.9860, Valid: 0.9548, Test: 0.9429
Run: 08, Epoch: 38, Loss: 0.0002, lr: 0.000700, Train: 0.9872, Valid: 0.9526, Test: 0.9423
Run: 08, Epoch: 39, Loss: 0.0001, lr: 0.000700, Train: 0.9883, Valid: 0.9512, Test: 0.9413
Run: 08, Epoch: 40, Loss: 0.0001, lr: 0.000700, Train: 0.9897, Valid: 0.9519, Test: 0.9419
Run: 08, Epoch: 41, Loss: 0.0001, lr: 0.000700, Train: 0.9910, Valid: 0.9545, Test: 0.9438
Run: 08, Epoch: 42, Loss: 0.0001, lr: 0.000700, Train: 0.9916, Valid: 0.9576, Test: 0.9461
Run: 08, Epoch: 43, Loss: 0.0001, lr: 0.000700, Train: 0.9919, Valid: 0.9600, Test: 0.9482
Run: 08, Epoch: 44, Loss: 0.0001, lr: 0.000700, Train: 0.9920, Valid: 0.9612, Test: 0.9493
Run: 08, Epoch: 45, Loss: 0.0001, lr: 0.000700, Train: 0.9919, Valid: 0.9606, Test: 0.9490
Run: 08, Epoch: 46, Loss: 0.0001, lr: 0.000700, Train: 0.9917, Valid: 0.9586, Test: 0.9475
Run: 08, Epoch: 47, Loss: 0.0001, lr: 0.000700, Train: 0.9917, Valid: 0.9566, Test: 0.9460
Run: 08, Epoch: 48, Loss: 0.0001, lr: 0.000700, Train: 0.9924, Valid: 0.9563, Test: 0.9458
Run: 08, Epoch: 49, Loss: 0.0001, lr: 0.000700, Train: 0.9934, Valid: 0.9576, Test: 0.9468
Run: 08, Epoch: 50, Loss: 0.0001, lr: 0.000700, Train: 0.9942, Valid: 0.9596, Test: 0.9483
Run: 08, Epoch: 51, Loss: 0.0001, lr: 0.000490, Train: 0.9950, Valid: 0.9611, Test: 0.9494
Run: 08, Epoch: 52, Loss: 0.0001, lr: 0.000490, Train: 0.9957, Valid: 0.9621, Test: 0.9501
Run: 08, Epoch: 53, Loss: 0.0001, lr: 0.000490, Train: 0.9961, Valid: 0.9623, Test: 0.9500
Run: 08, Epoch: 54, Loss: 0.0001, lr: 0.000490, Train: 0.9964, Valid: 0.9617, Test: 0.9493
Run: 08, Epoch: 55, Loss: 0.0001, lr: 0.000490, Train: 0.9966, Valid: 0.9610, Test: 0.9486
Run: 08, Epoch: 56, Loss: 0.0001, lr: 0.000490, Train: 0.9968, Valid: 0.9605, Test: 0.9483
Run: 08, Epoch: 57, Loss: 0.0000, lr: 0.000490, Train: 0.9970, Valid: 0.9605, Test: 0.9486
Run: 08, Epoch: 58, Loss: 0.0000, lr: 0.000490, Train: 0.9971, Valid: 0.9609, Test: 0.9492
Run: 08, Epoch: 59, Loss: 0.0000, lr: 0.000490, Train: 0.9973, Valid: 0.9615, Test: 0.9500
Run: 08, Epoch: 60, Loss: 0.0000, lr: 0.000343, Train: 0.9975, Valid: 0.9619, Test: 0.9506
Run: 08, Epoch: 61, Loss: 0.0000, lr: 0.000343, Train: 0.9977, Valid: 0.9622, Test: 0.9510
Run: 08, Epoch: 62, Loss: 0.0000, lr: 0.000343, Train: 0.9979, Valid: 0.9623, Test: 0.9512
Run: 08, Epoch: 63, Loss: 0.0000, lr: 0.000343, Train: 0.9981, Valid: 0.9622, Test: 0.9512
Run: 08, Epoch: 64, Loss: 0.0000, lr: 0.000343, Train: 0.9983, Valid: 0.9620, Test: 0.9510
Run: 08, Epoch: 65, Loss: 0.0000, lr: 0.000343, Train: 0.9985, Valid: 0.9617, Test: 0.9508
Run: 08, Epoch: 66, Loss: 0.0000, lr: 0.000240, Train: 0.9986, Valid: 0.9616, Test: 0.9507
Run: 08, Epoch: 67, Loss: 0.0000, lr: 0.000240, Train: 0.9987, Valid: 0.9616, Test: 0.9508
Run: 08, Epoch: 68, Loss: 0.0000, lr: 0.000240, Train: 0.9988, Valid: 0.9616, Test: 0.9508
Run: 08, Epoch: 69, Loss: 0.0000, lr: 0.000240, Train: 0.9989, Valid: 0.9617, Test: 0.9508
Run: 08, Epoch: 70, Loss: 0.0000, lr: 0.000240, Train: 0.9989, Valid: 0.9618, Test: 0.9508
Run: 08, Epoch: 71, Loss: 0.0000, lr: 0.000240, Train: 0.9990, Valid: 0.9618, Test: 0.9507
Run: 08, Epoch: 72, Loss: 0.0000, lr: 0.000168, Train: 0.9990, Valid: 0.9618, Test: 0.9506
Run: 08, Epoch: 73, Loss: 0.0000, lr: 0.000168, Train: 0.9990, Valid: 0.9618, Test: 0.9505
Run: 08, Epoch: 74, Loss: 0.0000, lr: 0.000168, Train: 0.9991, Valid: 0.9617, Test: 0.9504
Run: 08, Epoch: 75, Loss: 0.0000, lr: 0.000168, Train: 0.9991, Valid: 0.9616, Test: 0.9502
Run: 08, Epoch: 76, Loss: 0.0000, lr: 0.000168, Train: 0.9991, Valid: 0.9615, Test: 0.9500
Run: 08, Epoch: 77, Loss: 0.0000, lr: 0.000168, Train: 0.9991, Valid: 0.9613, Test: 0.9499
Run: 08, Epoch: 78, Loss: 0.0000, lr: 0.000118, Train: 0.9992, Valid: 0.9612, Test: 0.9498
Run: 08, Epoch: 79, Loss: 0.0000, lr: 0.000118, Train: 0.9992, Valid: 0.9612, Test: 0.9497
Run: 08, Epoch: 80, Loss: 0.0000, lr: 0.000118, Train: 0.9992, Valid: 0.9611, Test: 0.9497
Run: 08, Epoch: 81, Loss: 0.0000, lr: 0.000118, Train: 0.9992, Valid: 0.9611, Test: 0.9497
Run: 08, Epoch: 82, Loss: 0.0000, lr: 0.000118, Train: 0.9992, Valid: 0.9611, Test: 0.9497
Run: 08, Epoch: 83, Loss: 0.0000, lr: 0.000118, Train: 0.9992, Valid: 0.9611, Test: 0.9497
Run: 08, Epoch: 84, Loss: 0.0000, lr: 0.000082, Train: 0.9992, Valid: 0.9611, Test: 0.9497
Run: 08, Epoch: 85, Loss: 0.0000, lr: 0.000082, Train: 0.9992, Valid: 0.9611, Test: 0.9497
Run: 08, Epoch: 86, Loss: 0.0000, lr: 0.000082, Train: 0.9992, Valid: 0.9610, Test: 0.9497
Run: 08, Epoch: 87, Loss: 0.0000, lr: 0.000082, Train: 0.9992, Valid: 0.9610, Test: 0.9496
Run: 08, Epoch: 88, Loss: 0.0000, lr: 0.000082, Train: 0.9992, Valid: 0.9610, Test: 0.9496
Run: 08, Epoch: 89, Loss: 0.0000, lr: 0.000082, Train: 0.9993, Valid: 0.9609, Test: 0.9496
Run: 08, Epoch: 90, Loss: 0.0000, lr: 0.000058, Train: 0.9993, Valid: 0.9609, Test: 0.9495
Run: 08, Epoch: 91, Loss: 0.0000, lr: 0.000058, Train: 0.9993, Valid: 0.9609, Test: 0.9495
Run: 08, Epoch: 92, Loss: 0.0000, lr: 0.000058, Train: 0.9993, Valid: 0.9608, Test: 0.9494
Run: 08, Epoch: 93, Loss: 0.0000, lr: 0.000058, Train: 0.9993, Valid: 0.9608, Test: 0.9494
Run: 08, Epoch: 94, Loss: 0.0000, lr: 0.000058, Train: 0.9993, Valid: 0.9608, Test: 0.9494
Run: 08, Epoch: 95, Loss: 0.0000, lr: 0.000058, Train: 0.9993, Valid: 0.9607, Test: 0.9494
Run: 08, Epoch: 96, Loss: 0.0000, lr: 0.000040, Train: 0.9993, Valid: 0.9607, Test: 0.9493
Run: 08, Epoch: 97, Loss: 0.0000, lr: 0.000040, Train: 0.9993, Valid: 0.9607, Test: 0.9493
Run: 08, Epoch: 98, Loss: 0.0000, lr: 0.000040, Train: 0.9993, Valid: 0.9607, Test: 0.9493
Run: 08, Epoch: 99, Loss: 0.0000, lr: 0.000040, Train: 0.9993, Valid: 0.9607, Test: 0.9493
Run: 08, Epoch: 100, Loss: 0.0000, lr: 0.000040, Train: 0.9993, Valid: 0.9606, Test: 0.9493
Run 08:
Highest Train: 1.00
Highest Valid: 0.96
  Final Train: 1.00
   Final Test: 0.95
Run: 09, Epoch: 01, Loss: 0.0603, lr: 0.001000, Train: -0.0368, Valid: 0.6298, Test: -0.5962
Run: 09, Epoch: 02, Loss: 0.0246, lr: 0.001000, Train: 0.2579, Valid: 0.7233, Test: -0.2862
Run: 09, Epoch: 03, Loss: 0.0119, lr: 0.001000, Train: 0.5448, Valid: 0.7998, Test: 0.1764
Run: 09, Epoch: 04, Loss: 0.0069, lr: 0.001000, Train: 0.6697, Valid: 0.8331, Test: 0.3971
Run: 09, Epoch: 05, Loss: 0.0055, lr: 0.001000, Train: 0.6028, Valid: 0.7711, Test: 0.3734
Run: 09, Epoch: 06, Loss: 0.0029, lr: 0.001000, Train: 0.5911, Valid: 0.7484, Test: 0.4016
Run: 09, Epoch: 07, Loss: 0.0030, lr: 0.001000, Train: 0.7563, Valid: 0.8490, Test: 0.6109
Run: 09, Epoch: 08, Loss: 0.0026, lr: 0.001000, Train: 0.8647, Valid: 0.9024, Test: 0.7590
Run: 09, Epoch: 09, Loss: 0.0019, lr: 0.001000, Train: 0.9050, Valid: 0.9033, Test: 0.8084
Run: 09, Epoch: 10, Loss: 0.0016, lr: 0.001000, Train: 0.9049, Valid: 0.8917, Test: 0.8127
Run: 09, Epoch: 11, Loss: 0.0019, lr: 0.001000, Train: 0.9188, Valid: 0.8879, Test: 0.8240
Run: 09, Epoch: 12, Loss: 0.0015, lr: 0.001000, Train: 0.9328, Valid: 0.8931, Test: 0.8410
Run: 09, Epoch: 13, Loss: 0.0011, lr: 0.001000, Train: 0.9346, Valid: 0.9070, Test: 0.8600
Run: 09, Epoch: 14, Loss: 0.0011, lr: 0.001000, Train: 0.9413, Valid: 0.9196, Test: 0.8781
Run: 09, Epoch: 15, Loss: 0.0011, lr: 0.001000, Train: 0.9484, Valid: 0.9251, Test: 0.8902
Run: 09, Epoch: 16, Loss: 0.0010, lr: 0.001000, Train: 0.9526, Valid: 0.9282, Test: 0.8923
Run: 09, Epoch: 17, Loss: 0.0009, lr: 0.001000, Train: 0.9504, Valid: 0.9245, Test: 0.8768
Run: 09, Epoch: 18, Loss: 0.0008, lr: 0.001000, Train: 0.9358, Valid: 0.9132, Test: 0.8519
Run: 09, Epoch: 19, Loss: 0.0007, lr: 0.001000, Train: 0.9334, Valid: 0.9094, Test: 0.8481
Run: 09, Epoch: 20, Loss: 0.0006, lr: 0.001000, Train: 0.9440, Valid: 0.9132, Test: 0.8582
Run: 09, Epoch: 21, Loss: 0.0006, lr: 0.001000, Train: 0.9509, Valid: 0.9122, Test: 0.8616
Run: 09, Epoch: 22, Loss: 0.0006, lr: 0.001000, Train: 0.9498, Valid: 0.9068, Test: 0.8540
Run: 09, Epoch: 23, Loss: 0.0005, lr: 0.000700, Train: 0.9492, Valid: 0.9070, Test: 0.8528
Run: 09, Epoch: 24, Loss: 0.0005, lr: 0.000700, Train: 0.9467, Valid: 0.9100, Test: 0.8537
Run: 09, Epoch: 25, Loss: 0.0004, lr: 0.000700, Train: 0.9479, Valid: 0.9188, Test: 0.8631
Run: 09, Epoch: 26, Loss: 0.0004, lr: 0.000700, Train: 0.9545, Valid: 0.9294, Test: 0.8747
Run: 09, Epoch: 27, Loss: 0.0004, lr: 0.000700, Train: 0.9605, Valid: 0.9354, Test: 0.8823
Run: 09, Epoch: 28, Loss: 0.0004, lr: 0.000700, Train: 0.9616, Valid: 0.9341, Test: 0.8826
Run: 09, Epoch: 29, Loss: 0.0003, lr: 0.000700, Train: 0.9587, Valid: 0.9269, Test: 0.8782
Run: 09, Epoch: 30, Loss: 0.0003, lr: 0.000700, Train: 0.9574, Valid: 0.9236, Test: 0.8788
Run: 09, Epoch: 31, Loss: 0.0003, lr: 0.000700, Train: 0.9629, Valid: 0.9303, Test: 0.8898
Run: 09, Epoch: 32, Loss: 0.0003, lr: 0.000700, Train: 0.9722, Valid: 0.9409, Test: 0.9033
Run: 09, Epoch: 33, Loss: 0.0003, lr: 0.000700, Train: 0.9786, Valid: 0.9470, Test: 0.9105
Run: 09, Epoch: 34, Loss: 0.0002, lr: 0.000700, Train: 0.9806, Valid: 0.9480, Test: 0.9113
Run: 09, Epoch: 35, Loss: 0.0002, lr: 0.000700, Train: 0.9803, Valid: 0.9461, Test: 0.9101
Run: 09, Epoch: 36, Loss: 0.0002, lr: 0.000700, Train: 0.9808, Valid: 0.9467, Test: 0.9121
Run: 09, Epoch: 37, Loss: 0.0002, lr: 0.000700, Train: 0.9845, Valid: 0.9527, Test: 0.9199
Run: 09, Epoch: 38, Loss: 0.0002, lr: 0.000700, Train: 0.9882, Valid: 0.9592, Test: 0.9279
Run: 09, Epoch: 39, Loss: 0.0002, lr: 0.000700, Train: 0.9893, Valid: 0.9615, Test: 0.9310
Run: 09, Epoch: 40, Loss: 0.0002, lr: 0.000700, Train: 0.9883, Valid: 0.9595, Test: 0.9288
Run: 09, Epoch: 41, Loss: 0.0002, lr: 0.000700, Train: 0.9862, Valid: 0.9553, Test: 0.9243
Run: 09, Epoch: 42, Loss: 0.0001, lr: 0.000700, Train: 0.9860, Valid: 0.9537, Test: 0.9233
Run: 09, Epoch: 43, Loss: 0.0001, lr: 0.000700, Train: 0.9889, Valid: 0.9566, Test: 0.9279
Run: 09, Epoch: 44, Loss: 0.0001, lr: 0.000700, Train: 0.9918, Valid: 0.9599, Test: 0.9332
Run: 09, Epoch: 45, Loss: 0.0001, lr: 0.000700, Train: 0.9933, Valid: 0.9610, Test: 0.9363
Run: 09, Epoch: 46, Loss: 0.0001, lr: 0.000490, Train: 0.9937, Valid: 0.9608, Test: 0.9372
Run: 09, Epoch: 47, Loss: 0.0001, lr: 0.000490, Train: 0.9941, Valid: 0.9604, Test: 0.9372
Run: 09, Epoch: 48, Loss: 0.0001, lr: 0.000490, Train: 0.9949, Valid: 0.9608, Test: 0.9373
Run: 09, Epoch: 49, Loss: 0.0001, lr: 0.000490, Train: 0.9958, Valid: 0.9617, Test: 0.9375
Run: 09, Epoch: 50, Loss: 0.0001, lr: 0.000490, Train: 0.9964, Valid: 0.9622, Test: 0.9373
Run: 09, Epoch: 51, Loss: 0.0001, lr: 0.000490, Train: 0.9965, Valid: 0.9620, Test: 0.9369
Run: 09, Epoch: 52, Loss: 0.0001, lr: 0.000490, Train: 0.9963, Valid: 0.9613, Test: 0.9366
Run: 09, Epoch: 53, Loss: 0.0001, lr: 0.000490, Train: 0.9962, Valid: 0.9608, Test: 0.9368
Run: 09, Epoch: 54, Loss: 0.0001, lr: 0.000490, Train: 0.9965, Valid: 0.9610, Test: 0.9376
Run: 09, Epoch: 55, Loss: 0.0001, lr: 0.000490, Train: 0.9971, Valid: 0.9618, Test: 0.9387
Run: 09, Epoch: 56, Loss: 0.0001, lr: 0.000490, Train: 0.9974, Valid: 0.9625, Test: 0.9393
Run: 09, Epoch: 57, Loss: 0.0001, lr: 0.000490, Train: 0.9976, Valid: 0.9628, Test: 0.9393
Run: 09, Epoch: 58, Loss: 0.0001, lr: 0.000490, Train: 0.9977, Valid: 0.9628, Test: 0.9388
Run: 09, Epoch: 59, Loss: 0.0001, lr: 0.000490, Train: 0.9978, Valid: 0.9627, Test: 0.9380
Run: 09, Epoch: 60, Loss: 0.0001, lr: 0.000490, Train: 0.9980, Valid: 0.9627, Test: 0.9374
Run: 09, Epoch: 61, Loss: 0.0001, lr: 0.000490, Train: 0.9982, Valid: 0.9628, Test: 0.9370
Run: 09, Epoch: 62, Loss: 0.0001, lr: 0.000490, Train: 0.9983, Valid: 0.9629, Test: 0.9369
Run: 09, Epoch: 63, Loss: 0.0001, lr: 0.000490, Train: 0.9984, Valid: 0.9627, Test: 0.9370
Run: 09, Epoch: 64, Loss: 0.0001, lr: 0.000343, Train: 0.9984, Valid: 0.9627, Test: 0.9371
Run: 09, Epoch: 65, Loss: 0.0001, lr: 0.000343, Train: 0.9984, Valid: 0.9628, Test: 0.9371
Run: 09, Epoch: 66, Loss: 0.0001, lr: 0.000343, Train: 0.9985, Valid: 0.9629, Test: 0.9371
Run: 09, Epoch: 67, Loss: 0.0000, lr: 0.000343, Train: 0.9986, Valid: 0.9631, Test: 0.9370
Run: 09, Epoch: 68, Loss: 0.0000, lr: 0.000343, Train: 0.9986, Valid: 0.9632, Test: 0.9369
Run: 09, Epoch: 69, Loss: 0.0000, lr: 0.000343, Train: 0.9987, Valid: 0.9632, Test: 0.9367
Run: 09, Epoch: 70, Loss: 0.0000, lr: 0.000343, Train: 0.9987, Valid: 0.9631, Test: 0.9366
Run: 09, Epoch: 71, Loss: 0.0000, lr: 0.000343, Train: 0.9988, Valid: 0.9631, Test: 0.9365
Run: 09, Epoch: 72, Loss: 0.0000, lr: 0.000343, Train: 0.9988, Valid: 0.9632, Test: 0.9364
Run: 09, Epoch: 73, Loss: 0.0000, lr: 0.000343, Train: 0.9989, Valid: 0.9633, Test: 0.9362
Run: 09, Epoch: 74, Loss: 0.0000, lr: 0.000343, Train: 0.9989, Valid: 0.9633, Test: 0.9360
Run: 09, Epoch: 75, Loss: 0.0000, lr: 0.000343, Train: 0.9989, Valid: 0.9632, Test: 0.9357
Run: 09, Epoch: 76, Loss: 0.0000, lr: 0.000343, Train: 0.9989, Valid: 0.9631, Test: 0.9355
Run: 09, Epoch: 77, Loss: 0.0000, lr: 0.000343, Train: 0.9989, Valid: 0.9630, Test: 0.9353
Run: 09, Epoch: 78, Loss: 0.0000, lr: 0.000343, Train: 0.9990, Valid: 0.9630, Test: 0.9352
Run: 09, Epoch: 79, Loss: 0.0000, lr: 0.000343, Train: 0.9990, Valid: 0.9631, Test: 0.9351
Run: 09, Epoch: 80, Loss: 0.0000, lr: 0.000343, Train: 0.9990, Valid: 0.9632, Test: 0.9351
Run: 09, Epoch: 81, Loss: 0.0000, lr: 0.000240, Train: 0.9990, Valid: 0.9632, Test: 0.9352
Run: 09, Epoch: 82, Loss: 0.0000, lr: 0.000240, Train: 0.9990, Valid: 0.9632, Test: 0.9352
Run: 09, Epoch: 83, Loss: 0.0000, lr: 0.000240, Train: 0.9991, Valid: 0.9632, Test: 0.9353
Run: 09, Epoch: 84, Loss: 0.0000, lr: 0.000240, Train: 0.9991, Valid: 0.9632, Test: 0.9352
Run: 09, Epoch: 85, Loss: 0.0000, lr: 0.000240, Train: 0.9991, Valid: 0.9632, Test: 0.9351
Run: 09, Epoch: 86, Loss: 0.0000, lr: 0.000240, Train: 0.9991, Valid: 0.9632, Test: 0.9350
Run: 09, Epoch: 87, Loss: 0.0000, lr: 0.000168, Train: 0.9991, Valid: 0.9632, Test: 0.9349
Run: 09, Epoch: 88, Loss: 0.0000, lr: 0.000168, Train: 0.9991, Valid: 0.9633, Test: 0.9348
Run: 09, Epoch: 89, Loss: 0.0000, lr: 0.000168, Train: 0.9991, Valid: 0.9632, Test: 0.9348
Run: 09, Epoch: 90, Loss: 0.0000, lr: 0.000168, Train: 0.9991, Valid: 0.9632, Test: 0.9347
Run: 09, Epoch: 91, Loss: 0.0000, lr: 0.000168, Train: 0.9991, Valid: 0.9632, Test: 0.9347
Run: 09, Epoch: 92, Loss: 0.0000, lr: 0.000168, Train: 0.9992, Valid: 0.9632, Test: 0.9347
Run: 09, Epoch: 93, Loss: 0.0000, lr: 0.000118, Train: 0.9992, Valid: 0.9633, Test: 0.9348
Run: 09, Epoch: 94, Loss: 0.0000, lr: 0.000118, Train: 0.9992, Valid: 0.9633, Test: 0.9348
Run: 09, Epoch: 95, Loss: 0.0000, lr: 0.000118, Train: 0.9992, Valid: 0.9633, Test: 0.9348
Run: 09, Epoch: 96, Loss: 0.0000, lr: 0.000118, Train: 0.9992, Valid: 0.9634, Test: 0.9349
Run: 09, Epoch: 97, Loss: 0.0000, lr: 0.000118, Train: 0.9992, Valid: 0.9634, Test: 0.9349
Run: 09, Epoch: 98, Loss: 0.0000, lr: 0.000118, Train: 0.9992, Valid: 0.9635, Test: 0.9350
Run: 09, Epoch: 99, Loss: 0.0000, lr: 0.000118, Train: 0.9992, Valid: 0.9635, Test: 0.9350
Run: 09, Epoch: 100, Loss: 0.0000, lr: 0.000118, Train: 0.9992, Valid: 0.9635, Test: 0.9350
Run 09:
Highest Train: 1.00
Highest Valid: 0.96
  Final Train: 1.00
   Final Test: 0.94
Run: 10, Epoch: 01, Loss: 0.0680, lr: 0.001000, Train: 0.2415, Valid: -0.6229, Test: 0.1826
Run: 10, Epoch: 02, Loss: 0.0172, lr: 0.001000, Train: 0.2309, Valid: -0.8707, Test: 0.1926
Run: 10, Epoch: 03, Loss: 0.0115, lr: 0.001000, Train: 0.4347, Valid: -0.4315, Test: 0.4576
Run: 10, Epoch: 04, Loss: 0.0049, lr: 0.001000, Train: 0.7951, Valid: 0.4781, Test: 0.7910
Run: 10, Epoch: 05, Loss: 0.0065, lr: 0.001000, Train: 0.7322, Valid: 0.6650, Test: 0.8035
Run: 10, Epoch: 06, Loss: 0.0060, lr: 0.001000, Train: 0.5944, Valid: 0.5475, Test: 0.7001
Run: 10, Epoch: 07, Loss: 0.0050, lr: 0.001000, Train: 0.4579, Valid: 0.3224, Test: 0.5689
Run: 10, Epoch: 08, Loss: 0.0044, lr: 0.001000, Train: 0.3828, Valid: 0.1771, Test: 0.4835
Run: 10, Epoch: 09, Loss: 0.0039, lr: 0.001000, Train: 0.3883, Valid: 0.1541, Test: 0.4766
Run: 10, Epoch: 10, Loss: 0.0034, lr: 0.001000, Train: 0.4950, Valid: 0.2772, Test: 0.5670
Run: 10, Epoch: 11, Loss: 0.0025, lr: 0.001000, Train: 0.6896, Valid: 0.5285, Test: 0.7284
Run: 10, Epoch: 12, Loss: 0.0015, lr: 0.000700, Train: 0.8334, Valid: 0.7004, Test: 0.8397
Run: 10, Epoch: 13, Loss: 0.0015, lr: 0.000700, Train: 0.8840, Valid: 0.7483, Test: 0.8751
Run: 10, Epoch: 14, Loss: 0.0015, lr: 0.000700, Train: 0.8816, Valid: 0.7310, Test: 0.8684
Run: 10, Epoch: 15, Loss: 0.0012, lr: 0.000700, Train: 0.8506, Valid: 0.6892, Test: 0.8405
Run: 10, Epoch: 16, Loss: 0.0009, lr: 0.000700, Train: 0.8238, Valid: 0.6655, Test: 0.8135
Run: 10, Epoch: 17, Loss: 0.0009, lr: 0.000700, Train: 0.8265, Valid: 0.6883, Test: 0.8104
Run: 10, Epoch: 18, Loss: 0.0009, lr: 0.000700, Train: 0.8596, Valid: 0.7516, Test: 0.8352
Run: 10, Epoch: 19, Loss: 0.0008, lr: 0.000700, Train: 0.9068, Valid: 0.8192, Test: 0.8733
Run: 10, Epoch: 20, Loss: 0.0006, lr: 0.000700, Train: 0.9473, Valid: 0.8627, Test: 0.9101
Run: 10, Epoch: 21, Loss: 0.0005, lr: 0.000700, Train: 0.9642, Valid: 0.8705, Test: 0.9318
Run: 10, Epoch: 22, Loss: 0.0006, lr: 0.000700, Train: 0.9675, Valid: 0.8583, Test: 0.9382
Run: 10, Epoch: 23, Loss: 0.0006, lr: 0.000700, Train: 0.9707, Valid: 0.8472, Test: 0.9378
Run: 10, Epoch: 24, Loss: 0.0005, lr: 0.000700, Train: 0.9719, Valid: 0.8442, Test: 0.9363
Run: 10, Epoch: 25, Loss: 0.0005, lr: 0.000700, Train: 0.9695, Valid: 0.8496, Test: 0.9342
Run: 10, Epoch: 26, Loss: 0.0005, lr: 0.000700, Train: 0.9684, Valid: 0.8599, Test: 0.9328
Run: 10, Epoch: 27, Loss: 0.0004, lr: 0.000700, Train: 0.9704, Valid: 0.8693, Test: 0.9323
Run: 10, Epoch: 28, Loss: 0.0004, lr: 0.000490, Train: 0.9747, Valid: 0.8714, Test: 0.9331
Run: 10, Epoch: 29, Loss: 0.0003, lr: 0.000490, Train: 0.9796, Valid: 0.8685, Test: 0.9339
Run: 10, Epoch: 30, Loss: 0.0003, lr: 0.000490, Train: 0.9833, Valid: 0.8610, Test: 0.9340
Run: 10, Epoch: 31, Loss: 0.0003, lr: 0.000490, Train: 0.9854, Valid: 0.8505, Test: 0.9328
Run: 10, Epoch: 32, Loss: 0.0003, lr: 0.000490, Train: 0.9870, Valid: 0.8397, Test: 0.9303
Run: 10, Epoch: 33, Loss: 0.0003, lr: 0.000490, Train: 0.9886, Valid: 0.8314, Test: 0.9273
Run: 10, Epoch: 34, Loss: 0.0003, lr: 0.000490, Train: 0.9894, Valid: 0.8279, Test: 0.9248
Run: 10, Epoch: 35, Loss: 0.0002, lr: 0.000343, Train: 0.9898, Valid: 0.8288, Test: 0.9240
Run: 10, Epoch: 36, Loss: 0.0002, lr: 0.000343, Train: 0.9900, Valid: 0.8328, Test: 0.9241
Run: 10, Epoch: 37, Loss: 0.0002, lr: 0.000343, Train: 0.9906, Valid: 0.8381, Test: 0.9248
Run: 10, Epoch: 38, Loss: 0.0002, lr: 0.000343, Train: 0.9914, Valid: 0.8427, Test: 0.9257
Run: 10, Epoch: 39, Loss: 0.0002, lr: 0.000343, Train: 0.9922, Valid: 0.8458, Test: 0.9265
Run: 10, Epoch: 40, Loss: 0.0002, lr: 0.000343, Train: 0.9928, Valid: 0.8466, Test: 0.9271
Run: 10, Epoch: 41, Loss: 0.0002, lr: 0.000240, Train: 0.9932, Valid: 0.8455, Test: 0.9274
Run: 10, Epoch: 42, Loss: 0.0002, lr: 0.000240, Train: 0.9937, Valid: 0.8430, Test: 0.9274
Run: 10, Epoch: 43, Loss: 0.0002, lr: 0.000240, Train: 0.9941, Valid: 0.8396, Test: 0.9273
Run: 10, Epoch: 44, Loss: 0.0002, lr: 0.000240, Train: 0.9945, Valid: 0.8361, Test: 0.9271
Run: 10, Epoch: 45, Loss: 0.0002, lr: 0.000240, Train: 0.9949, Valid: 0.8331, Test: 0.9268
Run: 10, Epoch: 46, Loss: 0.0002, lr: 0.000240, Train: 0.9951, Valid: 0.8311, Test: 0.9266
Run: 10, Epoch: 47, Loss: 0.0001, lr: 0.000168, Train: 0.9953, Valid: 0.8306, Test: 0.9265
Run: 10, Epoch: 48, Loss: 0.0001, lr: 0.000168, Train: 0.9955, Valid: 0.8308, Test: 0.9266
Run: 10, Epoch: 49, Loss: 0.0001, lr: 0.000168, Train: 0.9957, Valid: 0.8317, Test: 0.9269
Run: 10, Epoch: 50, Loss: 0.0001, lr: 0.000168, Train: 0.9959, Valid: 0.8331, Test: 0.9272
Run: 10, Epoch: 51, Loss: 0.0001, lr: 0.000168, Train: 0.9961, Valid: 0.8344, Test: 0.9276
Run: 10, Epoch: 52, Loss: 0.0001, lr: 0.000168, Train: 0.9962, Valid: 0.8354, Test: 0.9279
Run: 10, Epoch: 53, Loss: 0.0001, lr: 0.000118, Train: 0.9964, Valid: 0.8357, Test: 0.9280
Run: 10, Epoch: 54, Loss: 0.0001, lr: 0.000118, Train: 0.9964, Valid: 0.8356, Test: 0.9281
Run: 10, Epoch: 55, Loss: 0.0001, lr: 0.000118, Train: 0.9965, Valid: 0.8352, Test: 0.9281
Run: 10, Epoch: 56, Loss: 0.0001, lr: 0.000118, Train: 0.9966, Valid: 0.8344, Test: 0.9281
Run: 10, Epoch: 57, Loss: 0.0001, lr: 0.000118, Train: 0.9967, Valid: 0.8334, Test: 0.9280
Run: 10, Epoch: 58, Loss: 0.0001, lr: 0.000118, Train: 0.9968, Valid: 0.8322, Test: 0.9278
Run: 10, Epoch: 59, Loss: 0.0001, lr: 0.000082, Train: 0.9969, Valid: 0.8314, Test: 0.9277
Run: 10, Epoch: 60, Loss: 0.0001, lr: 0.000082, Train: 0.9969, Valid: 0.8306, Test: 0.9276
Run: 10, Epoch: 61, Loss: 0.0001, lr: 0.000082, Train: 0.9970, Valid: 0.8300, Test: 0.9275
Run: 10, Epoch: 62, Loss: 0.0001, lr: 0.000082, Train: 0.9970, Valid: 0.8295, Test: 0.9275
Run: 10, Epoch: 63, Loss: 0.0001, lr: 0.000082, Train: 0.9970, Valid: 0.8293, Test: 0.9275
Run: 10, Epoch: 64, Loss: 0.0001, lr: 0.000082, Train: 0.9971, Valid: 0.8293, Test: 0.9276
Run: 10, Epoch: 65, Loss: 0.0001, lr: 0.000058, Train: 0.9971, Valid: 0.8293, Test: 0.9276
Run: 10, Epoch: 66, Loss: 0.0001, lr: 0.000058, Train: 0.9971, Valid: 0.8295, Test: 0.9277
Run: 10, Epoch: 67, Loss: 0.0001, lr: 0.000058, Train: 0.9972, Valid: 0.8299, Test: 0.9278
Run: 10, Epoch: 68, Loss: 0.0001, lr: 0.000058, Train: 0.9972, Valid: 0.8303, Test: 0.9280
Run: 10, Epoch: 69, Loss: 0.0001, lr: 0.000058, Train: 0.9972, Valid: 0.8307, Test: 0.9281
Run: 10, Epoch: 70, Loss: 0.0001, lr: 0.000058, Train: 0.9972, Valid: 0.8312, Test: 0.9282
Run: 10, Epoch: 71, Loss: 0.0001, lr: 0.000040, Train: 0.9973, Valid: 0.8315, Test: 0.9283
Run: 10, Epoch: 72, Loss: 0.0001, lr: 0.000040, Train: 0.9973, Valid: 0.8318, Test: 0.9284
Run: 10, Epoch: 73, Loss: 0.0001, lr: 0.000040, Train: 0.9973, Valid: 0.8320, Test: 0.9285
Run: 10, Epoch: 74, Loss: 0.0001, lr: 0.000040, Train: 0.9973, Valid: 0.8323, Test: 0.9285
Run: 10, Epoch: 75, Loss: 0.0001, lr: 0.000040, Train: 0.9973, Valid: 0.8324, Test: 0.9286
Run: 10, Epoch: 76, Loss: 0.0001, lr: 0.000040, Train: 0.9973, Valid: 0.8325, Test: 0.9286
Run: 10, Epoch: 77, Loss: 0.0001, lr: 0.000028, Train: 0.9974, Valid: 0.8326, Test: 0.9287
Run: 10, Epoch: 78, Loss: 0.0001, lr: 0.000028, Train: 0.9974, Valid: 0.8326, Test: 0.9287
Run: 10, Epoch: 79, Loss: 0.0001, lr: 0.000028, Train: 0.9974, Valid: 0.8326, Test: 0.9287
Run: 10, Epoch: 80, Loss: 0.0001, lr: 0.000028, Train: 0.9974, Valid: 0.8326, Test: 0.9287
Run: 10, Epoch: 81, Loss: 0.0001, lr: 0.000028, Train: 0.9974, Valid: 0.8326, Test: 0.9287
Run: 10, Epoch: 82, Loss: 0.0001, lr: 0.000028, Train: 0.9974, Valid: 0.8325, Test: 0.9288
Run: 10, Epoch: 83, Loss: 0.0001, lr: 0.000020, Train: 0.9974, Valid: 0.8324, Test: 0.9288
Run: 10, Epoch: 84, Loss: 0.0001, lr: 0.000020, Train: 0.9975, Valid: 0.8324, Test: 0.9288
Run: 10, Epoch: 85, Loss: 0.0001, lr: 0.000020, Train: 0.9975, Valid: 0.8323, Test: 0.9288
Run: 10, Epoch: 86, Loss: 0.0001, lr: 0.000020, Train: 0.9975, Valid: 0.8323, Test: 0.9288
Run: 10, Epoch: 87, Loss: 0.0001, lr: 0.000020, Train: 0.9975, Valid: 0.8322, Test: 0.9288
Run: 10, Epoch: 88, Loss: 0.0001, lr: 0.000020, Train: 0.9975, Valid: 0.8322, Test: 0.9288
Run: 10, Epoch: 89, Loss: 0.0001, lr: 0.000014, Train: 0.9975, Valid: 0.8321, Test: 0.9288
Run: 10, Epoch: 90, Loss: 0.0001, lr: 0.000014, Train: 0.9975, Valid: 0.8321, Test: 0.9288
Run: 10, Epoch: 91, Loss: 0.0001, lr: 0.000014, Train: 0.9975, Valid: 0.8321, Test: 0.9288
Run: 10, Epoch: 92, Loss: 0.0001, lr: 0.000014, Train: 0.9975, Valid: 0.8321, Test: 0.9288
Run: 10, Epoch: 93, Loss: 0.0001, lr: 0.000014, Train: 0.9975, Valid: 0.8321, Test: 0.9288
Run: 10, Epoch: 94, Loss: 0.0001, lr: 0.000014, Train: 0.9975, Valid: 0.8320, Test: 0.9288
Run: 10, Epoch: 95, Loss: 0.0001, lr: 0.000010, Train: 0.9975, Valid: 0.8320, Test: 0.9289
Run: 10, Epoch: 96, Loss: 0.0001, lr: 0.000010, Train: 0.9975, Valid: 0.8321, Test: 0.9289
Run: 10, Epoch: 97, Loss: 0.0001, lr: 0.000010, Train: 0.9976, Valid: 0.8321, Test: 0.9289
Run: 10, Epoch: 98, Loss: 0.0001, lr: 0.000010, Train: 0.9976, Valid: 0.8321, Test: 0.9289
Run: 10, Epoch: 99, Loss: 0.0001, lr: 0.000010, Train: 0.9976, Valid: 0.8321, Test: 0.9289
Run: 10, Epoch: 100, Loss: 0.0001, lr: 0.000010, Train: 0.9976, Valid: 0.8321, Test: 0.9289
Run 10:
Highest Train: 1.00
Highest Valid: 0.87
  Final Train: 0.97
   Final Test: 0.93
All runs:
Highest Train: 1.00  0.00
Highest Valid: 0.94  0.03
  Final Train: 0.98  0.02
   Final Test: 0.92  0.02
