Namespace(conv_layers=3, device=0, dropout=0.0, epochs=100, hidden_dim=256, log_steps=1, lr=0.001, method='deeper', mlp_layers=2, runs=10, subset='mathematics')
Run: 01, Epoch: 01, Loss: 0.0421, lr: 0.001000, Train: 0.3257, Valid: 0.2028, Test: 0.1273
Run: 01, Epoch: 02, Loss: 0.0160, lr: 0.001000, Train: 0.2517, Valid: 0.1659, Test: 0.0187
Run: 01, Epoch: 03, Loss: 0.0098, lr: 0.001000, Train: 0.4706, Valid: 0.4434, Test: 0.2556
Run: 01, Epoch: 04, Loss: 0.0054, lr: 0.001000, Train: 0.6956, Valid: 0.7046, Test: 0.4942
Run: 01, Epoch: 05, Loss: 0.0041, lr: 0.001000, Train: 0.7063, Valid: 0.7172, Test: 0.4710
Run: 01, Epoch: 06, Loss: 0.0031, lr: 0.001000, Train: 0.7692, Valid: 0.7718, Test: 0.5363
Run: 01, Epoch: 07, Loss: 0.0026, lr: 0.001000, Train: 0.8467, Valid: 0.8300, Test: 0.6643
Run: 01, Epoch: 08, Loss: 0.0018, lr: 0.001000, Train: 0.8396, Valid: 0.7960, Test: 0.7165
Run: 01, Epoch: 09, Loss: 0.0018, lr: 0.001000, Train: 0.8361, Valid: 0.7841, Test: 0.7352
Run: 01, Epoch: 10, Loss: 0.0015, lr: 0.001000, Train: 0.8484, Valid: 0.8070, Test: 0.7461
Run: 01, Epoch: 11, Loss: 0.0014, lr: 0.001000, Train: 0.8534, Valid: 0.8176, Test: 0.7492
Run: 01, Epoch: 12, Loss: 0.0014, lr: 0.001000, Train: 0.8426, Valid: 0.7930, Test: 0.7432
Run: 01, Epoch: 13, Loss: 0.0011, lr: 0.001000, Train: 0.8009, Valid: 0.7292, Test: 0.7038
Run: 01, Epoch: 14, Loss: 0.0010, lr: 0.000700, Train: 0.7819, Valid: 0.7008, Test: 0.6869
Run: 01, Epoch: 15, Loss: 0.0009, lr: 0.000700, Train: 0.7830, Valid: 0.7031, Test: 0.6891
Run: 01, Epoch: 16, Loss: 0.0009, lr: 0.000700, Train: 0.7993, Valid: 0.7280, Test: 0.7124
Run: 01, Epoch: 17, Loss: 0.0008, lr: 0.000700, Train: 0.8218, Valid: 0.7581, Test: 0.7488
Run: 01, Epoch: 18, Loss: 0.0008, lr: 0.000700, Train: 0.8411, Valid: 0.7759, Test: 0.7825
Run: 01, Epoch: 19, Loss: 0.0007, lr: 0.000700, Train: 0.8499, Valid: 0.7775, Test: 0.8016
Run: 01, Epoch: 20, Loss: 0.0007, lr: 0.000490, Train: 0.8565, Valid: 0.7787, Test: 0.8128
Run: 01, Epoch: 21, Loss: 0.0007, lr: 0.000490, Train: 0.8609, Valid: 0.7805, Test: 0.8183
Run: 01, Epoch: 22, Loss: 0.0006, lr: 0.000490, Train: 0.8667, Valid: 0.7867, Test: 0.8240
Run: 01, Epoch: 23, Loss: 0.0006, lr: 0.000490, Train: 0.8760, Valid: 0.7992, Test: 0.8330
Run: 01, Epoch: 24, Loss: 0.0006, lr: 0.000490, Train: 0.8885, Valid: 0.8178, Test: 0.8459
Run: 01, Epoch: 25, Loss: 0.0006, lr: 0.000490, Train: 0.9032, Valid: 0.8387, Test: 0.8610
Run: 01, Epoch: 26, Loss: 0.0005, lr: 0.000490, Train: 0.9165, Valid: 0.8573, Test: 0.8754
Run: 01, Epoch: 27, Loss: 0.0005, lr: 0.000490, Train: 0.9267, Valid: 0.8717, Test: 0.8868
Run: 01, Epoch: 28, Loss: 0.0005, lr: 0.000490, Train: 0.9333, Valid: 0.8803, Test: 0.8939
Run: 01, Epoch: 29, Loss: 0.0005, lr: 0.000490, Train: 0.9377, Valid: 0.8857, Test: 0.8978
Run: 01, Epoch: 30, Loss: 0.0004, lr: 0.000490, Train: 0.9414, Valid: 0.8905, Test: 0.9003
Run: 01, Epoch: 31, Loss: 0.0004, lr: 0.000490, Train: 0.9455, Valid: 0.8964, Test: 0.9036
Run: 01, Epoch: 32, Loss: 0.0004, lr: 0.000490, Train: 0.9511, Valid: 0.9048, Test: 0.9097
Run: 01, Epoch: 33, Loss: 0.0004, lr: 0.000490, Train: 0.9584, Valid: 0.9156, Test: 0.9192
Run: 01, Epoch: 34, Loss: 0.0004, lr: 0.000490, Train: 0.9663, Valid: 0.9268, Test: 0.9302
Run: 01, Epoch: 35, Loss: 0.0003, lr: 0.000490, Train: 0.9728, Valid: 0.9361, Test: 0.9403
Run: 01, Epoch: 36, Loss: 0.0003, lr: 0.000490, Train: 0.9773, Valid: 0.9425, Test: 0.9478
Run: 01, Epoch: 37, Loss: 0.0003, lr: 0.000490, Train: 0.9801, Valid: 0.9462, Test: 0.9519
Run: 01, Epoch: 38, Loss: 0.0003, lr: 0.000490, Train: 0.9814, Valid: 0.9477, Test: 0.9533
Run: 01, Epoch: 39, Loss: 0.0003, lr: 0.000490, Train: 0.9818, Valid: 0.9481, Test: 0.9533
Run: 01, Epoch: 40, Loss: 0.0003, lr: 0.000490, Train: 0.9822, Valid: 0.9484, Test: 0.9535
Run: 01, Epoch: 41, Loss: 0.0003, lr: 0.000490, Train: 0.9835, Valid: 0.9500, Test: 0.9551
Run: 01, Epoch: 42, Loss: 0.0003, lr: 0.000490, Train: 0.9855, Valid: 0.9530, Test: 0.9581
Run: 01, Epoch: 43, Loss: 0.0003, lr: 0.000490, Train: 0.9876, Valid: 0.9565, Test: 0.9615
Run: 01, Epoch: 44, Loss: 0.0002, lr: 0.000490, Train: 0.9893, Valid: 0.9595, Test: 0.9640
Run: 01, Epoch: 45, Loss: 0.0002, lr: 0.000490, Train: 0.9904, Valid: 0.9613, Test: 0.9654
Run: 01, Epoch: 46, Loss: 0.0002, lr: 0.000490, Train: 0.9909, Valid: 0.9619, Test: 0.9659
Run: 01, Epoch: 47, Loss: 0.0002, lr: 0.000490, Train: 0.9913, Valid: 0.9619, Test: 0.9661
Run: 01, Epoch: 48, Loss: 0.0002, lr: 0.000490, Train: 0.9917, Valid: 0.9620, Test: 0.9665
Run: 01, Epoch: 49, Loss: 0.0002, lr: 0.000490, Train: 0.9923, Valid: 0.9630, Test: 0.9672
Run: 01, Epoch: 50, Loss: 0.0002, lr: 0.000490, Train: 0.9930, Valid: 0.9645, Test: 0.9679
Run: 01, Epoch: 51, Loss: 0.0002, lr: 0.000490, Train: 0.9935, Valid: 0.9659, Test: 0.9679
Run: 01, Epoch: 52, Loss: 0.0002, lr: 0.000490, Train: 0.9938, Valid: 0.9666, Test: 0.9673
Run: 01, Epoch: 53, Loss: 0.0002, lr: 0.000490, Train: 0.9939, Valid: 0.9663, Test: 0.9663
Run: 01, Epoch: 54, Loss: 0.0002, lr: 0.000490, Train: 0.9939, Valid: 0.9657, Test: 0.9656
Run: 01, Epoch: 55, Loss: 0.0002, lr: 0.000490, Train: 0.9941, Valid: 0.9656, Test: 0.9655
Run: 01, Epoch: 56, Loss: 0.0002, lr: 0.000490, Train: 0.9945, Valid: 0.9663, Test: 0.9662
Run: 01, Epoch: 57, Loss: 0.0002, lr: 0.000490, Train: 0.9951, Valid: 0.9678, Test: 0.9671
Run: 01, Epoch: 58, Loss: 0.0001, lr: 0.000490, Train: 0.9955, Valid: 0.9693, Test: 0.9679
Run: 01, Epoch: 59, Loss: 0.0001, lr: 0.000490, Train: 0.9958, Valid: 0.9702, Test: 0.9682
Run: 01, Epoch: 60, Loss: 0.0001, lr: 0.000490, Train: 0.9960, Valid: 0.9703, Test: 0.9680
Run: 01, Epoch: 61, Loss: 0.0001, lr: 0.000490, Train: 0.9961, Valid: 0.9702, Test: 0.9674
Run: 01, Epoch: 62, Loss: 0.0001, lr: 0.000490, Train: 0.9962, Valid: 0.9704, Test: 0.9666
Run: 01, Epoch: 63, Loss: 0.0001, lr: 0.000490, Train: 0.9964, Valid: 0.9713, Test: 0.9659
Run: 01, Epoch: 64, Loss: 0.0001, lr: 0.000490, Train: 0.9966, Valid: 0.9723, Test: 0.9653
Run: 01, Epoch: 65, Loss: 0.0001, lr: 0.000490, Train: 0.9967, Valid: 0.9729, Test: 0.9647
Run: 01, Epoch: 66, Loss: 0.0001, lr: 0.000490, Train: 0.9968, Valid: 0.9729, Test: 0.9642
Run: 01, Epoch: 67, Loss: 0.0001, lr: 0.000490, Train: 0.9969, Valid: 0.9724, Test: 0.9638
Run: 01, Epoch: 68, Loss: 0.0001, lr: 0.000490, Train: 0.9970, Valid: 0.9720, Test: 0.9634
Run: 01, Epoch: 69, Loss: 0.0001, lr: 0.000490, Train: 0.9971, Valid: 0.9720, Test: 0.9631
Run: 01, Epoch: 70, Loss: 0.0001, lr: 0.000490, Train: 0.9972, Valid: 0.9722, Test: 0.9630
Run: 01, Epoch: 71, Loss: 0.0001, lr: 0.000490, Train: 0.9972, Valid: 0.9721, Test: 0.9630
Run: 01, Epoch: 72, Loss: 0.0001, lr: 0.000343, Train: 0.9973, Valid: 0.9718, Test: 0.9631
Run: 01, Epoch: 73, Loss: 0.0001, lr: 0.000343, Train: 0.9973, Valid: 0.9713, Test: 0.9630
Run: 01, Epoch: 74, Loss: 0.0001, lr: 0.000343, Train: 0.9973, Valid: 0.9709, Test: 0.9629
Run: 01, Epoch: 75, Loss: 0.0001, lr: 0.000343, Train: 0.9974, Valid: 0.9707, Test: 0.9627
Run: 01, Epoch: 76, Loss: 0.0001, lr: 0.000343, Train: 0.9975, Valid: 0.9708, Test: 0.9626
Run: 01, Epoch: 77, Loss: 0.0001, lr: 0.000343, Train: 0.9975, Valid: 0.9710, Test: 0.9626
Run: 01, Epoch: 78, Loss: 0.0001, lr: 0.000240, Train: 0.9976, Valid: 0.9711, Test: 0.9627
Run: 01, Epoch: 79, Loss: 0.0001, lr: 0.000240, Train: 0.9977, Valid: 0.9711, Test: 0.9627
Run: 01, Epoch: 80, Loss: 0.0001, lr: 0.000240, Train: 0.9977, Valid: 0.9710, Test: 0.9626
Run: 01, Epoch: 81, Loss: 0.0001, lr: 0.000240, Train: 0.9978, Valid: 0.9710, Test: 0.9624
Run: 01, Epoch: 82, Loss: 0.0001, lr: 0.000240, Train: 0.9979, Valid: 0.9710, Test: 0.9621
Run: 01, Epoch: 83, Loss: 0.0001, lr: 0.000240, Train: 0.9979, Valid: 0.9711, Test: 0.9617
Run: 01, Epoch: 84, Loss: 0.0001, lr: 0.000168, Train: 0.9980, Valid: 0.9712, Test: 0.9615
Run: 01, Epoch: 85, Loss: 0.0001, lr: 0.000168, Train: 0.9980, Valid: 0.9713, Test: 0.9613
Run: 01, Epoch: 86, Loss: 0.0001, lr: 0.000168, Train: 0.9981, Valid: 0.9713, Test: 0.9612
Run: 01, Epoch: 87, Loss: 0.0001, lr: 0.000168, Train: 0.9981, Valid: 0.9713, Test: 0.9612
Run: 01, Epoch: 88, Loss: 0.0001, lr: 0.000168, Train: 0.9981, Valid: 0.9712, Test: 0.9611
Run: 01, Epoch: 89, Loss: 0.0001, lr: 0.000168, Train: 0.9981, Valid: 0.9711, Test: 0.9610
Run: 01, Epoch: 90, Loss: 0.0001, lr: 0.000118, Train: 0.9982, Valid: 0.9711, Test: 0.9609
Run: 01, Epoch: 91, Loss: 0.0001, lr: 0.000118, Train: 0.9982, Valid: 0.9711, Test: 0.9608
Run: 01, Epoch: 92, Loss: 0.0001, lr: 0.000118, Train: 0.9982, Valid: 0.9711, Test: 0.9607
Run: 01, Epoch: 93, Loss: 0.0001, lr: 0.000118, Train: 0.9982, Valid: 0.9711, Test: 0.9606
Run: 01, Epoch: 94, Loss: 0.0001, lr: 0.000118, Train: 0.9983, Valid: 0.9711, Test: 0.9606
Run: 01, Epoch: 95, Loss: 0.0001, lr: 0.000118, Train: 0.9983, Valid: 0.9711, Test: 0.9605
Run: 01, Epoch: 96, Loss: 0.0001, lr: 0.000082, Train: 0.9983, Valid: 0.9710, Test: 0.9605
Run: 01, Epoch: 97, Loss: 0.0001, lr: 0.000082, Train: 0.9983, Valid: 0.9710, Test: 0.9605
Run: 01, Epoch: 98, Loss: 0.0001, lr: 0.000082, Train: 0.9983, Valid: 0.9710, Test: 0.9604
Run: 01, Epoch: 99, Loss: 0.0001, lr: 0.000082, Train: 0.9983, Valid: 0.9710, Test: 0.9604
Run: 01, Epoch: 100, Loss: 0.0001, lr: 0.000082, Train: 0.9983, Valid: 0.9711, Test: 0.9603
Run 01:
Highest Train: 1.00
Highest Valid: 0.97
  Final Train: 1.00
   Final Test: 0.96
Run: 02, Epoch: 01, Loss: 0.0582, lr: 0.001000, Train: 0.3343, Valid: 0.3110, Test: 0.3053
Run: 02, Epoch: 02, Loss: 0.0157, lr: 0.001000, Train: 0.5993, Valid: 0.5262, Test: 0.5768
Run: 02, Epoch: 03, Loss: 0.0068, lr: 0.001000, Train: 0.7646, Valid: 0.6947, Test: 0.7531
Run: 02, Epoch: 04, Loss: 0.0102, lr: 0.001000, Train: 0.8464, Valid: 0.7893, Test: 0.8506
Run: 02, Epoch: 05, Loss: 0.0036, lr: 0.001000, Train: 0.7874, Valid: 0.7374, Test: 0.8000
Run: 02, Epoch: 06, Loss: 0.0044, lr: 0.001000, Train: 0.7277, Valid: 0.6801, Test: 0.7654
Run: 02, Epoch: 07, Loss: 0.0040, lr: 0.001000, Train: 0.7642, Valid: 0.7114, Test: 0.8398
Run: 02, Epoch: 08, Loss: 0.0025, lr: 0.001000, Train: 0.8308, Valid: 0.7404, Test: 0.8506
Run: 02, Epoch: 09, Loss: 0.0015, lr: 0.001000, Train: 0.8126, Valid: 0.7259, Test: 0.7780
Run: 02, Epoch: 10, Loss: 0.0024, lr: 0.001000, Train: 0.8577, Valid: 0.7830, Test: 0.8338
Run: 02, Epoch: 11, Loss: 0.0020, lr: 0.000700, Train: 0.9015, Valid: 0.8277, Test: 0.8965
Run: 02, Epoch: 12, Loss: 0.0014, lr: 0.000700, Train: 0.9007, Valid: 0.8340, Test: 0.9108
Run: 02, Epoch: 13, Loss: 0.0011, lr: 0.000700, Train: 0.8766, Valid: 0.8201, Test: 0.8963
Run: 02, Epoch: 14, Loss: 0.0011, lr: 0.000700, Train: 0.8607, Valid: 0.8086, Test: 0.8863
Run: 02, Epoch: 15, Loss: 0.0012, lr: 0.000700, Train: 0.8666, Valid: 0.8082, Test: 0.8909
Run: 02, Epoch: 16, Loss: 0.0011, lr: 0.000700, Train: 0.8891, Valid: 0.8109, Test: 0.9001
Run: 02, Epoch: 17, Loss: 0.0009, lr: 0.000700, Train: 0.9089, Valid: 0.8098, Test: 0.9011
Run: 02, Epoch: 18, Loss: 0.0008, lr: 0.000700, Train: 0.9169, Valid: 0.8075, Test: 0.8969
Run: 02, Epoch: 19, Loss: 0.0008, lr: 0.000490, Train: 0.9253, Valid: 0.8154, Test: 0.9002
Run: 02, Epoch: 20, Loss: 0.0008, lr: 0.000490, Train: 0.9354, Valid: 0.8283, Test: 0.9075
Run: 02, Epoch: 21, Loss: 0.0007, lr: 0.000490, Train: 0.9444, Valid: 0.8419, Test: 0.9147
Run: 02, Epoch: 22, Loss: 0.0006, lr: 0.000490, Train: 0.9496, Valid: 0.8529, Test: 0.9192
Run: 02, Epoch: 23, Loss: 0.0006, lr: 0.000490, Train: 0.9514, Valid: 0.8599, Test: 0.9216
Run: 02, Epoch: 24, Loss: 0.0005, lr: 0.000490, Train: 0.9523, Valid: 0.8650, Test: 0.9233
Run: 02, Epoch: 25, Loss: 0.0005, lr: 0.000490, Train: 0.9545, Valid: 0.8717, Test: 0.9259
Run: 02, Epoch: 26, Loss: 0.0005, lr: 0.000490, Train: 0.9587, Valid: 0.8779, Test: 0.9291
Run: 02, Epoch: 27, Loss: 0.0005, lr: 0.000490, Train: 0.9643, Valid: 0.8841, Test: 0.9319
Run: 02, Epoch: 28, Loss: 0.0005, lr: 0.000490, Train: 0.9699, Valid: 0.8905, Test: 0.9334
Run: 02, Epoch: 29, Loss: 0.0004, lr: 0.000490, Train: 0.9745, Valid: 0.8975, Test: 0.9337
Run: 02, Epoch: 30, Loss: 0.0004, lr: 0.000490, Train: 0.9784, Valid: 0.9053, Test: 0.9333
Run: 02, Epoch: 31, Loss: 0.0004, lr: 0.000490, Train: 0.9818, Valid: 0.9134, Test: 0.9330
Run: 02, Epoch: 32, Loss: 0.0004, lr: 0.000490, Train: 0.9847, Valid: 0.9206, Test: 0.9326
Run: 02, Epoch: 33, Loss: 0.0003, lr: 0.000490, Train: 0.9864, Valid: 0.9258, Test: 0.9322
Run: 02, Epoch: 34, Loss: 0.0003, lr: 0.000490, Train: 0.9869, Valid: 0.9288, Test: 0.9316
Run: 02, Epoch: 35, Loss: 0.0003, lr: 0.000490, Train: 0.9868, Valid: 0.9301, Test: 0.9310
Run: 02, Epoch: 36, Loss: 0.0003, lr: 0.000490, Train: 0.9869, Valid: 0.9305, Test: 0.9307
Run: 02, Epoch: 37, Loss: 0.0003, lr: 0.000490, Train: 0.9875, Valid: 0.9304, Test: 0.9309
Run: 02, Epoch: 38, Loss: 0.0003, lr: 0.000490, Train: 0.9885, Valid: 0.9301, Test: 0.9313
Run: 02, Epoch: 39, Loss: 0.0003, lr: 0.000490, Train: 0.9895, Valid: 0.9300, Test: 0.9316
Run: 02, Epoch: 40, Loss: 0.0002, lr: 0.000490, Train: 0.9902, Valid: 0.9301, Test: 0.9319
Run: 02, Epoch: 41, Loss: 0.0002, lr: 0.000490, Train: 0.9909, Valid: 0.9308, Test: 0.9322
Run: 02, Epoch: 42, Loss: 0.0002, lr: 0.000490, Train: 0.9918, Valid: 0.9322, Test: 0.9328
Run: 02, Epoch: 43, Loss: 0.0002, lr: 0.000490, Train: 0.9928, Valid: 0.9343, Test: 0.9336
Run: 02, Epoch: 44, Loss: 0.0002, lr: 0.000490, Train: 0.9936, Valid: 0.9367, Test: 0.9343
Run: 02, Epoch: 45, Loss: 0.0002, lr: 0.000490, Train: 0.9940, Valid: 0.9387, Test: 0.9347
Run: 02, Epoch: 46, Loss: 0.0002, lr: 0.000490, Train: 0.9941, Valid: 0.9401, Test: 0.9349
Run: 02, Epoch: 47, Loss: 0.0002, lr: 0.000490, Train: 0.9941, Valid: 0.9409, Test: 0.9350
Run: 02, Epoch: 48, Loss: 0.0002, lr: 0.000490, Train: 0.9941, Valid: 0.9413, Test: 0.9348
Run: 02, Epoch: 49, Loss: 0.0002, lr: 0.000490, Train: 0.9942, Valid: 0.9415, Test: 0.9344
Run: 02, Epoch: 50, Loss: 0.0002, lr: 0.000490, Train: 0.9942, Valid: 0.9414, Test: 0.9337
Run: 02, Epoch: 51, Loss: 0.0002, lr: 0.000490, Train: 0.9943, Valid: 0.9412, Test: 0.9330
Run: 02, Epoch: 52, Loss: 0.0001, lr: 0.000490, Train: 0.9944, Valid: 0.9410, Test: 0.9326
Run: 02, Epoch: 53, Loss: 0.0001, lr: 0.000490, Train: 0.9945, Valid: 0.9411, Test: 0.9325
Run: 02, Epoch: 54, Loss: 0.0001, lr: 0.000490, Train: 0.9947, Valid: 0.9416, Test: 0.9328
Run: 02, Epoch: 55, Loss: 0.0001, lr: 0.000490, Train: 0.9950, Valid: 0.9424, Test: 0.9331
Run: 02, Epoch: 56, Loss: 0.0001, lr: 0.000490, Train: 0.9953, Valid: 0.9430, Test: 0.9335
Run: 02, Epoch: 57, Loss: 0.0001, lr: 0.000490, Train: 0.9956, Valid: 0.9435, Test: 0.9340
Run: 02, Epoch: 58, Loss: 0.0001, lr: 0.000490, Train: 0.9957, Valid: 0.9436, Test: 0.9347
Run: 02, Epoch: 59, Loss: 0.0001, lr: 0.000490, Train: 0.9958, Valid: 0.9434, Test: 0.9353
Run: 02, Epoch: 60, Loss: 0.0001, lr: 0.000490, Train: 0.9958, Valid: 0.9431, Test: 0.9358
Run: 02, Epoch: 61, Loss: 0.0001, lr: 0.000490, Train: 0.9959, Valid: 0.9430, Test: 0.9360
Run: 02, Epoch: 62, Loss: 0.0001, lr: 0.000490, Train: 0.9961, Valid: 0.9432, Test: 0.9363
Run: 02, Epoch: 63, Loss: 0.0001, lr: 0.000490, Train: 0.9963, Valid: 0.9436, Test: 0.9365
Run: 02, Epoch: 64, Loss: 0.0001, lr: 0.000490, Train: 0.9964, Valid: 0.9439, Test: 0.9366
Run: 02, Epoch: 65, Loss: 0.0001, lr: 0.000490, Train: 0.9965, Valid: 0.9442, Test: 0.9367
Run: 02, Epoch: 66, Loss: 0.0001, lr: 0.000490, Train: 0.9966, Valid: 0.9445, Test: 0.9365
Run: 02, Epoch: 67, Loss: 0.0001, lr: 0.000490, Train: 0.9966, Valid: 0.9446, Test: 0.9361
Run: 02, Epoch: 68, Loss: 0.0001, lr: 0.000490, Train: 0.9966, Valid: 0.9447, Test: 0.9357
Run: 02, Epoch: 69, Loss: 0.0001, lr: 0.000490, Train: 0.9966, Valid: 0.9448, Test: 0.9355
Run: 02, Epoch: 70, Loss: 0.0001, lr: 0.000490, Train: 0.9966, Valid: 0.9452, Test: 0.9355
Run: 02, Epoch: 71, Loss: 0.0001, lr: 0.000490, Train: 0.9968, Valid: 0.9459, Test: 0.9357
Run: 02, Epoch: 72, Loss: 0.0001, lr: 0.000490, Train: 0.9971, Valid: 0.9467, Test: 0.9360
Run: 02, Epoch: 73, Loss: 0.0001, lr: 0.000490, Train: 0.9974, Valid: 0.9473, Test: 0.9363
Run: 02, Epoch: 74, Loss: 0.0001, lr: 0.000490, Train: 0.9975, Valid: 0.9476, Test: 0.9367
Run: 02, Epoch: 75, Loss: 0.0001, lr: 0.000490, Train: 0.9976, Valid: 0.9477, Test: 0.9370
Run: 02, Epoch: 76, Loss: 0.0001, lr: 0.000490, Train: 0.9977, Valid: 0.9477, Test: 0.9371
Run: 02, Epoch: 77, Loss: 0.0001, lr: 0.000490, Train: 0.9977, Valid: 0.9476, Test: 0.9372
Run: 02, Epoch: 78, Loss: 0.0001, lr: 0.000490, Train: 0.9977, Valid: 0.9476, Test: 0.9373
Run: 02, Epoch: 79, Loss: 0.0001, lr: 0.000490, Train: 0.9977, Valid: 0.9477, Test: 0.9376
Run: 02, Epoch: 80, Loss: 0.0001, lr: 0.000490, Train: 0.9978, Valid: 0.9479, Test: 0.9378
Run: 02, Epoch: 81, Loss: 0.0001, lr: 0.000490, Train: 0.9979, Valid: 0.9483, Test: 0.9378
Run: 02, Epoch: 82, Loss: 0.0001, lr: 0.000490, Train: 0.9980, Valid: 0.9487, Test: 0.9377
Run: 02, Epoch: 83, Loss: 0.0001, lr: 0.000490, Train: 0.9980, Valid: 0.9489, Test: 0.9377
Run: 02, Epoch: 84, Loss: 0.0001, lr: 0.000490, Train: 0.9980, Valid: 0.9491, Test: 0.9377
Run: 02, Epoch: 85, Loss: 0.0001, lr: 0.000490, Train: 0.9981, Valid: 0.9492, Test: 0.9377
Run: 02, Epoch: 86, Loss: 0.0001, lr: 0.000490, Train: 0.9982, Valid: 0.9494, Test: 0.9378
Run: 02, Epoch: 87, Loss: 0.0001, lr: 0.000490, Train: 0.9983, Valid: 0.9496, Test: 0.9380
Run: 02, Epoch: 88, Loss: 0.0001, lr: 0.000490, Train: 0.9983, Valid: 0.9498, Test: 0.9382
Run: 02, Epoch: 89, Loss: 0.0001, lr: 0.000490, Train: 0.9984, Valid: 0.9499, Test: 0.9384
Run: 02, Epoch: 90, Loss: 0.0001, lr: 0.000490, Train: 0.9985, Valid: 0.9501, Test: 0.9384
Run: 02, Epoch: 91, Loss: 0.0001, lr: 0.000490, Train: 0.9985, Valid: 0.9503, Test: 0.9384
Run: 02, Epoch: 92, Loss: 0.0001, lr: 0.000490, Train: 0.9985, Valid: 0.9504, Test: 0.9385
Run: 02, Epoch: 93, Loss: 0.0001, lr: 0.000490, Train: 0.9986, Valid: 0.9505, Test: 0.9385
Run: 02, Epoch: 94, Loss: 0.0000, lr: 0.000490, Train: 0.9986, Valid: 0.9505, Test: 0.9385
Run: 02, Epoch: 95, Loss: 0.0000, lr: 0.000490, Train: 0.9987, Valid: 0.9505, Test: 0.9385
Run: 02, Epoch: 96, Loss: 0.0000, lr: 0.000490, Train: 0.9987, Valid: 0.9504, Test: 0.9386
Run: 02, Epoch: 97, Loss: 0.0000, lr: 0.000490, Train: 0.9987, Valid: 0.9505, Test: 0.9386
Run: 02, Epoch: 98, Loss: 0.0000, lr: 0.000490, Train: 0.9987, Valid: 0.9506, Test: 0.9385
Run: 02, Epoch: 99, Loss: 0.0000, lr: 0.000490, Train: 0.9988, Valid: 0.9507, Test: 0.9385
Run: 02, Epoch: 100, Loss: 0.0000, lr: 0.000490, Train: 0.9988, Valid: 0.9509, Test: 0.9386
Run 02:
Highest Train: 1.00
Highest Valid: 0.95
  Final Train: 1.00
   Final Test: 0.94
Run: 03, Epoch: 01, Loss: 0.0529, lr: 0.001000, Train: 0.0622, Valid: -1.7934, Test: 0.3441
Run: 03, Epoch: 02, Loss: 0.0205, lr: 0.001000, Train: -0.0603, Valid: -2.2528, Test: 0.2502
Run: 03, Epoch: 03, Loss: 0.0137, lr: 0.001000, Train: 0.1964, Valid: -1.3912, Test: 0.4368
Run: 03, Epoch: 04, Loss: 0.0057, lr: 0.001000, Train: 0.7324, Valid: 0.1662, Test: 0.8125
Run: 03, Epoch: 05, Loss: 0.0075, lr: 0.001000, Train: 0.7925, Valid: 0.4209, Test: 0.8641
Run: 03, Epoch: 06, Loss: 0.0035, lr: 0.001000, Train: 0.7427, Valid: 0.3600, Test: 0.8329
Run: 03, Epoch: 07, Loss: 0.0031, lr: 0.001000, Train: 0.7609, Valid: 0.4210, Test: 0.8515
Run: 03, Epoch: 08, Loss: 0.0027, lr: 0.001000, Train: 0.8417, Valid: 0.6098, Test: 0.9073
Run: 03, Epoch: 09, Loss: 0.0019, lr: 0.001000, Train: 0.8581, Valid: 0.6560, Test: 0.8888
Run: 03, Epoch: 10, Loss: 0.0018, lr: 0.001000, Train: 0.8244, Valid: 0.6300, Test: 0.8678
Run: 03, Epoch: 11, Loss: 0.0020, lr: 0.001000, Train: 0.8887, Valid: 0.7428, Test: 0.9208
Run: 03, Epoch: 12, Loss: 0.0013, lr: 0.001000, Train: 0.9132, Valid: 0.8090, Test: 0.9502
Run: 03, Epoch: 13, Loss: 0.0011, lr: 0.001000, Train: 0.8811, Valid: 0.7665, Test: 0.9275
Run: 03, Epoch: 14, Loss: 0.0014, lr: 0.001000, Train: 0.8812, Valid: 0.7785, Test: 0.9242
Run: 03, Epoch: 15, Loss: 0.0012, lr: 0.001000, Train: 0.9092, Valid: 0.8331, Test: 0.9338
Run: 03, Epoch: 16, Loss: 0.0008, lr: 0.001000, Train: 0.9005, Valid: 0.8066, Test: 0.9143
Run: 03, Epoch: 17, Loss: 0.0007, lr: 0.001000, Train: 0.8654, Valid: 0.7389, Test: 0.8870
Run: 03, Epoch: 18, Loss: 0.0009, lr: 0.001000, Train: 0.8646, Valid: 0.7275, Test: 0.8846
Run: 03, Epoch: 19, Loss: 0.0008, lr: 0.001000, Train: 0.8840, Valid: 0.7665, Test: 0.8993
Run: 03, Epoch: 20, Loss: 0.0006, lr: 0.001000, Train: 0.8917, Valid: 0.8057, Test: 0.9108
Run: 03, Epoch: 21, Loss: 0.0006, lr: 0.001000, Train: 0.8949, Valid: 0.8261, Test: 0.9173
Run: 03, Epoch: 22, Loss: 0.0006, lr: 0.000700, Train: 0.9036, Valid: 0.8319, Test: 0.9230
Run: 03, Epoch: 23, Loss: 0.0006, lr: 0.000700, Train: 0.9102, Valid: 0.8239, Test: 0.9249
Run: 03, Epoch: 24, Loss: 0.0005, lr: 0.000700, Train: 0.9118, Valid: 0.8111, Test: 0.9232
Run: 03, Epoch: 25, Loss: 0.0004, lr: 0.000700, Train: 0.9117, Valid: 0.8055, Test: 0.9214
Run: 03, Epoch: 26, Loss: 0.0004, lr: 0.000700, Train: 0.9189, Valid: 0.8193, Test: 0.9254
Run: 03, Epoch: 27, Loss: 0.0004, lr: 0.000700, Train: 0.9339, Valid: 0.8449, Test: 0.9353
Run: 03, Epoch: 28, Loss: 0.0004, lr: 0.000700, Train: 0.9493, Valid: 0.8672, Test: 0.9461
Run: 03, Epoch: 29, Loss: 0.0003, lr: 0.000700, Train: 0.9599, Valid: 0.8805, Test: 0.9544
Run: 03, Epoch: 30, Loss: 0.0003, lr: 0.000700, Train: 0.9661, Valid: 0.8880, Test: 0.9596
Run: 03, Epoch: 31, Loss: 0.0003, lr: 0.000700, Train: 0.9703, Valid: 0.8938, Test: 0.9626
Run: 03, Epoch: 32, Loss: 0.0003, lr: 0.000700, Train: 0.9740, Valid: 0.8990, Test: 0.9646
Run: 03, Epoch: 33, Loss: 0.0003, lr: 0.000700, Train: 0.9772, Valid: 0.9030, Test: 0.9658
Run: 03, Epoch: 34, Loss: 0.0003, lr: 0.000700, Train: 0.9791, Valid: 0.9047, Test: 0.9658
Run: 03, Epoch: 35, Loss: 0.0002, lr: 0.000700, Train: 0.9797, Valid: 0.9045, Test: 0.9651
Run: 03, Epoch: 36, Loss: 0.0002, lr: 0.000700, Train: 0.9801, Valid: 0.9033, Test: 0.9646
Run: 03, Epoch: 37, Loss: 0.0002, lr: 0.000700, Train: 0.9817, Valid: 0.9037, Test: 0.9648
Run: 03, Epoch: 38, Loss: 0.0002, lr: 0.000700, Train: 0.9847, Valid: 0.9065, Test: 0.9657
Run: 03, Epoch: 39, Loss: 0.0002, lr: 0.000700, Train: 0.9877, Valid: 0.9110, Test: 0.9663
Run: 03, Epoch: 40, Loss: 0.0002, lr: 0.000700, Train: 0.9895, Valid: 0.9149, Test: 0.9664
Run: 03, Epoch: 41, Loss: 0.0002, lr: 0.000700, Train: 0.9900, Valid: 0.9170, Test: 0.9661
Run: 03, Epoch: 42, Loss: 0.0002, lr: 0.000700, Train: 0.9900, Valid: 0.9173, Test: 0.9656
Run: 03, Epoch: 43, Loss: 0.0001, lr: 0.000700, Train: 0.9899, Valid: 0.9173, Test: 0.9651
Run: 03, Epoch: 44, Loss: 0.0001, lr: 0.000700, Train: 0.9903, Valid: 0.9180, Test: 0.9646
Run: 03, Epoch: 45, Loss: 0.0001, lr: 0.000700, Train: 0.9911, Valid: 0.9194, Test: 0.9643
Run: 03, Epoch: 46, Loss: 0.0001, lr: 0.000700, Train: 0.9921, Valid: 0.9207, Test: 0.9643
Run: 03, Epoch: 47, Loss: 0.0001, lr: 0.000700, Train: 0.9933, Valid: 0.9220, Test: 0.9644
Run: 03, Epoch: 48, Loss: 0.0001, lr: 0.000700, Train: 0.9945, Valid: 0.9233, Test: 0.9645
Run: 03, Epoch: 49, Loss: 0.0001, lr: 0.000700, Train: 0.9955, Valid: 0.9246, Test: 0.9643
Run: 03, Epoch: 50, Loss: 0.0001, lr: 0.000700, Train: 0.9962, Valid: 0.9254, Test: 0.9639
Run: 03, Epoch: 51, Loss: 0.0001, lr: 0.000700, Train: 0.9965, Valid: 0.9254, Test: 0.9637
Run: 03, Epoch: 52, Loss: 0.0001, lr: 0.000700, Train: 0.9963, Valid: 0.9249, Test: 0.9633
Run: 03, Epoch: 53, Loss: 0.0001, lr: 0.000700, Train: 0.9962, Valid: 0.9247, Test: 0.9629
Run: 03, Epoch: 54, Loss: 0.0001, lr: 0.000700, Train: 0.9964, Valid: 0.9251, Test: 0.9624
Run: 03, Epoch: 55, Loss: 0.0001, lr: 0.000700, Train: 0.9967, Valid: 0.9256, Test: 0.9619
Run: 03, Epoch: 56, Loss: 0.0001, lr: 0.000700, Train: 0.9968, Valid: 0.9258, Test: 0.9615
Run: 03, Epoch: 57, Loss: 0.0001, lr: 0.000700, Train: 0.9969, Valid: 0.9262, Test: 0.9612
Run: 03, Epoch: 58, Loss: 0.0001, lr: 0.000700, Train: 0.9971, Valid: 0.9269, Test: 0.9611
Run: 03, Epoch: 59, Loss: 0.0001, lr: 0.000700, Train: 0.9972, Valid: 0.9279, Test: 0.9612
Run: 03, Epoch: 60, Loss: 0.0001, lr: 0.000700, Train: 0.9971, Valid: 0.9289, Test: 0.9613
Run: 03, Epoch: 61, Loss: 0.0001, lr: 0.000700, Train: 0.9969, Valid: 0.9298, Test: 0.9613
Run: 03, Epoch: 62, Loss: 0.0001, lr: 0.000700, Train: 0.9969, Valid: 0.9310, Test: 0.9614
Run: 03, Epoch: 63, Loss: 0.0001, lr: 0.000700, Train: 0.9972, Valid: 0.9321, Test: 0.9614
Run: 03, Epoch: 64, Loss: 0.0000, lr: 0.000700, Train: 0.9974, Valid: 0.9326, Test: 0.9614
Run: 03, Epoch: 65, Loss: 0.0000, lr: 0.000700, Train: 0.9974, Valid: 0.9327, Test: 0.9613
Run: 03, Epoch: 66, Loss: 0.0000, lr: 0.000700, Train: 0.9976, Valid: 0.9328, Test: 0.9613
Run: 03, Epoch: 67, Loss: 0.0000, lr: 0.000700, Train: 0.9978, Valid: 0.9330, Test: 0.9611
Run: 03, Epoch: 68, Loss: 0.0000, lr: 0.000700, Train: 0.9980, Valid: 0.9331, Test: 0.9610
Run: 03, Epoch: 69, Loss: 0.0000, lr: 0.000700, Train: 0.9981, Valid: 0.9329, Test: 0.9609
Run: 03, Epoch: 70, Loss: 0.0000, lr: 0.000700, Train: 0.9983, Valid: 0.9325, Test: 0.9609
Run: 03, Epoch: 71, Loss: 0.0000, lr: 0.000700, Train: 0.9985, Valid: 0.9318, Test: 0.9607
Run: 03, Epoch: 72, Loss: 0.0000, lr: 0.000700, Train: 0.9986, Valid: 0.9312, Test: 0.9604
Run: 03, Epoch: 73, Loss: 0.0000, lr: 0.000700, Train: 0.9986, Valid: 0.9309, Test: 0.9601
Run: 03, Epoch: 74, Loss: 0.0000, lr: 0.000490, Train: 0.9987, Valid: 0.9308, Test: 0.9598
Run: 03, Epoch: 75, Loss: 0.0000, lr: 0.000490, Train: 0.9987, Valid: 0.9308, Test: 0.9596
Run: 03, Epoch: 76, Loss: 0.0000, lr: 0.000490, Train: 0.9988, Valid: 0.9309, Test: 0.9595
Run: 03, Epoch: 77, Loss: 0.0000, lr: 0.000490, Train: 0.9988, Valid: 0.9309, Test: 0.9595
Run: 03, Epoch: 78, Loss: 0.0000, lr: 0.000490, Train: 0.9988, Valid: 0.9309, Test: 0.9596
Run: 03, Epoch: 79, Loss: 0.0000, lr: 0.000490, Train: 0.9989, Valid: 0.9308, Test: 0.9595
Run: 03, Epoch: 80, Loss: 0.0000, lr: 0.000343, Train: 0.9990, Valid: 0.9306, Test: 0.9594
Run: 03, Epoch: 81, Loss: 0.0000, lr: 0.000343, Train: 0.9990, Valid: 0.9304, Test: 0.9594
Run: 03, Epoch: 82, Loss: 0.0000, lr: 0.000343, Train: 0.9990, Valid: 0.9302, Test: 0.9593
Run: 03, Epoch: 83, Loss: 0.0000, lr: 0.000343, Train: 0.9991, Valid: 0.9299, Test: 0.9592
Run: 03, Epoch: 84, Loss: 0.0000, lr: 0.000343, Train: 0.9991, Valid: 0.9297, Test: 0.9591
Run: 03, Epoch: 85, Loss: 0.0000, lr: 0.000343, Train: 0.9992, Valid: 0.9295, Test: 0.9590
Run: 03, Epoch: 86, Loss: 0.0000, lr: 0.000240, Train: 0.9992, Valid: 0.9292, Test: 0.9589
Run: 03, Epoch: 87, Loss: 0.0000, lr: 0.000240, Train: 0.9992, Valid: 0.9290, Test: 0.9589
Run: 03, Epoch: 88, Loss: 0.0000, lr: 0.000240, Train: 0.9992, Valid: 0.9288, Test: 0.9588
Run: 03, Epoch: 89, Loss: 0.0000, lr: 0.000240, Train: 0.9992, Valid: 0.9286, Test: 0.9588
Run: 03, Epoch: 90, Loss: 0.0000, lr: 0.000240, Train: 0.9993, Valid: 0.9284, Test: 0.9587
Run: 03, Epoch: 91, Loss: 0.0000, lr: 0.000240, Train: 0.9993, Valid: 0.9282, Test: 0.9586
Run: 03, Epoch: 92, Loss: 0.0000, lr: 0.000168, Train: 0.9993, Valid: 0.9280, Test: 0.9586
Run: 03, Epoch: 93, Loss: 0.0000, lr: 0.000168, Train: 0.9993, Valid: 0.9278, Test: 0.9585
Run: 03, Epoch: 94, Loss: 0.0000, lr: 0.000168, Train: 0.9993, Valid: 0.9276, Test: 0.9584
Run: 03, Epoch: 95, Loss: 0.0000, lr: 0.000168, Train: 0.9993, Valid: 0.9275, Test: 0.9583
Run: 03, Epoch: 96, Loss: 0.0000, lr: 0.000168, Train: 0.9993, Valid: 0.9274, Test: 0.9583
Run: 03, Epoch: 97, Loss: 0.0000, lr: 0.000168, Train: 0.9993, Valid: 0.9272, Test: 0.9582
Run: 03, Epoch: 98, Loss: 0.0000, lr: 0.000118, Train: 0.9993, Valid: 0.9271, Test: 0.9582
Run: 03, Epoch: 99, Loss: 0.0000, lr: 0.000118, Train: 0.9993, Valid: 0.9271, Test: 0.9581
Run: 03, Epoch: 100, Loss: 0.0000, lr: 0.000118, Train: 0.9993, Valid: 0.9270, Test: 0.9581
Run 03:
Highest Train: 1.00
Highest Valid: 0.93
  Final Train: 1.00
   Final Test: 0.96
Run: 04, Epoch: 01, Loss: 0.0532, lr: 0.001000, Train: 0.3808, Valid: 0.1067, Test: 0.3755
Run: 04, Epoch: 02, Loss: 0.0185, lr: 0.001000, Train: 0.4341, Valid: 0.2011, Test: 0.4498
Run: 04, Epoch: 03, Loss: 0.0107, lr: 0.001000, Train: 0.5962, Valid: 0.4373, Test: 0.6195
Run: 04, Epoch: 04, Loss: 0.0065, lr: 0.001000, Train: 0.6094, Valid: 0.5170, Test: 0.6431
Run: 04, Epoch: 05, Loss: 0.0043, lr: 0.001000, Train: 0.6425, Valid: 0.5875, Test: 0.6721
Run: 04, Epoch: 06, Loss: 0.0032, lr: 0.001000, Train: 0.7131, Valid: 0.6853, Test: 0.7406
Run: 04, Epoch: 07, Loss: 0.0024, lr: 0.001000, Train: 0.8154, Valid: 0.8050, Test: 0.8331
Run: 04, Epoch: 08, Loss: 0.0024, lr: 0.001000, Train: 0.8639, Valid: 0.8621, Test: 0.8802
Run: 04, Epoch: 09, Loss: 0.0018, lr: 0.001000, Train: 0.8816, Valid: 0.8804, Test: 0.8994
Run: 04, Epoch: 10, Loss: 0.0013, lr: 0.001000, Train: 0.8699, Valid: 0.8770, Test: 0.8914
Run: 04, Epoch: 11, Loss: 0.0016, lr: 0.001000, Train: 0.8793, Valid: 0.8828, Test: 0.8964
Run: 04, Epoch: 12, Loss: 0.0013, lr: 0.001000, Train: 0.9050, Valid: 0.8968, Test: 0.9145
Run: 04, Epoch: 13, Loss: 0.0009, lr: 0.001000, Train: 0.9111, Valid: 0.8978, Test: 0.9147
Run: 04, Epoch: 14, Loss: 0.0010, lr: 0.001000, Train: 0.9047, Valid: 0.8863, Test: 0.9086
Run: 04, Epoch: 15, Loss: 0.0010, lr: 0.001000, Train: 0.9011, Valid: 0.8755, Test: 0.9093
Run: 04, Epoch: 16, Loss: 0.0008, lr: 0.001000, Train: 0.9001, Valid: 0.8746, Test: 0.9115
Run: 04, Epoch: 17, Loss: 0.0007, lr: 0.001000, Train: 0.9086, Valid: 0.8872, Test: 0.9175
Run: 04, Epoch: 18, Loss: 0.0007, lr: 0.001000, Train: 0.9196, Valid: 0.9029, Test: 0.9227
Run: 04, Epoch: 19, Loss: 0.0006, lr: 0.001000, Train: 0.9226, Valid: 0.9098, Test: 0.9180
Run: 04, Epoch: 20, Loss: 0.0006, lr: 0.001000, Train: 0.9236, Valid: 0.9107, Test: 0.9155
Run: 04, Epoch: 21, Loss: 0.0005, lr: 0.001000, Train: 0.9267, Valid: 0.9112, Test: 0.9209
Run: 04, Epoch: 22, Loss: 0.0005, lr: 0.001000, Train: 0.9276, Valid: 0.9166, Test: 0.9245
Run: 04, Epoch: 23, Loss: 0.0005, lr: 0.001000, Train: 0.9364, Valid: 0.9288, Test: 0.9289
Run: 04, Epoch: 24, Loss: 0.0004, lr: 0.001000, Train: 0.9489, Valid: 0.9425, Test: 0.9344
Run: 04, Epoch: 25, Loss: 0.0004, lr: 0.001000, Train: 0.9567, Valid: 0.9510, Test: 0.9401
Run: 04, Epoch: 26, Loss: 0.0004, lr: 0.001000, Train: 0.9601, Valid: 0.9537, Test: 0.9441
Run: 04, Epoch: 27, Loss: 0.0003, lr: 0.001000, Train: 0.9579, Valid: 0.9509, Test: 0.9443
Run: 04, Epoch: 28, Loss: 0.0003, lr: 0.001000, Train: 0.9527, Valid: 0.9453, Test: 0.9412
Run: 04, Epoch: 29, Loss: 0.0003, lr: 0.001000, Train: 0.9535, Valid: 0.9434, Test: 0.9397
Run: 04, Epoch: 30, Loss: 0.0003, lr: 0.001000, Train: 0.9615, Valid: 0.9481, Test: 0.9427
Run: 04, Epoch: 31, Loss: 0.0002, lr: 0.001000, Train: 0.9701, Valid: 0.9546, Test: 0.9485
Run: 04, Epoch: 32, Loss: 0.0002, lr: 0.001000, Train: 0.9753, Valid: 0.9585, Test: 0.9537
Run: 04, Epoch: 33, Loss: 0.0002, lr: 0.001000, Train: 0.9766, Valid: 0.9597, Test: 0.9561
Run: 04, Epoch: 34, Loss: 0.0002, lr: 0.001000, Train: 0.9781, Valid: 0.9613, Test: 0.9585
Run: 04, Epoch: 35, Loss: 0.0002, lr: 0.001000, Train: 0.9816, Valid: 0.9633, Test: 0.9611
Run: 04, Epoch: 36, Loss: 0.0002, lr: 0.001000, Train: 0.9844, Valid: 0.9640, Test: 0.9620
Run: 04, Epoch: 37, Loss: 0.0002, lr: 0.001000, Train: 0.9856, Valid: 0.9632, Test: 0.9623
Run: 04, Epoch: 38, Loss: 0.0002, lr: 0.001000, Train: 0.9862, Valid: 0.9618, Test: 0.9630
Run: 04, Epoch: 39, Loss: 0.0001, lr: 0.001000, Train: 0.9867, Valid: 0.9602, Test: 0.9640
Run: 04, Epoch: 40, Loss: 0.0001, lr: 0.001000, Train: 0.9880, Valid: 0.9588, Test: 0.9647
Run: 04, Epoch: 41, Loss: 0.0001, lr: 0.001000, Train: 0.9893, Valid: 0.9574, Test: 0.9641
Run: 04, Epoch: 42, Loss: 0.0001, lr: 0.001000, Train: 0.9895, Valid: 0.9561, Test: 0.9630
Run: 04, Epoch: 43, Loss: 0.0001, lr: 0.000700, Train: 0.9907, Valid: 0.9568, Test: 0.9636
Run: 04, Epoch: 44, Loss: 0.0001, lr: 0.000700, Train: 0.9921, Valid: 0.9584, Test: 0.9652
Run: 04, Epoch: 45, Loss: 0.0001, lr: 0.000700, Train: 0.9931, Valid: 0.9595, Test: 0.9665
Run: 04, Epoch: 46, Loss: 0.0001, lr: 0.000700, Train: 0.9940, Valid: 0.9596, Test: 0.9670
Run: 04, Epoch: 47, Loss: 0.0001, lr: 0.000700, Train: 0.9950, Valid: 0.9592, Test: 0.9671
Run: 04, Epoch: 48, Loss: 0.0001, lr: 0.000700, Train: 0.9959, Valid: 0.9590, Test: 0.9671
Run: 04, Epoch: 49, Loss: 0.0001, lr: 0.000490, Train: 0.9964, Valid: 0.9591, Test: 0.9672
Run: 04, Epoch: 50, Loss: 0.0001, lr: 0.000490, Train: 0.9967, Valid: 0.9590, Test: 0.9673
Run: 04, Epoch: 51, Loss: 0.0001, lr: 0.000490, Train: 0.9967, Valid: 0.9586, Test: 0.9673
Run: 04, Epoch: 52, Loss: 0.0001, lr: 0.000490, Train: 0.9966, Valid: 0.9578, Test: 0.9671
Run: 04, Epoch: 53, Loss: 0.0001, lr: 0.000490, Train: 0.9967, Valid: 0.9573, Test: 0.9669
Run: 04, Epoch: 54, Loss: 0.0001, lr: 0.000490, Train: 0.9971, Valid: 0.9571, Test: 0.9667
Run: 04, Epoch: 55, Loss: 0.0001, lr: 0.000343, Train: 0.9974, Valid: 0.9572, Test: 0.9666
Run: 04, Epoch: 56, Loss: 0.0001, lr: 0.000343, Train: 0.9976, Valid: 0.9573, Test: 0.9665
Run: 04, Epoch: 57, Loss: 0.0001, lr: 0.000343, Train: 0.9977, Valid: 0.9575, Test: 0.9666
Run: 04, Epoch: 58, Loss: 0.0001, lr: 0.000343, Train: 0.9978, Valid: 0.9577, Test: 0.9667
Run: 04, Epoch: 59, Loss: 0.0001, lr: 0.000343, Train: 0.9979, Valid: 0.9580, Test: 0.9669
Run: 04, Epoch: 60, Loss: 0.0001, lr: 0.000343, Train: 0.9980, Valid: 0.9583, Test: 0.9670
Run: 04, Epoch: 61, Loss: 0.0001, lr: 0.000240, Train: 0.9981, Valid: 0.9586, Test: 0.9670
Run: 04, Epoch: 62, Loss: 0.0001, lr: 0.000240, Train: 0.9982, Valid: 0.9589, Test: 0.9669
Run: 04, Epoch: 63, Loss: 0.0001, lr: 0.000240, Train: 0.9983, Valid: 0.9590, Test: 0.9668
Run: 04, Epoch: 64, Loss: 0.0001, lr: 0.000240, Train: 0.9984, Valid: 0.9591, Test: 0.9666
Run: 04, Epoch: 65, Loss: 0.0001, lr: 0.000240, Train: 0.9984, Valid: 0.9590, Test: 0.9666
Run: 04, Epoch: 66, Loss: 0.0001, lr: 0.000240, Train: 0.9984, Valid: 0.9589, Test: 0.9665
Run: 04, Epoch: 67, Loss: 0.0001, lr: 0.000168, Train: 0.9985, Valid: 0.9589, Test: 0.9666
Run: 04, Epoch: 68, Loss: 0.0001, lr: 0.000168, Train: 0.9985, Valid: 0.9589, Test: 0.9666
Run: 04, Epoch: 69, Loss: 0.0001, lr: 0.000168, Train: 0.9985, Valid: 0.9589, Test: 0.9666
Run: 04, Epoch: 70, Loss: 0.0001, lr: 0.000168, Train: 0.9985, Valid: 0.9589, Test: 0.9666
Run: 04, Epoch: 71, Loss: 0.0001, lr: 0.000168, Train: 0.9986, Valid: 0.9588, Test: 0.9666
Run: 04, Epoch: 72, Loss: 0.0001, lr: 0.000168, Train: 0.9986, Valid: 0.9588, Test: 0.9665
Run: 04, Epoch: 73, Loss: 0.0001, lr: 0.000118, Train: 0.9986, Valid: 0.9587, Test: 0.9665
Run: 04, Epoch: 74, Loss: 0.0001, lr: 0.000118, Train: 0.9986, Valid: 0.9587, Test: 0.9664
Run: 04, Epoch: 75, Loss: 0.0001, lr: 0.000118, Train: 0.9986, Valid: 0.9587, Test: 0.9663
Run: 04, Epoch: 76, Loss: 0.0001, lr: 0.000118, Train: 0.9986, Valid: 0.9587, Test: 0.9663
Run: 04, Epoch: 77, Loss: 0.0001, lr: 0.000118, Train: 0.9987, Valid: 0.9587, Test: 0.9663
Run: 04, Epoch: 78, Loss: 0.0001, lr: 0.000118, Train: 0.9987, Valid: 0.9587, Test: 0.9663
Run: 04, Epoch: 79, Loss: 0.0001, lr: 0.000082, Train: 0.9987, Valid: 0.9588, Test: 0.9663
Run: 04, Epoch: 80, Loss: 0.0001, lr: 0.000082, Train: 0.9987, Valid: 0.9588, Test: 0.9663
Run: 04, Epoch: 81, Loss: 0.0001, lr: 0.000082, Train: 0.9987, Valid: 0.9589, Test: 0.9663
Run: 04, Epoch: 82, Loss: 0.0001, lr: 0.000082, Train: 0.9987, Valid: 0.9590, Test: 0.9663
Run: 04, Epoch: 83, Loss: 0.0001, lr: 0.000082, Train: 0.9987, Valid: 0.9590, Test: 0.9664
Run: 04, Epoch: 84, Loss: 0.0001, lr: 0.000082, Train: 0.9987, Valid: 0.9590, Test: 0.9664
Run: 04, Epoch: 85, Loss: 0.0001, lr: 0.000058, Train: 0.9987, Valid: 0.9590, Test: 0.9664
Run: 04, Epoch: 86, Loss: 0.0001, lr: 0.000058, Train: 0.9987, Valid: 0.9590, Test: 0.9664
Run: 04, Epoch: 87, Loss: 0.0001, lr: 0.000058, Train: 0.9987, Valid: 0.9590, Test: 0.9664
Run: 04, Epoch: 88, Loss: 0.0001, lr: 0.000058, Train: 0.9987, Valid: 0.9590, Test: 0.9664
Run: 04, Epoch: 89, Loss: 0.0001, lr: 0.000058, Train: 0.9988, Valid: 0.9590, Test: 0.9663
Run: 04, Epoch: 90, Loss: 0.0001, lr: 0.000058, Train: 0.9988, Valid: 0.9590, Test: 0.9663
Run: 04, Epoch: 91, Loss: 0.0001, lr: 0.000040, Train: 0.9988, Valid: 0.9590, Test: 0.9663
Run: 04, Epoch: 92, Loss: 0.0000, lr: 0.000040, Train: 0.9988, Valid: 0.9590, Test: 0.9663
Run: 04, Epoch: 93, Loss: 0.0000, lr: 0.000040, Train: 0.9988, Valid: 0.9590, Test: 0.9663
Run: 04, Epoch: 94, Loss: 0.0000, lr: 0.000040, Train: 0.9988, Valid: 0.9590, Test: 0.9663
Run: 04, Epoch: 95, Loss: 0.0000, lr: 0.000040, Train: 0.9988, Valid: 0.9590, Test: 0.9663
Run: 04, Epoch: 96, Loss: 0.0000, lr: 0.000040, Train: 0.9988, Valid: 0.9590, Test: 0.9663
Run: 04, Epoch: 97, Loss: 0.0000, lr: 0.000028, Train: 0.9988, Valid: 0.9590, Test: 0.9663
Run: 04, Epoch: 98, Loss: 0.0000, lr: 0.000028, Train: 0.9988, Valid: 0.9590, Test: 0.9663
Run: 04, Epoch: 99, Loss: 0.0000, lr: 0.000028, Train: 0.9988, Valid: 0.9590, Test: 0.9663
Run: 04, Epoch: 100, Loss: 0.0000, lr: 0.000028, Train: 0.9988, Valid: 0.9590, Test: 0.9663
Run 04:
Highest Train: 1.00
Highest Valid: 0.96
  Final Train: 0.98
   Final Test: 0.96
Run: 05, Epoch: 01, Loss: 0.0474, lr: 0.001000, Train: 0.4515, Valid: 0.2144, Test: 0.2570
Run: 05, Epoch: 02, Loss: 0.0165, lr: 0.001000, Train: 0.6402, Valid: 0.4777, Test: 0.5280
Run: 05, Epoch: 03, Loss: 0.0089, lr: 0.001000, Train: 0.7806, Valid: 0.6159, Test: 0.6080
Run: 05, Epoch: 04, Loss: 0.0055, lr: 0.001000, Train: 0.8308, Valid: 0.7014, Test: 0.6506
Run: 05, Epoch: 05, Loss: 0.0051, lr: 0.001000, Train: 0.8783, Valid: 0.7861, Test: 0.7621
Run: 05, Epoch: 06, Loss: 0.0038, lr: 0.001000, Train: 0.8898, Valid: 0.7589, Test: 0.7968
Run: 05, Epoch: 07, Loss: 0.0026, lr: 0.001000, Train: 0.8847, Valid: 0.7162, Test: 0.7769
Run: 05, Epoch: 08, Loss: 0.0017, lr: 0.001000, Train: 0.8559, Valid: 0.6670, Test: 0.7429
Run: 05, Epoch: 09, Loss: 0.0018, lr: 0.001000, Train: 0.8553, Valid: 0.6461, Test: 0.7343
Run: 05, Epoch: 10, Loss: 0.0014, lr: 0.001000, Train: 0.8775, Valid: 0.6730, Test: 0.7480
Run: 05, Epoch: 11, Loss: 0.0013, lr: 0.001000, Train: 0.8895, Valid: 0.6955, Test: 0.7535
Run: 05, Epoch: 12, Loss: 0.0013, lr: 0.000700, Train: 0.8940, Valid: 0.7080, Test: 0.7498
Run: 05, Epoch: 13, Loss: 0.0012, lr: 0.000700, Train: 0.8906, Valid: 0.6948, Test: 0.7232
Run: 05, Epoch: 14, Loss: 0.0009, lr: 0.000700, Train: 0.8813, Valid: 0.6685, Test: 0.6826
Run: 05, Epoch: 15, Loss: 0.0008, lr: 0.000700, Train: 0.8755, Valid: 0.6625, Test: 0.6636
Run: 05, Epoch: 16, Loss: 0.0009, lr: 0.000700, Train: 0.8857, Valid: 0.7068, Test: 0.6963
Run: 05, Epoch: 17, Loss: 0.0009, lr: 0.000700, Train: 0.9075, Valid: 0.7815, Test: 0.7624
Run: 05, Epoch: 18, Loss: 0.0007, lr: 0.000490, Train: 0.9252, Valid: 0.8342, Test: 0.8153
Run: 05, Epoch: 19, Loss: 0.0007, lr: 0.000490, Train: 0.9370, Valid: 0.8597, Test: 0.8480
Run: 05, Epoch: 20, Loss: 0.0006, lr: 0.000490, Train: 0.9431, Valid: 0.8633, Test: 0.8599
Run: 05, Epoch: 21, Loss: 0.0006, lr: 0.000490, Train: 0.9460, Valid: 0.8565, Test: 0.8606
Run: 05, Epoch: 22, Loss: 0.0006, lr: 0.000490, Train: 0.9482, Valid: 0.8493, Test: 0.8596
Run: 05, Epoch: 23, Loss: 0.0005, lr: 0.000490, Train: 0.9516, Valid: 0.8483, Test: 0.8642
Run: 05, Epoch: 24, Loss: 0.0005, lr: 0.000490, Train: 0.9567, Valid: 0.8558, Test: 0.8745
Run: 05, Epoch: 25, Loss: 0.0005, lr: 0.000490, Train: 0.9629, Valid: 0.8700, Test: 0.8872
Run: 05, Epoch: 26, Loss: 0.0005, lr: 0.000490, Train: 0.9684, Valid: 0.8833, Test: 0.8981
Run: 05, Epoch: 27, Loss: 0.0004, lr: 0.000490, Train: 0.9721, Valid: 0.8906, Test: 0.9035
Run: 05, Epoch: 28, Loss: 0.0004, lr: 0.000490, Train: 0.9742, Valid: 0.8932, Test: 0.9033
Run: 05, Epoch: 29, Loss: 0.0004, lr: 0.000490, Train: 0.9758, Valid: 0.8939, Test: 0.9015
Run: 05, Epoch: 30, Loss: 0.0004, lr: 0.000490, Train: 0.9771, Valid: 0.8944, Test: 0.8997
Run: 05, Epoch: 31, Loss: 0.0004, lr: 0.000490, Train: 0.9780, Valid: 0.8932, Test: 0.8967
Run: 05, Epoch: 32, Loss: 0.0003, lr: 0.000490, Train: 0.9784, Valid: 0.8907, Test: 0.8922
Run: 05, Epoch: 33, Loss: 0.0003, lr: 0.000490, Train: 0.9788, Valid: 0.8883, Test: 0.8898
Run: 05, Epoch: 34, Loss: 0.0003, lr: 0.000490, Train: 0.9804, Valid: 0.8864, Test: 0.8940
Run: 05, Epoch: 35, Loss: 0.0003, lr: 0.000490, Train: 0.9832, Valid: 0.8854, Test: 0.9046
Run: 05, Epoch: 36, Loss: 0.0003, lr: 0.000490, Train: 0.9863, Valid: 0.8844, Test: 0.9170
Run: 05, Epoch: 37, Loss: 0.0003, lr: 0.000343, Train: 0.9885, Valid: 0.8836, Test: 0.9253
Run: 05, Epoch: 38, Loss: 0.0003, lr: 0.000343, Train: 0.9901, Valid: 0.8838, Test: 0.9304
Run: 05, Epoch: 39, Loss: 0.0003, lr: 0.000343, Train: 0.9911, Valid: 0.8850, Test: 0.9325
Run: 05, Epoch: 40, Loss: 0.0003, lr: 0.000343, Train: 0.9918, Valid: 0.8869, Test: 0.9326
Run: 05, Epoch: 41, Loss: 0.0002, lr: 0.000343, Train: 0.9924, Valid: 0.8884, Test: 0.9319
Run: 05, Epoch: 42, Loss: 0.0002, lr: 0.000343, Train: 0.9928, Valid: 0.8893, Test: 0.9313
Run: 05, Epoch: 43, Loss: 0.0002, lr: 0.000240, Train: 0.9933, Valid: 0.8890, Test: 0.9319
Run: 05, Epoch: 44, Loss: 0.0002, lr: 0.000240, Train: 0.9938, Valid: 0.8881, Test: 0.9329
Run: 05, Epoch: 45, Loss: 0.0002, lr: 0.000240, Train: 0.9942, Valid: 0.8867, Test: 0.9342
Run: 05, Epoch: 46, Loss: 0.0002, lr: 0.000240, Train: 0.9946, Valid: 0.8849, Test: 0.9355
Run: 05, Epoch: 47, Loss: 0.0002, lr: 0.000240, Train: 0.9950, Valid: 0.8830, Test: 0.9367
Run: 05, Epoch: 48, Loss: 0.0002, lr: 0.000240, Train: 0.9952, Valid: 0.8811, Test: 0.9377
Run: 05, Epoch: 49, Loss: 0.0002, lr: 0.000168, Train: 0.9954, Valid: 0.8798, Test: 0.9386
Run: 05, Epoch: 50, Loss: 0.0002, lr: 0.000168, Train: 0.9956, Valid: 0.8789, Test: 0.9392
Run: 05, Epoch: 51, Loss: 0.0002, lr: 0.000168, Train: 0.9957, Valid: 0.8782, Test: 0.9395
Run: 05, Epoch: 52, Loss: 0.0002, lr: 0.000168, Train: 0.9958, Valid: 0.8779, Test: 0.9395
Run: 05, Epoch: 53, Loss: 0.0002, lr: 0.000168, Train: 0.9959, Valid: 0.8777, Test: 0.9394
Run: 05, Epoch: 54, Loss: 0.0002, lr: 0.000168, Train: 0.9959, Valid: 0.8779, Test: 0.9391
Run: 05, Epoch: 55, Loss: 0.0002, lr: 0.000118, Train: 0.9960, Valid: 0.8780, Test: 0.9391
Run: 05, Epoch: 56, Loss: 0.0002, lr: 0.000118, Train: 0.9961, Valid: 0.8780, Test: 0.9392
Run: 05, Epoch: 57, Loss: 0.0002, lr: 0.000118, Train: 0.9962, Valid: 0.8780, Test: 0.9392
Run: 05, Epoch: 58, Loss: 0.0002, lr: 0.000118, Train: 0.9963, Valid: 0.8779, Test: 0.9394
Run: 05, Epoch: 59, Loss: 0.0002, lr: 0.000118, Train: 0.9964, Valid: 0.8777, Test: 0.9396
Run: 05, Epoch: 60, Loss: 0.0002, lr: 0.000118, Train: 0.9964, Valid: 0.8774, Test: 0.9399
Run: 05, Epoch: 61, Loss: 0.0002, lr: 0.000082, Train: 0.9965, Valid: 0.8771, Test: 0.9400
Run: 05, Epoch: 62, Loss: 0.0002, lr: 0.000082, Train: 0.9965, Valid: 0.8769, Test: 0.9402
Run: 05, Epoch: 63, Loss: 0.0002, lr: 0.000082, Train: 0.9965, Valid: 0.8767, Test: 0.9402
Run: 05, Epoch: 64, Loss: 0.0002, lr: 0.000082, Train: 0.9966, Valid: 0.8766, Test: 0.9403
Run: 05, Epoch: 65, Loss: 0.0002, lr: 0.000082, Train: 0.9966, Valid: 0.8765, Test: 0.9403
Run: 05, Epoch: 66, Loss: 0.0002, lr: 0.000082, Train: 0.9966, Valid: 0.8765, Test: 0.9403
Run: 05, Epoch: 67, Loss: 0.0002, lr: 0.000058, Train: 0.9967, Valid: 0.8765, Test: 0.9403
Run: 05, Epoch: 68, Loss: 0.0002, lr: 0.000058, Train: 0.9967, Valid: 0.8765, Test: 0.9402
Run: 05, Epoch: 69, Loss: 0.0002, lr: 0.000058, Train: 0.9967, Valid: 0.8766, Test: 0.9401
Run: 05, Epoch: 70, Loss: 0.0002, lr: 0.000058, Train: 0.9967, Valid: 0.8766, Test: 0.9400
Run: 05, Epoch: 71, Loss: 0.0002, lr: 0.000058, Train: 0.9967, Valid: 0.8765, Test: 0.9399
Run: 05, Epoch: 72, Loss: 0.0002, lr: 0.000058, Train: 0.9968, Valid: 0.8764, Test: 0.9398
Run: 05, Epoch: 73, Loss: 0.0002, lr: 0.000040, Train: 0.9968, Valid: 0.8764, Test: 0.9398
Run: 05, Epoch: 74, Loss: 0.0002, lr: 0.000040, Train: 0.9968, Valid: 0.8763, Test: 0.9398
Run: 05, Epoch: 75, Loss: 0.0002, lr: 0.000040, Train: 0.9968, Valid: 0.8763, Test: 0.9397
Run: 05, Epoch: 76, Loss: 0.0002, lr: 0.000040, Train: 0.9968, Valid: 0.8762, Test: 0.9397
Run: 05, Epoch: 77, Loss: 0.0002, lr: 0.000040, Train: 0.9968, Valid: 0.8761, Test: 0.9396
Run: 05, Epoch: 78, Loss: 0.0002, lr: 0.000040, Train: 0.9969, Valid: 0.8760, Test: 0.9396
Run: 05, Epoch: 79, Loss: 0.0002, lr: 0.000028, Train: 0.9969, Valid: 0.8760, Test: 0.9395
Run: 05, Epoch: 80, Loss: 0.0002, lr: 0.000028, Train: 0.9969, Valid: 0.8760, Test: 0.9395
Run: 05, Epoch: 81, Loss: 0.0002, lr: 0.000028, Train: 0.9969, Valid: 0.8760, Test: 0.9395
Run: 05, Epoch: 82, Loss: 0.0002, lr: 0.000028, Train: 0.9969, Valid: 0.8759, Test: 0.9394
Run: 05, Epoch: 83, Loss: 0.0002, lr: 0.000028, Train: 0.9969, Valid: 0.8760, Test: 0.9394
Run: 05, Epoch: 84, Loss: 0.0001, lr: 0.000028, Train: 0.9969, Valid: 0.8760, Test: 0.9393
Run: 05, Epoch: 85, Loss: 0.0001, lr: 0.000020, Train: 0.9969, Valid: 0.8760, Test: 0.9393
Run: 05, Epoch: 86, Loss: 0.0001, lr: 0.000020, Train: 0.9969, Valid: 0.8760, Test: 0.9393
Run: 05, Epoch: 87, Loss: 0.0001, lr: 0.000020, Train: 0.9970, Valid: 0.8761, Test: 0.9393
Run: 05, Epoch: 88, Loss: 0.0001, lr: 0.000020, Train: 0.9970, Valid: 0.8761, Test: 0.9393
Run: 05, Epoch: 89, Loss: 0.0001, lr: 0.000020, Train: 0.9970, Valid: 0.8761, Test: 0.9393
Run: 05, Epoch: 90, Loss: 0.0001, lr: 0.000020, Train: 0.9970, Valid: 0.8761, Test: 0.9393
Run: 05, Epoch: 91, Loss: 0.0001, lr: 0.000014, Train: 0.9970, Valid: 0.8761, Test: 0.9392
Run: 05, Epoch: 92, Loss: 0.0001, lr: 0.000014, Train: 0.9970, Valid: 0.8761, Test: 0.9392
Run: 05, Epoch: 93, Loss: 0.0001, lr: 0.000014, Train: 0.9970, Valid: 0.8761, Test: 0.9392
Run: 05, Epoch: 94, Loss: 0.0001, lr: 0.000014, Train: 0.9970, Valid: 0.8761, Test: 0.9392
Run: 05, Epoch: 95, Loss: 0.0001, lr: 0.000014, Train: 0.9970, Valid: 0.8761, Test: 0.9392
Run: 05, Epoch: 96, Loss: 0.0001, lr: 0.000014, Train: 0.9970, Valid: 0.8761, Test: 0.9392
Run: 05, Epoch: 97, Loss: 0.0001, lr: 0.000010, Train: 0.9970, Valid: 0.8761, Test: 0.9392
Run: 05, Epoch: 98, Loss: 0.0001, lr: 0.000010, Train: 0.9970, Valid: 0.8761, Test: 0.9391
Run: 05, Epoch: 99, Loss: 0.0001, lr: 0.000010, Train: 0.9970, Valid: 0.8761, Test: 0.9391
Run: 05, Epoch: 100, Loss: 0.0001, lr: 0.000010, Train: 0.9970, Valid: 0.8761, Test: 0.9391
Run 05:
Highest Train: 1.00
Highest Valid: 0.89
  Final Train: 0.98
   Final Test: 0.90
Run: 06, Epoch: 01, Loss: 0.0398, lr: 0.001000, Train: 0.5470, Valid: 0.4367, Test: 0.5827
Run: 06, Epoch: 02, Loss: 0.0135, lr: 0.001000, Train: 0.7253, Valid: 0.5867, Test: 0.7137
Run: 06, Epoch: 03, Loss: 0.0114, lr: 0.001000, Train: 0.8065, Valid: 0.7298, Test: 0.8408
Run: 06, Epoch: 04, Loss: 0.0058, lr: 0.001000, Train: 0.8232, Valid: 0.7924, Test: 0.8531
Run: 06, Epoch: 05, Loss: 0.0051, lr: 0.001000, Train: 0.8714, Valid: 0.8391, Test: 0.8773
Run: 06, Epoch: 06, Loss: 0.0036, lr: 0.001000, Train: 0.8275, Valid: 0.7621, Test: 0.7715
Run: 06, Epoch: 07, Loss: 0.0023, lr: 0.001000, Train: 0.7530, Valid: 0.6874, Test: 0.6962
Run: 06, Epoch: 08, Loss: 0.0016, lr: 0.001000, Train: 0.7391, Valid: 0.7048, Test: 0.7172
Run: 06, Epoch: 09, Loss: 0.0019, lr: 0.001000, Train: 0.8080, Valid: 0.7865, Test: 0.7997
Run: 06, Epoch: 10, Loss: 0.0018, lr: 0.001000, Train: 0.8603, Valid: 0.8350, Test: 0.8407
Run: 06, Epoch: 11, Loss: 0.0015, lr: 0.001000, Train: 0.8679, Valid: 0.8442, Test: 0.8395
Run: 06, Epoch: 12, Loss: 0.0011, lr: 0.001000, Train: 0.8531, Valid: 0.8400, Test: 0.8355
Run: 06, Epoch: 13, Loss: 0.0010, lr: 0.001000, Train: 0.8411, Valid: 0.8383, Test: 0.8532
Run: 06, Epoch: 14, Loss: 0.0010, lr: 0.001000, Train: 0.8383, Valid: 0.8368, Test: 0.8769
Run: 06, Epoch: 15, Loss: 0.0010, lr: 0.001000, Train: 0.8369, Valid: 0.8283, Test: 0.8784
Run: 06, Epoch: 16, Loss: 0.0009, lr: 0.001000, Train: 0.8441, Valid: 0.8234, Test: 0.8784
Run: 06, Epoch: 17, Loss: 0.0007, lr: 0.001000, Train: 0.8531, Valid: 0.8197, Test: 0.8708
Run: 06, Epoch: 18, Loss: 0.0006, lr: 0.000700, Train: 0.8623, Valid: 0.8228, Test: 0.8666
Run: 06, Epoch: 19, Loss: 0.0006, lr: 0.000700, Train: 0.8723, Valid: 0.8289, Test: 0.8696
Run: 06, Epoch: 20, Loss: 0.0006, lr: 0.000700, Train: 0.8884, Valid: 0.8421, Test: 0.8819
Run: 06, Epoch: 21, Loss: 0.0005, lr: 0.000700, Train: 0.9073, Valid: 0.8576, Test: 0.8976
Run: 06, Epoch: 22, Loss: 0.0005, lr: 0.000700, Train: 0.9229, Valid: 0.8701, Test: 0.9084
Run: 06, Epoch: 23, Loss: 0.0005, lr: 0.000700, Train: 0.9332, Valid: 0.8776, Test: 0.9112
Run: 06, Epoch: 24, Loss: 0.0005, lr: 0.000700, Train: 0.9393, Valid: 0.8823, Test: 0.9080
Run: 06, Epoch: 25, Loss: 0.0004, lr: 0.000700, Train: 0.9436, Valid: 0.8862, Test: 0.9034
Run: 06, Epoch: 26, Loss: 0.0004, lr: 0.000700, Train: 0.9491, Valid: 0.8909, Test: 0.9050
Run: 06, Epoch: 27, Loss: 0.0004, lr: 0.000700, Train: 0.9570, Valid: 0.8970, Test: 0.9155
Run: 06, Epoch: 28, Loss: 0.0003, lr: 0.000700, Train: 0.9638, Valid: 0.9038, Test: 0.9295
Run: 06, Epoch: 29, Loss: 0.0003, lr: 0.000700, Train: 0.9673, Valid: 0.9091, Test: 0.9395
Run: 06, Epoch: 30, Loss: 0.0003, lr: 0.000700, Train: 0.9692, Valid: 0.9130, Test: 0.9432
Run: 06, Epoch: 31, Loss: 0.0003, lr: 0.000700, Train: 0.9720, Valid: 0.9185, Test: 0.9440
Run: 06, Epoch: 32, Loss: 0.0003, lr: 0.000700, Train: 0.9760, Valid: 0.9248, Test: 0.9441
Run: 06, Epoch: 33, Loss: 0.0003, lr: 0.000700, Train: 0.9800, Valid: 0.9302, Test: 0.9437
Run: 06, Epoch: 34, Loss: 0.0003, lr: 0.000700, Train: 0.9833, Valid: 0.9341, Test: 0.9440
Run: 06, Epoch: 35, Loss: 0.0003, lr: 0.000700, Train: 0.9857, Valid: 0.9365, Test: 0.9458
Run: 06, Epoch: 36, Loss: 0.0003, lr: 0.000700, Train: 0.9871, Valid: 0.9376, Test: 0.9482
Run: 06, Epoch: 37, Loss: 0.0002, lr: 0.000700, Train: 0.9880, Valid: 0.9382, Test: 0.9499
Run: 06, Epoch: 38, Loss: 0.0002, lr: 0.000700, Train: 0.9887, Valid: 0.9390, Test: 0.9504
Run: 06, Epoch: 39, Loss: 0.0002, lr: 0.000700, Train: 0.9897, Valid: 0.9401, Test: 0.9499
Run: 06, Epoch: 40, Loss: 0.0002, lr: 0.000700, Train: 0.9911, Valid: 0.9414, Test: 0.9491
Run: 06, Epoch: 41, Loss: 0.0002, lr: 0.000700, Train: 0.9922, Valid: 0.9431, Test: 0.9483
Run: 06, Epoch: 42, Loss: 0.0002, lr: 0.000700, Train: 0.9926, Valid: 0.9444, Test: 0.9476
Run: 06, Epoch: 43, Loss: 0.0002, lr: 0.000700, Train: 0.9926, Valid: 0.9457, Test: 0.9474
Run: 06, Epoch: 44, Loss: 0.0002, lr: 0.000700, Train: 0.9929, Valid: 0.9471, Test: 0.9484
Run: 06, Epoch: 45, Loss: 0.0002, lr: 0.000700, Train: 0.9937, Valid: 0.9487, Test: 0.9503
Run: 06, Epoch: 46, Loss: 0.0002, lr: 0.000700, Train: 0.9946, Valid: 0.9500, Test: 0.9523
Run: 06, Epoch: 47, Loss: 0.0002, lr: 0.000700, Train: 0.9953, Valid: 0.9506, Test: 0.9532
Run: 06, Epoch: 48, Loss: 0.0002, lr: 0.000700, Train: 0.9956, Valid: 0.9506, Test: 0.9531
Run: 06, Epoch: 49, Loss: 0.0002, lr: 0.000700, Train: 0.9958, Valid: 0.9505, Test: 0.9522
Run: 06, Epoch: 50, Loss: 0.0001, lr: 0.000700, Train: 0.9959, Valid: 0.9505, Test: 0.9517
Run: 06, Epoch: 51, Loss: 0.0001, lr: 0.000700, Train: 0.9961, Valid: 0.9508, Test: 0.9524
Run: 06, Epoch: 52, Loss: 0.0001, lr: 0.000700, Train: 0.9964, Valid: 0.9511, Test: 0.9535
Run: 06, Epoch: 53, Loss: 0.0001, lr: 0.000700, Train: 0.9965, Valid: 0.9510, Test: 0.9540
Run: 06, Epoch: 54, Loss: 0.0001, lr: 0.000700, Train: 0.9965, Valid: 0.9506, Test: 0.9536
Run: 06, Epoch: 55, Loss: 0.0001, lr: 0.000700, Train: 0.9966, Valid: 0.9499, Test: 0.9525
Run: 06, Epoch: 56, Loss: 0.0001, lr: 0.000700, Train: 0.9966, Valid: 0.9494, Test: 0.9515
Run: 06, Epoch: 57, Loss: 0.0001, lr: 0.000700, Train: 0.9968, Valid: 0.9492, Test: 0.9517
Run: 06, Epoch: 58, Loss: 0.0001, lr: 0.000700, Train: 0.9970, Valid: 0.9495, Test: 0.9526
Run: 06, Epoch: 59, Loss: 0.0001, lr: 0.000490, Train: 0.9971, Valid: 0.9499, Test: 0.9531
Run: 06, Epoch: 60, Loss: 0.0001, lr: 0.000490, Train: 0.9972, Valid: 0.9502, Test: 0.9533
Run: 06, Epoch: 61, Loss: 0.0001, lr: 0.000490, Train: 0.9973, Valid: 0.9505, Test: 0.9532
Run: 06, Epoch: 62, Loss: 0.0001, lr: 0.000490, Train: 0.9973, Valid: 0.9506, Test: 0.9530
Run: 06, Epoch: 63, Loss: 0.0001, lr: 0.000490, Train: 0.9974, Valid: 0.9507, Test: 0.9528
Run: 06, Epoch: 64, Loss: 0.0001, lr: 0.000490, Train: 0.9975, Valid: 0.9506, Test: 0.9527
Run: 06, Epoch: 65, Loss: 0.0001, lr: 0.000343, Train: 0.9976, Valid: 0.9505, Test: 0.9526
Run: 06, Epoch: 66, Loss: 0.0001, lr: 0.000343, Train: 0.9977, Valid: 0.9504, Test: 0.9525
Run: 06, Epoch: 67, Loss: 0.0001, lr: 0.000343, Train: 0.9978, Valid: 0.9503, Test: 0.9524
Run: 06, Epoch: 68, Loss: 0.0001, lr: 0.000343, Train: 0.9978, Valid: 0.9502, Test: 0.9522
Run: 06, Epoch: 69, Loss: 0.0001, lr: 0.000343, Train: 0.9979, Valid: 0.9502, Test: 0.9521
Run: 06, Epoch: 70, Loss: 0.0001, lr: 0.000343, Train: 0.9979, Valid: 0.9502, Test: 0.9519
Run: 06, Epoch: 71, Loss: 0.0001, lr: 0.000240, Train: 0.9979, Valid: 0.9502, Test: 0.9517
Run: 06, Epoch: 72, Loss: 0.0001, lr: 0.000240, Train: 0.9980, Valid: 0.9503, Test: 0.9515
Run: 06, Epoch: 73, Loss: 0.0001, lr: 0.000240, Train: 0.9980, Valid: 0.9503, Test: 0.9513
Run: 06, Epoch: 74, Loss: 0.0001, lr: 0.000240, Train: 0.9980, Valid: 0.9503, Test: 0.9511
Run: 06, Epoch: 75, Loss: 0.0001, lr: 0.000240, Train: 0.9980, Valid: 0.9502, Test: 0.9510
Run: 06, Epoch: 76, Loss: 0.0001, lr: 0.000240, Train: 0.9981, Valid: 0.9501, Test: 0.9511
Run: 06, Epoch: 77, Loss: 0.0001, lr: 0.000168, Train: 0.9981, Valid: 0.9500, Test: 0.9511
Run: 06, Epoch: 78, Loss: 0.0001, lr: 0.000168, Train: 0.9981, Valid: 0.9498, Test: 0.9512
Run: 06, Epoch: 79, Loss: 0.0001, lr: 0.000168, Train: 0.9981, Valid: 0.9497, Test: 0.9512
Run: 06, Epoch: 80, Loss: 0.0001, lr: 0.000168, Train: 0.9981, Valid: 0.9497, Test: 0.9512
Run: 06, Epoch: 81, Loss: 0.0001, lr: 0.000168, Train: 0.9981, Valid: 0.9496, Test: 0.9512
Run: 06, Epoch: 82, Loss: 0.0001, lr: 0.000168, Train: 0.9982, Valid: 0.9496, Test: 0.9511
Run: 06, Epoch: 83, Loss: 0.0001, lr: 0.000118, Train: 0.9982, Valid: 0.9496, Test: 0.9509
Run: 06, Epoch: 84, Loss: 0.0001, lr: 0.000118, Train: 0.9982, Valid: 0.9496, Test: 0.9508
Run: 06, Epoch: 85, Loss: 0.0001, lr: 0.000118, Train: 0.9982, Valid: 0.9496, Test: 0.9506
Run: 06, Epoch: 86, Loss: 0.0001, lr: 0.000118, Train: 0.9982, Valid: 0.9497, Test: 0.9505
Run: 06, Epoch: 87, Loss: 0.0001, lr: 0.000118, Train: 0.9982, Valid: 0.9497, Test: 0.9504
Run: 06, Epoch: 88, Loss: 0.0001, lr: 0.000118, Train: 0.9982, Valid: 0.9497, Test: 0.9504
Run: 06, Epoch: 89, Loss: 0.0001, lr: 0.000082, Train: 0.9983, Valid: 0.9497, Test: 0.9504
Run: 06, Epoch: 90, Loss: 0.0001, lr: 0.000082, Train: 0.9983, Valid: 0.9497, Test: 0.9504
Run: 06, Epoch: 91, Loss: 0.0001, lr: 0.000082, Train: 0.9983, Valid: 0.9497, Test: 0.9504
Run: 06, Epoch: 92, Loss: 0.0001, lr: 0.000082, Train: 0.9983, Valid: 0.9496, Test: 0.9504
Run: 06, Epoch: 93, Loss: 0.0001, lr: 0.000082, Train: 0.9983, Valid: 0.9496, Test: 0.9504
Run: 06, Epoch: 94, Loss: 0.0001, lr: 0.000082, Train: 0.9983, Valid: 0.9496, Test: 0.9503
Run: 06, Epoch: 95, Loss: 0.0001, lr: 0.000058, Train: 0.9983, Valid: 0.9495, Test: 0.9503
Run: 06, Epoch: 96, Loss: 0.0001, lr: 0.000058, Train: 0.9983, Valid: 0.9495, Test: 0.9502
Run: 06, Epoch: 97, Loss: 0.0001, lr: 0.000058, Train: 0.9983, Valid: 0.9495, Test: 0.9502
Run: 06, Epoch: 98, Loss: 0.0001, lr: 0.000058, Train: 0.9983, Valid: 0.9494, Test: 0.9501
Run: 06, Epoch: 99, Loss: 0.0001, lr: 0.000058, Train: 0.9983, Valid: 0.9494, Test: 0.9500
Run: 06, Epoch: 100, Loss: 0.0001, lr: 0.000058, Train: 0.9983, Valid: 0.9494, Test: 0.9500
Run 06:
Highest Train: 1.00
Highest Valid: 0.95
  Final Train: 1.00
   Final Test: 0.95
Run: 07, Epoch: 01, Loss: 0.0574, lr: 0.001000, Train: -0.0162, Valid: -0.2083, Test: -0.1456
Run: 07, Epoch: 02, Loss: 0.0190, lr: 0.001000, Train: -0.1026, Valid: -0.4124, Test: -0.2529
Run: 07, Epoch: 03, Loss: 0.0143, lr: 0.001000, Train: 0.1854, Valid: -0.0828, Test: 0.0756
Run: 07, Epoch: 04, Loss: 0.0083, lr: 0.001000, Train: 0.6617, Valid: 0.6108, Test: 0.5967
Run: 07, Epoch: 05, Loss: 0.0065, lr: 0.001000, Train: 0.8743, Valid: 0.8677, Test: 0.8519
Run: 07, Epoch: 06, Loss: 0.0056, lr: 0.001000, Train: 0.8829, Valid: 0.8935, Test: 0.8791
Run: 07, Epoch: 07, Loss: 0.0033, lr: 0.001000, Train: 0.8701, Valid: 0.9191, Test: 0.8855
Run: 07, Epoch: 08, Loss: 0.0023, lr: 0.001000, Train: 0.8439, Valid: 0.9117, Test: 0.8848
Run: 07, Epoch: 09, Loss: 0.0018, lr: 0.001000, Train: 0.8242, Valid: 0.8806, Test: 0.8853
Run: 07, Epoch: 10, Loss: 0.0017, lr: 0.001000, Train: 0.8557, Valid: 0.9008, Test: 0.8960
Run: 07, Epoch: 11, Loss: 0.0016, lr: 0.001000, Train: 0.8891, Valid: 0.9329, Test: 0.9012
Run: 07, Epoch: 12, Loss: 0.0015, lr: 0.001000, Train: 0.8880, Valid: 0.9371, Test: 0.8963
Run: 07, Epoch: 13, Loss: 0.0016, lr: 0.001000, Train: 0.8810, Valid: 0.9354, Test: 0.8944
Run: 07, Epoch: 14, Loss: 0.0014, lr: 0.001000, Train: 0.8878, Valid: 0.9356, Test: 0.8937
Run: 07, Epoch: 15, Loss: 0.0011, lr: 0.001000, Train: 0.9057, Valid: 0.9465, Test: 0.8903
Run: 07, Epoch: 16, Loss: 0.0008, lr: 0.001000, Train: 0.8990, Valid: 0.9438, Test: 0.8771
Run: 07, Epoch: 17, Loss: 0.0007, lr: 0.001000, Train: 0.8875, Valid: 0.9390, Test: 0.8698
Run: 07, Epoch: 18, Loss: 0.0007, lr: 0.001000, Train: 0.8854, Valid: 0.9352, Test: 0.8704
Run: 07, Epoch: 19, Loss: 0.0006, lr: 0.001000, Train: 0.8911, Valid: 0.9302, Test: 0.8748
Run: 07, Epoch: 20, Loss: 0.0006, lr: 0.001000, Train: 0.9030, Valid: 0.9336, Test: 0.8818
Run: 07, Epoch: 21, Loss: 0.0006, lr: 0.001000, Train: 0.9053, Valid: 0.9370, Test: 0.8811
Run: 07, Epoch: 22, Loss: 0.0005, lr: 0.000700, Train: 0.9014, Valid: 0.9349, Test: 0.8774
Run: 07, Epoch: 23, Loss: 0.0005, lr: 0.000700, Train: 0.8960, Valid: 0.9300, Test: 0.8733
Run: 07, Epoch: 24, Loss: 0.0004, lr: 0.000700, Train: 0.9002, Valid: 0.9289, Test: 0.8761
Run: 07, Epoch: 25, Loss: 0.0004, lr: 0.000700, Train: 0.9152, Valid: 0.9344, Test: 0.8873
Run: 07, Epoch: 26, Loss: 0.0004, lr: 0.000700, Train: 0.9308, Valid: 0.9426, Test: 0.9005
Run: 07, Epoch: 27, Loss: 0.0003, lr: 0.000700, Train: 0.9392, Valid: 0.9489, Test: 0.9096
Run: 07, Epoch: 28, Loss: 0.0003, lr: 0.000700, Train: 0.9409, Valid: 0.9513, Test: 0.9142
Run: 07, Epoch: 29, Loss: 0.0003, lr: 0.000700, Train: 0.9421, Valid: 0.9525, Test: 0.9176
Run: 07, Epoch: 30, Loss: 0.0003, lr: 0.000700, Train: 0.9484, Valid: 0.9553, Test: 0.9234
Run: 07, Epoch: 31, Loss: 0.0002, lr: 0.000700, Train: 0.9582, Valid: 0.9598, Test: 0.9314
Run: 07, Epoch: 32, Loss: 0.0002, lr: 0.000700, Train: 0.9660, Valid: 0.9634, Test: 0.9378
Run: 07, Epoch: 33, Loss: 0.0002, lr: 0.000700, Train: 0.9698, Valid: 0.9647, Test: 0.9410
Run: 07, Epoch: 34, Loss: 0.0002, lr: 0.000700, Train: 0.9716, Valid: 0.9649, Test: 0.9426
Run: 07, Epoch: 35, Loss: 0.0002, lr: 0.000700, Train: 0.9742, Valid: 0.9654, Test: 0.9451
Run: 07, Epoch: 36, Loss: 0.0002, lr: 0.000700, Train: 0.9788, Valid: 0.9668, Test: 0.9494
Run: 07, Epoch: 37, Loss: 0.0002, lr: 0.000700, Train: 0.9832, Valid: 0.9672, Test: 0.9536
Run: 07, Epoch: 38, Loss: 0.0002, lr: 0.000700, Train: 0.9851, Valid: 0.9650, Test: 0.9554
Run: 07, Epoch: 39, Loss: 0.0001, lr: 0.000700, Train: 0.9845, Valid: 0.9610, Test: 0.9551
Run: 07, Epoch: 40, Loss: 0.0001, lr: 0.000700, Train: 0.9836, Valid: 0.9582, Test: 0.9544
Run: 07, Epoch: 41, Loss: 0.0001, lr: 0.000700, Train: 0.9843, Valid: 0.9574, Test: 0.9550
Run: 07, Epoch: 42, Loss: 0.0001, lr: 0.000700, Train: 0.9855, Valid: 0.9565, Test: 0.9561
Run: 07, Epoch: 43, Loss: 0.0001, lr: 0.000700, Train: 0.9852, Valid: 0.9532, Test: 0.9563
Run: 07, Epoch: 44, Loss: 0.0001, lr: 0.000490, Train: 0.9850, Valid: 0.9505, Test: 0.9563
Run: 07, Epoch: 45, Loss: 0.0001, lr: 0.000490, Train: 0.9849, Valid: 0.9488, Test: 0.9564
Run: 07, Epoch: 46, Loss: 0.0001, lr: 0.000490, Train: 0.9863, Valid: 0.9493, Test: 0.9573
Run: 07, Epoch: 47, Loss: 0.0001, lr: 0.000490, Train: 0.9887, Valid: 0.9515, Test: 0.9587
Run: 07, Epoch: 48, Loss: 0.0001, lr: 0.000490, Train: 0.9908, Valid: 0.9534, Test: 0.9601
Run: 07, Epoch: 49, Loss: 0.0001, lr: 0.000490, Train: 0.9923, Valid: 0.9539, Test: 0.9609
Run: 07, Epoch: 50, Loss: 0.0001, lr: 0.000343, Train: 0.9933, Valid: 0.9538, Test: 0.9614
Run: 07, Epoch: 51, Loss: 0.0001, lr: 0.000343, Train: 0.9942, Valid: 0.9535, Test: 0.9617
Run: 07, Epoch: 52, Loss: 0.0001, lr: 0.000343, Train: 0.9951, Valid: 0.9536, Test: 0.9620
Run: 07, Epoch: 53, Loss: 0.0001, lr: 0.000343, Train: 0.9960, Valid: 0.9543, Test: 0.9624
Run: 07, Epoch: 54, Loss: 0.0001, lr: 0.000343, Train: 0.9966, Valid: 0.9552, Test: 0.9626
Run: 07, Epoch: 55, Loss: 0.0001, lr: 0.000343, Train: 0.9970, Valid: 0.9557, Test: 0.9627
Run: 07, Epoch: 56, Loss: 0.0001, lr: 0.000240, Train: 0.9973, Valid: 0.9557, Test: 0.9627
Run: 07, Epoch: 57, Loss: 0.0001, lr: 0.000240, Train: 0.9974, Valid: 0.9553, Test: 0.9626
Run: 07, Epoch: 58, Loss: 0.0001, lr: 0.000240, Train: 0.9975, Valid: 0.9548, Test: 0.9626
Run: 07, Epoch: 59, Loss: 0.0001, lr: 0.000240, Train: 0.9976, Valid: 0.9544, Test: 0.9626
Run: 07, Epoch: 60, Loss: 0.0001, lr: 0.000240, Train: 0.9978, Valid: 0.9542, Test: 0.9627
Run: 07, Epoch: 61, Loss: 0.0001, lr: 0.000240, Train: 0.9980, Valid: 0.9542, Test: 0.9627
Run: 07, Epoch: 62, Loss: 0.0001, lr: 0.000168, Train: 0.9981, Valid: 0.9542, Test: 0.9628
Run: 07, Epoch: 63, Loss: 0.0001, lr: 0.000168, Train: 0.9982, Valid: 0.9541, Test: 0.9627
Run: 07, Epoch: 64, Loss: 0.0001, lr: 0.000168, Train: 0.9983, Valid: 0.9539, Test: 0.9627
Run: 07, Epoch: 65, Loss: 0.0001, lr: 0.000168, Train: 0.9983, Valid: 0.9537, Test: 0.9627
Run: 07, Epoch: 66, Loss: 0.0001, lr: 0.000168, Train: 0.9984, Valid: 0.9533, Test: 0.9626
Run: 07, Epoch: 67, Loss: 0.0001, lr: 0.000168, Train: 0.9984, Valid: 0.9531, Test: 0.9625
Run: 07, Epoch: 68, Loss: 0.0001, lr: 0.000118, Train: 0.9985, Valid: 0.9529, Test: 0.9625
Run: 07, Epoch: 69, Loss: 0.0001, lr: 0.000118, Train: 0.9985, Valid: 0.9529, Test: 0.9625
Run: 07, Epoch: 70, Loss: 0.0000, lr: 0.000118, Train: 0.9986, Valid: 0.9529, Test: 0.9624
Run: 07, Epoch: 71, Loss: 0.0000, lr: 0.000118, Train: 0.9986, Valid: 0.9530, Test: 0.9624
Run: 07, Epoch: 72, Loss: 0.0000, lr: 0.000118, Train: 0.9986, Valid: 0.9530, Test: 0.9623
Run: 07, Epoch: 73, Loss: 0.0000, lr: 0.000118, Train: 0.9987, Valid: 0.9531, Test: 0.9623
Run: 07, Epoch: 74, Loss: 0.0000, lr: 0.000082, Train: 0.9987, Valid: 0.9531, Test: 0.9622
Run: 07, Epoch: 75, Loss: 0.0000, lr: 0.000082, Train: 0.9987, Valid: 0.9531, Test: 0.9622
Run: 07, Epoch: 76, Loss: 0.0000, lr: 0.000082, Train: 0.9987, Valid: 0.9531, Test: 0.9621
Run: 07, Epoch: 77, Loss: 0.0000, lr: 0.000082, Train: 0.9987, Valid: 0.9531, Test: 0.9621
Run: 07, Epoch: 78, Loss: 0.0000, lr: 0.000082, Train: 0.9988, Valid: 0.9530, Test: 0.9620
Run: 07, Epoch: 79, Loss: 0.0000, lr: 0.000082, Train: 0.9988, Valid: 0.9530, Test: 0.9620
Run: 07, Epoch: 80, Loss: 0.0000, lr: 0.000058, Train: 0.9988, Valid: 0.9530, Test: 0.9619
Run: 07, Epoch: 81, Loss: 0.0000, lr: 0.000058, Train: 0.9988, Valid: 0.9530, Test: 0.9619
Run: 07, Epoch: 82, Loss: 0.0000, lr: 0.000058, Train: 0.9988, Valid: 0.9530, Test: 0.9618
Run: 07, Epoch: 83, Loss: 0.0000, lr: 0.000058, Train: 0.9988, Valid: 0.9531, Test: 0.9618
Run: 07, Epoch: 84, Loss: 0.0000, lr: 0.000058, Train: 0.9988, Valid: 0.9531, Test: 0.9618
Run: 07, Epoch: 85, Loss: 0.0000, lr: 0.000058, Train: 0.9988, Valid: 0.9531, Test: 0.9618
Run: 07, Epoch: 86, Loss: 0.0000, lr: 0.000040, Train: 0.9988, Valid: 0.9531, Test: 0.9617
Run: 07, Epoch: 87, Loss: 0.0000, lr: 0.000040, Train: 0.9988, Valid: 0.9530, Test: 0.9617
Run: 07, Epoch: 88, Loss: 0.0000, lr: 0.000040, Train: 0.9989, Valid: 0.9530, Test: 0.9617
Run: 07, Epoch: 89, Loss: 0.0000, lr: 0.000040, Train: 0.9989, Valid: 0.9530, Test: 0.9616
Run: 07, Epoch: 90, Loss: 0.0000, lr: 0.000040, Train: 0.9989, Valid: 0.9530, Test: 0.9616
Run: 07, Epoch: 91, Loss: 0.0000, lr: 0.000040, Train: 0.9989, Valid: 0.9530, Test: 0.9616
Run: 07, Epoch: 92, Loss: 0.0000, lr: 0.000028, Train: 0.9989, Valid: 0.9530, Test: 0.9616
Run: 07, Epoch: 93, Loss: 0.0000, lr: 0.000028, Train: 0.9989, Valid: 0.9530, Test: 0.9615
Run: 07, Epoch: 94, Loss: 0.0000, lr: 0.000028, Train: 0.9989, Valid: 0.9529, Test: 0.9615
Run: 07, Epoch: 95, Loss: 0.0000, lr: 0.000028, Train: 0.9989, Valid: 0.9529, Test: 0.9615
Run: 07, Epoch: 96, Loss: 0.0000, lr: 0.000028, Train: 0.9989, Valid: 0.9529, Test: 0.9615
Run: 07, Epoch: 97, Loss: 0.0000, lr: 0.000028, Train: 0.9989, Valid: 0.9529, Test: 0.9614
Run: 07, Epoch: 98, Loss: 0.0000, lr: 0.000020, Train: 0.9989, Valid: 0.9529, Test: 0.9614
Run: 07, Epoch: 99, Loss: 0.0000, lr: 0.000020, Train: 0.9989, Valid: 0.9529, Test: 0.9614
Run: 07, Epoch: 100, Loss: 0.0000, lr: 0.000020, Train: 0.9989, Valid: 0.9529, Test: 0.9614
Run 07:
Highest Train: 1.00
Highest Valid: 0.97
  Final Train: 0.98
   Final Test: 0.95
Run: 08, Epoch: 01, Loss: 0.0278, lr: 0.001000, Train: 0.6268, Valid: 0.6415, Test: 0.5116
Run: 08, Epoch: 02, Loss: 0.0102, lr: 0.001000, Train: 0.7511, Valid: 0.7863, Test: 0.6426
Run: 08, Epoch: 03, Loss: 0.0054, lr: 0.001000, Train: 0.8263, Valid: 0.9043, Test: 0.6630
Run: 08, Epoch: 04, Loss: 0.0042, lr: 0.001000, Train: 0.7996, Valid: 0.9252, Test: 0.6257
Run: 08, Epoch: 05, Loss: 0.0027, lr: 0.001000, Train: 0.8372, Valid: 0.9547, Test: 0.7247
Run: 08, Epoch: 06, Loss: 0.0016, lr: 0.001000, Train: 0.8362, Valid: 0.9399, Test: 0.7613
Run: 08, Epoch: 07, Loss: 0.0016, lr: 0.001000, Train: 0.8152, Valid: 0.9162, Test: 0.7515
Run: 08, Epoch: 08, Loss: 0.0016, lr: 0.001000, Train: 0.8407, Valid: 0.9271, Test: 0.7633
Run: 08, Epoch: 09, Loss: 0.0012, lr: 0.001000, Train: 0.8511, Valid: 0.9365, Test: 0.7668
Run: 08, Epoch: 10, Loss: 0.0011, lr: 0.001000, Train: 0.8215, Valid: 0.9208, Test: 0.7293
Run: 08, Epoch: 11, Loss: 0.0009, lr: 0.001000, Train: 0.7553, Valid: 0.8866, Test: 0.6130
Run: 08, Epoch: 12, Loss: 0.0009, lr: 0.000700, Train: 0.7451, Valid: 0.8793, Test: 0.5754
Run: 08, Epoch: 13, Loss: 0.0008, lr: 0.000700, Train: 0.7814, Valid: 0.8913, Test: 0.6227
Run: 08, Epoch: 14, Loss: 0.0007, lr: 0.000700, Train: 0.8290, Valid: 0.9103, Test: 0.7068
Run: 08, Epoch: 15, Loss: 0.0006, lr: 0.000700, Train: 0.8533, Valid: 0.9218, Test: 0.7586
Run: 08, Epoch: 16, Loss: 0.0006, lr: 0.000700, Train: 0.8569, Valid: 0.9226, Test: 0.7726
Run: 08, Epoch: 17, Loss: 0.0006, lr: 0.000700, Train: 0.8504, Valid: 0.9162, Test: 0.7613
Run: 08, Epoch: 18, Loss: 0.0005, lr: 0.000490, Train: 0.8548, Valid: 0.9147, Test: 0.7452
Run: 08, Epoch: 19, Loss: 0.0005, lr: 0.000490, Train: 0.8668, Valid: 0.9163, Test: 0.7272
Run: 08, Epoch: 20, Loss: 0.0004, lr: 0.000490, Train: 0.8873, Valid: 0.9214, Test: 0.7234
Run: 08, Epoch: 21, Loss: 0.0004, lr: 0.000490, Train: 0.9123, Valid: 0.9295, Test: 0.7439
Run: 08, Epoch: 22, Loss: 0.0004, lr: 0.000490, Train: 0.9343, Valid: 0.9380, Test: 0.7835
Run: 08, Epoch: 23, Loss: 0.0004, lr: 0.000490, Train: 0.9487, Valid: 0.9443, Test: 0.8287
Run: 08, Epoch: 24, Loss: 0.0004, lr: 0.000343, Train: 0.9564, Valid: 0.9481, Test: 0.8565
Run: 08, Epoch: 25, Loss: 0.0003, lr: 0.000343, Train: 0.9609, Valid: 0.9504, Test: 0.8754
Run: 08, Epoch: 26, Loss: 0.0003, lr: 0.000343, Train: 0.9643, Valid: 0.9520, Test: 0.8870
Run: 08, Epoch: 27, Loss: 0.0003, lr: 0.000343, Train: 0.9679, Valid: 0.9538, Test: 0.8937
Run: 08, Epoch: 28, Loss: 0.0003, lr: 0.000343, Train: 0.9721, Valid: 0.9563, Test: 0.8974
Run: 08, Epoch: 29, Loss: 0.0003, lr: 0.000343, Train: 0.9766, Valid: 0.9596, Test: 0.8993
Run: 08, Epoch: 30, Loss: 0.0003, lr: 0.000343, Train: 0.9808, Valid: 0.9630, Test: 0.9005
Run: 08, Epoch: 31, Loss: 0.0003, lr: 0.000343, Train: 0.9841, Valid: 0.9659, Test: 0.9013
Run: 08, Epoch: 32, Loss: 0.0002, lr: 0.000343, Train: 0.9863, Valid: 0.9680, Test: 0.9022
Run: 08, Epoch: 33, Loss: 0.0002, lr: 0.000343, Train: 0.9877, Valid: 0.9688, Test: 0.9036
Run: 08, Epoch: 34, Loss: 0.0002, lr: 0.000343, Train: 0.9885, Valid: 0.9688, Test: 0.9051
Run: 08, Epoch: 35, Loss: 0.0002, lr: 0.000343, Train: 0.9891, Valid: 0.9681, Test: 0.9067
Run: 08, Epoch: 36, Loss: 0.0002, lr: 0.000343, Train: 0.9900, Valid: 0.9672, Test: 0.9084
Run: 08, Epoch: 37, Loss: 0.0002, lr: 0.000343, Train: 0.9911, Valid: 0.9666, Test: 0.9105
Run: 08, Epoch: 38, Loss: 0.0002, lr: 0.000343, Train: 0.9923, Valid: 0.9665, Test: 0.9132
Run: 08, Epoch: 39, Loss: 0.0002, lr: 0.000343, Train: 0.9932, Valid: 0.9669, Test: 0.9161
Run: 08, Epoch: 40, Loss: 0.0002, lr: 0.000240, Train: 0.9938, Valid: 0.9676, Test: 0.9181
Run: 08, Epoch: 41, Loss: 0.0002, lr: 0.000240, Train: 0.9943, Valid: 0.9684, Test: 0.9195
Run: 08, Epoch: 42, Loss: 0.0002, lr: 0.000240, Train: 0.9946, Valid: 0.9691, Test: 0.9201
Run: 08, Epoch: 43, Loss: 0.0002, lr: 0.000240, Train: 0.9948, Valid: 0.9697, Test: 0.9198
Run: 08, Epoch: 44, Loss: 0.0002, lr: 0.000240, Train: 0.9950, Valid: 0.9701, Test: 0.9187
Run: 08, Epoch: 45, Loss: 0.0001, lr: 0.000240, Train: 0.9952, Valid: 0.9703, Test: 0.9170
Run: 08, Epoch: 46, Loss: 0.0001, lr: 0.000240, Train: 0.9955, Valid: 0.9703, Test: 0.9153
Run: 08, Epoch: 47, Loss: 0.0001, lr: 0.000240, Train: 0.9958, Valid: 0.9702, Test: 0.9141
Run: 08, Epoch: 48, Loss: 0.0001, lr: 0.000240, Train: 0.9960, Valid: 0.9701, Test: 0.9141
Run: 08, Epoch: 49, Loss: 0.0001, lr: 0.000240, Train: 0.9962, Valid: 0.9700, Test: 0.9155
Run: 08, Epoch: 50, Loss: 0.0001, lr: 0.000240, Train: 0.9963, Valid: 0.9700, Test: 0.9180
Run: 08, Epoch: 51, Loss: 0.0001, lr: 0.000240, Train: 0.9964, Valid: 0.9702, Test: 0.9210
Run: 08, Epoch: 52, Loss: 0.0001, lr: 0.000168, Train: 0.9965, Valid: 0.9702, Test: 0.9230
Run: 08, Epoch: 53, Loss: 0.0001, lr: 0.000168, Train: 0.9965, Valid: 0.9704, Test: 0.9246
Run: 08, Epoch: 54, Loss: 0.0001, lr: 0.000168, Train: 0.9966, Valid: 0.9704, Test: 0.9256
Run: 08, Epoch: 55, Loss: 0.0001, lr: 0.000168, Train: 0.9966, Valid: 0.9705, Test: 0.9259
Run: 08, Epoch: 56, Loss: 0.0001, lr: 0.000168, Train: 0.9968, Valid: 0.9705, Test: 0.9256
Run: 08, Epoch: 57, Loss: 0.0001, lr: 0.000168, Train: 0.9969, Valid: 0.9705, Test: 0.9246
Run: 08, Epoch: 58, Loss: 0.0001, lr: 0.000168, Train: 0.9970, Valid: 0.9704, Test: 0.9233
Run: 08, Epoch: 59, Loss: 0.0001, lr: 0.000168, Train: 0.9970, Valid: 0.9704, Test: 0.9219
Run: 08, Epoch: 60, Loss: 0.0001, lr: 0.000168, Train: 0.9971, Valid: 0.9704, Test: 0.9208
Run: 08, Epoch: 61, Loss: 0.0001, lr: 0.000118, Train: 0.9972, Valid: 0.9703, Test: 0.9202
Run: 08, Epoch: 62, Loss: 0.0001, lr: 0.000118, Train: 0.9972, Valid: 0.9704, Test: 0.9201
Run: 08, Epoch: 63, Loss: 0.0001, lr: 0.000118, Train: 0.9973, Valid: 0.9704, Test: 0.9203
Run: 08, Epoch: 64, Loss: 0.0001, lr: 0.000118, Train: 0.9973, Valid: 0.9704, Test: 0.9208
Run: 08, Epoch: 65, Loss: 0.0001, lr: 0.000118, Train: 0.9974, Valid: 0.9704, Test: 0.9214
Run: 08, Epoch: 66, Loss: 0.0001, lr: 0.000118, Train: 0.9974, Valid: 0.9704, Test: 0.9221
Run: 08, Epoch: 67, Loss: 0.0001, lr: 0.000082, Train: 0.9975, Valid: 0.9704, Test: 0.9225
Run: 08, Epoch: 68, Loss: 0.0001, lr: 0.000082, Train: 0.9975, Valid: 0.9703, Test: 0.9228
Run: 08, Epoch: 69, Loss: 0.0001, lr: 0.000082, Train: 0.9975, Valid: 0.9703, Test: 0.9230
Run: 08, Epoch: 70, Loss: 0.0001, lr: 0.000082, Train: 0.9975, Valid: 0.9702, Test: 0.9230
Run: 08, Epoch: 71, Loss: 0.0001, lr: 0.000082, Train: 0.9976, Valid: 0.9701, Test: 0.9230
Run: 08, Epoch: 72, Loss: 0.0001, lr: 0.000082, Train: 0.9976, Valid: 0.9700, Test: 0.9229
Run: 08, Epoch: 73, Loss: 0.0001, lr: 0.000058, Train: 0.9976, Valid: 0.9699, Test: 0.9228
Run: 08, Epoch: 74, Loss: 0.0001, lr: 0.000058, Train: 0.9976, Valid: 0.9699, Test: 0.9227
Run: 08, Epoch: 75, Loss: 0.0001, lr: 0.000058, Train: 0.9976, Valid: 0.9698, Test: 0.9225
Run: 08, Epoch: 76, Loss: 0.0001, lr: 0.000058, Train: 0.9977, Valid: 0.9698, Test: 0.9224
Run: 08, Epoch: 77, Loss: 0.0001, lr: 0.000058, Train: 0.9977, Valid: 0.9698, Test: 0.9223
Run: 08, Epoch: 78, Loss: 0.0001, lr: 0.000058, Train: 0.9977, Valid: 0.9698, Test: 0.9222
Run: 08, Epoch: 79, Loss: 0.0001, lr: 0.000040, Train: 0.9977, Valid: 0.9698, Test: 0.9221
Run: 08, Epoch: 80, Loss: 0.0001, lr: 0.000040, Train: 0.9977, Valid: 0.9698, Test: 0.9220
Run: 08, Epoch: 81, Loss: 0.0001, lr: 0.000040, Train: 0.9977, Valid: 0.9698, Test: 0.9220
Run: 08, Epoch: 82, Loss: 0.0001, lr: 0.000040, Train: 0.9978, Valid: 0.9698, Test: 0.9219
Run: 08, Epoch: 83, Loss: 0.0001, lr: 0.000040, Train: 0.9978, Valid: 0.9698, Test: 0.9219
Run: 08, Epoch: 84, Loss: 0.0001, lr: 0.000040, Train: 0.9978, Valid: 0.9698, Test: 0.9219
Run: 08, Epoch: 85, Loss: 0.0001, lr: 0.000028, Train: 0.9978, Valid: 0.9698, Test: 0.9218
Run: 08, Epoch: 86, Loss: 0.0001, lr: 0.000028, Train: 0.9978, Valid: 0.9698, Test: 0.9218
Run: 08, Epoch: 87, Loss: 0.0001, lr: 0.000028, Train: 0.9978, Valid: 0.9697, Test: 0.9218
Run: 08, Epoch: 88, Loss: 0.0001, lr: 0.000028, Train: 0.9978, Valid: 0.9697, Test: 0.9217
Run: 08, Epoch: 89, Loss: 0.0001, lr: 0.000028, Train: 0.9978, Valid: 0.9697, Test: 0.9217
Run: 08, Epoch: 90, Loss: 0.0001, lr: 0.000028, Train: 0.9978, Valid: 0.9697, Test: 0.9216
Run: 08, Epoch: 91, Loss: 0.0001, lr: 0.000020, Train: 0.9978, Valid: 0.9697, Test: 0.9216
Run: 08, Epoch: 92, Loss: 0.0001, lr: 0.000020, Train: 0.9978, Valid: 0.9697, Test: 0.9216
Run: 08, Epoch: 93, Loss: 0.0001, lr: 0.000020, Train: 0.9979, Valid: 0.9696, Test: 0.9215
Run: 08, Epoch: 94, Loss: 0.0001, lr: 0.000020, Train: 0.9979, Valid: 0.9696, Test: 0.9215
Run: 08, Epoch: 95, Loss: 0.0001, lr: 0.000020, Train: 0.9979, Valid: 0.9696, Test: 0.9215
Run: 08, Epoch: 96, Loss: 0.0001, lr: 0.000020, Train: 0.9979, Valid: 0.9696, Test: 0.9214
Run: 08, Epoch: 97, Loss: 0.0001, lr: 0.000014, Train: 0.9979, Valid: 0.9696, Test: 0.9214
Run: 08, Epoch: 98, Loss: 0.0001, lr: 0.000014, Train: 0.9979, Valid: 0.9696, Test: 0.9214
Run: 08, Epoch: 99, Loss: 0.0001, lr: 0.000014, Train: 0.9979, Valid: 0.9695, Test: 0.9213
Run: 08, Epoch: 100, Loss: 0.0001, lr: 0.000014, Train: 0.9979, Valid: 0.9695, Test: 0.9213
Run 08:
Highest Train: 1.00
Highest Valid: 0.97
  Final Train: 1.00
   Final Test: 0.93
Run: 09, Epoch: 01, Loss: 0.0575, lr: 0.001000, Train: 0.0083, Valid: 0.3690, Test: -0.0306
Run: 09, Epoch: 02, Loss: 0.0261, lr: 0.001000, Train: 0.1682, Valid: 0.4460, Test: 0.1906
Run: 09, Epoch: 03, Loss: 0.0108, lr: 0.001000, Train: 0.6197, Valid: 0.7540, Test: 0.5573
Run: 09, Epoch: 04, Loss: 0.0051, lr: 0.001000, Train: 0.7940, Valid: 0.8596, Test: 0.7427
Run: 09, Epoch: 05, Loss: 0.0057, lr: 0.001000, Train: 0.8217, Valid: 0.8918, Test: 0.7879
Run: 09, Epoch: 06, Loss: 0.0044, lr: 0.001000, Train: 0.8454, Valid: 0.9078, Test: 0.8274
Run: 09, Epoch: 07, Loss: 0.0031, lr: 0.001000, Train: 0.8627, Valid: 0.9051, Test: 0.8538
Run: 09, Epoch: 08, Loss: 0.0019, lr: 0.001000, Train: 0.8451, Valid: 0.8708, Test: 0.8570
Run: 09, Epoch: 09, Loss: 0.0023, lr: 0.001000, Train: 0.8332, Valid: 0.8550, Test: 0.8591
Run: 09, Epoch: 10, Loss: 0.0024, lr: 0.001000, Train: 0.8609, Valid: 0.8789, Test: 0.8750
Run: 09, Epoch: 11, Loss: 0.0017, lr: 0.001000, Train: 0.8889, Valid: 0.9069, Test: 0.8949
Run: 09, Epoch: 12, Loss: 0.0013, lr: 0.001000, Train: 0.8921, Valid: 0.9184, Test: 0.8977
Run: 09, Epoch: 13, Loss: 0.0012, lr: 0.001000, Train: 0.8495, Valid: 0.8949, Test: 0.8725
Run: 09, Epoch: 14, Loss: 0.0012, lr: 0.001000, Train: 0.8211, Valid: 0.8785, Test: 0.8628
Run: 09, Epoch: 15, Loss: 0.0014, lr: 0.001000, Train: 0.8653, Valid: 0.9097, Test: 0.8942
Run: 09, Epoch: 16, Loss: 0.0012, lr: 0.001000, Train: 0.9129, Valid: 0.9370, Test: 0.9246
Run: 09, Epoch: 17, Loss: 0.0009, lr: 0.001000, Train: 0.9203, Valid: 0.9355, Test: 0.9309
Run: 09, Epoch: 18, Loss: 0.0008, lr: 0.001000, Train: 0.9107, Valid: 0.9269, Test: 0.9204
Run: 09, Epoch: 19, Loss: 0.0008, lr: 0.001000, Train: 0.9000, Valid: 0.9214, Test: 0.9000
Run: 09, Epoch: 20, Loss: 0.0008, lr: 0.001000, Train: 0.8935, Valid: 0.9185, Test: 0.8843
Run: 09, Epoch: 21, Loss: 0.0008, lr: 0.001000, Train: 0.9002, Valid: 0.9243, Test: 0.8875
Run: 09, Epoch: 22, Loss: 0.0007, lr: 0.001000, Train: 0.9163, Valid: 0.9369, Test: 0.9040
Run: 09, Epoch: 23, Loss: 0.0006, lr: 0.000700, Train: 0.9278, Valid: 0.9468, Test: 0.9158
Run: 09, Epoch: 24, Loss: 0.0005, lr: 0.000700, Train: 0.9326, Valid: 0.9522, Test: 0.9201
Run: 09, Epoch: 25, Loss: 0.0006, lr: 0.000700, Train: 0.9324, Valid: 0.9546, Test: 0.9181
Run: 09, Epoch: 26, Loss: 0.0005, lr: 0.000700, Train: 0.9305, Valid: 0.9553, Test: 0.9148
Run: 09, Epoch: 27, Loss: 0.0005, lr: 0.000700, Train: 0.9327, Valid: 0.9567, Test: 0.9171
Run: 09, Epoch: 28, Loss: 0.0005, lr: 0.000700, Train: 0.9425, Valid: 0.9601, Test: 0.9265
Run: 09, Epoch: 29, Loss: 0.0004, lr: 0.000700, Train: 0.9557, Valid: 0.9641, Test: 0.9380
Run: 09, Epoch: 30, Loss: 0.0004, lr: 0.000700, Train: 0.9654, Valid: 0.9669, Test: 0.9463
Run: 09, Epoch: 31, Loss: 0.0004, lr: 0.000700, Train: 0.9701, Valid: 0.9683, Test: 0.9499
Run: 09, Epoch: 32, Loss: 0.0004, lr: 0.000700, Train: 0.9718, Valid: 0.9690, Test: 0.9507
Run: 09, Epoch: 33, Loss: 0.0004, lr: 0.000700, Train: 0.9725, Valid: 0.9698, Test: 0.9504
Run: 09, Epoch: 34, Loss: 0.0004, lr: 0.000700, Train: 0.9738, Valid: 0.9709, Test: 0.9511
Run: 09, Epoch: 35, Loss: 0.0004, lr: 0.000700, Train: 0.9772, Valid: 0.9727, Test: 0.9540
Run: 09, Epoch: 36, Loss: 0.0003, lr: 0.000700, Train: 0.9819, Valid: 0.9748, Test: 0.9575
Run: 09, Epoch: 37, Loss: 0.0003, lr: 0.000700, Train: 0.9856, Valid: 0.9762, Test: 0.9594
Run: 09, Epoch: 38, Loss: 0.0003, lr: 0.000700, Train: 0.9873, Valid: 0.9766, Test: 0.9595
Run: 09, Epoch: 39, Loss: 0.0003, lr: 0.000700, Train: 0.9878, Valid: 0.9769, Test: 0.9590
Run: 09, Epoch: 40, Loss: 0.0003, lr: 0.000700, Train: 0.9879, Valid: 0.9775, Test: 0.9582
Run: 09, Epoch: 41, Loss: 0.0003, lr: 0.000700, Train: 0.9882, Valid: 0.9783, Test: 0.9579
Run: 09, Epoch: 42, Loss: 0.0003, lr: 0.000700, Train: 0.9893, Valid: 0.9791, Test: 0.9582
Run: 09, Epoch: 43, Loss: 0.0003, lr: 0.000700, Train: 0.9907, Valid: 0.9798, Test: 0.9588
Run: 09, Epoch: 44, Loss: 0.0003, lr: 0.000700, Train: 0.9919, Valid: 0.9804, Test: 0.9591
Run: 09, Epoch: 45, Loss: 0.0002, lr: 0.000700, Train: 0.9927, Valid: 0.9808, Test: 0.9595
Run: 09, Epoch: 46, Loss: 0.0002, lr: 0.000700, Train: 0.9931, Valid: 0.9811, Test: 0.9601
Run: 09, Epoch: 47, Loss: 0.0002, lr: 0.000700, Train: 0.9933, Valid: 0.9815, Test: 0.9607
Run: 09, Epoch: 48, Loss: 0.0002, lr: 0.000700, Train: 0.9937, Valid: 0.9818, Test: 0.9612
Run: 09, Epoch: 49, Loss: 0.0002, lr: 0.000700, Train: 0.9942, Valid: 0.9820, Test: 0.9613
Run: 09, Epoch: 50, Loss: 0.0002, lr: 0.000700, Train: 0.9945, Valid: 0.9821, Test: 0.9609
Run: 09, Epoch: 51, Loss: 0.0002, lr: 0.000700, Train: 0.9946, Valid: 0.9819, Test: 0.9608
Run: 09, Epoch: 52, Loss: 0.0002, lr: 0.000700, Train: 0.9946, Valid: 0.9819, Test: 0.9608
Run: 09, Epoch: 53, Loss: 0.0002, lr: 0.000700, Train: 0.9947, Valid: 0.9820, Test: 0.9607
Run: 09, Epoch: 54, Loss: 0.0002, lr: 0.000700, Train: 0.9951, Valid: 0.9822, Test: 0.9603
Run: 09, Epoch: 55, Loss: 0.0002, lr: 0.000700, Train: 0.9954, Valid: 0.9822, Test: 0.9598
Run: 09, Epoch: 56, Loss: 0.0002, lr: 0.000700, Train: 0.9957, Valid: 0.9821, Test: 0.9595
Run: 09, Epoch: 57, Loss: 0.0002, lr: 0.000700, Train: 0.9958, Valid: 0.9818, Test: 0.9596
Run: 09, Epoch: 58, Loss: 0.0002, lr: 0.000700, Train: 0.9958, Valid: 0.9815, Test: 0.9596
Run: 09, Epoch: 59, Loss: 0.0002, lr: 0.000700, Train: 0.9960, Valid: 0.9817, Test: 0.9594
Run: 09, Epoch: 60, Loss: 0.0001, lr: 0.000700, Train: 0.9962, Valid: 0.9821, Test: 0.9591
Run: 09, Epoch: 61, Loss: 0.0001, lr: 0.000490, Train: 0.9963, Valid: 0.9823, Test: 0.9590
Run: 09, Epoch: 62, Loss: 0.0001, lr: 0.000490, Train: 0.9963, Valid: 0.9824, Test: 0.9589
Run: 09, Epoch: 63, Loss: 0.0001, lr: 0.000490, Train: 0.9963, Valid: 0.9823, Test: 0.9588
Run: 09, Epoch: 64, Loss: 0.0001, lr: 0.000490, Train: 0.9964, Valid: 0.9823, Test: 0.9586
Run: 09, Epoch: 65, Loss: 0.0001, lr: 0.000490, Train: 0.9965, Valid: 0.9824, Test: 0.9585
Run: 09, Epoch: 66, Loss: 0.0001, lr: 0.000490, Train: 0.9966, Valid: 0.9824, Test: 0.9584
Run: 09, Epoch: 67, Loss: 0.0001, lr: 0.000490, Train: 0.9967, Valid: 0.9824, Test: 0.9586
Run: 09, Epoch: 68, Loss: 0.0001, lr: 0.000343, Train: 0.9967, Valid: 0.9824, Test: 0.9587
Run: 09, Epoch: 69, Loss: 0.0001, lr: 0.000343, Train: 0.9968, Valid: 0.9825, Test: 0.9589
Run: 09, Epoch: 70, Loss: 0.0001, lr: 0.000343, Train: 0.9969, Valid: 0.9826, Test: 0.9589
Run: 09, Epoch: 71, Loss: 0.0001, lr: 0.000343, Train: 0.9970, Valid: 0.9826, Test: 0.9590
Run: 09, Epoch: 72, Loss: 0.0001, lr: 0.000343, Train: 0.9971, Valid: 0.9826, Test: 0.9589
Run: 09, Epoch: 73, Loss: 0.0001, lr: 0.000343, Train: 0.9971, Valid: 0.9825, Test: 0.9590
Run: 09, Epoch: 74, Loss: 0.0001, lr: 0.000343, Train: 0.9971, Valid: 0.9824, Test: 0.9590
Run: 09, Epoch: 75, Loss: 0.0001, lr: 0.000343, Train: 0.9972, Valid: 0.9823, Test: 0.9590
Run: 09, Epoch: 76, Loss: 0.0001, lr: 0.000343, Train: 0.9972, Valid: 0.9823, Test: 0.9591
Run: 09, Epoch: 77, Loss: 0.0001, lr: 0.000343, Train: 0.9973, Valid: 0.9823, Test: 0.9591
Run: 09, Epoch: 78, Loss: 0.0001, lr: 0.000240, Train: 0.9974, Valid: 0.9824, Test: 0.9592
Run: 09, Epoch: 79, Loss: 0.0001, lr: 0.000240, Train: 0.9974, Valid: 0.9824, Test: 0.9593
Run: 09, Epoch: 80, Loss: 0.0001, lr: 0.000240, Train: 0.9974, Valid: 0.9824, Test: 0.9594
Run: 09, Epoch: 81, Loss: 0.0001, lr: 0.000240, Train: 0.9975, Valid: 0.9825, Test: 0.9595
Run: 09, Epoch: 82, Loss: 0.0001, lr: 0.000240, Train: 0.9975, Valid: 0.9826, Test: 0.9595
Run: 09, Epoch: 83, Loss: 0.0001, lr: 0.000240, Train: 0.9975, Valid: 0.9826, Test: 0.9596
Run: 09, Epoch: 84, Loss: 0.0001, lr: 0.000168, Train: 0.9976, Valid: 0.9827, Test: 0.9596
Run: 09, Epoch: 85, Loss: 0.0001, lr: 0.000168, Train: 0.9976, Valid: 0.9827, Test: 0.9596
Run: 09, Epoch: 86, Loss: 0.0001, lr: 0.000168, Train: 0.9976, Valid: 0.9827, Test: 0.9597
Run: 09, Epoch: 87, Loss: 0.0001, lr: 0.000168, Train: 0.9976, Valid: 0.9827, Test: 0.9597
Run: 09, Epoch: 88, Loss: 0.0001, lr: 0.000168, Train: 0.9977, Valid: 0.9827, Test: 0.9597
Run: 09, Epoch: 89, Loss: 0.0001, lr: 0.000168, Train: 0.9977, Valid: 0.9828, Test: 0.9597
Run: 09, Epoch: 90, Loss: 0.0001, lr: 0.000168, Train: 0.9977, Valid: 0.9828, Test: 0.9597
Run: 09, Epoch: 91, Loss: 0.0001, lr: 0.000168, Train: 0.9977, Valid: 0.9829, Test: 0.9597
Run: 09, Epoch: 92, Loss: 0.0001, lr: 0.000168, Train: 0.9977, Valid: 0.9829, Test: 0.9597
Run: 09, Epoch: 93, Loss: 0.0001, lr: 0.000168, Train: 0.9978, Valid: 0.9829, Test: 0.9597
Run: 09, Epoch: 94, Loss: 0.0001, lr: 0.000168, Train: 0.9978, Valid: 0.9829, Test: 0.9598
Run: 09, Epoch: 95, Loss: 0.0001, lr: 0.000168, Train: 0.9978, Valid: 0.9829, Test: 0.9598
Run: 09, Epoch: 96, Loss: 0.0001, lr: 0.000168, Train: 0.9978, Valid: 0.9830, Test: 0.9599
Run: 09, Epoch: 97, Loss: 0.0001, lr: 0.000168, Train: 0.9978, Valid: 0.9830, Test: 0.9599
Run: 09, Epoch: 98, Loss: 0.0001, lr: 0.000168, Train: 0.9979, Valid: 0.9830, Test: 0.9599
Run: 09, Epoch: 99, Loss: 0.0001, lr: 0.000118, Train: 0.9979, Valid: 0.9830, Test: 0.9599
Run: 09, Epoch: 100, Loss: 0.0001, lr: 0.000118, Train: 0.9979, Valid: 0.9829, Test: 0.9600
Run 09:
Highest Train: 1.00
Highest Valid: 0.98
  Final Train: 1.00
   Final Test: 0.96
Run: 10, Epoch: 01, Loss: 0.0580, lr: 0.001000, Train: 0.2096, Valid: -0.6079, Test: -0.1387
Run: 10, Epoch: 02, Loss: 0.0220, lr: 0.001000, Train: 0.0949, Valid: -0.7330, Test: -0.1927
Run: 10, Epoch: 03, Loss: 0.0126, lr: 0.001000, Train: 0.2502, Valid: -0.3622, Test: -0.0393
Run: 10, Epoch: 04, Loss: 0.0107, lr: 0.001000, Train: 0.1099, Valid: -0.5948, Test: -0.1070
Run: 10, Epoch: 05, Loss: 0.0068, lr: 0.001000, Train: 0.2546, Valid: -0.2806, Test: 0.1170
Run: 10, Epoch: 06, Loss: 0.0045, lr: 0.001000, Train: 0.6587, Valid: 0.4857, Test: 0.5783
Run: 10, Epoch: 07, Loss: 0.0039, lr: 0.001000, Train: 0.8798, Valid: 0.8228, Test: 0.8203
Run: 10, Epoch: 08, Loss: 0.0030, lr: 0.001000, Train: 0.8831, Valid: 0.7924, Test: 0.8703
Run: 10, Epoch: 09, Loss: 0.0024, lr: 0.001000, Train: 0.8621, Valid: 0.7309, Test: 0.8616
Run: 10, Epoch: 10, Loss: 0.0016, lr: 0.001000, Train: 0.8107, Valid: 0.7042, Test: 0.8316
Run: 10, Epoch: 11, Loss: 0.0019, lr: 0.001000, Train: 0.8131, Valid: 0.6877, Test: 0.8419
Run: 10, Epoch: 12, Loss: 0.0019, lr: 0.001000, Train: 0.8619, Valid: 0.6442, Test: 0.8682
Run: 10, Epoch: 13, Loss: 0.0014, lr: 0.001000, Train: 0.8768, Valid: 0.6254, Test: 0.8761
Run: 10, Epoch: 14, Loss: 0.0013, lr: 0.000700, Train: 0.8978, Valid: 0.7207, Test: 0.8984
Run: 10, Epoch: 15, Loss: 0.0013, lr: 0.000700, Train: 0.9257, Valid: 0.8276, Test: 0.9236
Run: 10, Epoch: 16, Loss: 0.0011, lr: 0.000700, Train: 0.9305, Valid: 0.8768, Test: 0.9294
Run: 10, Epoch: 17, Loss: 0.0009, lr: 0.000700, Train: 0.9218, Valid: 0.8846, Test: 0.9245
Run: 10, Epoch: 18, Loss: 0.0009, lr: 0.000700, Train: 0.9169, Valid: 0.8751, Test: 0.9216
Run: 10, Epoch: 19, Loss: 0.0008, lr: 0.000700, Train: 0.9152, Valid: 0.8421, Test: 0.9200
Run: 10, Epoch: 20, Loss: 0.0008, lr: 0.000700, Train: 0.9135, Valid: 0.7978, Test: 0.9177
Run: 10, Epoch: 21, Loss: 0.0008, lr: 0.000700, Train: 0.9171, Valid: 0.7822, Test: 0.9194
Run: 10, Epoch: 22, Loss: 0.0007, lr: 0.000700, Train: 0.9300, Valid: 0.8034, Test: 0.9275
Run: 10, Epoch: 23, Loss: 0.0006, lr: 0.000700, Train: 0.9445, Valid: 0.8356, Test: 0.9364
Run: 10, Epoch: 24, Loss: 0.0006, lr: 0.000490, Train: 0.9523, Valid: 0.8548, Test: 0.9408
Run: 10, Epoch: 25, Loss: 0.0006, lr: 0.000490, Train: 0.9556, Valid: 0.8590, Test: 0.9426
Run: 10, Epoch: 26, Loss: 0.0006, lr: 0.000490, Train: 0.9559, Valid: 0.8529, Test: 0.9428
Run: 10, Epoch: 27, Loss: 0.0005, lr: 0.000490, Train: 0.9544, Valid: 0.8395, Test: 0.9420
Run: 10, Epoch: 28, Loss: 0.0005, lr: 0.000490, Train: 0.9532, Valid: 0.8311, Test: 0.9419
Run: 10, Epoch: 29, Loss: 0.0004, lr: 0.000490, Train: 0.9544, Valid: 0.8361, Test: 0.9436
Run: 10, Epoch: 30, Loss: 0.0004, lr: 0.000343, Train: 0.9593, Valid: 0.8534, Test: 0.9464
Run: 10, Epoch: 31, Loss: 0.0004, lr: 0.000343, Train: 0.9655, Valid: 0.8748, Test: 0.9488
Run: 10, Epoch: 32, Loss: 0.0004, lr: 0.000343, Train: 0.9715, Valid: 0.8950, Test: 0.9502
Run: 10, Epoch: 33, Loss: 0.0004, lr: 0.000343, Train: 0.9765, Valid: 0.9103, Test: 0.9504
Run: 10, Epoch: 34, Loss: 0.0004, lr: 0.000343, Train: 0.9802, Valid: 0.9198, Test: 0.9499
Run: 10, Epoch: 35, Loss: 0.0004, lr: 0.000343, Train: 0.9827, Valid: 0.9246, Test: 0.9491
Run: 10, Epoch: 36, Loss: 0.0003, lr: 0.000343, Train: 0.9842, Valid: 0.9268, Test: 0.9482
Run: 10, Epoch: 37, Loss: 0.0003, lr: 0.000343, Train: 0.9849, Valid: 0.9279, Test: 0.9471
Run: 10, Epoch: 38, Loss: 0.0003, lr: 0.000343, Train: 0.9854, Valid: 0.9292, Test: 0.9462
Run: 10, Epoch: 39, Loss: 0.0003, lr: 0.000343, Train: 0.9862, Valid: 0.9322, Test: 0.9457
Run: 10, Epoch: 40, Loss: 0.0003, lr: 0.000343, Train: 0.9876, Valid: 0.9369, Test: 0.9456
Run: 10, Epoch: 41, Loss: 0.0003, lr: 0.000343, Train: 0.9891, Valid: 0.9417, Test: 0.9457
Run: 10, Epoch: 42, Loss: 0.0003, lr: 0.000343, Train: 0.9904, Valid: 0.9454, Test: 0.9457
Run: 10, Epoch: 43, Loss: 0.0003, lr: 0.000343, Train: 0.9912, Valid: 0.9472, Test: 0.9455
Run: 10, Epoch: 44, Loss: 0.0003, lr: 0.000343, Train: 0.9916, Valid: 0.9476, Test: 0.9455
Run: 10, Epoch: 45, Loss: 0.0003, lr: 0.000343, Train: 0.9919, Valid: 0.9476, Test: 0.9460
Run: 10, Epoch: 46, Loss: 0.0003, lr: 0.000343, Train: 0.9921, Valid: 0.9473, Test: 0.9467
Run: 10, Epoch: 47, Loss: 0.0003, lr: 0.000343, Train: 0.9922, Valid: 0.9466, Test: 0.9473
Run: 10, Epoch: 48, Loss: 0.0003, lr: 0.000343, Train: 0.9922, Valid: 0.9460, Test: 0.9476
Run: 10, Epoch: 49, Loss: 0.0002, lr: 0.000343, Train: 0.9925, Valid: 0.9459, Test: 0.9476
Run: 10, Epoch: 50, Loss: 0.0002, lr: 0.000343, Train: 0.9929, Valid: 0.9465, Test: 0.9473
Run: 10, Epoch: 51, Loss: 0.0002, lr: 0.000240, Train: 0.9934, Valid: 0.9473, Test: 0.9469
Run: 10, Epoch: 52, Loss: 0.0002, lr: 0.000240, Train: 0.9938, Valid: 0.9478, Test: 0.9464
Run: 10, Epoch: 53, Loss: 0.0002, lr: 0.000240, Train: 0.9940, Valid: 0.9480, Test: 0.9459
Run: 10, Epoch: 54, Loss: 0.0002, lr: 0.000240, Train: 0.9942, Valid: 0.9483, Test: 0.9456
Run: 10, Epoch: 55, Loss: 0.0002, lr: 0.000240, Train: 0.9943, Valid: 0.9486, Test: 0.9455
Run: 10, Epoch: 56, Loss: 0.0002, lr: 0.000240, Train: 0.9943, Valid: 0.9490, Test: 0.9456
Run: 10, Epoch: 57, Loss: 0.0002, lr: 0.000240, Train: 0.9943, Valid: 0.9494, Test: 0.9458
Run: 10, Epoch: 58, Loss: 0.0002, lr: 0.000240, Train: 0.9944, Valid: 0.9498, Test: 0.9460
Run: 10, Epoch: 59, Loss: 0.0002, lr: 0.000240, Train: 0.9945, Valid: 0.9502, Test: 0.9461
Run: 10, Epoch: 60, Loss: 0.0002, lr: 0.000240, Train: 0.9946, Valid: 0.9506, Test: 0.9462
Run: 10, Epoch: 61, Loss: 0.0002, lr: 0.000240, Train: 0.9948, Valid: 0.9509, Test: 0.9462
Run: 10, Epoch: 62, Loss: 0.0002, lr: 0.000240, Train: 0.9950, Valid: 0.9510, Test: 0.9460
Run: 10, Epoch: 63, Loss: 0.0002, lr: 0.000240, Train: 0.9951, Valid: 0.9509, Test: 0.9459
Run: 10, Epoch: 64, Loss: 0.0002, lr: 0.000240, Train: 0.9952, Valid: 0.9509, Test: 0.9458
Run: 10, Epoch: 65, Loss: 0.0002, lr: 0.000240, Train: 0.9953, Valid: 0.9509, Test: 0.9457
Run: 10, Epoch: 66, Loss: 0.0002, lr: 0.000240, Train: 0.9953, Valid: 0.9511, Test: 0.9458
Run: 10, Epoch: 67, Loss: 0.0002, lr: 0.000240, Train: 0.9954, Valid: 0.9514, Test: 0.9459
Run: 10, Epoch: 68, Loss: 0.0002, lr: 0.000240, Train: 0.9954, Valid: 0.9516, Test: 0.9460
Run: 10, Epoch: 69, Loss: 0.0002, lr: 0.000240, Train: 0.9954, Valid: 0.9518, Test: 0.9461
Run: 10, Epoch: 70, Loss: 0.0002, lr: 0.000240, Train: 0.9955, Valid: 0.9519, Test: 0.9461
Run: 10, Epoch: 71, Loss: 0.0002, lr: 0.000240, Train: 0.9956, Valid: 0.9519, Test: 0.9460
Run: 10, Epoch: 72, Loss: 0.0002, lr: 0.000240, Train: 0.9956, Valid: 0.9519, Test: 0.9460
Run: 10, Epoch: 73, Loss: 0.0002, lr: 0.000240, Train: 0.9957, Valid: 0.9519, Test: 0.9461
Run: 10, Epoch: 74, Loss: 0.0002, lr: 0.000240, Train: 0.9958, Valid: 0.9519, Test: 0.9462
Run: 10, Epoch: 75, Loss: 0.0002, lr: 0.000240, Train: 0.9958, Valid: 0.9520, Test: 0.9464
Run: 10, Epoch: 76, Loss: 0.0002, lr: 0.000240, Train: 0.9959, Valid: 0.9522, Test: 0.9466
Run: 10, Epoch: 77, Loss: 0.0002, lr: 0.000240, Train: 0.9959, Valid: 0.9524, Test: 0.9468
Run: 10, Epoch: 78, Loss: 0.0002, lr: 0.000240, Train: 0.9959, Valid: 0.9526, Test: 0.9470
Run: 10, Epoch: 79, Loss: 0.0002, lr: 0.000240, Train: 0.9960, Valid: 0.9527, Test: 0.9471
Run: 10, Epoch: 80, Loss: 0.0002, lr: 0.000240, Train: 0.9960, Valid: 0.9527, Test: 0.9470
Run: 10, Epoch: 81, Loss: 0.0002, lr: 0.000240, Train: 0.9961, Valid: 0.9527, Test: 0.9470
Run: 10, Epoch: 82, Loss: 0.0002, lr: 0.000240, Train: 0.9961, Valid: 0.9527, Test: 0.9469
Run: 10, Epoch: 83, Loss: 0.0002, lr: 0.000240, Train: 0.9962, Valid: 0.9527, Test: 0.9469
Run: 10, Epoch: 84, Loss: 0.0002, lr: 0.000240, Train: 0.9962, Valid: 0.9528, Test: 0.9470
Run: 10, Epoch: 85, Loss: 0.0002, lr: 0.000240, Train: 0.9963, Valid: 0.9529, Test: 0.9472
Run: 10, Epoch: 86, Loss: 0.0001, lr: 0.000240, Train: 0.9963, Valid: 0.9531, Test: 0.9474
Run: 10, Epoch: 87, Loss: 0.0001, lr: 0.000240, Train: 0.9963, Valid: 0.9533, Test: 0.9476
Run: 10, Epoch: 88, Loss: 0.0001, lr: 0.000240, Train: 0.9964, Valid: 0.9534, Test: 0.9477
Run: 10, Epoch: 89, Loss: 0.0001, lr: 0.000240, Train: 0.9964, Valid: 0.9535, Test: 0.9477
Run: 10, Epoch: 90, Loss: 0.0001, lr: 0.000240, Train: 0.9965, Valid: 0.9535, Test: 0.9478
Run: 10, Epoch: 91, Loss: 0.0001, lr: 0.000240, Train: 0.9965, Valid: 0.9535, Test: 0.9478
Run: 10, Epoch: 92, Loss: 0.0001, lr: 0.000240, Train: 0.9965, Valid: 0.9535, Test: 0.9478
Run: 10, Epoch: 93, Loss: 0.0001, lr: 0.000240, Train: 0.9966, Valid: 0.9536, Test: 0.9479
Run: 10, Epoch: 94, Loss: 0.0001, lr: 0.000240, Train: 0.9966, Valid: 0.9537, Test: 0.9480
Run: 10, Epoch: 95, Loss: 0.0001, lr: 0.000240, Train: 0.9966, Valid: 0.9538, Test: 0.9481
Run: 10, Epoch: 96, Loss: 0.0001, lr: 0.000240, Train: 0.9967, Valid: 0.9539, Test: 0.9481
Run: 10, Epoch: 97, Loss: 0.0001, lr: 0.000240, Train: 0.9967, Valid: 0.9540, Test: 0.9482
Run: 10, Epoch: 98, Loss: 0.0001, lr: 0.000240, Train: 0.9967, Valid: 0.9540, Test: 0.9482
Run: 10, Epoch: 99, Loss: 0.0001, lr: 0.000240, Train: 0.9968, Valid: 0.9541, Test: 0.9482
Run: 10, Epoch: 100, Loss: 0.0001, lr: 0.000240, Train: 0.9968, Valid: 0.9541, Test: 0.9483
Run 10:
Highest Train: 1.00
Highest Valid: 0.95
  Final Train: 1.00
   Final Test: 0.95
All runs:
Highest Train: 1.00  0.00
Highest Valid: 0.95  0.03
  Final Train: 0.99  0.01
   Final Test: 0.95  0.02
