Namespace(conv_layers=3, device=0, dropout=0.0, epochs=100, hidden_dim=256, log_steps=1, lr=0.001, method='gat', mlp_layers=2, runs=10, subset='physics')
Run: 01, Epoch: 01, Loss: 0.0202, lr: 0.001000, Train: 0.5875, Valid: 0.6340, Test: 0.4645
Run: 01, Epoch: 02, Loss: 0.0087, lr: 0.001000, Train: 0.7235, Valid: 0.8293, Test: 0.6418
Run: 01, Epoch: 03, Loss: 0.0089, lr: 0.001000, Train: 0.7665, Valid: 0.8854, Test: 0.6993
Run: 01, Epoch: 04, Loss: 0.0092, lr: 0.001000, Train: 0.7936, Valid: 0.9041, Test: 0.7320
Run: 01, Epoch: 05, Loss: 0.0070, lr: 0.001000, Train: 0.8044, Valid: 0.9040, Test: 0.7370
Run: 01, Epoch: 06, Loss: 0.0049, lr: 0.001000, Train: 0.7952, Valid: 0.8907, Test: 0.7084
Run: 01, Epoch: 07, Loss: 0.0037, lr: 0.001000, Train: 0.7716, Valid: 0.8711, Test: 0.6568
Run: 01, Epoch: 08, Loss: 0.0032, lr: 0.001000, Train: 0.7353, Valid: 0.8478, Test: 0.5816
Run: 01, Epoch: 09, Loss: 0.0031, lr: 0.001000, Train: 0.6908, Valid: 0.8216, Test: 0.4857
Run: 01, Epoch: 10, Loss: 0.0032, lr: 0.001000, Train: 0.6478, Valid: 0.7986, Test: 0.3841
Run: 01, Epoch: 11, Loss: 0.0030, lr: 0.000700, Train: 0.6326, Valid: 0.7921, Test: 0.3373
Run: 01, Epoch: 12, Loss: 0.0026, lr: 0.000700, Train: 0.6263, Valid: 0.7926, Test: 0.3126
Run: 01, Epoch: 13, Loss: 0.0020, lr: 0.000700, Train: 0.6307, Valid: 0.8002, Test: 0.3166
Run: 01, Epoch: 14, Loss: 0.0017, lr: 0.000700, Train: 0.6453, Valid: 0.8124, Test: 0.3449
Run: 01, Epoch: 15, Loss: 0.0015, lr: 0.000700, Train: 0.6725, Valid: 0.8280, Test: 0.3956
Run: 01, Epoch: 16, Loss: 0.0014, lr: 0.000700, Train: 0.7122, Valid: 0.8465, Test: 0.4641
Run: 01, Epoch: 17, Loss: 0.0013, lr: 0.000490, Train: 0.7546, Valid: 0.8631, Test: 0.5384
Run: 01, Epoch: 18, Loss: 0.0012, lr: 0.000490, Train: 0.7953, Valid: 0.8761, Test: 0.6099
Run: 01, Epoch: 19, Loss: 0.0012, lr: 0.000490, Train: 0.8353, Valid: 0.8861, Test: 0.6777
Run: 01, Epoch: 20, Loss: 0.0011, lr: 0.000490, Train: 0.8670, Valid: 0.8924, Test: 0.7307
Run: 01, Epoch: 21, Loss: 0.0010, lr: 0.000490, Train: 0.8883, Valid: 0.8956, Test: 0.7671
Run: 01, Epoch: 22, Loss: 0.0010, lr: 0.000490, Train: 0.9010, Valid: 0.8966, Test: 0.7889
Run: 01, Epoch: 23, Loss: 0.0009, lr: 0.000343, Train: 0.9099, Valid: 0.8976, Test: 0.8044
Run: 01, Epoch: 24, Loss: 0.0008, lr: 0.000343, Train: 0.9146, Valid: 0.8967, Test: 0.8125
Run: 01, Epoch: 25, Loss: 0.0008, lr: 0.000343, Train: 0.9163, Valid: 0.8945, Test: 0.8154
Run: 01, Epoch: 26, Loss: 0.0007, lr: 0.000343, Train: 0.9185, Valid: 0.8925, Test: 0.8184
Run: 01, Epoch: 27, Loss: 0.0007, lr: 0.000343, Train: 0.9223, Valid: 0.8923, Test: 0.8229
Run: 01, Epoch: 28, Loss: 0.0007, lr: 0.000343, Train: 0.9278, Valid: 0.8940, Test: 0.8286
Run: 01, Epoch: 29, Loss: 0.0006, lr: 0.000240, Train: 0.9348, Valid: 0.8976, Test: 0.8378
Run: 01, Epoch: 30, Loss: 0.0006, lr: 0.000240, Train: 0.9407, Valid: 0.9010, Test: 0.8453
Run: 01, Epoch: 31, Loss: 0.0006, lr: 0.000240, Train: 0.9450, Valid: 0.9035, Test: 0.8505
Run: 01, Epoch: 32, Loss: 0.0005, lr: 0.000240, Train: 0.9477, Valid: 0.9053, Test: 0.8534
Run: 01, Epoch: 33, Loss: 0.0005, lr: 0.000240, Train: 0.9493, Valid: 0.9065, Test: 0.8545
Run: 01, Epoch: 34, Loss: 0.0005, lr: 0.000240, Train: 0.9500, Valid: 0.9071, Test: 0.8545
Run: 01, Epoch: 35, Loss: 0.0005, lr: 0.000240, Train: 0.9502, Valid: 0.9075, Test: 0.8546
Run: 01, Epoch: 36, Loss: 0.0005, lr: 0.000240, Train: 0.9503, Valid: 0.9077, Test: 0.8553
Run: 01, Epoch: 37, Loss: 0.0004, lr: 0.000240, Train: 0.9509, Valid: 0.9080, Test: 0.8572
Run: 01, Epoch: 38, Loss: 0.0004, lr: 0.000240, Train: 0.9524, Valid: 0.9087, Test: 0.8608
Run: 01, Epoch: 39, Loss: 0.0004, lr: 0.000240, Train: 0.9551, Valid: 0.9098, Test: 0.8662
Run: 01, Epoch: 40, Loss: 0.0004, lr: 0.000240, Train: 0.9590, Valid: 0.9114, Test: 0.8729
Run: 01, Epoch: 41, Loss: 0.0004, lr: 0.000240, Train: 0.9632, Valid: 0.9131, Test: 0.8800
Run: 01, Epoch: 42, Loss: 0.0004, lr: 0.000240, Train: 0.9672, Valid: 0.9143, Test: 0.8865
Run: 01, Epoch: 43, Loss: 0.0004, lr: 0.000240, Train: 0.9706, Valid: 0.9151, Test: 0.8919
Run: 01, Epoch: 44, Loss: 0.0004, lr: 0.000240, Train: 0.9735, Valid: 0.9155, Test: 0.8962
Run: 01, Epoch: 45, Loss: 0.0003, lr: 0.000240, Train: 0.9758, Valid: 0.9157, Test: 0.8996
Run: 01, Epoch: 46, Loss: 0.0003, lr: 0.000240, Train: 0.9777, Valid: 0.9156, Test: 0.9022
Run: 01, Epoch: 47, Loss: 0.0003, lr: 0.000240, Train: 0.9792, Valid: 0.9153, Test: 0.9040
Run: 01, Epoch: 48, Loss: 0.0003, lr: 0.000240, Train: 0.9804, Valid: 0.9148, Test: 0.9053
Run: 01, Epoch: 49, Loss: 0.0003, lr: 0.000240, Train: 0.9815, Valid: 0.9142, Test: 0.9063
Run: 01, Epoch: 50, Loss: 0.0003, lr: 0.000240, Train: 0.9824, Valid: 0.9137, Test: 0.9069
Run: 01, Epoch: 51, Loss: 0.0003, lr: 0.000240, Train: 0.9832, Valid: 0.9133, Test: 0.9072
Run: 01, Epoch: 52, Loss: 0.0003, lr: 0.000168, Train: 0.9841, Valid: 0.9134, Test: 0.9084
Run: 01, Epoch: 53, Loss: 0.0003, lr: 0.000168, Train: 0.9847, Valid: 0.9134, Test: 0.9090
Run: 01, Epoch: 54, Loss: 0.0003, lr: 0.000168, Train: 0.9851, Valid: 0.9134, Test: 0.9092
Run: 01, Epoch: 55, Loss: 0.0003, lr: 0.000168, Train: 0.9853, Valid: 0.9134, Test: 0.9090
Run: 01, Epoch: 56, Loss: 0.0002, lr: 0.000168, Train: 0.9853, Valid: 0.9133, Test: 0.9087
Run: 01, Epoch: 57, Loss: 0.0002, lr: 0.000168, Train: 0.9854, Valid: 0.9132, Test: 0.9086
Run: 01, Epoch: 58, Loss: 0.0002, lr: 0.000118, Train: 0.9860, Valid: 0.9136, Test: 0.9099
Run: 01, Epoch: 59, Loss: 0.0002, lr: 0.000118, Train: 0.9865, Valid: 0.9139, Test: 0.9114
Run: 01, Epoch: 60, Loss: 0.0002, lr: 0.000118, Train: 0.9871, Valid: 0.9143, Test: 0.9128
Run: 01, Epoch: 61, Loss: 0.0002, lr: 0.000118, Train: 0.9876, Valid: 0.9146, Test: 0.9141
Run: 01, Epoch: 62, Loss: 0.0002, lr: 0.000118, Train: 0.9881, Valid: 0.9150, Test: 0.9154
Run: 01, Epoch: 63, Loss: 0.0002, lr: 0.000118, Train: 0.9886, Valid: 0.9153, Test: 0.9165
Run: 01, Epoch: 64, Loss: 0.0002, lr: 0.000082, Train: 0.9893, Valid: 0.9158, Test: 0.9181
Run: 01, Epoch: 65, Loss: 0.0002, lr: 0.000082, Train: 0.9899, Valid: 0.9163, Test: 0.9195
Run: 01, Epoch: 66, Loss: 0.0002, lr: 0.000082, Train: 0.9904, Valid: 0.9167, Test: 0.9208
Run: 01, Epoch: 67, Loss: 0.0002, lr: 0.000082, Train: 0.9909, Valid: 0.9171, Test: 0.9220
Run: 01, Epoch: 68, Loss: 0.0002, lr: 0.000082, Train: 0.9913, Valid: 0.9174, Test: 0.9230
Run: 01, Epoch: 69, Loss: 0.0002, lr: 0.000082, Train: 0.9917, Valid: 0.9177, Test: 0.9240
Run: 01, Epoch: 70, Loss: 0.0002, lr: 0.000082, Train: 0.9921, Valid: 0.9180, Test: 0.9249
Run: 01, Epoch: 71, Loss: 0.0002, lr: 0.000082, Train: 0.9924, Valid: 0.9182, Test: 0.9258
Run: 01, Epoch: 72, Loss: 0.0002, lr: 0.000082, Train: 0.9927, Valid: 0.9183, Test: 0.9265
Run: 01, Epoch: 73, Loss: 0.0002, lr: 0.000082, Train: 0.9929, Valid: 0.9185, Test: 0.9272
Run: 01, Epoch: 74, Loss: 0.0002, lr: 0.000082, Train: 0.9931, Valid: 0.9186, Test: 0.9277
Run: 01, Epoch: 75, Loss: 0.0002, lr: 0.000082, Train: 0.9933, Valid: 0.9186, Test: 0.9281
Run: 01, Epoch: 76, Loss: 0.0002, lr: 0.000082, Train: 0.9934, Valid: 0.9187, Test: 0.9284
Run: 01, Epoch: 77, Loss: 0.0002, lr: 0.000082, Train: 0.9935, Valid: 0.9187, Test: 0.9286
Run: 01, Epoch: 78, Loss: 0.0002, lr: 0.000082, Train: 0.9936, Valid: 0.9187, Test: 0.9287
Run: 01, Epoch: 79, Loss: 0.0002, lr: 0.000082, Train: 0.9937, Valid: 0.9187, Test: 0.9289
Run: 01, Epoch: 80, Loss: 0.0002, lr: 0.000082, Train: 0.9938, Valid: 0.9187, Test: 0.9290
Run: 01, Epoch: 81, Loss: 0.0002, lr: 0.000082, Train: 0.9939, Valid: 0.9186, Test: 0.9291
Run: 01, Epoch: 82, Loss: 0.0002, lr: 0.000082, Train: 0.9940, Valid: 0.9186, Test: 0.9292
Run: 01, Epoch: 83, Loss: 0.0002, lr: 0.000058, Train: 0.9941, Valid: 0.9186, Test: 0.9294
Run: 01, Epoch: 84, Loss: 0.0002, lr: 0.000058, Train: 0.9941, Valid: 0.9186, Test: 0.9296
Run: 01, Epoch: 85, Loss: 0.0002, lr: 0.000058, Train: 0.9942, Valid: 0.9186, Test: 0.9298
Run: 01, Epoch: 86, Loss: 0.0002, lr: 0.000058, Train: 0.9943, Valid: 0.9186, Test: 0.9300
Run: 01, Epoch: 87, Loss: 0.0002, lr: 0.000058, Train: 0.9943, Valid: 0.9185, Test: 0.9302
Run: 01, Epoch: 88, Loss: 0.0002, lr: 0.000058, Train: 0.9944, Valid: 0.9185, Test: 0.9304
Run: 01, Epoch: 89, Loss: 0.0002, lr: 0.000040, Train: 0.9944, Valid: 0.9185, Test: 0.9305
Run: 01, Epoch: 90, Loss: 0.0002, lr: 0.000040, Train: 0.9945, Valid: 0.9185, Test: 0.9306
Run: 01, Epoch: 91, Loss: 0.0002, lr: 0.000040, Train: 0.9945, Valid: 0.9185, Test: 0.9307
Run: 01, Epoch: 92, Loss: 0.0002, lr: 0.000040, Train: 0.9945, Valid: 0.9185, Test: 0.9308
Run: 01, Epoch: 93, Loss: 0.0002, lr: 0.000040, Train: 0.9945, Valid: 0.9185, Test: 0.9308
Run: 01, Epoch: 94, Loss: 0.0002, lr: 0.000040, Train: 0.9946, Valid: 0.9185, Test: 0.9309
Run: 01, Epoch: 95, Loss: 0.0002, lr: 0.000028, Train: 0.9946, Valid: 0.9185, Test: 0.9309
Run: 01, Epoch: 96, Loss: 0.0002, lr: 0.000028, Train: 0.9946, Valid: 0.9185, Test: 0.9310
Run: 01, Epoch: 97, Loss: 0.0002, lr: 0.000028, Train: 0.9946, Valid: 0.9185, Test: 0.9310
Run: 01, Epoch: 98, Loss: 0.0002, lr: 0.000028, Train: 0.9947, Valid: 0.9185, Test: 0.9310
Run: 01, Epoch: 99, Loss: 0.0002, lr: 0.000028, Train: 0.9947, Valid: 0.9185, Test: 0.9310
Run: 01, Epoch: 100, Loss: 0.0002, lr: 0.000028, Train: 0.9947, Valid: 0.9185, Test: 0.9310
Run 01:
Highest Train: 0.99
Highest Valid: 0.92
  Final Train: 0.99
   Final Test: 0.93
Run: 02, Epoch: 01, Loss: 0.0635, lr: 0.001000, Train: 0.3567, Valid: 0.2579, Test: 0.3304
Run: 02, Epoch: 02, Loss: 0.0078, lr: 0.001000, Train: 0.6426, Valid: 0.4446, Test: 0.5854
Run: 02, Epoch: 03, Loss: 0.0080, lr: 0.001000, Train: 0.7483, Valid: 0.5167, Test: 0.6820
Run: 02, Epoch: 04, Loss: 0.0084, lr: 0.001000, Train: 0.7634, Valid: 0.5263, Test: 0.7021
Run: 02, Epoch: 05, Loss: 0.0074, lr: 0.001000, Train: 0.7323, Valid: 0.5232, Test: 0.6848
Run: 02, Epoch: 06, Loss: 0.0059, lr: 0.001000, Train: 0.6786, Valid: 0.5143, Test: 0.6501
Run: 02, Epoch: 07, Loss: 0.0047, lr: 0.001000, Train: 0.6228, Valid: 0.4948, Test: 0.6111
Run: 02, Epoch: 08, Loss: 0.0041, lr: 0.001000, Train: 0.5806, Valid: 0.4683, Test: 0.5754
Run: 02, Epoch: 09, Loss: 0.0037, lr: 0.001000, Train: 0.5563, Valid: 0.4381, Test: 0.5495
Run: 02, Epoch: 10, Loss: 0.0034, lr: 0.001000, Train: 0.5482, Valid: 0.4116, Test: 0.5373
Run: 02, Epoch: 11, Loss: 0.0033, lr: 0.000700, Train: 0.5643, Valid: 0.4217, Test: 0.5509
Run: 02, Epoch: 12, Loss: 0.0031, lr: 0.000700, Train: 0.5876, Valid: 0.4416, Test: 0.5693
Run: 02, Epoch: 13, Loss: 0.0029, lr: 0.000700, Train: 0.6141, Valid: 0.4645, Test: 0.5868
Run: 02, Epoch: 14, Loss: 0.0026, lr: 0.000700, Train: 0.6406, Valid: 0.4864, Test: 0.6001
Run: 02, Epoch: 15, Loss: 0.0023, lr: 0.000700, Train: 0.6634, Valid: 0.5029, Test: 0.6082
Run: 02, Epoch: 16, Loss: 0.0020, lr: 0.000700, Train: 0.6794, Valid: 0.5158, Test: 0.6112
Run: 02, Epoch: 17, Loss: 0.0018, lr: 0.000490, Train: 0.6980, Valid: 0.5394, Test: 0.6233
Run: 02, Epoch: 18, Loss: 0.0017, lr: 0.000490, Train: 0.7106, Valid: 0.5554, Test: 0.6316
Run: 02, Epoch: 19, Loss: 0.0016, lr: 0.000490, Train: 0.7181, Valid: 0.5633, Test: 0.6352
Run: 02, Epoch: 20, Loss: 0.0015, lr: 0.000490, Train: 0.7237, Valid: 0.5683, Test: 0.6356
Run: 02, Epoch: 21, Loss: 0.0014, lr: 0.000490, Train: 0.7270, Valid: 0.5697, Test: 0.6364
Run: 02, Epoch: 22, Loss: 0.0013, lr: 0.000490, Train: 0.7342, Valid: 0.5760, Test: 0.6422
Run: 02, Epoch: 23, Loss: 0.0012, lr: 0.000490, Train: 0.7462, Valid: 0.5892, Test: 0.6545
Run: 02, Epoch: 24, Loss: 0.0011, lr: 0.000490, Train: 0.7628, Valid: 0.6077, Test: 0.6729
Run: 02, Epoch: 25, Loss: 0.0011, lr: 0.000490, Train: 0.7831, Valid: 0.6306, Test: 0.6958
Run: 02, Epoch: 26, Loss: 0.0010, lr: 0.000490, Train: 0.8061, Valid: 0.6583, Test: 0.7224
Run: 02, Epoch: 27, Loss: 0.0009, lr: 0.000490, Train: 0.8305, Valid: 0.6887, Test: 0.7512
Run: 02, Epoch: 28, Loss: 0.0008, lr: 0.000490, Train: 0.8538, Valid: 0.7179, Test: 0.7796
Run: 02, Epoch: 29, Loss: 0.0008, lr: 0.000490, Train: 0.8736, Valid: 0.7424, Test: 0.8051
Run: 02, Epoch: 30, Loss: 0.0007, lr: 0.000490, Train: 0.8900, Valid: 0.7625, Test: 0.8257
Run: 02, Epoch: 31, Loss: 0.0006, lr: 0.000490, Train: 0.9027, Valid: 0.7788, Test: 0.8415
Run: 02, Epoch: 32, Loss: 0.0006, lr: 0.000490, Train: 0.9121, Valid: 0.7916, Test: 0.8524
Run: 02, Epoch: 33, Loss: 0.0005, lr: 0.000490, Train: 0.9190, Valid: 0.8011, Test: 0.8593
Run: 02, Epoch: 34, Loss: 0.0005, lr: 0.000490, Train: 0.9239, Valid: 0.8077, Test: 0.8632
Run: 02, Epoch: 35, Loss: 0.0005, lr: 0.000490, Train: 0.9274, Valid: 0.8118, Test: 0.8647
Run: 02, Epoch: 36, Loss: 0.0004, lr: 0.000490, Train: 0.9297, Valid: 0.8133, Test: 0.8647
Run: 02, Epoch: 37, Loss: 0.0004, lr: 0.000490, Train: 0.9313, Valid: 0.8131, Test: 0.8644
Run: 02, Epoch: 38, Loss: 0.0004, lr: 0.000490, Train: 0.9320, Valid: 0.8137, Test: 0.8633
Run: 02, Epoch: 39, Loss: 0.0003, lr: 0.000490, Train: 0.9323, Valid: 0.8173, Test: 0.8616
Run: 02, Epoch: 40, Loss: 0.0003, lr: 0.000490, Train: 0.9314, Valid: 0.8134, Test: 0.8589
Run: 02, Epoch: 41, Loss: 0.0003, lr: 0.000490, Train: 0.9300, Valid: 0.8069, Test: 0.8555
Run: 02, Epoch: 42, Loss: 0.0003, lr: 0.000490, Train: 0.9286, Valid: 0.7996, Test: 0.8519
Run: 02, Epoch: 43, Loss: 0.0002, lr: 0.000490, Train: 0.9285, Valid: 0.7952, Test: 0.8491
Run: 02, Epoch: 44, Loss: 0.0002, lr: 0.000490, Train: 0.9302, Valid: 0.7948, Test: 0.8480
Run: 02, Epoch: 45, Loss: 0.0002, lr: 0.000490, Train: 0.9336, Valid: 0.7969, Test: 0.8491
Run: 02, Epoch: 46, Loss: 0.0002, lr: 0.000343, Train: 0.9403, Valid: 0.8028, Test: 0.8547
Run: 02, Epoch: 47, Loss: 0.0002, lr: 0.000343, Train: 0.9469, Valid: 0.8090, Test: 0.8607
Run: 02, Epoch: 48, Loss: 0.0002, lr: 0.000343, Train: 0.9531, Valid: 0.8153, Test: 0.8664
Run: 02, Epoch: 49, Loss: 0.0002, lr: 0.000343, Train: 0.9588, Valid: 0.8202, Test: 0.8717
Run: 02, Epoch: 50, Loss: 0.0002, lr: 0.000343, Train: 0.9638, Valid: 0.8233, Test: 0.8766
Run: 02, Epoch: 51, Loss: 0.0002, lr: 0.000343, Train: 0.9685, Valid: 0.8253, Test: 0.8812
Run: 02, Epoch: 52, Loss: 0.0002, lr: 0.000343, Train: 0.9730, Valid: 0.8278, Test: 0.8859
Run: 02, Epoch: 53, Loss: 0.0002, lr: 0.000343, Train: 0.9773, Valid: 0.8304, Test: 0.8905
Run: 02, Epoch: 54, Loss: 0.0002, lr: 0.000343, Train: 0.9813, Valid: 0.8332, Test: 0.8949
Run: 02, Epoch: 55, Loss: 0.0002, lr: 0.000343, Train: 0.9847, Valid: 0.8361, Test: 0.8988
Run: 02, Epoch: 56, Loss: 0.0001, lr: 0.000343, Train: 0.9875, Valid: 0.8382, Test: 0.9018
Run: 02, Epoch: 57, Loss: 0.0001, lr: 0.000343, Train: 0.9895, Valid: 0.8390, Test: 0.9039
Run: 02, Epoch: 58, Loss: 0.0001, lr: 0.000343, Train: 0.9908, Valid: 0.8388, Test: 0.9052
Run: 02, Epoch: 59, Loss: 0.0001, lr: 0.000343, Train: 0.9918, Valid: 0.8381, Test: 0.9057
Run: 02, Epoch: 60, Loss: 0.0001, lr: 0.000343, Train: 0.9924, Valid: 0.8376, Test: 0.9058
Run: 02, Epoch: 61, Loss: 0.0001, lr: 0.000343, Train: 0.9930, Valid: 0.8373, Test: 0.9056
Run: 02, Epoch: 62, Loss: 0.0001, lr: 0.000343, Train: 0.9935, Valid: 0.8368, Test: 0.9054
Run: 02, Epoch: 63, Loss: 0.0001, lr: 0.000343, Train: 0.9940, Valid: 0.8358, Test: 0.9055
Run: 02, Epoch: 64, Loss: 0.0001, lr: 0.000240, Train: 0.9945, Valid: 0.8346, Test: 0.9058
Run: 02, Epoch: 65, Loss: 0.0001, lr: 0.000240, Train: 0.9950, Valid: 0.8333, Test: 0.9061
Run: 02, Epoch: 66, Loss: 0.0001, lr: 0.000240, Train: 0.9954, Valid: 0.8320, Test: 0.9065
Run: 02, Epoch: 67, Loss: 0.0001, lr: 0.000240, Train: 0.9958, Valid: 0.8308, Test: 0.9069
Run: 02, Epoch: 68, Loss: 0.0001, lr: 0.000240, Train: 0.9961, Valid: 0.8299, Test: 0.9072
Run: 02, Epoch: 69, Loss: 0.0001, lr: 0.000240, Train: 0.9964, Valid: 0.8292, Test: 0.9075
Run: 02, Epoch: 70, Loss: 0.0001, lr: 0.000168, Train: 0.9966, Valid: 0.8288, Test: 0.9077
Run: 02, Epoch: 71, Loss: 0.0001, lr: 0.000168, Train: 0.9967, Valid: 0.8284, Test: 0.9078
Run: 02, Epoch: 72, Loss: 0.0001, lr: 0.000168, Train: 0.9969, Valid: 0.8281, Test: 0.9079
Run: 02, Epoch: 73, Loss: 0.0001, lr: 0.000168, Train: 0.9969, Valid: 0.8277, Test: 0.9080
Run: 02, Epoch: 74, Loss: 0.0001, lr: 0.000168, Train: 0.9970, Valid: 0.8274, Test: 0.9081
Run: 02, Epoch: 75, Loss: 0.0001, lr: 0.000168, Train: 0.9971, Valid: 0.8270, Test: 0.9082
Run: 02, Epoch: 76, Loss: 0.0001, lr: 0.000118, Train: 0.9971, Valid: 0.8267, Test: 0.9083
Run: 02, Epoch: 77, Loss: 0.0001, lr: 0.000118, Train: 0.9972, Valid: 0.8263, Test: 0.9084
Run: 02, Epoch: 78, Loss: 0.0001, lr: 0.000118, Train: 0.9972, Valid: 0.8260, Test: 0.9084
Run: 02, Epoch: 79, Loss: 0.0001, lr: 0.000118, Train: 0.9973, Valid: 0.8256, Test: 0.9084
Run: 02, Epoch: 80, Loss: 0.0001, lr: 0.000118, Train: 0.9973, Valid: 0.8253, Test: 0.9084
Run: 02, Epoch: 81, Loss: 0.0001, lr: 0.000118, Train: 0.9973, Valid: 0.8250, Test: 0.9084
Run: 02, Epoch: 82, Loss: 0.0001, lr: 0.000082, Train: 0.9973, Valid: 0.8248, Test: 0.9083
Run: 02, Epoch: 83, Loss: 0.0001, lr: 0.000082, Train: 0.9974, Valid: 0.8247, Test: 0.9083
Run: 02, Epoch: 84, Loss: 0.0001, lr: 0.000082, Train: 0.9974, Valid: 0.8247, Test: 0.9082
Run: 02, Epoch: 85, Loss: 0.0001, lr: 0.000082, Train: 0.9974, Valid: 0.8246, Test: 0.9081
Run: 02, Epoch: 86, Loss: 0.0001, lr: 0.000082, Train: 0.9974, Valid: 0.8245, Test: 0.9080
Run: 02, Epoch: 87, Loss: 0.0001, lr: 0.000082, Train: 0.9974, Valid: 0.8245, Test: 0.9079
Run: 02, Epoch: 88, Loss: 0.0001, lr: 0.000058, Train: 0.9975, Valid: 0.8245, Test: 0.9078
Run: 02, Epoch: 89, Loss: 0.0001, lr: 0.000058, Train: 0.9975, Valid: 0.8244, Test: 0.9077
Run: 02, Epoch: 90, Loss: 0.0001, lr: 0.000058, Train: 0.9975, Valid: 0.8244, Test: 0.9077
Run: 02, Epoch: 91, Loss: 0.0001, lr: 0.000058, Train: 0.9975, Valid: 0.8243, Test: 0.9076
Run: 02, Epoch: 92, Loss: 0.0001, lr: 0.000058, Train: 0.9975, Valid: 0.8242, Test: 0.9075
Run: 02, Epoch: 93, Loss: 0.0001, lr: 0.000058, Train: 0.9975, Valid: 0.8242, Test: 0.9075
Run: 02, Epoch: 94, Loss: 0.0001, lr: 0.000040, Train: 0.9975, Valid: 0.8242, Test: 0.9074
Run: 02, Epoch: 95, Loss: 0.0001, lr: 0.000040, Train: 0.9975, Valid: 0.8241, Test: 0.9074
Run: 02, Epoch: 96, Loss: 0.0001, lr: 0.000040, Train: 0.9975, Valid: 0.8241, Test: 0.9074
Run: 02, Epoch: 97, Loss: 0.0001, lr: 0.000040, Train: 0.9975, Valid: 0.8241, Test: 0.9073
Run: 02, Epoch: 98, Loss: 0.0001, lr: 0.000040, Train: 0.9976, Valid: 0.8240, Test: 0.9073
Run: 02, Epoch: 99, Loss: 0.0001, lr: 0.000040, Train: 0.9976, Valid: 0.8240, Test: 0.9073
Run: 02, Epoch: 100, Loss: 0.0001, lr: 0.000028, Train: 0.9976, Valid: 0.8240, Test: 0.9072
Run 02:
Highest Train: 1.00
Highest Valid: 0.84
  Final Train: 0.99
   Final Test: 0.90
Run: 03, Epoch: 01, Loss: 0.0593, lr: 0.001000, Train: 0.4129, Valid: 0.0494, Test: 0.3248
Run: 03, Epoch: 02, Loss: 0.0095, lr: 0.001000, Train: 0.6689, Valid: 0.4023, Test: 0.6013
Run: 03, Epoch: 03, Loss: 0.0073, lr: 0.001000, Train: 0.7680, Valid: 0.5778, Test: 0.7423
Run: 03, Epoch: 04, Loss: 0.0083, lr: 0.001000, Train: 0.8027, Valid: 0.6492, Test: 0.8064
Run: 03, Epoch: 05, Loss: 0.0091, lr: 0.001000, Train: 0.8252, Valid: 0.6822, Test: 0.8377
Run: 03, Epoch: 06, Loss: 0.0086, lr: 0.001000, Train: 0.8466, Valid: 0.7115, Test: 0.8564
Run: 03, Epoch: 07, Loss: 0.0075, lr: 0.001000, Train: 0.8604, Valid: 0.7263, Test: 0.8668
Run: 03, Epoch: 08, Loss: 0.0064, lr: 0.001000, Train: 0.8646, Valid: 0.7194, Test: 0.8681
Run: 03, Epoch: 09, Loss: 0.0054, lr: 0.001000, Train: 0.8594, Valid: 0.6893, Test: 0.8610
Run: 03, Epoch: 10, Loss: 0.0045, lr: 0.001000, Train: 0.8422, Valid: 0.6352, Test: 0.8440
Run: 03, Epoch: 11, Loss: 0.0037, lr: 0.001000, Train: 0.8116, Valid: 0.5584, Test: 0.8162
Run: 03, Epoch: 12, Loss: 0.0034, lr: 0.001000, Train: 0.7694, Valid: 0.4559, Test: 0.7766
Run: 03, Epoch: 13, Loss: 0.0033, lr: 0.001000, Train: 0.7151, Valid: 0.3295, Test: 0.7180
Run: 03, Epoch: 14, Loss: 0.0033, lr: 0.000700, Train: 0.6758, Valid: 0.2437, Test: 0.6652
Run: 03, Epoch: 15, Loss: 0.0032, lr: 0.000700, Train: 0.6299, Valid: 0.1521, Test: 0.5958
Run: 03, Epoch: 16, Loss: 0.0031, lr: 0.000700, Train: 0.5786, Valid: 0.0532, Test: 0.5114
Run: 03, Epoch: 17, Loss: 0.0028, lr: 0.000700, Train: 0.5158, Valid: -0.0616, Test: 0.4069
Run: 03, Epoch: 18, Loss: 0.0026, lr: 0.000700, Train: 0.4393, Valid: -0.1926, Test: 0.2813
Run: 03, Epoch: 19, Loss: 0.0023, lr: 0.000700, Train: 0.3504, Valid: -0.3328, Test: 0.1438
Run: 03, Epoch: 20, Loss: 0.0021, lr: 0.000490, Train: 0.3180, Valid: -0.3699, Test: 0.0895
Run: 03, Epoch: 21, Loss: 0.0019, lr: 0.000490, Train: 0.2861, Valid: -0.4038, Test: 0.0432
Run: 03, Epoch: 22, Loss: 0.0018, lr: 0.000490, Train: 0.2565, Valid: -0.4320, Test: 0.0059
Run: 03, Epoch: 23, Loss: 0.0017, lr: 0.000490, Train: 0.2316, Valid: -0.4510, Test: -0.0202
Run: 03, Epoch: 24, Loss: 0.0016, lr: 0.000490, Train: 0.2194, Valid: -0.4479, Test: -0.0268
Run: 03, Epoch: 25, Loss: 0.0015, lr: 0.000490, Train: 0.2265, Valid: -0.4144, Test: -0.0099
Run: 03, Epoch: 26, Loss: 0.0014, lr: 0.000343, Train: 0.2818, Valid: -0.3052, Test: 0.0615
Run: 03, Epoch: 27, Loss: 0.0014, lr: 0.000343, Train: 0.3424, Valid: -0.1906, Test: 0.1385
Run: 03, Epoch: 28, Loss: 0.0013, lr: 0.000343, Train: 0.4067, Valid: -0.0744, Test: 0.2191
Run: 03, Epoch: 29, Loss: 0.0013, lr: 0.000343, Train: 0.4720, Valid: 0.0394, Test: 0.2992
Run: 03, Epoch: 30, Loss: 0.0013, lr: 0.000343, Train: 0.5346, Valid: 0.1459, Test: 0.3756
Run: 03, Epoch: 31, Loss: 0.0012, lr: 0.000343, Train: 0.5910, Valid: 0.2401, Test: 0.4444
Run: 03, Epoch: 32, Loss: 0.0012, lr: 0.000240, Train: 0.6462, Valid: 0.3309, Test: 0.5115
Run: 03, Epoch: 33, Loss: 0.0011, lr: 0.000240, Train: 0.6926, Valid: 0.4057, Test: 0.5675
Run: 03, Epoch: 34, Loss: 0.0011, lr: 0.000240, Train: 0.7312, Valid: 0.4691, Test: 0.6142
Run: 03, Epoch: 35, Loss: 0.0011, lr: 0.000240, Train: 0.7618, Valid: 0.5147, Test: 0.6519
Run: 03, Epoch: 36, Loss: 0.0010, lr: 0.000240, Train: 0.7870, Valid: 0.5530, Test: 0.6830
Run: 03, Epoch: 37, Loss: 0.0010, lr: 0.000240, Train: 0.8079, Valid: 0.5846, Test: 0.7090
Run: 03, Epoch: 38, Loss: 0.0010, lr: 0.000168, Train: 0.8297, Valid: 0.6185, Test: 0.7352
Run: 03, Epoch: 39, Loss: 0.0010, lr: 0.000168, Train: 0.8477, Valid: 0.6467, Test: 0.7565
Run: 03, Epoch: 40, Loss: 0.0009, lr: 0.000168, Train: 0.8629, Valid: 0.6704, Test: 0.7742
Run: 03, Epoch: 41, Loss: 0.0009, lr: 0.000168, Train: 0.8756, Valid: 0.6904, Test: 0.7890
Run: 03, Epoch: 42, Loss: 0.0009, lr: 0.000168, Train: 0.8864, Valid: 0.7072, Test: 0.8015
Run: 03, Epoch: 43, Loss: 0.0009, lr: 0.000168, Train: 0.8956, Valid: 0.7213, Test: 0.8121
Run: 03, Epoch: 44, Loss: 0.0008, lr: 0.000118, Train: 0.9058, Valid: 0.7376, Test: 0.8238
Run: 03, Epoch: 45, Loss: 0.0008, lr: 0.000118, Train: 0.9145, Valid: 0.7516, Test: 0.8336
Run: 03, Epoch: 46, Loss: 0.0008, lr: 0.000118, Train: 0.9218, Valid: 0.7636, Test: 0.8420
Run: 03, Epoch: 47, Loss: 0.0008, lr: 0.000118, Train: 0.9281, Valid: 0.7740, Test: 0.8491
Run: 03, Epoch: 48, Loss: 0.0008, lr: 0.000118, Train: 0.9335, Valid: 0.7831, Test: 0.8551
Run: 03, Epoch: 49, Loss: 0.0008, lr: 0.000118, Train: 0.9381, Valid: 0.7908, Test: 0.8603
Run: 03, Epoch: 50, Loss: 0.0008, lr: 0.000118, Train: 0.9420, Valid: 0.7975, Test: 0.8647
Run: 03, Epoch: 51, Loss: 0.0008, lr: 0.000118, Train: 0.9454, Valid: 0.8034, Test: 0.8685
Run: 03, Epoch: 52, Loss: 0.0007, lr: 0.000118, Train: 0.9483, Valid: 0.8085, Test: 0.8717
Run: 03, Epoch: 53, Loss: 0.0007, lr: 0.000118, Train: 0.9508, Valid: 0.8130, Test: 0.8744
Run: 03, Epoch: 54, Loss: 0.0007, lr: 0.000118, Train: 0.9530, Valid: 0.8170, Test: 0.8767
Run: 03, Epoch: 55, Loss: 0.0007, lr: 0.000118, Train: 0.9549, Valid: 0.8206, Test: 0.8786
Run: 03, Epoch: 56, Loss: 0.0007, lr: 0.000118, Train: 0.9565, Valid: 0.8239, Test: 0.8802
Run: 03, Epoch: 57, Loss: 0.0007, lr: 0.000118, Train: 0.9577, Valid: 0.8265, Test: 0.8812
Run: 03, Epoch: 58, Loss: 0.0007, lr: 0.000118, Train: 0.9588, Valid: 0.8293, Test: 0.8816
Run: 03, Epoch: 59, Loss: 0.0007, lr: 0.000118, Train: 0.9599, Valid: 0.8321, Test: 0.8820
Run: 03, Epoch: 60, Loss: 0.0007, lr: 0.000118, Train: 0.9609, Valid: 0.8347, Test: 0.8826
Run: 03, Epoch: 61, Loss: 0.0006, lr: 0.000118, Train: 0.9617, Valid: 0.8369, Test: 0.8832
Run: 03, Epoch: 62, Loss: 0.0006, lr: 0.000118, Train: 0.9623, Valid: 0.8386, Test: 0.8834
Run: 03, Epoch: 63, Loss: 0.0006, lr: 0.000118, Train: 0.9630, Valid: 0.8407, Test: 0.8839
Run: 03, Epoch: 64, Loss: 0.0006, lr: 0.000118, Train: 0.9639, Valid: 0.8429, Test: 0.8848
Run: 03, Epoch: 65, Loss: 0.0006, lr: 0.000118, Train: 0.9650, Valid: 0.8451, Test: 0.8861
Run: 03, Epoch: 66, Loss: 0.0006, lr: 0.000118, Train: 0.9661, Valid: 0.8471, Test: 0.8877
Run: 03, Epoch: 67, Loss: 0.0006, lr: 0.000118, Train: 0.9671, Valid: 0.8490, Test: 0.8892
Run: 03, Epoch: 68, Loss: 0.0006, lr: 0.000118, Train: 0.9680, Valid: 0.8503, Test: 0.8903
Run: 03, Epoch: 69, Loss: 0.0006, lr: 0.000118, Train: 0.9687, Valid: 0.8513, Test: 0.8910
Run: 03, Epoch: 70, Loss: 0.0006, lr: 0.000118, Train: 0.9691, Valid: 0.8519, Test: 0.8913
Run: 03, Epoch: 71, Loss: 0.0006, lr: 0.000118, Train: 0.9693, Valid: 0.8524, Test: 0.8912
Run: 03, Epoch: 72, Loss: 0.0005, lr: 0.000118, Train: 0.9695, Valid: 0.8530, Test: 0.8911
Run: 03, Epoch: 73, Loss: 0.0005, lr: 0.000118, Train: 0.9700, Valid: 0.8538, Test: 0.8911
Run: 03, Epoch: 74, Loss: 0.0005, lr: 0.000118, Train: 0.9706, Valid: 0.8550, Test: 0.8916
Run: 03, Epoch: 75, Loss: 0.0005, lr: 0.000118, Train: 0.9715, Valid: 0.8566, Test: 0.8924
Run: 03, Epoch: 76, Loss: 0.0005, lr: 0.000118, Train: 0.9726, Valid: 0.8584, Test: 0.8937
Run: 03, Epoch: 77, Loss: 0.0005, lr: 0.000118, Train: 0.9739, Valid: 0.8605, Test: 0.8954
Run: 03, Epoch: 78, Loss: 0.0005, lr: 0.000118, Train: 0.9751, Valid: 0.8624, Test: 0.8970
Run: 03, Epoch: 79, Loss: 0.0005, lr: 0.000118, Train: 0.9762, Valid: 0.8642, Test: 0.8984
Run: 03, Epoch: 80, Loss: 0.0005, lr: 0.000118, Train: 0.9771, Valid: 0.8657, Test: 0.8995
Run: 03, Epoch: 81, Loss: 0.0005, lr: 0.000118, Train: 0.9778, Valid: 0.8670, Test: 0.9001
Run: 03, Epoch: 82, Loss: 0.0005, lr: 0.000118, Train: 0.9782, Valid: 0.8681, Test: 0.9003
Run: 03, Epoch: 83, Loss: 0.0005, lr: 0.000118, Train: 0.9786, Valid: 0.8694, Test: 0.9003
Run: 03, Epoch: 84, Loss: 0.0004, lr: 0.000118, Train: 0.9788, Valid: 0.8706, Test: 0.9003
Run: 03, Epoch: 85, Loss: 0.0004, lr: 0.000118, Train: 0.9792, Valid: 0.8716, Test: 0.9006
Run: 03, Epoch: 86, Loss: 0.0004, lr: 0.000118, Train: 0.9797, Valid: 0.8724, Test: 0.9013
Run: 03, Epoch: 87, Loss: 0.0004, lr: 0.000118, Train: 0.9801, Valid: 0.8731, Test: 0.9021
Run: 03, Epoch: 88, Loss: 0.0004, lr: 0.000118, Train: 0.9803, Valid: 0.8736, Test: 0.9024
Run: 03, Epoch: 89, Loss: 0.0004, lr: 0.000118, Train: 0.9803, Valid: 0.8738, Test: 0.9023
Run: 03, Epoch: 90, Loss: 0.0004, lr: 0.000118, Train: 0.9801, Valid: 0.8740, Test: 0.9017
Run: 03, Epoch: 91, Loss: 0.0004, lr: 0.000118, Train: 0.9799, Valid: 0.8744, Test: 0.9010
Run: 03, Epoch: 92, Loss: 0.0004, lr: 0.000118, Train: 0.9798, Valid: 0.8748, Test: 0.9006
Run: 03, Epoch: 93, Loss: 0.0004, lr: 0.000118, Train: 0.9799, Valid: 0.8752, Test: 0.9007
Run: 03, Epoch: 94, Loss: 0.0004, lr: 0.000118, Train: 0.9801, Valid: 0.8756, Test: 0.9011
Run: 03, Epoch: 95, Loss: 0.0004, lr: 0.000118, Train: 0.9803, Valid: 0.8759, Test: 0.9014
Run: 03, Epoch: 96, Loss: 0.0004, lr: 0.000118, Train: 0.9805, Valid: 0.8762, Test: 0.9015
Run: 03, Epoch: 97, Loss: 0.0004, lr: 0.000118, Train: 0.9805, Valid: 0.8765, Test: 0.9014
Run: 03, Epoch: 98, Loss: 0.0004, lr: 0.000118, Train: 0.9805, Valid: 0.8770, Test: 0.9012
Run: 03, Epoch: 99, Loss: 0.0003, lr: 0.000118, Train: 0.9806, Valid: 0.8776, Test: 0.9011
Run: 03, Epoch: 100, Loss: 0.0003, lr: 0.000118, Train: 0.9809, Valid: 0.8782, Test: 0.9014
Run 03:
Highest Train: 0.98
Highest Valid: 0.88
  Final Train: 0.98
   Final Test: 0.90
Run: 04, Epoch: 01, Loss: 0.0392, lr: 0.001000, Train: 0.4040, Valid: 0.3330, Test: 0.3327
Run: 04, Epoch: 02, Loss: 0.0075, lr: 0.001000, Train: 0.6295, Valid: 0.4897, Test: 0.4949
Run: 04, Epoch: 03, Loss: 0.0081, lr: 0.001000, Train: 0.7071, Valid: 0.5182, Test: 0.5540
Run: 04, Epoch: 04, Loss: 0.0078, lr: 0.001000, Train: 0.7306, Valid: 0.5156, Test: 0.5764
Run: 04, Epoch: 05, Loss: 0.0067, lr: 0.001000, Train: 0.7385, Valid: 0.5201, Test: 0.5940
Run: 04, Epoch: 06, Loss: 0.0051, lr: 0.001000, Train: 0.7479, Valid: 0.5437, Test: 0.6183
Run: 04, Epoch: 07, Loss: 0.0037, lr: 0.001000, Train: 0.7554, Valid: 0.5783, Test: 0.6405
Run: 04, Epoch: 08, Loss: 0.0032, lr: 0.001000, Train: 0.7583, Valid: 0.6023, Test: 0.6508
Run: 04, Epoch: 09, Loss: 0.0033, lr: 0.001000, Train: 0.7582, Valid: 0.6167, Test: 0.6480
Run: 04, Epoch: 10, Loss: 0.0034, lr: 0.001000, Train: 0.7576, Valid: 0.6206, Test: 0.6344
Run: 04, Epoch: 11, Loss: 0.0034, lr: 0.001000, Train: 0.7553, Valid: 0.6158, Test: 0.6091
Run: 04, Epoch: 12, Loss: 0.0031, lr: 0.001000, Train: 0.7440, Valid: 0.5959, Test: 0.5686
Run: 04, Epoch: 13, Loss: 0.0027, lr: 0.001000, Train: 0.7162, Valid: 0.5458, Test: 0.5065
Run: 04, Epoch: 14, Loss: 0.0024, lr: 0.001000, Train: 0.6654, Valid: 0.4551, Test: 0.4171
Run: 04, Epoch: 15, Loss: 0.0021, lr: 0.001000, Train: 0.6026, Valid: 0.3377, Test: 0.3178
Run: 04, Epoch: 16, Loss: 0.0018, lr: 0.001000, Train: 0.5273, Valid: 0.1992, Test: 0.2062
Run: 04, Epoch: 17, Loss: 0.0016, lr: 0.000700, Train: 0.5030, Valid: 0.1480, Test: 0.1724
Run: 04, Epoch: 18, Loss: 0.0016, lr: 0.000700, Train: 0.4841, Valid: 0.1077, Test: 0.1446
Run: 04, Epoch: 19, Loss: 0.0015, lr: 0.000700, Train: 0.4754, Valid: 0.0866, Test: 0.1296
Run: 04, Epoch: 20, Loss: 0.0013, lr: 0.000700, Train: 0.4762, Valid: 0.0884, Test: 0.1278
Run: 04, Epoch: 21, Loss: 0.0012, lr: 0.000700, Train: 0.4846, Valid: 0.1103, Test: 0.1386
Run: 04, Epoch: 22, Loss: 0.0011, lr: 0.000700, Train: 0.4987, Valid: 0.1436, Test: 0.1572
Run: 04, Epoch: 23, Loss: 0.0010, lr: 0.000490, Train: 0.5385, Valid: 0.2131, Test: 0.2158
Run: 04, Epoch: 24, Loss: 0.0010, lr: 0.000490, Train: 0.5752, Valid: 0.2770, Test: 0.2686
Run: 04, Epoch: 25, Loss: 0.0009, lr: 0.000490, Train: 0.6065, Valid: 0.3308, Test: 0.3131
Run: 04, Epoch: 26, Loss: 0.0009, lr: 0.000490, Train: 0.6308, Valid: 0.3741, Test: 0.3484
Run: 04, Epoch: 27, Loss: 0.0008, lr: 0.000490, Train: 0.6482, Valid: 0.4067, Test: 0.3740
Run: 04, Epoch: 28, Loss: 0.0008, lr: 0.000490, Train: 0.6600, Valid: 0.4305, Test: 0.3906
Run: 04, Epoch: 29, Loss: 0.0007, lr: 0.000343, Train: 0.6843, Valid: 0.4698, Test: 0.4269
Run: 04, Epoch: 30, Loss: 0.0007, lr: 0.000343, Train: 0.7046, Valid: 0.5025, Test: 0.4568
Run: 04, Epoch: 31, Loss: 0.0006, lr: 0.000343, Train: 0.7221, Valid: 0.5303, Test: 0.4822
Run: 04, Epoch: 32, Loss: 0.0006, lr: 0.000343, Train: 0.7386, Valid: 0.5559, Test: 0.5056
Run: 04, Epoch: 33, Loss: 0.0006, lr: 0.000343, Train: 0.7549, Valid: 0.5807, Test: 0.5288
Run: 04, Epoch: 34, Loss: 0.0005, lr: 0.000343, Train: 0.7720, Valid: 0.6057, Test: 0.5534
Run: 04, Epoch: 35, Loss: 0.0005, lr: 0.000240, Train: 0.7966, Valid: 0.6407, Test: 0.5912
Run: 04, Epoch: 36, Loss: 0.0005, lr: 0.000240, Train: 0.8190, Valid: 0.6723, Test: 0.6256
Run: 04, Epoch: 37, Loss: 0.0005, lr: 0.000240, Train: 0.8390, Valid: 0.7005, Test: 0.6567
Run: 04, Epoch: 38, Loss: 0.0005, lr: 0.000240, Train: 0.8562, Valid: 0.7247, Test: 0.6840
Run: 04, Epoch: 39, Loss: 0.0005, lr: 0.000240, Train: 0.8708, Valid: 0.7453, Test: 0.7076
Run: 04, Epoch: 40, Loss: 0.0005, lr: 0.000240, Train: 0.8827, Valid: 0.7622, Test: 0.7273
Run: 04, Epoch: 41, Loss: 0.0004, lr: 0.000240, Train: 0.8920, Valid: 0.7755, Test: 0.7430
Run: 04, Epoch: 42, Loss: 0.0004, lr: 0.000240, Train: 0.8991, Valid: 0.7858, Test: 0.7554
Run: 04, Epoch: 43, Loss: 0.0004, lr: 0.000240, Train: 0.9045, Valid: 0.7937, Test: 0.7649
Run: 04, Epoch: 44, Loss: 0.0004, lr: 0.000240, Train: 0.9083, Valid: 0.7996, Test: 0.7717
Run: 04, Epoch: 45, Loss: 0.0004, lr: 0.000240, Train: 0.9110, Valid: 0.8044, Test: 0.7768
Run: 04, Epoch: 46, Loss: 0.0004, lr: 0.000240, Train: 0.9132, Valid: 0.8087, Test: 0.7809
Run: 04, Epoch: 47, Loss: 0.0004, lr: 0.000240, Train: 0.9154, Valid: 0.8130, Test: 0.7847
Run: 04, Epoch: 48, Loss: 0.0003, lr: 0.000240, Train: 0.9178, Valid: 0.8179, Test: 0.7890
Run: 04, Epoch: 49, Loss: 0.0003, lr: 0.000240, Train: 0.9208, Valid: 0.8237, Test: 0.7942
Run: 04, Epoch: 50, Loss: 0.0003, lr: 0.000240, Train: 0.9245, Valid: 0.8304, Test: 0.8004
Run: 04, Epoch: 51, Loss: 0.0003, lr: 0.000240, Train: 0.9288, Valid: 0.8379, Test: 0.8075
Run: 04, Epoch: 52, Loss: 0.0003, lr: 0.000240, Train: 0.9336, Valid: 0.8461, Test: 0.8154
Run: 04, Epoch: 53, Loss: 0.0003, lr: 0.000240, Train: 0.9387, Valid: 0.8546, Test: 0.8239
Run: 04, Epoch: 54, Loss: 0.0003, lr: 0.000240, Train: 0.9438, Valid: 0.8631, Test: 0.8325
Run: 04, Epoch: 55, Loss: 0.0003, lr: 0.000240, Train: 0.9487, Valid: 0.8711, Test: 0.8408
Run: 04, Epoch: 56, Loss: 0.0003, lr: 0.000240, Train: 0.9532, Valid: 0.8782, Test: 0.8482
Run: 04, Epoch: 57, Loss: 0.0003, lr: 0.000240, Train: 0.9569, Valid: 0.8842, Test: 0.8545
Run: 04, Epoch: 58, Loss: 0.0003, lr: 0.000240, Train: 0.9598, Valid: 0.8890, Test: 0.8594
Run: 04, Epoch: 59, Loss: 0.0002, lr: 0.000240, Train: 0.9620, Valid: 0.8928, Test: 0.8631
Run: 04, Epoch: 60, Loss: 0.0002, lr: 0.000240, Train: 0.9637, Valid: 0.8957, Test: 0.8656
Run: 04, Epoch: 61, Loss: 0.0002, lr: 0.000240, Train: 0.9646, Valid: 0.8976, Test: 0.8669
Run: 04, Epoch: 62, Loss: 0.0002, lr: 0.000240, Train: 0.9652, Valid: 0.8989, Test: 0.8676
Run: 04, Epoch: 63, Loss: 0.0002, lr: 0.000240, Train: 0.9656, Valid: 0.8999, Test: 0.8676
Run: 04, Epoch: 64, Loss: 0.0002, lr: 0.000240, Train: 0.9657, Valid: 0.9007, Test: 0.8672
Run: 04, Epoch: 65, Loss: 0.0002, lr: 0.000240, Train: 0.9657, Valid: 0.9015, Test: 0.8667
Run: 04, Epoch: 66, Loss: 0.0002, lr: 0.000240, Train: 0.9659, Valid: 0.9023, Test: 0.8663
Run: 04, Epoch: 67, Loss: 0.0002, lr: 0.000240, Train: 0.9663, Valid: 0.9033, Test: 0.8663
Run: 04, Epoch: 68, Loss: 0.0002, lr: 0.000240, Train: 0.9670, Valid: 0.9046, Test: 0.8669
Run: 04, Epoch: 69, Loss: 0.0002, lr: 0.000240, Train: 0.9679, Valid: 0.9063, Test: 0.8681
Run: 04, Epoch: 70, Loss: 0.0002, lr: 0.000240, Train: 0.9691, Valid: 0.9082, Test: 0.8698
Run: 04, Epoch: 71, Loss: 0.0002, lr: 0.000240, Train: 0.9705, Valid: 0.9104, Test: 0.8721
Run: 04, Epoch: 72, Loss: 0.0002, lr: 0.000240, Train: 0.9722, Valid: 0.9128, Test: 0.8749
Run: 04, Epoch: 73, Loss: 0.0002, lr: 0.000240, Train: 0.9738, Valid: 0.9151, Test: 0.8777
Run: 04, Epoch: 74, Loss: 0.0002, lr: 0.000240, Train: 0.9753, Valid: 0.9172, Test: 0.8802
Run: 04, Epoch: 75, Loss: 0.0002, lr: 0.000240, Train: 0.9765, Valid: 0.9190, Test: 0.8824
Run: 04, Epoch: 76, Loss: 0.0002, lr: 0.000240, Train: 0.9776, Valid: 0.9206, Test: 0.8843
Run: 04, Epoch: 77, Loss: 0.0002, lr: 0.000240, Train: 0.9787, Valid: 0.9221, Test: 0.8859
Run: 04, Epoch: 78, Loss: 0.0001, lr: 0.000240, Train: 0.9797, Valid: 0.9236, Test: 0.8876
Run: 04, Epoch: 79, Loss: 0.0001, lr: 0.000240, Train: 0.9808, Valid: 0.9251, Test: 0.8894
Run: 04, Epoch: 80, Loss: 0.0001, lr: 0.000240, Train: 0.9819, Valid: 0.9266, Test: 0.8913
Run: 04, Epoch: 81, Loss: 0.0001, lr: 0.000240, Train: 0.9830, Valid: 0.9280, Test: 0.8932
Run: 04, Epoch: 82, Loss: 0.0001, lr: 0.000240, Train: 0.9839, Valid: 0.9293, Test: 0.8948
Run: 04, Epoch: 83, Loss: 0.0001, lr: 0.000240, Train: 0.9846, Valid: 0.9304, Test: 0.8960
Run: 04, Epoch: 84, Loss: 0.0001, lr: 0.000240, Train: 0.9852, Valid: 0.9314, Test: 0.8967
Run: 04, Epoch: 85, Loss: 0.0001, lr: 0.000240, Train: 0.9856, Valid: 0.9323, Test: 0.8971
Run: 04, Epoch: 86, Loss: 0.0001, lr: 0.000240, Train: 0.9859, Valid: 0.9331, Test: 0.8974
Run: 04, Epoch: 87, Loss: 0.0001, lr: 0.000240, Train: 0.9861, Valid: 0.9338, Test: 0.8975
Run: 04, Epoch: 88, Loss: 0.0001, lr: 0.000240, Train: 0.9862, Valid: 0.9344, Test: 0.8976
Run: 04, Epoch: 89, Loss: 0.0001, lr: 0.000240, Train: 0.9865, Valid: 0.9350, Test: 0.8979
Run: 04, Epoch: 90, Loss: 0.0001, lr: 0.000240, Train: 0.9867, Valid: 0.9357, Test: 0.8982
Run: 04, Epoch: 91, Loss: 0.0001, lr: 0.000240, Train: 0.9871, Valid: 0.9363, Test: 0.8988
Run: 04, Epoch: 92, Loss: 0.0001, lr: 0.000240, Train: 0.9875, Valid: 0.9369, Test: 0.8995
Run: 04, Epoch: 93, Loss: 0.0001, lr: 0.000240, Train: 0.9879, Valid: 0.9374, Test: 0.9004
Run: 04, Epoch: 94, Loss: 0.0001, lr: 0.000240, Train: 0.9883, Valid: 0.9379, Test: 0.9012
Run: 04, Epoch: 95, Loss: 0.0001, lr: 0.000240, Train: 0.9885, Valid: 0.9382, Test: 0.9018
Run: 04, Epoch: 96, Loss: 0.0001, lr: 0.000240, Train: 0.9887, Valid: 0.9385, Test: 0.9020
Run: 04, Epoch: 97, Loss: 0.0001, lr: 0.000240, Train: 0.9889, Valid: 0.9388, Test: 0.9022
Run: 04, Epoch: 98, Loss: 0.0001, lr: 0.000240, Train: 0.9889, Valid: 0.9389, Test: 0.9022
Run: 04, Epoch: 99, Loss: 0.0001, lr: 0.000240, Train: 0.9889, Valid: 0.9390, Test: 0.9021
Run: 04, Epoch: 100, Loss: 0.0001, lr: 0.000240, Train: 0.9889, Valid: 0.9392, Test: 0.9020
Run 04:
Highest Train: 0.99
Highest Valid: 0.94
  Final Train: 0.99
   Final Test: 0.90
Run: 05, Epoch: 01, Loss: 0.0213, lr: 0.001000, Train: 0.5685, Valid: 0.6604, Test: 0.4773
Run: 05, Epoch: 02, Loss: 0.0086, lr: 0.001000, Train: 0.7255, Valid: 0.7773, Test: 0.6030
Run: 05, Epoch: 03, Loss: 0.0082, lr: 0.001000, Train: 0.7522, Valid: 0.7472, Test: 0.6150
Run: 05, Epoch: 04, Loss: 0.0070, lr: 0.001000, Train: 0.7164, Valid: 0.6502, Test: 0.5801
Run: 05, Epoch: 05, Loss: 0.0054, lr: 0.001000, Train: 0.6749, Valid: 0.5575, Test: 0.5479
Run: 05, Epoch: 06, Loss: 0.0043, lr: 0.001000, Train: 0.6632, Valid: 0.5199, Test: 0.5380
Run: 05, Epoch: 07, Loss: 0.0035, lr: 0.001000, Train: 0.6794, Valid: 0.5241, Test: 0.5449
Run: 05, Epoch: 08, Loss: 0.0031, lr: 0.001000, Train: 0.6984, Valid: 0.5283, Test: 0.5557
Run: 05, Epoch: 09, Loss: 0.0031, lr: 0.000700, Train: 0.7138, Valid: 0.5334, Test: 0.5664
Run: 05, Epoch: 10, Loss: 0.0030, lr: 0.000700, Train: 0.7229, Valid: 0.5275, Test: 0.5718
Run: 05, Epoch: 11, Loss: 0.0027, lr: 0.000700, Train: 0.7257, Valid: 0.5125, Test: 0.5703
Run: 05, Epoch: 12, Loss: 0.0023, lr: 0.000700, Train: 0.7203, Valid: 0.4926, Test: 0.5602
Run: 05, Epoch: 13, Loss: 0.0019, lr: 0.000700, Train: 0.7057, Valid: 0.4710, Test: 0.5425
Run: 05, Epoch: 14, Loss: 0.0017, lr: 0.000700, Train: 0.6844, Valid: 0.4489, Test: 0.5214
Run: 05, Epoch: 15, Loss: 0.0015, lr: 0.000490, Train: 0.6807, Valid: 0.4536, Test: 0.5234
Run: 05, Epoch: 16, Loss: 0.0015, lr: 0.000490, Train: 0.6751, Valid: 0.4542, Test: 0.5208
Run: 05, Epoch: 17, Loss: 0.0014, lr: 0.000490, Train: 0.6698, Valid: 0.4521, Test: 0.5169
Run: 05, Epoch: 18, Loss: 0.0013, lr: 0.000490, Train: 0.6693, Valid: 0.4528, Test: 0.5166
Run: 05, Epoch: 19, Loss: 0.0012, lr: 0.000490, Train: 0.6754, Valid: 0.4609, Test: 0.5225
Run: 05, Epoch: 20, Loss: 0.0011, lr: 0.000490, Train: 0.6864, Valid: 0.4745, Test: 0.5331
Run: 05, Epoch: 21, Loss: 0.0010, lr: 0.000343, Train: 0.7121, Valid: 0.5112, Test: 0.5621
Run: 05, Epoch: 22, Loss: 0.0009, lr: 0.000343, Train: 0.7371, Valid: 0.5460, Test: 0.5903
Run: 05, Epoch: 23, Loss: 0.0008, lr: 0.000343, Train: 0.7604, Valid: 0.5768, Test: 0.6164
Run: 05, Epoch: 24, Loss: 0.0008, lr: 0.000343, Train: 0.7812, Valid: 0.6018, Test: 0.6399
Run: 05, Epoch: 25, Loss: 0.0007, lr: 0.000343, Train: 0.7986, Valid: 0.6210, Test: 0.6599
Run: 05, Epoch: 26, Loss: 0.0007, lr: 0.000343, Train: 0.8120, Valid: 0.6342, Test: 0.6754
Run: 05, Epoch: 27, Loss: 0.0006, lr: 0.000240, Train: 0.8276, Valid: 0.6528, Test: 0.6944
Run: 05, Epoch: 28, Loss: 0.0006, lr: 0.000240, Train: 0.8398, Valid: 0.6665, Test: 0.7092
Run: 05, Epoch: 29, Loss: 0.0006, lr: 0.000240, Train: 0.8495, Valid: 0.6769, Test: 0.7209
Run: 05, Epoch: 30, Loss: 0.0006, lr: 0.000240, Train: 0.8574, Valid: 0.6862, Test: 0.7306
Run: 05, Epoch: 31, Loss: 0.0005, lr: 0.000240, Train: 0.8644, Valid: 0.6944, Test: 0.7388
Run: 05, Epoch: 32, Loss: 0.0005, lr: 0.000240, Train: 0.8710, Valid: 0.7026, Test: 0.7470
Run: 05, Epoch: 33, Loss: 0.0005, lr: 0.000168, Train: 0.8819, Valid: 0.7170, Test: 0.7615
Run: 05, Epoch: 34, Loss: 0.0005, lr: 0.000168, Train: 0.8921, Valid: 0.7302, Test: 0.7751
Run: 05, Epoch: 35, Loss: 0.0005, lr: 0.000168, Train: 0.9015, Valid: 0.7423, Test: 0.7882
Run: 05, Epoch: 36, Loss: 0.0004, lr: 0.000168, Train: 0.9105, Valid: 0.7534, Test: 0.8004
Run: 05, Epoch: 37, Loss: 0.0004, lr: 0.000168, Train: 0.9187, Valid: 0.7633, Test: 0.8119
Run: 05, Epoch: 38, Loss: 0.0004, lr: 0.000168, Train: 0.9263, Valid: 0.7722, Test: 0.8224
Run: 05, Epoch: 39, Loss: 0.0004, lr: 0.000118, Train: 0.9344, Valid: 0.7813, Test: 0.8340
Run: 05, Epoch: 40, Loss: 0.0004, lr: 0.000118, Train: 0.9414, Valid: 0.7889, Test: 0.8442
Run: 05, Epoch: 41, Loss: 0.0004, lr: 0.000118, Train: 0.9475, Valid: 0.7951, Test: 0.8532
Run: 05, Epoch: 42, Loss: 0.0004, lr: 0.000118, Train: 0.9527, Valid: 0.8000, Test: 0.8609
Run: 05, Epoch: 43, Loss: 0.0004, lr: 0.000118, Train: 0.9571, Valid: 0.8039, Test: 0.8675
Run: 05, Epoch: 44, Loss: 0.0004, lr: 0.000118, Train: 0.9609, Valid: 0.8069, Test: 0.8731
Run: 05, Epoch: 45, Loss: 0.0003, lr: 0.000118, Train: 0.9641, Valid: 0.8091, Test: 0.8778
Run: 05, Epoch: 46, Loss: 0.0003, lr: 0.000118, Train: 0.9668, Valid: 0.8105, Test: 0.8818
Run: 05, Epoch: 47, Loss: 0.0003, lr: 0.000118, Train: 0.9691, Valid: 0.8114, Test: 0.8852
Run: 05, Epoch: 48, Loss: 0.0003, lr: 0.000118, Train: 0.9711, Valid: 0.8119, Test: 0.8882
Run: 05, Epoch: 49, Loss: 0.0003, lr: 0.000118, Train: 0.9730, Valid: 0.8120, Test: 0.8909
Run: 05, Epoch: 50, Loss: 0.0003, lr: 0.000118, Train: 0.9747, Valid: 0.8118, Test: 0.8933
Run: 05, Epoch: 51, Loss: 0.0003, lr: 0.000118, Train: 0.9762, Valid: 0.8114, Test: 0.8954
Run: 05, Epoch: 52, Loss: 0.0003, lr: 0.000118, Train: 0.9776, Valid: 0.8107, Test: 0.8974
Run: 05, Epoch: 53, Loss: 0.0003, lr: 0.000118, Train: 0.9790, Valid: 0.8100, Test: 0.8991
Run: 05, Epoch: 54, Loss: 0.0003, lr: 0.000118, Train: 0.9802, Valid: 0.8092, Test: 0.9007
Run: 05, Epoch: 55, Loss: 0.0003, lr: 0.000118, Train: 0.9814, Valid: 0.8084, Test: 0.9022
Run: 05, Epoch: 56, Loss: 0.0003, lr: 0.000082, Train: 0.9828, Valid: 0.8079, Test: 0.9044
Run: 05, Epoch: 57, Loss: 0.0003, lr: 0.000082, Train: 0.9840, Valid: 0.8073, Test: 0.9063
Run: 05, Epoch: 58, Loss: 0.0003, lr: 0.000082, Train: 0.9851, Valid: 0.8067, Test: 0.9080
Run: 05, Epoch: 59, Loss: 0.0003, lr: 0.000082, Train: 0.9861, Valid: 0.8060, Test: 0.9095
Run: 05, Epoch: 60, Loss: 0.0003, lr: 0.000082, Train: 0.9869, Valid: 0.8052, Test: 0.9109
Run: 05, Epoch: 61, Loss: 0.0003, lr: 0.000082, Train: 0.9876, Valid: 0.8045, Test: 0.9120
Run: 05, Epoch: 62, Loss: 0.0002, lr: 0.000058, Train: 0.9884, Valid: 0.8038, Test: 0.9134
Run: 05, Epoch: 63, Loss: 0.0002, lr: 0.000058, Train: 0.9890, Valid: 0.8030, Test: 0.9146
Run: 05, Epoch: 64, Loss: 0.0002, lr: 0.000058, Train: 0.9895, Valid: 0.8022, Test: 0.9156
Run: 05, Epoch: 65, Loss: 0.0002, lr: 0.000058, Train: 0.9900, Valid: 0.8015, Test: 0.9164
Run: 05, Epoch: 66, Loss: 0.0002, lr: 0.000058, Train: 0.9904, Valid: 0.8008, Test: 0.9172
Run: 05, Epoch: 67, Loss: 0.0002, lr: 0.000058, Train: 0.9907, Valid: 0.8001, Test: 0.9178
Run: 05, Epoch: 68, Loss: 0.0002, lr: 0.000040, Train: 0.9911, Valid: 0.7994, Test: 0.9186
Run: 05, Epoch: 69, Loss: 0.0002, lr: 0.000040, Train: 0.9914, Valid: 0.7988, Test: 0.9193
Run: 05, Epoch: 70, Loss: 0.0002, lr: 0.000040, Train: 0.9917, Valid: 0.7981, Test: 0.9199
Run: 05, Epoch: 71, Loss: 0.0002, lr: 0.000040, Train: 0.9919, Valid: 0.7976, Test: 0.9204
Run: 05, Epoch: 72, Loss: 0.0002, lr: 0.000040, Train: 0.9921, Valid: 0.7971, Test: 0.9208
Run: 05, Epoch: 73, Loss: 0.0002, lr: 0.000040, Train: 0.9923, Valid: 0.7966, Test: 0.9212
Run: 05, Epoch: 74, Loss: 0.0002, lr: 0.000028, Train: 0.9924, Valid: 0.7960, Test: 0.9217
Run: 05, Epoch: 75, Loss: 0.0002, lr: 0.000028, Train: 0.9926, Valid: 0.7955, Test: 0.9221
Run: 05, Epoch: 76, Loss: 0.0002, lr: 0.000028, Train: 0.9927, Valid: 0.7950, Test: 0.9224
Run: 05, Epoch: 77, Loss: 0.0002, lr: 0.000028, Train: 0.9929, Valid: 0.7945, Test: 0.9228
Run: 05, Epoch: 78, Loss: 0.0002, lr: 0.000028, Train: 0.9930, Valid: 0.7941, Test: 0.9230
Run: 05, Epoch: 79, Loss: 0.0002, lr: 0.000028, Train: 0.9931, Valid: 0.7937, Test: 0.9233
Run: 05, Epoch: 80, Loss: 0.0002, lr: 0.000020, Train: 0.9932, Valid: 0.7932, Test: 0.9236
Run: 05, Epoch: 81, Loss: 0.0002, lr: 0.000020, Train: 0.9933, Valid: 0.7928, Test: 0.9239
Run: 05, Epoch: 82, Loss: 0.0002, lr: 0.000020, Train: 0.9933, Valid: 0.7924, Test: 0.9242
Run: 05, Epoch: 83, Loss: 0.0002, lr: 0.000020, Train: 0.9934, Valid: 0.7920, Test: 0.9244
Run: 05, Epoch: 84, Loss: 0.0002, lr: 0.000020, Train: 0.9935, Valid: 0.7917, Test: 0.9246
Run: 05, Epoch: 85, Loss: 0.0002, lr: 0.000020, Train: 0.9935, Valid: 0.7914, Test: 0.9248
Run: 05, Epoch: 86, Loss: 0.0002, lr: 0.000014, Train: 0.9936, Valid: 0.7910, Test: 0.9250
Run: 05, Epoch: 87, Loss: 0.0002, lr: 0.000014, Train: 0.9936, Valid: 0.7907, Test: 0.9252
Run: 05, Epoch: 88, Loss: 0.0002, lr: 0.000014, Train: 0.9937, Valid: 0.7904, Test: 0.9253
Run: 05, Epoch: 89, Loss: 0.0002, lr: 0.000014, Train: 0.9937, Valid: 0.7901, Test: 0.9255
Run: 05, Epoch: 90, Loss: 0.0002, lr: 0.000014, Train: 0.9938, Valid: 0.7899, Test: 0.9256
Run: 05, Epoch: 91, Loss: 0.0002, lr: 0.000014, Train: 0.9938, Valid: 0.7897, Test: 0.9257
Run: 05, Epoch: 92, Loss: 0.0002, lr: 0.000010, Train: 0.9938, Valid: 0.7895, Test: 0.9258
Run: 05, Epoch: 93, Loss: 0.0002, lr: 0.000010, Train: 0.9938, Valid: 0.7892, Test: 0.9260
Run: 05, Epoch: 94, Loss: 0.0002, lr: 0.000010, Train: 0.9939, Valid: 0.7890, Test: 0.9261
Run: 05, Epoch: 95, Loss: 0.0002, lr: 0.000010, Train: 0.9939, Valid: 0.7888, Test: 0.9262
Run: 05, Epoch: 96, Loss: 0.0002, lr: 0.000010, Train: 0.9939, Valid: 0.7886, Test: 0.9263
Run: 05, Epoch: 97, Loss: 0.0002, lr: 0.000010, Train: 0.9939, Valid: 0.7885, Test: 0.9263
Run: 05, Epoch: 98, Loss: 0.0002, lr: 0.000010, Train: 0.9939, Valid: 0.7883, Test: 0.9264
Run: 05, Epoch: 99, Loss: 0.0002, lr: 0.000010, Train: 0.9940, Valid: 0.7882, Test: 0.9264
Run: 05, Epoch: 100, Loss: 0.0002, lr: 0.000010, Train: 0.9940, Valid: 0.7881, Test: 0.9265
Run 05:
Highest Train: 0.99
Highest Valid: 0.81
  Final Train: 0.97
   Final Test: 0.89
Run: 06, Epoch: 01, Loss: 0.0328, lr: 0.001000, Train: 0.4673, Valid: 0.4702, Test: 0.5042
Run: 06, Epoch: 02, Loss: 0.0074, lr: 0.001000, Train: 0.6424, Valid: 0.6406, Test: 0.6966
Run: 06, Epoch: 03, Loss: 0.0073, lr: 0.001000, Train: 0.6795, Valid: 0.6459, Test: 0.7515
Run: 06, Epoch: 04, Loss: 0.0074, lr: 0.001000, Train: 0.6869, Valid: 0.6344, Test: 0.7763
Run: 06, Epoch: 05, Loss: 0.0058, lr: 0.001000, Train: 0.6904, Valid: 0.6246, Test: 0.7913
Run: 06, Epoch: 06, Loss: 0.0043, lr: 0.001000, Train: 0.6858, Valid: 0.6107, Test: 0.7904
Run: 06, Epoch: 07, Loss: 0.0033, lr: 0.001000, Train: 0.6675, Valid: 0.5839, Test: 0.7711
Run: 06, Epoch: 08, Loss: 0.0027, lr: 0.001000, Train: 0.6438, Valid: 0.5525, Test: 0.7413
Run: 06, Epoch: 09, Loss: 0.0025, lr: 0.001000, Train: 0.6288, Valid: 0.5264, Test: 0.7159
Run: 06, Epoch: 10, Loss: 0.0025, lr: 0.000700, Train: 0.6457, Valid: 0.5323, Test: 0.7208
Run: 06, Epoch: 11, Loss: 0.0024, lr: 0.000700, Train: 0.6741, Valid: 0.5483, Test: 0.7390
Run: 06, Epoch: 12, Loss: 0.0021, lr: 0.000700, Train: 0.7071, Valid: 0.5677, Test: 0.7607
Run: 06, Epoch: 13, Loss: 0.0018, lr: 0.000700, Train: 0.7366, Valid: 0.5876, Test: 0.7795
Run: 06, Epoch: 14, Loss: 0.0016, lr: 0.000700, Train: 0.7563, Valid: 0.5999, Test: 0.7898
Run: 06, Epoch: 15, Loss: 0.0015, lr: 0.000700, Train: 0.7673, Valid: 0.6046, Test: 0.7930
Run: 06, Epoch: 16, Loss: 0.0014, lr: 0.000490, Train: 0.7809, Valid: 0.6178, Test: 0.7981
Run: 06, Epoch: 17, Loss: 0.0013, lr: 0.000490, Train: 0.7911, Valid: 0.6260, Test: 0.8015
Run: 06, Epoch: 18, Loss: 0.0012, lr: 0.000490, Train: 0.7970, Valid: 0.6301, Test: 0.8026
Run: 06, Epoch: 19, Loss: 0.0011, lr: 0.000490, Train: 0.7985, Valid: 0.6312, Test: 0.8006
Run: 06, Epoch: 20, Loss: 0.0011, lr: 0.000490, Train: 0.7969, Valid: 0.6303, Test: 0.7965
Run: 06, Epoch: 21, Loss: 0.0010, lr: 0.000490, Train: 0.7931, Valid: 0.6282, Test: 0.7914
Run: 06, Epoch: 22, Loss: 0.0010, lr: 0.000343, Train: 0.8005, Valid: 0.6425, Test: 0.7945
Run: 06, Epoch: 23, Loss: 0.0009, lr: 0.000343, Train: 0.8068, Valid: 0.6547, Test: 0.7968
Run: 06, Epoch: 24, Loss: 0.0009, lr: 0.000343, Train: 0.8122, Valid: 0.6645, Test: 0.7984
Run: 06, Epoch: 25, Loss: 0.0008, lr: 0.000343, Train: 0.8170, Valid: 0.6724, Test: 0.7992
Run: 06, Epoch: 26, Loss: 0.0008, lr: 0.000343, Train: 0.8213, Valid: 0.6792, Test: 0.7995
Run: 06, Epoch: 27, Loss: 0.0007, lr: 0.000343, Train: 0.8252, Valid: 0.6851, Test: 0.7995
Run: 06, Epoch: 28, Loss: 0.0007, lr: 0.000343, Train: 0.8291, Valid: 0.6907, Test: 0.7996
Run: 06, Epoch: 29, Loss: 0.0007, lr: 0.000343, Train: 0.8334, Valid: 0.6969, Test: 0.7998
Run: 06, Epoch: 30, Loss: 0.0006, lr: 0.000343, Train: 0.8385, Valid: 0.7049, Test: 0.8008
Run: 06, Epoch: 31, Loss: 0.0006, lr: 0.000343, Train: 0.8453, Valid: 0.7159, Test: 0.8032
Run: 06, Epoch: 32, Loss: 0.0006, lr: 0.000343, Train: 0.8542, Valid: 0.7308, Test: 0.8074
Run: 06, Epoch: 33, Loss: 0.0005, lr: 0.000343, Train: 0.8654, Valid: 0.7491, Test: 0.8137
Run: 06, Epoch: 34, Loss: 0.0005, lr: 0.000343, Train: 0.8785, Valid: 0.7696, Test: 0.8221
Run: 06, Epoch: 35, Loss: 0.0005, lr: 0.000343, Train: 0.8928, Valid: 0.7911, Test: 0.8321
Run: 06, Epoch: 36, Loss: 0.0005, lr: 0.000343, Train: 0.9074, Valid: 0.8119, Test: 0.8429
Run: 06, Epoch: 37, Loss: 0.0004, lr: 0.000343, Train: 0.9212, Valid: 0.8308, Test: 0.8532
Run: 06, Epoch: 38, Loss: 0.0004, lr: 0.000343, Train: 0.9335, Valid: 0.8465, Test: 0.8621
Run: 06, Epoch: 39, Loss: 0.0004, lr: 0.000343, Train: 0.9438, Valid: 0.8590, Test: 0.8693
Run: 06, Epoch: 40, Loss: 0.0004, lr: 0.000343, Train: 0.9521, Valid: 0.8685, Test: 0.8748
Run: 06, Epoch: 41, Loss: 0.0004, lr: 0.000343, Train: 0.9581, Valid: 0.8750, Test: 0.8785
Run: 06, Epoch: 42, Loss: 0.0003, lr: 0.000343, Train: 0.9622, Valid: 0.8787, Test: 0.8807
Run: 06, Epoch: 43, Loss: 0.0003, lr: 0.000343, Train: 0.9647, Valid: 0.8799, Test: 0.8817
Run: 06, Epoch: 44, Loss: 0.0003, lr: 0.000343, Train: 0.9657, Valid: 0.8793, Test: 0.8816
Run: 06, Epoch: 45, Loss: 0.0003, lr: 0.000343, Train: 0.9655, Valid: 0.8774, Test: 0.8806
Run: 06, Epoch: 46, Loss: 0.0003, lr: 0.000343, Train: 0.9644, Valid: 0.8750, Test: 0.8790
Run: 06, Epoch: 47, Loss: 0.0003, lr: 0.000343, Train: 0.9623, Valid: 0.8722, Test: 0.8767
Run: 06, Epoch: 48, Loss: 0.0003, lr: 0.000343, Train: 0.9600, Valid: 0.8697, Test: 0.8741
Run: 06, Epoch: 49, Loss: 0.0002, lr: 0.000343, Train: 0.9582, Valid: 0.8679, Test: 0.8718
Run: 06, Epoch: 50, Loss: 0.0002, lr: 0.000240, Train: 0.9596, Valid: 0.8703, Test: 0.8719
Run: 06, Epoch: 51, Loss: 0.0002, lr: 0.000240, Train: 0.9616, Valid: 0.8734, Test: 0.8725
Run: 06, Epoch: 52, Loss: 0.0002, lr: 0.000240, Train: 0.9641, Valid: 0.8769, Test: 0.8735
Run: 06, Epoch: 53, Loss: 0.0002, lr: 0.000240, Train: 0.9672, Valid: 0.8810, Test: 0.8749
Run: 06, Epoch: 54, Loss: 0.0002, lr: 0.000240, Train: 0.9704, Valid: 0.8855, Test: 0.8764
Run: 06, Epoch: 55, Loss: 0.0002, lr: 0.000240, Train: 0.9735, Valid: 0.8899, Test: 0.8780
Run: 06, Epoch: 56, Loss: 0.0002, lr: 0.000240, Train: 0.9761, Valid: 0.8939, Test: 0.8793
Run: 06, Epoch: 57, Loss: 0.0002, lr: 0.000240, Train: 0.9784, Valid: 0.8976, Test: 0.8805
Run: 06, Epoch: 58, Loss: 0.0002, lr: 0.000240, Train: 0.9803, Valid: 0.9011, Test: 0.8815
Run: 06, Epoch: 59, Loss: 0.0002, lr: 0.000240, Train: 0.9820, Valid: 0.9045, Test: 0.8824
Run: 06, Epoch: 60, Loss: 0.0002, lr: 0.000240, Train: 0.9834, Valid: 0.9078, Test: 0.8832
Run: 06, Epoch: 61, Loss: 0.0002, lr: 0.000240, Train: 0.9849, Valid: 0.9112, Test: 0.8837
Run: 06, Epoch: 62, Loss: 0.0002, lr: 0.000240, Train: 0.9864, Valid: 0.9146, Test: 0.8842
Run: 06, Epoch: 63, Loss: 0.0002, lr: 0.000240, Train: 0.9878, Valid: 0.9177, Test: 0.8845
Run: 06, Epoch: 64, Loss: 0.0002, lr: 0.000240, Train: 0.9890, Valid: 0.9203, Test: 0.8846
Run: 06, Epoch: 65, Loss: 0.0001, lr: 0.000240, Train: 0.9899, Valid: 0.9224, Test: 0.8846
Run: 06, Epoch: 66, Loss: 0.0001, lr: 0.000240, Train: 0.9905, Valid: 0.9240, Test: 0.8845
Run: 06, Epoch: 67, Loss: 0.0001, lr: 0.000240, Train: 0.9909, Valid: 0.9252, Test: 0.8843
Run: 06, Epoch: 68, Loss: 0.0001, lr: 0.000240, Train: 0.9912, Valid: 0.9261, Test: 0.8842
Run: 06, Epoch: 69, Loss: 0.0001, lr: 0.000240, Train: 0.9914, Valid: 0.9267, Test: 0.8840
Run: 06, Epoch: 70, Loss: 0.0001, lr: 0.000240, Train: 0.9918, Valid: 0.9272, Test: 0.8838
Run: 06, Epoch: 71, Loss: 0.0001, lr: 0.000240, Train: 0.9921, Valid: 0.9276, Test: 0.8835
Run: 06, Epoch: 72, Loss: 0.0001, lr: 0.000240, Train: 0.9925, Valid: 0.9280, Test: 0.8832
Run: 06, Epoch: 73, Loss: 0.0001, lr: 0.000240, Train: 0.9928, Valid: 0.9283, Test: 0.8830
Run: 06, Epoch: 74, Loss: 0.0001, lr: 0.000240, Train: 0.9930, Valid: 0.9286, Test: 0.8828
Run: 06, Epoch: 75, Loss: 0.0001, lr: 0.000240, Train: 0.9931, Valid: 0.9290, Test: 0.8827
Run: 06, Epoch: 76, Loss: 0.0001, lr: 0.000240, Train: 0.9933, Valid: 0.9294, Test: 0.8827
Run: 06, Epoch: 77, Loss: 0.0001, lr: 0.000240, Train: 0.9935, Valid: 0.9299, Test: 0.8827
Run: 06, Epoch: 78, Loss: 0.0001, lr: 0.000240, Train: 0.9937, Valid: 0.9304, Test: 0.8826
Run: 06, Epoch: 79, Loss: 0.0001, lr: 0.000240, Train: 0.9940, Valid: 0.9308, Test: 0.8826
Run: 06, Epoch: 80, Loss: 0.0001, lr: 0.000240, Train: 0.9942, Valid: 0.9309, Test: 0.8825
Run: 06, Epoch: 81, Loss: 0.0001, lr: 0.000240, Train: 0.9943, Valid: 0.9309, Test: 0.8826
Run: 06, Epoch: 82, Loss: 0.0001, lr: 0.000240, Train: 0.9943, Valid: 0.9309, Test: 0.8826
Run: 06, Epoch: 83, Loss: 0.0001, lr: 0.000240, Train: 0.9943, Valid: 0.9308, Test: 0.8827
Run: 06, Epoch: 84, Loss: 0.0001, lr: 0.000240, Train: 0.9943, Valid: 0.9307, Test: 0.8827
Run: 06, Epoch: 85, Loss: 0.0001, lr: 0.000240, Train: 0.9943, Valid: 0.9307, Test: 0.8827
Run: 06, Epoch: 86, Loss: 0.0001, lr: 0.000240, Train: 0.9944, Valid: 0.9306, Test: 0.8827
Run: 06, Epoch: 87, Loss: 0.0001, lr: 0.000168, Train: 0.9946, Valid: 0.9310, Test: 0.8827
Run: 06, Epoch: 88, Loss: 0.0001, lr: 0.000168, Train: 0.9947, Valid: 0.9313, Test: 0.8827
Run: 06, Epoch: 89, Loss: 0.0001, lr: 0.000168, Train: 0.9949, Valid: 0.9315, Test: 0.8827
Run: 06, Epoch: 90, Loss: 0.0001, lr: 0.000168, Train: 0.9949, Valid: 0.9316, Test: 0.8827
Run: 06, Epoch: 91, Loss: 0.0001, lr: 0.000168, Train: 0.9950, Valid: 0.9318, Test: 0.8827
Run: 06, Epoch: 92, Loss: 0.0001, lr: 0.000168, Train: 0.9951, Valid: 0.9319, Test: 0.8826
Run: 06, Epoch: 93, Loss: 0.0001, lr: 0.000168, Train: 0.9953, Valid: 0.9321, Test: 0.8826
Run: 06, Epoch: 94, Loss: 0.0001, lr: 0.000168, Train: 0.9954, Valid: 0.9323, Test: 0.8824
Run: 06, Epoch: 95, Loss: 0.0001, lr: 0.000168, Train: 0.9956, Valid: 0.9325, Test: 0.8823
Run: 06, Epoch: 96, Loss: 0.0001, lr: 0.000168, Train: 0.9958, Valid: 0.9327, Test: 0.8821
Run: 06, Epoch: 97, Loss: 0.0001, lr: 0.000168, Train: 0.9960, Valid: 0.9329, Test: 0.8819
Run: 06, Epoch: 98, Loss: 0.0001, lr: 0.000168, Train: 0.9961, Valid: 0.9331, Test: 0.8817
Run: 06, Epoch: 99, Loss: 0.0001, lr: 0.000168, Train: 0.9963, Valid: 0.9333, Test: 0.8815
Run: 06, Epoch: 100, Loss: 0.0001, lr: 0.000168, Train: 0.9964, Valid: 0.9335, Test: 0.8814
Run 06:
Highest Train: 1.00
Highest Valid: 0.93
  Final Train: 1.00
   Final Test: 0.88
Run: 07, Epoch: 01, Loss: 0.0547, lr: 0.001000, Train: 0.3773, Valid: 0.4599, Test: 0.2742
Run: 07, Epoch: 02, Loss: 0.0076, lr: 0.001000, Train: 0.6126, Valid: 0.6978, Test: 0.4950
Run: 07, Epoch: 03, Loss: 0.0049, lr: 0.001000, Train: 0.7272, Valid: 0.8022, Test: 0.6010
Run: 07, Epoch: 04, Loss: 0.0066, lr: 0.001000, Train: 0.7738, Valid: 0.8416, Test: 0.6521
Run: 07, Epoch: 05, Loss: 0.0070, lr: 0.001000, Train: 0.7841, Valid: 0.8503, Test: 0.6753
Run: 07, Epoch: 06, Loss: 0.0061, lr: 0.001000, Train: 0.7770, Valid: 0.8465, Test: 0.6845
Run: 07, Epoch: 07, Loss: 0.0048, lr: 0.001000, Train: 0.7623, Valid: 0.8419, Test: 0.6771
Run: 07, Epoch: 08, Loss: 0.0037, lr: 0.001000, Train: 0.7477, Valid: 0.8366, Test: 0.6593
Run: 07, Epoch: 09, Loss: 0.0028, lr: 0.001000, Train: 0.7337, Valid: 0.8305, Test: 0.6303
Run: 07, Epoch: 10, Loss: 0.0023, lr: 0.001000, Train: 0.7244, Valid: 0.8270, Test: 0.5910
Run: 07, Epoch: 11, Loss: 0.0020, lr: 0.001000, Train: 0.7183, Valid: 0.8249, Test: 0.5447
Run: 07, Epoch: 12, Loss: 0.0019, lr: 0.000700, Train: 0.7186, Valid: 0.8225, Test: 0.5204
Run: 07, Epoch: 13, Loss: 0.0018, lr: 0.000700, Train: 0.7175, Valid: 0.8163, Test: 0.5008
Run: 07, Epoch: 14, Loss: 0.0017, lr: 0.000700, Train: 0.7146, Valid: 0.8090, Test: 0.4907
Run: 07, Epoch: 15, Loss: 0.0015, lr: 0.000700, Train: 0.7080, Valid: 0.8025, Test: 0.4892
Run: 07, Epoch: 16, Loss: 0.0013, lr: 0.000700, Train: 0.6999, Valid: 0.7968, Test: 0.4960
Run: 07, Epoch: 17, Loss: 0.0012, lr: 0.000700, Train: 0.6959, Valid: 0.7924, Test: 0.5057
Run: 07, Epoch: 18, Loss: 0.0010, lr: 0.000490, Train: 0.7124, Valid: 0.7991, Test: 0.5327
Run: 07, Epoch: 19, Loss: 0.0009, lr: 0.000490, Train: 0.7319, Valid: 0.7997, Test: 0.5701
Run: 07, Epoch: 20, Loss: 0.0008, lr: 0.000490, Train: 0.7522, Valid: 0.8094, Test: 0.6054
Run: 07, Epoch: 21, Loss: 0.0007, lr: 0.000490, Train: 0.7727, Valid: 0.8233, Test: 0.6394
Run: 07, Epoch: 22, Loss: 0.0007, lr: 0.000490, Train: 0.7943, Valid: 0.8397, Test: 0.6747
Run: 07, Epoch: 23, Loss: 0.0006, lr: 0.000490, Train: 0.8166, Valid: 0.8530, Test: 0.7048
Run: 07, Epoch: 24, Loss: 0.0006, lr: 0.000490, Train: 0.8387, Valid: 0.8673, Test: 0.7320
Run: 07, Epoch: 25, Loss: 0.0006, lr: 0.000490, Train: 0.8596, Valid: 0.8854, Test: 0.7585
Run: 07, Epoch: 26, Loss: 0.0005, lr: 0.000490, Train: 0.8791, Valid: 0.9037, Test: 0.7860
Run: 07, Epoch: 27, Loss: 0.0005, lr: 0.000490, Train: 0.8962, Valid: 0.9155, Test: 0.8144
Run: 07, Epoch: 28, Loss: 0.0004, lr: 0.000490, Train: 0.9114, Valid: 0.9255, Test: 0.8404
Run: 07, Epoch: 29, Loss: 0.0004, lr: 0.000490, Train: 0.9245, Valid: 0.9325, Test: 0.8602
Run: 07, Epoch: 30, Loss: 0.0004, lr: 0.000490, Train: 0.9348, Valid: 0.9368, Test: 0.8742
Run: 07, Epoch: 31, Loss: 0.0003, lr: 0.000490, Train: 0.9428, Valid: 0.9378, Test: 0.8827
Run: 07, Epoch: 32, Loss: 0.0003, lr: 0.000490, Train: 0.9491, Valid: 0.9371, Test: 0.8877
Run: 07, Epoch: 33, Loss: 0.0003, lr: 0.000490, Train: 0.9546, Valid: 0.9363, Test: 0.8904
Run: 07, Epoch: 34, Loss: 0.0003, lr: 0.000490, Train: 0.9598, Valid: 0.9362, Test: 0.8915
Run: 07, Epoch: 35, Loss: 0.0003, lr: 0.000490, Train: 0.9647, Valid: 0.9372, Test: 0.8915
Run: 07, Epoch: 36, Loss: 0.0002, lr: 0.000490, Train: 0.9695, Valid: 0.9378, Test: 0.8915
Run: 07, Epoch: 37, Loss: 0.0002, lr: 0.000490, Train: 0.9739, Valid: 0.9382, Test: 0.8909
Run: 07, Epoch: 38, Loss: 0.0002, lr: 0.000490, Train: 0.9778, Valid: 0.9374, Test: 0.8902
Run: 07, Epoch: 39, Loss: 0.0002, lr: 0.000490, Train: 0.9808, Valid: 0.9361, Test: 0.8892
Run: 07, Epoch: 40, Loss: 0.0002, lr: 0.000490, Train: 0.9831, Valid: 0.9355, Test: 0.8885
Run: 07, Epoch: 41, Loss: 0.0002, lr: 0.000490, Train: 0.9850, Valid: 0.9357, Test: 0.8883
Run: 07, Epoch: 42, Loss: 0.0002, lr: 0.000490, Train: 0.9869, Valid: 0.9366, Test: 0.8893
Run: 07, Epoch: 43, Loss: 0.0002, lr: 0.000490, Train: 0.9887, Valid: 0.9380, Test: 0.8910
Run: 07, Epoch: 44, Loss: 0.0001, lr: 0.000343, Train: 0.9903, Valid: 0.9390, Test: 0.8925
Run: 07, Epoch: 45, Loss: 0.0001, lr: 0.000343, Train: 0.9916, Valid: 0.9396, Test: 0.8938
Run: 07, Epoch: 46, Loss: 0.0001, lr: 0.000343, Train: 0.9926, Valid: 0.9397, Test: 0.8948
Run: 07, Epoch: 47, Loss: 0.0001, lr: 0.000343, Train: 0.9933, Valid: 0.9393, Test: 0.8952
Run: 07, Epoch: 48, Loss: 0.0001, lr: 0.000343, Train: 0.9938, Valid: 0.9383, Test: 0.8953
Run: 07, Epoch: 49, Loss: 0.0001, lr: 0.000343, Train: 0.9941, Valid: 0.9371, Test: 0.8952
Run: 07, Epoch: 50, Loss: 0.0001, lr: 0.000343, Train: 0.9944, Valid: 0.9357, Test: 0.8944
Run: 07, Epoch: 51, Loss: 0.0001, lr: 0.000343, Train: 0.9947, Valid: 0.9345, Test: 0.8937
Run: 07, Epoch: 52, Loss: 0.0001, lr: 0.000343, Train: 0.9951, Valid: 0.9336, Test: 0.8935
Run: 07, Epoch: 53, Loss: 0.0001, lr: 0.000240, Train: 0.9954, Valid: 0.9330, Test: 0.8934
Run: 07, Epoch: 54, Loss: 0.0001, lr: 0.000240, Train: 0.9958, Valid: 0.9326, Test: 0.8935
Run: 07, Epoch: 55, Loss: 0.0001, lr: 0.000240, Train: 0.9961, Valid: 0.9321, Test: 0.8935
Run: 07, Epoch: 56, Loss: 0.0001, lr: 0.000240, Train: 0.9963, Valid: 0.9316, Test: 0.8933
Run: 07, Epoch: 57, Loss: 0.0001, lr: 0.000240, Train: 0.9965, Valid: 0.9311, Test: 0.8931
Run: 07, Epoch: 58, Loss: 0.0001, lr: 0.000240, Train: 0.9967, Valid: 0.9305, Test: 0.8928
Run: 07, Epoch: 59, Loss: 0.0001, lr: 0.000168, Train: 0.9969, Valid: 0.9302, Test: 0.8925
Run: 07, Epoch: 60, Loss: 0.0001, lr: 0.000168, Train: 0.9970, Valid: 0.9298, Test: 0.8922
Run: 07, Epoch: 61, Loss: 0.0001, lr: 0.000168, Train: 0.9971, Valid: 0.9296, Test: 0.8920
Run: 07, Epoch: 62, Loss: 0.0001, lr: 0.000168, Train: 0.9972, Valid: 0.9294, Test: 0.8918
Run: 07, Epoch: 63, Loss: 0.0001, lr: 0.000168, Train: 0.9973, Valid: 0.9294, Test: 0.8916
Run: 07, Epoch: 64, Loss: 0.0001, lr: 0.000168, Train: 0.9974, Valid: 0.9294, Test: 0.8915
Run: 07, Epoch: 65, Loss: 0.0001, lr: 0.000118, Train: 0.9975, Valid: 0.9296, Test: 0.8914
Run: 07, Epoch: 66, Loss: 0.0001, lr: 0.000118, Train: 0.9976, Valid: 0.9297, Test: 0.8913
Run: 07, Epoch: 67, Loss: 0.0001, lr: 0.000118, Train: 0.9976, Valid: 0.9299, Test: 0.8912
Run: 07, Epoch: 68, Loss: 0.0001, lr: 0.000118, Train: 0.9976, Valid: 0.9301, Test: 0.8910
Run: 07, Epoch: 69, Loss: 0.0001, lr: 0.000118, Train: 0.9977, Valid: 0.9302, Test: 0.8909
Run: 07, Epoch: 70, Loss: 0.0001, lr: 0.000118, Train: 0.9977, Valid: 0.9304, Test: 0.8907
Run: 07, Epoch: 71, Loss: 0.0001, lr: 0.000082, Train: 0.9977, Valid: 0.9305, Test: 0.8905
Run: 07, Epoch: 72, Loss: 0.0001, lr: 0.000082, Train: 0.9977, Valid: 0.9305, Test: 0.8902
Run: 07, Epoch: 73, Loss: 0.0001, lr: 0.000082, Train: 0.9978, Valid: 0.9306, Test: 0.8900
Run: 07, Epoch: 74, Loss: 0.0001, lr: 0.000082, Train: 0.9978, Valid: 0.9306, Test: 0.8898
Run: 07, Epoch: 75, Loss: 0.0001, lr: 0.000082, Train: 0.9978, Valid: 0.9306, Test: 0.8896
Run: 07, Epoch: 76, Loss: 0.0001, lr: 0.000082, Train: 0.9978, Valid: 0.9305, Test: 0.8894
Run: 07, Epoch: 77, Loss: 0.0001, lr: 0.000058, Train: 0.9978, Valid: 0.9306, Test: 0.8893
Run: 07, Epoch: 78, Loss: 0.0001, lr: 0.000058, Train: 0.9978, Valid: 0.9306, Test: 0.8892
Run: 07, Epoch: 79, Loss: 0.0001, lr: 0.000058, Train: 0.9978, Valid: 0.9306, Test: 0.8891
Run: 07, Epoch: 80, Loss: 0.0001, lr: 0.000058, Train: 0.9979, Valid: 0.9307, Test: 0.8890
Run: 07, Epoch: 81, Loss: 0.0001, lr: 0.000058, Train: 0.9979, Valid: 0.9307, Test: 0.8890
Run: 07, Epoch: 82, Loss: 0.0001, lr: 0.000058, Train: 0.9979, Valid: 0.9307, Test: 0.8890
Run: 07, Epoch: 83, Loss: 0.0001, lr: 0.000040, Train: 0.9979, Valid: 0.9308, Test: 0.8889
Run: 07, Epoch: 84, Loss: 0.0001, lr: 0.000040, Train: 0.9979, Valid: 0.9309, Test: 0.8889
Run: 07, Epoch: 85, Loss: 0.0001, lr: 0.000040, Train: 0.9979, Valid: 0.9309, Test: 0.8890
Run: 07, Epoch: 86, Loss: 0.0001, lr: 0.000040, Train: 0.9979, Valid: 0.9310, Test: 0.8890
Run: 07, Epoch: 87, Loss: 0.0001, lr: 0.000040, Train: 0.9979, Valid: 0.9311, Test: 0.8890
Run: 07, Epoch: 88, Loss: 0.0001, lr: 0.000040, Train: 0.9979, Valid: 0.9311, Test: 0.8890
Run: 07, Epoch: 89, Loss: 0.0001, lr: 0.000028, Train: 0.9979, Valid: 0.9312, Test: 0.8890
Run: 07, Epoch: 90, Loss: 0.0001, lr: 0.000028, Train: 0.9979, Valid: 0.9312, Test: 0.8890
Run: 07, Epoch: 91, Loss: 0.0001, lr: 0.000028, Train: 0.9980, Valid: 0.9313, Test: 0.8890
Run: 07, Epoch: 92, Loss: 0.0001, lr: 0.000028, Train: 0.9980, Valid: 0.9313, Test: 0.8890
Run: 07, Epoch: 93, Loss: 0.0001, lr: 0.000028, Train: 0.9980, Valid: 0.9313, Test: 0.8890
Run: 07, Epoch: 94, Loss: 0.0001, lr: 0.000028, Train: 0.9980, Valid: 0.9314, Test: 0.8889
Run: 07, Epoch: 95, Loss: 0.0001, lr: 0.000020, Train: 0.9980, Valid: 0.9314, Test: 0.8889
Run: 07, Epoch: 96, Loss: 0.0001, lr: 0.000020, Train: 0.9980, Valid: 0.9314, Test: 0.8889
Run: 07, Epoch: 97, Loss: 0.0001, lr: 0.000020, Train: 0.9980, Valid: 0.9315, Test: 0.8889
Run: 07, Epoch: 98, Loss: 0.0001, lr: 0.000020, Train: 0.9980, Valid: 0.9315, Test: 0.8889
Run: 07, Epoch: 99, Loss: 0.0001, lr: 0.000020, Train: 0.9980, Valid: 0.9315, Test: 0.8889
Run: 07, Epoch: 100, Loss: 0.0001, lr: 0.000020, Train: 0.9980, Valid: 0.9315, Test: 0.8888
Run 07:
Highest Train: 1.00
Highest Valid: 0.94
  Final Train: 0.99
   Final Test: 0.89
Run: 08, Epoch: 01, Loss: 0.0230, lr: 0.001000, Train: 0.6021, Valid: 0.6435, Test: 0.7080
Run: 08, Epoch: 02, Loss: 0.0080, lr: 0.001000, Train: 0.7249, Valid: 0.7183, Test: 0.8004
Run: 08, Epoch: 03, Loss: 0.0083, lr: 0.001000, Train: 0.7324, Valid: 0.6674, Test: 0.8083
Run: 08, Epoch: 04, Loss: 0.0083, lr: 0.001000, Train: 0.7124, Valid: 0.6128, Test: 0.7965
Run: 08, Epoch: 05, Loss: 0.0071, lr: 0.001000, Train: 0.7023, Valid: 0.5980, Test: 0.7898
Run: 08, Epoch: 06, Loss: 0.0050, lr: 0.001000, Train: 0.6935, Valid: 0.6096, Test: 0.7768
Run: 08, Epoch: 07, Loss: 0.0034, lr: 0.001000, Train: 0.6799, Valid: 0.6210, Test: 0.7600
Run: 08, Epoch: 08, Loss: 0.0029, lr: 0.001000, Train: 0.6474, Valid: 0.5942, Test: 0.7237
Run: 08, Epoch: 09, Loss: 0.0030, lr: 0.000700, Train: 0.6332, Valid: 0.5752, Test: 0.7033
Run: 08, Epoch: 10, Loss: 0.0031, lr: 0.000700, Train: 0.6225, Valid: 0.5489, Test: 0.6878
Run: 08, Epoch: 11, Loss: 0.0029, lr: 0.000700, Train: 0.6221, Valid: 0.5302, Test: 0.6790
Run: 08, Epoch: 12, Loss: 0.0025, lr: 0.000700, Train: 0.6384, Valid: 0.5347, Test: 0.6847
Run: 08, Epoch: 13, Loss: 0.0021, lr: 0.000700, Train: 0.6704, Valid: 0.5631, Test: 0.7019
Run: 08, Epoch: 14, Loss: 0.0017, lr: 0.000700, Train: 0.7069, Valid: 0.6020, Test: 0.7219
Run: 08, Epoch: 15, Loss: 0.0014, lr: 0.000490, Train: 0.7411, Valid: 0.6431, Test: 0.7442
Run: 08, Epoch: 16, Loss: 0.0013, lr: 0.000490, Train: 0.7684, Valid: 0.6776, Test: 0.7592
Run: 08, Epoch: 17, Loss: 0.0013, lr: 0.000490, Train: 0.7902, Valid: 0.7042, Test: 0.7706
Run: 08, Epoch: 18, Loss: 0.0012, lr: 0.000490, Train: 0.8072, Valid: 0.7215, Test: 0.7803
Run: 08, Epoch: 19, Loss: 0.0012, lr: 0.000490, Train: 0.8217, Valid: 0.7318, Test: 0.7903
Run: 08, Epoch: 20, Loss: 0.0011, lr: 0.000490, Train: 0.8348, Valid: 0.7372, Test: 0.8020
Run: 08, Epoch: 21, Loss: 0.0011, lr: 0.000490, Train: 0.8472, Valid: 0.7390, Test: 0.8155
Run: 08, Epoch: 22, Loss: 0.0010, lr: 0.000490, Train: 0.8579, Valid: 0.7382, Test: 0.8297
Run: 08, Epoch: 23, Loss: 0.0009, lr: 0.000490, Train: 0.8666, Valid: 0.7378, Test: 0.8426
Run: 08, Epoch: 24, Loss: 0.0008, lr: 0.000490, Train: 0.8744, Valid: 0.7410, Test: 0.8534
Run: 08, Epoch: 25, Loss: 0.0008, lr: 0.000490, Train: 0.8825, Valid: 0.7524, Test: 0.8612
Run: 08, Epoch: 26, Loss: 0.0008, lr: 0.000490, Train: 0.8903, Valid: 0.7671, Test: 0.8656
Run: 08, Epoch: 27, Loss: 0.0007, lr: 0.000490, Train: 0.8972, Valid: 0.7819, Test: 0.8664
Run: 08, Epoch: 28, Loss: 0.0007, lr: 0.000490, Train: 0.9020, Valid: 0.7945, Test: 0.8646
Run: 08, Epoch: 29, Loss: 0.0007, lr: 0.000490, Train: 0.9046, Valid: 0.8016, Test: 0.8582
Run: 08, Epoch: 30, Loss: 0.0006, lr: 0.000490, Train: 0.9054, Valid: 0.8039, Test: 0.8499
Run: 08, Epoch: 31, Loss: 0.0006, lr: 0.000490, Train: 0.9035, Valid: 0.8009, Test: 0.8401
Run: 08, Epoch: 32, Loss: 0.0005, lr: 0.000490, Train: 0.8992, Valid: 0.7939, Test: 0.8289
Run: 08, Epoch: 33, Loss: 0.0005, lr: 0.000490, Train: 0.8947, Valid: 0.7864, Test: 0.8194
Run: 08, Epoch: 34, Loss: 0.0005, lr: 0.000490, Train: 0.8932, Valid: 0.7823, Test: 0.8135
Run: 08, Epoch: 35, Loss: 0.0004, lr: 0.000490, Train: 0.8949, Valid: 0.7808, Test: 0.8101
Run: 08, Epoch: 36, Loss: 0.0004, lr: 0.000490, Train: 0.8969, Valid: 0.7791, Test: 0.8078
Run: 08, Epoch: 37, Loss: 0.0004, lr: 0.000343, Train: 0.9035, Valid: 0.7846, Test: 0.8146
Run: 08, Epoch: 38, Loss: 0.0004, lr: 0.000343, Train: 0.9095, Valid: 0.7897, Test: 0.8206
Run: 08, Epoch: 39, Loss: 0.0004, lr: 0.000343, Train: 0.9157, Valid: 0.7954, Test: 0.8260
Run: 08, Epoch: 40, Loss: 0.0003, lr: 0.000343, Train: 0.9218, Valid: 0.8010, Test: 0.8307
Run: 08, Epoch: 41, Loss: 0.0003, lr: 0.000343, Train: 0.9271, Valid: 0.8048, Test: 0.8332
Run: 08, Epoch: 42, Loss: 0.0003, lr: 0.000343, Train: 0.9307, Valid: 0.8051, Test: 0.8348
Run: 08, Epoch: 43, Loss: 0.0003, lr: 0.000343, Train: 0.9325, Valid: 0.8011, Test: 0.8363
Run: 08, Epoch: 44, Loss: 0.0003, lr: 0.000343, Train: 0.9330, Valid: 0.7938, Test: 0.8375
Run: 08, Epoch: 45, Loss: 0.0003, lr: 0.000343, Train: 0.9333, Valid: 0.7868, Test: 0.8390
Run: 08, Epoch: 46, Loss: 0.0003, lr: 0.000343, Train: 0.9342, Valid: 0.7815, Test: 0.8417
Run: 08, Epoch: 47, Loss: 0.0003, lr: 0.000343, Train: 0.9363, Valid: 0.7790, Test: 0.8456
Run: 08, Epoch: 48, Loss: 0.0003, lr: 0.000343, Train: 0.9396, Valid: 0.7800, Test: 0.8496
Run: 08, Epoch: 49, Loss: 0.0002, lr: 0.000240, Train: 0.9453, Valid: 0.7876, Test: 0.8554
Run: 08, Epoch: 50, Loss: 0.0002, lr: 0.000240, Train: 0.9505, Valid: 0.7954, Test: 0.8602
Run: 08, Epoch: 51, Loss: 0.0002, lr: 0.000240, Train: 0.9552, Valid: 0.8029, Test: 0.8644
Run: 08, Epoch: 52, Loss: 0.0002, lr: 0.000240, Train: 0.9594, Valid: 0.8100, Test: 0.8679
Run: 08, Epoch: 53, Loss: 0.0002, lr: 0.000240, Train: 0.9632, Valid: 0.8171, Test: 0.8707
Run: 08, Epoch: 54, Loss: 0.0002, lr: 0.000240, Train: 0.9667, Valid: 0.8242, Test: 0.8731
Run: 08, Epoch: 55, Loss: 0.0002, lr: 0.000240, Train: 0.9699, Valid: 0.8310, Test: 0.8751
Run: 08, Epoch: 56, Loss: 0.0002, lr: 0.000240, Train: 0.9726, Valid: 0.8369, Test: 0.8767
Run: 08, Epoch: 57, Loss: 0.0002, lr: 0.000240, Train: 0.9749, Valid: 0.8415, Test: 0.8780
Run: 08, Epoch: 58, Loss: 0.0002, lr: 0.000240, Train: 0.9768, Valid: 0.8446, Test: 0.8792
Run: 08, Epoch: 59, Loss: 0.0002, lr: 0.000240, Train: 0.9785, Valid: 0.8464, Test: 0.8802
Run: 08, Epoch: 60, Loss: 0.0002, lr: 0.000240, Train: 0.9800, Valid: 0.8476, Test: 0.8811
Run: 08, Epoch: 61, Loss: 0.0002, lr: 0.000240, Train: 0.9816, Valid: 0.8489, Test: 0.8820
Run: 08, Epoch: 62, Loss: 0.0002, lr: 0.000240, Train: 0.9833, Valid: 0.8507, Test: 0.8829
Run: 08, Epoch: 63, Loss: 0.0002, lr: 0.000240, Train: 0.9850, Valid: 0.8532, Test: 0.8838
Run: 08, Epoch: 64, Loss: 0.0002, lr: 0.000240, Train: 0.9867, Valid: 0.8562, Test: 0.8846
Run: 08, Epoch: 65, Loss: 0.0002, lr: 0.000240, Train: 0.9882, Valid: 0.8596, Test: 0.8856
Run: 08, Epoch: 66, Loss: 0.0002, lr: 0.000240, Train: 0.9894, Valid: 0.8628, Test: 0.8866
Run: 08, Epoch: 67, Loss: 0.0002, lr: 0.000240, Train: 0.9902, Valid: 0.8656, Test: 0.8874
Run: 08, Epoch: 68, Loss: 0.0002, lr: 0.000240, Train: 0.9907, Valid: 0.8677, Test: 0.8879
Run: 08, Epoch: 69, Loss: 0.0002, lr: 0.000240, Train: 0.9909, Valid: 0.8690, Test: 0.8882
Run: 08, Epoch: 70, Loss: 0.0002, lr: 0.000240, Train: 0.9909, Valid: 0.8694, Test: 0.8884
Run: 08, Epoch: 71, Loss: 0.0002, lr: 0.000240, Train: 0.9906, Valid: 0.8691, Test: 0.8886
Run: 08, Epoch: 72, Loss: 0.0002, lr: 0.000240, Train: 0.9903, Valid: 0.8685, Test: 0.8889
Run: 08, Epoch: 73, Loss: 0.0001, lr: 0.000240, Train: 0.9900, Valid: 0.8678, Test: 0.8892
Run: 08, Epoch: 74, Loss: 0.0001, lr: 0.000240, Train: 0.9898, Valid: 0.8672, Test: 0.8893
Run: 08, Epoch: 75, Loss: 0.0001, lr: 0.000240, Train: 0.9898, Valid: 0.8670, Test: 0.8893
Run: 08, Epoch: 76, Loss: 0.0001, lr: 0.000240, Train: 0.9899, Valid: 0.8670, Test: 0.8891
Run: 08, Epoch: 77, Loss: 0.0001, lr: 0.000168, Train: 0.9904, Valid: 0.8679, Test: 0.8892
Run: 08, Epoch: 78, Loss: 0.0001, lr: 0.000168, Train: 0.9910, Valid: 0.8690, Test: 0.8891
Run: 08, Epoch: 79, Loss: 0.0001, lr: 0.000168, Train: 0.9916, Valid: 0.8701, Test: 0.8891
Run: 08, Epoch: 80, Loss: 0.0001, lr: 0.000168, Train: 0.9921, Valid: 0.8712, Test: 0.8889
Run: 08, Epoch: 81, Loss: 0.0001, lr: 0.000168, Train: 0.9926, Valid: 0.8724, Test: 0.8888
Run: 08, Epoch: 82, Loss: 0.0001, lr: 0.000168, Train: 0.9930, Valid: 0.8734, Test: 0.8887
Run: 08, Epoch: 83, Loss: 0.0001, lr: 0.000168, Train: 0.9934, Valid: 0.8742, Test: 0.8886
Run: 08, Epoch: 84, Loss: 0.0001, lr: 0.000168, Train: 0.9936, Valid: 0.8748, Test: 0.8885
Run: 08, Epoch: 85, Loss: 0.0001, lr: 0.000168, Train: 0.9938, Valid: 0.8750, Test: 0.8884
Run: 08, Epoch: 86, Loss: 0.0001, lr: 0.000168, Train: 0.9939, Valid: 0.8751, Test: 0.8884
Run: 08, Epoch: 87, Loss: 0.0001, lr: 0.000168, Train: 0.9940, Valid: 0.8752, Test: 0.8882
Run: 08, Epoch: 88, Loss: 0.0001, lr: 0.000168, Train: 0.9941, Valid: 0.8753, Test: 0.8881
Run: 08, Epoch: 89, Loss: 0.0001, lr: 0.000168, Train: 0.9943, Valid: 0.8756, Test: 0.8878
Run: 08, Epoch: 90, Loss: 0.0001, lr: 0.000168, Train: 0.9944, Valid: 0.8760, Test: 0.8876
Run: 08, Epoch: 91, Loss: 0.0001, lr: 0.000168, Train: 0.9946, Valid: 0.8763, Test: 0.8875
Run: 08, Epoch: 92, Loss: 0.0001, lr: 0.000168, Train: 0.9947, Valid: 0.8767, Test: 0.8873
Run: 08, Epoch: 93, Loss: 0.0001, lr: 0.000168, Train: 0.9948, Valid: 0.8769, Test: 0.8873
Run: 08, Epoch: 94, Loss: 0.0001, lr: 0.000168, Train: 0.9949, Valid: 0.8770, Test: 0.8872
Run: 08, Epoch: 95, Loss: 0.0001, lr: 0.000168, Train: 0.9950, Valid: 0.8770, Test: 0.8872
Run: 08, Epoch: 96, Loss: 0.0001, lr: 0.000168, Train: 0.9950, Valid: 0.8770, Test: 0.8871
Run: 08, Epoch: 97, Loss: 0.0001, lr: 0.000168, Train: 0.9951, Valid: 0.8770, Test: 0.8870
Run: 08, Epoch: 98, Loss: 0.0001, lr: 0.000168, Train: 0.9951, Valid: 0.8770, Test: 0.8869
Run: 08, Epoch: 99, Loss: 0.0001, lr: 0.000168, Train: 0.9952, Valid: 0.8770, Test: 0.8867
Run: 08, Epoch: 100, Loss: 0.0001, lr: 0.000168, Train: 0.9952, Valid: 0.8771, Test: 0.8867
Run 08:
Highest Train: 1.00
Highest Valid: 0.88
  Final Train: 1.00
   Final Test: 0.89
Run: 09, Epoch: 01, Loss: 0.0855, lr: 0.001000, Train: 0.3303, Valid: 0.1741, Test: 0.2866
Run: 09, Epoch: 02, Loss: 0.0103, lr: 0.001000, Train: 0.6269, Valid: 0.3970, Test: 0.5662
Run: 09, Epoch: 03, Loss: 0.0117, lr: 0.001000, Train: 0.7494, Valid: 0.5414, Test: 0.6767
Run: 09, Epoch: 04, Loss: 0.0122, lr: 0.001000, Train: 0.7876, Valid: 0.6348, Test: 0.7000
Run: 09, Epoch: 05, Loss: 0.0104, lr: 0.001000, Train: 0.7770, Valid: 0.6921, Test: 0.6666
Run: 09, Epoch: 06, Loss: 0.0087, lr: 0.001000, Train: 0.7492, Valid: 0.7124, Test: 0.6202
Run: 09, Epoch: 07, Loss: 0.0069, lr: 0.001000, Train: 0.7289, Valid: 0.7015, Test: 0.5922
Run: 09, Epoch: 08, Loss: 0.0052, lr: 0.001000, Train: 0.7188, Valid: 0.6727, Test: 0.5784
Run: 09, Epoch: 09, Loss: 0.0039, lr: 0.001000, Train: 0.7118, Valid: 0.6323, Test: 0.5696
Run: 09, Epoch: 10, Loss: 0.0037, lr: 0.001000, Train: 0.7076, Valid: 0.5813, Test: 0.5635
Run: 09, Epoch: 11, Loss: 0.0038, lr: 0.001000, Train: 0.7064, Valid: 0.5351, Test: 0.5623
Run: 09, Epoch: 12, Loss: 0.0038, lr: 0.001000, Train: 0.7075, Valid: 0.4923, Test: 0.5675
Run: 09, Epoch: 13, Loss: 0.0036, lr: 0.000700, Train: 0.7191, Valid: 0.4875, Test: 0.5866
Run: 09, Epoch: 14, Loss: 0.0033, lr: 0.000700, Train: 0.7326, Valid: 0.4857, Test: 0.6076
Run: 09, Epoch: 15, Loss: 0.0031, lr: 0.000700, Train: 0.7490, Valid: 0.4948, Test: 0.6313
Run: 09, Epoch: 16, Loss: 0.0028, lr: 0.000700, Train: 0.7652, Valid: 0.5082, Test: 0.6532
Run: 09, Epoch: 17, Loss: 0.0026, lr: 0.000700, Train: 0.7820, Valid: 0.5255, Test: 0.6720
Run: 09, Epoch: 18, Loss: 0.0023, lr: 0.000700, Train: 0.7972, Valid: 0.5380, Test: 0.6855
Run: 09, Epoch: 19, Loss: 0.0021, lr: 0.000490, Train: 0.8148, Valid: 0.5661, Test: 0.7034
Run: 09, Epoch: 20, Loss: 0.0019, lr: 0.000490, Train: 0.8315, Valid: 0.5916, Test: 0.7174
Run: 09, Epoch: 21, Loss: 0.0017, lr: 0.000490, Train: 0.8467, Valid: 0.6134, Test: 0.7288
Run: 09, Epoch: 22, Loss: 0.0016, lr: 0.000490, Train: 0.8600, Valid: 0.6310, Test: 0.7374
Run: 09, Epoch: 23, Loss: 0.0014, lr: 0.000490, Train: 0.8723, Valid: 0.6489, Test: 0.7451
Run: 09, Epoch: 24, Loss: 0.0013, lr: 0.000490, Train: 0.8840, Valid: 0.6672, Test: 0.7526
Run: 09, Epoch: 25, Loss: 0.0012, lr: 0.000343, Train: 0.8967, Valid: 0.6908, Test: 0.7657
Run: 09, Epoch: 26, Loss: 0.0011, lr: 0.000343, Train: 0.9080, Valid: 0.7095, Test: 0.7773
Run: 09, Epoch: 27, Loss: 0.0010, lr: 0.000343, Train: 0.9167, Valid: 0.7225, Test: 0.7861
Run: 09, Epoch: 28, Loss: 0.0010, lr: 0.000343, Train: 0.9218, Valid: 0.7287, Test: 0.7901
Run: 09, Epoch: 29, Loss: 0.0009, lr: 0.000343, Train: 0.9244, Valid: 0.7313, Test: 0.7905
Run: 09, Epoch: 30, Loss: 0.0009, lr: 0.000343, Train: 0.9252, Valid: 0.7314, Test: 0.7889
Run: 09, Epoch: 31, Loss: 0.0008, lr: 0.000343, Train: 0.9245, Valid: 0.7294, Test: 0.7853
Run: 09, Epoch: 32, Loss: 0.0008, lr: 0.000343, Train: 0.9226, Valid: 0.7249, Test: 0.7801
Run: 09, Epoch: 33, Loss: 0.0007, lr: 0.000343, Train: 0.9200, Valid: 0.7196, Test: 0.7743
Run: 09, Epoch: 34, Loss: 0.0007, lr: 0.000343, Train: 0.9173, Valid: 0.7146, Test: 0.7687
Run: 09, Epoch: 35, Loss: 0.0006, lr: 0.000343, Train: 0.9150, Valid: 0.7109, Test: 0.7638
Run: 09, Epoch: 36, Loss: 0.0006, lr: 0.000343, Train: 0.9138, Valid: 0.7093, Test: 0.7608
Run: 09, Epoch: 37, Loss: 0.0005, lr: 0.000240, Train: 0.9181, Valid: 0.7206, Test: 0.7676
Run: 09, Epoch: 38, Loss: 0.0005, lr: 0.000240, Train: 0.9229, Valid: 0.7329, Test: 0.7754
Run: 09, Epoch: 39, Loss: 0.0005, lr: 0.000240, Train: 0.9280, Valid: 0.7454, Test: 0.7837
Run: 09, Epoch: 40, Loss: 0.0005, lr: 0.000240, Train: 0.9333, Valid: 0.7572, Test: 0.7923
Run: 09, Epoch: 41, Loss: 0.0004, lr: 0.000240, Train: 0.9385, Valid: 0.7678, Test: 0.8010
Run: 09, Epoch: 42, Loss: 0.0004, lr: 0.000240, Train: 0.9437, Valid: 0.7775, Test: 0.8094
Run: 09, Epoch: 43, Loss: 0.0004, lr: 0.000240, Train: 0.9486, Valid: 0.7861, Test: 0.8174
Run: 09, Epoch: 44, Loss: 0.0004, lr: 0.000240, Train: 0.9535, Valid: 0.7937, Test: 0.8251
Run: 09, Epoch: 45, Loss: 0.0004, lr: 0.000240, Train: 0.9582, Valid: 0.8004, Test: 0.8326
Run: 09, Epoch: 46, Loss: 0.0003, lr: 0.000240, Train: 0.9628, Valid: 0.8060, Test: 0.8399
Run: 09, Epoch: 47, Loss: 0.0003, lr: 0.000240, Train: 0.9671, Valid: 0.8111, Test: 0.8471
Run: 09, Epoch: 48, Loss: 0.0003, lr: 0.000240, Train: 0.9711, Valid: 0.8155, Test: 0.8539
Run: 09, Epoch: 49, Loss: 0.0003, lr: 0.000240, Train: 0.9746, Valid: 0.8191, Test: 0.8602
Run: 09, Epoch: 50, Loss: 0.0003, lr: 0.000240, Train: 0.9777, Valid: 0.8220, Test: 0.8659
Run: 09, Epoch: 51, Loss: 0.0003, lr: 0.000240, Train: 0.9802, Valid: 0.8245, Test: 0.8709
Run: 09, Epoch: 52, Loss: 0.0003, lr: 0.000240, Train: 0.9823, Valid: 0.8268, Test: 0.8752
Run: 09, Epoch: 53, Loss: 0.0002, lr: 0.000240, Train: 0.9839, Valid: 0.8287, Test: 0.8788
Run: 09, Epoch: 54, Loss: 0.0002, lr: 0.000240, Train: 0.9852, Valid: 0.8307, Test: 0.8817
Run: 09, Epoch: 55, Loss: 0.0002, lr: 0.000240, Train: 0.9861, Valid: 0.8327, Test: 0.8840
Run: 09, Epoch: 56, Loss: 0.0002, lr: 0.000240, Train: 0.9867, Valid: 0.8347, Test: 0.8855
Run: 09, Epoch: 57, Loss: 0.0002, lr: 0.000240, Train: 0.9871, Valid: 0.8367, Test: 0.8862
Run: 09, Epoch: 58, Loss: 0.0002, lr: 0.000240, Train: 0.9872, Valid: 0.8386, Test: 0.8863
Run: 09, Epoch: 59, Loss: 0.0002, lr: 0.000240, Train: 0.9873, Valid: 0.8405, Test: 0.8860
Run: 09, Epoch: 60, Loss: 0.0002, lr: 0.000240, Train: 0.9873, Valid: 0.8423, Test: 0.8856
Run: 09, Epoch: 61, Loss: 0.0002, lr: 0.000240, Train: 0.9874, Valid: 0.8438, Test: 0.8852
Run: 09, Epoch: 62, Loss: 0.0002, lr: 0.000240, Train: 0.9876, Valid: 0.8450, Test: 0.8850
Run: 09, Epoch: 63, Loss: 0.0002, lr: 0.000240, Train: 0.9878, Valid: 0.8458, Test: 0.8850
Run: 09, Epoch: 64, Loss: 0.0002, lr: 0.000240, Train: 0.9882, Valid: 0.8464, Test: 0.8852
Run: 09, Epoch: 65, Loss: 0.0002, lr: 0.000240, Train: 0.9886, Valid: 0.8468, Test: 0.8858
Run: 09, Epoch: 66, Loss: 0.0002, lr: 0.000240, Train: 0.9891, Valid: 0.8471, Test: 0.8866
Run: 09, Epoch: 67, Loss: 0.0001, lr: 0.000240, Train: 0.9896, Valid: 0.8473, Test: 0.8874
Run: 09, Epoch: 68, Loss: 0.0001, lr: 0.000240, Train: 0.9901, Valid: 0.8475, Test: 0.8882
Run: 09, Epoch: 69, Loss: 0.0001, lr: 0.000240, Train: 0.9905, Valid: 0.8476, Test: 0.8890
Run: 09, Epoch: 70, Loss: 0.0001, lr: 0.000240, Train: 0.9909, Valid: 0.8475, Test: 0.8897
Run: 09, Epoch: 71, Loss: 0.0001, lr: 0.000240, Train: 0.9914, Valid: 0.8474, Test: 0.8904
Run: 09, Epoch: 72, Loss: 0.0001, lr: 0.000240, Train: 0.9919, Valid: 0.8471, Test: 0.8912
Run: 09, Epoch: 73, Loss: 0.0001, lr: 0.000240, Train: 0.9924, Valid: 0.8466, Test: 0.8921
Run: 09, Epoch: 74, Loss: 0.0001, lr: 0.000240, Train: 0.9930, Valid: 0.8459, Test: 0.8932
Run: 09, Epoch: 75, Loss: 0.0001, lr: 0.000240, Train: 0.9935, Valid: 0.8450, Test: 0.8942
Run: 09, Epoch: 76, Loss: 0.0001, lr: 0.000168, Train: 0.9941, Valid: 0.8441, Test: 0.8956
Run: 09, Epoch: 77, Loss: 0.0001, lr: 0.000168, Train: 0.9947, Valid: 0.8431, Test: 0.8970
Run: 09, Epoch: 78, Loss: 0.0001, lr: 0.000168, Train: 0.9952, Valid: 0.8422, Test: 0.8982
Run: 09, Epoch: 79, Loss: 0.0001, lr: 0.000168, Train: 0.9956, Valid: 0.8413, Test: 0.8993
Run: 09, Epoch: 80, Loss: 0.0001, lr: 0.000168, Train: 0.9960, Valid: 0.8405, Test: 0.9003
Run: 09, Epoch: 81, Loss: 0.0001, lr: 0.000168, Train: 0.9963, Valid: 0.8397, Test: 0.9013
Run: 09, Epoch: 82, Loss: 0.0001, lr: 0.000118, Train: 0.9966, Valid: 0.8389, Test: 0.9022
Run: 09, Epoch: 83, Loss: 0.0001, lr: 0.000118, Train: 0.9968, Valid: 0.8382, Test: 0.9030
Run: 09, Epoch: 84, Loss: 0.0001, lr: 0.000118, Train: 0.9970, Valid: 0.8374, Test: 0.9038
Run: 09, Epoch: 85, Loss: 0.0001, lr: 0.000118, Train: 0.9972, Valid: 0.8366, Test: 0.9044
Run: 09, Epoch: 86, Loss: 0.0001, lr: 0.000118, Train: 0.9973, Valid: 0.8359, Test: 0.9050
Run: 09, Epoch: 87, Loss: 0.0001, lr: 0.000118, Train: 0.9974, Valid: 0.8352, Test: 0.9055
Run: 09, Epoch: 88, Loss: 0.0001, lr: 0.000082, Train: 0.9975, Valid: 0.8346, Test: 0.9060
Run: 09, Epoch: 89, Loss: 0.0001, lr: 0.000082, Train: 0.9976, Valid: 0.8339, Test: 0.9064
Run: 09, Epoch: 90, Loss: 0.0001, lr: 0.000082, Train: 0.9977, Valid: 0.8334, Test: 0.9067
Run: 09, Epoch: 91, Loss: 0.0001, lr: 0.000082, Train: 0.9977, Valid: 0.8329, Test: 0.9069
Run: 09, Epoch: 92, Loss: 0.0001, lr: 0.000082, Train: 0.9978, Valid: 0.8324, Test: 0.9072
Run: 09, Epoch: 93, Loss: 0.0001, lr: 0.000082, Train: 0.9978, Valid: 0.8321, Test: 0.9073
Run: 09, Epoch: 94, Loss: 0.0001, lr: 0.000058, Train: 0.9978, Valid: 0.8317, Test: 0.9075
Run: 09, Epoch: 95, Loss: 0.0001, lr: 0.000058, Train: 0.9978, Valid: 0.8314, Test: 0.9076
Run: 09, Epoch: 96, Loss: 0.0001, lr: 0.000058, Train: 0.9979, Valid: 0.8312, Test: 0.9076
Run: 09, Epoch: 97, Loss: 0.0001, lr: 0.000058, Train: 0.9979, Valid: 0.8309, Test: 0.9077
Run: 09, Epoch: 98, Loss: 0.0001, lr: 0.000058, Train: 0.9979, Valid: 0.8307, Test: 0.9078
Run: 09, Epoch: 99, Loss: 0.0001, lr: 0.000058, Train: 0.9979, Valid: 0.8305, Test: 0.9078
Run: 09, Epoch: 100, Loss: 0.0001, lr: 0.000040, Train: 0.9979, Valid: 0.8303, Test: 0.9078
Run 09:
Highest Train: 1.00
Highest Valid: 0.85
  Final Train: 0.99
   Final Test: 0.89
Run: 10, Epoch: 01, Loss: 0.0449, lr: 0.001000, Train: 0.4217, Valid: 0.3655, Test: 0.3577
Run: 10, Epoch: 02, Loss: 0.0110, lr: 0.001000, Train: 0.6566, Valid: 0.6717, Test: 0.5647
Run: 10, Epoch: 03, Loss: 0.0083, lr: 0.001000, Train: 0.7152, Valid: 0.7892, Test: 0.6209
Run: 10, Epoch: 04, Loss: 0.0081, lr: 0.001000, Train: 0.7239, Valid: 0.8461, Test: 0.6442
Run: 10, Epoch: 05, Loss: 0.0075, lr: 0.001000, Train: 0.7322, Valid: 0.8781, Test: 0.6692
Run: 10, Epoch: 06, Loss: 0.0062, lr: 0.001000, Train: 0.7417, Valid: 0.8880, Test: 0.6886
Run: 10, Epoch: 07, Loss: 0.0048, lr: 0.001000, Train: 0.7513, Valid: 0.8820, Test: 0.6962
Run: 10, Epoch: 08, Loss: 0.0034, lr: 0.001000, Train: 0.7525, Valid: 0.8610, Test: 0.6864
Run: 10, Epoch: 09, Loss: 0.0024, lr: 0.001000, Train: 0.7340, Valid: 0.8253, Test: 0.6585
Run: 10, Epoch: 10, Loss: 0.0022, lr: 0.001000, Train: 0.7034, Valid: 0.7843, Test: 0.6252
Run: 10, Epoch: 11, Loss: 0.0024, lr: 0.001000, Train: 0.6838, Valid: 0.7565, Test: 0.6093
Run: 10, Epoch: 12, Loss: 0.0026, lr: 0.001000, Train: 0.6922, Valid: 0.7554, Test: 0.6233
Run: 10, Epoch: 13, Loss: 0.0025, lr: 0.000700, Train: 0.7237, Valid: 0.7762, Test: 0.6584
Run: 10, Epoch: 14, Loss: 0.0022, lr: 0.000700, Train: 0.7629, Valid: 0.8066, Test: 0.6988
Run: 10, Epoch: 15, Loss: 0.0019, lr: 0.000700, Train: 0.7994, Valid: 0.8388, Test: 0.7366
Run: 10, Epoch: 16, Loss: 0.0015, lr: 0.000700, Train: 0.8298, Valid: 0.8672, Test: 0.7675
Run: 10, Epoch: 17, Loss: 0.0013, lr: 0.000700, Train: 0.8534, Valid: 0.8885, Test: 0.7890
Run: 10, Epoch: 18, Loss: 0.0011, lr: 0.000700, Train: 0.8701, Valid: 0.9019, Test: 0.8023
Run: 10, Epoch: 19, Loss: 0.0010, lr: 0.000700, Train: 0.8812, Valid: 0.9084, Test: 0.8100
Run: 10, Epoch: 20, Loss: 0.0009, lr: 0.000700, Train: 0.8886, Valid: 0.9103, Test: 0.8143
Run: 10, Epoch: 21, Loss: 0.0008, lr: 0.000700, Train: 0.8946, Valid: 0.9108, Test: 0.8180
Run: 10, Epoch: 22, Loss: 0.0007, lr: 0.000700, Train: 0.9009, Valid: 0.9122, Test: 0.8234
Run: 10, Epoch: 23, Loss: 0.0007, lr: 0.000700, Train: 0.9087, Valid: 0.9147, Test: 0.8310
Run: 10, Epoch: 24, Loss: 0.0007, lr: 0.000700, Train: 0.9184, Valid: 0.9187, Test: 0.8411
Run: 10, Epoch: 25, Loss: 0.0007, lr: 0.000700, Train: 0.9302, Valid: 0.9247, Test: 0.8530
Run: 10, Epoch: 26, Loss: 0.0006, lr: 0.000700, Train: 0.9422, Valid: 0.9315, Test: 0.8651
Run: 10, Epoch: 27, Loss: 0.0006, lr: 0.000700, Train: 0.9524, Valid: 0.9373, Test: 0.8754
Run: 10, Epoch: 28, Loss: 0.0005, lr: 0.000700, Train: 0.9592, Valid: 0.9409, Test: 0.8826
Run: 10, Epoch: 29, Loss: 0.0004, lr: 0.000700, Train: 0.9625, Valid: 0.9421, Test: 0.8862
Run: 10, Epoch: 30, Loss: 0.0004, lr: 0.000700, Train: 0.9631, Valid: 0.9412, Test: 0.8868
Run: 10, Epoch: 31, Loss: 0.0003, lr: 0.000700, Train: 0.9622, Valid: 0.9393, Test: 0.8856
Run: 10, Epoch: 32, Loss: 0.0003, lr: 0.000700, Train: 0.9606, Valid: 0.9370, Test: 0.8837
Run: 10, Epoch: 33, Loss: 0.0003, lr: 0.000700, Train: 0.9596, Valid: 0.9349, Test: 0.8820
Run: 10, Epoch: 34, Loss: 0.0003, lr: 0.000700, Train: 0.9601, Valid: 0.9330, Test: 0.8813
Run: 10, Epoch: 35, Loss: 0.0003, lr: 0.000700, Train: 0.9621, Valid: 0.9317, Test: 0.8821
Run: 10, Epoch: 36, Loss: 0.0002, lr: 0.000490, Train: 0.9657, Valid: 0.9318, Test: 0.8842
Run: 10, Epoch: 37, Loss: 0.0002, lr: 0.000490, Train: 0.9691, Valid: 0.9319, Test: 0.8856
Run: 10, Epoch: 38, Loss: 0.0002, lr: 0.000490, Train: 0.9721, Valid: 0.9321, Test: 0.8871
Run: 10, Epoch: 39, Loss: 0.0002, lr: 0.000490, Train: 0.9738, Valid: 0.9317, Test: 0.8870
Run: 10, Epoch: 40, Loss: 0.0002, lr: 0.000490, Train: 0.9741, Valid: 0.9304, Test: 0.8853
Run: 10, Epoch: 41, Loss: 0.0002, lr: 0.000490, Train: 0.9733, Valid: 0.9287, Test: 0.8830
Run: 10, Epoch: 42, Loss: 0.0002, lr: 0.000343, Train: 0.9737, Valid: 0.9280, Test: 0.8826
Run: 10, Epoch: 43, Loss: 0.0001, lr: 0.000343, Train: 0.9737, Valid: 0.9271, Test: 0.8820
Run: 10, Epoch: 44, Loss: 0.0001, lr: 0.000343, Train: 0.9736, Valid: 0.9262, Test: 0.8816
Run: 10, Epoch: 45, Loss: 0.0001, lr: 0.000343, Train: 0.9736, Valid: 0.9254, Test: 0.8816
Run: 10, Epoch: 46, Loss: 0.0001, lr: 0.000343, Train: 0.9738, Valid: 0.9250, Test: 0.8821
Run: 10, Epoch: 47, Loss: 0.0001, lr: 0.000343, Train: 0.9744, Valid: 0.9249, Test: 0.8831
Run: 10, Epoch: 48, Loss: 0.0001, lr: 0.000240, Train: 0.9765, Valid: 0.9260, Test: 0.8855
Run: 10, Epoch: 49, Loss: 0.0001, lr: 0.000240, Train: 0.9787, Valid: 0.9271, Test: 0.8879
Run: 10, Epoch: 50, Loss: 0.0001, lr: 0.000240, Train: 0.9809, Valid: 0.9284, Test: 0.8904
Run: 10, Epoch: 51, Loss: 0.0001, lr: 0.000240, Train: 0.9832, Valid: 0.9297, Test: 0.8929
Run: 10, Epoch: 52, Loss: 0.0001, lr: 0.000240, Train: 0.9854, Valid: 0.9310, Test: 0.8953
Run: 10, Epoch: 53, Loss: 0.0001, lr: 0.000240, Train: 0.9875, Valid: 0.9321, Test: 0.8976
Run: 10, Epoch: 54, Loss: 0.0001, lr: 0.000168, Train: 0.9894, Valid: 0.9332, Test: 0.8996
Run: 10, Epoch: 55, Loss: 0.0001, lr: 0.000168, Train: 0.9909, Valid: 0.9341, Test: 0.9013
Run: 10, Epoch: 56, Loss: 0.0001, lr: 0.000168, Train: 0.9923, Valid: 0.9348, Test: 0.9027
Run: 10, Epoch: 57, Loss: 0.0001, lr: 0.000168, Train: 0.9934, Valid: 0.9354, Test: 0.9038
Run: 10, Epoch: 58, Loss: 0.0001, lr: 0.000168, Train: 0.9943, Valid: 0.9359, Test: 0.9047
Run: 10, Epoch: 59, Loss: 0.0001, lr: 0.000168, Train: 0.9950, Valid: 0.9362, Test: 0.9055
Run: 10, Epoch: 60, Loss: 0.0001, lr: 0.000118, Train: 0.9955, Valid: 0.9364, Test: 0.9060
Run: 10, Epoch: 61, Loss: 0.0001, lr: 0.000118, Train: 0.9959, Valid: 0.9364, Test: 0.9064
Run: 10, Epoch: 62, Loss: 0.0001, lr: 0.000118, Train: 0.9962, Valid: 0.9364, Test: 0.9067
Run: 10, Epoch: 63, Loss: 0.0001, lr: 0.000118, Train: 0.9964, Valid: 0.9363, Test: 0.9068
Run: 10, Epoch: 64, Loss: 0.0001, lr: 0.000118, Train: 0.9966, Valid: 0.9361, Test: 0.9070
Run: 10, Epoch: 65, Loss: 0.0001, lr: 0.000118, Train: 0.9968, Valid: 0.9359, Test: 0.9071
Run: 10, Epoch: 66, Loss: 0.0001, lr: 0.000082, Train: 0.9969, Valid: 0.9359, Test: 0.9072
Run: 10, Epoch: 67, Loss: 0.0001, lr: 0.000082, Train: 0.9971, Valid: 0.9358, Test: 0.9074
Run: 10, Epoch: 68, Loss: 0.0001, lr: 0.000082, Train: 0.9972, Valid: 0.9357, Test: 0.9075
Run: 10, Epoch: 69, Loss: 0.0001, lr: 0.000082, Train: 0.9973, Valid: 0.9357, Test: 0.9077
Run: 10, Epoch: 70, Loss: 0.0001, lr: 0.000082, Train: 0.9974, Valid: 0.9356, Test: 0.9078
Run: 10, Epoch: 71, Loss: 0.0001, lr: 0.000082, Train: 0.9975, Valid: 0.9356, Test: 0.9079
Run: 10, Epoch: 72, Loss: 0.0001, lr: 0.000058, Train: 0.9976, Valid: 0.9356, Test: 0.9081
Run: 10, Epoch: 73, Loss: 0.0001, lr: 0.000058, Train: 0.9976, Valid: 0.9355, Test: 0.9082
Run: 10, Epoch: 74, Loss: 0.0001, lr: 0.000058, Train: 0.9977, Valid: 0.9355, Test: 0.9083
Run: 10, Epoch: 75, Loss: 0.0001, lr: 0.000058, Train: 0.9977, Valid: 0.9355, Test: 0.9084
Run: 10, Epoch: 76, Loss: 0.0001, lr: 0.000058, Train: 0.9978, Valid: 0.9355, Test: 0.9085
Run: 10, Epoch: 77, Loss: 0.0001, lr: 0.000058, Train: 0.9978, Valid: 0.9354, Test: 0.9085
Run: 10, Epoch: 78, Loss: 0.0001, lr: 0.000040, Train: 0.9978, Valid: 0.9354, Test: 0.9086
Run: 10, Epoch: 79, Loss: 0.0001, lr: 0.000040, Train: 0.9979, Valid: 0.9354, Test: 0.9086
Run: 10, Epoch: 80, Loss: 0.0001, lr: 0.000040, Train: 0.9979, Valid: 0.9354, Test: 0.9087
Run: 10, Epoch: 81, Loss: 0.0001, lr: 0.000040, Train: 0.9979, Valid: 0.9354, Test: 0.9087
Run: 10, Epoch: 82, Loss: 0.0001, lr: 0.000040, Train: 0.9979, Valid: 0.9354, Test: 0.9087
Run: 10, Epoch: 83, Loss: 0.0001, lr: 0.000040, Train: 0.9979, Valid: 0.9354, Test: 0.9088
Run: 10, Epoch: 84, Loss: 0.0001, lr: 0.000028, Train: 0.9979, Valid: 0.9354, Test: 0.9088
Run: 10, Epoch: 85, Loss: 0.0001, lr: 0.000028, Train: 0.9979, Valid: 0.9353, Test: 0.9088
Run: 10, Epoch: 86, Loss: 0.0001, lr: 0.000028, Train: 0.9980, Valid: 0.9353, Test: 0.9088
Run: 10, Epoch: 87, Loss: 0.0001, lr: 0.000028, Train: 0.9980, Valid: 0.9353, Test: 0.9088
Run: 10, Epoch: 88, Loss: 0.0001, lr: 0.000028, Train: 0.9980, Valid: 0.9353, Test: 0.9088
Run: 10, Epoch: 89, Loss: 0.0001, lr: 0.000028, Train: 0.9980, Valid: 0.9353, Test: 0.9088
Run: 10, Epoch: 90, Loss: 0.0001, lr: 0.000020, Train: 0.9980, Valid: 0.9353, Test: 0.9088
Run: 10, Epoch: 91, Loss: 0.0001, lr: 0.000020, Train: 0.9980, Valid: 0.9353, Test: 0.9088
Run: 10, Epoch: 92, Loss: 0.0001, lr: 0.000020, Train: 0.9980, Valid: 0.9353, Test: 0.9088
Run: 10, Epoch: 93, Loss: 0.0001, lr: 0.000020, Train: 0.9980, Valid: 0.9353, Test: 0.9089
Run: 10, Epoch: 94, Loss: 0.0001, lr: 0.000020, Train: 0.9980, Valid: 0.9353, Test: 0.9089
Run: 10, Epoch: 95, Loss: 0.0001, lr: 0.000020, Train: 0.9980, Valid: 0.9352, Test: 0.9089
Run: 10, Epoch: 96, Loss: 0.0001, lr: 0.000014, Train: 0.9980, Valid: 0.9352, Test: 0.9089
Run: 10, Epoch: 97, Loss: 0.0001, lr: 0.000014, Train: 0.9980, Valid: 0.9352, Test: 0.9089
Run: 10, Epoch: 98, Loss: 0.0001, lr: 0.000014, Train: 0.9980, Valid: 0.9352, Test: 0.9089
Run: 10, Epoch: 99, Loss: 0.0001, lr: 0.000014, Train: 0.9980, Valid: 0.9352, Test: 0.9089
Run: 10, Epoch: 100, Loss: 0.0001, lr: 0.000014, Train: 0.9980, Valid: 0.9352, Test: 0.9089
Run 10:
Highest Train: 1.00
Highest Valid: 0.94
  Final Train: 0.96
   Final Test: 0.89
All runs:
Highest Train: 0.99  0.01
Highest Valid: 0.89  0.05
  Final Train: 0.99  0.01
   Final Test: 0.90  0.01
