Namespace(conv_layers=3, device=0, dropout=0.0, epochs=100, hidden_dim=256, log_steps=1, lr=0.001, method='gat', mlp_layers=2, runs=10, subset='chemistry')
Run: 01, Epoch: 01, Loss: 0.0300, lr: 0.001000, Train: 0.5271, Valid: 0.4050, Test: 0.5116
Run: 01, Epoch: 02, Loss: 0.0070, lr: 0.001000, Train: 0.6579, Valid: 0.5454, Test: 0.6685
Run: 01, Epoch: 03, Loss: 0.0060, lr: 0.001000, Train: 0.7184, Valid: 0.5894, Test: 0.7310
Run: 01, Epoch: 04, Loss: 0.0070, lr: 0.001000, Train: 0.7535, Valid: 0.6119, Test: 0.7615
Run: 01, Epoch: 05, Loss: 0.0072, lr: 0.001000, Train: 0.7787, Valid: 0.6459, Test: 0.7805
Run: 01, Epoch: 06, Loss: 0.0061, lr: 0.001000, Train: 0.7980, Valid: 0.6862, Test: 0.7929
Run: 01, Epoch: 07, Loss: 0.0047, lr: 0.001000, Train: 0.8098, Valid: 0.7127, Test: 0.7987
Run: 01, Epoch: 08, Loss: 0.0036, lr: 0.001000, Train: 0.8151, Valid: 0.7226, Test: 0.7981
Run: 01, Epoch: 09, Loss: 0.0030, lr: 0.001000, Train: 0.8165, Valid: 0.7209, Test: 0.7945
Run: 01, Epoch: 10, Loss: 0.0025, lr: 0.001000, Train: 0.8132, Valid: 0.7093, Test: 0.7868
Run: 01, Epoch: 11, Loss: 0.0022, lr: 0.001000, Train: 0.8012, Valid: 0.6884, Test: 0.7698
Run: 01, Epoch: 12, Loss: 0.0021, lr: 0.001000, Train: 0.7768, Valid: 0.6581, Test: 0.7403
Run: 01, Epoch: 13, Loss: 0.0019, lr: 0.001000, Train: 0.7445, Valid: 0.6245, Test: 0.7011
Run: 01, Epoch: 14, Loss: 0.0017, lr: 0.001000, Train: 0.7117, Valid: 0.5970, Test: 0.6614
Run: 01, Epoch: 15, Loss: 0.0014, lr: 0.000700, Train: 0.7049, Valid: 0.5988, Test: 0.6541
Run: 01, Epoch: 16, Loss: 0.0013, lr: 0.000700, Train: 0.7042, Valid: 0.6037, Test: 0.6528
Run: 01, Epoch: 17, Loss: 0.0011, lr: 0.000700, Train: 0.7026, Valid: 0.6044, Test: 0.6522
Run: 01, Epoch: 18, Loss: 0.0010, lr: 0.000700, Train: 0.7031, Valid: 0.6034, Test: 0.6543
Run: 01, Epoch: 19, Loss: 0.0010, lr: 0.000700, Train: 0.7089, Valid: 0.6089, Test: 0.6650
Run: 01, Epoch: 20, Loss: 0.0009, lr: 0.000700, Train: 0.7170, Valid: 0.6182, Test: 0.6779
Run: 01, Epoch: 21, Loss: 0.0009, lr: 0.000490, Train: 0.7389, Valid: 0.6458, Test: 0.7040
Run: 01, Epoch: 22, Loss: 0.0008, lr: 0.000490, Train: 0.7583, Valid: 0.6723, Test: 0.7275
Run: 01, Epoch: 23, Loss: 0.0008, lr: 0.000490, Train: 0.7751, Valid: 0.6966, Test: 0.7478
Run: 01, Epoch: 24, Loss: 0.0007, lr: 0.000490, Train: 0.7859, Valid: 0.7164, Test: 0.7622
Run: 01, Epoch: 25, Loss: 0.0007, lr: 0.000490, Train: 0.7920, Valid: 0.7337, Test: 0.7725
Run: 01, Epoch: 26, Loss: 0.0007, lr: 0.000490, Train: 0.7953, Valid: 0.7486, Test: 0.7800
Run: 01, Epoch: 27, Loss: 0.0006, lr: 0.000490, Train: 0.7973, Valid: 0.7608, Test: 0.7859
Run: 01, Epoch: 28, Loss: 0.0006, lr: 0.000490, Train: 0.7992, Valid: 0.7705, Test: 0.7905
Run: 01, Epoch: 29, Loss: 0.0006, lr: 0.000490, Train: 0.8013, Valid: 0.7775, Test: 0.7943
Run: 01, Epoch: 30, Loss: 0.0005, lr: 0.000490, Train: 0.8045, Valid: 0.7832, Test: 0.7980
Run: 01, Epoch: 31, Loss: 0.0005, lr: 0.000490, Train: 0.8093, Valid: 0.7895, Test: 0.8028
Run: 01, Epoch: 32, Loss: 0.0005, lr: 0.000490, Train: 0.8168, Valid: 0.7967, Test: 0.8099
Run: 01, Epoch: 33, Loss: 0.0005, lr: 0.000490, Train: 0.8263, Valid: 0.8048, Test: 0.8188
Run: 01, Epoch: 34, Loss: 0.0004, lr: 0.000490, Train: 0.8370, Valid: 0.8133, Test: 0.8286
Run: 01, Epoch: 35, Loss: 0.0004, lr: 0.000490, Train: 0.8459, Valid: 0.8200, Test: 0.8370
Run: 01, Epoch: 36, Loss: 0.0004, lr: 0.000490, Train: 0.8536, Valid: 0.8245, Test: 0.8436
Run: 01, Epoch: 37, Loss: 0.0004, lr: 0.000490, Train: 0.8592, Valid: 0.8263, Test: 0.8482
Run: 01, Epoch: 38, Loss: 0.0004, lr: 0.000490, Train: 0.8633, Valid: 0.8262, Test: 0.8515
Run: 01, Epoch: 39, Loss: 0.0003, lr: 0.000490, Train: 0.8666, Valid: 0.8269, Test: 0.8544
Run: 01, Epoch: 40, Loss: 0.0003, lr: 0.000490, Train: 0.8701, Valid: 0.8296, Test: 0.8584
Run: 01, Epoch: 41, Loss: 0.0003, lr: 0.000490, Train: 0.8756, Valid: 0.8352, Test: 0.8640
Run: 01, Epoch: 42, Loss: 0.0003, lr: 0.000490, Train: 0.8819, Valid: 0.8422, Test: 0.8699
Run: 01, Epoch: 43, Loss: 0.0003, lr: 0.000490, Train: 0.8861, Valid: 0.8473, Test: 0.8740
Run: 01, Epoch: 44, Loss: 0.0003, lr: 0.000490, Train: 0.8942, Valid: 0.8547, Test: 0.8806
Run: 01, Epoch: 45, Loss: 0.0003, lr: 0.000490, Train: 0.9030, Valid: 0.8639, Test: 0.8895
Run: 01, Epoch: 46, Loss: 0.0002, lr: 0.000490, Train: 0.9130, Valid: 0.8728, Test: 0.8987
Run: 01, Epoch: 47, Loss: 0.0002, lr: 0.000490, Train: 0.9216, Valid: 0.8799, Test: 0.9065
Run: 01, Epoch: 48, Loss: 0.0002, lr: 0.000490, Train: 0.9281, Valid: 0.8853, Test: 0.9126
Run: 01, Epoch: 49, Loss: 0.0002, lr: 0.000490, Train: 0.9366, Valid: 0.8912, Test: 0.9191
Run: 01, Epoch: 50, Loss: 0.0002, lr: 0.000490, Train: 0.9419, Valid: 0.8971, Test: 0.9243
Run: 01, Epoch: 51, Loss: 0.0002, lr: 0.000490, Train: 0.9457, Valid: 0.9029, Test: 0.9285
Run: 01, Epoch: 52, Loss: 0.0002, lr: 0.000490, Train: 0.9509, Valid: 0.9092, Test: 0.9325
Run: 01, Epoch: 53, Loss: 0.0002, lr: 0.000490, Train: 0.9575, Valid: 0.9146, Test: 0.9369
Run: 01, Epoch: 54, Loss: 0.0002, lr: 0.000490, Train: 0.9645, Valid: 0.9190, Test: 0.9403
Run: 01, Epoch: 55, Loss: 0.0002, lr: 0.000490, Train: 0.9715, Valid: 0.9226, Test: 0.9429
Run: 01, Epoch: 56, Loss: 0.0002, lr: 0.000490, Train: 0.9732, Valid: 0.9250, Test: 0.9440
Run: 01, Epoch: 57, Loss: 0.0001, lr: 0.000490, Train: 0.9751, Valid: 0.9271, Test: 0.9452
Run: 01, Epoch: 58, Loss: 0.0001, lr: 0.000490, Train: 0.9767, Valid: 0.9285, Test: 0.9457
Run: 01, Epoch: 59, Loss: 0.0001, lr: 0.000490, Train: 0.9784, Valid: 0.9293, Test: 0.9459
Run: 01, Epoch: 60, Loss: 0.0001, lr: 0.000490, Train: 0.9796, Valid: 0.9298, Test: 0.9460
Run: 01, Epoch: 61, Loss: 0.0001, lr: 0.000490, Train: 0.9799, Valid: 0.9301, Test: 0.9462
Run: 01, Epoch: 62, Loss: 0.0001, lr: 0.000490, Train: 0.9794, Valid: 0.9308, Test: 0.9466
Run: 01, Epoch: 63, Loss: 0.0001, lr: 0.000490, Train: 0.9801, Valid: 0.9320, Test: 0.9472
Run: 01, Epoch: 64, Loss: 0.0001, lr: 0.000490, Train: 0.9820, Valid: 0.9340, Test: 0.9478
Run: 01, Epoch: 65, Loss: 0.0001, lr: 0.000490, Train: 0.9846, Valid: 0.9363, Test: 0.9482
Run: 01, Epoch: 66, Loss: 0.0001, lr: 0.000490, Train: 0.9875, Valid: 0.9382, Test: 0.9482
Run: 01, Epoch: 67, Loss: 0.0001, lr: 0.000490, Train: 0.9901, Valid: 0.9395, Test: 0.9476
Run: 01, Epoch: 68, Loss: 0.0001, lr: 0.000490, Train: 0.9920, Valid: 0.9399, Test: 0.9468
Run: 01, Epoch: 69, Loss: 0.0001, lr: 0.000490, Train: 0.9931, Valid: 0.9398, Test: 0.9459
Run: 01, Epoch: 70, Loss: 0.0001, lr: 0.000490, Train: 0.9937, Valid: 0.9396, Test: 0.9455
Run: 01, Epoch: 71, Loss: 0.0001, lr: 0.000490, Train: 0.9936, Valid: 0.9395, Test: 0.9454
Run: 01, Epoch: 72, Loss: 0.0001, lr: 0.000490, Train: 0.9931, Valid: 0.9395, Test: 0.9454
Run: 01, Epoch: 73, Loss: 0.0001, lr: 0.000490, Train: 0.9927, Valid: 0.9396, Test: 0.9454
Run: 01, Epoch: 74, Loss: 0.0001, lr: 0.000490, Train: 0.9925, Valid: 0.9396, Test: 0.9453
Run: 01, Epoch: 75, Loss: 0.0001, lr: 0.000343, Train: 0.9932, Valid: 0.9396, Test: 0.9450
Run: 01, Epoch: 76, Loss: 0.0001, lr: 0.000343, Train: 0.9941, Valid: 0.9394, Test: 0.9444
Run: 01, Epoch: 77, Loss: 0.0001, lr: 0.000343, Train: 0.9950, Valid: 0.9390, Test: 0.9437
Run: 01, Epoch: 78, Loss: 0.0001, lr: 0.000343, Train: 0.9959, Valid: 0.9385, Test: 0.9427
Run: 01, Epoch: 79, Loss: 0.0001, lr: 0.000343, Train: 0.9966, Valid: 0.9377, Test: 0.9415
Run: 01, Epoch: 80, Loss: 0.0001, lr: 0.000343, Train: 0.9971, Valid: 0.9369, Test: 0.9403
Run: 01, Epoch: 81, Loss: 0.0001, lr: 0.000240, Train: 0.9974, Valid: 0.9365, Test: 0.9395
Run: 01, Epoch: 82, Loss: 0.0001, lr: 0.000240, Train: 0.9976, Valid: 0.9362, Test: 0.9389
Run: 01, Epoch: 83, Loss: 0.0001, lr: 0.000240, Train: 0.9978, Valid: 0.9361, Test: 0.9386
Run: 01, Epoch: 84, Loss: 0.0001, lr: 0.000240, Train: 0.9979, Valid: 0.9361, Test: 0.9386
Run: 01, Epoch: 85, Loss: 0.0001, lr: 0.000240, Train: 0.9979, Valid: 0.9363, Test: 0.9387
Run: 01, Epoch: 86, Loss: 0.0001, lr: 0.000240, Train: 0.9979, Valid: 0.9365, Test: 0.9389
Run: 01, Epoch: 87, Loss: 0.0001, lr: 0.000168, Train: 0.9980, Valid: 0.9366, Test: 0.9389
Run: 01, Epoch: 88, Loss: 0.0001, lr: 0.000168, Train: 0.9980, Valid: 0.9367, Test: 0.9389
Run: 01, Epoch: 89, Loss: 0.0001, lr: 0.000168, Train: 0.9981, Valid: 0.9367, Test: 0.9388
Run: 01, Epoch: 90, Loss: 0.0001, lr: 0.000168, Train: 0.9981, Valid: 0.9366, Test: 0.9386
Run: 01, Epoch: 91, Loss: 0.0000, lr: 0.000168, Train: 0.9982, Valid: 0.9364, Test: 0.9384
Run: 01, Epoch: 92, Loss: 0.0000, lr: 0.000168, Train: 0.9983, Valid: 0.9361, Test: 0.9380
Run: 01, Epoch: 93, Loss: 0.0000, lr: 0.000118, Train: 0.9984, Valid: 0.9358, Test: 0.9376
Run: 01, Epoch: 94, Loss: 0.0000, lr: 0.000118, Train: 0.9985, Valid: 0.9356, Test: 0.9372
Run: 01, Epoch: 95, Loss: 0.0000, lr: 0.000118, Train: 0.9985, Valid: 0.9354, Test: 0.9369
Run: 01, Epoch: 96, Loss: 0.0000, lr: 0.000118, Train: 0.9985, Valid: 0.9352, Test: 0.9366
Run: 01, Epoch: 97, Loss: 0.0000, lr: 0.000118, Train: 0.9986, Valid: 0.9350, Test: 0.9364
Run: 01, Epoch: 98, Loss: 0.0000, lr: 0.000118, Train: 0.9986, Valid: 0.9349, Test: 0.9362
Run: 01, Epoch: 99, Loss: 0.0000, lr: 0.000082, Train: 0.9986, Valid: 0.9347, Test: 0.9360
Run: 01, Epoch: 100, Loss: 0.0000, lr: 0.000082, Train: 0.9987, Valid: 0.9346, Test: 0.9358
Run 01:
Highest Train: 1.00
Highest Valid: 0.94
  Final Train: 0.99
   Final Test: 0.95
Run: 02, Epoch: 01, Loss: 0.0588, lr: 0.001000, Train: 0.3237, Valid: 0.3422, Test: 0.3723
Run: 02, Epoch: 02, Loss: 0.0079, lr: 0.001000, Train: 0.5774, Valid: 0.6216, Test: 0.6327
Run: 02, Epoch: 03, Loss: 0.0061, lr: 0.001000, Train: 0.6931, Valid: 0.7226, Test: 0.7479
Run: 02, Epoch: 04, Loss: 0.0069, lr: 0.001000, Train: 0.7439, Valid: 0.7476, Test: 0.7962
Run: 02, Epoch: 05, Loss: 0.0068, lr: 0.001000, Train: 0.7615, Valid: 0.7476, Test: 0.8100
Run: 02, Epoch: 06, Loss: 0.0059, lr: 0.001000, Train: 0.7674, Valid: 0.7488, Test: 0.8108
Run: 02, Epoch: 07, Loss: 0.0047, lr: 0.001000, Train: 0.7721, Valid: 0.7577, Test: 0.8087
Run: 02, Epoch: 08, Loss: 0.0038, lr: 0.001000, Train: 0.7774, Valid: 0.7702, Test: 0.8081
Run: 02, Epoch: 09, Loss: 0.0032, lr: 0.001000, Train: 0.7856, Valid: 0.7837, Test: 0.8119
Run: 02, Epoch: 10, Loss: 0.0027, lr: 0.001000, Train: 0.7955, Valid: 0.7965, Test: 0.8203
Run: 02, Epoch: 11, Loss: 0.0024, lr: 0.001000, Train: 0.8070, Valid: 0.8119, Test: 0.8314
Run: 02, Epoch: 12, Loss: 0.0022, lr: 0.001000, Train: 0.8202, Valid: 0.8290, Test: 0.8421
Run: 02, Epoch: 13, Loss: 0.0019, lr: 0.001000, Train: 0.8344, Valid: 0.8453, Test: 0.8505
Run: 02, Epoch: 14, Loss: 0.0016, lr: 0.001000, Train: 0.8490, Valid: 0.8609, Test: 0.8575
Run: 02, Epoch: 15, Loss: 0.0013, lr: 0.001000, Train: 0.8629, Valid: 0.8722, Test: 0.8625
Run: 02, Epoch: 16, Loss: 0.0010, lr: 0.001000, Train: 0.8747, Valid: 0.8771, Test: 0.8663
Run: 02, Epoch: 17, Loss: 0.0009, lr: 0.001000, Train: 0.8851, Valid: 0.8773, Test: 0.8695
Run: 02, Epoch: 18, Loss: 0.0007, lr: 0.001000, Train: 0.8928, Valid: 0.8747, Test: 0.8716
Run: 02, Epoch: 19, Loss: 0.0006, lr: 0.001000, Train: 0.8965, Valid: 0.8720, Test: 0.8715
Run: 02, Epoch: 20, Loss: 0.0006, lr: 0.001000, Train: 0.8958, Valid: 0.8716, Test: 0.8691
Run: 02, Epoch: 21, Loss: 0.0006, lr: 0.001000, Train: 0.8947, Valid: 0.8756, Test: 0.8664
Run: 02, Epoch: 22, Loss: 0.0005, lr: 0.001000, Train: 0.8963, Valid: 0.8832, Test: 0.8675
Run: 02, Epoch: 23, Loss: 0.0005, lr: 0.001000, Train: 0.9030, Valid: 0.8919, Test: 0.8737
Run: 02, Epoch: 24, Loss: 0.0004, lr: 0.001000, Train: 0.9145, Valid: 0.8997, Test: 0.8830
Run: 02, Epoch: 25, Loss: 0.0004, lr: 0.001000, Train: 0.9290, Valid: 0.9075, Test: 0.8927
Run: 02, Epoch: 26, Loss: 0.0004, lr: 0.001000, Train: 0.9416, Valid: 0.9133, Test: 0.9002
Run: 02, Epoch: 27, Loss: 0.0003, lr: 0.001000, Train: 0.9498, Valid: 0.9165, Test: 0.9054
Run: 02, Epoch: 28, Loss: 0.0003, lr: 0.001000, Train: 0.9534, Valid: 0.9163, Test: 0.9084
Run: 02, Epoch: 29, Loss: 0.0002, lr: 0.001000, Train: 0.9530, Valid: 0.9145, Test: 0.9100
Run: 02, Epoch: 30, Loss: 0.0002, lr: 0.001000, Train: 0.9518, Valid: 0.9123, Test: 0.9109
Run: 02, Epoch: 31, Loss: 0.0002, lr: 0.001000, Train: 0.9521, Valid: 0.9117, Test: 0.9119
Run: 02, Epoch: 32, Loss: 0.0002, lr: 0.001000, Train: 0.9544, Valid: 0.9129, Test: 0.9129
Run: 02, Epoch: 33, Loss: 0.0001, lr: 0.001000, Train: 0.9578, Valid: 0.9158, Test: 0.9134
Run: 02, Epoch: 34, Loss: 0.0001, lr: 0.000700, Train: 0.9633, Valid: 0.9187, Test: 0.9145
Run: 02, Epoch: 35, Loss: 0.0001, lr: 0.000700, Train: 0.9691, Valid: 0.9201, Test: 0.9150
Run: 02, Epoch: 36, Loss: 0.0001, lr: 0.000700, Train: 0.9747, Valid: 0.9207, Test: 0.9149
Run: 02, Epoch: 37, Loss: 0.0001, lr: 0.000700, Train: 0.9799, Valid: 0.9217, Test: 0.9142
Run: 02, Epoch: 38, Loss: 0.0001, lr: 0.000700, Train: 0.9844, Valid: 0.9230, Test: 0.9131
Run: 02, Epoch: 39, Loss: 0.0001, lr: 0.000700, Train: 0.9881, Valid: 0.9243, Test: 0.9118
Run: 02, Epoch: 40, Loss: 0.0001, lr: 0.000700, Train: 0.9909, Valid: 0.9253, Test: 0.9107
Run: 02, Epoch: 41, Loss: 0.0001, lr: 0.000700, Train: 0.9927, Valid: 0.9260, Test: 0.9097
Run: 02, Epoch: 42, Loss: 0.0001, lr: 0.000700, Train: 0.9936, Valid: 0.9264, Test: 0.9092
Run: 02, Epoch: 43, Loss: 0.0001, lr: 0.000700, Train: 0.9939, Valid: 0.9266, Test: 0.9091
Run: 02, Epoch: 44, Loss: 0.0001, lr: 0.000700, Train: 0.9937, Valid: 0.9268, Test: 0.9096
Run: 02, Epoch: 45, Loss: 0.0001, lr: 0.000700, Train: 0.9930, Valid: 0.9269, Test: 0.9104
Run: 02, Epoch: 46, Loss: 0.0000, lr: 0.000700, Train: 0.9920, Valid: 0.9271, Test: 0.9113
Run: 02, Epoch: 47, Loss: 0.0000, lr: 0.000700, Train: 0.9908, Valid: 0.9274, Test: 0.9122
Run: 02, Epoch: 48, Loss: 0.0000, lr: 0.000700, Train: 0.9897, Valid: 0.9280, Test: 0.9129
Run: 02, Epoch: 49, Loss: 0.0000, lr: 0.000700, Train: 0.9889, Valid: 0.9287, Test: 0.9132
Run: 02, Epoch: 50, Loss: 0.0000, lr: 0.000700, Train: 0.9886, Valid: 0.9294, Test: 0.9133
Run: 02, Epoch: 51, Loss: 0.0000, lr: 0.000700, Train: 0.9889, Valid: 0.9302, Test: 0.9131
Run: 02, Epoch: 52, Loss: 0.0000, lr: 0.000700, Train: 0.9897, Valid: 0.9308, Test: 0.9128
Run: 02, Epoch: 53, Loss: 0.0000, lr: 0.000700, Train: 0.9907, Valid: 0.9313, Test: 0.9123
Run: 02, Epoch: 54, Loss: 0.0000, lr: 0.000700, Train: 0.9917, Valid: 0.9317, Test: 0.9117
Run: 02, Epoch: 55, Loss: 0.0000, lr: 0.000700, Train: 0.9926, Valid: 0.9322, Test: 0.9110
Run: 02, Epoch: 56, Loss: 0.0000, lr: 0.000700, Train: 0.9933, Valid: 0.9328, Test: 0.9102
Run: 02, Epoch: 57, Loss: 0.0000, lr: 0.000700, Train: 0.9938, Valid: 0.9335, Test: 0.9096
Run: 02, Epoch: 58, Loss: 0.0000, lr: 0.000700, Train: 0.9942, Valid: 0.9341, Test: 0.9090
Run: 02, Epoch: 59, Loss: 0.0000, lr: 0.000700, Train: 0.9944, Valid: 0.9344, Test: 0.9086
Run: 02, Epoch: 60, Loss: 0.0000, lr: 0.000700, Train: 0.9946, Valid: 0.9345, Test: 0.9084
Run: 02, Epoch: 61, Loss: 0.0000, lr: 0.000700, Train: 0.9948, Valid: 0.9343, Test: 0.9083
Run: 02, Epoch: 62, Loss: 0.0000, lr: 0.000700, Train: 0.9949, Valid: 0.9339, Test: 0.9083
Run: 02, Epoch: 63, Loss: 0.0000, lr: 0.000700, Train: 0.9950, Valid: 0.9333, Test: 0.9084
Run: 02, Epoch: 64, Loss: 0.0000, lr: 0.000700, Train: 0.9952, Valid: 0.9327, Test: 0.9084
Run: 02, Epoch: 65, Loss: 0.0000, lr: 0.000700, Train: 0.9954, Valid: 0.9323, Test: 0.9084
Run: 02, Epoch: 66, Loss: 0.0000, lr: 0.000490, Train: 0.9959, Valid: 0.9323, Test: 0.9081
Run: 02, Epoch: 67, Loss: 0.0000, lr: 0.000490, Train: 0.9964, Valid: 0.9324, Test: 0.9077
Run: 02, Epoch: 68, Loss: 0.0000, lr: 0.000490, Train: 0.9969, Valid: 0.9326, Test: 0.9071
Run: 02, Epoch: 69, Loss: 0.0000, lr: 0.000490, Train: 0.9973, Valid: 0.9327, Test: 0.9064
Run: 02, Epoch: 70, Loss: 0.0000, lr: 0.000490, Train: 0.9978, Valid: 0.9329, Test: 0.9056
Run: 02, Epoch: 71, Loss: 0.0000, lr: 0.000490, Train: 0.9981, Valid: 0.9330, Test: 0.9047
Run: 02, Epoch: 72, Loss: 0.0000, lr: 0.000343, Train: 0.9984, Valid: 0.9332, Test: 0.9039
Run: 02, Epoch: 73, Loss: 0.0000, lr: 0.000343, Train: 0.9987, Valid: 0.9334, Test: 0.9031
Run: 02, Epoch: 74, Loss: 0.0000, lr: 0.000343, Train: 0.9989, Valid: 0.9336, Test: 0.9023
Run: 02, Epoch: 75, Loss: 0.0000, lr: 0.000343, Train: 0.9991, Valid: 0.9338, Test: 0.9015
Run: 02, Epoch: 76, Loss: 0.0000, lr: 0.000343, Train: 0.9992, Valid: 0.9340, Test: 0.9008
Run: 02, Epoch: 77, Loss: 0.0000, lr: 0.000343, Train: 0.9993, Valid: 0.9342, Test: 0.9002
Run: 02, Epoch: 78, Loss: 0.0000, lr: 0.000240, Train: 0.9994, Valid: 0.9344, Test: 0.8996
Run: 02, Epoch: 79, Loss: 0.0000, lr: 0.000240, Train: 0.9995, Valid: 0.9346, Test: 0.8991
Run: 02, Epoch: 80, Loss: 0.0000, lr: 0.000240, Train: 0.9996, Valid: 0.9347, Test: 0.8987
Run: 02, Epoch: 81, Loss: 0.0000, lr: 0.000240, Train: 0.9996, Valid: 0.9349, Test: 0.8983
Run: 02, Epoch: 82, Loss: 0.0000, lr: 0.000240, Train: 0.9997, Valid: 0.9350, Test: 0.8979
Run: 02, Epoch: 83, Loss: 0.0000, lr: 0.000240, Train: 0.9997, Valid: 0.9351, Test: 0.8976
Run: 02, Epoch: 84, Loss: 0.0000, lr: 0.000240, Train: 0.9997, Valid: 0.9352, Test: 0.8973
Run: 02, Epoch: 85, Loss: 0.0000, lr: 0.000240, Train: 0.9998, Valid: 0.9352, Test: 0.8971
Run: 02, Epoch: 86, Loss: 0.0000, lr: 0.000240, Train: 0.9998, Valid: 0.9353, Test: 0.8969
Run: 02, Epoch: 87, Loss: 0.0000, lr: 0.000240, Train: 0.9998, Valid: 0.9353, Test: 0.8966
Run: 02, Epoch: 88, Loss: 0.0000, lr: 0.000240, Train: 0.9998, Valid: 0.9353, Test: 0.8964
Run: 02, Epoch: 89, Loss: 0.0000, lr: 0.000240, Train: 0.9998, Valid: 0.9352, Test: 0.8963
Run: 02, Epoch: 90, Loss: 0.0000, lr: 0.000240, Train: 0.9998, Valid: 0.9352, Test: 0.8961
Run: 02, Epoch: 91, Loss: 0.0000, lr: 0.000240, Train: 0.9998, Valid: 0.9351, Test: 0.8960
Run: 02, Epoch: 92, Loss: 0.0000, lr: 0.000168, Train: 0.9998, Valid: 0.9351, Test: 0.8958
Run: 02, Epoch: 93, Loss: 0.0000, lr: 0.000168, Train: 0.9998, Valid: 0.9350, Test: 0.8957
Run: 02, Epoch: 94, Loss: 0.0000, lr: 0.000168, Train: 0.9998, Valid: 0.9350, Test: 0.8957
Run: 02, Epoch: 95, Loss: 0.0000, lr: 0.000168, Train: 0.9998, Valid: 0.9349, Test: 0.8956
Run: 02, Epoch: 96, Loss: 0.0000, lr: 0.000168, Train: 0.9998, Valid: 0.9349, Test: 0.8955
Run: 02, Epoch: 97, Loss: 0.0000, lr: 0.000168, Train: 0.9999, Valid: 0.9348, Test: 0.8955
Run: 02, Epoch: 98, Loss: 0.0000, lr: 0.000118, Train: 0.9999, Valid: 0.9348, Test: 0.8955
Run: 02, Epoch: 99, Loss: 0.0000, lr: 0.000118, Train: 0.9999, Valid: 0.9348, Test: 0.8954
Run: 02, Epoch: 100, Loss: 0.0000, lr: 0.000118, Train: 0.9999, Valid: 0.9347, Test: 0.8954
Run 02:
Highest Train: 1.00
Highest Valid: 0.94
  Final Train: 1.00
   Final Test: 0.90
Run: 03, Epoch: 01, Loss: 0.0593, lr: 0.001000, Train: 0.3585, Valid: -0.0225, Test: 0.3637
Run: 03, Epoch: 02, Loss: 0.0104, lr: 0.001000, Train: 0.6203, Valid: 0.3076, Test: 0.6215
Run: 03, Epoch: 03, Loss: 0.0068, lr: 0.001000, Train: 0.7363, Valid: 0.4870, Test: 0.7306
Run: 03, Epoch: 04, Loss: 0.0065, lr: 0.001000, Train: 0.7893, Valid: 0.5848, Test: 0.7760
Run: 03, Epoch: 05, Loss: 0.0069, lr: 0.001000, Train: 0.8102, Valid: 0.6359, Test: 0.7923
Run: 03, Epoch: 06, Loss: 0.0072, lr: 0.001000, Train: 0.8111, Valid: 0.6509, Test: 0.7953
Run: 03, Epoch: 07, Loss: 0.0068, lr: 0.001000, Train: 0.7982, Valid: 0.6386, Test: 0.7930
Run: 03, Epoch: 08, Loss: 0.0059, lr: 0.001000, Train: 0.7773, Valid: 0.6087, Test: 0.7884
Run: 03, Epoch: 09, Loss: 0.0048, lr: 0.001000, Train: 0.7563, Valid: 0.5733, Test: 0.7837
Run: 03, Epoch: 10, Loss: 0.0039, lr: 0.001000, Train: 0.7418, Valid: 0.5445, Test: 0.7816
Run: 03, Epoch: 11, Loss: 0.0033, lr: 0.001000, Train: 0.7391, Valid: 0.5310, Test: 0.7849
Run: 03, Epoch: 12, Loss: 0.0030, lr: 0.001000, Train: 0.7490, Valid: 0.5377, Test: 0.7940
Run: 03, Epoch: 13, Loss: 0.0027, lr: 0.000700, Train: 0.7694, Valid: 0.5650, Test: 0.8077
Run: 03, Epoch: 14, Loss: 0.0026, lr: 0.000700, Train: 0.7938, Valid: 0.5979, Test: 0.8224
Run: 03, Epoch: 15, Loss: 0.0025, lr: 0.000700, Train: 0.8190, Valid: 0.6324, Test: 0.8366
Run: 03, Epoch: 16, Loss: 0.0023, lr: 0.000700, Train: 0.8419, Valid: 0.6650, Test: 0.8488
Run: 03, Epoch: 17, Loss: 0.0021, lr: 0.000700, Train: 0.8607, Valid: 0.6940, Test: 0.8587
Run: 03, Epoch: 18, Loss: 0.0020, lr: 0.000700, Train: 0.8746, Valid: 0.7171, Test: 0.8665
Run: 03, Epoch: 19, Loss: 0.0018, lr: 0.000700, Train: 0.8839, Valid: 0.7331, Test: 0.8726
Run: 03, Epoch: 20, Loss: 0.0016, lr: 0.000700, Train: 0.8891, Valid: 0.7428, Test: 0.8770
Run: 03, Epoch: 21, Loss: 0.0014, lr: 0.000700, Train: 0.8909, Valid: 0.7481, Test: 0.8797
Run: 03, Epoch: 22, Loss: 0.0012, lr: 0.000700, Train: 0.8895, Valid: 0.7451, Test: 0.8801
Run: 03, Epoch: 23, Loss: 0.0011, lr: 0.000700, Train: 0.8846, Valid: 0.7372, Test: 0.8787
Run: 03, Epoch: 24, Loss: 0.0010, lr: 0.000700, Train: 0.8791, Valid: 0.7298, Test: 0.8771
Run: 03, Epoch: 25, Loss: 0.0009, lr: 0.000700, Train: 0.8752, Valid: 0.7250, Test: 0.8766
Run: 03, Epoch: 26, Loss: 0.0008, lr: 0.000700, Train: 0.8753, Valid: 0.7212, Test: 0.8789
Run: 03, Epoch: 27, Loss: 0.0007, lr: 0.000700, Train: 0.8817, Valid: 0.7266, Test: 0.8856
Run: 03, Epoch: 28, Loss: 0.0006, lr: 0.000490, Train: 0.8956, Valid: 0.7459, Test: 0.8968
Run: 03, Epoch: 29, Loss: 0.0006, lr: 0.000490, Train: 0.9108, Valid: 0.7680, Test: 0.9083
Run: 03, Epoch: 30, Loss: 0.0006, lr: 0.000490, Train: 0.9257, Valid: 0.7898, Test: 0.9187
Run: 03, Epoch: 31, Loss: 0.0005, lr: 0.000490, Train: 0.9382, Valid: 0.8090, Test: 0.9270
Run: 03, Epoch: 32, Loss: 0.0005, lr: 0.000490, Train: 0.9476, Valid: 0.8238, Test: 0.9327
Run: 03, Epoch: 33, Loss: 0.0005, lr: 0.000490, Train: 0.9534, Valid: 0.8335, Test: 0.9358
Run: 03, Epoch: 34, Loss: 0.0004, lr: 0.000490, Train: 0.9561, Valid: 0.8383, Test: 0.9369
Run: 03, Epoch: 35, Loss: 0.0004, lr: 0.000490, Train: 0.9563, Valid: 0.8391, Test: 0.9365
Run: 03, Epoch: 36, Loss: 0.0004, lr: 0.000490, Train: 0.9544, Valid: 0.8368, Test: 0.9348
Run: 03, Epoch: 37, Loss: 0.0003, lr: 0.000490, Train: 0.9514, Valid: 0.8329, Test: 0.9324
Run: 03, Epoch: 38, Loss: 0.0003, lr: 0.000490, Train: 0.9482, Valid: 0.8292, Test: 0.9301
Run: 03, Epoch: 39, Loss: 0.0003, lr: 0.000490, Train: 0.9460, Valid: 0.8267, Test: 0.9284
Run: 03, Epoch: 40, Loss: 0.0003, lr: 0.000490, Train: 0.9456, Valid: 0.8260, Test: 0.9279
Run: 03, Epoch: 41, Loss: 0.0002, lr: 0.000490, Train: 0.9478, Valid: 0.8293, Test: 0.9291
Run: 03, Epoch: 42, Loss: 0.0002, lr: 0.000343, Train: 0.9536, Valid: 0.8391, Test: 0.9324
Run: 03, Epoch: 43, Loss: 0.0002, lr: 0.000343, Train: 0.9601, Valid: 0.8500, Test: 0.9359
Run: 03, Epoch: 44, Loss: 0.0002, lr: 0.000343, Train: 0.9667, Valid: 0.8617, Test: 0.9392
Run: 03, Epoch: 45, Loss: 0.0002, lr: 0.000343, Train: 0.9731, Valid: 0.8733, Test: 0.9421
Run: 03, Epoch: 46, Loss: 0.0002, lr: 0.000343, Train: 0.9787, Valid: 0.8844, Test: 0.9444
Run: 03, Epoch: 47, Loss: 0.0002, lr: 0.000343, Train: 0.9834, Valid: 0.8941, Test: 0.9459
Run: 03, Epoch: 48, Loss: 0.0002, lr: 0.000343, Train: 0.9870, Valid: 0.9025, Test: 0.9466
Run: 03, Epoch: 49, Loss: 0.0002, lr: 0.000343, Train: 0.9897, Valid: 0.9094, Test: 0.9466
Run: 03, Epoch: 50, Loss: 0.0001, lr: 0.000343, Train: 0.9916, Valid: 0.9148, Test: 0.9463
Run: 03, Epoch: 51, Loss: 0.0001, lr: 0.000343, Train: 0.9929, Valid: 0.9189, Test: 0.9456
Run: 03, Epoch: 52, Loss: 0.0001, lr: 0.000343, Train: 0.9939, Valid: 0.9219, Test: 0.9449
Run: 03, Epoch: 53, Loss: 0.0001, lr: 0.000343, Train: 0.9945, Valid: 0.9242, Test: 0.9441
Run: 03, Epoch: 54, Loss: 0.0001, lr: 0.000343, Train: 0.9950, Valid: 0.9258, Test: 0.9434
Run: 03, Epoch: 55, Loss: 0.0001, lr: 0.000343, Train: 0.9954, Valid: 0.9270, Test: 0.9427
Run: 03, Epoch: 56, Loss: 0.0001, lr: 0.000343, Train: 0.9958, Valid: 0.9281, Test: 0.9421
Run: 03, Epoch: 57, Loss: 0.0001, lr: 0.000343, Train: 0.9962, Valid: 0.9292, Test: 0.9415
Run: 03, Epoch: 58, Loss: 0.0001, lr: 0.000343, Train: 0.9965, Valid: 0.9303, Test: 0.9408
Run: 03, Epoch: 59, Loss: 0.0001, lr: 0.000343, Train: 0.9968, Valid: 0.9316, Test: 0.9400
Run: 03, Epoch: 60, Loss: 0.0001, lr: 0.000343, Train: 0.9971, Valid: 0.9330, Test: 0.9391
Run: 03, Epoch: 61, Loss: 0.0001, lr: 0.000343, Train: 0.9974, Valid: 0.9344, Test: 0.9381
Run: 03, Epoch: 62, Loss: 0.0001, lr: 0.000343, Train: 0.9976, Valid: 0.9358, Test: 0.9371
Run: 03, Epoch: 63, Loss: 0.0001, lr: 0.000343, Train: 0.9977, Valid: 0.9370, Test: 0.9361
Run: 03, Epoch: 64, Loss: 0.0001, lr: 0.000343, Train: 0.9978, Valid: 0.9382, Test: 0.9351
Run: 03, Epoch: 65, Loss: 0.0001, lr: 0.000343, Train: 0.9979, Valid: 0.9391, Test: 0.9343
Run: 03, Epoch: 66, Loss: 0.0001, lr: 0.000343, Train: 0.9980, Valid: 0.9398, Test: 0.9336
Run: 03, Epoch: 67, Loss: 0.0001, lr: 0.000343, Train: 0.9981, Valid: 0.9402, Test: 0.9331
Run: 03, Epoch: 68, Loss: 0.0001, lr: 0.000343, Train: 0.9982, Valid: 0.9405, Test: 0.9328
Run: 03, Epoch: 69, Loss: 0.0001, lr: 0.000343, Train: 0.9982, Valid: 0.9405, Test: 0.9327
Run: 03, Epoch: 70, Loss: 0.0001, lr: 0.000343, Train: 0.9983, Valid: 0.9404, Test: 0.9327
Run: 03, Epoch: 71, Loss: 0.0001, lr: 0.000343, Train: 0.9984, Valid: 0.9401, Test: 0.9327
Run: 03, Epoch: 72, Loss: 0.0001, lr: 0.000343, Train: 0.9985, Valid: 0.9398, Test: 0.9328
Run: 03, Epoch: 73, Loss: 0.0001, lr: 0.000343, Train: 0.9985, Valid: 0.9396, Test: 0.9328
Run: 03, Epoch: 74, Loss: 0.0001, lr: 0.000343, Train: 0.9986, Valid: 0.9394, Test: 0.9328
Run: 03, Epoch: 75, Loss: 0.0000, lr: 0.000240, Train: 0.9986, Valid: 0.9392, Test: 0.9328
Run: 03, Epoch: 76, Loss: 0.0000, lr: 0.000240, Train: 0.9986, Valid: 0.9390, Test: 0.9327
Run: 03, Epoch: 77, Loss: 0.0000, lr: 0.000240, Train: 0.9987, Valid: 0.9389, Test: 0.9326
Run: 03, Epoch: 78, Loss: 0.0000, lr: 0.000240, Train: 0.9987, Valid: 0.9387, Test: 0.9326
Run: 03, Epoch: 79, Loss: 0.0000, lr: 0.000240, Train: 0.9987, Valid: 0.9384, Test: 0.9325
Run: 03, Epoch: 80, Loss: 0.0000, lr: 0.000240, Train: 0.9988, Valid: 0.9381, Test: 0.9325
Run: 03, Epoch: 81, Loss: 0.0000, lr: 0.000168, Train: 0.9988, Valid: 0.9377, Test: 0.9326
Run: 03, Epoch: 82, Loss: 0.0000, lr: 0.000168, Train: 0.9988, Valid: 0.9373, Test: 0.9327
Run: 03, Epoch: 83, Loss: 0.0000, lr: 0.000168, Train: 0.9988, Valid: 0.9368, Test: 0.9328
Run: 03, Epoch: 84, Loss: 0.0000, lr: 0.000168, Train: 0.9989, Valid: 0.9362, Test: 0.9329
Run: 03, Epoch: 85, Loss: 0.0000, lr: 0.000168, Train: 0.9989, Valid: 0.9357, Test: 0.9330
Run: 03, Epoch: 86, Loss: 0.0000, lr: 0.000168, Train: 0.9989, Valid: 0.9352, Test: 0.9330
Run: 03, Epoch: 87, Loss: 0.0000, lr: 0.000118, Train: 0.9989, Valid: 0.9349, Test: 0.9331
Run: 03, Epoch: 88, Loss: 0.0000, lr: 0.000118, Train: 0.9989, Valid: 0.9346, Test: 0.9331
Run: 03, Epoch: 89, Loss: 0.0000, lr: 0.000118, Train: 0.9989, Valid: 0.9343, Test: 0.9331
Run: 03, Epoch: 90, Loss: 0.0000, lr: 0.000118, Train: 0.9989, Valid: 0.9341, Test: 0.9331
Run: 03, Epoch: 91, Loss: 0.0000, lr: 0.000118, Train: 0.9989, Valid: 0.9339, Test: 0.9331
Run: 03, Epoch: 92, Loss: 0.0000, lr: 0.000118, Train: 0.9989, Valid: 0.9338, Test: 0.9331
Run: 03, Epoch: 93, Loss: 0.0000, lr: 0.000082, Train: 0.9989, Valid: 0.9338, Test: 0.9331
Run: 03, Epoch: 94, Loss: 0.0000, lr: 0.000082, Train: 0.9989, Valid: 0.9338, Test: 0.9331
Run: 03, Epoch: 95, Loss: 0.0000, lr: 0.000082, Train: 0.9989, Valid: 0.9338, Test: 0.9331
Run: 03, Epoch: 96, Loss: 0.0000, lr: 0.000082, Train: 0.9989, Valid: 0.9338, Test: 0.9330
Run: 03, Epoch: 97, Loss: 0.0000, lr: 0.000082, Train: 0.9990, Valid: 0.9338, Test: 0.9330
Run: 03, Epoch: 98, Loss: 0.0000, lr: 0.000082, Train: 0.9990, Valid: 0.9339, Test: 0.9329
Run: 03, Epoch: 99, Loss: 0.0000, lr: 0.000058, Train: 0.9990, Valid: 0.9339, Test: 0.9329
Run: 03, Epoch: 100, Loss: 0.0000, lr: 0.000058, Train: 0.9990, Valid: 0.9340, Test: 0.9329
Run 03:
Highest Train: 1.00
Highest Valid: 0.94
  Final Train: 1.00
   Final Test: 0.93
Run: 04, Epoch: 01, Loss: 0.0384, lr: 0.001000, Train: 0.3818, Valid: -0.0089, Test: 0.2582
Run: 04, Epoch: 02, Loss: 0.0073, lr: 0.001000, Train: 0.5882, Valid: 0.1678, Test: 0.4394
Run: 04, Epoch: 03, Loss: 0.0065, lr: 0.001000, Train: 0.6827, Valid: 0.2308, Test: 0.5143
Run: 04, Epoch: 04, Loss: 0.0066, lr: 0.001000, Train: 0.7244, Valid: 0.2486, Test: 0.5404
Run: 04, Epoch: 05, Loss: 0.0063, lr: 0.001000, Train: 0.7491, Valid: 0.2796, Test: 0.5616
Run: 04, Epoch: 06, Loss: 0.0054, lr: 0.001000, Train: 0.7720, Valid: 0.3394, Test: 0.5918
Run: 04, Epoch: 07, Loss: 0.0042, lr: 0.001000, Train: 0.7933, Valid: 0.4044, Test: 0.6282
Run: 04, Epoch: 08, Loss: 0.0031, lr: 0.001000, Train: 0.8067, Valid: 0.4606, Test: 0.6565
Run: 04, Epoch: 09, Loss: 0.0026, lr: 0.001000, Train: 0.8113, Valid: 0.4966, Test: 0.6668
Run: 04, Epoch: 10, Loss: 0.0024, lr: 0.001000, Train: 0.8122, Valid: 0.5144, Test: 0.6631
Run: 04, Epoch: 11, Loss: 0.0022, lr: 0.001000, Train: 0.8126, Valid: 0.5223, Test: 0.6518
Run: 04, Epoch: 12, Loss: 0.0020, lr: 0.001000, Train: 0.8065, Valid: 0.5109, Test: 0.6204
Run: 04, Epoch: 13, Loss: 0.0017, lr: 0.001000, Train: 0.7998, Valid: 0.4962, Test: 0.5877
Run: 04, Epoch: 14, Loss: 0.0014, lr: 0.001000, Train: 0.7926, Valid: 0.4855, Test: 0.5597
Run: 04, Epoch: 15, Loss: 0.0011, lr: 0.001000, Train: 0.7845, Valid: 0.4768, Test: 0.5374
Run: 04, Epoch: 16, Loss: 0.0009, lr: 0.001000, Train: 0.7771, Valid: 0.4688, Test: 0.5246
Run: 04, Epoch: 17, Loss: 0.0008, lr: 0.001000, Train: 0.7719, Valid: 0.4556, Test: 0.5212
Run: 04, Epoch: 18, Loss: 0.0007, lr: 0.000700, Train: 0.7817, Valid: 0.4713, Test: 0.5386
Run: 04, Epoch: 19, Loss: 0.0007, lr: 0.000700, Train: 0.7913, Valid: 0.4858, Test: 0.5521
Run: 04, Epoch: 20, Loss: 0.0006, lr: 0.000700, Train: 0.7958, Valid: 0.4996, Test: 0.5647
Run: 04, Epoch: 21, Loss: 0.0006, lr: 0.000700, Train: 0.7881, Valid: 0.4980, Test: 0.5646
Run: 04, Epoch: 22, Loss: 0.0006, lr: 0.000700, Train: 0.7787, Valid: 0.4974, Test: 0.5585
Run: 04, Epoch: 23, Loss: 0.0006, lr: 0.000700, Train: 0.7747, Valid: 0.5078, Test: 0.5563
Run: 04, Epoch: 24, Loss: 0.0005, lr: 0.000490, Train: 0.7909, Valid: 0.5506, Test: 0.5789
Run: 04, Epoch: 25, Loss: 0.0005, lr: 0.000490, Train: 0.8116, Valid: 0.5995, Test: 0.6075
Run: 04, Epoch: 26, Loss: 0.0005, lr: 0.000490, Train: 0.8357, Valid: 0.6529, Test: 0.6414
Run: 04, Epoch: 27, Loss: 0.0004, lr: 0.000490, Train: 0.8617, Valid: 0.7079, Test: 0.6797
Run: 04, Epoch: 28, Loss: 0.0004, lr: 0.000490, Train: 0.8879, Valid: 0.7605, Test: 0.7194
Run: 04, Epoch: 29, Loss: 0.0004, lr: 0.000490, Train: 0.9117, Valid: 0.8067, Test: 0.7569
Run: 04, Epoch: 30, Loss: 0.0004, lr: 0.000490, Train: 0.9316, Valid: 0.8447, Test: 0.7886
Run: 04, Epoch: 31, Loss: 0.0003, lr: 0.000490, Train: 0.9466, Valid: 0.8734, Test: 0.8128
Run: 04, Epoch: 32, Loss: 0.0003, lr: 0.000490, Train: 0.9570, Valid: 0.8935, Test: 0.8293
Run: 04, Epoch: 33, Loss: 0.0003, lr: 0.000490, Train: 0.9643, Valid: 0.9075, Test: 0.8402
Run: 04, Epoch: 34, Loss: 0.0003, lr: 0.000490, Train: 0.9695, Valid: 0.9176, Test: 0.8477
Run: 04, Epoch: 35, Loss: 0.0003, lr: 0.000490, Train: 0.9734, Valid: 0.9248, Test: 0.8527
Run: 04, Epoch: 36, Loss: 0.0003, lr: 0.000490, Train: 0.9768, Valid: 0.9303, Test: 0.8563
Run: 04, Epoch: 37, Loss: 0.0003, lr: 0.000490, Train: 0.9800, Valid: 0.9349, Test: 0.8592
Run: 04, Epoch: 38, Loss: 0.0002, lr: 0.000490, Train: 0.9833, Valid: 0.9386, Test: 0.8618
Run: 04, Epoch: 39, Loss: 0.0002, lr: 0.000490, Train: 0.9866, Valid: 0.9416, Test: 0.8642
Run: 04, Epoch: 40, Loss: 0.0002, lr: 0.000490, Train: 0.9896, Valid: 0.9436, Test: 0.8663
Run: 04, Epoch: 41, Loss: 0.0002, lr: 0.000490, Train: 0.9919, Valid: 0.9450, Test: 0.8678
Run: 04, Epoch: 42, Loss: 0.0002, lr: 0.000490, Train: 0.9935, Valid: 0.9458, Test: 0.8688
Run: 04, Epoch: 43, Loss: 0.0002, lr: 0.000490, Train: 0.9945, Valid: 0.9461, Test: 0.8694
Run: 04, Epoch: 44, Loss: 0.0002, lr: 0.000490, Train: 0.9951, Valid: 0.9459, Test: 0.8699
Run: 04, Epoch: 45, Loss: 0.0002, lr: 0.000490, Train: 0.9953, Valid: 0.9453, Test: 0.8699
Run: 04, Epoch: 46, Loss: 0.0002, lr: 0.000490, Train: 0.9954, Valid: 0.9445, Test: 0.8695
Run: 04, Epoch: 47, Loss: 0.0002, lr: 0.000490, Train: 0.9955, Valid: 0.9436, Test: 0.8686
Run: 04, Epoch: 48, Loss: 0.0001, lr: 0.000490, Train: 0.9956, Valid: 0.9427, Test: 0.8674
Run: 04, Epoch: 49, Loss: 0.0001, lr: 0.000490, Train: 0.9957, Valid: 0.9420, Test: 0.8661
Run: 04, Epoch: 50, Loss: 0.0001, lr: 0.000343, Train: 0.9958, Valid: 0.9417, Test: 0.8656
Run: 04, Epoch: 51, Loss: 0.0001, lr: 0.000343, Train: 0.9959, Valid: 0.9414, Test: 0.8655
Run: 04, Epoch: 52, Loss: 0.0001, lr: 0.000343, Train: 0.9960, Valid: 0.9411, Test: 0.8658
Run: 04, Epoch: 53, Loss: 0.0001, lr: 0.000343, Train: 0.9961, Valid: 0.9409, Test: 0.8664
Run: 04, Epoch: 54, Loss: 0.0001, lr: 0.000343, Train: 0.9962, Valid: 0.9406, Test: 0.8672
Run: 04, Epoch: 55, Loss: 0.0001, lr: 0.000343, Train: 0.9963, Valid: 0.9402, Test: 0.8680
Run: 04, Epoch: 56, Loss: 0.0001, lr: 0.000240, Train: 0.9964, Valid: 0.9398, Test: 0.8686
Run: 04, Epoch: 57, Loss: 0.0001, lr: 0.000240, Train: 0.9965, Valid: 0.9394, Test: 0.8691
Run: 04, Epoch: 58, Loss: 0.0001, lr: 0.000240, Train: 0.9966, Valid: 0.9389, Test: 0.8694
Run: 04, Epoch: 59, Loss: 0.0001, lr: 0.000240, Train: 0.9967, Valid: 0.9384, Test: 0.8696
Run: 04, Epoch: 60, Loss: 0.0001, lr: 0.000240, Train: 0.9967, Valid: 0.9379, Test: 0.8694
Run: 04, Epoch: 61, Loss: 0.0001, lr: 0.000240, Train: 0.9968, Valid: 0.9375, Test: 0.8691
Run: 04, Epoch: 62, Loss: 0.0001, lr: 0.000168, Train: 0.9969, Valid: 0.9372, Test: 0.8689
Run: 04, Epoch: 63, Loss: 0.0001, lr: 0.000168, Train: 0.9970, Valid: 0.9369, Test: 0.8687
Run: 04, Epoch: 64, Loss: 0.0001, lr: 0.000168, Train: 0.9971, Valid: 0.9366, Test: 0.8685
Run: 04, Epoch: 65, Loss: 0.0001, lr: 0.000168, Train: 0.9972, Valid: 0.9363, Test: 0.8683
Run: 04, Epoch: 66, Loss: 0.0001, lr: 0.000168, Train: 0.9972, Valid: 0.9359, Test: 0.8681
Run: 04, Epoch: 67, Loss: 0.0001, lr: 0.000168, Train: 0.9973, Valid: 0.9355, Test: 0.8680
Run: 04, Epoch: 68, Loss: 0.0001, lr: 0.000118, Train: 0.9974, Valid: 0.9353, Test: 0.8681
Run: 04, Epoch: 69, Loss: 0.0001, lr: 0.000118, Train: 0.9974, Valid: 0.9350, Test: 0.8681
Run: 04, Epoch: 70, Loss: 0.0001, lr: 0.000118, Train: 0.9975, Valid: 0.9348, Test: 0.8682
Run: 04, Epoch: 71, Loss: 0.0001, lr: 0.000118, Train: 0.9975, Valid: 0.9345, Test: 0.8684
Run: 04, Epoch: 72, Loss: 0.0001, lr: 0.000118, Train: 0.9976, Valid: 0.9343, Test: 0.8685
Run: 04, Epoch: 73, Loss: 0.0001, lr: 0.000118, Train: 0.9976, Valid: 0.9340, Test: 0.8686
Run: 04, Epoch: 74, Loss: 0.0001, lr: 0.000082, Train: 0.9977, Valid: 0.9340, Test: 0.8687
Run: 04, Epoch: 75, Loss: 0.0001, lr: 0.000082, Train: 0.9978, Valid: 0.9339, Test: 0.8688
Run: 04, Epoch: 76, Loss: 0.0001, lr: 0.000082, Train: 0.9978, Valid: 0.9338, Test: 0.8689
Run: 04, Epoch: 77, Loss: 0.0001, lr: 0.000082, Train: 0.9979, Valid: 0.9338, Test: 0.8690
Run: 04, Epoch: 78, Loss: 0.0001, lr: 0.000082, Train: 0.9979, Valid: 0.9337, Test: 0.8691
Run: 04, Epoch: 79, Loss: 0.0001, lr: 0.000082, Train: 0.9979, Valid: 0.9336, Test: 0.8691
Run: 04, Epoch: 80, Loss: 0.0001, lr: 0.000058, Train: 0.9980, Valid: 0.9336, Test: 0.8692
Run: 04, Epoch: 81, Loss: 0.0001, lr: 0.000058, Train: 0.9980, Valid: 0.9336, Test: 0.8692
Run: 04, Epoch: 82, Loss: 0.0001, lr: 0.000058, Train: 0.9980, Valid: 0.9336, Test: 0.8692
Run: 04, Epoch: 83, Loss: 0.0001, lr: 0.000058, Train: 0.9981, Valid: 0.9336, Test: 0.8693
Run: 04, Epoch: 84, Loss: 0.0001, lr: 0.000058, Train: 0.9981, Valid: 0.9335, Test: 0.8693
Run: 04, Epoch: 85, Loss: 0.0001, lr: 0.000058, Train: 0.9981, Valid: 0.9334, Test: 0.8693
Run: 04, Epoch: 86, Loss: 0.0001, lr: 0.000040, Train: 0.9981, Valid: 0.9334, Test: 0.8693
Run: 04, Epoch: 87, Loss: 0.0001, lr: 0.000040, Train: 0.9982, Valid: 0.9334, Test: 0.8694
Run: 04, Epoch: 88, Loss: 0.0001, lr: 0.000040, Train: 0.9982, Valid: 0.9333, Test: 0.8694
Run: 04, Epoch: 89, Loss: 0.0001, lr: 0.000040, Train: 0.9982, Valid: 0.9333, Test: 0.8695
Run: 04, Epoch: 90, Loss: 0.0001, lr: 0.000040, Train: 0.9982, Valid: 0.9332, Test: 0.8695
Run: 04, Epoch: 91, Loss: 0.0001, lr: 0.000040, Train: 0.9982, Valid: 0.9332, Test: 0.8695
Run: 04, Epoch: 92, Loss: 0.0001, lr: 0.000028, Train: 0.9982, Valid: 0.9331, Test: 0.8696
Run: 04, Epoch: 93, Loss: 0.0001, lr: 0.000028, Train: 0.9982, Valid: 0.9331, Test: 0.8696
Run: 04, Epoch: 94, Loss: 0.0001, lr: 0.000028, Train: 0.9982, Valid: 0.9331, Test: 0.8696
Run: 04, Epoch: 95, Loss: 0.0001, lr: 0.000028, Train: 0.9982, Valid: 0.9331, Test: 0.8697
Run: 04, Epoch: 96, Loss: 0.0001, lr: 0.000028, Train: 0.9983, Valid: 0.9330, Test: 0.8697
Run: 04, Epoch: 97, Loss: 0.0001, lr: 0.000028, Train: 0.9983, Valid: 0.9330, Test: 0.8697
Run: 04, Epoch: 98, Loss: 0.0001, lr: 0.000020, Train: 0.9983, Valid: 0.9330, Test: 0.8697
Run: 04, Epoch: 99, Loss: 0.0001, lr: 0.000020, Train: 0.9983, Valid: 0.9329, Test: 0.8698
Run: 04, Epoch: 100, Loss: 0.0001, lr: 0.000020, Train: 0.9983, Valid: 0.9329, Test: 0.8698
Run 04:
Highest Train: 1.00
Highest Valid: 0.95
  Final Train: 0.99
   Final Test: 0.87
Run: 05, Epoch: 01, Loss: 0.0270, lr: 0.001000, Train: 0.5073, Valid: 0.4140, Test: 0.5452
Run: 05, Epoch: 02, Loss: 0.0118, lr: 0.001000, Train: 0.6283, Valid: 0.5619, Test: 0.6865
Run: 05, Epoch: 03, Loss: 0.0101, lr: 0.001000, Train: 0.6671, Valid: 0.6280, Test: 0.7158
Run: 05, Epoch: 04, Loss: 0.0076, lr: 0.001000, Train: 0.6577, Valid: 0.6331, Test: 0.6985
Run: 05, Epoch: 05, Loss: 0.0066, lr: 0.001000, Train: 0.6319, Valid: 0.6109, Test: 0.6708
Run: 05, Epoch: 06, Loss: 0.0059, lr: 0.001000, Train: 0.6096, Valid: 0.5900, Test: 0.6499
Run: 05, Epoch: 07, Loss: 0.0052, lr: 0.001000, Train: 0.6090, Valid: 0.5942, Test: 0.6488
Run: 05, Epoch: 08, Loss: 0.0043, lr: 0.001000, Train: 0.6319, Valid: 0.6254, Test: 0.6710
Run: 05, Epoch: 09, Loss: 0.0034, lr: 0.001000, Train: 0.6684, Valid: 0.6738, Test: 0.7062
Run: 05, Epoch: 10, Loss: 0.0028, lr: 0.001000, Train: 0.7094, Valid: 0.7259, Test: 0.7476
Run: 05, Epoch: 11, Loss: 0.0026, lr: 0.001000, Train: 0.7468, Valid: 0.7704, Test: 0.7860
Run: 05, Epoch: 12, Loss: 0.0024, lr: 0.001000, Train: 0.7760, Valid: 0.8000, Test: 0.8156
Run: 05, Epoch: 13, Loss: 0.0021, lr: 0.001000, Train: 0.7982, Valid: 0.8152, Test: 0.8354
Run: 05, Epoch: 14, Loss: 0.0017, lr: 0.001000, Train: 0.8079, Valid: 0.8153, Test: 0.8380
Run: 05, Epoch: 15, Loss: 0.0015, lr: 0.001000, Train: 0.8032, Valid: 0.8009, Test: 0.8228
Run: 05, Epoch: 16, Loss: 0.0013, lr: 0.001000, Train: 0.7840, Valid: 0.7750, Test: 0.7909
Run: 05, Epoch: 17, Loss: 0.0012, lr: 0.001000, Train: 0.7531, Valid: 0.7330, Test: 0.7465
Run: 05, Epoch: 18, Loss: 0.0010, lr: 0.001000, Train: 0.7144, Valid: 0.6859, Test: 0.6921
Run: 05, Epoch: 19, Loss: 0.0010, lr: 0.001000, Train: 0.6672, Valid: 0.6323, Test: 0.6286
Run: 05, Epoch: 20, Loss: 0.0010, lr: 0.000700, Train: 0.6536, Valid: 0.6193, Test: 0.6070
Run: 05, Epoch: 21, Loss: 0.0009, lr: 0.000700, Train: 0.6470, Valid: 0.6175, Test: 0.6007
Run: 05, Epoch: 22, Loss: 0.0008, lr: 0.000700, Train: 0.6527, Valid: 0.6311, Test: 0.6129
Run: 05, Epoch: 23, Loss: 0.0008, lr: 0.000700, Train: 0.6746, Valid: 0.6597, Test: 0.6433
Run: 05, Epoch: 24, Loss: 0.0007, lr: 0.000700, Train: 0.7163, Valid: 0.7041, Test: 0.6926
Run: 05, Epoch: 25, Loss: 0.0006, lr: 0.000700, Train: 0.7705, Valid: 0.7590, Test: 0.7515
Run: 05, Epoch: 26, Loss: 0.0006, lr: 0.000490, Train: 0.8202, Valid: 0.8065, Test: 0.8025
Run: 05, Epoch: 27, Loss: 0.0006, lr: 0.000490, Train: 0.8625, Valid: 0.8467, Test: 0.8453
Run: 05, Epoch: 28, Loss: 0.0005, lr: 0.000490, Train: 0.8953, Valid: 0.8776, Test: 0.8782
Run: 05, Epoch: 29, Loss: 0.0005, lr: 0.000490, Train: 0.9190, Valid: 0.8990, Test: 0.9009
Run: 05, Epoch: 30, Loss: 0.0005, lr: 0.000490, Train: 0.9355, Valid: 0.9124, Test: 0.9163
Run: 05, Epoch: 31, Loss: 0.0004, lr: 0.000490, Train: 0.9475, Valid: 0.9204, Test: 0.9272
Run: 05, Epoch: 32, Loss: 0.0004, lr: 0.000490, Train: 0.9565, Valid: 0.9250, Test: 0.9355
Run: 05, Epoch: 33, Loss: 0.0004, lr: 0.000490, Train: 0.9633, Valid: 0.9273, Test: 0.9421
Run: 05, Epoch: 34, Loss: 0.0003, lr: 0.000490, Train: 0.9685, Valid: 0.9279, Test: 0.9474
Run: 05, Epoch: 35, Loss: 0.0003, lr: 0.000490, Train: 0.9725, Valid: 0.9276, Test: 0.9514
Run: 05, Epoch: 36, Loss: 0.0003, lr: 0.000490, Train: 0.9755, Valid: 0.9266, Test: 0.9542
Run: 05, Epoch: 37, Loss: 0.0003, lr: 0.000490, Train: 0.9776, Valid: 0.9257, Test: 0.9561
Run: 05, Epoch: 38, Loss: 0.0003, lr: 0.000490, Train: 0.9791, Valid: 0.9253, Test: 0.9572
Run: 05, Epoch: 39, Loss: 0.0003, lr: 0.000490, Train: 0.9800, Valid: 0.9254, Test: 0.9577
Run: 05, Epoch: 40, Loss: 0.0002, lr: 0.000490, Train: 0.9805, Valid: 0.9260, Test: 0.9579
Run: 05, Epoch: 41, Loss: 0.0002, lr: 0.000343, Train: 0.9815, Valid: 0.9269, Test: 0.9580
Run: 05, Epoch: 42, Loss: 0.0002, lr: 0.000343, Train: 0.9824, Valid: 0.9278, Test: 0.9580
Run: 05, Epoch: 43, Loss: 0.0002, lr: 0.000343, Train: 0.9833, Valid: 0.9287, Test: 0.9578
Run: 05, Epoch: 44, Loss: 0.0002, lr: 0.000343, Train: 0.9842, Valid: 0.9294, Test: 0.9576
Run: 05, Epoch: 45, Loss: 0.0002, lr: 0.000343, Train: 0.9850, Valid: 0.9298, Test: 0.9574
Run: 05, Epoch: 46, Loss: 0.0002, lr: 0.000343, Train: 0.9856, Valid: 0.9297, Test: 0.9571
Run: 05, Epoch: 47, Loss: 0.0002, lr: 0.000343, Train: 0.9859, Valid: 0.9292, Test: 0.9566
Run: 05, Epoch: 48, Loss: 0.0002, lr: 0.000343, Train: 0.9858, Valid: 0.9283, Test: 0.9560
Run: 05, Epoch: 49, Loss: 0.0002, lr: 0.000343, Train: 0.9853, Valid: 0.9272, Test: 0.9552
Run: 05, Epoch: 50, Loss: 0.0001, lr: 0.000343, Train: 0.9845, Valid: 0.9258, Test: 0.9542
Run: 05, Epoch: 51, Loss: 0.0001, lr: 0.000343, Train: 0.9834, Valid: 0.9242, Test: 0.9532
Run: 05, Epoch: 52, Loss: 0.0001, lr: 0.000240, Train: 0.9835, Valid: 0.9233, Test: 0.9529
Run: 05, Epoch: 53, Loss: 0.0001, lr: 0.000240, Train: 0.9837, Valid: 0.9225, Test: 0.9526
Run: 05, Epoch: 54, Loss: 0.0001, lr: 0.000240, Train: 0.9842, Valid: 0.9220, Test: 0.9526
Run: 05, Epoch: 55, Loss: 0.0001, lr: 0.000240, Train: 0.9850, Valid: 0.9218, Test: 0.9527
Run: 05, Epoch: 56, Loss: 0.0001, lr: 0.000240, Train: 0.9860, Valid: 0.9217, Test: 0.9529
Run: 05, Epoch: 57, Loss: 0.0001, lr: 0.000240, Train: 0.9871, Valid: 0.9218, Test: 0.9532
Run: 05, Epoch: 58, Loss: 0.0001, lr: 0.000168, Train: 0.9884, Valid: 0.9219, Test: 0.9537
Run: 05, Epoch: 59, Loss: 0.0001, lr: 0.000168, Train: 0.9896, Valid: 0.9218, Test: 0.9541
Run: 05, Epoch: 60, Loss: 0.0001, lr: 0.000168, Train: 0.9907, Valid: 0.9217, Test: 0.9545
Run: 05, Epoch: 61, Loss: 0.0001, lr: 0.000168, Train: 0.9917, Valid: 0.9216, Test: 0.9548
Run: 05, Epoch: 62, Loss: 0.0001, lr: 0.000168, Train: 0.9926, Valid: 0.9215, Test: 0.9550
Run: 05, Epoch: 63, Loss: 0.0001, lr: 0.000168, Train: 0.9934, Valid: 0.9213, Test: 0.9551
Run: 05, Epoch: 64, Loss: 0.0001, lr: 0.000118, Train: 0.9941, Valid: 0.9210, Test: 0.9552
Run: 05, Epoch: 65, Loss: 0.0001, lr: 0.000118, Train: 0.9948, Valid: 0.9206, Test: 0.9552
Run: 05, Epoch: 66, Loss: 0.0001, lr: 0.000118, Train: 0.9953, Valid: 0.9202, Test: 0.9552
Run: 05, Epoch: 67, Loss: 0.0001, lr: 0.000118, Train: 0.9958, Valid: 0.9197, Test: 0.9552
Run: 05, Epoch: 68, Loss: 0.0001, lr: 0.000118, Train: 0.9963, Valid: 0.9192, Test: 0.9551
Run: 05, Epoch: 69, Loss: 0.0001, lr: 0.000118, Train: 0.9967, Valid: 0.9186, Test: 0.9550
Run: 05, Epoch: 70, Loss: 0.0001, lr: 0.000082, Train: 0.9969, Valid: 0.9180, Test: 0.9550
Run: 05, Epoch: 71, Loss: 0.0001, lr: 0.000082, Train: 0.9972, Valid: 0.9174, Test: 0.9549
Run: 05, Epoch: 72, Loss: 0.0001, lr: 0.000082, Train: 0.9974, Valid: 0.9168, Test: 0.9547
Run: 05, Epoch: 73, Loss: 0.0001, lr: 0.000082, Train: 0.9975, Valid: 0.9162, Test: 0.9546
Run: 05, Epoch: 74, Loss: 0.0001, lr: 0.000082, Train: 0.9977, Valid: 0.9156, Test: 0.9545
Run: 05, Epoch: 75, Loss: 0.0001, lr: 0.000082, Train: 0.9978, Valid: 0.9150, Test: 0.9543
Run: 05, Epoch: 76, Loss: 0.0001, lr: 0.000058, Train: 0.9979, Valid: 0.9146, Test: 0.9542
Run: 05, Epoch: 77, Loss: 0.0001, lr: 0.000058, Train: 0.9979, Valid: 0.9142, Test: 0.9540
Run: 05, Epoch: 78, Loss: 0.0001, lr: 0.000058, Train: 0.9980, Valid: 0.9138, Test: 0.9539
Run: 05, Epoch: 79, Loss: 0.0001, lr: 0.000058, Train: 0.9980, Valid: 0.9135, Test: 0.9537
Run: 05, Epoch: 80, Loss: 0.0001, lr: 0.000058, Train: 0.9980, Valid: 0.9132, Test: 0.9536
Run: 05, Epoch: 81, Loss: 0.0001, lr: 0.000058, Train: 0.9981, Valid: 0.9129, Test: 0.9534
Run: 05, Epoch: 82, Loss: 0.0001, lr: 0.000040, Train: 0.9981, Valid: 0.9127, Test: 0.9533
Run: 05, Epoch: 83, Loss: 0.0001, lr: 0.000040, Train: 0.9981, Valid: 0.9125, Test: 0.9532
Run: 05, Epoch: 84, Loss: 0.0001, lr: 0.000040, Train: 0.9981, Valid: 0.9123, Test: 0.9531
Run: 05, Epoch: 85, Loss: 0.0001, lr: 0.000040, Train: 0.9981, Valid: 0.9121, Test: 0.9530
Run: 05, Epoch: 86, Loss: 0.0001, lr: 0.000040, Train: 0.9981, Valid: 0.9119, Test: 0.9529
Run: 05, Epoch: 87, Loss: 0.0001, lr: 0.000040, Train: 0.9981, Valid: 0.9118, Test: 0.9528
Run: 05, Epoch: 88, Loss: 0.0001, lr: 0.000028, Train: 0.9982, Valid: 0.9117, Test: 0.9528
Run: 05, Epoch: 89, Loss: 0.0001, lr: 0.000028, Train: 0.9982, Valid: 0.9116, Test: 0.9527
Run: 05, Epoch: 90, Loss: 0.0001, lr: 0.000028, Train: 0.9982, Valid: 0.9115, Test: 0.9527
Run: 05, Epoch: 91, Loss: 0.0001, lr: 0.000028, Train: 0.9982, Valid: 0.9115, Test: 0.9526
Run: 05, Epoch: 92, Loss: 0.0001, lr: 0.000028, Train: 0.9982, Valid: 0.9114, Test: 0.9526
Run: 05, Epoch: 93, Loss: 0.0001, lr: 0.000028, Train: 0.9982, Valid: 0.9113, Test: 0.9525
Run: 05, Epoch: 94, Loss: 0.0001, lr: 0.000020, Train: 0.9982, Valid: 0.9113, Test: 0.9525
Run: 05, Epoch: 95, Loss: 0.0001, lr: 0.000020, Train: 0.9982, Valid: 0.9113, Test: 0.9525
Run: 05, Epoch: 96, Loss: 0.0001, lr: 0.000020, Train: 0.9982, Valid: 0.9113, Test: 0.9525
Run: 05, Epoch: 97, Loss: 0.0001, lr: 0.000020, Train: 0.9982, Valid: 0.9113, Test: 0.9525
Run: 05, Epoch: 98, Loss: 0.0001, lr: 0.000020, Train: 0.9982, Valid: 0.9113, Test: 0.9525
Run: 05, Epoch: 99, Loss: 0.0001, lr: 0.000020, Train: 0.9982, Valid: 0.9113, Test: 0.9525
Run: 05, Epoch: 100, Loss: 0.0001, lr: 0.000014, Train: 0.9982, Valid: 0.9113, Test: 0.9525
Run 05:
Highest Train: 1.00
Highest Valid: 0.93
  Final Train: 0.98
   Final Test: 0.96
Run: 06, Epoch: 01, Loss: 0.0316, lr: 0.001000, Train: 0.4257, Valid: 0.5364, Test: 0.4488
Run: 06, Epoch: 02, Loss: 0.0058, lr: 0.001000, Train: 0.5649, Valid: 0.6603, Test: 0.6072
Run: 06, Epoch: 03, Loss: 0.0059, lr: 0.001000, Train: 0.5929, Valid: 0.6806, Test: 0.6631
Run: 06, Epoch: 04, Loss: 0.0056, lr: 0.001000, Train: 0.6012, Valid: 0.6894, Test: 0.6941
Run: 06, Epoch: 05, Loss: 0.0054, lr: 0.001000, Train: 0.6049, Valid: 0.6982, Test: 0.7097
Run: 06, Epoch: 06, Loss: 0.0046, lr: 0.001000, Train: 0.6017, Valid: 0.7040, Test: 0.7139
Run: 06, Epoch: 07, Loss: 0.0039, lr: 0.001000, Train: 0.5985, Valid: 0.7096, Test: 0.7156
Run: 06, Epoch: 08, Loss: 0.0033, lr: 0.001000, Train: 0.6020, Valid: 0.7130, Test: 0.7207
Run: 06, Epoch: 09, Loss: 0.0028, lr: 0.001000, Train: 0.5997, Valid: 0.7070, Test: 0.7228
Run: 06, Epoch: 10, Loss: 0.0024, lr: 0.001000, Train: 0.5788, Valid: 0.6790, Test: 0.7097
Run: 06, Epoch: 11, Loss: 0.0021, lr: 0.001000, Train: 0.5352, Valid: 0.6236, Test: 0.6764
Run: 06, Epoch: 12, Loss: 0.0018, lr: 0.001000, Train: 0.4666, Valid: 0.5423, Test: 0.6253
Run: 06, Epoch: 13, Loss: 0.0016, lr: 0.001000, Train: 0.3719, Valid: 0.4385, Test: 0.5575
Run: 06, Epoch: 14, Loss: 0.0014, lr: 0.001000, Train: 0.2604, Valid: 0.3233, Test: 0.4777
Run: 06, Epoch: 15, Loss: 0.0012, lr: 0.000700, Train: 0.2202, Valid: 0.2762, Test: 0.4478
Run: 06, Epoch: 16, Loss: 0.0011, lr: 0.000700, Train: 0.1978, Valid: 0.2485, Test: 0.4218
Run: 06, Epoch: 17, Loss: 0.0010, lr: 0.000700, Train: 0.1967, Valid: 0.2442, Test: 0.4084
Run: 06, Epoch: 18, Loss: 0.0009, lr: 0.000700, Train: 0.2213, Valid: 0.2669, Test: 0.4110
Run: 06, Epoch: 19, Loss: 0.0008, lr: 0.000700, Train: 0.2710, Valid: 0.3150, Test: 0.4310
Run: 06, Epoch: 20, Loss: 0.0007, lr: 0.000700, Train: 0.3272, Valid: 0.3713, Test: 0.4583
Run: 06, Epoch: 21, Loss: 0.0007, lr: 0.000490, Train: 0.3926, Valid: 0.4319, Test: 0.4968
Run: 06, Epoch: 22, Loss: 0.0006, lr: 0.000490, Train: 0.4394, Valid: 0.4732, Test: 0.5265
Run: 06, Epoch: 23, Loss: 0.0006, lr: 0.000490, Train: 0.4650, Valid: 0.4951, Test: 0.5421
Run: 06, Epoch: 24, Loss: 0.0005, lr: 0.000490, Train: 0.4731, Valid: 0.5015, Test: 0.5451
Run: 06, Epoch: 25, Loss: 0.0005, lr: 0.000490, Train: 0.4707, Valid: 0.4988, Test: 0.5405
Run: 06, Epoch: 26, Loss: 0.0005, lr: 0.000490, Train: 0.4649, Valid: 0.4936, Test: 0.5340
Run: 06, Epoch: 27, Loss: 0.0004, lr: 0.000343, Train: 0.4901, Valid: 0.5164, Test: 0.5553
Run: 06, Epoch: 28, Loss: 0.0004, lr: 0.000343, Train: 0.5156, Valid: 0.5399, Test: 0.5770
Run: 06, Epoch: 29, Loss: 0.0004, lr: 0.000343, Train: 0.5420, Valid: 0.5644, Test: 0.5995
Run: 06, Epoch: 30, Loss: 0.0004, lr: 0.000343, Train: 0.5690, Valid: 0.5896, Test: 0.6229
Run: 06, Epoch: 31, Loss: 0.0003, lr: 0.000343, Train: 0.5961, Valid: 0.6144, Test: 0.6468
Run: 06, Epoch: 32, Loss: 0.0003, lr: 0.000343, Train: 0.6231, Valid: 0.6385, Test: 0.6702
Run: 06, Epoch: 33, Loss: 0.0003, lr: 0.000240, Train: 0.6612, Valid: 0.6713, Test: 0.7028
Run: 06, Epoch: 34, Loss: 0.0003, lr: 0.000240, Train: 0.6958, Valid: 0.7007, Test: 0.7326
Run: 06, Epoch: 35, Loss: 0.0003, lr: 0.000240, Train: 0.7267, Valid: 0.7267, Test: 0.7594
Run: 06, Epoch: 36, Loss: 0.0003, lr: 0.000240, Train: 0.7545, Valid: 0.7500, Test: 0.7837
Run: 06, Epoch: 37, Loss: 0.0003, lr: 0.000240, Train: 0.7798, Valid: 0.7717, Test: 0.8058
Run: 06, Epoch: 38, Loss: 0.0002, lr: 0.000240, Train: 0.8030, Valid: 0.7922, Test: 0.8260
Run: 06, Epoch: 39, Loss: 0.0002, lr: 0.000240, Train: 0.8246, Valid: 0.8115, Test: 0.8444
Run: 06, Epoch: 40, Loss: 0.0002, lr: 0.000240, Train: 0.8450, Valid: 0.8300, Test: 0.8613
Run: 06, Epoch: 41, Loss: 0.0002, lr: 0.000240, Train: 0.8644, Valid: 0.8473, Test: 0.8766
Run: 06, Epoch: 42, Loss: 0.0002, lr: 0.000240, Train: 0.8824, Valid: 0.8633, Test: 0.8906
Run: 06, Epoch: 43, Loss: 0.0002, lr: 0.000240, Train: 0.8987, Valid: 0.8781, Test: 0.9027
Run: 06, Epoch: 44, Loss: 0.0002, lr: 0.000240, Train: 0.9130, Valid: 0.8910, Test: 0.9132
Run: 06, Epoch: 45, Loss: 0.0002, lr: 0.000240, Train: 0.9255, Valid: 0.9023, Test: 0.9219
Run: 06, Epoch: 46, Loss: 0.0002, lr: 0.000240, Train: 0.9361, Valid: 0.9120, Test: 0.9294
Run: 06, Epoch: 47, Loss: 0.0002, lr: 0.000240, Train: 0.9452, Valid: 0.9203, Test: 0.9356
Run: 06, Epoch: 48, Loss: 0.0001, lr: 0.000240, Train: 0.9530, Valid: 0.9273, Test: 0.9410
Run: 06, Epoch: 49, Loss: 0.0001, lr: 0.000240, Train: 0.9597, Valid: 0.9334, Test: 0.9454
Run: 06, Epoch: 50, Loss: 0.0001, lr: 0.000240, Train: 0.9653, Valid: 0.9385, Test: 0.9491
Run: 06, Epoch: 51, Loss: 0.0001, lr: 0.000240, Train: 0.9700, Valid: 0.9429, Test: 0.9522
Run: 06, Epoch: 52, Loss: 0.0001, lr: 0.000240, Train: 0.9741, Valid: 0.9465, Test: 0.9548
Run: 06, Epoch: 53, Loss: 0.0001, lr: 0.000240, Train: 0.9775, Valid: 0.9495, Test: 0.9569
Run: 06, Epoch: 54, Loss: 0.0001, lr: 0.000240, Train: 0.9803, Valid: 0.9520, Test: 0.9586
Run: 06, Epoch: 55, Loss: 0.0001, lr: 0.000240, Train: 0.9827, Valid: 0.9540, Test: 0.9600
Run: 06, Epoch: 56, Loss: 0.0001, lr: 0.000240, Train: 0.9846, Valid: 0.9555, Test: 0.9611
Run: 06, Epoch: 57, Loss: 0.0001, lr: 0.000240, Train: 0.9860, Valid: 0.9564, Test: 0.9618
Run: 06, Epoch: 58, Loss: 0.0001, lr: 0.000240, Train: 0.9870, Valid: 0.9569, Test: 0.9623
Run: 06, Epoch: 59, Loss: 0.0001, lr: 0.000240, Train: 0.9877, Valid: 0.9571, Test: 0.9626
Run: 06, Epoch: 60, Loss: 0.0001, lr: 0.000240, Train: 0.9881, Valid: 0.9571, Test: 0.9627
Run: 06, Epoch: 61, Loss: 0.0001, lr: 0.000240, Train: 0.9884, Valid: 0.9571, Test: 0.9628
Run: 06, Epoch: 62, Loss: 0.0001, lr: 0.000240, Train: 0.9887, Valid: 0.9570, Test: 0.9627
Run: 06, Epoch: 63, Loss: 0.0001, lr: 0.000240, Train: 0.9889, Valid: 0.9571, Test: 0.9627
Run: 06, Epoch: 64, Loss: 0.0001, lr: 0.000240, Train: 0.9893, Valid: 0.9573, Test: 0.9628
Run: 06, Epoch: 65, Loss: 0.0001, lr: 0.000240, Train: 0.9898, Valid: 0.9576, Test: 0.9628
Run: 06, Epoch: 66, Loss: 0.0001, lr: 0.000240, Train: 0.9904, Valid: 0.9581, Test: 0.9629
Run: 06, Epoch: 67, Loss: 0.0001, lr: 0.000240, Train: 0.9910, Valid: 0.9585, Test: 0.9631
Run: 06, Epoch: 68, Loss: 0.0001, lr: 0.000240, Train: 0.9915, Valid: 0.9589, Test: 0.9632
Run: 06, Epoch: 69, Loss: 0.0001, lr: 0.000240, Train: 0.9920, Valid: 0.9591, Test: 0.9632
Run: 06, Epoch: 70, Loss: 0.0001, lr: 0.000240, Train: 0.9923, Valid: 0.9591, Test: 0.9632
Run: 06, Epoch: 71, Loss: 0.0001, lr: 0.000240, Train: 0.9925, Valid: 0.9590, Test: 0.9632
Run: 06, Epoch: 72, Loss: 0.0000, lr: 0.000240, Train: 0.9926, Valid: 0.9588, Test: 0.9631
Run: 06, Epoch: 73, Loss: 0.0000, lr: 0.000240, Train: 0.9927, Valid: 0.9586, Test: 0.9631
Run: 06, Epoch: 74, Loss: 0.0000, lr: 0.000240, Train: 0.9929, Valid: 0.9585, Test: 0.9631
Run: 06, Epoch: 75, Loss: 0.0000, lr: 0.000240, Train: 0.9932, Valid: 0.9585, Test: 0.9631
Run: 06, Epoch: 76, Loss: 0.0000, lr: 0.000168, Train: 0.9938, Valid: 0.9589, Test: 0.9634
Run: 06, Epoch: 77, Loss: 0.0000, lr: 0.000168, Train: 0.9944, Valid: 0.9594, Test: 0.9637
Run: 06, Epoch: 78, Loss: 0.0000, lr: 0.000168, Train: 0.9951, Valid: 0.9598, Test: 0.9639
Run: 06, Epoch: 79, Loss: 0.0000, lr: 0.000168, Train: 0.9957, Valid: 0.9603, Test: 0.9641
Run: 06, Epoch: 80, Loss: 0.0000, lr: 0.000168, Train: 0.9962, Valid: 0.9607, Test: 0.9643
Run: 06, Epoch: 81, Loss: 0.0000, lr: 0.000168, Train: 0.9967, Valid: 0.9610, Test: 0.9645
Run: 06, Epoch: 82, Loss: 0.0000, lr: 0.000168, Train: 0.9970, Valid: 0.9612, Test: 0.9645
Run: 06, Epoch: 83, Loss: 0.0000, lr: 0.000168, Train: 0.9973, Valid: 0.9614, Test: 0.9646
Run: 06, Epoch: 84, Loss: 0.0000, lr: 0.000168, Train: 0.9976, Valid: 0.9616, Test: 0.9646
Run: 06, Epoch: 85, Loss: 0.0000, lr: 0.000168, Train: 0.9978, Valid: 0.9616, Test: 0.9646
Run: 06, Epoch: 86, Loss: 0.0000, lr: 0.000168, Train: 0.9980, Valid: 0.9616, Test: 0.9646
Run: 06, Epoch: 87, Loss: 0.0000, lr: 0.000168, Train: 0.9981, Valid: 0.9616, Test: 0.9646
Run: 06, Epoch: 88, Loss: 0.0000, lr: 0.000168, Train: 0.9982, Valid: 0.9616, Test: 0.9645
Run: 06, Epoch: 89, Loss: 0.0000, lr: 0.000168, Train: 0.9983, Valid: 0.9615, Test: 0.9645
Run: 06, Epoch: 90, Loss: 0.0000, lr: 0.000168, Train: 0.9984, Valid: 0.9615, Test: 0.9645
Run: 06, Epoch: 91, Loss: 0.0000, lr: 0.000118, Train: 0.9985, Valid: 0.9615, Test: 0.9644
Run: 06, Epoch: 92, Loss: 0.0000, lr: 0.000118, Train: 0.9986, Valid: 0.9615, Test: 0.9644
Run: 06, Epoch: 93, Loss: 0.0000, lr: 0.000118, Train: 0.9987, Valid: 0.9615, Test: 0.9644
Run: 06, Epoch: 94, Loss: 0.0000, lr: 0.000118, Train: 0.9988, Valid: 0.9616, Test: 0.9643
Run: 06, Epoch: 95, Loss: 0.0000, lr: 0.000118, Train: 0.9989, Valid: 0.9616, Test: 0.9643
Run: 06, Epoch: 96, Loss: 0.0000, lr: 0.000118, Train: 0.9989, Valid: 0.9615, Test: 0.9642
Run: 06, Epoch: 97, Loss: 0.0000, lr: 0.000082, Train: 0.9990, Valid: 0.9616, Test: 0.9642
Run: 06, Epoch: 98, Loss: 0.0000, lr: 0.000082, Train: 0.9990, Valid: 0.9616, Test: 0.9641
Run: 06, Epoch: 99, Loss: 0.0000, lr: 0.000082, Train: 0.9991, Valid: 0.9616, Test: 0.9641
Run: 06, Epoch: 100, Loss: 0.0000, lr: 0.000082, Train: 0.9991, Valid: 0.9617, Test: 0.9640
Run 06:
Highest Train: 1.00
Highest Valid: 0.96
  Final Train: 1.00
   Final Test: 0.96
Run: 07, Epoch: 01, Loss: 0.0630, lr: 0.001000, Train: 0.2519, Valid: 0.3499, Test: 0.1692
Run: 07, Epoch: 02, Loss: 0.0145, lr: 0.001000, Train: 0.4973, Valid: 0.5463, Test: 0.4210
Run: 07, Epoch: 03, Loss: 0.0100, lr: 0.001000, Train: 0.6256, Valid: 0.6432, Test: 0.5729
Run: 07, Epoch: 04, Loss: 0.0088, lr: 0.001000, Train: 0.6963, Valid: 0.6910, Test: 0.6713
Run: 07, Epoch: 05, Loss: 0.0075, lr: 0.001000, Train: 0.7338, Valid: 0.7090, Test: 0.7365
Run: 07, Epoch: 06, Loss: 0.0071, lr: 0.001000, Train: 0.7512, Valid: 0.7163, Test: 0.7764
Run: 07, Epoch: 07, Loss: 0.0072, lr: 0.001000, Train: 0.7607, Valid: 0.7296, Test: 0.8007
Run: 07, Epoch: 08, Loss: 0.0067, lr: 0.001000, Train: 0.7680, Valid: 0.7539, Test: 0.8151
Run: 07, Epoch: 09, Loss: 0.0054, lr: 0.001000, Train: 0.7808, Valid: 0.7781, Test: 0.8286
Run: 07, Epoch: 10, Loss: 0.0042, lr: 0.001000, Train: 0.7645, Valid: 0.7934, Test: 0.8249
Run: 07, Epoch: 11, Loss: 0.0033, lr: 0.001000, Train: 0.7537, Valid: 0.8025, Test: 0.8203
Run: 07, Epoch: 12, Loss: 0.0028, lr: 0.001000, Train: 0.7479, Valid: 0.8074, Test: 0.8158
Run: 07, Epoch: 13, Loss: 0.0025, lr: 0.001000, Train: 0.7477, Valid: 0.8103, Test: 0.8125
Run: 07, Epoch: 14, Loss: 0.0023, lr: 0.001000, Train: 0.7583, Valid: 0.8154, Test: 0.8149
Run: 07, Epoch: 15, Loss: 0.0021, lr: 0.001000, Train: 0.7747, Valid: 0.8196, Test: 0.8202
Run: 07, Epoch: 16, Loss: 0.0019, lr: 0.001000, Train: 0.7855, Valid: 0.8161, Test: 0.8239
Run: 07, Epoch: 17, Loss: 0.0017, lr: 0.001000, Train: 0.7860, Valid: 0.8071, Test: 0.8229
Run: 07, Epoch: 18, Loss: 0.0015, lr: 0.001000, Train: 0.7744, Valid: 0.7940, Test: 0.8152
Run: 07, Epoch: 19, Loss: 0.0013, lr: 0.001000, Train: 0.7541, Valid: 0.7761, Test: 0.8028
Run: 07, Epoch: 20, Loss: 0.0012, lr: 0.001000, Train: 0.7306, Valid: 0.7579, Test: 0.7882
Run: 07, Epoch: 21, Loss: 0.0011, lr: 0.001000, Train: 0.7010, Valid: 0.7411, Test: 0.7708
Run: 07, Epoch: 22, Loss: 0.0010, lr: 0.000700, Train: 0.6935, Valid: 0.7388, Test: 0.7691
Run: 07, Epoch: 23, Loss: 0.0009, lr: 0.000700, Train: 0.6882, Valid: 0.7400, Test: 0.7691
Run: 07, Epoch: 24, Loss: 0.0008, lr: 0.000700, Train: 0.6873, Valid: 0.7452, Test: 0.7723
Run: 07, Epoch: 25, Loss: 0.0007, lr: 0.000700, Train: 0.6920, Valid: 0.7544, Test: 0.7794
Run: 07, Epoch: 26, Loss: 0.0007, lr: 0.000700, Train: 0.7023, Valid: 0.7670, Test: 0.7901
Run: 07, Epoch: 27, Loss: 0.0006, lr: 0.000700, Train: 0.7187, Valid: 0.7830, Test: 0.8043
Run: 07, Epoch: 28, Loss: 0.0006, lr: 0.000490, Train: 0.7496, Valid: 0.8029, Test: 0.8263
Run: 07, Epoch: 29, Loss: 0.0006, lr: 0.000490, Train: 0.7807, Valid: 0.8217, Test: 0.8475
Run: 07, Epoch: 30, Loss: 0.0006, lr: 0.000490, Train: 0.8109, Valid: 0.8383, Test: 0.8675
Run: 07, Epoch: 31, Loss: 0.0005, lr: 0.000490, Train: 0.8392, Valid: 0.8519, Test: 0.8854
Run: 07, Epoch: 32, Loss: 0.0005, lr: 0.000490, Train: 0.8650, Valid: 0.8624, Test: 0.9008
Run: 07, Epoch: 33, Loss: 0.0005, lr: 0.000490, Train: 0.8874, Valid: 0.8703, Test: 0.9137
Run: 07, Epoch: 34, Loss: 0.0004, lr: 0.000490, Train: 0.9062, Valid: 0.8759, Test: 0.9240
Run: 07, Epoch: 35, Loss: 0.0004, lr: 0.000490, Train: 0.9212, Valid: 0.8797, Test: 0.9318
Run: 07, Epoch: 36, Loss: 0.0004, lr: 0.000490, Train: 0.9330, Valid: 0.8819, Test: 0.9377
Run: 07, Epoch: 37, Loss: 0.0004, lr: 0.000490, Train: 0.9420, Valid: 0.8824, Test: 0.9419
Run: 07, Epoch: 38, Loss: 0.0003, lr: 0.000490, Train: 0.9487, Valid: 0.8818, Test: 0.9448
Run: 07, Epoch: 39, Loss: 0.0003, lr: 0.000490, Train: 0.9537, Valid: 0.8808, Test: 0.9468
Run: 07, Epoch: 40, Loss: 0.0003, lr: 0.000490, Train: 0.9573, Valid: 0.8802, Test: 0.9480
Run: 07, Epoch: 41, Loss: 0.0003, lr: 0.000490, Train: 0.9601, Valid: 0.8803, Test: 0.9489
Run: 07, Epoch: 42, Loss: 0.0003, lr: 0.000490, Train: 0.9624, Valid: 0.8809, Test: 0.9496
Run: 07, Epoch: 43, Loss: 0.0003, lr: 0.000490, Train: 0.9646, Valid: 0.8821, Test: 0.9503
Run: 07, Epoch: 44, Loss: 0.0002, lr: 0.000343, Train: 0.9677, Valid: 0.8832, Test: 0.9516
Run: 07, Epoch: 45, Loss: 0.0002, lr: 0.000343, Train: 0.9704, Valid: 0.8843, Test: 0.9527
Run: 07, Epoch: 46, Loss: 0.0002, lr: 0.000343, Train: 0.9729, Valid: 0.8854, Test: 0.9537
Run: 07, Epoch: 47, Loss: 0.0002, lr: 0.000343, Train: 0.9752, Valid: 0.8864, Test: 0.9546
Run: 07, Epoch: 48, Loss: 0.0002, lr: 0.000343, Train: 0.9772, Valid: 0.8871, Test: 0.9555
Run: 07, Epoch: 49, Loss: 0.0002, lr: 0.000343, Train: 0.9792, Valid: 0.8877, Test: 0.9562
Run: 07, Epoch: 50, Loss: 0.0002, lr: 0.000343, Train: 0.9810, Valid: 0.8881, Test: 0.9569
Run: 07, Epoch: 51, Loss: 0.0002, lr: 0.000343, Train: 0.9827, Valid: 0.8882, Test: 0.9575
Run: 07, Epoch: 52, Loss: 0.0002, lr: 0.000343, Train: 0.9843, Valid: 0.8882, Test: 0.9581
Run: 07, Epoch: 53, Loss: 0.0002, lr: 0.000343, Train: 0.9857, Valid: 0.8881, Test: 0.9585
Run: 07, Epoch: 54, Loss: 0.0002, lr: 0.000343, Train: 0.9868, Valid: 0.8879, Test: 0.9588
Run: 07, Epoch: 55, Loss: 0.0002, lr: 0.000343, Train: 0.9878, Valid: 0.8875, Test: 0.9591
Run: 07, Epoch: 56, Loss: 0.0002, lr: 0.000343, Train: 0.9886, Valid: 0.8872, Test: 0.9592
Run: 07, Epoch: 57, Loss: 0.0002, lr: 0.000343, Train: 0.9893, Valid: 0.8869, Test: 0.9593
Run: 07, Epoch: 58, Loss: 0.0001, lr: 0.000240, Train: 0.9900, Valid: 0.8864, Test: 0.9595
Run: 07, Epoch: 59, Loss: 0.0001, lr: 0.000240, Train: 0.9907, Valid: 0.8860, Test: 0.9595
Run: 07, Epoch: 60, Loss: 0.0001, lr: 0.000240, Train: 0.9912, Valid: 0.8857, Test: 0.9595
Run: 07, Epoch: 61, Loss: 0.0001, lr: 0.000240, Train: 0.9917, Valid: 0.8855, Test: 0.9595
Run: 07, Epoch: 62, Loss: 0.0001, lr: 0.000240, Train: 0.9920, Valid: 0.8852, Test: 0.9594
Run: 07, Epoch: 63, Loss: 0.0001, lr: 0.000240, Train: 0.9924, Valid: 0.8851, Test: 0.9593
Run: 07, Epoch: 64, Loss: 0.0001, lr: 0.000168, Train: 0.9928, Valid: 0.8847, Test: 0.9592
Run: 07, Epoch: 65, Loss: 0.0001, lr: 0.000168, Train: 0.9932, Valid: 0.8842, Test: 0.9591
Run: 07, Epoch: 66, Loss: 0.0001, lr: 0.000168, Train: 0.9935, Valid: 0.8838, Test: 0.9590
Run: 07, Epoch: 67, Loss: 0.0001, lr: 0.000168, Train: 0.9938, Valid: 0.8834, Test: 0.9588
Run: 07, Epoch: 68, Loss: 0.0001, lr: 0.000168, Train: 0.9941, Valid: 0.8830, Test: 0.9587
Run: 07, Epoch: 69, Loss: 0.0001, lr: 0.000168, Train: 0.9943, Valid: 0.8827, Test: 0.9586
Run: 07, Epoch: 70, Loss: 0.0001, lr: 0.000118, Train: 0.9946, Valid: 0.8823, Test: 0.9585
Run: 07, Epoch: 71, Loss: 0.0001, lr: 0.000118, Train: 0.9949, Valid: 0.8819, Test: 0.9584
Run: 07, Epoch: 72, Loss: 0.0001, lr: 0.000118, Train: 0.9951, Valid: 0.8816, Test: 0.9582
Run: 07, Epoch: 73, Loss: 0.0001, lr: 0.000118, Train: 0.9953, Valid: 0.8813, Test: 0.9581
Run: 07, Epoch: 74, Loss: 0.0001, lr: 0.000118, Train: 0.9955, Valid: 0.8811, Test: 0.9580
Run: 07, Epoch: 75, Loss: 0.0001, lr: 0.000118, Train: 0.9957, Valid: 0.8809, Test: 0.9579
Run: 07, Epoch: 76, Loss: 0.0001, lr: 0.000082, Train: 0.9959, Valid: 0.8806, Test: 0.9578
Run: 07, Epoch: 77, Loss: 0.0001, lr: 0.000082, Train: 0.9960, Valid: 0.8803, Test: 0.9577
Run: 07, Epoch: 78, Loss: 0.0001, lr: 0.000082, Train: 0.9961, Valid: 0.8801, Test: 0.9576
Run: 07, Epoch: 79, Loss: 0.0001, lr: 0.000082, Train: 0.9963, Valid: 0.8799, Test: 0.9575
Run: 07, Epoch: 80, Loss: 0.0001, lr: 0.000082, Train: 0.9964, Valid: 0.8797, Test: 0.9575
Run: 07, Epoch: 81, Loss: 0.0001, lr: 0.000082, Train: 0.9964, Valid: 0.8795, Test: 0.9574
Run: 07, Epoch: 82, Loss: 0.0001, lr: 0.000058, Train: 0.9965, Valid: 0.8793, Test: 0.9573
Run: 07, Epoch: 83, Loss: 0.0001, lr: 0.000058, Train: 0.9966, Valid: 0.8791, Test: 0.9572
Run: 07, Epoch: 84, Loss: 0.0001, lr: 0.000058, Train: 0.9967, Valid: 0.8790, Test: 0.9571
Run: 07, Epoch: 85, Loss: 0.0001, lr: 0.000058, Train: 0.9967, Valid: 0.8788, Test: 0.9570
Run: 07, Epoch: 86, Loss: 0.0001, lr: 0.000058, Train: 0.9968, Valid: 0.8787, Test: 0.9570
Run: 07, Epoch: 87, Loss: 0.0001, lr: 0.000058, Train: 0.9968, Valid: 0.8785, Test: 0.9569
Run: 07, Epoch: 88, Loss: 0.0001, lr: 0.000040, Train: 0.9969, Valid: 0.8784, Test: 0.9568
Run: 07, Epoch: 89, Loss: 0.0001, lr: 0.000040, Train: 0.9969, Valid: 0.8782, Test: 0.9567
Run: 07, Epoch: 90, Loss: 0.0001, lr: 0.000040, Train: 0.9970, Valid: 0.8781, Test: 0.9567
Run: 07, Epoch: 91, Loss: 0.0001, lr: 0.000040, Train: 0.9970, Valid: 0.8780, Test: 0.9566
Run: 07, Epoch: 92, Loss: 0.0001, lr: 0.000040, Train: 0.9970, Valid: 0.8779, Test: 0.9566
Run: 07, Epoch: 93, Loss: 0.0001, lr: 0.000040, Train: 0.9971, Valid: 0.8778, Test: 0.9565
Run: 07, Epoch: 94, Loss: 0.0001, lr: 0.000028, Train: 0.9971, Valid: 0.8776, Test: 0.9565
Run: 07, Epoch: 95, Loss: 0.0001, lr: 0.000028, Train: 0.9971, Valid: 0.8775, Test: 0.9564
Run: 07, Epoch: 96, Loss: 0.0001, lr: 0.000028, Train: 0.9971, Valid: 0.8774, Test: 0.9563
Run: 07, Epoch: 97, Loss: 0.0001, lr: 0.000028, Train: 0.9972, Valid: 0.8773, Test: 0.9563
Run: 07, Epoch: 98, Loss: 0.0001, lr: 0.000028, Train: 0.9972, Valid: 0.8772, Test: 0.9563
Run: 07, Epoch: 99, Loss: 0.0001, lr: 0.000028, Train: 0.9972, Valid: 0.8772, Test: 0.9562
Run: 07, Epoch: 100, Loss: 0.0001, lr: 0.000020, Train: 0.9972, Valid: 0.8771, Test: 0.9562
Run 07:
Highest Train: 1.00
Highest Valid: 0.89
  Final Train: 0.98
   Final Test: 0.96
Run: 08, Epoch: 01, Loss: 0.0243, lr: 0.001000, Train: 0.5209, Valid: 0.5837, Test: 0.4252
Run: 08, Epoch: 02, Loss: 0.0092, lr: 0.001000, Train: 0.6263, Valid: 0.6196, Test: 0.5333
Run: 08, Epoch: 03, Loss: 0.0078, lr: 0.001000, Train: 0.6264, Valid: 0.5732, Test: 0.5335
Run: 08, Epoch: 04, Loss: 0.0081, lr: 0.001000, Train: 0.6026, Valid: 0.5191, Test: 0.5033
Run: 08, Epoch: 05, Loss: 0.0071, lr: 0.001000, Train: 0.5871, Valid: 0.4998, Test: 0.4828
Run: 08, Epoch: 06, Loss: 0.0056, lr: 0.001000, Train: 0.6010, Valid: 0.5305, Test: 0.5010
Run: 08, Epoch: 07, Loss: 0.0040, lr: 0.001000, Train: 0.6461, Valid: 0.6013, Test: 0.5632
Run: 08, Epoch: 08, Loss: 0.0029, lr: 0.001000, Train: 0.6963, Valid: 0.6772, Test: 0.6351
Run: 08, Epoch: 09, Loss: 0.0026, lr: 0.001000, Train: 0.7284, Valid: 0.7243, Test: 0.6783
Run: 08, Epoch: 10, Loss: 0.0025, lr: 0.001000, Train: 0.7457, Valid: 0.7428, Test: 0.6932
Run: 08, Epoch: 11, Loss: 0.0022, lr: 0.001000, Train: 0.7537, Valid: 0.7434, Test: 0.6933
Run: 08, Epoch: 12, Loss: 0.0018, lr: 0.001000, Train: 0.7591, Valid: 0.7432, Test: 0.6890
Run: 08, Epoch: 13, Loss: 0.0015, lr: 0.001000, Train: 0.7697, Valid: 0.7568, Test: 0.6910
Run: 08, Epoch: 14, Loss: 0.0014, lr: 0.001000, Train: 0.7841, Valid: 0.7814, Test: 0.7008
Run: 08, Epoch: 15, Loss: 0.0012, lr: 0.001000, Train: 0.7984, Valid: 0.8050, Test: 0.7147
Run: 08, Epoch: 16, Loss: 0.0011, lr: 0.001000, Train: 0.8093, Valid: 0.8223, Test: 0.7268
Run: 08, Epoch: 17, Loss: 0.0010, lr: 0.001000, Train: 0.8157, Valid: 0.8324, Test: 0.7353
Run: 08, Epoch: 18, Loss: 0.0009, lr: 0.001000, Train: 0.8169, Valid: 0.8331, Test: 0.7363
Run: 08, Epoch: 19, Loss: 0.0009, lr: 0.001000, Train: 0.8144, Valid: 0.8260, Test: 0.7312
Run: 08, Epoch: 20, Loss: 0.0009, lr: 0.001000, Train: 0.8110, Valid: 0.8147, Test: 0.7235
Run: 08, Epoch: 21, Loss: 0.0009, lr: 0.001000, Train: 0.8097, Valid: 0.8049, Test: 0.7179
Run: 08, Epoch: 22, Loss: 0.0008, lr: 0.001000, Train: 0.8117, Valid: 0.7991, Test: 0.7174
Run: 08, Epoch: 23, Loss: 0.0007, lr: 0.001000, Train: 0.8167, Valid: 0.7972, Test: 0.7227
Run: 08, Epoch: 24, Loss: 0.0006, lr: 0.001000, Train: 0.8213, Valid: 0.7963, Test: 0.7290
Run: 08, Epoch: 25, Loss: 0.0006, lr: 0.000700, Train: 0.8328, Valid: 0.8058, Test: 0.7437
Run: 08, Epoch: 26, Loss: 0.0005, lr: 0.000700, Train: 0.8431, Valid: 0.8155, Test: 0.7562
Run: 08, Epoch: 27, Loss: 0.0005, lr: 0.000700, Train: 0.8527, Valid: 0.8253, Test: 0.7678
Run: 08, Epoch: 28, Loss: 0.0005, lr: 0.000700, Train: 0.8624, Valid: 0.8368, Test: 0.7796
Run: 08, Epoch: 29, Loss: 0.0004, lr: 0.000700, Train: 0.8727, Valid: 0.8503, Test: 0.7923
Run: 08, Epoch: 30, Loss: 0.0004, lr: 0.000700, Train: 0.8838, Valid: 0.8649, Test: 0.8058
Run: 08, Epoch: 31, Loss: 0.0004, lr: 0.000700, Train: 0.8947, Valid: 0.8795, Test: 0.8195
Run: 08, Epoch: 32, Loss: 0.0004, lr: 0.000700, Train: 0.9043, Valid: 0.8923, Test: 0.8320
Run: 08, Epoch: 33, Loss: 0.0003, lr: 0.000700, Train: 0.9118, Valid: 0.9020, Test: 0.8422
Run: 08, Epoch: 34, Loss: 0.0003, lr: 0.000700, Train: 0.9165, Valid: 0.9085, Test: 0.8490
Run: 08, Epoch: 35, Loss: 0.0003, lr: 0.000700, Train: 0.9182, Valid: 0.9109, Test: 0.8515
Run: 08, Epoch: 36, Loss: 0.0003, lr: 0.000700, Train: 0.9171, Valid: 0.9094, Test: 0.8504
Run: 08, Epoch: 37, Loss: 0.0003, lr: 0.000700, Train: 0.9136, Valid: 0.9043, Test: 0.8458
Run: 08, Epoch: 38, Loss: 0.0002, lr: 0.000700, Train: 0.9088, Valid: 0.8966, Test: 0.8392
Run: 08, Epoch: 39, Loss: 0.0002, lr: 0.000700, Train: 0.9033, Valid: 0.8870, Test: 0.8319
Run: 08, Epoch: 40, Loss: 0.0002, lr: 0.000700, Train: 0.8984, Valid: 0.8773, Test: 0.8254
Run: 08, Epoch: 41, Loss: 0.0002, lr: 0.000700, Train: 0.8953, Valid: 0.8691, Test: 0.8211
Run: 08, Epoch: 42, Loss: 0.0002, lr: 0.000490, Train: 0.9009, Valid: 0.8714, Test: 0.8277
Run: 08, Epoch: 43, Loss: 0.0002, lr: 0.000490, Train: 0.9079, Valid: 0.8758, Test: 0.8360
Run: 08, Epoch: 44, Loss: 0.0002, lr: 0.000490, Train: 0.9159, Valid: 0.8822, Test: 0.8456
Run: 08, Epoch: 45, Loss: 0.0002, lr: 0.000490, Train: 0.9245, Valid: 0.8902, Test: 0.8561
Run: 08, Epoch: 46, Loss: 0.0002, lr: 0.000490, Train: 0.9334, Valid: 0.8990, Test: 0.8671
Run: 08, Epoch: 47, Loss: 0.0002, lr: 0.000490, Train: 0.9420, Valid: 0.9081, Test: 0.8779
Run: 08, Epoch: 48, Loss: 0.0001, lr: 0.000343, Train: 0.9506, Valid: 0.9173, Test: 0.8890
Run: 08, Epoch: 49, Loss: 0.0001, lr: 0.000343, Train: 0.9581, Valid: 0.9254, Test: 0.8988
Run: 08, Epoch: 50, Loss: 0.0001, lr: 0.000343, Train: 0.9646, Valid: 0.9325, Test: 0.9075
Run: 08, Epoch: 51, Loss: 0.0001, lr: 0.000343, Train: 0.9701, Valid: 0.9385, Test: 0.9150
Run: 08, Epoch: 52, Loss: 0.0001, lr: 0.000343, Train: 0.9748, Valid: 0.9435, Test: 0.9214
Run: 08, Epoch: 53, Loss: 0.0001, lr: 0.000343, Train: 0.9787, Valid: 0.9477, Test: 0.9268
Run: 08, Epoch: 54, Loss: 0.0001, lr: 0.000343, Train: 0.9819, Valid: 0.9511, Test: 0.9313
Run: 08, Epoch: 55, Loss: 0.0001, lr: 0.000343, Train: 0.9845, Valid: 0.9538, Test: 0.9349
Run: 08, Epoch: 56, Loss: 0.0001, lr: 0.000343, Train: 0.9866, Valid: 0.9559, Test: 0.9378
Run: 08, Epoch: 57, Loss: 0.0001, lr: 0.000343, Train: 0.9882, Valid: 0.9574, Test: 0.9400
Run: 08, Epoch: 58, Loss: 0.0001, lr: 0.000343, Train: 0.9894, Valid: 0.9585, Test: 0.9416
Run: 08, Epoch: 59, Loss: 0.0001, lr: 0.000343, Train: 0.9903, Valid: 0.9591, Test: 0.9427
Run: 08, Epoch: 60, Loss: 0.0001, lr: 0.000343, Train: 0.9909, Valid: 0.9593, Test: 0.9434
Run: 08, Epoch: 61, Loss: 0.0001, lr: 0.000343, Train: 0.9912, Valid: 0.9590, Test: 0.9436
Run: 08, Epoch: 62, Loss: 0.0001, lr: 0.000343, Train: 0.9913, Valid: 0.9584, Test: 0.9434
Run: 08, Epoch: 63, Loss: 0.0001, lr: 0.000343, Train: 0.9912, Valid: 0.9573, Test: 0.9429
Run: 08, Epoch: 64, Loss: 0.0001, lr: 0.000343, Train: 0.9908, Valid: 0.9559, Test: 0.9421
Run: 08, Epoch: 65, Loss: 0.0001, lr: 0.000343, Train: 0.9904, Valid: 0.9544, Test: 0.9411
Run: 08, Epoch: 66, Loss: 0.0001, lr: 0.000343, Train: 0.9898, Valid: 0.9527, Test: 0.9399
Run: 08, Epoch: 67, Loss: 0.0001, lr: 0.000240, Train: 0.9899, Valid: 0.9523, Test: 0.9398
Run: 08, Epoch: 68, Loss: 0.0001, lr: 0.000240, Train: 0.9899, Valid: 0.9519, Test: 0.9397
Run: 08, Epoch: 69, Loss: 0.0001, lr: 0.000240, Train: 0.9900, Valid: 0.9516, Test: 0.9397
Run: 08, Epoch: 70, Loss: 0.0001, lr: 0.000240, Train: 0.9901, Valid: 0.9515, Test: 0.9398
Run: 08, Epoch: 71, Loss: 0.0001, lr: 0.000240, Train: 0.9902, Valid: 0.9514, Test: 0.9400
Run: 08, Epoch: 72, Loss: 0.0001, lr: 0.000240, Train: 0.9905, Valid: 0.9515, Test: 0.9403
Run: 08, Epoch: 73, Loss: 0.0001, lr: 0.000168, Train: 0.9911, Valid: 0.9524, Test: 0.9413
Run: 08, Epoch: 74, Loss: 0.0001, lr: 0.000168, Train: 0.9918, Valid: 0.9533, Test: 0.9423
Run: 08, Epoch: 75, Loss: 0.0001, lr: 0.000168, Train: 0.9924, Valid: 0.9542, Test: 0.9433
Run: 08, Epoch: 76, Loss: 0.0001, lr: 0.000168, Train: 0.9930, Valid: 0.9551, Test: 0.9442
Run: 08, Epoch: 77, Loss: 0.0001, lr: 0.000168, Train: 0.9935, Valid: 0.9559, Test: 0.9451
Run: 08, Epoch: 78, Loss: 0.0001, lr: 0.000168, Train: 0.9940, Valid: 0.9567, Test: 0.9459
Run: 08, Epoch: 79, Loss: 0.0001, lr: 0.000118, Train: 0.9946, Valid: 0.9576, Test: 0.9468
Run: 08, Epoch: 80, Loss: 0.0001, lr: 0.000118, Train: 0.9951, Valid: 0.9585, Test: 0.9476
Run: 08, Epoch: 81, Loss: 0.0001, lr: 0.000118, Train: 0.9955, Valid: 0.9592, Test: 0.9483
Run: 08, Epoch: 82, Loss: 0.0001, lr: 0.000118, Train: 0.9958, Valid: 0.9599, Test: 0.9489
Run: 08, Epoch: 83, Loss: 0.0001, lr: 0.000118, Train: 0.9962, Valid: 0.9604, Test: 0.9494
Run: 08, Epoch: 84, Loss: 0.0001, lr: 0.000118, Train: 0.9964, Valid: 0.9609, Test: 0.9498
Run: 08, Epoch: 85, Loss: 0.0001, lr: 0.000118, Train: 0.9966, Valid: 0.9613, Test: 0.9502
Run: 08, Epoch: 86, Loss: 0.0001, lr: 0.000118, Train: 0.9968, Valid: 0.9616, Test: 0.9505
Run: 08, Epoch: 87, Loss: 0.0001, lr: 0.000118, Train: 0.9970, Valid: 0.9618, Test: 0.9507
Run: 08, Epoch: 88, Loss: 0.0001, lr: 0.000118, Train: 0.9971, Valid: 0.9621, Test: 0.9509
Run: 08, Epoch: 89, Loss: 0.0001, lr: 0.000118, Train: 0.9973, Valid: 0.9622, Test: 0.9511
Run: 08, Epoch: 90, Loss: 0.0001, lr: 0.000118, Train: 0.9974, Valid: 0.9624, Test: 0.9513
Run: 08, Epoch: 91, Loss: 0.0001, lr: 0.000118, Train: 0.9975, Valid: 0.9625, Test: 0.9515
Run: 08, Epoch: 92, Loss: 0.0001, lr: 0.000118, Train: 0.9976, Valid: 0.9626, Test: 0.9516
Run: 08, Epoch: 93, Loss: 0.0001, lr: 0.000118, Train: 0.9976, Valid: 0.9627, Test: 0.9518
Run: 08, Epoch: 94, Loss: 0.0001, lr: 0.000118, Train: 0.9977, Valid: 0.9628, Test: 0.9519
Run: 08, Epoch: 95, Loss: 0.0001, lr: 0.000118, Train: 0.9978, Valid: 0.9628, Test: 0.9520
Run: 08, Epoch: 96, Loss: 0.0001, lr: 0.000118, Train: 0.9978, Valid: 0.9629, Test: 0.9522
Run: 08, Epoch: 97, Loss: 0.0001, lr: 0.000118, Train: 0.9979, Valid: 0.9630, Test: 0.9523
Run: 08, Epoch: 98, Loss: 0.0000, lr: 0.000118, Train: 0.9980, Valid: 0.9630, Test: 0.9524
Run: 08, Epoch: 99, Loss: 0.0000, lr: 0.000118, Train: 0.9980, Valid: 0.9631, Test: 0.9525
Run: 08, Epoch: 100, Loss: 0.0000, lr: 0.000118, Train: 0.9981, Valid: 0.9631, Test: 0.9526
Run 08:
Highest Train: 1.00
Highest Valid: 0.96
  Final Train: 1.00
   Final Test: 0.95
Run: 09, Epoch: 01, Loss: 0.0769, lr: 0.001000, Train: 0.2480, Valid: 0.2121, Test: 0.1255
Run: 09, Epoch: 02, Loss: 0.0112, lr: 0.001000, Train: 0.5105, Valid: 0.6451, Test: 0.3821
Run: 09, Epoch: 03, Loss: 0.0090, lr: 0.001000, Train: 0.6350, Valid: 0.8146, Test: 0.4788
Run: 09, Epoch: 04, Loss: 0.0090, lr: 0.001000, Train: 0.6905, Valid: 0.8730, Test: 0.4999
Run: 09, Epoch: 05, Loss: 0.0083, lr: 0.001000, Train: 0.7000, Valid: 0.8766, Test: 0.4819
Run: 09, Epoch: 06, Loss: 0.0076, lr: 0.001000, Train: 0.6984, Valid: 0.8683, Test: 0.4744
Run: 09, Epoch: 07, Loss: 0.0064, lr: 0.001000, Train: 0.7091, Valid: 0.8668, Test: 0.5033
Run: 09, Epoch: 08, Loss: 0.0051, lr: 0.001000, Train: 0.7343, Valid: 0.8770, Test: 0.5616
Run: 09, Epoch: 09, Loss: 0.0042, lr: 0.001000, Train: 0.7704, Valid: 0.8923, Test: 0.6317
Run: 09, Epoch: 10, Loss: 0.0037, lr: 0.001000, Train: 0.8066, Valid: 0.9045, Test: 0.6933
Run: 09, Epoch: 11, Loss: 0.0034, lr: 0.001000, Train: 0.8373, Valid: 0.9085, Test: 0.7315
Run: 09, Epoch: 12, Loss: 0.0032, lr: 0.001000, Train: 0.8601, Valid: 0.9026, Test: 0.7445
Run: 09, Epoch: 13, Loss: 0.0029, lr: 0.001000, Train: 0.8770, Valid: 0.8890, Test: 0.7393
Run: 09, Epoch: 14, Loss: 0.0027, lr: 0.001000, Train: 0.8891, Valid: 0.8709, Test: 0.7231
Run: 09, Epoch: 15, Loss: 0.0025, lr: 0.001000, Train: 0.8969, Valid: 0.8516, Test: 0.6981
Run: 09, Epoch: 16, Loss: 0.0024, lr: 0.001000, Train: 0.8995, Valid: 0.8343, Test: 0.6646
Run: 09, Epoch: 17, Loss: 0.0022, lr: 0.001000, Train: 0.8986, Valid: 0.8215, Test: 0.6268
Run: 09, Epoch: 18, Loss: 0.0021, lr: 0.000700, Train: 0.9005, Valid: 0.8189, Test: 0.6110
Run: 09, Epoch: 19, Loss: 0.0019, lr: 0.000700, Train: 0.9037, Valid: 0.8206, Test: 0.6040
Run: 09, Epoch: 20, Loss: 0.0017, lr: 0.000700, Train: 0.9087, Valid: 0.8263, Test: 0.6067
Run: 09, Epoch: 21, Loss: 0.0015, lr: 0.000700, Train: 0.9150, Valid: 0.8353, Test: 0.6177
Run: 09, Epoch: 22, Loss: 0.0013, lr: 0.000700, Train: 0.9219, Valid: 0.8468, Test: 0.6346
Run: 09, Epoch: 23, Loss: 0.0012, lr: 0.000700, Train: 0.9291, Valid: 0.8600, Test: 0.6556
Run: 09, Epoch: 24, Loss: 0.0010, lr: 0.000490, Train: 0.9363, Valid: 0.8718, Test: 0.6772
Run: 09, Epoch: 25, Loss: 0.0009, lr: 0.000490, Train: 0.9428, Valid: 0.8830, Test: 0.6970
Run: 09, Epoch: 26, Loss: 0.0009, lr: 0.000490, Train: 0.9486, Valid: 0.8931, Test: 0.7148
Run: 09, Epoch: 27, Loss: 0.0008, lr: 0.000490, Train: 0.9541, Valid: 0.9025, Test: 0.7312
Run: 09, Epoch: 28, Loss: 0.0008, lr: 0.000490, Train: 0.9591, Valid: 0.9109, Test: 0.7468
Run: 09, Epoch: 29, Loss: 0.0007, lr: 0.000490, Train: 0.9639, Valid: 0.9185, Test: 0.7620
Run: 09, Epoch: 30, Loss: 0.0007, lr: 0.000490, Train: 0.9683, Valid: 0.9249, Test: 0.7761
Run: 09, Epoch: 31, Loss: 0.0006, lr: 0.000490, Train: 0.9725, Valid: 0.9301, Test: 0.7892
Run: 09, Epoch: 32, Loss: 0.0006, lr: 0.000490, Train: 0.9761, Valid: 0.9341, Test: 0.8003
Run: 09, Epoch: 33, Loss: 0.0005, lr: 0.000490, Train: 0.9791, Valid: 0.9369, Test: 0.8090
Run: 09, Epoch: 34, Loss: 0.0005, lr: 0.000490, Train: 0.9813, Valid: 0.9387, Test: 0.8148
Run: 09, Epoch: 35, Loss: 0.0005, lr: 0.000490, Train: 0.9829, Valid: 0.9398, Test: 0.8176
Run: 09, Epoch: 36, Loss: 0.0004, lr: 0.000490, Train: 0.9839, Valid: 0.9403, Test: 0.8177
Run: 09, Epoch: 37, Loss: 0.0004, lr: 0.000490, Train: 0.9843, Valid: 0.9403, Test: 0.8157
Run: 09, Epoch: 38, Loss: 0.0004, lr: 0.000490, Train: 0.9842, Valid: 0.9400, Test: 0.8121
Run: 09, Epoch: 39, Loss: 0.0004, lr: 0.000490, Train: 0.9837, Valid: 0.9395, Test: 0.8070
Run: 09, Epoch: 40, Loss: 0.0003, lr: 0.000490, Train: 0.9830, Valid: 0.9389, Test: 0.8015
Run: 09, Epoch: 41, Loss: 0.0003, lr: 0.000490, Train: 0.9822, Valid: 0.9384, Test: 0.7968
Run: 09, Epoch: 42, Loss: 0.0003, lr: 0.000490, Train: 0.9817, Valid: 0.9379, Test: 0.7940
Run: 09, Epoch: 43, Loss: 0.0003, lr: 0.000343, Train: 0.9824, Valid: 0.9384, Test: 0.7968
Run: 09, Epoch: 44, Loss: 0.0003, lr: 0.000343, Train: 0.9833, Valid: 0.9391, Test: 0.8009
Run: 09, Epoch: 45, Loss: 0.0003, lr: 0.000343, Train: 0.9844, Valid: 0.9398, Test: 0.8059
Run: 09, Epoch: 46, Loss: 0.0003, lr: 0.000343, Train: 0.9855, Valid: 0.9405, Test: 0.8114
Run: 09, Epoch: 47, Loss: 0.0003, lr: 0.000343, Train: 0.9865, Valid: 0.9412, Test: 0.8168
Run: 09, Epoch: 48, Loss: 0.0002, lr: 0.000343, Train: 0.9875, Valid: 0.9420, Test: 0.8221
Run: 09, Epoch: 49, Loss: 0.0002, lr: 0.000343, Train: 0.9884, Valid: 0.9427, Test: 0.8269
Run: 09, Epoch: 50, Loss: 0.0002, lr: 0.000343, Train: 0.9891, Valid: 0.9434, Test: 0.8311
Run: 09, Epoch: 51, Loss: 0.0002, lr: 0.000343, Train: 0.9898, Valid: 0.9440, Test: 0.8349
Run: 09, Epoch: 52, Loss: 0.0002, lr: 0.000343, Train: 0.9904, Valid: 0.9445, Test: 0.8384
Run: 09, Epoch: 53, Loss: 0.0002, lr: 0.000343, Train: 0.9910, Valid: 0.9450, Test: 0.8414
Run: 09, Epoch: 54, Loss: 0.0002, lr: 0.000343, Train: 0.9915, Valid: 0.9450, Test: 0.8428
Run: 09, Epoch: 55, Loss: 0.0002, lr: 0.000343, Train: 0.9919, Valid: 0.9450, Test: 0.8441
Run: 09, Epoch: 56, Loss: 0.0002, lr: 0.000343, Train: 0.9924, Valid: 0.9449, Test: 0.8455
Run: 09, Epoch: 57, Loss: 0.0002, lr: 0.000343, Train: 0.9928, Valid: 0.9447, Test: 0.8468
Run: 09, Epoch: 58, Loss: 0.0002, lr: 0.000343, Train: 0.9932, Valid: 0.9445, Test: 0.8480
Run: 09, Epoch: 59, Loss: 0.0001, lr: 0.000343, Train: 0.9935, Valid: 0.9443, Test: 0.8486
Run: 09, Epoch: 60, Loss: 0.0001, lr: 0.000240, Train: 0.9938, Valid: 0.9443, Test: 0.8496
Run: 09, Epoch: 61, Loss: 0.0001, lr: 0.000240, Train: 0.9941, Valid: 0.9442, Test: 0.8504
Run: 09, Epoch: 62, Loss: 0.0001, lr: 0.000240, Train: 0.9944, Valid: 0.9442, Test: 0.8514
Run: 09, Epoch: 63, Loss: 0.0001, lr: 0.000240, Train: 0.9947, Valid: 0.9441, Test: 0.8525
Run: 09, Epoch: 64, Loss: 0.0001, lr: 0.000240, Train: 0.9950, Valid: 0.9440, Test: 0.8537
Run: 09, Epoch: 65, Loss: 0.0001, lr: 0.000240, Train: 0.9952, Valid: 0.9438, Test: 0.8550
Run: 09, Epoch: 66, Loss: 0.0001, lr: 0.000168, Train: 0.9955, Valid: 0.9438, Test: 0.8565
Run: 09, Epoch: 67, Loss: 0.0001, lr: 0.000168, Train: 0.9958, Valid: 0.9437, Test: 0.8580
Run: 09, Epoch: 68, Loss: 0.0001, lr: 0.000168, Train: 0.9960, Valid: 0.9436, Test: 0.8594
Run: 09, Epoch: 69, Loss: 0.0001, lr: 0.000168, Train: 0.9963, Valid: 0.9434, Test: 0.8608
Run: 09, Epoch: 70, Loss: 0.0001, lr: 0.000168, Train: 0.9965, Valid: 0.9433, Test: 0.8623
Run: 09, Epoch: 71, Loss: 0.0001, lr: 0.000168, Train: 0.9967, Valid: 0.9431, Test: 0.8639
Run: 09, Epoch: 72, Loss: 0.0001, lr: 0.000118, Train: 0.9969, Valid: 0.9431, Test: 0.8654
Run: 09, Epoch: 73, Loss: 0.0001, lr: 0.000118, Train: 0.9971, Valid: 0.9430, Test: 0.8667
Run: 09, Epoch: 74, Loss: 0.0001, lr: 0.000118, Train: 0.9972, Valid: 0.9429, Test: 0.8679
Run: 09, Epoch: 75, Loss: 0.0001, lr: 0.000118, Train: 0.9973, Valid: 0.9429, Test: 0.8690
Run: 09, Epoch: 76, Loss: 0.0001, lr: 0.000118, Train: 0.9974, Valid: 0.9428, Test: 0.8699
Run: 09, Epoch: 77, Loss: 0.0001, lr: 0.000118, Train: 0.9975, Valid: 0.9428, Test: 0.8707
Run: 09, Epoch: 78, Loss: 0.0001, lr: 0.000082, Train: 0.9975, Valid: 0.9428, Test: 0.8713
Run: 09, Epoch: 79, Loss: 0.0001, lr: 0.000082, Train: 0.9976, Valid: 0.9428, Test: 0.8719
Run: 09, Epoch: 80, Loss: 0.0001, lr: 0.000082, Train: 0.9976, Valid: 0.9427, Test: 0.8724
Run: 09, Epoch: 81, Loss: 0.0001, lr: 0.000082, Train: 0.9977, Valid: 0.9427, Test: 0.8729
Run: 09, Epoch: 82, Loss: 0.0001, lr: 0.000082, Train: 0.9977, Valid: 0.9427, Test: 0.8733
Run: 09, Epoch: 83, Loss: 0.0001, lr: 0.000082, Train: 0.9978, Valid: 0.9426, Test: 0.8737
Run: 09, Epoch: 84, Loss: 0.0001, lr: 0.000058, Train: 0.9978, Valid: 0.9426, Test: 0.8740
Run: 09, Epoch: 85, Loss: 0.0001, lr: 0.000058, Train: 0.9978, Valid: 0.9426, Test: 0.8742
Run: 09, Epoch: 86, Loss: 0.0001, lr: 0.000058, Train: 0.9978, Valid: 0.9426, Test: 0.8745
Run: 09, Epoch: 87, Loss: 0.0001, lr: 0.000058, Train: 0.9979, Valid: 0.9426, Test: 0.8747
Run: 09, Epoch: 88, Loss: 0.0001, lr: 0.000058, Train: 0.9979, Valid: 0.9426, Test: 0.8748
Run: 09, Epoch: 89, Loss: 0.0001, lr: 0.000058, Train: 0.9979, Valid: 0.9426, Test: 0.8750
Run: 09, Epoch: 90, Loss: 0.0001, lr: 0.000040, Train: 0.9979, Valid: 0.9426, Test: 0.8751
Run: 09, Epoch: 91, Loss: 0.0001, lr: 0.000040, Train: 0.9979, Valid: 0.9426, Test: 0.8752
Run: 09, Epoch: 92, Loss: 0.0001, lr: 0.000040, Train: 0.9979, Valid: 0.9426, Test: 0.8753
Run: 09, Epoch: 93, Loss: 0.0001, lr: 0.000040, Train: 0.9979, Valid: 0.9426, Test: 0.8754
Run: 09, Epoch: 94, Loss: 0.0001, lr: 0.000040, Train: 0.9980, Valid: 0.9426, Test: 0.8754
Run: 09, Epoch: 95, Loss: 0.0001, lr: 0.000040, Train: 0.9980, Valid: 0.9426, Test: 0.8755
Run: 09, Epoch: 96, Loss: 0.0001, lr: 0.000028, Train: 0.9980, Valid: 0.9427, Test: 0.8756
Run: 09, Epoch: 97, Loss: 0.0001, lr: 0.000028, Train: 0.9980, Valid: 0.9427, Test: 0.8757
Run: 09, Epoch: 98, Loss: 0.0001, lr: 0.000028, Train: 0.9980, Valid: 0.9427, Test: 0.8757
Run: 09, Epoch: 99, Loss: 0.0001, lr: 0.000028, Train: 0.9980, Valid: 0.9427, Test: 0.8758
Run: 09, Epoch: 100, Loss: 0.0001, lr: 0.000028, Train: 0.9980, Valid: 0.9427, Test: 0.8758
Run 09:
Highest Train: 1.00
Highest Valid: 0.95
  Final Train: 0.99
   Final Test: 0.84
Run: 10, Epoch: 01, Loss: 0.0579, lr: 0.001000, Train: 0.4123, Valid: 0.1571, Test: 0.4066
Run: 10, Epoch: 02, Loss: 0.0100, lr: 0.001000, Train: 0.6448, Valid: 0.4349, Test: 0.6060
Run: 10, Epoch: 03, Loss: 0.0087, lr: 0.001000, Train: 0.7292, Valid: 0.5887, Test: 0.6759
Run: 10, Epoch: 04, Loss: 0.0087, lr: 0.001000, Train: 0.7450, Valid: 0.6580, Test: 0.6796
Run: 10, Epoch: 05, Loss: 0.0081, lr: 0.001000, Train: 0.7355, Valid: 0.6868, Test: 0.6603
Run: 10, Epoch: 06, Loss: 0.0072, lr: 0.001000, Train: 0.7142, Valid: 0.6732, Test: 0.6343
Run: 10, Epoch: 07, Loss: 0.0061, lr: 0.001000, Train: 0.6946, Valid: 0.6343, Test: 0.6146
Run: 10, Epoch: 08, Loss: 0.0047, lr: 0.001000, Train: 0.7015, Valid: 0.6121, Test: 0.6301
Run: 10, Epoch: 09, Loss: 0.0034, lr: 0.001000, Train: 0.7358, Valid: 0.6202, Test: 0.6810
Run: 10, Epoch: 10, Loss: 0.0025, lr: 0.001000, Train: 0.7830, Valid: 0.6544, Test: 0.7461
Run: 10, Epoch: 11, Loss: 0.0021, lr: 0.001000, Train: 0.8262, Valid: 0.6993, Test: 0.8022
Run: 10, Epoch: 12, Loss: 0.0020, lr: 0.001000, Train: 0.8599, Valid: 0.7307, Test: 0.8435
Run: 10, Epoch: 13, Loss: 0.0019, lr: 0.001000, Train: 0.8849, Valid: 0.7500, Test: 0.8713
Run: 10, Epoch: 14, Loss: 0.0018, lr: 0.001000, Train: 0.9024, Valid: 0.7576, Test: 0.8836
Run: 10, Epoch: 15, Loss: 0.0017, lr: 0.001000, Train: 0.9154, Valid: 0.7654, Test: 0.8906
Run: 10, Epoch: 16, Loss: 0.0015, lr: 0.001000, Train: 0.9226, Valid: 0.7707, Test: 0.8931
Run: 10, Epoch: 17, Loss: 0.0013, lr: 0.001000, Train: 0.9204, Valid: 0.7671, Test: 0.8866
Run: 10, Epoch: 18, Loss: 0.0011, lr: 0.001000, Train: 0.9054, Valid: 0.7470, Test: 0.8673
Run: 10, Epoch: 19, Loss: 0.0010, lr: 0.001000, Train: 0.8765, Valid: 0.7040, Test: 0.8341
Run: 10, Epoch: 20, Loss: 0.0009, lr: 0.001000, Train: 0.8371, Valid: 0.6427, Test: 0.7926
Run: 10, Epoch: 21, Loss: 0.0008, lr: 0.001000, Train: 0.7941, Valid: 0.5694, Test: 0.7464
Run: 10, Epoch: 22, Loss: 0.0008, lr: 0.001000, Train: 0.7583, Valid: 0.5078, Test: 0.7063
Run: 10, Epoch: 23, Loss: 0.0007, lr: 0.000700, Train: 0.7613, Valid: 0.5232, Test: 0.7098
Run: 10, Epoch: 24, Loss: 0.0007, lr: 0.000700, Train: 0.7802, Valid: 0.5667, Test: 0.7300
Run: 10, Epoch: 25, Loss: 0.0007, lr: 0.000700, Train: 0.8025, Valid: 0.6127, Test: 0.7536
Run: 10, Epoch: 26, Loss: 0.0006, lr: 0.000700, Train: 0.8282, Valid: 0.6650, Test: 0.7810
Run: 10, Epoch: 27, Loss: 0.0006, lr: 0.000700, Train: 0.8545, Valid: 0.7186, Test: 0.8091
Run: 10, Epoch: 28, Loss: 0.0005, lr: 0.000700, Train: 0.8782, Valid: 0.7664, Test: 0.8341
Run: 10, Epoch: 29, Loss: 0.0005, lr: 0.000490, Train: 0.8977, Valid: 0.8045, Test: 0.8541
Run: 10, Epoch: 30, Loss: 0.0005, lr: 0.000490, Train: 0.9136, Valid: 0.8318, Test: 0.8691
Run: 10, Epoch: 31, Loss: 0.0004, lr: 0.000490, Train: 0.9283, Valid: 0.8590, Test: 0.8826
Run: 10, Epoch: 32, Loss: 0.0004, lr: 0.000490, Train: 0.9395, Valid: 0.8792, Test: 0.8925
Run: 10, Epoch: 33, Loss: 0.0004, lr: 0.000490, Train: 0.9469, Valid: 0.8905, Test: 0.8986
Run: 10, Epoch: 34, Loss: 0.0004, lr: 0.000490, Train: 0.9513, Valid: 0.8938, Test: 0.9017
Run: 10, Epoch: 35, Loss: 0.0004, lr: 0.000490, Train: 0.9546, Valid: 0.8967, Test: 0.9042
Run: 10, Epoch: 36, Loss: 0.0003, lr: 0.000490, Train: 0.9571, Valid: 0.8995, Test: 0.9061
Run: 10, Epoch: 37, Loss: 0.0003, lr: 0.000490, Train: 0.9589, Valid: 0.9015, Test: 0.9078
Run: 10, Epoch: 38, Loss: 0.0003, lr: 0.000490, Train: 0.9604, Valid: 0.9033, Test: 0.9094
Run: 10, Epoch: 39, Loss: 0.0003, lr: 0.000490, Train: 0.9619, Valid: 0.9057, Test: 0.9111
Run: 10, Epoch: 40, Loss: 0.0003, lr: 0.000490, Train: 0.9634, Valid: 0.9092, Test: 0.9132
Run: 10, Epoch: 41, Loss: 0.0003, lr: 0.000490, Train: 0.9652, Valid: 0.9136, Test: 0.9154
Run: 10, Epoch: 42, Loss: 0.0003, lr: 0.000490, Train: 0.9672, Valid: 0.9186, Test: 0.9177
Run: 10, Epoch: 43, Loss: 0.0002, lr: 0.000490, Train: 0.9691, Valid: 0.9237, Test: 0.9197
Run: 10, Epoch: 44, Loss: 0.0002, lr: 0.000490, Train: 0.9708, Valid: 0.9285, Test: 0.9214
Run: 10, Epoch: 45, Loss: 0.0002, lr: 0.000490, Train: 0.9722, Valid: 0.9327, Test: 0.9226
Run: 10, Epoch: 46, Loss: 0.0002, lr: 0.000490, Train: 0.9734, Valid: 0.9362, Test: 0.9234
Run: 10, Epoch: 47, Loss: 0.0002, lr: 0.000490, Train: 0.9743, Valid: 0.9393, Test: 0.9239
Run: 10, Epoch: 48, Loss: 0.0002, lr: 0.000490, Train: 0.9752, Valid: 0.9419, Test: 0.9244
Run: 10, Epoch: 49, Loss: 0.0002, lr: 0.000490, Train: 0.9761, Valid: 0.9443, Test: 0.9251
Run: 10, Epoch: 50, Loss: 0.0002, lr: 0.000490, Train: 0.9774, Valid: 0.9465, Test: 0.9260
Run: 10, Epoch: 51, Loss: 0.0002, lr: 0.000490, Train: 0.9793, Valid: 0.9489, Test: 0.9275
Run: 10, Epoch: 52, Loss: 0.0002, lr: 0.000490, Train: 0.9816, Valid: 0.9517, Test: 0.9300
Run: 10, Epoch: 53, Loss: 0.0002, lr: 0.000490, Train: 0.9843, Valid: 0.9543, Test: 0.9329
Run: 10, Epoch: 54, Loss: 0.0001, lr: 0.000490, Train: 0.9871, Valid: 0.9565, Test: 0.9359
Run: 10, Epoch: 55, Loss: 0.0001, lr: 0.000490, Train: 0.9898, Valid: 0.9581, Test: 0.9386
Run: 10, Epoch: 56, Loss: 0.0001, lr: 0.000490, Train: 0.9920, Valid: 0.9590, Test: 0.9408
Run: 10, Epoch: 57, Loss: 0.0001, lr: 0.000490, Train: 0.9939, Valid: 0.9591, Test: 0.9422
Run: 10, Epoch: 58, Loss: 0.0001, lr: 0.000490, Train: 0.9952, Valid: 0.9583, Test: 0.9428
Run: 10, Epoch: 59, Loss: 0.0001, lr: 0.000490, Train: 0.9961, Valid: 0.9567, Test: 0.9429
Run: 10, Epoch: 60, Loss: 0.0001, lr: 0.000490, Train: 0.9966, Valid: 0.9550, Test: 0.9425
Run: 10, Epoch: 61, Loss: 0.0001, lr: 0.000490, Train: 0.9968, Valid: 0.9539, Test: 0.9421
Run: 10, Epoch: 62, Loss: 0.0001, lr: 0.000490, Train: 0.9970, Valid: 0.9535, Test: 0.9416
Run: 10, Epoch: 63, Loss: 0.0001, lr: 0.000343, Train: 0.9970, Valid: 0.9537, Test: 0.9413
Run: 10, Epoch: 64, Loss: 0.0001, lr: 0.000343, Train: 0.9970, Valid: 0.9544, Test: 0.9410
Run: 10, Epoch: 65, Loss: 0.0001, lr: 0.000343, Train: 0.9968, Valid: 0.9552, Test: 0.9406
Run: 10, Epoch: 66, Loss: 0.0001, lr: 0.000343, Train: 0.9966, Valid: 0.9560, Test: 0.9401
Run: 10, Epoch: 67, Loss: 0.0001, lr: 0.000343, Train: 0.9963, Valid: 0.9566, Test: 0.9395
Run: 10, Epoch: 68, Loss: 0.0001, lr: 0.000343, Train: 0.9960, Valid: 0.9570, Test: 0.9388
Run: 10, Epoch: 69, Loss: 0.0001, lr: 0.000240, Train: 0.9959, Valid: 0.9570, Test: 0.9385
Run: 10, Epoch: 70, Loss: 0.0001, lr: 0.000240, Train: 0.9959, Valid: 0.9569, Test: 0.9382
Run: 10, Epoch: 71, Loss: 0.0001, lr: 0.000240, Train: 0.9960, Valid: 0.9568, Test: 0.9380
Run: 10, Epoch: 72, Loss: 0.0001, lr: 0.000240, Train: 0.9961, Valid: 0.9566, Test: 0.9379
Run: 10, Epoch: 73, Loss: 0.0001, lr: 0.000240, Train: 0.9963, Valid: 0.9564, Test: 0.9379
Run: 10, Epoch: 74, Loss: 0.0001, lr: 0.000240, Train: 0.9965, Valid: 0.9562, Test: 0.9380
Run: 10, Epoch: 75, Loss: 0.0001, lr: 0.000168, Train: 0.9968, Valid: 0.9559, Test: 0.9383
Run: 10, Epoch: 76, Loss: 0.0001, lr: 0.000168, Train: 0.9971, Valid: 0.9556, Test: 0.9386
Run: 10, Epoch: 77, Loss: 0.0001, lr: 0.000168, Train: 0.9973, Valid: 0.9554, Test: 0.9388
Run: 10, Epoch: 78, Loss: 0.0001, lr: 0.000168, Train: 0.9975, Valid: 0.9551, Test: 0.9391
Run: 10, Epoch: 79, Loss: 0.0001, lr: 0.000168, Train: 0.9977, Valid: 0.9547, Test: 0.9393
Run: 10, Epoch: 80, Loss: 0.0001, lr: 0.000168, Train: 0.9978, Valid: 0.9544, Test: 0.9395
Run: 10, Epoch: 81, Loss: 0.0001, lr: 0.000118, Train: 0.9979, Valid: 0.9540, Test: 0.9396
Run: 10, Epoch: 82, Loss: 0.0001, lr: 0.000118, Train: 0.9980, Valid: 0.9537, Test: 0.9397
Run: 10, Epoch: 83, Loss: 0.0001, lr: 0.000118, Train: 0.9981, Valid: 0.9534, Test: 0.9397
Run: 10, Epoch: 84, Loss: 0.0001, lr: 0.000118, Train: 0.9982, Valid: 0.9531, Test: 0.9398
Run: 10, Epoch: 85, Loss: 0.0001, lr: 0.000118, Train: 0.9982, Valid: 0.9529, Test: 0.9398
Run: 10, Epoch: 86, Loss: 0.0001, lr: 0.000118, Train: 0.9983, Valid: 0.9527, Test: 0.9398
Run: 10, Epoch: 87, Loss: 0.0001, lr: 0.000082, Train: 0.9983, Valid: 0.9526, Test: 0.9398
Run: 10, Epoch: 88, Loss: 0.0001, lr: 0.000082, Train: 0.9983, Valid: 0.9525, Test: 0.9398
Run: 10, Epoch: 89, Loss: 0.0001, lr: 0.000082, Train: 0.9984, Valid: 0.9524, Test: 0.9398
Run: 10, Epoch: 90, Loss: 0.0001, lr: 0.000082, Train: 0.9984, Valid: 0.9523, Test: 0.9398
Run: 10, Epoch: 91, Loss: 0.0001, lr: 0.000082, Train: 0.9984, Valid: 0.9523, Test: 0.9398
Run: 10, Epoch: 92, Loss: 0.0001, lr: 0.000082, Train: 0.9984, Valid: 0.9523, Test: 0.9398
Run: 10, Epoch: 93, Loss: 0.0001, lr: 0.000058, Train: 0.9985, Valid: 0.9522, Test: 0.9398
Run: 10, Epoch: 94, Loss: 0.0001, lr: 0.000058, Train: 0.9985, Valid: 0.9522, Test: 0.9398
Run: 10, Epoch: 95, Loss: 0.0001, lr: 0.000058, Train: 0.9985, Valid: 0.9521, Test: 0.9398
Run: 10, Epoch: 96, Loss: 0.0001, lr: 0.000058, Train: 0.9985, Valid: 0.9521, Test: 0.9399
Run: 10, Epoch: 97, Loss: 0.0001, lr: 0.000058, Train: 0.9985, Valid: 0.9521, Test: 0.9399
Run: 10, Epoch: 98, Loss: 0.0001, lr: 0.000058, Train: 0.9985, Valid: 0.9520, Test: 0.9399
Run: 10, Epoch: 99, Loss: 0.0001, lr: 0.000040, Train: 0.9986, Valid: 0.9519, Test: 0.9399
Run: 10, Epoch: 100, Loss: 0.0001, lr: 0.000040, Train: 0.9986, Valid: 0.9519, Test: 0.9399
Run 10:
Highest Train: 1.00
Highest Valid: 0.96
  Final Train: 0.99
   Final Test: 0.94
All runs:
Highest Train: 1.00  0.00
Highest Valid: 0.94  0.02
  Final Train: 0.99  0.01
   Final Test: 0.93  0.04
