Namespace(conv_layers=3, device=0, dropout=0.0, epochs=100, hidden_dim=256, log_steps=1, lr=0.001, method='gat', mlp_layers=2, runs=10, subset='computer_science')
Run: 01, Epoch: 01, Loss: 0.0299, lr: 0.001000, Train: 0.4829, Valid: 0.6059, Test: 0.4402
Run: 01, Epoch: 02, Loss: 0.0067, lr: 0.001000, Train: 0.6397, Valid: 0.7434, Test: 0.5849
Run: 01, Epoch: 03, Loss: 0.0080, lr: 0.001000, Train: 0.7156, Valid: 0.8031, Test: 0.6468
Run: 01, Epoch: 04, Loss: 0.0085, lr: 0.001000, Train: 0.7470, Valid: 0.8328, Test: 0.6707
Run: 01, Epoch: 05, Loss: 0.0074, lr: 0.001000, Train: 0.7512, Valid: 0.8417, Test: 0.6712
Run: 01, Epoch: 06, Loss: 0.0057, lr: 0.001000, Train: 0.7444, Valid: 0.8378, Test: 0.6605
Run: 01, Epoch: 07, Loss: 0.0041, lr: 0.001000, Train: 0.7325, Valid: 0.8258, Test: 0.6513
Run: 01, Epoch: 08, Loss: 0.0029, lr: 0.001000, Train: 0.7149, Valid: 0.8041, Test: 0.6404
Run: 01, Epoch: 09, Loss: 0.0023, lr: 0.001000, Train: 0.6906, Valid: 0.7708, Test: 0.6210
Run: 01, Epoch: 10, Loss: 0.0022, lr: 0.001000, Train: 0.6686, Valid: 0.7336, Test: 0.5977
Run: 01, Epoch: 11, Loss: 0.0023, lr: 0.001000, Train: 0.6542, Valid: 0.7034, Test: 0.5833
Run: 01, Epoch: 12, Loss: 0.0022, lr: 0.000700, Train: 0.6604, Valid: 0.6979, Test: 0.5908
Run: 01, Epoch: 13, Loss: 0.0021, lr: 0.000700, Train: 0.6724, Valid: 0.7019, Test: 0.6047
Run: 01, Epoch: 14, Loss: 0.0018, lr: 0.000700, Train: 0.6862, Valid: 0.7051, Test: 0.6209
Run: 01, Epoch: 15, Loss: 0.0016, lr: 0.000700, Train: 0.7073, Valid: 0.7206, Test: 0.6425
Run: 01, Epoch: 16, Loss: 0.0015, lr: 0.000700, Train: 0.7325, Valid: 0.7418, Test: 0.6676
Run: 01, Epoch: 17, Loss: 0.0013, lr: 0.000700, Train: 0.7620, Valid: 0.7651, Test: 0.6970
Run: 01, Epoch: 18, Loss: 0.0013, lr: 0.000490, Train: 0.7946, Valid: 0.7894, Test: 0.7300
Run: 01, Epoch: 19, Loss: 0.0012, lr: 0.000490, Train: 0.8269, Valid: 0.8148, Test: 0.7628
Run: 01, Epoch: 20, Loss: 0.0012, lr: 0.000490, Train: 0.8575, Valid: 0.8383, Test: 0.7938
Run: 01, Epoch: 21, Loss: 0.0011, lr: 0.000490, Train: 0.8845, Valid: 0.8580, Test: 0.8207
Run: 01, Epoch: 22, Loss: 0.0011, lr: 0.000490, Train: 0.9065, Valid: 0.8733, Test: 0.8421
Run: 01, Epoch: 23, Loss: 0.0010, lr: 0.000490, Train: 0.9232, Valid: 0.8843, Test: 0.8578
Run: 01, Epoch: 24, Loss: 0.0009, lr: 0.000490, Train: 0.9351, Valid: 0.8915, Test: 0.8682
Run: 01, Epoch: 25, Loss: 0.0009, lr: 0.000490, Train: 0.9429, Valid: 0.8957, Test: 0.8742
Run: 01, Epoch: 26, Loss: 0.0008, lr: 0.000490, Train: 0.9473, Valid: 0.8973, Test: 0.8768
Run: 01, Epoch: 27, Loss: 0.0008, lr: 0.000490, Train: 0.9495, Valid: 0.8973, Test: 0.8772
Run: 01, Epoch: 28, Loss: 0.0008, lr: 0.000490, Train: 0.9502, Valid: 0.8965, Test: 0.8763
Run: 01, Epoch: 29, Loss: 0.0007, lr: 0.000490, Train: 0.9501, Valid: 0.8953, Test: 0.8750
Run: 01, Epoch: 30, Loss: 0.0007, lr: 0.000490, Train: 0.9497, Valid: 0.8937, Test: 0.8734
Run: 01, Epoch: 31, Loss: 0.0007, lr: 0.000490, Train: 0.9492, Valid: 0.8922, Test: 0.8720
Run: 01, Epoch: 32, Loss: 0.0006, lr: 0.000490, Train: 0.9488, Valid: 0.8931, Test: 0.8711
Run: 01, Epoch: 33, Loss: 0.0006, lr: 0.000343, Train: 0.9506, Valid: 0.8975, Test: 0.8730
Run: 01, Epoch: 34, Loss: 0.0006, lr: 0.000343, Train: 0.9526, Valid: 0.9014, Test: 0.8751
Run: 01, Epoch: 35, Loss: 0.0005, lr: 0.000343, Train: 0.9545, Valid: 0.9030, Test: 0.8773
Run: 01, Epoch: 36, Loss: 0.0005, lr: 0.000343, Train: 0.9565, Valid: 0.9033, Test: 0.8795
Run: 01, Epoch: 37, Loss: 0.0005, lr: 0.000343, Train: 0.9585, Valid: 0.9033, Test: 0.8814
Run: 01, Epoch: 38, Loss: 0.0005, lr: 0.000343, Train: 0.9606, Valid: 0.9033, Test: 0.8831
Run: 01, Epoch: 39, Loss: 0.0005, lr: 0.000343, Train: 0.9628, Valid: 0.9033, Test: 0.8845
Run: 01, Epoch: 40, Loss: 0.0005, lr: 0.000343, Train: 0.9649, Valid: 0.9033, Test: 0.8855
Run: 01, Epoch: 41, Loss: 0.0005, lr: 0.000343, Train: 0.9669, Valid: 0.9032, Test: 0.8861
Run: 01, Epoch: 42, Loss: 0.0004, lr: 0.000343, Train: 0.9690, Valid: 0.9032, Test: 0.8864
Run: 01, Epoch: 43, Loss: 0.0004, lr: 0.000240, Train: 0.9714, Valid: 0.9037, Test: 0.8879
Run: 01, Epoch: 44, Loss: 0.0004, lr: 0.000240, Train: 0.9737, Valid: 0.9041, Test: 0.8892
Run: 01, Epoch: 45, Loss: 0.0004, lr: 0.000240, Train: 0.9758, Valid: 0.9045, Test: 0.8903
Run: 01, Epoch: 46, Loss: 0.0004, lr: 0.000240, Train: 0.9778, Valid: 0.9047, Test: 0.8912
Run: 01, Epoch: 47, Loss: 0.0004, lr: 0.000240, Train: 0.9795, Valid: 0.9047, Test: 0.8921
Run: 01, Epoch: 48, Loss: 0.0004, lr: 0.000240, Train: 0.9810, Valid: 0.9045, Test: 0.8930
Run: 01, Epoch: 49, Loss: 0.0004, lr: 0.000240, Train: 0.9824, Valid: 0.9041, Test: 0.8939
Run: 01, Epoch: 50, Loss: 0.0004, lr: 0.000240, Train: 0.9836, Valid: 0.9034, Test: 0.8949
Run: 01, Epoch: 51, Loss: 0.0003, lr: 0.000240, Train: 0.9846, Valid: 0.9025, Test: 0.8958
Run: 01, Epoch: 52, Loss: 0.0003, lr: 0.000240, Train: 0.9854, Valid: 0.9018, Test: 0.8967
Run: 01, Epoch: 53, Loss: 0.0003, lr: 0.000168, Train: 0.9862, Valid: 0.9017, Test: 0.8978
Run: 01, Epoch: 54, Loss: 0.0003, lr: 0.000168, Train: 0.9869, Valid: 0.9018, Test: 0.8989
Run: 01, Epoch: 55, Loss: 0.0003, lr: 0.000168, Train: 0.9874, Valid: 0.9023, Test: 0.9000
Run: 01, Epoch: 56, Loss: 0.0003, lr: 0.000168, Train: 0.9878, Valid: 0.9031, Test: 0.9009
Run: 01, Epoch: 57, Loss: 0.0003, lr: 0.000168, Train: 0.9882, Valid: 0.9040, Test: 0.9019
Run: 01, Epoch: 58, Loss: 0.0003, lr: 0.000168, Train: 0.9886, Valid: 0.9049, Test: 0.9027
Run: 01, Epoch: 59, Loss: 0.0003, lr: 0.000168, Train: 0.9889, Valid: 0.9057, Test: 0.9035
Run: 01, Epoch: 60, Loss: 0.0003, lr: 0.000168, Train: 0.9893, Valid: 0.9064, Test: 0.9042
Run: 01, Epoch: 61, Loss: 0.0003, lr: 0.000168, Train: 0.9897, Valid: 0.9070, Test: 0.9049
Run: 01, Epoch: 62, Loss: 0.0003, lr: 0.000168, Train: 0.9901, Valid: 0.9074, Test: 0.9055
Run: 01, Epoch: 63, Loss: 0.0003, lr: 0.000168, Train: 0.9905, Valid: 0.9077, Test: 0.9061
Run: 01, Epoch: 64, Loss: 0.0003, lr: 0.000168, Train: 0.9909, Valid: 0.9079, Test: 0.9067
Run: 01, Epoch: 65, Loss: 0.0003, lr: 0.000168, Train: 0.9913, Valid: 0.9079, Test: 0.9071
Run: 01, Epoch: 66, Loss: 0.0003, lr: 0.000168, Train: 0.9916, Valid: 0.9078, Test: 0.9075
Run: 01, Epoch: 67, Loss: 0.0003, lr: 0.000168, Train: 0.9919, Valid: 0.9076, Test: 0.9077
Run: 01, Epoch: 68, Loss: 0.0003, lr: 0.000168, Train: 0.9921, Valid: 0.9074, Test: 0.9079
Run: 01, Epoch: 69, Loss: 0.0003, lr: 0.000168, Train: 0.9923, Valid: 0.9070, Test: 0.9080
Run: 01, Epoch: 70, Loss: 0.0003, lr: 0.000168, Train: 0.9925, Valid: 0.9066, Test: 0.9080
Run: 01, Epoch: 71, Loss: 0.0002, lr: 0.000118, Train: 0.9926, Valid: 0.9062, Test: 0.9082
Run: 01, Epoch: 72, Loss: 0.0002, lr: 0.000118, Train: 0.9928, Valid: 0.9057, Test: 0.9083
Run: 01, Epoch: 73, Loss: 0.0002, lr: 0.000118, Train: 0.9929, Valid: 0.9051, Test: 0.9085
Run: 01, Epoch: 74, Loss: 0.0002, lr: 0.000118, Train: 0.9930, Valid: 0.9043, Test: 0.9086
Run: 01, Epoch: 75, Loss: 0.0002, lr: 0.000118, Train: 0.9931, Valid: 0.9032, Test: 0.9086
Run: 01, Epoch: 76, Loss: 0.0002, lr: 0.000118, Train: 0.9932, Valid: 0.9019, Test: 0.9087
Run: 01, Epoch: 77, Loss: 0.0002, lr: 0.000082, Train: 0.9933, Valid: 0.9011, Test: 0.9088
Run: 01, Epoch: 78, Loss: 0.0002, lr: 0.000082, Train: 0.9934, Valid: 0.9003, Test: 0.9089
Run: 01, Epoch: 79, Loss: 0.0002, lr: 0.000082, Train: 0.9935, Valid: 0.8996, Test: 0.9091
Run: 01, Epoch: 80, Loss: 0.0002, lr: 0.000082, Train: 0.9935, Valid: 0.8992, Test: 0.9092
Run: 01, Epoch: 81, Loss: 0.0002, lr: 0.000082, Train: 0.9936, Valid: 0.8990, Test: 0.9093
Run: 01, Epoch: 82, Loss: 0.0002, lr: 0.000082, Train: 0.9937, Valid: 0.8990, Test: 0.9093
Run: 01, Epoch: 83, Loss: 0.0002, lr: 0.000058, Train: 0.9938, Valid: 0.8992, Test: 0.9095
Run: 01, Epoch: 84, Loss: 0.0002, lr: 0.000058, Train: 0.9938, Valid: 0.8995, Test: 0.9097
Run: 01, Epoch: 85, Loss: 0.0002, lr: 0.000058, Train: 0.9939, Valid: 0.8999, Test: 0.9098
Run: 01, Epoch: 86, Loss: 0.0002, lr: 0.000058, Train: 0.9939, Valid: 0.9003, Test: 0.9099
Run: 01, Epoch: 87, Loss: 0.0002, lr: 0.000058, Train: 0.9940, Valid: 0.9007, Test: 0.9101
Run: 01, Epoch: 88, Loss: 0.0002, lr: 0.000058, Train: 0.9940, Valid: 0.9010, Test: 0.9102
Run: 01, Epoch: 89, Loss: 0.0002, lr: 0.000040, Train: 0.9941, Valid: 0.9012, Test: 0.9103
Run: 01, Epoch: 90, Loss: 0.0002, lr: 0.000040, Train: 0.9941, Valid: 0.9013, Test: 0.9105
Run: 01, Epoch: 91, Loss: 0.0002, lr: 0.000040, Train: 0.9942, Valid: 0.9014, Test: 0.9106
Run: 01, Epoch: 92, Loss: 0.0002, lr: 0.000040, Train: 0.9942, Valid: 0.9015, Test: 0.9107
Run: 01, Epoch: 93, Loss: 0.0002, lr: 0.000040, Train: 0.9942, Valid: 0.9015, Test: 0.9108
Run: 01, Epoch: 94, Loss: 0.0002, lr: 0.000040, Train: 0.9943, Valid: 0.9014, Test: 0.9109
Run: 01, Epoch: 95, Loss: 0.0002, lr: 0.000028, Train: 0.9943, Valid: 0.9013, Test: 0.9110
Run: 01, Epoch: 96, Loss: 0.0002, lr: 0.000028, Train: 0.9943, Valid: 0.9013, Test: 0.9111
Run: 01, Epoch: 97, Loss: 0.0002, lr: 0.000028, Train: 0.9944, Valid: 0.9012, Test: 0.9112
Run: 01, Epoch: 98, Loss: 0.0002, lr: 0.000028, Train: 0.9944, Valid: 0.9011, Test: 0.9113
Run: 01, Epoch: 99, Loss: 0.0002, lr: 0.000028, Train: 0.9944, Valid: 0.9009, Test: 0.9114
Run: 01, Epoch: 100, Loss: 0.0002, lr: 0.000028, Train: 0.9944, Valid: 0.9008, Test: 0.9115
Run 01:
Highest Train: 0.99
Highest Valid: 0.91
  Final Train: 0.99
   Final Test: 0.91
Run: 02, Epoch: 01, Loss: 0.0642, lr: 0.001000, Train: 0.3489, Valid: 0.3816, Test: 0.3316
Run: 02, Epoch: 02, Loss: 0.0047, lr: 0.001000, Train: 0.6156, Valid: 0.6688, Test: 0.5982
Run: 02, Epoch: 03, Loss: 0.0065, lr: 0.001000, Train: 0.7305, Valid: 0.7917, Test: 0.7196
Run: 02, Epoch: 04, Loss: 0.0090, lr: 0.001000, Train: 0.7832, Valid: 0.8464, Test: 0.7793
Run: 02, Epoch: 05, Loss: 0.0090, lr: 0.001000, Train: 0.8081, Valid: 0.8679, Test: 0.8086
Run: 02, Epoch: 06, Loss: 0.0077, lr: 0.001000, Train: 0.8189, Valid: 0.8669, Test: 0.8209
Run: 02, Epoch: 07, Loss: 0.0060, lr: 0.001000, Train: 0.8205, Valid: 0.8506, Test: 0.8223
Run: 02, Epoch: 08, Loss: 0.0043, lr: 0.001000, Train: 0.8165, Valid: 0.8292, Test: 0.8148
Run: 02, Epoch: 09, Loss: 0.0032, lr: 0.001000, Train: 0.8094, Valid: 0.8083, Test: 0.7986
Run: 02, Epoch: 10, Loss: 0.0027, lr: 0.001000, Train: 0.8040, Valid: 0.7939, Test: 0.7777
Run: 02, Epoch: 11, Loss: 0.0026, lr: 0.001000, Train: 0.8062, Valid: 0.7873, Test: 0.7593
Run: 02, Epoch: 12, Loss: 0.0026, lr: 0.000700, Train: 0.8184, Valid: 0.7902, Test: 0.7557
Run: 02, Epoch: 13, Loss: 0.0025, lr: 0.000700, Train: 0.8368, Valid: 0.7959, Test: 0.7596
Run: 02, Epoch: 14, Loss: 0.0023, lr: 0.000700, Train: 0.8589, Valid: 0.8018, Test: 0.7704
Run: 02, Epoch: 15, Loss: 0.0020, lr: 0.000700, Train: 0.8813, Valid: 0.8061, Test: 0.7853
Run: 02, Epoch: 16, Loss: 0.0017, lr: 0.000700, Train: 0.9019, Valid: 0.8055, Test: 0.8024
Run: 02, Epoch: 17, Loss: 0.0014, lr: 0.000700, Train: 0.9199, Valid: 0.7987, Test: 0.8205
Run: 02, Epoch: 18, Loss: 0.0013, lr: 0.000490, Train: 0.9322, Valid: 0.7881, Test: 0.8360
Run: 02, Epoch: 19, Loss: 0.0012, lr: 0.000490, Train: 0.9421, Valid: 0.7749, Test: 0.8505
Run: 02, Epoch: 20, Loss: 0.0011, lr: 0.000490, Train: 0.9501, Valid: 0.7603, Test: 0.8636
Run: 02, Epoch: 21, Loss: 0.0011, lr: 0.000490, Train: 0.9564, Valid: 0.7460, Test: 0.8750
Run: 02, Epoch: 22, Loss: 0.0010, lr: 0.000490, Train: 0.9610, Valid: 0.7330, Test: 0.8841
Run: 02, Epoch: 23, Loss: 0.0010, lr: 0.000490, Train: 0.9643, Valid: 0.7224, Test: 0.8909
Run: 02, Epoch: 24, Loss: 0.0009, lr: 0.000343, Train: 0.9668, Valid: 0.7145, Test: 0.8962
Run: 02, Epoch: 25, Loss: 0.0009, lr: 0.000343, Train: 0.9687, Valid: 0.7089, Test: 0.9001
Run: 02, Epoch: 26, Loss: 0.0009, lr: 0.000343, Train: 0.9702, Valid: 0.7054, Test: 0.9028
Run: 02, Epoch: 27, Loss: 0.0008, lr: 0.000343, Train: 0.9715, Valid: 0.7042, Test: 0.9047
Run: 02, Epoch: 28, Loss: 0.0008, lr: 0.000343, Train: 0.9726, Valid: 0.7048, Test: 0.9061
Run: 02, Epoch: 29, Loss: 0.0007, lr: 0.000343, Train: 0.9736, Valid: 0.7067, Test: 0.9070
Run: 02, Epoch: 30, Loss: 0.0007, lr: 0.000240, Train: 0.9750, Valid: 0.7066, Test: 0.9089
Run: 02, Epoch: 31, Loss: 0.0007, lr: 0.000240, Train: 0.9763, Valid: 0.7069, Test: 0.9105
Run: 02, Epoch: 32, Loss: 0.0006, lr: 0.000240, Train: 0.9776, Valid: 0.7073, Test: 0.9118
Run: 02, Epoch: 33, Loss: 0.0006, lr: 0.000240, Train: 0.9789, Valid: 0.7075, Test: 0.9132
Run: 02, Epoch: 34, Loss: 0.0006, lr: 0.000240, Train: 0.9802, Valid: 0.7074, Test: 0.9144
Run: 02, Epoch: 35, Loss: 0.0006, lr: 0.000240, Train: 0.9814, Valid: 0.7068, Test: 0.9157
Run: 02, Epoch: 36, Loss: 0.0005, lr: 0.000168, Train: 0.9825, Valid: 0.7049, Test: 0.9173
Run: 02, Epoch: 37, Loss: 0.0005, lr: 0.000168, Train: 0.9836, Valid: 0.7026, Test: 0.9188
Run: 02, Epoch: 38, Loss: 0.0005, lr: 0.000168, Train: 0.9845, Valid: 0.7003, Test: 0.9203
Run: 02, Epoch: 39, Loss: 0.0005, lr: 0.000168, Train: 0.9854, Valid: 0.6976, Test: 0.9216
Run: 02, Epoch: 40, Loss: 0.0005, lr: 0.000168, Train: 0.9862, Valid: 0.6949, Test: 0.9228
Run: 02, Epoch: 41, Loss: 0.0005, lr: 0.000168, Train: 0.9869, Valid: 0.6922, Test: 0.9239
Run: 02, Epoch: 42, Loss: 0.0005, lr: 0.000118, Train: 0.9874, Valid: 0.6897, Test: 0.9248
Run: 02, Epoch: 43, Loss: 0.0005, lr: 0.000118, Train: 0.9878, Valid: 0.6874, Test: 0.9255
Run: 02, Epoch: 44, Loss: 0.0005, lr: 0.000118, Train: 0.9882, Valid: 0.6852, Test: 0.9262
Run: 02, Epoch: 45, Loss: 0.0004, lr: 0.000118, Train: 0.9886, Valid: 0.6832, Test: 0.9268
Run: 02, Epoch: 46, Loss: 0.0004, lr: 0.000118, Train: 0.9889, Valid: 0.6813, Test: 0.9274
Run: 02, Epoch: 47, Loss: 0.0004, lr: 0.000118, Train: 0.9891, Valid: 0.6797, Test: 0.9279
Run: 02, Epoch: 48, Loss: 0.0004, lr: 0.000082, Train: 0.9893, Valid: 0.6785, Test: 0.9282
Run: 02, Epoch: 49, Loss: 0.0004, lr: 0.000082, Train: 0.9895, Valid: 0.6776, Test: 0.9285
Run: 02, Epoch: 50, Loss: 0.0004, lr: 0.000082, Train: 0.9896, Valid: 0.6767, Test: 0.9287
Run: 02, Epoch: 51, Loss: 0.0004, lr: 0.000082, Train: 0.9898, Valid: 0.6760, Test: 0.9289
Run: 02, Epoch: 52, Loss: 0.0004, lr: 0.000082, Train: 0.9899, Valid: 0.6754, Test: 0.9291
Run: 02, Epoch: 53, Loss: 0.0004, lr: 0.000082, Train: 0.9900, Valid: 0.6750, Test: 0.9292
Run: 02, Epoch: 54, Loss: 0.0004, lr: 0.000058, Train: 0.9901, Valid: 0.6747, Test: 0.9293
Run: 02, Epoch: 55, Loss: 0.0004, lr: 0.000058, Train: 0.9902, Valid: 0.6744, Test: 0.9293
Run: 02, Epoch: 56, Loss: 0.0004, lr: 0.000058, Train: 0.9903, Valid: 0.6742, Test: 0.9293
Run: 02, Epoch: 57, Loss: 0.0004, lr: 0.000058, Train: 0.9904, Valid: 0.6740, Test: 0.9294
Run: 02, Epoch: 58, Loss: 0.0004, lr: 0.000058, Train: 0.9905, Valid: 0.6738, Test: 0.9294
Run: 02, Epoch: 59, Loss: 0.0004, lr: 0.000058, Train: 0.9906, Valid: 0.6737, Test: 0.9294
Run: 02, Epoch: 60, Loss: 0.0004, lr: 0.000040, Train: 0.9906, Valid: 0.6735, Test: 0.9294
Run: 02, Epoch: 61, Loss: 0.0004, lr: 0.000040, Train: 0.9907, Valid: 0.6734, Test: 0.9295
Run: 02, Epoch: 62, Loss: 0.0004, lr: 0.000040, Train: 0.9907, Valid: 0.6733, Test: 0.9295
Run: 02, Epoch: 63, Loss: 0.0004, lr: 0.000040, Train: 0.9908, Valid: 0.6732, Test: 0.9295
Run: 02, Epoch: 64, Loss: 0.0004, lr: 0.000040, Train: 0.9908, Valid: 0.6731, Test: 0.9295
Run: 02, Epoch: 65, Loss: 0.0004, lr: 0.000040, Train: 0.9909, Valid: 0.6730, Test: 0.9295
Run: 02, Epoch: 66, Loss: 0.0004, lr: 0.000028, Train: 0.9909, Valid: 0.6729, Test: 0.9295
Run: 02, Epoch: 67, Loss: 0.0004, lr: 0.000028, Train: 0.9910, Valid: 0.6728, Test: 0.9295
Run: 02, Epoch: 68, Loss: 0.0004, lr: 0.000028, Train: 0.9910, Valid: 0.6727, Test: 0.9295
Run: 02, Epoch: 69, Loss: 0.0004, lr: 0.000028, Train: 0.9911, Valid: 0.6727, Test: 0.9295
Run: 02, Epoch: 70, Loss: 0.0004, lr: 0.000028, Train: 0.9911, Valid: 0.6726, Test: 0.9295
Run: 02, Epoch: 71, Loss: 0.0004, lr: 0.000028, Train: 0.9911, Valid: 0.6725, Test: 0.9295
Run: 02, Epoch: 72, Loss: 0.0004, lr: 0.000020, Train: 0.9912, Valid: 0.6724, Test: 0.9295
Run: 02, Epoch: 73, Loss: 0.0004, lr: 0.000020, Train: 0.9912, Valid: 0.6723, Test: 0.9295
Run: 02, Epoch: 74, Loss: 0.0003, lr: 0.000020, Train: 0.9912, Valid: 0.6723, Test: 0.9295
Run: 02, Epoch: 75, Loss: 0.0003, lr: 0.000020, Train: 0.9912, Valid: 0.6722, Test: 0.9295
Run: 02, Epoch: 76, Loss: 0.0003, lr: 0.000020, Train: 0.9913, Valid: 0.6721, Test: 0.9295
Run: 02, Epoch: 77, Loss: 0.0003, lr: 0.000020, Train: 0.9913, Valid: 0.6721, Test: 0.9295
Run: 02, Epoch: 78, Loss: 0.0003, lr: 0.000014, Train: 0.9913, Valid: 0.6720, Test: 0.9295
Run: 02, Epoch: 79, Loss: 0.0003, lr: 0.000014, Train: 0.9913, Valid: 0.6720, Test: 0.9294
Run: 02, Epoch: 80, Loss: 0.0003, lr: 0.000014, Train: 0.9914, Valid: 0.6719, Test: 0.9294
Run: 02, Epoch: 81, Loss: 0.0003, lr: 0.000014, Train: 0.9914, Valid: 0.6719, Test: 0.9294
Run: 02, Epoch: 82, Loss: 0.0003, lr: 0.000014, Train: 0.9914, Valid: 0.6718, Test: 0.9294
Run: 02, Epoch: 83, Loss: 0.0003, lr: 0.000014, Train: 0.9914, Valid: 0.6718, Test: 0.9294
Run: 02, Epoch: 84, Loss: 0.0003, lr: 0.000010, Train: 0.9914, Valid: 0.6717, Test: 0.9294
Run: 02, Epoch: 85, Loss: 0.0003, lr: 0.000010, Train: 0.9914, Valid: 0.6717, Test: 0.9294
Run: 02, Epoch: 86, Loss: 0.0003, lr: 0.000010, Train: 0.9915, Valid: 0.6717, Test: 0.9294
Run: 02, Epoch: 87, Loss: 0.0003, lr: 0.000010, Train: 0.9915, Valid: 0.6716, Test: 0.9294
Run: 02, Epoch: 88, Loss: 0.0003, lr: 0.000010, Train: 0.9915, Valid: 0.6716, Test: 0.9293
Run: 02, Epoch: 89, Loss: 0.0003, lr: 0.000010, Train: 0.9915, Valid: 0.6716, Test: 0.9293
Run: 02, Epoch: 90, Loss: 0.0003, lr: 0.000010, Train: 0.9915, Valid: 0.6715, Test: 0.9293
Run: 02, Epoch: 91, Loss: 0.0003, lr: 0.000010, Train: 0.9915, Valid: 0.6715, Test: 0.9293
Run: 02, Epoch: 92, Loss: 0.0003, lr: 0.000010, Train: 0.9915, Valid: 0.6715, Test: 0.9293
Run: 02, Epoch: 93, Loss: 0.0003, lr: 0.000010, Train: 0.9916, Valid: 0.6714, Test: 0.9293
Run: 02, Epoch: 94, Loss: 0.0003, lr: 0.000010, Train: 0.9916, Valid: 0.6714, Test: 0.9293
Run: 02, Epoch: 95, Loss: 0.0003, lr: 0.000010, Train: 0.9916, Valid: 0.6714, Test: 0.9293
Run: 02, Epoch: 96, Loss: 0.0003, lr: 0.000010, Train: 0.9916, Valid: 0.6714, Test: 0.9293
Run: 02, Epoch: 97, Loss: 0.0003, lr: 0.000010, Train: 0.9916, Valid: 0.6713, Test: 0.9292
Run: 02, Epoch: 98, Loss: 0.0003, lr: 0.000010, Train: 0.9916, Valid: 0.6713, Test: 0.9292
Run: 02, Epoch: 99, Loss: 0.0003, lr: 0.000010, Train: 0.9916, Valid: 0.6713, Test: 0.9292
Run: 02, Epoch: 100, Loss: 0.0003, lr: 0.000010, Train: 0.9916, Valid: 0.6713, Test: 0.9292
Run 02:
Highest Train: 0.99
Highest Valid: 0.87
  Final Train: 0.81
   Final Test: 0.81
Run: 03, Epoch: 01, Loss: 0.0630, lr: 0.001000, Train: 0.3222, Valid: 0.2481, Test: 0.3248
Run: 03, Epoch: 02, Loss: 0.0089, lr: 0.001000, Train: 0.5980, Valid: 0.5428, Test: 0.5782
Run: 03, Epoch: 03, Loss: 0.0080, lr: 0.001000, Train: 0.7249, Valid: 0.6857, Test: 0.6995
Run: 03, Epoch: 04, Loss: 0.0101, lr: 0.001000, Train: 0.7908, Valid: 0.7684, Test: 0.7641
Run: 03, Epoch: 05, Loss: 0.0104, lr: 0.001000, Train: 0.8279, Valid: 0.8236, Test: 0.8011
Run: 03, Epoch: 06, Loss: 0.0094, lr: 0.001000, Train: 0.8473, Valid: 0.8621, Test: 0.8192
Run: 03, Epoch: 07, Loss: 0.0079, lr: 0.001000, Train: 0.8546, Valid: 0.8839, Test: 0.8243
Run: 03, Epoch: 08, Loss: 0.0064, lr: 0.001000, Train: 0.8562, Valid: 0.8890, Test: 0.8238
Run: 03, Epoch: 09, Loss: 0.0051, lr: 0.001000, Train: 0.8560, Valid: 0.8785, Test: 0.8239
Run: 03, Epoch: 10, Loss: 0.0039, lr: 0.001000, Train: 0.8533, Valid: 0.8522, Test: 0.8268
Run: 03, Epoch: 11, Loss: 0.0031, lr: 0.001000, Train: 0.8456, Valid: 0.8126, Test: 0.8287
Run: 03, Epoch: 12, Loss: 0.0026, lr: 0.001000, Train: 0.8330, Valid: 0.7666, Test: 0.8233
Run: 03, Epoch: 13, Loss: 0.0024, lr: 0.001000, Train: 0.8198, Valid: 0.7257, Test: 0.8116
Run: 03, Epoch: 14, Loss: 0.0023, lr: 0.001000, Train: 0.8108, Valid: 0.6980, Test: 0.7975
Run: 03, Epoch: 15, Loss: 0.0022, lr: 0.000700, Train: 0.8136, Valid: 0.6955, Test: 0.7931
Run: 03, Epoch: 16, Loss: 0.0022, lr: 0.000700, Train: 0.8223, Valid: 0.7041, Test: 0.7936
Run: 03, Epoch: 17, Loss: 0.0020, lr: 0.000700, Train: 0.8365, Valid: 0.7196, Test: 0.7998
Run: 03, Epoch: 18, Loss: 0.0018, lr: 0.000700, Train: 0.8526, Valid: 0.7364, Test: 0.8108
Run: 03, Epoch: 19, Loss: 0.0016, lr: 0.000700, Train: 0.8675, Valid: 0.7496, Test: 0.8239
Run: 03, Epoch: 20, Loss: 0.0015, lr: 0.000700, Train: 0.8813, Valid: 0.7593, Test: 0.8372
Run: 03, Epoch: 21, Loss: 0.0013, lr: 0.000490, Train: 0.8946, Valid: 0.7697, Test: 0.8496
Run: 03, Epoch: 22, Loss: 0.0012, lr: 0.000490, Train: 0.9070, Valid: 0.7779, Test: 0.8614
Run: 03, Epoch: 23, Loss: 0.0012, lr: 0.000490, Train: 0.9181, Valid: 0.7847, Test: 0.8718
Run: 03, Epoch: 24, Loss: 0.0011, lr: 0.000490, Train: 0.9280, Valid: 0.7919, Test: 0.8804
Run: 03, Epoch: 25, Loss: 0.0011, lr: 0.000490, Train: 0.9369, Valid: 0.8000, Test: 0.8871
Run: 03, Epoch: 26, Loss: 0.0010, lr: 0.000490, Train: 0.9448, Valid: 0.8090, Test: 0.8917
Run: 03, Epoch: 27, Loss: 0.0010, lr: 0.000343, Train: 0.9514, Valid: 0.8191, Test: 0.8943
Run: 03, Epoch: 28, Loss: 0.0010, lr: 0.000343, Train: 0.9569, Valid: 0.8288, Test: 0.8952
Run: 03, Epoch: 29, Loss: 0.0009, lr: 0.000343, Train: 0.9616, Valid: 0.8381, Test: 0.8948
Run: 03, Epoch: 30, Loss: 0.0009, lr: 0.000343, Train: 0.9656, Valid: 0.8469, Test: 0.8930
Run: 03, Epoch: 31, Loss: 0.0008, lr: 0.000343, Train: 0.9689, Valid: 0.8551, Test: 0.8900
Run: 03, Epoch: 32, Loss: 0.0008, lr: 0.000343, Train: 0.9717, Valid: 0.8625, Test: 0.8864
Run: 03, Epoch: 33, Loss: 0.0008, lr: 0.000240, Train: 0.9738, Valid: 0.8685, Test: 0.8836
Run: 03, Epoch: 34, Loss: 0.0007, lr: 0.000240, Train: 0.9756, Valid: 0.8739, Test: 0.8807
Run: 03, Epoch: 35, Loss: 0.0007, lr: 0.000240, Train: 0.9771, Valid: 0.8788, Test: 0.8778
Run: 03, Epoch: 36, Loss: 0.0007, lr: 0.000240, Train: 0.9784, Valid: 0.8833, Test: 0.8748
Run: 03, Epoch: 37, Loss: 0.0007, lr: 0.000240, Train: 0.9796, Valid: 0.8873, Test: 0.8721
Run: 03, Epoch: 38, Loss: 0.0007, lr: 0.000240, Train: 0.9807, Valid: 0.8908, Test: 0.8696
Run: 03, Epoch: 39, Loss: 0.0006, lr: 0.000240, Train: 0.9816, Valid: 0.8939, Test: 0.8674
Run: 03, Epoch: 40, Loss: 0.0006, lr: 0.000240, Train: 0.9825, Valid: 0.8966, Test: 0.8655
Run: 03, Epoch: 41, Loss: 0.0006, lr: 0.000240, Train: 0.9833, Valid: 0.8991, Test: 0.8640
Run: 03, Epoch: 42, Loss: 0.0006, lr: 0.000240, Train: 0.9841, Valid: 0.9012, Test: 0.8627
Run: 03, Epoch: 43, Loss: 0.0006, lr: 0.000240, Train: 0.9848, Valid: 0.9031, Test: 0.8616
Run: 03, Epoch: 44, Loss: 0.0006, lr: 0.000240, Train: 0.9854, Valid: 0.9048, Test: 0.8606
Run: 03, Epoch: 45, Loss: 0.0005, lr: 0.000240, Train: 0.9860, Valid: 0.9064, Test: 0.8597
Run: 03, Epoch: 46, Loss: 0.0005, lr: 0.000240, Train: 0.9864, Valid: 0.9079, Test: 0.8588
Run: 03, Epoch: 47, Loss: 0.0005, lr: 0.000240, Train: 0.9868, Valid: 0.9094, Test: 0.8580
Run: 03, Epoch: 48, Loss: 0.0005, lr: 0.000240, Train: 0.9871, Valid: 0.9108, Test: 0.8572
Run: 03, Epoch: 49, Loss: 0.0005, lr: 0.000240, Train: 0.9874, Valid: 0.9121, Test: 0.8563
Run: 03, Epoch: 50, Loss: 0.0005, lr: 0.000240, Train: 0.9876, Valid: 0.9134, Test: 0.8554
Run: 03, Epoch: 51, Loss: 0.0005, lr: 0.000240, Train: 0.9878, Valid: 0.9146, Test: 0.8545
Run: 03, Epoch: 52, Loss: 0.0004, lr: 0.000240, Train: 0.9881, Valid: 0.9157, Test: 0.8535
Run: 03, Epoch: 53, Loss: 0.0004, lr: 0.000240, Train: 0.9883, Valid: 0.9167, Test: 0.8526
Run: 03, Epoch: 54, Loss: 0.0004, lr: 0.000240, Train: 0.9885, Valid: 0.9176, Test: 0.8518
Run: 03, Epoch: 55, Loss: 0.0004, lr: 0.000240, Train: 0.9887, Valid: 0.9183, Test: 0.8511
Run: 03, Epoch: 56, Loss: 0.0004, lr: 0.000240, Train: 0.9890, Valid: 0.9188, Test: 0.8504
Run: 03, Epoch: 57, Loss: 0.0004, lr: 0.000240, Train: 0.9892, Valid: 0.9193, Test: 0.8497
Run: 03, Epoch: 58, Loss: 0.0004, lr: 0.000240, Train: 0.9895, Valid: 0.9196, Test: 0.8492
Run: 03, Epoch: 59, Loss: 0.0004, lr: 0.000240, Train: 0.9897, Valid: 0.9198, Test: 0.8487
Run: 03, Epoch: 60, Loss: 0.0003, lr: 0.000240, Train: 0.9899, Valid: 0.9200, Test: 0.8482
Run: 03, Epoch: 61, Loss: 0.0003, lr: 0.000240, Train: 0.9901, Valid: 0.9201, Test: 0.8478
Run: 03, Epoch: 62, Loss: 0.0003, lr: 0.000240, Train: 0.9903, Valid: 0.9202, Test: 0.8474
Run: 03, Epoch: 63, Loss: 0.0003, lr: 0.000240, Train: 0.9905, Valid: 0.9203, Test: 0.8470
Run: 03, Epoch: 64, Loss: 0.0003, lr: 0.000240, Train: 0.9907, Valid: 0.9204, Test: 0.8465
Run: 03, Epoch: 65, Loss: 0.0003, lr: 0.000240, Train: 0.9908, Valid: 0.9205, Test: 0.8460
Run: 03, Epoch: 66, Loss: 0.0003, lr: 0.000240, Train: 0.9910, Valid: 0.9206, Test: 0.8454
Run: 03, Epoch: 67, Loss: 0.0003, lr: 0.000240, Train: 0.9911, Valid: 0.9207, Test: 0.8448
Run: 03, Epoch: 68, Loss: 0.0003, lr: 0.000240, Train: 0.9913, Valid: 0.9208, Test: 0.8442
Run: 03, Epoch: 69, Loss: 0.0003, lr: 0.000240, Train: 0.9915, Valid: 0.9209, Test: 0.8437
Run: 03, Epoch: 70, Loss: 0.0003, lr: 0.000240, Train: 0.9917, Valid: 0.9211, Test: 0.8432
Run: 03, Epoch: 71, Loss: 0.0003, lr: 0.000240, Train: 0.9919, Valid: 0.9212, Test: 0.8429
Run: 03, Epoch: 72, Loss: 0.0002, lr: 0.000240, Train: 0.9921, Valid: 0.9213, Test: 0.8427
Run: 03, Epoch: 73, Loss: 0.0002, lr: 0.000240, Train: 0.9924, Valid: 0.9214, Test: 0.8426
Run: 03, Epoch: 74, Loss: 0.0002, lr: 0.000240, Train: 0.9926, Valid: 0.9215, Test: 0.8426
Run: 03, Epoch: 75, Loss: 0.0002, lr: 0.000240, Train: 0.9929, Valid: 0.9216, Test: 0.8426
Run: 03, Epoch: 76, Loss: 0.0002, lr: 0.000240, Train: 0.9931, Valid: 0.9216, Test: 0.8427
Run: 03, Epoch: 77, Loss: 0.0002, lr: 0.000240, Train: 0.9934, Valid: 0.9216, Test: 0.8428
Run: 03, Epoch: 78, Loss: 0.0002, lr: 0.000240, Train: 0.9936, Valid: 0.9216, Test: 0.8430
Run: 03, Epoch: 79, Loss: 0.0002, lr: 0.000240, Train: 0.9938, Valid: 0.9216, Test: 0.8431
Run: 03, Epoch: 80, Loss: 0.0002, lr: 0.000240, Train: 0.9940, Valid: 0.9215, Test: 0.8432
Run: 03, Epoch: 81, Loss: 0.0002, lr: 0.000240, Train: 0.9942, Valid: 0.9214, Test: 0.8433
Run: 03, Epoch: 82, Loss: 0.0002, lr: 0.000168, Train: 0.9943, Valid: 0.9211, Test: 0.8436
Run: 03, Epoch: 83, Loss: 0.0002, lr: 0.000168, Train: 0.9945, Valid: 0.9209, Test: 0.8438
Run: 03, Epoch: 84, Loss: 0.0002, lr: 0.000168, Train: 0.9947, Valid: 0.9207, Test: 0.8440
Run: 03, Epoch: 85, Loss: 0.0002, lr: 0.000168, Train: 0.9948, Valid: 0.9204, Test: 0.8442
Run: 03, Epoch: 86, Loss: 0.0002, lr: 0.000168, Train: 0.9950, Valid: 0.9201, Test: 0.8443
Run: 03, Epoch: 87, Loss: 0.0002, lr: 0.000168, Train: 0.9951, Valid: 0.9199, Test: 0.8444
Run: 03, Epoch: 88, Loss: 0.0002, lr: 0.000118, Train: 0.9952, Valid: 0.9195, Test: 0.8446
Run: 03, Epoch: 89, Loss: 0.0002, lr: 0.000118, Train: 0.9953, Valid: 0.9192, Test: 0.8449
Run: 03, Epoch: 90, Loss: 0.0002, lr: 0.000118, Train: 0.9955, Valid: 0.9189, Test: 0.8452
Run: 03, Epoch: 91, Loss: 0.0002, lr: 0.000118, Train: 0.9956, Valid: 0.9186, Test: 0.8454
Run: 03, Epoch: 92, Loss: 0.0002, lr: 0.000118, Train: 0.9957, Valid: 0.9183, Test: 0.8457
Run: 03, Epoch: 93, Loss: 0.0002, lr: 0.000118, Train: 0.9957, Valid: 0.9180, Test: 0.8459
Run: 03, Epoch: 94, Loss: 0.0002, lr: 0.000082, Train: 0.9958, Valid: 0.9178, Test: 0.8461
Run: 03, Epoch: 95, Loss: 0.0001, lr: 0.000082, Train: 0.9959, Valid: 0.9175, Test: 0.8464
Run: 03, Epoch: 96, Loss: 0.0001, lr: 0.000082, Train: 0.9960, Valid: 0.9173, Test: 0.8466
Run: 03, Epoch: 97, Loss: 0.0001, lr: 0.000082, Train: 0.9960, Valid: 0.9171, Test: 0.8468
Run: 03, Epoch: 98, Loss: 0.0001, lr: 0.000082, Train: 0.9961, Valid: 0.9169, Test: 0.8469
Run: 03, Epoch: 99, Loss: 0.0001, lr: 0.000082, Train: 0.9961, Valid: 0.9167, Test: 0.8471
Run: 03, Epoch: 100, Loss: 0.0001, lr: 0.000058, Train: 0.9962, Valid: 0.9165, Test: 0.8472
Run 03:
Highest Train: 1.00
Highest Valid: 0.92
  Final Train: 0.99
   Final Test: 0.84
Run: 04, Epoch: 01, Loss: 0.0401, lr: 0.001000, Train: 0.3324, Valid: 0.1865, Test: 0.3925
Run: 04, Epoch: 02, Loss: 0.0056, lr: 0.001000, Train: 0.5406, Valid: 0.4068, Test: 0.5814
Run: 04, Epoch: 03, Loss: 0.0074, lr: 0.001000, Train: 0.6456, Valid: 0.5310, Test: 0.6801
Run: 04, Epoch: 04, Loss: 0.0082, lr: 0.001000, Train: 0.7089, Valid: 0.6179, Test: 0.7428
Run: 04, Epoch: 05, Loss: 0.0075, lr: 0.001000, Train: 0.7462, Valid: 0.6749, Test: 0.7856
Run: 04, Epoch: 06, Loss: 0.0060, lr: 0.001000, Train: 0.7641, Valid: 0.7073, Test: 0.8094
Run: 04, Epoch: 07, Loss: 0.0046, lr: 0.001000, Train: 0.7659, Valid: 0.7166, Test: 0.8143
Run: 04, Epoch: 08, Loss: 0.0035, lr: 0.001000, Train: 0.7608, Valid: 0.7105, Test: 0.8066
Run: 04, Epoch: 09, Loss: 0.0029, lr: 0.001000, Train: 0.7558, Valid: 0.6937, Test: 0.7943
Run: 04, Epoch: 10, Loss: 0.0026, lr: 0.001000, Train: 0.7527, Valid: 0.6633, Test: 0.7789
Run: 04, Epoch: 11, Loss: 0.0024, lr: 0.001000, Train: 0.7476, Valid: 0.6154, Test: 0.7575
Run: 04, Epoch: 12, Loss: 0.0023, lr: 0.001000, Train: 0.7420, Valid: 0.5557, Test: 0.7314
Run: 04, Epoch: 13, Loss: 0.0022, lr: 0.001000, Train: 0.7364, Valid: 0.4944, Test: 0.7025
Run: 04, Epoch: 14, Loss: 0.0021, lr: 0.000700, Train: 0.7412, Valid: 0.4793, Test: 0.6914
Run: 04, Epoch: 15, Loss: 0.0020, lr: 0.000700, Train: 0.7483, Valid: 0.4814, Test: 0.6852
Run: 04, Epoch: 16, Loss: 0.0018, lr: 0.000700, Train: 0.7588, Valid: 0.5008, Test: 0.6860
Run: 04, Epoch: 17, Loss: 0.0017, lr: 0.000700, Train: 0.7735, Valid: 0.5341, Test: 0.6956
Run: 04, Epoch: 18, Loss: 0.0015, lr: 0.000700, Train: 0.7928, Valid: 0.5744, Test: 0.7143
Run: 04, Epoch: 19, Loss: 0.0014, lr: 0.000700, Train: 0.8157, Valid: 0.6156, Test: 0.7403
Run: 04, Epoch: 20, Loss: 0.0013, lr: 0.000490, Train: 0.8404, Valid: 0.6611, Test: 0.7690
Run: 04, Epoch: 21, Loss: 0.0013, lr: 0.000490, Train: 0.8638, Valid: 0.7025, Test: 0.7967
Run: 04, Epoch: 22, Loss: 0.0012, lr: 0.000490, Train: 0.8846, Valid: 0.7395, Test: 0.8218
Run: 04, Epoch: 23, Loss: 0.0012, lr: 0.000490, Train: 0.9025, Valid: 0.7715, Test: 0.8437
Run: 04, Epoch: 24, Loss: 0.0011, lr: 0.000490, Train: 0.9168, Valid: 0.7985, Test: 0.8611
Run: 04, Epoch: 25, Loss: 0.0011, lr: 0.000490, Train: 0.9277, Valid: 0.8199, Test: 0.8746
Run: 04, Epoch: 26, Loss: 0.0011, lr: 0.000490, Train: 0.9358, Valid: 0.8367, Test: 0.8848
Run: 04, Epoch: 27, Loss: 0.0010, lr: 0.000490, Train: 0.9415, Valid: 0.8493, Test: 0.8921
Run: 04, Epoch: 28, Loss: 0.0010, lr: 0.000490, Train: 0.9454, Valid: 0.8581, Test: 0.8973
Run: 04, Epoch: 29, Loss: 0.0009, lr: 0.000490, Train: 0.9480, Valid: 0.8641, Test: 0.9009
Run: 04, Epoch: 30, Loss: 0.0009, lr: 0.000490, Train: 0.9495, Valid: 0.8671, Test: 0.9023
Run: 04, Epoch: 31, Loss: 0.0009, lr: 0.000490, Train: 0.9504, Valid: 0.8671, Test: 0.9021
Run: 04, Epoch: 32, Loss: 0.0008, lr: 0.000490, Train: 0.9506, Valid: 0.8638, Test: 0.9001
Run: 04, Epoch: 33, Loss: 0.0008, lr: 0.000490, Train: 0.9498, Valid: 0.8568, Test: 0.8965
Run: 04, Epoch: 34, Loss: 0.0008, lr: 0.000490, Train: 0.9481, Valid: 0.8465, Test: 0.8917
Run: 04, Epoch: 35, Loss: 0.0008, lr: 0.000490, Train: 0.9460, Valid: 0.8341, Test: 0.8865
Run: 04, Epoch: 36, Loss: 0.0007, lr: 0.000490, Train: 0.9437, Valid: 0.8216, Test: 0.8817
Run: 04, Epoch: 37, Loss: 0.0007, lr: 0.000343, Train: 0.9449, Valid: 0.8197, Test: 0.8814
Run: 04, Epoch: 38, Loss: 0.0007, lr: 0.000343, Train: 0.9466, Valid: 0.8197, Test: 0.8820
Run: 04, Epoch: 39, Loss: 0.0007, lr: 0.000343, Train: 0.9490, Valid: 0.8222, Test: 0.8835
Run: 04, Epoch: 40, Loss: 0.0006, lr: 0.000343, Train: 0.9516, Valid: 0.8256, Test: 0.8856
Run: 04, Epoch: 41, Loss: 0.0006, lr: 0.000343, Train: 0.9546, Valid: 0.8298, Test: 0.8880
Run: 04, Epoch: 42, Loss: 0.0006, lr: 0.000343, Train: 0.9578, Valid: 0.8341, Test: 0.8904
Run: 04, Epoch: 43, Loss: 0.0006, lr: 0.000240, Train: 0.9617, Valid: 0.8405, Test: 0.8933
Run: 04, Epoch: 44, Loss: 0.0006, lr: 0.000240, Train: 0.9653, Valid: 0.8458, Test: 0.8957
Run: 04, Epoch: 45, Loss: 0.0006, lr: 0.000240, Train: 0.9685, Valid: 0.8508, Test: 0.8977
Run: 04, Epoch: 46, Loss: 0.0006, lr: 0.000240, Train: 0.9715, Valid: 0.8556, Test: 0.8994
Run: 04, Epoch: 47, Loss: 0.0005, lr: 0.000240, Train: 0.9741, Valid: 0.8596, Test: 0.9007
Run: 04, Epoch: 48, Loss: 0.0005, lr: 0.000240, Train: 0.9762, Valid: 0.8627, Test: 0.9017
Run: 04, Epoch: 49, Loss: 0.0005, lr: 0.000168, Train: 0.9781, Valid: 0.8656, Test: 0.9028
Run: 04, Epoch: 50, Loss: 0.0005, lr: 0.000168, Train: 0.9796, Valid: 0.8678, Test: 0.9036
Run: 04, Epoch: 51, Loss: 0.0005, lr: 0.000168, Train: 0.9808, Valid: 0.8692, Test: 0.9044
Run: 04, Epoch: 52, Loss: 0.0005, lr: 0.000168, Train: 0.9818, Valid: 0.8701, Test: 0.9050
Run: 04, Epoch: 53, Loss: 0.0005, lr: 0.000168, Train: 0.9826, Valid: 0.8705, Test: 0.9055
Run: 04, Epoch: 54, Loss: 0.0005, lr: 0.000168, Train: 0.9832, Valid: 0.8706, Test: 0.9059
Run: 04, Epoch: 55, Loss: 0.0005, lr: 0.000168, Train: 0.9837, Valid: 0.8703, Test: 0.9062
Run: 04, Epoch: 56, Loss: 0.0005, lr: 0.000168, Train: 0.9841, Valid: 0.8698, Test: 0.9064
Run: 04, Epoch: 57, Loss: 0.0005, lr: 0.000168, Train: 0.9844, Valid: 0.8689, Test: 0.9065
Run: 04, Epoch: 58, Loss: 0.0005, lr: 0.000168, Train: 0.9846, Valid: 0.8678, Test: 0.9064
Run: 04, Epoch: 59, Loss: 0.0005, lr: 0.000168, Train: 0.9849, Valid: 0.8667, Test: 0.9062
Run: 04, Epoch: 60, Loss: 0.0004, lr: 0.000168, Train: 0.9851, Valid: 0.8655, Test: 0.9060
Run: 04, Epoch: 61, Loss: 0.0004, lr: 0.000118, Train: 0.9855, Valid: 0.8651, Test: 0.9060
Run: 04, Epoch: 62, Loss: 0.0004, lr: 0.000118, Train: 0.9859, Valid: 0.8648, Test: 0.9060
Run: 04, Epoch: 63, Loss: 0.0004, lr: 0.000118, Train: 0.9863, Valid: 0.8645, Test: 0.9059
Run: 04, Epoch: 64, Loss: 0.0004, lr: 0.000118, Train: 0.9866, Valid: 0.8642, Test: 0.9059
Run: 04, Epoch: 65, Loss: 0.0004, lr: 0.000118, Train: 0.9869, Valid: 0.8640, Test: 0.9059
Run: 04, Epoch: 66, Loss: 0.0004, lr: 0.000118, Train: 0.9873, Valid: 0.8638, Test: 0.9060
Run: 04, Epoch: 67, Loss: 0.0004, lr: 0.000082, Train: 0.9876, Valid: 0.8639, Test: 0.9061
Run: 04, Epoch: 68, Loss: 0.0004, lr: 0.000082, Train: 0.9879, Valid: 0.8639, Test: 0.9062
Run: 04, Epoch: 69, Loss: 0.0004, lr: 0.000082, Train: 0.9882, Valid: 0.8638, Test: 0.9063
Run: 04, Epoch: 70, Loss: 0.0004, lr: 0.000082, Train: 0.9884, Valid: 0.8637, Test: 0.9064
Run: 04, Epoch: 71, Loss: 0.0004, lr: 0.000082, Train: 0.9887, Valid: 0.8635, Test: 0.9064
Run: 04, Epoch: 72, Loss: 0.0004, lr: 0.000082, Train: 0.9889, Valid: 0.8632, Test: 0.9064
Run: 04, Epoch: 73, Loss: 0.0004, lr: 0.000058, Train: 0.9891, Valid: 0.8631, Test: 0.9065
Run: 04, Epoch: 74, Loss: 0.0004, lr: 0.000058, Train: 0.9892, Valid: 0.8629, Test: 0.9065
Run: 04, Epoch: 75, Loss: 0.0004, lr: 0.000058, Train: 0.9894, Valid: 0.8628, Test: 0.9065
Run: 04, Epoch: 76, Loss: 0.0004, lr: 0.000058, Train: 0.9895, Valid: 0.8626, Test: 0.9064
Run: 04, Epoch: 77, Loss: 0.0004, lr: 0.000058, Train: 0.9896, Valid: 0.8624, Test: 0.9064
Run: 04, Epoch: 78, Loss: 0.0004, lr: 0.000058, Train: 0.9897, Valid: 0.8623, Test: 0.9063
Run: 04, Epoch: 79, Loss: 0.0004, lr: 0.000040, Train: 0.9898, Valid: 0.8622, Test: 0.9063
Run: 04, Epoch: 80, Loss: 0.0004, lr: 0.000040, Train: 0.9899, Valid: 0.8621, Test: 0.9062
Run: 04, Epoch: 81, Loss: 0.0004, lr: 0.000040, Train: 0.9899, Valid: 0.8620, Test: 0.9062
Run: 04, Epoch: 82, Loss: 0.0004, lr: 0.000040, Train: 0.9900, Valid: 0.8619, Test: 0.9061
Run: 04, Epoch: 83, Loss: 0.0004, lr: 0.000040, Train: 0.9900, Valid: 0.8617, Test: 0.9061
Run: 04, Epoch: 84, Loss: 0.0004, lr: 0.000040, Train: 0.9901, Valid: 0.8616, Test: 0.9060
Run: 04, Epoch: 85, Loss: 0.0004, lr: 0.000028, Train: 0.9901, Valid: 0.8615, Test: 0.9060
Run: 04, Epoch: 86, Loss: 0.0004, lr: 0.000028, Train: 0.9902, Valid: 0.8614, Test: 0.9059
Run: 04, Epoch: 87, Loss: 0.0004, lr: 0.000028, Train: 0.9902, Valid: 0.8613, Test: 0.9059
Run: 04, Epoch: 88, Loss: 0.0004, lr: 0.000028, Train: 0.9902, Valid: 0.8612, Test: 0.9058
Run: 04, Epoch: 89, Loss: 0.0004, lr: 0.000028, Train: 0.9903, Valid: 0.8611, Test: 0.9058
Run: 04, Epoch: 90, Loss: 0.0004, lr: 0.000028, Train: 0.9903, Valid: 0.8609, Test: 0.9057
Run: 04, Epoch: 91, Loss: 0.0004, lr: 0.000020, Train: 0.9903, Valid: 0.8609, Test: 0.9057
Run: 04, Epoch: 92, Loss: 0.0004, lr: 0.000020, Train: 0.9903, Valid: 0.8608, Test: 0.9057
Run: 04, Epoch: 93, Loss: 0.0004, lr: 0.000020, Train: 0.9904, Valid: 0.8607, Test: 0.9057
Run: 04, Epoch: 94, Loss: 0.0004, lr: 0.000020, Train: 0.9904, Valid: 0.8606, Test: 0.9056
Run: 04, Epoch: 95, Loss: 0.0004, lr: 0.000020, Train: 0.9904, Valid: 0.8605, Test: 0.9056
Run: 04, Epoch: 96, Loss: 0.0004, lr: 0.000020, Train: 0.9904, Valid: 0.8605, Test: 0.9056
Run: 04, Epoch: 97, Loss: 0.0004, lr: 0.000014, Train: 0.9904, Valid: 0.8604, Test: 0.9056
Run: 04, Epoch: 98, Loss: 0.0004, lr: 0.000014, Train: 0.9904, Valid: 0.8604, Test: 0.9056
Run: 04, Epoch: 99, Loss: 0.0004, lr: 0.000014, Train: 0.9905, Valid: 0.8603, Test: 0.9056
Run: 04, Epoch: 100, Loss: 0.0004, lr: 0.000014, Train: 0.9905, Valid: 0.8603, Test: 0.9055
Run 04:
Highest Train: 0.99
Highest Valid: 0.87
  Final Train: 0.98
   Final Test: 0.91
Run: 05, Epoch: 01, Loss: 0.0290, lr: 0.001000, Train: 0.5575, Valid: 0.1595, Test: 0.3103
Run: 05, Epoch: 02, Loss: 0.0091, lr: 0.001000, Train: 0.6577, Valid: 0.2021, Test: 0.3302
Run: 05, Epoch: 03, Loss: 0.0106, lr: 0.001000, Train: 0.6848, Valid: 0.2029, Test: 0.3103
Run: 05, Epoch: 04, Loss: 0.0096, lr: 0.001000, Train: 0.6961, Valid: 0.1910, Test: 0.2816
Run: 05, Epoch: 05, Loss: 0.0082, lr: 0.001000, Train: 0.7040, Valid: 0.1689, Test: 0.2531
Run: 05, Epoch: 06, Loss: 0.0065, lr: 0.001000, Train: 0.7136, Valid: 0.1533, Test: 0.2344
Run: 05, Epoch: 07, Loss: 0.0048, lr: 0.001000, Train: 0.7214, Valid: 0.1560, Test: 0.2329
Run: 05, Epoch: 08, Loss: 0.0035, lr: 0.001000, Train: 0.7245, Valid: 0.1846, Test: 0.2498
Run: 05, Epoch: 09, Loss: 0.0029, lr: 0.001000, Train: 0.7270, Valid: 0.2403, Test: 0.3018
Run: 05, Epoch: 10, Loss: 0.0029, lr: 0.001000, Train: 0.7359, Valid: 0.3153, Test: 0.3785
Run: 05, Epoch: 11, Loss: 0.0030, lr: 0.001000, Train: 0.7544, Valid: 0.3974, Test: 0.4647
Run: 05, Epoch: 12, Loss: 0.0029, lr: 0.001000, Train: 0.7807, Valid: 0.4764, Test: 0.5504
Run: 05, Epoch: 13, Loss: 0.0027, lr: 0.001000, Train: 0.8119, Valid: 0.5429, Test: 0.6218
Run: 05, Epoch: 14, Loss: 0.0023, lr: 0.001000, Train: 0.8417, Valid: 0.5925, Test: 0.6717
Run: 05, Epoch: 15, Loss: 0.0020, lr: 0.001000, Train: 0.8659, Valid: 0.6204, Test: 0.6978
Run: 05, Epoch: 16, Loss: 0.0017, lr: 0.001000, Train: 0.8829, Valid: 0.6284, Test: 0.6990
Run: 05, Epoch: 17, Loss: 0.0015, lr: 0.001000, Train: 0.8927, Valid: 0.6199, Test: 0.6802
Run: 05, Epoch: 18, Loss: 0.0014, lr: 0.001000, Train: 0.8983, Valid: 0.6043, Test: 0.6541
Run: 05, Epoch: 19, Loss: 0.0014, lr: 0.001000, Train: 0.9031, Valid: 0.5894, Test: 0.6318
Run: 05, Epoch: 20, Loss: 0.0014, lr: 0.001000, Train: 0.9102, Valid: 0.5843, Test: 0.6257
Run: 05, Epoch: 21, Loss: 0.0014, lr: 0.001000, Train: 0.9203, Valid: 0.5911, Test: 0.6397
Run: 05, Epoch: 22, Loss: 0.0013, lr: 0.001000, Train: 0.9325, Valid: 0.6102, Test: 0.6712
Run: 05, Epoch: 23, Loss: 0.0012, lr: 0.000700, Train: 0.9434, Valid: 0.6322, Test: 0.7050
Run: 05, Epoch: 24, Loss: 0.0011, lr: 0.000700, Train: 0.9530, Valid: 0.6561, Test: 0.7389
Run: 05, Epoch: 25, Loss: 0.0010, lr: 0.000700, Train: 0.9604, Valid: 0.6776, Test: 0.7690
Run: 05, Epoch: 26, Loss: 0.0009, lr: 0.000700, Train: 0.9653, Valid: 0.6941, Test: 0.7941
Run: 05, Epoch: 27, Loss: 0.0008, lr: 0.000700, Train: 0.9679, Valid: 0.7047, Test: 0.8119
Run: 05, Epoch: 28, Loss: 0.0008, lr: 0.000700, Train: 0.9688, Valid: 0.7098, Test: 0.8224
Run: 05, Epoch: 29, Loss: 0.0007, lr: 0.000700, Train: 0.9689, Valid: 0.7106, Test: 0.8269
Run: 05, Epoch: 30, Loss: 0.0007, lr: 0.000700, Train: 0.9688, Valid: 0.7087, Test: 0.8272
Run: 05, Epoch: 31, Loss: 0.0007, lr: 0.000700, Train: 0.9689, Valid: 0.7052, Test: 0.8248
Run: 05, Epoch: 32, Loss: 0.0007, lr: 0.000700, Train: 0.9695, Valid: 0.7018, Test: 0.8216
Run: 05, Epoch: 33, Loss: 0.0006, lr: 0.000700, Train: 0.9707, Valid: 0.6997, Test: 0.8185
Run: 05, Epoch: 34, Loss: 0.0006, lr: 0.000700, Train: 0.9722, Valid: 0.6992, Test: 0.8155
Run: 05, Epoch: 35, Loss: 0.0006, lr: 0.000700, Train: 0.9740, Valid: 0.7003, Test: 0.8129
Run: 05, Epoch: 36, Loss: 0.0005, lr: 0.000490, Train: 0.9760, Valid: 0.7020, Test: 0.8114
Run: 05, Epoch: 37, Loss: 0.0005, lr: 0.000490, Train: 0.9781, Valid: 0.7044, Test: 0.8104
Run: 05, Epoch: 38, Loss: 0.0005, lr: 0.000490, Train: 0.9800, Valid: 0.7070, Test: 0.8094
Run: 05, Epoch: 39, Loss: 0.0005, lr: 0.000490, Train: 0.9816, Valid: 0.7086, Test: 0.8079
Run: 05, Epoch: 40, Loss: 0.0004, lr: 0.000490, Train: 0.9831, Valid: 0.7089, Test: 0.8056
Run: 05, Epoch: 41, Loss: 0.0004, lr: 0.000490, Train: 0.9845, Valid: 0.7076, Test: 0.8027
Run: 05, Epoch: 42, Loss: 0.0004, lr: 0.000343, Train: 0.9856, Valid: 0.7056, Test: 0.7996
Run: 05, Epoch: 43, Loss: 0.0004, lr: 0.000343, Train: 0.9865, Valid: 0.7025, Test: 0.7962
Run: 05, Epoch: 44, Loss: 0.0004, lr: 0.000343, Train: 0.9871, Valid: 0.6987, Test: 0.7923
Run: 05, Epoch: 45, Loss: 0.0004, lr: 0.000343, Train: 0.9876, Valid: 0.6944, Test: 0.7883
Run: 05, Epoch: 46, Loss: 0.0004, lr: 0.000343, Train: 0.9879, Valid: 0.6899, Test: 0.7844
Run: 05, Epoch: 47, Loss: 0.0003, lr: 0.000343, Train: 0.9880, Valid: 0.6855, Test: 0.7805
Run: 05, Epoch: 48, Loss: 0.0003, lr: 0.000240, Train: 0.9883, Valid: 0.6831, Test: 0.7777
Run: 05, Epoch: 49, Loss: 0.0003, lr: 0.000240, Train: 0.9885, Valid: 0.6811, Test: 0.7750
Run: 05, Epoch: 50, Loss: 0.0003, lr: 0.000240, Train: 0.9888, Valid: 0.6796, Test: 0.7725
Run: 05, Epoch: 51, Loss: 0.0003, lr: 0.000240, Train: 0.9890, Valid: 0.6785, Test: 0.7704
Run: 05, Epoch: 52, Loss: 0.0003, lr: 0.000240, Train: 0.9892, Valid: 0.6777, Test: 0.7688
Run: 05, Epoch: 53, Loss: 0.0003, lr: 0.000240, Train: 0.9893, Valid: 0.6772, Test: 0.7674
Run: 05, Epoch: 54, Loss: 0.0003, lr: 0.000168, Train: 0.9897, Valid: 0.6772, Test: 0.7665
Run: 05, Epoch: 55, Loss: 0.0003, lr: 0.000168, Train: 0.9900, Valid: 0.6773, Test: 0.7657
Run: 05, Epoch: 56, Loss: 0.0003, lr: 0.000168, Train: 0.9902, Valid: 0.6773, Test: 0.7650
Run: 05, Epoch: 57, Loss: 0.0003, lr: 0.000168, Train: 0.9905, Valid: 0.6773, Test: 0.7645
Run: 05, Epoch: 58, Loss: 0.0003, lr: 0.000168, Train: 0.9907, Valid: 0.6772, Test: 0.7640
Run: 05, Epoch: 59, Loss: 0.0003, lr: 0.000168, Train: 0.9910, Valid: 0.6770, Test: 0.7635
Run: 05, Epoch: 60, Loss: 0.0003, lr: 0.000118, Train: 0.9913, Valid: 0.6771, Test: 0.7630
Run: 05, Epoch: 61, Loss: 0.0003, lr: 0.000118, Train: 0.9915, Valid: 0.6771, Test: 0.7624
Run: 05, Epoch: 62, Loss: 0.0003, lr: 0.000118, Train: 0.9918, Valid: 0.6769, Test: 0.7618
Run: 05, Epoch: 63, Loss: 0.0003, lr: 0.000118, Train: 0.9920, Valid: 0.6768, Test: 0.7613
Run: 05, Epoch: 64, Loss: 0.0002, lr: 0.000118, Train: 0.9922, Valid: 0.6765, Test: 0.7608
Run: 05, Epoch: 65, Loss: 0.0002, lr: 0.000118, Train: 0.9924, Valid: 0.6762, Test: 0.7604
Run: 05, Epoch: 66, Loss: 0.0002, lr: 0.000082, Train: 0.9926, Valid: 0.6762, Test: 0.7599
Run: 05, Epoch: 67, Loss: 0.0002, lr: 0.000082, Train: 0.9928, Valid: 0.6762, Test: 0.7594
Run: 05, Epoch: 68, Loss: 0.0002, lr: 0.000082, Train: 0.9930, Valid: 0.6761, Test: 0.7589
Run: 05, Epoch: 69, Loss: 0.0002, lr: 0.000082, Train: 0.9932, Valid: 0.6760, Test: 0.7584
Run: 05, Epoch: 70, Loss: 0.0002, lr: 0.000082, Train: 0.9933, Valid: 0.6759, Test: 0.7579
Run: 05, Epoch: 71, Loss: 0.0002, lr: 0.000082, Train: 0.9934, Valid: 0.6758, Test: 0.7574
Run: 05, Epoch: 72, Loss: 0.0002, lr: 0.000058, Train: 0.9936, Valid: 0.6758, Test: 0.7570
Run: 05, Epoch: 73, Loss: 0.0002, lr: 0.000058, Train: 0.9937, Valid: 0.6757, Test: 0.7565
Run: 05, Epoch: 74, Loss: 0.0002, lr: 0.000058, Train: 0.9938, Valid: 0.6757, Test: 0.7561
Run: 05, Epoch: 75, Loss: 0.0002, lr: 0.000058, Train: 0.9939, Valid: 0.6756, Test: 0.7556
Run: 05, Epoch: 76, Loss: 0.0002, lr: 0.000058, Train: 0.9940, Valid: 0.6755, Test: 0.7552
Run: 05, Epoch: 77, Loss: 0.0002, lr: 0.000058, Train: 0.9941, Valid: 0.6753, Test: 0.7548
Run: 05, Epoch: 78, Loss: 0.0002, lr: 0.000040, Train: 0.9941, Valid: 0.6753, Test: 0.7543
Run: 05, Epoch: 79, Loss: 0.0002, lr: 0.000040, Train: 0.9942, Valid: 0.6752, Test: 0.7539
Run: 05, Epoch: 80, Loss: 0.0002, lr: 0.000040, Train: 0.9943, Valid: 0.6751, Test: 0.7535
Run: 05, Epoch: 81, Loss: 0.0002, lr: 0.000040, Train: 0.9943, Valid: 0.6749, Test: 0.7531
Run: 05, Epoch: 82, Loss: 0.0002, lr: 0.000040, Train: 0.9944, Valid: 0.6747, Test: 0.7528
Run: 05, Epoch: 83, Loss: 0.0002, lr: 0.000040, Train: 0.9944, Valid: 0.6745, Test: 0.7524
Run: 05, Epoch: 84, Loss: 0.0002, lr: 0.000028, Train: 0.9945, Valid: 0.6744, Test: 0.7521
Run: 05, Epoch: 85, Loss: 0.0002, lr: 0.000028, Train: 0.9945, Valid: 0.6742, Test: 0.7517
Run: 05, Epoch: 86, Loss: 0.0002, lr: 0.000028, Train: 0.9945, Valid: 0.6740, Test: 0.7514
Run: 05, Epoch: 87, Loss: 0.0002, lr: 0.000028, Train: 0.9946, Valid: 0.6739, Test: 0.7510
Run: 05, Epoch: 88, Loss: 0.0002, lr: 0.000028, Train: 0.9946, Valid: 0.6737, Test: 0.7507
Run: 05, Epoch: 89, Loss: 0.0002, lr: 0.000028, Train: 0.9946, Valid: 0.6735, Test: 0.7504
Run: 05, Epoch: 90, Loss: 0.0002, lr: 0.000020, Train: 0.9946, Valid: 0.6734, Test: 0.7501
Run: 05, Epoch: 91, Loss: 0.0002, lr: 0.000020, Train: 0.9947, Valid: 0.6732, Test: 0.7498
Run: 05, Epoch: 92, Loss: 0.0002, lr: 0.000020, Train: 0.9947, Valid: 0.6731, Test: 0.7495
Run: 05, Epoch: 93, Loss: 0.0002, lr: 0.000020, Train: 0.9947, Valid: 0.6729, Test: 0.7492
Run: 05, Epoch: 94, Loss: 0.0002, lr: 0.000020, Train: 0.9947, Valid: 0.6728, Test: 0.7490
Run: 05, Epoch: 95, Loss: 0.0002, lr: 0.000020, Train: 0.9947, Valid: 0.6726, Test: 0.7487
Run: 05, Epoch: 96, Loss: 0.0002, lr: 0.000014, Train: 0.9948, Valid: 0.6725, Test: 0.7485
Run: 05, Epoch: 97, Loss: 0.0002, lr: 0.000014, Train: 0.9948, Valid: 0.6724, Test: 0.7482
Run: 05, Epoch: 98, Loss: 0.0002, lr: 0.000014, Train: 0.9948, Valid: 0.6723, Test: 0.7480
Run: 05, Epoch: 99, Loss: 0.0002, lr: 0.000014, Train: 0.9948, Valid: 0.6721, Test: 0.7478
Run: 05, Epoch: 100, Loss: 0.0002, lr: 0.000014, Train: 0.9948, Valid: 0.6720, Test: 0.7476
Run 05:
Highest Train: 0.99
Highest Valid: 0.71
  Final Train: 0.97
   Final Test: 0.83
Run: 06, Epoch: 01, Loss: 0.0373, lr: 0.001000, Train: 0.4678, Valid: -0.4690, Test: 0.3586
Run: 06, Epoch: 02, Loss: 0.0063, lr: 0.001000, Train: 0.6437, Valid: 0.0125, Test: 0.5497
Run: 06, Epoch: 03, Loss: 0.0084, lr: 0.001000, Train: 0.7136, Valid: 0.2111, Test: 0.6288
Run: 06, Epoch: 04, Loss: 0.0085, lr: 0.001000, Train: 0.7367, Valid: 0.2611, Test: 0.6533
Run: 06, Epoch: 05, Loss: 0.0070, lr: 0.001000, Train: 0.7292, Valid: 0.2265, Test: 0.6505
Run: 06, Epoch: 06, Loss: 0.0052, lr: 0.001000, Train: 0.7030, Valid: 0.1434, Test: 0.6344
Run: 06, Epoch: 07, Loss: 0.0039, lr: 0.001000, Train: 0.6723, Valid: 0.0490, Test: 0.6147
Run: 06, Epoch: 08, Loss: 0.0031, lr: 0.001000, Train: 0.6515, Valid: -0.0308, Test: 0.5975
Run: 06, Epoch: 09, Loss: 0.0026, lr: 0.001000, Train: 0.6458, Valid: -0.0812, Test: 0.5871
Run: 06, Epoch: 10, Loss: 0.0022, lr: 0.001000, Train: 0.6564, Valid: -0.0882, Test: 0.5910
Run: 06, Epoch: 11, Loss: 0.0019, lr: 0.000700, Train: 0.6801, Valid: -0.0439, Test: 0.6115
Run: 06, Epoch: 12, Loss: 0.0017, lr: 0.000700, Train: 0.7064, Valid: 0.0127, Test: 0.6361
Run: 06, Epoch: 13, Loss: 0.0016, lr: 0.000700, Train: 0.7335, Valid: 0.0696, Test: 0.6621
Run: 06, Epoch: 14, Loss: 0.0015, lr: 0.000700, Train: 0.7617, Valid: 0.1178, Test: 0.6886
Run: 06, Epoch: 15, Loss: 0.0014, lr: 0.000700, Train: 0.7908, Valid: 0.1601, Test: 0.7147
Run: 06, Epoch: 16, Loss: 0.0013, lr: 0.000700, Train: 0.8186, Valid: 0.2049, Test: 0.7395
Run: 06, Epoch: 17, Loss: 0.0012, lr: 0.000490, Train: 0.8434, Valid: 0.2630, Test: 0.7626
Run: 06, Epoch: 18, Loss: 0.0011, lr: 0.000490, Train: 0.8656, Valid: 0.3220, Test: 0.7839
Run: 06, Epoch: 19, Loss: 0.0010, lr: 0.000490, Train: 0.8841, Valid: 0.3783, Test: 0.8027
Run: 06, Epoch: 20, Loss: 0.0010, lr: 0.000490, Train: 0.8982, Valid: 0.4257, Test: 0.8176
Run: 06, Epoch: 21, Loss: 0.0009, lr: 0.000490, Train: 0.9089, Valid: 0.4666, Test: 0.8299
Run: 06, Epoch: 22, Loss: 0.0009, lr: 0.000490, Train: 0.9171, Valid: 0.5006, Test: 0.8402
Run: 06, Epoch: 23, Loss: 0.0008, lr: 0.000490, Train: 0.9233, Valid: 0.5270, Test: 0.8480
Run: 06, Epoch: 24, Loss: 0.0008, lr: 0.000490, Train: 0.9283, Valid: 0.5464, Test: 0.8539
Run: 06, Epoch: 25, Loss: 0.0008, lr: 0.000490, Train: 0.9332, Valid: 0.5607, Test: 0.8588
Run: 06, Epoch: 26, Loss: 0.0007, lr: 0.000490, Train: 0.9381, Valid: 0.5709, Test: 0.8630
Run: 06, Epoch: 27, Loss: 0.0007, lr: 0.000490, Train: 0.9429, Valid: 0.5777, Test: 0.8664
Run: 06, Epoch: 28, Loss: 0.0006, lr: 0.000490, Train: 0.9473, Valid: 0.5827, Test: 0.8695
Run: 06, Epoch: 29, Loss: 0.0006, lr: 0.000490, Train: 0.9511, Valid: 0.5871, Test: 0.8721
Run: 06, Epoch: 30, Loss: 0.0006, lr: 0.000490, Train: 0.9543, Valid: 0.5919, Test: 0.8746
Run: 06, Epoch: 31, Loss: 0.0006, lr: 0.000490, Train: 0.9570, Valid: 0.5974, Test: 0.8769
Run: 06, Epoch: 32, Loss: 0.0006, lr: 0.000490, Train: 0.9594, Valid: 0.6032, Test: 0.8793
Run: 06, Epoch: 33, Loss: 0.0005, lr: 0.000490, Train: 0.9615, Valid: 0.6095, Test: 0.8815
Run: 06, Epoch: 34, Loss: 0.0005, lr: 0.000490, Train: 0.9634, Valid: 0.6157, Test: 0.8836
Run: 06, Epoch: 35, Loss: 0.0005, lr: 0.000490, Train: 0.9652, Valid: 0.6213, Test: 0.8854
Run: 06, Epoch: 36, Loss: 0.0005, lr: 0.000490, Train: 0.9670, Valid: 0.6265, Test: 0.8870
Run: 06, Epoch: 37, Loss: 0.0004, lr: 0.000490, Train: 0.9688, Valid: 0.6312, Test: 0.8885
Run: 06, Epoch: 38, Loss: 0.0004, lr: 0.000490, Train: 0.9704, Valid: 0.6352, Test: 0.8898
Run: 06, Epoch: 39, Loss: 0.0004, lr: 0.000490, Train: 0.9718, Valid: 0.6380, Test: 0.8909
Run: 06, Epoch: 40, Loss: 0.0004, lr: 0.000490, Train: 0.9728, Valid: 0.6389, Test: 0.8915
Run: 06, Epoch: 41, Loss: 0.0004, lr: 0.000490, Train: 0.9734, Valid: 0.6385, Test: 0.8919
Run: 06, Epoch: 42, Loss: 0.0004, lr: 0.000490, Train: 0.9739, Valid: 0.6368, Test: 0.8920
Run: 06, Epoch: 43, Loss: 0.0003, lr: 0.000490, Train: 0.9742, Valid: 0.6343, Test: 0.8919
Run: 06, Epoch: 44, Loss: 0.0003, lr: 0.000490, Train: 0.9745, Valid: 0.6307, Test: 0.8916
Run: 06, Epoch: 45, Loss: 0.0003, lr: 0.000490, Train: 0.9747, Valid: 0.6258, Test: 0.8912
Run: 06, Epoch: 46, Loss: 0.0003, lr: 0.000490, Train: 0.9750, Valid: 0.6204, Test: 0.8908
Run: 06, Epoch: 47, Loss: 0.0003, lr: 0.000343, Train: 0.9763, Valid: 0.6211, Test: 0.8916
Run: 06, Epoch: 48, Loss: 0.0003, lr: 0.000343, Train: 0.9779, Valid: 0.6229, Test: 0.8927
Run: 06, Epoch: 49, Loss: 0.0003, lr: 0.000343, Train: 0.9795, Valid: 0.6261, Test: 0.8939
Run: 06, Epoch: 50, Loss: 0.0003, lr: 0.000343, Train: 0.9812, Valid: 0.6306, Test: 0.8954
Run: 06, Epoch: 51, Loss: 0.0003, lr: 0.000343, Train: 0.9827, Valid: 0.6355, Test: 0.8969
Run: 06, Epoch: 52, Loss: 0.0003, lr: 0.000343, Train: 0.9842, Valid: 0.6404, Test: 0.8983
Run: 06, Epoch: 53, Loss: 0.0002, lr: 0.000343, Train: 0.9855, Valid: 0.6446, Test: 0.8997
Run: 06, Epoch: 54, Loss: 0.0002, lr: 0.000343, Train: 0.9866, Valid: 0.6477, Test: 0.9009
Run: 06, Epoch: 55, Loss: 0.0002, lr: 0.000343, Train: 0.9876, Valid: 0.6502, Test: 0.9019
Run: 06, Epoch: 56, Loss: 0.0002, lr: 0.000343, Train: 0.9885, Valid: 0.6525, Test: 0.9029
Run: 06, Epoch: 57, Loss: 0.0002, lr: 0.000343, Train: 0.9894, Valid: 0.6548, Test: 0.9037
Run: 06, Epoch: 58, Loss: 0.0002, lr: 0.000343, Train: 0.9902, Valid: 0.6569, Test: 0.9044
Run: 06, Epoch: 59, Loss: 0.0002, lr: 0.000343, Train: 0.9909, Valid: 0.6586, Test: 0.9050
Run: 06, Epoch: 60, Loss: 0.0002, lr: 0.000343, Train: 0.9915, Valid: 0.6598, Test: 0.9055
Run: 06, Epoch: 61, Loss: 0.0002, lr: 0.000343, Train: 0.9919, Valid: 0.6604, Test: 0.9057
Run: 06, Epoch: 62, Loss: 0.0002, lr: 0.000343, Train: 0.9922, Valid: 0.6613, Test: 0.9058
Run: 06, Epoch: 63, Loss: 0.0002, lr: 0.000343, Train: 0.9926, Valid: 0.6630, Test: 0.9058
Run: 06, Epoch: 64, Loss: 0.0002, lr: 0.000343, Train: 0.9931, Valid: 0.6652, Test: 0.9058
Run: 06, Epoch: 65, Loss: 0.0002, lr: 0.000343, Train: 0.9935, Valid: 0.6674, Test: 0.9058
Run: 06, Epoch: 66, Loss: 0.0002, lr: 0.000343, Train: 0.9939, Valid: 0.6688, Test: 0.9058
Run: 06, Epoch: 67, Loss: 0.0002, lr: 0.000343, Train: 0.9941, Valid: 0.6693, Test: 0.9056
Run: 06, Epoch: 68, Loss: 0.0002, lr: 0.000343, Train: 0.9943, Valid: 0.6696, Test: 0.9054
Run: 06, Epoch: 69, Loss: 0.0002, lr: 0.000343, Train: 0.9945, Valid: 0.6706, Test: 0.9054
Run: 06, Epoch: 70, Loss: 0.0001, lr: 0.000343, Train: 0.9947, Valid: 0.6709, Test: 0.9052
Run: 06, Epoch: 71, Loss: 0.0001, lr: 0.000343, Train: 0.9948, Valid: 0.6705, Test: 0.9050
Run: 06, Epoch: 72, Loss: 0.0001, lr: 0.000343, Train: 0.9949, Valid: 0.6707, Test: 0.9048
Run: 06, Epoch: 73, Loss: 0.0001, lr: 0.000343, Train: 0.9952, Valid: 0.6719, Test: 0.9047
Run: 06, Epoch: 74, Loss: 0.0001, lr: 0.000343, Train: 0.9955, Valid: 0.6737, Test: 0.9048
Run: 06, Epoch: 75, Loss: 0.0001, lr: 0.000343, Train: 0.9957, Valid: 0.6754, Test: 0.9049
Run: 06, Epoch: 76, Loss: 0.0001, lr: 0.000343, Train: 0.9959, Valid: 0.6766, Test: 0.9049
Run: 06, Epoch: 77, Loss: 0.0001, lr: 0.000343, Train: 0.9960, Valid: 0.6777, Test: 0.9050
Run: 06, Epoch: 78, Loss: 0.0001, lr: 0.000343, Train: 0.9962, Valid: 0.6790, Test: 0.9050
Run: 06, Epoch: 79, Loss: 0.0001, lr: 0.000343, Train: 0.9964, Valid: 0.6801, Test: 0.9051
Run: 06, Epoch: 80, Loss: 0.0001, lr: 0.000343, Train: 0.9966, Valid: 0.6807, Test: 0.9051
Run: 06, Epoch: 81, Loss: 0.0001, lr: 0.000343, Train: 0.9968, Valid: 0.6809, Test: 0.9051
Run: 06, Epoch: 82, Loss: 0.0001, lr: 0.000343, Train: 0.9969, Valid: 0.6803, Test: 0.9051
Run: 06, Epoch: 83, Loss: 0.0001, lr: 0.000343, Train: 0.9970, Valid: 0.6800, Test: 0.9051
Run: 06, Epoch: 84, Loss: 0.0001, lr: 0.000343, Train: 0.9972, Valid: 0.6802, Test: 0.9052
Run: 06, Epoch: 85, Loss: 0.0001, lr: 0.000343, Train: 0.9973, Valid: 0.6807, Test: 0.9053
Run: 06, Epoch: 86, Loss: 0.0001, lr: 0.000343, Train: 0.9974, Valid: 0.6809, Test: 0.9055
Run: 06, Epoch: 87, Loss: 0.0001, lr: 0.000343, Train: 0.9975, Valid: 0.6812, Test: 0.9056
Run: 06, Epoch: 88, Loss: 0.0001, lr: 0.000343, Train: 0.9976, Valid: 0.6824, Test: 0.9058
Run: 06, Epoch: 89, Loss: 0.0001, lr: 0.000343, Train: 0.9978, Valid: 0.6841, Test: 0.9060
Run: 06, Epoch: 90, Loss: 0.0001, lr: 0.000343, Train: 0.9980, Valid: 0.6854, Test: 0.9063
Run: 06, Epoch: 91, Loss: 0.0001, lr: 0.000343, Train: 0.9981, Valid: 0.6857, Test: 0.9064
Run: 06, Epoch: 92, Loss: 0.0001, lr: 0.000343, Train: 0.9982, Valid: 0.6855, Test: 0.9065
Run: 06, Epoch: 93, Loss: 0.0001, lr: 0.000343, Train: 0.9983, Valid: 0.6852, Test: 0.9064
Run: 06, Epoch: 94, Loss: 0.0001, lr: 0.000343, Train: 0.9983, Valid: 0.6851, Test: 0.9064
Run: 06, Epoch: 95, Loss: 0.0000, lr: 0.000343, Train: 0.9984, Valid: 0.6846, Test: 0.9064
Run: 06, Epoch: 96, Loss: 0.0000, lr: 0.000343, Train: 0.9985, Valid: 0.6837, Test: 0.9063
Run: 06, Epoch: 97, Loss: 0.0000, lr: 0.000343, Train: 0.9986, Valid: 0.6833, Test: 0.9063
Run: 06, Epoch: 98, Loss: 0.0000, lr: 0.000240, Train: 0.9986, Valid: 0.6835, Test: 0.9063
Run: 06, Epoch: 99, Loss: 0.0000, lr: 0.000240, Train: 0.9987, Valid: 0.6837, Test: 0.9063
Run: 06, Epoch: 100, Loss: 0.0000, lr: 0.000240, Train: 0.9988, Valid: 0.6836, Test: 0.9062
Run 06:
Highest Train: 1.00
Highest Valid: 0.69
  Final Train: 1.00
   Final Test: 0.91
Run: 07, Epoch: 01, Loss: 0.0735, lr: 0.001000, Train: 0.2609, Valid: -0.5068, Test: 0.1086
Run: 07, Epoch: 02, Loss: 0.0151, lr: 0.001000, Train: 0.5261, Valid: -0.0472, Test: 0.3478
Run: 07, Epoch: 03, Loss: 0.0105, lr: 0.001000, Train: 0.6630, Valid: 0.2336, Test: 0.4796
Run: 07, Epoch: 04, Loss: 0.0095, lr: 0.001000, Train: 0.7330, Valid: 0.4176, Test: 0.5582
Run: 07, Epoch: 05, Loss: 0.0089, lr: 0.001000, Train: 0.7727, Valid: 0.5369, Test: 0.6094
Run: 07, Epoch: 06, Loss: 0.0086, lr: 0.001000, Train: 0.7966, Valid: 0.6123, Test: 0.6388
Run: 07, Epoch: 07, Loss: 0.0079, lr: 0.001000, Train: 0.8117, Valid: 0.6558, Test: 0.6511
Run: 07, Epoch: 08, Loss: 0.0068, lr: 0.001000, Train: 0.8212, Valid: 0.6680, Test: 0.6517
Run: 07, Epoch: 09, Loss: 0.0055, lr: 0.001000, Train: 0.8261, Valid: 0.6580, Test: 0.6453
Run: 07, Epoch: 10, Loss: 0.0043, lr: 0.001000, Train: 0.8257, Valid: 0.6340, Test: 0.6363
Run: 07, Epoch: 11, Loss: 0.0035, lr: 0.001000, Train: 0.8222, Valid: 0.6030, Test: 0.6304
Run: 07, Epoch: 12, Loss: 0.0029, lr: 0.001000, Train: 0.8187, Valid: 0.5752, Test: 0.6275
Run: 07, Epoch: 13, Loss: 0.0026, lr: 0.001000, Train: 0.8203, Valid: 0.5579, Test: 0.6284
Run: 07, Epoch: 14, Loss: 0.0023, lr: 0.001000, Train: 0.8267, Valid: 0.5598, Test: 0.6308
Run: 07, Epoch: 15, Loss: 0.0022, lr: 0.000700, Train: 0.8384, Valid: 0.5866, Test: 0.6394
Run: 07, Epoch: 16, Loss: 0.0020, lr: 0.000700, Train: 0.8539, Valid: 0.6260, Test: 0.6526
Run: 07, Epoch: 17, Loss: 0.0019, lr: 0.000700, Train: 0.8720, Valid: 0.6734, Test: 0.6700
Run: 07, Epoch: 18, Loss: 0.0017, lr: 0.000700, Train: 0.8926, Valid: 0.7300, Test: 0.6901
Run: 07, Epoch: 19, Loss: 0.0016, lr: 0.000700, Train: 0.9103, Valid: 0.7710, Test: 0.7087
Run: 07, Epoch: 20, Loss: 0.0014, lr: 0.000700, Train: 0.9259, Valid: 0.8076, Test: 0.7285
Run: 07, Epoch: 21, Loss: 0.0013, lr: 0.000700, Train: 0.9399, Valid: 0.8392, Test: 0.7477
Run: 07, Epoch: 22, Loss: 0.0012, lr: 0.000700, Train: 0.9507, Valid: 0.8630, Test: 0.7652
Run: 07, Epoch: 23, Loss: 0.0011, lr: 0.000700, Train: 0.9567, Valid: 0.8766, Test: 0.7784
Run: 07, Epoch: 24, Loss: 0.0011, lr: 0.000700, Train: 0.9599, Valid: 0.8811, Test: 0.7890
Run: 07, Epoch: 25, Loss: 0.0010, lr: 0.000700, Train: 0.9615, Valid: 0.8799, Test: 0.7983
Run: 07, Epoch: 26, Loss: 0.0010, lr: 0.000700, Train: 0.9619, Valid: 0.8745, Test: 0.8063
Run: 07, Epoch: 27, Loss: 0.0009, lr: 0.000700, Train: 0.9607, Valid: 0.8690, Test: 0.8118
Run: 07, Epoch: 28, Loss: 0.0009, lr: 0.000700, Train: 0.9612, Valid: 0.8655, Test: 0.8162
Run: 07, Epoch: 29, Loss: 0.0008, lr: 0.000700, Train: 0.9630, Valid: 0.8617, Test: 0.8189
Run: 07, Epoch: 30, Loss: 0.0008, lr: 0.000700, Train: 0.9634, Valid: 0.8572, Test: 0.8179
Run: 07, Epoch: 31, Loss: 0.0007, lr: 0.000490, Train: 0.9642, Valid: 0.8555, Test: 0.8173
Run: 07, Epoch: 32, Loss: 0.0007, lr: 0.000490, Train: 0.9646, Valid: 0.8520, Test: 0.8149
Run: 07, Epoch: 33, Loss: 0.0007, lr: 0.000490, Train: 0.9641, Valid: 0.8463, Test: 0.8109
Run: 07, Epoch: 34, Loss: 0.0006, lr: 0.000490, Train: 0.9632, Valid: 0.8409, Test: 0.8062
Run: 07, Epoch: 35, Loss: 0.0006, lr: 0.000490, Train: 0.9638, Valid: 0.8368, Test: 0.8027
Run: 07, Epoch: 36, Loss: 0.0006, lr: 0.000490, Train: 0.9656, Valid: 0.8353, Test: 0.8009
Run: 07, Epoch: 37, Loss: 0.0005, lr: 0.000343, Train: 0.9681, Valid: 0.8394, Test: 0.8027
Run: 07, Epoch: 38, Loss: 0.0005, lr: 0.000343, Train: 0.9704, Valid: 0.8438, Test: 0.8052
Run: 07, Epoch: 39, Loss: 0.0005, lr: 0.000343, Train: 0.9724, Valid: 0.8483, Test: 0.8085
Run: 07, Epoch: 40, Loss: 0.0005, lr: 0.000343, Train: 0.9744, Valid: 0.8536, Test: 0.8125
Run: 07, Epoch: 41, Loss: 0.0005, lr: 0.000343, Train: 0.9766, Valid: 0.8601, Test: 0.8172
Run: 07, Epoch: 42, Loss: 0.0005, lr: 0.000343, Train: 0.9790, Valid: 0.8672, Test: 0.8226
Run: 07, Epoch: 43, Loss: 0.0004, lr: 0.000240, Train: 0.9814, Valid: 0.8739, Test: 0.8274
Run: 07, Epoch: 44, Loss: 0.0004, lr: 0.000240, Train: 0.9835, Valid: 0.8801, Test: 0.8317
Run: 07, Epoch: 45, Loss: 0.0004, lr: 0.000240, Train: 0.9854, Valid: 0.8859, Test: 0.8355
Run: 07, Epoch: 46, Loss: 0.0004, lr: 0.000240, Train: 0.9869, Valid: 0.8909, Test: 0.8386
Run: 07, Epoch: 47, Loss: 0.0004, lr: 0.000240, Train: 0.9880, Valid: 0.8948, Test: 0.8411
Run: 07, Epoch: 48, Loss: 0.0004, lr: 0.000240, Train: 0.9888, Valid: 0.8976, Test: 0.8430
Run: 07, Epoch: 49, Loss: 0.0004, lr: 0.000240, Train: 0.9894, Valid: 0.8994, Test: 0.8445
Run: 07, Epoch: 50, Loss: 0.0004, lr: 0.000240, Train: 0.9899, Valid: 0.9006, Test: 0.8456
Run: 07, Epoch: 51, Loss: 0.0004, lr: 0.000240, Train: 0.9903, Valid: 0.9015, Test: 0.8465
Run: 07, Epoch: 52, Loss: 0.0004, lr: 0.000240, Train: 0.9907, Valid: 0.9023, Test: 0.8471
Run: 07, Epoch: 53, Loss: 0.0003, lr: 0.000240, Train: 0.9910, Valid: 0.9030, Test: 0.8475
Run: 07, Epoch: 54, Loss: 0.0003, lr: 0.000240, Train: 0.9914, Valid: 0.9038, Test: 0.8478
Run: 07, Epoch: 55, Loss: 0.0003, lr: 0.000240, Train: 0.9917, Valid: 0.9046, Test: 0.8481
Run: 07, Epoch: 56, Loss: 0.0003, lr: 0.000240, Train: 0.9919, Valid: 0.9054, Test: 0.8485
Run: 07, Epoch: 57, Loss: 0.0003, lr: 0.000240, Train: 0.9921, Valid: 0.9061, Test: 0.8489
Run: 07, Epoch: 58, Loss: 0.0003, lr: 0.000240, Train: 0.9923, Valid: 0.9067, Test: 0.8494
Run: 07, Epoch: 59, Loss: 0.0003, lr: 0.000240, Train: 0.9925, Valid: 0.9073, Test: 0.8499
Run: 07, Epoch: 60, Loss: 0.0003, lr: 0.000240, Train: 0.9927, Valid: 0.9077, Test: 0.8504
Run: 07, Epoch: 61, Loss: 0.0003, lr: 0.000240, Train: 0.9928, Valid: 0.9079, Test: 0.8509
Run: 07, Epoch: 62, Loss: 0.0003, lr: 0.000240, Train: 0.9929, Valid: 0.9077, Test: 0.8513
Run: 07, Epoch: 63, Loss: 0.0003, lr: 0.000240, Train: 0.9930, Valid: 0.9073, Test: 0.8515
Run: 07, Epoch: 64, Loss: 0.0003, lr: 0.000240, Train: 0.9931, Valid: 0.9068, Test: 0.8517
Run: 07, Epoch: 65, Loss: 0.0003, lr: 0.000240, Train: 0.9931, Valid: 0.9059, Test: 0.8518
Run: 07, Epoch: 66, Loss: 0.0003, lr: 0.000240, Train: 0.9932, Valid: 0.9050, Test: 0.8518
Run: 07, Epoch: 67, Loss: 0.0002, lr: 0.000240, Train: 0.9932, Valid: 0.9043, Test: 0.8516
Run: 07, Epoch: 68, Loss: 0.0002, lr: 0.000168, Train: 0.9933, Valid: 0.9040, Test: 0.8517
Run: 07, Epoch: 69, Loss: 0.0002, lr: 0.000168, Train: 0.9934, Valid: 0.9036, Test: 0.8518
Run: 07, Epoch: 70, Loss: 0.0002, lr: 0.000168, Train: 0.9935, Valid: 0.9032, Test: 0.8521
Run: 07, Epoch: 71, Loss: 0.0002, lr: 0.000168, Train: 0.9935, Valid: 0.9027, Test: 0.8524
Run: 07, Epoch: 72, Loss: 0.0002, lr: 0.000168, Train: 0.9936, Valid: 0.9023, Test: 0.8527
Run: 07, Epoch: 73, Loss: 0.0002, lr: 0.000168, Train: 0.9937, Valid: 0.9022, Test: 0.8530
Run: 07, Epoch: 74, Loss: 0.0002, lr: 0.000118, Train: 0.9938, Valid: 0.9024, Test: 0.8534
Run: 07, Epoch: 75, Loss: 0.0002, lr: 0.000118, Train: 0.9940, Valid: 0.9027, Test: 0.8537
Run: 07, Epoch: 76, Loss: 0.0002, lr: 0.000118, Train: 0.9941, Valid: 0.9029, Test: 0.8540
Run: 07, Epoch: 77, Loss: 0.0002, lr: 0.000118, Train: 0.9942, Valid: 0.9031, Test: 0.8544
Run: 07, Epoch: 78, Loss: 0.0002, lr: 0.000118, Train: 0.9943, Valid: 0.9033, Test: 0.8548
Run: 07, Epoch: 79, Loss: 0.0002, lr: 0.000118, Train: 0.9945, Valid: 0.9035, Test: 0.8551
Run: 07, Epoch: 80, Loss: 0.0002, lr: 0.000082, Train: 0.9946, Valid: 0.9038, Test: 0.8554
Run: 07, Epoch: 81, Loss: 0.0002, lr: 0.000082, Train: 0.9947, Valid: 0.9041, Test: 0.8557
Run: 07, Epoch: 82, Loss: 0.0002, lr: 0.000082, Train: 0.9947, Valid: 0.9044, Test: 0.8560
Run: 07, Epoch: 83, Loss: 0.0002, lr: 0.000082, Train: 0.9948, Valid: 0.9046, Test: 0.8563
Run: 07, Epoch: 84, Loss: 0.0002, lr: 0.000082, Train: 0.9949, Valid: 0.9048, Test: 0.8566
Run: 07, Epoch: 85, Loss: 0.0002, lr: 0.000082, Train: 0.9950, Valid: 0.9049, Test: 0.8568
Run: 07, Epoch: 86, Loss: 0.0002, lr: 0.000058, Train: 0.9951, Valid: 0.9051, Test: 0.8570
Run: 07, Epoch: 87, Loss: 0.0002, lr: 0.000058, Train: 0.9951, Valid: 0.9053, Test: 0.8572
Run: 07, Epoch: 88, Loss: 0.0002, lr: 0.000058, Train: 0.9952, Valid: 0.9055, Test: 0.8573
Run: 07, Epoch: 89, Loss: 0.0002, lr: 0.000058, Train: 0.9952, Valid: 0.9057, Test: 0.8574
Run: 07, Epoch: 90, Loss: 0.0002, lr: 0.000058, Train: 0.9953, Valid: 0.9058, Test: 0.8575
Run: 07, Epoch: 91, Loss: 0.0002, lr: 0.000058, Train: 0.9953, Valid: 0.9059, Test: 0.8576
Run: 07, Epoch: 92, Loss: 0.0002, lr: 0.000040, Train: 0.9954, Valid: 0.9061, Test: 0.8577
Run: 07, Epoch: 93, Loss: 0.0002, lr: 0.000040, Train: 0.9954, Valid: 0.9062, Test: 0.8578
Run: 07, Epoch: 94, Loss: 0.0002, lr: 0.000040, Train: 0.9954, Valid: 0.9063, Test: 0.8579
Run: 07, Epoch: 95, Loss: 0.0002, lr: 0.000040, Train: 0.9955, Valid: 0.9064, Test: 0.8579
Run: 07, Epoch: 96, Loss: 0.0002, lr: 0.000040, Train: 0.9955, Valid: 0.9064, Test: 0.8580
Run: 07, Epoch: 97, Loss: 0.0002, lr: 0.000040, Train: 0.9955, Valid: 0.9065, Test: 0.8580
Run: 07, Epoch: 98, Loss: 0.0002, lr: 0.000028, Train: 0.9955, Valid: 0.9065, Test: 0.8581
Run: 07, Epoch: 99, Loss: 0.0002, lr: 0.000028, Train: 0.9956, Valid: 0.9066, Test: 0.8581
Run: 07, Epoch: 100, Loss: 0.0002, lr: 0.000028, Train: 0.9956, Valid: 0.9066, Test: 0.8581
Run 07:
Highest Train: 1.00
Highest Valid: 0.91
  Final Train: 0.99
   Final Test: 0.85
Run: 08, Epoch: 01, Loss: 0.0259, lr: 0.001000, Train: 0.4979, Valid: 0.4182, Test: 0.5239
Run: 08, Epoch: 02, Loss: 0.0106, lr: 0.001000, Train: 0.6545, Valid: 0.5627, Test: 0.6757
Run: 08, Epoch: 03, Loss: 0.0091, lr: 0.001000, Train: 0.7037, Valid: 0.5901, Test: 0.7432
Run: 08, Epoch: 04, Loss: 0.0089, lr: 0.001000, Train: 0.7142, Valid: 0.5892, Test: 0.7670
Run: 08, Epoch: 05, Loss: 0.0080, lr: 0.001000, Train: 0.7184, Valid: 0.6027, Test: 0.7727
Run: 08, Epoch: 06, Loss: 0.0062, lr: 0.001000, Train: 0.7240, Valid: 0.6249, Test: 0.7685
Run: 08, Epoch: 07, Loss: 0.0043, lr: 0.001000, Train: 0.7261, Valid: 0.6392, Test: 0.7570
Run: 08, Epoch: 08, Loss: 0.0030, lr: 0.001000, Train: 0.7162, Valid: 0.6204, Test: 0.7400
Run: 08, Epoch: 09, Loss: 0.0025, lr: 0.001000, Train: 0.6929, Valid: 0.5656, Test: 0.7220
Run: 08, Epoch: 10, Loss: 0.0024, lr: 0.001000, Train: 0.6613, Valid: 0.4902, Test: 0.7080
Run: 08, Epoch: 11, Loss: 0.0025, lr: 0.001000, Train: 0.6318, Valid: 0.4163, Test: 0.7043
Run: 08, Epoch: 12, Loss: 0.0026, lr: 0.001000, Train: 0.6167, Valid: 0.3669, Test: 0.7122
Run: 08, Epoch: 13, Loss: 0.0026, lr: 0.001000, Train: 0.6220, Valid: 0.3566, Test: 0.7281
Run: 08, Epoch: 14, Loss: 0.0023, lr: 0.000700, Train: 0.6510, Valid: 0.3978, Test: 0.7471
Run: 08, Epoch: 15, Loss: 0.0020, lr: 0.000700, Train: 0.6881, Valid: 0.4587, Test: 0.7663
Run: 08, Epoch: 16, Loss: 0.0017, lr: 0.000700, Train: 0.7287, Valid: 0.5283, Test: 0.7846
Run: 08, Epoch: 17, Loss: 0.0014, lr: 0.000700, Train: 0.7689, Valid: 0.5966, Test: 0.8017
Run: 08, Epoch: 18, Loss: 0.0013, lr: 0.000700, Train: 0.8056, Valid: 0.6578, Test: 0.8177
Run: 08, Epoch: 19, Loss: 0.0012, lr: 0.000700, Train: 0.8365, Valid: 0.7061, Test: 0.8329
Run: 08, Epoch: 20, Loss: 0.0012, lr: 0.000700, Train: 0.8608, Valid: 0.7421, Test: 0.8463
Run: 08, Epoch: 21, Loss: 0.0012, lr: 0.000700, Train: 0.8794, Valid: 0.7675, Test: 0.8578
Run: 08, Epoch: 22, Loss: 0.0012, lr: 0.000700, Train: 0.8946, Valid: 0.7863, Test: 0.8690
Run: 08, Epoch: 23, Loss: 0.0012, lr: 0.000700, Train: 0.9074, Valid: 0.8010, Test: 0.8792
Run: 08, Epoch: 24, Loss: 0.0011, lr: 0.000700, Train: 0.9186, Valid: 0.8138, Test: 0.8882
Run: 08, Epoch: 25, Loss: 0.0011, lr: 0.000700, Train: 0.9291, Valid: 0.8265, Test: 0.8957
Run: 08, Epoch: 26, Loss: 0.0010, lr: 0.000700, Train: 0.9394, Valid: 0.8404, Test: 0.9023
Run: 08, Epoch: 27, Loss: 0.0009, lr: 0.000700, Train: 0.9495, Valid: 0.8544, Test: 0.9083
Run: 08, Epoch: 28, Loss: 0.0009, lr: 0.000700, Train: 0.9582, Valid: 0.8670, Test: 0.9131
Run: 08, Epoch: 29, Loss: 0.0008, lr: 0.000700, Train: 0.9649, Valid: 0.8769, Test: 0.9167
Run: 08, Epoch: 30, Loss: 0.0008, lr: 0.000700, Train: 0.9690, Valid: 0.8833, Test: 0.9185
Run: 08, Epoch: 31, Loss: 0.0007, lr: 0.000700, Train: 0.9711, Valid: 0.8864, Test: 0.9189
Run: 08, Epoch: 32, Loss: 0.0007, lr: 0.000700, Train: 0.9721, Valid: 0.8874, Test: 0.9188
Run: 08, Epoch: 33, Loss: 0.0007, lr: 0.000700, Train: 0.9727, Valid: 0.8877, Test: 0.9188
Run: 08, Epoch: 34, Loss: 0.0007, lr: 0.000700, Train: 0.9733, Valid: 0.8878, Test: 0.9192
Run: 08, Epoch: 35, Loss: 0.0006, lr: 0.000700, Train: 0.9740, Valid: 0.8878, Test: 0.9200
Run: 08, Epoch: 36, Loss: 0.0006, lr: 0.000700, Train: 0.9751, Valid: 0.8879, Test: 0.9213
Run: 08, Epoch: 37, Loss: 0.0006, lr: 0.000700, Train: 0.9766, Valid: 0.8882, Test: 0.9229
Run: 08, Epoch: 38, Loss: 0.0005, lr: 0.000700, Train: 0.9784, Valid: 0.8895, Test: 0.9245
Run: 08, Epoch: 39, Loss: 0.0005, lr: 0.000700, Train: 0.9805, Valid: 0.8917, Test: 0.9260
Run: 08, Epoch: 40, Loss: 0.0005, lr: 0.000700, Train: 0.9824, Valid: 0.8940, Test: 0.9274
Run: 08, Epoch: 41, Loss: 0.0005, lr: 0.000700, Train: 0.9839, Valid: 0.8961, Test: 0.9288
Run: 08, Epoch: 42, Loss: 0.0005, lr: 0.000700, Train: 0.9849, Valid: 0.8975, Test: 0.9300
Run: 08, Epoch: 43, Loss: 0.0004, lr: 0.000700, Train: 0.9853, Valid: 0.8982, Test: 0.9312
Run: 08, Epoch: 44, Loss: 0.0004, lr: 0.000700, Train: 0.9853, Valid: 0.8984, Test: 0.9323
Run: 08, Epoch: 45, Loss: 0.0004, lr: 0.000700, Train: 0.9850, Valid: 0.8980, Test: 0.9332
Run: 08, Epoch: 46, Loss: 0.0004, lr: 0.000700, Train: 0.9846, Valid: 0.8966, Test: 0.9340
Run: 08, Epoch: 47, Loss: 0.0004, lr: 0.000700, Train: 0.9841, Valid: 0.8944, Test: 0.9343
Run: 08, Epoch: 48, Loss: 0.0004, lr: 0.000700, Train: 0.9838, Valid: 0.8920, Test: 0.9342
Run: 08, Epoch: 49, Loss: 0.0003, lr: 0.000700, Train: 0.9839, Valid: 0.8902, Test: 0.9339
Run: 08, Epoch: 50, Loss: 0.0003, lr: 0.000700, Train: 0.9842, Valid: 0.8898, Test: 0.9332
Run: 08, Epoch: 51, Loss: 0.0003, lr: 0.000490, Train: 0.9849, Valid: 0.8905, Test: 0.9328
Run: 08, Epoch: 52, Loss: 0.0003, lr: 0.000490, Train: 0.9857, Valid: 0.8915, Test: 0.9324
Run: 08, Epoch: 53, Loss: 0.0003, lr: 0.000490, Train: 0.9866, Valid: 0.8927, Test: 0.9321
Run: 08, Epoch: 54, Loss: 0.0003, lr: 0.000490, Train: 0.9874, Valid: 0.8939, Test: 0.9318
Run: 08, Epoch: 55, Loss: 0.0003, lr: 0.000490, Train: 0.9881, Valid: 0.8950, Test: 0.9315
Run: 08, Epoch: 56, Loss: 0.0003, lr: 0.000490, Train: 0.9887, Valid: 0.8958, Test: 0.9312
Run: 08, Epoch: 57, Loss: 0.0003, lr: 0.000343, Train: 0.9892, Valid: 0.8964, Test: 0.9311
Run: 08, Epoch: 58, Loss: 0.0002, lr: 0.000343, Train: 0.9897, Valid: 0.8968, Test: 0.9310
Run: 08, Epoch: 59, Loss: 0.0002, lr: 0.000343, Train: 0.9900, Valid: 0.8972, Test: 0.9308
Run: 08, Epoch: 60, Loss: 0.0002, lr: 0.000343, Train: 0.9903, Valid: 0.8976, Test: 0.9306
Run: 08, Epoch: 61, Loss: 0.0002, lr: 0.000343, Train: 0.9904, Valid: 0.8979, Test: 0.9304
Run: 08, Epoch: 62, Loss: 0.0002, lr: 0.000343, Train: 0.9905, Valid: 0.8982, Test: 0.9302
Run: 08, Epoch: 63, Loss: 0.0002, lr: 0.000240, Train: 0.9908, Valid: 0.8981, Test: 0.9302
Run: 08, Epoch: 64, Loss: 0.0002, lr: 0.000240, Train: 0.9910, Valid: 0.8979, Test: 0.9301
Run: 08, Epoch: 65, Loss: 0.0002, lr: 0.000240, Train: 0.9912, Valid: 0.8977, Test: 0.9299
Run: 08, Epoch: 66, Loss: 0.0002, lr: 0.000240, Train: 0.9913, Valid: 0.8976, Test: 0.9296
Run: 08, Epoch: 67, Loss: 0.0002, lr: 0.000240, Train: 0.9914, Valid: 0.8975, Test: 0.9293
Run: 08, Epoch: 68, Loss: 0.0002, lr: 0.000240, Train: 0.9916, Valid: 0.8975, Test: 0.9290
Run: 08, Epoch: 69, Loss: 0.0002, lr: 0.000168, Train: 0.9918, Valid: 0.8975, Test: 0.9289
Run: 08, Epoch: 70, Loss: 0.0002, lr: 0.000168, Train: 0.9920, Valid: 0.8975, Test: 0.9288
Run: 08, Epoch: 71, Loss: 0.0002, lr: 0.000168, Train: 0.9922, Valid: 0.8976, Test: 0.9287
Run: 08, Epoch: 72, Loss: 0.0002, lr: 0.000168, Train: 0.9924, Valid: 0.8976, Test: 0.9285
Run: 08, Epoch: 73, Loss: 0.0002, lr: 0.000168, Train: 0.9925, Valid: 0.8976, Test: 0.9284
Run: 08, Epoch: 74, Loss: 0.0002, lr: 0.000168, Train: 0.9927, Valid: 0.8976, Test: 0.9283
Run: 08, Epoch: 75, Loss: 0.0002, lr: 0.000118, Train: 0.9929, Valid: 0.8975, Test: 0.9283
Run: 08, Epoch: 76, Loss: 0.0002, lr: 0.000118, Train: 0.9931, Valid: 0.8973, Test: 0.9283
Run: 08, Epoch: 77, Loss: 0.0002, lr: 0.000118, Train: 0.9933, Valid: 0.8972, Test: 0.9282
Run: 08, Epoch: 78, Loss: 0.0002, lr: 0.000118, Train: 0.9934, Valid: 0.8970, Test: 0.9282
Run: 08, Epoch: 79, Loss: 0.0002, lr: 0.000118, Train: 0.9936, Valid: 0.8969, Test: 0.9281
Run: 08, Epoch: 80, Loss: 0.0002, lr: 0.000118, Train: 0.9937, Valid: 0.8967, Test: 0.9280
Run: 08, Epoch: 81, Loss: 0.0002, lr: 0.000082, Train: 0.9939, Valid: 0.8965, Test: 0.9280
Run: 08, Epoch: 82, Loss: 0.0002, lr: 0.000082, Train: 0.9940, Valid: 0.8964, Test: 0.9280
Run: 08, Epoch: 83, Loss: 0.0002, lr: 0.000082, Train: 0.9942, Valid: 0.8963, Test: 0.9280
Run: 08, Epoch: 84, Loss: 0.0002, lr: 0.000082, Train: 0.9943, Valid: 0.8962, Test: 0.9279
Run: 08, Epoch: 85, Loss: 0.0002, lr: 0.000082, Train: 0.9944, Valid: 0.8961, Test: 0.9279
Run: 08, Epoch: 86, Loss: 0.0002, lr: 0.000082, Train: 0.9945, Valid: 0.8961, Test: 0.9278
Run: 08, Epoch: 87, Loss: 0.0002, lr: 0.000058, Train: 0.9946, Valid: 0.8961, Test: 0.9278
Run: 08, Epoch: 88, Loss: 0.0002, lr: 0.000058, Train: 0.9947, Valid: 0.8960, Test: 0.9278
Run: 08, Epoch: 89, Loss: 0.0002, lr: 0.000058, Train: 0.9948, Valid: 0.8960, Test: 0.9277
Run: 08, Epoch: 90, Loss: 0.0002, lr: 0.000058, Train: 0.9949, Valid: 0.8959, Test: 0.9277
Run: 08, Epoch: 91, Loss: 0.0002, lr: 0.000058, Train: 0.9950, Valid: 0.8958, Test: 0.9277
Run: 08, Epoch: 92, Loss: 0.0002, lr: 0.000058, Train: 0.9951, Valid: 0.8958, Test: 0.9276
Run: 08, Epoch: 93, Loss: 0.0002, lr: 0.000040, Train: 0.9951, Valid: 0.8957, Test: 0.9276
Run: 08, Epoch: 94, Loss: 0.0002, lr: 0.000040, Train: 0.9952, Valid: 0.8956, Test: 0.9276
Run: 08, Epoch: 95, Loss: 0.0002, lr: 0.000040, Train: 0.9953, Valid: 0.8955, Test: 0.9275
Run: 08, Epoch: 96, Loss: 0.0002, lr: 0.000040, Train: 0.9953, Valid: 0.8954, Test: 0.9275
Run: 08, Epoch: 97, Loss: 0.0002, lr: 0.000040, Train: 0.9954, Valid: 0.8953, Test: 0.9275
Run: 08, Epoch: 98, Loss: 0.0002, lr: 0.000040, Train: 0.9954, Valid: 0.8953, Test: 0.9274
Run: 08, Epoch: 99, Loss: 0.0001, lr: 0.000028, Train: 0.9955, Valid: 0.8952, Test: 0.9274
Run: 08, Epoch: 100, Loss: 0.0001, lr: 0.000028, Train: 0.9955, Valid: 0.8951, Test: 0.9274
Run 08:
Highest Train: 1.00
Highest Valid: 0.90
  Final Train: 0.99
   Final Test: 0.93
Run: 09, Epoch: 01, Loss: 0.0676, lr: 0.001000, Train: 0.3130, Valid: 0.3836, Test: 0.2135
Run: 09, Epoch: 02, Loss: 0.0055, lr: 0.001000, Train: 0.5650, Valid: 0.6462, Test: 0.5117
Run: 09, Epoch: 03, Loss: 0.0090, lr: 0.001000, Train: 0.6879, Valid: 0.7573, Test: 0.6461
Run: 09, Epoch: 04, Loss: 0.0108, lr: 0.001000, Train: 0.7521, Valid: 0.8088, Test: 0.7064
Run: 09, Epoch: 05, Loss: 0.0101, lr: 0.001000, Train: 0.7847, Valid: 0.8300, Test: 0.7202
Run: 09, Epoch: 06, Loss: 0.0086, lr: 0.001000, Train: 0.8013, Valid: 0.8426, Test: 0.7110
Run: 09, Epoch: 07, Loss: 0.0069, lr: 0.001000, Train: 0.8099, Valid: 0.8563, Test: 0.6965
Run: 09, Epoch: 08, Loss: 0.0053, lr: 0.001000, Train: 0.8130, Valid: 0.8700, Test: 0.6853
Run: 09, Epoch: 09, Loss: 0.0042, lr: 0.001000, Train: 0.8097, Valid: 0.8747, Test: 0.6735
Run: 09, Epoch: 10, Loss: 0.0035, lr: 0.001000, Train: 0.8021, Valid: 0.8728, Test: 0.6587
Run: 09, Epoch: 11, Loss: 0.0033, lr: 0.001000, Train: 0.7977, Valid: 0.8723, Test: 0.6423
Run: 09, Epoch: 12, Loss: 0.0032, lr: 0.001000, Train: 0.8033, Valid: 0.8747, Test: 0.6340
Run: 09, Epoch: 13, Loss: 0.0030, lr: 0.001000, Train: 0.8195, Valid: 0.8778, Test: 0.6364
Run: 09, Epoch: 14, Loss: 0.0026, lr: 0.001000, Train: 0.8409, Valid: 0.8791, Test: 0.6479
Run: 09, Epoch: 15, Loss: 0.0023, lr: 0.001000, Train: 0.8643, Valid: 0.8774, Test: 0.6678
Run: 09, Epoch: 16, Loss: 0.0020, lr: 0.001000, Train: 0.8865, Valid: 0.8734, Test: 0.6906
Run: 09, Epoch: 17, Loss: 0.0018, lr: 0.001000, Train: 0.9066, Valid: 0.8676, Test: 0.7161
Run: 09, Epoch: 18, Loss: 0.0016, lr: 0.001000, Train: 0.9238, Valid: 0.8619, Test: 0.7419
Run: 09, Epoch: 19, Loss: 0.0015, lr: 0.001000, Train: 0.9371, Valid: 0.8568, Test: 0.7643
Run: 09, Epoch: 20, Loss: 0.0015, lr: 0.001000, Train: 0.9472, Valid: 0.8531, Test: 0.7842
Run: 09, Epoch: 21, Loss: 0.0015, lr: 0.000700, Train: 0.9541, Valid: 0.8515, Test: 0.7984
Run: 09, Epoch: 22, Loss: 0.0014, lr: 0.000700, Train: 0.9589, Valid: 0.8503, Test: 0.8084
Run: 09, Epoch: 23, Loss: 0.0014, lr: 0.000700, Train: 0.9620, Valid: 0.8498, Test: 0.8159
Run: 09, Epoch: 24, Loss: 0.0013, lr: 0.000700, Train: 0.9641, Valid: 0.8450, Test: 0.8205
Run: 09, Epoch: 25, Loss: 0.0012, lr: 0.000700, Train: 0.9656, Valid: 0.8410, Test: 0.8235
Run: 09, Epoch: 26, Loss: 0.0011, lr: 0.000700, Train: 0.9667, Valid: 0.8391, Test: 0.8255
Run: 09, Epoch: 27, Loss: 0.0010, lr: 0.000490, Train: 0.9685, Valid: 0.8397, Test: 0.8291
Run: 09, Epoch: 28, Loss: 0.0010, lr: 0.000490, Train: 0.9702, Valid: 0.8420, Test: 0.8329
Run: 09, Epoch: 29, Loss: 0.0009, lr: 0.000490, Train: 0.9722, Valid: 0.8461, Test: 0.8379
Run: 09, Epoch: 30, Loss: 0.0008, lr: 0.000490, Train: 0.9740, Valid: 0.8470, Test: 0.8424
Run: 09, Epoch: 31, Loss: 0.0008, lr: 0.000490, Train: 0.9758, Valid: 0.8496, Test: 0.8469
Run: 09, Epoch: 32, Loss: 0.0008, lr: 0.000490, Train: 0.9775, Valid: 0.8516, Test: 0.8512
Run: 09, Epoch: 33, Loss: 0.0007, lr: 0.000343, Train: 0.9788, Valid: 0.8532, Test: 0.8546
Run: 09, Epoch: 34, Loss: 0.0007, lr: 0.000343, Train: 0.9800, Valid: 0.8543, Test: 0.8578
Run: 09, Epoch: 35, Loss: 0.0007, lr: 0.000343, Train: 0.9811, Valid: 0.8549, Test: 0.8606
Run: 09, Epoch: 36, Loss: 0.0007, lr: 0.000343, Train: 0.9820, Valid: 0.8549, Test: 0.8631
Run: 09, Epoch: 37, Loss: 0.0006, lr: 0.000343, Train: 0.9828, Valid: 0.8550, Test: 0.8650
Run: 09, Epoch: 38, Loss: 0.0006, lr: 0.000343, Train: 0.9834, Valid: 0.8517, Test: 0.8662
Run: 09, Epoch: 39, Loss: 0.0006, lr: 0.000240, Train: 0.9838, Valid: 0.8500, Test: 0.8668
Run: 09, Epoch: 40, Loss: 0.0006, lr: 0.000240, Train: 0.9841, Valid: 0.8482, Test: 0.8672
Run: 09, Epoch: 41, Loss: 0.0006, lr: 0.000240, Train: 0.9844, Valid: 0.8464, Test: 0.8673
Run: 09, Epoch: 42, Loss: 0.0006, lr: 0.000240, Train: 0.9847, Valid: 0.8445, Test: 0.8671
Run: 09, Epoch: 43, Loss: 0.0005, lr: 0.000240, Train: 0.9850, Valid: 0.8427, Test: 0.8668
Run: 09, Epoch: 44, Loss: 0.0005, lr: 0.000240, Train: 0.9853, Valid: 0.8411, Test: 0.8663
Run: 09, Epoch: 45, Loss: 0.0005, lr: 0.000168, Train: 0.9856, Valid: 0.8407, Test: 0.8660
Run: 09, Epoch: 46, Loss: 0.0005, lr: 0.000168, Train: 0.9860, Valid: 0.8405, Test: 0.8657
Run: 09, Epoch: 47, Loss: 0.0005, lr: 0.000168, Train: 0.9863, Valid: 0.8402, Test: 0.8654
Run: 09, Epoch: 48, Loss: 0.0005, lr: 0.000168, Train: 0.9867, Valid: 0.8394, Test: 0.8651
Run: 09, Epoch: 49, Loss: 0.0005, lr: 0.000168, Train: 0.9870, Valid: 0.8383, Test: 0.8647
Run: 09, Epoch: 50, Loss: 0.0005, lr: 0.000168, Train: 0.9873, Valid: 0.8374, Test: 0.8644
Run: 09, Epoch: 51, Loss: 0.0005, lr: 0.000118, Train: 0.9876, Valid: 0.8374, Test: 0.8643
Run: 09, Epoch: 52, Loss: 0.0004, lr: 0.000118, Train: 0.9879, Valid: 0.8374, Test: 0.8641
Run: 09, Epoch: 53, Loss: 0.0004, lr: 0.000118, Train: 0.9882, Valid: 0.8376, Test: 0.8640
Run: 09, Epoch: 54, Loss: 0.0004, lr: 0.000118, Train: 0.9884, Valid: 0.8378, Test: 0.8638
Run: 09, Epoch: 55, Loss: 0.0004, lr: 0.000118, Train: 0.9887, Valid: 0.8379, Test: 0.8636
Run: 09, Epoch: 56, Loss: 0.0004, lr: 0.000118, Train: 0.9889, Valid: 0.8378, Test: 0.8633
Run: 09, Epoch: 57, Loss: 0.0004, lr: 0.000082, Train: 0.9890, Valid: 0.8379, Test: 0.8631
Run: 09, Epoch: 58, Loss: 0.0004, lr: 0.000082, Train: 0.9892, Valid: 0.8380, Test: 0.8629
Run: 09, Epoch: 59, Loss: 0.0004, lr: 0.000082, Train: 0.9893, Valid: 0.8380, Test: 0.8627
Run: 09, Epoch: 60, Loss: 0.0004, lr: 0.000082, Train: 0.9895, Valid: 0.8381, Test: 0.8624
Run: 09, Epoch: 61, Loss: 0.0004, lr: 0.000082, Train: 0.9896, Valid: 0.8381, Test: 0.8622
Run: 09, Epoch: 62, Loss: 0.0004, lr: 0.000082, Train: 0.9898, Valid: 0.8382, Test: 0.8620
Run: 09, Epoch: 63, Loss: 0.0004, lr: 0.000058, Train: 0.9899, Valid: 0.8384, Test: 0.8619
Run: 09, Epoch: 64, Loss: 0.0004, lr: 0.000058, Train: 0.9900, Valid: 0.8385, Test: 0.8617
Run: 09, Epoch: 65, Loss: 0.0004, lr: 0.000058, Train: 0.9901, Valid: 0.8386, Test: 0.8615
Run: 09, Epoch: 66, Loss: 0.0004, lr: 0.000058, Train: 0.9902, Valid: 0.8388, Test: 0.8614
Run: 09, Epoch: 67, Loss: 0.0004, lr: 0.000058, Train: 0.9903, Valid: 0.8390, Test: 0.8612
Run: 09, Epoch: 68, Loss: 0.0004, lr: 0.000058, Train: 0.9904, Valid: 0.8392, Test: 0.8610
Run: 09, Epoch: 69, Loss: 0.0004, lr: 0.000040, Train: 0.9905, Valid: 0.8394, Test: 0.8609
Run: 09, Epoch: 70, Loss: 0.0004, lr: 0.000040, Train: 0.9905, Valid: 0.8396, Test: 0.8607
Run: 09, Epoch: 71, Loss: 0.0004, lr: 0.000040, Train: 0.9906, Valid: 0.8397, Test: 0.8605
Run: 09, Epoch: 72, Loss: 0.0004, lr: 0.000040, Train: 0.9907, Valid: 0.8398, Test: 0.8603
Run: 09, Epoch: 73, Loss: 0.0004, lr: 0.000040, Train: 0.9907, Valid: 0.8398, Test: 0.8601
Run: 09, Epoch: 74, Loss: 0.0004, lr: 0.000040, Train: 0.9908, Valid: 0.8399, Test: 0.8599
Run: 09, Epoch: 75, Loss: 0.0004, lr: 0.000028, Train: 0.9908, Valid: 0.8399, Test: 0.8598
Run: 09, Epoch: 76, Loss: 0.0004, lr: 0.000028, Train: 0.9908, Valid: 0.8398, Test: 0.8596
Run: 09, Epoch: 77, Loss: 0.0004, lr: 0.000028, Train: 0.9909, Valid: 0.8398, Test: 0.8595
Run: 09, Epoch: 78, Loss: 0.0004, lr: 0.000028, Train: 0.9909, Valid: 0.8397, Test: 0.8593
Run: 09, Epoch: 79, Loss: 0.0004, lr: 0.000028, Train: 0.9909, Valid: 0.8396, Test: 0.8592
Run: 09, Epoch: 80, Loss: 0.0004, lr: 0.000028, Train: 0.9910, Valid: 0.8395, Test: 0.8591
Run: 09, Epoch: 81, Loss: 0.0004, lr: 0.000020, Train: 0.9910, Valid: 0.8395, Test: 0.8590
Run: 09, Epoch: 82, Loss: 0.0004, lr: 0.000020, Train: 0.9910, Valid: 0.8394, Test: 0.8589
Run: 09, Epoch: 83, Loss: 0.0004, lr: 0.000020, Train: 0.9911, Valid: 0.8394, Test: 0.8588
Run: 09, Epoch: 84, Loss: 0.0004, lr: 0.000020, Train: 0.9911, Valid: 0.8393, Test: 0.8587
Run: 09, Epoch: 85, Loss: 0.0004, lr: 0.000020, Train: 0.9911, Valid: 0.8392, Test: 0.8586
Run: 09, Epoch: 86, Loss: 0.0004, lr: 0.000020, Train: 0.9911, Valid: 0.8392, Test: 0.8585
Run: 09, Epoch: 87, Loss: 0.0004, lr: 0.000014, Train: 0.9911, Valid: 0.8391, Test: 0.8584
Run: 09, Epoch: 88, Loss: 0.0004, lr: 0.000014, Train: 0.9912, Valid: 0.8391, Test: 0.8583
Run: 09, Epoch: 89, Loss: 0.0004, lr: 0.000014, Train: 0.9912, Valid: 0.8391, Test: 0.8583
Run: 09, Epoch: 90, Loss: 0.0004, lr: 0.000014, Train: 0.9912, Valid: 0.8390, Test: 0.8582
Run: 09, Epoch: 91, Loss: 0.0004, lr: 0.000014, Train: 0.9912, Valid: 0.8390, Test: 0.8581
Run: 09, Epoch: 92, Loss: 0.0004, lr: 0.000014, Train: 0.9912, Valid: 0.8389, Test: 0.8581
Run: 09, Epoch: 93, Loss: 0.0004, lr: 0.000010, Train: 0.9912, Valid: 0.8389, Test: 0.8580
Run: 09, Epoch: 94, Loss: 0.0004, lr: 0.000010, Train: 0.9912, Valid: 0.8389, Test: 0.8580
Run: 09, Epoch: 95, Loss: 0.0004, lr: 0.000010, Train: 0.9913, Valid: 0.8388, Test: 0.8579
Run: 09, Epoch: 96, Loss: 0.0004, lr: 0.000010, Train: 0.9913, Valid: 0.8388, Test: 0.8579
Run: 09, Epoch: 97, Loss: 0.0003, lr: 0.000010, Train: 0.9913, Valid: 0.8387, Test: 0.8578
Run: 09, Epoch: 98, Loss: 0.0003, lr: 0.000010, Train: 0.9913, Valid: 0.8387, Test: 0.8578
Run: 09, Epoch: 99, Loss: 0.0003, lr: 0.000010, Train: 0.9913, Valid: 0.8387, Test: 0.8577
Run: 09, Epoch: 100, Loss: 0.0003, lr: 0.000010, Train: 0.9913, Valid: 0.8386, Test: 0.8577
Run 09:
Highest Train: 0.99
Highest Valid: 0.88
  Final Train: 0.84
   Final Test: 0.65
Run: 10, Epoch: 01, Loss: 0.0543, lr: 0.001000, Train: 0.4292, Valid: 0.1173, Test: 0.1547
Run: 10, Epoch: 02, Loss: 0.0099, lr: 0.001000, Train: 0.6334, Valid: 0.4349, Test: 0.4551
Run: 10, Epoch: 03, Loss: 0.0090, lr: 0.001000, Train: 0.7050, Valid: 0.6162, Test: 0.5608
Run: 10, Epoch: 04, Loss: 0.0089, lr: 0.001000, Train: 0.7208, Valid: 0.7108, Test: 0.5898
Run: 10, Epoch: 05, Loss: 0.0086, lr: 0.001000, Train: 0.7242, Valid: 0.7498, Test: 0.6032
Run: 10, Epoch: 06, Loss: 0.0083, lr: 0.001000, Train: 0.7330, Valid: 0.7596, Test: 0.6197
Run: 10, Epoch: 07, Loss: 0.0072, lr: 0.001000, Train: 0.7475, Valid: 0.7505, Test: 0.6376
Run: 10, Epoch: 08, Loss: 0.0056, lr: 0.001000, Train: 0.7671, Valid: 0.7355, Test: 0.6535
Run: 10, Epoch: 09, Loss: 0.0040, lr: 0.001000, Train: 0.7859, Valid: 0.7204, Test: 0.6633
Run: 10, Epoch: 10, Loss: 0.0029, lr: 0.001000, Train: 0.7969, Valid: 0.7069, Test: 0.6576
Run: 10, Epoch: 11, Loss: 0.0023, lr: 0.001000, Train: 0.7983, Valid: 0.6941, Test: 0.6318
Run: 10, Epoch: 12, Loss: 0.0021, lr: 0.001000, Train: 0.7909, Valid: 0.6784, Test: 0.5876
Run: 10, Epoch: 13, Loss: 0.0021, lr: 0.000700, Train: 0.7877, Valid: 0.6707, Test: 0.5599
Run: 10, Epoch: 14, Loss: 0.0021, lr: 0.000700, Train: 0.7823, Valid: 0.6610, Test: 0.5312
Run: 10, Epoch: 15, Loss: 0.0020, lr: 0.000700, Train: 0.7780, Valid: 0.6548, Test: 0.5081
Run: 10, Epoch: 16, Loss: 0.0019, lr: 0.000700, Train: 0.7747, Valid: 0.6507, Test: 0.4903
Run: 10, Epoch: 17, Loss: 0.0018, lr: 0.000700, Train: 0.7695, Valid: 0.6446, Test: 0.4695
Run: 10, Epoch: 18, Loss: 0.0017, lr: 0.000700, Train: 0.7724, Valid: 0.6475, Test: 0.4658
Run: 10, Epoch: 19, Loss: 0.0016, lr: 0.000490, Train: 0.7906, Valid: 0.6732, Test: 0.4952
Run: 10, Epoch: 20, Loss: 0.0015, lr: 0.000490, Train: 0.8140, Valid: 0.7050, Test: 0.5351
Run: 10, Epoch: 21, Loss: 0.0013, lr: 0.000490, Train: 0.8407, Valid: 0.7415, Test: 0.5819
Run: 10, Epoch: 22, Loss: 0.0012, lr: 0.000490, Train: 0.8678, Valid: 0.7788, Test: 0.6301
Run: 10, Epoch: 23, Loss: 0.0012, lr: 0.000490, Train: 0.8922, Valid: 0.8115, Test: 0.6733
Run: 10, Epoch: 24, Loss: 0.0011, lr: 0.000490, Train: 0.9102, Valid: 0.8319, Test: 0.7027
Run: 10, Epoch: 25, Loss: 0.0010, lr: 0.000490, Train: 0.9242, Valid: 0.8461, Test: 0.7252
Run: 10, Epoch: 26, Loss: 0.0010, lr: 0.000490, Train: 0.9350, Valid: 0.8554, Test: 0.7431
Run: 10, Epoch: 27, Loss: 0.0010, lr: 0.000490, Train: 0.9433, Valid: 0.8608, Test: 0.7568
Run: 10, Epoch: 28, Loss: 0.0009, lr: 0.000490, Train: 0.9497, Valid: 0.8633, Test: 0.7676
Run: 10, Epoch: 29, Loss: 0.0009, lr: 0.000490, Train: 0.9553, Valid: 0.8650, Test: 0.7775
Run: 10, Epoch: 30, Loss: 0.0009, lr: 0.000490, Train: 0.9605, Valid: 0.8669, Test: 0.7882
Run: 10, Epoch: 31, Loss: 0.0008, lr: 0.000490, Train: 0.9636, Valid: 0.8667, Test: 0.7934
Run: 10, Epoch: 32, Loss: 0.0008, lr: 0.000490, Train: 0.9660, Valid: 0.8666, Test: 0.7958
Run: 10, Epoch: 33, Loss: 0.0008, lr: 0.000490, Train: 0.9674, Valid: 0.8671, Test: 0.7947
Run: 10, Epoch: 34, Loss: 0.0007, lr: 0.000490, Train: 0.9687, Valid: 0.8700, Test: 0.7935
Run: 10, Epoch: 35, Loss: 0.0007, lr: 0.000490, Train: 0.9718, Valid: 0.8777, Test: 0.7976
Run: 10, Epoch: 36, Loss: 0.0006, lr: 0.000490, Train: 0.9755, Valid: 0.8872, Test: 0.8062
Run: 10, Epoch: 37, Loss: 0.0006, lr: 0.000490, Train: 0.9810, Valid: 0.8987, Test: 0.8222
Run: 10, Epoch: 38, Loss: 0.0006, lr: 0.000490, Train: 0.9843, Valid: 0.9046, Test: 0.8335
Run: 10, Epoch: 39, Loss: 0.0006, lr: 0.000490, Train: 0.9855, Valid: 0.9069, Test: 0.8363
Run: 10, Epoch: 40, Loss: 0.0005, lr: 0.000490, Train: 0.9860, Valid: 0.9091, Test: 0.8354
Run: 10, Epoch: 41, Loss: 0.0005, lr: 0.000490, Train: 0.9863, Valid: 0.9107, Test: 0.8336
Run: 10, Epoch: 42, Loss: 0.0005, lr: 0.000490, Train: 0.9864, Valid: 0.9124, Test: 0.8305
Run: 10, Epoch: 43, Loss: 0.0005, lr: 0.000490, Train: 0.9867, Valid: 0.9145, Test: 0.8269
Run: 10, Epoch: 44, Loss: 0.0005, lr: 0.000490, Train: 0.9874, Valid: 0.9174, Test: 0.8254
Run: 10, Epoch: 45, Loss: 0.0004, lr: 0.000490, Train: 0.9886, Valid: 0.9207, Test: 0.8272
Run: 10, Epoch: 46, Loss: 0.0004, lr: 0.000490, Train: 0.9897, Valid: 0.9232, Test: 0.8311
Run: 10, Epoch: 47, Loss: 0.0004, lr: 0.000490, Train: 0.9904, Valid: 0.9234, Test: 0.8341
Run: 10, Epoch: 48, Loss: 0.0004, lr: 0.000490, Train: 0.9907, Valid: 0.9217, Test: 0.8304
Run: 10, Epoch: 49, Loss: 0.0004, lr: 0.000490, Train: 0.9901, Valid: 0.9169, Test: 0.8158
Run: 10, Epoch: 50, Loss: 0.0004, lr: 0.000490, Train: 0.9891, Valid: 0.9102, Test: 0.8043
Run: 10, Epoch: 51, Loss: 0.0003, lr: 0.000490, Train: 0.9896, Valid: 0.9071, Test: 0.8049
Run: 10, Epoch: 52, Loss: 0.0003, lr: 0.000490, Train: 0.9906, Valid: 0.9053, Test: 0.8104
Run: 10, Epoch: 53, Loss: 0.0003, lr: 0.000490, Train: 0.9910, Valid: 0.9035, Test: 0.8108
Run: 10, Epoch: 54, Loss: 0.0003, lr: 0.000343, Train: 0.9912, Valid: 0.9025, Test: 0.8083
Run: 10, Epoch: 55, Loss: 0.0003, lr: 0.000343, Train: 0.9914, Valid: 0.9023, Test: 0.8060
Run: 10, Epoch: 56, Loss: 0.0003, lr: 0.000343, Train: 0.9922, Valid: 0.9035, Test: 0.8081
Run: 10, Epoch: 57, Loss: 0.0003, lr: 0.000343, Train: 0.9930, Valid: 0.9051, Test: 0.8130
Run: 10, Epoch: 58, Loss: 0.0003, lr: 0.000343, Train: 0.9933, Valid: 0.9051, Test: 0.8151
Run: 10, Epoch: 59, Loss: 0.0002, lr: 0.000343, Train: 0.9934, Valid: 0.9030, Test: 0.8116
Run: 10, Epoch: 60, Loss: 0.0002, lr: 0.000240, Train: 0.9934, Valid: 0.9017, Test: 0.8100
Run: 10, Epoch: 61, Loss: 0.0002, lr: 0.000240, Train: 0.9937, Valid: 0.9014, Test: 0.8110
Run: 10, Epoch: 62, Loss: 0.0002, lr: 0.000240, Train: 0.9942, Valid: 0.9017, Test: 0.8141
Run: 10, Epoch: 63, Loss: 0.0002, lr: 0.000240, Train: 0.9946, Valid: 0.9022, Test: 0.8175
Run: 10, Epoch: 64, Loss: 0.0002, lr: 0.000240, Train: 0.9948, Valid: 0.9023, Test: 0.8195
Run: 10, Epoch: 65, Loss: 0.0002, lr: 0.000240, Train: 0.9950, Valid: 0.9018, Test: 0.8190
Run: 10, Epoch: 66, Loss: 0.0002, lr: 0.000168, Train: 0.9951, Valid: 0.9012, Test: 0.8172
Run: 10, Epoch: 67, Loss: 0.0002, lr: 0.000168, Train: 0.9952, Valid: 0.9002, Test: 0.8149
Run: 10, Epoch: 68, Loss: 0.0002, lr: 0.000168, Train: 0.9953, Valid: 0.8993, Test: 0.8131
Run: 10, Epoch: 69, Loss: 0.0002, lr: 0.000168, Train: 0.9954, Valid: 0.8986, Test: 0.8124
Run: 10, Epoch: 70, Loss: 0.0002, lr: 0.000168, Train: 0.9955, Valid: 0.8980, Test: 0.8124
Run: 10, Epoch: 71, Loss: 0.0002, lr: 0.000168, Train: 0.9956, Valid: 0.8975, Test: 0.8120
Run: 10, Epoch: 72, Loss: 0.0002, lr: 0.000118, Train: 0.9957, Valid: 0.8971, Test: 0.8112
Run: 10, Epoch: 73, Loss: 0.0002, lr: 0.000118, Train: 0.9957, Valid: 0.8968, Test: 0.8101
Run: 10, Epoch: 74, Loss: 0.0002, lr: 0.000118, Train: 0.9958, Valid: 0.8965, Test: 0.8087
Run: 10, Epoch: 75, Loss: 0.0002, lr: 0.000118, Train: 0.9958, Valid: 0.8962, Test: 0.8073
Run: 10, Epoch: 76, Loss: 0.0002, lr: 0.000118, Train: 0.9959, Valid: 0.8961, Test: 0.8064
Run: 10, Epoch: 77, Loss: 0.0002, lr: 0.000118, Train: 0.9959, Valid: 0.8961, Test: 0.8060
Run: 10, Epoch: 78, Loss: 0.0002, lr: 0.000082, Train: 0.9960, Valid: 0.8962, Test: 0.8060
Run: 10, Epoch: 79, Loss: 0.0002, lr: 0.000082, Train: 0.9961, Valid: 0.8963, Test: 0.8064
Run: 10, Epoch: 80, Loss: 0.0002, lr: 0.000082, Train: 0.9961, Valid: 0.8964, Test: 0.8068
Run: 10, Epoch: 81, Loss: 0.0002, lr: 0.000082, Train: 0.9962, Valid: 0.8965, Test: 0.8072
Run: 10, Epoch: 82, Loss: 0.0002, lr: 0.000082, Train: 0.9962, Valid: 0.8966, Test: 0.8073
Run: 10, Epoch: 83, Loss: 0.0002, lr: 0.000082, Train: 0.9963, Valid: 0.8965, Test: 0.8072
Run: 10, Epoch: 84, Loss: 0.0002, lr: 0.000058, Train: 0.9963, Valid: 0.8964, Test: 0.8070
Run: 10, Epoch: 85, Loss: 0.0002, lr: 0.000058, Train: 0.9963, Valid: 0.8963, Test: 0.8069
Run: 10, Epoch: 86, Loss: 0.0002, lr: 0.000058, Train: 0.9964, Valid: 0.8962, Test: 0.8066
Run: 10, Epoch: 87, Loss: 0.0002, lr: 0.000058, Train: 0.9964, Valid: 0.8960, Test: 0.8064
Run: 10, Epoch: 88, Loss: 0.0001, lr: 0.000058, Train: 0.9964, Valid: 0.8959, Test: 0.8062
Run: 10, Epoch: 89, Loss: 0.0001, lr: 0.000058, Train: 0.9964, Valid: 0.8959, Test: 0.8061
Run: 10, Epoch: 90, Loss: 0.0001, lr: 0.000040, Train: 0.9965, Valid: 0.8959, Test: 0.8061
Run: 10, Epoch: 91, Loss: 0.0001, lr: 0.000040, Train: 0.9965, Valid: 0.8959, Test: 0.8062
Run: 10, Epoch: 92, Loss: 0.0001, lr: 0.000040, Train: 0.9965, Valid: 0.8959, Test: 0.8064
Run: 10, Epoch: 93, Loss: 0.0001, lr: 0.000040, Train: 0.9966, Valid: 0.8960, Test: 0.8065
Run: 10, Epoch: 94, Loss: 0.0001, lr: 0.000040, Train: 0.9966, Valid: 0.8960, Test: 0.8067
Run: 10, Epoch: 95, Loss: 0.0001, lr: 0.000040, Train: 0.9966, Valid: 0.8960, Test: 0.8068
Run: 10, Epoch: 96, Loss: 0.0001, lr: 0.000028, Train: 0.9966, Valid: 0.8960, Test: 0.8068
Run: 10, Epoch: 97, Loss: 0.0001, lr: 0.000028, Train: 0.9966, Valid: 0.8960, Test: 0.8067
Run: 10, Epoch: 98, Loss: 0.0001, lr: 0.000028, Train: 0.9966, Valid: 0.8960, Test: 0.8065
Run: 10, Epoch: 99, Loss: 0.0001, lr: 0.000028, Train: 0.9967, Valid: 0.8959, Test: 0.8063
Run: 10, Epoch: 100, Loss: 0.0001, lr: 0.000028, Train: 0.9967, Valid: 0.8959, Test: 0.8062
Run 10:
Highest Train: 1.00
Highest Valid: 0.92
  Final Train: 0.99
   Final Test: 0.83
All runs:
Highest Train: 0.99  0.00
Highest Valid: 0.86  0.09
  Final Train: 0.96  0.07
   Final Test: 0.85  0.08
