Namespace(conv_layers=3, device=0, dropout=0.0, epochs=100, hidden_dim=256, log_steps=1, lr=0.001, method='gat', mlp_layers=2, runs=10, subset='mathematics')
Run: 01, Epoch: 01, Loss: 0.0364, lr: 0.001000, Train: 0.5090, Valid: 0.3790, Test: 0.4423
Run: 01, Epoch: 02, Loss: 0.0077, lr: 0.001000, Train: 0.7078, Valid: 0.6225, Test: 0.6977
Run: 01, Epoch: 03, Loss: 0.0070, lr: 0.001000, Train: 0.7837, Valid: 0.7142, Test: 0.7953
Run: 01, Epoch: 04, Loss: 0.0072, lr: 0.001000, Train: 0.8173, Valid: 0.7521, Test: 0.8312
Run: 01, Epoch: 05, Loss: 0.0068, lr: 0.001000, Train: 0.8374, Valid: 0.7805, Test: 0.8470
Run: 01, Epoch: 06, Loss: 0.0060, lr: 0.001000, Train: 0.8561, Valid: 0.8096, Test: 0.8587
Run: 01, Epoch: 07, Loss: 0.0049, lr: 0.001000, Train: 0.8745, Valid: 0.8334, Test: 0.8688
Run: 01, Epoch: 08, Loss: 0.0039, lr: 0.001000, Train: 0.8887, Valid: 0.8483, Test: 0.8769
Run: 01, Epoch: 09, Loss: 0.0031, lr: 0.001000, Train: 0.8978, Valid: 0.8544, Test: 0.8846
Run: 01, Epoch: 10, Loss: 0.0024, lr: 0.001000, Train: 0.9002, Valid: 0.8550, Test: 0.8890
Run: 01, Epoch: 11, Loss: 0.0019, lr: 0.001000, Train: 0.8966, Valid: 0.8489, Test: 0.8900
Run: 01, Epoch: 12, Loss: 0.0016, lr: 0.001000, Train: 0.8918, Valid: 0.8417, Test: 0.8882
Run: 01, Epoch: 13, Loss: 0.0015, lr: 0.001000, Train: 0.8903, Valid: 0.8380, Test: 0.8864
Run: 01, Epoch: 14, Loss: 0.0015, lr: 0.001000, Train: 0.8968, Valid: 0.8419, Test: 0.8898
Run: 01, Epoch: 15, Loss: 0.0015, lr: 0.001000, Train: 0.9108, Valid: 0.8530, Test: 0.8981
Run: 01, Epoch: 16, Loss: 0.0014, lr: 0.001000, Train: 0.9280, Valid: 0.8704, Test: 0.9097
Run: 01, Epoch: 17, Loss: 0.0012, lr: 0.001000, Train: 0.9452, Valid: 0.8898, Test: 0.9223
Run: 01, Epoch: 18, Loss: 0.0011, lr: 0.001000, Train: 0.9589, Valid: 0.9065, Test: 0.9331
Run: 01, Epoch: 19, Loss: 0.0010, lr: 0.001000, Train: 0.9690, Valid: 0.9172, Test: 0.9407
Run: 01, Epoch: 20, Loss: 0.0009, lr: 0.001000, Train: 0.9763, Valid: 0.9226, Test: 0.9446
Run: 01, Epoch: 21, Loss: 0.0008, lr: 0.001000, Train: 0.9819, Valid: 0.9235, Test: 0.9462
Run: 01, Epoch: 22, Loss: 0.0007, lr: 0.001000, Train: 0.9849, Valid: 0.9241, Test: 0.9466
Run: 01, Epoch: 23, Loss: 0.0006, lr: 0.001000, Train: 0.9854, Valid: 0.9237, Test: 0.9457
Run: 01, Epoch: 24, Loss: 0.0006, lr: 0.001000, Train: 0.9850, Valid: 0.9255, Test: 0.9446
Run: 01, Epoch: 25, Loss: 0.0005, lr: 0.001000, Train: 0.9851, Valid: 0.9290, Test: 0.9425
Run: 01, Epoch: 26, Loss: 0.0005, lr: 0.001000, Train: 0.9857, Valid: 0.9321, Test: 0.9413
Run: 01, Epoch: 27, Loss: 0.0004, lr: 0.001000, Train: 0.9869, Valid: 0.9339, Test: 0.9412
Run: 01, Epoch: 28, Loss: 0.0004, lr: 0.001000, Train: 0.9880, Valid: 0.9347, Test: 0.9423
Run: 01, Epoch: 29, Loss: 0.0004, lr: 0.001000, Train: 0.9892, Valid: 0.9363, Test: 0.9434
Run: 01, Epoch: 30, Loss: 0.0003, lr: 0.001000, Train: 0.9900, Valid: 0.9377, Test: 0.9439
Run: 01, Epoch: 31, Loss: 0.0003, lr: 0.001000, Train: 0.9903, Valid: 0.9380, Test: 0.9438
Run: 01, Epoch: 32, Loss: 0.0003, lr: 0.001000, Train: 0.9903, Valid: 0.9372, Test: 0.9437
Run: 01, Epoch: 33, Loss: 0.0003, lr: 0.001000, Train: 0.9900, Valid: 0.9349, Test: 0.9426
Run: 01, Epoch: 34, Loss: 0.0002, lr: 0.001000, Train: 0.9892, Valid: 0.9312, Test: 0.9404
Run: 01, Epoch: 35, Loss: 0.0002, lr: 0.001000, Train: 0.9875, Valid: 0.9269, Test: 0.9374
Run: 01, Epoch: 36, Loss: 0.0002, lr: 0.001000, Train: 0.9853, Valid: 0.9233, Test: 0.9346
Run: 01, Epoch: 37, Loss: 0.0002, lr: 0.001000, Train: 0.9831, Valid: 0.9215, Test: 0.9320
Run: 01, Epoch: 38, Loss: 0.0002, lr: 0.000700, Train: 0.9826, Valid: 0.9217, Test: 0.9308
Run: 01, Epoch: 39, Loss: 0.0002, lr: 0.000700, Train: 0.9824, Valid: 0.9221, Test: 0.9298
Run: 01, Epoch: 40, Loss: 0.0002, lr: 0.000700, Train: 0.9823, Valid: 0.9221, Test: 0.9289
Run: 01, Epoch: 41, Loss: 0.0002, lr: 0.000700, Train: 0.9821, Valid: 0.9211, Test: 0.9280
Run: 01, Epoch: 42, Loss: 0.0001, lr: 0.000700, Train: 0.9820, Valid: 0.9192, Test: 0.9272
Run: 01, Epoch: 43, Loss: 0.0001, lr: 0.000700, Train: 0.9820, Valid: 0.9171, Test: 0.9267
Run: 01, Epoch: 44, Loss: 0.0001, lr: 0.000490, Train: 0.9830, Valid: 0.9171, Test: 0.9271
Run: 01, Epoch: 45, Loss: 0.0001, lr: 0.000490, Train: 0.9840, Valid: 0.9175, Test: 0.9277
Run: 01, Epoch: 46, Loss: 0.0001, lr: 0.000490, Train: 0.9852, Valid: 0.9183, Test: 0.9284
Run: 01, Epoch: 47, Loss: 0.0001, lr: 0.000490, Train: 0.9863, Valid: 0.9193, Test: 0.9291
Run: 01, Epoch: 48, Loss: 0.0001, lr: 0.000490, Train: 0.9876, Valid: 0.9206, Test: 0.9298
Run: 01, Epoch: 49, Loss: 0.0001, lr: 0.000490, Train: 0.9889, Valid: 0.9219, Test: 0.9305
Run: 01, Epoch: 50, Loss: 0.0001, lr: 0.000343, Train: 0.9902, Valid: 0.9234, Test: 0.9312
Run: 01, Epoch: 51, Loss: 0.0001, lr: 0.000343, Train: 0.9914, Valid: 0.9247, Test: 0.9319
Run: 01, Epoch: 52, Loss: 0.0001, lr: 0.000343, Train: 0.9925, Valid: 0.9259, Test: 0.9325
Run: 01, Epoch: 53, Loss: 0.0001, lr: 0.000343, Train: 0.9934, Valid: 0.9270, Test: 0.9332
Run: 01, Epoch: 54, Loss: 0.0001, lr: 0.000343, Train: 0.9943, Valid: 0.9281, Test: 0.9338
Run: 01, Epoch: 55, Loss: 0.0001, lr: 0.000343, Train: 0.9950, Valid: 0.9290, Test: 0.9343
Run: 01, Epoch: 56, Loss: 0.0001, lr: 0.000240, Train: 0.9955, Valid: 0.9300, Test: 0.9347
Run: 01, Epoch: 57, Loss: 0.0001, lr: 0.000240, Train: 0.9960, Valid: 0.9309, Test: 0.9350
Run: 01, Epoch: 58, Loss: 0.0001, lr: 0.000240, Train: 0.9964, Valid: 0.9316, Test: 0.9351
Run: 01, Epoch: 59, Loss: 0.0001, lr: 0.000240, Train: 0.9967, Valid: 0.9323, Test: 0.9352
Run: 01, Epoch: 60, Loss: 0.0001, lr: 0.000240, Train: 0.9969, Valid: 0.9329, Test: 0.9352
Run: 01, Epoch: 61, Loss: 0.0001, lr: 0.000240, Train: 0.9971, Valid: 0.9334, Test: 0.9352
Run: 01, Epoch: 62, Loss: 0.0001, lr: 0.000168, Train: 0.9973, Valid: 0.9340, Test: 0.9351
Run: 01, Epoch: 63, Loss: 0.0001, lr: 0.000168, Train: 0.9974, Valid: 0.9345, Test: 0.9350
Run: 01, Epoch: 64, Loss: 0.0001, lr: 0.000168, Train: 0.9976, Valid: 0.9350, Test: 0.9349
Run: 01, Epoch: 65, Loss: 0.0001, lr: 0.000168, Train: 0.9977, Valid: 0.9354, Test: 0.9347
Run: 01, Epoch: 66, Loss: 0.0001, lr: 0.000168, Train: 0.9977, Valid: 0.9357, Test: 0.9346
Run: 01, Epoch: 67, Loss: 0.0001, lr: 0.000168, Train: 0.9978, Valid: 0.9361, Test: 0.9346
Run: 01, Epoch: 68, Loss: 0.0001, lr: 0.000118, Train: 0.9979, Valid: 0.9364, Test: 0.9345
Run: 01, Epoch: 69, Loss: 0.0001, lr: 0.000118, Train: 0.9979, Valid: 0.9367, Test: 0.9344
Run: 01, Epoch: 70, Loss: 0.0001, lr: 0.000118, Train: 0.9980, Valid: 0.9370, Test: 0.9344
Run: 01, Epoch: 71, Loss: 0.0001, lr: 0.000118, Train: 0.9980, Valid: 0.9372, Test: 0.9343
Run: 01, Epoch: 72, Loss: 0.0001, lr: 0.000118, Train: 0.9981, Valid: 0.9375, Test: 0.9343
Run: 01, Epoch: 73, Loss: 0.0001, lr: 0.000118, Train: 0.9981, Valid: 0.9376, Test: 0.9343
Run: 01, Epoch: 74, Loss: 0.0001, lr: 0.000082, Train: 0.9981, Valid: 0.9378, Test: 0.9342
Run: 01, Epoch: 75, Loss: 0.0001, lr: 0.000082, Train: 0.9982, Valid: 0.9380, Test: 0.9342
Run: 01, Epoch: 76, Loss: 0.0001, lr: 0.000082, Train: 0.9982, Valid: 0.9382, Test: 0.9342
Run: 01, Epoch: 77, Loss: 0.0001, lr: 0.000082, Train: 0.9982, Valid: 0.9383, Test: 0.9341
Run: 01, Epoch: 78, Loss: 0.0001, lr: 0.000082, Train: 0.9982, Valid: 0.9384, Test: 0.9340
Run: 01, Epoch: 79, Loss: 0.0001, lr: 0.000082, Train: 0.9983, Valid: 0.9385, Test: 0.9340
Run: 01, Epoch: 80, Loss: 0.0001, lr: 0.000082, Train: 0.9983, Valid: 0.9386, Test: 0.9339
Run: 01, Epoch: 81, Loss: 0.0001, lr: 0.000082, Train: 0.9983, Valid: 0.9387, Test: 0.9339
Run: 01, Epoch: 82, Loss: 0.0001, lr: 0.000082, Train: 0.9983, Valid: 0.9388, Test: 0.9338
Run: 01, Epoch: 83, Loss: 0.0001, lr: 0.000082, Train: 0.9983, Valid: 0.9389, Test: 0.9337
Run: 01, Epoch: 84, Loss: 0.0001, lr: 0.000082, Train: 0.9983, Valid: 0.9390, Test: 0.9336
Run: 01, Epoch: 85, Loss: 0.0001, lr: 0.000082, Train: 0.9983, Valid: 0.9391, Test: 0.9336
Run: 01, Epoch: 86, Loss: 0.0001, lr: 0.000082, Train: 0.9984, Valid: 0.9392, Test: 0.9335
Run: 01, Epoch: 87, Loss: 0.0001, lr: 0.000082, Train: 0.9984, Valid: 0.9393, Test: 0.9335
Run: 01, Epoch: 88, Loss: 0.0001, lr: 0.000082, Train: 0.9984, Valid: 0.9394, Test: 0.9334
Run: 01, Epoch: 89, Loss: 0.0001, lr: 0.000082, Train: 0.9984, Valid: 0.9395, Test: 0.9333
Run: 01, Epoch: 90, Loss: 0.0001, lr: 0.000082, Train: 0.9984, Valid: 0.9396, Test: 0.9333
Run: 01, Epoch: 91, Loss: 0.0001, lr: 0.000082, Train: 0.9984, Valid: 0.9397, Test: 0.9333
Run: 01, Epoch: 92, Loss: 0.0001, lr: 0.000082, Train: 0.9984, Valid: 0.9398, Test: 0.9332
Run: 01, Epoch: 93, Loss: 0.0001, lr: 0.000082, Train: 0.9984, Valid: 0.9399, Test: 0.9332
Run: 01, Epoch: 94, Loss: 0.0001, lr: 0.000082, Train: 0.9984, Valid: 0.9399, Test: 0.9331
Run: 01, Epoch: 95, Loss: 0.0001, lr: 0.000082, Train: 0.9984, Valid: 0.9400, Test: 0.9331
Run: 01, Epoch: 96, Loss: 0.0001, lr: 0.000082, Train: 0.9984, Valid: 0.9400, Test: 0.9331
Run: 01, Epoch: 97, Loss: 0.0001, lr: 0.000082, Train: 0.9985, Valid: 0.9400, Test: 0.9331
Run: 01, Epoch: 98, Loss: 0.0001, lr: 0.000082, Train: 0.9985, Valid: 0.9400, Test: 0.9330
Run: 01, Epoch: 99, Loss: 0.0001, lr: 0.000082, Train: 0.9985, Valid: 0.9399, Test: 0.9330
Run: 01, Epoch: 100, Loss: 0.0001, lr: 0.000082, Train: 0.9985, Valid: 0.9399, Test: 0.9329
Run 01:
Highest Train: 1.00
Highest Valid: 0.94
  Final Train: 1.00
   Final Test: 0.93
Run: 02, Epoch: 01, Loss: 0.0712, lr: 0.001000, Train: 0.3873, Valid: 0.3931, Test: 0.3772
Run: 02, Epoch: 02, Loss: 0.0072, lr: 0.001000, Train: 0.6426, Valid: 0.6638, Test: 0.6442
Run: 02, Epoch: 03, Loss: 0.0061, lr: 0.001000, Train: 0.7537, Valid: 0.7637, Test: 0.7571
Run: 02, Epoch: 04, Loss: 0.0081, lr: 0.001000, Train: 0.8038, Valid: 0.7927, Test: 0.8014
Run: 02, Epoch: 05, Loss: 0.0089, lr: 0.001000, Train: 0.8291, Valid: 0.8048, Test: 0.8242
Run: 02, Epoch: 06, Loss: 0.0084, lr: 0.001000, Train: 0.8415, Valid: 0.8147, Test: 0.8401
Run: 02, Epoch: 07, Loss: 0.0070, lr: 0.001000, Train: 0.8440, Valid: 0.8184, Test: 0.8508
Run: 02, Epoch: 08, Loss: 0.0054, lr: 0.001000, Train: 0.8399, Valid: 0.8122, Test: 0.8562
Run: 02, Epoch: 09, Loss: 0.0041, lr: 0.001000, Train: 0.8360, Valid: 0.8029, Test: 0.8584
Run: 02, Epoch: 10, Loss: 0.0031, lr: 0.001000, Train: 0.8395, Valid: 0.7995, Test: 0.8618
Run: 02, Epoch: 11, Loss: 0.0024, lr: 0.001000, Train: 0.8529, Valid: 0.8091, Test: 0.8704
Run: 02, Epoch: 12, Loss: 0.0021, lr: 0.001000, Train: 0.8715, Valid: 0.8256, Test: 0.8808
Run: 02, Epoch: 13, Loss: 0.0019, lr: 0.001000, Train: 0.8891, Valid: 0.8414, Test: 0.8892
Run: 02, Epoch: 14, Loss: 0.0020, lr: 0.001000, Train: 0.9045, Valid: 0.8563, Test: 0.8970
Run: 02, Epoch: 15, Loss: 0.0020, lr: 0.001000, Train: 0.9189, Valid: 0.8710, Test: 0.9054
Run: 02, Epoch: 16, Loss: 0.0018, lr: 0.001000, Train: 0.9319, Valid: 0.8845, Test: 0.9137
Run: 02, Epoch: 17, Loss: 0.0016, lr: 0.001000, Train: 0.9423, Valid: 0.8933, Test: 0.9202
Run: 02, Epoch: 18, Loss: 0.0013, lr: 0.001000, Train: 0.9496, Valid: 0.8955, Test: 0.9239
Run: 02, Epoch: 19, Loss: 0.0010, lr: 0.001000, Train: 0.9537, Valid: 0.8896, Test: 0.9247
Run: 02, Epoch: 20, Loss: 0.0009, lr: 0.001000, Train: 0.9553, Valid: 0.8772, Test: 0.9228
Run: 02, Epoch: 21, Loss: 0.0008, lr: 0.001000, Train: 0.9549, Valid: 0.8634, Test: 0.9193
Run: 02, Epoch: 22, Loss: 0.0008, lr: 0.001000, Train: 0.9538, Valid: 0.8525, Test: 0.9150
Run: 02, Epoch: 23, Loss: 0.0008, lr: 0.001000, Train: 0.9530, Valid: 0.8465, Test: 0.9112
Run: 02, Epoch: 24, Loss: 0.0008, lr: 0.001000, Train: 0.9533, Valid: 0.8455, Test: 0.9083
Run: 02, Epoch: 25, Loss: 0.0007, lr: 0.000700, Train: 0.9568, Valid: 0.8489, Test: 0.9083
Run: 02, Epoch: 26, Loss: 0.0007, lr: 0.000700, Train: 0.9610, Valid: 0.8550, Test: 0.9090
Run: 02, Epoch: 27, Loss: 0.0006, lr: 0.000700, Train: 0.9655, Valid: 0.8629, Test: 0.9102
Run: 02, Epoch: 28, Loss: 0.0006, lr: 0.000700, Train: 0.9703, Valid: 0.8716, Test: 0.9114
Run: 02, Epoch: 29, Loss: 0.0005, lr: 0.000700, Train: 0.9751, Valid: 0.8803, Test: 0.9123
Run: 02, Epoch: 30, Loss: 0.0005, lr: 0.000700, Train: 0.9796, Valid: 0.8883, Test: 0.9127
Run: 02, Epoch: 31, Loss: 0.0004, lr: 0.000490, Train: 0.9831, Valid: 0.8933, Test: 0.9120
Run: 02, Epoch: 32, Loss: 0.0004, lr: 0.000490, Train: 0.9858, Valid: 0.8969, Test: 0.9104
Run: 02, Epoch: 33, Loss: 0.0004, lr: 0.000490, Train: 0.9878, Valid: 0.8993, Test: 0.9085
Run: 02, Epoch: 34, Loss: 0.0004, lr: 0.000490, Train: 0.9893, Valid: 0.9009, Test: 0.9065
Run: 02, Epoch: 35, Loss: 0.0003, lr: 0.000490, Train: 0.9903, Valid: 0.9019, Test: 0.9049
Run: 02, Epoch: 36, Loss: 0.0003, lr: 0.000490, Train: 0.9911, Valid: 0.9023, Test: 0.9036
Run: 02, Epoch: 37, Loss: 0.0003, lr: 0.000490, Train: 0.9919, Valid: 0.9024, Test: 0.9025
Run: 02, Epoch: 38, Loss: 0.0003, lr: 0.000490, Train: 0.9925, Valid: 0.9022, Test: 0.9014
Run: 02, Epoch: 39, Loss: 0.0003, lr: 0.000490, Train: 0.9931, Valid: 0.9018, Test: 0.9002
Run: 02, Epoch: 40, Loss: 0.0003, lr: 0.000490, Train: 0.9937, Valid: 0.9007, Test: 0.8985
Run: 02, Epoch: 41, Loss: 0.0003, lr: 0.000490, Train: 0.9942, Valid: 0.8988, Test: 0.8965
Run: 02, Epoch: 42, Loss: 0.0002, lr: 0.000490, Train: 0.9947, Valid: 0.8963, Test: 0.8941
Run: 02, Epoch: 43, Loss: 0.0002, lr: 0.000343, Train: 0.9949, Valid: 0.8945, Test: 0.8924
Run: 02, Epoch: 44, Loss: 0.0002, lr: 0.000343, Train: 0.9950, Valid: 0.8929, Test: 0.8907
Run: 02, Epoch: 45, Loss: 0.0002, lr: 0.000343, Train: 0.9951, Valid: 0.8913, Test: 0.8889
Run: 02, Epoch: 46, Loss: 0.0002, lr: 0.000343, Train: 0.9951, Valid: 0.8901, Test: 0.8871
Run: 02, Epoch: 47, Loss: 0.0002, lr: 0.000343, Train: 0.9951, Valid: 0.8891, Test: 0.8855
Run: 02, Epoch: 48, Loss: 0.0002, lr: 0.000343, Train: 0.9951, Valid: 0.8884, Test: 0.8839
Run: 02, Epoch: 49, Loss: 0.0002, lr: 0.000240, Train: 0.9952, Valid: 0.8883, Test: 0.8831
Run: 02, Epoch: 50, Loss: 0.0002, lr: 0.000240, Train: 0.9952, Valid: 0.8884, Test: 0.8824
Run: 02, Epoch: 51, Loss: 0.0002, lr: 0.000240, Train: 0.9952, Valid: 0.8886, Test: 0.8816
Run: 02, Epoch: 52, Loss: 0.0002, lr: 0.000240, Train: 0.9952, Valid: 0.8889, Test: 0.8810
Run: 02, Epoch: 53, Loss: 0.0002, lr: 0.000240, Train: 0.9952, Valid: 0.8892, Test: 0.8805
Run: 02, Epoch: 54, Loss: 0.0002, lr: 0.000240, Train: 0.9953, Valid: 0.8896, Test: 0.8800
Run: 02, Epoch: 55, Loss: 0.0002, lr: 0.000168, Train: 0.9954, Valid: 0.8902, Test: 0.8800
Run: 02, Epoch: 56, Loss: 0.0002, lr: 0.000168, Train: 0.9955, Valid: 0.8908, Test: 0.8801
Run: 02, Epoch: 57, Loss: 0.0002, lr: 0.000168, Train: 0.9956, Valid: 0.8913, Test: 0.8803
Run: 02, Epoch: 58, Loss: 0.0002, lr: 0.000168, Train: 0.9957, Valid: 0.8918, Test: 0.8805
Run: 02, Epoch: 59, Loss: 0.0002, lr: 0.000168, Train: 0.9958, Valid: 0.8923, Test: 0.8807
Run: 02, Epoch: 60, Loss: 0.0002, lr: 0.000168, Train: 0.9960, Valid: 0.8927, Test: 0.8809
Run: 02, Epoch: 61, Loss: 0.0002, lr: 0.000118, Train: 0.9961, Valid: 0.8932, Test: 0.8811
Run: 02, Epoch: 62, Loss: 0.0002, lr: 0.000118, Train: 0.9962, Valid: 0.8936, Test: 0.8813
Run: 02, Epoch: 63, Loss: 0.0002, lr: 0.000118, Train: 0.9963, Valid: 0.8939, Test: 0.8814
Run: 02, Epoch: 64, Loss: 0.0002, lr: 0.000118, Train: 0.9963, Valid: 0.8942, Test: 0.8815
Run: 02, Epoch: 65, Loss: 0.0002, lr: 0.000118, Train: 0.9964, Valid: 0.8945, Test: 0.8816
Run: 02, Epoch: 66, Loss: 0.0002, lr: 0.000118, Train: 0.9965, Valid: 0.8947, Test: 0.8816
Run: 02, Epoch: 67, Loss: 0.0002, lr: 0.000082, Train: 0.9965, Valid: 0.8950, Test: 0.8817
Run: 02, Epoch: 68, Loss: 0.0002, lr: 0.000082, Train: 0.9966, Valid: 0.8951, Test: 0.8817
Run: 02, Epoch: 69, Loss: 0.0002, lr: 0.000082, Train: 0.9966, Valid: 0.8953, Test: 0.8817
Run: 02, Epoch: 70, Loss: 0.0002, lr: 0.000082, Train: 0.9967, Valid: 0.8955, Test: 0.8816
Run: 02, Epoch: 71, Loss: 0.0002, lr: 0.000082, Train: 0.9967, Valid: 0.8956, Test: 0.8816
Run: 02, Epoch: 72, Loss: 0.0002, lr: 0.000082, Train: 0.9967, Valid: 0.8957, Test: 0.8815
Run: 02, Epoch: 73, Loss: 0.0002, lr: 0.000058, Train: 0.9967, Valid: 0.8958, Test: 0.8815
Run: 02, Epoch: 74, Loss: 0.0002, lr: 0.000058, Train: 0.9968, Valid: 0.8959, Test: 0.8815
Run: 02, Epoch: 75, Loss: 0.0001, lr: 0.000058, Train: 0.9968, Valid: 0.8960, Test: 0.8814
Run: 02, Epoch: 76, Loss: 0.0001, lr: 0.000058, Train: 0.9968, Valid: 0.8960, Test: 0.8814
Run: 02, Epoch: 77, Loss: 0.0001, lr: 0.000058, Train: 0.9968, Valid: 0.8961, Test: 0.8813
Run: 02, Epoch: 78, Loss: 0.0001, lr: 0.000058, Train: 0.9968, Valid: 0.8961, Test: 0.8813
Run: 02, Epoch: 79, Loss: 0.0001, lr: 0.000040, Train: 0.9968, Valid: 0.8962, Test: 0.8813
Run: 02, Epoch: 80, Loss: 0.0001, lr: 0.000040, Train: 0.9969, Valid: 0.8962, Test: 0.8813
Run: 02, Epoch: 81, Loss: 0.0001, lr: 0.000040, Train: 0.9969, Valid: 0.8963, Test: 0.8812
Run: 02, Epoch: 82, Loss: 0.0001, lr: 0.000040, Train: 0.9969, Valid: 0.8963, Test: 0.8812
Run: 02, Epoch: 83, Loss: 0.0001, lr: 0.000040, Train: 0.9969, Valid: 0.8964, Test: 0.8812
Run: 02, Epoch: 84, Loss: 0.0001, lr: 0.000040, Train: 0.9969, Valid: 0.8964, Test: 0.8812
Run: 02, Epoch: 85, Loss: 0.0001, lr: 0.000028, Train: 0.9969, Valid: 0.8964, Test: 0.8812
Run: 02, Epoch: 86, Loss: 0.0001, lr: 0.000028, Train: 0.9969, Valid: 0.8965, Test: 0.8812
Run: 02, Epoch: 87, Loss: 0.0001, lr: 0.000028, Train: 0.9969, Valid: 0.8965, Test: 0.8812
Run: 02, Epoch: 88, Loss: 0.0001, lr: 0.000028, Train: 0.9969, Valid: 0.8965, Test: 0.8812
Run: 02, Epoch: 89, Loss: 0.0001, lr: 0.000028, Train: 0.9969, Valid: 0.8966, Test: 0.8812
Run: 02, Epoch: 90, Loss: 0.0001, lr: 0.000028, Train: 0.9969, Valid: 0.8966, Test: 0.8812
Run: 02, Epoch: 91, Loss: 0.0001, lr: 0.000020, Train: 0.9969, Valid: 0.8966, Test: 0.8812
Run: 02, Epoch: 92, Loss: 0.0001, lr: 0.000020, Train: 0.9969, Valid: 0.8966, Test: 0.8812
Run: 02, Epoch: 93, Loss: 0.0001, lr: 0.000020, Train: 0.9970, Valid: 0.8967, Test: 0.8812
Run: 02, Epoch: 94, Loss: 0.0001, lr: 0.000020, Train: 0.9970, Valid: 0.8967, Test: 0.8812
Run: 02, Epoch: 95, Loss: 0.0001, lr: 0.000020, Train: 0.9970, Valid: 0.8967, Test: 0.8812
Run: 02, Epoch: 96, Loss: 0.0001, lr: 0.000020, Train: 0.9970, Valid: 0.8967, Test: 0.8812
Run: 02, Epoch: 97, Loss: 0.0001, lr: 0.000014, Train: 0.9970, Valid: 0.8967, Test: 0.8812
Run: 02, Epoch: 98, Loss: 0.0001, lr: 0.000014, Train: 0.9970, Valid: 0.8967, Test: 0.8812
Run: 02, Epoch: 99, Loss: 0.0001, lr: 0.000014, Train: 0.9970, Valid: 0.8968, Test: 0.8812
Run: 02, Epoch: 100, Loss: 0.0001, lr: 0.000014, Train: 0.9970, Valid: 0.8968, Test: 0.8812
Run 02:
Highest Train: 1.00
Highest Valid: 0.90
  Final Train: 0.99
   Final Test: 0.90
Run: 03, Epoch: 01, Loss: 0.0679, lr: 0.001000, Train: 0.3442, Valid: -0.4296, Test: 0.4213
Run: 03, Epoch: 02, Loss: 0.0082, lr: 0.001000, Train: 0.6172, Valid: 0.0174, Test: 0.6682
Run: 03, Epoch: 03, Loss: 0.0081, lr: 0.001000, Train: 0.7301, Valid: 0.2342, Test: 0.7782
Run: 03, Epoch: 04, Loss: 0.0098, lr: 0.001000, Train: 0.7766, Valid: 0.3352, Test: 0.8285
Run: 03, Epoch: 05, Loss: 0.0097, lr: 0.001000, Train: 0.8054, Valid: 0.4052, Test: 0.8579
Run: 03, Epoch: 06, Loss: 0.0087, lr: 0.001000, Train: 0.8255, Valid: 0.4623, Test: 0.8761
Run: 03, Epoch: 07, Loss: 0.0075, lr: 0.001000, Train: 0.8377, Valid: 0.5112, Test: 0.8859
Run: 03, Epoch: 08, Loss: 0.0063, lr: 0.001000, Train: 0.8446, Valid: 0.5449, Test: 0.8896
Run: 03, Epoch: 09, Loss: 0.0053, lr: 0.001000, Train: 0.8500, Valid: 0.5726, Test: 0.8903
Run: 03, Epoch: 10, Loss: 0.0044, lr: 0.001000, Train: 0.8562, Valid: 0.6021, Test: 0.8917
Run: 03, Epoch: 11, Loss: 0.0036, lr: 0.001000, Train: 0.8622, Valid: 0.6324, Test: 0.8947
Run: 03, Epoch: 12, Loss: 0.0029, lr: 0.001000, Train: 0.8674, Valid: 0.6631, Test: 0.8995
Run: 03, Epoch: 13, Loss: 0.0025, lr: 0.001000, Train: 0.8706, Valid: 0.6892, Test: 0.9038
Run: 03, Epoch: 14, Loss: 0.0022, lr: 0.001000, Train: 0.8724, Valid: 0.7068, Test: 0.9072
Run: 03, Epoch: 15, Loss: 0.0020, lr: 0.001000, Train: 0.8745, Valid: 0.7176, Test: 0.9099
Run: 03, Epoch: 16, Loss: 0.0019, lr: 0.001000, Train: 0.8789, Valid: 0.7280, Test: 0.9124
Run: 03, Epoch: 17, Loss: 0.0017, lr: 0.001000, Train: 0.8862, Valid: 0.7401, Test: 0.9164
Run: 03, Epoch: 18, Loss: 0.0015, lr: 0.001000, Train: 0.8986, Valid: 0.7612, Test: 0.9250
Run: 03, Epoch: 19, Loss: 0.0014, lr: 0.001000, Train: 0.9153, Valid: 0.7902, Test: 0.9355
Run: 03, Epoch: 20, Loss: 0.0013, lr: 0.001000, Train: 0.9334, Valid: 0.8211, Test: 0.9461
Run: 03, Epoch: 21, Loss: 0.0012, lr: 0.001000, Train: 0.9493, Valid: 0.8472, Test: 0.9555
Run: 03, Epoch: 22, Loss: 0.0011, lr: 0.001000, Train: 0.9611, Valid: 0.8658, Test: 0.9624
Run: 03, Epoch: 23, Loss: 0.0011, lr: 0.001000, Train: 0.9688, Valid: 0.8771, Test: 0.9666
Run: 03, Epoch: 24, Loss: 0.0010, lr: 0.001000, Train: 0.9738, Valid: 0.8844, Test: 0.9683
Run: 03, Epoch: 25, Loss: 0.0009, lr: 0.001000, Train: 0.9768, Valid: 0.8892, Test: 0.9677
Run: 03, Epoch: 26, Loss: 0.0008, lr: 0.001000, Train: 0.9785, Valid: 0.8923, Test: 0.9664
Run: 03, Epoch: 27, Loss: 0.0008, lr: 0.001000, Train: 0.9791, Valid: 0.8971, Test: 0.9647
Run: 03, Epoch: 28, Loss: 0.0007, lr: 0.001000, Train: 0.9788, Valid: 0.9006, Test: 0.9632
Run: 03, Epoch: 29, Loss: 0.0006, lr: 0.001000, Train: 0.9782, Valid: 0.9025, Test: 0.9618
Run: 03, Epoch: 30, Loss: 0.0005, lr: 0.001000, Train: 0.9768, Valid: 0.9030, Test: 0.9608
Run: 03, Epoch: 31, Loss: 0.0005, lr: 0.001000, Train: 0.9763, Valid: 0.9027, Test: 0.9588
Run: 03, Epoch: 32, Loss: 0.0005, lr: 0.001000, Train: 0.9770, Valid: 0.9023, Test: 0.9571
Run: 03, Epoch: 33, Loss: 0.0005, lr: 0.001000, Train: 0.9782, Valid: 0.9018, Test: 0.9551
Run: 03, Epoch: 34, Loss: 0.0004, lr: 0.001000, Train: 0.9794, Valid: 0.9011, Test: 0.9533
Run: 03, Epoch: 35, Loss: 0.0004, lr: 0.001000, Train: 0.9805, Valid: 0.9001, Test: 0.9516
Run: 03, Epoch: 36, Loss: 0.0004, lr: 0.001000, Train: 0.9817, Valid: 0.8985, Test: 0.9500
Run: 03, Epoch: 37, Loss: 0.0004, lr: 0.000700, Train: 0.9832, Valid: 0.8965, Test: 0.9491
Run: 03, Epoch: 38, Loss: 0.0003, lr: 0.000700, Train: 0.9848, Valid: 0.8939, Test: 0.9483
Run: 03, Epoch: 39, Loss: 0.0003, lr: 0.000700, Train: 0.9864, Valid: 0.8904, Test: 0.9477
Run: 03, Epoch: 40, Loss: 0.0003, lr: 0.000700, Train: 0.9878, Valid: 0.8868, Test: 0.9472
Run: 03, Epoch: 41, Loss: 0.0003, lr: 0.000700, Train: 0.9888, Valid: 0.8847, Test: 0.9468
Run: 03, Epoch: 42, Loss: 0.0003, lr: 0.000700, Train: 0.9894, Valid: 0.8846, Test: 0.9468
Run: 03, Epoch: 43, Loss: 0.0003, lr: 0.000490, Train: 0.9898, Valid: 0.8857, Test: 0.9473
Run: 03, Epoch: 44, Loss: 0.0003, lr: 0.000490, Train: 0.9899, Valid: 0.8880, Test: 0.9480
Run: 03, Epoch: 45, Loss: 0.0003, lr: 0.000490, Train: 0.9899, Valid: 0.8910, Test: 0.9487
Run: 03, Epoch: 46, Loss: 0.0002, lr: 0.000490, Train: 0.9899, Valid: 0.8938, Test: 0.9494
Run: 03, Epoch: 47, Loss: 0.0002, lr: 0.000490, Train: 0.9899, Valid: 0.8960, Test: 0.9501
Run: 03, Epoch: 48, Loss: 0.0002, lr: 0.000490, Train: 0.9901, Valid: 0.8974, Test: 0.9506
Run: 03, Epoch: 49, Loss: 0.0002, lr: 0.000343, Train: 0.9908, Valid: 0.8972, Test: 0.9512
Run: 03, Epoch: 50, Loss: 0.0002, lr: 0.000343, Train: 0.9915, Valid: 0.8964, Test: 0.9517
Run: 03, Epoch: 51, Loss: 0.0002, lr: 0.000343, Train: 0.9923, Valid: 0.8954, Test: 0.9522
Run: 03, Epoch: 52, Loss: 0.0002, lr: 0.000343, Train: 0.9930, Valid: 0.8939, Test: 0.9526
Run: 03, Epoch: 53, Loss: 0.0002, lr: 0.000343, Train: 0.9937, Valid: 0.8920, Test: 0.9528
Run: 03, Epoch: 54, Loss: 0.0002, lr: 0.000343, Train: 0.9942, Valid: 0.8896, Test: 0.9528
Run: 03, Epoch: 55, Loss: 0.0002, lr: 0.000240, Train: 0.9946, Valid: 0.8876, Test: 0.9527
Run: 03, Epoch: 56, Loss: 0.0002, lr: 0.000240, Train: 0.9949, Valid: 0.8858, Test: 0.9526
Run: 03, Epoch: 57, Loss: 0.0002, lr: 0.000240, Train: 0.9951, Valid: 0.8841, Test: 0.9524
Run: 03, Epoch: 58, Loss: 0.0002, lr: 0.000240, Train: 0.9953, Valid: 0.8827, Test: 0.9521
Run: 03, Epoch: 59, Loss: 0.0002, lr: 0.000240, Train: 0.9954, Valid: 0.8814, Test: 0.9518
Run: 03, Epoch: 60, Loss: 0.0002, lr: 0.000240, Train: 0.9955, Valid: 0.8803, Test: 0.9515
Run: 03, Epoch: 61, Loss: 0.0002, lr: 0.000168, Train: 0.9956, Valid: 0.8796, Test: 0.9513
Run: 03, Epoch: 62, Loss: 0.0002, lr: 0.000168, Train: 0.9957, Valid: 0.8790, Test: 0.9512
Run: 03, Epoch: 63, Loss: 0.0002, lr: 0.000168, Train: 0.9958, Valid: 0.8784, Test: 0.9510
Run: 03, Epoch: 64, Loss: 0.0002, lr: 0.000168, Train: 0.9959, Valid: 0.8780, Test: 0.9509
Run: 03, Epoch: 65, Loss: 0.0002, lr: 0.000168, Train: 0.9959, Valid: 0.8776, Test: 0.9508
Run: 03, Epoch: 66, Loss: 0.0002, lr: 0.000168, Train: 0.9960, Valid: 0.8772, Test: 0.9507
Run: 03, Epoch: 67, Loss: 0.0002, lr: 0.000118, Train: 0.9960, Valid: 0.8771, Test: 0.9507
Run: 03, Epoch: 68, Loss: 0.0002, lr: 0.000118, Train: 0.9961, Valid: 0.8770, Test: 0.9508
Run: 03, Epoch: 69, Loss: 0.0002, lr: 0.000118, Train: 0.9961, Valid: 0.8768, Test: 0.9508
Run: 03, Epoch: 70, Loss: 0.0002, lr: 0.000118, Train: 0.9962, Valid: 0.8768, Test: 0.9509
Run: 03, Epoch: 71, Loss: 0.0002, lr: 0.000118, Train: 0.9962, Valid: 0.8767, Test: 0.9509
Run: 03, Epoch: 72, Loss: 0.0002, lr: 0.000118, Train: 0.9963, Valid: 0.8767, Test: 0.9510
Run: 03, Epoch: 73, Loss: 0.0002, lr: 0.000082, Train: 0.9963, Valid: 0.8767, Test: 0.9511
Run: 03, Epoch: 74, Loss: 0.0002, lr: 0.000082, Train: 0.9963, Valid: 0.8768, Test: 0.9512
Run: 03, Epoch: 75, Loss: 0.0001, lr: 0.000082, Train: 0.9964, Valid: 0.8769, Test: 0.9513
Run: 03, Epoch: 76, Loss: 0.0001, lr: 0.000082, Train: 0.9964, Valid: 0.8769, Test: 0.9514
Run: 03, Epoch: 77, Loss: 0.0001, lr: 0.000082, Train: 0.9964, Valid: 0.8770, Test: 0.9515
Run: 03, Epoch: 78, Loss: 0.0001, lr: 0.000082, Train: 0.9965, Valid: 0.8771, Test: 0.9516
Run: 03, Epoch: 79, Loss: 0.0001, lr: 0.000058, Train: 0.9965, Valid: 0.8773, Test: 0.9517
Run: 03, Epoch: 80, Loss: 0.0001, lr: 0.000058, Train: 0.9965, Valid: 0.8774, Test: 0.9518
Run: 03, Epoch: 81, Loss: 0.0001, lr: 0.000058, Train: 0.9965, Valid: 0.8776, Test: 0.9518
Run: 03, Epoch: 82, Loss: 0.0001, lr: 0.000058, Train: 0.9965, Valid: 0.8777, Test: 0.9519
Run: 03, Epoch: 83, Loss: 0.0001, lr: 0.000058, Train: 0.9966, Valid: 0.8779, Test: 0.9520
Run: 03, Epoch: 84, Loss: 0.0001, lr: 0.000058, Train: 0.9966, Valid: 0.8781, Test: 0.9521
Run: 03, Epoch: 85, Loss: 0.0001, lr: 0.000040, Train: 0.9966, Valid: 0.8782, Test: 0.9521
Run: 03, Epoch: 86, Loss: 0.0001, lr: 0.000040, Train: 0.9966, Valid: 0.8783, Test: 0.9522
Run: 03, Epoch: 87, Loss: 0.0001, lr: 0.000040, Train: 0.9966, Valid: 0.8784, Test: 0.9523
Run: 03, Epoch: 88, Loss: 0.0001, lr: 0.000040, Train: 0.9966, Valid: 0.8786, Test: 0.9523
Run: 03, Epoch: 89, Loss: 0.0001, lr: 0.000040, Train: 0.9966, Valid: 0.8787, Test: 0.9524
Run: 03, Epoch: 90, Loss: 0.0001, lr: 0.000040, Train: 0.9967, Valid: 0.8788, Test: 0.9524
Run: 03, Epoch: 91, Loss: 0.0001, lr: 0.000028, Train: 0.9967, Valid: 0.8788, Test: 0.9525
Run: 03, Epoch: 92, Loss: 0.0001, lr: 0.000028, Train: 0.9967, Valid: 0.8789, Test: 0.9525
Run: 03, Epoch: 93, Loss: 0.0001, lr: 0.000028, Train: 0.9967, Valid: 0.8789, Test: 0.9525
Run: 03, Epoch: 94, Loss: 0.0001, lr: 0.000028, Train: 0.9967, Valid: 0.8790, Test: 0.9526
Run: 03, Epoch: 95, Loss: 0.0001, lr: 0.000028, Train: 0.9967, Valid: 0.8790, Test: 0.9526
Run: 03, Epoch: 96, Loss: 0.0001, lr: 0.000028, Train: 0.9967, Valid: 0.8791, Test: 0.9526
Run: 03, Epoch: 97, Loss: 0.0001, lr: 0.000020, Train: 0.9967, Valid: 0.8791, Test: 0.9526
Run: 03, Epoch: 98, Loss: 0.0001, lr: 0.000020, Train: 0.9967, Valid: 0.8791, Test: 0.9527
Run: 03, Epoch: 99, Loss: 0.0001, lr: 0.000020, Train: 0.9967, Valid: 0.8791, Test: 0.9527
Run: 03, Epoch: 100, Loss: 0.0001, lr: 0.000020, Train: 0.9967, Valid: 0.8791, Test: 0.9527
Run 03:
Highest Train: 1.00
Highest Valid: 0.90
  Final Train: 0.98
   Final Test: 0.96
Run: 04, Epoch: 01, Loss: 0.0388, lr: 0.001000, Train: 0.4196, Valid: 0.1468, Test: 0.4482
Run: 04, Epoch: 02, Loss: 0.0054, lr: 0.001000, Train: 0.6082, Valid: 0.3833, Test: 0.6422
Run: 04, Epoch: 03, Loss: 0.0063, lr: 0.001000, Train: 0.6804, Valid: 0.4792, Test: 0.7186
Run: 04, Epoch: 04, Loss: 0.0068, lr: 0.001000, Train: 0.7163, Valid: 0.5315, Test: 0.7607
Run: 04, Epoch: 05, Loss: 0.0062, lr: 0.001000, Train: 0.7424, Valid: 0.5774, Test: 0.7904
Run: 04, Epoch: 06, Loss: 0.0054, lr: 0.001000, Train: 0.7638, Valid: 0.6210, Test: 0.8118
Run: 04, Epoch: 07, Loss: 0.0043, lr: 0.001000, Train: 0.7841, Valid: 0.6642, Test: 0.8292
Run: 04, Epoch: 08, Loss: 0.0032, lr: 0.001000, Train: 0.8043, Valid: 0.7033, Test: 0.8440
Run: 04, Epoch: 09, Loss: 0.0024, lr: 0.001000, Train: 0.8216, Valid: 0.7318, Test: 0.8543
Run: 04, Epoch: 10, Loss: 0.0020, lr: 0.001000, Train: 0.8325, Valid: 0.7496, Test: 0.8583
Run: 04, Epoch: 11, Loss: 0.0018, lr: 0.001000, Train: 0.8367, Valid: 0.7570, Test: 0.8549
Run: 04, Epoch: 12, Loss: 0.0017, lr: 0.001000, Train: 0.8349, Valid: 0.7559, Test: 0.8445
Run: 04, Epoch: 13, Loss: 0.0016, lr: 0.001000, Train: 0.8317, Valid: 0.7540, Test: 0.8313
Run: 04, Epoch: 14, Loss: 0.0015, lr: 0.001000, Train: 0.8343, Valid: 0.7586, Test: 0.8235
Run: 04, Epoch: 15, Loss: 0.0013, lr: 0.001000, Train: 0.8457, Valid: 0.7709, Test: 0.8237
Run: 04, Epoch: 16, Loss: 0.0012, lr: 0.001000, Train: 0.8609, Valid: 0.7891, Test: 0.8305
Run: 04, Epoch: 17, Loss: 0.0010, lr: 0.001000, Train: 0.8744, Valid: 0.8065, Test: 0.8399
Run: 04, Epoch: 18, Loss: 0.0010, lr: 0.001000, Train: 0.8842, Valid: 0.8189, Test: 0.8499
Run: 04, Epoch: 19, Loss: 0.0010, lr: 0.001000, Train: 0.8887, Valid: 0.8224, Test: 0.8573
Run: 04, Epoch: 20, Loss: 0.0009, lr: 0.001000, Train: 0.8873, Valid: 0.8166, Test: 0.8618
Run: 04, Epoch: 21, Loss: 0.0008, lr: 0.001000, Train: 0.8803, Valid: 0.8023, Test: 0.8626
Run: 04, Epoch: 22, Loss: 0.0008, lr: 0.001000, Train: 0.8694, Valid: 0.7862, Test: 0.8616
Run: 04, Epoch: 23, Loss: 0.0007, lr: 0.001000, Train: 0.8612, Valid: 0.7776, Test: 0.8614
Run: 04, Epoch: 24, Loss: 0.0007, lr: 0.001000, Train: 0.8596, Valid: 0.7825, Test: 0.8635
Run: 04, Epoch: 25, Loss: 0.0006, lr: 0.001000, Train: 0.8605, Valid: 0.7836, Test: 0.8678
Run: 04, Epoch: 26, Loss: 0.0006, lr: 0.000700, Train: 0.8701, Valid: 0.7983, Test: 0.8733
Run: 04, Epoch: 27, Loss: 0.0006, lr: 0.000700, Train: 0.8778, Valid: 0.8111, Test: 0.8771
Run: 04, Epoch: 28, Loss: 0.0005, lr: 0.000700, Train: 0.8840, Valid: 0.8229, Test: 0.8793
Run: 04, Epoch: 29, Loss: 0.0005, lr: 0.000700, Train: 0.8904, Valid: 0.8341, Test: 0.8820
Run: 04, Epoch: 30, Loss: 0.0005, lr: 0.000700, Train: 0.8994, Valid: 0.8457, Test: 0.8857
Run: 04, Epoch: 31, Loss: 0.0005, lr: 0.000700, Train: 0.9106, Valid: 0.8582, Test: 0.8921
Run: 04, Epoch: 32, Loss: 0.0004, lr: 0.000700, Train: 0.9238, Valid: 0.8739, Test: 0.8996
Run: 04, Epoch: 33, Loss: 0.0004, lr: 0.000700, Train: 0.9375, Valid: 0.8905, Test: 0.9087
Run: 04, Epoch: 34, Loss: 0.0004, lr: 0.000700, Train: 0.9509, Valid: 0.9069, Test: 0.9180
Run: 04, Epoch: 35, Loss: 0.0004, lr: 0.000700, Train: 0.9625, Valid: 0.9203, Test: 0.9270
Run: 04, Epoch: 36, Loss: 0.0004, lr: 0.000700, Train: 0.9720, Valid: 0.9303, Test: 0.9345
Run: 04, Epoch: 37, Loss: 0.0004, lr: 0.000700, Train: 0.9785, Valid: 0.9361, Test: 0.9400
Run: 04, Epoch: 38, Loss: 0.0003, lr: 0.000700, Train: 0.9820, Valid: 0.9378, Test: 0.9425
Run: 04, Epoch: 39, Loss: 0.0003, lr: 0.000700, Train: 0.9829, Valid: 0.9368, Test: 0.9423
Run: 04, Epoch: 40, Loss: 0.0003, lr: 0.000700, Train: 0.9821, Valid: 0.9340, Test: 0.9400
Run: 04, Epoch: 41, Loss: 0.0003, lr: 0.000700, Train: 0.9802, Valid: 0.9304, Test: 0.9365
Run: 04, Epoch: 42, Loss: 0.0003, lr: 0.000700, Train: 0.9783, Valid: 0.9269, Test: 0.9332
Run: 04, Epoch: 43, Loss: 0.0003, lr: 0.000700, Train: 0.9768, Valid: 0.9243, Test: 0.9310
Run: 04, Epoch: 44, Loss: 0.0003, lr: 0.000700, Train: 0.9763, Valid: 0.9231, Test: 0.9298
Run: 04, Epoch: 45, Loss: 0.0003, lr: 0.000490, Train: 0.9776, Valid: 0.9243, Test: 0.9309
Run: 04, Epoch: 46, Loss: 0.0003, lr: 0.000490, Train: 0.9793, Valid: 0.9254, Test: 0.9330
Run: 04, Epoch: 47, Loss: 0.0002, lr: 0.000490, Train: 0.9812, Valid: 0.9271, Test: 0.9354
Run: 04, Epoch: 48, Loss: 0.0002, lr: 0.000490, Train: 0.9831, Valid: 0.9290, Test: 0.9375
Run: 04, Epoch: 49, Loss: 0.0002, lr: 0.000490, Train: 0.9848, Valid: 0.9309, Test: 0.9394
Run: 04, Epoch: 50, Loss: 0.0002, lr: 0.000490, Train: 0.9862, Valid: 0.9327, Test: 0.9409
Run: 04, Epoch: 51, Loss: 0.0002, lr: 0.000343, Train: 0.9873, Valid: 0.9342, Test: 0.9421
Run: 04, Epoch: 52, Loss: 0.0002, lr: 0.000343, Train: 0.9881, Valid: 0.9354, Test: 0.9428
Run: 04, Epoch: 53, Loss: 0.0002, lr: 0.000343, Train: 0.9888, Valid: 0.9364, Test: 0.9434
Run: 04, Epoch: 54, Loss: 0.0002, lr: 0.000343, Train: 0.9894, Valid: 0.9374, Test: 0.9441
Run: 04, Epoch: 55, Loss: 0.0002, lr: 0.000343, Train: 0.9901, Valid: 0.9385, Test: 0.9449
Run: 04, Epoch: 56, Loss: 0.0002, lr: 0.000343, Train: 0.9909, Valid: 0.9397, Test: 0.9457
Run: 04, Epoch: 57, Loss: 0.0002, lr: 0.000343, Train: 0.9917, Valid: 0.9410, Test: 0.9466
Run: 04, Epoch: 58, Loss: 0.0002, lr: 0.000343, Train: 0.9925, Valid: 0.9423, Test: 0.9476
Run: 04, Epoch: 59, Loss: 0.0002, lr: 0.000343, Train: 0.9932, Valid: 0.9436, Test: 0.9485
Run: 04, Epoch: 60, Loss: 0.0002, lr: 0.000343, Train: 0.9938, Valid: 0.9447, Test: 0.9493
Run: 04, Epoch: 61, Loss: 0.0002, lr: 0.000343, Train: 0.9942, Valid: 0.9457, Test: 0.9498
Run: 04, Epoch: 62, Loss: 0.0002, lr: 0.000343, Train: 0.9946, Valid: 0.9465, Test: 0.9503
Run: 04, Epoch: 63, Loss: 0.0002, lr: 0.000343, Train: 0.9949, Valid: 0.9472, Test: 0.9508
Run: 04, Epoch: 64, Loss: 0.0002, lr: 0.000343, Train: 0.9952, Valid: 0.9478, Test: 0.9513
Run: 04, Epoch: 65, Loss: 0.0002, lr: 0.000343, Train: 0.9955, Valid: 0.9483, Test: 0.9518
Run: 04, Epoch: 66, Loss: 0.0002, lr: 0.000343, Train: 0.9958, Valid: 0.9487, Test: 0.9521
Run: 04, Epoch: 67, Loss: 0.0002, lr: 0.000343, Train: 0.9959, Valid: 0.9490, Test: 0.9524
Run: 04, Epoch: 68, Loss: 0.0002, lr: 0.000343, Train: 0.9961, Valid: 0.9492, Test: 0.9526
Run: 04, Epoch: 69, Loss: 0.0001, lr: 0.000343, Train: 0.9962, Valid: 0.9493, Test: 0.9527
Run: 04, Epoch: 70, Loss: 0.0001, lr: 0.000343, Train: 0.9962, Valid: 0.9494, Test: 0.9527
Run: 04, Epoch: 71, Loss: 0.0001, lr: 0.000343, Train: 0.9963, Valid: 0.9495, Test: 0.9527
Run: 04, Epoch: 72, Loss: 0.0001, lr: 0.000343, Train: 0.9964, Valid: 0.9496, Test: 0.9525
Run: 04, Epoch: 73, Loss: 0.0001, lr: 0.000343, Train: 0.9964, Valid: 0.9497, Test: 0.9524
Run: 04, Epoch: 74, Loss: 0.0001, lr: 0.000343, Train: 0.9965, Valid: 0.9499, Test: 0.9522
Run: 04, Epoch: 75, Loss: 0.0001, lr: 0.000343, Train: 0.9966, Valid: 0.9501, Test: 0.9520
Run: 04, Epoch: 76, Loss: 0.0001, lr: 0.000343, Train: 0.9966, Valid: 0.9503, Test: 0.9520
Run: 04, Epoch: 77, Loss: 0.0001, lr: 0.000343, Train: 0.9967, Valid: 0.9505, Test: 0.9519
Run: 04, Epoch: 78, Loss: 0.0001, lr: 0.000343, Train: 0.9968, Valid: 0.9508, Test: 0.9519
Run: 04, Epoch: 79, Loss: 0.0001, lr: 0.000343, Train: 0.9969, Valid: 0.9510, Test: 0.9519
Run: 04, Epoch: 80, Loss: 0.0001, lr: 0.000343, Train: 0.9970, Valid: 0.9512, Test: 0.9519
Run: 04, Epoch: 81, Loss: 0.0001, lr: 0.000343, Train: 0.9971, Valid: 0.9515, Test: 0.9518
Run: 04, Epoch: 82, Loss: 0.0001, lr: 0.000343, Train: 0.9972, Valid: 0.9518, Test: 0.9518
Run: 04, Epoch: 83, Loss: 0.0001, lr: 0.000343, Train: 0.9973, Valid: 0.9523, Test: 0.9519
Run: 04, Epoch: 84, Loss: 0.0001, lr: 0.000343, Train: 0.9974, Valid: 0.9528, Test: 0.9520
Run: 04, Epoch: 85, Loss: 0.0001, lr: 0.000343, Train: 0.9975, Valid: 0.9533, Test: 0.9521
Run: 04, Epoch: 86, Loss: 0.0001, lr: 0.000343, Train: 0.9975, Valid: 0.9538, Test: 0.9521
Run: 04, Epoch: 87, Loss: 0.0001, lr: 0.000343, Train: 0.9976, Valid: 0.9541, Test: 0.9521
Run: 04, Epoch: 88, Loss: 0.0001, lr: 0.000343, Train: 0.9976, Valid: 0.9544, Test: 0.9520
Run: 04, Epoch: 89, Loss: 0.0001, lr: 0.000343, Train: 0.9977, Valid: 0.9546, Test: 0.9519
Run: 04, Epoch: 90, Loss: 0.0001, lr: 0.000343, Train: 0.9977, Valid: 0.9548, Test: 0.9518
Run: 04, Epoch: 91, Loss: 0.0001, lr: 0.000343, Train: 0.9978, Valid: 0.9550, Test: 0.9518
Run: 04, Epoch: 92, Loss: 0.0001, lr: 0.000343, Train: 0.9978, Valid: 0.9552, Test: 0.9516
Run: 04, Epoch: 93, Loss: 0.0001, lr: 0.000343, Train: 0.9978, Valid: 0.9554, Test: 0.9514
Run: 04, Epoch: 94, Loss: 0.0001, lr: 0.000343, Train: 0.9979, Valid: 0.9556, Test: 0.9512
Run: 04, Epoch: 95, Loss: 0.0001, lr: 0.000343, Train: 0.9979, Valid: 0.9558, Test: 0.9511
Run: 04, Epoch: 96, Loss: 0.0001, lr: 0.000343, Train: 0.9979, Valid: 0.9559, Test: 0.9510
Run: 04, Epoch: 97, Loss: 0.0001, lr: 0.000343, Train: 0.9980, Valid: 0.9560, Test: 0.9509
Run: 04, Epoch: 98, Loss: 0.0001, lr: 0.000343, Train: 0.9980, Valid: 0.9560, Test: 0.9509
Run: 04, Epoch: 99, Loss: 0.0001, lr: 0.000343, Train: 0.9980, Valid: 0.9560, Test: 0.9508
Run: 04, Epoch: 100, Loss: 0.0001, lr: 0.000343, Train: 0.9980, Valid: 0.9561, Test: 0.9506
Run 04:
Highest Train: 1.00
Highest Valid: 0.96
  Final Train: 1.00
   Final Test: 0.95
Run: 05, Epoch: 01, Loss: 0.0392, lr: 0.001000, Train: 0.5835, Valid: 0.3914, Test: 0.4231
Run: 05, Epoch: 02, Loss: 0.0069, lr: 0.001000, Train: 0.7073, Valid: 0.4904, Test: 0.5508
Run: 05, Epoch: 03, Loss: 0.0092, lr: 0.001000, Train: 0.7517, Valid: 0.5455, Test: 0.5939
Run: 05, Epoch: 04, Loss: 0.0091, lr: 0.001000, Train: 0.7795, Valid: 0.6049, Test: 0.6189
Run: 05, Epoch: 05, Loss: 0.0081, lr: 0.001000, Train: 0.8005, Valid: 0.6626, Test: 0.6378
Run: 05, Epoch: 06, Loss: 0.0072, lr: 0.001000, Train: 0.8177, Valid: 0.7089, Test: 0.6582
Run: 05, Epoch: 07, Loss: 0.0062, lr: 0.001000, Train: 0.8315, Valid: 0.7392, Test: 0.6734
Run: 05, Epoch: 08, Loss: 0.0051, lr: 0.001000, Train: 0.8420, Valid: 0.7556, Test: 0.6785
Run: 05, Epoch: 09, Loss: 0.0042, lr: 0.001000, Train: 0.8506, Valid: 0.7631, Test: 0.6722
Run: 05, Epoch: 10, Loss: 0.0035, lr: 0.001000, Train: 0.8586, Valid: 0.7633, Test: 0.6639
Run: 05, Epoch: 11, Loss: 0.0029, lr: 0.001000, Train: 0.8651, Valid: 0.7490, Test: 0.6613
Run: 05, Epoch: 12, Loss: 0.0024, lr: 0.001000, Train: 0.8685, Valid: 0.7199, Test: 0.6723
Run: 05, Epoch: 13, Loss: 0.0020, lr: 0.001000, Train: 0.8692, Valid: 0.6825, Test: 0.6951
Run: 05, Epoch: 14, Loss: 0.0018, lr: 0.001000, Train: 0.8711, Valid: 0.6584, Test: 0.7296
Run: 05, Epoch: 15, Loss: 0.0018, lr: 0.001000, Train: 0.8785, Valid: 0.6608, Test: 0.7693
Run: 05, Epoch: 16, Loss: 0.0017, lr: 0.001000, Train: 0.8919, Valid: 0.6932, Test: 0.8088
Run: 05, Epoch: 17, Loss: 0.0017, lr: 0.000700, Train: 0.9091, Valid: 0.7443, Test: 0.8439
Run: 05, Epoch: 18, Loss: 0.0016, lr: 0.000700, Train: 0.9265, Valid: 0.8008, Test: 0.8747
Run: 05, Epoch: 19, Loss: 0.0015, lr: 0.000700, Train: 0.9420, Valid: 0.8543, Test: 0.8994
Run: 05, Epoch: 20, Loss: 0.0014, lr: 0.000700, Train: 0.9552, Valid: 0.8998, Test: 0.9178
Run: 05, Epoch: 21, Loss: 0.0013, lr: 0.000700, Train: 0.9655, Valid: 0.9292, Test: 0.9292
Run: 05, Epoch: 22, Loss: 0.0012, lr: 0.000700, Train: 0.9723, Valid: 0.9477, Test: 0.9353
Run: 05, Epoch: 23, Loss: 0.0011, lr: 0.000700, Train: 0.9766, Valid: 0.9574, Test: 0.9379
Run: 05, Epoch: 24, Loss: 0.0010, lr: 0.000700, Train: 0.9792, Valid: 0.9604, Test: 0.9378
Run: 05, Epoch: 25, Loss: 0.0010, lr: 0.000700, Train: 0.9809, Valid: 0.9612, Test: 0.9369
Run: 05, Epoch: 26, Loss: 0.0009, lr: 0.000700, Train: 0.9820, Valid: 0.9613, Test: 0.9345
Run: 05, Epoch: 27, Loss: 0.0008, lr: 0.000700, Train: 0.9826, Valid: 0.9612, Test: 0.9322
Run: 05, Epoch: 28, Loss: 0.0008, lr: 0.000700, Train: 0.9831, Valid: 0.9605, Test: 0.9308
Run: 05, Epoch: 29, Loss: 0.0008, lr: 0.000700, Train: 0.9834, Valid: 0.9596, Test: 0.9302
Run: 05, Epoch: 30, Loss: 0.0008, lr: 0.000700, Train: 0.9838, Valid: 0.9582, Test: 0.9307
Run: 05, Epoch: 31, Loss: 0.0007, lr: 0.000700, Train: 0.9841, Valid: 0.9561, Test: 0.9319
Run: 05, Epoch: 32, Loss: 0.0007, lr: 0.000700, Train: 0.9843, Valid: 0.9528, Test: 0.9339
Run: 05, Epoch: 33, Loss: 0.0007, lr: 0.000490, Train: 0.9844, Valid: 0.9499, Test: 0.9354
Run: 05, Epoch: 34, Loss: 0.0006, lr: 0.000490, Train: 0.9845, Valid: 0.9460, Test: 0.9371
Run: 05, Epoch: 35, Loss: 0.0006, lr: 0.000490, Train: 0.9844, Valid: 0.9415, Test: 0.9387
Run: 05, Epoch: 36, Loss: 0.0006, lr: 0.000490, Train: 0.9843, Valid: 0.9369, Test: 0.9400
Run: 05, Epoch: 37, Loss: 0.0006, lr: 0.000490, Train: 0.9843, Valid: 0.9332, Test: 0.9412
Run: 05, Epoch: 38, Loss: 0.0005, lr: 0.000490, Train: 0.9845, Valid: 0.9311, Test: 0.9424
Run: 05, Epoch: 39, Loss: 0.0005, lr: 0.000343, Train: 0.9851, Valid: 0.9319, Test: 0.9434
Run: 05, Epoch: 40, Loss: 0.0005, lr: 0.000343, Train: 0.9859, Valid: 0.9338, Test: 0.9444
Run: 05, Epoch: 41, Loss: 0.0005, lr: 0.000343, Train: 0.9867, Valid: 0.9365, Test: 0.9454
Run: 05, Epoch: 42, Loss: 0.0005, lr: 0.000343, Train: 0.9876, Valid: 0.9394, Test: 0.9462
Run: 05, Epoch: 43, Loss: 0.0004, lr: 0.000343, Train: 0.9884, Valid: 0.9421, Test: 0.9469
Run: 05, Epoch: 44, Loss: 0.0004, lr: 0.000343, Train: 0.9890, Valid: 0.9443, Test: 0.9473
Run: 05, Epoch: 45, Loss: 0.0004, lr: 0.000240, Train: 0.9895, Valid: 0.9454, Test: 0.9476
Run: 05, Epoch: 46, Loss: 0.0004, lr: 0.000240, Train: 0.9899, Valid: 0.9461, Test: 0.9478
Run: 05, Epoch: 47, Loss: 0.0004, lr: 0.000240, Train: 0.9902, Valid: 0.9463, Test: 0.9479
Run: 05, Epoch: 48, Loss: 0.0004, lr: 0.000240, Train: 0.9903, Valid: 0.9460, Test: 0.9480
Run: 05, Epoch: 49, Loss: 0.0004, lr: 0.000240, Train: 0.9905, Valid: 0.9453, Test: 0.9478
Run: 05, Epoch: 50, Loss: 0.0004, lr: 0.000240, Train: 0.9906, Valid: 0.9443, Test: 0.9477
Run: 05, Epoch: 51, Loss: 0.0004, lr: 0.000168, Train: 0.9907, Valid: 0.9437, Test: 0.9479
Run: 05, Epoch: 52, Loss: 0.0004, lr: 0.000168, Train: 0.9909, Valid: 0.9429, Test: 0.9482
Run: 05, Epoch: 53, Loss: 0.0004, lr: 0.000168, Train: 0.9910, Valid: 0.9420, Test: 0.9485
Run: 05, Epoch: 54, Loss: 0.0004, lr: 0.000168, Train: 0.9911, Valid: 0.9410, Test: 0.9486
Run: 05, Epoch: 55, Loss: 0.0004, lr: 0.000168, Train: 0.9912, Valid: 0.9401, Test: 0.9487
Run: 05, Epoch: 56, Loss: 0.0004, lr: 0.000168, Train: 0.9912, Valid: 0.9393, Test: 0.9488
Run: 05, Epoch: 57, Loss: 0.0003, lr: 0.000118, Train: 0.9914, Valid: 0.9389, Test: 0.9488
Run: 05, Epoch: 58, Loss: 0.0003, lr: 0.000118, Train: 0.9915, Valid: 0.9385, Test: 0.9489
Run: 05, Epoch: 59, Loss: 0.0003, lr: 0.000118, Train: 0.9917, Valid: 0.9381, Test: 0.9489
Run: 05, Epoch: 60, Loss: 0.0003, lr: 0.000118, Train: 0.9918, Valid: 0.9378, Test: 0.9489
Run: 05, Epoch: 61, Loss: 0.0003, lr: 0.000118, Train: 0.9919, Valid: 0.9376, Test: 0.9488
Run: 05, Epoch: 62, Loss: 0.0003, lr: 0.000118, Train: 0.9921, Valid: 0.9374, Test: 0.9488
Run: 05, Epoch: 63, Loss: 0.0003, lr: 0.000082, Train: 0.9922, Valid: 0.9375, Test: 0.9487
Run: 05, Epoch: 64, Loss: 0.0003, lr: 0.000082, Train: 0.9924, Valid: 0.9375, Test: 0.9487
Run: 05, Epoch: 65, Loss: 0.0003, lr: 0.000082, Train: 0.9925, Valid: 0.9375, Test: 0.9486
Run: 05, Epoch: 66, Loss: 0.0003, lr: 0.000082, Train: 0.9926, Valid: 0.9375, Test: 0.9485
Run: 05, Epoch: 67, Loss: 0.0003, lr: 0.000082, Train: 0.9927, Valid: 0.9375, Test: 0.9484
Run: 05, Epoch: 68, Loss: 0.0003, lr: 0.000082, Train: 0.9928, Valid: 0.9375, Test: 0.9483
Run: 05, Epoch: 69, Loss: 0.0003, lr: 0.000058, Train: 0.9929, Valid: 0.9374, Test: 0.9483
Run: 05, Epoch: 70, Loss: 0.0003, lr: 0.000058, Train: 0.9930, Valid: 0.9374, Test: 0.9482
Run: 05, Epoch: 71, Loss: 0.0003, lr: 0.000058, Train: 0.9931, Valid: 0.9373, Test: 0.9481
Run: 05, Epoch: 72, Loss: 0.0003, lr: 0.000058, Train: 0.9932, Valid: 0.9372, Test: 0.9480
Run: 05, Epoch: 73, Loss: 0.0003, lr: 0.000058, Train: 0.9932, Valid: 0.9371, Test: 0.9479
Run: 05, Epoch: 74, Loss: 0.0003, lr: 0.000058, Train: 0.9933, Valid: 0.9370, Test: 0.9478
Run: 05, Epoch: 75, Loss: 0.0003, lr: 0.000040, Train: 0.9934, Valid: 0.9369, Test: 0.9477
Run: 05, Epoch: 76, Loss: 0.0003, lr: 0.000040, Train: 0.9934, Valid: 0.9368, Test: 0.9476
Run: 05, Epoch: 77, Loss: 0.0003, lr: 0.000040, Train: 0.9935, Valid: 0.9367, Test: 0.9475
Run: 05, Epoch: 78, Loss: 0.0003, lr: 0.000040, Train: 0.9935, Valid: 0.9366, Test: 0.9473
Run: 05, Epoch: 79, Loss: 0.0003, lr: 0.000040, Train: 0.9936, Valid: 0.9365, Test: 0.9472
Run: 05, Epoch: 80, Loss: 0.0003, lr: 0.000040, Train: 0.9936, Valid: 0.9364, Test: 0.9471
Run: 05, Epoch: 81, Loss: 0.0003, lr: 0.000028, Train: 0.9936, Valid: 0.9364, Test: 0.9470
Run: 05, Epoch: 82, Loss: 0.0003, lr: 0.000028, Train: 0.9937, Valid: 0.9364, Test: 0.9470
Run: 05, Epoch: 83, Loss: 0.0003, lr: 0.000028, Train: 0.9937, Valid: 0.9363, Test: 0.9469
Run: 05, Epoch: 84, Loss: 0.0003, lr: 0.000028, Train: 0.9937, Valid: 0.9363, Test: 0.9468
Run: 05, Epoch: 85, Loss: 0.0003, lr: 0.000028, Train: 0.9938, Valid: 0.9363, Test: 0.9467
Run: 05, Epoch: 86, Loss: 0.0003, lr: 0.000028, Train: 0.9938, Valid: 0.9363, Test: 0.9467
Run: 05, Epoch: 87, Loss: 0.0003, lr: 0.000020, Train: 0.9938, Valid: 0.9363, Test: 0.9466
Run: 05, Epoch: 88, Loss: 0.0003, lr: 0.000020, Train: 0.9939, Valid: 0.9363, Test: 0.9466
Run: 05, Epoch: 89, Loss: 0.0003, lr: 0.000020, Train: 0.9939, Valid: 0.9362, Test: 0.9465
Run: 05, Epoch: 90, Loss: 0.0003, lr: 0.000020, Train: 0.9939, Valid: 0.9362, Test: 0.9465
Run: 05, Epoch: 91, Loss: 0.0003, lr: 0.000020, Train: 0.9939, Valid: 0.9362, Test: 0.9464
Run: 05, Epoch: 92, Loss: 0.0003, lr: 0.000020, Train: 0.9939, Valid: 0.9362, Test: 0.9464
Run: 05, Epoch: 93, Loss: 0.0003, lr: 0.000014, Train: 0.9939, Valid: 0.9362, Test: 0.9464
Run: 05, Epoch: 94, Loss: 0.0003, lr: 0.000014, Train: 0.9940, Valid: 0.9362, Test: 0.9463
Run: 05, Epoch: 95, Loss: 0.0003, lr: 0.000014, Train: 0.9940, Valid: 0.9361, Test: 0.9463
Run: 05, Epoch: 96, Loss: 0.0003, lr: 0.000014, Train: 0.9940, Valid: 0.9361, Test: 0.9463
Run: 05, Epoch: 97, Loss: 0.0003, lr: 0.000014, Train: 0.9940, Valid: 0.9361, Test: 0.9463
Run: 05, Epoch: 98, Loss: 0.0003, lr: 0.000014, Train: 0.9940, Valid: 0.9361, Test: 0.9462
Run: 05, Epoch: 99, Loss: 0.0003, lr: 0.000010, Train: 0.9940, Valid: 0.9361, Test: 0.9462
Run: 05, Epoch: 100, Loss: 0.0003, lr: 0.000010, Train: 0.9940, Valid: 0.9360, Test: 0.9462
Run 05:
Highest Train: 0.99
Highest Valid: 0.96
  Final Train: 0.98
   Final Test: 0.93
Run: 06, Epoch: 01, Loss: 0.0404, lr: 0.001000, Train: 0.5028, Valid: 0.3939, Test: 0.4482
Run: 06, Epoch: 02, Loss: 0.0061, lr: 0.001000, Train: 0.6539, Valid: 0.5806, Test: 0.5823
Run: 06, Epoch: 03, Loss: 0.0069, lr: 0.001000, Train: 0.7089, Valid: 0.6512, Test: 0.6329
Run: 06, Epoch: 04, Loss: 0.0075, lr: 0.001000, Train: 0.7353, Valid: 0.6746, Test: 0.6674
Run: 06, Epoch: 05, Loss: 0.0066, lr: 0.001000, Train: 0.7563, Valid: 0.6803, Test: 0.7000
Run: 06, Epoch: 06, Loss: 0.0052, lr: 0.001000, Train: 0.7781, Valid: 0.6902, Test: 0.7319
Run: 06, Epoch: 07, Loss: 0.0041, lr: 0.001000, Train: 0.7969, Valid: 0.6993, Test: 0.7533
Run: 06, Epoch: 08, Loss: 0.0034, lr: 0.001000, Train: 0.8172, Valid: 0.7195, Test: 0.7715
Run: 06, Epoch: 09, Loss: 0.0028, lr: 0.001000, Train: 0.8367, Valid: 0.7511, Test: 0.7858
Run: 06, Epoch: 10, Loss: 0.0022, lr: 0.001000, Train: 0.8525, Valid: 0.7874, Test: 0.7968
Run: 06, Epoch: 11, Loss: 0.0019, lr: 0.001000, Train: 0.8648, Valid: 0.8222, Test: 0.8037
Run: 06, Epoch: 12, Loss: 0.0017, lr: 0.001000, Train: 0.8742, Valid: 0.8469, Test: 0.8074
Run: 06, Epoch: 13, Loss: 0.0017, lr: 0.001000, Train: 0.8829, Valid: 0.8623, Test: 0.8124
Run: 06, Epoch: 14, Loss: 0.0016, lr: 0.001000, Train: 0.8922, Valid: 0.8712, Test: 0.8206
Run: 06, Epoch: 15, Loss: 0.0014, lr: 0.001000, Train: 0.9036, Valid: 0.8814, Test: 0.8347
Run: 06, Epoch: 16, Loss: 0.0013, lr: 0.001000, Train: 0.9193, Valid: 0.8942, Test: 0.8597
Run: 06, Epoch: 17, Loss: 0.0012, lr: 0.001000, Train: 0.9370, Valid: 0.9085, Test: 0.8872
Run: 06, Epoch: 18, Loss: 0.0011, lr: 0.001000, Train: 0.9531, Valid: 0.9225, Test: 0.9107
Run: 06, Epoch: 19, Loss: 0.0011, lr: 0.001000, Train: 0.9647, Valid: 0.9333, Test: 0.9269
Run: 06, Epoch: 20, Loss: 0.0010, lr: 0.001000, Train: 0.9712, Valid: 0.9401, Test: 0.9344
Run: 06, Epoch: 21, Loss: 0.0009, lr: 0.001000, Train: 0.9738, Valid: 0.9427, Test: 0.9351
Run: 06, Epoch: 22, Loss: 0.0008, lr: 0.001000, Train: 0.9729, Valid: 0.9412, Test: 0.9297
Run: 06, Epoch: 23, Loss: 0.0008, lr: 0.001000, Train: 0.9677, Valid: 0.9335, Test: 0.9170
Run: 06, Epoch: 24, Loss: 0.0007, lr: 0.001000, Train: 0.9566, Valid: 0.9200, Test: 0.8985
Run: 06, Epoch: 25, Loss: 0.0006, lr: 0.001000, Train: 0.9433, Valid: 0.9044, Test: 0.8808
Run: 06, Epoch: 26, Loss: 0.0006, lr: 0.001000, Train: 0.9332, Valid: 0.8933, Test: 0.8698
Run: 06, Epoch: 27, Loss: 0.0005, lr: 0.001000, Train: 0.9276, Valid: 0.8877, Test: 0.8653
Run: 06, Epoch: 28, Loss: 0.0005, lr: 0.000700, Train: 0.9311, Valid: 0.8913, Test: 0.8694
Run: 06, Epoch: 29, Loss: 0.0005, lr: 0.000700, Train: 0.9337, Valid: 0.8956, Test: 0.8728
Run: 06, Epoch: 30, Loss: 0.0005, lr: 0.000700, Train: 0.9387, Valid: 0.9006, Test: 0.8781
Run: 06, Epoch: 31, Loss: 0.0005, lr: 0.000700, Train: 0.9448, Valid: 0.9063, Test: 0.8844
Run: 06, Epoch: 32, Loss: 0.0004, lr: 0.000700, Train: 0.9520, Valid: 0.9128, Test: 0.8915
Run: 06, Epoch: 33, Loss: 0.0004, lr: 0.000700, Train: 0.9611, Valid: 0.9200, Test: 0.8995
Run: 06, Epoch: 34, Loss: 0.0004, lr: 0.000490, Train: 0.9700, Valid: 0.9278, Test: 0.9073
Run: 06, Epoch: 35, Loss: 0.0004, lr: 0.000490, Train: 0.9761, Valid: 0.9342, Test: 0.9124
Run: 06, Epoch: 36, Loss: 0.0004, lr: 0.000490, Train: 0.9804, Valid: 0.9388, Test: 0.9156
Run: 06, Epoch: 37, Loss: 0.0003, lr: 0.000490, Train: 0.9824, Valid: 0.9415, Test: 0.9168
Run: 06, Epoch: 38, Loss: 0.0003, lr: 0.000490, Train: 0.9827, Valid: 0.9421, Test: 0.9164
Run: 06, Epoch: 39, Loss: 0.0003, lr: 0.000490, Train: 0.9821, Valid: 0.9409, Test: 0.9152
Run: 06, Epoch: 40, Loss: 0.0003, lr: 0.000343, Train: 0.9817, Valid: 0.9401, Test: 0.9145
Run: 06, Epoch: 41, Loss: 0.0003, lr: 0.000343, Train: 0.9810, Valid: 0.9391, Test: 0.9137
Run: 06, Epoch: 42, Loss: 0.0003, lr: 0.000343, Train: 0.9804, Valid: 0.9386, Test: 0.9131
Run: 06, Epoch: 43, Loss: 0.0003, lr: 0.000343, Train: 0.9804, Valid: 0.9390, Test: 0.9127
Run: 06, Epoch: 44, Loss: 0.0003, lr: 0.000343, Train: 0.9809, Valid: 0.9401, Test: 0.9127
Run: 06, Epoch: 45, Loss: 0.0003, lr: 0.000343, Train: 0.9824, Valid: 0.9420, Test: 0.9133
Run: 06, Epoch: 46, Loss: 0.0003, lr: 0.000240, Train: 0.9847, Valid: 0.9442, Test: 0.9146
Run: 06, Epoch: 47, Loss: 0.0003, lr: 0.000240, Train: 0.9867, Valid: 0.9459, Test: 0.9157
Run: 06, Epoch: 48, Loss: 0.0002, lr: 0.000240, Train: 0.9884, Valid: 0.9473, Test: 0.9165
Run: 06, Epoch: 49, Loss: 0.0002, lr: 0.000240, Train: 0.9897, Valid: 0.9485, Test: 0.9171
Run: 06, Epoch: 50, Loss: 0.0002, lr: 0.000240, Train: 0.9907, Valid: 0.9494, Test: 0.9174
Run: 06, Epoch: 51, Loss: 0.0002, lr: 0.000240, Train: 0.9914, Valid: 0.9501, Test: 0.9176
Run: 06, Epoch: 52, Loss: 0.0002, lr: 0.000240, Train: 0.9919, Valid: 0.9504, Test: 0.9177
Run: 06, Epoch: 53, Loss: 0.0002, lr: 0.000240, Train: 0.9922, Valid: 0.9503, Test: 0.9178
Run: 06, Epoch: 54, Loss: 0.0002, lr: 0.000240, Train: 0.9925, Valid: 0.9498, Test: 0.9178
Run: 06, Epoch: 55, Loss: 0.0002, lr: 0.000240, Train: 0.9926, Valid: 0.9492, Test: 0.9178
Run: 06, Epoch: 56, Loss: 0.0002, lr: 0.000240, Train: 0.9928, Valid: 0.9487, Test: 0.9178
Run: 06, Epoch: 57, Loss: 0.0002, lr: 0.000240, Train: 0.9930, Valid: 0.9485, Test: 0.9178
Run: 06, Epoch: 58, Loss: 0.0002, lr: 0.000240, Train: 0.9932, Valid: 0.9486, Test: 0.9179
Run: 06, Epoch: 59, Loss: 0.0002, lr: 0.000168, Train: 0.9936, Valid: 0.9489, Test: 0.9180
Run: 06, Epoch: 60, Loss: 0.0002, lr: 0.000168, Train: 0.9938, Valid: 0.9493, Test: 0.9181
Run: 06, Epoch: 61, Loss: 0.0002, lr: 0.000168, Train: 0.9941, Valid: 0.9497, Test: 0.9182
Run: 06, Epoch: 62, Loss: 0.0002, lr: 0.000168, Train: 0.9943, Valid: 0.9499, Test: 0.9182
Run: 06, Epoch: 63, Loss: 0.0002, lr: 0.000168, Train: 0.9945, Valid: 0.9499, Test: 0.9182
Run: 06, Epoch: 64, Loss: 0.0002, lr: 0.000168, Train: 0.9947, Valid: 0.9497, Test: 0.9181
Run: 06, Epoch: 65, Loss: 0.0002, lr: 0.000118, Train: 0.9949, Valid: 0.9494, Test: 0.9180
Run: 06, Epoch: 66, Loss: 0.0002, lr: 0.000118, Train: 0.9950, Valid: 0.9491, Test: 0.9178
Run: 06, Epoch: 67, Loss: 0.0002, lr: 0.000118, Train: 0.9952, Valid: 0.9488, Test: 0.9177
Run: 06, Epoch: 68, Loss: 0.0002, lr: 0.000118, Train: 0.9952, Valid: 0.9485, Test: 0.9176
Run: 06, Epoch: 69, Loss: 0.0002, lr: 0.000118, Train: 0.9953, Valid: 0.9483, Test: 0.9175
Run: 06, Epoch: 70, Loss: 0.0002, lr: 0.000118, Train: 0.9954, Valid: 0.9480, Test: 0.9174
Run: 06, Epoch: 71, Loss: 0.0002, lr: 0.000082, Train: 0.9954, Valid: 0.9479, Test: 0.9172
Run: 06, Epoch: 72, Loss: 0.0002, lr: 0.000082, Train: 0.9955, Valid: 0.9478, Test: 0.9171
Run: 06, Epoch: 73, Loss: 0.0002, lr: 0.000082, Train: 0.9956, Valid: 0.9478, Test: 0.9170
Run: 06, Epoch: 74, Loss: 0.0002, lr: 0.000082, Train: 0.9957, Valid: 0.9477, Test: 0.9168
Run: 06, Epoch: 75, Loss: 0.0002, lr: 0.000082, Train: 0.9957, Valid: 0.9475, Test: 0.9167
Run: 06, Epoch: 76, Loss: 0.0002, lr: 0.000082, Train: 0.9958, Valid: 0.9473, Test: 0.9165
Run: 06, Epoch: 77, Loss: 0.0002, lr: 0.000058, Train: 0.9958, Valid: 0.9472, Test: 0.9164
Run: 06, Epoch: 78, Loss: 0.0002, lr: 0.000058, Train: 0.9959, Valid: 0.9471, Test: 0.9163
Run: 06, Epoch: 79, Loss: 0.0002, lr: 0.000058, Train: 0.9959, Valid: 0.9469, Test: 0.9162
Run: 06, Epoch: 80, Loss: 0.0002, lr: 0.000058, Train: 0.9960, Valid: 0.9468, Test: 0.9160
Run: 06, Epoch: 81, Loss: 0.0002, lr: 0.000058, Train: 0.9960, Valid: 0.9467, Test: 0.9159
Run: 06, Epoch: 82, Loss: 0.0002, lr: 0.000058, Train: 0.9960, Valid: 0.9465, Test: 0.9158
Run: 06, Epoch: 83, Loss: 0.0002, lr: 0.000040, Train: 0.9961, Valid: 0.9464, Test: 0.9157
Run: 06, Epoch: 84, Loss: 0.0002, lr: 0.000040, Train: 0.9961, Valid: 0.9463, Test: 0.9156
Run: 06, Epoch: 85, Loss: 0.0002, lr: 0.000040, Train: 0.9961, Valid: 0.9463, Test: 0.9155
Run: 06, Epoch: 86, Loss: 0.0002, lr: 0.000040, Train: 0.9961, Valid: 0.9462, Test: 0.9154
Run: 06, Epoch: 87, Loss: 0.0002, lr: 0.000040, Train: 0.9962, Valid: 0.9461, Test: 0.9154
Run: 06, Epoch: 88, Loss: 0.0002, lr: 0.000040, Train: 0.9962, Valid: 0.9461, Test: 0.9153
Run: 06, Epoch: 89, Loss: 0.0002, lr: 0.000028, Train: 0.9962, Valid: 0.9460, Test: 0.9152
Run: 06, Epoch: 90, Loss: 0.0002, lr: 0.000028, Train: 0.9962, Valid: 0.9459, Test: 0.9152
Run: 06, Epoch: 91, Loss: 0.0002, lr: 0.000028, Train: 0.9962, Valid: 0.9459, Test: 0.9151
Run: 06, Epoch: 92, Loss: 0.0002, lr: 0.000028, Train: 0.9962, Valid: 0.9458, Test: 0.9150
Run: 06, Epoch: 93, Loss: 0.0002, lr: 0.000028, Train: 0.9962, Valid: 0.9457, Test: 0.9149
Run: 06, Epoch: 94, Loss: 0.0002, lr: 0.000028, Train: 0.9963, Valid: 0.9457, Test: 0.9149
Run: 06, Epoch: 95, Loss: 0.0002, lr: 0.000020, Train: 0.9963, Valid: 0.9456, Test: 0.9148
Run: 06, Epoch: 96, Loss: 0.0002, lr: 0.000020, Train: 0.9963, Valid: 0.9456, Test: 0.9148
Run: 06, Epoch: 97, Loss: 0.0002, lr: 0.000020, Train: 0.9963, Valid: 0.9455, Test: 0.9147
Run: 06, Epoch: 98, Loss: 0.0002, lr: 0.000020, Train: 0.9963, Valid: 0.9455, Test: 0.9147
Run: 06, Epoch: 99, Loss: 0.0002, lr: 0.000020, Train: 0.9963, Valid: 0.9454, Test: 0.9146
Run: 06, Epoch: 100, Loss: 0.0002, lr: 0.000020, Train: 0.9963, Valid: 0.9454, Test: 0.9146
Run 06:
Highest Train: 1.00
Highest Valid: 0.95
  Final Train: 0.99
   Final Test: 0.92
Run: 07, Epoch: 01, Loss: 0.0708, lr: 0.001000, Train: 0.2948, Valid: 0.2445, Test: 0.2852
Run: 07, Epoch: 02, Loss: 0.0127, lr: 0.001000, Train: 0.5450, Valid: 0.5192, Test: 0.5009
Run: 07, Epoch: 03, Loss: 0.0107, lr: 0.001000, Train: 0.6364, Valid: 0.6368, Test: 0.5948
Run: 07, Epoch: 04, Loss: 0.0105, lr: 0.001000, Train: 0.6886, Valid: 0.6990, Test: 0.6610
Run: 07, Epoch: 05, Loss: 0.0095, lr: 0.001000, Train: 0.7306, Valid: 0.7447, Test: 0.7132
Run: 07, Epoch: 06, Loss: 0.0088, lr: 0.001000, Train: 0.7650, Valid: 0.7796, Test: 0.7554
Run: 07, Epoch: 07, Loss: 0.0080, lr: 0.001000, Train: 0.7922, Valid: 0.8038, Test: 0.7833
Run: 07, Epoch: 08, Loss: 0.0069, lr: 0.001000, Train: 0.8143, Valid: 0.8210, Test: 0.8111
Run: 07, Epoch: 09, Loss: 0.0055, lr: 0.001000, Train: 0.8299, Valid: 0.8346, Test: 0.8339
Run: 07, Epoch: 10, Loss: 0.0041, lr: 0.001000, Train: 0.8397, Valid: 0.8477, Test: 0.8495
Run: 07, Epoch: 11, Loss: 0.0030, lr: 0.001000, Train: 0.8462, Valid: 0.8620, Test: 0.8601
Run: 07, Epoch: 12, Loss: 0.0024, lr: 0.001000, Train: 0.8527, Valid: 0.8771, Test: 0.8701
Run: 07, Epoch: 13, Loss: 0.0021, lr: 0.001000, Train: 0.8617, Valid: 0.8906, Test: 0.8823
Run: 07, Epoch: 14, Loss: 0.0020, lr: 0.001000, Train: 0.8715, Valid: 0.9009, Test: 0.8951
Run: 07, Epoch: 15, Loss: 0.0018, lr: 0.001000, Train: 0.8823, Valid: 0.9095, Test: 0.9079
Run: 07, Epoch: 16, Loss: 0.0017, lr: 0.001000, Train: 0.8945, Valid: 0.9161, Test: 0.9206
Run: 07, Epoch: 17, Loss: 0.0016, lr: 0.001000, Train: 0.9082, Valid: 0.9217, Test: 0.9323
Run: 07, Epoch: 18, Loss: 0.0015, lr: 0.001000, Train: 0.9228, Valid: 0.9267, Test: 0.9416
Run: 07, Epoch: 19, Loss: 0.0013, lr: 0.001000, Train: 0.9371, Valid: 0.9320, Test: 0.9483
Run: 07, Epoch: 20, Loss: 0.0012, lr: 0.001000, Train: 0.9500, Valid: 0.9378, Test: 0.9532
Run: 07, Epoch: 21, Loss: 0.0011, lr: 0.001000, Train: 0.9612, Valid: 0.9445, Test: 0.9567
Run: 07, Epoch: 22, Loss: 0.0010, lr: 0.001000, Train: 0.9702, Valid: 0.9511, Test: 0.9595
Run: 07, Epoch: 23, Loss: 0.0009, lr: 0.001000, Train: 0.9767, Valid: 0.9566, Test: 0.9614
Run: 07, Epoch: 24, Loss: 0.0008, lr: 0.001000, Train: 0.9805, Valid: 0.9599, Test: 0.9622
Run: 07, Epoch: 25, Loss: 0.0007, lr: 0.001000, Train: 0.9822, Valid: 0.9618, Test: 0.9619
Run: 07, Epoch: 26, Loss: 0.0007, lr: 0.001000, Train: 0.9829, Valid: 0.9626, Test: 0.9610
Run: 07, Epoch: 27, Loss: 0.0007, lr: 0.001000, Train: 0.9836, Valid: 0.9630, Test: 0.9603
Run: 07, Epoch: 28, Loss: 0.0007, lr: 0.001000, Train: 0.9847, Valid: 0.9637, Test: 0.9603
Run: 07, Epoch: 29, Loss: 0.0006, lr: 0.001000, Train: 0.9862, Valid: 0.9650, Test: 0.9608
Run: 07, Epoch: 30, Loss: 0.0005, lr: 0.001000, Train: 0.9877, Valid: 0.9669, Test: 0.9614
Run: 07, Epoch: 31, Loss: 0.0005, lr: 0.001000, Train: 0.9885, Valid: 0.9688, Test: 0.9623
Run: 07, Epoch: 32, Loss: 0.0004, lr: 0.001000, Train: 0.9883, Valid: 0.9703, Test: 0.9637
Run: 07, Epoch: 33, Loss: 0.0004, lr: 0.001000, Train: 0.9870, Valid: 0.9708, Test: 0.9649
Run: 07, Epoch: 34, Loss: 0.0004, lr: 0.001000, Train: 0.9851, Valid: 0.9706, Test: 0.9656
Run: 07, Epoch: 35, Loss: 0.0003, lr: 0.001000, Train: 0.9831, Valid: 0.9697, Test: 0.9658
Run: 07, Epoch: 36, Loss: 0.0003, lr: 0.001000, Train: 0.9819, Valid: 0.9689, Test: 0.9658
Run: 07, Epoch: 37, Loss: 0.0003, lr: 0.001000, Train: 0.9819, Valid: 0.9684, Test: 0.9658
Run: 07, Epoch: 38, Loss: 0.0003, lr: 0.001000, Train: 0.9831, Valid: 0.9686, Test: 0.9660
Run: 07, Epoch: 39, Loss: 0.0003, lr: 0.001000, Train: 0.9852, Valid: 0.9693, Test: 0.9663
Run: 07, Epoch: 40, Loss: 0.0002, lr: 0.000700, Train: 0.9872, Valid: 0.9700, Test: 0.9666
Run: 07, Epoch: 41, Loss: 0.0002, lr: 0.000700, Train: 0.9892, Valid: 0.9707, Test: 0.9665
Run: 07, Epoch: 42, Loss: 0.0002, lr: 0.000700, Train: 0.9908, Valid: 0.9711, Test: 0.9661
Run: 07, Epoch: 43, Loss: 0.0002, lr: 0.000700, Train: 0.9921, Valid: 0.9713, Test: 0.9655
Run: 07, Epoch: 44, Loss: 0.0002, lr: 0.000700, Train: 0.9929, Valid: 0.9714, Test: 0.9647
Run: 07, Epoch: 45, Loss: 0.0002, lr: 0.000700, Train: 0.9935, Valid: 0.9715, Test: 0.9640
Run: 07, Epoch: 46, Loss: 0.0002, lr: 0.000700, Train: 0.9939, Valid: 0.9716, Test: 0.9635
Run: 07, Epoch: 47, Loss: 0.0001, lr: 0.000700, Train: 0.9942, Valid: 0.9717, Test: 0.9630
Run: 07, Epoch: 48, Loss: 0.0001, lr: 0.000700, Train: 0.9944, Valid: 0.9717, Test: 0.9626
Run: 07, Epoch: 49, Loss: 0.0001, lr: 0.000700, Train: 0.9946, Valid: 0.9717, Test: 0.9624
Run: 07, Epoch: 50, Loss: 0.0001, lr: 0.000700, Train: 0.9947, Valid: 0.9717, Test: 0.9624
Run: 07, Epoch: 51, Loss: 0.0001, lr: 0.000700, Train: 0.9949, Valid: 0.9715, Test: 0.9625
Run: 07, Epoch: 52, Loss: 0.0001, lr: 0.000700, Train: 0.9950, Valid: 0.9712, Test: 0.9627
Run: 07, Epoch: 53, Loss: 0.0001, lr: 0.000700, Train: 0.9951, Valid: 0.9708, Test: 0.9628
Run: 07, Epoch: 54, Loss: 0.0001, lr: 0.000490, Train: 0.9952, Valid: 0.9706, Test: 0.9629
Run: 07, Epoch: 55, Loss: 0.0001, lr: 0.000490, Train: 0.9953, Valid: 0.9704, Test: 0.9630
Run: 07, Epoch: 56, Loss: 0.0001, lr: 0.000490, Train: 0.9953, Valid: 0.9702, Test: 0.9633
Run: 07, Epoch: 57, Loss: 0.0001, lr: 0.000490, Train: 0.9952, Valid: 0.9700, Test: 0.9636
Run: 07, Epoch: 58, Loss: 0.0001, lr: 0.000490, Train: 0.9950, Valid: 0.9698, Test: 0.9636
Run: 07, Epoch: 59, Loss: 0.0001, lr: 0.000490, Train: 0.9948, Valid: 0.9698, Test: 0.9637
Run: 07, Epoch: 60, Loss: 0.0001, lr: 0.000343, Train: 0.9948, Valid: 0.9699, Test: 0.9637
Run: 07, Epoch: 61, Loss: 0.0001, lr: 0.000343, Train: 0.9949, Valid: 0.9701, Test: 0.9637
Run: 07, Epoch: 62, Loss: 0.0001, lr: 0.000343, Train: 0.9949, Valid: 0.9703, Test: 0.9638
Run: 07, Epoch: 63, Loss: 0.0001, lr: 0.000343, Train: 0.9950, Valid: 0.9705, Test: 0.9639
Run: 07, Epoch: 64, Loss: 0.0001, lr: 0.000343, Train: 0.9951, Valid: 0.9707, Test: 0.9639
Run: 07, Epoch: 65, Loss: 0.0001, lr: 0.000343, Train: 0.9953, Valid: 0.9710, Test: 0.9640
Run: 07, Epoch: 66, Loss: 0.0001, lr: 0.000240, Train: 0.9956, Valid: 0.9713, Test: 0.9640
Run: 07, Epoch: 67, Loss: 0.0001, lr: 0.000240, Train: 0.9960, Valid: 0.9715, Test: 0.9640
Run: 07, Epoch: 68, Loss: 0.0001, lr: 0.000240, Train: 0.9963, Valid: 0.9717, Test: 0.9639
Run: 07, Epoch: 69, Loss: 0.0001, lr: 0.000240, Train: 0.9966, Valid: 0.9719, Test: 0.9638
Run: 07, Epoch: 70, Loss: 0.0001, lr: 0.000240, Train: 0.9969, Valid: 0.9721, Test: 0.9637
Run: 07, Epoch: 71, Loss: 0.0001, lr: 0.000240, Train: 0.9971, Valid: 0.9722, Test: 0.9636
Run: 07, Epoch: 72, Loss: 0.0001, lr: 0.000240, Train: 0.9973, Valid: 0.9723, Test: 0.9634
Run: 07, Epoch: 73, Loss: 0.0001, lr: 0.000240, Train: 0.9975, Valid: 0.9724, Test: 0.9633
Run: 07, Epoch: 74, Loss: 0.0001, lr: 0.000240, Train: 0.9976, Valid: 0.9725, Test: 0.9631
Run: 07, Epoch: 75, Loss: 0.0001, lr: 0.000240, Train: 0.9978, Valid: 0.9725, Test: 0.9630
Run: 07, Epoch: 76, Loss: 0.0001, lr: 0.000240, Train: 0.9979, Valid: 0.9725, Test: 0.9629
Run: 07, Epoch: 77, Loss: 0.0001, lr: 0.000240, Train: 0.9979, Valid: 0.9726, Test: 0.9628
Run: 07, Epoch: 78, Loss: 0.0001, lr: 0.000240, Train: 0.9980, Valid: 0.9726, Test: 0.9627
Run: 07, Epoch: 79, Loss: 0.0001, lr: 0.000240, Train: 0.9981, Valid: 0.9726, Test: 0.9626
Run: 07, Epoch: 80, Loss: 0.0001, lr: 0.000240, Train: 0.9981, Valid: 0.9726, Test: 0.9625
Run: 07, Epoch: 81, Loss: 0.0001, lr: 0.000240, Train: 0.9982, Valid: 0.9726, Test: 0.9624
Run: 07, Epoch: 82, Loss: 0.0001, lr: 0.000240, Train: 0.9982, Valid: 0.9726, Test: 0.9623
Run: 07, Epoch: 83, Loss: 0.0001, lr: 0.000240, Train: 0.9982, Valid: 0.9726, Test: 0.9622
Run: 07, Epoch: 84, Loss: 0.0001, lr: 0.000168, Train: 0.9983, Valid: 0.9726, Test: 0.9622
Run: 07, Epoch: 85, Loss: 0.0001, lr: 0.000168, Train: 0.9983, Valid: 0.9726, Test: 0.9621
Run: 07, Epoch: 86, Loss: 0.0001, lr: 0.000168, Train: 0.9983, Valid: 0.9726, Test: 0.9620
Run: 07, Epoch: 87, Loss: 0.0001, lr: 0.000168, Train: 0.9984, Valid: 0.9726, Test: 0.9620
Run: 07, Epoch: 88, Loss: 0.0001, lr: 0.000168, Train: 0.9984, Valid: 0.9726, Test: 0.9620
Run: 07, Epoch: 89, Loss: 0.0001, lr: 0.000168, Train: 0.9984, Valid: 0.9726, Test: 0.9620
Run: 07, Epoch: 90, Loss: 0.0001, lr: 0.000118, Train: 0.9984, Valid: 0.9726, Test: 0.9619
Run: 07, Epoch: 91, Loss: 0.0001, lr: 0.000118, Train: 0.9984, Valid: 0.9726, Test: 0.9619
Run: 07, Epoch: 92, Loss: 0.0001, lr: 0.000118, Train: 0.9985, Valid: 0.9726, Test: 0.9619
Run: 07, Epoch: 93, Loss: 0.0001, lr: 0.000118, Train: 0.9985, Valid: 0.9726, Test: 0.9619
Run: 07, Epoch: 94, Loss: 0.0001, lr: 0.000118, Train: 0.9985, Valid: 0.9726, Test: 0.9619
Run: 07, Epoch: 95, Loss: 0.0001, lr: 0.000118, Train: 0.9985, Valid: 0.9726, Test: 0.9619
Run: 07, Epoch: 96, Loss: 0.0001, lr: 0.000082, Train: 0.9985, Valid: 0.9726, Test: 0.9618
Run: 07, Epoch: 97, Loss: 0.0001, lr: 0.000082, Train: 0.9985, Valid: 0.9727, Test: 0.9618
Run: 07, Epoch: 98, Loss: 0.0001, lr: 0.000082, Train: 0.9985, Valid: 0.9727, Test: 0.9618
Run: 07, Epoch: 99, Loss: 0.0001, lr: 0.000082, Train: 0.9985, Valid: 0.9727, Test: 0.9618
Run: 07, Epoch: 100, Loss: 0.0001, lr: 0.000082, Train: 0.9985, Valid: 0.9727, Test: 0.9617
Run 07:
Highest Train: 1.00
Highest Valid: 0.97
  Final Train: 1.00
   Final Test: 0.96
Run: 08, Epoch: 01, Loss: 0.0247, lr: 0.001000, Train: 0.5441, Valid: 0.6357, Test: 0.5193
Run: 08, Epoch: 02, Loss: 0.0084, lr: 0.001000, Train: 0.6673, Valid: 0.7603, Test: 0.6284
Run: 08, Epoch: 03, Loss: 0.0075, lr: 0.001000, Train: 0.7001, Valid: 0.8014, Test: 0.6658
Run: 08, Epoch: 04, Loss: 0.0065, lr: 0.001000, Train: 0.6950, Valid: 0.8164, Test: 0.6712
Run: 08, Epoch: 05, Loss: 0.0056, lr: 0.001000, Train: 0.7042, Valid: 0.8287, Test: 0.6814
Run: 08, Epoch: 06, Loss: 0.0045, lr: 0.001000, Train: 0.7300, Valid: 0.8431, Test: 0.6979
Run: 08, Epoch: 07, Loss: 0.0033, lr: 0.001000, Train: 0.7606, Valid: 0.8598, Test: 0.7120
Run: 08, Epoch: 08, Loss: 0.0024, lr: 0.001000, Train: 0.7857, Valid: 0.8722, Test: 0.7176
Run: 08, Epoch: 09, Loss: 0.0019, lr: 0.001000, Train: 0.7991, Valid: 0.8803, Test: 0.7194
Run: 08, Epoch: 10, Loss: 0.0017, lr: 0.001000, Train: 0.8043, Valid: 0.8835, Test: 0.7211
Run: 08, Epoch: 11, Loss: 0.0017, lr: 0.001000, Train: 0.8104, Valid: 0.8858, Test: 0.7301
Run: 08, Epoch: 12, Loss: 0.0017, lr: 0.001000, Train: 0.8236, Valid: 0.8907, Test: 0.7503
Run: 08, Epoch: 13, Loss: 0.0015, lr: 0.001000, Train: 0.8434, Valid: 0.8999, Test: 0.7789
Run: 08, Epoch: 14, Loss: 0.0013, lr: 0.001000, Train: 0.8636, Valid: 0.9119, Test: 0.8064
Run: 08, Epoch: 15, Loss: 0.0012, lr: 0.001000, Train: 0.8780, Valid: 0.9237, Test: 0.8243
Run: 08, Epoch: 16, Loss: 0.0011, lr: 0.001000, Train: 0.8856, Valid: 0.9338, Test: 0.8315
Run: 08, Epoch: 17, Loss: 0.0010, lr: 0.001000, Train: 0.8859, Valid: 0.9403, Test: 0.8279
Run: 08, Epoch: 18, Loss: 0.0009, lr: 0.001000, Train: 0.8807, Valid: 0.9432, Test: 0.8168
Run: 08, Epoch: 19, Loss: 0.0008, lr: 0.001000, Train: 0.8740, Valid: 0.9436, Test: 0.8050
Run: 08, Epoch: 20, Loss: 0.0008, lr: 0.001000, Train: 0.8718, Valid: 0.9440, Test: 0.8000
Run: 08, Epoch: 21, Loss: 0.0007, lr: 0.001000, Train: 0.8769, Valid: 0.9458, Test: 0.8064
Run: 08, Epoch: 22, Loss: 0.0006, lr: 0.001000, Train: 0.8883, Valid: 0.9490, Test: 0.8219
Run: 08, Epoch: 23, Loss: 0.0005, lr: 0.001000, Train: 0.9038, Valid: 0.9536, Test: 0.8430
Run: 08, Epoch: 24, Loss: 0.0005, lr: 0.001000, Train: 0.9187, Valid: 0.9580, Test: 0.8630
Run: 08, Epoch: 25, Loss: 0.0005, lr: 0.001000, Train: 0.9303, Valid: 0.9613, Test: 0.8788
Run: 08, Epoch: 26, Loss: 0.0004, lr: 0.001000, Train: 0.9382, Valid: 0.9635, Test: 0.8890
Run: 08, Epoch: 27, Loss: 0.0004, lr: 0.001000, Train: 0.9431, Valid: 0.9650, Test: 0.8949
Run: 08, Epoch: 28, Loss: 0.0004, lr: 0.001000, Train: 0.9465, Valid: 0.9661, Test: 0.8985
Run: 08, Epoch: 29, Loss: 0.0004, lr: 0.001000, Train: 0.9494, Valid: 0.9669, Test: 0.9010
Run: 08, Epoch: 30, Loss: 0.0003, lr: 0.001000, Train: 0.9519, Valid: 0.9677, Test: 0.9026
Run: 08, Epoch: 31, Loss: 0.0003, lr: 0.001000, Train: 0.9550, Valid: 0.9684, Test: 0.9035
Run: 08, Epoch: 32, Loss: 0.0003, lr: 0.001000, Train: 0.9584, Valid: 0.9691, Test: 0.9041
Run: 08, Epoch: 33, Loss: 0.0002, lr: 0.001000, Train: 0.9614, Valid: 0.9692, Test: 0.9042
Run: 08, Epoch: 34, Loss: 0.0002, lr: 0.001000, Train: 0.9637, Valid: 0.9690, Test: 0.9044
Run: 08, Epoch: 35, Loss: 0.0002, lr: 0.001000, Train: 0.9665, Valid: 0.9684, Test: 0.9053
Run: 08, Epoch: 36, Loss: 0.0002, lr: 0.001000, Train: 0.9707, Valid: 0.9681, Test: 0.9089
Run: 08, Epoch: 37, Loss: 0.0002, lr: 0.001000, Train: 0.9753, Valid: 0.9682, Test: 0.9140
Run: 08, Epoch: 38, Loss: 0.0001, lr: 0.001000, Train: 0.9791, Valid: 0.9686, Test: 0.9178
Run: 08, Epoch: 39, Loss: 0.0001, lr: 0.001000, Train: 0.9823, Valid: 0.9689, Test: 0.9215
Run: 08, Epoch: 40, Loss: 0.0001, lr: 0.000700, Train: 0.9852, Valid: 0.9692, Test: 0.9249
Run: 08, Epoch: 41, Loss: 0.0001, lr: 0.000700, Train: 0.9880, Valid: 0.9695, Test: 0.9280
Run: 08, Epoch: 42, Loss: 0.0001, lr: 0.000700, Train: 0.9902, Valid: 0.9697, Test: 0.9310
Run: 08, Epoch: 43, Loss: 0.0001, lr: 0.000700, Train: 0.9918, Valid: 0.9699, Test: 0.9336
Run: 08, Epoch: 44, Loss: 0.0001, lr: 0.000700, Train: 0.9929, Valid: 0.9700, Test: 0.9357
Run: 08, Epoch: 45, Loss: 0.0001, lr: 0.000700, Train: 0.9936, Valid: 0.9702, Test: 0.9372
Run: 08, Epoch: 46, Loss: 0.0001, lr: 0.000700, Train: 0.9939, Valid: 0.9702, Test: 0.9378
Run: 08, Epoch: 47, Loss: 0.0001, lr: 0.000700, Train: 0.9941, Valid: 0.9703, Test: 0.9381
Run: 08, Epoch: 48, Loss: 0.0001, lr: 0.000700, Train: 0.9943, Valid: 0.9703, Test: 0.9381
Run: 08, Epoch: 49, Loss: 0.0001, lr: 0.000700, Train: 0.9945, Valid: 0.9704, Test: 0.9377
Run: 08, Epoch: 50, Loss: 0.0001, lr: 0.000700, Train: 0.9947, Valid: 0.9705, Test: 0.9372
Run: 08, Epoch: 51, Loss: 0.0001, lr: 0.000700, Train: 0.9949, Valid: 0.9706, Test: 0.9368
Run: 08, Epoch: 52, Loss: 0.0001, lr: 0.000700, Train: 0.9950, Valid: 0.9707, Test: 0.9364
Run: 08, Epoch: 53, Loss: 0.0001, lr: 0.000700, Train: 0.9952, Valid: 0.9708, Test: 0.9362
Run: 08, Epoch: 54, Loss: 0.0000, lr: 0.000700, Train: 0.9955, Valid: 0.9709, Test: 0.9362
Run: 08, Epoch: 55, Loss: 0.0000, lr: 0.000700, Train: 0.9958, Valid: 0.9711, Test: 0.9363
Run: 08, Epoch: 56, Loss: 0.0000, lr: 0.000700, Train: 0.9963, Valid: 0.9713, Test: 0.9365
Run: 08, Epoch: 57, Loss: 0.0000, lr: 0.000700, Train: 0.9967, Valid: 0.9716, Test: 0.9370
Run: 08, Epoch: 58, Loss: 0.0000, lr: 0.000700, Train: 0.9972, Valid: 0.9719, Test: 0.9375
Run: 08, Epoch: 59, Loss: 0.0000, lr: 0.000700, Train: 0.9977, Valid: 0.9722, Test: 0.9381
Run: 08, Epoch: 60, Loss: 0.0000, lr: 0.000700, Train: 0.9980, Valid: 0.9723, Test: 0.9387
Run: 08, Epoch: 61, Loss: 0.0000, lr: 0.000700, Train: 0.9981, Valid: 0.9722, Test: 0.9394
Run: 08, Epoch: 62, Loss: 0.0000, lr: 0.000700, Train: 0.9983, Valid: 0.9721, Test: 0.9400
Run: 08, Epoch: 63, Loss: 0.0000, lr: 0.000700, Train: 0.9985, Valid: 0.9719, Test: 0.9405
Run: 08, Epoch: 64, Loss: 0.0000, lr: 0.000700, Train: 0.9986, Valid: 0.9719, Test: 0.9410
Run: 08, Epoch: 65, Loss: 0.0000, lr: 0.000700, Train: 0.9987, Valid: 0.9721, Test: 0.9411
Run: 08, Epoch: 66, Loss: 0.0000, lr: 0.000490, Train: 0.9987, Valid: 0.9723, Test: 0.9412
Run: 08, Epoch: 67, Loss: 0.0000, lr: 0.000490, Train: 0.9988, Valid: 0.9725, Test: 0.9413
Run: 08, Epoch: 68, Loss: 0.0000, lr: 0.000490, Train: 0.9989, Valid: 0.9727, Test: 0.9413
Run: 08, Epoch: 69, Loss: 0.0000, lr: 0.000490, Train: 0.9989, Valid: 0.9729, Test: 0.9414
Run: 08, Epoch: 70, Loss: 0.0000, lr: 0.000490, Train: 0.9990, Valid: 0.9730, Test: 0.9417
Run: 08, Epoch: 71, Loss: 0.0000, lr: 0.000490, Train: 0.9991, Valid: 0.9732, Test: 0.9421
Run: 08, Epoch: 72, Loss: 0.0000, lr: 0.000490, Train: 0.9991, Valid: 0.9733, Test: 0.9425
Run: 08, Epoch: 73, Loss: 0.0000, lr: 0.000490, Train: 0.9992, Valid: 0.9734, Test: 0.9429
Run: 08, Epoch: 74, Loss: 0.0000, lr: 0.000490, Train: 0.9992, Valid: 0.9735, Test: 0.9433
Run: 08, Epoch: 75, Loss: 0.0000, lr: 0.000490, Train: 0.9993, Valid: 0.9736, Test: 0.9435
Run: 08, Epoch: 76, Loss: 0.0000, lr: 0.000490, Train: 0.9993, Valid: 0.9736, Test: 0.9435
Run: 08, Epoch: 77, Loss: 0.0000, lr: 0.000490, Train: 0.9993, Valid: 0.9737, Test: 0.9436
Run: 08, Epoch: 78, Loss: 0.0000, lr: 0.000490, Train: 0.9993, Valid: 0.9737, Test: 0.9436
Run: 08, Epoch: 79, Loss: 0.0000, lr: 0.000490, Train: 0.9993, Valid: 0.9738, Test: 0.9436
Run: 08, Epoch: 80, Loss: 0.0000, lr: 0.000490, Train: 0.9993, Valid: 0.9738, Test: 0.9435
Run: 08, Epoch: 81, Loss: 0.0000, lr: 0.000490, Train: 0.9993, Valid: 0.9738, Test: 0.9435
Run: 08, Epoch: 82, Loss: 0.0000, lr: 0.000490, Train: 0.9993, Valid: 0.9738, Test: 0.9435
Run: 08, Epoch: 83, Loss: 0.0000, lr: 0.000490, Train: 0.9993, Valid: 0.9737, Test: 0.9433
Run: 08, Epoch: 84, Loss: 0.0000, lr: 0.000490, Train: 0.9992, Valid: 0.9737, Test: 0.9432
Run: 08, Epoch: 85, Loss: 0.0000, lr: 0.000490, Train: 0.9992, Valid: 0.9736, Test: 0.9432
Run: 08, Epoch: 86, Loss: 0.0000, lr: 0.000343, Train: 0.9992, Valid: 0.9736, Test: 0.9431
Run: 08, Epoch: 87, Loss: 0.0000, lr: 0.000343, Train: 0.9992, Valid: 0.9735, Test: 0.9431
Run: 08, Epoch: 88, Loss: 0.0000, lr: 0.000343, Train: 0.9992, Valid: 0.9735, Test: 0.9431
Run: 08, Epoch: 89, Loss: 0.0000, lr: 0.000343, Train: 0.9992, Valid: 0.9734, Test: 0.9431
Run: 08, Epoch: 90, Loss: 0.0000, lr: 0.000343, Train: 0.9992, Valid: 0.9733, Test: 0.9431
Run: 08, Epoch: 91, Loss: 0.0000, lr: 0.000343, Train: 0.9992, Valid: 0.9733, Test: 0.9431
Run: 08, Epoch: 92, Loss: 0.0000, lr: 0.000240, Train: 0.9992, Valid: 0.9732, Test: 0.9432
Run: 08, Epoch: 93, Loss: 0.0000, lr: 0.000240, Train: 0.9992, Valid: 0.9732, Test: 0.9432
Run: 08, Epoch: 94, Loss: 0.0000, lr: 0.000240, Train: 0.9993, Valid: 0.9732, Test: 0.9433
Run: 08, Epoch: 95, Loss: 0.0000, lr: 0.000240, Train: 0.9993, Valid: 0.9732, Test: 0.9433
Run: 08, Epoch: 96, Loss: 0.0000, lr: 0.000240, Train: 0.9993, Valid: 0.9732, Test: 0.9433
Run: 08, Epoch: 97, Loss: 0.0000, lr: 0.000240, Train: 0.9993, Valid: 0.9731, Test: 0.9433
Run: 08, Epoch: 98, Loss: 0.0000, lr: 0.000168, Train: 0.9994, Valid: 0.9731, Test: 0.9434
Run: 08, Epoch: 99, Loss: 0.0000, lr: 0.000168, Train: 0.9994, Valid: 0.9731, Test: 0.9434
Run: 08, Epoch: 100, Loss: 0.0000, lr: 0.000168, Train: 0.9994, Valid: 0.9730, Test: 0.9434
Run 08:
Highest Train: 1.00
Highest Valid: 0.97
  Final Train: 1.00
   Final Test: 0.94
Run: 09, Epoch: 01, Loss: 0.0666, lr: 0.001000, Train: 0.3429, Valid: 0.4450, Test: 0.2532
Run: 09, Epoch: 02, Loss: 0.0068, lr: 0.001000, Train: 0.5527, Valid: 0.6595, Test: 0.4533
Run: 09, Epoch: 03, Loss: 0.0076, lr: 0.001000, Train: 0.6638, Valid: 0.7573, Test: 0.5711
Run: 09, Epoch: 04, Loss: 0.0107, lr: 0.001000, Train: 0.7410, Valid: 0.8186, Test: 0.6691
Run: 09, Epoch: 05, Loss: 0.0100, lr: 0.001000, Train: 0.7884, Valid: 0.8525, Test: 0.7399
Run: 09, Epoch: 06, Loss: 0.0082, lr: 0.001000, Train: 0.8068, Valid: 0.8658, Test: 0.7793
Run: 09, Epoch: 07, Loss: 0.0064, lr: 0.001000, Train: 0.8068, Valid: 0.8680, Test: 0.7935
Run: 09, Epoch: 08, Loss: 0.0048, lr: 0.001000, Train: 0.8007, Valid: 0.8674, Test: 0.7941
Run: 09, Epoch: 09, Loss: 0.0038, lr: 0.001000, Train: 0.7969, Valid: 0.8687, Test: 0.7924
Run: 09, Epoch: 10, Loss: 0.0032, lr: 0.001000, Train: 0.8006, Valid: 0.8725, Test: 0.7940
Run: 09, Epoch: 11, Loss: 0.0028, lr: 0.001000, Train: 0.8112, Valid: 0.8765, Test: 0.7984
Run: 09, Epoch: 12, Loss: 0.0026, lr: 0.001000, Train: 0.8262, Valid: 0.8798, Test: 0.8031
Run: 09, Epoch: 13, Loss: 0.0023, lr: 0.001000, Train: 0.8430, Valid: 0.8830, Test: 0.8071
Run: 09, Epoch: 14, Loss: 0.0021, lr: 0.001000, Train: 0.8600, Valid: 0.8851, Test: 0.8098
Run: 09, Epoch: 15, Loss: 0.0019, lr: 0.001000, Train: 0.8773, Valid: 0.8871, Test: 0.8146
Run: 09, Epoch: 16, Loss: 0.0017, lr: 0.001000, Train: 0.8947, Valid: 0.8889, Test: 0.8229
Run: 09, Epoch: 17, Loss: 0.0015, lr: 0.001000, Train: 0.9113, Valid: 0.8917, Test: 0.8345
Run: 09, Epoch: 18, Loss: 0.0013, lr: 0.001000, Train: 0.9261, Valid: 0.8926, Test: 0.8471
Run: 09, Epoch: 19, Loss: 0.0012, lr: 0.001000, Train: 0.9388, Valid: 0.8983, Test: 0.8611
Run: 09, Epoch: 20, Loss: 0.0011, lr: 0.001000, Train: 0.9487, Valid: 0.9058, Test: 0.8739
Run: 09, Epoch: 21, Loss: 0.0011, lr: 0.001000, Train: 0.9555, Valid: 0.9111, Test: 0.8848
Run: 09, Epoch: 22, Loss: 0.0010, lr: 0.001000, Train: 0.9595, Valid: 0.9145, Test: 0.8938
Run: 09, Epoch: 23, Loss: 0.0010, lr: 0.001000, Train: 0.9614, Valid: 0.9166, Test: 0.9004
Run: 09, Epoch: 24, Loss: 0.0009, lr: 0.001000, Train: 0.9614, Valid: 0.9168, Test: 0.9052
Run: 09, Epoch: 25, Loss: 0.0008, lr: 0.001000, Train: 0.9598, Valid: 0.9145, Test: 0.9078
Run: 09, Epoch: 26, Loss: 0.0008, lr: 0.001000, Train: 0.9568, Valid: 0.9095, Test: 0.9078
Run: 09, Epoch: 27, Loss: 0.0007, lr: 0.001000, Train: 0.9531, Valid: 0.9030, Test: 0.9058
Run: 09, Epoch: 28, Loss: 0.0007, lr: 0.001000, Train: 0.9501, Valid: 0.8973, Test: 0.9037
Run: 09, Epoch: 29, Loss: 0.0006, lr: 0.001000, Train: 0.9492, Valid: 0.8952, Test: 0.9028
Run: 09, Epoch: 30, Loss: 0.0006, lr: 0.001000, Train: 0.9512, Valid: 0.8983, Test: 0.9040
Run: 09, Epoch: 31, Loss: 0.0005, lr: 0.000700, Train: 0.9561, Valid: 0.9063, Test: 0.9084
Run: 09, Epoch: 32, Loss: 0.0005, lr: 0.000700, Train: 0.9614, Valid: 0.9149, Test: 0.9124
Run: 09, Epoch: 33, Loss: 0.0005, lr: 0.000700, Train: 0.9656, Valid: 0.9219, Test: 0.9160
Run: 09, Epoch: 34, Loss: 0.0005, lr: 0.000700, Train: 0.9691, Valid: 0.9273, Test: 0.9188
Run: 09, Epoch: 35, Loss: 0.0004, lr: 0.000700, Train: 0.9714, Valid: 0.9307, Test: 0.9206
Run: 09, Epoch: 36, Loss: 0.0004, lr: 0.000700, Train: 0.9727, Valid: 0.9322, Test: 0.9213
Run: 09, Epoch: 37, Loss: 0.0004, lr: 0.000700, Train: 0.9732, Valid: 0.9325, Test: 0.9214
Run: 09, Epoch: 38, Loss: 0.0004, lr: 0.000700, Train: 0.9736, Valid: 0.9320, Test: 0.9215
Run: 09, Epoch: 39, Loss: 0.0004, lr: 0.000700, Train: 0.9742, Valid: 0.9323, Test: 0.9218
Run: 09, Epoch: 40, Loss: 0.0004, lr: 0.000700, Train: 0.9755, Valid: 0.9335, Test: 0.9227
Run: 09, Epoch: 41, Loss: 0.0004, lr: 0.000700, Train: 0.9775, Valid: 0.9359, Test: 0.9241
Run: 09, Epoch: 42, Loss: 0.0003, lr: 0.000700, Train: 0.9801, Valid: 0.9392, Test: 0.9261
Run: 09, Epoch: 43, Loss: 0.0003, lr: 0.000700, Train: 0.9828, Valid: 0.9427, Test: 0.9284
Run: 09, Epoch: 44, Loss: 0.0003, lr: 0.000700, Train: 0.9851, Valid: 0.9458, Test: 0.9304
Run: 09, Epoch: 45, Loss: 0.0003, lr: 0.000700, Train: 0.9867, Valid: 0.9477, Test: 0.9321
Run: 09, Epoch: 46, Loss: 0.0003, lr: 0.000700, Train: 0.9878, Valid: 0.9488, Test: 0.9335
Run: 09, Epoch: 47, Loss: 0.0003, lr: 0.000700, Train: 0.9886, Valid: 0.9495, Test: 0.9348
Run: 09, Epoch: 48, Loss: 0.0003, lr: 0.000700, Train: 0.9892, Valid: 0.9502, Test: 0.9361
Run: 09, Epoch: 49, Loss: 0.0003, lr: 0.000700, Train: 0.9900, Valid: 0.9515, Test: 0.9374
Run: 09, Epoch: 50, Loss: 0.0002, lr: 0.000700, Train: 0.9909, Valid: 0.9534, Test: 0.9388
Run: 09, Epoch: 51, Loss: 0.0002, lr: 0.000700, Train: 0.9919, Valid: 0.9555, Test: 0.9400
Run: 09, Epoch: 52, Loss: 0.0002, lr: 0.000700, Train: 0.9926, Valid: 0.9570, Test: 0.9409
Run: 09, Epoch: 53, Loss: 0.0002, lr: 0.000700, Train: 0.9930, Valid: 0.9576, Test: 0.9413
Run: 09, Epoch: 54, Loss: 0.0002, lr: 0.000700, Train: 0.9932, Valid: 0.9572, Test: 0.9413
Run: 09, Epoch: 55, Loss: 0.0002, lr: 0.000700, Train: 0.9931, Valid: 0.9558, Test: 0.9409
Run: 09, Epoch: 56, Loss: 0.0002, lr: 0.000700, Train: 0.9929, Valid: 0.9547, Test: 0.9407
Run: 09, Epoch: 57, Loss: 0.0002, lr: 0.000700, Train: 0.9927, Valid: 0.9526, Test: 0.9398
Run: 09, Epoch: 58, Loss: 0.0002, lr: 0.000700, Train: 0.9928, Valid: 0.9524, Test: 0.9392
Run: 09, Epoch: 59, Loss: 0.0002, lr: 0.000700, Train: 0.9929, Valid: 0.9517, Test: 0.9382
Run: 09, Epoch: 60, Loss: 0.0002, lr: 0.000490, Train: 0.9935, Valid: 0.9531, Test: 0.9383
Run: 09, Epoch: 61, Loss: 0.0002, lr: 0.000490, Train: 0.9938, Valid: 0.9537, Test: 0.9382
Run: 09, Epoch: 62, Loss: 0.0002, lr: 0.000490, Train: 0.9941, Valid: 0.9540, Test: 0.9381
Run: 09, Epoch: 63, Loss: 0.0002, lr: 0.000490, Train: 0.9944, Valid: 0.9552, Test: 0.9383
Run: 09, Epoch: 64, Loss: 0.0002, lr: 0.000490, Train: 0.9945, Valid: 0.9551, Test: 0.9380
Run: 09, Epoch: 65, Loss: 0.0002, lr: 0.000490, Train: 0.9945, Valid: 0.9541, Test: 0.9376
Run: 09, Epoch: 66, Loss: 0.0001, lr: 0.000343, Train: 0.9950, Valid: 0.9562, Test: 0.9381
Run: 09, Epoch: 67, Loss: 0.0001, lr: 0.000343, Train: 0.9952, Valid: 0.9570, Test: 0.9383
Run: 09, Epoch: 68, Loss: 0.0001, lr: 0.000343, Train: 0.9955, Valid: 0.9577, Test: 0.9383
Run: 09, Epoch: 69, Loss: 0.0001, lr: 0.000343, Train: 0.9957, Valid: 0.9583, Test: 0.9383
Run: 09, Epoch: 70, Loss: 0.0001, lr: 0.000343, Train: 0.9958, Valid: 0.9577, Test: 0.9382
Run: 09, Epoch: 71, Loss: 0.0001, lr: 0.000343, Train: 0.9962, Valid: 0.9600, Test: 0.9387
Run: 09, Epoch: 72, Loss: 0.0001, lr: 0.000343, Train: 0.9963, Valid: 0.9609, Test: 0.9388
Run: 09, Epoch: 73, Loss: 0.0001, lr: 0.000343, Train: 0.9965, Valid: 0.9613, Test: 0.9389
Run: 09, Epoch: 74, Loss: 0.0001, lr: 0.000343, Train: 0.9966, Valid: 0.9615, Test: 0.9389
Run: 09, Epoch: 75, Loss: 0.0001, lr: 0.000343, Train: 0.9966, Valid: 0.9612, Test: 0.9388
Run: 09, Epoch: 76, Loss: 0.0001, lr: 0.000343, Train: 0.9967, Valid: 0.9609, Test: 0.9388
Run: 09, Epoch: 77, Loss: 0.0001, lr: 0.000343, Train: 0.9968, Valid: 0.9619, Test: 0.9390
Run: 09, Epoch: 78, Loss: 0.0001, lr: 0.000343, Train: 0.9968, Valid: 0.9622, Test: 0.9390
Run: 09, Epoch: 79, Loss: 0.0001, lr: 0.000343, Train: 0.9969, Valid: 0.9623, Test: 0.9388
Run: 09, Epoch: 80, Loss: 0.0001, lr: 0.000343, Train: 0.9970, Valid: 0.9622, Test: 0.9385
Run: 09, Epoch: 81, Loss: 0.0001, lr: 0.000343, Train: 0.9970, Valid: 0.9617, Test: 0.9381
Run: 09, Epoch: 82, Loss: 0.0001, lr: 0.000343, Train: 0.9971, Valid: 0.9623, Test: 0.9379
Run: 09, Epoch: 83, Loss: 0.0001, lr: 0.000343, Train: 0.9971, Valid: 0.9623, Test: 0.9376
Run: 09, Epoch: 84, Loss: 0.0001, lr: 0.000343, Train: 0.9971, Valid: 0.9620, Test: 0.9371
Run: 09, Epoch: 85, Loss: 0.0001, lr: 0.000343, Train: 0.9971, Valid: 0.9613, Test: 0.9366
Run: 09, Epoch: 86, Loss: 0.0001, lr: 0.000240, Train: 0.9971, Valid: 0.9610, Test: 0.9364
Run: 09, Epoch: 87, Loss: 0.0001, lr: 0.000240, Train: 0.9972, Valid: 0.9612, Test: 0.9363
Run: 09, Epoch: 88, Loss: 0.0001, lr: 0.000240, Train: 0.9972, Valid: 0.9614, Test: 0.9362
Run: 09, Epoch: 89, Loss: 0.0001, lr: 0.000240, Train: 0.9972, Valid: 0.9615, Test: 0.9361
Run: 09, Epoch: 90, Loss: 0.0001, lr: 0.000240, Train: 0.9972, Valid: 0.9614, Test: 0.9360
Run: 09, Epoch: 91, Loss: 0.0001, lr: 0.000240, Train: 0.9973, Valid: 0.9612, Test: 0.9358
Run: 09, Epoch: 92, Loss: 0.0001, lr: 0.000168, Train: 0.9973, Valid: 0.9614, Test: 0.9358
Run: 09, Epoch: 93, Loss: 0.0001, lr: 0.000168, Train: 0.9973, Valid: 0.9617, Test: 0.9358
Run: 09, Epoch: 94, Loss: 0.0001, lr: 0.000168, Train: 0.9974, Valid: 0.9619, Test: 0.9358
Run: 09, Epoch: 95, Loss: 0.0001, lr: 0.000168, Train: 0.9974, Valid: 0.9620, Test: 0.9358
Run: 09, Epoch: 96, Loss: 0.0001, lr: 0.000168, Train: 0.9974, Valid: 0.9619, Test: 0.9357
Run: 09, Epoch: 97, Loss: 0.0001, lr: 0.000168, Train: 0.9974, Valid: 0.9618, Test: 0.9355
Run: 09, Epoch: 98, Loss: 0.0001, lr: 0.000118, Train: 0.9975, Valid: 0.9618, Test: 0.9355
Run: 09, Epoch: 99, Loss: 0.0001, lr: 0.000118, Train: 0.9975, Valid: 0.9620, Test: 0.9355
Run: 09, Epoch: 100, Loss: 0.0001, lr: 0.000118, Train: 0.9975, Valid: 0.9622, Test: 0.9355
Run 09:
Highest Train: 1.00
Highest Valid: 0.96
  Final Train: 1.00
   Final Test: 0.94
Run: 10, Epoch: 01, Loss: 0.0489, lr: 0.001000, Train: 0.5010, Valid: -0.0693, Test: 0.2661
Run: 10, Epoch: 02, Loss: 0.0084, lr: 0.001000, Train: 0.6711, Valid: 0.2799, Test: 0.4482
Run: 10, Epoch: 03, Loss: 0.0073, lr: 0.001000, Train: 0.7240, Valid: 0.4354, Test: 0.5077
Run: 10, Epoch: 04, Loss: 0.0076, lr: 0.001000, Train: 0.7412, Valid: 0.5024, Test: 0.5322
Run: 10, Epoch: 05, Loss: 0.0077, lr: 0.001000, Train: 0.7486, Valid: 0.5279, Test: 0.5495
Run: 10, Epoch: 06, Loss: 0.0070, lr: 0.001000, Train: 0.7591, Valid: 0.5501, Test: 0.5744
Run: 10, Epoch: 07, Loss: 0.0057, lr: 0.001000, Train: 0.7750, Valid: 0.5782, Test: 0.6107
Run: 10, Epoch: 08, Loss: 0.0042, lr: 0.001000, Train: 0.7931, Valid: 0.6018, Test: 0.6529
Run: 10, Epoch: 09, Loss: 0.0030, lr: 0.001000, Train: 0.8119, Valid: 0.6216, Test: 0.6963
Run: 10, Epoch: 10, Loss: 0.0023, lr: 0.001000, Train: 0.8295, Valid: 0.6467, Test: 0.7373
Run: 10, Epoch: 11, Loss: 0.0020, lr: 0.001000, Train: 0.8455, Valid: 0.6877, Test: 0.7738
Run: 10, Epoch: 12, Loss: 0.0018, lr: 0.001000, Train: 0.8590, Valid: 0.7446, Test: 0.8045
Run: 10, Epoch: 13, Loss: 0.0017, lr: 0.001000, Train: 0.8711, Valid: 0.8036, Test: 0.8289
Run: 10, Epoch: 14, Loss: 0.0017, lr: 0.001000, Train: 0.8823, Valid: 0.8498, Test: 0.8458
Run: 10, Epoch: 15, Loss: 0.0017, lr: 0.001000, Train: 0.8948, Valid: 0.8851, Test: 0.8601
Run: 10, Epoch: 16, Loss: 0.0016, lr: 0.001000, Train: 0.9090, Valid: 0.9093, Test: 0.8753
Run: 10, Epoch: 17, Loss: 0.0014, lr: 0.001000, Train: 0.9246, Valid: 0.9270, Test: 0.8924
Run: 10, Epoch: 18, Loss: 0.0012, lr: 0.001000, Train: 0.9388, Valid: 0.9404, Test: 0.9085
Run: 10, Epoch: 19, Loss: 0.0011, lr: 0.001000, Train: 0.9498, Valid: 0.9486, Test: 0.9210
Run: 10, Epoch: 20, Loss: 0.0010, lr: 0.001000, Train: 0.9569, Valid: 0.9527, Test: 0.9296
Run: 10, Epoch: 21, Loss: 0.0009, lr: 0.001000, Train: 0.9607, Valid: 0.9531, Test: 0.9340
Run: 10, Epoch: 22, Loss: 0.0009, lr: 0.001000, Train: 0.9617, Valid: 0.9514, Test: 0.9351
Run: 10, Epoch: 23, Loss: 0.0008, lr: 0.001000, Train: 0.9609, Valid: 0.9478, Test: 0.9336
Run: 10, Epoch: 24, Loss: 0.0008, lr: 0.001000, Train: 0.9576, Valid: 0.9408, Test: 0.9304
Run: 10, Epoch: 25, Loss: 0.0007, lr: 0.001000, Train: 0.9504, Valid: 0.9305, Test: 0.9248
Run: 10, Epoch: 26, Loss: 0.0006, lr: 0.001000, Train: 0.9388, Valid: 0.9151, Test: 0.9163
Run: 10, Epoch: 27, Loss: 0.0006, lr: 0.001000, Train: 0.9241, Valid: 0.8934, Test: 0.9067
Run: 10, Epoch: 28, Loss: 0.0005, lr: 0.000700, Train: 0.9179, Valid: 0.8811, Test: 0.9041
Run: 10, Epoch: 29, Loss: 0.0005, lr: 0.000700, Train: 0.9153, Valid: 0.8714, Test: 0.9039
Run: 10, Epoch: 30, Loss: 0.0005, lr: 0.000700, Train: 0.9172, Valid: 0.8678, Test: 0.9064
Run: 10, Epoch: 31, Loss: 0.0004, lr: 0.000700, Train: 0.9233, Valid: 0.8699, Test: 0.9114
Run: 10, Epoch: 32, Loss: 0.0004, lr: 0.000700, Train: 0.9333, Valid: 0.8775, Test: 0.9180
Run: 10, Epoch: 33, Loss: 0.0004, lr: 0.000700, Train: 0.9442, Valid: 0.8867, Test: 0.9246
Run: 10, Epoch: 34, Loss: 0.0004, lr: 0.000490, Train: 0.9541, Valid: 0.8959, Test: 0.9305
Run: 10, Epoch: 35, Loss: 0.0004, lr: 0.000490, Train: 0.9623, Valid: 0.9024, Test: 0.9352
Run: 10, Epoch: 36, Loss: 0.0003, lr: 0.000490, Train: 0.9690, Valid: 0.9060, Test: 0.9386
Run: 10, Epoch: 37, Loss: 0.0003, lr: 0.000490, Train: 0.9734, Valid: 0.9071, Test: 0.9405
Run: 10, Epoch: 38, Loss: 0.0003, lr: 0.000490, Train: 0.9769, Valid: 0.9096, Test: 0.9418
Run: 10, Epoch: 39, Loss: 0.0003, lr: 0.000490, Train: 0.9794, Valid: 0.9110, Test: 0.9425
Run: 10, Epoch: 40, Loss: 0.0003, lr: 0.000343, Train: 0.9815, Valid: 0.9115, Test: 0.9433
Run: 10, Epoch: 41, Loss: 0.0003, lr: 0.000343, Train: 0.9836, Valid: 0.9126, Test: 0.9442
Run: 10, Epoch: 42, Loss: 0.0003, lr: 0.000343, Train: 0.9856, Valid: 0.9133, Test: 0.9450
Run: 10, Epoch: 43, Loss: 0.0003, lr: 0.000343, Train: 0.9874, Valid: 0.9128, Test: 0.9458
Run: 10, Epoch: 44, Loss: 0.0003, lr: 0.000343, Train: 0.9891, Valid: 0.9117, Test: 0.9465
Run: 10, Epoch: 45, Loss: 0.0002, lr: 0.000343, Train: 0.9906, Valid: 0.9105, Test: 0.9472
Run: 10, Epoch: 46, Loss: 0.0002, lr: 0.000240, Train: 0.9915, Valid: 0.9091, Test: 0.9477
Run: 10, Epoch: 47, Loss: 0.0002, lr: 0.000240, Train: 0.9922, Valid: 0.9075, Test: 0.9480
Run: 10, Epoch: 48, Loss: 0.0002, lr: 0.000240, Train: 0.9927, Valid: 0.9061, Test: 0.9483
Run: 10, Epoch: 49, Loss: 0.0002, lr: 0.000240, Train: 0.9930, Valid: 0.9052, Test: 0.9485
Run: 10, Epoch: 50, Loss: 0.0002, lr: 0.000240, Train: 0.9932, Valid: 0.9044, Test: 0.9487
Run: 10, Epoch: 51, Loss: 0.0002, lr: 0.000240, Train: 0.9933, Valid: 0.9037, Test: 0.9488
Run: 10, Epoch: 52, Loss: 0.0002, lr: 0.000168, Train: 0.9934, Valid: 0.9030, Test: 0.9488
Run: 10, Epoch: 53, Loss: 0.0002, lr: 0.000168, Train: 0.9936, Valid: 0.9025, Test: 0.9489
Run: 10, Epoch: 54, Loss: 0.0002, lr: 0.000168, Train: 0.9937, Valid: 0.9019, Test: 0.9488
Run: 10, Epoch: 55, Loss: 0.0002, lr: 0.000168, Train: 0.9938, Valid: 0.9013, Test: 0.9488
Run: 10, Epoch: 56, Loss: 0.0002, lr: 0.000168, Train: 0.9939, Valid: 0.9006, Test: 0.9488
Run: 10, Epoch: 57, Loss: 0.0002, lr: 0.000168, Train: 0.9941, Valid: 0.8998, Test: 0.9487
Run: 10, Epoch: 58, Loss: 0.0002, lr: 0.000118, Train: 0.9942, Valid: 0.8988, Test: 0.9486
Run: 10, Epoch: 59, Loss: 0.0002, lr: 0.000118, Train: 0.9944, Valid: 0.8979, Test: 0.9486
Run: 10, Epoch: 60, Loss: 0.0002, lr: 0.000118, Train: 0.9945, Valid: 0.8971, Test: 0.9485
Run: 10, Epoch: 61, Loss: 0.0002, lr: 0.000118, Train: 0.9946, Valid: 0.8963, Test: 0.9484
Run: 10, Epoch: 62, Loss: 0.0002, lr: 0.000118, Train: 0.9947, Valid: 0.8956, Test: 0.9483
Run: 10, Epoch: 63, Loss: 0.0002, lr: 0.000118, Train: 0.9948, Valid: 0.8949, Test: 0.9482
Run: 10, Epoch: 64, Loss: 0.0002, lr: 0.000082, Train: 0.9949, Valid: 0.8943, Test: 0.9482
Run: 10, Epoch: 65, Loss: 0.0002, lr: 0.000082, Train: 0.9950, Valid: 0.8938, Test: 0.9481
Run: 10, Epoch: 66, Loss: 0.0002, lr: 0.000082, Train: 0.9950, Valid: 0.8933, Test: 0.9481
Run: 10, Epoch: 67, Loss: 0.0002, lr: 0.000082, Train: 0.9951, Valid: 0.8929, Test: 0.9480
Run: 10, Epoch: 68, Loss: 0.0002, lr: 0.000082, Train: 0.9952, Valid: 0.8926, Test: 0.9480
Run: 10, Epoch: 69, Loss: 0.0002, lr: 0.000082, Train: 0.9952, Valid: 0.8923, Test: 0.9480
Run: 10, Epoch: 70, Loss: 0.0002, lr: 0.000058, Train: 0.9952, Valid: 0.8919, Test: 0.9479
Run: 10, Epoch: 71, Loss: 0.0002, lr: 0.000058, Train: 0.9953, Valid: 0.8915, Test: 0.9479
Run: 10, Epoch: 72, Loss: 0.0002, lr: 0.000058, Train: 0.9953, Valid: 0.8911, Test: 0.9479
Run: 10, Epoch: 73, Loss: 0.0002, lr: 0.000058, Train: 0.9953, Valid: 0.8908, Test: 0.9479
Run: 10, Epoch: 74, Loss: 0.0002, lr: 0.000058, Train: 0.9954, Valid: 0.8904, Test: 0.9478
Run: 10, Epoch: 75, Loss: 0.0002, lr: 0.000058, Train: 0.9954, Valid: 0.8901, Test: 0.9478
Run: 10, Epoch: 76, Loss: 0.0002, lr: 0.000040, Train: 0.9954, Valid: 0.8897, Test: 0.9478
Run: 10, Epoch: 77, Loss: 0.0002, lr: 0.000040, Train: 0.9955, Valid: 0.8893, Test: 0.9478
Run: 10, Epoch: 78, Loss: 0.0002, lr: 0.000040, Train: 0.9955, Valid: 0.8889, Test: 0.9478
Run: 10, Epoch: 79, Loss: 0.0002, lr: 0.000040, Train: 0.9955, Valid: 0.8886, Test: 0.9477
Run: 10, Epoch: 80, Loss: 0.0002, lr: 0.000040, Train: 0.9955, Valid: 0.8882, Test: 0.9477
Run: 10, Epoch: 81, Loss: 0.0002, lr: 0.000040, Train: 0.9956, Valid: 0.8879, Test: 0.9477
Run: 10, Epoch: 82, Loss: 0.0002, lr: 0.000028, Train: 0.9956, Valid: 0.8876, Test: 0.9477
Run: 10, Epoch: 83, Loss: 0.0002, lr: 0.000028, Train: 0.9956, Valid: 0.8873, Test: 0.9476
Run: 10, Epoch: 84, Loss: 0.0002, lr: 0.000028, Train: 0.9956, Valid: 0.8870, Test: 0.9476
Run: 10, Epoch: 85, Loss: 0.0002, lr: 0.000028, Train: 0.9956, Valid: 0.8867, Test: 0.9476
Run: 10, Epoch: 86, Loss: 0.0002, lr: 0.000028, Train: 0.9956, Valid: 0.8865, Test: 0.9476
Run: 10, Epoch: 87, Loss: 0.0002, lr: 0.000028, Train: 0.9956, Valid: 0.8863, Test: 0.9476
Run: 10, Epoch: 88, Loss: 0.0002, lr: 0.000020, Train: 0.9956, Valid: 0.8861, Test: 0.9475
Run: 10, Epoch: 89, Loss: 0.0002, lr: 0.000020, Train: 0.9956, Valid: 0.8859, Test: 0.9475
Run: 10, Epoch: 90, Loss: 0.0002, lr: 0.000020, Train: 0.9956, Valid: 0.8857, Test: 0.9475
Run: 10, Epoch: 91, Loss: 0.0002, lr: 0.000020, Train: 0.9957, Valid: 0.8855, Test: 0.9475
Run: 10, Epoch: 92, Loss: 0.0002, lr: 0.000020, Train: 0.9957, Valid: 0.8854, Test: 0.9475
Run: 10, Epoch: 93, Loss: 0.0002, lr: 0.000020, Train: 0.9957, Valid: 0.8852, Test: 0.9474
Run: 10, Epoch: 94, Loss: 0.0002, lr: 0.000014, Train: 0.9957, Valid: 0.8851, Test: 0.9474
Run: 10, Epoch: 95, Loss: 0.0002, lr: 0.000014, Train: 0.9957, Valid: 0.8850, Test: 0.9474
Run: 10, Epoch: 96, Loss: 0.0002, lr: 0.000014, Train: 0.9957, Valid: 0.8849, Test: 0.9474
Run: 10, Epoch: 97, Loss: 0.0002, lr: 0.000014, Train: 0.9957, Valid: 0.8848, Test: 0.9474
Run: 10, Epoch: 98, Loss: 0.0002, lr: 0.000014, Train: 0.9957, Valid: 0.8847, Test: 0.9474
Run: 10, Epoch: 99, Loss: 0.0002, lr: 0.000014, Train: 0.9957, Valid: 0.8846, Test: 0.9474
Run: 10, Epoch: 100, Loss: 0.0002, lr: 0.000010, Train: 0.9957, Valid: 0.8845, Test: 0.9474
Run 10:
Highest Train: 1.00
Highest Valid: 0.95
  Final Train: 0.96
   Final Test: 0.93
All runs:
Highest Train: 1.00  0.00
Highest Valid: 0.95  0.03
  Final Train: 0.99  0.01
   Final Test: 0.94  0.02
