Namespace(conv_layers=3, device=0, dropout=0.0, epochs=100, hidden_dim=256, log_steps=1, lr=0.001, method='gatv2', mlp_layers=2, runs=10, subset='physics')
Run: 01, Epoch: 01, Loss: 0.0206, lr: 0.001000, Train: 0.5637, Valid: 0.5957, Test: 0.4403
Run: 01, Epoch: 02, Loss: 0.0081, lr: 0.001000, Train: 0.6992, Valid: 0.8039, Test: 0.6256
Run: 01, Epoch: 03, Loss: 0.0090, lr: 0.001000, Train: 0.7512, Valid: 0.8677, Test: 0.6999
Run: 01, Epoch: 04, Loss: 0.0086, lr: 0.001000, Train: 0.7822, Valid: 0.8862, Test: 0.7339
Run: 01, Epoch: 05, Loss: 0.0067, lr: 0.001000, Train: 0.7958, Valid: 0.8828, Test: 0.7342
Run: 01, Epoch: 06, Loss: 0.0050, lr: 0.001000, Train: 0.7937, Valid: 0.8684, Test: 0.7039
Run: 01, Epoch: 07, Loss: 0.0037, lr: 0.001000, Train: 0.7721, Valid: 0.8476, Test: 0.6356
Run: 01, Epoch: 08, Loss: 0.0030, lr: 0.001000, Train: 0.7303, Valid: 0.8196, Test: 0.5337
Run: 01, Epoch: 09, Loss: 0.0031, lr: 0.001000, Train: 0.6891, Valid: 0.7959, Test: 0.4362
Run: 01, Epoch: 10, Loss: 0.0030, lr: 0.001000, Train: 0.6659, Valid: 0.7877, Test: 0.3763
Run: 01, Epoch: 11, Loss: 0.0026, lr: 0.000700, Train: 0.6673, Valid: 0.7956, Test: 0.3675
Run: 01, Epoch: 12, Loss: 0.0022, lr: 0.000700, Train: 0.6780, Valid: 0.8099, Test: 0.3808
Run: 01, Epoch: 13, Loss: 0.0019, lr: 0.000700, Train: 0.6953, Valid: 0.8266, Test: 0.4146
Run: 01, Epoch: 14, Loss: 0.0016, lr: 0.000700, Train: 0.7177, Valid: 0.8450, Test: 0.4651
Run: 01, Epoch: 15, Loss: 0.0014, lr: 0.000700, Train: 0.7410, Valid: 0.8612, Test: 0.5171
Run: 01, Epoch: 16, Loss: 0.0012, lr: 0.000700, Train: 0.7642, Valid: 0.8718, Test: 0.5623
Run: 01, Epoch: 17, Loss: 0.0012, lr: 0.000490, Train: 0.7883, Valid: 0.8784, Test: 0.6029
Run: 01, Epoch: 18, Loss: 0.0012, lr: 0.000490, Train: 0.8076, Valid: 0.8807, Test: 0.6340
Run: 01, Epoch: 19, Loss: 0.0011, lr: 0.000490, Train: 0.8208, Valid: 0.8798, Test: 0.6539
Run: 01, Epoch: 20, Loss: 0.0010, lr: 0.000490, Train: 0.8281, Valid: 0.8769, Test: 0.6638
Run: 01, Epoch: 21, Loss: 0.0010, lr: 0.000490, Train: 0.8301, Valid: 0.8724, Test: 0.6649
Run: 01, Epoch: 22, Loss: 0.0009, lr: 0.000490, Train: 0.8275, Valid: 0.8670, Test: 0.6579
Run: 01, Epoch: 23, Loss: 0.0008, lr: 0.000343, Train: 0.8324, Valid: 0.8667, Test: 0.6639
Run: 01, Epoch: 24, Loss: 0.0007, lr: 0.000343, Train: 0.8353, Valid: 0.8663, Test: 0.6667
Run: 01, Epoch: 25, Loss: 0.0007, lr: 0.000343, Train: 0.8368, Valid: 0.8660, Test: 0.6673
Run: 01, Epoch: 26, Loss: 0.0006, lr: 0.000343, Train: 0.8373, Valid: 0.8659, Test: 0.6665
Run: 01, Epoch: 27, Loss: 0.0006, lr: 0.000343, Train: 0.8371, Valid: 0.8659, Test: 0.6650
Run: 01, Epoch: 28, Loss: 0.0005, lr: 0.000343, Train: 0.8372, Valid: 0.8662, Test: 0.6643
Run: 01, Epoch: 29, Loss: 0.0005, lr: 0.000240, Train: 0.8457, Valid: 0.8700, Test: 0.6780
Run: 01, Epoch: 30, Loss: 0.0005, lr: 0.000240, Train: 0.8536, Valid: 0.8736, Test: 0.6908
Run: 01, Epoch: 31, Loss: 0.0005, lr: 0.000240, Train: 0.8611, Valid: 0.8768, Test: 0.7027
Run: 01, Epoch: 32, Loss: 0.0005, lr: 0.000240, Train: 0.8683, Valid: 0.8796, Test: 0.7137
Run: 01, Epoch: 33, Loss: 0.0004, lr: 0.000240, Train: 0.8753, Valid: 0.8822, Test: 0.7243
Run: 01, Epoch: 34, Loss: 0.0004, lr: 0.000240, Train: 0.8820, Valid: 0.8845, Test: 0.7346
Run: 01, Epoch: 35, Loss: 0.0004, lr: 0.000168, Train: 0.8925, Valid: 0.8890, Test: 0.7517
Run: 01, Epoch: 36, Loss: 0.0004, lr: 0.000168, Train: 0.9020, Valid: 0.8929, Test: 0.7673
Run: 01, Epoch: 37, Loss: 0.0004, lr: 0.000168, Train: 0.9105, Valid: 0.8963, Test: 0.7814
Run: 01, Epoch: 38, Loss: 0.0004, lr: 0.000168, Train: 0.9183, Valid: 0.8993, Test: 0.7943
Run: 01, Epoch: 39, Loss: 0.0004, lr: 0.000168, Train: 0.9254, Valid: 0.9020, Test: 0.8064
Run: 01, Epoch: 40, Loss: 0.0003, lr: 0.000168, Train: 0.9318, Valid: 0.9045, Test: 0.8176
Run: 01, Epoch: 41, Loss: 0.0003, lr: 0.000168, Train: 0.9376, Valid: 0.9066, Test: 0.8278
Run: 01, Epoch: 42, Loss: 0.0003, lr: 0.000168, Train: 0.9428, Valid: 0.9084, Test: 0.8371
Run: 01, Epoch: 43, Loss: 0.0003, lr: 0.000168, Train: 0.9473, Valid: 0.9099, Test: 0.8454
Run: 01, Epoch: 44, Loss: 0.0003, lr: 0.000168, Train: 0.9512, Valid: 0.9112, Test: 0.8527
Run: 01, Epoch: 45, Loss: 0.0003, lr: 0.000168, Train: 0.9547, Valid: 0.9123, Test: 0.8592
Run: 01, Epoch: 46, Loss: 0.0003, lr: 0.000168, Train: 0.9577, Valid: 0.9132, Test: 0.8648
Run: 01, Epoch: 47, Loss: 0.0003, lr: 0.000168, Train: 0.9603, Valid: 0.9140, Test: 0.8694
Run: 01, Epoch: 48, Loss: 0.0003, lr: 0.000168, Train: 0.9626, Valid: 0.9146, Test: 0.8730
Run: 01, Epoch: 49, Loss: 0.0003, lr: 0.000168, Train: 0.9647, Valid: 0.9152, Test: 0.8760
Run: 01, Epoch: 50, Loss: 0.0003, lr: 0.000168, Train: 0.9666, Valid: 0.9157, Test: 0.8785
Run: 01, Epoch: 51, Loss: 0.0002, lr: 0.000168, Train: 0.9684, Valid: 0.9162, Test: 0.8807
Run: 01, Epoch: 52, Loss: 0.0002, lr: 0.000168, Train: 0.9701, Valid: 0.9169, Test: 0.8829
Run: 01, Epoch: 53, Loss: 0.0002, lr: 0.000168, Train: 0.9719, Valid: 0.9176, Test: 0.8853
Run: 01, Epoch: 54, Loss: 0.0002, lr: 0.000168, Train: 0.9737, Valid: 0.9185, Test: 0.8878
Run: 01, Epoch: 55, Loss: 0.0002, lr: 0.000168, Train: 0.9755, Valid: 0.9194, Test: 0.8905
Run: 01, Epoch: 56, Loss: 0.0002, lr: 0.000168, Train: 0.9772, Valid: 0.9204, Test: 0.8931
Run: 01, Epoch: 57, Loss: 0.0002, lr: 0.000168, Train: 0.9788, Valid: 0.9213, Test: 0.8956
Run: 01, Epoch: 58, Loss: 0.0002, lr: 0.000168, Train: 0.9802, Valid: 0.9222, Test: 0.8978
Run: 01, Epoch: 59, Loss: 0.0002, lr: 0.000168, Train: 0.9815, Valid: 0.9229, Test: 0.8997
Run: 01, Epoch: 60, Loss: 0.0002, lr: 0.000168, Train: 0.9826, Valid: 0.9236, Test: 0.9013
Run: 01, Epoch: 61, Loss: 0.0002, lr: 0.000168, Train: 0.9835, Valid: 0.9242, Test: 0.9027
Run: 01, Epoch: 62, Loss: 0.0002, lr: 0.000168, Train: 0.9843, Valid: 0.9247, Test: 0.9039
Run: 01, Epoch: 63, Loss: 0.0002, lr: 0.000168, Train: 0.9849, Valid: 0.9251, Test: 0.9049
Run: 01, Epoch: 64, Loss: 0.0002, lr: 0.000168, Train: 0.9856, Valid: 0.9254, Test: 0.9059
Run: 01, Epoch: 65, Loss: 0.0002, lr: 0.000168, Train: 0.9861, Valid: 0.9258, Test: 0.9069
Run: 01, Epoch: 66, Loss: 0.0002, lr: 0.000168, Train: 0.9867, Valid: 0.9261, Test: 0.9080
Run: 01, Epoch: 67, Loss: 0.0002, lr: 0.000168, Train: 0.9872, Valid: 0.9264, Test: 0.9090
Run: 01, Epoch: 68, Loss: 0.0002, lr: 0.000168, Train: 0.9878, Valid: 0.9267, Test: 0.9101
Run: 01, Epoch: 69, Loss: 0.0001, lr: 0.000168, Train: 0.9884, Valid: 0.9270, Test: 0.9111
Run: 01, Epoch: 70, Loss: 0.0001, lr: 0.000168, Train: 0.9889, Valid: 0.9273, Test: 0.9122
Run: 01, Epoch: 71, Loss: 0.0001, lr: 0.000168, Train: 0.9895, Valid: 0.9276, Test: 0.9131
Run: 01, Epoch: 72, Loss: 0.0001, lr: 0.000168, Train: 0.9900, Valid: 0.9278, Test: 0.9140
Run: 01, Epoch: 73, Loss: 0.0001, lr: 0.000168, Train: 0.9905, Valid: 0.9280, Test: 0.9148
Run: 01, Epoch: 74, Loss: 0.0001, lr: 0.000168, Train: 0.9910, Valid: 0.9282, Test: 0.9155
Run: 01, Epoch: 75, Loss: 0.0001, lr: 0.000168, Train: 0.9914, Valid: 0.9283, Test: 0.9161
Run: 01, Epoch: 76, Loss: 0.0001, lr: 0.000168, Train: 0.9918, Valid: 0.9283, Test: 0.9165
Run: 01, Epoch: 77, Loss: 0.0001, lr: 0.000168, Train: 0.9921, Valid: 0.9283, Test: 0.9168
Run: 01, Epoch: 78, Loss: 0.0001, lr: 0.000168, Train: 0.9923, Valid: 0.9283, Test: 0.9171
Run: 01, Epoch: 79, Loss: 0.0001, lr: 0.000168, Train: 0.9926, Valid: 0.9282, Test: 0.9173
Run: 01, Epoch: 80, Loss: 0.0001, lr: 0.000168, Train: 0.9928, Valid: 0.9282, Test: 0.9175
Run: 01, Epoch: 81, Loss: 0.0001, lr: 0.000168, Train: 0.9930, Valid: 0.9281, Test: 0.9176
Run: 01, Epoch: 82, Loss: 0.0001, lr: 0.000118, Train: 0.9933, Valid: 0.9283, Test: 0.9182
Run: 01, Epoch: 83, Loss: 0.0001, lr: 0.000118, Train: 0.9936, Valid: 0.9285, Test: 0.9187
Run: 01, Epoch: 84, Loss: 0.0001, lr: 0.000118, Train: 0.9939, Valid: 0.9286, Test: 0.9191
Run: 01, Epoch: 85, Loss: 0.0001, lr: 0.000118, Train: 0.9941, Valid: 0.9287, Test: 0.9195
Run: 01, Epoch: 86, Loss: 0.0001, lr: 0.000118, Train: 0.9943, Valid: 0.9288, Test: 0.9198
Run: 01, Epoch: 87, Loss: 0.0001, lr: 0.000118, Train: 0.9945, Valid: 0.9289, Test: 0.9201
Run: 01, Epoch: 88, Loss: 0.0001, lr: 0.000118, Train: 0.9947, Valid: 0.9290, Test: 0.9204
Run: 01, Epoch: 89, Loss: 0.0001, lr: 0.000118, Train: 0.9949, Valid: 0.9292, Test: 0.9207
Run: 01, Epoch: 90, Loss: 0.0001, lr: 0.000118, Train: 0.9950, Valid: 0.9293, Test: 0.9209
Run: 01, Epoch: 91, Loss: 0.0001, lr: 0.000118, Train: 0.9952, Valid: 0.9294, Test: 0.9212
Run: 01, Epoch: 92, Loss: 0.0001, lr: 0.000118, Train: 0.9954, Valid: 0.9295, Test: 0.9215
Run: 01, Epoch: 93, Loss: 0.0001, lr: 0.000118, Train: 0.9955, Valid: 0.9297, Test: 0.9217
Run: 01, Epoch: 94, Loss: 0.0001, lr: 0.000118, Train: 0.9957, Valid: 0.9298, Test: 0.9220
Run: 01, Epoch: 95, Loss: 0.0001, lr: 0.000118, Train: 0.9958, Valid: 0.9299, Test: 0.9222
Run: 01, Epoch: 96, Loss: 0.0001, lr: 0.000118, Train: 0.9959, Valid: 0.9301, Test: 0.9224
Run: 01, Epoch: 97, Loss: 0.0001, lr: 0.000118, Train: 0.9961, Valid: 0.9302, Test: 0.9226
Run: 01, Epoch: 98, Loss: 0.0001, lr: 0.000118, Train: 0.9962, Valid: 0.9303, Test: 0.9228
Run: 01, Epoch: 99, Loss: 0.0001, lr: 0.000118, Train: 0.9963, Valid: 0.9304, Test: 0.9229
Run: 01, Epoch: 100, Loss: 0.0001, lr: 0.000118, Train: 0.9964, Valid: 0.9305, Test: 0.9231
Run 01:
Highest Train: 1.00
Highest Valid: 0.93
  Final Train: 1.00
   Final Test: 0.92
Run: 02, Epoch: 01, Loss: 0.0645, lr: 0.001000, Train: 0.3711, Valid: 0.2684, Test: 0.3467
Run: 02, Epoch: 02, Loss: 0.0078, lr: 0.001000, Train: 0.6422, Valid: 0.4489, Test: 0.5930
Run: 02, Epoch: 03, Loss: 0.0078, lr: 0.001000, Train: 0.7446, Valid: 0.5234, Test: 0.6853
Run: 02, Epoch: 04, Loss: 0.0083, lr: 0.001000, Train: 0.7678, Valid: 0.5553, Test: 0.7086
Run: 02, Epoch: 05, Loss: 0.0075, lr: 0.001000, Train: 0.7488, Valid: 0.5809, Test: 0.6945
Run: 02, Epoch: 06, Loss: 0.0059, lr: 0.001000, Train: 0.7014, Valid: 0.5818, Test: 0.6552
Run: 02, Epoch: 07, Loss: 0.0046, lr: 0.001000, Train: 0.6368, Valid: 0.5468, Test: 0.5906
Run: 02, Epoch: 08, Loss: 0.0038, lr: 0.001000, Train: 0.5617, Valid: 0.4760, Test: 0.5041
Run: 02, Epoch: 09, Loss: 0.0034, lr: 0.001000, Train: 0.4876, Valid: 0.3795, Test: 0.4112
Run: 02, Epoch: 10, Loss: 0.0032, lr: 0.001000, Train: 0.4383, Valid: 0.2954, Test: 0.3394
Run: 02, Epoch: 11, Loss: 0.0032, lr: 0.001000, Train: 0.4254, Valid: 0.2587, Test: 0.2910
Run: 02, Epoch: 12, Loss: 0.0030, lr: 0.001000, Train: 0.4420, Valid: 0.2703, Test: 0.2923
Run: 02, Epoch: 13, Loss: 0.0027, lr: 0.000700, Train: 0.4822, Valid: 0.3204, Test: 0.3290
Run: 02, Epoch: 14, Loss: 0.0025, lr: 0.000700, Train: 0.5193, Valid: 0.3652, Test: 0.3665
Run: 02, Epoch: 15, Loss: 0.0022, lr: 0.000700, Train: 0.5497, Valid: 0.3962, Test: 0.4013
Run: 02, Epoch: 16, Loss: 0.0020, lr: 0.000700, Train: 0.5761, Valid: 0.4149, Test: 0.4312
Run: 02, Epoch: 17, Loss: 0.0018, lr: 0.000700, Train: 0.6056, Valid: 0.4310, Test: 0.4637
Run: 02, Epoch: 18, Loss: 0.0017, lr: 0.000700, Train: 0.6419, Valid: 0.4537, Test: 0.5048
Run: 02, Epoch: 19, Loss: 0.0015, lr: 0.000490, Train: 0.6908, Valid: 0.5063, Test: 0.5602
Run: 02, Epoch: 20, Loss: 0.0014, lr: 0.000490, Train: 0.7425, Valid: 0.5652, Test: 0.6188
Run: 02, Epoch: 21, Loss: 0.0013, lr: 0.000490, Train: 0.7935, Valid: 0.6261, Test: 0.6781
Run: 02, Epoch: 22, Loss: 0.0012, lr: 0.000490, Train: 0.8395, Valid: 0.6821, Test: 0.7329
Run: 02, Epoch: 23, Loss: 0.0012, lr: 0.000490, Train: 0.8775, Valid: 0.7287, Test: 0.7796
Run: 02, Epoch: 24, Loss: 0.0011, lr: 0.000490, Train: 0.9068, Valid: 0.7637, Test: 0.8173
Run: 02, Epoch: 25, Loss: 0.0010, lr: 0.000490, Train: 0.9283, Valid: 0.7872, Test: 0.8461
Run: 02, Epoch: 26, Loss: 0.0009, lr: 0.000490, Train: 0.9430, Valid: 0.8007, Test: 0.8666
Run: 02, Epoch: 27, Loss: 0.0009, lr: 0.000490, Train: 0.9527, Valid: 0.8064, Test: 0.8805
Run: 02, Epoch: 28, Loss: 0.0008, lr: 0.000490, Train: 0.9587, Valid: 0.8072, Test: 0.8898
Run: 02, Epoch: 29, Loss: 0.0008, lr: 0.000490, Train: 0.9625, Valid: 0.8051, Test: 0.8956
Run: 02, Epoch: 30, Loss: 0.0007, lr: 0.000490, Train: 0.9647, Valid: 0.8019, Test: 0.8989
Run: 02, Epoch: 31, Loss: 0.0007, lr: 0.000490, Train: 0.9659, Valid: 0.7989, Test: 0.9009
Run: 02, Epoch: 32, Loss: 0.0006, lr: 0.000490, Train: 0.9666, Valid: 0.7971, Test: 0.9023
Run: 02, Epoch: 33, Loss: 0.0006, lr: 0.000490, Train: 0.9674, Valid: 0.7968, Test: 0.9035
Run: 02, Epoch: 34, Loss: 0.0006, lr: 0.000490, Train: 0.9689, Valid: 0.7984, Test: 0.9057
Run: 02, Epoch: 35, Loss: 0.0005, lr: 0.000343, Train: 0.9715, Valid: 0.8027, Test: 0.9097
Run: 02, Epoch: 36, Loss: 0.0005, lr: 0.000343, Train: 0.9747, Valid: 0.8075, Test: 0.9146
Run: 02, Epoch: 37, Loss: 0.0005, lr: 0.000343, Train: 0.9779, Valid: 0.8124, Test: 0.9201
Run: 02, Epoch: 38, Loss: 0.0004, lr: 0.000343, Train: 0.9809, Valid: 0.8166, Test: 0.9258
Run: 02, Epoch: 39, Loss: 0.0004, lr: 0.000343, Train: 0.9832, Valid: 0.8196, Test: 0.9311
Run: 02, Epoch: 40, Loss: 0.0004, lr: 0.000343, Train: 0.9847, Valid: 0.8214, Test: 0.9354
Run: 02, Epoch: 41, Loss: 0.0004, lr: 0.000343, Train: 0.9855, Valid: 0.8218, Test: 0.9386
Run: 02, Epoch: 42, Loss: 0.0004, lr: 0.000343, Train: 0.9857, Valid: 0.8217, Test: 0.9408
Run: 02, Epoch: 43, Loss: 0.0003, lr: 0.000343, Train: 0.9857, Valid: 0.8213, Test: 0.9422
Run: 02, Epoch: 44, Loss: 0.0003, lr: 0.000343, Train: 0.9858, Valid: 0.8212, Test: 0.9431
Run: 02, Epoch: 45, Loss: 0.0003, lr: 0.000343, Train: 0.9863, Valid: 0.8218, Test: 0.9436
Run: 02, Epoch: 46, Loss: 0.0003, lr: 0.000343, Train: 0.9870, Valid: 0.8232, Test: 0.9436
Run: 02, Epoch: 47, Loss: 0.0003, lr: 0.000343, Train: 0.9880, Valid: 0.8250, Test: 0.9434
Run: 02, Epoch: 48, Loss: 0.0003, lr: 0.000343, Train: 0.9890, Valid: 0.8272, Test: 0.9429
Run: 02, Epoch: 49, Loss: 0.0003, lr: 0.000343, Train: 0.9898, Valid: 0.8295, Test: 0.9422
Run: 02, Epoch: 50, Loss: 0.0002, lr: 0.000343, Train: 0.9905, Valid: 0.8314, Test: 0.9414
Run: 02, Epoch: 51, Loss: 0.0002, lr: 0.000343, Train: 0.9909, Valid: 0.8330, Test: 0.9406
Run: 02, Epoch: 52, Loss: 0.0002, lr: 0.000343, Train: 0.9911, Valid: 0.8342, Test: 0.9400
Run: 02, Epoch: 53, Loss: 0.0002, lr: 0.000343, Train: 0.9913, Valid: 0.8350, Test: 0.9397
Run: 02, Epoch: 54, Loss: 0.0002, lr: 0.000343, Train: 0.9913, Valid: 0.8355, Test: 0.9396
Run: 02, Epoch: 55, Loss: 0.0002, lr: 0.000343, Train: 0.9913, Valid: 0.8357, Test: 0.9399
Run: 02, Epoch: 56, Loss: 0.0002, lr: 0.000343, Train: 0.9913, Valid: 0.8359, Test: 0.9403
Run: 02, Epoch: 57, Loss: 0.0002, lr: 0.000343, Train: 0.9914, Valid: 0.8359, Test: 0.9408
Run: 02, Epoch: 58, Loss: 0.0002, lr: 0.000343, Train: 0.9917, Valid: 0.8362, Test: 0.9413
Run: 02, Epoch: 59, Loss: 0.0002, lr: 0.000343, Train: 0.9922, Valid: 0.8369, Test: 0.9417
Run: 02, Epoch: 60, Loss: 0.0002, lr: 0.000343, Train: 0.9929, Valid: 0.8380, Test: 0.9420
Run: 02, Epoch: 61, Loss: 0.0002, lr: 0.000343, Train: 0.9936, Valid: 0.8393, Test: 0.9420
Run: 02, Epoch: 62, Loss: 0.0001, lr: 0.000343, Train: 0.9943, Valid: 0.8405, Test: 0.9419
Run: 02, Epoch: 63, Loss: 0.0001, lr: 0.000343, Train: 0.9949, Valid: 0.8414, Test: 0.9416
Run: 02, Epoch: 64, Loss: 0.0001, lr: 0.000343, Train: 0.9953, Valid: 0.8420, Test: 0.9412
Run: 02, Epoch: 65, Loss: 0.0001, lr: 0.000343, Train: 0.9955, Valid: 0.8423, Test: 0.9409
Run: 02, Epoch: 66, Loss: 0.0001, lr: 0.000343, Train: 0.9957, Valid: 0.8422, Test: 0.9407
Run: 02, Epoch: 67, Loss: 0.0001, lr: 0.000343, Train: 0.9958, Valid: 0.8417, Test: 0.9407
Run: 02, Epoch: 68, Loss: 0.0001, lr: 0.000343, Train: 0.9959, Valid: 0.8411, Test: 0.9410
Run: 02, Epoch: 69, Loss: 0.0001, lr: 0.000343, Train: 0.9959, Valid: 0.8403, Test: 0.9413
Run: 02, Epoch: 70, Loss: 0.0001, lr: 0.000343, Train: 0.9959, Valid: 0.8396, Test: 0.9415
Run: 02, Epoch: 71, Loss: 0.0001, lr: 0.000343, Train: 0.9959, Valid: 0.8389, Test: 0.9416
Run: 02, Epoch: 72, Loss: 0.0001, lr: 0.000240, Train: 0.9960, Valid: 0.8389, Test: 0.9415
Run: 02, Epoch: 73, Loss: 0.0001, lr: 0.000240, Train: 0.9960, Valid: 0.8390, Test: 0.9414
Run: 02, Epoch: 74, Loss: 0.0001, lr: 0.000240, Train: 0.9961, Valid: 0.8390, Test: 0.9412
Run: 02, Epoch: 75, Loss: 0.0001, lr: 0.000240, Train: 0.9962, Valid: 0.8391, Test: 0.9411
Run: 02, Epoch: 76, Loss: 0.0001, lr: 0.000240, Train: 0.9963, Valid: 0.8392, Test: 0.9409
Run: 02, Epoch: 77, Loss: 0.0001, lr: 0.000240, Train: 0.9965, Valid: 0.8393, Test: 0.9408
Run: 02, Epoch: 78, Loss: 0.0001, lr: 0.000168, Train: 0.9966, Valid: 0.8396, Test: 0.9408
Run: 02, Epoch: 79, Loss: 0.0001, lr: 0.000168, Train: 0.9967, Valid: 0.8399, Test: 0.9408
Run: 02, Epoch: 80, Loss: 0.0001, lr: 0.000168, Train: 0.9968, Valid: 0.8400, Test: 0.9408
Run: 02, Epoch: 81, Loss: 0.0001, lr: 0.000168, Train: 0.9969, Valid: 0.8402, Test: 0.9408
Run: 02, Epoch: 82, Loss: 0.0001, lr: 0.000168, Train: 0.9969, Valid: 0.8403, Test: 0.9409
Run: 02, Epoch: 83, Loss: 0.0001, lr: 0.000168, Train: 0.9970, Valid: 0.8403, Test: 0.9409
Run: 02, Epoch: 84, Loss: 0.0001, lr: 0.000118, Train: 0.9971, Valid: 0.8406, Test: 0.9408
Run: 02, Epoch: 85, Loss: 0.0001, lr: 0.000118, Train: 0.9972, Valid: 0.8410, Test: 0.9407
Run: 02, Epoch: 86, Loss: 0.0001, lr: 0.000118, Train: 0.9973, Valid: 0.8413, Test: 0.9407
Run: 02, Epoch: 87, Loss: 0.0001, lr: 0.000118, Train: 0.9973, Valid: 0.8416, Test: 0.9406
Run: 02, Epoch: 88, Loss: 0.0001, lr: 0.000118, Train: 0.9974, Valid: 0.8419, Test: 0.9405
Run: 02, Epoch: 89, Loss: 0.0001, lr: 0.000118, Train: 0.9975, Valid: 0.8422, Test: 0.9404
Run: 02, Epoch: 90, Loss: 0.0001, lr: 0.000082, Train: 0.9975, Valid: 0.8426, Test: 0.9403
Run: 02, Epoch: 91, Loss: 0.0001, lr: 0.000082, Train: 0.9976, Valid: 0.8429, Test: 0.9402
Run: 02, Epoch: 92, Loss: 0.0001, lr: 0.000082, Train: 0.9976, Valid: 0.8432, Test: 0.9401
Run: 02, Epoch: 93, Loss: 0.0001, lr: 0.000082, Train: 0.9977, Valid: 0.8435, Test: 0.9401
Run: 02, Epoch: 94, Loss: 0.0001, lr: 0.000082, Train: 0.9977, Valid: 0.8438, Test: 0.9400
Run: 02, Epoch: 95, Loss: 0.0001, lr: 0.000082, Train: 0.9978, Valid: 0.8440, Test: 0.9400
Run: 02, Epoch: 96, Loss: 0.0001, lr: 0.000082, Train: 0.9978, Valid: 0.8442, Test: 0.9399
Run: 02, Epoch: 97, Loss: 0.0001, lr: 0.000082, Train: 0.9978, Valid: 0.8443, Test: 0.9399
Run: 02, Epoch: 98, Loss: 0.0001, lr: 0.000082, Train: 0.9979, Valid: 0.8445, Test: 0.9398
Run: 02, Epoch: 99, Loss: 0.0001, lr: 0.000082, Train: 0.9979, Valid: 0.8446, Test: 0.9398
Run: 02, Epoch: 100, Loss: 0.0001, lr: 0.000082, Train: 0.9979, Valid: 0.8447, Test: 0.9398
Run 02:
Highest Train: 1.00
Highest Valid: 0.84
  Final Train: 1.00
   Final Test: 0.94
Run: 03, Epoch: 01, Loss: 0.0576, lr: 0.001000, Train: 0.4468, Valid: 0.0662, Test: 0.3401
Run: 03, Epoch: 02, Loss: 0.0098, lr: 0.001000, Train: 0.6866, Valid: 0.4240, Test: 0.6199
Run: 03, Epoch: 03, Loss: 0.0073, lr: 0.001000, Train: 0.7573, Valid: 0.5574, Test: 0.7421
Run: 03, Epoch: 04, Loss: 0.0078, lr: 0.001000, Train: 0.7745, Valid: 0.5938, Test: 0.7836
Run: 03, Epoch: 05, Loss: 0.0081, lr: 0.001000, Train: 0.7959, Valid: 0.6217, Test: 0.8004
Run: 03, Epoch: 06, Loss: 0.0072, lr: 0.001000, Train: 0.8221, Valid: 0.6565, Test: 0.8054
Run: 03, Epoch: 07, Loss: 0.0061, lr: 0.001000, Train: 0.8401, Valid: 0.6745, Test: 0.8055
Run: 03, Epoch: 08, Loss: 0.0052, lr: 0.001000, Train: 0.8464, Valid: 0.6736, Test: 0.8000
Run: 03, Epoch: 09, Loss: 0.0042, lr: 0.001000, Train: 0.8412, Valid: 0.6562, Test: 0.7855
Run: 03, Epoch: 10, Loss: 0.0036, lr: 0.001000, Train: 0.8228, Valid: 0.6131, Test: 0.7608
Run: 03, Epoch: 11, Loss: 0.0032, lr: 0.001000, Train: 0.7926, Valid: 0.5463, Test: 0.7309
Run: 03, Epoch: 12, Loss: 0.0030, lr: 0.001000, Train: 0.7573, Valid: 0.4696, Test: 0.6982
Run: 03, Epoch: 13, Loss: 0.0030, lr: 0.001000, Train: 0.7204, Valid: 0.3921, Test: 0.6568
Run: 03, Epoch: 14, Loss: 0.0028, lr: 0.000700, Train: 0.7034, Valid: 0.3593, Test: 0.6285
Run: 03, Epoch: 15, Loss: 0.0026, lr: 0.000700, Train: 0.6888, Valid: 0.3322, Test: 0.5942
Run: 03, Epoch: 16, Loss: 0.0023, lr: 0.000700, Train: 0.6791, Valid: 0.3025, Test: 0.5597
Run: 03, Epoch: 17, Loss: 0.0021, lr: 0.000700, Train: 0.6728, Valid: 0.2911, Test: 0.5323
Run: 03, Epoch: 18, Loss: 0.0019, lr: 0.000700, Train: 0.6736, Valid: 0.3008, Test: 0.5189
Run: 03, Epoch: 19, Loss: 0.0017, lr: 0.000700, Train: 0.6802, Valid: 0.3236, Test: 0.5177
Run: 03, Epoch: 20, Loss: 0.0016, lr: 0.000490, Train: 0.6996, Valid: 0.3675, Test: 0.5398
Run: 03, Epoch: 21, Loss: 0.0015, lr: 0.000490, Train: 0.7161, Valid: 0.4081, Test: 0.5609
Run: 03, Epoch: 22, Loss: 0.0014, lr: 0.000490, Train: 0.7295, Valid: 0.4419, Test: 0.5792
Run: 03, Epoch: 23, Loss: 0.0013, lr: 0.000490, Train: 0.7398, Valid: 0.4682, Test: 0.5930
Run: 03, Epoch: 24, Loss: 0.0012, lr: 0.000490, Train: 0.7482, Valid: 0.4878, Test: 0.6038
Run: 03, Epoch: 25, Loss: 0.0011, lr: 0.000490, Train: 0.7557, Valid: 0.5044, Test: 0.6140
Run: 03, Epoch: 26, Loss: 0.0011, lr: 0.000343, Train: 0.7739, Valid: 0.5363, Test: 0.6382
Run: 03, Epoch: 27, Loss: 0.0010, lr: 0.000343, Train: 0.7912, Valid: 0.5661, Test: 0.6609
Run: 03, Epoch: 28, Loss: 0.0010, lr: 0.000343, Train: 0.8087, Valid: 0.5952, Test: 0.6833
Run: 03, Epoch: 29, Loss: 0.0009, lr: 0.000343, Train: 0.8268, Valid: 0.6239, Test: 0.7054
Run: 03, Epoch: 30, Loss: 0.0009, lr: 0.000343, Train: 0.8446, Valid: 0.6512, Test: 0.7264
Run: 03, Epoch: 31, Loss: 0.0009, lr: 0.000343, Train: 0.8618, Valid: 0.6766, Test: 0.7464
Run: 03, Epoch: 32, Loss: 0.0008, lr: 0.000343, Train: 0.8782, Valid: 0.7004, Test: 0.7660
Run: 03, Epoch: 33, Loss: 0.0008, lr: 0.000343, Train: 0.8935, Valid: 0.7226, Test: 0.7854
Run: 03, Epoch: 34, Loss: 0.0007, lr: 0.000343, Train: 0.9079, Valid: 0.7433, Test: 0.8044
Run: 03, Epoch: 35, Loss: 0.0007, lr: 0.000343, Train: 0.9209, Valid: 0.7615, Test: 0.8223
Run: 03, Epoch: 36, Loss: 0.0007, lr: 0.000343, Train: 0.9325, Valid: 0.7770, Test: 0.8387
Run: 03, Epoch: 37, Loss: 0.0007, lr: 0.000343, Train: 0.9426, Valid: 0.7901, Test: 0.8530
Run: 03, Epoch: 38, Loss: 0.0006, lr: 0.000343, Train: 0.9511, Valid: 0.8008, Test: 0.8650
Run: 03, Epoch: 39, Loss: 0.0006, lr: 0.000343, Train: 0.9582, Valid: 0.8096, Test: 0.8748
Run: 03, Epoch: 40, Loss: 0.0006, lr: 0.000343, Train: 0.9644, Valid: 0.8167, Test: 0.8829
Run: 03, Epoch: 41, Loss: 0.0005, lr: 0.000343, Train: 0.9695, Valid: 0.8225, Test: 0.8896
Run: 03, Epoch: 42, Loss: 0.0005, lr: 0.000343, Train: 0.9738, Valid: 0.8269, Test: 0.8951
Run: 03, Epoch: 43, Loss: 0.0005, lr: 0.000343, Train: 0.9771, Valid: 0.8300, Test: 0.8996
Run: 03, Epoch: 44, Loss: 0.0005, lr: 0.000343, Train: 0.9795, Valid: 0.8321, Test: 0.9032
Run: 03, Epoch: 45, Loss: 0.0005, lr: 0.000343, Train: 0.9814, Valid: 0.8333, Test: 0.9060
Run: 03, Epoch: 46, Loss: 0.0004, lr: 0.000343, Train: 0.9826, Valid: 0.8338, Test: 0.9082
Run: 03, Epoch: 47, Loss: 0.0004, lr: 0.000343, Train: 0.9836, Valid: 0.8339, Test: 0.9098
Run: 03, Epoch: 48, Loss: 0.0004, lr: 0.000343, Train: 0.9843, Valid: 0.8340, Test: 0.9110
Run: 03, Epoch: 49, Loss: 0.0004, lr: 0.000343, Train: 0.9848, Valid: 0.8339, Test: 0.9117
Run: 03, Epoch: 50, Loss: 0.0004, lr: 0.000343, Train: 0.9850, Valid: 0.8338, Test: 0.9119
Run: 03, Epoch: 51, Loss: 0.0003, lr: 0.000343, Train: 0.9851, Valid: 0.8338, Test: 0.9116
Run: 03, Epoch: 52, Loss: 0.0003, lr: 0.000343, Train: 0.9849, Valid: 0.8336, Test: 0.9107
Run: 03, Epoch: 53, Loss: 0.0003, lr: 0.000343, Train: 0.9847, Valid: 0.8334, Test: 0.9095
Run: 03, Epoch: 54, Loss: 0.0003, lr: 0.000240, Train: 0.9849, Valid: 0.8346, Test: 0.9090
Run: 03, Epoch: 55, Loss: 0.0003, lr: 0.000240, Train: 0.9851, Valid: 0.8357, Test: 0.9085
Run: 03, Epoch: 56, Loss: 0.0003, lr: 0.000240, Train: 0.9853, Valid: 0.8369, Test: 0.9080
Run: 03, Epoch: 57, Loss: 0.0003, lr: 0.000240, Train: 0.9856, Valid: 0.8381, Test: 0.9076
Run: 03, Epoch: 58, Loss: 0.0003, lr: 0.000240, Train: 0.9859, Valid: 0.8393, Test: 0.9074
Run: 03, Epoch: 59, Loss: 0.0002, lr: 0.000240, Train: 0.9862, Valid: 0.8405, Test: 0.9073
Run: 03, Epoch: 60, Loss: 0.0002, lr: 0.000240, Train: 0.9866, Valid: 0.8418, Test: 0.9074
Run: 03, Epoch: 61, Loss: 0.0002, lr: 0.000240, Train: 0.9870, Valid: 0.8429, Test: 0.9074
Run: 03, Epoch: 62, Loss: 0.0002, lr: 0.000240, Train: 0.9874, Valid: 0.8438, Test: 0.9075
Run: 03, Epoch: 63, Loss: 0.0002, lr: 0.000240, Train: 0.9878, Valid: 0.8446, Test: 0.9075
Run: 03, Epoch: 64, Loss: 0.0002, lr: 0.000240, Train: 0.9881, Valid: 0.8451, Test: 0.9074
Run: 03, Epoch: 65, Loss: 0.0002, lr: 0.000240, Train: 0.9883, Valid: 0.8455, Test: 0.9072
Run: 03, Epoch: 66, Loss: 0.0002, lr: 0.000240, Train: 0.9885, Valid: 0.8457, Test: 0.9069
Run: 03, Epoch: 67, Loss: 0.0002, lr: 0.000240, Train: 0.9886, Valid: 0.8457, Test: 0.9066
Run: 03, Epoch: 68, Loss: 0.0002, lr: 0.000240, Train: 0.9888, Valid: 0.8456, Test: 0.9062
Run: 03, Epoch: 69, Loss: 0.0002, lr: 0.000240, Train: 0.9889, Valid: 0.8453, Test: 0.9059
Run: 03, Epoch: 70, Loss: 0.0002, lr: 0.000240, Train: 0.9890, Valid: 0.8449, Test: 0.9056
Run: 03, Epoch: 71, Loss: 0.0001, lr: 0.000240, Train: 0.9891, Valid: 0.8446, Test: 0.9055
Run: 03, Epoch: 72, Loss: 0.0001, lr: 0.000240, Train: 0.9892, Valid: 0.8445, Test: 0.9056
Run: 03, Epoch: 73, Loss: 0.0001, lr: 0.000168, Train: 0.9898, Valid: 0.8457, Test: 0.9062
Run: 03, Epoch: 74, Loss: 0.0001, lr: 0.000168, Train: 0.9903, Valid: 0.8469, Test: 0.9068
Run: 03, Epoch: 75, Loss: 0.0001, lr: 0.000168, Train: 0.9908, Valid: 0.8481, Test: 0.9073
Run: 03, Epoch: 76, Loss: 0.0001, lr: 0.000168, Train: 0.9913, Valid: 0.8493, Test: 0.9078
Run: 03, Epoch: 77, Loss: 0.0001, lr: 0.000168, Train: 0.9917, Valid: 0.8504, Test: 0.9081
Run: 03, Epoch: 78, Loss: 0.0001, lr: 0.000168, Train: 0.9920, Valid: 0.8516, Test: 0.9084
Run: 03, Epoch: 79, Loss: 0.0001, lr: 0.000168, Train: 0.9924, Valid: 0.8526, Test: 0.9087
Run: 03, Epoch: 80, Loss: 0.0001, lr: 0.000168, Train: 0.9927, Valid: 0.8537, Test: 0.9090
Run: 03, Epoch: 81, Loss: 0.0001, lr: 0.000168, Train: 0.9931, Valid: 0.8547, Test: 0.9095
Run: 03, Epoch: 82, Loss: 0.0001, lr: 0.000168, Train: 0.9934, Valid: 0.8555, Test: 0.9100
Run: 03, Epoch: 83, Loss: 0.0001, lr: 0.000168, Train: 0.9938, Valid: 0.8562, Test: 0.9106
Run: 03, Epoch: 84, Loss: 0.0001, lr: 0.000168, Train: 0.9941, Valid: 0.8569, Test: 0.9111
Run: 03, Epoch: 85, Loss: 0.0001, lr: 0.000168, Train: 0.9943, Valid: 0.8576, Test: 0.9115
Run: 03, Epoch: 86, Loss: 0.0001, lr: 0.000168, Train: 0.9946, Valid: 0.8585, Test: 0.9118
Run: 03, Epoch: 87, Loss: 0.0001, lr: 0.000168, Train: 0.9948, Valid: 0.8594, Test: 0.9122
Run: 03, Epoch: 88, Loss: 0.0001, lr: 0.000168, Train: 0.9951, Valid: 0.8603, Test: 0.9125
Run: 03, Epoch: 89, Loss: 0.0001, lr: 0.000168, Train: 0.9953, Valid: 0.8611, Test: 0.9128
Run: 03, Epoch: 90, Loss: 0.0001, lr: 0.000168, Train: 0.9955, Valid: 0.8618, Test: 0.9130
Run: 03, Epoch: 91, Loss: 0.0001, lr: 0.000168, Train: 0.9956, Valid: 0.8622, Test: 0.9131
Run: 03, Epoch: 92, Loss: 0.0001, lr: 0.000168, Train: 0.9958, Valid: 0.8624, Test: 0.9133
Run: 03, Epoch: 93, Loss: 0.0001, lr: 0.000168, Train: 0.9959, Valid: 0.8625, Test: 0.9135
Run: 03, Epoch: 94, Loss: 0.0001, lr: 0.000168, Train: 0.9960, Valid: 0.8624, Test: 0.9137
Run: 03, Epoch: 95, Loss: 0.0001, lr: 0.000168, Train: 0.9962, Valid: 0.8623, Test: 0.9138
Run: 03, Epoch: 96, Loss: 0.0001, lr: 0.000168, Train: 0.9963, Valid: 0.8623, Test: 0.9140
Run: 03, Epoch: 97, Loss: 0.0001, lr: 0.000168, Train: 0.9964, Valid: 0.8623, Test: 0.9141
Run: 03, Epoch: 98, Loss: 0.0001, lr: 0.000168, Train: 0.9965, Valid: 0.8625, Test: 0.9142
Run: 03, Epoch: 99, Loss: 0.0001, lr: 0.000118, Train: 0.9966, Valid: 0.8629, Test: 0.9143
Run: 03, Epoch: 100, Loss: 0.0001, lr: 0.000118, Train: 0.9968, Valid: 0.8634, Test: 0.9145
Run 03:
Highest Train: 1.00
Highest Valid: 0.86
  Final Train: 1.00
   Final Test: 0.91
Run: 04, Epoch: 01, Loss: 0.0400, lr: 0.001000, Train: 0.4180, Valid: 0.3445, Test: 0.3456
Run: 04, Epoch: 02, Loss: 0.0076, lr: 0.001000, Train: 0.6453, Valid: 0.5127, Test: 0.5134
Run: 04, Epoch: 03, Loss: 0.0081, lr: 0.001000, Train: 0.7085, Valid: 0.5068, Test: 0.5551
Run: 04, Epoch: 04, Loss: 0.0075, lr: 0.001000, Train: 0.7163, Valid: 0.4662, Test: 0.5618
Run: 04, Epoch: 05, Loss: 0.0060, lr: 0.001000, Train: 0.7156, Valid: 0.4429, Test: 0.5716
Run: 04, Epoch: 06, Loss: 0.0043, lr: 0.001000, Train: 0.7228, Valid: 0.4574, Test: 0.5951
Run: 04, Epoch: 07, Loss: 0.0031, lr: 0.001000, Train: 0.7338, Valid: 0.4927, Test: 0.6192
Run: 04, Epoch: 08, Loss: 0.0027, lr: 0.001000, Train: 0.7409, Valid: 0.5157, Test: 0.6289
Run: 04, Epoch: 09, Loss: 0.0028, lr: 0.001000, Train: 0.7431, Valid: 0.5224, Test: 0.6221
Run: 04, Epoch: 10, Loss: 0.0030, lr: 0.001000, Train: 0.7401, Valid: 0.5140, Test: 0.6039
Run: 04, Epoch: 11, Loss: 0.0030, lr: 0.001000, Train: 0.7377, Valid: 0.4986, Test: 0.5839
Run: 04, Epoch: 12, Loss: 0.0027, lr: 0.001000, Train: 0.7377, Valid: 0.4824, Test: 0.5681
Run: 04, Epoch: 13, Loss: 0.0023, lr: 0.001000, Train: 0.7384, Valid: 0.4631, Test: 0.5560
Run: 04, Epoch: 14, Loss: 0.0018, lr: 0.001000, Train: 0.7410, Valid: 0.4397, Test: 0.5498
Run: 04, Epoch: 15, Loss: 0.0015, lr: 0.001000, Train: 0.7447, Valid: 0.4142, Test: 0.5484
Run: 04, Epoch: 16, Loss: 0.0013, lr: 0.000700, Train: 0.7604, Valid: 0.4228, Test: 0.5703
Run: 04, Epoch: 17, Loss: 0.0013, lr: 0.000700, Train: 0.7771, Valid: 0.4411, Test: 0.5947
Run: 04, Epoch: 18, Loss: 0.0012, lr: 0.000700, Train: 0.7960, Valid: 0.4717, Test: 0.6231
Run: 04, Epoch: 19, Loss: 0.0011, lr: 0.000700, Train: 0.8180, Valid: 0.5171, Test: 0.6557
Run: 04, Epoch: 20, Loss: 0.0010, lr: 0.000700, Train: 0.8399, Valid: 0.5678, Test: 0.6879
Run: 04, Epoch: 21, Loss: 0.0009, lr: 0.000700, Train: 0.8582, Valid: 0.6146, Test: 0.7147
Run: 04, Epoch: 22, Loss: 0.0008, lr: 0.000700, Train: 0.8727, Valid: 0.6543, Test: 0.7362
Run: 04, Epoch: 23, Loss: 0.0008, lr: 0.000700, Train: 0.8829, Valid: 0.6848, Test: 0.7515
Run: 04, Epoch: 24, Loss: 0.0007, lr: 0.000700, Train: 0.8885, Valid: 0.7044, Test: 0.7606
Run: 04, Epoch: 25, Loss: 0.0006, lr: 0.000700, Train: 0.8897, Valid: 0.7139, Test: 0.7643
Run: 04, Epoch: 26, Loss: 0.0006, lr: 0.000700, Train: 0.8869, Valid: 0.7136, Test: 0.7627
Run: 04, Epoch: 27, Loss: 0.0005, lr: 0.000700, Train: 0.8809, Valid: 0.7052, Test: 0.7570
Run: 04, Epoch: 28, Loss: 0.0005, lr: 0.000700, Train: 0.8726, Valid: 0.6905, Test: 0.7480
Run: 04, Epoch: 29, Loss: 0.0004, lr: 0.000700, Train: 0.8637, Valid: 0.6736, Test: 0.7376
Run: 04, Epoch: 30, Loss: 0.0004, lr: 0.000700, Train: 0.8558, Valid: 0.6595, Test: 0.7277
Run: 04, Epoch: 31, Loss: 0.0004, lr: 0.000700, Train: 0.8502, Valid: 0.6513, Test: 0.7208
Run: 04, Epoch: 32, Loss: 0.0004, lr: 0.000490, Train: 0.8575, Valid: 0.6661, Test: 0.7316
Run: 04, Epoch: 33, Loss: 0.0003, lr: 0.000490, Train: 0.8672, Valid: 0.6852, Test: 0.7458
Run: 04, Epoch: 34, Loss: 0.0003, lr: 0.000490, Train: 0.8793, Valid: 0.7085, Test: 0.7639
Run: 04, Epoch: 35, Loss: 0.0003, lr: 0.000490, Train: 0.8930, Valid: 0.7342, Test: 0.7847
Run: 04, Epoch: 36, Loss: 0.0003, lr: 0.000490, Train: 0.9072, Valid: 0.7606, Test: 0.8067
Run: 04, Epoch: 37, Loss: 0.0003, lr: 0.000490, Train: 0.9206, Valid: 0.7857, Test: 0.8272
Run: 04, Epoch: 38, Loss: 0.0003, lr: 0.000490, Train: 0.9326, Valid: 0.8083, Test: 0.8455
Run: 04, Epoch: 39, Loss: 0.0002, lr: 0.000490, Train: 0.9428, Valid: 0.8277, Test: 0.8609
Run: 04, Epoch: 40, Loss: 0.0002, lr: 0.000490, Train: 0.9509, Valid: 0.8435, Test: 0.8731
Run: 04, Epoch: 41, Loss: 0.0002, lr: 0.000490, Train: 0.9569, Valid: 0.8557, Test: 0.8820
Run: 04, Epoch: 42, Loss: 0.0002, lr: 0.000490, Train: 0.9610, Valid: 0.8638, Test: 0.8878
Run: 04, Epoch: 43, Loss: 0.0002, lr: 0.000490, Train: 0.9631, Valid: 0.8683, Test: 0.8909
Run: 04, Epoch: 44, Loss: 0.0002, lr: 0.000490, Train: 0.9637, Valid: 0.8699, Test: 0.8920
Run: 04, Epoch: 45, Loss: 0.0002, lr: 0.000490, Train: 0.9629, Valid: 0.8691, Test: 0.8915
Run: 04, Epoch: 46, Loss: 0.0002, lr: 0.000490, Train: 0.9614, Valid: 0.8670, Test: 0.8901
Run: 04, Epoch: 47, Loss: 0.0002, lr: 0.000490, Train: 0.9594, Valid: 0.8644, Test: 0.8882
Run: 04, Epoch: 48, Loss: 0.0001, lr: 0.000490, Train: 0.9576, Valid: 0.8623, Test: 0.8866
Run: 04, Epoch: 49, Loss: 0.0001, lr: 0.000490, Train: 0.9564, Valid: 0.8617, Test: 0.8858
Run: 04, Epoch: 50, Loss: 0.0001, lr: 0.000490, Train: 0.9562, Valid: 0.8628, Test: 0.8861
Run: 04, Epoch: 51, Loss: 0.0001, lr: 0.000343, Train: 0.9592, Valid: 0.8691, Test: 0.8899
Run: 04, Epoch: 52, Loss: 0.0001, lr: 0.000343, Train: 0.9623, Valid: 0.8757, Test: 0.8938
Run: 04, Epoch: 53, Loss: 0.0001, lr: 0.000343, Train: 0.9655, Valid: 0.8821, Test: 0.8976
Run: 04, Epoch: 54, Loss: 0.0001, lr: 0.000343, Train: 0.9686, Valid: 0.8881, Test: 0.9011
Run: 04, Epoch: 55, Loss: 0.0001, lr: 0.000343, Train: 0.9713, Valid: 0.8932, Test: 0.9041
Run: 04, Epoch: 56, Loss: 0.0001, lr: 0.000343, Train: 0.9735, Valid: 0.8974, Test: 0.9064
Run: 04, Epoch: 57, Loss: 0.0001, lr: 0.000343, Train: 0.9751, Valid: 0.9005, Test: 0.9081
Run: 04, Epoch: 58, Loss: 0.0001, lr: 0.000343, Train: 0.9762, Valid: 0.9027, Test: 0.9093
Run: 04, Epoch: 59, Loss: 0.0001, lr: 0.000343, Train: 0.9770, Valid: 0.9044, Test: 0.9100
Run: 04, Epoch: 60, Loss: 0.0001, lr: 0.000343, Train: 0.9776, Valid: 0.9057, Test: 0.9105
Run: 04, Epoch: 61, Loss: 0.0001, lr: 0.000343, Train: 0.9782, Valid: 0.9069, Test: 0.9108
Run: 04, Epoch: 62, Loss: 0.0001, lr: 0.000343, Train: 0.9788, Valid: 0.9084, Test: 0.9113
Run: 04, Epoch: 63, Loss: 0.0001, lr: 0.000343, Train: 0.9796, Valid: 0.9100, Test: 0.9119
Run: 04, Epoch: 64, Loss: 0.0001, lr: 0.000343, Train: 0.9806, Valid: 0.9121, Test: 0.9127
Run: 04, Epoch: 65, Loss: 0.0001, lr: 0.000343, Train: 0.9817, Valid: 0.9143, Test: 0.9137
Run: 04, Epoch: 66, Loss: 0.0001, lr: 0.000343, Train: 0.9830, Valid: 0.9168, Test: 0.9148
Run: 04, Epoch: 67, Loss: 0.0001, lr: 0.000343, Train: 0.9843, Valid: 0.9192, Test: 0.9159
Run: 04, Epoch: 68, Loss: 0.0001, lr: 0.000343, Train: 0.9855, Valid: 0.9216, Test: 0.9170
Run: 04, Epoch: 69, Loss: 0.0001, lr: 0.000343, Train: 0.9867, Valid: 0.9236, Test: 0.9180
Run: 04, Epoch: 70, Loss: 0.0001, lr: 0.000343, Train: 0.9877, Valid: 0.9255, Test: 0.9189
Run: 04, Epoch: 71, Loss: 0.0001, lr: 0.000343, Train: 0.9886, Valid: 0.9271, Test: 0.9197
Run: 04, Epoch: 72, Loss: 0.0001, lr: 0.000343, Train: 0.9894, Valid: 0.9285, Test: 0.9204
Run: 04, Epoch: 73, Loss: 0.0001, lr: 0.000343, Train: 0.9900, Valid: 0.9297, Test: 0.9210
Run: 04, Epoch: 74, Loss: 0.0001, lr: 0.000343, Train: 0.9906, Valid: 0.9308, Test: 0.9215
Run: 04, Epoch: 75, Loss: 0.0001, lr: 0.000343, Train: 0.9912, Valid: 0.9318, Test: 0.9221
Run: 04, Epoch: 76, Loss: 0.0001, lr: 0.000343, Train: 0.9917, Valid: 0.9327, Test: 0.9226
Run: 04, Epoch: 77, Loss: 0.0001, lr: 0.000343, Train: 0.9922, Valid: 0.9336, Test: 0.9230
Run: 04, Epoch: 78, Loss: 0.0001, lr: 0.000343, Train: 0.9927, Valid: 0.9345, Test: 0.9234
Run: 04, Epoch: 79, Loss: 0.0001, lr: 0.000343, Train: 0.9931, Valid: 0.9352, Test: 0.9238
Run: 04, Epoch: 80, Loss: 0.0001, lr: 0.000343, Train: 0.9935, Valid: 0.9359, Test: 0.9241
Run: 04, Epoch: 81, Loss: 0.0001, lr: 0.000343, Train: 0.9939, Valid: 0.9365, Test: 0.9243
Run: 04, Epoch: 82, Loss: 0.0001, lr: 0.000343, Train: 0.9941, Valid: 0.9371, Test: 0.9245
Run: 04, Epoch: 83, Loss: 0.0001, lr: 0.000343, Train: 0.9944, Valid: 0.9375, Test: 0.9247
Run: 04, Epoch: 84, Loss: 0.0001, lr: 0.000343, Train: 0.9946, Valid: 0.9379, Test: 0.9248
Run: 04, Epoch: 85, Loss: 0.0001, lr: 0.000343, Train: 0.9948, Valid: 0.9383, Test: 0.9249
Run: 04, Epoch: 86, Loss: 0.0001, lr: 0.000343, Train: 0.9950, Valid: 0.9387, Test: 0.9251
Run: 04, Epoch: 87, Loss: 0.0001, lr: 0.000343, Train: 0.9952, Valid: 0.9391, Test: 0.9252
Run: 04, Epoch: 88, Loss: 0.0001, lr: 0.000343, Train: 0.9955, Valid: 0.9395, Test: 0.9254
Run: 04, Epoch: 89, Loss: 0.0001, lr: 0.000343, Train: 0.9957, Valid: 0.9399, Test: 0.9255
Run: 04, Epoch: 90, Loss: 0.0001, lr: 0.000343, Train: 0.9959, Valid: 0.9403, Test: 0.9256
Run: 04, Epoch: 91, Loss: 0.0001, lr: 0.000343, Train: 0.9961, Valid: 0.9407, Test: 0.9256
Run: 04, Epoch: 92, Loss: 0.0001, lr: 0.000343, Train: 0.9962, Valid: 0.9410, Test: 0.9257
Run: 04, Epoch: 93, Loss: 0.0001, lr: 0.000343, Train: 0.9963, Valid: 0.9413, Test: 0.9257
Run: 04, Epoch: 94, Loss: 0.0000, lr: 0.000343, Train: 0.9964, Valid: 0.9415, Test: 0.9256
Run: 04, Epoch: 95, Loss: 0.0000, lr: 0.000343, Train: 0.9964, Valid: 0.9417, Test: 0.9256
Run: 04, Epoch: 96, Loss: 0.0000, lr: 0.000343, Train: 0.9965, Valid: 0.9418, Test: 0.9256
Run: 04, Epoch: 97, Loss: 0.0000, lr: 0.000343, Train: 0.9966, Valid: 0.9420, Test: 0.9255
Run: 04, Epoch: 98, Loss: 0.0000, lr: 0.000343, Train: 0.9967, Valid: 0.9422, Test: 0.9255
Run: 04, Epoch: 99, Loss: 0.0000, lr: 0.000343, Train: 0.9969, Valid: 0.9424, Test: 0.9255
Run: 04, Epoch: 100, Loss: 0.0000, lr: 0.000343, Train: 0.9970, Valid: 0.9426, Test: 0.9254
Run 04:
Highest Train: 1.00
Highest Valid: 0.94
  Final Train: 1.00
   Final Test: 0.93
Run: 05, Epoch: 01, Loss: 0.0213, lr: 0.001000, Train: 0.5707, Valid: 0.6687, Test: 0.4818
Run: 05, Epoch: 02, Loss: 0.0085, lr: 0.001000, Train: 0.7282, Valid: 0.7834, Test: 0.6046
Run: 05, Epoch: 03, Loss: 0.0081, lr: 0.001000, Train: 0.7467, Valid: 0.7512, Test: 0.6097
Run: 05, Epoch: 04, Loss: 0.0068, lr: 0.001000, Train: 0.7134, Valid: 0.6721, Test: 0.5778
Run: 05, Epoch: 05, Loss: 0.0052, lr: 0.001000, Train: 0.6761, Valid: 0.6029, Test: 0.5500
Run: 05, Epoch: 06, Loss: 0.0040, lr: 0.001000, Train: 0.6560, Valid: 0.5646, Test: 0.5309
Run: 05, Epoch: 07, Loss: 0.0033, lr: 0.001000, Train: 0.6446, Valid: 0.5374, Test: 0.5085
Run: 05, Epoch: 08, Loss: 0.0030, lr: 0.001000, Train: 0.6275, Valid: 0.4904, Test: 0.4674
Run: 05, Epoch: 09, Loss: 0.0030, lr: 0.000700, Train: 0.6148, Valid: 0.4478, Test: 0.4372
Run: 05, Epoch: 10, Loss: 0.0028, lr: 0.000700, Train: 0.5951, Valid: 0.3909, Test: 0.4041
Run: 05, Epoch: 11, Loss: 0.0023, lr: 0.000700, Train: 0.5692, Valid: 0.3256, Test: 0.3719
Run: 05, Epoch: 12, Loss: 0.0018, lr: 0.000700, Train: 0.5479, Valid: 0.2716, Test: 0.3521
Run: 05, Epoch: 13, Loss: 0.0015, lr: 0.000700, Train: 0.5413, Valid: 0.2462, Test: 0.3482
Run: 05, Epoch: 14, Loss: 0.0013, lr: 0.000700, Train: 0.5522, Valid: 0.2548, Test: 0.3597
Run: 05, Epoch: 15, Loss: 0.0012, lr: 0.000490, Train: 0.5883, Valid: 0.3077, Test: 0.3987
Run: 05, Epoch: 16, Loss: 0.0011, lr: 0.000490, Train: 0.6289, Valid: 0.3683, Test: 0.4416
Run: 05, Epoch: 17, Loss: 0.0011, lr: 0.000490, Train: 0.6696, Valid: 0.4266, Test: 0.4860
Run: 05, Epoch: 18, Loss: 0.0010, lr: 0.000490, Train: 0.7059, Valid: 0.4745, Test: 0.5272
Run: 05, Epoch: 19, Loss: 0.0009, lr: 0.000490, Train: 0.7356, Valid: 0.5106, Test: 0.5630
Run: 05, Epoch: 20, Loss: 0.0008, lr: 0.000490, Train: 0.7598, Valid: 0.5388, Test: 0.5945
Run: 05, Epoch: 21, Loss: 0.0007, lr: 0.000343, Train: 0.7848, Valid: 0.5739, Test: 0.6295
Run: 05, Epoch: 22, Loss: 0.0006, lr: 0.000343, Train: 0.8070, Valid: 0.6056, Test: 0.6619
Run: 05, Epoch: 23, Loss: 0.0006, lr: 0.000343, Train: 0.8280, Valid: 0.6362, Test: 0.6928
Run: 05, Epoch: 24, Loss: 0.0005, lr: 0.000343, Train: 0.8479, Valid: 0.6659, Test: 0.7217
Run: 05, Epoch: 25, Loss: 0.0005, lr: 0.000343, Train: 0.8660, Valid: 0.6933, Test: 0.7472
Run: 05, Epoch: 26, Loss: 0.0005, lr: 0.000343, Train: 0.8821, Valid: 0.7173, Test: 0.7687
Run: 05, Epoch: 27, Loss: 0.0004, lr: 0.000240, Train: 0.8967, Valid: 0.7398, Test: 0.7877
Run: 05, Epoch: 28, Loss: 0.0004, lr: 0.000240, Train: 0.9088, Valid: 0.7578, Test: 0.8031
Run: 05, Epoch: 29, Loss: 0.0004, lr: 0.000240, Train: 0.9186, Valid: 0.7717, Test: 0.8155
Run: 05, Epoch: 30, Loss: 0.0004, lr: 0.000240, Train: 0.9264, Valid: 0.7823, Test: 0.8254
Run: 05, Epoch: 31, Loss: 0.0004, lr: 0.000240, Train: 0.9326, Valid: 0.7899, Test: 0.8332
Run: 05, Epoch: 32, Loss: 0.0004, lr: 0.000240, Train: 0.9376, Valid: 0.7957, Test: 0.8395
Run: 05, Epoch: 33, Loss: 0.0003, lr: 0.000240, Train: 0.9420, Valid: 0.8008, Test: 0.8449
Run: 05, Epoch: 34, Loss: 0.0003, lr: 0.000240, Train: 0.9461, Valid: 0.8057, Test: 0.8499
Run: 05, Epoch: 35, Loss: 0.0003, lr: 0.000240, Train: 0.9500, Valid: 0.8113, Test: 0.8546
Run: 05, Epoch: 36, Loss: 0.0003, lr: 0.000240, Train: 0.9540, Valid: 0.8174, Test: 0.8591
Run: 05, Epoch: 37, Loss: 0.0003, lr: 0.000240, Train: 0.9578, Valid: 0.8241, Test: 0.8637
Run: 05, Epoch: 38, Loss: 0.0003, lr: 0.000240, Train: 0.9615, Valid: 0.8312, Test: 0.8681
Run: 05, Epoch: 39, Loss: 0.0002, lr: 0.000240, Train: 0.9650, Valid: 0.8381, Test: 0.8723
Run: 05, Epoch: 40, Loss: 0.0002, lr: 0.000240, Train: 0.9682, Valid: 0.8444, Test: 0.8763
Run: 05, Epoch: 41, Loss: 0.0002, lr: 0.000240, Train: 0.9710, Valid: 0.8497, Test: 0.8797
Run: 05, Epoch: 42, Loss: 0.0002, lr: 0.000240, Train: 0.9734, Valid: 0.8539, Test: 0.8827
Run: 05, Epoch: 43, Loss: 0.0002, lr: 0.000240, Train: 0.9755, Valid: 0.8570, Test: 0.8852
Run: 05, Epoch: 44, Loss: 0.0002, lr: 0.000240, Train: 0.9775, Valid: 0.8595, Test: 0.8874
Run: 05, Epoch: 45, Loss: 0.0002, lr: 0.000240, Train: 0.9793, Valid: 0.8616, Test: 0.8894
Run: 05, Epoch: 46, Loss: 0.0002, lr: 0.000240, Train: 0.9810, Valid: 0.8636, Test: 0.8913
Run: 05, Epoch: 47, Loss: 0.0002, lr: 0.000240, Train: 0.9828, Valid: 0.8657, Test: 0.8932
Run: 05, Epoch: 48, Loss: 0.0002, lr: 0.000240, Train: 0.9845, Valid: 0.8679, Test: 0.8951
Run: 05, Epoch: 49, Loss: 0.0002, lr: 0.000240, Train: 0.9862, Valid: 0.8702, Test: 0.8970
Run: 05, Epoch: 50, Loss: 0.0002, lr: 0.000240, Train: 0.9876, Valid: 0.8722, Test: 0.8987
Run: 05, Epoch: 51, Loss: 0.0002, lr: 0.000240, Train: 0.9889, Valid: 0.8739, Test: 0.9003
Run: 05, Epoch: 52, Loss: 0.0002, lr: 0.000240, Train: 0.9901, Valid: 0.8752, Test: 0.9016
Run: 05, Epoch: 53, Loss: 0.0001, lr: 0.000240, Train: 0.9911, Valid: 0.8762, Test: 0.9029
Run: 05, Epoch: 54, Loss: 0.0001, lr: 0.000240, Train: 0.9920, Valid: 0.8769, Test: 0.9041
Run: 05, Epoch: 55, Loss: 0.0001, lr: 0.000240, Train: 0.9928, Valid: 0.8774, Test: 0.9051
Run: 05, Epoch: 56, Loss: 0.0001, lr: 0.000240, Train: 0.9935, Valid: 0.8777, Test: 0.9061
Run: 05, Epoch: 57, Loss: 0.0001, lr: 0.000240, Train: 0.9941, Valid: 0.8779, Test: 0.9070
Run: 05, Epoch: 58, Loss: 0.0001, lr: 0.000240, Train: 0.9947, Valid: 0.8780, Test: 0.9078
Run: 05, Epoch: 59, Loss: 0.0001, lr: 0.000240, Train: 0.9951, Valid: 0.8780, Test: 0.9085
Run: 05, Epoch: 60, Loss: 0.0001, lr: 0.000240, Train: 0.9954, Valid: 0.8780, Test: 0.9090
Run: 05, Epoch: 61, Loss: 0.0001, lr: 0.000240, Train: 0.9957, Valid: 0.8779, Test: 0.9093
Run: 05, Epoch: 62, Loss: 0.0001, lr: 0.000240, Train: 0.9958, Valid: 0.8777, Test: 0.9095
Run: 05, Epoch: 63, Loss: 0.0001, lr: 0.000240, Train: 0.9960, Valid: 0.8775, Test: 0.9095
Run: 05, Epoch: 64, Loss: 0.0001, lr: 0.000240, Train: 0.9961, Valid: 0.8772, Test: 0.9095
Run: 05, Epoch: 65, Loss: 0.0001, lr: 0.000168, Train: 0.9962, Valid: 0.8769, Test: 0.9096
Run: 05, Epoch: 66, Loss: 0.0001, lr: 0.000168, Train: 0.9963, Valid: 0.8767, Test: 0.9096
Run: 05, Epoch: 67, Loss: 0.0001, lr: 0.000168, Train: 0.9964, Valid: 0.8764, Test: 0.9097
Run: 05, Epoch: 68, Loss: 0.0001, lr: 0.000168, Train: 0.9965, Valid: 0.8761, Test: 0.9098
Run: 05, Epoch: 69, Loss: 0.0001, lr: 0.000168, Train: 0.9967, Valid: 0.8758, Test: 0.9098
Run: 05, Epoch: 70, Loss: 0.0001, lr: 0.000168, Train: 0.9968, Valid: 0.8754, Test: 0.9099
Run: 05, Epoch: 71, Loss: 0.0001, lr: 0.000118, Train: 0.9969, Valid: 0.8750, Test: 0.9099
Run: 05, Epoch: 72, Loss: 0.0001, lr: 0.000118, Train: 0.9969, Valid: 0.8747, Test: 0.9100
Run: 05, Epoch: 73, Loss: 0.0001, lr: 0.000118, Train: 0.9970, Valid: 0.8743, Test: 0.9100
Run: 05, Epoch: 74, Loss: 0.0001, lr: 0.000118, Train: 0.9971, Valid: 0.8739, Test: 0.9100
Run: 05, Epoch: 75, Loss: 0.0001, lr: 0.000118, Train: 0.9971, Valid: 0.8735, Test: 0.9100
Run: 05, Epoch: 76, Loss: 0.0001, lr: 0.000118, Train: 0.9972, Valid: 0.8732, Test: 0.9100
Run: 05, Epoch: 77, Loss: 0.0001, lr: 0.000082, Train: 0.9972, Valid: 0.8729, Test: 0.9101
Run: 05, Epoch: 78, Loss: 0.0001, lr: 0.000082, Train: 0.9972, Valid: 0.8727, Test: 0.9101
Run: 05, Epoch: 79, Loss: 0.0001, lr: 0.000082, Train: 0.9973, Valid: 0.8726, Test: 0.9101
Run: 05, Epoch: 80, Loss: 0.0001, lr: 0.000082, Train: 0.9973, Valid: 0.8724, Test: 0.9101
Run: 05, Epoch: 81, Loss: 0.0001, lr: 0.000082, Train: 0.9973, Valid: 0.8723, Test: 0.9101
Run: 05, Epoch: 82, Loss: 0.0001, lr: 0.000082, Train: 0.9974, Valid: 0.8722, Test: 0.9102
Run: 05, Epoch: 83, Loss: 0.0001, lr: 0.000058, Train: 0.9974, Valid: 0.8721, Test: 0.9102
Run: 05, Epoch: 84, Loss: 0.0001, lr: 0.000058, Train: 0.9974, Valid: 0.8720, Test: 0.9102
Run: 05, Epoch: 85, Loss: 0.0001, lr: 0.000058, Train: 0.9974, Valid: 0.8720, Test: 0.9102
Run: 05, Epoch: 86, Loss: 0.0001, lr: 0.000058, Train: 0.9974, Valid: 0.8719, Test: 0.9102
Run: 05, Epoch: 87, Loss: 0.0001, lr: 0.000058, Train: 0.9974, Valid: 0.8718, Test: 0.9102
Run: 05, Epoch: 88, Loss: 0.0001, lr: 0.000058, Train: 0.9975, Valid: 0.8718, Test: 0.9102
Run: 05, Epoch: 89, Loss: 0.0001, lr: 0.000040, Train: 0.9975, Valid: 0.8717, Test: 0.9102
Run: 05, Epoch: 90, Loss: 0.0001, lr: 0.000040, Train: 0.9975, Valid: 0.8716, Test: 0.9102
Run: 05, Epoch: 91, Loss: 0.0001, lr: 0.000040, Train: 0.9975, Valid: 0.8715, Test: 0.9102
Run: 05, Epoch: 92, Loss: 0.0001, lr: 0.000040, Train: 0.9975, Valid: 0.8715, Test: 0.9101
Run: 05, Epoch: 93, Loss: 0.0001, lr: 0.000040, Train: 0.9975, Valid: 0.8714, Test: 0.9101
Run: 05, Epoch: 94, Loss: 0.0001, lr: 0.000040, Train: 0.9975, Valid: 0.8713, Test: 0.9101
Run: 05, Epoch: 95, Loss: 0.0001, lr: 0.000028, Train: 0.9975, Valid: 0.8713, Test: 0.9101
Run: 05, Epoch: 96, Loss: 0.0001, lr: 0.000028, Train: 0.9975, Valid: 0.8712, Test: 0.9100
Run: 05, Epoch: 97, Loss: 0.0001, lr: 0.000028, Train: 0.9975, Valid: 0.8712, Test: 0.9100
Run: 05, Epoch: 98, Loss: 0.0001, lr: 0.000028, Train: 0.9975, Valid: 0.8711, Test: 0.9100
Run: 05, Epoch: 99, Loss: 0.0001, lr: 0.000028, Train: 0.9975, Valid: 0.8710, Test: 0.9100
Run: 05, Epoch: 100, Loss: 0.0001, lr: 0.000028, Train: 0.9975, Valid: 0.8710, Test: 0.9099
Run 05:
Highest Train: 1.00
Highest Valid: 0.88
  Final Train: 1.00
   Final Test: 0.91
Run: 06, Epoch: 01, Loss: 0.0319, lr: 0.001000, Train: 0.4623, Valid: 0.4757, Test: 0.5058
Run: 06, Epoch: 02, Loss: 0.0071, lr: 0.001000, Train: 0.6363, Valid: 0.6659, Test: 0.6942
Run: 06, Epoch: 03, Loss: 0.0072, lr: 0.001000, Train: 0.6852, Valid: 0.6975, Test: 0.7514
Run: 06, Epoch: 04, Loss: 0.0071, lr: 0.001000, Train: 0.7084, Valid: 0.6890, Test: 0.7863
Run: 06, Epoch: 05, Loss: 0.0056, lr: 0.001000, Train: 0.7193, Valid: 0.6821, Test: 0.8076
Run: 06, Epoch: 06, Loss: 0.0042, lr: 0.001000, Train: 0.7207, Valid: 0.6799, Test: 0.8115
Run: 06, Epoch: 07, Loss: 0.0030, lr: 0.001000, Train: 0.7141, Valid: 0.6732, Test: 0.8014
Run: 06, Epoch: 08, Loss: 0.0024, lr: 0.001000, Train: 0.7167, Valid: 0.6762, Test: 0.7972
Run: 06, Epoch: 09, Loss: 0.0025, lr: 0.001000, Train: 0.7380, Valid: 0.6959, Test: 0.8110
Run: 06, Epoch: 10, Loss: 0.0025, lr: 0.000700, Train: 0.7673, Valid: 0.7206, Test: 0.8311
Run: 06, Epoch: 11, Loss: 0.0023, lr: 0.000700, Train: 0.7975, Valid: 0.7426, Test: 0.8489
Run: 06, Epoch: 12, Loss: 0.0021, lr: 0.000700, Train: 0.8209, Valid: 0.7570, Test: 0.8589
Run: 06, Epoch: 13, Loss: 0.0019, lr: 0.000700, Train: 0.8372, Valid: 0.7616, Test: 0.8601
Run: 06, Epoch: 14, Loss: 0.0017, lr: 0.000700, Train: 0.8471, Valid: 0.7579, Test: 0.8545
Run: 06, Epoch: 15, Loss: 0.0015, lr: 0.000700, Train: 0.8486, Valid: 0.7465, Test: 0.8413
Run: 06, Epoch: 16, Loss: 0.0013, lr: 0.000700, Train: 0.8402, Valid: 0.7282, Test: 0.8201
Run: 06, Epoch: 17, Loss: 0.0012, lr: 0.000700, Train: 0.8236, Valid: 0.7049, Test: 0.7936
Run: 06, Epoch: 18, Loss: 0.0011, lr: 0.000700, Train: 0.8029, Valid: 0.6805, Test: 0.7662
Run: 06, Epoch: 19, Loss: 0.0010, lr: 0.000700, Train: 0.7829, Valid: 0.6597, Test: 0.7426
Run: 06, Epoch: 20, Loss: 0.0010, lr: 0.000490, Train: 0.7834, Valid: 0.6674, Test: 0.7404
Run: 06, Epoch: 21, Loss: 0.0009, lr: 0.000490, Train: 0.7876, Valid: 0.6796, Test: 0.7427
Run: 06, Epoch: 22, Loss: 0.0008, lr: 0.000490, Train: 0.7945, Valid: 0.6949, Test: 0.7476
Run: 06, Epoch: 23, Loss: 0.0008, lr: 0.000490, Train: 0.8033, Valid: 0.7120, Test: 0.7540
Run: 06, Epoch: 24, Loss: 0.0007, lr: 0.000490, Train: 0.8135, Valid: 0.7306, Test: 0.7613
Run: 06, Epoch: 25, Loss: 0.0007, lr: 0.000490, Train: 0.8241, Valid: 0.7488, Test: 0.7687
Run: 06, Epoch: 26, Loss: 0.0006, lr: 0.000343, Train: 0.8406, Valid: 0.7724, Test: 0.7804
Run: 06, Epoch: 27, Loss: 0.0006, lr: 0.000343, Train: 0.8559, Valid: 0.7931, Test: 0.7909
Run: 06, Epoch: 28, Loss: 0.0006, lr: 0.000343, Train: 0.8707, Valid: 0.8111, Test: 0.8008
Run: 06, Epoch: 29, Loss: 0.0005, lr: 0.000343, Train: 0.8850, Valid: 0.8273, Test: 0.8105
Run: 06, Epoch: 30, Loss: 0.0005, lr: 0.000343, Train: 0.8992, Valid: 0.8423, Test: 0.8201
Run: 06, Epoch: 31, Loss: 0.0005, lr: 0.000343, Train: 0.9132, Valid: 0.8562, Test: 0.8296
Run: 06, Epoch: 32, Loss: 0.0004, lr: 0.000343, Train: 0.9263, Valid: 0.8689, Test: 0.8386
Run: 06, Epoch: 33, Loss: 0.0004, lr: 0.000343, Train: 0.9381, Valid: 0.8799, Test: 0.8465
Run: 06, Epoch: 34, Loss: 0.0004, lr: 0.000343, Train: 0.9480, Valid: 0.8888, Test: 0.8529
Run: 06, Epoch: 35, Loss: 0.0004, lr: 0.000343, Train: 0.9558, Valid: 0.8959, Test: 0.8578
Run: 06, Epoch: 36, Loss: 0.0004, lr: 0.000343, Train: 0.9618, Valid: 0.9012, Test: 0.8612
Run: 06, Epoch: 37, Loss: 0.0003, lr: 0.000343, Train: 0.9661, Valid: 0.9052, Test: 0.8633
Run: 06, Epoch: 38, Loss: 0.0003, lr: 0.000343, Train: 0.9689, Valid: 0.9081, Test: 0.8643
Run: 06, Epoch: 39, Loss: 0.0003, lr: 0.000343, Train: 0.9705, Valid: 0.9101, Test: 0.8644
Run: 06, Epoch: 40, Loss: 0.0003, lr: 0.000343, Train: 0.9710, Valid: 0.9112, Test: 0.8635
Run: 06, Epoch: 41, Loss: 0.0003, lr: 0.000343, Train: 0.9707, Valid: 0.9116, Test: 0.8620
Run: 06, Epoch: 42, Loss: 0.0003, lr: 0.000343, Train: 0.9701, Valid: 0.9120, Test: 0.8603
Run: 06, Epoch: 43, Loss: 0.0003, lr: 0.000343, Train: 0.9695, Valid: 0.9125, Test: 0.8587
Run: 06, Epoch: 44, Loss: 0.0002, lr: 0.000343, Train: 0.9692, Valid: 0.9134, Test: 0.8575
Run: 06, Epoch: 45, Loss: 0.0002, lr: 0.000343, Train: 0.9694, Valid: 0.9148, Test: 0.8567
Run: 06, Epoch: 46, Loss: 0.0002, lr: 0.000343, Train: 0.9700, Valid: 0.9165, Test: 0.8566
Run: 06, Epoch: 47, Loss: 0.0002, lr: 0.000343, Train: 0.9710, Valid: 0.9182, Test: 0.8570
Run: 06, Epoch: 48, Loss: 0.0002, lr: 0.000343, Train: 0.9725, Valid: 0.9199, Test: 0.8578
Run: 06, Epoch: 49, Loss: 0.0002, lr: 0.000343, Train: 0.9744, Valid: 0.9216, Test: 0.8589
Run: 06, Epoch: 50, Loss: 0.0002, lr: 0.000343, Train: 0.9763, Valid: 0.9230, Test: 0.8601
Run: 06, Epoch: 51, Loss: 0.0002, lr: 0.000343, Train: 0.9781, Valid: 0.9240, Test: 0.8612
Run: 06, Epoch: 52, Loss: 0.0002, lr: 0.000343, Train: 0.9797, Valid: 0.9247, Test: 0.8623
Run: 06, Epoch: 53, Loss: 0.0002, lr: 0.000343, Train: 0.9811, Valid: 0.9253, Test: 0.8631
Run: 06, Epoch: 54, Loss: 0.0001, lr: 0.000343, Train: 0.9822, Valid: 0.9257, Test: 0.8638
Run: 06, Epoch: 55, Loss: 0.0001, lr: 0.000343, Train: 0.9831, Valid: 0.9261, Test: 0.8644
Run: 06, Epoch: 56, Loss: 0.0001, lr: 0.000343, Train: 0.9840, Valid: 0.9267, Test: 0.8650
Run: 06, Epoch: 57, Loss: 0.0001, lr: 0.000343, Train: 0.9848, Valid: 0.9274, Test: 0.8655
Run: 06, Epoch: 58, Loss: 0.0001, lr: 0.000343, Train: 0.9855, Valid: 0.9282, Test: 0.8658
Run: 06, Epoch: 59, Loss: 0.0001, lr: 0.000343, Train: 0.9862, Valid: 0.9290, Test: 0.8660
Run: 06, Epoch: 60, Loss: 0.0001, lr: 0.000343, Train: 0.9868, Valid: 0.9296, Test: 0.8659
Run: 06, Epoch: 61, Loss: 0.0001, lr: 0.000343, Train: 0.9874, Valid: 0.9301, Test: 0.8657
Run: 06, Epoch: 62, Loss: 0.0001, lr: 0.000343, Train: 0.9880, Valid: 0.9306, Test: 0.8654
Run: 06, Epoch: 63, Loss: 0.0001, lr: 0.000343, Train: 0.9886, Valid: 0.9310, Test: 0.8651
Run: 06, Epoch: 64, Loss: 0.0001, lr: 0.000343, Train: 0.9893, Valid: 0.9315, Test: 0.8650
Run: 06, Epoch: 65, Loss: 0.0001, lr: 0.000343, Train: 0.9901, Valid: 0.9321, Test: 0.8650
Run: 06, Epoch: 66, Loss: 0.0001, lr: 0.000343, Train: 0.9908, Valid: 0.9327, Test: 0.8649
Run: 06, Epoch: 67, Loss: 0.0001, lr: 0.000343, Train: 0.9916, Valid: 0.9333, Test: 0.8649
Run: 06, Epoch: 68, Loss: 0.0001, lr: 0.000343, Train: 0.9922, Valid: 0.9340, Test: 0.8649
Run: 06, Epoch: 69, Loss: 0.0001, lr: 0.000343, Train: 0.9927, Valid: 0.9347, Test: 0.8647
Run: 06, Epoch: 70, Loss: 0.0001, lr: 0.000343, Train: 0.9932, Valid: 0.9354, Test: 0.8646
Run: 06, Epoch: 71, Loss: 0.0001, lr: 0.000343, Train: 0.9936, Valid: 0.9360, Test: 0.8643
Run: 06, Epoch: 72, Loss: 0.0001, lr: 0.000343, Train: 0.9939, Valid: 0.9366, Test: 0.8641
Run: 06, Epoch: 73, Loss: 0.0001, lr: 0.000343, Train: 0.9942, Valid: 0.9372, Test: 0.8638
Run: 06, Epoch: 74, Loss: 0.0001, lr: 0.000343, Train: 0.9945, Valid: 0.9377, Test: 0.8636
Run: 06, Epoch: 75, Loss: 0.0001, lr: 0.000343, Train: 0.9948, Valid: 0.9382, Test: 0.8634
Run: 06, Epoch: 76, Loss: 0.0001, lr: 0.000343, Train: 0.9951, Valid: 0.9386, Test: 0.8632
Run: 06, Epoch: 77, Loss: 0.0000, lr: 0.000343, Train: 0.9953, Valid: 0.9390, Test: 0.8629
Run: 06, Epoch: 78, Loss: 0.0000, lr: 0.000343, Train: 0.9955, Valid: 0.9393, Test: 0.8627
Run: 06, Epoch: 79, Loss: 0.0000, lr: 0.000343, Train: 0.9957, Valid: 0.9397, Test: 0.8625
Run: 06, Epoch: 80, Loss: 0.0000, lr: 0.000343, Train: 0.9959, Valid: 0.9401, Test: 0.8623
Run: 06, Epoch: 81, Loss: 0.0000, lr: 0.000343, Train: 0.9960, Valid: 0.9404, Test: 0.8620
Run: 06, Epoch: 82, Loss: 0.0000, lr: 0.000343, Train: 0.9962, Valid: 0.9408, Test: 0.8618
Run: 06, Epoch: 83, Loss: 0.0000, lr: 0.000343, Train: 0.9963, Valid: 0.9412, Test: 0.8615
Run: 06, Epoch: 84, Loss: 0.0000, lr: 0.000343, Train: 0.9964, Valid: 0.9416, Test: 0.8613
Run: 06, Epoch: 85, Loss: 0.0000, lr: 0.000343, Train: 0.9966, Valid: 0.9420, Test: 0.8610
Run: 06, Epoch: 86, Loss: 0.0000, lr: 0.000343, Train: 0.9967, Valid: 0.9424, Test: 0.8606
Run: 06, Epoch: 87, Loss: 0.0000, lr: 0.000343, Train: 0.9968, Valid: 0.9427, Test: 0.8603
Run: 06, Epoch: 88, Loss: 0.0000, lr: 0.000343, Train: 0.9969, Valid: 0.9431, Test: 0.8599
Run: 06, Epoch: 89, Loss: 0.0000, lr: 0.000343, Train: 0.9970, Valid: 0.9435, Test: 0.8596
Run: 06, Epoch: 90, Loss: 0.0000, lr: 0.000343, Train: 0.9971, Valid: 0.9438, Test: 0.8593
Run: 06, Epoch: 91, Loss: 0.0000, lr: 0.000343, Train: 0.9972, Valid: 0.9440, Test: 0.8589
Run: 06, Epoch: 92, Loss: 0.0000, lr: 0.000343, Train: 0.9972, Valid: 0.9443, Test: 0.8586
Run: 06, Epoch: 93, Loss: 0.0000, lr: 0.000343, Train: 0.9973, Valid: 0.9445, Test: 0.8583
Run: 06, Epoch: 94, Loss: 0.0000, lr: 0.000343, Train: 0.9974, Valid: 0.9447, Test: 0.8579
Run: 06, Epoch: 95, Loss: 0.0000, lr: 0.000343, Train: 0.9975, Valid: 0.9450, Test: 0.8576
Run: 06, Epoch: 96, Loss: 0.0000, lr: 0.000343, Train: 0.9976, Valid: 0.9452, Test: 0.8572
Run: 06, Epoch: 97, Loss: 0.0000, lr: 0.000343, Train: 0.9977, Valid: 0.9455, Test: 0.8568
Run: 06, Epoch: 98, Loss: 0.0000, lr: 0.000343, Train: 0.9978, Valid: 0.9457, Test: 0.8564
Run: 06, Epoch: 99, Loss: 0.0000, lr: 0.000343, Train: 0.9979, Valid: 0.9459, Test: 0.8560
Run: 06, Epoch: 100, Loss: 0.0000, lr: 0.000343, Train: 0.9979, Valid: 0.9461, Test: 0.8557
Run 06:
Highest Train: 1.00
Highest Valid: 0.95
  Final Train: 1.00
   Final Test: 0.86
Run: 07, Epoch: 01, Loss: 0.0519, lr: 0.001000, Train: 0.3811, Valid: 0.4679, Test: 0.2666
Run: 07, Epoch: 02, Loss: 0.0064, lr: 0.001000, Train: 0.6040, Valid: 0.6791, Test: 0.4644
Run: 07, Epoch: 03, Loss: 0.0051, lr: 0.001000, Train: 0.6946, Valid: 0.7600, Test: 0.5577
Run: 07, Epoch: 04, Loss: 0.0065, lr: 0.001000, Train: 0.7313, Valid: 0.7967, Test: 0.6140
Run: 07, Epoch: 05, Loss: 0.0063, lr: 0.001000, Train: 0.7422, Valid: 0.8093, Test: 0.6545
Run: 07, Epoch: 06, Loss: 0.0051, lr: 0.001000, Train: 0.7378, Valid: 0.8096, Test: 0.6840
Run: 07, Epoch: 07, Loss: 0.0038, lr: 0.001000, Train: 0.7225, Valid: 0.8020, Test: 0.6973
Run: 07, Epoch: 08, Loss: 0.0029, lr: 0.001000, Train: 0.7030, Valid: 0.7941, Test: 0.6961
Run: 07, Epoch: 09, Loss: 0.0024, lr: 0.001000, Train: 0.6835, Valid: 0.7828, Test: 0.6848
Run: 07, Epoch: 10, Loss: 0.0021, lr: 0.001000, Train: 0.6700, Valid: 0.7700, Test: 0.6703
Run: 07, Epoch: 11, Loss: 0.0019, lr: 0.001000, Train: 0.6701, Valid: 0.7643, Test: 0.6575
Run: 07, Epoch: 12, Loss: 0.0017, lr: 0.001000, Train: 0.6828, Valid: 0.7678, Test: 0.6607
Run: 07, Epoch: 13, Loss: 0.0015, lr: 0.000700, Train: 0.7100, Valid: 0.7837, Test: 0.6878
Run: 07, Epoch: 14, Loss: 0.0014, lr: 0.000700, Train: 0.7421, Valid: 0.8011, Test: 0.7269
Run: 07, Epoch: 15, Loss: 0.0012, lr: 0.000700, Train: 0.7743, Valid: 0.8204, Test: 0.7678
Run: 07, Epoch: 16, Loss: 0.0011, lr: 0.000700, Train: 0.8051, Valid: 0.8410, Test: 0.8033
Run: 07, Epoch: 17, Loss: 0.0009, lr: 0.000700, Train: 0.8342, Valid: 0.8611, Test: 0.8331
Run: 07, Epoch: 18, Loss: 0.0009, lr: 0.000700, Train: 0.8600, Valid: 0.8810, Test: 0.8554
Run: 07, Epoch: 19, Loss: 0.0008, lr: 0.000700, Train: 0.8817, Valid: 0.8998, Test: 0.8709
Run: 07, Epoch: 20, Loss: 0.0007, lr: 0.000700, Train: 0.8995, Valid: 0.9147, Test: 0.8822
Run: 07, Epoch: 21, Loss: 0.0007, lr: 0.000700, Train: 0.9133, Valid: 0.9247, Test: 0.8906
Run: 07, Epoch: 22, Loss: 0.0007, lr: 0.000700, Train: 0.9234, Valid: 0.9306, Test: 0.8976
Run: 07, Epoch: 23, Loss: 0.0006, lr: 0.000700, Train: 0.9296, Valid: 0.9336, Test: 0.9020
Run: 07, Epoch: 24, Loss: 0.0006, lr: 0.000700, Train: 0.9326, Valid: 0.9345, Test: 0.9035
Run: 07, Epoch: 25, Loss: 0.0005, lr: 0.000700, Train: 0.9343, Valid: 0.9342, Test: 0.9044
Run: 07, Epoch: 26, Loss: 0.0005, lr: 0.000700, Train: 0.9366, Valid: 0.9349, Test: 0.9061
Run: 07, Epoch: 27, Loss: 0.0005, lr: 0.000700, Train: 0.9407, Valid: 0.9376, Test: 0.9097
Run: 07, Epoch: 28, Loss: 0.0005, lr: 0.000700, Train: 0.9467, Valid: 0.9420, Test: 0.9150
Run: 07, Epoch: 29, Loss: 0.0004, lr: 0.000700, Train: 0.9524, Valid: 0.9458, Test: 0.9202
Run: 07, Epoch: 30, Loss: 0.0004, lr: 0.000700, Train: 0.9567, Valid: 0.9481, Test: 0.9239
Run: 07, Epoch: 31, Loss: 0.0004, lr: 0.000700, Train: 0.9589, Valid: 0.9489, Test: 0.9254
Run: 07, Epoch: 32, Loss: 0.0004, lr: 0.000700, Train: 0.9593, Valid: 0.9491, Test: 0.9248
Run: 07, Epoch: 33, Loss: 0.0003, lr: 0.000700, Train: 0.9591, Valid: 0.9498, Test: 0.9235
Run: 07, Epoch: 34, Loss: 0.0003, lr: 0.000700, Train: 0.9593, Valid: 0.9518, Test: 0.9225
Run: 07, Epoch: 35, Loss: 0.0003, lr: 0.000700, Train: 0.9610, Valid: 0.9554, Test: 0.9224
Run: 07, Epoch: 36, Loss: 0.0003, lr: 0.000700, Train: 0.9642, Valid: 0.9596, Test: 0.9237
Run: 07, Epoch: 37, Loss: 0.0003, lr: 0.000700, Train: 0.9688, Valid: 0.9636, Test: 0.9261
Run: 07, Epoch: 38, Loss: 0.0003, lr: 0.000700, Train: 0.9737, Valid: 0.9666, Test: 0.9288
Run: 07, Epoch: 39, Loss: 0.0002, lr: 0.000700, Train: 0.9781, Valid: 0.9683, Test: 0.9308
Run: 07, Epoch: 40, Loss: 0.0002, lr: 0.000700, Train: 0.9814, Valid: 0.9689, Test: 0.9318
Run: 07, Epoch: 41, Loss: 0.0002, lr: 0.000700, Train: 0.9841, Valid: 0.9687, Test: 0.9321
Run: 07, Epoch: 42, Loss: 0.0002, lr: 0.000700, Train: 0.9861, Valid: 0.9680, Test: 0.9319
Run: 07, Epoch: 43, Loss: 0.0002, lr: 0.000700, Train: 0.9875, Valid: 0.9667, Test: 0.9312
Run: 07, Epoch: 44, Loss: 0.0002, lr: 0.000700, Train: 0.9884, Valid: 0.9653, Test: 0.9303
Run: 07, Epoch: 45, Loss: 0.0002, lr: 0.000700, Train: 0.9888, Valid: 0.9642, Test: 0.9286
Run: 07, Epoch: 46, Loss: 0.0002, lr: 0.000700, Train: 0.9890, Valid: 0.9635, Test: 0.9275
Run: 07, Epoch: 47, Loss: 0.0002, lr: 0.000490, Train: 0.9896, Valid: 0.9631, Test: 0.9280
Run: 07, Epoch: 48, Loss: 0.0002, lr: 0.000490, Train: 0.9902, Valid: 0.9627, Test: 0.9296
Run: 07, Epoch: 49, Loss: 0.0002, lr: 0.000490, Train: 0.9908, Valid: 0.9623, Test: 0.9314
Run: 07, Epoch: 50, Loss: 0.0002, lr: 0.000490, Train: 0.9914, Valid: 0.9621, Test: 0.9327
Run: 07, Epoch: 51, Loss: 0.0001, lr: 0.000490, Train: 0.9921, Valid: 0.9620, Test: 0.9334
Run: 07, Epoch: 52, Loss: 0.0001, lr: 0.000490, Train: 0.9926, Valid: 0.9617, Test: 0.9337
Run: 07, Epoch: 53, Loss: 0.0001, lr: 0.000343, Train: 0.9932, Valid: 0.9614, Test: 0.9338
Run: 07, Epoch: 54, Loss: 0.0001, lr: 0.000343, Train: 0.9936, Valid: 0.9610, Test: 0.9338
Run: 07, Epoch: 55, Loss: 0.0001, lr: 0.000343, Train: 0.9940, Valid: 0.9604, Test: 0.9337
Run: 07, Epoch: 56, Loss: 0.0001, lr: 0.000343, Train: 0.9944, Valid: 0.9596, Test: 0.9334
Run: 07, Epoch: 57, Loss: 0.0001, lr: 0.000343, Train: 0.9947, Valid: 0.9588, Test: 0.9329
Run: 07, Epoch: 58, Loss: 0.0001, lr: 0.000343, Train: 0.9950, Valid: 0.9579, Test: 0.9321
Run: 07, Epoch: 59, Loss: 0.0001, lr: 0.000240, Train: 0.9952, Valid: 0.9573, Test: 0.9314
Run: 07, Epoch: 60, Loss: 0.0001, lr: 0.000240, Train: 0.9954, Valid: 0.9567, Test: 0.9307
Run: 07, Epoch: 61, Loss: 0.0001, lr: 0.000240, Train: 0.9956, Valid: 0.9562, Test: 0.9299
Run: 07, Epoch: 62, Loss: 0.0001, lr: 0.000240, Train: 0.9958, Valid: 0.9559, Test: 0.9293
Run: 07, Epoch: 63, Loss: 0.0001, lr: 0.000240, Train: 0.9960, Valid: 0.9559, Test: 0.9288
Run: 07, Epoch: 64, Loss: 0.0001, lr: 0.000240, Train: 0.9961, Valid: 0.9559, Test: 0.9284
Run: 07, Epoch: 65, Loss: 0.0001, lr: 0.000168, Train: 0.9963, Valid: 0.9561, Test: 0.9282
Run: 07, Epoch: 66, Loss: 0.0001, lr: 0.000168, Train: 0.9964, Valid: 0.9564, Test: 0.9280
Run: 07, Epoch: 67, Loss: 0.0001, lr: 0.000168, Train: 0.9965, Valid: 0.9566, Test: 0.9279
Run: 07, Epoch: 68, Loss: 0.0001, lr: 0.000168, Train: 0.9966, Valid: 0.9567, Test: 0.9278
Run: 07, Epoch: 69, Loss: 0.0001, lr: 0.000168, Train: 0.9967, Valid: 0.9568, Test: 0.9278
Run: 07, Epoch: 70, Loss: 0.0001, lr: 0.000168, Train: 0.9968, Valid: 0.9568, Test: 0.9277
Run: 07, Epoch: 71, Loss: 0.0001, lr: 0.000118, Train: 0.9968, Valid: 0.9568, Test: 0.9276
Run: 07, Epoch: 72, Loss: 0.0001, lr: 0.000118, Train: 0.9969, Valid: 0.9568, Test: 0.9276
Run: 07, Epoch: 73, Loss: 0.0001, lr: 0.000118, Train: 0.9969, Valid: 0.9568, Test: 0.9276
Run: 07, Epoch: 74, Loss: 0.0001, lr: 0.000118, Train: 0.9970, Valid: 0.9568, Test: 0.9276
Run: 07, Epoch: 75, Loss: 0.0001, lr: 0.000118, Train: 0.9970, Valid: 0.9568, Test: 0.9276
Run: 07, Epoch: 76, Loss: 0.0001, lr: 0.000118, Train: 0.9970, Valid: 0.9568, Test: 0.9276
Run: 07, Epoch: 77, Loss: 0.0001, lr: 0.000082, Train: 0.9971, Valid: 0.9569, Test: 0.9277
Run: 07, Epoch: 78, Loss: 0.0001, lr: 0.000082, Train: 0.9971, Valid: 0.9570, Test: 0.9277
Run: 07, Epoch: 79, Loss: 0.0001, lr: 0.000082, Train: 0.9971, Valid: 0.9571, Test: 0.9277
Run: 07, Epoch: 80, Loss: 0.0001, lr: 0.000082, Train: 0.9972, Valid: 0.9572, Test: 0.9277
Run: 07, Epoch: 81, Loss: 0.0001, lr: 0.000082, Train: 0.9972, Valid: 0.9573, Test: 0.9278
Run: 07, Epoch: 82, Loss: 0.0001, lr: 0.000082, Train: 0.9972, Valid: 0.9574, Test: 0.9278
Run: 07, Epoch: 83, Loss: 0.0001, lr: 0.000058, Train: 0.9972, Valid: 0.9575, Test: 0.9278
Run: 07, Epoch: 84, Loss: 0.0001, lr: 0.000058, Train: 0.9972, Valid: 0.9576, Test: 0.9278
Run: 07, Epoch: 85, Loss: 0.0001, lr: 0.000058, Train: 0.9972, Valid: 0.9576, Test: 0.9278
Run: 07, Epoch: 86, Loss: 0.0001, lr: 0.000058, Train: 0.9973, Valid: 0.9577, Test: 0.9278
Run: 07, Epoch: 87, Loss: 0.0001, lr: 0.000058, Train: 0.9973, Valid: 0.9577, Test: 0.9278
Run: 07, Epoch: 88, Loss: 0.0001, lr: 0.000058, Train: 0.9973, Valid: 0.9577, Test: 0.9277
Run: 07, Epoch: 89, Loss: 0.0001, lr: 0.000040, Train: 0.9973, Valid: 0.9578, Test: 0.9277
Run: 07, Epoch: 90, Loss: 0.0001, lr: 0.000040, Train: 0.9973, Valid: 0.9578, Test: 0.9277
Run: 07, Epoch: 91, Loss: 0.0001, lr: 0.000040, Train: 0.9973, Valid: 0.9578, Test: 0.9277
Run: 07, Epoch: 92, Loss: 0.0001, lr: 0.000040, Train: 0.9973, Valid: 0.9578, Test: 0.9277
Run: 07, Epoch: 93, Loss: 0.0001, lr: 0.000040, Train: 0.9973, Valid: 0.9578, Test: 0.9277
Run: 07, Epoch: 94, Loss: 0.0001, lr: 0.000040, Train: 0.9973, Valid: 0.9577, Test: 0.9276
Run: 07, Epoch: 95, Loss: 0.0001, lr: 0.000028, Train: 0.9973, Valid: 0.9577, Test: 0.9276
Run: 07, Epoch: 96, Loss: 0.0001, lr: 0.000028, Train: 0.9973, Valid: 0.9577, Test: 0.9276
Run: 07, Epoch: 97, Loss: 0.0001, lr: 0.000028, Train: 0.9973, Valid: 0.9577, Test: 0.9276
Run: 07, Epoch: 98, Loss: 0.0001, lr: 0.000028, Train: 0.9974, Valid: 0.9577, Test: 0.9276
Run: 07, Epoch: 99, Loss: 0.0001, lr: 0.000028, Train: 0.9974, Valid: 0.9577, Test: 0.9276
Run: 07, Epoch: 100, Loss: 0.0001, lr: 0.000028, Train: 0.9974, Valid: 0.9577, Test: 0.9276
Run 07:
Highest Train: 1.00
Highest Valid: 0.97
  Final Train: 0.98
   Final Test: 0.93
Run: 08, Epoch: 01, Loss: 0.0233, lr: 0.001000, Train: 0.5947, Valid: 0.6378, Test: 0.6985
Run: 08, Epoch: 02, Loss: 0.0083, lr: 0.001000, Train: 0.7275, Valid: 0.7366, Test: 0.8123
Run: 08, Epoch: 03, Loss: 0.0083, lr: 0.001000, Train: 0.7514, Valid: 0.7073, Test: 0.8396
Run: 08, Epoch: 04, Loss: 0.0081, lr: 0.001000, Train: 0.7459, Valid: 0.6681, Test: 0.8370
Run: 08, Epoch: 05, Loss: 0.0069, lr: 0.001000, Train: 0.7480, Valid: 0.6738, Test: 0.8331
Run: 08, Epoch: 06, Loss: 0.0048, lr: 0.001000, Train: 0.7507, Valid: 0.6972, Test: 0.8246
Run: 08, Epoch: 07, Loss: 0.0033, lr: 0.001000, Train: 0.7402, Valid: 0.7039, Test: 0.8082
Run: 08, Epoch: 08, Loss: 0.0029, lr: 0.001000, Train: 0.7180, Valid: 0.6839, Test: 0.7788
Run: 08, Epoch: 09, Loss: 0.0031, lr: 0.000700, Train: 0.7104, Valid: 0.6682, Test: 0.7681
Run: 08, Epoch: 10, Loss: 0.0030, lr: 0.000700, Train: 0.7102, Valid: 0.6540, Test: 0.7657
Run: 08, Epoch: 11, Loss: 0.0028, lr: 0.000700, Train: 0.7229, Valid: 0.6555, Test: 0.7737
Run: 08, Epoch: 12, Loss: 0.0024, lr: 0.000700, Train: 0.7507, Valid: 0.6824, Test: 0.7913
Run: 08, Epoch: 13, Loss: 0.0019, lr: 0.000700, Train: 0.7895, Valid: 0.7306, Test: 0.8129
Run: 08, Epoch: 14, Loss: 0.0015, lr: 0.000700, Train: 0.8290, Valid: 0.7838, Test: 0.8327
Run: 08, Epoch: 15, Loss: 0.0013, lr: 0.000700, Train: 0.8598, Valid: 0.8244, Test: 0.8462
Run: 08, Epoch: 16, Loss: 0.0012, lr: 0.000700, Train: 0.8781, Valid: 0.8411, Test: 0.8530
Run: 08, Epoch: 17, Loss: 0.0011, lr: 0.000700, Train: 0.8849, Valid: 0.8297, Test: 0.8545
Run: 08, Epoch: 18, Loss: 0.0011, lr: 0.000700, Train: 0.8856, Valid: 0.8048, Test: 0.8537
Run: 08, Epoch: 19, Loss: 0.0010, lr: 0.000700, Train: 0.8867, Valid: 0.7845, Test: 0.8550
Run: 08, Epoch: 20, Loss: 0.0010, lr: 0.000700, Train: 0.8933, Valid: 0.7813, Test: 0.8605
Run: 08, Epoch: 21, Loss: 0.0009, lr: 0.000700, Train: 0.9063, Valid: 0.7980, Test: 0.8693
Run: 08, Epoch: 22, Loss: 0.0008, lr: 0.000700, Train: 0.9214, Valid: 0.8262, Test: 0.8781
Run: 08, Epoch: 23, Loss: 0.0007, lr: 0.000490, Train: 0.9340, Valid: 0.8496, Test: 0.8858
Run: 08, Epoch: 24, Loss: 0.0007, lr: 0.000490, Train: 0.9440, Valid: 0.8683, Test: 0.8917
Run: 08, Epoch: 25, Loss: 0.0006, lr: 0.000490, Train: 0.9516, Valid: 0.8805, Test: 0.8970
Run: 08, Epoch: 26, Loss: 0.0006, lr: 0.000490, Train: 0.9575, Valid: 0.8859, Test: 0.9025
Run: 08, Epoch: 27, Loss: 0.0005, lr: 0.000490, Train: 0.9617, Valid: 0.8857, Test: 0.9079
Run: 08, Epoch: 28, Loss: 0.0005, lr: 0.000490, Train: 0.9643, Valid: 0.8817, Test: 0.9123
Run: 08, Epoch: 29, Loss: 0.0005, lr: 0.000490, Train: 0.9656, Valid: 0.8773, Test: 0.9150
Run: 08, Epoch: 30, Loss: 0.0004, lr: 0.000490, Train: 0.9663, Valid: 0.8754, Test: 0.9160
Run: 08, Epoch: 31, Loss: 0.0004, lr: 0.000490, Train: 0.9673, Valid: 0.8767, Test: 0.9158
Run: 08, Epoch: 32, Loss: 0.0004, lr: 0.000490, Train: 0.9683, Valid: 0.8799, Test: 0.9150
Run: 08, Epoch: 33, Loss: 0.0004, lr: 0.000343, Train: 0.9702, Valid: 0.8836, Test: 0.9150
Run: 08, Epoch: 34, Loss: 0.0003, lr: 0.000343, Train: 0.9715, Valid: 0.8856, Test: 0.9148
Run: 08, Epoch: 35, Loss: 0.0003, lr: 0.000343, Train: 0.9722, Valid: 0.8855, Test: 0.9147
Run: 08, Epoch: 36, Loss: 0.0003, lr: 0.000343, Train: 0.9725, Valid: 0.8835, Test: 0.9146
Run: 08, Epoch: 37, Loss: 0.0003, lr: 0.000343, Train: 0.9726, Valid: 0.8806, Test: 0.9147
Run: 08, Epoch: 38, Loss: 0.0003, lr: 0.000343, Train: 0.9728, Valid: 0.8781, Test: 0.9150
Run: 08, Epoch: 39, Loss: 0.0003, lr: 0.000240, Train: 0.9744, Valid: 0.8790, Test: 0.9160
Run: 08, Epoch: 40, Loss: 0.0003, lr: 0.000240, Train: 0.9761, Valid: 0.8807, Test: 0.9169
Run: 08, Epoch: 41, Loss: 0.0003, lr: 0.000240, Train: 0.9780, Valid: 0.8833, Test: 0.9176
Run: 08, Epoch: 42, Loss: 0.0003, lr: 0.000240, Train: 0.9800, Valid: 0.8866, Test: 0.9180
Run: 08, Epoch: 43, Loss: 0.0002, lr: 0.000240, Train: 0.9819, Valid: 0.8904, Test: 0.9180
Run: 08, Epoch: 44, Loss: 0.0002, lr: 0.000240, Train: 0.9837, Valid: 0.8943, Test: 0.9178
Run: 08, Epoch: 45, Loss: 0.0002, lr: 0.000240, Train: 0.9854, Valid: 0.8979, Test: 0.9174
Run: 08, Epoch: 46, Loss: 0.0002, lr: 0.000240, Train: 0.9867, Valid: 0.9010, Test: 0.9169
Run: 08, Epoch: 47, Loss: 0.0002, lr: 0.000240, Train: 0.9878, Valid: 0.9033, Test: 0.9167
Run: 08, Epoch: 48, Loss: 0.0002, lr: 0.000240, Train: 0.9886, Valid: 0.9049, Test: 0.9166
Run: 08, Epoch: 49, Loss: 0.0002, lr: 0.000240, Train: 0.9893, Valid: 0.9058, Test: 0.9167
Run: 08, Epoch: 50, Loss: 0.0002, lr: 0.000240, Train: 0.9898, Valid: 0.9060, Test: 0.9172
Run: 08, Epoch: 51, Loss: 0.0002, lr: 0.000240, Train: 0.9902, Valid: 0.9057, Test: 0.9177
Run: 08, Epoch: 52, Loss: 0.0002, lr: 0.000240, Train: 0.9905, Valid: 0.9052, Test: 0.9183
Run: 08, Epoch: 53, Loss: 0.0002, lr: 0.000240, Train: 0.9908, Valid: 0.9048, Test: 0.9188
Run: 08, Epoch: 54, Loss: 0.0002, lr: 0.000240, Train: 0.9912, Valid: 0.9048, Test: 0.9192
Run: 08, Epoch: 55, Loss: 0.0002, lr: 0.000240, Train: 0.9916, Valid: 0.9053, Test: 0.9192
Run: 08, Epoch: 56, Loss: 0.0002, lr: 0.000240, Train: 0.9920, Valid: 0.9064, Test: 0.9191
Run: 08, Epoch: 57, Loss: 0.0002, lr: 0.000240, Train: 0.9925, Valid: 0.9080, Test: 0.9187
Run: 08, Epoch: 58, Loss: 0.0002, lr: 0.000240, Train: 0.9929, Valid: 0.9098, Test: 0.9182
Run: 08, Epoch: 59, Loss: 0.0002, lr: 0.000240, Train: 0.9933, Valid: 0.9116, Test: 0.9177
Run: 08, Epoch: 60, Loss: 0.0002, lr: 0.000240, Train: 0.9936, Valid: 0.9132, Test: 0.9174
Run: 08, Epoch: 61, Loss: 0.0002, lr: 0.000240, Train: 0.9939, Valid: 0.9143, Test: 0.9172
Run: 08, Epoch: 62, Loss: 0.0002, lr: 0.000240, Train: 0.9940, Valid: 0.9150, Test: 0.9171
Run: 08, Epoch: 63, Loss: 0.0002, lr: 0.000240, Train: 0.9942, Valid: 0.9153, Test: 0.9172
Run: 08, Epoch: 64, Loss: 0.0001, lr: 0.000240, Train: 0.9943, Valid: 0.9153, Test: 0.9173
Run: 08, Epoch: 65, Loss: 0.0001, lr: 0.000240, Train: 0.9944, Valid: 0.9152, Test: 0.9174
Run: 08, Epoch: 66, Loss: 0.0001, lr: 0.000240, Train: 0.9945, Valid: 0.9152, Test: 0.9174
Run: 08, Epoch: 67, Loss: 0.0001, lr: 0.000240, Train: 0.9947, Valid: 0.9155, Test: 0.9172
Run: 08, Epoch: 68, Loss: 0.0001, lr: 0.000240, Train: 0.9949, Valid: 0.9161, Test: 0.9168
Run: 08, Epoch: 69, Loss: 0.0001, lr: 0.000240, Train: 0.9951, Valid: 0.9171, Test: 0.9163
Run: 08, Epoch: 70, Loss: 0.0001, lr: 0.000240, Train: 0.9954, Valid: 0.9184, Test: 0.9157
Run: 08, Epoch: 71, Loss: 0.0001, lr: 0.000240, Train: 0.9956, Valid: 0.9196, Test: 0.9150
Run: 08, Epoch: 72, Loss: 0.0001, lr: 0.000240, Train: 0.9958, Valid: 0.9208, Test: 0.9144
Run: 08, Epoch: 73, Loss: 0.0001, lr: 0.000240, Train: 0.9960, Valid: 0.9218, Test: 0.9138
Run: 08, Epoch: 74, Loss: 0.0001, lr: 0.000240, Train: 0.9962, Valid: 0.9226, Test: 0.9133
Run: 08, Epoch: 75, Loss: 0.0001, lr: 0.000240, Train: 0.9964, Valid: 0.9232, Test: 0.9129
Run: 08, Epoch: 76, Loss: 0.0001, lr: 0.000240, Train: 0.9965, Valid: 0.9235, Test: 0.9126
Run: 08, Epoch: 77, Loss: 0.0001, lr: 0.000240, Train: 0.9966, Valid: 0.9238, Test: 0.9124
Run: 08, Epoch: 78, Loss: 0.0001, lr: 0.000240, Train: 0.9966, Valid: 0.9240, Test: 0.9122
Run: 08, Epoch: 79, Loss: 0.0001, lr: 0.000240, Train: 0.9967, Valid: 0.9243, Test: 0.9120
Run: 08, Epoch: 80, Loss: 0.0001, lr: 0.000240, Train: 0.9968, Valid: 0.9245, Test: 0.9119
Run: 08, Epoch: 81, Loss: 0.0001, lr: 0.000240, Train: 0.9968, Valid: 0.9247, Test: 0.9119
Run: 08, Epoch: 82, Loss: 0.0001, lr: 0.000240, Train: 0.9969, Valid: 0.9249, Test: 0.9120
Run: 08, Epoch: 83, Loss: 0.0001, lr: 0.000240, Train: 0.9969, Valid: 0.9250, Test: 0.9122
Run: 08, Epoch: 84, Loss: 0.0001, lr: 0.000240, Train: 0.9969, Valid: 0.9251, Test: 0.9125
Run: 08, Epoch: 85, Loss: 0.0001, lr: 0.000240, Train: 0.9970, Valid: 0.9252, Test: 0.9128
Run: 08, Epoch: 86, Loss: 0.0001, lr: 0.000240, Train: 0.9970, Valid: 0.9254, Test: 0.9130
Run: 08, Epoch: 87, Loss: 0.0001, lr: 0.000240, Train: 0.9970, Valid: 0.9257, Test: 0.9131
Run: 08, Epoch: 88, Loss: 0.0001, lr: 0.000240, Train: 0.9971, Valid: 0.9260, Test: 0.9131
Run: 08, Epoch: 89, Loss: 0.0001, lr: 0.000240, Train: 0.9972, Valid: 0.9265, Test: 0.9129
Run: 08, Epoch: 90, Loss: 0.0001, lr: 0.000240, Train: 0.9973, Valid: 0.9270, Test: 0.9126
Run: 08, Epoch: 91, Loss: 0.0001, lr: 0.000240, Train: 0.9974, Valid: 0.9276, Test: 0.9123
Run: 08, Epoch: 92, Loss: 0.0001, lr: 0.000240, Train: 0.9975, Valid: 0.9281, Test: 0.9120
Run: 08, Epoch: 93, Loss: 0.0001, lr: 0.000240, Train: 0.9976, Valid: 0.9286, Test: 0.9116
Run: 08, Epoch: 94, Loss: 0.0001, lr: 0.000240, Train: 0.9976, Valid: 0.9291, Test: 0.9113
Run: 08, Epoch: 95, Loss: 0.0001, lr: 0.000240, Train: 0.9977, Valid: 0.9295, Test: 0.9112
Run: 08, Epoch: 96, Loss: 0.0001, lr: 0.000240, Train: 0.9978, Valid: 0.9298, Test: 0.9111
Run: 08, Epoch: 97, Loss: 0.0001, lr: 0.000240, Train: 0.9978, Valid: 0.9301, Test: 0.9111
Run: 08, Epoch: 98, Loss: 0.0001, lr: 0.000240, Train: 0.9979, Valid: 0.9303, Test: 0.9112
Run: 08, Epoch: 99, Loss: 0.0001, lr: 0.000240, Train: 0.9979, Valid: 0.9305, Test: 0.9113
Run: 08, Epoch: 100, Loss: 0.0001, lr: 0.000240, Train: 0.9979, Valid: 0.9307, Test: 0.9114
Run 08:
Highest Train: 1.00
Highest Valid: 0.93
  Final Train: 1.00
   Final Test: 0.91
Run: 09, Epoch: 01, Loss: 0.0846, lr: 0.001000, Train: 0.3655, Valid: 0.1896, Test: 0.3186
Run: 09, Epoch: 02, Loss: 0.0084, lr: 0.001000, Train: 0.6468, Valid: 0.4054, Test: 0.5797
Run: 09, Epoch: 03, Loss: 0.0114, lr: 0.001000, Train: 0.7337, Valid: 0.4947, Test: 0.6402
Run: 09, Epoch: 04, Loss: 0.0113, lr: 0.001000, Train: 0.7361, Valid: 0.5376, Test: 0.6036
Run: 09, Epoch: 05, Loss: 0.0094, lr: 0.001000, Train: 0.7001, Valid: 0.5405, Test: 0.5212
Run: 09, Epoch: 06, Loss: 0.0075, lr: 0.001000, Train: 0.6580, Valid: 0.5107, Test: 0.4457
Run: 09, Epoch: 07, Loss: 0.0057, lr: 0.001000, Train: 0.6296, Valid: 0.4641, Test: 0.3981
Run: 09, Epoch: 08, Loss: 0.0042, lr: 0.001000, Train: 0.6209, Valid: 0.4190, Test: 0.3879
Run: 09, Epoch: 09, Loss: 0.0037, lr: 0.001000, Train: 0.6211, Valid: 0.3784, Test: 0.3957
Run: 09, Epoch: 10, Loss: 0.0038, lr: 0.001000, Train: 0.6265, Valid: 0.3503, Test: 0.4128
Run: 09, Epoch: 11, Loss: 0.0039, lr: 0.001000, Train: 0.6331, Valid: 0.3256, Test: 0.4327
Run: 09, Epoch: 12, Loss: 0.0038, lr: 0.000700, Train: 0.6470, Valid: 0.3333, Test: 0.4618
Run: 09, Epoch: 13, Loss: 0.0036, lr: 0.000700, Train: 0.6594, Valid: 0.3368, Test: 0.4873
Run: 09, Epoch: 14, Loss: 0.0032, lr: 0.000700, Train: 0.6708, Valid: 0.3312, Test: 0.5089
Run: 09, Epoch: 15, Loss: 0.0028, lr: 0.000700, Train: 0.6830, Valid: 0.3235, Test: 0.5291
Run: 09, Epoch: 16, Loss: 0.0025, lr: 0.000700, Train: 0.6989, Valid: 0.3239, Test: 0.5513
Run: 09, Epoch: 17, Loss: 0.0022, lr: 0.000700, Train: 0.7208, Valid: 0.3501, Test: 0.5794
Run: 09, Epoch: 18, Loss: 0.0020, lr: 0.000490, Train: 0.7506, Valid: 0.4178, Test: 0.6196
Run: 09, Epoch: 19, Loss: 0.0019, lr: 0.000490, Train: 0.7810, Valid: 0.4915, Test: 0.6598
Run: 09, Epoch: 20, Loss: 0.0018, lr: 0.000490, Train: 0.8112, Valid: 0.5652, Test: 0.7000
Run: 09, Epoch: 21, Loss: 0.0016, lr: 0.000490, Train: 0.8402, Valid: 0.6355, Test: 0.7389
Run: 09, Epoch: 22, Loss: 0.0015, lr: 0.000490, Train: 0.8668, Valid: 0.6980, Test: 0.7756
Run: 09, Epoch: 23, Loss: 0.0014, lr: 0.000490, Train: 0.8898, Valid: 0.7489, Test: 0.8081
Run: 09, Epoch: 24, Loss: 0.0013, lr: 0.000490, Train: 0.9090, Valid: 0.7869, Test: 0.8350
Run: 09, Epoch: 25, Loss: 0.0012, lr: 0.000490, Train: 0.9242, Valid: 0.8126, Test: 0.8557
Run: 09, Epoch: 26, Loss: 0.0011, lr: 0.000490, Train: 0.9358, Valid: 0.8285, Test: 0.8710
Run: 09, Epoch: 27, Loss: 0.0010, lr: 0.000490, Train: 0.9445, Valid: 0.8377, Test: 0.8814
Run: 09, Epoch: 28, Loss: 0.0010, lr: 0.000490, Train: 0.9511, Valid: 0.8422, Test: 0.8884
Run: 09, Epoch: 29, Loss: 0.0009, lr: 0.000490, Train: 0.9562, Valid: 0.8444, Test: 0.8926
Run: 09, Epoch: 30, Loss: 0.0008, lr: 0.000490, Train: 0.9598, Valid: 0.8454, Test: 0.8947
Run: 09, Epoch: 31, Loss: 0.0008, lr: 0.000490, Train: 0.9621, Valid: 0.8461, Test: 0.8953
Run: 09, Epoch: 32, Loss: 0.0007, lr: 0.000490, Train: 0.9632, Valid: 0.8456, Test: 0.8946
Run: 09, Epoch: 33, Loss: 0.0007, lr: 0.000490, Train: 0.9632, Valid: 0.8431, Test: 0.8927
Run: 09, Epoch: 34, Loss: 0.0006, lr: 0.000490, Train: 0.9626, Valid: 0.8385, Test: 0.8901
Run: 09, Epoch: 35, Loss: 0.0006, lr: 0.000490, Train: 0.9618, Valid: 0.8328, Test: 0.8873
Run: 09, Epoch: 36, Loss: 0.0005, lr: 0.000490, Train: 0.9612, Valid: 0.8260, Test: 0.8847
Run: 09, Epoch: 37, Loss: 0.0005, lr: 0.000490, Train: 0.9612, Valid: 0.8199, Test: 0.8827
Run: 09, Epoch: 38, Loss: 0.0005, lr: 0.000343, Train: 0.9635, Valid: 0.8213, Test: 0.8849
Run: 09, Epoch: 39, Loss: 0.0004, lr: 0.000343, Train: 0.9659, Valid: 0.8236, Test: 0.8875
Run: 09, Epoch: 40, Loss: 0.0004, lr: 0.000343, Train: 0.9686, Valid: 0.8269, Test: 0.8907
Run: 09, Epoch: 41, Loss: 0.0004, lr: 0.000343, Train: 0.9714, Valid: 0.8312, Test: 0.8943
Run: 09, Epoch: 42, Loss: 0.0004, lr: 0.000343, Train: 0.9739, Valid: 0.8360, Test: 0.8980
Run: 09, Epoch: 43, Loss: 0.0004, lr: 0.000343, Train: 0.9763, Valid: 0.8408, Test: 0.9017
Run: 09, Epoch: 44, Loss: 0.0004, lr: 0.000240, Train: 0.9786, Valid: 0.8466, Test: 0.9057
Run: 09, Epoch: 45, Loss: 0.0003, lr: 0.000240, Train: 0.9807, Valid: 0.8514, Test: 0.9092
Run: 09, Epoch: 46, Loss: 0.0003, lr: 0.000240, Train: 0.9824, Valid: 0.8554, Test: 0.9123
Run: 09, Epoch: 47, Loss: 0.0003, lr: 0.000240, Train: 0.9839, Valid: 0.8587, Test: 0.9149
Run: 09, Epoch: 48, Loss: 0.0003, lr: 0.000240, Train: 0.9851, Valid: 0.8613, Test: 0.9172
Run: 09, Epoch: 49, Loss: 0.0003, lr: 0.000240, Train: 0.9862, Valid: 0.8635, Test: 0.9191
Run: 09, Epoch: 50, Loss: 0.0003, lr: 0.000240, Train: 0.9872, Valid: 0.8653, Test: 0.9208
Run: 09, Epoch: 51, Loss: 0.0003, lr: 0.000240, Train: 0.9881, Valid: 0.8667, Test: 0.9222
Run: 09, Epoch: 52, Loss: 0.0003, lr: 0.000240, Train: 0.9888, Valid: 0.8677, Test: 0.9234
Run: 09, Epoch: 53, Loss: 0.0003, lr: 0.000240, Train: 0.9895, Valid: 0.8683, Test: 0.9244
Run: 09, Epoch: 54, Loss: 0.0003, lr: 0.000240, Train: 0.9902, Valid: 0.8685, Test: 0.9253
Run: 09, Epoch: 55, Loss: 0.0002, lr: 0.000240, Train: 0.9908, Valid: 0.8683, Test: 0.9261
Run: 09, Epoch: 56, Loss: 0.0002, lr: 0.000240, Train: 0.9914, Valid: 0.8678, Test: 0.9267
Run: 09, Epoch: 57, Loss: 0.0002, lr: 0.000240, Train: 0.9919, Valid: 0.8669, Test: 0.9273
Run: 09, Epoch: 58, Loss: 0.0002, lr: 0.000240, Train: 0.9924, Valid: 0.8659, Test: 0.9278
Run: 09, Epoch: 59, Loss: 0.0002, lr: 0.000240, Train: 0.9928, Valid: 0.8649, Test: 0.9282
Run: 09, Epoch: 60, Loss: 0.0002, lr: 0.000240, Train: 0.9931, Valid: 0.8642, Test: 0.9285
Run: 09, Epoch: 61, Loss: 0.0002, lr: 0.000168, Train: 0.9934, Valid: 0.8641, Test: 0.9287
Run: 09, Epoch: 62, Loss: 0.0002, lr: 0.000168, Train: 0.9936, Valid: 0.8642, Test: 0.9288
Run: 09, Epoch: 63, Loss: 0.0002, lr: 0.000168, Train: 0.9938, Valid: 0.8645, Test: 0.9289
Run: 09, Epoch: 64, Loss: 0.0002, lr: 0.000168, Train: 0.9940, Valid: 0.8649, Test: 0.9290
Run: 09, Epoch: 65, Loss: 0.0002, lr: 0.000168, Train: 0.9941, Valid: 0.8654, Test: 0.9289
Run: 09, Epoch: 66, Loss: 0.0002, lr: 0.000168, Train: 0.9942, Valid: 0.8659, Test: 0.9289
Run: 09, Epoch: 67, Loss: 0.0002, lr: 0.000118, Train: 0.9943, Valid: 0.8666, Test: 0.9289
Run: 09, Epoch: 68, Loss: 0.0002, lr: 0.000118, Train: 0.9944, Valid: 0.8672, Test: 0.9289
Run: 09, Epoch: 69, Loss: 0.0002, lr: 0.000118, Train: 0.9945, Valid: 0.8679, Test: 0.9289
Run: 09, Epoch: 70, Loss: 0.0002, lr: 0.000118, Train: 0.9946, Valid: 0.8685, Test: 0.9288
Run: 09, Epoch: 71, Loss: 0.0002, lr: 0.000118, Train: 0.9947, Valid: 0.8690, Test: 0.9288
Run: 09, Epoch: 72, Loss: 0.0002, lr: 0.000118, Train: 0.9947, Valid: 0.8695, Test: 0.9288
Run: 09, Epoch: 73, Loss: 0.0002, lr: 0.000118, Train: 0.9948, Valid: 0.8699, Test: 0.9288
Run: 09, Epoch: 74, Loss: 0.0002, lr: 0.000118, Train: 0.9949, Valid: 0.8703, Test: 0.9288
Run: 09, Epoch: 75, Loss: 0.0002, lr: 0.000118, Train: 0.9949, Valid: 0.8706, Test: 0.9289
Run: 09, Epoch: 76, Loss: 0.0002, lr: 0.000118, Train: 0.9950, Valid: 0.8708, Test: 0.9289
Run: 09, Epoch: 77, Loss: 0.0002, lr: 0.000118, Train: 0.9951, Valid: 0.8709, Test: 0.9290
Run: 09, Epoch: 78, Loss: 0.0002, lr: 0.000118, Train: 0.9952, Valid: 0.8709, Test: 0.9290
Run: 09, Epoch: 79, Loss: 0.0002, lr: 0.000118, Train: 0.9952, Valid: 0.8709, Test: 0.9291
Run: 09, Epoch: 80, Loss: 0.0002, lr: 0.000118, Train: 0.9953, Valid: 0.8708, Test: 0.9291
Run: 09, Epoch: 81, Loss: 0.0002, lr: 0.000118, Train: 0.9954, Valid: 0.8707, Test: 0.9292
Run: 09, Epoch: 82, Loss: 0.0002, lr: 0.000118, Train: 0.9955, Valid: 0.8705, Test: 0.9293
Run: 09, Epoch: 83, Loss: 0.0002, lr: 0.000118, Train: 0.9955, Valid: 0.8703, Test: 0.9293
Run: 09, Epoch: 84, Loss: 0.0002, lr: 0.000082, Train: 0.9956, Valid: 0.8704, Test: 0.9294
Run: 09, Epoch: 85, Loss: 0.0002, lr: 0.000082, Train: 0.9957, Valid: 0.8705, Test: 0.9295
Run: 09, Epoch: 86, Loss: 0.0001, lr: 0.000082, Train: 0.9957, Valid: 0.8705, Test: 0.9296
Run: 09, Epoch: 87, Loss: 0.0001, lr: 0.000082, Train: 0.9958, Valid: 0.8705, Test: 0.9297
Run: 09, Epoch: 88, Loss: 0.0001, lr: 0.000082, Train: 0.9958, Valid: 0.8705, Test: 0.9297
Run: 09, Epoch: 89, Loss: 0.0001, lr: 0.000082, Train: 0.9959, Valid: 0.8706, Test: 0.9298
Run: 09, Epoch: 90, Loss: 0.0001, lr: 0.000058, Train: 0.9959, Valid: 0.8707, Test: 0.9299
Run: 09, Epoch: 91, Loss: 0.0001, lr: 0.000058, Train: 0.9960, Valid: 0.8709, Test: 0.9300
Run: 09, Epoch: 92, Loss: 0.0001, lr: 0.000058, Train: 0.9960, Valid: 0.8710, Test: 0.9301
Run: 09, Epoch: 93, Loss: 0.0001, lr: 0.000058, Train: 0.9960, Valid: 0.8711, Test: 0.9302
Run: 09, Epoch: 94, Loss: 0.0001, lr: 0.000058, Train: 0.9961, Valid: 0.8712, Test: 0.9302
Run: 09, Epoch: 95, Loss: 0.0001, lr: 0.000058, Train: 0.9961, Valid: 0.8713, Test: 0.9303
Run: 09, Epoch: 96, Loss: 0.0001, lr: 0.000058, Train: 0.9961, Valid: 0.8714, Test: 0.9304
Run: 09, Epoch: 97, Loss: 0.0001, lr: 0.000058, Train: 0.9962, Valid: 0.8715, Test: 0.9305
Run: 09, Epoch: 98, Loss: 0.0001, lr: 0.000058, Train: 0.9962, Valid: 0.8715, Test: 0.9305
Run: 09, Epoch: 99, Loss: 0.0001, lr: 0.000058, Train: 0.9962, Valid: 0.8716, Test: 0.9306
Run: 09, Epoch: 100, Loss: 0.0001, lr: 0.000058, Train: 0.9963, Valid: 0.8716, Test: 0.9307
Run 09:
Highest Train: 1.00
Highest Valid: 0.87
  Final Train: 1.00
   Final Test: 0.93
Run: 10, Epoch: 01, Loss: 0.0436, lr: 0.001000, Train: 0.4630, Valid: 0.4183, Test: 0.3780
Run: 10, Epoch: 02, Loss: 0.0111, lr: 0.001000, Train: 0.6805, Valid: 0.6990, Test: 0.5608
Run: 10, Epoch: 03, Loss: 0.0081, lr: 0.001000, Train: 0.7141, Valid: 0.7927, Test: 0.5859
Run: 10, Epoch: 04, Loss: 0.0078, lr: 0.001000, Train: 0.6799, Valid: 0.8146, Test: 0.5794
Run: 10, Epoch: 05, Loss: 0.0073, lr: 0.001000, Train: 0.6621, Valid: 0.8247, Test: 0.5962
Run: 10, Epoch: 06, Loss: 0.0058, lr: 0.001000, Train: 0.6651, Valid: 0.8246, Test: 0.6200
Run: 10, Epoch: 07, Loss: 0.0043, lr: 0.001000, Train: 0.6608, Valid: 0.8044, Test: 0.6214
Run: 10, Epoch: 08, Loss: 0.0032, lr: 0.001000, Train: 0.6370, Valid: 0.7594, Test: 0.5951
Run: 10, Epoch: 09, Loss: 0.0026, lr: 0.001000, Train: 0.5966, Valid: 0.6974, Test: 0.5552
Run: 10, Epoch: 10, Loss: 0.0026, lr: 0.001000, Train: 0.5456, Valid: 0.6399, Test: 0.5102
Run: 10, Epoch: 11, Loss: 0.0028, lr: 0.001000, Train: 0.5066, Valid: 0.6087, Test: 0.4823
Run: 10, Epoch: 12, Loss: 0.0028, lr: 0.000700, Train: 0.5118, Valid: 0.6194, Test: 0.5023
Run: 10, Epoch: 13, Loss: 0.0026, lr: 0.000700, Train: 0.5276, Valid: 0.6473, Test: 0.5361
Run: 10, Epoch: 14, Loss: 0.0022, lr: 0.000700, Train: 0.5440, Valid: 0.6839, Test: 0.5713
Run: 10, Epoch: 15, Loss: 0.0020, lr: 0.000700, Train: 0.5611, Valid: 0.7191, Test: 0.5982
Run: 10, Epoch: 16, Loss: 0.0018, lr: 0.000700, Train: 0.5785, Valid: 0.7463, Test: 0.6202
Run: 10, Epoch: 17, Loss: 0.0017, lr: 0.000700, Train: 0.5959, Valid: 0.7651, Test: 0.6384
Run: 10, Epoch: 18, Loss: 0.0015, lr: 0.000490, Train: 0.6234, Valid: 0.7808, Test: 0.6610
Run: 10, Epoch: 19, Loss: 0.0014, lr: 0.000490, Train: 0.6453, Valid: 0.7898, Test: 0.6769
Run: 10, Epoch: 20, Loss: 0.0013, lr: 0.000490, Train: 0.6613, Valid: 0.7928, Test: 0.6871
Run: 10, Epoch: 21, Loss: 0.0012, lr: 0.000490, Train: 0.6698, Valid: 0.7908, Test: 0.6920
Run: 10, Epoch: 22, Loss: 0.0011, lr: 0.000490, Train: 0.6712, Valid: 0.7852, Test: 0.6925
Run: 10, Epoch: 23, Loss: 0.0011, lr: 0.000490, Train: 0.6667, Valid: 0.7773, Test: 0.6892
Run: 10, Epoch: 24, Loss: 0.0010, lr: 0.000343, Train: 0.6782, Valid: 0.7811, Test: 0.7001
Run: 10, Epoch: 25, Loss: 0.0010, lr: 0.000343, Train: 0.6852, Valid: 0.7838, Test: 0.7076
Run: 10, Epoch: 26, Loss: 0.0010, lr: 0.000343, Train: 0.6890, Valid: 0.7862, Test: 0.7129
Run: 10, Epoch: 27, Loss: 0.0009, lr: 0.000343, Train: 0.6904, Valid: 0.7883, Test: 0.7174
Run: 10, Epoch: 28, Loss: 0.0009, lr: 0.000343, Train: 0.6905, Valid: 0.7907, Test: 0.7216
Run: 10, Epoch: 29, Loss: 0.0008, lr: 0.000343, Train: 0.6912, Valid: 0.7943, Test: 0.7262
Run: 10, Epoch: 30, Loss: 0.0008, lr: 0.000240, Train: 0.7087, Valid: 0.8063, Test: 0.7431
Run: 10, Epoch: 31, Loss: 0.0008, lr: 0.000240, Train: 0.7243, Valid: 0.8172, Test: 0.7582
Run: 10, Epoch: 32, Loss: 0.0007, lr: 0.000240, Train: 0.7383, Valid: 0.8268, Test: 0.7718
Run: 10, Epoch: 33, Loss: 0.0007, lr: 0.000240, Train: 0.7511, Valid: 0.8355, Test: 0.7843
Run: 10, Epoch: 34, Loss: 0.0007, lr: 0.000240, Train: 0.7635, Valid: 0.8435, Test: 0.7961
Run: 10, Epoch: 35, Loss: 0.0007, lr: 0.000240, Train: 0.7759, Valid: 0.8511, Test: 0.8075
Run: 10, Epoch: 36, Loss: 0.0006, lr: 0.000240, Train: 0.7887, Valid: 0.8584, Test: 0.8188
Run: 10, Epoch: 37, Loss: 0.0006, lr: 0.000240, Train: 0.8017, Valid: 0.8653, Test: 0.8299
Run: 10, Epoch: 38, Loss: 0.0006, lr: 0.000240, Train: 0.8145, Valid: 0.8718, Test: 0.8404
Run: 10, Epoch: 39, Loss: 0.0006, lr: 0.000240, Train: 0.8268, Valid: 0.8776, Test: 0.8501
Run: 10, Epoch: 40, Loss: 0.0006, lr: 0.000240, Train: 0.8382, Valid: 0.8828, Test: 0.8587
Run: 10, Epoch: 41, Loss: 0.0006, lr: 0.000240, Train: 0.8487, Valid: 0.8874, Test: 0.8663
Run: 10, Epoch: 42, Loss: 0.0005, lr: 0.000240, Train: 0.8580, Valid: 0.8914, Test: 0.8728
Run: 10, Epoch: 43, Loss: 0.0005, lr: 0.000240, Train: 0.8661, Valid: 0.8948, Test: 0.8782
Run: 10, Epoch: 44, Loss: 0.0005, lr: 0.000240, Train: 0.8727, Valid: 0.8974, Test: 0.8826
Run: 10, Epoch: 45, Loss: 0.0005, lr: 0.000240, Train: 0.8780, Valid: 0.8994, Test: 0.8860
Run: 10, Epoch: 46, Loss: 0.0005, lr: 0.000240, Train: 0.8820, Valid: 0.9009, Test: 0.8888
Run: 10, Epoch: 47, Loss: 0.0005, lr: 0.000240, Train: 0.8850, Valid: 0.9020, Test: 0.8911
Run: 10, Epoch: 48, Loss: 0.0005, lr: 0.000240, Train: 0.8870, Valid: 0.9026, Test: 0.8927
Run: 10, Epoch: 49, Loss: 0.0004, lr: 0.000240, Train: 0.8881, Valid: 0.9029, Test: 0.8939
Run: 10, Epoch: 50, Loss: 0.0004, lr: 0.000240, Train: 0.8889, Valid: 0.9032, Test: 0.8950
Run: 10, Epoch: 51, Loss: 0.0004, lr: 0.000240, Train: 0.8892, Valid: 0.9035, Test: 0.8958
Run: 10, Epoch: 52, Loss: 0.0004, lr: 0.000240, Train: 0.8894, Valid: 0.9037, Test: 0.8966
Run: 10, Epoch: 53, Loss: 0.0004, lr: 0.000240, Train: 0.8894, Valid: 0.9039, Test: 0.8972
Run: 10, Epoch: 54, Loss: 0.0004, lr: 0.000240, Train: 0.8894, Valid: 0.9041, Test: 0.8977
Run: 10, Epoch: 55, Loss: 0.0004, lr: 0.000240, Train: 0.8895, Valid: 0.9043, Test: 0.8983
Run: 10, Epoch: 56, Loss: 0.0004, lr: 0.000240, Train: 0.8898, Valid: 0.9046, Test: 0.8991
Run: 10, Epoch: 57, Loss: 0.0003, lr: 0.000240, Train: 0.8906, Valid: 0.9049, Test: 0.9001
Run: 10, Epoch: 58, Loss: 0.0003, lr: 0.000240, Train: 0.8917, Valid: 0.9054, Test: 0.9013
Run: 10, Epoch: 59, Loss: 0.0003, lr: 0.000240, Train: 0.8932, Valid: 0.9058, Test: 0.9027
Run: 10, Epoch: 60, Loss: 0.0003, lr: 0.000240, Train: 0.8949, Valid: 0.9063, Test: 0.9042
Run: 10, Epoch: 61, Loss: 0.0003, lr: 0.000240, Train: 0.8968, Valid: 0.9068, Test: 0.9058
Run: 10, Epoch: 62, Loss: 0.0003, lr: 0.000240, Train: 0.8987, Valid: 0.9073, Test: 0.9072
Run: 10, Epoch: 63, Loss: 0.0003, lr: 0.000240, Train: 0.9004, Valid: 0.9076, Test: 0.9084
Run: 10, Epoch: 64, Loss: 0.0003, lr: 0.000240, Train: 0.9020, Valid: 0.9079, Test: 0.9095
Run: 10, Epoch: 65, Loss: 0.0003, lr: 0.000240, Train: 0.9035, Valid: 0.9082, Test: 0.9104
Run: 10, Epoch: 66, Loss: 0.0003, lr: 0.000240, Train: 0.9049, Valid: 0.9085, Test: 0.9112
Run: 10, Epoch: 67, Loss: 0.0003, lr: 0.000240, Train: 0.9062, Valid: 0.9088, Test: 0.9118
Run: 10, Epoch: 68, Loss: 0.0002, lr: 0.000240, Train: 0.9075, Valid: 0.9092, Test: 0.9124
Run: 10, Epoch: 69, Loss: 0.0002, lr: 0.000240, Train: 0.9087, Valid: 0.9097, Test: 0.9130
Run: 10, Epoch: 70, Loss: 0.0002, lr: 0.000240, Train: 0.9100, Valid: 0.9103, Test: 0.9138
Run: 10, Epoch: 71, Loss: 0.0002, lr: 0.000240, Train: 0.9113, Valid: 0.9110, Test: 0.9146
Run: 10, Epoch: 72, Loss: 0.0002, lr: 0.000240, Train: 0.9129, Valid: 0.9119, Test: 0.9156
Run: 10, Epoch: 73, Loss: 0.0002, lr: 0.000240, Train: 0.9145, Valid: 0.9128, Test: 0.9168
Run: 10, Epoch: 74, Loss: 0.0002, lr: 0.000240, Train: 0.9165, Valid: 0.9139, Test: 0.9180
Run: 10, Epoch: 75, Loss: 0.0002, lr: 0.000240, Train: 0.9187, Valid: 0.9151, Test: 0.9194
Run: 10, Epoch: 76, Loss: 0.0002, lr: 0.000240, Train: 0.9211, Valid: 0.9163, Test: 0.9209
Run: 10, Epoch: 77, Loss: 0.0002, lr: 0.000240, Train: 0.9236, Valid: 0.9176, Test: 0.9223
Run: 10, Epoch: 78, Loss: 0.0002, lr: 0.000240, Train: 0.9263, Valid: 0.9189, Test: 0.9239
Run: 10, Epoch: 79, Loss: 0.0002, lr: 0.000240, Train: 0.9291, Valid: 0.9202, Test: 0.9254
Run: 10, Epoch: 80, Loss: 0.0002, lr: 0.000240, Train: 0.9319, Valid: 0.9215, Test: 0.9268
Run: 10, Epoch: 81, Loss: 0.0002, lr: 0.000240, Train: 0.9345, Valid: 0.9226, Test: 0.9282
Run: 10, Epoch: 82, Loss: 0.0002, lr: 0.000240, Train: 0.9370, Valid: 0.9237, Test: 0.9295
Run: 10, Epoch: 83, Loss: 0.0002, lr: 0.000240, Train: 0.9393, Valid: 0.9247, Test: 0.9309
Run: 10, Epoch: 84, Loss: 0.0002, lr: 0.000240, Train: 0.9416, Valid: 0.9256, Test: 0.9321
Run: 10, Epoch: 85, Loss: 0.0002, lr: 0.000240, Train: 0.9436, Valid: 0.9266, Test: 0.9333
Run: 10, Epoch: 86, Loss: 0.0002, lr: 0.000240, Train: 0.9456, Valid: 0.9275, Test: 0.9344
Run: 10, Epoch: 87, Loss: 0.0001, lr: 0.000240, Train: 0.9474, Valid: 0.9283, Test: 0.9354
Run: 10, Epoch: 88, Loss: 0.0001, lr: 0.000240, Train: 0.9492, Valid: 0.9292, Test: 0.9364
Run: 10, Epoch: 89, Loss: 0.0001, lr: 0.000240, Train: 0.9508, Valid: 0.9299, Test: 0.9374
Run: 10, Epoch: 90, Loss: 0.0001, lr: 0.000240, Train: 0.9523, Valid: 0.9306, Test: 0.9382
Run: 10, Epoch: 91, Loss: 0.0001, lr: 0.000240, Train: 0.9538, Valid: 0.9313, Test: 0.9390
Run: 10, Epoch: 92, Loss: 0.0001, lr: 0.000240, Train: 0.9554, Valid: 0.9320, Test: 0.9398
Run: 10, Epoch: 93, Loss: 0.0001, lr: 0.000240, Train: 0.9571, Valid: 0.9327, Test: 0.9406
Run: 10, Epoch: 94, Loss: 0.0001, lr: 0.000240, Train: 0.9587, Valid: 0.9334, Test: 0.9413
Run: 10, Epoch: 95, Loss: 0.0001, lr: 0.000240, Train: 0.9602, Valid: 0.9341, Test: 0.9420
Run: 10, Epoch: 96, Loss: 0.0001, lr: 0.000240, Train: 0.9618, Valid: 0.9347, Test: 0.9426
Run: 10, Epoch: 97, Loss: 0.0001, lr: 0.000240, Train: 0.9633, Valid: 0.9353, Test: 0.9432
Run: 10, Epoch: 98, Loss: 0.0001, lr: 0.000240, Train: 0.9647, Valid: 0.9359, Test: 0.9438
Run: 10, Epoch: 99, Loss: 0.0001, lr: 0.000240, Train: 0.9662, Valid: 0.9366, Test: 0.9444
Run: 10, Epoch: 100, Loss: 0.0001, lr: 0.000240, Train: 0.9676, Valid: 0.9372, Test: 0.9450
Run 10:
Highest Train: 0.97
Highest Valid: 0.94
  Final Train: 0.97
   Final Test: 0.94
All runs:
Highest Train: 0.99  0.01
Highest Valid: 0.91  0.04
  Final Train: 0.99  0.01
   Final Test: 0.92  0.03
