Namespace(conv_layers=3, device=0, dropout=0.0, epochs=100, hidden_dim=256, log_steps=1, lr=0.001, method='gatv2', mlp_layers=2, runs=10, subset='computer_science')
Run: 01, Epoch: 01, Loss: 0.0305, lr: 0.001000, Train: 0.4853, Valid: 0.6123, Test: 0.4411
Run: 01, Epoch: 02, Loss: 0.0068, lr: 0.001000, Train: 0.6710, Valid: 0.7701, Test: 0.6114
Run: 01, Epoch: 03, Loss: 0.0082, lr: 0.001000, Train: 0.7504, Valid: 0.8327, Test: 0.6815
Run: 01, Epoch: 04, Loss: 0.0085, lr: 0.001000, Train: 0.7844, Valid: 0.8562, Test: 0.7051
Run: 01, Epoch: 05, Loss: 0.0073, lr: 0.001000, Train: 0.7950, Valid: 0.8592, Test: 0.7043
Run: 01, Epoch: 06, Loss: 0.0057, lr: 0.001000, Train: 0.7936, Valid: 0.8525, Test: 0.6931
Run: 01, Epoch: 07, Loss: 0.0041, lr: 0.001000, Train: 0.7858, Valid: 0.8447, Test: 0.6835
Run: 01, Epoch: 08, Loss: 0.0030, lr: 0.001000, Train: 0.7817, Valid: 0.8449, Test: 0.6889
Run: 01, Epoch: 09, Loss: 0.0023, lr: 0.001000, Train: 0.7861, Valid: 0.8488, Test: 0.7067
Run: 01, Epoch: 10, Loss: 0.0020, lr: 0.001000, Train: 0.7987, Valid: 0.8522, Test: 0.7268
Run: 01, Epoch: 11, Loss: 0.0019, lr: 0.001000, Train: 0.8192, Valid: 0.8601, Test: 0.7478
Run: 01, Epoch: 12, Loss: 0.0017, lr: 0.001000, Train: 0.8431, Valid: 0.8720, Test: 0.7711
Run: 01, Epoch: 13, Loss: 0.0015, lr: 0.001000, Train: 0.8639, Valid: 0.8827, Test: 0.7908
Run: 01, Epoch: 14, Loss: 0.0012, lr: 0.001000, Train: 0.8763, Valid: 0.8884, Test: 0.8018
Run: 01, Epoch: 15, Loss: 0.0010, lr: 0.001000, Train: 0.8827, Valid: 0.8927, Test: 0.8107
Run: 01, Epoch: 16, Loss: 0.0008, lr: 0.001000, Train: 0.8927, Valid: 0.8997, Test: 0.8271
Run: 01, Epoch: 17, Loss: 0.0008, lr: 0.001000, Train: 0.9074, Valid: 0.9051, Test: 0.8461
Run: 01, Epoch: 18, Loss: 0.0007, lr: 0.001000, Train: 0.9196, Valid: 0.9056, Test: 0.8589
Run: 01, Epoch: 19, Loss: 0.0006, lr: 0.001000, Train: 0.9273, Valid: 0.9066, Test: 0.8638
Run: 01, Epoch: 20, Loss: 0.0006, lr: 0.001000, Train: 0.9341, Valid: 0.9126, Test: 0.8657
Run: 01, Epoch: 21, Loss: 0.0005, lr: 0.001000, Train: 0.9435, Valid: 0.9229, Test: 0.8703
Run: 01, Epoch: 22, Loss: 0.0004, lr: 0.001000, Train: 0.9551, Valid: 0.9270, Test: 0.8780
Run: 01, Epoch: 23, Loss: 0.0004, lr: 0.001000, Train: 0.9683, Valid: 0.9300, Test: 0.8880
Run: 01, Epoch: 24, Loss: 0.0003, lr: 0.001000, Train: 0.9794, Valid: 0.9302, Test: 0.8964
Run: 01, Epoch: 25, Loss: 0.0003, lr: 0.001000, Train: 0.9856, Valid: 0.9306, Test: 0.9006
Run: 01, Epoch: 26, Loss: 0.0003, lr: 0.001000, Train: 0.9875, Valid: 0.9336, Test: 0.9012
Run: 01, Epoch: 27, Loss: 0.0003, lr: 0.001000, Train: 0.9873, Valid: 0.9354, Test: 0.9013
Run: 01, Epoch: 28, Loss: 0.0002, lr: 0.001000, Train: 0.9860, Valid: 0.9347, Test: 0.9008
Run: 01, Epoch: 29, Loss: 0.0002, lr: 0.001000, Train: 0.9845, Valid: 0.9324, Test: 0.8993
Run: 01, Epoch: 30, Loss: 0.0002, lr: 0.001000, Train: 0.9853, Valid: 0.9315, Test: 0.8996
Run: 01, Epoch: 31, Loss: 0.0002, lr: 0.001000, Train: 0.9871, Valid: 0.9320, Test: 0.9008
Run: 01, Epoch: 32, Loss: 0.0001, lr: 0.001000, Train: 0.9884, Valid: 0.9316, Test: 0.9014
Run: 01, Epoch: 33, Loss: 0.0001, lr: 0.001000, Train: 0.9887, Valid: 0.9307, Test: 0.9005
Run: 01, Epoch: 34, Loss: 0.0001, lr: 0.000700, Train: 0.9892, Valid: 0.9305, Test: 0.8994
Run: 01, Epoch: 35, Loss: 0.0001, lr: 0.000700, Train: 0.9898, Valid: 0.9308, Test: 0.8981
Run: 01, Epoch: 36, Loss: 0.0001, lr: 0.000700, Train: 0.9906, Valid: 0.9308, Test: 0.8966
Run: 01, Epoch: 37, Loss: 0.0001, lr: 0.000700, Train: 0.9913, Valid: 0.9297, Test: 0.8946
Run: 01, Epoch: 38, Loss: 0.0001, lr: 0.000700, Train: 0.9917, Valid: 0.9275, Test: 0.8921
Run: 01, Epoch: 39, Loss: 0.0001, lr: 0.000700, Train: 0.9919, Valid: 0.9261, Test: 0.8894
Run: 01, Epoch: 40, Loss: 0.0001, lr: 0.000490, Train: 0.9925, Valid: 0.9261, Test: 0.8882
Run: 01, Epoch: 41, Loss: 0.0001, lr: 0.000490, Train: 0.9932, Valid: 0.9268, Test: 0.8875
Run: 01, Epoch: 42, Loss: 0.0001, lr: 0.000490, Train: 0.9938, Valid: 0.9275, Test: 0.8871
Run: 01, Epoch: 43, Loss: 0.0001, lr: 0.000490, Train: 0.9942, Valid: 0.9276, Test: 0.8866
Run: 01, Epoch: 44, Loss: 0.0000, lr: 0.000490, Train: 0.9944, Valid: 0.9272, Test: 0.8860
Run: 01, Epoch: 45, Loss: 0.0000, lr: 0.000490, Train: 0.9947, Valid: 0.9269, Test: 0.8853
Run: 01, Epoch: 46, Loss: 0.0000, lr: 0.000343, Train: 0.9952, Valid: 0.9268, Test: 0.8850
Run: 01, Epoch: 47, Loss: 0.0000, lr: 0.000343, Train: 0.9958, Valid: 0.9270, Test: 0.8847
Run: 01, Epoch: 48, Loss: 0.0000, lr: 0.000343, Train: 0.9962, Valid: 0.9272, Test: 0.8844
Run: 01, Epoch: 49, Loss: 0.0000, lr: 0.000343, Train: 0.9965, Valid: 0.9272, Test: 0.8840
Run: 01, Epoch: 50, Loss: 0.0000, lr: 0.000343, Train: 0.9968, Valid: 0.9269, Test: 0.8835
Run: 01, Epoch: 51, Loss: 0.0000, lr: 0.000343, Train: 0.9970, Valid: 0.9265, Test: 0.8830
Run: 01, Epoch: 52, Loss: 0.0000, lr: 0.000240, Train: 0.9973, Valid: 0.9262, Test: 0.8826
Run: 01, Epoch: 53, Loss: 0.0000, lr: 0.000240, Train: 0.9976, Valid: 0.9262, Test: 0.8823
Run: 01, Epoch: 54, Loss: 0.0000, lr: 0.000240, Train: 0.9979, Valid: 0.9262, Test: 0.8819
Run: 01, Epoch: 55, Loss: 0.0000, lr: 0.000240, Train: 0.9982, Valid: 0.9262, Test: 0.8815
Run: 01, Epoch: 56, Loss: 0.0000, lr: 0.000240, Train: 0.9984, Valid: 0.9260, Test: 0.8810
Run: 01, Epoch: 57, Loss: 0.0000, lr: 0.000240, Train: 0.9986, Valid: 0.9255, Test: 0.8805
Run: 01, Epoch: 58, Loss: 0.0000, lr: 0.000168, Train: 0.9988, Valid: 0.9250, Test: 0.8801
Run: 01, Epoch: 59, Loss: 0.0000, lr: 0.000168, Train: 0.9989, Valid: 0.9245, Test: 0.8797
Run: 01, Epoch: 60, Loss: 0.0000, lr: 0.000168, Train: 0.9990, Valid: 0.9240, Test: 0.8795
Run: 01, Epoch: 61, Loss: 0.0000, lr: 0.000168, Train: 0.9991, Valid: 0.9237, Test: 0.8793
Run: 01, Epoch: 62, Loss: 0.0000, lr: 0.000168, Train: 0.9992, Valid: 0.9234, Test: 0.8791
Run: 01, Epoch: 63, Loss: 0.0000, lr: 0.000168, Train: 0.9992, Valid: 0.9232, Test: 0.8790
Run: 01, Epoch: 64, Loss: 0.0000, lr: 0.000118, Train: 0.9993, Valid: 0.9230, Test: 0.8789
Run: 01, Epoch: 65, Loss: 0.0000, lr: 0.000118, Train: 0.9993, Valid: 0.9228, Test: 0.8788
Run: 01, Epoch: 66, Loss: 0.0000, lr: 0.000118, Train: 0.9994, Valid: 0.9226, Test: 0.8786
Run: 01, Epoch: 67, Loss: 0.0000, lr: 0.000118, Train: 0.9994, Valid: 0.9223, Test: 0.8785
Run: 01, Epoch: 68, Loss: 0.0000, lr: 0.000118, Train: 0.9994, Valid: 0.9221, Test: 0.8784
Run: 01, Epoch: 69, Loss: 0.0000, lr: 0.000118, Train: 0.9995, Valid: 0.9218, Test: 0.8783
Run: 01, Epoch: 70, Loss: 0.0000, lr: 0.000082, Train: 0.9995, Valid: 0.9215, Test: 0.8781
Run: 01, Epoch: 71, Loss: 0.0000, lr: 0.000082, Train: 0.9995, Valid: 0.9213, Test: 0.8780
Run: 01, Epoch: 72, Loss: 0.0000, lr: 0.000082, Train: 0.9995, Valid: 0.9211, Test: 0.8779
Run: 01, Epoch: 73, Loss: 0.0000, lr: 0.000082, Train: 0.9995, Valid: 0.9209, Test: 0.8777
Run: 01, Epoch: 74, Loss: 0.0000, lr: 0.000082, Train: 0.9995, Valid: 0.9207, Test: 0.8776
Run: 01, Epoch: 75, Loss: 0.0000, lr: 0.000082, Train: 0.9996, Valid: 0.9205, Test: 0.8775
Run: 01, Epoch: 76, Loss: 0.0000, lr: 0.000058, Train: 0.9996, Valid: 0.9204, Test: 0.8774
Run: 01, Epoch: 77, Loss: 0.0000, lr: 0.000058, Train: 0.9996, Valid: 0.9203, Test: 0.8773
Run: 01, Epoch: 78, Loss: 0.0000, lr: 0.000058, Train: 0.9996, Valid: 0.9202, Test: 0.8772
Run: 01, Epoch: 79, Loss: 0.0000, lr: 0.000058, Train: 0.9996, Valid: 0.9201, Test: 0.8771
Run: 01, Epoch: 80, Loss: 0.0000, lr: 0.000058, Train: 0.9996, Valid: 0.9200, Test: 0.8770
Run: 01, Epoch: 81, Loss: 0.0000, lr: 0.000058, Train: 0.9996, Valid: 0.9200, Test: 0.8769
Run: 01, Epoch: 82, Loss: 0.0000, lr: 0.000040, Train: 0.9996, Valid: 0.9200, Test: 0.8769
Run: 01, Epoch: 83, Loss: 0.0000, lr: 0.000040, Train: 0.9996, Valid: 0.9199, Test: 0.8768
Run: 01, Epoch: 84, Loss: 0.0000, lr: 0.000040, Train: 0.9996, Valid: 0.9199, Test: 0.8767
Run: 01, Epoch: 85, Loss: 0.0000, lr: 0.000040, Train: 0.9996, Valid: 0.9198, Test: 0.8767
Run: 01, Epoch: 86, Loss: 0.0000, lr: 0.000040, Train: 0.9996, Valid: 0.9198, Test: 0.8766
Run: 01, Epoch: 87, Loss: 0.0000, lr: 0.000040, Train: 0.9996, Valid: 0.9198, Test: 0.8766
Run: 01, Epoch: 88, Loss: 0.0000, lr: 0.000028, Train: 0.9996, Valid: 0.9197, Test: 0.8765
Run: 01, Epoch: 89, Loss: 0.0000, lr: 0.000028, Train: 0.9996, Valid: 0.9197, Test: 0.8765
Run: 01, Epoch: 90, Loss: 0.0000, lr: 0.000028, Train: 0.9996, Valid: 0.9197, Test: 0.8764
Run: 01, Epoch: 91, Loss: 0.0000, lr: 0.000028, Train: 0.9996, Valid: 0.9196, Test: 0.8764
Run: 01, Epoch: 92, Loss: 0.0000, lr: 0.000028, Train: 0.9996, Valid: 0.9196, Test: 0.8763
Run: 01, Epoch: 93, Loss: 0.0000, lr: 0.000028, Train: 0.9996, Valid: 0.9196, Test: 0.8763
Run: 01, Epoch: 94, Loss: 0.0000, lr: 0.000020, Train: 0.9996, Valid: 0.9196, Test: 0.8762
Run: 01, Epoch: 95, Loss: 0.0000, lr: 0.000020, Train: 0.9996, Valid: 0.9195, Test: 0.8762
Run: 01, Epoch: 96, Loss: 0.0000, lr: 0.000020, Train: 0.9996, Valid: 0.9195, Test: 0.8762
Run: 01, Epoch: 97, Loss: 0.0000, lr: 0.000020, Train: 0.9996, Valid: 0.9195, Test: 0.8761
Run: 01, Epoch: 98, Loss: 0.0000, lr: 0.000020, Train: 0.9996, Valid: 0.9195, Test: 0.8761
Run: 01, Epoch: 99, Loss: 0.0000, lr: 0.000020, Train: 0.9996, Valid: 0.9195, Test: 0.8761
Run: 01, Epoch: 100, Loss: 0.0000, lr: 0.000014, Train: 0.9996, Valid: 0.9195, Test: 0.8761
Run 01:
Highest Train: 1.00
Highest Valid: 0.94
  Final Train: 0.99
   Final Test: 0.90
Run: 02, Epoch: 01, Loss: 0.0644, lr: 0.001000, Train: 0.3563, Valid: 0.3991, Test: 0.3350
Run: 02, Epoch: 02, Loss: 0.0047, lr: 0.001000, Train: 0.6117, Valid: 0.6853, Test: 0.5965
Run: 02, Epoch: 03, Loss: 0.0067, lr: 0.001000, Train: 0.7203, Valid: 0.8067, Test: 0.7167
Run: 02, Epoch: 04, Loss: 0.0091, lr: 0.001000, Train: 0.7716, Valid: 0.8600, Test: 0.7761
Run: 02, Epoch: 05, Loss: 0.0090, lr: 0.001000, Train: 0.7961, Valid: 0.8790, Test: 0.8043
Run: 02, Epoch: 06, Loss: 0.0077, lr: 0.001000, Train: 0.8073, Valid: 0.8774, Test: 0.8163
Run: 02, Epoch: 07, Loss: 0.0060, lr: 0.001000, Train: 0.8122, Valid: 0.8649, Test: 0.8193
Run: 02, Epoch: 08, Loss: 0.0046, lr: 0.001000, Train: 0.8150, Valid: 0.8477, Test: 0.8159
Run: 02, Epoch: 09, Loss: 0.0036, lr: 0.001000, Train: 0.8166, Valid: 0.8317, Test: 0.8072
Run: 02, Epoch: 10, Loss: 0.0031, lr: 0.001000, Train: 0.8200, Valid: 0.8207, Test: 0.7942
Run: 02, Epoch: 11, Loss: 0.0029, lr: 0.001000, Train: 0.8284, Valid: 0.8220, Test: 0.7841
Run: 02, Epoch: 12, Loss: 0.0027, lr: 0.000700, Train: 0.8416, Valid: 0.8315, Test: 0.7858
Run: 02, Epoch: 13, Loss: 0.0025, lr: 0.000700, Train: 0.8582, Valid: 0.8403, Test: 0.7947
Run: 02, Epoch: 14, Loss: 0.0023, lr: 0.000700, Train: 0.8765, Valid: 0.8484, Test: 0.8090
Run: 02, Epoch: 15, Loss: 0.0020, lr: 0.000700, Train: 0.8941, Valid: 0.8523, Test: 0.8257
Run: 02, Epoch: 16, Loss: 0.0018, lr: 0.000700, Train: 0.9099, Valid: 0.8483, Test: 0.8422
Run: 02, Epoch: 17, Loss: 0.0016, lr: 0.000700, Train: 0.9223, Valid: 0.8363, Test: 0.8557
Run: 02, Epoch: 18, Loss: 0.0015, lr: 0.000490, Train: 0.9304, Valid: 0.8221, Test: 0.8647
Run: 02, Epoch: 19, Loss: 0.0014, lr: 0.000490, Train: 0.9367, Valid: 0.8065, Test: 0.8712
Run: 02, Epoch: 20, Loss: 0.0013, lr: 0.000490, Train: 0.9413, Valid: 0.7917, Test: 0.8756
Run: 02, Epoch: 21, Loss: 0.0013, lr: 0.000490, Train: 0.9447, Valid: 0.7802, Test: 0.8785
Run: 02, Epoch: 22, Loss: 0.0012, lr: 0.000490, Train: 0.9468, Valid: 0.7729, Test: 0.8799
Run: 02, Epoch: 23, Loss: 0.0011, lr: 0.000490, Train: 0.9479, Valid: 0.7700, Test: 0.8807
Run: 02, Epoch: 24, Loss: 0.0011, lr: 0.000343, Train: 0.9498, Valid: 0.7685, Test: 0.8834
Run: 02, Epoch: 25, Loss: 0.0010, lr: 0.000343, Train: 0.9514, Valid: 0.7697, Test: 0.8857
Run: 02, Epoch: 26, Loss: 0.0010, lr: 0.000343, Train: 0.9530, Valid: 0.7727, Test: 0.8878
Run: 02, Epoch: 27, Loss: 0.0009, lr: 0.000343, Train: 0.9546, Valid: 0.7769, Test: 0.8900
Run: 02, Epoch: 28, Loss: 0.0009, lr: 0.000343, Train: 0.9565, Valid: 0.7816, Test: 0.8926
Run: 02, Epoch: 29, Loss: 0.0008, lr: 0.000343, Train: 0.9587, Valid: 0.7859, Test: 0.8960
Run: 02, Epoch: 30, Loss: 0.0008, lr: 0.000240, Train: 0.9619, Valid: 0.7867, Test: 0.9006
Run: 02, Epoch: 31, Loss: 0.0008, lr: 0.000240, Train: 0.9651, Valid: 0.7870, Test: 0.9052
Run: 02, Epoch: 32, Loss: 0.0007, lr: 0.000240, Train: 0.9683, Valid: 0.7865, Test: 0.9095
Run: 02, Epoch: 33, Loss: 0.0007, lr: 0.000240, Train: 0.9716, Valid: 0.7851, Test: 0.9135
Run: 02, Epoch: 34, Loss: 0.0007, lr: 0.000240, Train: 0.9746, Valid: 0.7829, Test: 0.9169
Run: 02, Epoch: 35, Loss: 0.0006, lr: 0.000240, Train: 0.9773, Valid: 0.7800, Test: 0.9198
Run: 02, Epoch: 36, Loss: 0.0006, lr: 0.000168, Train: 0.9794, Valid: 0.7763, Test: 0.9220
Run: 02, Epoch: 37, Loss: 0.0006, lr: 0.000168, Train: 0.9811, Valid: 0.7724, Test: 0.9237
Run: 02, Epoch: 38, Loss: 0.0006, lr: 0.000168, Train: 0.9826, Valid: 0.7685, Test: 0.9250
Run: 02, Epoch: 39, Loss: 0.0006, lr: 0.000168, Train: 0.9838, Valid: 0.7646, Test: 0.9260
Run: 02, Epoch: 40, Loss: 0.0005, lr: 0.000168, Train: 0.9848, Valid: 0.7609, Test: 0.9268
Run: 02, Epoch: 41, Loss: 0.0005, lr: 0.000168, Train: 0.9857, Valid: 0.7574, Test: 0.9273
Run: 02, Epoch: 42, Loss: 0.0005, lr: 0.000118, Train: 0.9863, Valid: 0.7547, Test: 0.9276
Run: 02, Epoch: 43, Loss: 0.0005, lr: 0.000118, Train: 0.9868, Valid: 0.7523, Test: 0.9278
Run: 02, Epoch: 44, Loss: 0.0005, lr: 0.000118, Train: 0.9872, Valid: 0.7502, Test: 0.9280
Run: 02, Epoch: 45, Loss: 0.0005, lr: 0.000118, Train: 0.9876, Valid: 0.7485, Test: 0.9281
Run: 02, Epoch: 46, Loss: 0.0005, lr: 0.000118, Train: 0.9880, Valid: 0.7471, Test: 0.9282
Run: 02, Epoch: 47, Loss: 0.0005, lr: 0.000118, Train: 0.9883, Valid: 0.7459, Test: 0.9282
Run: 02, Epoch: 48, Loss: 0.0005, lr: 0.000082, Train: 0.9885, Valid: 0.7451, Test: 0.9282
Run: 02, Epoch: 49, Loss: 0.0004, lr: 0.000082, Train: 0.9888, Valid: 0.7445, Test: 0.9282
Run: 02, Epoch: 50, Loss: 0.0004, lr: 0.000082, Train: 0.9890, Valid: 0.7439, Test: 0.9282
Run: 02, Epoch: 51, Loss: 0.0004, lr: 0.000082, Train: 0.9892, Valid: 0.7436, Test: 0.9282
Run: 02, Epoch: 52, Loss: 0.0004, lr: 0.000082, Train: 0.9894, Valid: 0.7433, Test: 0.9282
Run: 02, Epoch: 53, Loss: 0.0004, lr: 0.000082, Train: 0.9895, Valid: 0.7431, Test: 0.9282
Run: 02, Epoch: 54, Loss: 0.0004, lr: 0.000058, Train: 0.9897, Valid: 0.7431, Test: 0.9282
Run: 02, Epoch: 55, Loss: 0.0004, lr: 0.000058, Train: 0.9898, Valid: 0.7431, Test: 0.9281
Run: 02, Epoch: 56, Loss: 0.0004, lr: 0.000058, Train: 0.9899, Valid: 0.7432, Test: 0.9281
Run: 02, Epoch: 57, Loss: 0.0004, lr: 0.000058, Train: 0.9901, Valid: 0.7433, Test: 0.9280
Run: 02, Epoch: 58, Loss: 0.0004, lr: 0.000058, Train: 0.9902, Valid: 0.7435, Test: 0.9280
Run: 02, Epoch: 59, Loss: 0.0004, lr: 0.000058, Train: 0.9903, Valid: 0.7437, Test: 0.9279
Run: 02, Epoch: 60, Loss: 0.0004, lr: 0.000040, Train: 0.9904, Valid: 0.7440, Test: 0.9279
Run: 02, Epoch: 61, Loss: 0.0004, lr: 0.000040, Train: 0.9905, Valid: 0.7442, Test: 0.9278
Run: 02, Epoch: 62, Loss: 0.0004, lr: 0.000040, Train: 0.9905, Valid: 0.7445, Test: 0.9277
Run: 02, Epoch: 63, Loss: 0.0004, lr: 0.000040, Train: 0.9906, Valid: 0.7448, Test: 0.9277
Run: 02, Epoch: 64, Loss: 0.0004, lr: 0.000040, Train: 0.9907, Valid: 0.7451, Test: 0.9276
Run: 02, Epoch: 65, Loss: 0.0004, lr: 0.000040, Train: 0.9908, Valid: 0.7454, Test: 0.9275
Run: 02, Epoch: 66, Loss: 0.0004, lr: 0.000028, Train: 0.9908, Valid: 0.7456, Test: 0.9274
Run: 02, Epoch: 67, Loss: 0.0004, lr: 0.000028, Train: 0.9909, Valid: 0.7459, Test: 0.9274
Run: 02, Epoch: 68, Loss: 0.0004, lr: 0.000028, Train: 0.9910, Valid: 0.7461, Test: 0.9273
Run: 02, Epoch: 69, Loss: 0.0004, lr: 0.000028, Train: 0.9910, Valid: 0.7463, Test: 0.9273
Run: 02, Epoch: 70, Loss: 0.0004, lr: 0.000028, Train: 0.9911, Valid: 0.7465, Test: 0.9272
Run: 02, Epoch: 71, Loss: 0.0004, lr: 0.000028, Train: 0.9911, Valid: 0.7467, Test: 0.9271
Run: 02, Epoch: 72, Loss: 0.0004, lr: 0.000020, Train: 0.9912, Valid: 0.7468, Test: 0.9271
Run: 02, Epoch: 73, Loss: 0.0004, lr: 0.000020, Train: 0.9912, Valid: 0.7469, Test: 0.9270
Run: 02, Epoch: 74, Loss: 0.0003, lr: 0.000020, Train: 0.9912, Valid: 0.7471, Test: 0.9270
Run: 02, Epoch: 75, Loss: 0.0003, lr: 0.000020, Train: 0.9913, Valid: 0.7472, Test: 0.9269
Run: 02, Epoch: 76, Loss: 0.0003, lr: 0.000020, Train: 0.9913, Valid: 0.7473, Test: 0.9269
Run: 02, Epoch: 77, Loss: 0.0003, lr: 0.000020, Train: 0.9914, Valid: 0.7474, Test: 0.9268
Run: 02, Epoch: 78, Loss: 0.0003, lr: 0.000014, Train: 0.9914, Valid: 0.7475, Test: 0.9268
Run: 02, Epoch: 79, Loss: 0.0003, lr: 0.000014, Train: 0.9914, Valid: 0.7476, Test: 0.9267
Run: 02, Epoch: 80, Loss: 0.0003, lr: 0.000014, Train: 0.9914, Valid: 0.7476, Test: 0.9267
Run: 02, Epoch: 81, Loss: 0.0003, lr: 0.000014, Train: 0.9915, Valid: 0.7477, Test: 0.9267
Run: 02, Epoch: 82, Loss: 0.0003, lr: 0.000014, Train: 0.9915, Valid: 0.7478, Test: 0.9266
Run: 02, Epoch: 83, Loss: 0.0003, lr: 0.000014, Train: 0.9915, Valid: 0.7479, Test: 0.9266
Run: 02, Epoch: 84, Loss: 0.0003, lr: 0.000010, Train: 0.9915, Valid: 0.7480, Test: 0.9266
Run: 02, Epoch: 85, Loss: 0.0003, lr: 0.000010, Train: 0.9915, Valid: 0.7480, Test: 0.9265
Run: 02, Epoch: 86, Loss: 0.0003, lr: 0.000010, Train: 0.9916, Valid: 0.7481, Test: 0.9265
Run: 02, Epoch: 87, Loss: 0.0003, lr: 0.000010, Train: 0.9916, Valid: 0.7482, Test: 0.9265
Run: 02, Epoch: 88, Loss: 0.0003, lr: 0.000010, Train: 0.9916, Valid: 0.7483, Test: 0.9265
Run: 02, Epoch: 89, Loss: 0.0003, lr: 0.000010, Train: 0.9916, Valid: 0.7483, Test: 0.9264
Run: 02, Epoch: 90, Loss: 0.0003, lr: 0.000010, Train: 0.9916, Valid: 0.7484, Test: 0.9264
Run: 02, Epoch: 91, Loss: 0.0003, lr: 0.000010, Train: 0.9917, Valid: 0.7485, Test: 0.9264
Run: 02, Epoch: 92, Loss: 0.0003, lr: 0.000010, Train: 0.9917, Valid: 0.7485, Test: 0.9264
Run: 02, Epoch: 93, Loss: 0.0003, lr: 0.000010, Train: 0.9917, Valid: 0.7486, Test: 0.9264
Run: 02, Epoch: 94, Loss: 0.0003, lr: 0.000010, Train: 0.9917, Valid: 0.7487, Test: 0.9263
Run: 02, Epoch: 95, Loss: 0.0003, lr: 0.000010, Train: 0.9917, Valid: 0.7487, Test: 0.9263
Run: 02, Epoch: 96, Loss: 0.0003, lr: 0.000010, Train: 0.9918, Valid: 0.7488, Test: 0.9263
Run: 02, Epoch: 97, Loss: 0.0003, lr: 0.000010, Train: 0.9918, Valid: 0.7488, Test: 0.9263
Run: 02, Epoch: 98, Loss: 0.0003, lr: 0.000010, Train: 0.9918, Valid: 0.7489, Test: 0.9262
Run: 02, Epoch: 99, Loss: 0.0003, lr: 0.000010, Train: 0.9918, Valid: 0.7489, Test: 0.9262
Run: 02, Epoch: 100, Loss: 0.0003, lr: 0.000010, Train: 0.9918, Valid: 0.7490, Test: 0.9262
Run 02:
Highest Train: 0.99
Highest Valid: 0.88
  Final Train: 0.80
   Final Test: 0.80
Run: 03, Epoch: 01, Loss: 0.0609, lr: 0.001000, Train: 0.3221, Valid: 0.2442, Test: 0.3277
Run: 03, Epoch: 02, Loss: 0.0082, lr: 0.001000, Train: 0.5769, Valid: 0.5076, Test: 0.5583
Run: 03, Epoch: 03, Loss: 0.0079, lr: 0.001000, Train: 0.6850, Valid: 0.6277, Test: 0.6592
Run: 03, Epoch: 04, Loss: 0.0095, lr: 0.001000, Train: 0.7492, Valid: 0.7082, Test: 0.7242
Run: 03, Epoch: 05, Loss: 0.0094, lr: 0.001000, Train: 0.7984, Valid: 0.7786, Test: 0.7793
Run: 03, Epoch: 06, Loss: 0.0081, lr: 0.001000, Train: 0.8318, Valid: 0.8343, Test: 0.8170
Run: 03, Epoch: 07, Loss: 0.0067, lr: 0.001000, Train: 0.8483, Valid: 0.8660, Test: 0.8335
Run: 03, Epoch: 08, Loss: 0.0055, lr: 0.001000, Train: 0.8555, Valid: 0.8745, Test: 0.8379
Run: 03, Epoch: 09, Loss: 0.0044, lr: 0.001000, Train: 0.8586, Valid: 0.8606, Test: 0.8397
Run: 03, Epoch: 10, Loss: 0.0033, lr: 0.001000, Train: 0.8569, Valid: 0.8295, Test: 0.8394
Run: 03, Epoch: 11, Loss: 0.0027, lr: 0.001000, Train: 0.8503, Valid: 0.7879, Test: 0.8354
Run: 03, Epoch: 12, Loss: 0.0024, lr: 0.001000, Train: 0.8424, Valid: 0.7437, Test: 0.8286
Run: 03, Epoch: 13, Loss: 0.0023, lr: 0.001000, Train: 0.8383, Valid: 0.7086, Test: 0.8223
Run: 03, Epoch: 14, Loss: 0.0022, lr: 0.001000, Train: 0.8407, Valid: 0.6886, Test: 0.8208
Run: 03, Epoch: 15, Loss: 0.0021, lr: 0.000700, Train: 0.8498, Valid: 0.6884, Test: 0.8228
Run: 03, Epoch: 16, Loss: 0.0020, lr: 0.000700, Train: 0.8611, Valid: 0.6939, Test: 0.8288
Run: 03, Epoch: 17, Loss: 0.0019, lr: 0.000700, Train: 0.8716, Valid: 0.7016, Test: 0.8372
Run: 03, Epoch: 18, Loss: 0.0017, lr: 0.000700, Train: 0.8817, Valid: 0.7104, Test: 0.8458
Run: 03, Epoch: 19, Loss: 0.0016, lr: 0.000700, Train: 0.8906, Valid: 0.7196, Test: 0.8531
Run: 03, Epoch: 20, Loss: 0.0015, lr: 0.000700, Train: 0.8983, Valid: 0.7285, Test: 0.8591
Run: 03, Epoch: 21, Loss: 0.0014, lr: 0.000490, Train: 0.9054, Valid: 0.7402, Test: 0.8650
Run: 03, Epoch: 22, Loss: 0.0013, lr: 0.000490, Train: 0.9116, Valid: 0.7508, Test: 0.8697
Run: 03, Epoch: 23, Loss: 0.0013, lr: 0.000490, Train: 0.9172, Valid: 0.7617, Test: 0.8733
Run: 03, Epoch: 24, Loss: 0.0012, lr: 0.000490, Train: 0.9227, Valid: 0.7735, Test: 0.8765
Run: 03, Epoch: 25, Loss: 0.0012, lr: 0.000490, Train: 0.9281, Valid: 0.7856, Test: 0.8791
Run: 03, Epoch: 26, Loss: 0.0011, lr: 0.000490, Train: 0.9335, Valid: 0.7979, Test: 0.8814
Run: 03, Epoch: 27, Loss: 0.0011, lr: 0.000343, Train: 0.9394, Valid: 0.8097, Test: 0.8848
Run: 03, Epoch: 28, Loss: 0.0010, lr: 0.000343, Train: 0.9449, Valid: 0.8201, Test: 0.8875
Run: 03, Epoch: 29, Loss: 0.0010, lr: 0.000343, Train: 0.9498, Valid: 0.8290, Test: 0.8896
Run: 03, Epoch: 30, Loss: 0.0010, lr: 0.000343, Train: 0.9543, Valid: 0.8366, Test: 0.8912
Run: 03, Epoch: 31, Loss: 0.0009, lr: 0.000343, Train: 0.9584, Valid: 0.8427, Test: 0.8925
Run: 03, Epoch: 32, Loss: 0.0009, lr: 0.000343, Train: 0.9622, Valid: 0.8475, Test: 0.8938
Run: 03, Epoch: 33, Loss: 0.0009, lr: 0.000240, Train: 0.9656, Valid: 0.8516, Test: 0.8956
Run: 03, Epoch: 34, Loss: 0.0008, lr: 0.000240, Train: 0.9686, Valid: 0.8546, Test: 0.8970
Run: 03, Epoch: 35, Loss: 0.0008, lr: 0.000240, Train: 0.9712, Valid: 0.8566, Test: 0.8982
Run: 03, Epoch: 36, Loss: 0.0008, lr: 0.000240, Train: 0.9734, Valid: 0.8579, Test: 0.8991
Run: 03, Epoch: 37, Loss: 0.0008, lr: 0.000240, Train: 0.9754, Valid: 0.8585, Test: 0.8997
Run: 03, Epoch: 38, Loss: 0.0007, lr: 0.000240, Train: 0.9770, Valid: 0.8586, Test: 0.9002
Run: 03, Epoch: 39, Loss: 0.0007, lr: 0.000168, Train: 0.9782, Valid: 0.8588, Test: 0.9006
Run: 03, Epoch: 40, Loss: 0.0007, lr: 0.000168, Train: 0.9792, Valid: 0.8588, Test: 0.9008
Run: 03, Epoch: 41, Loss: 0.0007, lr: 0.000168, Train: 0.9800, Valid: 0.8585, Test: 0.9009
Run: 03, Epoch: 42, Loss: 0.0007, lr: 0.000168, Train: 0.9807, Valid: 0.8582, Test: 0.9009
Run: 03, Epoch: 43, Loss: 0.0007, lr: 0.000168, Train: 0.9813, Valid: 0.8577, Test: 0.9009
Run: 03, Epoch: 44, Loss: 0.0006, lr: 0.000168, Train: 0.9818, Valid: 0.8573, Test: 0.9008
Run: 03, Epoch: 45, Loss: 0.0006, lr: 0.000118, Train: 0.9822, Valid: 0.8572, Test: 0.9007
Run: 03, Epoch: 46, Loss: 0.0006, lr: 0.000118, Train: 0.9826, Valid: 0.8570, Test: 0.9006
Run: 03, Epoch: 47, Loss: 0.0006, lr: 0.000118, Train: 0.9829, Valid: 0.8568, Test: 0.9006
Run: 03, Epoch: 48, Loss: 0.0006, lr: 0.000118, Train: 0.9831, Valid: 0.8567, Test: 0.9006
Run: 03, Epoch: 49, Loss: 0.0006, lr: 0.000118, Train: 0.9834, Valid: 0.8566, Test: 0.9005
Run: 03, Epoch: 50, Loss: 0.0006, lr: 0.000118, Train: 0.9836, Valid: 0.8566, Test: 0.9005
Run: 03, Epoch: 51, Loss: 0.0006, lr: 0.000082, Train: 0.9838, Valid: 0.8568, Test: 0.9004
Run: 03, Epoch: 52, Loss: 0.0006, lr: 0.000082, Train: 0.9840, Valid: 0.8570, Test: 0.9004
Run: 03, Epoch: 53, Loss: 0.0006, lr: 0.000082, Train: 0.9842, Valid: 0.8572, Test: 0.9003
Run: 03, Epoch: 54, Loss: 0.0006, lr: 0.000082, Train: 0.9843, Valid: 0.8574, Test: 0.9003
Run: 03, Epoch: 55, Loss: 0.0006, lr: 0.000082, Train: 0.9845, Valid: 0.8577, Test: 0.9003
Run: 03, Epoch: 56, Loss: 0.0006, lr: 0.000082, Train: 0.9847, Valid: 0.8579, Test: 0.9002
Run: 03, Epoch: 57, Loss: 0.0006, lr: 0.000058, Train: 0.9848, Valid: 0.8581, Test: 0.9001
Run: 03, Epoch: 58, Loss: 0.0005, lr: 0.000058, Train: 0.9850, Valid: 0.8584, Test: 0.9001
Run: 03, Epoch: 59, Loss: 0.0005, lr: 0.000058, Train: 0.9851, Valid: 0.8586, Test: 0.9000
Run: 03, Epoch: 60, Loss: 0.0005, lr: 0.000058, Train: 0.9853, Valid: 0.8587, Test: 0.9000
Run: 03, Epoch: 61, Loss: 0.0005, lr: 0.000058, Train: 0.9854, Valid: 0.8588, Test: 0.8999
Run: 03, Epoch: 62, Loss: 0.0005, lr: 0.000058, Train: 0.9855, Valid: 0.8590, Test: 0.8999
Run: 03, Epoch: 63, Loss: 0.0005, lr: 0.000040, Train: 0.9857, Valid: 0.8591, Test: 0.8998
Run: 03, Epoch: 64, Loss: 0.0005, lr: 0.000040, Train: 0.9858, Valid: 0.8592, Test: 0.8998
Run: 03, Epoch: 65, Loss: 0.0005, lr: 0.000040, Train: 0.9859, Valid: 0.8593, Test: 0.8998
Run: 03, Epoch: 66, Loss: 0.0005, lr: 0.000040, Train: 0.9860, Valid: 0.8594, Test: 0.8997
Run: 03, Epoch: 67, Loss: 0.0005, lr: 0.000040, Train: 0.9861, Valid: 0.8594, Test: 0.8997
Run: 03, Epoch: 68, Loss: 0.0005, lr: 0.000040, Train: 0.9862, Valid: 0.8595, Test: 0.8997
Run: 03, Epoch: 69, Loss: 0.0005, lr: 0.000028, Train: 0.9863, Valid: 0.8595, Test: 0.8996
Run: 03, Epoch: 70, Loss: 0.0005, lr: 0.000028, Train: 0.9864, Valid: 0.8596, Test: 0.8996
Run: 03, Epoch: 71, Loss: 0.0005, lr: 0.000028, Train: 0.9864, Valid: 0.8596, Test: 0.8995
Run: 03, Epoch: 72, Loss: 0.0005, lr: 0.000028, Train: 0.9865, Valid: 0.8597, Test: 0.8995
Run: 03, Epoch: 73, Loss: 0.0005, lr: 0.000028, Train: 0.9866, Valid: 0.8597, Test: 0.8994
Run: 03, Epoch: 74, Loss: 0.0005, lr: 0.000028, Train: 0.9866, Valid: 0.8597, Test: 0.8994
Run: 03, Epoch: 75, Loss: 0.0005, lr: 0.000020, Train: 0.9867, Valid: 0.8597, Test: 0.8993
Run: 03, Epoch: 76, Loss: 0.0005, lr: 0.000020, Train: 0.9868, Valid: 0.8597, Test: 0.8993
Run: 03, Epoch: 77, Loss: 0.0005, lr: 0.000020, Train: 0.9868, Valid: 0.8597, Test: 0.8992
Run: 03, Epoch: 78, Loss: 0.0005, lr: 0.000020, Train: 0.9868, Valid: 0.8597, Test: 0.8992
Run: 03, Epoch: 79, Loss: 0.0005, lr: 0.000020, Train: 0.9869, Valid: 0.8597, Test: 0.8991
Run: 03, Epoch: 80, Loss: 0.0005, lr: 0.000020, Train: 0.9869, Valid: 0.8597, Test: 0.8991
Run: 03, Epoch: 81, Loss: 0.0005, lr: 0.000014, Train: 0.9870, Valid: 0.8597, Test: 0.8991
Run: 03, Epoch: 82, Loss: 0.0005, lr: 0.000014, Train: 0.9870, Valid: 0.8597, Test: 0.8990
Run: 03, Epoch: 83, Loss: 0.0005, lr: 0.000014, Train: 0.9870, Valid: 0.8597, Test: 0.8990
Run: 03, Epoch: 84, Loss: 0.0005, lr: 0.000014, Train: 0.9871, Valid: 0.8597, Test: 0.8989
Run: 03, Epoch: 85, Loss: 0.0005, lr: 0.000014, Train: 0.9871, Valid: 0.8597, Test: 0.8989
Run: 03, Epoch: 86, Loss: 0.0005, lr: 0.000014, Train: 0.9871, Valid: 0.8597, Test: 0.8988
Run: 03, Epoch: 87, Loss: 0.0005, lr: 0.000010, Train: 0.9871, Valid: 0.8597, Test: 0.8988
Run: 03, Epoch: 88, Loss: 0.0005, lr: 0.000010, Train: 0.9872, Valid: 0.8597, Test: 0.8988
Run: 03, Epoch: 89, Loss: 0.0005, lr: 0.000010, Train: 0.9872, Valid: 0.8597, Test: 0.8987
Run: 03, Epoch: 90, Loss: 0.0005, lr: 0.000010, Train: 0.9872, Valid: 0.8597, Test: 0.8987
Run: 03, Epoch: 91, Loss: 0.0005, lr: 0.000010, Train: 0.9872, Valid: 0.8597, Test: 0.8986
Run: 03, Epoch: 92, Loss: 0.0005, lr: 0.000010, Train: 0.9872, Valid: 0.8597, Test: 0.8986
Run: 03, Epoch: 93, Loss: 0.0005, lr: 0.000010, Train: 0.9873, Valid: 0.8597, Test: 0.8986
Run: 03, Epoch: 94, Loss: 0.0005, lr: 0.000010, Train: 0.9873, Valid: 0.8597, Test: 0.8985
Run: 03, Epoch: 95, Loss: 0.0005, lr: 0.000010, Train: 0.9873, Valid: 0.8596, Test: 0.8985
Run: 03, Epoch: 96, Loss: 0.0005, lr: 0.000010, Train: 0.9873, Valid: 0.8596, Test: 0.8985
Run: 03, Epoch: 97, Loss: 0.0005, lr: 0.000010, Train: 0.9873, Valid: 0.8596, Test: 0.8984
Run: 03, Epoch: 98, Loss: 0.0005, lr: 0.000010, Train: 0.9873, Valid: 0.8596, Test: 0.8984
Run: 03, Epoch: 99, Loss: 0.0005, lr: 0.000010, Train: 0.9874, Valid: 0.8595, Test: 0.8984
Run: 03, Epoch: 100, Loss: 0.0005, lr: 0.000010, Train: 0.9874, Valid: 0.8595, Test: 0.8984
Run 03:
Highest Train: 0.99
Highest Valid: 0.87
  Final Train: 0.86
   Final Test: 0.84
Run: 04, Epoch: 01, Loss: 0.0411, lr: 0.001000, Train: 0.3379, Valid: 0.2103, Test: 0.3955
Run: 04, Epoch: 02, Loss: 0.0054, lr: 0.001000, Train: 0.5547, Valid: 0.4524, Test: 0.5891
Run: 04, Epoch: 03, Loss: 0.0074, lr: 0.001000, Train: 0.6581, Valid: 0.5730, Test: 0.6836
Run: 04, Epoch: 04, Loss: 0.0083, lr: 0.001000, Train: 0.7178, Valid: 0.6433, Test: 0.7411
Run: 04, Epoch: 05, Loss: 0.0076, lr: 0.001000, Train: 0.7558, Valid: 0.6923, Test: 0.7836
Run: 04, Epoch: 06, Loss: 0.0062, lr: 0.001000, Train: 0.7771, Valid: 0.7205, Test: 0.8114
Run: 04, Epoch: 07, Loss: 0.0048, lr: 0.001000, Train: 0.7822, Valid: 0.7285, Test: 0.8215
Run: 04, Epoch: 08, Loss: 0.0036, lr: 0.001000, Train: 0.7720, Valid: 0.7127, Test: 0.8130
Run: 04, Epoch: 09, Loss: 0.0028, lr: 0.001000, Train: 0.7482, Valid: 0.6723, Test: 0.7863
Run: 04, Epoch: 10, Loss: 0.0025, lr: 0.001000, Train: 0.7098, Valid: 0.5962, Test: 0.7394
Run: 04, Epoch: 11, Loss: 0.0024, lr: 0.001000, Train: 0.6566, Valid: 0.4726, Test: 0.6694
Run: 04, Epoch: 12, Loss: 0.0023, lr: 0.001000, Train: 0.5906, Valid: 0.3051, Test: 0.5781
Run: 04, Epoch: 13, Loss: 0.0023, lr: 0.001000, Train: 0.5178, Valid: 0.1035, Test: 0.4738
Run: 04, Epoch: 14, Loss: 0.0021, lr: 0.000700, Train: 0.4865, Valid: -0.0048, Test: 0.4179
Run: 04, Epoch: 15, Loss: 0.0020, lr: 0.000700, Train: 0.4659, Valid: -0.0902, Test: 0.3760
Run: 04, Epoch: 16, Loss: 0.0018, lr: 0.000700, Train: 0.4601, Valid: -0.1385, Test: 0.3550
Run: 04, Epoch: 17, Loss: 0.0016, lr: 0.000700, Train: 0.4746, Valid: -0.1355, Test: 0.3630
Run: 04, Epoch: 18, Loss: 0.0015, lr: 0.000700, Train: 0.5075, Valid: -0.0843, Test: 0.3960
Run: 04, Epoch: 19, Loss: 0.0013, lr: 0.000700, Train: 0.5531, Valid: -0.0007, Test: 0.4463
Run: 04, Epoch: 20, Loss: 0.0012, lr: 0.000490, Train: 0.6092, Valid: 0.1139, Test: 0.5072
Run: 04, Epoch: 21, Loss: 0.0012, lr: 0.000490, Train: 0.6599, Valid: 0.2181, Test: 0.5620
Run: 04, Epoch: 22, Loss: 0.0012, lr: 0.000490, Train: 0.7020, Valid: 0.3028, Test: 0.6077
Run: 04, Epoch: 23, Loss: 0.0011, lr: 0.000490, Train: 0.7350, Valid: 0.3694, Test: 0.6432
Run: 04, Epoch: 24, Loss: 0.0011, lr: 0.000490, Train: 0.7595, Valid: 0.4176, Test: 0.6691
Run: 04, Epoch: 25, Loss: 0.0011, lr: 0.000490, Train: 0.7779, Valid: 0.4527, Test: 0.6880
Run: 04, Epoch: 26, Loss: 0.0010, lr: 0.000343, Train: 0.8002, Valid: 0.5017, Test: 0.7110
Run: 04, Epoch: 27, Loss: 0.0010, lr: 0.000343, Train: 0.8200, Valid: 0.5457, Test: 0.7312
Run: 04, Epoch: 28, Loss: 0.0009, lr: 0.000343, Train: 0.8382, Valid: 0.5869, Test: 0.7501
Run: 04, Epoch: 29, Loss: 0.0009, lr: 0.000343, Train: 0.8555, Valid: 0.6263, Test: 0.7679
Run: 04, Epoch: 30, Loss: 0.0009, lr: 0.000343, Train: 0.8724, Valid: 0.6658, Test: 0.7849
Run: 04, Epoch: 31, Loss: 0.0008, lr: 0.000343, Train: 0.8896, Valid: 0.7053, Test: 0.8016
Run: 04, Epoch: 32, Loss: 0.0008, lr: 0.000240, Train: 0.9066, Valid: 0.7440, Test: 0.8174
Run: 04, Epoch: 33, Loss: 0.0008, lr: 0.000240, Train: 0.9220, Valid: 0.7775, Test: 0.8308
Run: 04, Epoch: 34, Loss: 0.0008, lr: 0.000240, Train: 0.9353, Valid: 0.8051, Test: 0.8417
Run: 04, Epoch: 35, Loss: 0.0007, lr: 0.000240, Train: 0.9466, Valid: 0.8266, Test: 0.8498
Run: 04, Epoch: 36, Loss: 0.0007, lr: 0.000240, Train: 0.9557, Valid: 0.8422, Test: 0.8552
Run: 04, Epoch: 37, Loss: 0.0007, lr: 0.000240, Train: 0.9631, Valid: 0.8526, Test: 0.8585
Run: 04, Epoch: 38, Loss: 0.0007, lr: 0.000240, Train: 0.9688, Valid: 0.8588, Test: 0.8602
Run: 04, Epoch: 39, Loss: 0.0007, lr: 0.000240, Train: 0.9733, Valid: 0.8618, Test: 0.8607
Run: 04, Epoch: 40, Loss: 0.0007, lr: 0.000240, Train: 0.9767, Valid: 0.8621, Test: 0.8603
Run: 04, Epoch: 41, Loss: 0.0007, lr: 0.000240, Train: 0.9792, Valid: 0.8606, Test: 0.8593
Run: 04, Epoch: 42, Loss: 0.0006, lr: 0.000240, Train: 0.9811, Valid: 0.8575, Test: 0.8578
Run: 04, Epoch: 43, Loss: 0.0006, lr: 0.000240, Train: 0.9824, Valid: 0.8536, Test: 0.8560
Run: 04, Epoch: 44, Loss: 0.0006, lr: 0.000240, Train: 0.9832, Valid: 0.8491, Test: 0.8539
Run: 04, Epoch: 45, Loss: 0.0006, lr: 0.000240, Train: 0.9837, Valid: 0.8446, Test: 0.8517
Run: 04, Epoch: 46, Loss: 0.0006, lr: 0.000240, Train: 0.9840, Valid: 0.8400, Test: 0.8496
Run: 04, Epoch: 47, Loss: 0.0006, lr: 0.000168, Train: 0.9842, Valid: 0.8376, Test: 0.8484
Run: 04, Epoch: 48, Loss: 0.0006, lr: 0.000168, Train: 0.9844, Valid: 0.8355, Test: 0.8473
Run: 04, Epoch: 49, Loss: 0.0005, lr: 0.000168, Train: 0.9845, Valid: 0.8336, Test: 0.8464
Run: 04, Epoch: 50, Loss: 0.0005, lr: 0.000168, Train: 0.9846, Valid: 0.8322, Test: 0.8458
Run: 04, Epoch: 51, Loss: 0.0005, lr: 0.000168, Train: 0.9848, Valid: 0.8312, Test: 0.8453
Run: 04, Epoch: 52, Loss: 0.0005, lr: 0.000168, Train: 0.9850, Valid: 0.8305, Test: 0.8450
Run: 04, Epoch: 53, Loss: 0.0005, lr: 0.000118, Train: 0.9852, Valid: 0.8309, Test: 0.8453
Run: 04, Epoch: 54, Loss: 0.0005, lr: 0.000118, Train: 0.9854, Valid: 0.8312, Test: 0.8455
Run: 04, Epoch: 55, Loss: 0.0005, lr: 0.000118, Train: 0.9857, Valid: 0.8316, Test: 0.8457
Run: 04, Epoch: 56, Loss: 0.0005, lr: 0.000118, Train: 0.9859, Valid: 0.8320, Test: 0.8460
Run: 04, Epoch: 57, Loss: 0.0005, lr: 0.000118, Train: 0.9861, Valid: 0.8323, Test: 0.8462
Run: 04, Epoch: 58, Loss: 0.0005, lr: 0.000118, Train: 0.9863, Valid: 0.8325, Test: 0.8464
Run: 04, Epoch: 59, Loss: 0.0005, lr: 0.000082, Train: 0.9866, Valid: 0.8332, Test: 0.8468
Run: 04, Epoch: 60, Loss: 0.0005, lr: 0.000082, Train: 0.9868, Valid: 0.8337, Test: 0.8471
Run: 04, Epoch: 61, Loss: 0.0005, lr: 0.000082, Train: 0.9870, Valid: 0.8340, Test: 0.8474
Run: 04, Epoch: 62, Loss: 0.0005, lr: 0.000082, Train: 0.9872, Valid: 0.8342, Test: 0.8476
Run: 04, Epoch: 63, Loss: 0.0005, lr: 0.000082, Train: 0.9873, Valid: 0.8343, Test: 0.8478
Run: 04, Epoch: 64, Loss: 0.0005, lr: 0.000082, Train: 0.9875, Valid: 0.8344, Test: 0.8481
Run: 04, Epoch: 65, Loss: 0.0005, lr: 0.000058, Train: 0.9877, Valid: 0.8347, Test: 0.8484
Run: 04, Epoch: 66, Loss: 0.0005, lr: 0.000058, Train: 0.9878, Valid: 0.8350, Test: 0.8488
Run: 04, Epoch: 67, Loss: 0.0005, lr: 0.000058, Train: 0.9880, Valid: 0.8352, Test: 0.8491
Run: 04, Epoch: 68, Loss: 0.0004, lr: 0.000058, Train: 0.9881, Valid: 0.8353, Test: 0.8494
Run: 04, Epoch: 69, Loss: 0.0004, lr: 0.000058, Train: 0.9883, Valid: 0.8353, Test: 0.8496
Run: 04, Epoch: 70, Loss: 0.0004, lr: 0.000058, Train: 0.9884, Valid: 0.8353, Test: 0.8499
Run: 04, Epoch: 71, Loss: 0.0004, lr: 0.000040, Train: 0.9885, Valid: 0.8356, Test: 0.8502
Run: 04, Epoch: 72, Loss: 0.0004, lr: 0.000040, Train: 0.9886, Valid: 0.8358, Test: 0.8505
Run: 04, Epoch: 73, Loss: 0.0004, lr: 0.000040, Train: 0.9887, Valid: 0.8359, Test: 0.8508
Run: 04, Epoch: 74, Loss: 0.0004, lr: 0.000040, Train: 0.9888, Valid: 0.8361, Test: 0.8510
Run: 04, Epoch: 75, Loss: 0.0004, lr: 0.000040, Train: 0.9889, Valid: 0.8362, Test: 0.8512
Run: 04, Epoch: 76, Loss: 0.0004, lr: 0.000040, Train: 0.9889, Valid: 0.8363, Test: 0.8514
Run: 04, Epoch: 77, Loss: 0.0004, lr: 0.000028, Train: 0.9890, Valid: 0.8365, Test: 0.8517
Run: 04, Epoch: 78, Loss: 0.0004, lr: 0.000028, Train: 0.9891, Valid: 0.8366, Test: 0.8519
Run: 04, Epoch: 79, Loss: 0.0004, lr: 0.000028, Train: 0.9891, Valid: 0.8367, Test: 0.8521
Run: 04, Epoch: 80, Loss: 0.0004, lr: 0.000028, Train: 0.9892, Valid: 0.8367, Test: 0.8523
Run: 04, Epoch: 81, Loss: 0.0004, lr: 0.000028, Train: 0.9892, Valid: 0.8368, Test: 0.8524
Run: 04, Epoch: 82, Loss: 0.0004, lr: 0.000028, Train: 0.9893, Valid: 0.8368, Test: 0.8525
Run: 04, Epoch: 83, Loss: 0.0004, lr: 0.000020, Train: 0.9893, Valid: 0.8369, Test: 0.8527
Run: 04, Epoch: 84, Loss: 0.0004, lr: 0.000020, Train: 0.9893, Valid: 0.8369, Test: 0.8529
Run: 04, Epoch: 85, Loss: 0.0004, lr: 0.000020, Train: 0.9894, Valid: 0.8370, Test: 0.8530
Run: 04, Epoch: 86, Loss: 0.0004, lr: 0.000020, Train: 0.9894, Valid: 0.8370, Test: 0.8531
Run: 04, Epoch: 87, Loss: 0.0004, lr: 0.000020, Train: 0.9894, Valid: 0.8370, Test: 0.8532
Run: 04, Epoch: 88, Loss: 0.0004, lr: 0.000020, Train: 0.9894, Valid: 0.8370, Test: 0.8533
Run: 04, Epoch: 89, Loss: 0.0004, lr: 0.000014, Train: 0.9895, Valid: 0.8370, Test: 0.8534
Run: 04, Epoch: 90, Loss: 0.0004, lr: 0.000014, Train: 0.9895, Valid: 0.8370, Test: 0.8535
Run: 04, Epoch: 91, Loss: 0.0004, lr: 0.000014, Train: 0.9895, Valid: 0.8370, Test: 0.8536
Run: 04, Epoch: 92, Loss: 0.0004, lr: 0.000014, Train: 0.9895, Valid: 0.8370, Test: 0.8537
Run: 04, Epoch: 93, Loss: 0.0004, lr: 0.000014, Train: 0.9895, Valid: 0.8370, Test: 0.8538
Run: 04, Epoch: 94, Loss: 0.0004, lr: 0.000014, Train: 0.9896, Valid: 0.8370, Test: 0.8538
Run: 04, Epoch: 95, Loss: 0.0004, lr: 0.000010, Train: 0.9896, Valid: 0.8370, Test: 0.8539
Run: 04, Epoch: 96, Loss: 0.0004, lr: 0.000010, Train: 0.9896, Valid: 0.8370, Test: 0.8540
Run: 04, Epoch: 97, Loss: 0.0004, lr: 0.000010, Train: 0.9896, Valid: 0.8370, Test: 0.8540
Run: 04, Epoch: 98, Loss: 0.0004, lr: 0.000010, Train: 0.9896, Valid: 0.8369, Test: 0.8541
Run: 04, Epoch: 99, Loss: 0.0004, lr: 0.000010, Train: 0.9896, Valid: 0.8369, Test: 0.8541
Run: 04, Epoch: 100, Loss: 0.0004, lr: 0.000010, Train: 0.9896, Valid: 0.8369, Test: 0.8542
Run 04:
Highest Train: 0.99
Highest Valid: 0.86
  Final Train: 0.98
   Final Test: 0.86
Run: 05, Epoch: 01, Loss: 0.0291, lr: 0.001000, Train: 0.5575, Valid: 0.1623, Test: 0.3152
Run: 05, Epoch: 02, Loss: 0.0089, lr: 0.001000, Train: 0.6751, Valid: 0.2229, Test: 0.3610
Run: 05, Epoch: 03, Loss: 0.0104, lr: 0.001000, Train: 0.7183, Valid: 0.2397, Test: 0.3671
Run: 05, Epoch: 04, Loss: 0.0097, lr: 0.001000, Train: 0.7417, Valid: 0.2362, Test: 0.3690
Run: 05, Epoch: 05, Loss: 0.0082, lr: 0.001000, Train: 0.7598, Valid: 0.2207, Test: 0.3762
Run: 05, Epoch: 06, Loss: 0.0065, lr: 0.001000, Train: 0.7731, Valid: 0.2075, Test: 0.3952
Run: 05, Epoch: 07, Loss: 0.0047, lr: 0.001000, Train: 0.7772, Valid: 0.2135, Test: 0.4293
Run: 05, Epoch: 08, Loss: 0.0035, lr: 0.001000, Train: 0.7723, Valid: 0.2505, Test: 0.4828
Run: 05, Epoch: 09, Loss: 0.0029, lr: 0.001000, Train: 0.7631, Valid: 0.3090, Test: 0.5496
Run: 05, Epoch: 10, Loss: 0.0028, lr: 0.001000, Train: 0.7605, Valid: 0.3772, Test: 0.6165
Run: 05, Epoch: 11, Loss: 0.0029, lr: 0.001000, Train: 0.7718, Valid: 0.4451, Test: 0.6761
Run: 05, Epoch: 12, Loss: 0.0028, lr: 0.001000, Train: 0.7947, Valid: 0.5043, Test: 0.7183
Run: 05, Epoch: 13, Loss: 0.0025, lr: 0.001000, Train: 0.8225, Valid: 0.5491, Test: 0.7402
Run: 05, Epoch: 14, Loss: 0.0022, lr: 0.001000, Train: 0.8465, Valid: 0.5741, Test: 0.7377
Run: 05, Epoch: 15, Loss: 0.0018, lr: 0.001000, Train: 0.8611, Valid: 0.5739, Test: 0.7086
Run: 05, Epoch: 16, Loss: 0.0016, lr: 0.001000, Train: 0.8645, Valid: 0.5506, Test: 0.6538
Run: 05, Epoch: 17, Loss: 0.0015, lr: 0.001000, Train: 0.8579, Valid: 0.5088, Test: 0.5794
Run: 05, Epoch: 18, Loss: 0.0015, lr: 0.001000, Train: 0.8464, Valid: 0.4635, Test: 0.5036
Run: 05, Epoch: 19, Loss: 0.0015, lr: 0.001000, Train: 0.8360, Valid: 0.4284, Test: 0.4467
Run: 05, Epoch: 20, Loss: 0.0015, lr: 0.001000, Train: 0.8318, Valid: 0.4141, Test: 0.4253
Run: 05, Epoch: 21, Loss: 0.0014, lr: 0.000700, Train: 0.8421, Valid: 0.4313, Test: 0.4519
Run: 05, Epoch: 22, Loss: 0.0013, lr: 0.000700, Train: 0.8565, Valid: 0.4613, Test: 0.4971
Run: 05, Epoch: 23, Loss: 0.0012, lr: 0.000700, Train: 0.8733, Valid: 0.5007, Test: 0.5538
Run: 05, Epoch: 24, Loss: 0.0010, lr: 0.000700, Train: 0.8911, Valid: 0.5436, Test: 0.6127
Run: 05, Epoch: 25, Loss: 0.0009, lr: 0.000700, Train: 0.9085, Valid: 0.5841, Test: 0.6677
Run: 05, Epoch: 26, Loss: 0.0009, lr: 0.000700, Train: 0.9244, Valid: 0.6184, Test: 0.7150
Run: 05, Epoch: 27, Loss: 0.0008, lr: 0.000700, Train: 0.9384, Valid: 0.6459, Test: 0.7528
Run: 05, Epoch: 28, Loss: 0.0008, lr: 0.000700, Train: 0.9505, Valid: 0.6663, Test: 0.7828
Run: 05, Epoch: 29, Loss: 0.0008, lr: 0.000700, Train: 0.9602, Valid: 0.6791, Test: 0.8039
Run: 05, Epoch: 30, Loss: 0.0007, lr: 0.000700, Train: 0.9675, Valid: 0.6860, Test: 0.8178
Run: 05, Epoch: 31, Loss: 0.0007, lr: 0.000700, Train: 0.9728, Valid: 0.6890, Test: 0.8261
Run: 05, Epoch: 32, Loss: 0.0007, lr: 0.000700, Train: 0.9766, Valid: 0.6905, Test: 0.8312
Run: 05, Epoch: 33, Loss: 0.0007, lr: 0.000700, Train: 0.9792, Valid: 0.6917, Test: 0.8343
Run: 05, Epoch: 34, Loss: 0.0006, lr: 0.000700, Train: 0.9808, Valid: 0.6933, Test: 0.8361
Run: 05, Epoch: 35, Loss: 0.0006, lr: 0.000700, Train: 0.9818, Valid: 0.6954, Test: 0.8371
Run: 05, Epoch: 36, Loss: 0.0006, lr: 0.000700, Train: 0.9824, Valid: 0.6975, Test: 0.8370
Run: 05, Epoch: 37, Loss: 0.0005, lr: 0.000700, Train: 0.9828, Valid: 0.6993, Test: 0.8360
Run: 05, Epoch: 38, Loss: 0.0005, lr: 0.000700, Train: 0.9832, Valid: 0.7003, Test: 0.8346
Run: 05, Epoch: 39, Loss: 0.0005, lr: 0.000700, Train: 0.9837, Valid: 0.7007, Test: 0.8326
Run: 05, Epoch: 40, Loss: 0.0005, lr: 0.000700, Train: 0.9841, Valid: 0.7014, Test: 0.8304
Run: 05, Epoch: 41, Loss: 0.0005, lr: 0.000700, Train: 0.9848, Valid: 0.7026, Test: 0.8295
Run: 05, Epoch: 42, Loss: 0.0004, lr: 0.000700, Train: 0.9857, Valid: 0.7041, Test: 0.8306
Run: 05, Epoch: 43, Loss: 0.0004, lr: 0.000700, Train: 0.9867, Valid: 0.7060, Test: 0.8347
Run: 05, Epoch: 44, Loss: 0.0004, lr: 0.000700, Train: 0.9877, Valid: 0.7079, Test: 0.8408
Run: 05, Epoch: 45, Loss: 0.0004, lr: 0.000700, Train: 0.9885, Valid: 0.7087, Test: 0.8465
Run: 05, Epoch: 46, Loss: 0.0003, lr: 0.000700, Train: 0.9889, Valid: 0.7076, Test: 0.8499
Run: 05, Epoch: 47, Loss: 0.0003, lr: 0.000700, Train: 0.9892, Valid: 0.7041, Test: 0.8495
Run: 05, Epoch: 48, Loss: 0.0003, lr: 0.000700, Train: 0.9896, Valid: 0.6988, Test: 0.8451
Run: 05, Epoch: 49, Loss: 0.0003, lr: 0.000700, Train: 0.9900, Valid: 0.6932, Test: 0.8379
Run: 05, Epoch: 50, Loss: 0.0003, lr: 0.000700, Train: 0.9903, Valid: 0.6884, Test: 0.8296
Run: 05, Epoch: 51, Loss: 0.0003, lr: 0.000700, Train: 0.9905, Valid: 0.6858, Test: 0.8225
Run: 05, Epoch: 52, Loss: 0.0003, lr: 0.000490, Train: 0.9909, Valid: 0.6857, Test: 0.8200
Run: 05, Epoch: 53, Loss: 0.0002, lr: 0.000490, Train: 0.9913, Valid: 0.6865, Test: 0.8199
Run: 05, Epoch: 54, Loss: 0.0002, lr: 0.000490, Train: 0.9917, Valid: 0.6874, Test: 0.8215
Run: 05, Epoch: 55, Loss: 0.0002, lr: 0.000490, Train: 0.9922, Valid: 0.6882, Test: 0.8236
Run: 05, Epoch: 56, Loss: 0.0002, lr: 0.000490, Train: 0.9927, Valid: 0.6885, Test: 0.8250
Run: 05, Epoch: 57, Loss: 0.0002, lr: 0.000490, Train: 0.9932, Valid: 0.6874, Test: 0.8252
Run: 05, Epoch: 58, Loss: 0.0002, lr: 0.000343, Train: 0.9936, Valid: 0.6860, Test: 0.8245
Run: 05, Epoch: 59, Loss: 0.0002, lr: 0.000343, Train: 0.9940, Valid: 0.6842, Test: 0.8234
Run: 05, Epoch: 60, Loss: 0.0002, lr: 0.000343, Train: 0.9944, Valid: 0.6824, Test: 0.8221
Run: 05, Epoch: 61, Loss: 0.0002, lr: 0.000343, Train: 0.9948, Valid: 0.6809, Test: 0.8213
Run: 05, Epoch: 62, Loss: 0.0002, lr: 0.000343, Train: 0.9950, Valid: 0.6807, Test: 0.8210
Run: 05, Epoch: 63, Loss: 0.0002, lr: 0.000343, Train: 0.9952, Valid: 0.6809, Test: 0.8212
Run: 05, Epoch: 64, Loss: 0.0002, lr: 0.000240, Train: 0.9954, Valid: 0.6811, Test: 0.8214
Run: 05, Epoch: 65, Loss: 0.0002, lr: 0.000240, Train: 0.9955, Valid: 0.6813, Test: 0.8216
Run: 05, Epoch: 66, Loss: 0.0002, lr: 0.000240, Train: 0.9956, Valid: 0.6812, Test: 0.8218
Run: 05, Epoch: 67, Loss: 0.0001, lr: 0.000240, Train: 0.9957, Valid: 0.6809, Test: 0.8218
Run: 05, Epoch: 68, Loss: 0.0001, lr: 0.000240, Train: 0.9959, Valid: 0.6803, Test: 0.8212
Run: 05, Epoch: 69, Loss: 0.0001, lr: 0.000240, Train: 0.9960, Valid: 0.6794, Test: 0.8200
Run: 05, Epoch: 70, Loss: 0.0001, lr: 0.000168, Train: 0.9961, Valid: 0.6786, Test: 0.8186
Run: 05, Epoch: 71, Loss: 0.0001, lr: 0.000168, Train: 0.9963, Valid: 0.6778, Test: 0.8171
Run: 05, Epoch: 72, Loss: 0.0001, lr: 0.000168, Train: 0.9964, Valid: 0.6769, Test: 0.8155
Run: 05, Epoch: 73, Loss: 0.0001, lr: 0.000168, Train: 0.9965, Valid: 0.6760, Test: 0.8140
Run: 05, Epoch: 74, Loss: 0.0001, lr: 0.000168, Train: 0.9966, Valid: 0.6752, Test: 0.8127
Run: 05, Epoch: 75, Loss: 0.0001, lr: 0.000168, Train: 0.9967, Valid: 0.6744, Test: 0.8116
Run: 05, Epoch: 76, Loss: 0.0001, lr: 0.000118, Train: 0.9968, Valid: 0.6741, Test: 0.8111
Run: 05, Epoch: 77, Loss: 0.0001, lr: 0.000118, Train: 0.9968, Valid: 0.6739, Test: 0.8108
Run: 05, Epoch: 78, Loss: 0.0001, lr: 0.000118, Train: 0.9969, Valid: 0.6737, Test: 0.8106
Run: 05, Epoch: 79, Loss: 0.0001, lr: 0.000118, Train: 0.9969, Valid: 0.6737, Test: 0.8105
Run: 05, Epoch: 80, Loss: 0.0001, lr: 0.000118, Train: 0.9970, Valid: 0.6737, Test: 0.8104
Run: 05, Epoch: 81, Loss: 0.0001, lr: 0.000118, Train: 0.9970, Valid: 0.6738, Test: 0.8104
Run: 05, Epoch: 82, Loss: 0.0001, lr: 0.000082, Train: 0.9971, Valid: 0.6739, Test: 0.8103
Run: 05, Epoch: 83, Loss: 0.0001, lr: 0.000082, Train: 0.9971, Valid: 0.6740, Test: 0.8102
Run: 05, Epoch: 84, Loss: 0.0001, lr: 0.000082, Train: 0.9972, Valid: 0.6740, Test: 0.8100
Run: 05, Epoch: 85, Loss: 0.0001, lr: 0.000082, Train: 0.9972, Valid: 0.6740, Test: 0.8098
Run: 05, Epoch: 86, Loss: 0.0001, lr: 0.000082, Train: 0.9973, Valid: 0.6740, Test: 0.8096
Run: 05, Epoch: 87, Loss: 0.0001, lr: 0.000082, Train: 0.9973, Valid: 0.6738, Test: 0.8093
Run: 05, Epoch: 88, Loss: 0.0001, lr: 0.000058, Train: 0.9973, Valid: 0.6738, Test: 0.8091
Run: 05, Epoch: 89, Loss: 0.0001, lr: 0.000058, Train: 0.9973, Valid: 0.6738, Test: 0.8088
Run: 05, Epoch: 90, Loss: 0.0001, lr: 0.000058, Train: 0.9974, Valid: 0.6737, Test: 0.8086
Run: 05, Epoch: 91, Loss: 0.0001, lr: 0.000058, Train: 0.9974, Valid: 0.6736, Test: 0.8083
Run: 05, Epoch: 92, Loss: 0.0001, lr: 0.000058, Train: 0.9974, Valid: 0.6735, Test: 0.8081
Run: 05, Epoch: 93, Loss: 0.0001, lr: 0.000058, Train: 0.9974, Valid: 0.6734, Test: 0.8079
Run: 05, Epoch: 94, Loss: 0.0001, lr: 0.000040, Train: 0.9975, Valid: 0.6734, Test: 0.8078
Run: 05, Epoch: 95, Loss: 0.0001, lr: 0.000040, Train: 0.9975, Valid: 0.6734, Test: 0.8077
Run: 05, Epoch: 96, Loss: 0.0001, lr: 0.000040, Train: 0.9975, Valid: 0.6734, Test: 0.8076
Run: 05, Epoch: 97, Loss: 0.0001, lr: 0.000040, Train: 0.9975, Valid: 0.6734, Test: 0.8076
Run: 05, Epoch: 98, Loss: 0.0001, lr: 0.000040, Train: 0.9975, Valid: 0.6734, Test: 0.8075
Run: 05, Epoch: 99, Loss: 0.0001, lr: 0.000040, Train: 0.9975, Valid: 0.6734, Test: 0.8075
Run: 05, Epoch: 100, Loss: 0.0001, lr: 0.000028, Train: 0.9976, Valid: 0.6734, Test: 0.8075
Run 05:
Highest Train: 1.00
Highest Valid: 0.71
  Final Train: 0.99
   Final Test: 0.85
Run: 06, Epoch: 01, Loss: 0.0368, lr: 0.001000, Train: 0.4611, Valid: -0.5643, Test: 0.3447
Run: 06, Epoch: 02, Loss: 0.0059, lr: 0.001000, Train: 0.6270, Valid: -0.1491, Test: 0.5205
Run: 06, Epoch: 03, Loss: 0.0080, lr: 0.001000, Train: 0.6966, Valid: 0.0784, Test: 0.6051
Run: 06, Epoch: 04, Loss: 0.0082, lr: 0.001000, Train: 0.7334, Valid: 0.2088, Test: 0.6555
Run: 06, Epoch: 05, Loss: 0.0069, lr: 0.001000, Train: 0.7492, Valid: 0.2826, Test: 0.6860
Run: 06, Epoch: 06, Loss: 0.0052, lr: 0.001000, Train: 0.7487, Valid: 0.3075, Test: 0.6981
Run: 06, Epoch: 07, Loss: 0.0040, lr: 0.001000, Train: 0.7373, Valid: 0.2959, Test: 0.6950
Run: 06, Epoch: 08, Loss: 0.0032, lr: 0.001000, Train: 0.7235, Valid: 0.2629, Test: 0.6831
Run: 06, Epoch: 09, Loss: 0.0026, lr: 0.001000, Train: 0.7085, Valid: 0.2111, Test: 0.6653
Run: 06, Epoch: 10, Loss: 0.0023, lr: 0.001000, Train: 0.6948, Valid: 0.1417, Test: 0.6444
Run: 06, Epoch: 11, Loss: 0.0020, lr: 0.001000, Train: 0.6839, Valid: 0.0649, Test: 0.6238
Run: 06, Epoch: 12, Loss: 0.0019, lr: 0.001000, Train: 0.6769, Valid: -0.0130, Test: 0.6076
Run: 06, Epoch: 13, Loss: 0.0018, lr: 0.000700, Train: 0.6844, Valid: -0.0375, Test: 0.6100
Run: 06, Epoch: 14, Loss: 0.0017, lr: 0.000700, Train: 0.6955, Valid: -0.0503, Test: 0.6184
Run: 06, Epoch: 15, Loss: 0.0016, lr: 0.000700, Train: 0.7090, Valid: -0.0495, Test: 0.6319
Run: 06, Epoch: 16, Loss: 0.0015, lr: 0.000700, Train: 0.7225, Valid: -0.0408, Test: 0.6471
Run: 06, Epoch: 17, Loss: 0.0014, lr: 0.000700, Train: 0.7342, Valid: -0.0271, Test: 0.6623
Run: 06, Epoch: 18, Loss: 0.0012, lr: 0.000700, Train: 0.7419, Valid: -0.0126, Test: 0.6760
Run: 06, Epoch: 19, Loss: 0.0011, lr: 0.000490, Train: 0.7563, Valid: 0.0320, Test: 0.6954
Run: 06, Epoch: 20, Loss: 0.0011, lr: 0.000490, Train: 0.7681, Valid: 0.0726, Test: 0.7126
Run: 06, Epoch: 21, Loss: 0.0010, lr: 0.000490, Train: 0.7781, Valid: 0.1095, Test: 0.7279
Run: 06, Epoch: 22, Loss: 0.0010, lr: 0.000490, Train: 0.7876, Valid: 0.1448, Test: 0.7419
Run: 06, Epoch: 23, Loss: 0.0009, lr: 0.000490, Train: 0.7982, Valid: 0.1823, Test: 0.7555
Run: 06, Epoch: 24, Loss: 0.0009, lr: 0.000490, Train: 0.8107, Valid: 0.2233, Test: 0.7692
Run: 06, Epoch: 25, Loss: 0.0008, lr: 0.000343, Train: 0.8295, Valid: 0.2795, Test: 0.7865
Run: 06, Epoch: 26, Loss: 0.0008, lr: 0.000343, Train: 0.8477, Valid: 0.3311, Test: 0.8024
Run: 06, Epoch: 27, Loss: 0.0008, lr: 0.000343, Train: 0.8648, Valid: 0.3786, Test: 0.8168
Run: 06, Epoch: 28, Loss: 0.0007, lr: 0.000343, Train: 0.8804, Valid: 0.4218, Test: 0.8295
Run: 06, Epoch: 29, Loss: 0.0007, lr: 0.000343, Train: 0.8943, Valid: 0.4598, Test: 0.8404
Run: 06, Epoch: 30, Loss: 0.0007, lr: 0.000343, Train: 0.9064, Valid: 0.4928, Test: 0.8494
Run: 06, Epoch: 31, Loss: 0.0007, lr: 0.000343, Train: 0.9170, Valid: 0.5216, Test: 0.8570
Run: 06, Epoch: 32, Loss: 0.0006, lr: 0.000343, Train: 0.9261, Valid: 0.5462, Test: 0.8632
Run: 06, Epoch: 33, Loss: 0.0006, lr: 0.000343, Train: 0.9338, Valid: 0.5671, Test: 0.8683
Run: 06, Epoch: 34, Loss: 0.0006, lr: 0.000343, Train: 0.9405, Valid: 0.5849, Test: 0.8726
Run: 06, Epoch: 35, Loss: 0.0006, lr: 0.000343, Train: 0.9463, Valid: 0.6006, Test: 0.8762
Run: 06, Epoch: 36, Loss: 0.0006, lr: 0.000343, Train: 0.9514, Valid: 0.6142, Test: 0.8793
Run: 06, Epoch: 37, Loss: 0.0005, lr: 0.000343, Train: 0.9558, Valid: 0.6261, Test: 0.8821
Run: 06, Epoch: 38, Loss: 0.0005, lr: 0.000343, Train: 0.9596, Valid: 0.6367, Test: 0.8846
Run: 06, Epoch: 39, Loss: 0.0005, lr: 0.000343, Train: 0.9628, Valid: 0.6453, Test: 0.8868
Run: 06, Epoch: 40, Loss: 0.0005, lr: 0.000343, Train: 0.9658, Valid: 0.6525, Test: 0.8890
Run: 06, Epoch: 41, Loss: 0.0005, lr: 0.000343, Train: 0.9685, Valid: 0.6589, Test: 0.8910
Run: 06, Epoch: 42, Loss: 0.0004, lr: 0.000343, Train: 0.9710, Valid: 0.6653, Test: 0.8929
Run: 06, Epoch: 43, Loss: 0.0004, lr: 0.000343, Train: 0.9735, Valid: 0.6714, Test: 0.8947
Run: 06, Epoch: 44, Loss: 0.0004, lr: 0.000343, Train: 0.9758, Valid: 0.6776, Test: 0.8964
Run: 06, Epoch: 45, Loss: 0.0004, lr: 0.000343, Train: 0.9780, Valid: 0.6835, Test: 0.8980
Run: 06, Epoch: 46, Loss: 0.0004, lr: 0.000343, Train: 0.9802, Valid: 0.6897, Test: 0.8994
Run: 06, Epoch: 47, Loss: 0.0004, lr: 0.000343, Train: 0.9822, Valid: 0.6957, Test: 0.9008
Run: 06, Epoch: 48, Loss: 0.0004, lr: 0.000343, Train: 0.9840, Valid: 0.7010, Test: 0.9019
Run: 06, Epoch: 49, Loss: 0.0003, lr: 0.000343, Train: 0.9856, Valid: 0.7054, Test: 0.9027
Run: 06, Epoch: 50, Loss: 0.0003, lr: 0.000343, Train: 0.9869, Valid: 0.7088, Test: 0.9032
Run: 06, Epoch: 51, Loss: 0.0003, lr: 0.000343, Train: 0.9880, Valid: 0.7106, Test: 0.9035
Run: 06, Epoch: 52, Loss: 0.0003, lr: 0.000343, Train: 0.9889, Valid: 0.7108, Test: 0.9036
Run: 06, Epoch: 53, Loss: 0.0003, lr: 0.000343, Train: 0.9895, Valid: 0.7097, Test: 0.9035
Run: 06, Epoch: 54, Loss: 0.0003, lr: 0.000343, Train: 0.9900, Valid: 0.7079, Test: 0.9033
Run: 06, Epoch: 55, Loss: 0.0003, lr: 0.000343, Train: 0.9905, Valid: 0.7060, Test: 0.9031
Run: 06, Epoch: 56, Loss: 0.0003, lr: 0.000343, Train: 0.9909, Valid: 0.7047, Test: 0.9028
Run: 06, Epoch: 57, Loss: 0.0002, lr: 0.000343, Train: 0.9914, Valid: 0.7039, Test: 0.9027
Run: 06, Epoch: 58, Loss: 0.0002, lr: 0.000343, Train: 0.9919, Valid: 0.7037, Test: 0.9027
Run: 06, Epoch: 59, Loss: 0.0002, lr: 0.000240, Train: 0.9923, Valid: 0.7045, Test: 0.9029
Run: 06, Epoch: 60, Loss: 0.0002, lr: 0.000240, Train: 0.9928, Valid: 0.7054, Test: 0.9031
Run: 06, Epoch: 61, Loss: 0.0002, lr: 0.000240, Train: 0.9932, Valid: 0.7064, Test: 0.9034
Run: 06, Epoch: 62, Loss: 0.0002, lr: 0.000240, Train: 0.9935, Valid: 0.7074, Test: 0.9036
Run: 06, Epoch: 63, Loss: 0.0002, lr: 0.000240, Train: 0.9938, Valid: 0.7083, Test: 0.9039
Run: 06, Epoch: 64, Loss: 0.0002, lr: 0.000240, Train: 0.9942, Valid: 0.7091, Test: 0.9041
Run: 06, Epoch: 65, Loss: 0.0002, lr: 0.000168, Train: 0.9944, Valid: 0.7099, Test: 0.9044
Run: 06, Epoch: 66, Loss: 0.0002, lr: 0.000168, Train: 0.9946, Valid: 0.7106, Test: 0.9046
Run: 06, Epoch: 67, Loss: 0.0002, lr: 0.000168, Train: 0.9948, Valid: 0.7112, Test: 0.9048
Run: 06, Epoch: 68, Loss: 0.0002, lr: 0.000168, Train: 0.9950, Valid: 0.7116, Test: 0.9050
Run: 06, Epoch: 69, Loss: 0.0002, lr: 0.000168, Train: 0.9952, Valid: 0.7119, Test: 0.9051
Run: 06, Epoch: 70, Loss: 0.0002, lr: 0.000168, Train: 0.9954, Valid: 0.7120, Test: 0.9051
Run: 06, Epoch: 71, Loss: 0.0001, lr: 0.000168, Train: 0.9955, Valid: 0.7119, Test: 0.9051
Run: 06, Epoch: 72, Loss: 0.0001, lr: 0.000168, Train: 0.9957, Valid: 0.7117, Test: 0.9051
Run: 06, Epoch: 73, Loss: 0.0001, lr: 0.000168, Train: 0.9958, Valid: 0.7115, Test: 0.9051
Run: 06, Epoch: 74, Loss: 0.0001, lr: 0.000168, Train: 0.9960, Valid: 0.7114, Test: 0.9052
Run: 06, Epoch: 75, Loss: 0.0001, lr: 0.000168, Train: 0.9961, Valid: 0.7113, Test: 0.9052
Run: 06, Epoch: 76, Loss: 0.0001, lr: 0.000168, Train: 0.9962, Valid: 0.7112, Test: 0.9052
Run: 06, Epoch: 77, Loss: 0.0001, lr: 0.000118, Train: 0.9964, Valid: 0.7112, Test: 0.9053
Run: 06, Epoch: 78, Loss: 0.0001, lr: 0.000118, Train: 0.9965, Valid: 0.7112, Test: 0.9053
Run: 06, Epoch: 79, Loss: 0.0001, lr: 0.000118, Train: 0.9966, Valid: 0.7111, Test: 0.9053
Run: 06, Epoch: 80, Loss: 0.0001, lr: 0.000118, Train: 0.9967, Valid: 0.7110, Test: 0.9053
Run: 06, Epoch: 81, Loss: 0.0001, lr: 0.000118, Train: 0.9967, Valid: 0.7109, Test: 0.9053
Run: 06, Epoch: 82, Loss: 0.0001, lr: 0.000118, Train: 0.9968, Valid: 0.7108, Test: 0.9053
Run: 06, Epoch: 83, Loss: 0.0001, lr: 0.000082, Train: 0.9969, Valid: 0.7108, Test: 0.9053
Run: 06, Epoch: 84, Loss: 0.0001, lr: 0.000082, Train: 0.9970, Valid: 0.7108, Test: 0.9053
Run: 06, Epoch: 85, Loss: 0.0001, lr: 0.000082, Train: 0.9970, Valid: 0.7109, Test: 0.9053
Run: 06, Epoch: 86, Loss: 0.0001, lr: 0.000082, Train: 0.9971, Valid: 0.7109, Test: 0.9054
Run: 06, Epoch: 87, Loss: 0.0001, lr: 0.000082, Train: 0.9972, Valid: 0.7110, Test: 0.9054
Run: 06, Epoch: 88, Loss: 0.0001, lr: 0.000082, Train: 0.9972, Valid: 0.7110, Test: 0.9054
Run: 06, Epoch: 89, Loss: 0.0001, lr: 0.000058, Train: 0.9973, Valid: 0.7111, Test: 0.9054
Run: 06, Epoch: 90, Loss: 0.0001, lr: 0.000058, Train: 0.9973, Valid: 0.7111, Test: 0.9054
Run: 06, Epoch: 91, Loss: 0.0001, lr: 0.000058, Train: 0.9974, Valid: 0.7111, Test: 0.9055
Run: 06, Epoch: 92, Loss: 0.0001, lr: 0.000058, Train: 0.9974, Valid: 0.7111, Test: 0.9055
Run: 06, Epoch: 93, Loss: 0.0001, lr: 0.000058, Train: 0.9975, Valid: 0.7110, Test: 0.9055
Run: 06, Epoch: 94, Loss: 0.0001, lr: 0.000058, Train: 0.9975, Valid: 0.7110, Test: 0.9055
Run: 06, Epoch: 95, Loss: 0.0001, lr: 0.000040, Train: 0.9975, Valid: 0.7109, Test: 0.9055
Run: 06, Epoch: 96, Loss: 0.0001, lr: 0.000040, Train: 0.9976, Valid: 0.7108, Test: 0.9055
Run: 06, Epoch: 97, Loss: 0.0001, lr: 0.000040, Train: 0.9976, Valid: 0.7107, Test: 0.9055
Run: 06, Epoch: 98, Loss: 0.0001, lr: 0.000040, Train: 0.9976, Valid: 0.7106, Test: 0.9055
Run: 06, Epoch: 99, Loss: 0.0001, lr: 0.000040, Train: 0.9977, Valid: 0.7106, Test: 0.9055
Run: 06, Epoch: 100, Loss: 0.0001, lr: 0.000040, Train: 0.9977, Valid: 0.7105, Test: 0.9055
Run 06:
Highest Train: 1.00
Highest Valid: 0.71
  Final Train: 1.00
   Final Test: 0.91
Run: 07, Epoch: 01, Loss: 0.0695, lr: 0.001000, Train: 0.2381, Valid: -0.5676, Test: 0.0693
Run: 07, Epoch: 02, Loss: 0.0140, lr: 0.001000, Train: 0.4811, Valid: -0.1587, Test: 0.2725
Run: 07, Epoch: 03, Loss: 0.0100, lr: 0.001000, Train: 0.6182, Valid: 0.1261, Test: 0.3968
Run: 07, Epoch: 04, Loss: 0.0093, lr: 0.001000, Train: 0.7020, Valid: 0.3329, Test: 0.4930
Run: 07, Epoch: 05, Loss: 0.0089, lr: 0.001000, Train: 0.7555, Valid: 0.4758, Test: 0.5649
Run: 07, Epoch: 06, Loss: 0.0082, lr: 0.001000, Train: 0.7902, Valid: 0.5690, Test: 0.6140
Run: 07, Epoch: 07, Loss: 0.0072, lr: 0.001000, Train: 0.8114, Valid: 0.6230, Test: 0.6410
Run: 07, Epoch: 08, Loss: 0.0060, lr: 0.001000, Train: 0.8212, Valid: 0.6408, Test: 0.6507
Run: 07, Epoch: 09, Loss: 0.0047, lr: 0.001000, Train: 0.8221, Valid: 0.6314, Test: 0.6475
Run: 07, Epoch: 10, Loss: 0.0037, lr: 0.001000, Train: 0.8167, Valid: 0.6022, Test: 0.6387
Run: 07, Epoch: 11, Loss: 0.0030, lr: 0.001000, Train: 0.8109, Valid: 0.5668, Test: 0.6298
Run: 07, Epoch: 12, Loss: 0.0026, lr: 0.001000, Train: 0.8084, Valid: 0.5400, Test: 0.6247
Run: 07, Epoch: 13, Loss: 0.0024, lr: 0.001000, Train: 0.8096, Valid: 0.5291, Test: 0.6235
Run: 07, Epoch: 14, Loss: 0.0022, lr: 0.001000, Train: 0.8127, Valid: 0.5330, Test: 0.6222
Run: 07, Epoch: 15, Loss: 0.0020, lr: 0.000700, Train: 0.8204, Valid: 0.5525, Test: 0.6258
Run: 07, Epoch: 16, Loss: 0.0019, lr: 0.000700, Train: 0.8271, Valid: 0.5718, Test: 0.6267
Run: 07, Epoch: 17, Loss: 0.0017, lr: 0.000700, Train: 0.8342, Valid: 0.5874, Test: 0.6250
Run: 07, Epoch: 18, Loss: 0.0016, lr: 0.000700, Train: 0.8409, Valid: 0.5994, Test: 0.6255
Run: 07, Epoch: 19, Loss: 0.0014, lr: 0.000700, Train: 0.8485, Valid: 0.6127, Test: 0.6306
Run: 07, Epoch: 20, Loss: 0.0013, lr: 0.000700, Train: 0.8589, Valid: 0.6312, Test: 0.6416
Run: 07, Epoch: 21, Loss: 0.0012, lr: 0.000490, Train: 0.8749, Valid: 0.6622, Test: 0.6612
Run: 07, Epoch: 22, Loss: 0.0011, lr: 0.000490, Train: 0.8923, Valid: 0.6955, Test: 0.6835
Run: 07, Epoch: 23, Loss: 0.0011, lr: 0.000490, Train: 0.9097, Valid: 0.7279, Test: 0.7052
Run: 07, Epoch: 24, Loss: 0.0010, lr: 0.000490, Train: 0.9253, Valid: 0.7577, Test: 0.7236
Run: 07, Epoch: 25, Loss: 0.0009, lr: 0.000490, Train: 0.9381, Valid: 0.7816, Test: 0.7370
Run: 07, Epoch: 26, Loss: 0.0009, lr: 0.000490, Train: 0.9481, Valid: 0.7980, Test: 0.7454
Run: 07, Epoch: 27, Loss: 0.0009, lr: 0.000490, Train: 0.9558, Valid: 0.8083, Test: 0.7495
Run: 07, Epoch: 28, Loss: 0.0008, lr: 0.000490, Train: 0.9620, Valid: 0.8146, Test: 0.7506
Run: 07, Epoch: 29, Loss: 0.0008, lr: 0.000490, Train: 0.9668, Valid: 0.8179, Test: 0.7495
Run: 07, Epoch: 30, Loss: 0.0007, lr: 0.000490, Train: 0.9702, Valid: 0.8190, Test: 0.7473
Run: 07, Epoch: 31, Loss: 0.0007, lr: 0.000490, Train: 0.9729, Valid: 0.8194, Test: 0.7455
Run: 07, Epoch: 32, Loss: 0.0007, lr: 0.000490, Train: 0.9752, Valid: 0.8206, Test: 0.7448
Run: 07, Epoch: 33, Loss: 0.0006, lr: 0.000490, Train: 0.9774, Valid: 0.8227, Test: 0.7463
Run: 07, Epoch: 34, Loss: 0.0006, lr: 0.000490, Train: 0.9793, Valid: 0.8254, Test: 0.7495
Run: 07, Epoch: 35, Loss: 0.0006, lr: 0.000490, Train: 0.9810, Valid: 0.8283, Test: 0.7540
Run: 07, Epoch: 36, Loss: 0.0006, lr: 0.000490, Train: 0.9826, Valid: 0.8313, Test: 0.7587
Run: 07, Epoch: 37, Loss: 0.0005, lr: 0.000490, Train: 0.9842, Valid: 0.8345, Test: 0.7629
Run: 07, Epoch: 38, Loss: 0.0005, lr: 0.000490, Train: 0.9857, Valid: 0.8377, Test: 0.7659
Run: 07, Epoch: 39, Loss: 0.0005, lr: 0.000490, Train: 0.9871, Valid: 0.8410, Test: 0.7676
Run: 07, Epoch: 40, Loss: 0.0005, lr: 0.000490, Train: 0.9882, Valid: 0.8441, Test: 0.7679
Run: 07, Epoch: 41, Loss: 0.0005, lr: 0.000490, Train: 0.9890, Valid: 0.8473, Test: 0.7671
Run: 07, Epoch: 42, Loss: 0.0004, lr: 0.000490, Train: 0.9894, Valid: 0.8505, Test: 0.7656
Run: 07, Epoch: 43, Loss: 0.0004, lr: 0.000490, Train: 0.9897, Valid: 0.8533, Test: 0.7637
Run: 07, Epoch: 44, Loss: 0.0004, lr: 0.000490, Train: 0.9898, Valid: 0.8554, Test: 0.7617
Run: 07, Epoch: 45, Loss: 0.0004, lr: 0.000490, Train: 0.9898, Valid: 0.8571, Test: 0.7596
Run: 07, Epoch: 46, Loss: 0.0004, lr: 0.000490, Train: 0.9898, Valid: 0.8585, Test: 0.7575
Run: 07, Epoch: 47, Loss: 0.0004, lr: 0.000490, Train: 0.9899, Valid: 0.8591, Test: 0.7563
Run: 07, Epoch: 48, Loss: 0.0003, lr: 0.000490, Train: 0.9903, Valid: 0.8587, Test: 0.7559
Run: 07, Epoch: 49, Loss: 0.0003, lr: 0.000490, Train: 0.9908, Valid: 0.8579, Test: 0.7554
Run: 07, Epoch: 50, Loss: 0.0003, lr: 0.000490, Train: 0.9912, Valid: 0.8568, Test: 0.7542
Run: 07, Epoch: 51, Loss: 0.0003, lr: 0.000490, Train: 0.9917, Valid: 0.8555, Test: 0.7524
Run: 07, Epoch: 52, Loss: 0.0003, lr: 0.000490, Train: 0.9922, Valid: 0.8540, Test: 0.7504
Run: 07, Epoch: 53, Loss: 0.0003, lr: 0.000490, Train: 0.9927, Valid: 0.8519, Test: 0.7490
Run: 07, Epoch: 54, Loss: 0.0003, lr: 0.000343, Train: 0.9930, Valid: 0.8499, Test: 0.7488
Run: 07, Epoch: 55, Loss: 0.0003, lr: 0.000343, Train: 0.9933, Valid: 0.8476, Test: 0.7493
Run: 07, Epoch: 56, Loss: 0.0002, lr: 0.000343, Train: 0.9935, Valid: 0.8456, Test: 0.7502
Run: 07, Epoch: 57, Loss: 0.0002, lr: 0.000343, Train: 0.9937, Valid: 0.8443, Test: 0.7511
Run: 07, Epoch: 58, Loss: 0.0002, lr: 0.000343, Train: 0.9939, Valid: 0.8439, Test: 0.7515
Run: 07, Epoch: 59, Loss: 0.0002, lr: 0.000343, Train: 0.9941, Valid: 0.8444, Test: 0.7514
Run: 07, Epoch: 60, Loss: 0.0002, lr: 0.000240, Train: 0.9943, Valid: 0.8449, Test: 0.7512
Run: 07, Epoch: 61, Loss: 0.0002, lr: 0.000240, Train: 0.9944, Valid: 0.8455, Test: 0.7508
Run: 07, Epoch: 62, Loss: 0.0002, lr: 0.000240, Train: 0.9946, Valid: 0.8458, Test: 0.7502
Run: 07, Epoch: 63, Loss: 0.0002, lr: 0.000240, Train: 0.9947, Valid: 0.8459, Test: 0.7495
Run: 07, Epoch: 64, Loss: 0.0002, lr: 0.000240, Train: 0.9948, Valid: 0.8456, Test: 0.7488
Run: 07, Epoch: 65, Loss: 0.0002, lr: 0.000240, Train: 0.9949, Valid: 0.8451, Test: 0.7480
Run: 07, Epoch: 66, Loss: 0.0002, lr: 0.000168, Train: 0.9950, Valid: 0.8450, Test: 0.7476
Run: 07, Epoch: 67, Loss: 0.0002, lr: 0.000168, Train: 0.9951, Valid: 0.8451, Test: 0.7472
Run: 07, Epoch: 68, Loss: 0.0002, lr: 0.000168, Train: 0.9952, Valid: 0.8456, Test: 0.7469
Run: 07, Epoch: 69, Loss: 0.0002, lr: 0.000168, Train: 0.9953, Valid: 0.8463, Test: 0.7467
Run: 07, Epoch: 70, Loss: 0.0002, lr: 0.000168, Train: 0.9954, Valid: 0.8470, Test: 0.7464
Run: 07, Epoch: 71, Loss: 0.0002, lr: 0.000168, Train: 0.9955, Valid: 0.8477, Test: 0.7463
Run: 07, Epoch: 72, Loss: 0.0002, lr: 0.000118, Train: 0.9956, Valid: 0.8480, Test: 0.7462
Run: 07, Epoch: 73, Loss: 0.0002, lr: 0.000118, Train: 0.9957, Valid: 0.8482, Test: 0.7463
Run: 07, Epoch: 74, Loss: 0.0002, lr: 0.000118, Train: 0.9957, Valid: 0.8483, Test: 0.7463
Run: 07, Epoch: 75, Loss: 0.0002, lr: 0.000118, Train: 0.9958, Valid: 0.8484, Test: 0.7464
Run: 07, Epoch: 76, Loss: 0.0002, lr: 0.000118, Train: 0.9959, Valid: 0.8483, Test: 0.7465
Run: 07, Epoch: 77, Loss: 0.0002, lr: 0.000118, Train: 0.9959, Valid: 0.8482, Test: 0.7465
Run: 07, Epoch: 78, Loss: 0.0002, lr: 0.000082, Train: 0.9960, Valid: 0.8481, Test: 0.7465
Run: 07, Epoch: 79, Loss: 0.0002, lr: 0.000082, Train: 0.9960, Valid: 0.8480, Test: 0.7465
Run: 07, Epoch: 80, Loss: 0.0002, lr: 0.000082, Train: 0.9961, Valid: 0.8479, Test: 0.7464
Run: 07, Epoch: 81, Loss: 0.0002, lr: 0.000082, Train: 0.9961, Valid: 0.8478, Test: 0.7463
Run: 07, Epoch: 82, Loss: 0.0002, lr: 0.000082, Train: 0.9961, Valid: 0.8478, Test: 0.7462
Run: 07, Epoch: 83, Loss: 0.0002, lr: 0.000082, Train: 0.9962, Valid: 0.8478, Test: 0.7462
Run: 07, Epoch: 84, Loss: 0.0002, lr: 0.000058, Train: 0.9962, Valid: 0.8478, Test: 0.7461
Run: 07, Epoch: 85, Loss: 0.0001, lr: 0.000058, Train: 0.9962, Valid: 0.8478, Test: 0.7460
Run: 07, Epoch: 86, Loss: 0.0001, lr: 0.000058, Train: 0.9963, Valid: 0.8479, Test: 0.7459
Run: 07, Epoch: 87, Loss: 0.0001, lr: 0.000058, Train: 0.9963, Valid: 0.8479, Test: 0.7458
Run: 07, Epoch: 88, Loss: 0.0001, lr: 0.000058, Train: 0.9963, Valid: 0.8480, Test: 0.7458
Run: 07, Epoch: 89, Loss: 0.0001, lr: 0.000058, Train: 0.9964, Valid: 0.8481, Test: 0.7457
Run: 07, Epoch: 90, Loss: 0.0001, lr: 0.000040, Train: 0.9964, Valid: 0.8481, Test: 0.7456
Run: 07, Epoch: 91, Loss: 0.0001, lr: 0.000040, Train: 0.9964, Valid: 0.8481, Test: 0.7455
Run: 07, Epoch: 92, Loss: 0.0001, lr: 0.000040, Train: 0.9964, Valid: 0.8481, Test: 0.7455
Run: 07, Epoch: 93, Loss: 0.0001, lr: 0.000040, Train: 0.9964, Valid: 0.8481, Test: 0.7454
Run: 07, Epoch: 94, Loss: 0.0001, lr: 0.000040, Train: 0.9965, Valid: 0.8481, Test: 0.7453
Run: 07, Epoch: 95, Loss: 0.0001, lr: 0.000040, Train: 0.9965, Valid: 0.8481, Test: 0.7452
Run: 07, Epoch: 96, Loss: 0.0001, lr: 0.000028, Train: 0.9965, Valid: 0.8481, Test: 0.7451
Run: 07, Epoch: 97, Loss: 0.0001, lr: 0.000028, Train: 0.9965, Valid: 0.8480, Test: 0.7450
Run: 07, Epoch: 98, Loss: 0.0001, lr: 0.000028, Train: 0.9965, Valid: 0.8480, Test: 0.7449
Run: 07, Epoch: 99, Loss: 0.0001, lr: 0.000028, Train: 0.9965, Valid: 0.8479, Test: 0.7449
Run: 07, Epoch: 100, Loss: 0.0001, lr: 0.000028, Train: 0.9965, Valid: 0.8479, Test: 0.7448
Run 07:
Highest Train: 1.00
Highest Valid: 0.86
  Final Train: 0.99
   Final Test: 0.76
Run: 08, Epoch: 01, Loss: 0.0258, lr: 0.001000, Train: 0.4931, Valid: 0.4027, Test: 0.5162
Run: 08, Epoch: 02, Loss: 0.0111, lr: 0.001000, Train: 0.6326, Valid: 0.5312, Test: 0.6646
Run: 08, Epoch: 03, Loss: 0.0086, lr: 0.001000, Train: 0.6732, Valid: 0.5512, Test: 0.7347
Run: 08, Epoch: 04, Loss: 0.0080, lr: 0.001000, Train: 0.6844, Valid: 0.5558, Test: 0.7647
Run: 08, Epoch: 05, Loss: 0.0072, lr: 0.001000, Train: 0.6981, Valid: 0.5793, Test: 0.7771
Run: 08, Epoch: 06, Loss: 0.0056, lr: 0.001000, Train: 0.7093, Valid: 0.6062, Test: 0.7750
Run: 08, Epoch: 07, Loss: 0.0041, lr: 0.001000, Train: 0.7093, Valid: 0.6039, Test: 0.7613
Run: 08, Epoch: 08, Loss: 0.0030, lr: 0.001000, Train: 0.6932, Valid: 0.5561, Test: 0.7407
Run: 08, Epoch: 09, Loss: 0.0025, lr: 0.001000, Train: 0.6585, Valid: 0.4639, Test: 0.7168
Run: 08, Epoch: 10, Loss: 0.0023, lr: 0.001000, Train: 0.6068, Valid: 0.3426, Test: 0.6921
Run: 08, Epoch: 11, Loss: 0.0023, lr: 0.001000, Train: 0.5513, Valid: 0.2236, Test: 0.6723
Run: 08, Epoch: 12, Loss: 0.0024, lr: 0.001000, Train: 0.5079, Valid: 0.1302, Test: 0.6582
Run: 08, Epoch: 13, Loss: 0.0023, lr: 0.000700, Train: 0.5096, Valid: 0.1164, Test: 0.6599
Run: 08, Epoch: 14, Loss: 0.0021, lr: 0.000700, Train: 0.5249, Valid: 0.1298, Test: 0.6633
Run: 08, Epoch: 15, Loss: 0.0017, lr: 0.000700, Train: 0.5474, Valid: 0.1601, Test: 0.6674
Run: 08, Epoch: 16, Loss: 0.0015, lr: 0.000700, Train: 0.5720, Valid: 0.1990, Test: 0.6724
Run: 08, Epoch: 17, Loss: 0.0013, lr: 0.000700, Train: 0.5928, Valid: 0.2351, Test: 0.6771
Run: 08, Epoch: 18, Loss: 0.0012, lr: 0.000700, Train: 0.6088, Valid: 0.2635, Test: 0.6821
Run: 08, Epoch: 19, Loss: 0.0012, lr: 0.000490, Train: 0.6356, Valid: 0.3049, Test: 0.6973
Run: 08, Epoch: 20, Loss: 0.0012, lr: 0.000490, Train: 0.6597, Valid: 0.3408, Test: 0.7123
Run: 08, Epoch: 21, Loss: 0.0012, lr: 0.000490, Train: 0.6824, Valid: 0.3736, Test: 0.7270
Run: 08, Epoch: 22, Loss: 0.0011, lr: 0.000490, Train: 0.7041, Valid: 0.4056, Test: 0.7411
Run: 08, Epoch: 23, Loss: 0.0011, lr: 0.000490, Train: 0.7240, Valid: 0.4373, Test: 0.7535
Run: 08, Epoch: 24, Loss: 0.0010, lr: 0.000490, Train: 0.7437, Valid: 0.4698, Test: 0.7643
Run: 08, Epoch: 25, Loss: 0.0010, lr: 0.000343, Train: 0.7700, Valid: 0.5117, Test: 0.7789
Run: 08, Epoch: 26, Loss: 0.0009, lr: 0.000343, Train: 0.7943, Valid: 0.5508, Test: 0.7917
Run: 08, Epoch: 27, Loss: 0.0009, lr: 0.000343, Train: 0.8162, Valid: 0.5868, Test: 0.8029
Run: 08, Epoch: 28, Loss: 0.0008, lr: 0.000343, Train: 0.8358, Valid: 0.6191, Test: 0.8127
Run: 08, Epoch: 29, Loss: 0.0008, lr: 0.000343, Train: 0.8527, Valid: 0.6464, Test: 0.8213
Run: 08, Epoch: 30, Loss: 0.0008, lr: 0.000343, Train: 0.8671, Valid: 0.6695, Test: 0.8289
Run: 08, Epoch: 31, Loss: 0.0007, lr: 0.000343, Train: 0.8795, Valid: 0.6885, Test: 0.8359
Run: 08, Epoch: 32, Loss: 0.0007, lr: 0.000343, Train: 0.8902, Valid: 0.7038, Test: 0.8424
Run: 08, Epoch: 33, Loss: 0.0007, lr: 0.000343, Train: 0.8995, Valid: 0.7169, Test: 0.8486
Run: 08, Epoch: 34, Loss: 0.0006, lr: 0.000343, Train: 0.9078, Valid: 0.7284, Test: 0.8550
Run: 08, Epoch: 35, Loss: 0.0006, lr: 0.000343, Train: 0.9150, Valid: 0.7374, Test: 0.8610
Run: 08, Epoch: 36, Loss: 0.0006, lr: 0.000343, Train: 0.9208, Valid: 0.7441, Test: 0.8662
Run: 08, Epoch: 37, Loss: 0.0006, lr: 0.000343, Train: 0.9256, Valid: 0.7488, Test: 0.8706
Run: 08, Epoch: 38, Loss: 0.0006, lr: 0.000343, Train: 0.9297, Valid: 0.7526, Test: 0.8743
Run: 08, Epoch: 39, Loss: 0.0005, lr: 0.000343, Train: 0.9337, Valid: 0.7562, Test: 0.8777
Run: 08, Epoch: 40, Loss: 0.0005, lr: 0.000343, Train: 0.9377, Valid: 0.7596, Test: 0.8807
Run: 08, Epoch: 41, Loss: 0.0005, lr: 0.000343, Train: 0.9415, Valid: 0.7633, Test: 0.8832
Run: 08, Epoch: 42, Loss: 0.0005, lr: 0.000343, Train: 0.9451, Valid: 0.7672, Test: 0.8853
Run: 08, Epoch: 43, Loss: 0.0005, lr: 0.000343, Train: 0.9485, Valid: 0.7715, Test: 0.8868
Run: 08, Epoch: 44, Loss: 0.0005, lr: 0.000343, Train: 0.9516, Valid: 0.7757, Test: 0.8879
Run: 08, Epoch: 45, Loss: 0.0004, lr: 0.000343, Train: 0.9544, Valid: 0.7799, Test: 0.8887
Run: 08, Epoch: 46, Loss: 0.0004, lr: 0.000343, Train: 0.9569, Valid: 0.7842, Test: 0.8894
Run: 08, Epoch: 47, Loss: 0.0004, lr: 0.000343, Train: 0.9594, Valid: 0.7883, Test: 0.8902
Run: 08, Epoch: 48, Loss: 0.0004, lr: 0.000343, Train: 0.9616, Valid: 0.7920, Test: 0.8911
Run: 08, Epoch: 49, Loss: 0.0004, lr: 0.000343, Train: 0.9640, Valid: 0.7956, Test: 0.8924
Run: 08, Epoch: 50, Loss: 0.0004, lr: 0.000343, Train: 0.9664, Valid: 0.7991, Test: 0.8941
Run: 08, Epoch: 51, Loss: 0.0003, lr: 0.000343, Train: 0.9689, Valid: 0.8022, Test: 0.8959
Run: 08, Epoch: 52, Loss: 0.0003, lr: 0.000343, Train: 0.9714, Valid: 0.8050, Test: 0.8979
Run: 08, Epoch: 53, Loss: 0.0003, lr: 0.000343, Train: 0.9736, Valid: 0.8073, Test: 0.8997
Run: 08, Epoch: 54, Loss: 0.0003, lr: 0.000343, Train: 0.9756, Valid: 0.8090, Test: 0.9014
Run: 08, Epoch: 55, Loss: 0.0003, lr: 0.000343, Train: 0.9774, Valid: 0.8101, Test: 0.9029
Run: 08, Epoch: 56, Loss: 0.0003, lr: 0.000343, Train: 0.9790, Valid: 0.8107, Test: 0.9042
Run: 08, Epoch: 57, Loss: 0.0003, lr: 0.000343, Train: 0.9804, Valid: 0.8110, Test: 0.9053
Run: 08, Epoch: 58, Loss: 0.0003, lr: 0.000343, Train: 0.9817, Valid: 0.8113, Test: 0.9062
Run: 08, Epoch: 59, Loss: 0.0003, lr: 0.000343, Train: 0.9828, Valid: 0.8115, Test: 0.9068
Run: 08, Epoch: 60, Loss: 0.0002, lr: 0.000343, Train: 0.9837, Valid: 0.8115, Test: 0.9071
Run: 08, Epoch: 61, Loss: 0.0002, lr: 0.000343, Train: 0.9845, Valid: 0.8114, Test: 0.9075
Run: 08, Epoch: 62, Loss: 0.0002, lr: 0.000343, Train: 0.9852, Valid: 0.8110, Test: 0.9079
Run: 08, Epoch: 63, Loss: 0.0002, lr: 0.000343, Train: 0.9858, Valid: 0.8104, Test: 0.9081
Run: 08, Epoch: 64, Loss: 0.0002, lr: 0.000343, Train: 0.9865, Valid: 0.8096, Test: 0.9083
Run: 08, Epoch: 65, Loss: 0.0002, lr: 0.000343, Train: 0.9871, Valid: 0.8089, Test: 0.9085
Run: 08, Epoch: 66, Loss: 0.0002, lr: 0.000240, Train: 0.9879, Valid: 0.8091, Test: 0.9093
Run: 08, Epoch: 67, Loss: 0.0002, lr: 0.000240, Train: 0.9887, Valid: 0.8094, Test: 0.9101
Run: 08, Epoch: 68, Loss: 0.0002, lr: 0.000240, Train: 0.9895, Valid: 0.8096, Test: 0.9110
Run: 08, Epoch: 69, Loss: 0.0002, lr: 0.000240, Train: 0.9902, Valid: 0.8098, Test: 0.9118
Run: 08, Epoch: 70, Loss: 0.0002, lr: 0.000240, Train: 0.9909, Valid: 0.8099, Test: 0.9126
Run: 08, Epoch: 71, Loss: 0.0002, lr: 0.000240, Train: 0.9915, Valid: 0.8100, Test: 0.9134
Run: 08, Epoch: 72, Loss: 0.0002, lr: 0.000168, Train: 0.9921, Valid: 0.8104, Test: 0.9142
Run: 08, Epoch: 73, Loss: 0.0002, lr: 0.000168, Train: 0.9926, Valid: 0.8108, Test: 0.9150
Run: 08, Epoch: 74, Loss: 0.0002, lr: 0.000168, Train: 0.9931, Valid: 0.8111, Test: 0.9157
Run: 08, Epoch: 75, Loss: 0.0002, lr: 0.000168, Train: 0.9935, Valid: 0.8114, Test: 0.9163
Run: 08, Epoch: 76, Loss: 0.0002, lr: 0.000168, Train: 0.9938, Valid: 0.8115, Test: 0.9169
Run: 08, Epoch: 77, Loss: 0.0001, lr: 0.000168, Train: 0.9941, Valid: 0.8117, Test: 0.9174
Run: 08, Epoch: 78, Loss: 0.0001, lr: 0.000168, Train: 0.9944, Valid: 0.8117, Test: 0.9178
Run: 08, Epoch: 79, Loss: 0.0001, lr: 0.000168, Train: 0.9947, Valid: 0.8116, Test: 0.9182
Run: 08, Epoch: 80, Loss: 0.0001, lr: 0.000168, Train: 0.9949, Valid: 0.8115, Test: 0.9185
Run: 08, Epoch: 81, Loss: 0.0001, lr: 0.000168, Train: 0.9951, Valid: 0.8115, Test: 0.9188
Run: 08, Epoch: 82, Loss: 0.0001, lr: 0.000168, Train: 0.9952, Valid: 0.8115, Test: 0.9191
Run: 08, Epoch: 83, Loss: 0.0001, lr: 0.000168, Train: 0.9954, Valid: 0.8115, Test: 0.9193
Run: 08, Epoch: 84, Loss: 0.0001, lr: 0.000118, Train: 0.9956, Valid: 0.8115, Test: 0.9196
Run: 08, Epoch: 85, Loss: 0.0001, lr: 0.000118, Train: 0.9957, Valid: 0.8115, Test: 0.9198
Run: 08, Epoch: 86, Loss: 0.0001, lr: 0.000118, Train: 0.9958, Valid: 0.8115, Test: 0.9200
Run: 08, Epoch: 87, Loss: 0.0001, lr: 0.000118, Train: 0.9959, Valid: 0.8114, Test: 0.9201
Run: 08, Epoch: 88, Loss: 0.0001, lr: 0.000118, Train: 0.9960, Valid: 0.8112, Test: 0.9201
Run: 08, Epoch: 89, Loss: 0.0001, lr: 0.000118, Train: 0.9961, Valid: 0.8110, Test: 0.9202
Run: 08, Epoch: 90, Loss: 0.0001, lr: 0.000082, Train: 0.9962, Valid: 0.8109, Test: 0.9202
Run: 08, Epoch: 91, Loss: 0.0001, lr: 0.000082, Train: 0.9963, Valid: 0.8109, Test: 0.9202
Run: 08, Epoch: 92, Loss: 0.0001, lr: 0.000082, Train: 0.9964, Valid: 0.8108, Test: 0.9202
Run: 08, Epoch: 93, Loss: 0.0001, lr: 0.000082, Train: 0.9965, Valid: 0.8108, Test: 0.9203
Run: 08, Epoch: 94, Loss: 0.0001, lr: 0.000082, Train: 0.9966, Valid: 0.8108, Test: 0.9203
Run: 08, Epoch: 95, Loss: 0.0001, lr: 0.000082, Train: 0.9966, Valid: 0.8108, Test: 0.9203
Run: 08, Epoch: 96, Loss: 0.0001, lr: 0.000058, Train: 0.9967, Valid: 0.8107, Test: 0.9203
Run: 08, Epoch: 97, Loss: 0.0001, lr: 0.000058, Train: 0.9968, Valid: 0.8107, Test: 0.9203
Run: 08, Epoch: 98, Loss: 0.0001, lr: 0.000058, Train: 0.9968, Valid: 0.8106, Test: 0.9203
Run: 08, Epoch: 99, Loss: 0.0001, lr: 0.000058, Train: 0.9969, Valid: 0.8105, Test: 0.9203
Run: 08, Epoch: 100, Loss: 0.0001, lr: 0.000058, Train: 0.9970, Valid: 0.8105, Test: 0.9203
Run 08:
Highest Train: 1.00
Highest Valid: 0.81
  Final Train: 0.99
   Final Test: 0.92
Run: 09, Epoch: 01, Loss: 0.0679, lr: 0.001000, Train: 0.3132, Valid: 0.4294, Test: 0.1985
Run: 09, Epoch: 02, Loss: 0.0041, lr: 0.001000, Train: 0.5294, Valid: 0.6438, Test: 0.4671
Run: 09, Epoch: 03, Loss: 0.0094, lr: 0.001000, Train: 0.6251, Valid: 0.7166, Test: 0.5731
Run: 09, Epoch: 04, Loss: 0.0106, lr: 0.001000, Train: 0.6794, Valid: 0.7483, Test: 0.6173
Run: 09, Epoch: 05, Loss: 0.0092, lr: 0.001000, Train: 0.7069, Valid: 0.7632, Test: 0.6230
Run: 09, Epoch: 06, Loss: 0.0075, lr: 0.001000, Train: 0.7205, Valid: 0.7743, Test: 0.6123
Run: 09, Epoch: 07, Loss: 0.0059, lr: 0.001000, Train: 0.7257, Valid: 0.7880, Test: 0.6001
Run: 09, Epoch: 08, Loss: 0.0044, lr: 0.001000, Train: 0.7265, Valid: 0.8071, Test: 0.5951
Run: 09, Epoch: 09, Loss: 0.0033, lr: 0.001000, Train: 0.7231, Valid: 0.8239, Test: 0.5958
Run: 09, Epoch: 10, Loss: 0.0028, lr: 0.001000, Train: 0.7156, Valid: 0.8334, Test: 0.5909
Run: 09, Epoch: 11, Loss: 0.0029, lr: 0.001000, Train: 0.7083, Valid: 0.8355, Test: 0.5776
Run: 09, Epoch: 12, Loss: 0.0031, lr: 0.001000, Train: 0.7083, Valid: 0.8351, Test: 0.5649
Run: 09, Epoch: 13, Loss: 0.0031, lr: 0.001000, Train: 0.7163, Valid: 0.8330, Test: 0.5580
Run: 09, Epoch: 14, Loss: 0.0028, lr: 0.001000, Train: 0.7306, Valid: 0.8297, Test: 0.5604
Run: 09, Epoch: 15, Loss: 0.0025, lr: 0.001000, Train: 0.7499, Valid: 0.8280, Test: 0.5743
Run: 09, Epoch: 16, Loss: 0.0021, lr: 0.001000, Train: 0.7716, Valid: 0.8262, Test: 0.5981
Run: 09, Epoch: 17, Loss: 0.0018, lr: 0.001000, Train: 0.7934, Valid: 0.8231, Test: 0.6274
Run: 09, Epoch: 18, Loss: 0.0016, lr: 0.000700, Train: 0.8146, Valid: 0.8245, Test: 0.6595
Run: 09, Epoch: 19, Loss: 0.0016, lr: 0.000700, Train: 0.8336, Valid: 0.8248, Test: 0.6895
Run: 09, Epoch: 20, Loss: 0.0016, lr: 0.000700, Train: 0.8503, Valid: 0.8243, Test: 0.7153
Run: 09, Epoch: 21, Loss: 0.0016, lr: 0.000700, Train: 0.8642, Valid: 0.8220, Test: 0.7354
Run: 09, Epoch: 22, Loss: 0.0016, lr: 0.000700, Train: 0.8753, Valid: 0.8192, Test: 0.7501
Run: 09, Epoch: 23, Loss: 0.0016, lr: 0.000700, Train: 0.8836, Valid: 0.8154, Test: 0.7593
Run: 09, Epoch: 24, Loss: 0.0015, lr: 0.000490, Train: 0.8935, Valid: 0.8171, Test: 0.7699
Run: 09, Epoch: 25, Loss: 0.0015, lr: 0.000490, Train: 0.9015, Valid: 0.8184, Test: 0.7772
Run: 09, Epoch: 26, Loss: 0.0014, lr: 0.000490, Train: 0.9082, Valid: 0.8198, Test: 0.7826
Run: 09, Epoch: 27, Loss: 0.0013, lr: 0.000490, Train: 0.9140, Valid: 0.8219, Test: 0.7871
Run: 09, Epoch: 28, Loss: 0.0013, lr: 0.000490, Train: 0.9192, Valid: 0.8247, Test: 0.7919
Run: 09, Epoch: 29, Loss: 0.0012, lr: 0.000490, Train: 0.9244, Valid: 0.8281, Test: 0.7977
Run: 09, Epoch: 30, Loss: 0.0011, lr: 0.000343, Train: 0.9310, Valid: 0.8337, Test: 0.8063
Run: 09, Epoch: 31, Loss: 0.0011, lr: 0.000343, Train: 0.9371, Valid: 0.8395, Test: 0.8146
Run: 09, Epoch: 32, Loss: 0.0010, lr: 0.000343, Train: 0.9427, Valid: 0.8450, Test: 0.8226
Run: 09, Epoch: 33, Loss: 0.0010, lr: 0.000343, Train: 0.9478, Valid: 0.8502, Test: 0.8302
Run: 09, Epoch: 34, Loss: 0.0010, lr: 0.000343, Train: 0.9524, Valid: 0.8549, Test: 0.8373
Run: 09, Epoch: 35, Loss: 0.0010, lr: 0.000343, Train: 0.9564, Valid: 0.8588, Test: 0.8436
Run: 09, Epoch: 36, Loss: 0.0009, lr: 0.000343, Train: 0.9601, Valid: 0.8619, Test: 0.8492
Run: 09, Epoch: 37, Loss: 0.0009, lr: 0.000343, Train: 0.9633, Valid: 0.8642, Test: 0.8537
Run: 09, Epoch: 38, Loss: 0.0009, lr: 0.000343, Train: 0.9661, Valid: 0.8656, Test: 0.8572
Run: 09, Epoch: 39, Loss: 0.0009, lr: 0.000343, Train: 0.9685, Valid: 0.8661, Test: 0.8597
Run: 09, Epoch: 40, Loss: 0.0009, lr: 0.000343, Train: 0.9706, Valid: 0.8657, Test: 0.8614
Run: 09, Epoch: 41, Loss: 0.0008, lr: 0.000343, Train: 0.9723, Valid: 0.8646, Test: 0.8625
Run: 09, Epoch: 42, Loss: 0.0008, lr: 0.000343, Train: 0.9737, Valid: 0.8631, Test: 0.8632
Run: 09, Epoch: 43, Loss: 0.0008, lr: 0.000343, Train: 0.9750, Valid: 0.8615, Test: 0.8638
Run: 09, Epoch: 44, Loss: 0.0008, lr: 0.000343, Train: 0.9761, Valid: 0.8601, Test: 0.8645
Run: 09, Epoch: 45, Loss: 0.0007, lr: 0.000343, Train: 0.9770, Valid: 0.8590, Test: 0.8655
Run: 09, Epoch: 46, Loss: 0.0007, lr: 0.000240, Train: 0.9779, Valid: 0.8590, Test: 0.8669
Run: 09, Epoch: 47, Loss: 0.0007, lr: 0.000240, Train: 0.9786, Valid: 0.8593, Test: 0.8684
Run: 09, Epoch: 48, Loss: 0.0007, lr: 0.000240, Train: 0.9793, Valid: 0.8599, Test: 0.8700
Run: 09, Epoch: 49, Loss: 0.0007, lr: 0.000240, Train: 0.9799, Valid: 0.8608, Test: 0.8717
Run: 09, Epoch: 50, Loss: 0.0007, lr: 0.000240, Train: 0.9805, Valid: 0.8620, Test: 0.8733
Run: 09, Epoch: 51, Loss: 0.0006, lr: 0.000240, Train: 0.9810, Valid: 0.8633, Test: 0.8748
Run: 09, Epoch: 52, Loss: 0.0006, lr: 0.000168, Train: 0.9816, Valid: 0.8644, Test: 0.8760
Run: 09, Epoch: 53, Loss: 0.0006, lr: 0.000168, Train: 0.9821, Valid: 0.8655, Test: 0.8771
Run: 09, Epoch: 54, Loss: 0.0006, lr: 0.000168, Train: 0.9826, Valid: 0.8665, Test: 0.8780
Run: 09, Epoch: 55, Loss: 0.0006, lr: 0.000168, Train: 0.9831, Valid: 0.8674, Test: 0.8788
Run: 09, Epoch: 56, Loss: 0.0006, lr: 0.000168, Train: 0.9835, Valid: 0.8682, Test: 0.8795
Run: 09, Epoch: 57, Loss: 0.0006, lr: 0.000168, Train: 0.9840, Valid: 0.8689, Test: 0.8801
Run: 09, Epoch: 58, Loss: 0.0006, lr: 0.000168, Train: 0.9844, Valid: 0.8694, Test: 0.8807
Run: 09, Epoch: 59, Loss: 0.0006, lr: 0.000168, Train: 0.9848, Valid: 0.8698, Test: 0.8812
Run: 09, Epoch: 60, Loss: 0.0006, lr: 0.000168, Train: 0.9852, Valid: 0.8702, Test: 0.8817
Run: 09, Epoch: 61, Loss: 0.0005, lr: 0.000168, Train: 0.9856, Valid: 0.8704, Test: 0.8821
Run: 09, Epoch: 62, Loss: 0.0005, lr: 0.000168, Train: 0.9859, Valid: 0.8705, Test: 0.8825
Run: 09, Epoch: 63, Loss: 0.0005, lr: 0.000168, Train: 0.9863, Valid: 0.8704, Test: 0.8828
Run: 09, Epoch: 64, Loss: 0.0005, lr: 0.000168, Train: 0.9866, Valid: 0.8701, Test: 0.8831
Run: 09, Epoch: 65, Loss: 0.0005, lr: 0.000168, Train: 0.9868, Valid: 0.8698, Test: 0.8833
Run: 09, Epoch: 66, Loss: 0.0005, lr: 0.000168, Train: 0.9871, Valid: 0.8694, Test: 0.8834
Run: 09, Epoch: 67, Loss: 0.0005, lr: 0.000168, Train: 0.9873, Valid: 0.8689, Test: 0.8836
Run: 09, Epoch: 68, Loss: 0.0005, lr: 0.000118, Train: 0.9875, Valid: 0.8684, Test: 0.8836
Run: 09, Epoch: 69, Loss: 0.0005, lr: 0.000118, Train: 0.9877, Valid: 0.8679, Test: 0.8837
Run: 09, Epoch: 70, Loss: 0.0005, lr: 0.000118, Train: 0.9878, Valid: 0.8674, Test: 0.8838
Run: 09, Epoch: 71, Loss: 0.0005, lr: 0.000118, Train: 0.9880, Valid: 0.8669, Test: 0.8839
Run: 09, Epoch: 72, Loss: 0.0005, lr: 0.000118, Train: 0.9882, Valid: 0.8665, Test: 0.8839
Run: 09, Epoch: 73, Loss: 0.0005, lr: 0.000118, Train: 0.9883, Valid: 0.8660, Test: 0.8840
Run: 09, Epoch: 74, Loss: 0.0005, lr: 0.000082, Train: 0.9884, Valid: 0.8656, Test: 0.8841
Run: 09, Epoch: 75, Loss: 0.0005, lr: 0.000082, Train: 0.9885, Valid: 0.8653, Test: 0.8842
Run: 09, Epoch: 76, Loss: 0.0005, lr: 0.000082, Train: 0.9887, Valid: 0.8651, Test: 0.8843
Run: 09, Epoch: 77, Loss: 0.0004, lr: 0.000082, Train: 0.9888, Valid: 0.8648, Test: 0.8845
Run: 09, Epoch: 78, Loss: 0.0004, lr: 0.000082, Train: 0.9889, Valid: 0.8646, Test: 0.8846
Run: 09, Epoch: 79, Loss: 0.0004, lr: 0.000082, Train: 0.9890, Valid: 0.8644, Test: 0.8848
Run: 09, Epoch: 80, Loss: 0.0004, lr: 0.000058, Train: 0.9891, Valid: 0.8642, Test: 0.8849
Run: 09, Epoch: 81, Loss: 0.0004, lr: 0.000058, Train: 0.9891, Valid: 0.8640, Test: 0.8850
Run: 09, Epoch: 82, Loss: 0.0004, lr: 0.000058, Train: 0.9892, Valid: 0.8638, Test: 0.8851
Run: 09, Epoch: 83, Loss: 0.0004, lr: 0.000058, Train: 0.9893, Valid: 0.8637, Test: 0.8852
Run: 09, Epoch: 84, Loss: 0.0004, lr: 0.000058, Train: 0.9894, Valid: 0.8636, Test: 0.8853
Run: 09, Epoch: 85, Loss: 0.0004, lr: 0.000058, Train: 0.9894, Valid: 0.8634, Test: 0.8855
Run: 09, Epoch: 86, Loss: 0.0004, lr: 0.000040, Train: 0.9895, Valid: 0.8633, Test: 0.8855
Run: 09, Epoch: 87, Loss: 0.0004, lr: 0.000040, Train: 0.9895, Valid: 0.8632, Test: 0.8856
Run: 09, Epoch: 88, Loss: 0.0004, lr: 0.000040, Train: 0.9896, Valid: 0.8630, Test: 0.8856
Run: 09, Epoch: 89, Loss: 0.0004, lr: 0.000040, Train: 0.9896, Valid: 0.8629, Test: 0.8857
Run: 09, Epoch: 90, Loss: 0.0004, lr: 0.000040, Train: 0.9897, Valid: 0.8628, Test: 0.8858
Run: 09, Epoch: 91, Loss: 0.0004, lr: 0.000040, Train: 0.9897, Valid: 0.8627, Test: 0.8858
Run: 09, Epoch: 92, Loss: 0.0004, lr: 0.000028, Train: 0.9898, Valid: 0.8626, Test: 0.8859
Run: 09, Epoch: 93, Loss: 0.0004, lr: 0.000028, Train: 0.9898, Valid: 0.8625, Test: 0.8859
Run: 09, Epoch: 94, Loss: 0.0004, lr: 0.000028, Train: 0.9898, Valid: 0.8623, Test: 0.8859
Run: 09, Epoch: 95, Loss: 0.0004, lr: 0.000028, Train: 0.9899, Valid: 0.8622, Test: 0.8859
Run: 09, Epoch: 96, Loss: 0.0004, lr: 0.000028, Train: 0.9899, Valid: 0.8621, Test: 0.8860
Run: 09, Epoch: 97, Loss: 0.0004, lr: 0.000028, Train: 0.9899, Valid: 0.8621, Test: 0.8860
Run: 09, Epoch: 98, Loss: 0.0004, lr: 0.000020, Train: 0.9899, Valid: 0.8620, Test: 0.8860
Run: 09, Epoch: 99, Loss: 0.0004, lr: 0.000020, Train: 0.9900, Valid: 0.8619, Test: 0.8860
Run: 09, Epoch: 100, Loss: 0.0004, lr: 0.000020, Train: 0.9900, Valid: 0.8618, Test: 0.8860
Run 09:
Highest Train: 0.99
Highest Valid: 0.87
  Final Train: 0.99
   Final Test: 0.88
Run: 10, Epoch: 01, Loss: 0.0528, lr: 0.001000, Train: 0.4533, Valid: 0.1131, Test: 0.1614
Run: 10, Epoch: 02, Loss: 0.0100, lr: 0.001000, Train: 0.6449, Valid: 0.4360, Test: 0.4364
Run: 10, Epoch: 03, Loss: 0.0091, lr: 0.001000, Train: 0.7097, Valid: 0.6313, Test: 0.5381
Run: 10, Epoch: 04, Loss: 0.0084, lr: 0.001000, Train: 0.7226, Valid: 0.7352, Test: 0.5751
Run: 10, Epoch: 05, Loss: 0.0079, lr: 0.001000, Train: 0.7317, Valid: 0.7905, Test: 0.6083
Run: 10, Epoch: 06, Loss: 0.0074, lr: 0.001000, Train: 0.7543, Valid: 0.8210, Test: 0.6556
Run: 10, Epoch: 07, Loss: 0.0062, lr: 0.001000, Train: 0.7815, Valid: 0.8310, Test: 0.6961
Run: 10, Epoch: 08, Loss: 0.0046, lr: 0.001000, Train: 0.8019, Valid: 0.8224, Test: 0.7180
Run: 10, Epoch: 09, Loss: 0.0034, lr: 0.001000, Train: 0.8113, Valid: 0.8036, Test: 0.7191
Run: 10, Epoch: 10, Loss: 0.0027, lr: 0.001000, Train: 0.8112, Valid: 0.7794, Test: 0.7023
Run: 10, Epoch: 11, Loss: 0.0023, lr: 0.001000, Train: 0.8054, Valid: 0.7624, Test: 0.6734
Run: 10, Epoch: 12, Loss: 0.0022, lr: 0.001000, Train: 0.7992, Valid: 0.7552, Test: 0.6400
Run: 10, Epoch: 13, Loss: 0.0022, lr: 0.001000, Train: 0.7901, Valid: 0.7467, Test: 0.6050
Run: 10, Epoch: 14, Loss: 0.0021, lr: 0.000700, Train: 0.7869, Valid: 0.7415, Test: 0.5882
Run: 10, Epoch: 15, Loss: 0.0020, lr: 0.000700, Train: 0.7816, Valid: 0.7271, Test: 0.5702
Run: 10, Epoch: 16, Loss: 0.0019, lr: 0.000700, Train: 0.7722, Valid: 0.7007, Test: 0.5465
Run: 10, Epoch: 17, Loss: 0.0017, lr: 0.000700, Train: 0.7598, Valid: 0.6685, Test: 0.5189
Run: 10, Epoch: 18, Loss: 0.0016, lr: 0.000700, Train: 0.7466, Valid: 0.6353, Test: 0.4885
Run: 10, Epoch: 19, Loss: 0.0015, lr: 0.000700, Train: 0.7358, Valid: 0.6060, Test: 0.4595
Run: 10, Epoch: 20, Loss: 0.0013, lr: 0.000490, Train: 0.7425, Valid: 0.6073, Test: 0.4648
Run: 10, Epoch: 21, Loss: 0.0012, lr: 0.000490, Train: 0.7540, Valid: 0.6162, Test: 0.4761
Run: 10, Epoch: 22, Loss: 0.0012, lr: 0.000490, Train: 0.7692, Valid: 0.6294, Test: 0.4945
Run: 10, Epoch: 23, Loss: 0.0011, lr: 0.000490, Train: 0.7874, Valid: 0.6458, Test: 0.5181
Run: 10, Epoch: 24, Loss: 0.0010, lr: 0.000490, Train: 0.8068, Valid: 0.6638, Test: 0.5455
Run: 10, Epoch: 25, Loss: 0.0010, lr: 0.000490, Train: 0.8268, Valid: 0.6836, Test: 0.5761
Run: 10, Epoch: 26, Loss: 0.0010, lr: 0.000343, Train: 0.8484, Valid: 0.7114, Test: 0.6148
Run: 10, Epoch: 27, Loss: 0.0010, lr: 0.000343, Train: 0.8677, Valid: 0.7365, Test: 0.6505
Run: 10, Epoch: 28, Loss: 0.0009, lr: 0.000343, Train: 0.8841, Valid: 0.7582, Test: 0.6820
Run: 10, Epoch: 29, Loss: 0.0009, lr: 0.000343, Train: 0.8979, Valid: 0.7766, Test: 0.7092
Run: 10, Epoch: 30, Loss: 0.0009, lr: 0.000343, Train: 0.9093, Valid: 0.7925, Test: 0.7321
Run: 10, Epoch: 31, Loss: 0.0008, lr: 0.000343, Train: 0.9192, Valid: 0.8070, Test: 0.7516
Run: 10, Epoch: 32, Loss: 0.0008, lr: 0.000240, Train: 0.9289, Valid: 0.8233, Test: 0.7707
Run: 10, Epoch: 33, Loss: 0.0008, lr: 0.000240, Train: 0.9374, Valid: 0.8384, Test: 0.7868
Run: 10, Epoch: 34, Loss: 0.0008, lr: 0.000240, Train: 0.9450, Valid: 0.8524, Test: 0.8006
Run: 10, Epoch: 35, Loss: 0.0007, lr: 0.000240, Train: 0.9516, Valid: 0.8652, Test: 0.8125
Run: 10, Epoch: 36, Loss: 0.0007, lr: 0.000240, Train: 0.9576, Valid: 0.8768, Test: 0.8229
Run: 10, Epoch: 37, Loss: 0.0007, lr: 0.000240, Train: 0.9630, Valid: 0.8873, Test: 0.8320
Run: 10, Epoch: 38, Loss: 0.0007, lr: 0.000240, Train: 0.9677, Valid: 0.8963, Test: 0.8399
Run: 10, Epoch: 39, Loss: 0.0007, lr: 0.000240, Train: 0.9718, Valid: 0.9042, Test: 0.8467
Run: 10, Epoch: 40, Loss: 0.0006, lr: 0.000240, Train: 0.9754, Valid: 0.9110, Test: 0.8525
Run: 10, Epoch: 41, Loss: 0.0006, lr: 0.000240, Train: 0.9783, Valid: 0.9166, Test: 0.8573
Run: 10, Epoch: 42, Loss: 0.0006, lr: 0.000240, Train: 0.9805, Valid: 0.9208, Test: 0.8611
Run: 10, Epoch: 43, Loss: 0.0006, lr: 0.000240, Train: 0.9822, Valid: 0.9241, Test: 0.8638
Run: 10, Epoch: 44, Loss: 0.0006, lr: 0.000240, Train: 0.9834, Valid: 0.9264, Test: 0.8656
Run: 10, Epoch: 45, Loss: 0.0006, lr: 0.000240, Train: 0.9843, Valid: 0.9277, Test: 0.8663
Run: 10, Epoch: 46, Loss: 0.0006, lr: 0.000240, Train: 0.9848, Valid: 0.9282, Test: 0.8663
Run: 10, Epoch: 47, Loss: 0.0005, lr: 0.000240, Train: 0.9852, Valid: 0.9279, Test: 0.8654
Run: 10, Epoch: 48, Loss: 0.0005, lr: 0.000240, Train: 0.9854, Valid: 0.9269, Test: 0.8640
Run: 10, Epoch: 49, Loss: 0.0005, lr: 0.000240, Train: 0.9854, Valid: 0.9254, Test: 0.8622
Run: 10, Epoch: 50, Loss: 0.0005, lr: 0.000240, Train: 0.9854, Valid: 0.9232, Test: 0.8600
Run: 10, Epoch: 51, Loss: 0.0005, lr: 0.000240, Train: 0.9853, Valid: 0.9206, Test: 0.8579
Run: 10, Epoch: 52, Loss: 0.0005, lr: 0.000240, Train: 0.9853, Valid: 0.9184, Test: 0.8562
Run: 10, Epoch: 53, Loss: 0.0005, lr: 0.000168, Train: 0.9857, Valid: 0.9178, Test: 0.8558
Run: 10, Epoch: 54, Loss: 0.0005, lr: 0.000168, Train: 0.9861, Valid: 0.9177, Test: 0.8558
Run: 10, Epoch: 55, Loss: 0.0004, lr: 0.000168, Train: 0.9866, Valid: 0.9179, Test: 0.8558
Run: 10, Epoch: 56, Loss: 0.0004, lr: 0.000168, Train: 0.9871, Valid: 0.9182, Test: 0.8560
Run: 10, Epoch: 57, Loss: 0.0004, lr: 0.000168, Train: 0.9876, Valid: 0.9185, Test: 0.8562
Run: 10, Epoch: 58, Loss: 0.0004, lr: 0.000168, Train: 0.9881, Valid: 0.9187, Test: 0.8563
Run: 10, Epoch: 59, Loss: 0.0004, lr: 0.000118, Train: 0.9885, Valid: 0.9190, Test: 0.8566
Run: 10, Epoch: 60, Loss: 0.0004, lr: 0.000118, Train: 0.9888, Valid: 0.9191, Test: 0.8567
Run: 10, Epoch: 61, Loss: 0.0004, lr: 0.000118, Train: 0.9891, Valid: 0.9191, Test: 0.8567
Run: 10, Epoch: 62, Loss: 0.0004, lr: 0.000118, Train: 0.9894, Valid: 0.9189, Test: 0.8566
Run: 10, Epoch: 63, Loss: 0.0004, lr: 0.000118, Train: 0.9896, Valid: 0.9187, Test: 0.8564
Run: 10, Epoch: 64, Loss: 0.0004, lr: 0.000118, Train: 0.9897, Valid: 0.9186, Test: 0.8561
Run: 10, Epoch: 65, Loss: 0.0004, lr: 0.000082, Train: 0.9899, Valid: 0.9187, Test: 0.8562
Run: 10, Epoch: 66, Loss: 0.0004, lr: 0.000082, Train: 0.9901, Valid: 0.9188, Test: 0.8562
Run: 10, Epoch: 67, Loss: 0.0004, lr: 0.000082, Train: 0.9903, Valid: 0.9189, Test: 0.8563
Run: 10, Epoch: 68, Loss: 0.0004, lr: 0.000082, Train: 0.9905, Valid: 0.9190, Test: 0.8563
Run: 10, Epoch: 69, Loss: 0.0004, lr: 0.000082, Train: 0.9906, Valid: 0.9192, Test: 0.8563
Run: 10, Epoch: 70, Loss: 0.0004, lr: 0.000082, Train: 0.9908, Valid: 0.9193, Test: 0.8564
Run: 10, Epoch: 71, Loss: 0.0004, lr: 0.000058, Train: 0.9910, Valid: 0.9196, Test: 0.8566
Run: 10, Epoch: 72, Loss: 0.0004, lr: 0.000058, Train: 0.9911, Valid: 0.9198, Test: 0.8568
Run: 10, Epoch: 73, Loss: 0.0004, lr: 0.000058, Train: 0.9912, Valid: 0.9200, Test: 0.8569
Run: 10, Epoch: 74, Loss: 0.0004, lr: 0.000058, Train: 0.9914, Valid: 0.9202, Test: 0.8570
Run: 10, Epoch: 75, Loss: 0.0004, lr: 0.000058, Train: 0.9915, Valid: 0.9205, Test: 0.8571
Run: 10, Epoch: 76, Loss: 0.0004, lr: 0.000058, Train: 0.9916, Valid: 0.9207, Test: 0.8571
Run: 10, Epoch: 77, Loss: 0.0003, lr: 0.000040, Train: 0.9916, Valid: 0.9209, Test: 0.8572
Run: 10, Epoch: 78, Loss: 0.0003, lr: 0.000040, Train: 0.9917, Valid: 0.9210, Test: 0.8572
Run: 10, Epoch: 79, Loss: 0.0003, lr: 0.000040, Train: 0.9918, Valid: 0.9212, Test: 0.8572
Run: 10, Epoch: 80, Loss: 0.0003, lr: 0.000040, Train: 0.9918, Valid: 0.9213, Test: 0.8572
Run: 10, Epoch: 81, Loss: 0.0003, lr: 0.000040, Train: 0.9919, Valid: 0.9214, Test: 0.8572
Run: 10, Epoch: 82, Loss: 0.0003, lr: 0.000040, Train: 0.9919, Valid: 0.9215, Test: 0.8572
Run: 10, Epoch: 83, Loss: 0.0003, lr: 0.000028, Train: 0.9920, Valid: 0.9216, Test: 0.8572
Run: 10, Epoch: 84, Loss: 0.0003, lr: 0.000028, Train: 0.9920, Valid: 0.9216, Test: 0.8572
Run: 10, Epoch: 85, Loss: 0.0003, lr: 0.000028, Train: 0.9920, Valid: 0.9217, Test: 0.8571
Run: 10, Epoch: 86, Loss: 0.0003, lr: 0.000028, Train: 0.9921, Valid: 0.9217, Test: 0.8571
Run: 10, Epoch: 87, Loss: 0.0003, lr: 0.000028, Train: 0.9921, Valid: 0.9217, Test: 0.8570
Run: 10, Epoch: 88, Loss: 0.0003, lr: 0.000028, Train: 0.9921, Valid: 0.9217, Test: 0.8570
Run: 10, Epoch: 89, Loss: 0.0003, lr: 0.000020, Train: 0.9921, Valid: 0.9217, Test: 0.8569
Run: 10, Epoch: 90, Loss: 0.0003, lr: 0.000020, Train: 0.9922, Valid: 0.9217, Test: 0.8569
Run: 10, Epoch: 91, Loss: 0.0003, lr: 0.000020, Train: 0.9922, Valid: 0.9216, Test: 0.8569
Run: 10, Epoch: 92, Loss: 0.0003, lr: 0.000020, Train: 0.9922, Valid: 0.9216, Test: 0.8568
Run: 10, Epoch: 93, Loss: 0.0003, lr: 0.000020, Train: 0.9922, Valid: 0.9216, Test: 0.8568
Run: 10, Epoch: 94, Loss: 0.0003, lr: 0.000020, Train: 0.9922, Valid: 0.9215, Test: 0.8567
Run: 10, Epoch: 95, Loss: 0.0003, lr: 0.000014, Train: 0.9922, Valid: 0.9215, Test: 0.8567
Run: 10, Epoch: 96, Loss: 0.0003, lr: 0.000014, Train: 0.9923, Valid: 0.9215, Test: 0.8566
Run: 10, Epoch: 97, Loss: 0.0003, lr: 0.000014, Train: 0.9923, Valid: 0.9215, Test: 0.8566
Run: 10, Epoch: 98, Loss: 0.0003, lr: 0.000014, Train: 0.9923, Valid: 0.9215, Test: 0.8566
Run: 10, Epoch: 99, Loss: 0.0003, lr: 0.000014, Train: 0.9923, Valid: 0.9214, Test: 0.8565
Run: 10, Epoch: 100, Loss: 0.0003, lr: 0.000014, Train: 0.9923, Valid: 0.9214, Test: 0.8565
Run 10:
Highest Train: 0.99
Highest Valid: 0.93
  Final Train: 0.98
   Final Test: 0.87
All runs:
Highest Train: 0.99  0.00
Highest Valid: 0.84  0.08
  Final Train: 0.96  0.07
   Final Test: 0.86  0.05
