Namespace(conv_layers=3, device=0, dropout=0.0, epochs=100, hidden_dim=256, log_steps=1, lr=0.001, method='gatv2', mlp_layers=2, runs=10, subset='chemistry')
Run: 01, Epoch: 01, Loss: 0.0300, lr: 0.001000, Train: 0.5117, Valid: 0.3977, Test: 0.4705
Run: 01, Epoch: 02, Loss: 0.0081, lr: 0.001000, Train: 0.6649, Valid: 0.5885, Test: 0.6538
Run: 01, Epoch: 03, Loss: 0.0065, lr: 0.001000, Train: 0.7510, Valid: 0.6644, Test: 0.7462
Run: 01, Epoch: 04, Loss: 0.0069, lr: 0.001000, Train: 0.8003, Valid: 0.6923, Test: 0.7941
Run: 01, Epoch: 05, Loss: 0.0071, lr: 0.001000, Train: 0.8264, Valid: 0.7085, Test: 0.8169
Run: 01, Epoch: 06, Loss: 0.0063, lr: 0.001000, Train: 0.8403, Valid: 0.7204, Test: 0.8268
Run: 01, Epoch: 07, Loss: 0.0048, lr: 0.001000, Train: 0.8435, Valid: 0.7225, Test: 0.8294
Run: 01, Epoch: 08, Loss: 0.0037, lr: 0.001000, Train: 0.8395, Valid: 0.7162, Test: 0.8271
Run: 01, Epoch: 09, Loss: 0.0030, lr: 0.001000, Train: 0.8291, Valid: 0.6982, Test: 0.8195
Run: 01, Epoch: 10, Loss: 0.0024, lr: 0.001000, Train: 0.8093, Valid: 0.6599, Test: 0.8030
Run: 01, Epoch: 11, Loss: 0.0021, lr: 0.001000, Train: 0.7823, Valid: 0.6035, Test: 0.7772
Run: 01, Epoch: 12, Loss: 0.0020, lr: 0.001000, Train: 0.7568, Valid: 0.5539, Test: 0.7478
Run: 01, Epoch: 13, Loss: 0.0019, lr: 0.001000, Train: 0.7377, Valid: 0.5311, Test: 0.7204
Run: 01, Epoch: 14, Loss: 0.0016, lr: 0.000700, Train: 0.7351, Valid: 0.5422, Test: 0.7098
Run: 01, Epoch: 15, Loss: 0.0014, lr: 0.000700, Train: 0.7351, Valid: 0.5640, Test: 0.7023
Run: 01, Epoch: 16, Loss: 0.0012, lr: 0.000700, Train: 0.7375, Valid: 0.5898, Test: 0.6984
Run: 01, Epoch: 17, Loss: 0.0010, lr: 0.000700, Train: 0.7432, Valid: 0.6139, Test: 0.6990
Run: 01, Epoch: 18, Loss: 0.0008, lr: 0.000700, Train: 0.7515, Valid: 0.6331, Test: 0.7041
Run: 01, Epoch: 19, Loss: 0.0007, lr: 0.000700, Train: 0.7630, Valid: 0.6486, Test: 0.7137
Run: 01, Epoch: 20, Loss: 0.0006, lr: 0.000490, Train: 0.7843, Valid: 0.6736, Test: 0.7353
Run: 01, Epoch: 21, Loss: 0.0006, lr: 0.000490, Train: 0.8057, Valid: 0.6967, Test: 0.7578
Run: 01, Epoch: 22, Loss: 0.0005, lr: 0.000490, Train: 0.8265, Valid: 0.7187, Test: 0.7803
Run: 01, Epoch: 23, Loss: 0.0005, lr: 0.000490, Train: 0.8456, Valid: 0.7398, Test: 0.8020
Run: 01, Epoch: 24, Loss: 0.0005, lr: 0.000490, Train: 0.8620, Valid: 0.7597, Test: 0.8217
Run: 01, Epoch: 25, Loss: 0.0004, lr: 0.000490, Train: 0.8755, Valid: 0.7772, Test: 0.8385
Run: 01, Epoch: 26, Loss: 0.0004, lr: 0.000490, Train: 0.8860, Valid: 0.7919, Test: 0.8517
Run: 01, Epoch: 27, Loss: 0.0004, lr: 0.000490, Train: 0.8929, Valid: 0.8033, Test: 0.8609
Run: 01, Epoch: 28, Loss: 0.0003, lr: 0.000490, Train: 0.8963, Valid: 0.8117, Test: 0.8664
Run: 01, Epoch: 29, Loss: 0.0003, lr: 0.000490, Train: 0.8971, Valid: 0.8182, Test: 0.8692
Run: 01, Epoch: 30, Loss: 0.0003, lr: 0.000490, Train: 0.8966, Valid: 0.8240, Test: 0.8706
Run: 01, Epoch: 31, Loss: 0.0003, lr: 0.000490, Train: 0.8958, Valid: 0.8298, Test: 0.8713
Run: 01, Epoch: 32, Loss: 0.0002, lr: 0.000490, Train: 0.8962, Valid: 0.8361, Test: 0.8724
Run: 01, Epoch: 33, Loss: 0.0002, lr: 0.000490, Train: 0.8984, Valid: 0.8431, Test: 0.8745
Run: 01, Epoch: 34, Loss: 0.0002, lr: 0.000490, Train: 0.9029, Valid: 0.8509, Test: 0.8782
Run: 01, Epoch: 35, Loss: 0.0002, lr: 0.000490, Train: 0.9092, Valid: 0.8593, Test: 0.8833
Run: 01, Epoch: 36, Loss: 0.0002, lr: 0.000490, Train: 0.9168, Valid: 0.8679, Test: 0.8894
Run: 01, Epoch: 37, Loss: 0.0002, lr: 0.000490, Train: 0.9254, Valid: 0.8764, Test: 0.8958
Run: 01, Epoch: 38, Loss: 0.0002, lr: 0.000490, Train: 0.9345, Valid: 0.8841, Test: 0.9015
Run: 01, Epoch: 39, Loss: 0.0001, lr: 0.000490, Train: 0.9436, Valid: 0.8911, Test: 0.9063
Run: 01, Epoch: 40, Loss: 0.0001, lr: 0.000490, Train: 0.9521, Valid: 0.8975, Test: 0.9101
Run: 01, Epoch: 41, Loss: 0.0001, lr: 0.000490, Train: 0.9600, Valid: 0.9037, Test: 0.9134
Run: 01, Epoch: 42, Loss: 0.0001, lr: 0.000490, Train: 0.9670, Valid: 0.9094, Test: 0.9161
Run: 01, Epoch: 43, Loss: 0.0001, lr: 0.000490, Train: 0.9729, Valid: 0.9145, Test: 0.9180
Run: 01, Epoch: 44, Loss: 0.0001, lr: 0.000490, Train: 0.9775, Valid: 0.9187, Test: 0.9196
Run: 01, Epoch: 45, Loss: 0.0001, lr: 0.000490, Train: 0.9811, Valid: 0.9217, Test: 0.9209
Run: 01, Epoch: 46, Loss: 0.0001, lr: 0.000490, Train: 0.9837, Valid: 0.9236, Test: 0.9220
Run: 01, Epoch: 47, Loss: 0.0001, lr: 0.000490, Train: 0.9857, Valid: 0.9244, Test: 0.9228
Run: 01, Epoch: 48, Loss: 0.0001, lr: 0.000490, Train: 0.9873, Valid: 0.9245, Test: 0.9233
Run: 01, Epoch: 49, Loss: 0.0001, lr: 0.000490, Train: 0.9886, Valid: 0.9241, Test: 0.9232
Run: 01, Epoch: 50, Loss: 0.0001, lr: 0.000490, Train: 0.9897, Valid: 0.9236, Test: 0.9227
Run: 01, Epoch: 51, Loss: 0.0001, lr: 0.000490, Train: 0.9906, Valid: 0.9234, Test: 0.9219
Run: 01, Epoch: 52, Loss: 0.0001, lr: 0.000490, Train: 0.9913, Valid: 0.9235, Test: 0.9209
Run: 01, Epoch: 53, Loss: 0.0001, lr: 0.000490, Train: 0.9920, Valid: 0.9239, Test: 0.9198
Run: 01, Epoch: 54, Loss: 0.0001, lr: 0.000343, Train: 0.9929, Valid: 0.9246, Test: 0.9191
Run: 01, Epoch: 55, Loss: 0.0001, lr: 0.000343, Train: 0.9938, Valid: 0.9253, Test: 0.9185
Run: 01, Epoch: 56, Loss: 0.0001, lr: 0.000343, Train: 0.9946, Valid: 0.9261, Test: 0.9179
Run: 01, Epoch: 57, Loss: 0.0000, lr: 0.000343, Train: 0.9952, Valid: 0.9268, Test: 0.9174
Run: 01, Epoch: 58, Loss: 0.0000, lr: 0.000343, Train: 0.9958, Valid: 0.9274, Test: 0.9169
Run: 01, Epoch: 59, Loss: 0.0000, lr: 0.000343, Train: 0.9963, Valid: 0.9279, Test: 0.9164
Run: 01, Epoch: 60, Loss: 0.0000, lr: 0.000343, Train: 0.9967, Valid: 0.9284, Test: 0.9158
Run: 01, Epoch: 61, Loss: 0.0000, lr: 0.000343, Train: 0.9971, Valid: 0.9286, Test: 0.9152
Run: 01, Epoch: 62, Loss: 0.0000, lr: 0.000343, Train: 0.9974, Valid: 0.9287, Test: 0.9145
Run: 01, Epoch: 63, Loss: 0.0000, lr: 0.000343, Train: 0.9977, Valid: 0.9286, Test: 0.9138
Run: 01, Epoch: 64, Loss: 0.0000, lr: 0.000343, Train: 0.9979, Valid: 0.9284, Test: 0.9131
Run: 01, Epoch: 65, Loss: 0.0000, lr: 0.000343, Train: 0.9981, Valid: 0.9281, Test: 0.9125
Run: 01, Epoch: 66, Loss: 0.0000, lr: 0.000343, Train: 0.9983, Valid: 0.9278, Test: 0.9120
Run: 01, Epoch: 67, Loss: 0.0000, lr: 0.000343, Train: 0.9984, Valid: 0.9276, Test: 0.9117
Run: 01, Epoch: 68, Loss: 0.0000, lr: 0.000240, Train: 0.9985, Valid: 0.9275, Test: 0.9115
Run: 01, Epoch: 69, Loss: 0.0000, lr: 0.000240, Train: 0.9986, Valid: 0.9275, Test: 0.9114
Run: 01, Epoch: 70, Loss: 0.0000, lr: 0.000240, Train: 0.9987, Valid: 0.9276, Test: 0.9113
Run: 01, Epoch: 71, Loss: 0.0000, lr: 0.000240, Train: 0.9987, Valid: 0.9278, Test: 0.9113
Run: 01, Epoch: 72, Loss: 0.0000, lr: 0.000240, Train: 0.9988, Valid: 0.9280, Test: 0.9113
Run: 01, Epoch: 73, Loss: 0.0000, lr: 0.000240, Train: 0.9989, Valid: 0.9282, Test: 0.9111
Run: 01, Epoch: 74, Loss: 0.0000, lr: 0.000168, Train: 0.9989, Valid: 0.9282, Test: 0.9109
Run: 01, Epoch: 75, Loss: 0.0000, lr: 0.000168, Train: 0.9990, Valid: 0.9281, Test: 0.9107
Run: 01, Epoch: 76, Loss: 0.0000, lr: 0.000168, Train: 0.9990, Valid: 0.9280, Test: 0.9103
Run: 01, Epoch: 77, Loss: 0.0000, lr: 0.000168, Train: 0.9991, Valid: 0.9278, Test: 0.9099
Run: 01, Epoch: 78, Loss: 0.0000, lr: 0.000168, Train: 0.9991, Valid: 0.9275, Test: 0.9096
Run: 01, Epoch: 79, Loss: 0.0000, lr: 0.000168, Train: 0.9991, Valid: 0.9272, Test: 0.9092
Run: 01, Epoch: 80, Loss: 0.0000, lr: 0.000118, Train: 0.9992, Valid: 0.9270, Test: 0.9089
Run: 01, Epoch: 81, Loss: 0.0000, lr: 0.000118, Train: 0.9992, Valid: 0.9268, Test: 0.9087
Run: 01, Epoch: 82, Loss: 0.0000, lr: 0.000118, Train: 0.9992, Valid: 0.9266, Test: 0.9085
Run: 01, Epoch: 83, Loss: 0.0000, lr: 0.000118, Train: 0.9992, Valid: 0.9264, Test: 0.9084
Run: 01, Epoch: 84, Loss: 0.0000, lr: 0.000118, Train: 0.9992, Valid: 0.9263, Test: 0.9083
Run: 01, Epoch: 85, Loss: 0.0000, lr: 0.000118, Train: 0.9992, Valid: 0.9262, Test: 0.9082
Run: 01, Epoch: 86, Loss: 0.0000, lr: 0.000082, Train: 0.9992, Valid: 0.9262, Test: 0.9082
Run: 01, Epoch: 87, Loss: 0.0000, lr: 0.000082, Train: 0.9992, Valid: 0.9261, Test: 0.9081
Run: 01, Epoch: 88, Loss: 0.0000, lr: 0.000082, Train: 0.9992, Valid: 0.9261, Test: 0.9081
Run: 01, Epoch: 89, Loss: 0.0000, lr: 0.000082, Train: 0.9992, Valid: 0.9261, Test: 0.9081
Run: 01, Epoch: 90, Loss: 0.0000, lr: 0.000082, Train: 0.9992, Valid: 0.9261, Test: 0.9081
Run: 01, Epoch: 91, Loss: 0.0000, lr: 0.000082, Train: 0.9992, Valid: 0.9261, Test: 0.9080
Run: 01, Epoch: 92, Loss: 0.0000, lr: 0.000058, Train: 0.9992, Valid: 0.9261, Test: 0.9080
Run: 01, Epoch: 93, Loss: 0.0000, lr: 0.000058, Train: 0.9993, Valid: 0.9261, Test: 0.9079
Run: 01, Epoch: 94, Loss: 0.0000, lr: 0.000058, Train: 0.9993, Valid: 0.9261, Test: 0.9079
Run: 01, Epoch: 95, Loss: 0.0000, lr: 0.000058, Train: 0.9993, Valid: 0.9261, Test: 0.9078
Run: 01, Epoch: 96, Loss: 0.0000, lr: 0.000058, Train: 0.9993, Valid: 0.9260, Test: 0.9077
Run: 01, Epoch: 97, Loss: 0.0000, lr: 0.000058, Train: 0.9993, Valid: 0.9260, Test: 0.9076
Run: 01, Epoch: 98, Loss: 0.0000, lr: 0.000040, Train: 0.9993, Valid: 0.9260, Test: 0.9076
Run: 01, Epoch: 99, Loss: 0.0000, lr: 0.000040, Train: 0.9993, Valid: 0.9259, Test: 0.9075
Run: 01, Epoch: 100, Loss: 0.0000, lr: 0.000040, Train: 0.9993, Valid: 0.9259, Test: 0.9074
Run 01:
Highest Train: 1.00
Highest Valid: 0.93
  Final Train: 1.00
   Final Test: 0.91
Run: 02, Epoch: 01, Loss: 0.0591, lr: 0.001000, Train: 0.3212, Valid: 0.3401, Test: 0.3758
Run: 02, Epoch: 02, Loss: 0.0082, lr: 0.001000, Train: 0.5680, Valid: 0.6140, Test: 0.6335
Run: 02, Epoch: 03, Loss: 0.0062, lr: 0.001000, Train: 0.6803, Valid: 0.7090, Test: 0.7467
Run: 02, Epoch: 04, Loss: 0.0069, lr: 0.001000, Train: 0.7287, Valid: 0.7345, Test: 0.7908
Run: 02, Epoch: 05, Loss: 0.0068, lr: 0.001000, Train: 0.7496, Valid: 0.7422, Test: 0.8029
Run: 02, Epoch: 06, Loss: 0.0059, lr: 0.001000, Train: 0.7607, Valid: 0.7492, Test: 0.8044
Run: 02, Epoch: 07, Loss: 0.0048, lr: 0.001000, Train: 0.7688, Valid: 0.7554, Test: 0.8032
Run: 02, Epoch: 08, Loss: 0.0038, lr: 0.001000, Train: 0.7755, Valid: 0.7596, Test: 0.8030
Run: 02, Epoch: 09, Loss: 0.0031, lr: 0.001000, Train: 0.7840, Valid: 0.7664, Test: 0.8065
Run: 02, Epoch: 10, Loss: 0.0026, lr: 0.001000, Train: 0.7988, Valid: 0.7810, Test: 0.8174
Run: 02, Epoch: 11, Loss: 0.0024, lr: 0.001000, Train: 0.8217, Valid: 0.8078, Test: 0.8366
Run: 02, Epoch: 12, Loss: 0.0022, lr: 0.001000, Train: 0.8490, Valid: 0.8396, Test: 0.8586
Run: 02, Epoch: 13, Loss: 0.0019, lr: 0.001000, Train: 0.8752, Valid: 0.8678, Test: 0.8788
Run: 02, Epoch: 14, Loss: 0.0016, lr: 0.001000, Train: 0.8976, Valid: 0.8886, Test: 0.8952
Run: 02, Epoch: 15, Loss: 0.0013, lr: 0.001000, Train: 0.9159, Valid: 0.9023, Test: 0.9075
Run: 02, Epoch: 16, Loss: 0.0010, lr: 0.001000, Train: 0.9296, Valid: 0.9101, Test: 0.9161
Run: 02, Epoch: 17, Loss: 0.0007, lr: 0.001000, Train: 0.9412, Valid: 0.9157, Test: 0.9223
Run: 02, Epoch: 18, Loss: 0.0006, lr: 0.001000, Train: 0.9527, Valid: 0.9224, Test: 0.9270
Run: 02, Epoch: 19, Loss: 0.0006, lr: 0.001000, Train: 0.9627, Valid: 0.9289, Test: 0.9303
Run: 02, Epoch: 20, Loss: 0.0005, lr: 0.001000, Train: 0.9695, Valid: 0.9330, Test: 0.9311
Run: 02, Epoch: 21, Loss: 0.0005, lr: 0.001000, Train: 0.9735, Valid: 0.9354, Test: 0.9297
Run: 02, Epoch: 22, Loss: 0.0004, lr: 0.001000, Train: 0.9762, Valid: 0.9373, Test: 0.9259
Run: 02, Epoch: 23, Loss: 0.0004, lr: 0.001000, Train: 0.9783, Valid: 0.9388, Test: 0.9212
Run: 02, Epoch: 24, Loss: 0.0004, lr: 0.001000, Train: 0.9807, Valid: 0.9408, Test: 0.9173
Run: 02, Epoch: 25, Loss: 0.0003, lr: 0.001000, Train: 0.9841, Valid: 0.9432, Test: 0.9153
Run: 02, Epoch: 26, Loss: 0.0003, lr: 0.001000, Train: 0.9876, Valid: 0.9460, Test: 0.9147
Run: 02, Epoch: 27, Loss: 0.0003, lr: 0.001000, Train: 0.9903, Valid: 0.9482, Test: 0.9142
Run: 02, Epoch: 28, Loss: 0.0002, lr: 0.001000, Train: 0.9920, Valid: 0.9491, Test: 0.9131
Run: 02, Epoch: 29, Loss: 0.0002, lr: 0.001000, Train: 0.9930, Valid: 0.9487, Test: 0.9107
Run: 02, Epoch: 30, Loss: 0.0002, lr: 0.001000, Train: 0.9936, Valid: 0.9475, Test: 0.9063
Run: 02, Epoch: 31, Loss: 0.0001, lr: 0.001000, Train: 0.9941, Valid: 0.9457, Test: 0.9007
Run: 02, Epoch: 32, Loss: 0.0001, lr: 0.001000, Train: 0.9944, Valid: 0.9431, Test: 0.8946
Run: 02, Epoch: 33, Loss: 0.0001, lr: 0.001000, Train: 0.9947, Valid: 0.9402, Test: 0.8892
Run: 02, Epoch: 34, Loss: 0.0001, lr: 0.001000, Train: 0.9948, Valid: 0.9377, Test: 0.8861
Run: 02, Epoch: 35, Loss: 0.0001, lr: 0.000700, Train: 0.9951, Valid: 0.9370, Test: 0.8866
Run: 02, Epoch: 36, Loss: 0.0001, lr: 0.000700, Train: 0.9956, Valid: 0.9371, Test: 0.8888
Run: 02, Epoch: 37, Loss: 0.0001, lr: 0.000700, Train: 0.9962, Valid: 0.9375, Test: 0.8920
Run: 02, Epoch: 38, Loss: 0.0001, lr: 0.000700, Train: 0.9969, Valid: 0.9382, Test: 0.8953
Run: 02, Epoch: 39, Loss: 0.0001, lr: 0.000700, Train: 0.9974, Valid: 0.9388, Test: 0.8983
Run: 02, Epoch: 40, Loss: 0.0000, lr: 0.000700, Train: 0.9978, Valid: 0.9392, Test: 0.9006
Run: 02, Epoch: 41, Loss: 0.0000, lr: 0.000490, Train: 0.9981, Valid: 0.9394, Test: 0.9020
Run: 02, Epoch: 42, Loss: 0.0000, lr: 0.000490, Train: 0.9984, Valid: 0.9395, Test: 0.9031
Run: 02, Epoch: 43, Loss: 0.0000, lr: 0.000490, Train: 0.9986, Valid: 0.9396, Test: 0.9041
Run: 02, Epoch: 44, Loss: 0.0000, lr: 0.000490, Train: 0.9987, Valid: 0.9398, Test: 0.9049
Run: 02, Epoch: 45, Loss: 0.0000, lr: 0.000490, Train: 0.9988, Valid: 0.9400, Test: 0.9056
Run: 02, Epoch: 46, Loss: 0.0000, lr: 0.000490, Train: 0.9989, Valid: 0.9403, Test: 0.9064
Run: 02, Epoch: 47, Loss: 0.0000, lr: 0.000343, Train: 0.9990, Valid: 0.9406, Test: 0.9068
Run: 02, Epoch: 48, Loss: 0.0000, lr: 0.000343, Train: 0.9990, Valid: 0.9408, Test: 0.9072
Run: 02, Epoch: 49, Loss: 0.0000, lr: 0.000343, Train: 0.9991, Valid: 0.9410, Test: 0.9075
Run: 02, Epoch: 50, Loss: 0.0000, lr: 0.000343, Train: 0.9991, Valid: 0.9411, Test: 0.9078
Run: 02, Epoch: 51, Loss: 0.0000, lr: 0.000343, Train: 0.9992, Valid: 0.9412, Test: 0.9080
Run: 02, Epoch: 52, Loss: 0.0000, lr: 0.000343, Train: 0.9992, Valid: 0.9412, Test: 0.9080
Run: 02, Epoch: 53, Loss: 0.0000, lr: 0.000240, Train: 0.9993, Valid: 0.9410, Test: 0.9079
Run: 02, Epoch: 54, Loss: 0.0000, lr: 0.000240, Train: 0.9993, Valid: 0.9408, Test: 0.9077
Run: 02, Epoch: 55, Loss: 0.0000, lr: 0.000240, Train: 0.9994, Valid: 0.9406, Test: 0.9075
Run: 02, Epoch: 56, Loss: 0.0000, lr: 0.000240, Train: 0.9995, Valid: 0.9404, Test: 0.9072
Run: 02, Epoch: 57, Loss: 0.0000, lr: 0.000240, Train: 0.9995, Valid: 0.9401, Test: 0.9068
Run: 02, Epoch: 58, Loss: 0.0000, lr: 0.000240, Train: 0.9995, Valid: 0.9398, Test: 0.9065
Run: 02, Epoch: 59, Loss: 0.0000, lr: 0.000168, Train: 0.9996, Valid: 0.9396, Test: 0.9061
Run: 02, Epoch: 60, Loss: 0.0000, lr: 0.000168, Train: 0.9996, Valid: 0.9394, Test: 0.9058
Run: 02, Epoch: 61, Loss: 0.0000, lr: 0.000168, Train: 0.9996, Valid: 0.9392, Test: 0.9055
Run: 02, Epoch: 62, Loss: 0.0000, lr: 0.000168, Train: 0.9996, Valid: 0.9390, Test: 0.9052
Run: 02, Epoch: 63, Loss: 0.0000, lr: 0.000168, Train: 0.9997, Valid: 0.9389, Test: 0.9049
Run: 02, Epoch: 64, Loss: 0.0000, lr: 0.000168, Train: 0.9997, Valid: 0.9388, Test: 0.9047
Run: 02, Epoch: 65, Loss: 0.0000, lr: 0.000118, Train: 0.9997, Valid: 0.9387, Test: 0.9045
Run: 02, Epoch: 66, Loss: 0.0000, lr: 0.000118, Train: 0.9997, Valid: 0.9386, Test: 0.9043
Run: 02, Epoch: 67, Loss: 0.0000, lr: 0.000118, Train: 0.9997, Valid: 0.9385, Test: 0.9041
Run: 02, Epoch: 68, Loss: 0.0000, lr: 0.000118, Train: 0.9997, Valid: 0.9384, Test: 0.9040
Run: 02, Epoch: 69, Loss: 0.0000, lr: 0.000118, Train: 0.9997, Valid: 0.9384, Test: 0.9039
Run: 02, Epoch: 70, Loss: 0.0000, lr: 0.000118, Train: 0.9997, Valid: 0.9383, Test: 0.9038
Run: 02, Epoch: 71, Loss: 0.0000, lr: 0.000082, Train: 0.9997, Valid: 0.9383, Test: 0.9037
Run: 02, Epoch: 72, Loss: 0.0000, lr: 0.000082, Train: 0.9997, Valid: 0.9382, Test: 0.9036
Run: 02, Epoch: 73, Loss: 0.0000, lr: 0.000082, Train: 0.9997, Valid: 0.9382, Test: 0.9036
Run: 02, Epoch: 74, Loss: 0.0000, lr: 0.000082, Train: 0.9997, Valid: 0.9381, Test: 0.9036
Run: 02, Epoch: 75, Loss: 0.0000, lr: 0.000082, Train: 0.9997, Valid: 0.9381, Test: 0.9035
Run: 02, Epoch: 76, Loss: 0.0000, lr: 0.000082, Train: 0.9997, Valid: 0.9381, Test: 0.9035
Run: 02, Epoch: 77, Loss: 0.0000, lr: 0.000058, Train: 0.9997, Valid: 0.9381, Test: 0.9035
Run: 02, Epoch: 78, Loss: 0.0000, lr: 0.000058, Train: 0.9997, Valid: 0.9381, Test: 0.9035
Run: 02, Epoch: 79, Loss: 0.0000, lr: 0.000058, Train: 0.9998, Valid: 0.9381, Test: 0.9035
Run: 02, Epoch: 80, Loss: 0.0000, lr: 0.000058, Train: 0.9998, Valid: 0.9380, Test: 0.9036
Run: 02, Epoch: 81, Loss: 0.0000, lr: 0.000058, Train: 0.9998, Valid: 0.9380, Test: 0.9036
Run: 02, Epoch: 82, Loss: 0.0000, lr: 0.000058, Train: 0.9998, Valid: 0.9380, Test: 0.9036
Run: 02, Epoch: 83, Loss: 0.0000, lr: 0.000040, Train: 0.9998, Valid: 0.9380, Test: 0.9036
Run: 02, Epoch: 84, Loss: 0.0000, lr: 0.000040, Train: 0.9998, Valid: 0.9380, Test: 0.9036
Run: 02, Epoch: 85, Loss: 0.0000, lr: 0.000040, Train: 0.9998, Valid: 0.9380, Test: 0.9036
Run: 02, Epoch: 86, Loss: 0.0000, lr: 0.000040, Train: 0.9998, Valid: 0.9380, Test: 0.9036
Run: 02, Epoch: 87, Loss: 0.0000, lr: 0.000040, Train: 0.9998, Valid: 0.9380, Test: 0.9036
Run: 02, Epoch: 88, Loss: 0.0000, lr: 0.000040, Train: 0.9998, Valid: 0.9380, Test: 0.9036
Run: 02, Epoch: 89, Loss: 0.0000, lr: 0.000028, Train: 0.9998, Valid: 0.9380, Test: 0.9036
Run: 02, Epoch: 90, Loss: 0.0000, lr: 0.000028, Train: 0.9998, Valid: 0.9379, Test: 0.9036
Run: 02, Epoch: 91, Loss: 0.0000, lr: 0.000028, Train: 0.9998, Valid: 0.9379, Test: 0.9036
Run: 02, Epoch: 92, Loss: 0.0000, lr: 0.000028, Train: 0.9998, Valid: 0.9379, Test: 0.9036
Run: 02, Epoch: 93, Loss: 0.0000, lr: 0.000028, Train: 0.9998, Valid: 0.9379, Test: 0.9036
Run: 02, Epoch: 94, Loss: 0.0000, lr: 0.000028, Train: 0.9998, Valid: 0.9379, Test: 0.9035
Run: 02, Epoch: 95, Loss: 0.0000, lr: 0.000020, Train: 0.9998, Valid: 0.9379, Test: 0.9035
Run: 02, Epoch: 96, Loss: 0.0000, lr: 0.000020, Train: 0.9998, Valid: 0.9379, Test: 0.9035
Run: 02, Epoch: 97, Loss: 0.0000, lr: 0.000020, Train: 0.9998, Valid: 0.9379, Test: 0.9035
Run: 02, Epoch: 98, Loss: 0.0000, lr: 0.000020, Train: 0.9998, Valid: 0.9379, Test: 0.9035
Run: 02, Epoch: 99, Loss: 0.0000, lr: 0.000020, Train: 0.9998, Valid: 0.9378, Test: 0.9035
Run: 02, Epoch: 100, Loss: 0.0000, lr: 0.000020, Train: 0.9998, Valid: 0.9378, Test: 0.9035
Run 02:
Highest Train: 1.00
Highest Valid: 0.95
  Final Train: 0.99
   Final Test: 0.91
Run: 03, Epoch: 01, Loss: 0.0569, lr: 0.001000, Train: 0.3820, Valid: -0.0168, Test: 0.3922
Run: 03, Epoch: 02, Loss: 0.0094, lr: 0.001000, Train: 0.6183, Valid: 0.2946, Test: 0.6254
Run: 03, Epoch: 03, Loss: 0.0067, lr: 0.001000, Train: 0.7185, Valid: 0.4590, Test: 0.7141
Run: 03, Epoch: 04, Loss: 0.0062, lr: 0.001000, Train: 0.7620, Valid: 0.5488, Test: 0.7509
Run: 03, Epoch: 05, Loss: 0.0069, lr: 0.001000, Train: 0.7785, Valid: 0.5917, Test: 0.7679
Run: 03, Epoch: 06, Loss: 0.0074, lr: 0.001000, Train: 0.7806, Valid: 0.5963, Test: 0.7760
Run: 03, Epoch: 07, Loss: 0.0067, lr: 0.001000, Train: 0.7686, Valid: 0.5716, Test: 0.7767
Run: 03, Epoch: 08, Loss: 0.0055, lr: 0.001000, Train: 0.7436, Valid: 0.5297, Test: 0.7717
Run: 03, Epoch: 09, Loss: 0.0044, lr: 0.001000, Train: 0.7176, Valid: 0.4948, Test: 0.7671
Run: 03, Epoch: 10, Loss: 0.0038, lr: 0.001000, Train: 0.7086, Valid: 0.4909, Test: 0.7718
Run: 03, Epoch: 11, Loss: 0.0033, lr: 0.001000, Train: 0.7253, Valid: 0.5222, Test: 0.7880
Run: 03, Epoch: 12, Loss: 0.0029, lr: 0.001000, Train: 0.7631, Valid: 0.5770, Test: 0.8123
Run: 03, Epoch: 13, Loss: 0.0024, lr: 0.000700, Train: 0.7987, Valid: 0.6269, Test: 0.8331
Run: 03, Epoch: 14, Loss: 0.0022, lr: 0.000700, Train: 0.8315, Valid: 0.6717, Test: 0.8505
Run: 03, Epoch: 15, Loss: 0.0020, lr: 0.000700, Train: 0.8585, Valid: 0.7065, Test: 0.8637
Run: 03, Epoch: 16, Loss: 0.0018, lr: 0.000700, Train: 0.8792, Valid: 0.7301, Test: 0.8738
Run: 03, Epoch: 17, Loss: 0.0016, lr: 0.000700, Train: 0.8932, Valid: 0.7431, Test: 0.8814
Run: 03, Epoch: 18, Loss: 0.0015, lr: 0.000700, Train: 0.9006, Valid: 0.7444, Test: 0.8862
Run: 03, Epoch: 19, Loss: 0.0013, lr: 0.000700, Train: 0.9005, Valid: 0.7342, Test: 0.8871
Run: 03, Epoch: 20, Loss: 0.0011, lr: 0.000700, Train: 0.8930, Valid: 0.7155, Test: 0.8827
Run: 03, Epoch: 21, Loss: 0.0010, lr: 0.000700, Train: 0.8800, Valid: 0.6916, Test: 0.8736
Run: 03, Epoch: 22, Loss: 0.0009, lr: 0.000700, Train: 0.8645, Valid: 0.6666, Test: 0.8619
Run: 03, Epoch: 23, Loss: 0.0008, lr: 0.000700, Train: 0.8496, Valid: 0.6443, Test: 0.8500
Run: 03, Epoch: 24, Loss: 0.0007, lr: 0.000700, Train: 0.8373, Valid: 0.6267, Test: 0.8398
Run: 03, Epoch: 25, Loss: 0.0006, lr: 0.000490, Train: 0.8401, Valid: 0.6334, Test: 0.8417
Run: 03, Epoch: 26, Loss: 0.0005, lr: 0.000490, Train: 0.8450, Valid: 0.6439, Test: 0.8457
Run: 03, Epoch: 27, Loss: 0.0005, lr: 0.000490, Train: 0.8522, Valid: 0.6581, Test: 0.8518
Run: 03, Epoch: 28, Loss: 0.0005, lr: 0.000490, Train: 0.8616, Valid: 0.6762, Test: 0.8598
Run: 03, Epoch: 29, Loss: 0.0004, lr: 0.000490, Train: 0.8732, Valid: 0.6978, Test: 0.8696
Run: 03, Epoch: 30, Loss: 0.0004, lr: 0.000490, Train: 0.8863, Valid: 0.7221, Test: 0.8809
Run: 03, Epoch: 31, Loss: 0.0004, lr: 0.000343, Train: 0.9020, Valid: 0.7501, Test: 0.8937
Run: 03, Epoch: 32, Loss: 0.0004, lr: 0.000343, Train: 0.9167, Valid: 0.7767, Test: 0.9057
Run: 03, Epoch: 33, Loss: 0.0004, lr: 0.000343, Train: 0.9300, Valid: 0.8009, Test: 0.9164
Run: 03, Epoch: 34, Loss: 0.0003, lr: 0.000343, Train: 0.9416, Valid: 0.8226, Test: 0.9256
Run: 03, Epoch: 35, Loss: 0.0003, lr: 0.000343, Train: 0.9516, Valid: 0.8414, Test: 0.9333
Run: 03, Epoch: 36, Loss: 0.0003, lr: 0.000343, Train: 0.9597, Valid: 0.8573, Test: 0.9392
Run: 03, Epoch: 37, Loss: 0.0003, lr: 0.000343, Train: 0.9660, Valid: 0.8700, Test: 0.9436
Run: 03, Epoch: 38, Loss: 0.0003, lr: 0.000343, Train: 0.9708, Valid: 0.8795, Test: 0.9466
Run: 03, Epoch: 39, Loss: 0.0003, lr: 0.000343, Train: 0.9743, Valid: 0.8865, Test: 0.9487
Run: 03, Epoch: 40, Loss: 0.0002, lr: 0.000343, Train: 0.9770, Valid: 0.8915, Test: 0.9501
Run: 03, Epoch: 41, Loss: 0.0002, lr: 0.000343, Train: 0.9789, Valid: 0.8950, Test: 0.9511
Run: 03, Epoch: 42, Loss: 0.0002, lr: 0.000343, Train: 0.9804, Valid: 0.8975, Test: 0.9518
Run: 03, Epoch: 43, Loss: 0.0002, lr: 0.000343, Train: 0.9817, Valid: 0.8994, Test: 0.9524
Run: 03, Epoch: 44, Loss: 0.0002, lr: 0.000343, Train: 0.9827, Valid: 0.9010, Test: 0.9530
Run: 03, Epoch: 45, Loss: 0.0002, lr: 0.000343, Train: 0.9837, Valid: 0.9026, Test: 0.9534
Run: 03, Epoch: 46, Loss: 0.0002, lr: 0.000343, Train: 0.9846, Valid: 0.9043, Test: 0.9539
Run: 03, Epoch: 47, Loss: 0.0002, lr: 0.000343, Train: 0.9856, Valid: 0.9062, Test: 0.9542
Run: 03, Epoch: 48, Loss: 0.0002, lr: 0.000343, Train: 0.9866, Valid: 0.9080, Test: 0.9544
Run: 03, Epoch: 49, Loss: 0.0002, lr: 0.000343, Train: 0.9876, Valid: 0.9100, Test: 0.9545
Run: 03, Epoch: 50, Loss: 0.0002, lr: 0.000343, Train: 0.9885, Valid: 0.9119, Test: 0.9546
Run: 03, Epoch: 51, Loss: 0.0001, lr: 0.000343, Train: 0.9894, Valid: 0.9137, Test: 0.9546
Run: 03, Epoch: 52, Loss: 0.0001, lr: 0.000343, Train: 0.9901, Valid: 0.9151, Test: 0.9546
Run: 03, Epoch: 53, Loss: 0.0001, lr: 0.000343, Train: 0.9908, Valid: 0.9163, Test: 0.9546
Run: 03, Epoch: 54, Loss: 0.0001, lr: 0.000343, Train: 0.9914, Valid: 0.9172, Test: 0.9546
Run: 03, Epoch: 55, Loss: 0.0001, lr: 0.000343, Train: 0.9920, Valid: 0.9180, Test: 0.9547
Run: 03, Epoch: 56, Loss: 0.0001, lr: 0.000343, Train: 0.9924, Valid: 0.9186, Test: 0.9549
Run: 03, Epoch: 57, Loss: 0.0001, lr: 0.000343, Train: 0.9928, Valid: 0.9192, Test: 0.9550
Run: 03, Epoch: 58, Loss: 0.0001, lr: 0.000343, Train: 0.9932, Valid: 0.9199, Test: 0.9552
Run: 03, Epoch: 59, Loss: 0.0001, lr: 0.000343, Train: 0.9936, Valid: 0.9207, Test: 0.9553
Run: 03, Epoch: 60, Loss: 0.0001, lr: 0.000343, Train: 0.9940, Valid: 0.9217, Test: 0.9554
Run: 03, Epoch: 61, Loss: 0.0001, lr: 0.000343, Train: 0.9944, Valid: 0.9229, Test: 0.9554
Run: 03, Epoch: 62, Loss: 0.0001, lr: 0.000343, Train: 0.9948, Valid: 0.9240, Test: 0.9554
Run: 03, Epoch: 63, Loss: 0.0001, lr: 0.000343, Train: 0.9951, Valid: 0.9250, Test: 0.9554
Run: 03, Epoch: 64, Loss: 0.0001, lr: 0.000343, Train: 0.9954, Valid: 0.9258, Test: 0.9553
Run: 03, Epoch: 65, Loss: 0.0001, lr: 0.000343, Train: 0.9956, Valid: 0.9263, Test: 0.9552
Run: 03, Epoch: 66, Loss: 0.0001, lr: 0.000343, Train: 0.9958, Valid: 0.9265, Test: 0.9551
Run: 03, Epoch: 67, Loss: 0.0001, lr: 0.000343, Train: 0.9959, Valid: 0.9265, Test: 0.9550
Run: 03, Epoch: 68, Loss: 0.0001, lr: 0.000343, Train: 0.9960, Valid: 0.9263, Test: 0.9549
Run: 03, Epoch: 69, Loss: 0.0001, lr: 0.000343, Train: 0.9961, Valid: 0.9260, Test: 0.9548
Run: 03, Epoch: 70, Loss: 0.0001, lr: 0.000343, Train: 0.9962, Valid: 0.9258, Test: 0.9548
Run: 03, Epoch: 71, Loss: 0.0001, lr: 0.000343, Train: 0.9963, Valid: 0.9256, Test: 0.9547
Run: 03, Epoch: 72, Loss: 0.0001, lr: 0.000343, Train: 0.9963, Valid: 0.9256, Test: 0.9546
Run: 03, Epoch: 73, Loss: 0.0001, lr: 0.000240, Train: 0.9965, Valid: 0.9263, Test: 0.9546
Run: 03, Epoch: 74, Loss: 0.0001, lr: 0.000240, Train: 0.9967, Valid: 0.9270, Test: 0.9546
Run: 03, Epoch: 75, Loss: 0.0001, lr: 0.000240, Train: 0.9968, Valid: 0.9278, Test: 0.9546
Run: 03, Epoch: 76, Loss: 0.0001, lr: 0.000240, Train: 0.9970, Valid: 0.9285, Test: 0.9546
Run: 03, Epoch: 77, Loss: 0.0001, lr: 0.000240, Train: 0.9971, Valid: 0.9291, Test: 0.9546
Run: 03, Epoch: 78, Loss: 0.0001, lr: 0.000240, Train: 0.9972, Valid: 0.9296, Test: 0.9545
Run: 03, Epoch: 79, Loss: 0.0001, lr: 0.000240, Train: 0.9973, Valid: 0.9300, Test: 0.9545
Run: 03, Epoch: 80, Loss: 0.0001, lr: 0.000240, Train: 0.9974, Valid: 0.9302, Test: 0.9545
Run: 03, Epoch: 81, Loss: 0.0001, lr: 0.000240, Train: 0.9974, Valid: 0.9304, Test: 0.9545
Run: 03, Epoch: 82, Loss: 0.0001, lr: 0.000240, Train: 0.9975, Valid: 0.9304, Test: 0.9545
Run: 03, Epoch: 83, Loss: 0.0001, lr: 0.000240, Train: 0.9975, Valid: 0.9304, Test: 0.9545
Run: 03, Epoch: 84, Loss: 0.0001, lr: 0.000240, Train: 0.9975, Valid: 0.9304, Test: 0.9545
Run: 03, Epoch: 85, Loss: 0.0001, lr: 0.000240, Train: 0.9976, Valid: 0.9304, Test: 0.9545
Run: 03, Epoch: 86, Loss: 0.0001, lr: 0.000240, Train: 0.9976, Valid: 0.9306, Test: 0.9545
Run: 03, Epoch: 87, Loss: 0.0001, lr: 0.000240, Train: 0.9977, Valid: 0.9309, Test: 0.9544
Run: 03, Epoch: 88, Loss: 0.0000, lr: 0.000240, Train: 0.9978, Valid: 0.9312, Test: 0.9544
Run: 03, Epoch: 89, Loss: 0.0000, lr: 0.000240, Train: 0.9979, Valid: 0.9316, Test: 0.9544
Run: 03, Epoch: 90, Loss: 0.0000, lr: 0.000240, Train: 0.9980, Valid: 0.9319, Test: 0.9544
Run: 03, Epoch: 91, Loss: 0.0000, lr: 0.000240, Train: 0.9980, Valid: 0.9323, Test: 0.9543
Run: 03, Epoch: 92, Loss: 0.0000, lr: 0.000240, Train: 0.9981, Valid: 0.9326, Test: 0.9543
Run: 03, Epoch: 93, Loss: 0.0000, lr: 0.000240, Train: 0.9981, Valid: 0.9328, Test: 0.9543
Run: 03, Epoch: 94, Loss: 0.0000, lr: 0.000240, Train: 0.9982, Valid: 0.9330, Test: 0.9542
Run: 03, Epoch: 95, Loss: 0.0000, lr: 0.000240, Train: 0.9982, Valid: 0.9332, Test: 0.9542
Run: 03, Epoch: 96, Loss: 0.0000, lr: 0.000240, Train: 0.9983, Valid: 0.9333, Test: 0.9542
Run: 03, Epoch: 97, Loss: 0.0000, lr: 0.000240, Train: 0.9983, Valid: 0.9335, Test: 0.9542
Run: 03, Epoch: 98, Loss: 0.0000, lr: 0.000240, Train: 0.9984, Valid: 0.9337, Test: 0.9542
Run: 03, Epoch: 99, Loss: 0.0000, lr: 0.000240, Train: 0.9984, Valid: 0.9339, Test: 0.9542
Run: 03, Epoch: 100, Loss: 0.0000, lr: 0.000240, Train: 0.9985, Valid: 0.9342, Test: 0.9542
Run 03:
Highest Train: 1.00
Highest Valid: 0.93
  Final Train: 1.00
   Final Test: 0.95
Run: 04, Epoch: 01, Loss: 0.0390, lr: 0.001000, Train: 0.3764, Valid: -0.0748, Test: 0.2182
Run: 04, Epoch: 02, Loss: 0.0069, lr: 0.001000, Train: 0.5596, Valid: 0.0503, Test: 0.3812
Run: 04, Epoch: 03, Loss: 0.0063, lr: 0.001000, Train: 0.6284, Valid: 0.0404, Test: 0.4179
Run: 04, Epoch: 04, Loss: 0.0066, lr: 0.001000, Train: 0.6575, Valid: 0.0205, Test: 0.4279
Run: 04, Epoch: 05, Loss: 0.0064, lr: 0.001000, Train: 0.6895, Valid: 0.0756, Test: 0.4659
Run: 04, Epoch: 06, Loss: 0.0055, lr: 0.001000, Train: 0.7309, Valid: 0.1996, Test: 0.5343
Run: 04, Epoch: 07, Loss: 0.0043, lr: 0.001000, Train: 0.7737, Valid: 0.3522, Test: 0.6149
Run: 04, Epoch: 08, Loss: 0.0033, lr: 0.001000, Train: 0.8089, Valid: 0.4883, Test: 0.6832
Run: 04, Epoch: 09, Loss: 0.0027, lr: 0.001000, Train: 0.8322, Valid: 0.5764, Test: 0.7261
Run: 04, Epoch: 10, Loss: 0.0024, lr: 0.001000, Train: 0.8433, Valid: 0.6125, Test: 0.7430
Run: 04, Epoch: 11, Loss: 0.0023, lr: 0.001000, Train: 0.8442, Valid: 0.6134, Test: 0.7386
Run: 04, Epoch: 12, Loss: 0.0021, lr: 0.001000, Train: 0.8350, Valid: 0.5912, Test: 0.7166
Run: 04, Epoch: 13, Loss: 0.0018, lr: 0.001000, Train: 0.8153, Valid: 0.5524, Test: 0.6804
Run: 04, Epoch: 14, Loss: 0.0014, lr: 0.001000, Train: 0.7829, Valid: 0.4956, Test: 0.6283
Run: 04, Epoch: 15, Loss: 0.0011, lr: 0.001000, Train: 0.7355, Valid: 0.4069, Test: 0.5554
Run: 04, Epoch: 16, Loss: 0.0008, lr: 0.001000, Train: 0.6764, Valid: 0.2793, Test: 0.4607
Run: 04, Epoch: 17, Loss: 0.0007, lr: 0.001000, Train: 0.6222, Valid: 0.1504, Test: 0.3655
Run: 04, Epoch: 18, Loss: 0.0007, lr: 0.000700, Train: 0.6137, Valid: 0.1231, Test: 0.3360
Run: 04, Epoch: 19, Loss: 0.0007, lr: 0.000700, Train: 0.6196, Valid: 0.1275, Test: 0.3284
Run: 04, Epoch: 20, Loss: 0.0007, lr: 0.000700, Train: 0.6375, Valid: 0.1677, Test: 0.3454
Run: 04, Epoch: 21, Loss: 0.0007, lr: 0.000700, Train: 0.6653, Valid: 0.2387, Test: 0.3827
Run: 04, Epoch: 22, Loss: 0.0007, lr: 0.000700, Train: 0.6994, Valid: 0.3282, Test: 0.4316
Run: 04, Epoch: 23, Loss: 0.0006, lr: 0.000700, Train: 0.7352, Valid: 0.4222, Test: 0.4853
Run: 04, Epoch: 24, Loss: 0.0005, lr: 0.000490, Train: 0.7731, Valid: 0.5128, Test: 0.5429
Run: 04, Epoch: 25, Loss: 0.0005, lr: 0.000490, Train: 0.8060, Valid: 0.5885, Test: 0.5926
Run: 04, Epoch: 26, Loss: 0.0004, lr: 0.000490, Train: 0.8338, Valid: 0.6486, Test: 0.6351
Run: 04, Epoch: 27, Loss: 0.0004, lr: 0.000490, Train: 0.8565, Valid: 0.6948, Test: 0.6701
Run: 04, Epoch: 28, Loss: 0.0004, lr: 0.000490, Train: 0.8751, Valid: 0.7299, Test: 0.6987
Run: 04, Epoch: 29, Loss: 0.0003, lr: 0.000490, Train: 0.8909, Valid: 0.7581, Test: 0.7236
Run: 04, Epoch: 30, Loss: 0.0003, lr: 0.000490, Train: 0.9050, Valid: 0.7821, Test: 0.7468
Run: 04, Epoch: 31, Loss: 0.0003, lr: 0.000490, Train: 0.9180, Valid: 0.8048, Test: 0.7689
Run: 04, Epoch: 32, Loss: 0.0003, lr: 0.000490, Train: 0.9299, Valid: 0.8280, Test: 0.7902
Run: 04, Epoch: 33, Loss: 0.0003, lr: 0.000490, Train: 0.9410, Valid: 0.8514, Test: 0.8114
Run: 04, Epoch: 34, Loss: 0.0003, lr: 0.000490, Train: 0.9511, Valid: 0.8731, Test: 0.8313
Run: 04, Epoch: 35, Loss: 0.0003, lr: 0.000490, Train: 0.9598, Valid: 0.8912, Test: 0.8483
Run: 04, Epoch: 36, Loss: 0.0003, lr: 0.000490, Train: 0.9666, Valid: 0.9049, Test: 0.8620
Run: 04, Epoch: 37, Loss: 0.0002, lr: 0.000490, Train: 0.9719, Valid: 0.9142, Test: 0.8720
Run: 04, Epoch: 38, Loss: 0.0002, lr: 0.000490, Train: 0.9756, Valid: 0.9197, Test: 0.8789
Run: 04, Epoch: 39, Loss: 0.0002, lr: 0.000490, Train: 0.9782, Valid: 0.9222, Test: 0.8831
Run: 04, Epoch: 40, Loss: 0.0002, lr: 0.000490, Train: 0.9800, Valid: 0.9230, Test: 0.8853
Run: 04, Epoch: 41, Loss: 0.0002, lr: 0.000490, Train: 0.9814, Valid: 0.9230, Test: 0.8859
Run: 04, Epoch: 42, Loss: 0.0002, lr: 0.000490, Train: 0.9827, Valid: 0.9233, Test: 0.8856
Run: 04, Epoch: 43, Loss: 0.0002, lr: 0.000490, Train: 0.9838, Valid: 0.9244, Test: 0.8849
Run: 04, Epoch: 44, Loss: 0.0002, lr: 0.000490, Train: 0.9847, Valid: 0.9260, Test: 0.8844
Run: 04, Epoch: 45, Loss: 0.0002, lr: 0.000490, Train: 0.9853, Valid: 0.9279, Test: 0.8841
Run: 04, Epoch: 46, Loss: 0.0002, lr: 0.000490, Train: 0.9860, Valid: 0.9299, Test: 0.8840
Run: 04, Epoch: 47, Loss: 0.0002, lr: 0.000490, Train: 0.9865, Valid: 0.9320, Test: 0.8841
Run: 04, Epoch: 48, Loss: 0.0002, lr: 0.000490, Train: 0.9870, Valid: 0.9337, Test: 0.8843
Run: 04, Epoch: 49, Loss: 0.0002, lr: 0.000490, Train: 0.9873, Valid: 0.9349, Test: 0.8847
Run: 04, Epoch: 50, Loss: 0.0001, lr: 0.000490, Train: 0.9874, Valid: 0.9358, Test: 0.8851
Run: 04, Epoch: 51, Loss: 0.0001, lr: 0.000490, Train: 0.9873, Valid: 0.9364, Test: 0.8856
Run: 04, Epoch: 52, Loss: 0.0001, lr: 0.000490, Train: 0.9872, Valid: 0.9366, Test: 0.8862
Run: 04, Epoch: 53, Loss: 0.0001, lr: 0.000490, Train: 0.9872, Valid: 0.9368, Test: 0.8869
Run: 04, Epoch: 54, Loss: 0.0001, lr: 0.000490, Train: 0.9874, Valid: 0.9371, Test: 0.8877
Run: 04, Epoch: 55, Loss: 0.0001, lr: 0.000490, Train: 0.9877, Valid: 0.9374, Test: 0.8884
Run: 04, Epoch: 56, Loss: 0.0001, lr: 0.000490, Train: 0.9881, Valid: 0.9378, Test: 0.8889
Run: 04, Epoch: 57, Loss: 0.0001, lr: 0.000490, Train: 0.9884, Valid: 0.9379, Test: 0.8891
Run: 04, Epoch: 58, Loss: 0.0001, lr: 0.000490, Train: 0.9887, Valid: 0.9378, Test: 0.8889
Run: 04, Epoch: 59, Loss: 0.0001, lr: 0.000490, Train: 0.9890, Valid: 0.9375, Test: 0.8884
Run: 04, Epoch: 60, Loss: 0.0001, lr: 0.000490, Train: 0.9894, Valid: 0.9368, Test: 0.8877
Run: 04, Epoch: 61, Loss: 0.0001, lr: 0.000490, Train: 0.9897, Valid: 0.9357, Test: 0.8866
Run: 04, Epoch: 62, Loss: 0.0001, lr: 0.000490, Train: 0.9898, Valid: 0.9343, Test: 0.8853
Run: 04, Epoch: 63, Loss: 0.0001, lr: 0.000490, Train: 0.9898, Valid: 0.9326, Test: 0.8840
Run: 04, Epoch: 64, Loss: 0.0001, lr: 0.000343, Train: 0.9902, Valid: 0.9320, Test: 0.8837
Run: 04, Epoch: 65, Loss: 0.0001, lr: 0.000343, Train: 0.9906, Valid: 0.9315, Test: 0.8835
Run: 04, Epoch: 66, Loss: 0.0001, lr: 0.000343, Train: 0.9909, Valid: 0.9311, Test: 0.8835
Run: 04, Epoch: 67, Loss: 0.0001, lr: 0.000343, Train: 0.9913, Valid: 0.9310, Test: 0.8836
Run: 04, Epoch: 68, Loss: 0.0001, lr: 0.000343, Train: 0.9917, Valid: 0.9310, Test: 0.8837
Run: 04, Epoch: 69, Loss: 0.0001, lr: 0.000343, Train: 0.9922, Valid: 0.9312, Test: 0.8840
Run: 04, Epoch: 70, Loss: 0.0001, lr: 0.000240, Train: 0.9928, Valid: 0.9319, Test: 0.8848
Run: 04, Epoch: 71, Loss: 0.0001, lr: 0.000240, Train: 0.9933, Valid: 0.9326, Test: 0.8855
Run: 04, Epoch: 72, Loss: 0.0001, lr: 0.000240, Train: 0.9938, Valid: 0.9333, Test: 0.8861
Run: 04, Epoch: 73, Loss: 0.0001, lr: 0.000240, Train: 0.9942, Valid: 0.9338, Test: 0.8867
Run: 04, Epoch: 74, Loss: 0.0001, lr: 0.000240, Train: 0.9946, Valid: 0.9344, Test: 0.8873
Run: 04, Epoch: 75, Loss: 0.0001, lr: 0.000240, Train: 0.9948, Valid: 0.9348, Test: 0.8878
Run: 04, Epoch: 76, Loss: 0.0001, lr: 0.000168, Train: 0.9952, Valid: 0.9353, Test: 0.8884
Run: 04, Epoch: 77, Loss: 0.0001, lr: 0.000168, Train: 0.9955, Valid: 0.9356, Test: 0.8890
Run: 04, Epoch: 78, Loss: 0.0001, lr: 0.000168, Train: 0.9958, Valid: 0.9359, Test: 0.8895
Run: 04, Epoch: 79, Loss: 0.0001, lr: 0.000168, Train: 0.9961, Valid: 0.9362, Test: 0.8899
Run: 04, Epoch: 80, Loss: 0.0001, lr: 0.000168, Train: 0.9963, Valid: 0.9363, Test: 0.8903
Run: 04, Epoch: 81, Loss: 0.0001, lr: 0.000168, Train: 0.9965, Valid: 0.9365, Test: 0.8907
Run: 04, Epoch: 82, Loss: 0.0001, lr: 0.000118, Train: 0.9967, Valid: 0.9366, Test: 0.8911
Run: 04, Epoch: 83, Loss: 0.0001, lr: 0.000118, Train: 0.9969, Valid: 0.9367, Test: 0.8915
Run: 04, Epoch: 84, Loss: 0.0001, lr: 0.000118, Train: 0.9971, Valid: 0.9368, Test: 0.8918
Run: 04, Epoch: 85, Loss: 0.0001, lr: 0.000118, Train: 0.9972, Valid: 0.9369, Test: 0.8921
Run: 04, Epoch: 86, Loss: 0.0001, lr: 0.000118, Train: 0.9974, Valid: 0.9370, Test: 0.8924
Run: 04, Epoch: 87, Loss: 0.0001, lr: 0.000118, Train: 0.9975, Valid: 0.9370, Test: 0.8926
Run: 04, Epoch: 88, Loss: 0.0001, lr: 0.000082, Train: 0.9976, Valid: 0.9371, Test: 0.8929
Run: 04, Epoch: 89, Loss: 0.0001, lr: 0.000082, Train: 0.9977, Valid: 0.9371, Test: 0.8931
Run: 04, Epoch: 90, Loss: 0.0001, lr: 0.000082, Train: 0.9978, Valid: 0.9371, Test: 0.8933
Run: 04, Epoch: 91, Loss: 0.0001, lr: 0.000082, Train: 0.9979, Valid: 0.9372, Test: 0.8934
Run: 04, Epoch: 92, Loss: 0.0001, lr: 0.000082, Train: 0.9980, Valid: 0.9372, Test: 0.8936
Run: 04, Epoch: 93, Loss: 0.0001, lr: 0.000082, Train: 0.9981, Valid: 0.9372, Test: 0.8937
Run: 04, Epoch: 94, Loss: 0.0001, lr: 0.000058, Train: 0.9981, Valid: 0.9372, Test: 0.8938
Run: 04, Epoch: 95, Loss: 0.0001, lr: 0.000058, Train: 0.9982, Valid: 0.9372, Test: 0.8939
Run: 04, Epoch: 96, Loss: 0.0001, lr: 0.000058, Train: 0.9982, Valid: 0.9371, Test: 0.8940
Run: 04, Epoch: 97, Loss: 0.0001, lr: 0.000058, Train: 0.9983, Valid: 0.9371, Test: 0.8941
Run: 04, Epoch: 98, Loss: 0.0001, lr: 0.000058, Train: 0.9983, Valid: 0.9371, Test: 0.8941
Run: 04, Epoch: 99, Loss: 0.0001, lr: 0.000058, Train: 0.9983, Valid: 0.9371, Test: 0.8941
Run: 04, Epoch: 100, Loss: 0.0001, lr: 0.000040, Train: 0.9984, Valid: 0.9370, Test: 0.8942
Run 04:
Highest Train: 1.00
Highest Valid: 0.94
  Final Train: 0.99
   Final Test: 0.89
Run: 05, Epoch: 01, Loss: 0.0266, lr: 0.001000, Train: 0.4964, Valid: 0.3913, Test: 0.5283
Run: 05, Epoch: 02, Loss: 0.0122, lr: 0.001000, Train: 0.6248, Valid: 0.5544, Test: 0.6817
Run: 05, Epoch: 03, Loss: 0.0096, lr: 0.001000, Train: 0.6726, Valid: 0.6337, Test: 0.7187
Run: 05, Epoch: 04, Loss: 0.0072, lr: 0.001000, Train: 0.6711, Valid: 0.6400, Test: 0.7075
Run: 05, Epoch: 05, Loss: 0.0064, lr: 0.001000, Train: 0.6434, Valid: 0.6055, Test: 0.6799
Run: 05, Epoch: 06, Loss: 0.0059, lr: 0.001000, Train: 0.6138, Valid: 0.5710, Test: 0.6520
Run: 05, Epoch: 07, Loss: 0.0052, lr: 0.001000, Train: 0.5957, Valid: 0.5566, Test: 0.6350
Run: 05, Epoch: 08, Loss: 0.0041, lr: 0.001000, Train: 0.5926, Valid: 0.5663, Test: 0.6322
Run: 05, Epoch: 09, Loss: 0.0031, lr: 0.001000, Train: 0.5986, Valid: 0.5881, Test: 0.6393
Run: 05, Epoch: 10, Loss: 0.0026, lr: 0.001000, Train: 0.6038, Valid: 0.6060, Test: 0.6478
Run: 05, Epoch: 11, Loss: 0.0024, lr: 0.000700, Train: 0.6149, Valid: 0.6222, Test: 0.6592
Run: 05, Epoch: 12, Loss: 0.0023, lr: 0.000700, Train: 0.6234, Valid: 0.6301, Test: 0.6668
Run: 05, Epoch: 13, Loss: 0.0020, lr: 0.000700, Train: 0.6284, Valid: 0.6307, Test: 0.6690
Run: 05, Epoch: 14, Loss: 0.0017, lr: 0.000700, Train: 0.6327, Valid: 0.6279, Test: 0.6670
Run: 05, Epoch: 15, Loss: 0.0014, lr: 0.000700, Train: 0.6366, Valid: 0.6244, Test: 0.6615
Run: 05, Epoch: 16, Loss: 0.0012, lr: 0.000700, Train: 0.6424, Valid: 0.6231, Test: 0.6544
Run: 05, Epoch: 17, Loss: 0.0011, lr: 0.000490, Train: 0.6648, Valid: 0.6401, Test: 0.6632
Run: 05, Epoch: 18, Loss: 0.0010, lr: 0.000490, Train: 0.6870, Valid: 0.6549, Test: 0.6712
Run: 05, Epoch: 19, Loss: 0.0009, lr: 0.000490, Train: 0.7062, Valid: 0.6668, Test: 0.6772
Run: 05, Epoch: 20, Loss: 0.0008, lr: 0.000490, Train: 0.7208, Valid: 0.6740, Test: 0.6803
Run: 05, Epoch: 21, Loss: 0.0007, lr: 0.000490, Train: 0.7305, Valid: 0.6762, Test: 0.6808
Run: 05, Epoch: 22, Loss: 0.0007, lr: 0.000490, Train: 0.7372, Valid: 0.6749, Test: 0.6813
Run: 05, Epoch: 23, Loss: 0.0006, lr: 0.000490, Train: 0.7428, Valid: 0.6734, Test: 0.6842
Run: 05, Epoch: 24, Loss: 0.0006, lr: 0.000490, Train: 0.7490, Valid: 0.6742, Test: 0.6899
Run: 05, Epoch: 25, Loss: 0.0006, lr: 0.000490, Train: 0.7557, Valid: 0.6776, Test: 0.6978
Run: 05, Epoch: 26, Loss: 0.0006, lr: 0.000490, Train: 0.7640, Valid: 0.6853, Test: 0.7082
Run: 05, Epoch: 27, Loss: 0.0005, lr: 0.000490, Train: 0.7749, Valid: 0.6974, Test: 0.7216
Run: 05, Epoch: 28, Loss: 0.0005, lr: 0.000490, Train: 0.7884, Valid: 0.7135, Test: 0.7378
Run: 05, Epoch: 29, Loss: 0.0004, lr: 0.000490, Train: 0.8044, Valid: 0.7329, Test: 0.7564
Run: 05, Epoch: 30, Loss: 0.0004, lr: 0.000490, Train: 0.8228, Valid: 0.7545, Test: 0.7768
Run: 05, Epoch: 31, Loss: 0.0004, lr: 0.000490, Train: 0.8429, Valid: 0.7769, Test: 0.7983
Run: 05, Epoch: 32, Loss: 0.0003, lr: 0.000490, Train: 0.8626, Valid: 0.7987, Test: 0.8192
Run: 05, Epoch: 33, Loss: 0.0003, lr: 0.000490, Train: 0.8800, Valid: 0.8181, Test: 0.8378
Run: 05, Epoch: 34, Loss: 0.0003, lr: 0.000490, Train: 0.8943, Valid: 0.8338, Test: 0.8528
Run: 05, Epoch: 35, Loss: 0.0003, lr: 0.000490, Train: 0.9053, Valid: 0.8456, Test: 0.8642
Run: 05, Epoch: 36, Loss: 0.0003, lr: 0.000490, Train: 0.9134, Valid: 0.8536, Test: 0.8723
Run: 05, Epoch: 37, Loss: 0.0002, lr: 0.000490, Train: 0.9193, Valid: 0.8588, Test: 0.8778
Run: 05, Epoch: 38, Loss: 0.0002, lr: 0.000490, Train: 0.9239, Valid: 0.8628, Test: 0.8818
Run: 05, Epoch: 39, Loss: 0.0002, lr: 0.000490, Train: 0.9286, Valid: 0.8668, Test: 0.8857
Run: 05, Epoch: 40, Loss: 0.0002, lr: 0.000490, Train: 0.9341, Valid: 0.8721, Test: 0.8906
Run: 05, Epoch: 41, Loss: 0.0002, lr: 0.000490, Train: 0.9412, Valid: 0.8789, Test: 0.8970
Run: 05, Epoch: 42, Loss: 0.0002, lr: 0.000490, Train: 0.9491, Valid: 0.8868, Test: 0.9045
Run: 05, Epoch: 43, Loss: 0.0002, lr: 0.000490, Train: 0.9571, Valid: 0.8943, Test: 0.9121
Run: 05, Epoch: 44, Loss: 0.0002, lr: 0.000490, Train: 0.9639, Valid: 0.9004, Test: 0.9187
Run: 05, Epoch: 45, Loss: 0.0001, lr: 0.000490, Train: 0.9693, Valid: 0.9045, Test: 0.9237
Run: 05, Epoch: 46, Loss: 0.0001, lr: 0.000490, Train: 0.9732, Valid: 0.9066, Test: 0.9273
Run: 05, Epoch: 47, Loss: 0.0001, lr: 0.000490, Train: 0.9760, Valid: 0.9069, Test: 0.9298
Run: 05, Epoch: 48, Loss: 0.0001, lr: 0.000490, Train: 0.9779, Valid: 0.9061, Test: 0.9315
Run: 05, Epoch: 49, Loss: 0.0001, lr: 0.000490, Train: 0.9791, Valid: 0.9045, Test: 0.9327
Run: 05, Epoch: 50, Loss: 0.0001, lr: 0.000490, Train: 0.9797, Valid: 0.9025, Test: 0.9333
Run: 05, Epoch: 51, Loss: 0.0001, lr: 0.000490, Train: 0.9797, Valid: 0.9004, Test: 0.9330
Run: 05, Epoch: 52, Loss: 0.0001, lr: 0.000490, Train: 0.9792, Valid: 0.8985, Test: 0.9320
Run: 05, Epoch: 53, Loss: 0.0001, lr: 0.000490, Train: 0.9783, Valid: 0.8969, Test: 0.9305
Run: 05, Epoch: 54, Loss: 0.0001, lr: 0.000343, Train: 0.9789, Valid: 0.8975, Test: 0.9303
Run: 05, Epoch: 55, Loss: 0.0001, lr: 0.000343, Train: 0.9794, Valid: 0.8981, Test: 0.9302
Run: 05, Epoch: 56, Loss: 0.0001, lr: 0.000343, Train: 0.9800, Valid: 0.8989, Test: 0.9303
Run: 05, Epoch: 57, Loss: 0.0001, lr: 0.000343, Train: 0.9807, Valid: 0.8996, Test: 0.9305
Run: 05, Epoch: 58, Loss: 0.0001, lr: 0.000343, Train: 0.9814, Valid: 0.9001, Test: 0.9308
Run: 05, Epoch: 59, Loss: 0.0001, lr: 0.000343, Train: 0.9821, Valid: 0.9006, Test: 0.9312
Run: 05, Epoch: 60, Loss: 0.0001, lr: 0.000240, Train: 0.9836, Valid: 0.9019, Test: 0.9322
Run: 05, Epoch: 61, Loss: 0.0001, lr: 0.000240, Train: 0.9850, Valid: 0.9031, Test: 0.9331
Run: 05, Epoch: 62, Loss: 0.0001, lr: 0.000240, Train: 0.9864, Valid: 0.9043, Test: 0.9341
Run: 05, Epoch: 63, Loss: 0.0000, lr: 0.000240, Train: 0.9878, Valid: 0.9054, Test: 0.9351
Run: 05, Epoch: 64, Loss: 0.0000, lr: 0.000240, Train: 0.9892, Valid: 0.9066, Test: 0.9363
Run: 05, Epoch: 65, Loss: 0.0000, lr: 0.000240, Train: 0.9906, Valid: 0.9079, Test: 0.9374
Run: 05, Epoch: 66, Loss: 0.0000, lr: 0.000240, Train: 0.9919, Valid: 0.9092, Test: 0.9385
Run: 05, Epoch: 67, Loss: 0.0000, lr: 0.000240, Train: 0.9930, Valid: 0.9105, Test: 0.9395
Run: 05, Epoch: 68, Loss: 0.0000, lr: 0.000240, Train: 0.9938, Valid: 0.9116, Test: 0.9402
Run: 05, Epoch: 69, Loss: 0.0000, lr: 0.000240, Train: 0.9945, Valid: 0.9125, Test: 0.9408
Run: 05, Epoch: 70, Loss: 0.0000, lr: 0.000240, Train: 0.9950, Valid: 0.9133, Test: 0.9411
Run: 05, Epoch: 71, Loss: 0.0000, lr: 0.000240, Train: 0.9953, Valid: 0.9139, Test: 0.9412
Run: 05, Epoch: 72, Loss: 0.0000, lr: 0.000240, Train: 0.9956, Valid: 0.9143, Test: 0.9412
Run: 05, Epoch: 73, Loss: 0.0000, lr: 0.000240, Train: 0.9957, Valid: 0.9146, Test: 0.9411
Run: 05, Epoch: 74, Loss: 0.0000, lr: 0.000240, Train: 0.9958, Valid: 0.9149, Test: 0.9409
Run: 05, Epoch: 75, Loss: 0.0000, lr: 0.000240, Train: 0.9959, Valid: 0.9150, Test: 0.9408
Run: 05, Epoch: 76, Loss: 0.0000, lr: 0.000240, Train: 0.9959, Valid: 0.9151, Test: 0.9406
Run: 05, Epoch: 77, Loss: 0.0000, lr: 0.000240, Train: 0.9959, Valid: 0.9151, Test: 0.9404
Run: 05, Epoch: 78, Loss: 0.0000, lr: 0.000240, Train: 0.9960, Valid: 0.9152, Test: 0.9401
Run: 05, Epoch: 79, Loss: 0.0000, lr: 0.000240, Train: 0.9960, Valid: 0.9152, Test: 0.9399
Run: 05, Epoch: 80, Loss: 0.0000, lr: 0.000240, Train: 0.9961, Valid: 0.9153, Test: 0.9397
Run: 05, Epoch: 81, Loss: 0.0000, lr: 0.000240, Train: 0.9962, Valid: 0.9154, Test: 0.9396
Run: 05, Epoch: 82, Loss: 0.0000, lr: 0.000240, Train: 0.9964, Valid: 0.9156, Test: 0.9396
Run: 05, Epoch: 83, Loss: 0.0000, lr: 0.000240, Train: 0.9966, Valid: 0.9159, Test: 0.9396
Run: 05, Epoch: 84, Loss: 0.0000, lr: 0.000240, Train: 0.9967, Valid: 0.9162, Test: 0.9397
Run: 05, Epoch: 85, Loss: 0.0000, lr: 0.000240, Train: 0.9969, Valid: 0.9165, Test: 0.9397
Run: 05, Epoch: 86, Loss: 0.0000, lr: 0.000240, Train: 0.9970, Valid: 0.9167, Test: 0.9397
Run: 05, Epoch: 87, Loss: 0.0000, lr: 0.000240, Train: 0.9971, Valid: 0.9168, Test: 0.9397
Run: 05, Epoch: 88, Loss: 0.0000, lr: 0.000240, Train: 0.9971, Valid: 0.9169, Test: 0.9396
Run: 05, Epoch: 89, Loss: 0.0000, lr: 0.000240, Train: 0.9971, Valid: 0.9169, Test: 0.9394
Run: 05, Epoch: 90, Loss: 0.0000, lr: 0.000240, Train: 0.9972, Valid: 0.9168, Test: 0.9393
Run: 05, Epoch: 91, Loss: 0.0000, lr: 0.000240, Train: 0.9972, Valid: 0.9167, Test: 0.9392
Run: 05, Epoch: 92, Loss: 0.0000, lr: 0.000240, Train: 0.9973, Valid: 0.9166, Test: 0.9392
Run: 05, Epoch: 93, Loss: 0.0000, lr: 0.000240, Train: 0.9974, Valid: 0.9165, Test: 0.9391
Run: 05, Epoch: 94, Loss: 0.0000, lr: 0.000168, Train: 0.9976, Valid: 0.9167, Test: 0.9393
Run: 05, Epoch: 95, Loss: 0.0000, lr: 0.000168, Train: 0.9978, Valid: 0.9168, Test: 0.9394
Run: 05, Epoch: 96, Loss: 0.0000, lr: 0.000168, Train: 0.9980, Valid: 0.9169, Test: 0.9395
Run: 05, Epoch: 97, Loss: 0.0000, lr: 0.000168, Train: 0.9981, Valid: 0.9170, Test: 0.9395
Run: 05, Epoch: 98, Loss: 0.0000, lr: 0.000168, Train: 0.9983, Valid: 0.9171, Test: 0.9396
Run: 05, Epoch: 99, Loss: 0.0000, lr: 0.000168, Train: 0.9984, Valid: 0.9173, Test: 0.9397
Run: 05, Epoch: 100, Loss: 0.0000, lr: 0.000168, Train: 0.9986, Valid: 0.9174, Test: 0.9398
Run 05:
Highest Train: 1.00
Highest Valid: 0.92
  Final Train: 1.00
   Final Test: 0.94
Run: 06, Epoch: 01, Loss: 0.0306, lr: 0.001000, Train: 0.4240, Valid: 0.5273, Test: 0.4602
Run: 06, Epoch: 02, Loss: 0.0054, lr: 0.001000, Train: 0.5773, Valid: 0.6625, Test: 0.6194
Run: 06, Epoch: 03, Loss: 0.0060, lr: 0.001000, Train: 0.6120, Valid: 0.6812, Test: 0.6787
Run: 06, Epoch: 04, Loss: 0.0056, lr: 0.001000, Train: 0.6268, Valid: 0.6944, Test: 0.7124
Run: 06, Epoch: 05, Loss: 0.0053, lr: 0.001000, Train: 0.6279, Valid: 0.7077, Test: 0.7273
Run: 06, Epoch: 06, Loss: 0.0044, lr: 0.001000, Train: 0.6224, Valid: 0.7199, Test: 0.7342
Run: 06, Epoch: 07, Loss: 0.0037, lr: 0.001000, Train: 0.6292, Valid: 0.7426, Test: 0.7484
Run: 06, Epoch: 08, Loss: 0.0031, lr: 0.001000, Train: 0.6478, Valid: 0.7719, Test: 0.7699
Run: 06, Epoch: 09, Loss: 0.0026, lr: 0.001000, Train: 0.6624, Valid: 0.7919, Test: 0.7871
Run: 06, Epoch: 10, Loss: 0.0022, lr: 0.001000, Train: 0.6725, Valid: 0.7979, Test: 0.7973
Run: 06, Epoch: 11, Loss: 0.0018, lr: 0.001000, Train: 0.6778, Valid: 0.7940, Test: 0.7999
Run: 06, Epoch: 12, Loss: 0.0015, lr: 0.001000, Train: 0.6783, Valid: 0.7862, Test: 0.7981
Run: 06, Epoch: 13, Loss: 0.0013, lr: 0.001000, Train: 0.6691, Valid: 0.7751, Test: 0.7920
Run: 06, Epoch: 14, Loss: 0.0012, lr: 0.001000, Train: 0.6491, Valid: 0.7570, Test: 0.7789
Run: 06, Epoch: 15, Loss: 0.0010, lr: 0.001000, Train: 0.6217, Valid: 0.7339, Test: 0.7577
Run: 06, Epoch: 16, Loss: 0.0009, lr: 0.001000, Train: 0.5909, Valid: 0.7065, Test: 0.7258
Run: 06, Epoch: 17, Loss: 0.0008, lr: 0.000700, Train: 0.5843, Valid: 0.6958, Test: 0.7076
Run: 06, Epoch: 18, Loss: 0.0007, lr: 0.000700, Train: 0.5743, Valid: 0.6812, Test: 0.6860
Run: 06, Epoch: 19, Loss: 0.0006, lr: 0.000700, Train: 0.5598, Valid: 0.6620, Test: 0.6649
Run: 06, Epoch: 20, Loss: 0.0006, lr: 0.000700, Train: 0.5439, Valid: 0.6409, Test: 0.6479
Run: 06, Epoch: 21, Loss: 0.0005, lr: 0.000700, Train: 0.5312, Valid: 0.6220, Test: 0.6379
Run: 06, Epoch: 22, Loss: 0.0005, lr: 0.000700, Train: 0.5256, Valid: 0.6084, Test: 0.6359
Run: 06, Epoch: 23, Loss: 0.0005, lr: 0.000490, Train: 0.5515, Valid: 0.6221, Test: 0.6563
Run: 06, Epoch: 24, Loss: 0.0004, lr: 0.000490, Train: 0.5813, Valid: 0.6385, Test: 0.6779
Run: 06, Epoch: 25, Loss: 0.0004, lr: 0.000490, Train: 0.6133, Valid: 0.6572, Test: 0.7001
Run: 06, Epoch: 26, Loss: 0.0004, lr: 0.000490, Train: 0.6459, Valid: 0.6781, Test: 0.7228
Run: 06, Epoch: 27, Loss: 0.0004, lr: 0.000490, Train: 0.6772, Valid: 0.7007, Test: 0.7454
Run: 06, Epoch: 28, Loss: 0.0003, lr: 0.000490, Train: 0.7062, Valid: 0.7231, Test: 0.7670
Run: 06, Epoch: 29, Loss: 0.0003, lr: 0.000343, Train: 0.7399, Valid: 0.7513, Test: 0.7931
Run: 06, Epoch: 30, Loss: 0.0003, lr: 0.000343, Train: 0.7691, Valid: 0.7764, Test: 0.8160
Run: 06, Epoch: 31, Loss: 0.0003, lr: 0.000343, Train: 0.7942, Valid: 0.7989, Test: 0.8360
Run: 06, Epoch: 32, Loss: 0.0002, lr: 0.000343, Train: 0.8162, Valid: 0.8195, Test: 0.8532
Run: 06, Epoch: 33, Loss: 0.0002, lr: 0.000343, Train: 0.8355, Valid: 0.8378, Test: 0.8680
Run: 06, Epoch: 34, Loss: 0.0002, lr: 0.000343, Train: 0.8526, Valid: 0.8540, Test: 0.8807
Run: 06, Epoch: 35, Loss: 0.0002, lr: 0.000343, Train: 0.8684, Valid: 0.8684, Test: 0.8918
Run: 06, Epoch: 36, Loss: 0.0002, lr: 0.000343, Train: 0.8830, Valid: 0.8818, Test: 0.9016
Run: 06, Epoch: 37, Loss: 0.0002, lr: 0.000343, Train: 0.8965, Valid: 0.8940, Test: 0.9104
Run: 06, Epoch: 38, Loss: 0.0002, lr: 0.000343, Train: 0.9090, Valid: 0.9051, Test: 0.9185
Run: 06, Epoch: 39, Loss: 0.0002, lr: 0.000343, Train: 0.9201, Valid: 0.9148, Test: 0.9258
Run: 06, Epoch: 40, Loss: 0.0002, lr: 0.000343, Train: 0.9298, Valid: 0.9231, Test: 0.9321
Run: 06, Epoch: 41, Loss: 0.0002, lr: 0.000343, Train: 0.9381, Valid: 0.9300, Test: 0.9375
Run: 06, Epoch: 42, Loss: 0.0001, lr: 0.000343, Train: 0.9453, Valid: 0.9355, Test: 0.9420
Run: 06, Epoch: 43, Loss: 0.0001, lr: 0.000343, Train: 0.9513, Valid: 0.9398, Test: 0.9457
Run: 06, Epoch: 44, Loss: 0.0001, lr: 0.000343, Train: 0.9565, Valid: 0.9431, Test: 0.9487
Run: 06, Epoch: 45, Loss: 0.0001, lr: 0.000343, Train: 0.9610, Valid: 0.9456, Test: 0.9510
Run: 06, Epoch: 46, Loss: 0.0001, lr: 0.000343, Train: 0.9648, Valid: 0.9475, Test: 0.9529
Run: 06, Epoch: 47, Loss: 0.0001, lr: 0.000343, Train: 0.9680, Valid: 0.9488, Test: 0.9541
Run: 06, Epoch: 48, Loss: 0.0001, lr: 0.000343, Train: 0.9703, Valid: 0.9494, Test: 0.9549
Run: 06, Epoch: 49, Loss: 0.0001, lr: 0.000343, Train: 0.9720, Valid: 0.9495, Test: 0.9553
Run: 06, Epoch: 50, Loss: 0.0001, lr: 0.000343, Train: 0.9730, Valid: 0.9492, Test: 0.9555
Run: 06, Epoch: 51, Loss: 0.0001, lr: 0.000343, Train: 0.9737, Valid: 0.9489, Test: 0.9555
Run: 06, Epoch: 52, Loss: 0.0001, lr: 0.000343, Train: 0.9743, Valid: 0.9487, Test: 0.9556
Run: 06, Epoch: 53, Loss: 0.0001, lr: 0.000343, Train: 0.9749, Valid: 0.9486, Test: 0.9558
Run: 06, Epoch: 54, Loss: 0.0001, lr: 0.000343, Train: 0.9755, Valid: 0.9488, Test: 0.9560
Run: 06, Epoch: 55, Loss: 0.0001, lr: 0.000240, Train: 0.9772, Valid: 0.9500, Test: 0.9570
Run: 06, Epoch: 56, Loss: 0.0001, lr: 0.000240, Train: 0.9788, Valid: 0.9511, Test: 0.9579
Run: 06, Epoch: 57, Loss: 0.0001, lr: 0.000240, Train: 0.9803, Valid: 0.9521, Test: 0.9587
Run: 06, Epoch: 58, Loss: 0.0001, lr: 0.000240, Train: 0.9816, Valid: 0.9530, Test: 0.9594
Run: 06, Epoch: 59, Loss: 0.0001, lr: 0.000240, Train: 0.9827, Valid: 0.9538, Test: 0.9599
Run: 06, Epoch: 60, Loss: 0.0001, lr: 0.000240, Train: 0.9837, Valid: 0.9544, Test: 0.9604
Run: 06, Epoch: 61, Loss: 0.0001, lr: 0.000240, Train: 0.9845, Valid: 0.9548, Test: 0.9607
Run: 06, Epoch: 62, Loss: 0.0001, lr: 0.000240, Train: 0.9853, Valid: 0.9551, Test: 0.9609
Run: 06, Epoch: 63, Loss: 0.0001, lr: 0.000240, Train: 0.9862, Valid: 0.9554, Test: 0.9612
Run: 06, Epoch: 64, Loss: 0.0000, lr: 0.000240, Train: 0.9871, Valid: 0.9559, Test: 0.9615
Run: 06, Epoch: 65, Loss: 0.0000, lr: 0.000240, Train: 0.9882, Valid: 0.9564, Test: 0.9618
Run: 06, Epoch: 66, Loss: 0.0000, lr: 0.000240, Train: 0.9893, Valid: 0.9570, Test: 0.9621
Run: 06, Epoch: 67, Loss: 0.0000, lr: 0.000240, Train: 0.9903, Valid: 0.9576, Test: 0.9625
Run: 06, Epoch: 68, Loss: 0.0000, lr: 0.000240, Train: 0.9913, Valid: 0.9581, Test: 0.9628
Run: 06, Epoch: 69, Loss: 0.0000, lr: 0.000240, Train: 0.9922, Valid: 0.9585, Test: 0.9630
Run: 06, Epoch: 70, Loss: 0.0000, lr: 0.000240, Train: 0.9929, Valid: 0.9588, Test: 0.9631
Run: 06, Epoch: 71, Loss: 0.0000, lr: 0.000240, Train: 0.9935, Valid: 0.9591, Test: 0.9632
Run: 06, Epoch: 72, Loss: 0.0000, lr: 0.000240, Train: 0.9940, Valid: 0.9592, Test: 0.9632
Run: 06, Epoch: 73, Loss: 0.0000, lr: 0.000240, Train: 0.9945, Valid: 0.9593, Test: 0.9632
Run: 06, Epoch: 74, Loss: 0.0000, lr: 0.000240, Train: 0.9950, Valid: 0.9594, Test: 0.9631
Run: 06, Epoch: 75, Loss: 0.0000, lr: 0.000240, Train: 0.9956, Valid: 0.9595, Test: 0.9631
Run: 06, Epoch: 76, Loss: 0.0000, lr: 0.000240, Train: 0.9961, Valid: 0.9596, Test: 0.9632
Run: 06, Epoch: 77, Loss: 0.0000, lr: 0.000240, Train: 0.9967, Valid: 0.9597, Test: 0.9632
Run: 06, Epoch: 78, Loss: 0.0000, lr: 0.000240, Train: 0.9971, Valid: 0.9598, Test: 0.9631
Run: 06, Epoch: 79, Loss: 0.0000, lr: 0.000240, Train: 0.9976, Valid: 0.9598, Test: 0.9631
Run: 06, Epoch: 80, Loss: 0.0000, lr: 0.000240, Train: 0.9979, Valid: 0.9597, Test: 0.9630
Run: 06, Epoch: 81, Loss: 0.0000, lr: 0.000240, Train: 0.9981, Valid: 0.9596, Test: 0.9629
Run: 06, Epoch: 82, Loss: 0.0000, lr: 0.000240, Train: 0.9983, Valid: 0.9595, Test: 0.9628
Run: 06, Epoch: 83, Loss: 0.0000, lr: 0.000240, Train: 0.9985, Valid: 0.9594, Test: 0.9626
Run: 06, Epoch: 84, Loss: 0.0000, lr: 0.000240, Train: 0.9986, Valid: 0.9592, Test: 0.9625
Run: 06, Epoch: 85, Loss: 0.0000, lr: 0.000168, Train: 0.9987, Valid: 0.9591, Test: 0.9625
Run: 06, Epoch: 86, Loss: 0.0000, lr: 0.000168, Train: 0.9988, Valid: 0.9590, Test: 0.9624
Run: 06, Epoch: 87, Loss: 0.0000, lr: 0.000168, Train: 0.9988, Valid: 0.9589, Test: 0.9624
Run: 06, Epoch: 88, Loss: 0.0000, lr: 0.000168, Train: 0.9989, Valid: 0.9588, Test: 0.9623
Run: 06, Epoch: 89, Loss: 0.0000, lr: 0.000168, Train: 0.9990, Valid: 0.9587, Test: 0.9622
Run: 06, Epoch: 90, Loss: 0.0000, lr: 0.000168, Train: 0.9990, Valid: 0.9586, Test: 0.9622
Run: 06, Epoch: 91, Loss: 0.0000, lr: 0.000118, Train: 0.9991, Valid: 0.9586, Test: 0.9621
Run: 06, Epoch: 92, Loss: 0.0000, lr: 0.000118, Train: 0.9991, Valid: 0.9585, Test: 0.9621
Run: 06, Epoch: 93, Loss: 0.0000, lr: 0.000118, Train: 0.9991, Valid: 0.9585, Test: 0.9621
Run: 06, Epoch: 94, Loss: 0.0000, lr: 0.000118, Train: 0.9992, Valid: 0.9584, Test: 0.9620
Run: 06, Epoch: 95, Loss: 0.0000, lr: 0.000118, Train: 0.9992, Valid: 0.9584, Test: 0.9620
Run: 06, Epoch: 96, Loss: 0.0000, lr: 0.000118, Train: 0.9992, Valid: 0.9583, Test: 0.9619
Run: 06, Epoch: 97, Loss: 0.0000, lr: 0.000082, Train: 0.9993, Valid: 0.9582, Test: 0.9619
Run: 06, Epoch: 98, Loss: 0.0000, lr: 0.000082, Train: 0.9993, Valid: 0.9582, Test: 0.9619
Run: 06, Epoch: 99, Loss: 0.0000, lr: 0.000082, Train: 0.9993, Valid: 0.9581, Test: 0.9619
Run: 06, Epoch: 100, Loss: 0.0000, lr: 0.000082, Train: 0.9993, Valid: 0.9581, Test: 0.9618
Run 06:
Highest Train: 1.00
Highest Valid: 0.96
  Final Train: 1.00
   Final Test: 0.96
Run: 07, Epoch: 01, Loss: 0.0611, lr: 0.001000, Train: 0.2103, Valid: 0.3408, Test: 0.1458
Run: 07, Epoch: 02, Loss: 0.0144, lr: 0.001000, Train: 0.4325, Valid: 0.5209, Test: 0.3827
Run: 07, Epoch: 03, Loss: 0.0096, lr: 0.001000, Train: 0.5565, Valid: 0.6070, Test: 0.5253
Run: 07, Epoch: 04, Loss: 0.0082, lr: 0.001000, Train: 0.6424, Valid: 0.6569, Test: 0.6303
Run: 07, Epoch: 05, Loss: 0.0072, lr: 0.001000, Train: 0.7005, Valid: 0.6827, Test: 0.7050
Run: 07, Epoch: 06, Loss: 0.0070, lr: 0.001000, Train: 0.7377, Valid: 0.6946, Test: 0.7535
Run: 07, Epoch: 07, Loss: 0.0070, lr: 0.001000, Train: 0.7613, Valid: 0.7087, Test: 0.7817
Run: 07, Epoch: 08, Loss: 0.0063, lr: 0.001000, Train: 0.7765, Valid: 0.7316, Test: 0.7948
Run: 07, Epoch: 09, Loss: 0.0051, lr: 0.001000, Train: 0.7810, Valid: 0.7559, Test: 0.7969
Run: 07, Epoch: 10, Loss: 0.0039, lr: 0.001000, Train: 0.7740, Valid: 0.7727, Test: 0.7876
Run: 07, Epoch: 11, Loss: 0.0030, lr: 0.001000, Train: 0.7600, Valid: 0.7792, Test: 0.7732
Run: 07, Epoch: 12, Loss: 0.0024, lr: 0.001000, Train: 0.7475, Valid: 0.7809, Test: 0.7617
Run: 07, Epoch: 13, Loss: 0.0022, lr: 0.001000, Train: 0.7439, Valid: 0.7828, Test: 0.7584
Run: 07, Epoch: 14, Loss: 0.0020, lr: 0.001000, Train: 0.7480, Valid: 0.7869, Test: 0.7631
Run: 07, Epoch: 15, Loss: 0.0019, lr: 0.001000, Train: 0.7533, Valid: 0.7909, Test: 0.7690
Run: 07, Epoch: 16, Loss: 0.0017, lr: 0.001000, Train: 0.7557, Valid: 0.7914, Test: 0.7727
Run: 07, Epoch: 17, Loss: 0.0015, lr: 0.001000, Train: 0.7516, Valid: 0.7860, Test: 0.7734
Run: 07, Epoch: 18, Loss: 0.0013, lr: 0.001000, Train: 0.7398, Valid: 0.7739, Test: 0.7703
Run: 07, Epoch: 19, Loss: 0.0011, lr: 0.001000, Train: 0.7215, Valid: 0.7579, Test: 0.7636
Run: 07, Epoch: 20, Loss: 0.0010, lr: 0.001000, Train: 0.6931, Valid: 0.7408, Test: 0.7492
Run: 07, Epoch: 21, Loss: 0.0009, lr: 0.001000, Train: 0.6537, Valid: 0.7238, Test: 0.7255
Run: 07, Epoch: 22, Loss: 0.0008, lr: 0.001000, Train: 0.6069, Valid: 0.7082, Test: 0.6933
Run: 07, Epoch: 23, Loss: 0.0007, lr: 0.000700, Train: 0.5992, Valid: 0.7111, Test: 0.6844
Run: 07, Epoch: 24, Loss: 0.0007, lr: 0.000700, Train: 0.6001, Valid: 0.7176, Test: 0.6791
Run: 07, Epoch: 25, Loss: 0.0006, lr: 0.000700, Train: 0.6113, Valid: 0.7276, Test: 0.6793
Run: 07, Epoch: 26, Loss: 0.0006, lr: 0.000700, Train: 0.6321, Valid: 0.7402, Test: 0.6865
Run: 07, Epoch: 27, Loss: 0.0005, lr: 0.000700, Train: 0.6582, Valid: 0.7541, Test: 0.6993
Run: 07, Epoch: 28, Loss: 0.0005, lr: 0.000700, Train: 0.6854, Valid: 0.7682, Test: 0.7153
Run: 07, Epoch: 29, Loss: 0.0004, lr: 0.000490, Train: 0.7199, Valid: 0.7856, Test: 0.7405
Run: 07, Epoch: 30, Loss: 0.0004, lr: 0.000490, Train: 0.7480, Valid: 0.7998, Test: 0.7622
Run: 07, Epoch: 31, Loss: 0.0004, lr: 0.000490, Train: 0.7697, Valid: 0.8111, Test: 0.7805
Run: 07, Epoch: 32, Loss: 0.0004, lr: 0.000490, Train: 0.7861, Valid: 0.8197, Test: 0.7953
Run: 07, Epoch: 33, Loss: 0.0003, lr: 0.000490, Train: 0.7981, Valid: 0.8261, Test: 0.8071
Run: 07, Epoch: 34, Loss: 0.0003, lr: 0.000490, Train: 0.8070, Valid: 0.8308, Test: 0.8167
Run: 07, Epoch: 35, Loss: 0.0003, lr: 0.000490, Train: 0.8144, Valid: 0.8345, Test: 0.8247
Run: 07, Epoch: 36, Loss: 0.0003, lr: 0.000490, Train: 0.8213, Valid: 0.8375, Test: 0.8321
Run: 07, Epoch: 37, Loss: 0.0003, lr: 0.000490, Train: 0.8296, Valid: 0.8409, Test: 0.8398
Run: 07, Epoch: 38, Loss: 0.0002, lr: 0.000490, Train: 0.8398, Valid: 0.8449, Test: 0.8482
Run: 07, Epoch: 39, Loss: 0.0002, lr: 0.000490, Train: 0.8520, Valid: 0.8494, Test: 0.8575
Run: 07, Epoch: 40, Loss: 0.0002, lr: 0.000490, Train: 0.8662, Valid: 0.8547, Test: 0.8678
Run: 07, Epoch: 41, Loss: 0.0002, lr: 0.000490, Train: 0.8815, Valid: 0.8604, Test: 0.8788
Run: 07, Epoch: 42, Loss: 0.0002, lr: 0.000490, Train: 0.8966, Valid: 0.8663, Test: 0.8897
Run: 07, Epoch: 43, Loss: 0.0002, lr: 0.000490, Train: 0.9102, Valid: 0.8715, Test: 0.8995
Run: 07, Epoch: 44, Loss: 0.0002, lr: 0.000490, Train: 0.9211, Valid: 0.8758, Test: 0.9076
Run: 07, Epoch: 45, Loss: 0.0002, lr: 0.000490, Train: 0.9291, Valid: 0.8791, Test: 0.9138
Run: 07, Epoch: 46, Loss: 0.0002, lr: 0.000490, Train: 0.9338, Valid: 0.8811, Test: 0.9178
Run: 07, Epoch: 47, Loss: 0.0001, lr: 0.000490, Train: 0.9355, Valid: 0.8819, Test: 0.9198
Run: 07, Epoch: 48, Loss: 0.0001, lr: 0.000490, Train: 0.9348, Valid: 0.8819, Test: 0.9201
Run: 07, Epoch: 49, Loss: 0.0001, lr: 0.000490, Train: 0.9327, Valid: 0.8813, Test: 0.9195
Run: 07, Epoch: 50, Loss: 0.0001, lr: 0.000490, Train: 0.9305, Valid: 0.8806, Test: 0.9186
Run: 07, Epoch: 51, Loss: 0.0001, lr: 0.000490, Train: 0.9295, Valid: 0.8802, Test: 0.9186
Run: 07, Epoch: 52, Loss: 0.0001, lr: 0.000490, Train: 0.9305, Valid: 0.8804, Test: 0.9199
Run: 07, Epoch: 53, Loss: 0.0001, lr: 0.000490, Train: 0.9339, Valid: 0.8815, Test: 0.9227
Run: 07, Epoch: 54, Loss: 0.0001, lr: 0.000343, Train: 0.9414, Valid: 0.8840, Test: 0.9278
Run: 07, Epoch: 55, Loss: 0.0001, lr: 0.000343, Train: 0.9491, Valid: 0.8864, Test: 0.9328
Run: 07, Epoch: 56, Loss: 0.0001, lr: 0.000343, Train: 0.9566, Valid: 0.8886, Test: 0.9376
Run: 07, Epoch: 57, Loss: 0.0001, lr: 0.000343, Train: 0.9634, Valid: 0.8905, Test: 0.9418
Run: 07, Epoch: 58, Loss: 0.0001, lr: 0.000343, Train: 0.9693, Valid: 0.8920, Test: 0.9453
Run: 07, Epoch: 59, Loss: 0.0001, lr: 0.000343, Train: 0.9741, Valid: 0.8932, Test: 0.9482
Run: 07, Epoch: 60, Loss: 0.0001, lr: 0.000343, Train: 0.9780, Valid: 0.8942, Test: 0.9504
Run: 07, Epoch: 61, Loss: 0.0001, lr: 0.000343, Train: 0.9809, Valid: 0.8949, Test: 0.9520
Run: 07, Epoch: 62, Loss: 0.0001, lr: 0.000343, Train: 0.9832, Valid: 0.8955, Test: 0.9531
Run: 07, Epoch: 63, Loss: 0.0001, lr: 0.000343, Train: 0.9851, Valid: 0.8959, Test: 0.9541
Run: 07, Epoch: 64, Loss: 0.0001, lr: 0.000343, Train: 0.9867, Valid: 0.8963, Test: 0.9551
Run: 07, Epoch: 65, Loss: 0.0001, lr: 0.000343, Train: 0.9882, Valid: 0.8965, Test: 0.9562
Run: 07, Epoch: 66, Loss: 0.0001, lr: 0.000343, Train: 0.9896, Valid: 0.8967, Test: 0.9573
Run: 07, Epoch: 67, Loss: 0.0001, lr: 0.000343, Train: 0.9910, Valid: 0.8968, Test: 0.9585
Run: 07, Epoch: 68, Loss: 0.0001, lr: 0.000343, Train: 0.9922, Valid: 0.8967, Test: 0.9597
Run: 07, Epoch: 69, Loss: 0.0001, lr: 0.000343, Train: 0.9933, Valid: 0.8966, Test: 0.9607
Run: 07, Epoch: 70, Loss: 0.0001, lr: 0.000343, Train: 0.9942, Valid: 0.8964, Test: 0.9615
Run: 07, Epoch: 71, Loss: 0.0001, lr: 0.000343, Train: 0.9949, Valid: 0.8962, Test: 0.9622
Run: 07, Epoch: 72, Loss: 0.0001, lr: 0.000343, Train: 0.9955, Valid: 0.8962, Test: 0.9626
Run: 07, Epoch: 73, Loss: 0.0001, lr: 0.000240, Train: 0.9960, Valid: 0.8961, Test: 0.9630
Run: 07, Epoch: 74, Loss: 0.0001, lr: 0.000240, Train: 0.9964, Valid: 0.8961, Test: 0.9632
Run: 07, Epoch: 75, Loss: 0.0001, lr: 0.000240, Train: 0.9967, Valid: 0.8962, Test: 0.9633
Run: 07, Epoch: 76, Loss: 0.0001, lr: 0.000240, Train: 0.9969, Valid: 0.8963, Test: 0.9634
Run: 07, Epoch: 77, Loss: 0.0001, lr: 0.000240, Train: 0.9971, Valid: 0.8964, Test: 0.9635
Run: 07, Epoch: 78, Loss: 0.0001, lr: 0.000240, Train: 0.9973, Valid: 0.8965, Test: 0.9635
Run: 07, Epoch: 79, Loss: 0.0001, lr: 0.000168, Train: 0.9975, Valid: 0.8965, Test: 0.9636
Run: 07, Epoch: 80, Loss: 0.0001, lr: 0.000168, Train: 0.9977, Valid: 0.8965, Test: 0.9637
Run: 07, Epoch: 81, Loss: 0.0001, lr: 0.000168, Train: 0.9978, Valid: 0.8964, Test: 0.9638
Run: 07, Epoch: 82, Loss: 0.0001, lr: 0.000168, Train: 0.9979, Valid: 0.8963, Test: 0.9639
Run: 07, Epoch: 83, Loss: 0.0001, lr: 0.000168, Train: 0.9980, Valid: 0.8961, Test: 0.9639
Run: 07, Epoch: 84, Loss: 0.0001, lr: 0.000168, Train: 0.9981, Valid: 0.8959, Test: 0.9640
Run: 07, Epoch: 85, Loss: 0.0001, lr: 0.000118, Train: 0.9982, Valid: 0.8957, Test: 0.9640
Run: 07, Epoch: 86, Loss: 0.0001, lr: 0.000118, Train: 0.9983, Valid: 0.8955, Test: 0.9641
Run: 07, Epoch: 87, Loss: 0.0001, lr: 0.000118, Train: 0.9983, Valid: 0.8953, Test: 0.9642
Run: 07, Epoch: 88, Loss: 0.0000, lr: 0.000118, Train: 0.9984, Valid: 0.8952, Test: 0.9642
Run: 07, Epoch: 89, Loss: 0.0000, lr: 0.000118, Train: 0.9984, Valid: 0.8950, Test: 0.9642
Run: 07, Epoch: 90, Loss: 0.0000, lr: 0.000118, Train: 0.9985, Valid: 0.8949, Test: 0.9643
Run: 07, Epoch: 91, Loss: 0.0000, lr: 0.000082, Train: 0.9985, Valid: 0.8947, Test: 0.9643
Run: 07, Epoch: 92, Loss: 0.0000, lr: 0.000082, Train: 0.9985, Valid: 0.8946, Test: 0.9644
Run: 07, Epoch: 93, Loss: 0.0000, lr: 0.000082, Train: 0.9985, Valid: 0.8945, Test: 0.9644
Run: 07, Epoch: 94, Loss: 0.0000, lr: 0.000082, Train: 0.9985, Valid: 0.8944, Test: 0.9644
Run: 07, Epoch: 95, Loss: 0.0000, lr: 0.000082, Train: 0.9985, Valid: 0.8944, Test: 0.9644
Run: 07, Epoch: 96, Loss: 0.0000, lr: 0.000082, Train: 0.9986, Valid: 0.8943, Test: 0.9645
Run: 07, Epoch: 97, Loss: 0.0000, lr: 0.000058, Train: 0.9986, Valid: 0.8943, Test: 0.9645
Run: 07, Epoch: 98, Loss: 0.0000, lr: 0.000058, Train: 0.9986, Valid: 0.8942, Test: 0.9645
Run: 07, Epoch: 99, Loss: 0.0000, lr: 0.000058, Train: 0.9986, Valid: 0.8942, Test: 0.9645
Run: 07, Epoch: 100, Loss: 0.0000, lr: 0.000058, Train: 0.9986, Valid: 0.8942, Test: 0.9646
Run 07:
Highest Train: 1.00
Highest Valid: 0.90
  Final Train: 0.99
   Final Test: 0.96
Run: 08, Epoch: 01, Loss: 0.0244, lr: 0.001000, Train: 0.5186, Valid: 0.5848, Test: 0.4331
Run: 08, Epoch: 02, Loss: 0.0096, lr: 0.001000, Train: 0.6560, Valid: 0.6600, Test: 0.5793
Run: 08, Epoch: 03, Loss: 0.0078, lr: 0.001000, Train: 0.6872, Valid: 0.6481, Test: 0.6158
Run: 08, Epoch: 04, Loss: 0.0079, lr: 0.001000, Train: 0.6914, Valid: 0.6435, Test: 0.6176
Run: 08, Epoch: 05, Loss: 0.0067, lr: 0.001000, Train: 0.6997, Valid: 0.6661, Test: 0.6255
Run: 08, Epoch: 06, Loss: 0.0050, lr: 0.001000, Train: 0.7169, Valid: 0.6997, Test: 0.6508
Run: 08, Epoch: 07, Loss: 0.0036, lr: 0.001000, Train: 0.7320, Valid: 0.7248, Test: 0.6781
Run: 08, Epoch: 08, Loss: 0.0030, lr: 0.001000, Train: 0.7391, Valid: 0.7285, Test: 0.6936
Run: 08, Epoch: 09, Loss: 0.0027, lr: 0.001000, Train: 0.7370, Valid: 0.7126, Test: 0.6931
Run: 08, Epoch: 10, Loss: 0.0023, lr: 0.001000, Train: 0.7330, Valid: 0.6874, Test: 0.6831
Run: 08, Epoch: 11, Loss: 0.0019, lr: 0.001000, Train: 0.7325, Valid: 0.6660, Test: 0.6710
Run: 08, Epoch: 12, Loss: 0.0016, lr: 0.001000, Train: 0.7406, Valid: 0.6666, Test: 0.6665
Run: 08, Epoch: 13, Loss: 0.0013, lr: 0.001000, Train: 0.7546, Valid: 0.6864, Test: 0.6698
Run: 08, Epoch: 14, Loss: 0.0011, lr: 0.001000, Train: 0.7652, Valid: 0.7114, Test: 0.6742
Run: 08, Epoch: 15, Loss: 0.0009, lr: 0.000700, Train: 0.7760, Valid: 0.7317, Test: 0.6852
Run: 08, Epoch: 16, Loss: 0.0008, lr: 0.000700, Train: 0.7795, Valid: 0.7407, Test: 0.6895
Run: 08, Epoch: 17, Loss: 0.0008, lr: 0.000700, Train: 0.7782, Valid: 0.7392, Test: 0.6859
Run: 08, Epoch: 18, Loss: 0.0008, lr: 0.000700, Train: 0.7725, Valid: 0.7275, Test: 0.6722
Run: 08, Epoch: 19, Loss: 0.0008, lr: 0.000700, Train: 0.7627, Valid: 0.7071, Test: 0.6489
Run: 08, Epoch: 20, Loss: 0.0008, lr: 0.000700, Train: 0.7515, Valid: 0.6827, Test: 0.6212
Run: 08, Epoch: 21, Loss: 0.0007, lr: 0.000700, Train: 0.7426, Valid: 0.6603, Test: 0.5961
Run: 08, Epoch: 22, Loss: 0.0006, lr: 0.000700, Train: 0.7377, Valid: 0.6426, Test: 0.5794
Run: 08, Epoch: 23, Loss: 0.0006, lr: 0.000490, Train: 0.7528, Valid: 0.6531, Test: 0.5939
Run: 08, Epoch: 24, Loss: 0.0005, lr: 0.000490, Train: 0.7694, Valid: 0.6683, Test: 0.6134
Run: 08, Epoch: 25, Loss: 0.0005, lr: 0.000490, Train: 0.7864, Valid: 0.6867, Test: 0.6350
Run: 08, Epoch: 26, Loss: 0.0004, lr: 0.000490, Train: 0.8031, Valid: 0.7070, Test: 0.6562
Run: 08, Epoch: 27, Loss: 0.0004, lr: 0.000490, Train: 0.8181, Valid: 0.7269, Test: 0.6744
Run: 08, Epoch: 28, Loss: 0.0003, lr: 0.000490, Train: 0.8310, Valid: 0.7445, Test: 0.6882
Run: 08, Epoch: 29, Loss: 0.0003, lr: 0.000490, Train: 0.8420, Valid: 0.7593, Test: 0.6984
Run: 08, Epoch: 30, Loss: 0.0003, lr: 0.000490, Train: 0.8515, Valid: 0.7711, Test: 0.7070
Run: 08, Epoch: 31, Loss: 0.0003, lr: 0.000490, Train: 0.8603, Valid: 0.7807, Test: 0.7157
Run: 08, Epoch: 32, Loss: 0.0003, lr: 0.000490, Train: 0.8687, Valid: 0.7889, Test: 0.7250
Run: 08, Epoch: 33, Loss: 0.0002, lr: 0.000490, Train: 0.8769, Valid: 0.7965, Test: 0.7349
Run: 08, Epoch: 34, Loss: 0.0002, lr: 0.000490, Train: 0.8846, Valid: 0.8043, Test: 0.7447
Run: 08, Epoch: 35, Loss: 0.0002, lr: 0.000490, Train: 0.8916, Valid: 0.8128, Test: 0.7538
Run: 08, Epoch: 36, Loss: 0.0002, lr: 0.000490, Train: 0.8984, Valid: 0.8220, Test: 0.7620
Run: 08, Epoch: 37, Loss: 0.0002, lr: 0.000490, Train: 0.9051, Valid: 0.8318, Test: 0.7697
Run: 08, Epoch: 38, Loss: 0.0002, lr: 0.000490, Train: 0.9121, Valid: 0.8415, Test: 0.7774
Run: 08, Epoch: 39, Loss: 0.0002, lr: 0.000490, Train: 0.9195, Valid: 0.8505, Test: 0.7860
Run: 08, Epoch: 40, Loss: 0.0002, lr: 0.000490, Train: 0.9272, Valid: 0.8584, Test: 0.7955
Run: 08, Epoch: 41, Loss: 0.0002, lr: 0.000490, Train: 0.9349, Valid: 0.8648, Test: 0.8051
Run: 08, Epoch: 42, Loss: 0.0001, lr: 0.000490, Train: 0.9420, Valid: 0.8697, Test: 0.8142
Run: 08, Epoch: 43, Loss: 0.0001, lr: 0.000490, Train: 0.9478, Valid: 0.8732, Test: 0.8217
Run: 08, Epoch: 44, Loss: 0.0001, lr: 0.000490, Train: 0.9520, Valid: 0.8756, Test: 0.8271
Run: 08, Epoch: 45, Loss: 0.0001, lr: 0.000490, Train: 0.9549, Valid: 0.8775, Test: 0.8306
Run: 08, Epoch: 46, Loss: 0.0001, lr: 0.000490, Train: 0.9568, Valid: 0.8794, Test: 0.8329
Run: 08, Epoch: 47, Loss: 0.0001, lr: 0.000490, Train: 0.9582, Valid: 0.8817, Test: 0.8351
Run: 08, Epoch: 48, Loss: 0.0001, lr: 0.000490, Train: 0.9599, Valid: 0.8847, Test: 0.8380
Run: 08, Epoch: 49, Loss: 0.0001, lr: 0.000490, Train: 0.9622, Valid: 0.8883, Test: 0.8421
Run: 08, Epoch: 50, Loss: 0.0001, lr: 0.000490, Train: 0.9653, Valid: 0.8926, Test: 0.8475
Run: 08, Epoch: 51, Loss: 0.0001, lr: 0.000490, Train: 0.9687, Valid: 0.8972, Test: 0.8535
Run: 08, Epoch: 52, Loss: 0.0001, lr: 0.000490, Train: 0.9722, Valid: 0.9019, Test: 0.8594
Run: 08, Epoch: 53, Loss: 0.0001, lr: 0.000490, Train: 0.9754, Valid: 0.9064, Test: 0.8647
Run: 08, Epoch: 54, Loss: 0.0001, lr: 0.000490, Train: 0.9782, Valid: 0.9107, Test: 0.8693
Run: 08, Epoch: 55, Loss: 0.0001, lr: 0.000490, Train: 0.9806, Valid: 0.9146, Test: 0.8733
Run: 08, Epoch: 56, Loss: 0.0001, lr: 0.000490, Train: 0.9828, Valid: 0.9184, Test: 0.8771
Run: 08, Epoch: 57, Loss: 0.0001, lr: 0.000490, Train: 0.9850, Valid: 0.9221, Test: 0.8809
Run: 08, Epoch: 58, Loss: 0.0001, lr: 0.000490, Train: 0.9872, Valid: 0.9255, Test: 0.8849
Run: 08, Epoch: 59, Loss: 0.0001, lr: 0.000490, Train: 0.9892, Valid: 0.9286, Test: 0.8887
Run: 08, Epoch: 60, Loss: 0.0001, lr: 0.000490, Train: 0.9909, Valid: 0.9311, Test: 0.8920
Run: 08, Epoch: 61, Loss: 0.0001, lr: 0.000490, Train: 0.9922, Valid: 0.9330, Test: 0.8946
Run: 08, Epoch: 62, Loss: 0.0001, lr: 0.000490, Train: 0.9931, Valid: 0.9342, Test: 0.8963
Run: 08, Epoch: 63, Loss: 0.0000, lr: 0.000490, Train: 0.9936, Valid: 0.9347, Test: 0.8972
Run: 08, Epoch: 64, Loss: 0.0000, lr: 0.000490, Train: 0.9939, Valid: 0.9349, Test: 0.8975
Run: 08, Epoch: 65, Loss: 0.0000, lr: 0.000490, Train: 0.9941, Valid: 0.9350, Test: 0.8976
Run: 08, Epoch: 66, Loss: 0.0000, lr: 0.000490, Train: 0.9944, Valid: 0.9353, Test: 0.8979
Run: 08, Epoch: 67, Loss: 0.0000, lr: 0.000490, Train: 0.9947, Valid: 0.9361, Test: 0.8984
Run: 08, Epoch: 68, Loss: 0.0000, lr: 0.000490, Train: 0.9951, Valid: 0.9372, Test: 0.8993
Run: 08, Epoch: 69, Loss: 0.0000, lr: 0.000490, Train: 0.9955, Valid: 0.9387, Test: 0.9005
Run: 08, Epoch: 70, Loss: 0.0000, lr: 0.000490, Train: 0.9959, Valid: 0.9403, Test: 0.9019
Run: 08, Epoch: 71, Loss: 0.0000, lr: 0.000490, Train: 0.9964, Valid: 0.9416, Test: 0.9035
Run: 08, Epoch: 72, Loss: 0.0000, lr: 0.000490, Train: 0.9969, Valid: 0.9427, Test: 0.9052
Run: 08, Epoch: 73, Loss: 0.0000, lr: 0.000490, Train: 0.9972, Valid: 0.9433, Test: 0.9065
Run: 08, Epoch: 74, Loss: 0.0000, lr: 0.000490, Train: 0.9973, Valid: 0.9438, Test: 0.9072
Run: 08, Epoch: 75, Loss: 0.0000, lr: 0.000490, Train: 0.9974, Valid: 0.9443, Test: 0.9076
Run: 08, Epoch: 76, Loss: 0.0000, lr: 0.000490, Train: 0.9975, Valid: 0.9449, Test: 0.9080
Run: 08, Epoch: 77, Loss: 0.0000, lr: 0.000490, Train: 0.9977, Valid: 0.9454, Test: 0.9085
Run: 08, Epoch: 78, Loss: 0.0000, lr: 0.000490, Train: 0.9979, Valid: 0.9459, Test: 0.9091
Run: 08, Epoch: 79, Loss: 0.0000, lr: 0.000490, Train: 0.9981, Valid: 0.9463, Test: 0.9096
Run: 08, Epoch: 80, Loss: 0.0000, lr: 0.000490, Train: 0.9982, Valid: 0.9464, Test: 0.9099
Run: 08, Epoch: 81, Loss: 0.0000, lr: 0.000490, Train: 0.9982, Valid: 0.9462, Test: 0.9099
Run: 08, Epoch: 82, Loss: 0.0000, lr: 0.000490, Train: 0.9982, Valid: 0.9460, Test: 0.9097
Run: 08, Epoch: 83, Loss: 0.0000, lr: 0.000490, Train: 0.9981, Valid: 0.9457, Test: 0.9093
Run: 08, Epoch: 84, Loss: 0.0000, lr: 0.000490, Train: 0.9981, Valid: 0.9455, Test: 0.9091
Run: 08, Epoch: 85, Loss: 0.0000, lr: 0.000490, Train: 0.9981, Valid: 0.9455, Test: 0.9092
Run: 08, Epoch: 86, Loss: 0.0000, lr: 0.000343, Train: 0.9982, Valid: 0.9456, Test: 0.9097
Run: 08, Epoch: 87, Loss: 0.0000, lr: 0.000343, Train: 0.9983, Valid: 0.9458, Test: 0.9101
Run: 08, Epoch: 88, Loss: 0.0000, lr: 0.000343, Train: 0.9984, Valid: 0.9460, Test: 0.9106
Run: 08, Epoch: 89, Loss: 0.0000, lr: 0.000343, Train: 0.9985, Valid: 0.9463, Test: 0.9110
Run: 08, Epoch: 90, Loss: 0.0000, lr: 0.000343, Train: 0.9986, Valid: 0.9465, Test: 0.9114
Run: 08, Epoch: 91, Loss: 0.0000, lr: 0.000343, Train: 0.9987, Valid: 0.9467, Test: 0.9118
Run: 08, Epoch: 92, Loss: 0.0000, lr: 0.000343, Train: 0.9988, Valid: 0.9468, Test: 0.9121
Run: 08, Epoch: 93, Loss: 0.0000, lr: 0.000343, Train: 0.9989, Valid: 0.9470, Test: 0.9124
Run: 08, Epoch: 94, Loss: 0.0000, lr: 0.000343, Train: 0.9989, Valid: 0.9471, Test: 0.9127
Run: 08, Epoch: 95, Loss: 0.0000, lr: 0.000343, Train: 0.9990, Valid: 0.9471, Test: 0.9130
Run: 08, Epoch: 96, Loss: 0.0000, lr: 0.000343, Train: 0.9990, Valid: 0.9471, Test: 0.9131
Run: 08, Epoch: 97, Loss: 0.0000, lr: 0.000343, Train: 0.9991, Valid: 0.9471, Test: 0.9132
Run: 08, Epoch: 98, Loss: 0.0000, lr: 0.000343, Train: 0.9991, Valid: 0.9471, Test: 0.9132
Run: 08, Epoch: 99, Loss: 0.0000, lr: 0.000343, Train: 0.9991, Valid: 0.9470, Test: 0.9133
Run: 08, Epoch: 100, Loss: 0.0000, lr: 0.000343, Train: 0.9991, Valid: 0.9470, Test: 0.9134
Run 08:
Highest Train: 1.00
Highest Valid: 0.95
  Final Train: 1.00
   Final Test: 0.91
Run: 09, Epoch: 01, Loss: 0.0765, lr: 0.001000, Train: 0.2509, Valid: 0.3241, Test: 0.0729
Run: 09, Epoch: 02, Loss: 0.0074, lr: 0.001000, Train: 0.4834, Valid: 0.6910, Test: 0.2735
Run: 09, Epoch: 03, Loss: 0.0082, lr: 0.001000, Train: 0.5812, Valid: 0.7976, Test: 0.3074
Run: 09, Epoch: 04, Loss: 0.0088, lr: 0.001000, Train: 0.6032, Valid: 0.8050, Test: 0.2624
Run: 09, Epoch: 05, Loss: 0.0079, lr: 0.001000, Train: 0.5932, Valid: 0.7872, Test: 0.2280
Run: 09, Epoch: 06, Loss: 0.0067, lr: 0.001000, Train: 0.5851, Valid: 0.7789, Test: 0.2402
Run: 09, Epoch: 07, Loss: 0.0055, lr: 0.001000, Train: 0.5989, Valid: 0.7905, Test: 0.3061
Run: 09, Epoch: 08, Loss: 0.0045, lr: 0.001000, Train: 0.6335, Valid: 0.8177, Test: 0.4052
Run: 09, Epoch: 09, Loss: 0.0039, lr: 0.001000, Train: 0.6778, Valid: 0.8478, Test: 0.5043
Run: 09, Epoch: 10, Loss: 0.0037, lr: 0.001000, Train: 0.7197, Valid: 0.8688, Test: 0.5798
Run: 09, Epoch: 11, Loss: 0.0034, lr: 0.001000, Train: 0.7535, Valid: 0.8752, Test: 0.6251
Run: 09, Epoch: 12, Loss: 0.0031, lr: 0.001000, Train: 0.7754, Valid: 0.8667, Test: 0.6380
Run: 09, Epoch: 13, Loss: 0.0027, lr: 0.001000, Train: 0.7840, Valid: 0.8460, Test: 0.6194
Run: 09, Epoch: 14, Loss: 0.0024, lr: 0.001000, Train: 0.7794, Valid: 0.8168, Test: 0.5690
Run: 09, Epoch: 15, Loss: 0.0022, lr: 0.001000, Train: 0.7647, Valid: 0.7823, Test: 0.4941
Run: 09, Epoch: 16, Loss: 0.0021, lr: 0.001000, Train: 0.7433, Valid: 0.7464, Test: 0.4064
Run: 09, Epoch: 17, Loss: 0.0019, lr: 0.001000, Train: 0.7223, Valid: 0.7125, Test: 0.3265
Run: 09, Epoch: 18, Loss: 0.0017, lr: 0.000700, Train: 0.7233, Valid: 0.7007, Test: 0.3097
Run: 09, Epoch: 19, Loss: 0.0015, lr: 0.000700, Train: 0.7282, Valid: 0.6971, Test: 0.3093
Run: 09, Epoch: 20, Loss: 0.0014, lr: 0.000700, Train: 0.7378, Valid: 0.7036, Test: 0.3267
Run: 09, Epoch: 21, Loss: 0.0012, lr: 0.000700, Train: 0.7522, Valid: 0.7196, Test: 0.3597
Run: 09, Epoch: 22, Loss: 0.0011, lr: 0.000700, Train: 0.7712, Valid: 0.7431, Test: 0.4064
Run: 09, Epoch: 23, Loss: 0.0010, lr: 0.000700, Train: 0.7928, Valid: 0.7707, Test: 0.4595
Run: 09, Epoch: 24, Loss: 0.0009, lr: 0.000490, Train: 0.8178, Valid: 0.7970, Test: 0.5168
Run: 09, Epoch: 25, Loss: 0.0009, lr: 0.000490, Train: 0.8401, Valid: 0.8202, Test: 0.5681
Run: 09, Epoch: 26, Loss: 0.0008, lr: 0.000490, Train: 0.8591, Valid: 0.8395, Test: 0.6115
Run: 09, Epoch: 27, Loss: 0.0008, lr: 0.000490, Train: 0.8750, Valid: 0.8545, Test: 0.6464
Run: 09, Epoch: 28, Loss: 0.0007, lr: 0.000490, Train: 0.8875, Valid: 0.8651, Test: 0.6725
Run: 09, Epoch: 29, Loss: 0.0007, lr: 0.000490, Train: 0.8968, Valid: 0.8719, Test: 0.6904
Run: 09, Epoch: 30, Loss: 0.0007, lr: 0.000343, Train: 0.9062, Valid: 0.8778, Test: 0.7089
Run: 09, Epoch: 31, Loss: 0.0006, lr: 0.000343, Train: 0.9129, Valid: 0.8809, Test: 0.7209
Run: 09, Epoch: 32, Loss: 0.0006, lr: 0.000343, Train: 0.9174, Valid: 0.8816, Test: 0.7273
Run: 09, Epoch: 33, Loss: 0.0006, lr: 0.000343, Train: 0.9201, Valid: 0.8806, Test: 0.7295
Run: 09, Epoch: 34, Loss: 0.0006, lr: 0.000343, Train: 0.9214, Valid: 0.8783, Test: 0.7285
Run: 09, Epoch: 35, Loss: 0.0006, lr: 0.000343, Train: 0.9219, Valid: 0.8754, Test: 0.7260
Run: 09, Epoch: 36, Loss: 0.0006, lr: 0.000343, Train: 0.9218, Valid: 0.8721, Test: 0.7225
Run: 09, Epoch: 37, Loss: 0.0005, lr: 0.000343, Train: 0.9216, Valid: 0.8689, Test: 0.7191
Run: 09, Epoch: 38, Loss: 0.0005, lr: 0.000343, Train: 0.9214, Valid: 0.8661, Test: 0.7163
Run: 09, Epoch: 39, Loss: 0.0005, lr: 0.000240, Train: 0.9256, Valid: 0.8687, Test: 0.7255
Run: 09, Epoch: 40, Loss: 0.0005, lr: 0.000240, Train: 0.9296, Valid: 0.8715, Test: 0.7346
Run: 09, Epoch: 41, Loss: 0.0005, lr: 0.000240, Train: 0.9336, Valid: 0.8746, Test: 0.7441
Run: 09, Epoch: 42, Loss: 0.0005, lr: 0.000240, Train: 0.9375, Valid: 0.8781, Test: 0.7540
Run: 09, Epoch: 43, Loss: 0.0005, lr: 0.000240, Train: 0.9416, Valid: 0.8819, Test: 0.7645
Run: 09, Epoch: 44, Loss: 0.0004, lr: 0.000240, Train: 0.9457, Valid: 0.8861, Test: 0.7755
Run: 09, Epoch: 45, Loss: 0.0004, lr: 0.000240, Train: 0.9499, Valid: 0.8906, Test: 0.7870
Run: 09, Epoch: 46, Loss: 0.0004, lr: 0.000240, Train: 0.9541, Valid: 0.8952, Test: 0.7986
Run: 09, Epoch: 47, Loss: 0.0004, lr: 0.000240, Train: 0.9582, Valid: 0.8997, Test: 0.8102
Run: 09, Epoch: 48, Loss: 0.0004, lr: 0.000240, Train: 0.9621, Valid: 0.9041, Test: 0.8214
Run: 09, Epoch: 49, Loss: 0.0004, lr: 0.000240, Train: 0.9658, Valid: 0.9082, Test: 0.8320
Run: 09, Epoch: 50, Loss: 0.0004, lr: 0.000240, Train: 0.9693, Valid: 0.9119, Test: 0.8417
Run: 09, Epoch: 51, Loss: 0.0004, lr: 0.000240, Train: 0.9724, Valid: 0.9152, Test: 0.8506
Run: 09, Epoch: 52, Loss: 0.0004, lr: 0.000240, Train: 0.9751, Valid: 0.9182, Test: 0.8586
Run: 09, Epoch: 53, Loss: 0.0004, lr: 0.000240, Train: 0.9776, Valid: 0.9208, Test: 0.8657
Run: 09, Epoch: 54, Loss: 0.0004, lr: 0.000240, Train: 0.9798, Valid: 0.9231, Test: 0.8720
Run: 09, Epoch: 55, Loss: 0.0004, lr: 0.000240, Train: 0.9816, Valid: 0.9250, Test: 0.8774
Run: 09, Epoch: 56, Loss: 0.0003, lr: 0.000240, Train: 0.9833, Valid: 0.9268, Test: 0.8821
Run: 09, Epoch: 57, Loss: 0.0003, lr: 0.000240, Train: 0.9846, Valid: 0.9283, Test: 0.8861
Run: 09, Epoch: 58, Loss: 0.0003, lr: 0.000240, Train: 0.9858, Valid: 0.9298, Test: 0.8896
Run: 09, Epoch: 59, Loss: 0.0003, lr: 0.000240, Train: 0.9867, Valid: 0.9311, Test: 0.8926
Run: 09, Epoch: 60, Loss: 0.0003, lr: 0.000240, Train: 0.9876, Valid: 0.9325, Test: 0.8952
Run: 09, Epoch: 61, Loss: 0.0003, lr: 0.000240, Train: 0.9883, Valid: 0.9338, Test: 0.8976
Run: 09, Epoch: 62, Loss: 0.0003, lr: 0.000240, Train: 0.9889, Valid: 0.9351, Test: 0.8997
Run: 09, Epoch: 63, Loss: 0.0003, lr: 0.000240, Train: 0.9894, Valid: 0.9364, Test: 0.9015
Run: 09, Epoch: 64, Loss: 0.0003, lr: 0.000240, Train: 0.9898, Valid: 0.9376, Test: 0.9032
Run: 09, Epoch: 65, Loss: 0.0003, lr: 0.000240, Train: 0.9902, Valid: 0.9388, Test: 0.9046
Run: 09, Epoch: 66, Loss: 0.0003, lr: 0.000240, Train: 0.9905, Valid: 0.9399, Test: 0.9059
Run: 09, Epoch: 67, Loss: 0.0003, lr: 0.000240, Train: 0.9908, Valid: 0.9410, Test: 0.9071
Run: 09, Epoch: 68, Loss: 0.0003, lr: 0.000240, Train: 0.9910, Valid: 0.9419, Test: 0.9081
Run: 09, Epoch: 69, Loss: 0.0003, lr: 0.000240, Train: 0.9912, Valid: 0.9428, Test: 0.9089
Run: 09, Epoch: 70, Loss: 0.0003, lr: 0.000240, Train: 0.9914, Valid: 0.9436, Test: 0.9096
Run: 09, Epoch: 71, Loss: 0.0003, lr: 0.000240, Train: 0.9915, Valid: 0.9442, Test: 0.9102
Run: 09, Epoch: 72, Loss: 0.0003, lr: 0.000240, Train: 0.9917, Valid: 0.9448, Test: 0.9107
Run: 09, Epoch: 73, Loss: 0.0002, lr: 0.000240, Train: 0.9918, Valid: 0.9452, Test: 0.9111
Run: 09, Epoch: 74, Loss: 0.0002, lr: 0.000240, Train: 0.9919, Valid: 0.9455, Test: 0.9115
Run: 09, Epoch: 75, Loss: 0.0002, lr: 0.000240, Train: 0.9921, Valid: 0.9458, Test: 0.9118
Run: 09, Epoch: 76, Loss: 0.0002, lr: 0.000240, Train: 0.9922, Valid: 0.9459, Test: 0.9120
Run: 09, Epoch: 77, Loss: 0.0002, lr: 0.000240, Train: 0.9923, Valid: 0.9460, Test: 0.9121
Run: 09, Epoch: 78, Loss: 0.0002, lr: 0.000240, Train: 0.9924, Valid: 0.9459, Test: 0.9121
Run: 09, Epoch: 79, Loss: 0.0002, lr: 0.000240, Train: 0.9926, Valid: 0.9459, Test: 0.9121
Run: 09, Epoch: 80, Loss: 0.0002, lr: 0.000240, Train: 0.9927, Valid: 0.9458, Test: 0.9120
Run: 09, Epoch: 81, Loss: 0.0002, lr: 0.000240, Train: 0.9928, Valid: 0.9458, Test: 0.9118
Run: 09, Epoch: 82, Loss: 0.0002, lr: 0.000240, Train: 0.9928, Valid: 0.9457, Test: 0.9116
Run: 09, Epoch: 83, Loss: 0.0002, lr: 0.000168, Train: 0.9930, Valid: 0.9456, Test: 0.9119
Run: 09, Epoch: 84, Loss: 0.0002, lr: 0.000168, Train: 0.9932, Valid: 0.9455, Test: 0.9121
Run: 09, Epoch: 85, Loss: 0.0002, lr: 0.000168, Train: 0.9933, Valid: 0.9455, Test: 0.9123
Run: 09, Epoch: 86, Loss: 0.0002, lr: 0.000168, Train: 0.9935, Valid: 0.9455, Test: 0.9125
Run: 09, Epoch: 87, Loss: 0.0002, lr: 0.000168, Train: 0.9936, Valid: 0.9455, Test: 0.9127
Run: 09, Epoch: 88, Loss: 0.0002, lr: 0.000168, Train: 0.9937, Valid: 0.9455, Test: 0.9128
Run: 09, Epoch: 89, Loss: 0.0002, lr: 0.000118, Train: 0.9939, Valid: 0.9455, Test: 0.9133
Run: 09, Epoch: 90, Loss: 0.0002, lr: 0.000118, Train: 0.9940, Valid: 0.9455, Test: 0.9138
Run: 09, Epoch: 91, Loss: 0.0002, lr: 0.000118, Train: 0.9942, Valid: 0.9455, Test: 0.9142
Run: 09, Epoch: 92, Loss: 0.0002, lr: 0.000118, Train: 0.9943, Valid: 0.9455, Test: 0.9146
Run: 09, Epoch: 93, Loss: 0.0002, lr: 0.000118, Train: 0.9944, Valid: 0.9454, Test: 0.9150
Run: 09, Epoch: 94, Loss: 0.0002, lr: 0.000118, Train: 0.9945, Valid: 0.9454, Test: 0.9153
Run: 09, Epoch: 95, Loss: 0.0002, lr: 0.000082, Train: 0.9947, Valid: 0.9454, Test: 0.9158
Run: 09, Epoch: 96, Loss: 0.0002, lr: 0.000082, Train: 0.9948, Valid: 0.9454, Test: 0.9163
Run: 09, Epoch: 97, Loss: 0.0002, lr: 0.000082, Train: 0.9949, Valid: 0.9453, Test: 0.9166
Run: 09, Epoch: 98, Loss: 0.0002, lr: 0.000082, Train: 0.9950, Valid: 0.9453, Test: 0.9170
Run: 09, Epoch: 99, Loss: 0.0002, lr: 0.000082, Train: 0.9951, Valid: 0.9452, Test: 0.9173
Run: 09, Epoch: 100, Loss: 0.0002, lr: 0.000082, Train: 0.9952, Valid: 0.9452, Test: 0.9176
Run 09:
Highest Train: 1.00
Highest Valid: 0.95
  Final Train: 0.99
   Final Test: 0.91
Run: 10, Epoch: 01, Loss: 0.0560, lr: 0.001000, Train: 0.4161, Valid: 0.1374, Test: 0.4089
Run: 10, Epoch: 02, Loss: 0.0102, lr: 0.001000, Train: 0.6253, Valid: 0.3829, Test: 0.5913
Run: 10, Epoch: 03, Loss: 0.0085, lr: 0.001000, Train: 0.6932, Valid: 0.5304, Test: 0.6428
Run: 10, Epoch: 04, Loss: 0.0082, lr: 0.001000, Train: 0.7072, Valid: 0.6107, Test: 0.6411
Run: 10, Epoch: 05, Loss: 0.0075, lr: 0.001000, Train: 0.7063, Valid: 0.6494, Test: 0.6284
Run: 10, Epoch: 06, Loss: 0.0069, lr: 0.001000, Train: 0.7113, Valid: 0.6691, Test: 0.6298
Run: 10, Epoch: 07, Loss: 0.0058, lr: 0.001000, Train: 0.7245, Valid: 0.6700, Test: 0.6488
Run: 10, Epoch: 08, Loss: 0.0043, lr: 0.001000, Train: 0.7430, Valid: 0.6590, Test: 0.6796
Run: 10, Epoch: 09, Loss: 0.0030, lr: 0.001000, Train: 0.7610, Valid: 0.6455, Test: 0.7133
Run: 10, Epoch: 10, Loss: 0.0022, lr: 0.001000, Train: 0.7778, Valid: 0.6418, Test: 0.7452
Run: 10, Epoch: 11, Loss: 0.0019, lr: 0.001000, Train: 0.7963, Valid: 0.6545, Test: 0.7762
Run: 10, Epoch: 12, Loss: 0.0018, lr: 0.001000, Train: 0.8172, Valid: 0.6736, Test: 0.8022
Run: 10, Epoch: 13, Loss: 0.0017, lr: 0.001000, Train: 0.8387, Valid: 0.6940, Test: 0.8210
Run: 10, Epoch: 14, Loss: 0.0016, lr: 0.001000, Train: 0.8569, Valid: 0.7098, Test: 0.8306
Run: 10, Epoch: 15, Loss: 0.0015, lr: 0.001000, Train: 0.8682, Valid: 0.7179, Test: 0.8285
Run: 10, Epoch: 16, Loss: 0.0013, lr: 0.001000, Train: 0.8692, Valid: 0.7157, Test: 0.8140
Run: 10, Epoch: 17, Loss: 0.0012, lr: 0.001000, Train: 0.8584, Valid: 0.7007, Test: 0.7885
Run: 10, Epoch: 18, Loss: 0.0011, lr: 0.001000, Train: 0.8340, Valid: 0.6672, Test: 0.7500
Run: 10, Epoch: 19, Loss: 0.0009, lr: 0.001000, Train: 0.7949, Valid: 0.6102, Test: 0.6979
Run: 10, Epoch: 20, Loss: 0.0008, lr: 0.001000, Train: 0.7449, Valid: 0.5306, Test: 0.6345
Run: 10, Epoch: 21, Loss: 0.0007, lr: 0.001000, Train: 0.6940, Valid: 0.4398, Test: 0.5710
Run: 10, Epoch: 22, Loss: 0.0007, lr: 0.000700, Train: 0.6835, Valid: 0.4151, Test: 0.5586
Run: 10, Epoch: 23, Loss: 0.0007, lr: 0.000700, Train: 0.6851, Valid: 0.4113, Test: 0.5616
Run: 10, Epoch: 24, Loss: 0.0006, lr: 0.000700, Train: 0.6990, Valid: 0.4313, Test: 0.5801
Run: 10, Epoch: 25, Loss: 0.0006, lr: 0.000700, Train: 0.7232, Valid: 0.4725, Test: 0.6105
Run: 10, Epoch: 26, Loss: 0.0005, lr: 0.000700, Train: 0.7538, Valid: 0.5289, Test: 0.6486
Run: 10, Epoch: 27, Loss: 0.0005, lr: 0.000700, Train: 0.7870, Valid: 0.5923, Test: 0.6891
Run: 10, Epoch: 28, Loss: 0.0005, lr: 0.000490, Train: 0.8219, Valid: 0.6559, Test: 0.7311
Run: 10, Epoch: 29, Loss: 0.0004, lr: 0.000490, Train: 0.8529, Valid: 0.7118, Test: 0.7685
Run: 10, Epoch: 30, Loss: 0.0004, lr: 0.000490, Train: 0.8801, Valid: 0.7584, Test: 0.8017
Run: 10, Epoch: 31, Loss: 0.0004, lr: 0.000490, Train: 0.9036, Valid: 0.7964, Test: 0.8308
Run: 10, Epoch: 32, Loss: 0.0004, lr: 0.000490, Train: 0.9230, Valid: 0.8263, Test: 0.8551
Run: 10, Epoch: 33, Loss: 0.0004, lr: 0.000490, Train: 0.9385, Valid: 0.8485, Test: 0.8748
Run: 10, Epoch: 34, Loss: 0.0003, lr: 0.000490, Train: 0.9503, Valid: 0.8647, Test: 0.8901
Run: 10, Epoch: 35, Loss: 0.0003, lr: 0.000490, Train: 0.9589, Valid: 0.8764, Test: 0.9013
Run: 10, Epoch: 36, Loss: 0.0003, lr: 0.000490, Train: 0.9649, Valid: 0.8847, Test: 0.9090
Run: 10, Epoch: 37, Loss: 0.0003, lr: 0.000490, Train: 0.9689, Valid: 0.8908, Test: 0.9139
Run: 10, Epoch: 38, Loss: 0.0003, lr: 0.000490, Train: 0.9713, Valid: 0.8953, Test: 0.9165
Run: 10, Epoch: 39, Loss: 0.0002, lr: 0.000490, Train: 0.9727, Valid: 0.8987, Test: 0.9172
Run: 10, Epoch: 40, Loss: 0.0002, lr: 0.000490, Train: 0.9733, Valid: 0.9012, Test: 0.9166
Run: 10, Epoch: 41, Loss: 0.0002, lr: 0.000490, Train: 0.9732, Valid: 0.9030, Test: 0.9148
Run: 10, Epoch: 42, Loss: 0.0002, lr: 0.000490, Train: 0.9725, Valid: 0.9039, Test: 0.9122
Run: 10, Epoch: 43, Loss: 0.0002, lr: 0.000490, Train: 0.9714, Valid: 0.9041, Test: 0.9091
Run: 10, Epoch: 44, Loss: 0.0002, lr: 0.000490, Train: 0.9701, Valid: 0.9035, Test: 0.9060
Run: 10, Epoch: 45, Loss: 0.0002, lr: 0.000490, Train: 0.9687, Valid: 0.9025, Test: 0.9031
Run: 10, Epoch: 46, Loss: 0.0002, lr: 0.000490, Train: 0.9676, Valid: 0.9015, Test: 0.9009
Run: 10, Epoch: 47, Loss: 0.0002, lr: 0.000490, Train: 0.9670, Valid: 0.9008, Test: 0.8995
Run: 10, Epoch: 48, Loss: 0.0002, lr: 0.000490, Train: 0.9673, Valid: 0.9010, Test: 0.8995
Run: 10, Epoch: 49, Loss: 0.0002, lr: 0.000490, Train: 0.9687, Valid: 0.9026, Test: 0.9012
Run: 10, Epoch: 50, Loss: 0.0001, lr: 0.000343, Train: 0.9722, Valid: 0.9066, Test: 0.9057
Run: 10, Epoch: 51, Loss: 0.0001, lr: 0.000343, Train: 0.9761, Valid: 0.9110, Test: 0.9108
Run: 10, Epoch: 52, Loss: 0.0001, lr: 0.000343, Train: 0.9801, Valid: 0.9157, Test: 0.9161
Run: 10, Epoch: 53, Loss: 0.0001, lr: 0.000343, Train: 0.9838, Valid: 0.9200, Test: 0.9210
Run: 10, Epoch: 54, Loss: 0.0001, lr: 0.000343, Train: 0.9872, Valid: 0.9236, Test: 0.9254
Run: 10, Epoch: 55, Loss: 0.0001, lr: 0.000343, Train: 0.9899, Valid: 0.9264, Test: 0.9290
Run: 10, Epoch: 56, Loss: 0.0001, lr: 0.000343, Train: 0.9920, Valid: 0.9283, Test: 0.9316
Run: 10, Epoch: 57, Loss: 0.0001, lr: 0.000343, Train: 0.9935, Valid: 0.9294, Test: 0.9333
Run: 10, Epoch: 58, Loss: 0.0001, lr: 0.000343, Train: 0.9945, Valid: 0.9299, Test: 0.9342
Run: 10, Epoch: 59, Loss: 0.0001, lr: 0.000343, Train: 0.9951, Valid: 0.9302, Test: 0.9346
Run: 10, Epoch: 60, Loss: 0.0001, lr: 0.000343, Train: 0.9955, Valid: 0.9303, Test: 0.9346
Run: 10, Epoch: 61, Loss: 0.0001, lr: 0.000343, Train: 0.9956, Valid: 0.9303, Test: 0.9344
Run: 10, Epoch: 62, Loss: 0.0001, lr: 0.000343, Train: 0.9955, Valid: 0.9303, Test: 0.9341
Run: 10, Epoch: 63, Loss: 0.0001, lr: 0.000343, Train: 0.9954, Valid: 0.9303, Test: 0.9338
Run: 10, Epoch: 64, Loss: 0.0001, lr: 0.000343, Train: 0.9952, Valid: 0.9302, Test: 0.9335
Run: 10, Epoch: 65, Loss: 0.0001, lr: 0.000343, Train: 0.9950, Valid: 0.9300, Test: 0.9332
Run: 10, Epoch: 66, Loss: 0.0001, lr: 0.000343, Train: 0.9948, Valid: 0.9299, Test: 0.9330
Run: 10, Epoch: 67, Loss: 0.0001, lr: 0.000240, Train: 0.9949, Valid: 0.9301, Test: 0.9333
Run: 10, Epoch: 68, Loss: 0.0001, lr: 0.000240, Train: 0.9952, Valid: 0.9303, Test: 0.9336
Run: 10, Epoch: 69, Loss: 0.0001, lr: 0.000240, Train: 0.9955, Valid: 0.9305, Test: 0.9340
Run: 10, Epoch: 70, Loss: 0.0001, lr: 0.000240, Train: 0.9958, Valid: 0.9307, Test: 0.9344
Run: 10, Epoch: 71, Loss: 0.0001, lr: 0.000240, Train: 0.9962, Valid: 0.9309, Test: 0.9348
Run: 10, Epoch: 72, Loss: 0.0001, lr: 0.000240, Train: 0.9965, Valid: 0.9311, Test: 0.9353
Run: 10, Epoch: 73, Loss: 0.0001, lr: 0.000240, Train: 0.9969, Valid: 0.9312, Test: 0.9357
Run: 10, Epoch: 74, Loss: 0.0001, lr: 0.000240, Train: 0.9972, Valid: 0.9312, Test: 0.9361
Run: 10, Epoch: 75, Loss: 0.0001, lr: 0.000240, Train: 0.9975, Valid: 0.9312, Test: 0.9364
Run: 10, Epoch: 76, Loss: 0.0001, lr: 0.000240, Train: 0.9977, Valid: 0.9311, Test: 0.9367
Run: 10, Epoch: 77, Loss: 0.0001, lr: 0.000240, Train: 0.9979, Valid: 0.9310, Test: 0.9369
Run: 10, Epoch: 78, Loss: 0.0001, lr: 0.000240, Train: 0.9980, Valid: 0.9309, Test: 0.9370
Run: 10, Epoch: 79, Loss: 0.0001, lr: 0.000240, Train: 0.9981, Valid: 0.9309, Test: 0.9371
Run: 10, Epoch: 80, Loss: 0.0001, lr: 0.000240, Train: 0.9981, Valid: 0.9309, Test: 0.9370
Run: 10, Epoch: 81, Loss: 0.0001, lr: 0.000168, Train: 0.9982, Valid: 0.9309, Test: 0.9371
Run: 10, Epoch: 82, Loss: 0.0000, lr: 0.000168, Train: 0.9982, Valid: 0.9309, Test: 0.9371
Run: 10, Epoch: 83, Loss: 0.0000, lr: 0.000168, Train: 0.9982, Valid: 0.9308, Test: 0.9372
Run: 10, Epoch: 84, Loss: 0.0000, lr: 0.000168, Train: 0.9982, Valid: 0.9308, Test: 0.9372
Run: 10, Epoch: 85, Loss: 0.0000, lr: 0.000168, Train: 0.9982, Valid: 0.9308, Test: 0.9371
Run: 10, Epoch: 86, Loss: 0.0000, lr: 0.000168, Train: 0.9982, Valid: 0.9307, Test: 0.9372
Run: 10, Epoch: 87, Loss: 0.0000, lr: 0.000118, Train: 0.9983, Valid: 0.9307, Test: 0.9373
Run: 10, Epoch: 88, Loss: 0.0000, lr: 0.000118, Train: 0.9983, Valid: 0.9306, Test: 0.9374
Run: 10, Epoch: 89, Loss: 0.0000, lr: 0.000118, Train: 0.9984, Valid: 0.9306, Test: 0.9375
Run: 10, Epoch: 90, Loss: 0.0000, lr: 0.000118, Train: 0.9984, Valid: 0.9305, Test: 0.9376
Run: 10, Epoch: 91, Loss: 0.0000, lr: 0.000118, Train: 0.9985, Valid: 0.9304, Test: 0.9377
Run: 10, Epoch: 92, Loss: 0.0000, lr: 0.000118, Train: 0.9985, Valid: 0.9304, Test: 0.9378
Run: 10, Epoch: 93, Loss: 0.0000, lr: 0.000082, Train: 0.9986, Valid: 0.9303, Test: 0.9379
Run: 10, Epoch: 94, Loss: 0.0000, lr: 0.000082, Train: 0.9986, Valid: 0.9302, Test: 0.9381
Run: 10, Epoch: 95, Loss: 0.0000, lr: 0.000082, Train: 0.9987, Valid: 0.9302, Test: 0.9382
Run: 10, Epoch: 96, Loss: 0.0000, lr: 0.000082, Train: 0.9987, Valid: 0.9301, Test: 0.9383
Run: 10, Epoch: 97, Loss: 0.0000, lr: 0.000082, Train: 0.9988, Valid: 0.9300, Test: 0.9383
Run: 10, Epoch: 98, Loss: 0.0000, lr: 0.000082, Train: 0.9988, Valid: 0.9300, Test: 0.9384
Run: 10, Epoch: 99, Loss: 0.0000, lr: 0.000058, Train: 0.9988, Valid: 0.9299, Test: 0.9385
Run: 10, Epoch: 100, Loss: 0.0000, lr: 0.000058, Train: 0.9989, Valid: 0.9299, Test: 0.9386
Run 10:
Highest Train: 1.00
Highest Valid: 0.93
  Final Train: 1.00
   Final Test: 0.94
All runs:
Highest Train: 1.00  0.00
Highest Valid: 0.93  0.02
  Final Train: 1.00  0.00
   Final Test: 0.93  0.02
