Namespace(conv_layers=3, device=0, dropout=0.0, epochs=100, hidden_dim=256, log_steps=1, lr=0.001, method='gatv2', mlp_layers=2, runs=10, subset='mathematics')
Run: 01, Epoch: 01, Loss: 0.0363, lr: 0.001000, Train: 0.5027, Valid: 0.3810, Test: 0.4483
Run: 01, Epoch: 02, Loss: 0.0074, lr: 0.001000, Train: 0.7049, Valid: 0.6341, Test: 0.7034
Run: 01, Epoch: 03, Loss: 0.0067, lr: 0.001000, Train: 0.7806, Valid: 0.7267, Test: 0.7961
Run: 01, Epoch: 04, Loss: 0.0070, lr: 0.001000, Train: 0.8145, Valid: 0.7694, Test: 0.8297
Run: 01, Epoch: 05, Loss: 0.0064, lr: 0.001000, Train: 0.8335, Valid: 0.7969, Test: 0.8414
Run: 01, Epoch: 06, Loss: 0.0057, lr: 0.001000, Train: 0.8477, Valid: 0.8162, Test: 0.8483
Run: 01, Epoch: 07, Loss: 0.0048, lr: 0.001000, Train: 0.8580, Valid: 0.8288, Test: 0.8542
Run: 01, Epoch: 08, Loss: 0.0038, lr: 0.001000, Train: 0.8621, Valid: 0.8341, Test: 0.8592
Run: 01, Epoch: 09, Loss: 0.0029, lr: 0.001000, Train: 0.8586, Valid: 0.8300, Test: 0.8615
Run: 01, Epoch: 10, Loss: 0.0022, lr: 0.001000, Train: 0.8493, Valid: 0.8194, Test: 0.8604
Run: 01, Epoch: 11, Loss: 0.0017, lr: 0.001000, Train: 0.8392, Valid: 0.8081, Test: 0.8589
Run: 01, Epoch: 12, Loss: 0.0015, lr: 0.001000, Train: 0.8368, Valid: 0.8051, Test: 0.8616
Run: 01, Epoch: 13, Loss: 0.0014, lr: 0.001000, Train: 0.8477, Valid: 0.8154, Test: 0.8700
Run: 01, Epoch: 14, Loss: 0.0013, lr: 0.001000, Train: 0.8706, Valid: 0.8356, Test: 0.8843
Run: 01, Epoch: 15, Loss: 0.0012, lr: 0.001000, Train: 0.8998, Valid: 0.8608, Test: 0.9020
Run: 01, Epoch: 16, Loss: 0.0011, lr: 0.001000, Train: 0.9280, Valid: 0.8857, Test: 0.9201
Run: 01, Epoch: 17, Loss: 0.0010, lr: 0.001000, Train: 0.9493, Valid: 0.9045, Test: 0.9345
Run: 01, Epoch: 18, Loss: 0.0008, lr: 0.001000, Train: 0.9619, Valid: 0.9174, Test: 0.9408
Run: 01, Epoch: 19, Loss: 0.0007, lr: 0.001000, Train: 0.9667, Valid: 0.9232, Test: 0.9391
Run: 01, Epoch: 20, Loss: 0.0006, lr: 0.001000, Train: 0.9647, Valid: 0.9196, Test: 0.9319
Run: 01, Epoch: 21, Loss: 0.0006, lr: 0.001000, Train: 0.9582, Valid: 0.9120, Test: 0.9214
Run: 01, Epoch: 22, Loss: 0.0005, lr: 0.001000, Train: 0.9516, Valid: 0.9049, Test: 0.9114
Run: 01, Epoch: 23, Loss: 0.0005, lr: 0.001000, Train: 0.9496, Valid: 0.9032, Test: 0.9062
Run: 01, Epoch: 24, Loss: 0.0005, lr: 0.001000, Train: 0.9533, Valid: 0.9085, Test: 0.9075
Run: 01, Epoch: 25, Loss: 0.0004, lr: 0.001000, Train: 0.9602, Valid: 0.9174, Test: 0.9126
Run: 01, Epoch: 26, Loss: 0.0004, lr: 0.000700, Train: 0.9668, Valid: 0.9243, Test: 0.9191
Run: 01, Epoch: 27, Loss: 0.0003, lr: 0.000700, Train: 0.9723, Valid: 0.9288, Test: 0.9254
Run: 01, Epoch: 28, Loss: 0.0003, lr: 0.000700, Train: 0.9764, Valid: 0.9310, Test: 0.9303
Run: 01, Epoch: 29, Loss: 0.0003, lr: 0.000700, Train: 0.9792, Valid: 0.9317, Test: 0.9335
Run: 01, Epoch: 30, Loss: 0.0003, lr: 0.000700, Train: 0.9810, Valid: 0.9314, Test: 0.9351
Run: 01, Epoch: 31, Loss: 0.0002, lr: 0.000700, Train: 0.9820, Valid: 0.9301, Test: 0.9358
Run: 01, Epoch: 32, Loss: 0.0002, lr: 0.000700, Train: 0.9823, Valid: 0.9290, Test: 0.9355
Run: 01, Epoch: 33, Loss: 0.0002, lr: 0.000700, Train: 0.9821, Valid: 0.9283, Test: 0.9344
Run: 01, Epoch: 34, Loss: 0.0002, lr: 0.000700, Train: 0.9815, Valid: 0.9273, Test: 0.9334
Run: 01, Epoch: 35, Loss: 0.0002, lr: 0.000700, Train: 0.9804, Valid: 0.9260, Test: 0.9327
Run: 01, Epoch: 36, Loss: 0.0002, lr: 0.000490, Train: 0.9806, Valid: 0.9266, Test: 0.9333
Run: 01, Epoch: 37, Loss: 0.0002, lr: 0.000490, Train: 0.9809, Valid: 0.9273, Test: 0.9338
Run: 01, Epoch: 38, Loss: 0.0002, lr: 0.000490, Train: 0.9813, Valid: 0.9282, Test: 0.9345
Run: 01, Epoch: 39, Loss: 0.0001, lr: 0.000490, Train: 0.9821, Valid: 0.9295, Test: 0.9353
Run: 01, Epoch: 40, Loss: 0.0001, lr: 0.000490, Train: 0.9830, Valid: 0.9314, Test: 0.9362
Run: 01, Epoch: 41, Loss: 0.0001, lr: 0.000490, Train: 0.9842, Valid: 0.9337, Test: 0.9373
Run: 01, Epoch: 42, Loss: 0.0001, lr: 0.000490, Train: 0.9856, Valid: 0.9355, Test: 0.9389
Run: 01, Epoch: 43, Loss: 0.0001, lr: 0.000490, Train: 0.9871, Valid: 0.9367, Test: 0.9408
Run: 01, Epoch: 44, Loss: 0.0001, lr: 0.000490, Train: 0.9887, Valid: 0.9380, Test: 0.9427
Run: 01, Epoch: 45, Loss: 0.0001, lr: 0.000490, Train: 0.9903, Valid: 0.9390, Test: 0.9444
Run: 01, Epoch: 46, Loss: 0.0001, lr: 0.000490, Train: 0.9919, Valid: 0.9394, Test: 0.9459
Run: 01, Epoch: 47, Loss: 0.0001, lr: 0.000490, Train: 0.9932, Valid: 0.9397, Test: 0.9471
Run: 01, Epoch: 48, Loss: 0.0001, lr: 0.000490, Train: 0.9943, Valid: 0.9400, Test: 0.9478
Run: 01, Epoch: 49, Loss: 0.0001, lr: 0.000490, Train: 0.9951, Valid: 0.9399, Test: 0.9482
Run: 01, Epoch: 50, Loss: 0.0001, lr: 0.000490, Train: 0.9957, Valid: 0.9393, Test: 0.9484
Run: 01, Epoch: 51, Loss: 0.0001, lr: 0.000490, Train: 0.9961, Valid: 0.9389, Test: 0.9484
Run: 01, Epoch: 52, Loss: 0.0001, lr: 0.000490, Train: 0.9963, Valid: 0.9387, Test: 0.9483
Run: 01, Epoch: 53, Loss: 0.0001, lr: 0.000490, Train: 0.9965, Valid: 0.9386, Test: 0.9484
Run: 01, Epoch: 54, Loss: 0.0001, lr: 0.000490, Train: 0.9967, Valid: 0.9387, Test: 0.9485
Run: 01, Epoch: 55, Loss: 0.0001, lr: 0.000343, Train: 0.9968, Valid: 0.9391, Test: 0.9486
Run: 01, Epoch: 56, Loss: 0.0001, lr: 0.000343, Train: 0.9969, Valid: 0.9394, Test: 0.9486
Run: 01, Epoch: 57, Loss: 0.0001, lr: 0.000343, Train: 0.9970, Valid: 0.9394, Test: 0.9485
Run: 01, Epoch: 58, Loss: 0.0001, lr: 0.000343, Train: 0.9970, Valid: 0.9393, Test: 0.9483
Run: 01, Epoch: 59, Loss: 0.0001, lr: 0.000343, Train: 0.9970, Valid: 0.9394, Test: 0.9481
Run: 01, Epoch: 60, Loss: 0.0001, lr: 0.000343, Train: 0.9970, Valid: 0.9393, Test: 0.9478
Run: 01, Epoch: 61, Loss: 0.0001, lr: 0.000240, Train: 0.9971, Valid: 0.9393, Test: 0.9478
Run: 01, Epoch: 62, Loss: 0.0001, lr: 0.000240, Train: 0.9973, Valid: 0.9392, Test: 0.9477
Run: 01, Epoch: 63, Loss: 0.0001, lr: 0.000240, Train: 0.9974, Valid: 0.9392, Test: 0.9477
Run: 01, Epoch: 64, Loss: 0.0001, lr: 0.000240, Train: 0.9976, Valid: 0.9392, Test: 0.9477
Run: 01, Epoch: 65, Loss: 0.0001, lr: 0.000240, Train: 0.9977, Valid: 0.9391, Test: 0.9477
Run: 01, Epoch: 66, Loss: 0.0001, lr: 0.000240, Train: 0.9978, Valid: 0.9389, Test: 0.9477
Run: 01, Epoch: 67, Loss: 0.0001, lr: 0.000168, Train: 0.9979, Valid: 0.9388, Test: 0.9477
Run: 01, Epoch: 68, Loss: 0.0001, lr: 0.000168, Train: 0.9980, Valid: 0.9388, Test: 0.9476
Run: 01, Epoch: 69, Loss: 0.0001, lr: 0.000168, Train: 0.9981, Valid: 0.9388, Test: 0.9476
Run: 01, Epoch: 70, Loss: 0.0001, lr: 0.000168, Train: 0.9981, Valid: 0.9387, Test: 0.9475
Run: 01, Epoch: 71, Loss: 0.0001, lr: 0.000168, Train: 0.9982, Valid: 0.9387, Test: 0.9474
Run: 01, Epoch: 72, Loss: 0.0001, lr: 0.000168, Train: 0.9982, Valid: 0.9387, Test: 0.9473
Run: 01, Epoch: 73, Loss: 0.0001, lr: 0.000118, Train: 0.9983, Valid: 0.9387, Test: 0.9472
Run: 01, Epoch: 74, Loss: 0.0001, lr: 0.000118, Train: 0.9983, Valid: 0.9389, Test: 0.9471
Run: 01, Epoch: 75, Loss: 0.0001, lr: 0.000118, Train: 0.9984, Valid: 0.9390, Test: 0.9471
Run: 01, Epoch: 76, Loss: 0.0001, lr: 0.000118, Train: 0.9984, Valid: 0.9391, Test: 0.9470
Run: 01, Epoch: 77, Loss: 0.0001, lr: 0.000118, Train: 0.9984, Valid: 0.9392, Test: 0.9469
Run: 01, Epoch: 78, Loss: 0.0001, lr: 0.000118, Train: 0.9984, Valid: 0.9392, Test: 0.9468
Run: 01, Epoch: 79, Loss: 0.0001, lr: 0.000082, Train: 0.9984, Valid: 0.9392, Test: 0.9467
Run: 01, Epoch: 80, Loss: 0.0001, lr: 0.000082, Train: 0.9985, Valid: 0.9393, Test: 0.9466
Run: 01, Epoch: 81, Loss: 0.0001, lr: 0.000082, Train: 0.9985, Valid: 0.9393, Test: 0.9465
Run: 01, Epoch: 82, Loss: 0.0001, lr: 0.000082, Train: 0.9985, Valid: 0.9393, Test: 0.9464
Run: 01, Epoch: 83, Loss: 0.0001, lr: 0.000082, Train: 0.9985, Valid: 0.9394, Test: 0.9463
Run: 01, Epoch: 84, Loss: 0.0001, lr: 0.000082, Train: 0.9985, Valid: 0.9394, Test: 0.9462
Run: 01, Epoch: 85, Loss: 0.0001, lr: 0.000058, Train: 0.9985, Valid: 0.9394, Test: 0.9462
Run: 01, Epoch: 86, Loss: 0.0001, lr: 0.000058, Train: 0.9985, Valid: 0.9394, Test: 0.9461
Run: 01, Epoch: 87, Loss: 0.0001, lr: 0.000058, Train: 0.9985, Valid: 0.9394, Test: 0.9461
Run: 01, Epoch: 88, Loss: 0.0001, lr: 0.000058, Train: 0.9985, Valid: 0.9394, Test: 0.9460
Run: 01, Epoch: 89, Loss: 0.0001, lr: 0.000058, Train: 0.9986, Valid: 0.9394, Test: 0.9460
Run: 01, Epoch: 90, Loss: 0.0001, lr: 0.000058, Train: 0.9986, Valid: 0.9395, Test: 0.9459
Run: 01, Epoch: 91, Loss: 0.0001, lr: 0.000040, Train: 0.9986, Valid: 0.9395, Test: 0.9459
Run: 01, Epoch: 92, Loss: 0.0001, lr: 0.000040, Train: 0.9986, Valid: 0.9395, Test: 0.9458
Run: 01, Epoch: 93, Loss: 0.0001, lr: 0.000040, Train: 0.9986, Valid: 0.9396, Test: 0.9458
Run: 01, Epoch: 94, Loss: 0.0001, lr: 0.000040, Train: 0.9986, Valid: 0.9396, Test: 0.9458
Run: 01, Epoch: 95, Loss: 0.0001, lr: 0.000040, Train: 0.9986, Valid: 0.9396, Test: 0.9457
Run: 01, Epoch: 96, Loss: 0.0001, lr: 0.000040, Train: 0.9986, Valid: 0.9396, Test: 0.9457
Run: 01, Epoch: 97, Loss: 0.0001, lr: 0.000028, Train: 0.9986, Valid: 0.9396, Test: 0.9457
Run: 01, Epoch: 98, Loss: 0.0001, lr: 0.000028, Train: 0.9986, Valid: 0.9397, Test: 0.9456
Run: 01, Epoch: 99, Loss: 0.0001, lr: 0.000028, Train: 0.9986, Valid: 0.9397, Test: 0.9456
Run: 01, Epoch: 100, Loss: 0.0001, lr: 0.000028, Train: 0.9986, Valid: 0.9397, Test: 0.9456
Run 01:
Highest Train: 1.00
Highest Valid: 0.94
  Final Train: 0.99
   Final Test: 0.95
Run: 02, Epoch: 01, Loss: 0.0715, lr: 0.001000, Train: 0.3825, Valid: 0.3900, Test: 0.3678
Run: 02, Epoch: 02, Loss: 0.0071, lr: 0.001000, Train: 0.6216, Valid: 0.6399, Test: 0.6265
Run: 02, Epoch: 03, Loss: 0.0057, lr: 0.001000, Train: 0.7252, Valid: 0.7277, Test: 0.7234
Run: 02, Epoch: 04, Loss: 0.0081, lr: 0.001000, Train: 0.7700, Valid: 0.7533, Test: 0.7546
Run: 02, Epoch: 05, Loss: 0.0091, lr: 0.001000, Train: 0.7927, Valid: 0.7670, Test: 0.7685
Run: 02, Epoch: 06, Loss: 0.0087, lr: 0.001000, Train: 0.8030, Valid: 0.7774, Test: 0.7791
Run: 02, Epoch: 07, Loss: 0.0074, lr: 0.001000, Train: 0.8029, Valid: 0.7801, Test: 0.7863
Run: 02, Epoch: 08, Loss: 0.0058, lr: 0.001000, Train: 0.7948, Valid: 0.7718, Test: 0.7876
Run: 02, Epoch: 09, Loss: 0.0044, lr: 0.001000, Train: 0.7860, Valid: 0.7569, Test: 0.7867
Run: 02, Epoch: 10, Loss: 0.0034, lr: 0.001000, Train: 0.7848, Valid: 0.7459, Test: 0.7887
Run: 02, Epoch: 11, Loss: 0.0028, lr: 0.001000, Train: 0.7943, Valid: 0.7465, Test: 0.7941
Run: 02, Epoch: 12, Loss: 0.0025, lr: 0.001000, Train: 0.8117, Valid: 0.7605, Test: 0.8010
Run: 02, Epoch: 13, Loss: 0.0022, lr: 0.001000, Train: 0.8293, Valid: 0.7810, Test: 0.8072
Run: 02, Epoch: 14, Loss: 0.0021, lr: 0.001000, Train: 0.8430, Valid: 0.7983, Test: 0.8115
Run: 02, Epoch: 15, Loss: 0.0020, lr: 0.001000, Train: 0.8547, Valid: 0.8122, Test: 0.8161
Run: 02, Epoch: 16, Loss: 0.0018, lr: 0.001000, Train: 0.8651, Valid: 0.8243, Test: 0.8225
Run: 02, Epoch: 17, Loss: 0.0016, lr: 0.001000, Train: 0.8747, Valid: 0.8356, Test: 0.8303
Run: 02, Epoch: 18, Loss: 0.0013, lr: 0.001000, Train: 0.8847, Valid: 0.8464, Test: 0.8410
Run: 02, Epoch: 19, Loss: 0.0011, lr: 0.001000, Train: 0.8966, Valid: 0.8577, Test: 0.8539
Run: 02, Epoch: 20, Loss: 0.0010, lr: 0.001000, Train: 0.9103, Valid: 0.8694, Test: 0.8679
Run: 02, Epoch: 21, Loss: 0.0009, lr: 0.001000, Train: 0.9247, Valid: 0.8815, Test: 0.8818
Run: 02, Epoch: 22, Loss: 0.0009, lr: 0.001000, Train: 0.9372, Valid: 0.8923, Test: 0.8933
Run: 02, Epoch: 23, Loss: 0.0008, lr: 0.001000, Train: 0.9468, Valid: 0.9006, Test: 0.9012
Run: 02, Epoch: 24, Loss: 0.0008, lr: 0.001000, Train: 0.9526, Valid: 0.9059, Test: 0.9053
Run: 02, Epoch: 25, Loss: 0.0008, lr: 0.001000, Train: 0.9549, Valid: 0.9080, Test: 0.9059
Run: 02, Epoch: 26, Loss: 0.0007, lr: 0.001000, Train: 0.9539, Valid: 0.9072, Test: 0.9042
Run: 02, Epoch: 27, Loss: 0.0006, lr: 0.001000, Train: 0.9498, Valid: 0.9030, Test: 0.9012
Run: 02, Epoch: 28, Loss: 0.0006, lr: 0.001000, Train: 0.9426, Valid: 0.8944, Test: 0.8948
Run: 02, Epoch: 29, Loss: 0.0005, lr: 0.001000, Train: 0.9345, Valid: 0.8847, Test: 0.8880
Run: 02, Epoch: 30, Loss: 0.0005, lr: 0.001000, Train: 0.9284, Valid: 0.8780, Test: 0.8832
Run: 02, Epoch: 31, Loss: 0.0004, lr: 0.001000, Train: 0.9270, Valid: 0.8764, Test: 0.8819
Run: 02, Epoch: 32, Loss: 0.0004, lr: 0.000700, Train: 0.9332, Valid: 0.8826, Test: 0.8862
Run: 02, Epoch: 33, Loss: 0.0004, lr: 0.000700, Train: 0.9410, Valid: 0.8903, Test: 0.8913
Run: 02, Epoch: 34, Loss: 0.0003, lr: 0.000700, Train: 0.9492, Valid: 0.8978, Test: 0.8962
Run: 02, Epoch: 35, Loss: 0.0003, lr: 0.000700, Train: 0.9566, Valid: 0.9041, Test: 0.9002
Run: 02, Epoch: 36, Loss: 0.0003, lr: 0.000700, Train: 0.9627, Valid: 0.9084, Test: 0.9029
Run: 02, Epoch: 37, Loss: 0.0003, lr: 0.000700, Train: 0.9676, Valid: 0.9111, Test: 0.9047
Run: 02, Epoch: 38, Loss: 0.0003, lr: 0.000700, Train: 0.9713, Valid: 0.9124, Test: 0.9057
Run: 02, Epoch: 39, Loss: 0.0003, lr: 0.000700, Train: 0.9744, Valid: 0.9125, Test: 0.9063
Run: 02, Epoch: 40, Loss: 0.0002, lr: 0.000700, Train: 0.9770, Valid: 0.9119, Test: 0.9066
Run: 02, Epoch: 41, Loss: 0.0002, lr: 0.000700, Train: 0.9796, Valid: 0.9110, Test: 0.9068
Run: 02, Epoch: 42, Loss: 0.0002, lr: 0.000700, Train: 0.9821, Valid: 0.9101, Test: 0.9072
Run: 02, Epoch: 43, Loss: 0.0002, lr: 0.000700, Train: 0.9844, Valid: 0.9097, Test: 0.9078
Run: 02, Epoch: 44, Loss: 0.0002, lr: 0.000700, Train: 0.9863, Valid: 0.9099, Test: 0.9085
Run: 02, Epoch: 45, Loss: 0.0002, lr: 0.000700, Train: 0.9878, Valid: 0.9107, Test: 0.9089
Run: 02, Epoch: 46, Loss: 0.0002, lr: 0.000490, Train: 0.9892, Valid: 0.9123, Test: 0.9089
Run: 02, Epoch: 47, Loss: 0.0002, lr: 0.000490, Train: 0.9895, Valid: 0.9139, Test: 0.9093
Run: 02, Epoch: 48, Loss: 0.0002, lr: 0.000490, Train: 0.9899, Valid: 0.9156, Test: 0.9093
Run: 02, Epoch: 49, Loss: 0.0001, lr: 0.000490, Train: 0.9903, Valid: 0.9174, Test: 0.9092
Run: 02, Epoch: 50, Loss: 0.0001, lr: 0.000490, Train: 0.9907, Valid: 0.9190, Test: 0.9090
Run: 02, Epoch: 51, Loss: 0.0001, lr: 0.000490, Train: 0.9913, Valid: 0.9203, Test: 0.9088
Run: 02, Epoch: 52, Loss: 0.0001, lr: 0.000490, Train: 0.9921, Valid: 0.9212, Test: 0.9087
Run: 02, Epoch: 53, Loss: 0.0001, lr: 0.000490, Train: 0.9930, Valid: 0.9218, Test: 0.9084
Run: 02, Epoch: 54, Loss: 0.0001, lr: 0.000490, Train: 0.9938, Valid: 0.9219, Test: 0.9080
Run: 02, Epoch: 55, Loss: 0.0001, lr: 0.000490, Train: 0.9945, Valid: 0.9216, Test: 0.9073
Run: 02, Epoch: 56, Loss: 0.0001, lr: 0.000490, Train: 0.9951, Valid: 0.9211, Test: 0.9064
Run: 02, Epoch: 57, Loss: 0.0001, lr: 0.000490, Train: 0.9956, Valid: 0.9204, Test: 0.9055
Run: 02, Epoch: 58, Loss: 0.0001, lr: 0.000490, Train: 0.9960, Valid: 0.9197, Test: 0.9045
Run: 02, Epoch: 59, Loss: 0.0001, lr: 0.000490, Train: 0.9962, Valid: 0.9189, Test: 0.9036
Run: 02, Epoch: 60, Loss: 0.0001, lr: 0.000490, Train: 0.9964, Valid: 0.9181, Test: 0.9027
Run: 02, Epoch: 61, Loss: 0.0001, lr: 0.000343, Train: 0.9966, Valid: 0.9175, Test: 0.9021
Run: 02, Epoch: 62, Loss: 0.0001, lr: 0.000343, Train: 0.9968, Valid: 0.9170, Test: 0.9016
Run: 02, Epoch: 63, Loss: 0.0001, lr: 0.000343, Train: 0.9969, Valid: 0.9164, Test: 0.9011
Run: 02, Epoch: 64, Loss: 0.0001, lr: 0.000343, Train: 0.9970, Valid: 0.9158, Test: 0.9008
Run: 02, Epoch: 65, Loss: 0.0001, lr: 0.000343, Train: 0.9971, Valid: 0.9152, Test: 0.9004
Run: 02, Epoch: 66, Loss: 0.0001, lr: 0.000343, Train: 0.9972, Valid: 0.9147, Test: 0.9000
Run: 02, Epoch: 67, Loss: 0.0001, lr: 0.000240, Train: 0.9973, Valid: 0.9142, Test: 0.8997
Run: 02, Epoch: 68, Loss: 0.0001, lr: 0.000240, Train: 0.9974, Valid: 0.9138, Test: 0.8994
Run: 02, Epoch: 69, Loss: 0.0001, lr: 0.000240, Train: 0.9975, Valid: 0.9134, Test: 0.8991
Run: 02, Epoch: 70, Loss: 0.0001, lr: 0.000240, Train: 0.9975, Valid: 0.9131, Test: 0.8988
Run: 02, Epoch: 71, Loss: 0.0001, lr: 0.000240, Train: 0.9976, Valid: 0.9128, Test: 0.8985
Run: 02, Epoch: 72, Loss: 0.0001, lr: 0.000240, Train: 0.9976, Valid: 0.9125, Test: 0.8983
Run: 02, Epoch: 73, Loss: 0.0001, lr: 0.000168, Train: 0.9977, Valid: 0.9122, Test: 0.8980
Run: 02, Epoch: 74, Loss: 0.0001, lr: 0.000168, Train: 0.9978, Valid: 0.9120, Test: 0.8979
Run: 02, Epoch: 75, Loss: 0.0001, lr: 0.000168, Train: 0.9979, Valid: 0.9118, Test: 0.8977
Run: 02, Epoch: 76, Loss: 0.0001, lr: 0.000168, Train: 0.9979, Valid: 0.9116, Test: 0.8975
Run: 02, Epoch: 77, Loss: 0.0001, lr: 0.000168, Train: 0.9980, Valid: 0.9114, Test: 0.8974
Run: 02, Epoch: 78, Loss: 0.0001, lr: 0.000168, Train: 0.9980, Valid: 0.9112, Test: 0.8973
Run: 02, Epoch: 79, Loss: 0.0001, lr: 0.000118, Train: 0.9981, Valid: 0.9111, Test: 0.8971
Run: 02, Epoch: 80, Loss: 0.0001, lr: 0.000118, Train: 0.9981, Valid: 0.9109, Test: 0.8970
Run: 02, Epoch: 81, Loss: 0.0001, lr: 0.000118, Train: 0.9982, Valid: 0.9107, Test: 0.8969
Run: 02, Epoch: 82, Loss: 0.0001, lr: 0.000118, Train: 0.9982, Valid: 0.9106, Test: 0.8968
Run: 02, Epoch: 83, Loss: 0.0001, lr: 0.000118, Train: 0.9982, Valid: 0.9104, Test: 0.8966
Run: 02, Epoch: 84, Loss: 0.0001, lr: 0.000118, Train: 0.9982, Valid: 0.9103, Test: 0.8965
Run: 02, Epoch: 85, Loss: 0.0001, lr: 0.000082, Train: 0.9983, Valid: 0.9102, Test: 0.8964
Run: 02, Epoch: 86, Loss: 0.0001, lr: 0.000082, Train: 0.9983, Valid: 0.9100, Test: 0.8963
Run: 02, Epoch: 87, Loss: 0.0001, lr: 0.000082, Train: 0.9983, Valid: 0.9099, Test: 0.8962
Run: 02, Epoch: 88, Loss: 0.0001, lr: 0.000082, Train: 0.9983, Valid: 0.9098, Test: 0.8961
Run: 02, Epoch: 89, Loss: 0.0001, lr: 0.000082, Train: 0.9983, Valid: 0.9097, Test: 0.8960
Run: 02, Epoch: 90, Loss: 0.0001, lr: 0.000082, Train: 0.9984, Valid: 0.9096, Test: 0.8959
Run: 02, Epoch: 91, Loss: 0.0001, lr: 0.000058, Train: 0.9984, Valid: 0.9094, Test: 0.8958
Run: 02, Epoch: 92, Loss: 0.0001, lr: 0.000058, Train: 0.9984, Valid: 0.9093, Test: 0.8957
Run: 02, Epoch: 93, Loss: 0.0001, lr: 0.000058, Train: 0.9984, Valid: 0.9092, Test: 0.8956
Run: 02, Epoch: 94, Loss: 0.0001, lr: 0.000058, Train: 0.9984, Valid: 0.9091, Test: 0.8956
Run: 02, Epoch: 95, Loss: 0.0001, lr: 0.000058, Train: 0.9984, Valid: 0.9090, Test: 0.8955
Run: 02, Epoch: 96, Loss: 0.0001, lr: 0.000058, Train: 0.9984, Valid: 0.9090, Test: 0.8954
Run: 02, Epoch: 97, Loss: 0.0001, lr: 0.000040, Train: 0.9984, Valid: 0.9089, Test: 0.8954
Run: 02, Epoch: 98, Loss: 0.0001, lr: 0.000040, Train: 0.9984, Valid: 0.9088, Test: 0.8953
Run: 02, Epoch: 99, Loss: 0.0001, lr: 0.000040, Train: 0.9985, Valid: 0.9087, Test: 0.8953
Run: 02, Epoch: 100, Loss: 0.0001, lr: 0.000040, Train: 0.9985, Valid: 0.9086, Test: 0.8952
Run 02:
Highest Train: 1.00
Highest Valid: 0.92
  Final Train: 0.99
   Final Test: 0.91
Run: 03, Epoch: 01, Loss: 0.0656, lr: 0.001000, Train: 0.3627, Valid: -0.4090, Test: 0.4453
Run: 03, Epoch: 02, Loss: 0.0080, lr: 0.001000, Train: 0.6139, Valid: 0.0079, Test: 0.6737
Run: 03, Epoch: 03, Loss: 0.0084, lr: 0.001000, Train: 0.7067, Valid: 0.1805, Test: 0.7691
Run: 03, Epoch: 04, Loss: 0.0093, lr: 0.001000, Train: 0.7501, Valid: 0.2569, Test: 0.8169
Run: 03, Epoch: 05, Loss: 0.0088, lr: 0.001000, Train: 0.7784, Valid: 0.3178, Test: 0.8458
Run: 03, Epoch: 06, Loss: 0.0077, lr: 0.001000, Train: 0.7993, Valid: 0.3726, Test: 0.8633
Run: 03, Epoch: 07, Loss: 0.0065, lr: 0.001000, Train: 0.8132, Valid: 0.4198, Test: 0.8718
Run: 03, Epoch: 08, Loss: 0.0054, lr: 0.001000, Train: 0.8224, Valid: 0.4597, Test: 0.8752
Run: 03, Epoch: 09, Loss: 0.0045, lr: 0.001000, Train: 0.8300, Valid: 0.4890, Test: 0.8780
Run: 03, Epoch: 10, Loss: 0.0038, lr: 0.001000, Train: 0.8375, Valid: 0.5099, Test: 0.8817
Run: 03, Epoch: 11, Loss: 0.0032, lr: 0.001000, Train: 0.8446, Valid: 0.5287, Test: 0.8870
Run: 03, Epoch: 12, Loss: 0.0026, lr: 0.001000, Train: 0.8512, Valid: 0.5457, Test: 0.8930
Run: 03, Epoch: 13, Loss: 0.0021, lr: 0.001000, Train: 0.8587, Valid: 0.5664, Test: 0.8993
Run: 03, Epoch: 14, Loss: 0.0018, lr: 0.001000, Train: 0.8694, Valid: 0.5962, Test: 0.9077
Run: 03, Epoch: 15, Loss: 0.0017, lr: 0.001000, Train: 0.8848, Valid: 0.6375, Test: 0.9182
Run: 03, Epoch: 16, Loss: 0.0016, lr: 0.001000, Train: 0.9040, Valid: 0.6868, Test: 0.9294
Run: 03, Epoch: 17, Loss: 0.0015, lr: 0.001000, Train: 0.9247, Valid: 0.7376, Test: 0.9401
Run: 03, Epoch: 18, Loss: 0.0014, lr: 0.001000, Train: 0.9429, Valid: 0.7735, Test: 0.9485
Run: 03, Epoch: 19, Loss: 0.0014, lr: 0.001000, Train: 0.9568, Valid: 0.7979, Test: 0.9542
Run: 03, Epoch: 20, Loss: 0.0012, lr: 0.001000, Train: 0.9665, Valid: 0.8146, Test: 0.9578
Run: 03, Epoch: 21, Loss: 0.0011, lr: 0.001000, Train: 0.9722, Valid: 0.8243, Test: 0.9596
Run: 03, Epoch: 22, Loss: 0.0010, lr: 0.001000, Train: 0.9749, Valid: 0.8283, Test: 0.9602
Run: 03, Epoch: 23, Loss: 0.0009, lr: 0.001000, Train: 0.9761, Valid: 0.8297, Test: 0.9599
Run: 03, Epoch: 24, Loss: 0.0009, lr: 0.001000, Train: 0.9766, Valid: 0.8322, Test: 0.9597
Run: 03, Epoch: 25, Loss: 0.0008, lr: 0.001000, Train: 0.9773, Valid: 0.8367, Test: 0.9600
Run: 03, Epoch: 26, Loss: 0.0007, lr: 0.001000, Train: 0.9778, Valid: 0.8414, Test: 0.9602
Run: 03, Epoch: 27, Loss: 0.0007, lr: 0.001000, Train: 0.9778, Valid: 0.8444, Test: 0.9591
Run: 03, Epoch: 28, Loss: 0.0006, lr: 0.001000, Train: 0.9771, Valid: 0.8436, Test: 0.9566
Run: 03, Epoch: 29, Loss: 0.0005, lr: 0.001000, Train: 0.9763, Valid: 0.8408, Test: 0.9534
Run: 03, Epoch: 30, Loss: 0.0005, lr: 0.001000, Train: 0.9755, Valid: 0.8376, Test: 0.9510
Run: 03, Epoch: 31, Loss: 0.0005, lr: 0.001000, Train: 0.9757, Valid: 0.8375, Test: 0.9499
Run: 03, Epoch: 32, Loss: 0.0004, lr: 0.001000, Train: 0.9774, Valid: 0.8409, Test: 0.9500
Run: 03, Epoch: 33, Loss: 0.0004, lr: 0.001000, Train: 0.9807, Valid: 0.8474, Test: 0.9512
Run: 03, Epoch: 34, Loss: 0.0004, lr: 0.001000, Train: 0.9848, Valid: 0.8542, Test: 0.9523
Run: 03, Epoch: 35, Loss: 0.0004, lr: 0.001000, Train: 0.9882, Valid: 0.8592, Test: 0.9526
Run: 03, Epoch: 36, Loss: 0.0003, lr: 0.001000, Train: 0.9899, Valid: 0.8602, Test: 0.9515
Run: 03, Epoch: 37, Loss: 0.0003, lr: 0.001000, Train: 0.9900, Valid: 0.8577, Test: 0.9495
Run: 03, Epoch: 38, Loss: 0.0003, lr: 0.001000, Train: 0.9894, Valid: 0.8546, Test: 0.9475
Run: 03, Epoch: 39, Loss: 0.0003, lr: 0.001000, Train: 0.9890, Valid: 0.8538, Test: 0.9465
Run: 03, Epoch: 40, Loss: 0.0003, lr: 0.001000, Train: 0.9892, Valid: 0.8560, Test: 0.9468
Run: 03, Epoch: 41, Loss: 0.0002, lr: 0.001000, Train: 0.9901, Valid: 0.8600, Test: 0.9475
Run: 03, Epoch: 42, Loss: 0.0002, lr: 0.001000, Train: 0.9911, Valid: 0.8652, Test: 0.9481
Run: 03, Epoch: 43, Loss: 0.0002, lr: 0.001000, Train: 0.9919, Valid: 0.8700, Test: 0.9485
Run: 03, Epoch: 44, Loss: 0.0002, lr: 0.001000, Train: 0.9924, Valid: 0.8742, Test: 0.9485
Run: 03, Epoch: 45, Loss: 0.0002, lr: 0.001000, Train: 0.9928, Valid: 0.8773, Test: 0.9484
Run: 03, Epoch: 46, Loss: 0.0002, lr: 0.001000, Train: 0.9933, Valid: 0.8795, Test: 0.9484
Run: 03, Epoch: 47, Loss: 0.0002, lr: 0.001000, Train: 0.9935, Valid: 0.8811, Test: 0.9486
Run: 03, Epoch: 48, Loss: 0.0002, lr: 0.001000, Train: 0.9930, Valid: 0.8813, Test: 0.9485
Run: 03, Epoch: 49, Loss: 0.0002, lr: 0.001000, Train: 0.9916, Valid: 0.8793, Test: 0.9482
Run: 03, Epoch: 50, Loss: 0.0001, lr: 0.001000, Train: 0.9897, Valid: 0.8757, Test: 0.9478
Run: 03, Epoch: 51, Loss: 0.0001, lr: 0.001000, Train: 0.9883, Valid: 0.8728, Test: 0.9479
Run: 03, Epoch: 52, Loss: 0.0001, lr: 0.001000, Train: 0.9878, Valid: 0.8709, Test: 0.9485
Run: 03, Epoch: 53, Loss: 0.0001, lr: 0.001000, Train: 0.9880, Valid: 0.8704, Test: 0.9495
Run: 03, Epoch: 54, Loss: 0.0001, lr: 0.001000, Train: 0.9885, Valid: 0.8709, Test: 0.9505
Run: 03, Epoch: 55, Loss: 0.0001, lr: 0.000700, Train: 0.9892, Valid: 0.8722, Test: 0.9515
Run: 03, Epoch: 56, Loss: 0.0001, lr: 0.000700, Train: 0.9898, Valid: 0.8733, Test: 0.9522
Run: 03, Epoch: 57, Loss: 0.0001, lr: 0.000700, Train: 0.9902, Valid: 0.8740, Test: 0.9529
Run: 03, Epoch: 58, Loss: 0.0001, lr: 0.000700, Train: 0.9906, Valid: 0.8742, Test: 0.9535
Run: 03, Epoch: 59, Loss: 0.0001, lr: 0.000700, Train: 0.9910, Valid: 0.8739, Test: 0.9540
Run: 03, Epoch: 60, Loss: 0.0001, lr: 0.000700, Train: 0.9913, Valid: 0.8732, Test: 0.9544
Run: 03, Epoch: 61, Loss: 0.0001, lr: 0.000490, Train: 0.9920, Valid: 0.8733, Test: 0.9550
Run: 03, Epoch: 62, Loss: 0.0001, lr: 0.000490, Train: 0.9926, Valid: 0.8734, Test: 0.9555
Run: 03, Epoch: 63, Loss: 0.0001, lr: 0.000490, Train: 0.9933, Valid: 0.8738, Test: 0.9560
Run: 03, Epoch: 64, Loss: 0.0001, lr: 0.000490, Train: 0.9941, Valid: 0.8745, Test: 0.9566
Run: 03, Epoch: 65, Loss: 0.0001, lr: 0.000490, Train: 0.9950, Valid: 0.8752, Test: 0.9572
Run: 03, Epoch: 66, Loss: 0.0001, lr: 0.000490, Train: 0.9959, Valid: 0.8760, Test: 0.9577
Run: 03, Epoch: 67, Loss: 0.0001, lr: 0.000343, Train: 0.9966, Valid: 0.8763, Test: 0.9581
Run: 03, Epoch: 68, Loss: 0.0001, lr: 0.000343, Train: 0.9972, Valid: 0.8765, Test: 0.9584
Run: 03, Epoch: 69, Loss: 0.0001, lr: 0.000343, Train: 0.9977, Valid: 0.8765, Test: 0.9586
Run: 03, Epoch: 70, Loss: 0.0001, lr: 0.000343, Train: 0.9980, Valid: 0.8763, Test: 0.9588
Run: 03, Epoch: 71, Loss: 0.0001, lr: 0.000343, Train: 0.9982, Valid: 0.8761, Test: 0.9588
Run: 03, Epoch: 72, Loss: 0.0001, lr: 0.000343, Train: 0.9984, Valid: 0.8758, Test: 0.9589
Run: 03, Epoch: 73, Loss: 0.0001, lr: 0.000240, Train: 0.9985, Valid: 0.8756, Test: 0.9590
Run: 03, Epoch: 74, Loss: 0.0000, lr: 0.000240, Train: 0.9985, Valid: 0.8754, Test: 0.9590
Run: 03, Epoch: 75, Loss: 0.0000, lr: 0.000240, Train: 0.9986, Valid: 0.8752, Test: 0.9591
Run: 03, Epoch: 76, Loss: 0.0000, lr: 0.000240, Train: 0.9987, Valid: 0.8750, Test: 0.9591
Run: 03, Epoch: 77, Loss: 0.0000, lr: 0.000240, Train: 0.9987, Valid: 0.8748, Test: 0.9592
Run: 03, Epoch: 78, Loss: 0.0000, lr: 0.000240, Train: 0.9988, Valid: 0.8745, Test: 0.9592
Run: 03, Epoch: 79, Loss: 0.0000, lr: 0.000168, Train: 0.9988, Valid: 0.8743, Test: 0.9593
Run: 03, Epoch: 80, Loss: 0.0000, lr: 0.000168, Train: 0.9989, Valid: 0.8741, Test: 0.9593
Run: 03, Epoch: 81, Loss: 0.0000, lr: 0.000168, Train: 0.9989, Valid: 0.8739, Test: 0.9593
Run: 03, Epoch: 82, Loss: 0.0000, lr: 0.000168, Train: 0.9989, Valid: 0.8736, Test: 0.9593
Run: 03, Epoch: 83, Loss: 0.0000, lr: 0.000168, Train: 0.9989, Valid: 0.8734, Test: 0.9592
Run: 03, Epoch: 84, Loss: 0.0000, lr: 0.000168, Train: 0.9990, Valid: 0.8732, Test: 0.9592
Run: 03, Epoch: 85, Loss: 0.0000, lr: 0.000118, Train: 0.9990, Valid: 0.8731, Test: 0.9592
Run: 03, Epoch: 86, Loss: 0.0000, lr: 0.000118, Train: 0.9990, Valid: 0.8730, Test: 0.9591
Run: 03, Epoch: 87, Loss: 0.0000, lr: 0.000118, Train: 0.9990, Valid: 0.8729, Test: 0.9591
Run: 03, Epoch: 88, Loss: 0.0000, lr: 0.000118, Train: 0.9990, Valid: 0.8729, Test: 0.9591
Run: 03, Epoch: 89, Loss: 0.0000, lr: 0.000118, Train: 0.9990, Valid: 0.8728, Test: 0.9591
Run: 03, Epoch: 90, Loss: 0.0000, lr: 0.000118, Train: 0.9990, Valid: 0.8728, Test: 0.9591
Run: 03, Epoch: 91, Loss: 0.0000, lr: 0.000082, Train: 0.9990, Valid: 0.8728, Test: 0.9591
Run: 03, Epoch: 92, Loss: 0.0000, lr: 0.000082, Train: 0.9990, Valid: 0.8729, Test: 0.9591
Run: 03, Epoch: 93, Loss: 0.0000, lr: 0.000082, Train: 0.9990, Valid: 0.8729, Test: 0.9591
Run: 03, Epoch: 94, Loss: 0.0000, lr: 0.000082, Train: 0.9990, Valid: 0.8729, Test: 0.9591
Run: 03, Epoch: 95, Loss: 0.0000, lr: 0.000082, Train: 0.9990, Valid: 0.8729, Test: 0.9591
Run: 03, Epoch: 96, Loss: 0.0000, lr: 0.000082, Train: 0.9990, Valid: 0.8729, Test: 0.9591
Run: 03, Epoch: 97, Loss: 0.0000, lr: 0.000058, Train: 0.9991, Valid: 0.8730, Test: 0.9591
Run: 03, Epoch: 98, Loss: 0.0000, lr: 0.000058, Train: 0.9991, Valid: 0.8731, Test: 0.9591
Run: 03, Epoch: 99, Loss: 0.0000, lr: 0.000058, Train: 0.9991, Valid: 0.8731, Test: 0.9591
Run: 03, Epoch: 100, Loss: 0.0000, lr: 0.000058, Train: 0.9991, Valid: 0.8732, Test: 0.9591
Run 03:
Highest Train: 1.00
Highest Valid: 0.88
  Final Train: 0.99
   Final Test: 0.95
Run: 04, Epoch: 01, Loss: 0.0400, lr: 0.001000, Train: 0.3968, Valid: 0.1008, Test: 0.4178
Run: 04, Epoch: 02, Loss: 0.0057, lr: 0.001000, Train: 0.5669, Valid: 0.3230, Test: 0.6041
Run: 04, Epoch: 03, Loss: 0.0068, lr: 0.001000, Train: 0.6168, Valid: 0.3994, Test: 0.6694
Run: 04, Epoch: 04, Loss: 0.0071, lr: 0.001000, Train: 0.6389, Valid: 0.4203, Test: 0.7037
Run: 04, Epoch: 05, Loss: 0.0065, lr: 0.001000, Train: 0.6647, Valid: 0.4530, Test: 0.7371
Run: 04, Epoch: 06, Loss: 0.0056, lr: 0.001000, Train: 0.7028, Valid: 0.5179, Test: 0.7711
Run: 04, Epoch: 07, Loss: 0.0045, lr: 0.001000, Train: 0.7437, Valid: 0.5943, Test: 0.8024
Run: 04, Epoch: 08, Loss: 0.0034, lr: 0.001000, Train: 0.7797, Valid: 0.6686, Test: 0.8308
Run: 04, Epoch: 09, Loss: 0.0025, lr: 0.001000, Train: 0.8098, Valid: 0.7276, Test: 0.8543
Run: 04, Epoch: 10, Loss: 0.0019, lr: 0.001000, Train: 0.8352, Valid: 0.7706, Test: 0.8744
Run: 04, Epoch: 11, Loss: 0.0016, lr: 0.001000, Train: 0.8590, Valid: 0.8055, Test: 0.8917
Run: 04, Epoch: 12, Loss: 0.0016, lr: 0.001000, Train: 0.8792, Valid: 0.8326, Test: 0.9047
Run: 04, Epoch: 13, Loss: 0.0017, lr: 0.001000, Train: 0.8941, Valid: 0.8534, Test: 0.9112
Run: 04, Epoch: 14, Loss: 0.0017, lr: 0.001000, Train: 0.9002, Valid: 0.8617, Test: 0.9090
Run: 04, Epoch: 15, Loss: 0.0015, lr: 0.001000, Train: 0.8971, Valid: 0.8572, Test: 0.9002
Run: 04, Epoch: 16, Loss: 0.0014, lr: 0.001000, Train: 0.8842, Valid: 0.8387, Test: 0.8860
Run: 04, Epoch: 17, Loss: 0.0012, lr: 0.001000, Train: 0.8610, Valid: 0.8074, Test: 0.8663
Run: 04, Epoch: 18, Loss: 0.0011, lr: 0.001000, Train: 0.8287, Valid: 0.7632, Test: 0.8420
Run: 04, Epoch: 19, Loss: 0.0010, lr: 0.001000, Train: 0.7920, Valid: 0.7092, Test: 0.8160
Run: 04, Epoch: 20, Loss: 0.0009, lr: 0.001000, Train: 0.7609, Valid: 0.6581, Test: 0.7951
Run: 04, Epoch: 21, Loss: 0.0008, lr: 0.000700, Train: 0.7634, Valid: 0.6522, Test: 0.7987
Run: 04, Epoch: 22, Loss: 0.0008, lr: 0.000700, Train: 0.7775, Valid: 0.6615, Test: 0.8100
Run: 04, Epoch: 23, Loss: 0.0007, lr: 0.000700, Train: 0.8008, Valid: 0.6851, Test: 0.8275
Run: 04, Epoch: 24, Loss: 0.0007, lr: 0.000700, Train: 0.8278, Valid: 0.7164, Test: 0.8477
Run: 04, Epoch: 25, Loss: 0.0007, lr: 0.000700, Train: 0.8549, Valid: 0.7501, Test: 0.8681
Run: 04, Epoch: 26, Loss: 0.0006, lr: 0.000700, Train: 0.8791, Valid: 0.7813, Test: 0.8862
Run: 04, Epoch: 27, Loss: 0.0006, lr: 0.000490, Train: 0.8994, Valid: 0.8100, Test: 0.9012
Run: 04, Epoch: 28, Loss: 0.0006, lr: 0.000490, Train: 0.9159, Valid: 0.8342, Test: 0.9132
Run: 04, Epoch: 29, Loss: 0.0006, lr: 0.000490, Train: 0.9299, Valid: 0.8555, Test: 0.9230
Run: 04, Epoch: 30, Loss: 0.0005, lr: 0.000490, Train: 0.9420, Valid: 0.8750, Test: 0.9315
Run: 04, Epoch: 31, Loss: 0.0005, lr: 0.000490, Train: 0.9529, Valid: 0.8935, Test: 0.9391
Run: 04, Epoch: 32, Loss: 0.0005, lr: 0.000490, Train: 0.9627, Valid: 0.9112, Test: 0.9461
Run: 04, Epoch: 33, Loss: 0.0005, lr: 0.000490, Train: 0.9713, Valid: 0.9273, Test: 0.9524
Run: 04, Epoch: 34, Loss: 0.0005, lr: 0.000490, Train: 0.9784, Valid: 0.9409, Test: 0.9579
Run: 04, Epoch: 35, Loss: 0.0004, lr: 0.000490, Train: 0.9838, Valid: 0.9514, Test: 0.9622
Run: 04, Epoch: 36, Loss: 0.0004, lr: 0.000490, Train: 0.9876, Valid: 0.9592, Test: 0.9653
Run: 04, Epoch: 37, Loss: 0.0004, lr: 0.000490, Train: 0.9897, Valid: 0.9628, Test: 0.9675
Run: 04, Epoch: 38, Loss: 0.0004, lr: 0.000490, Train: 0.9907, Valid: 0.9637, Test: 0.9689
Run: 04, Epoch: 39, Loss: 0.0004, lr: 0.000490, Train: 0.9909, Valid: 0.9630, Test: 0.9698
Run: 04, Epoch: 40, Loss: 0.0004, lr: 0.000490, Train: 0.9906, Valid: 0.9620, Test: 0.9700
Run: 04, Epoch: 41, Loss: 0.0003, lr: 0.000490, Train: 0.9899, Valid: 0.9609, Test: 0.9699
Run: 04, Epoch: 42, Loss: 0.0003, lr: 0.000490, Train: 0.9888, Valid: 0.9597, Test: 0.9694
Run: 04, Epoch: 43, Loss: 0.0003, lr: 0.000490, Train: 0.9875, Valid: 0.9586, Test: 0.9687
Run: 04, Epoch: 44, Loss: 0.0003, lr: 0.000490, Train: 0.9861, Valid: 0.9576, Test: 0.9680
Run: 04, Epoch: 45, Loss: 0.0003, lr: 0.000343, Train: 0.9858, Valid: 0.9576, Test: 0.9678
Run: 04, Epoch: 46, Loss: 0.0003, lr: 0.000343, Train: 0.9861, Valid: 0.9581, Test: 0.9680
Run: 04, Epoch: 47, Loss: 0.0003, lr: 0.000343, Train: 0.9868, Valid: 0.9590, Test: 0.9685
Run: 04, Epoch: 48, Loss: 0.0003, lr: 0.000343, Train: 0.9880, Valid: 0.9602, Test: 0.9692
Run: 04, Epoch: 49, Loss: 0.0003, lr: 0.000343, Train: 0.9894, Valid: 0.9614, Test: 0.9699
Run: 04, Epoch: 50, Loss: 0.0003, lr: 0.000343, Train: 0.9908, Valid: 0.9624, Test: 0.9705
Run: 04, Epoch: 51, Loss: 0.0003, lr: 0.000240, Train: 0.9917, Valid: 0.9631, Test: 0.9708
Run: 04, Epoch: 52, Loss: 0.0003, lr: 0.000240, Train: 0.9925, Valid: 0.9634, Test: 0.9710
Run: 04, Epoch: 53, Loss: 0.0003, lr: 0.000240, Train: 0.9931, Valid: 0.9636, Test: 0.9711
Run: 04, Epoch: 54, Loss: 0.0003, lr: 0.000240, Train: 0.9935, Valid: 0.9637, Test: 0.9711
Run: 04, Epoch: 55, Loss: 0.0003, lr: 0.000240, Train: 0.9938, Valid: 0.9638, Test: 0.9711
Run: 04, Epoch: 56, Loss: 0.0003, lr: 0.000240, Train: 0.9940, Valid: 0.9639, Test: 0.9712
Run: 04, Epoch: 57, Loss: 0.0002, lr: 0.000240, Train: 0.9941, Valid: 0.9640, Test: 0.9713
Run: 04, Epoch: 58, Loss: 0.0002, lr: 0.000240, Train: 0.9942, Valid: 0.9642, Test: 0.9714
Run: 04, Epoch: 59, Loss: 0.0002, lr: 0.000240, Train: 0.9944, Valid: 0.9644, Test: 0.9715
Run: 04, Epoch: 60, Loss: 0.0002, lr: 0.000240, Train: 0.9944, Valid: 0.9645, Test: 0.9716
Run: 04, Epoch: 61, Loss: 0.0002, lr: 0.000240, Train: 0.9945, Valid: 0.9647, Test: 0.9717
Run: 04, Epoch: 62, Loss: 0.0002, lr: 0.000240, Train: 0.9946, Valid: 0.9648, Test: 0.9718
Run: 04, Epoch: 63, Loss: 0.0002, lr: 0.000240, Train: 0.9947, Valid: 0.9650, Test: 0.9719
Run: 04, Epoch: 64, Loss: 0.0002, lr: 0.000240, Train: 0.9947, Valid: 0.9653, Test: 0.9720
Run: 04, Epoch: 65, Loss: 0.0002, lr: 0.000240, Train: 0.9948, Valid: 0.9655, Test: 0.9720
Run: 04, Epoch: 66, Loss: 0.0002, lr: 0.000240, Train: 0.9948, Valid: 0.9657, Test: 0.9721
Run: 04, Epoch: 67, Loss: 0.0002, lr: 0.000240, Train: 0.9949, Valid: 0.9659, Test: 0.9722
Run: 04, Epoch: 68, Loss: 0.0002, lr: 0.000240, Train: 0.9949, Valid: 0.9662, Test: 0.9723
Run: 04, Epoch: 69, Loss: 0.0002, lr: 0.000240, Train: 0.9950, Valid: 0.9663, Test: 0.9724
Run: 04, Epoch: 70, Loss: 0.0002, lr: 0.000240, Train: 0.9950, Valid: 0.9665, Test: 0.9725
Run: 04, Epoch: 71, Loss: 0.0002, lr: 0.000240, Train: 0.9951, Valid: 0.9667, Test: 0.9725
Run: 04, Epoch: 72, Loss: 0.0002, lr: 0.000240, Train: 0.9952, Valid: 0.9669, Test: 0.9726
Run: 04, Epoch: 73, Loss: 0.0002, lr: 0.000240, Train: 0.9952, Valid: 0.9669, Test: 0.9726
Run: 04, Epoch: 74, Loss: 0.0002, lr: 0.000240, Train: 0.9953, Valid: 0.9670, Test: 0.9727
Run: 04, Epoch: 75, Loss: 0.0002, lr: 0.000240, Train: 0.9953, Valid: 0.9670, Test: 0.9727
Run: 04, Epoch: 76, Loss: 0.0002, lr: 0.000240, Train: 0.9953, Valid: 0.9671, Test: 0.9728
Run: 04, Epoch: 77, Loss: 0.0002, lr: 0.000240, Train: 0.9954, Valid: 0.9671, Test: 0.9728
Run: 04, Epoch: 78, Loss: 0.0002, lr: 0.000240, Train: 0.9954, Valid: 0.9672, Test: 0.9728
Run: 04, Epoch: 79, Loss: 0.0002, lr: 0.000240, Train: 0.9954, Valid: 0.9673, Test: 0.9729
Run: 04, Epoch: 80, Loss: 0.0002, lr: 0.000240, Train: 0.9955, Valid: 0.9673, Test: 0.9729
Run: 04, Epoch: 81, Loss: 0.0002, lr: 0.000240, Train: 0.9955, Valid: 0.9673, Test: 0.9729
Run: 04, Epoch: 82, Loss: 0.0002, lr: 0.000240, Train: 0.9956, Valid: 0.9673, Test: 0.9730
Run: 04, Epoch: 83, Loss: 0.0002, lr: 0.000240, Train: 0.9956, Valid: 0.9674, Test: 0.9730
Run: 04, Epoch: 84, Loss: 0.0002, lr: 0.000240, Train: 0.9957, Valid: 0.9674, Test: 0.9730
Run: 04, Epoch: 85, Loss: 0.0002, lr: 0.000240, Train: 0.9957, Valid: 0.9675, Test: 0.9731
Run: 04, Epoch: 86, Loss: 0.0002, lr: 0.000240, Train: 0.9958, Valid: 0.9675, Test: 0.9731
Run: 04, Epoch: 87, Loss: 0.0002, lr: 0.000240, Train: 0.9958, Valid: 0.9676, Test: 0.9732
Run: 04, Epoch: 88, Loss: 0.0002, lr: 0.000240, Train: 0.9959, Valid: 0.9676, Test: 0.9732
Run: 04, Epoch: 89, Loss: 0.0002, lr: 0.000240, Train: 0.9960, Valid: 0.9677, Test: 0.9732
Run: 04, Epoch: 90, Loss: 0.0002, lr: 0.000240, Train: 0.9960, Valid: 0.9678, Test: 0.9732
Run: 04, Epoch: 91, Loss: 0.0002, lr: 0.000240, Train: 0.9961, Valid: 0.9678, Test: 0.9732
Run: 04, Epoch: 92, Loss: 0.0002, lr: 0.000240, Train: 0.9962, Valid: 0.9678, Test: 0.9732
Run: 04, Epoch: 93, Loss: 0.0002, lr: 0.000240, Train: 0.9962, Valid: 0.9678, Test: 0.9732
Run: 04, Epoch: 94, Loss: 0.0002, lr: 0.000240, Train: 0.9963, Valid: 0.9678, Test: 0.9731
Run: 04, Epoch: 95, Loss: 0.0002, lr: 0.000240, Train: 0.9963, Valid: 0.9678, Test: 0.9731
Run: 04, Epoch: 96, Loss: 0.0002, lr: 0.000240, Train: 0.9964, Valid: 0.9679, Test: 0.9731
Run: 04, Epoch: 97, Loss: 0.0002, lr: 0.000240, Train: 0.9964, Valid: 0.9679, Test: 0.9731
Run: 04, Epoch: 98, Loss: 0.0002, lr: 0.000240, Train: 0.9965, Valid: 0.9679, Test: 0.9731
Run: 04, Epoch: 99, Loss: 0.0001, lr: 0.000240, Train: 0.9965, Valid: 0.9679, Test: 0.9731
Run: 04, Epoch: 100, Loss: 0.0001, lr: 0.000240, Train: 0.9965, Valid: 0.9679, Test: 0.9731
Run 04:
Highest Train: 1.00
Highest Valid: 0.97
  Final Train: 1.00
   Final Test: 0.97
Run: 05, Epoch: 01, Loss: 0.0386, lr: 0.001000, Train: 0.5682, Valid: 0.3902, Test: 0.3989
Run: 05, Epoch: 02, Loss: 0.0066, lr: 0.001000, Train: 0.7036, Valid: 0.5103, Test: 0.5452
Run: 05, Epoch: 03, Loss: 0.0089, lr: 0.001000, Train: 0.7621, Valid: 0.5918, Test: 0.6167
Run: 05, Epoch: 04, Loss: 0.0088, lr: 0.001000, Train: 0.7973, Valid: 0.6626, Test: 0.6565
Run: 05, Epoch: 05, Loss: 0.0080, lr: 0.001000, Train: 0.8175, Valid: 0.7083, Test: 0.6793
Run: 05, Epoch: 06, Loss: 0.0071, lr: 0.001000, Train: 0.8269, Valid: 0.7289, Test: 0.6886
Run: 05, Epoch: 07, Loss: 0.0061, lr: 0.001000, Train: 0.8290, Valid: 0.7339, Test: 0.6860
Run: 05, Epoch: 08, Loss: 0.0050, lr: 0.001000, Train: 0.8258, Valid: 0.7319, Test: 0.6675
Run: 05, Epoch: 09, Loss: 0.0041, lr: 0.001000, Train: 0.8201, Valid: 0.7274, Test: 0.6387
Run: 05, Epoch: 10, Loss: 0.0034, lr: 0.001000, Train: 0.8156, Valid: 0.7216, Test: 0.6108
Run: 05, Epoch: 11, Loss: 0.0028, lr: 0.001000, Train: 0.8166, Valid: 0.7157, Test: 0.5986
Run: 05, Epoch: 12, Loss: 0.0023, lr: 0.001000, Train: 0.8246, Valid: 0.7095, Test: 0.6095
Run: 05, Epoch: 13, Loss: 0.0020, lr: 0.001000, Train: 0.8370, Valid: 0.7061, Test: 0.6373
Run: 05, Epoch: 14, Loss: 0.0018, lr: 0.000700, Train: 0.8539, Valid: 0.7203, Test: 0.6726
Run: 05, Epoch: 15, Loss: 0.0017, lr: 0.000700, Train: 0.8728, Valid: 0.7418, Test: 0.7096
Run: 05, Epoch: 16, Loss: 0.0016, lr: 0.000700, Train: 0.8926, Valid: 0.7695, Test: 0.7466
Run: 05, Epoch: 17, Loss: 0.0015, lr: 0.000700, Train: 0.9120, Valid: 0.8022, Test: 0.7807
Run: 05, Epoch: 18, Loss: 0.0014, lr: 0.000700, Train: 0.9297, Valid: 0.8361, Test: 0.8112
Run: 05, Epoch: 19, Loss: 0.0013, lr: 0.000700, Train: 0.9441, Valid: 0.8650, Test: 0.8359
Run: 05, Epoch: 20, Loss: 0.0012, lr: 0.000700, Train: 0.9550, Valid: 0.8857, Test: 0.8541
Run: 05, Epoch: 21, Loss: 0.0011, lr: 0.000700, Train: 0.9631, Valid: 0.8984, Test: 0.8659
Run: 05, Epoch: 22, Loss: 0.0011, lr: 0.000700, Train: 0.9689, Valid: 0.9041, Test: 0.8734
Run: 05, Epoch: 23, Loss: 0.0010, lr: 0.000700, Train: 0.9725, Valid: 0.9043, Test: 0.8785
Run: 05, Epoch: 24, Loss: 0.0009, lr: 0.000700, Train: 0.9744, Valid: 0.9004, Test: 0.8812
Run: 05, Epoch: 25, Loss: 0.0008, lr: 0.000700, Train: 0.9749, Valid: 0.8953, Test: 0.8801
Run: 05, Epoch: 26, Loss: 0.0007, lr: 0.000700, Train: 0.9738, Valid: 0.8887, Test: 0.8746
Run: 05, Epoch: 27, Loss: 0.0007, lr: 0.000700, Train: 0.9717, Valid: 0.8815, Test: 0.8661
Run: 05, Epoch: 28, Loss: 0.0006, lr: 0.000700, Train: 0.9694, Valid: 0.8754, Test: 0.8573
Run: 05, Epoch: 29, Loss: 0.0006, lr: 0.000700, Train: 0.9676, Valid: 0.8719, Test: 0.8506
Run: 05, Epoch: 30, Loss: 0.0006, lr: 0.000490, Train: 0.9686, Valid: 0.8735, Test: 0.8513
Run: 05, Epoch: 31, Loss: 0.0005, lr: 0.000490, Train: 0.9703, Valid: 0.8765, Test: 0.8540
Run: 05, Epoch: 32, Loss: 0.0005, lr: 0.000490, Train: 0.9728, Valid: 0.8811, Test: 0.8585
Run: 05, Epoch: 33, Loss: 0.0005, lr: 0.000490, Train: 0.9756, Valid: 0.8869, Test: 0.8644
Run: 05, Epoch: 34, Loss: 0.0004, lr: 0.000490, Train: 0.9783, Valid: 0.8930, Test: 0.8708
Run: 05, Epoch: 35, Loss: 0.0004, lr: 0.000490, Train: 0.9806, Valid: 0.8983, Test: 0.8770
Run: 05, Epoch: 36, Loss: 0.0004, lr: 0.000343, Train: 0.9825, Valid: 0.9026, Test: 0.8825
Run: 05, Epoch: 37, Loss: 0.0004, lr: 0.000343, Train: 0.9842, Valid: 0.9061, Test: 0.8868
Run: 05, Epoch: 38, Loss: 0.0004, lr: 0.000343, Train: 0.9855, Valid: 0.9089, Test: 0.8904
Run: 05, Epoch: 39, Loss: 0.0003, lr: 0.000343, Train: 0.9868, Valid: 0.9111, Test: 0.8934
Run: 05, Epoch: 40, Loss: 0.0003, lr: 0.000343, Train: 0.9879, Valid: 0.9130, Test: 0.8960
Run: 05, Epoch: 41, Loss: 0.0003, lr: 0.000343, Train: 0.9890, Valid: 0.9145, Test: 0.8982
Run: 05, Epoch: 42, Loss: 0.0003, lr: 0.000343, Train: 0.9900, Valid: 0.9152, Test: 0.9001
Run: 05, Epoch: 43, Loss: 0.0003, lr: 0.000343, Train: 0.9909, Valid: 0.9153, Test: 0.9016
Run: 05, Epoch: 44, Loss: 0.0003, lr: 0.000343, Train: 0.9916, Valid: 0.9150, Test: 0.9031
Run: 05, Epoch: 45, Loss: 0.0003, lr: 0.000343, Train: 0.9923, Valid: 0.9145, Test: 0.9048
Run: 05, Epoch: 46, Loss: 0.0003, lr: 0.000343, Train: 0.9929, Valid: 0.9137, Test: 0.9064
Run: 05, Epoch: 47, Loss: 0.0003, lr: 0.000343, Train: 0.9935, Valid: 0.9127, Test: 0.9080
Run: 05, Epoch: 48, Loss: 0.0003, lr: 0.000343, Train: 0.9939, Valid: 0.9115, Test: 0.9092
Run: 05, Epoch: 49, Loss: 0.0002, lr: 0.000343, Train: 0.9943, Valid: 0.9104, Test: 0.9102
Run: 05, Epoch: 50, Loss: 0.0002, lr: 0.000240, Train: 0.9945, Valid: 0.9095, Test: 0.9108
Run: 05, Epoch: 51, Loss: 0.0002, lr: 0.000240, Train: 0.9947, Valid: 0.9088, Test: 0.9113
Run: 05, Epoch: 52, Loss: 0.0002, lr: 0.000240, Train: 0.9949, Valid: 0.9084, Test: 0.9116
Run: 05, Epoch: 53, Loss: 0.0002, lr: 0.000240, Train: 0.9950, Valid: 0.9082, Test: 0.9116
Run: 05, Epoch: 54, Loss: 0.0002, lr: 0.000240, Train: 0.9951, Valid: 0.9083, Test: 0.9115
Run: 05, Epoch: 55, Loss: 0.0002, lr: 0.000240, Train: 0.9952, Valid: 0.9086, Test: 0.9112
Run: 05, Epoch: 56, Loss: 0.0002, lr: 0.000168, Train: 0.9953, Valid: 0.9087, Test: 0.9111
Run: 05, Epoch: 57, Loss: 0.0002, lr: 0.000168, Train: 0.9953, Valid: 0.9089, Test: 0.9109
Run: 05, Epoch: 58, Loss: 0.0002, lr: 0.000168, Train: 0.9953, Valid: 0.9093, Test: 0.9107
Run: 05, Epoch: 59, Loss: 0.0002, lr: 0.000168, Train: 0.9954, Valid: 0.9097, Test: 0.9105
Run: 05, Epoch: 60, Loss: 0.0002, lr: 0.000168, Train: 0.9954, Valid: 0.9101, Test: 0.9103
Run: 05, Epoch: 61, Loss: 0.0002, lr: 0.000168, Train: 0.9954, Valid: 0.9106, Test: 0.9101
Run: 05, Epoch: 62, Loss: 0.0002, lr: 0.000118, Train: 0.9954, Valid: 0.9106, Test: 0.9103
Run: 05, Epoch: 63, Loss: 0.0002, lr: 0.000118, Train: 0.9955, Valid: 0.9106, Test: 0.9104
Run: 05, Epoch: 64, Loss: 0.0002, lr: 0.000118, Train: 0.9955, Valid: 0.9105, Test: 0.9106
Run: 05, Epoch: 65, Loss: 0.0002, lr: 0.000118, Train: 0.9956, Valid: 0.9104, Test: 0.9108
Run: 05, Epoch: 66, Loss: 0.0002, lr: 0.000118, Train: 0.9957, Valid: 0.9103, Test: 0.9111
Run: 05, Epoch: 67, Loss: 0.0002, lr: 0.000118, Train: 0.9957, Valid: 0.9101, Test: 0.9114
Run: 05, Epoch: 68, Loss: 0.0002, lr: 0.000082, Train: 0.9958, Valid: 0.9097, Test: 0.9118
Run: 05, Epoch: 69, Loss: 0.0002, lr: 0.000082, Train: 0.9959, Valid: 0.9093, Test: 0.9121
Run: 05, Epoch: 70, Loss: 0.0002, lr: 0.000082, Train: 0.9960, Valid: 0.9089, Test: 0.9125
Run: 05, Epoch: 71, Loss: 0.0002, lr: 0.000082, Train: 0.9961, Valid: 0.9085, Test: 0.9128
Run: 05, Epoch: 72, Loss: 0.0002, lr: 0.000082, Train: 0.9961, Valid: 0.9080, Test: 0.9131
Run: 05, Epoch: 73, Loss: 0.0002, lr: 0.000082, Train: 0.9962, Valid: 0.9076, Test: 0.9134
Run: 05, Epoch: 74, Loss: 0.0002, lr: 0.000058, Train: 0.9963, Valid: 0.9071, Test: 0.9137
Run: 05, Epoch: 75, Loss: 0.0002, lr: 0.000058, Train: 0.9963, Valid: 0.9066, Test: 0.9140
Run: 05, Epoch: 76, Loss: 0.0002, lr: 0.000058, Train: 0.9964, Valid: 0.9061, Test: 0.9142
Run: 05, Epoch: 77, Loss: 0.0002, lr: 0.000058, Train: 0.9965, Valid: 0.9056, Test: 0.9145
Run: 05, Epoch: 78, Loss: 0.0002, lr: 0.000058, Train: 0.9965, Valid: 0.9052, Test: 0.9147
Run: 05, Epoch: 79, Loss: 0.0002, lr: 0.000058, Train: 0.9965, Valid: 0.9047, Test: 0.9149
Run: 05, Epoch: 80, Loss: 0.0002, lr: 0.000040, Train: 0.9966, Valid: 0.9042, Test: 0.9150
Run: 05, Epoch: 81, Loss: 0.0002, lr: 0.000040, Train: 0.9966, Valid: 0.9038, Test: 0.9152
Run: 05, Epoch: 82, Loss: 0.0002, lr: 0.000040, Train: 0.9966, Valid: 0.9034, Test: 0.9153
Run: 05, Epoch: 83, Loss: 0.0002, lr: 0.000040, Train: 0.9967, Valid: 0.9030, Test: 0.9155
Run: 05, Epoch: 84, Loss: 0.0002, lr: 0.000040, Train: 0.9967, Valid: 0.9026, Test: 0.9156
Run: 05, Epoch: 85, Loss: 0.0002, lr: 0.000040, Train: 0.9967, Valid: 0.9023, Test: 0.9157
Run: 05, Epoch: 86, Loss: 0.0002, lr: 0.000028, Train: 0.9967, Valid: 0.9020, Test: 0.9158
Run: 05, Epoch: 87, Loss: 0.0002, lr: 0.000028, Train: 0.9968, Valid: 0.9016, Test: 0.9158
Run: 05, Epoch: 88, Loss: 0.0002, lr: 0.000028, Train: 0.9968, Valid: 0.9014, Test: 0.9159
Run: 05, Epoch: 89, Loss: 0.0002, lr: 0.000028, Train: 0.9968, Valid: 0.9011, Test: 0.9160
Run: 05, Epoch: 90, Loss: 0.0002, lr: 0.000028, Train: 0.9968, Valid: 0.9009, Test: 0.9160
Run: 05, Epoch: 91, Loss: 0.0002, lr: 0.000028, Train: 0.9968, Valid: 0.9007, Test: 0.9161
Run: 05, Epoch: 92, Loss: 0.0002, lr: 0.000020, Train: 0.9968, Valid: 0.9004, Test: 0.9161
Run: 05, Epoch: 93, Loss: 0.0002, lr: 0.000020, Train: 0.9968, Valid: 0.9002, Test: 0.9162
Run: 05, Epoch: 94, Loss: 0.0002, lr: 0.000020, Train: 0.9968, Valid: 0.9000, Test: 0.9162
Run: 05, Epoch: 95, Loss: 0.0002, lr: 0.000020, Train: 0.9969, Valid: 0.8999, Test: 0.9163
Run: 05, Epoch: 96, Loss: 0.0002, lr: 0.000020, Train: 0.9969, Valid: 0.8997, Test: 0.9163
Run: 05, Epoch: 97, Loss: 0.0002, lr: 0.000020, Train: 0.9969, Valid: 0.8996, Test: 0.9163
Run: 05, Epoch: 98, Loss: 0.0002, lr: 0.000014, Train: 0.9969, Valid: 0.8994, Test: 0.9163
Run: 05, Epoch: 99, Loss: 0.0002, lr: 0.000014, Train: 0.9969, Valid: 0.8993, Test: 0.9164
Run: 05, Epoch: 100, Loss: 0.0002, lr: 0.000014, Train: 0.9969, Valid: 0.8991, Test: 0.9164
Run 05:
Highest Train: 1.00
Highest Valid: 0.92
  Final Train: 0.99
   Final Test: 0.90
Run: 06, Epoch: 01, Loss: 0.0395, lr: 0.001000, Train: 0.4736, Valid: 0.3606, Test: 0.4027
Run: 06, Epoch: 02, Loss: 0.0054, lr: 0.001000, Train: 0.6076, Valid: 0.5277, Test: 0.5143
Run: 06, Epoch: 03, Loss: 0.0063, lr: 0.001000, Train: 0.6553, Valid: 0.5856, Test: 0.5576
Run: 06, Epoch: 04, Loss: 0.0068, lr: 0.001000, Train: 0.6791, Valid: 0.6033, Test: 0.5876
Run: 06, Epoch: 05, Loss: 0.0059, lr: 0.001000, Train: 0.6938, Valid: 0.6021, Test: 0.6143
Run: 06, Epoch: 06, Loss: 0.0046, lr: 0.001000, Train: 0.7076, Valid: 0.5979, Test: 0.6422
Run: 06, Epoch: 07, Loss: 0.0037, lr: 0.001000, Train: 0.7237, Valid: 0.6048, Test: 0.6686
Run: 06, Epoch: 08, Loss: 0.0031, lr: 0.001000, Train: 0.7401, Valid: 0.6249, Test: 0.6887
Run: 06, Epoch: 09, Loss: 0.0026, lr: 0.001000, Train: 0.7523, Valid: 0.6490, Test: 0.6989
Run: 06, Epoch: 10, Loss: 0.0021, lr: 0.001000, Train: 0.7600, Valid: 0.6720, Test: 0.7007
Run: 06, Epoch: 11, Loss: 0.0018, lr: 0.001000, Train: 0.7661, Valid: 0.6912, Test: 0.6983
Run: 06, Epoch: 12, Loss: 0.0017, lr: 0.001000, Train: 0.7751, Valid: 0.7067, Test: 0.7005
Run: 06, Epoch: 13, Loss: 0.0015, lr: 0.001000, Train: 0.7876, Valid: 0.7184, Test: 0.7098
Run: 06, Epoch: 14, Loss: 0.0014, lr: 0.001000, Train: 0.8024, Valid: 0.7284, Test: 0.7254
Run: 06, Epoch: 15, Loss: 0.0013, lr: 0.001000, Train: 0.8157, Valid: 0.7366, Test: 0.7405
Run: 06, Epoch: 16, Loss: 0.0013, lr: 0.001000, Train: 0.8260, Valid: 0.7424, Test: 0.7508
Run: 06, Epoch: 17, Loss: 0.0012, lr: 0.001000, Train: 0.8325, Valid: 0.7439, Test: 0.7543
Run: 06, Epoch: 18, Loss: 0.0011, lr: 0.001000, Train: 0.8341, Valid: 0.7381, Test: 0.7489
Run: 06, Epoch: 19, Loss: 0.0010, lr: 0.001000, Train: 0.8307, Valid: 0.7257, Test: 0.7352
Run: 06, Epoch: 20, Loss: 0.0009, lr: 0.001000, Train: 0.8231, Valid: 0.7072, Test: 0.7170
Run: 06, Epoch: 21, Loss: 0.0008, lr: 0.001000, Train: 0.8106, Valid: 0.6849, Test: 0.6965
Run: 06, Epoch: 22, Loss: 0.0008, lr: 0.001000, Train: 0.7943, Valid: 0.6618, Test: 0.6780
Run: 06, Epoch: 23, Loss: 0.0007, lr: 0.001000, Train: 0.7746, Valid: 0.6374, Test: 0.6619
Run: 06, Epoch: 24, Loss: 0.0006, lr: 0.000700, Train: 0.7701, Valid: 0.6329, Test: 0.6653
Run: 06, Epoch: 25, Loss: 0.0006, lr: 0.000700, Train: 0.7648, Valid: 0.6274, Test: 0.6672
Run: 06, Epoch: 26, Loss: 0.0006, lr: 0.000700, Train: 0.7600, Valid: 0.6219, Test: 0.6672
Run: 06, Epoch: 27, Loss: 0.0005, lr: 0.000700, Train: 0.7584, Valid: 0.6217, Test: 0.6679
Run: 06, Epoch: 28, Loss: 0.0005, lr: 0.000700, Train: 0.7606, Valid: 0.6271, Test: 0.6691
Run: 06, Epoch: 29, Loss: 0.0005, lr: 0.000700, Train: 0.7665, Valid: 0.6379, Test: 0.6716
Run: 06, Epoch: 30, Loss: 0.0004, lr: 0.000490, Train: 0.7845, Valid: 0.6647, Test: 0.6891
Run: 06, Epoch: 31, Loss: 0.0004, lr: 0.000490, Train: 0.8013, Valid: 0.6904, Test: 0.7053
Run: 06, Epoch: 32, Loss: 0.0004, lr: 0.000490, Train: 0.8164, Valid: 0.7140, Test: 0.7202
Run: 06, Epoch: 33, Loss: 0.0004, lr: 0.000490, Train: 0.8302, Valid: 0.7341, Test: 0.7355
Run: 06, Epoch: 34, Loss: 0.0004, lr: 0.000490, Train: 0.8431, Valid: 0.7513, Test: 0.7516
Run: 06, Epoch: 35, Loss: 0.0003, lr: 0.000490, Train: 0.8558, Valid: 0.7672, Test: 0.7692
Run: 06, Epoch: 36, Loss: 0.0003, lr: 0.000490, Train: 0.8691, Valid: 0.7838, Test: 0.7884
Run: 06, Epoch: 37, Loss: 0.0003, lr: 0.000490, Train: 0.8833, Valid: 0.8014, Test: 0.8086
Run: 06, Epoch: 38, Loss: 0.0003, lr: 0.000490, Train: 0.8987, Valid: 0.8200, Test: 0.8299
Run: 06, Epoch: 39, Loss: 0.0003, lr: 0.000490, Train: 0.9140, Valid: 0.8383, Test: 0.8504
Run: 06, Epoch: 40, Loss: 0.0003, lr: 0.000490, Train: 0.9281, Valid: 0.8553, Test: 0.8692
Run: 06, Epoch: 41, Loss: 0.0003, lr: 0.000490, Train: 0.9403, Valid: 0.8703, Test: 0.8860
Run: 06, Epoch: 42, Loss: 0.0003, lr: 0.000490, Train: 0.9501, Valid: 0.8821, Test: 0.8994
Run: 06, Epoch: 43, Loss: 0.0003, lr: 0.000490, Train: 0.9574, Valid: 0.8905, Test: 0.9091
Run: 06, Epoch: 44, Loss: 0.0003, lr: 0.000490, Train: 0.9627, Valid: 0.8962, Test: 0.9158
Run: 06, Epoch: 45, Loss: 0.0002, lr: 0.000490, Train: 0.9664, Valid: 0.9001, Test: 0.9202
Run: 06, Epoch: 46, Loss: 0.0002, lr: 0.000490, Train: 0.9693, Valid: 0.9030, Test: 0.9238
Run: 06, Epoch: 47, Loss: 0.0002, lr: 0.000490, Train: 0.9717, Valid: 0.9053, Test: 0.9272
Run: 06, Epoch: 48, Loss: 0.0002, lr: 0.000490, Train: 0.9742, Valid: 0.9077, Test: 0.9305
Run: 06, Epoch: 49, Loss: 0.0002, lr: 0.000490, Train: 0.9770, Valid: 0.9107, Test: 0.9339
Run: 06, Epoch: 50, Loss: 0.0002, lr: 0.000490, Train: 0.9802, Valid: 0.9141, Test: 0.9373
Run: 06, Epoch: 51, Loss: 0.0002, lr: 0.000490, Train: 0.9833, Valid: 0.9175, Test: 0.9405
Run: 06, Epoch: 52, Loss: 0.0002, lr: 0.000490, Train: 0.9859, Valid: 0.9206, Test: 0.9432
Run: 06, Epoch: 53, Loss: 0.0002, lr: 0.000490, Train: 0.9880, Valid: 0.9228, Test: 0.9454
Run: 06, Epoch: 54, Loss: 0.0002, lr: 0.000490, Train: 0.9894, Valid: 0.9244, Test: 0.9468
Run: 06, Epoch: 55, Loss: 0.0002, lr: 0.000490, Train: 0.9904, Valid: 0.9254, Test: 0.9475
Run: 06, Epoch: 56, Loss: 0.0002, lr: 0.000490, Train: 0.9909, Valid: 0.9258, Test: 0.9475
Run: 06, Epoch: 57, Loss: 0.0002, lr: 0.000490, Train: 0.9913, Valid: 0.9257, Test: 0.9473
Run: 06, Epoch: 58, Loss: 0.0002, lr: 0.000490, Train: 0.9916, Valid: 0.9253, Test: 0.9474
Run: 06, Epoch: 59, Loss: 0.0002, lr: 0.000490, Train: 0.9921, Valid: 0.9249, Test: 0.9478
Run: 06, Epoch: 60, Loss: 0.0002, lr: 0.000490, Train: 0.9927, Valid: 0.9250, Test: 0.9484
Run: 06, Epoch: 61, Loss: 0.0002, lr: 0.000490, Train: 0.9933, Valid: 0.9254, Test: 0.9491
Run: 06, Epoch: 62, Loss: 0.0002, lr: 0.000490, Train: 0.9939, Valid: 0.9258, Test: 0.9499
Run: 06, Epoch: 63, Loss: 0.0002, lr: 0.000343, Train: 0.9944, Valid: 0.9261, Test: 0.9506
Run: 06, Epoch: 64, Loss: 0.0002, lr: 0.000343, Train: 0.9948, Valid: 0.9261, Test: 0.9513
Run: 06, Epoch: 65, Loss: 0.0002, lr: 0.000343, Train: 0.9951, Valid: 0.9260, Test: 0.9519
Run: 06, Epoch: 66, Loss: 0.0002, lr: 0.000343, Train: 0.9954, Valid: 0.9259, Test: 0.9522
Run: 06, Epoch: 67, Loss: 0.0002, lr: 0.000343, Train: 0.9956, Valid: 0.9259, Test: 0.9525
Run: 06, Epoch: 68, Loss: 0.0002, lr: 0.000343, Train: 0.9958, Valid: 0.9259, Test: 0.9526
Run: 06, Epoch: 69, Loss: 0.0002, lr: 0.000343, Train: 0.9959, Valid: 0.9259, Test: 0.9527
Run: 06, Epoch: 70, Loss: 0.0002, lr: 0.000240, Train: 0.9961, Valid: 0.9258, Test: 0.9528
Run: 06, Epoch: 71, Loss: 0.0002, lr: 0.000240, Train: 0.9962, Valid: 0.9256, Test: 0.9529
Run: 06, Epoch: 72, Loss: 0.0002, lr: 0.000240, Train: 0.9963, Valid: 0.9255, Test: 0.9530
Run: 06, Epoch: 73, Loss: 0.0001, lr: 0.000240, Train: 0.9964, Valid: 0.9254, Test: 0.9531
Run: 06, Epoch: 74, Loss: 0.0001, lr: 0.000240, Train: 0.9964, Valid: 0.9254, Test: 0.9531
Run: 06, Epoch: 75, Loss: 0.0001, lr: 0.000240, Train: 0.9965, Valid: 0.9254, Test: 0.9531
Run: 06, Epoch: 76, Loss: 0.0001, lr: 0.000168, Train: 0.9965, Valid: 0.9254, Test: 0.9531
Run: 06, Epoch: 77, Loss: 0.0001, lr: 0.000168, Train: 0.9966, Valid: 0.9254, Test: 0.9531
Run: 06, Epoch: 78, Loss: 0.0001, lr: 0.000168, Train: 0.9966, Valid: 0.9253, Test: 0.9530
Run: 06, Epoch: 79, Loss: 0.0001, lr: 0.000168, Train: 0.9966, Valid: 0.9252, Test: 0.9530
Run: 06, Epoch: 80, Loss: 0.0001, lr: 0.000168, Train: 0.9967, Valid: 0.9251, Test: 0.9529
Run: 06, Epoch: 81, Loss: 0.0001, lr: 0.000168, Train: 0.9967, Valid: 0.9250, Test: 0.9529
Run: 06, Epoch: 82, Loss: 0.0001, lr: 0.000118, Train: 0.9967, Valid: 0.9250, Test: 0.9528
Run: 06, Epoch: 83, Loss: 0.0001, lr: 0.000118, Train: 0.9968, Valid: 0.9250, Test: 0.9527
Run: 06, Epoch: 84, Loss: 0.0001, lr: 0.000118, Train: 0.9968, Valid: 0.9250, Test: 0.9527
Run: 06, Epoch: 85, Loss: 0.0001, lr: 0.000118, Train: 0.9968, Valid: 0.9251, Test: 0.9526
Run: 06, Epoch: 86, Loss: 0.0001, lr: 0.000118, Train: 0.9969, Valid: 0.9251, Test: 0.9525
Run: 06, Epoch: 87, Loss: 0.0001, lr: 0.000118, Train: 0.9969, Valid: 0.9250, Test: 0.9525
Run: 06, Epoch: 88, Loss: 0.0001, lr: 0.000082, Train: 0.9969, Valid: 0.9250, Test: 0.9524
Run: 06, Epoch: 89, Loss: 0.0001, lr: 0.000082, Train: 0.9969, Valid: 0.9250, Test: 0.9524
Run: 06, Epoch: 90, Loss: 0.0001, lr: 0.000082, Train: 0.9969, Valid: 0.9249, Test: 0.9524
Run: 06, Epoch: 91, Loss: 0.0001, lr: 0.000082, Train: 0.9970, Valid: 0.9249, Test: 0.9523
Run: 06, Epoch: 92, Loss: 0.0001, lr: 0.000082, Train: 0.9970, Valid: 0.9249, Test: 0.9523
Run: 06, Epoch: 93, Loss: 0.0001, lr: 0.000082, Train: 0.9970, Valid: 0.9248, Test: 0.9522
Run: 06, Epoch: 94, Loss: 0.0001, lr: 0.000058, Train: 0.9970, Valid: 0.9248, Test: 0.9522
Run: 06, Epoch: 95, Loss: 0.0001, lr: 0.000058, Train: 0.9970, Valid: 0.9248, Test: 0.9522
Run: 06, Epoch: 96, Loss: 0.0001, lr: 0.000058, Train: 0.9970, Valid: 0.9248, Test: 0.9521
Run: 06, Epoch: 97, Loss: 0.0001, lr: 0.000058, Train: 0.9970, Valid: 0.9248, Test: 0.9521
Run: 06, Epoch: 98, Loss: 0.0001, lr: 0.000058, Train: 0.9970, Valid: 0.9247, Test: 0.9521
Run: 06, Epoch: 99, Loss: 0.0001, lr: 0.000058, Train: 0.9970, Valid: 0.9247, Test: 0.9521
Run: 06, Epoch: 100, Loss: 0.0001, lr: 0.000040, Train: 0.9970, Valid: 0.9247, Test: 0.9521
Run 06:
Highest Train: 1.00
Highest Valid: 0.93
  Final Train: 0.99
   Final Test: 0.95
Run: 07, Epoch: 01, Loss: 0.0681, lr: 0.001000, Train: 0.2561, Valid: 0.2149, Test: 0.2521
Run: 07, Epoch: 02, Loss: 0.0120, lr: 0.001000, Train: 0.4951, Valid: 0.4887, Test: 0.4535
Run: 07, Epoch: 03, Loss: 0.0106, lr: 0.001000, Train: 0.5911, Valid: 0.6017, Test: 0.5557
Run: 07, Epoch: 04, Loss: 0.0104, lr: 0.001000, Train: 0.6441, Valid: 0.6507, Test: 0.6253
Run: 07, Epoch: 05, Loss: 0.0093, lr: 0.001000, Train: 0.6791, Valid: 0.6805, Test: 0.6722
Run: 07, Epoch: 06, Loss: 0.0083, lr: 0.001000, Train: 0.7049, Valid: 0.7012, Test: 0.7047
Run: 07, Epoch: 07, Loss: 0.0074, lr: 0.001000, Train: 0.7220, Valid: 0.7141, Test: 0.7265
Run: 07, Epoch: 08, Loss: 0.0062, lr: 0.001000, Train: 0.7325, Valid: 0.7207, Test: 0.7412
Run: 07, Epoch: 09, Loss: 0.0047, lr: 0.001000, Train: 0.7367, Valid: 0.7252, Test: 0.7499
Run: 07, Epoch: 10, Loss: 0.0035, lr: 0.001000, Train: 0.7415, Valid: 0.7408, Test: 0.7602
Run: 07, Epoch: 11, Loss: 0.0027, lr: 0.001000, Train: 0.7543, Valid: 0.7703, Test: 0.7802
Run: 07, Epoch: 12, Loss: 0.0023, lr: 0.001000, Train: 0.7819, Valid: 0.8059, Test: 0.8127
Run: 07, Epoch: 13, Loss: 0.0021, lr: 0.001000, Train: 0.8241, Valid: 0.8435, Test: 0.8542
Run: 07, Epoch: 14, Loss: 0.0018, lr: 0.001000, Train: 0.8664, Valid: 0.8769, Test: 0.8947
Run: 07, Epoch: 15, Loss: 0.0016, lr: 0.001000, Train: 0.9047, Valid: 0.9044, Test: 0.9267
Run: 07, Epoch: 16, Loss: 0.0014, lr: 0.001000, Train: 0.9319, Valid: 0.9250, Test: 0.9438
Run: 07, Epoch: 17, Loss: 0.0013, lr: 0.001000, Train: 0.9455, Valid: 0.9387, Test: 0.9462
Run: 07, Epoch: 18, Loss: 0.0012, lr: 0.001000, Train: 0.9478, Valid: 0.9465, Test: 0.9387
Run: 07, Epoch: 19, Loss: 0.0011, lr: 0.001000, Train: 0.9433, Valid: 0.9497, Test: 0.9276
Run: 07, Epoch: 20, Loss: 0.0010, lr: 0.001000, Train: 0.9376, Valid: 0.9497, Test: 0.9191
Run: 07, Epoch: 21, Loss: 0.0010, lr: 0.001000, Train: 0.9344, Valid: 0.9484, Test: 0.9153
Run: 07, Epoch: 22, Loss: 0.0009, lr: 0.001000, Train: 0.9351, Valid: 0.9477, Test: 0.9157
Run: 07, Epoch: 23, Loss: 0.0008, lr: 0.001000, Train: 0.9385, Valid: 0.9478, Test: 0.9191
Run: 07, Epoch: 24, Loss: 0.0008, lr: 0.001000, Train: 0.9429, Valid: 0.9483, Test: 0.9229
Run: 07, Epoch: 25, Loss: 0.0007, lr: 0.001000, Train: 0.9471, Valid: 0.9491, Test: 0.9261
Run: 07, Epoch: 26, Loss: 0.0006, lr: 0.000700, Train: 0.9511, Valid: 0.9505, Test: 0.9290
Run: 07, Epoch: 27, Loss: 0.0006, lr: 0.000700, Train: 0.9534, Valid: 0.9513, Test: 0.9302
Run: 07, Epoch: 28, Loss: 0.0006, lr: 0.000700, Train: 0.9538, Valid: 0.9511, Test: 0.9294
Run: 07, Epoch: 29, Loss: 0.0005, lr: 0.000700, Train: 0.9521, Valid: 0.9498, Test: 0.9266
Run: 07, Epoch: 30, Loss: 0.0005, lr: 0.000700, Train: 0.9483, Valid: 0.9475, Test: 0.9217
Run: 07, Epoch: 31, Loss: 0.0004, lr: 0.000700, Train: 0.9429, Valid: 0.9443, Test: 0.9153
Run: 07, Epoch: 32, Loss: 0.0004, lr: 0.000700, Train: 0.9366, Valid: 0.9405, Test: 0.9083
Run: 07, Epoch: 33, Loss: 0.0004, lr: 0.000700, Train: 0.9304, Valid: 0.9368, Test: 0.9018
Run: 07, Epoch: 34, Loss: 0.0003, lr: 0.000490, Train: 0.9308, Valid: 0.9366, Test: 0.9021
Run: 07, Epoch: 35, Loss: 0.0003, lr: 0.000490, Train: 0.9319, Valid: 0.9368, Test: 0.9033
Run: 07, Epoch: 36, Loss: 0.0003, lr: 0.000490, Train: 0.9340, Valid: 0.9376, Test: 0.9058
Run: 07, Epoch: 37, Loss: 0.0003, lr: 0.000490, Train: 0.9371, Valid: 0.9389, Test: 0.9091
Run: 07, Epoch: 38, Loss: 0.0003, lr: 0.000490, Train: 0.9407, Valid: 0.9407, Test: 0.9130
Run: 07, Epoch: 39, Loss: 0.0003, lr: 0.000490, Train: 0.9445, Valid: 0.9429, Test: 0.9171
Run: 07, Epoch: 40, Loss: 0.0003, lr: 0.000343, Train: 0.9502, Valid: 0.9460, Test: 0.9227
Run: 07, Epoch: 41, Loss: 0.0003, lr: 0.000343, Train: 0.9552, Valid: 0.9489, Test: 0.9277
Run: 07, Epoch: 42, Loss: 0.0002, lr: 0.000343, Train: 0.9597, Valid: 0.9515, Test: 0.9320
Run: 07, Epoch: 43, Loss: 0.0002, lr: 0.000343, Train: 0.9636, Valid: 0.9538, Test: 0.9356
Run: 07, Epoch: 44, Loss: 0.0002, lr: 0.000343, Train: 0.9669, Valid: 0.9558, Test: 0.9387
Run: 07, Epoch: 45, Loss: 0.0002, lr: 0.000343, Train: 0.9697, Valid: 0.9575, Test: 0.9411
Run: 07, Epoch: 46, Loss: 0.0002, lr: 0.000343, Train: 0.9720, Valid: 0.9589, Test: 0.9430
Run: 07, Epoch: 47, Loss: 0.0002, lr: 0.000343, Train: 0.9738, Valid: 0.9600, Test: 0.9443
Run: 07, Epoch: 48, Loss: 0.0002, lr: 0.000343, Train: 0.9750, Valid: 0.9607, Test: 0.9450
Run: 07, Epoch: 49, Loss: 0.0002, lr: 0.000343, Train: 0.9758, Valid: 0.9612, Test: 0.9453
Run: 07, Epoch: 50, Loss: 0.0002, lr: 0.000343, Train: 0.9762, Valid: 0.9614, Test: 0.9454
Run: 07, Epoch: 51, Loss: 0.0002, lr: 0.000343, Train: 0.9764, Valid: 0.9615, Test: 0.9453
Run: 07, Epoch: 52, Loss: 0.0002, lr: 0.000343, Train: 0.9766, Valid: 0.9615, Test: 0.9451
Run: 07, Epoch: 53, Loss: 0.0002, lr: 0.000343, Train: 0.9767, Valid: 0.9615, Test: 0.9450
Run: 07, Epoch: 54, Loss: 0.0002, lr: 0.000343, Train: 0.9769, Valid: 0.9616, Test: 0.9450
Run: 07, Epoch: 55, Loss: 0.0001, lr: 0.000343, Train: 0.9772, Valid: 0.9616, Test: 0.9451
Run: 07, Epoch: 56, Loss: 0.0001, lr: 0.000343, Train: 0.9777, Valid: 0.9617, Test: 0.9453
Run: 07, Epoch: 57, Loss: 0.0001, lr: 0.000343, Train: 0.9782, Valid: 0.9618, Test: 0.9457
Run: 07, Epoch: 58, Loss: 0.0001, lr: 0.000343, Train: 0.9788, Valid: 0.9619, Test: 0.9462
Run: 07, Epoch: 59, Loss: 0.0001, lr: 0.000343, Train: 0.9795, Valid: 0.9620, Test: 0.9468
Run: 07, Epoch: 60, Loss: 0.0001, lr: 0.000343, Train: 0.9802, Valid: 0.9622, Test: 0.9474
Run: 07, Epoch: 61, Loss: 0.0001, lr: 0.000343, Train: 0.9809, Valid: 0.9623, Test: 0.9481
Run: 07, Epoch: 62, Loss: 0.0001, lr: 0.000343, Train: 0.9815, Valid: 0.9624, Test: 0.9487
Run: 07, Epoch: 63, Loss: 0.0001, lr: 0.000343, Train: 0.9821, Valid: 0.9626, Test: 0.9493
Run: 07, Epoch: 64, Loss: 0.0001, lr: 0.000343, Train: 0.9827, Valid: 0.9627, Test: 0.9499
Run: 07, Epoch: 65, Loss: 0.0001, lr: 0.000343, Train: 0.9834, Valid: 0.9630, Test: 0.9504
Run: 07, Epoch: 66, Loss: 0.0001, lr: 0.000343, Train: 0.9841, Valid: 0.9634, Test: 0.9510
Run: 07, Epoch: 67, Loss: 0.0001, lr: 0.000343, Train: 0.9849, Valid: 0.9638, Test: 0.9516
Run: 07, Epoch: 68, Loss: 0.0001, lr: 0.000343, Train: 0.9857, Valid: 0.9643, Test: 0.9521
Run: 07, Epoch: 69, Loss: 0.0001, lr: 0.000343, Train: 0.9865, Valid: 0.9648, Test: 0.9526
Run: 07, Epoch: 70, Loss: 0.0001, lr: 0.000343, Train: 0.9873, Valid: 0.9653, Test: 0.9531
Run: 07, Epoch: 71, Loss: 0.0001, lr: 0.000343, Train: 0.9880, Valid: 0.9659, Test: 0.9536
Run: 07, Epoch: 72, Loss: 0.0001, lr: 0.000343, Train: 0.9888, Valid: 0.9664, Test: 0.9540
Run: 07, Epoch: 73, Loss: 0.0001, lr: 0.000343, Train: 0.9894, Valid: 0.9670, Test: 0.9544
Run: 07, Epoch: 74, Loss: 0.0001, lr: 0.000343, Train: 0.9901, Valid: 0.9675, Test: 0.9547
Run: 07, Epoch: 75, Loss: 0.0001, lr: 0.000343, Train: 0.9906, Valid: 0.9680, Test: 0.9551
Run: 07, Epoch: 76, Loss: 0.0001, lr: 0.000343, Train: 0.9912, Valid: 0.9684, Test: 0.9553
Run: 07, Epoch: 77, Loss: 0.0001, lr: 0.000343, Train: 0.9917, Valid: 0.9688, Test: 0.9555
Run: 07, Epoch: 78, Loss: 0.0001, lr: 0.000343, Train: 0.9921, Valid: 0.9692, Test: 0.9557
Run: 07, Epoch: 79, Loss: 0.0001, lr: 0.000343, Train: 0.9925, Valid: 0.9695, Test: 0.9559
Run: 07, Epoch: 80, Loss: 0.0001, lr: 0.000343, Train: 0.9929, Valid: 0.9698, Test: 0.9561
Run: 07, Epoch: 81, Loss: 0.0001, lr: 0.000343, Train: 0.9932, Valid: 0.9700, Test: 0.9563
Run: 07, Epoch: 82, Loss: 0.0001, lr: 0.000343, Train: 0.9935, Valid: 0.9703, Test: 0.9564
Run: 07, Epoch: 83, Loss: 0.0001, lr: 0.000343, Train: 0.9938, Valid: 0.9705, Test: 0.9565
Run: 07, Epoch: 84, Loss: 0.0001, lr: 0.000343, Train: 0.9941, Valid: 0.9707, Test: 0.9567
Run: 07, Epoch: 85, Loss: 0.0001, lr: 0.000343, Train: 0.9944, Valid: 0.9709, Test: 0.9568
Run: 07, Epoch: 86, Loss: 0.0001, lr: 0.000343, Train: 0.9947, Valid: 0.9712, Test: 0.9569
Run: 07, Epoch: 87, Loss: 0.0001, lr: 0.000343, Train: 0.9949, Valid: 0.9714, Test: 0.9570
Run: 07, Epoch: 88, Loss: 0.0001, lr: 0.000343, Train: 0.9952, Valid: 0.9717, Test: 0.9571
Run: 07, Epoch: 89, Loss: 0.0001, lr: 0.000343, Train: 0.9955, Valid: 0.9719, Test: 0.9572
Run: 07, Epoch: 90, Loss: 0.0001, lr: 0.000343, Train: 0.9957, Valid: 0.9722, Test: 0.9573
Run: 07, Epoch: 91, Loss: 0.0001, lr: 0.000343, Train: 0.9959, Valid: 0.9724, Test: 0.9573
Run: 07, Epoch: 92, Loss: 0.0001, lr: 0.000343, Train: 0.9961, Valid: 0.9726, Test: 0.9574
Run: 07, Epoch: 93, Loss: 0.0001, lr: 0.000343, Train: 0.9963, Valid: 0.9728, Test: 0.9574
Run: 07, Epoch: 94, Loss: 0.0001, lr: 0.000343, Train: 0.9964, Valid: 0.9729, Test: 0.9575
Run: 07, Epoch: 95, Loss: 0.0001, lr: 0.000343, Train: 0.9965, Valid: 0.9731, Test: 0.9575
Run: 07, Epoch: 96, Loss: 0.0001, lr: 0.000343, Train: 0.9966, Valid: 0.9732, Test: 0.9575
Run: 07, Epoch: 97, Loss: 0.0001, lr: 0.000343, Train: 0.9967, Valid: 0.9733, Test: 0.9576
Run: 07, Epoch: 98, Loss: 0.0001, lr: 0.000343, Train: 0.9969, Valid: 0.9734, Test: 0.9576
Run: 07, Epoch: 99, Loss: 0.0000, lr: 0.000343, Train: 0.9970, Valid: 0.9735, Test: 0.9576
Run: 07, Epoch: 100, Loss: 0.0000, lr: 0.000343, Train: 0.9971, Valid: 0.9735, Test: 0.9576
Run 07:
Highest Train: 1.00
Highest Valid: 0.97
  Final Train: 1.00
   Final Test: 0.96
Run: 08, Epoch: 01, Loss: 0.0250, lr: 0.001000, Train: 0.5440, Valid: 0.6364, Test: 0.5147
Run: 08, Epoch: 02, Loss: 0.0092, lr: 0.001000, Train: 0.6661, Valid: 0.7581, Test: 0.6255
Run: 08, Epoch: 03, Loss: 0.0079, lr: 0.001000, Train: 0.6845, Valid: 0.7948, Test: 0.6542
Run: 08, Epoch: 04, Loss: 0.0065, lr: 0.001000, Train: 0.6766, Valid: 0.8039, Test: 0.6593
Run: 08, Epoch: 05, Loss: 0.0052, lr: 0.001000, Train: 0.6779, Valid: 0.8106, Test: 0.6644
Run: 08, Epoch: 06, Loss: 0.0041, lr: 0.001000, Train: 0.6923, Valid: 0.8194, Test: 0.6682
Run: 08, Epoch: 07, Loss: 0.0031, lr: 0.001000, Train: 0.7133, Valid: 0.8296, Test: 0.6738
Run: 08, Epoch: 08, Loss: 0.0023, lr: 0.001000, Train: 0.7420, Valid: 0.8436, Test: 0.6881
Run: 08, Epoch: 09, Loss: 0.0020, lr: 0.001000, Train: 0.7748, Valid: 0.8585, Test: 0.7119
Run: 08, Epoch: 10, Loss: 0.0018, lr: 0.001000, Train: 0.8084, Valid: 0.8737, Test: 0.7438
Run: 08, Epoch: 11, Loss: 0.0017, lr: 0.001000, Train: 0.8398, Valid: 0.8897, Test: 0.7779
Run: 08, Epoch: 12, Loss: 0.0016, lr: 0.001000, Train: 0.8680, Valid: 0.9066, Test: 0.8114
Run: 08, Epoch: 13, Loss: 0.0013, lr: 0.001000, Train: 0.8901, Valid: 0.9224, Test: 0.8390
Run: 08, Epoch: 14, Loss: 0.0012, lr: 0.001000, Train: 0.9074, Valid: 0.9366, Test: 0.8612
Run: 08, Epoch: 15, Loss: 0.0010, lr: 0.001000, Train: 0.9213, Valid: 0.9483, Test: 0.8781
Run: 08, Epoch: 16, Loss: 0.0010, lr: 0.001000, Train: 0.9330, Valid: 0.9579, Test: 0.8913
Run: 08, Epoch: 17, Loss: 0.0009, lr: 0.001000, Train: 0.9423, Valid: 0.9655, Test: 0.9005
Run: 08, Epoch: 18, Loss: 0.0008, lr: 0.001000, Train: 0.9500, Valid: 0.9715, Test: 0.9077
Run: 08, Epoch: 19, Loss: 0.0007, lr: 0.001000, Train: 0.9564, Valid: 0.9763, Test: 0.9133
Run: 08, Epoch: 20, Loss: 0.0006, lr: 0.001000, Train: 0.9615, Valid: 0.9799, Test: 0.9185
Run: 08, Epoch: 21, Loss: 0.0006, lr: 0.001000, Train: 0.9650, Valid: 0.9824, Test: 0.9230
Run: 08, Epoch: 22, Loss: 0.0005, lr: 0.001000, Train: 0.9672, Valid: 0.9838, Test: 0.9266
Run: 08, Epoch: 23, Loss: 0.0005, lr: 0.001000, Train: 0.9684, Valid: 0.9845, Test: 0.9298
Run: 08, Epoch: 24, Loss: 0.0004, lr: 0.001000, Train: 0.9688, Valid: 0.9847, Test: 0.9324
Run: 08, Epoch: 25, Loss: 0.0004, lr: 0.001000, Train: 0.9685, Valid: 0.9845, Test: 0.9341
Run: 08, Epoch: 26, Loss: 0.0004, lr: 0.001000, Train: 0.9676, Valid: 0.9838, Test: 0.9345
Run: 08, Epoch: 27, Loss: 0.0003, lr: 0.001000, Train: 0.9658, Valid: 0.9828, Test: 0.9334
Run: 08, Epoch: 28, Loss: 0.0003, lr: 0.001000, Train: 0.9639, Valid: 0.9816, Test: 0.9315
Run: 08, Epoch: 29, Loss: 0.0003, lr: 0.001000, Train: 0.9629, Valid: 0.9808, Test: 0.9306
Run: 08, Epoch: 30, Loss: 0.0003, lr: 0.001000, Train: 0.9643, Valid: 0.9807, Test: 0.9325
Run: 08, Epoch: 31, Loss: 0.0002, lr: 0.000700, Train: 0.9688, Valid: 0.9812, Test: 0.9377
Run: 08, Epoch: 32, Loss: 0.0002, lr: 0.000700, Train: 0.9741, Valid: 0.9818, Test: 0.9439
Run: 08, Epoch: 33, Loss: 0.0002, lr: 0.000700, Train: 0.9789, Valid: 0.9822, Test: 0.9496
Run: 08, Epoch: 34, Loss: 0.0002, lr: 0.000700, Train: 0.9827, Valid: 0.9824, Test: 0.9540
Run: 08, Epoch: 35, Loss: 0.0002, lr: 0.000700, Train: 0.9852, Valid: 0.9824, Test: 0.9569
Run: 08, Epoch: 36, Loss: 0.0002, lr: 0.000700, Train: 0.9867, Valid: 0.9824, Test: 0.9586
Run: 08, Epoch: 37, Loss: 0.0002, lr: 0.000490, Train: 0.9877, Valid: 0.9824, Test: 0.9594
Run: 08, Epoch: 38, Loss: 0.0001, lr: 0.000490, Train: 0.9882, Valid: 0.9824, Test: 0.9598
Run: 08, Epoch: 39, Loss: 0.0001, lr: 0.000490, Train: 0.9884, Valid: 0.9824, Test: 0.9598
Run: 08, Epoch: 40, Loss: 0.0001, lr: 0.000490, Train: 0.9885, Valid: 0.9824, Test: 0.9597
Run: 08, Epoch: 41, Loss: 0.0001, lr: 0.000490, Train: 0.9887, Valid: 0.9822, Test: 0.9598
Run: 08, Epoch: 42, Loss: 0.0001, lr: 0.000490, Train: 0.9892, Valid: 0.9821, Test: 0.9602
Run: 08, Epoch: 43, Loss: 0.0001, lr: 0.000343, Train: 0.9902, Valid: 0.9820, Test: 0.9610
Run: 08, Epoch: 44, Loss: 0.0001, lr: 0.000343, Train: 0.9912, Valid: 0.9818, Test: 0.9620
Run: 08, Epoch: 45, Loss: 0.0001, lr: 0.000343, Train: 0.9923, Valid: 0.9816, Test: 0.9629
Run: 08, Epoch: 46, Loss: 0.0001, lr: 0.000343, Train: 0.9932, Valid: 0.9814, Test: 0.9636
Run: 08, Epoch: 47, Loss: 0.0001, lr: 0.000343, Train: 0.9940, Valid: 0.9813, Test: 0.9642
Run: 08, Epoch: 48, Loss: 0.0001, lr: 0.000343, Train: 0.9947, Valid: 0.9812, Test: 0.9646
Run: 08, Epoch: 49, Loss: 0.0001, lr: 0.000240, Train: 0.9952, Valid: 0.9811, Test: 0.9648
Run: 08, Epoch: 50, Loss: 0.0001, lr: 0.000240, Train: 0.9956, Valid: 0.9811, Test: 0.9650
Run: 08, Epoch: 51, Loss: 0.0001, lr: 0.000240, Train: 0.9959, Valid: 0.9810, Test: 0.9651
Run: 08, Epoch: 52, Loss: 0.0001, lr: 0.000240, Train: 0.9962, Valid: 0.9811, Test: 0.9651
Run: 08, Epoch: 53, Loss: 0.0001, lr: 0.000240, Train: 0.9964, Valid: 0.9811, Test: 0.9650
Run: 08, Epoch: 54, Loss: 0.0001, lr: 0.000240, Train: 0.9966, Valid: 0.9812, Test: 0.9650
Run: 08, Epoch: 55, Loss: 0.0001, lr: 0.000168, Train: 0.9968, Valid: 0.9811, Test: 0.9649
Run: 08, Epoch: 56, Loss: 0.0001, lr: 0.000168, Train: 0.9970, Valid: 0.9811, Test: 0.9649
Run: 08, Epoch: 57, Loss: 0.0001, lr: 0.000168, Train: 0.9971, Valid: 0.9810, Test: 0.9649
Run: 08, Epoch: 58, Loss: 0.0001, lr: 0.000168, Train: 0.9973, Valid: 0.9809, Test: 0.9649
Run: 08, Epoch: 59, Loss: 0.0001, lr: 0.000168, Train: 0.9974, Valid: 0.9808, Test: 0.9649
Run: 08, Epoch: 60, Loss: 0.0001, lr: 0.000168, Train: 0.9976, Valid: 0.9807, Test: 0.9649
Run: 08, Epoch: 61, Loss: 0.0001, lr: 0.000118, Train: 0.9977, Valid: 0.9805, Test: 0.9649
Run: 08, Epoch: 62, Loss: 0.0001, lr: 0.000118, Train: 0.9978, Valid: 0.9803, Test: 0.9650
Run: 08, Epoch: 63, Loss: 0.0001, lr: 0.000118, Train: 0.9979, Valid: 0.9802, Test: 0.9650
Run: 08, Epoch: 64, Loss: 0.0001, lr: 0.000118, Train: 0.9980, Valid: 0.9800, Test: 0.9651
Run: 08, Epoch: 65, Loss: 0.0001, lr: 0.000118, Train: 0.9981, Valid: 0.9798, Test: 0.9651
Run: 08, Epoch: 66, Loss: 0.0001, lr: 0.000118, Train: 0.9982, Valid: 0.9797, Test: 0.9651
Run: 08, Epoch: 67, Loss: 0.0001, lr: 0.000082, Train: 0.9982, Valid: 0.9796, Test: 0.9651
Run: 08, Epoch: 68, Loss: 0.0001, lr: 0.000082, Train: 0.9983, Valid: 0.9794, Test: 0.9651
Run: 08, Epoch: 69, Loss: 0.0001, lr: 0.000082, Train: 0.9983, Valid: 0.9793, Test: 0.9651
Run: 08, Epoch: 70, Loss: 0.0001, lr: 0.000082, Train: 0.9984, Valid: 0.9792, Test: 0.9650
Run: 08, Epoch: 71, Loss: 0.0001, lr: 0.000082, Train: 0.9984, Valid: 0.9792, Test: 0.9650
Run: 08, Epoch: 72, Loss: 0.0001, lr: 0.000082, Train: 0.9984, Valid: 0.9791, Test: 0.9650
Run: 08, Epoch: 73, Loss: 0.0001, lr: 0.000058, Train: 0.9984, Valid: 0.9790, Test: 0.9649
Run: 08, Epoch: 74, Loss: 0.0001, lr: 0.000058, Train: 0.9985, Valid: 0.9790, Test: 0.9649
Run: 08, Epoch: 75, Loss: 0.0001, lr: 0.000058, Train: 0.9985, Valid: 0.9790, Test: 0.9649
Run: 08, Epoch: 76, Loss: 0.0001, lr: 0.000058, Train: 0.9985, Valid: 0.9789, Test: 0.9648
Run: 08, Epoch: 77, Loss: 0.0001, lr: 0.000058, Train: 0.9985, Valid: 0.9789, Test: 0.9648
Run: 08, Epoch: 78, Loss: 0.0001, lr: 0.000058, Train: 0.9985, Valid: 0.9789, Test: 0.9648
Run: 08, Epoch: 79, Loss: 0.0001, lr: 0.000040, Train: 0.9985, Valid: 0.9788, Test: 0.9648
Run: 08, Epoch: 80, Loss: 0.0001, lr: 0.000040, Train: 0.9985, Valid: 0.9788, Test: 0.9647
Run: 08, Epoch: 81, Loss: 0.0001, lr: 0.000040, Train: 0.9985, Valid: 0.9788, Test: 0.9647
Run: 08, Epoch: 82, Loss: 0.0001, lr: 0.000040, Train: 0.9986, Valid: 0.9788, Test: 0.9647
Run: 08, Epoch: 83, Loss: 0.0001, lr: 0.000040, Train: 0.9986, Valid: 0.9787, Test: 0.9647
Run: 08, Epoch: 84, Loss: 0.0001, lr: 0.000040, Train: 0.9986, Valid: 0.9787, Test: 0.9646
Run: 08, Epoch: 85, Loss: 0.0001, lr: 0.000028, Train: 0.9986, Valid: 0.9787, Test: 0.9646
Run: 08, Epoch: 86, Loss: 0.0001, lr: 0.000028, Train: 0.9986, Valid: 0.9787, Test: 0.9646
Run: 08, Epoch: 87, Loss: 0.0001, lr: 0.000028, Train: 0.9986, Valid: 0.9787, Test: 0.9646
Run: 08, Epoch: 88, Loss: 0.0001, lr: 0.000028, Train: 0.9986, Valid: 0.9787, Test: 0.9646
Run: 08, Epoch: 89, Loss: 0.0001, lr: 0.000028, Train: 0.9986, Valid: 0.9786, Test: 0.9645
Run: 08, Epoch: 90, Loss: 0.0001, lr: 0.000028, Train: 0.9986, Valid: 0.9786, Test: 0.9645
Run: 08, Epoch: 91, Loss: 0.0001, lr: 0.000020, Train: 0.9986, Valid: 0.9786, Test: 0.9645
Run: 08, Epoch: 92, Loss: 0.0001, lr: 0.000020, Train: 0.9986, Valid: 0.9786, Test: 0.9645
Run: 08, Epoch: 93, Loss: 0.0001, lr: 0.000020, Train: 0.9986, Valid: 0.9786, Test: 0.9645
Run: 08, Epoch: 94, Loss: 0.0001, lr: 0.000020, Train: 0.9986, Valid: 0.9786, Test: 0.9645
Run: 08, Epoch: 95, Loss: 0.0001, lr: 0.000020, Train: 0.9986, Valid: 0.9786, Test: 0.9645
Run: 08, Epoch: 96, Loss: 0.0001, lr: 0.000020, Train: 0.9986, Valid: 0.9785, Test: 0.9645
Run: 08, Epoch: 97, Loss: 0.0001, lr: 0.000014, Train: 0.9986, Valid: 0.9785, Test: 0.9644
Run: 08, Epoch: 98, Loss: 0.0001, lr: 0.000014, Train: 0.9986, Valid: 0.9785, Test: 0.9644
Run: 08, Epoch: 99, Loss: 0.0001, lr: 0.000014, Train: 0.9986, Valid: 0.9785, Test: 0.9644
Run: 08, Epoch: 100, Loss: 0.0001, lr: 0.000014, Train: 0.9986, Valid: 0.9785, Test: 0.9644
Run 08:
Highest Train: 1.00
Highest Valid: 0.98
  Final Train: 0.97
   Final Test: 0.93
Run: 09, Epoch: 01, Loss: 0.0660, lr: 0.001000, Train: 0.3471, Valid: 0.4586, Test: 0.2479
Run: 09, Epoch: 02, Loss: 0.0058, lr: 0.001000, Train: 0.5469, Valid: 0.6614, Test: 0.4467
Run: 09, Epoch: 03, Loss: 0.0082, lr: 0.001000, Train: 0.6179, Valid: 0.7285, Test: 0.5285
Run: 09, Epoch: 04, Loss: 0.0106, lr: 0.001000, Train: 0.6542, Valid: 0.7561, Test: 0.5859
Run: 09, Epoch: 05, Loss: 0.0094, lr: 0.001000, Train: 0.6685, Valid: 0.7649, Test: 0.6225
Run: 09, Epoch: 06, Loss: 0.0074, lr: 0.001000, Train: 0.6676, Valid: 0.7638, Test: 0.6387
Run: 09, Epoch: 07, Loss: 0.0059, lr: 0.001000, Train: 0.6643, Valid: 0.7640, Test: 0.6458
Run: 09, Epoch: 08, Loss: 0.0048, lr: 0.001000, Train: 0.6684, Valid: 0.7715, Test: 0.6577
Run: 09, Epoch: 09, Loss: 0.0040, lr: 0.001000, Train: 0.6834, Valid: 0.7847, Test: 0.6792
Run: 09, Epoch: 10, Loss: 0.0032, lr: 0.001000, Train: 0.7099, Valid: 0.7978, Test: 0.7065
Run: 09, Epoch: 11, Loss: 0.0027, lr: 0.001000, Train: 0.7407, Valid: 0.8109, Test: 0.7354
Run: 09, Epoch: 12, Loss: 0.0024, lr: 0.001000, Train: 0.7738, Valid: 0.8245, Test: 0.7649
Run: 09, Epoch: 13, Loss: 0.0023, lr: 0.001000, Train: 0.8121, Valid: 0.8419, Test: 0.7934
Run: 09, Epoch: 14, Loss: 0.0021, lr: 0.001000, Train: 0.8499, Valid: 0.8630, Test: 0.8187
Run: 09, Epoch: 15, Loss: 0.0019, lr: 0.001000, Train: 0.8813, Valid: 0.8839, Test: 0.8413
Run: 09, Epoch: 16, Loss: 0.0017, lr: 0.001000, Train: 0.9055, Valid: 0.9012, Test: 0.8629
Run: 09, Epoch: 17, Loss: 0.0015, lr: 0.001000, Train: 0.9236, Valid: 0.9140, Test: 0.8831
Run: 09, Epoch: 18, Loss: 0.0013, lr: 0.001000, Train: 0.9368, Valid: 0.9233, Test: 0.9003
Run: 09, Epoch: 19, Loss: 0.0012, lr: 0.001000, Train: 0.9458, Valid: 0.9295, Test: 0.9129
Run: 09, Epoch: 20, Loss: 0.0011, lr: 0.001000, Train: 0.9512, Valid: 0.9324, Test: 0.9211
Run: 09, Epoch: 21, Loss: 0.0011, lr: 0.001000, Train: 0.9527, Valid: 0.9320, Test: 0.9247
Run: 09, Epoch: 22, Loss: 0.0010, lr: 0.001000, Train: 0.9486, Valid: 0.9259, Test: 0.9222
Run: 09, Epoch: 23, Loss: 0.0009, lr: 0.001000, Train: 0.9372, Valid: 0.9112, Test: 0.9123
Run: 09, Epoch: 24, Loss: 0.0009, lr: 0.001000, Train: 0.9184, Valid: 0.8875, Test: 0.8952
Run: 09, Epoch: 25, Loss: 0.0008, lr: 0.001000, Train: 0.8951, Valid: 0.8577, Test: 0.8739
Run: 09, Epoch: 26, Loss: 0.0007, lr: 0.001000, Train: 0.8731, Valid: 0.8292, Test: 0.8538
Run: 09, Epoch: 27, Loss: 0.0007, lr: 0.000700, Train: 0.8702, Valid: 0.8244, Test: 0.8523
Run: 09, Epoch: 28, Loss: 0.0007, lr: 0.000700, Train: 0.8736, Valid: 0.8276, Test: 0.8564
Run: 09, Epoch: 29, Loss: 0.0007, lr: 0.000700, Train: 0.8822, Valid: 0.8376, Test: 0.8653
Run: 09, Epoch: 30, Loss: 0.0006, lr: 0.000700, Train: 0.8936, Valid: 0.8516, Test: 0.8767
Run: 09, Epoch: 31, Loss: 0.0006, lr: 0.000700, Train: 0.9064, Valid: 0.8670, Test: 0.8893
Run: 09, Epoch: 32, Loss: 0.0006, lr: 0.000700, Train: 0.9186, Valid: 0.8815, Test: 0.9012
Run: 09, Epoch: 33, Loss: 0.0006, lr: 0.000490, Train: 0.9301, Valid: 0.8950, Test: 0.9120
Run: 09, Epoch: 34, Loss: 0.0005, lr: 0.000490, Train: 0.9397, Valid: 0.9064, Test: 0.9210
Run: 09, Epoch: 35, Loss: 0.0005, lr: 0.000490, Train: 0.9478, Valid: 0.9161, Test: 0.9282
Run: 09, Epoch: 36, Loss: 0.0005, lr: 0.000490, Train: 0.9549, Valid: 0.9249, Test: 0.9342
Run: 09, Epoch: 37, Loss: 0.0005, lr: 0.000490, Train: 0.9612, Valid: 0.9327, Test: 0.9391
Run: 09, Epoch: 38, Loss: 0.0004, lr: 0.000490, Train: 0.9667, Valid: 0.9397, Test: 0.9433
Run: 09, Epoch: 39, Loss: 0.0004, lr: 0.000490, Train: 0.9716, Valid: 0.9460, Test: 0.9468
Run: 09, Epoch: 40, Loss: 0.0004, lr: 0.000490, Train: 0.9757, Valid: 0.9513, Test: 0.9496
Run: 09, Epoch: 41, Loss: 0.0004, lr: 0.000490, Train: 0.9787, Valid: 0.9553, Test: 0.9515
Run: 09, Epoch: 42, Loss: 0.0004, lr: 0.000490, Train: 0.9808, Valid: 0.9579, Test: 0.9526
Run: 09, Epoch: 43, Loss: 0.0004, lr: 0.000490, Train: 0.9820, Valid: 0.9591, Test: 0.9532
Run: 09, Epoch: 44, Loss: 0.0004, lr: 0.000490, Train: 0.9826, Valid: 0.9592, Test: 0.9533
Run: 09, Epoch: 45, Loss: 0.0004, lr: 0.000490, Train: 0.9826, Valid: 0.9586, Test: 0.9532
Run: 09, Epoch: 46, Loss: 0.0003, lr: 0.000490, Train: 0.9825, Valid: 0.9577, Test: 0.9529
Run: 09, Epoch: 47, Loss: 0.0003, lr: 0.000490, Train: 0.9824, Valid: 0.9568, Test: 0.9526
Run: 09, Epoch: 48, Loss: 0.0003, lr: 0.000490, Train: 0.9825, Valid: 0.9565, Test: 0.9526
Run: 09, Epoch: 49, Loss: 0.0003, lr: 0.000490, Train: 0.9829, Valid: 0.9568, Test: 0.9529
Run: 09, Epoch: 50, Loss: 0.0003, lr: 0.000490, Train: 0.9836, Valid: 0.9573, Test: 0.9533
Run: 09, Epoch: 51, Loss: 0.0003, lr: 0.000343, Train: 0.9846, Valid: 0.9585, Test: 0.9541
Run: 09, Epoch: 52, Loss: 0.0003, lr: 0.000343, Train: 0.9855, Valid: 0.9596, Test: 0.9546
Run: 09, Epoch: 53, Loss: 0.0003, lr: 0.000343, Train: 0.9862, Valid: 0.9604, Test: 0.9549
Run: 09, Epoch: 54, Loss: 0.0003, lr: 0.000343, Train: 0.9868, Valid: 0.9610, Test: 0.9551
Run: 09, Epoch: 55, Loss: 0.0003, lr: 0.000343, Train: 0.9872, Valid: 0.9614, Test: 0.9551
Run: 09, Epoch: 56, Loss: 0.0003, lr: 0.000343, Train: 0.9876, Valid: 0.9617, Test: 0.9549
Run: 09, Epoch: 57, Loss: 0.0003, lr: 0.000343, Train: 0.9879, Valid: 0.9619, Test: 0.9547
Run: 09, Epoch: 58, Loss: 0.0002, lr: 0.000343, Train: 0.9882, Valid: 0.9622, Test: 0.9545
Run: 09, Epoch: 59, Loss: 0.0002, lr: 0.000343, Train: 0.9885, Valid: 0.9625, Test: 0.9543
Run: 09, Epoch: 60, Loss: 0.0002, lr: 0.000343, Train: 0.9889, Valid: 0.9631, Test: 0.9541
Run: 09, Epoch: 61, Loss: 0.0002, lr: 0.000343, Train: 0.9894, Valid: 0.9638, Test: 0.9540
Run: 09, Epoch: 62, Loss: 0.0002, lr: 0.000343, Train: 0.9900, Valid: 0.9646, Test: 0.9540
Run: 09, Epoch: 63, Loss: 0.0002, lr: 0.000343, Train: 0.9905, Valid: 0.9656, Test: 0.9539
Run: 09, Epoch: 64, Loss: 0.0002, lr: 0.000343, Train: 0.9911, Valid: 0.9666, Test: 0.9539
Run: 09, Epoch: 65, Loss: 0.0002, lr: 0.000343, Train: 0.9916, Valid: 0.9674, Test: 0.9538
Run: 09, Epoch: 66, Loss: 0.0002, lr: 0.000343, Train: 0.9919, Valid: 0.9680, Test: 0.9537
Run: 09, Epoch: 67, Loss: 0.0002, lr: 0.000343, Train: 0.9922, Valid: 0.9685, Test: 0.9536
Run: 09, Epoch: 68, Loss: 0.0002, lr: 0.000343, Train: 0.9924, Valid: 0.9687, Test: 0.9533
Run: 09, Epoch: 69, Loss: 0.0002, lr: 0.000343, Train: 0.9924, Valid: 0.9687, Test: 0.9530
Run: 09, Epoch: 70, Loss: 0.0002, lr: 0.000343, Train: 0.9925, Valid: 0.9686, Test: 0.9527
Run: 09, Epoch: 71, Loss: 0.0002, lr: 0.000343, Train: 0.9925, Valid: 0.9684, Test: 0.9523
Run: 09, Epoch: 72, Loss: 0.0002, lr: 0.000343, Train: 0.9925, Valid: 0.9682, Test: 0.9519
Run: 09, Epoch: 73, Loss: 0.0002, lr: 0.000343, Train: 0.9924, Valid: 0.9679, Test: 0.9515
Run: 09, Epoch: 74, Loss: 0.0002, lr: 0.000343, Train: 0.9924, Valid: 0.9676, Test: 0.9512
Run: 09, Epoch: 75, Loss: 0.0002, lr: 0.000240, Train: 0.9926, Valid: 0.9677, Test: 0.9511
Run: 09, Epoch: 76, Loss: 0.0002, lr: 0.000240, Train: 0.9927, Valid: 0.9678, Test: 0.9510
Run: 09, Epoch: 77, Loss: 0.0002, lr: 0.000240, Train: 0.9929, Valid: 0.9679, Test: 0.9510
Run: 09, Epoch: 78, Loss: 0.0002, lr: 0.000240, Train: 0.9930, Valid: 0.9679, Test: 0.9509
Run: 09, Epoch: 79, Loss: 0.0002, lr: 0.000240, Train: 0.9931, Valid: 0.9679, Test: 0.9509
Run: 09, Epoch: 80, Loss: 0.0002, lr: 0.000240, Train: 0.9932, Valid: 0.9679, Test: 0.9508
Run: 09, Epoch: 81, Loss: 0.0002, lr: 0.000168, Train: 0.9935, Valid: 0.9682, Test: 0.9509
Run: 09, Epoch: 82, Loss: 0.0002, lr: 0.000168, Train: 0.9938, Valid: 0.9685, Test: 0.9510
Run: 09, Epoch: 83, Loss: 0.0002, lr: 0.000168, Train: 0.9940, Valid: 0.9688, Test: 0.9511
Run: 09, Epoch: 84, Loss: 0.0002, lr: 0.000168, Train: 0.9942, Valid: 0.9691, Test: 0.9512
Run: 09, Epoch: 85, Loss: 0.0002, lr: 0.000168, Train: 0.9945, Valid: 0.9694, Test: 0.9513
Run: 09, Epoch: 86, Loss: 0.0002, lr: 0.000168, Train: 0.9947, Valid: 0.9697, Test: 0.9514
Run: 09, Epoch: 87, Loss: 0.0001, lr: 0.000168, Train: 0.9949, Valid: 0.9699, Test: 0.9514
Run: 09, Epoch: 88, Loss: 0.0001, lr: 0.000168, Train: 0.9950, Valid: 0.9702, Test: 0.9514
Run: 09, Epoch: 89, Loss: 0.0001, lr: 0.000168, Train: 0.9952, Valid: 0.9704, Test: 0.9515
Run: 09, Epoch: 90, Loss: 0.0001, lr: 0.000168, Train: 0.9953, Valid: 0.9706, Test: 0.9515
Run: 09, Epoch: 91, Loss: 0.0001, lr: 0.000168, Train: 0.9954, Valid: 0.9708, Test: 0.9515
Run: 09, Epoch: 92, Loss: 0.0001, lr: 0.000168, Train: 0.9955, Valid: 0.9709, Test: 0.9515
Run: 09, Epoch: 93, Loss: 0.0001, lr: 0.000168, Train: 0.9956, Valid: 0.9711, Test: 0.9515
Run: 09, Epoch: 94, Loss: 0.0001, lr: 0.000168, Train: 0.9957, Valid: 0.9712, Test: 0.9515
Run: 09, Epoch: 95, Loss: 0.0001, lr: 0.000168, Train: 0.9958, Valid: 0.9713, Test: 0.9515
Run: 09, Epoch: 96, Loss: 0.0001, lr: 0.000168, Train: 0.9959, Valid: 0.9714, Test: 0.9514
Run: 09, Epoch: 97, Loss: 0.0001, lr: 0.000168, Train: 0.9960, Valid: 0.9715, Test: 0.9514
Run: 09, Epoch: 98, Loss: 0.0001, lr: 0.000168, Train: 0.9960, Valid: 0.9716, Test: 0.9514
Run: 09, Epoch: 99, Loss: 0.0001, lr: 0.000168, Train: 0.9961, Valid: 0.9717, Test: 0.9514
Run: 09, Epoch: 100, Loss: 0.0001, lr: 0.000168, Train: 0.9962, Valid: 0.9718, Test: 0.9513
Run 09:
Highest Train: 1.00
Highest Valid: 0.97
  Final Train: 1.00
   Final Test: 0.95
Run: 10, Epoch: 01, Loss: 0.0471, lr: 0.001000, Train: 0.4959, Valid: -0.0948, Test: 0.2525
Run: 10, Epoch: 02, Loss: 0.0082, lr: 0.001000, Train: 0.6512, Valid: 0.2266, Test: 0.4247
Run: 10, Epoch: 03, Loss: 0.0071, lr: 0.001000, Train: 0.7128, Valid: 0.4015, Test: 0.4947
Run: 10, Epoch: 04, Loss: 0.0071, lr: 0.001000, Train: 0.7420, Valid: 0.4801, Test: 0.5276
Run: 10, Epoch: 05, Loss: 0.0071, lr: 0.001000, Train: 0.7622, Valid: 0.5238, Test: 0.5584
Run: 10, Epoch: 06, Loss: 0.0065, lr: 0.001000, Train: 0.7811, Valid: 0.5595, Test: 0.5912
Run: 10, Epoch: 07, Loss: 0.0053, lr: 0.001000, Train: 0.7995, Valid: 0.5913, Test: 0.6249
Run: 10, Epoch: 08, Loss: 0.0039, lr: 0.001000, Train: 0.8149, Valid: 0.6185, Test: 0.6584
Run: 10, Epoch: 09, Loss: 0.0028, lr: 0.001000, Train: 0.8268, Valid: 0.6391, Test: 0.6895
Run: 10, Epoch: 10, Loss: 0.0022, lr: 0.001000, Train: 0.8358, Valid: 0.6581, Test: 0.7161
Run: 10, Epoch: 11, Loss: 0.0020, lr: 0.001000, Train: 0.8442, Valid: 0.6871, Test: 0.7382
Run: 10, Epoch: 12, Loss: 0.0018, lr: 0.001000, Train: 0.8540, Valid: 0.7233, Test: 0.7566
Run: 10, Epoch: 13, Loss: 0.0017, lr: 0.001000, Train: 0.8654, Valid: 0.7568, Test: 0.7720
Run: 10, Epoch: 14, Loss: 0.0016, lr: 0.001000, Train: 0.8786, Valid: 0.7874, Test: 0.7858
Run: 10, Epoch: 15, Loss: 0.0014, lr: 0.001000, Train: 0.8927, Valid: 0.8087, Test: 0.7985
Run: 10, Epoch: 16, Loss: 0.0013, lr: 0.001000, Train: 0.9052, Valid: 0.8184, Test: 0.8095
Run: 10, Epoch: 17, Loss: 0.0011, lr: 0.001000, Train: 0.9146, Valid: 0.8213, Test: 0.8183
Run: 10, Epoch: 18, Loss: 0.0010, lr: 0.001000, Train: 0.9196, Valid: 0.8208, Test: 0.8235
Run: 10, Epoch: 19, Loss: 0.0009, lr: 0.001000, Train: 0.9209, Valid: 0.8240, Test: 0.8276
Run: 10, Epoch: 20, Loss: 0.0009, lr: 0.001000, Train: 0.9220, Valid: 0.8365, Test: 0.8339
Run: 10, Epoch: 21, Loss: 0.0008, lr: 0.001000, Train: 0.9261, Valid: 0.8587, Test: 0.8437
Run: 10, Epoch: 22, Loss: 0.0008, lr: 0.001000, Train: 0.9338, Valid: 0.8832, Test: 0.8563
Run: 10, Epoch: 23, Loss: 0.0007, lr: 0.001000, Train: 0.9445, Valid: 0.9053, Test: 0.8706
Run: 10, Epoch: 24, Loss: 0.0007, lr: 0.001000, Train: 0.9552, Valid: 0.9207, Test: 0.8834
Run: 10, Epoch: 25, Loss: 0.0006, lr: 0.001000, Train: 0.9633, Valid: 0.9279, Test: 0.8917
Run: 10, Epoch: 26, Loss: 0.0006, lr: 0.001000, Train: 0.9673, Valid: 0.9299, Test: 0.8939
Run: 10, Epoch: 27, Loss: 0.0005, lr: 0.001000, Train: 0.9676, Valid: 0.9289, Test: 0.8894
Run: 10, Epoch: 28, Loss: 0.0005, lr: 0.001000, Train: 0.9638, Valid: 0.9265, Test: 0.8814
Run: 10, Epoch: 29, Loss: 0.0004, lr: 0.001000, Train: 0.9558, Valid: 0.9207, Test: 0.8705
Run: 10, Epoch: 30, Loss: 0.0004, lr: 0.001000, Train: 0.9454, Valid: 0.9126, Test: 0.8583
Run: 10, Epoch: 31, Loss: 0.0004, lr: 0.001000, Train: 0.9347, Valid: 0.9043, Test: 0.8475
Run: 10, Epoch: 32, Loss: 0.0004, lr: 0.001000, Train: 0.9261, Valid: 0.8970, Test: 0.8397
Run: 10, Epoch: 33, Loss: 0.0003, lr: 0.000700, Train: 0.9268, Valid: 0.8996, Test: 0.8410
Run: 10, Epoch: 34, Loss: 0.0003, lr: 0.000700, Train: 0.9293, Valid: 0.9037, Test: 0.8435
Run: 10, Epoch: 35, Loss: 0.0003, lr: 0.000700, Train: 0.9323, Valid: 0.9083, Test: 0.8462
Run: 10, Epoch: 36, Loss: 0.0003, lr: 0.000700, Train: 0.9351, Valid: 0.9123, Test: 0.8485
Run: 10, Epoch: 37, Loss: 0.0003, lr: 0.000700, Train: 0.9371, Valid: 0.9152, Test: 0.8498
Run: 10, Epoch: 38, Loss: 0.0003, lr: 0.000700, Train: 0.9384, Valid: 0.9167, Test: 0.8502
Run: 10, Epoch: 39, Loss: 0.0003, lr: 0.000490, Train: 0.9421, Valid: 0.9209, Test: 0.8533
Run: 10, Epoch: 40, Loss: 0.0003, lr: 0.000490, Train: 0.9451, Valid: 0.9238, Test: 0.8557
Run: 10, Epoch: 41, Loss: 0.0002, lr: 0.000490, Train: 0.9474, Valid: 0.9259, Test: 0.8577
Run: 10, Epoch: 42, Loss: 0.0002, lr: 0.000490, Train: 0.9493, Valid: 0.9272, Test: 0.8596
Run: 10, Epoch: 43, Loss: 0.0002, lr: 0.000490, Train: 0.9510, Valid: 0.9282, Test: 0.8614
Run: 10, Epoch: 44, Loss: 0.0002, lr: 0.000490, Train: 0.9526, Valid: 0.9291, Test: 0.8633
Run: 10, Epoch: 45, Loss: 0.0002, lr: 0.000343, Train: 0.9564, Valid: 0.9328, Test: 0.8674
Run: 10, Epoch: 46, Loss: 0.0002, lr: 0.000343, Train: 0.9602, Valid: 0.9364, Test: 0.8716
Run: 10, Epoch: 47, Loss: 0.0002, lr: 0.000343, Train: 0.9640, Valid: 0.9401, Test: 0.8758
Run: 10, Epoch: 48, Loss: 0.0002, lr: 0.000343, Train: 0.9679, Valid: 0.9435, Test: 0.8800
Run: 10, Epoch: 49, Loss: 0.0002, lr: 0.000343, Train: 0.9718, Valid: 0.9467, Test: 0.8841
Run: 10, Epoch: 50, Loss: 0.0002, lr: 0.000343, Train: 0.9754, Valid: 0.9494, Test: 0.8880
Run: 10, Epoch: 51, Loss: 0.0002, lr: 0.000343, Train: 0.9787, Valid: 0.9516, Test: 0.8915
Run: 10, Epoch: 52, Loss: 0.0002, lr: 0.000343, Train: 0.9815, Valid: 0.9531, Test: 0.8947
Run: 10, Epoch: 53, Loss: 0.0002, lr: 0.000343, Train: 0.9838, Valid: 0.9543, Test: 0.8974
Run: 10, Epoch: 54, Loss: 0.0002, lr: 0.000343, Train: 0.9857, Valid: 0.9550, Test: 0.8998
Run: 10, Epoch: 55, Loss: 0.0002, lr: 0.000343, Train: 0.9872, Valid: 0.9555, Test: 0.9018
Run: 10, Epoch: 56, Loss: 0.0002, lr: 0.000343, Train: 0.9886, Valid: 0.9556, Test: 0.9035
Run: 10, Epoch: 57, Loss: 0.0002, lr: 0.000343, Train: 0.9897, Valid: 0.9553, Test: 0.9051
Run: 10, Epoch: 58, Loss: 0.0002, lr: 0.000343, Train: 0.9908, Valid: 0.9547, Test: 0.9065
Run: 10, Epoch: 59, Loss: 0.0002, lr: 0.000343, Train: 0.9916, Valid: 0.9539, Test: 0.9077
Run: 10, Epoch: 60, Loss: 0.0002, lr: 0.000343, Train: 0.9923, Valid: 0.9530, Test: 0.9087
Run: 10, Epoch: 61, Loss: 0.0002, lr: 0.000343, Train: 0.9929, Valid: 0.9521, Test: 0.9094
Run: 10, Epoch: 62, Loss: 0.0002, lr: 0.000240, Train: 0.9934, Valid: 0.9513, Test: 0.9101
Run: 10, Epoch: 63, Loss: 0.0002, lr: 0.000240, Train: 0.9938, Valid: 0.9506, Test: 0.9106
Run: 10, Epoch: 64, Loss: 0.0002, lr: 0.000240, Train: 0.9942, Valid: 0.9499, Test: 0.9110
Run: 10, Epoch: 65, Loss: 0.0002, lr: 0.000240, Train: 0.9946, Valid: 0.9492, Test: 0.9114
Run: 10, Epoch: 66, Loss: 0.0002, lr: 0.000240, Train: 0.9949, Valid: 0.9484, Test: 0.9117
Run: 10, Epoch: 67, Loss: 0.0002, lr: 0.000240, Train: 0.9952, Valid: 0.9476, Test: 0.9120
Run: 10, Epoch: 68, Loss: 0.0002, lr: 0.000168, Train: 0.9954, Valid: 0.9468, Test: 0.9122
Run: 10, Epoch: 69, Loss: 0.0002, lr: 0.000168, Train: 0.9956, Valid: 0.9461, Test: 0.9124
Run: 10, Epoch: 70, Loss: 0.0002, lr: 0.000168, Train: 0.9958, Valid: 0.9454, Test: 0.9126
Run: 10, Epoch: 71, Loss: 0.0002, lr: 0.000168, Train: 0.9959, Valid: 0.9449, Test: 0.9127
Run: 10, Epoch: 72, Loss: 0.0001, lr: 0.000168, Train: 0.9961, Valid: 0.9444, Test: 0.9128
Run: 10, Epoch: 73, Loss: 0.0001, lr: 0.000168, Train: 0.9961, Valid: 0.9439, Test: 0.9129
Run: 10, Epoch: 74, Loss: 0.0001, lr: 0.000118, Train: 0.9962, Valid: 0.9436, Test: 0.9129
Run: 10, Epoch: 75, Loss: 0.0001, lr: 0.000118, Train: 0.9963, Valid: 0.9432, Test: 0.9129
Run: 10, Epoch: 76, Loss: 0.0001, lr: 0.000118, Train: 0.9963, Valid: 0.9429, Test: 0.9129
Run: 10, Epoch: 77, Loss: 0.0001, lr: 0.000118, Train: 0.9964, Valid: 0.9427, Test: 0.9129
Run: 10, Epoch: 78, Loss: 0.0001, lr: 0.000118, Train: 0.9964, Valid: 0.9424, Test: 0.9128
Run: 10, Epoch: 79, Loss: 0.0001, lr: 0.000118, Train: 0.9965, Valid: 0.9422, Test: 0.9128
Run: 10, Epoch: 80, Loss: 0.0001, lr: 0.000082, Train: 0.9965, Valid: 0.9421, Test: 0.9127
Run: 10, Epoch: 81, Loss: 0.0001, lr: 0.000082, Train: 0.9965, Valid: 0.9419, Test: 0.9127
Run: 10, Epoch: 82, Loss: 0.0001, lr: 0.000082, Train: 0.9965, Valid: 0.9418, Test: 0.9127
Run: 10, Epoch: 83, Loss: 0.0001, lr: 0.000082, Train: 0.9966, Valid: 0.9417, Test: 0.9126
Run: 10, Epoch: 84, Loss: 0.0001, lr: 0.000082, Train: 0.9966, Valid: 0.9416, Test: 0.9126
Run: 10, Epoch: 85, Loss: 0.0001, lr: 0.000082, Train: 0.9966, Valid: 0.9415, Test: 0.9125
Run: 10, Epoch: 86, Loss: 0.0001, lr: 0.000058, Train: 0.9966, Valid: 0.9414, Test: 0.9125
Run: 10, Epoch: 87, Loss: 0.0001, lr: 0.000058, Train: 0.9966, Valid: 0.9413, Test: 0.9125
Run: 10, Epoch: 88, Loss: 0.0001, lr: 0.000058, Train: 0.9966, Valid: 0.9411, Test: 0.9125
Run: 10, Epoch: 89, Loss: 0.0001, lr: 0.000058, Train: 0.9967, Valid: 0.9410, Test: 0.9124
Run: 10, Epoch: 90, Loss: 0.0001, lr: 0.000058, Train: 0.9967, Valid: 0.9408, Test: 0.9124
Run: 10, Epoch: 91, Loss: 0.0001, lr: 0.000058, Train: 0.9967, Valid: 0.9407, Test: 0.9124
Run: 10, Epoch: 92, Loss: 0.0001, lr: 0.000040, Train: 0.9967, Valid: 0.9405, Test: 0.9124
Run: 10, Epoch: 93, Loss: 0.0001, lr: 0.000040, Train: 0.9967, Valid: 0.9404, Test: 0.9124
Run: 10, Epoch: 94, Loss: 0.0001, lr: 0.000040, Train: 0.9967, Valid: 0.9403, Test: 0.9124
Run: 10, Epoch: 95, Loss: 0.0001, lr: 0.000040, Train: 0.9967, Valid: 0.9402, Test: 0.9124
Run: 10, Epoch: 96, Loss: 0.0001, lr: 0.000040, Train: 0.9967, Valid: 0.9401, Test: 0.9124
Run: 10, Epoch: 97, Loss: 0.0001, lr: 0.000040, Train: 0.9967, Valid: 0.9400, Test: 0.9123
Run: 10, Epoch: 98, Loss: 0.0001, lr: 0.000028, Train: 0.9968, Valid: 0.9399, Test: 0.9123
Run: 10, Epoch: 99, Loss: 0.0001, lr: 0.000028, Train: 0.9968, Valid: 0.9399, Test: 0.9123
Run: 10, Epoch: 100, Loss: 0.0001, lr: 0.000028, Train: 0.9968, Valid: 0.9398, Test: 0.9123
Run 10:
Highest Train: 1.00
Highest Valid: 0.96
  Final Train: 0.99
   Final Test: 0.90
All runs:
Highest Train: 1.00  0.00
Highest Valid: 0.94  0.03
  Final Train: 0.99  0.01
   Final Test: 0.94  0.02
