Namespace(conv_layers=3, device=0, dropout=0.0, epochs=100, hidden_dim=256, log_steps=1, lr=0.001, method='gcn', mlp_layers=2, runs=10, subset='chemistry')
Run: 01, Epoch: 01, Loss: 0.0408, lr: 0.001000, Train: -0.1173, Valid: -0.1981, Test: -0.3792
Run: 01, Epoch: 02, Loss: 0.0174, lr: 0.001000, Train: -0.0667, Valid: -0.1819, Test: -0.3235
Run: 01, Epoch: 03, Loss: 0.0152, lr: 0.001000, Train: 0.2695, Valid: 0.1733, Test: 0.1132
Run: 01, Epoch: 04, Loss: 0.0096, lr: 0.001000, Train: 0.6413, Valid: 0.5871, Test: 0.5757
Run: 01, Epoch: 05, Loss: 0.0055, lr: 0.001000, Train: 0.8710, Valid: 0.8652, Test: 0.8402
Run: 01, Epoch: 06, Loss: 0.0049, lr: 0.001000, Train: 0.9037, Valid: 0.9077, Test: 0.8827
Run: 01, Epoch: 07, Loss: 0.0048, lr: 0.001000, Train: 0.9186, Valid: 0.9226, Test: 0.8898
Run: 01, Epoch: 08, Loss: 0.0040, lr: 0.001000, Train: 0.9361, Valid: 0.9423, Test: 0.8963
Run: 01, Epoch: 09, Loss: 0.0034, lr: 0.001000, Train: 0.9254, Valid: 0.9115, Test: 0.8791
Run: 01, Epoch: 10, Loss: 0.0030, lr: 0.001000, Train: 0.8984, Valid: 0.8529, Test: 0.8477
Run: 01, Epoch: 11, Loss: 0.0027, lr: 0.001000, Train: 0.8781, Valid: 0.8082, Test: 0.8243
Run: 01, Epoch: 12, Loss: 0.0025, lr: 0.001000, Train: 0.8760, Valid: 0.7996, Test: 0.8227
Run: 01, Epoch: 13, Loss: 0.0024, lr: 0.001000, Train: 0.8916, Valid: 0.8309, Test: 0.8402
Run: 01, Epoch: 14, Loss: 0.0023, lr: 0.001000, Train: 0.9167, Valid: 0.8877, Test: 0.8655
Run: 01, Epoch: 15, Loss: 0.0021, lr: 0.000700, Train: 0.9340, Valid: 0.9330, Test: 0.8812
Run: 01, Epoch: 16, Loss: 0.0019, lr: 0.000700, Train: 0.9396, Valid: 0.9623, Test: 0.8844
Run: 01, Epoch: 17, Loss: 0.0016, lr: 0.000700, Train: 0.9290, Valid: 0.9593, Test: 0.8752
Run: 01, Epoch: 18, Loss: 0.0015, lr: 0.000700, Train: 0.9057, Valid: 0.9242, Test: 0.8599
Run: 01, Epoch: 19, Loss: 0.0014, lr: 0.000700, Train: 0.8843, Valid: 0.8819, Test: 0.8491
Run: 01, Epoch: 20, Loss: 0.0013, lr: 0.000700, Train: 0.8831, Valid: 0.8642, Test: 0.8541
Run: 01, Epoch: 21, Loss: 0.0013, lr: 0.000700, Train: 0.9053, Valid: 0.8866, Test: 0.8740
Run: 01, Epoch: 22, Loss: 0.0013, lr: 0.000700, Train: 0.9363, Valid: 0.9272, Test: 0.8980
Run: 01, Epoch: 23, Loss: 0.0013, lr: 0.000490, Train: 0.9555, Valid: 0.9536, Test: 0.9126
Run: 01, Epoch: 24, Loss: 0.0012, lr: 0.000490, Train: 0.9671, Valid: 0.9697, Test: 0.9216
Run: 01, Epoch: 25, Loss: 0.0012, lr: 0.000490, Train: 0.9725, Valid: 0.9769, Test: 0.9262
Run: 01, Epoch: 26, Loss: 0.0012, lr: 0.000490, Train: 0.9745, Valid: 0.9796, Test: 0.9285
Run: 01, Epoch: 27, Loss: 0.0011, lr: 0.000490, Train: 0.9752, Valid: 0.9809, Test: 0.9298
Run: 01, Epoch: 28, Loss: 0.0011, lr: 0.000490, Train: 0.9756, Valid: 0.9824, Test: 0.9304
Run: 01, Epoch: 29, Loss: 0.0010, lr: 0.000490, Train: 0.9758, Valid: 0.9838, Test: 0.9306
Run: 01, Epoch: 30, Loss: 0.0010, lr: 0.000490, Train: 0.9756, Valid: 0.9848, Test: 0.9303
Run: 01, Epoch: 31, Loss: 0.0010, lr: 0.000490, Train: 0.9754, Valid: 0.9854, Test: 0.9301
Run: 01, Epoch: 32, Loss: 0.0010, lr: 0.000490, Train: 0.9751, Valid: 0.9856, Test: 0.9301
Run: 01, Epoch: 33, Loss: 0.0009, lr: 0.000490, Train: 0.9748, Valid: 0.9855, Test: 0.9304
Run: 01, Epoch: 34, Loss: 0.0009, lr: 0.000490, Train: 0.9743, Valid: 0.9849, Test: 0.9310
Run: 01, Epoch: 35, Loss: 0.0009, lr: 0.000490, Train: 0.9738, Valid: 0.9842, Test: 0.9316
Run: 01, Epoch: 36, Loss: 0.0009, lr: 0.000490, Train: 0.9734, Valid: 0.9837, Test: 0.9319
Run: 01, Epoch: 37, Loss: 0.0009, lr: 0.000490, Train: 0.9735, Valid: 0.9838, Test: 0.9321
Run: 01, Epoch: 38, Loss: 0.0009, lr: 0.000490, Train: 0.9743, Valid: 0.9848, Test: 0.9322
Run: 01, Epoch: 39, Loss: 0.0008, lr: 0.000343, Train: 0.9754, Valid: 0.9859, Test: 0.9325
Run: 01, Epoch: 40, Loss: 0.0008, lr: 0.000343, Train: 0.9765, Valid: 0.9869, Test: 0.9328
Run: 01, Epoch: 41, Loss: 0.0008, lr: 0.000343, Train: 0.9773, Valid: 0.9874, Test: 0.9328
Run: 01, Epoch: 42, Loss: 0.0008, lr: 0.000343, Train: 0.9778, Valid: 0.9875, Test: 0.9327
Run: 01, Epoch: 43, Loss: 0.0008, lr: 0.000343, Train: 0.9780, Valid: 0.9871, Test: 0.9328
Run: 01, Epoch: 44, Loss: 0.0008, lr: 0.000343, Train: 0.9782, Valid: 0.9866, Test: 0.9331
Run: 01, Epoch: 45, Loss: 0.0008, lr: 0.000343, Train: 0.9784, Valid: 0.9862, Test: 0.9339
Run: 01, Epoch: 46, Loss: 0.0008, lr: 0.000343, Train: 0.9788, Valid: 0.9860, Test: 0.9350
Run: 01, Epoch: 47, Loss: 0.0008, lr: 0.000343, Train: 0.9794, Valid: 0.9860, Test: 0.9363
Run: 01, Epoch: 48, Loss: 0.0008, lr: 0.000240, Train: 0.9798, Valid: 0.9860, Test: 0.9372
Run: 01, Epoch: 49, Loss: 0.0007, lr: 0.000240, Train: 0.9801, Valid: 0.9860, Test: 0.9379
Run: 01, Epoch: 50, Loss: 0.0007, lr: 0.000240, Train: 0.9803, Valid: 0.9859, Test: 0.9385
Run: 01, Epoch: 51, Loss: 0.0007, lr: 0.000240, Train: 0.9804, Valid: 0.9857, Test: 0.9389
Run: 01, Epoch: 52, Loss: 0.0007, lr: 0.000240, Train: 0.9806, Valid: 0.9855, Test: 0.9392
Run: 01, Epoch: 53, Loss: 0.0007, lr: 0.000240, Train: 0.9807, Valid: 0.9853, Test: 0.9393
Run: 01, Epoch: 54, Loss: 0.0007, lr: 0.000168, Train: 0.9809, Valid: 0.9853, Test: 0.9394
Run: 01, Epoch: 55, Loss: 0.0007, lr: 0.000168, Train: 0.9811, Valid: 0.9853, Test: 0.9395
Run: 01, Epoch: 56, Loss: 0.0007, lr: 0.000168, Train: 0.9813, Valid: 0.9852, Test: 0.9395
Run: 01, Epoch: 57, Loss: 0.0007, lr: 0.000168, Train: 0.9815, Valid: 0.9852, Test: 0.9394
Run: 01, Epoch: 58, Loss: 0.0007, lr: 0.000168, Train: 0.9816, Valid: 0.9850, Test: 0.9393
Run: 01, Epoch: 59, Loss: 0.0007, lr: 0.000168, Train: 0.9817, Valid: 0.9849, Test: 0.9391
Run: 01, Epoch: 60, Loss: 0.0007, lr: 0.000118, Train: 0.9818, Valid: 0.9849, Test: 0.9391
Run: 01, Epoch: 61, Loss: 0.0007, lr: 0.000118, Train: 0.9819, Valid: 0.9849, Test: 0.9390
Run: 01, Epoch: 62, Loss: 0.0007, lr: 0.000118, Train: 0.9819, Valid: 0.9849, Test: 0.9390
Run: 01, Epoch: 63, Loss: 0.0007, lr: 0.000118, Train: 0.9820, Valid: 0.9850, Test: 0.9390
Run: 01, Epoch: 64, Loss: 0.0007, lr: 0.000118, Train: 0.9821, Valid: 0.9851, Test: 0.9390
Run: 01, Epoch: 65, Loss: 0.0007, lr: 0.000118, Train: 0.9823, Valid: 0.9853, Test: 0.9391
Run: 01, Epoch: 66, Loss: 0.0007, lr: 0.000082, Train: 0.9824, Valid: 0.9855, Test: 0.9391
Run: 01, Epoch: 67, Loss: 0.0007, lr: 0.000082, Train: 0.9824, Valid: 0.9856, Test: 0.9392
Run: 01, Epoch: 68, Loss: 0.0007, lr: 0.000082, Train: 0.9825, Valid: 0.9858, Test: 0.9393
Run: 01, Epoch: 69, Loss: 0.0007, lr: 0.000082, Train: 0.9826, Valid: 0.9859, Test: 0.9394
Run: 01, Epoch: 70, Loss: 0.0007, lr: 0.000082, Train: 0.9827, Valid: 0.9860, Test: 0.9395
Run: 01, Epoch: 71, Loss: 0.0007, lr: 0.000082, Train: 0.9828, Valid: 0.9861, Test: 0.9396
Run: 01, Epoch: 72, Loss: 0.0007, lr: 0.000058, Train: 0.9828, Valid: 0.9862, Test: 0.9396
Run: 01, Epoch: 73, Loss: 0.0007, lr: 0.000058, Train: 0.9829, Valid: 0.9862, Test: 0.9397
Run: 01, Epoch: 74, Loss: 0.0007, lr: 0.000058, Train: 0.9829, Valid: 0.9863, Test: 0.9397
Run: 01, Epoch: 75, Loss: 0.0007, lr: 0.000058, Train: 0.9829, Valid: 0.9863, Test: 0.9397
Run: 01, Epoch: 76, Loss: 0.0007, lr: 0.000058, Train: 0.9830, Valid: 0.9863, Test: 0.9398
Run: 01, Epoch: 77, Loss: 0.0007, lr: 0.000058, Train: 0.9830, Valid: 0.9863, Test: 0.9398
Run: 01, Epoch: 78, Loss: 0.0007, lr: 0.000040, Train: 0.9831, Valid: 0.9863, Test: 0.9398
Run: 01, Epoch: 79, Loss: 0.0007, lr: 0.000040, Train: 0.9831, Valid: 0.9863, Test: 0.9399
Run: 01, Epoch: 80, Loss: 0.0007, lr: 0.000040, Train: 0.9831, Valid: 0.9863, Test: 0.9399
Run: 01, Epoch: 81, Loss: 0.0007, lr: 0.000040, Train: 0.9832, Valid: 0.9863, Test: 0.9399
Run: 01, Epoch: 82, Loss: 0.0007, lr: 0.000040, Train: 0.9832, Valid: 0.9862, Test: 0.9399
Run: 01, Epoch: 83, Loss: 0.0007, lr: 0.000040, Train: 0.9832, Valid: 0.9862, Test: 0.9400
Run: 01, Epoch: 84, Loss: 0.0007, lr: 0.000028, Train: 0.9832, Valid: 0.9862, Test: 0.9400
Run: 01, Epoch: 85, Loss: 0.0007, lr: 0.000028, Train: 0.9833, Valid: 0.9862, Test: 0.9401
Run: 01, Epoch: 86, Loss: 0.0007, lr: 0.000028, Train: 0.9833, Valid: 0.9862, Test: 0.9401
Run: 01, Epoch: 87, Loss: 0.0007, lr: 0.000028, Train: 0.9833, Valid: 0.9862, Test: 0.9401
Run: 01, Epoch: 88, Loss: 0.0007, lr: 0.000028, Train: 0.9833, Valid: 0.9862, Test: 0.9402
Run: 01, Epoch: 89, Loss: 0.0007, lr: 0.000028, Train: 0.9834, Valid: 0.9862, Test: 0.9402
Run: 01, Epoch: 90, Loss: 0.0007, lr: 0.000020, Train: 0.9834, Valid: 0.9861, Test: 0.9402
Run: 01, Epoch: 91, Loss: 0.0007, lr: 0.000020, Train: 0.9834, Valid: 0.9861, Test: 0.9403
Run: 01, Epoch: 92, Loss: 0.0007, lr: 0.000020, Train: 0.9834, Valid: 0.9861, Test: 0.9403
Run: 01, Epoch: 93, Loss: 0.0007, lr: 0.000020, Train: 0.9834, Valid: 0.9861, Test: 0.9403
Run: 01, Epoch: 94, Loss: 0.0007, lr: 0.000020, Train: 0.9834, Valid: 0.9861, Test: 0.9403
Run: 01, Epoch: 95, Loss: 0.0007, lr: 0.000020, Train: 0.9835, Valid: 0.9861, Test: 0.9404
Run: 01, Epoch: 96, Loss: 0.0007, lr: 0.000014, Train: 0.9835, Valid: 0.9861, Test: 0.9404
Run: 01, Epoch: 97, Loss: 0.0007, lr: 0.000014, Train: 0.9835, Valid: 0.9861, Test: 0.9404
Run: 01, Epoch: 98, Loss: 0.0007, lr: 0.000014, Train: 0.9835, Valid: 0.9861, Test: 0.9404
Run: 01, Epoch: 99, Loss: 0.0007, lr: 0.000014, Train: 0.9835, Valid: 0.9861, Test: 0.9404
Run: 01, Epoch: 100, Loss: 0.0006, lr: 0.000014, Train: 0.9835, Valid: 0.9861, Test: 0.9404
Run 01:
Highest Train: 0.98
Highest Valid: 0.99
  Final Train: 0.98
   Final Test: 0.93
Run: 02, Epoch: 01, Loss: 0.0377, lr: 0.001000, Train: -0.3153, Valid: -0.1114, Test: -0.4981
Run: 02, Epoch: 02, Loss: 0.0086, lr: 0.001000, Train: -0.5079, Valid: -0.1617, Test: -0.7235
Run: 02, Epoch: 03, Loss: 0.0091, lr: 0.001000, Train: -0.1932, Valid: 0.1201, Test: -0.4063
Run: 02, Epoch: 04, Loss: 0.0069, lr: 0.001000, Train: 0.2413, Valid: 0.4561, Test: 0.0390
Run: 02, Epoch: 05, Loss: 0.0045, lr: 0.001000, Train: 0.6093, Valid: 0.7106, Test: 0.4423
Run: 02, Epoch: 06, Loss: 0.0031, lr: 0.001000, Train: 0.8365, Valid: 0.8621, Test: 0.7355
Run: 02, Epoch: 07, Loss: 0.0028, lr: 0.001000, Train: 0.9172, Valid: 0.9253, Test: 0.8789
Run: 02, Epoch: 08, Loss: 0.0029, lr: 0.001000, Train: 0.9299, Valid: 0.9442, Test: 0.9133
Run: 02, Epoch: 09, Loss: 0.0026, lr: 0.001000, Train: 0.9339, Valid: 0.9495, Test: 0.9020
Run: 02, Epoch: 10, Loss: 0.0021, lr: 0.001000, Train: 0.9258, Valid: 0.9451, Test: 0.8706
Run: 02, Epoch: 11, Loss: 0.0017, lr: 0.001000, Train: 0.9135, Valid: 0.9374, Test: 0.8458
Run: 02, Epoch: 12, Loss: 0.0015, lr: 0.001000, Train: 0.9092, Valid: 0.9354, Test: 0.8423
Run: 02, Epoch: 13, Loss: 0.0015, lr: 0.001000, Train: 0.9169, Valid: 0.9414, Test: 0.8575
Run: 02, Epoch: 14, Loss: 0.0014, lr: 0.001000, Train: 0.9312, Valid: 0.9527, Test: 0.8824
Run: 02, Epoch: 15, Loss: 0.0013, lr: 0.001000, Train: 0.9445, Valid: 0.9622, Test: 0.9063
Run: 02, Epoch: 16, Loss: 0.0011, lr: 0.001000, Train: 0.9530, Valid: 0.9660, Test: 0.9239
Run: 02, Epoch: 17, Loss: 0.0010, lr: 0.001000, Train: 0.9572, Valid: 0.9659, Test: 0.9347
Run: 02, Epoch: 18, Loss: 0.0009, lr: 0.001000, Train: 0.9595, Valid: 0.9642, Test: 0.9413
Run: 02, Epoch: 19, Loss: 0.0009, lr: 0.001000, Train: 0.9613, Valid: 0.9613, Test: 0.9473
Run: 02, Epoch: 20, Loss: 0.0009, lr: 0.001000, Train: 0.9632, Valid: 0.9592, Test: 0.9531
Run: 02, Epoch: 21, Loss: 0.0008, lr: 0.001000, Train: 0.9666, Valid: 0.9604, Test: 0.9571
Run: 02, Epoch: 22, Loss: 0.0008, lr: 0.001000, Train: 0.9712, Valid: 0.9647, Test: 0.9592
Run: 02, Epoch: 23, Loss: 0.0007, lr: 0.000700, Train: 0.9741, Valid: 0.9676, Test: 0.9594
Run: 02, Epoch: 24, Loss: 0.0007, lr: 0.000700, Train: 0.9757, Valid: 0.9692, Test: 0.9582
Run: 02, Epoch: 25, Loss: 0.0007, lr: 0.000700, Train: 0.9764, Valid: 0.9695, Test: 0.9566
Run: 02, Epoch: 26, Loss: 0.0007, lr: 0.000700, Train: 0.9770, Valid: 0.9686, Test: 0.9554
Run: 02, Epoch: 27, Loss: 0.0006, lr: 0.000700, Train: 0.9775, Valid: 0.9669, Test: 0.9539
Run: 02, Epoch: 28, Loss: 0.0006, lr: 0.000700, Train: 0.9779, Valid: 0.9656, Test: 0.9521
Run: 02, Epoch: 29, Loss: 0.0006, lr: 0.000700, Train: 0.9783, Valid: 0.9647, Test: 0.9497
Run: 02, Epoch: 30, Loss: 0.0006, lr: 0.000700, Train: 0.9788, Valid: 0.9646, Test: 0.9465
Run: 02, Epoch: 31, Loss: 0.0006, lr: 0.000700, Train: 0.9796, Valid: 0.9647, Test: 0.9450
Run: 02, Epoch: 32, Loss: 0.0006, lr: 0.000490, Train: 0.9810, Valid: 0.9648, Test: 0.9469
Run: 02, Epoch: 33, Loss: 0.0006, lr: 0.000490, Train: 0.9823, Valid: 0.9645, Test: 0.9500
Run: 02, Epoch: 34, Loss: 0.0005, lr: 0.000490, Train: 0.9832, Valid: 0.9639, Test: 0.9522
Run: 02, Epoch: 35, Loss: 0.0005, lr: 0.000490, Train: 0.9840, Valid: 0.9638, Test: 0.9529
Run: 02, Epoch: 36, Loss: 0.0005, lr: 0.000490, Train: 0.9846, Valid: 0.9640, Test: 0.9527
Run: 02, Epoch: 37, Loss: 0.0005, lr: 0.000490, Train: 0.9850, Valid: 0.9641, Test: 0.9521
Run: 02, Epoch: 38, Loss: 0.0005, lr: 0.000343, Train: 0.9853, Valid: 0.9639, Test: 0.9520
Run: 02, Epoch: 39, Loss: 0.0005, lr: 0.000343, Train: 0.9855, Valid: 0.9637, Test: 0.9521
Run: 02, Epoch: 40, Loss: 0.0005, lr: 0.000343, Train: 0.9857, Valid: 0.9637, Test: 0.9520
Run: 02, Epoch: 41, Loss: 0.0005, lr: 0.000343, Train: 0.9860, Valid: 0.9640, Test: 0.9516
Run: 02, Epoch: 42, Loss: 0.0005, lr: 0.000343, Train: 0.9862, Valid: 0.9644, Test: 0.9515
Run: 02, Epoch: 43, Loss: 0.0005, lr: 0.000343, Train: 0.9866, Valid: 0.9648, Test: 0.9518
Run: 02, Epoch: 44, Loss: 0.0005, lr: 0.000240, Train: 0.9869, Valid: 0.9650, Test: 0.9524
Run: 02, Epoch: 45, Loss: 0.0005, lr: 0.000240, Train: 0.9871, Valid: 0.9650, Test: 0.9531
Run: 02, Epoch: 46, Loss: 0.0004, lr: 0.000240, Train: 0.9874, Valid: 0.9650, Test: 0.9539
Run: 02, Epoch: 47, Loss: 0.0004, lr: 0.000240, Train: 0.9876, Valid: 0.9650, Test: 0.9545
Run: 02, Epoch: 48, Loss: 0.0004, lr: 0.000240, Train: 0.9877, Valid: 0.9654, Test: 0.9548
Run: 02, Epoch: 49, Loss: 0.0004, lr: 0.000240, Train: 0.9879, Valid: 0.9660, Test: 0.9548
Run: 02, Epoch: 50, Loss: 0.0004, lr: 0.000168, Train: 0.9881, Valid: 0.9665, Test: 0.9547
Run: 02, Epoch: 51, Loss: 0.0004, lr: 0.000168, Train: 0.9882, Valid: 0.9670, Test: 0.9545
Run: 02, Epoch: 52, Loss: 0.0004, lr: 0.000168, Train: 0.9884, Valid: 0.9675, Test: 0.9542
Run: 02, Epoch: 53, Loss: 0.0004, lr: 0.000168, Train: 0.9885, Valid: 0.9678, Test: 0.9540
Run: 02, Epoch: 54, Loss: 0.0004, lr: 0.000168, Train: 0.9885, Valid: 0.9680, Test: 0.9539
Run: 02, Epoch: 55, Loss: 0.0004, lr: 0.000168, Train: 0.9886, Valid: 0.9679, Test: 0.9540
Run: 02, Epoch: 56, Loss: 0.0004, lr: 0.000118, Train: 0.9887, Valid: 0.9677, Test: 0.9543
Run: 02, Epoch: 57, Loss: 0.0004, lr: 0.000118, Train: 0.9887, Valid: 0.9676, Test: 0.9545
Run: 02, Epoch: 58, Loss: 0.0004, lr: 0.000118, Train: 0.9888, Valid: 0.9675, Test: 0.9547
Run: 02, Epoch: 59, Loss: 0.0004, lr: 0.000118, Train: 0.9889, Valid: 0.9675, Test: 0.9549
Run: 02, Epoch: 60, Loss: 0.0004, lr: 0.000118, Train: 0.9889, Valid: 0.9675, Test: 0.9549
Run: 02, Epoch: 61, Loss: 0.0004, lr: 0.000118, Train: 0.9890, Valid: 0.9676, Test: 0.9549
Run: 02, Epoch: 62, Loss: 0.0004, lr: 0.000082, Train: 0.9891, Valid: 0.9678, Test: 0.9549
Run: 02, Epoch: 63, Loss: 0.0004, lr: 0.000082, Train: 0.9892, Valid: 0.9680, Test: 0.9548
Run: 02, Epoch: 64, Loss: 0.0004, lr: 0.000082, Train: 0.9892, Valid: 0.9682, Test: 0.9547
Run: 02, Epoch: 65, Loss: 0.0004, lr: 0.000082, Train: 0.9893, Valid: 0.9684, Test: 0.9546
Run: 02, Epoch: 66, Loss: 0.0004, lr: 0.000082, Train: 0.9893, Valid: 0.9685, Test: 0.9546
Run: 02, Epoch: 67, Loss: 0.0004, lr: 0.000082, Train: 0.9894, Valid: 0.9686, Test: 0.9547
Run: 02, Epoch: 68, Loss: 0.0004, lr: 0.000058, Train: 0.9894, Valid: 0.9686, Test: 0.9548
Run: 02, Epoch: 69, Loss: 0.0004, lr: 0.000058, Train: 0.9894, Valid: 0.9685, Test: 0.9550
Run: 02, Epoch: 70, Loss: 0.0004, lr: 0.000058, Train: 0.9895, Valid: 0.9684, Test: 0.9551
Run: 02, Epoch: 71, Loss: 0.0004, lr: 0.000058, Train: 0.9895, Valid: 0.9684, Test: 0.9553
Run: 02, Epoch: 72, Loss: 0.0004, lr: 0.000058, Train: 0.9895, Valid: 0.9683, Test: 0.9554
Run: 02, Epoch: 73, Loss: 0.0004, lr: 0.000058, Train: 0.9895, Valid: 0.9684, Test: 0.9554
Run: 02, Epoch: 74, Loss: 0.0004, lr: 0.000040, Train: 0.9896, Valid: 0.9684, Test: 0.9554
Run: 02, Epoch: 75, Loss: 0.0004, lr: 0.000040, Train: 0.9896, Valid: 0.9685, Test: 0.9554
Run: 02, Epoch: 76, Loss: 0.0004, lr: 0.000040, Train: 0.9896, Valid: 0.9686, Test: 0.9553
Run: 02, Epoch: 77, Loss: 0.0004, lr: 0.000040, Train: 0.9897, Valid: 0.9686, Test: 0.9553
Run: 02, Epoch: 78, Loss: 0.0004, lr: 0.000040, Train: 0.9897, Valid: 0.9687, Test: 0.9552
Run: 02, Epoch: 79, Loss: 0.0004, lr: 0.000040, Train: 0.9897, Valid: 0.9688, Test: 0.9552
Run: 02, Epoch: 80, Loss: 0.0004, lr: 0.000028, Train: 0.9897, Valid: 0.9688, Test: 0.9552
Run: 02, Epoch: 81, Loss: 0.0004, lr: 0.000028, Train: 0.9897, Valid: 0.9689, Test: 0.9552
Run: 02, Epoch: 82, Loss: 0.0004, lr: 0.000028, Train: 0.9898, Valid: 0.9689, Test: 0.9551
Run: 02, Epoch: 83, Loss: 0.0004, lr: 0.000028, Train: 0.9898, Valid: 0.9689, Test: 0.9551
Run: 02, Epoch: 84, Loss: 0.0004, lr: 0.000028, Train: 0.9898, Valid: 0.9690, Test: 0.9551
Run: 02, Epoch: 85, Loss: 0.0004, lr: 0.000028, Train: 0.9898, Valid: 0.9690, Test: 0.9551
Run: 02, Epoch: 86, Loss: 0.0004, lr: 0.000020, Train: 0.9898, Valid: 0.9690, Test: 0.9552
Run: 02, Epoch: 87, Loss: 0.0004, lr: 0.000020, Train: 0.9898, Valid: 0.9690, Test: 0.9552
Run: 02, Epoch: 88, Loss: 0.0004, lr: 0.000020, Train: 0.9899, Valid: 0.9691, Test: 0.9552
Run: 02, Epoch: 89, Loss: 0.0004, lr: 0.000020, Train: 0.9899, Valid: 0.9691, Test: 0.9552
Run: 02, Epoch: 90, Loss: 0.0004, lr: 0.000020, Train: 0.9899, Valid: 0.9691, Test: 0.9552
Run: 02, Epoch: 91, Loss: 0.0004, lr: 0.000020, Train: 0.9899, Valid: 0.9691, Test: 0.9551
Run: 02, Epoch: 92, Loss: 0.0004, lr: 0.000014, Train: 0.9899, Valid: 0.9692, Test: 0.9551
Run: 02, Epoch: 93, Loss: 0.0004, lr: 0.000014, Train: 0.9899, Valid: 0.9692, Test: 0.9551
Run: 02, Epoch: 94, Loss: 0.0004, lr: 0.000014, Train: 0.9899, Valid: 0.9692, Test: 0.9551
Run: 02, Epoch: 95, Loss: 0.0004, lr: 0.000014, Train: 0.9899, Valid: 0.9692, Test: 0.9551
Run: 02, Epoch: 96, Loss: 0.0004, lr: 0.000014, Train: 0.9899, Valid: 0.9693, Test: 0.9551
Run: 02, Epoch: 97, Loss: 0.0004, lr: 0.000014, Train: 0.9900, Valid: 0.9693, Test: 0.9551
Run: 02, Epoch: 98, Loss: 0.0004, lr: 0.000010, Train: 0.9900, Valid: 0.9693, Test: 0.9551
Run: 02, Epoch: 99, Loss: 0.0004, lr: 0.000010, Train: 0.9900, Valid: 0.9693, Test: 0.9551
Run: 02, Epoch: 100, Loss: 0.0004, lr: 0.000010, Train: 0.9900, Valid: 0.9693, Test: 0.9551
Run 02:
Highest Train: 0.99
Highest Valid: 0.97
  Final Train: 0.98
   Final Test: 0.96
Run: 03, Epoch: 01, Loss: 0.0319, lr: 0.001000, Train: -0.3155, Valid: -0.0817, Test: -0.1019
Run: 03, Epoch: 02, Loss: 0.0132, lr: 0.001000, Train: -0.0077, Valid: 0.2442, Test: 0.2150
Run: 03, Epoch: 03, Loss: 0.0097, lr: 0.001000, Train: 0.5070, Valid: 0.7434, Test: 0.6569
Run: 03, Epoch: 04, Loss: 0.0060, lr: 0.001000, Train: 0.7825, Valid: 0.8749, Test: 0.8371
Run: 03, Epoch: 05, Loss: 0.0045, lr: 0.001000, Train: 0.8461, Valid: 0.8683, Test: 0.8727
Run: 03, Epoch: 06, Loss: 0.0036, lr: 0.001000, Train: 0.8381, Valid: 0.9067, Test: 0.8826
Run: 03, Epoch: 07, Loss: 0.0033, lr: 0.001000, Train: 0.8117, Valid: 0.9076, Test: 0.8806
Run: 03, Epoch: 08, Loss: 0.0034, lr: 0.001000, Train: 0.8080, Valid: 0.9010, Test: 0.8896
Run: 03, Epoch: 09, Loss: 0.0033, lr: 0.001000, Train: 0.8336, Valid: 0.9101, Test: 0.9119
Run: 03, Epoch: 10, Loss: 0.0029, lr: 0.001000, Train: 0.8733, Valid: 0.9286, Test: 0.9343
Run: 03, Epoch: 11, Loss: 0.0025, lr: 0.001000, Train: 0.9092, Valid: 0.9428, Test: 0.9439
Run: 03, Epoch: 12, Loss: 0.0022, lr: 0.001000, Train: 0.9301, Valid: 0.9398, Test: 0.9366
Run: 03, Epoch: 13, Loss: 0.0019, lr: 0.001000, Train: 0.9294, Valid: 0.9130, Test: 0.9153
Run: 03, Epoch: 14, Loss: 0.0017, lr: 0.001000, Train: 0.9171, Valid: 0.8784, Test: 0.8969
Run: 03, Epoch: 15, Loss: 0.0016, lr: 0.001000, Train: 0.9120, Valid: 0.8699, Test: 0.8966
Run: 03, Epoch: 16, Loss: 0.0014, lr: 0.001000, Train: 0.9201, Valid: 0.8897, Test: 0.9125
Run: 03, Epoch: 17, Loss: 0.0014, lr: 0.001000, Train: 0.9268, Valid: 0.8993, Test: 0.9228
Run: 03, Epoch: 18, Loss: 0.0014, lr: 0.000700, Train: 0.9303, Valid: 0.8935, Test: 0.9261
Run: 03, Epoch: 19, Loss: 0.0014, lr: 0.000700, Train: 0.9326, Valid: 0.8820, Test: 0.9265
Run: 03, Epoch: 20, Loss: 0.0013, lr: 0.000700, Train: 0.9407, Valid: 0.8868, Test: 0.9315
Run: 03, Epoch: 21, Loss: 0.0012, lr: 0.000700, Train: 0.9543, Valid: 0.9115, Test: 0.9422
Run: 03, Epoch: 22, Loss: 0.0011, lr: 0.000700, Train: 0.9644, Valid: 0.9318, Test: 0.9523
Run: 03, Epoch: 23, Loss: 0.0010, lr: 0.000700, Train: 0.9685, Valid: 0.9409, Test: 0.9584
Run: 03, Epoch: 24, Loss: 0.0010, lr: 0.000490, Train: 0.9692, Valid: 0.9423, Test: 0.9605
Run: 03, Epoch: 25, Loss: 0.0010, lr: 0.000490, Train: 0.9691, Valid: 0.9416, Test: 0.9614
Run: 03, Epoch: 26, Loss: 0.0010, lr: 0.000490, Train: 0.9689, Valid: 0.9406, Test: 0.9619
Run: 03, Epoch: 27, Loss: 0.0009, lr: 0.000490, Train: 0.9685, Valid: 0.9395, Test: 0.9625
Run: 03, Epoch: 28, Loss: 0.0009, lr: 0.000490, Train: 0.9676, Valid: 0.9384, Test: 0.9633
Run: 03, Epoch: 29, Loss: 0.0009, lr: 0.000490, Train: 0.9660, Valid: 0.9371, Test: 0.9641
Run: 03, Epoch: 30, Loss: 0.0009, lr: 0.000343, Train: 0.9654, Valid: 0.9367, Test: 0.9643
Run: 03, Epoch: 31, Loss: 0.0008, lr: 0.000343, Train: 0.9652, Valid: 0.9368, Test: 0.9645
Run: 03, Epoch: 32, Loss: 0.0008, lr: 0.000343, Train: 0.9661, Valid: 0.9374, Test: 0.9647
Run: 03, Epoch: 33, Loss: 0.0008, lr: 0.000343, Train: 0.9678, Valid: 0.9389, Test: 0.9651
Run: 03, Epoch: 34, Loss: 0.0008, lr: 0.000343, Train: 0.9706, Valid: 0.9416, Test: 0.9653
Run: 03, Epoch: 35, Loss: 0.0008, lr: 0.000343, Train: 0.9734, Valid: 0.9446, Test: 0.9653
Run: 03, Epoch: 36, Loss: 0.0008, lr: 0.000343, Train: 0.9755, Valid: 0.9466, Test: 0.9649
Run: 03, Epoch: 37, Loss: 0.0008, lr: 0.000343, Train: 0.9767, Valid: 0.9479, Test: 0.9644
Run: 03, Epoch: 38, Loss: 0.0007, lr: 0.000343, Train: 0.9774, Valid: 0.9488, Test: 0.9643
Run: 03, Epoch: 39, Loss: 0.0007, lr: 0.000343, Train: 0.9777, Valid: 0.9495, Test: 0.9646
Run: 03, Epoch: 40, Loss: 0.0007, lr: 0.000343, Train: 0.9778, Valid: 0.9499, Test: 0.9649
Run: 03, Epoch: 41, Loss: 0.0007, lr: 0.000343, Train: 0.9781, Valid: 0.9503, Test: 0.9649
Run: 03, Epoch: 42, Loss: 0.0007, lr: 0.000343, Train: 0.9787, Valid: 0.9507, Test: 0.9646
Run: 03, Epoch: 43, Loss: 0.0007, lr: 0.000343, Train: 0.9795, Valid: 0.9511, Test: 0.9641
Run: 03, Epoch: 44, Loss: 0.0007, lr: 0.000343, Train: 0.9802, Valid: 0.9515, Test: 0.9635
Run: 03, Epoch: 45, Loss: 0.0007, lr: 0.000343, Train: 0.9806, Valid: 0.9519, Test: 0.9630
Run: 03, Epoch: 46, Loss: 0.0007, lr: 0.000343, Train: 0.9810, Valid: 0.9524, Test: 0.9629
Run: 03, Epoch: 47, Loss: 0.0006, lr: 0.000343, Train: 0.9812, Valid: 0.9530, Test: 0.9631
Run: 03, Epoch: 48, Loss: 0.0006, lr: 0.000343, Train: 0.9812, Valid: 0.9533, Test: 0.9635
Run: 03, Epoch: 49, Loss: 0.0006, lr: 0.000343, Train: 0.9811, Valid: 0.9532, Test: 0.9637
Run: 03, Epoch: 50, Loss: 0.0006, lr: 0.000343, Train: 0.9812, Valid: 0.9530, Test: 0.9637
Run: 03, Epoch: 51, Loss: 0.0006, lr: 0.000343, Train: 0.9815, Valid: 0.9528, Test: 0.9635
Run: 03, Epoch: 52, Loss: 0.0006, lr: 0.000343, Train: 0.9819, Valid: 0.9527, Test: 0.9633
Run: 03, Epoch: 53, Loss: 0.0006, lr: 0.000343, Train: 0.9822, Valid: 0.9525, Test: 0.9632
Run: 03, Epoch: 54, Loss: 0.0006, lr: 0.000343, Train: 0.9824, Valid: 0.9522, Test: 0.9630
Run: 03, Epoch: 55, Loss: 0.0006, lr: 0.000240, Train: 0.9827, Valid: 0.9521, Test: 0.9630
Run: 03, Epoch: 56, Loss: 0.0006, lr: 0.000240, Train: 0.9828, Valid: 0.9520, Test: 0.9630
Run: 03, Epoch: 57, Loss: 0.0006, lr: 0.000240, Train: 0.9830, Valid: 0.9519, Test: 0.9630
Run: 03, Epoch: 58, Loss: 0.0006, lr: 0.000240, Train: 0.9833, Valid: 0.9518, Test: 0.9628
Run: 03, Epoch: 59, Loss: 0.0006, lr: 0.000240, Train: 0.9836, Valid: 0.9517, Test: 0.9626
Run: 03, Epoch: 60, Loss: 0.0006, lr: 0.000240, Train: 0.9839, Valid: 0.9515, Test: 0.9622
Run: 03, Epoch: 61, Loss: 0.0006, lr: 0.000168, Train: 0.9841, Valid: 0.9514, Test: 0.9620
Run: 03, Epoch: 62, Loss: 0.0005, lr: 0.000168, Train: 0.9843, Valid: 0.9512, Test: 0.9617
Run: 03, Epoch: 63, Loss: 0.0005, lr: 0.000168, Train: 0.9845, Valid: 0.9511, Test: 0.9615
Run: 03, Epoch: 64, Loss: 0.0005, lr: 0.000168, Train: 0.9847, Valid: 0.9510, Test: 0.9613
Run: 03, Epoch: 65, Loss: 0.0005, lr: 0.000168, Train: 0.9848, Valid: 0.9511, Test: 0.9611
Run: 03, Epoch: 66, Loss: 0.0005, lr: 0.000168, Train: 0.9849, Valid: 0.9511, Test: 0.9610
Run: 03, Epoch: 67, Loss: 0.0005, lr: 0.000118, Train: 0.9850, Valid: 0.9512, Test: 0.9610
Run: 03, Epoch: 68, Loss: 0.0005, lr: 0.000118, Train: 0.9852, Valid: 0.9513, Test: 0.9609
Run: 03, Epoch: 69, Loss: 0.0005, lr: 0.000118, Train: 0.9853, Valid: 0.9513, Test: 0.9608
Run: 03, Epoch: 70, Loss: 0.0005, lr: 0.000118, Train: 0.9854, Valid: 0.9513, Test: 0.9607
Run: 03, Epoch: 71, Loss: 0.0005, lr: 0.000118, Train: 0.9855, Valid: 0.9513, Test: 0.9607
Run: 03, Epoch: 72, Loss: 0.0005, lr: 0.000118, Train: 0.9855, Valid: 0.9513, Test: 0.9607
Run: 03, Epoch: 73, Loss: 0.0005, lr: 0.000082, Train: 0.9856, Valid: 0.9514, Test: 0.9607
Run: 03, Epoch: 74, Loss: 0.0005, lr: 0.000082, Train: 0.9857, Valid: 0.9515, Test: 0.9608
Run: 03, Epoch: 75, Loss: 0.0005, lr: 0.000082, Train: 0.9858, Valid: 0.9517, Test: 0.9608
Run: 03, Epoch: 76, Loss: 0.0005, lr: 0.000082, Train: 0.9858, Valid: 0.9518, Test: 0.9609
Run: 03, Epoch: 77, Loss: 0.0005, lr: 0.000082, Train: 0.9859, Valid: 0.9519, Test: 0.9610
Run: 03, Epoch: 78, Loss: 0.0005, lr: 0.000082, Train: 0.9860, Valid: 0.9519, Test: 0.9610
Run: 03, Epoch: 79, Loss: 0.0005, lr: 0.000058, Train: 0.9860, Valid: 0.9519, Test: 0.9610
Run: 03, Epoch: 80, Loss: 0.0005, lr: 0.000058, Train: 0.9861, Valid: 0.9520, Test: 0.9611
Run: 03, Epoch: 81, Loss: 0.0005, lr: 0.000058, Train: 0.9861, Valid: 0.9520, Test: 0.9611
Run: 03, Epoch: 82, Loss: 0.0005, lr: 0.000058, Train: 0.9861, Valid: 0.9520, Test: 0.9611
Run: 03, Epoch: 83, Loss: 0.0005, lr: 0.000058, Train: 0.9862, Valid: 0.9520, Test: 0.9611
Run: 03, Epoch: 84, Loss: 0.0005, lr: 0.000058, Train: 0.9862, Valid: 0.9519, Test: 0.9611
Run: 03, Epoch: 85, Loss: 0.0005, lr: 0.000040, Train: 0.9862, Valid: 0.9519, Test: 0.9611
Run: 03, Epoch: 86, Loss: 0.0005, lr: 0.000040, Train: 0.9863, Valid: 0.9519, Test: 0.9611
Run: 03, Epoch: 87, Loss: 0.0005, lr: 0.000040, Train: 0.9863, Valid: 0.9519, Test: 0.9610
Run: 03, Epoch: 88, Loss: 0.0005, lr: 0.000040, Train: 0.9863, Valid: 0.9519, Test: 0.9610
Run: 03, Epoch: 89, Loss: 0.0005, lr: 0.000040, Train: 0.9864, Valid: 0.9518, Test: 0.9610
Run: 03, Epoch: 90, Loss: 0.0005, lr: 0.000040, Train: 0.9864, Valid: 0.9518, Test: 0.9610
Run: 03, Epoch: 91, Loss: 0.0005, lr: 0.000028, Train: 0.9864, Valid: 0.9518, Test: 0.9610
Run: 03, Epoch: 92, Loss: 0.0005, lr: 0.000028, Train: 0.9864, Valid: 0.9518, Test: 0.9610
Run: 03, Epoch: 93, Loss: 0.0005, lr: 0.000028, Train: 0.9865, Valid: 0.9517, Test: 0.9610
Run: 03, Epoch: 94, Loss: 0.0005, lr: 0.000028, Train: 0.9865, Valid: 0.9517, Test: 0.9610
Run: 03, Epoch: 95, Loss: 0.0005, lr: 0.000028, Train: 0.9865, Valid: 0.9517, Test: 0.9610
Run: 03, Epoch: 96, Loss: 0.0005, lr: 0.000028, Train: 0.9865, Valid: 0.9517, Test: 0.9610
Run: 03, Epoch: 97, Loss: 0.0005, lr: 0.000020, Train: 0.9865, Valid: 0.9517, Test: 0.9610
Run: 03, Epoch: 98, Loss: 0.0005, lr: 0.000020, Train: 0.9866, Valid: 0.9518, Test: 0.9610
Run: 03, Epoch: 99, Loss: 0.0005, lr: 0.000020, Train: 0.9866, Valid: 0.9518, Test: 0.9610
Run: 03, Epoch: 100, Loss: 0.0005, lr: 0.000020, Train: 0.9866, Valid: 0.9518, Test: 0.9610
Run 03:
Highest Train: 0.99
Highest Valid: 0.95
  Final Train: 0.98
   Final Test: 0.96
Run: 04, Epoch: 01, Loss: 0.0490, lr: 0.001000, Train: -0.4081, Valid: -1.2021, Test: -0.4721
Run: 04, Epoch: 02, Loss: 0.0081, lr: 0.001000, Train: -0.4860, Valid: -1.6048, Test: -0.7462
Run: 04, Epoch: 03, Loss: 0.0088, lr: 0.001000, Train: -0.1864, Valid: -1.3286, Test: -0.5022
Run: 04, Epoch: 04, Loss: 0.0076, lr: 0.001000, Train: 0.2013, Valid: -0.7447, Test: -0.0701
Run: 04, Epoch: 05, Loss: 0.0051, lr: 0.001000, Train: 0.5651, Valid: -0.0335, Test: 0.3991
Run: 04, Epoch: 06, Loss: 0.0032, lr: 0.001000, Train: 0.8255, Valid: 0.5635, Test: 0.7635
Run: 04, Epoch: 07, Loss: 0.0026, lr: 0.001000, Train: 0.9293, Valid: 0.8545, Test: 0.8915
Run: 04, Epoch: 08, Loss: 0.0026, lr: 0.001000, Train: 0.8942, Valid: 0.8373, Test: 0.8143
Run: 04, Epoch: 09, Loss: 0.0025, lr: 0.001000, Train: 0.8168, Valid: 0.6758, Test: 0.6893
Run: 04, Epoch: 10, Loss: 0.0023, lr: 0.001000, Train: 0.7753, Valid: 0.5655, Test: 0.6229
Run: 04, Epoch: 11, Loss: 0.0020, lr: 0.001000, Train: 0.7864, Valid: 0.5895, Test: 0.6269
Run: 04, Epoch: 12, Loss: 0.0017, lr: 0.001000, Train: 0.8093, Valid: 0.6533, Test: 0.6532
Run: 04, Epoch: 13, Loss: 0.0015, lr: 0.001000, Train: 0.8128, Valid: 0.6650, Test: 0.6612
Run: 04, Epoch: 14, Loss: 0.0014, lr: 0.000700, Train: 0.8230, Valid: 0.6851, Test: 0.6812
Run: 04, Epoch: 15, Loss: 0.0014, lr: 0.000700, Train: 0.8336, Valid: 0.7122, Test: 0.7015
Run: 04, Epoch: 16, Loss: 0.0013, lr: 0.000700, Train: 0.8562, Valid: 0.7621, Test: 0.7364
Run: 04, Epoch: 17, Loss: 0.0013, lr: 0.000700, Train: 0.8877, Valid: 0.8214, Test: 0.7816
Run: 04, Epoch: 18, Loss: 0.0012, lr: 0.000700, Train: 0.9131, Valid: 0.8610, Test: 0.8177
Run: 04, Epoch: 19, Loss: 0.0011, lr: 0.000700, Train: 0.9267, Valid: 0.8713, Test: 0.8352
Run: 04, Epoch: 20, Loss: 0.0011, lr: 0.000700, Train: 0.9289, Valid: 0.8578, Test: 0.8353
Run: 04, Epoch: 21, Loss: 0.0010, lr: 0.000700, Train: 0.9326, Valid: 0.8542, Test: 0.8390
Run: 04, Epoch: 22, Loss: 0.0010, lr: 0.000700, Train: 0.9493, Valid: 0.8895, Test: 0.8669
Run: 04, Epoch: 23, Loss: 0.0010, lr: 0.000700, Train: 0.9638, Valid: 0.9226, Test: 0.8964
Run: 04, Epoch: 24, Loss: 0.0009, lr: 0.000700, Train: 0.9694, Valid: 0.9339, Test: 0.9116
Run: 04, Epoch: 25, Loss: 0.0009, lr: 0.000700, Train: 0.9702, Valid: 0.9351, Test: 0.9136
Run: 04, Epoch: 26, Loss: 0.0009, lr: 0.000700, Train: 0.9691, Valid: 0.9337, Test: 0.9107
Run: 04, Epoch: 27, Loss: 0.0008, lr: 0.000700, Train: 0.9701, Valid: 0.9355, Test: 0.9138
Run: 04, Epoch: 28, Loss: 0.0008, lr: 0.000700, Train: 0.9737, Valid: 0.9373, Test: 0.9243
Run: 04, Epoch: 29, Loss: 0.0008, lr: 0.000700, Train: 0.9749, Valid: 0.9305, Test: 0.9313
Run: 04, Epoch: 30, Loss: 0.0008, lr: 0.000700, Train: 0.9750, Valid: 0.9263, Test: 0.9325
Run: 04, Epoch: 31, Loss: 0.0008, lr: 0.000700, Train: 0.9756, Valid: 0.9281, Test: 0.9304
Run: 04, Epoch: 32, Loss: 0.0008, lr: 0.000700, Train: 0.9758, Valid: 0.9273, Test: 0.9271
Run: 04, Epoch: 33, Loss: 0.0008, lr: 0.000700, Train: 0.9761, Valid: 0.9238, Test: 0.9268
Run: 04, Epoch: 34, Loss: 0.0007, lr: 0.000700, Train: 0.9761, Valid: 0.9188, Test: 0.9280
Run: 04, Epoch: 35, Loss: 0.0007, lr: 0.000490, Train: 0.9765, Valid: 0.9176, Test: 0.9275
Run: 04, Epoch: 36, Loss: 0.0007, lr: 0.000490, Train: 0.9769, Valid: 0.9195, Test: 0.9251
Run: 04, Epoch: 37, Loss: 0.0007, lr: 0.000490, Train: 0.9771, Valid: 0.9213, Test: 0.9217
Run: 04, Epoch: 38, Loss: 0.0007, lr: 0.000490, Train: 0.9774, Valid: 0.9214, Test: 0.9209
Run: 04, Epoch: 39, Loss: 0.0007, lr: 0.000490, Train: 0.9780, Valid: 0.9193, Test: 0.9236
Run: 04, Epoch: 40, Loss: 0.0007, lr: 0.000490, Train: 0.9784, Valid: 0.9160, Test: 0.9266
Run: 04, Epoch: 41, Loss: 0.0007, lr: 0.000343, Train: 0.9789, Valid: 0.9168, Test: 0.9269
Run: 04, Epoch: 42, Loss: 0.0007, lr: 0.000343, Train: 0.9794, Valid: 0.9198, Test: 0.9253
Run: 04, Epoch: 43, Loss: 0.0007, lr: 0.000343, Train: 0.9796, Valid: 0.9219, Test: 0.9233
Run: 04, Epoch: 44, Loss: 0.0007, lr: 0.000343, Train: 0.9799, Valid: 0.9225, Test: 0.9228
Run: 04, Epoch: 45, Loss: 0.0006, lr: 0.000343, Train: 0.9805, Valid: 0.9226, Test: 0.9248
Run: 04, Epoch: 46, Loss: 0.0006, lr: 0.000343, Train: 0.9811, Valid: 0.9226, Test: 0.9272
Run: 04, Epoch: 47, Loss: 0.0006, lr: 0.000240, Train: 0.9815, Valid: 0.9232, Test: 0.9280
Run: 04, Epoch: 48, Loss: 0.0006, lr: 0.000240, Train: 0.9819, Valid: 0.9239, Test: 0.9278
Run: 04, Epoch: 49, Loss: 0.0006, lr: 0.000240, Train: 0.9821, Valid: 0.9247, Test: 0.9268
Run: 04, Epoch: 50, Loss: 0.0006, lr: 0.000240, Train: 0.9823, Valid: 0.9253, Test: 0.9258
Run: 04, Epoch: 51, Loss: 0.0006, lr: 0.000240, Train: 0.9826, Valid: 0.9257, Test: 0.9254
Run: 04, Epoch: 52, Loss: 0.0006, lr: 0.000240, Train: 0.9831, Valid: 0.9259, Test: 0.9260
Run: 04, Epoch: 53, Loss: 0.0006, lr: 0.000168, Train: 0.9834, Valid: 0.9260, Test: 0.9268
Run: 04, Epoch: 54, Loss: 0.0006, lr: 0.000168, Train: 0.9837, Valid: 0.9260, Test: 0.9274
Run: 04, Epoch: 55, Loss: 0.0006, lr: 0.000168, Train: 0.9840, Valid: 0.9261, Test: 0.9276
Run: 04, Epoch: 56, Loss: 0.0006, lr: 0.000168, Train: 0.9841, Valid: 0.9265, Test: 0.9274
Run: 04, Epoch: 57, Loss: 0.0006, lr: 0.000168, Train: 0.9842, Valid: 0.9269, Test: 0.9270
Run: 04, Epoch: 58, Loss: 0.0006, lr: 0.000168, Train: 0.9843, Valid: 0.9271, Test: 0.9266
Run: 04, Epoch: 59, Loss: 0.0006, lr: 0.000118, Train: 0.9844, Valid: 0.9274, Test: 0.9266
Run: 04, Epoch: 60, Loss: 0.0006, lr: 0.000118, Train: 0.9846, Valid: 0.9276, Test: 0.9268
Run: 04, Epoch: 61, Loss: 0.0006, lr: 0.000118, Train: 0.9847, Valid: 0.9277, Test: 0.9272
Run: 04, Epoch: 62, Loss: 0.0006, lr: 0.000118, Train: 0.9848, Valid: 0.9278, Test: 0.9277
Run: 04, Epoch: 63, Loss: 0.0006, lr: 0.000118, Train: 0.9849, Valid: 0.9280, Test: 0.9281
Run: 04, Epoch: 64, Loss: 0.0006, lr: 0.000118, Train: 0.9850, Valid: 0.9282, Test: 0.9283
Run: 04, Epoch: 65, Loss: 0.0006, lr: 0.000082, Train: 0.9850, Valid: 0.9284, Test: 0.9284
Run: 04, Epoch: 66, Loss: 0.0006, lr: 0.000082, Train: 0.9851, Valid: 0.9285, Test: 0.9283
Run: 04, Epoch: 67, Loss: 0.0006, lr: 0.000082, Train: 0.9851, Valid: 0.9287, Test: 0.9282
Run: 04, Epoch: 68, Loss: 0.0006, lr: 0.000082, Train: 0.9852, Valid: 0.9288, Test: 0.9281
Run: 04, Epoch: 69, Loss: 0.0006, lr: 0.000082, Train: 0.9852, Valid: 0.9288, Test: 0.9279
Run: 04, Epoch: 70, Loss: 0.0006, lr: 0.000082, Train: 0.9852, Valid: 0.9288, Test: 0.9278
Run: 04, Epoch: 71, Loss: 0.0006, lr: 0.000058, Train: 0.9853, Valid: 0.9289, Test: 0.9278
Run: 04, Epoch: 72, Loss: 0.0006, lr: 0.000058, Train: 0.9853, Valid: 0.9289, Test: 0.9279
Run: 04, Epoch: 73, Loss: 0.0006, lr: 0.000058, Train: 0.9854, Valid: 0.9290, Test: 0.9279
Run: 04, Epoch: 74, Loss: 0.0006, lr: 0.000058, Train: 0.9854, Valid: 0.9290, Test: 0.9280
Run: 04, Epoch: 75, Loss: 0.0006, lr: 0.000058, Train: 0.9855, Valid: 0.9291, Test: 0.9282
Run: 04, Epoch: 76, Loss: 0.0006, lr: 0.000058, Train: 0.9855, Valid: 0.9291, Test: 0.9283
Run: 04, Epoch: 77, Loss: 0.0006, lr: 0.000040, Train: 0.9856, Valid: 0.9292, Test: 0.9284
Run: 04, Epoch: 78, Loss: 0.0006, lr: 0.000040, Train: 0.9856, Valid: 0.9293, Test: 0.9284
Run: 04, Epoch: 79, Loss: 0.0006, lr: 0.000040, Train: 0.9857, Valid: 0.9294, Test: 0.9284
Run: 04, Epoch: 80, Loss: 0.0006, lr: 0.000040, Train: 0.9857, Valid: 0.9295, Test: 0.9285
Run: 04, Epoch: 81, Loss: 0.0006, lr: 0.000040, Train: 0.9857, Valid: 0.9296, Test: 0.9285
Run: 04, Epoch: 82, Loss: 0.0006, lr: 0.000040, Train: 0.9858, Valid: 0.9298, Test: 0.9285
Run: 04, Epoch: 83, Loss: 0.0006, lr: 0.000028, Train: 0.9858, Valid: 0.9298, Test: 0.9285
Run: 04, Epoch: 84, Loss: 0.0006, lr: 0.000028, Train: 0.9858, Valid: 0.9299, Test: 0.9286
Run: 04, Epoch: 85, Loss: 0.0006, lr: 0.000028, Train: 0.9859, Valid: 0.9300, Test: 0.9287
Run: 04, Epoch: 86, Loss: 0.0006, lr: 0.000028, Train: 0.9859, Valid: 0.9300, Test: 0.9287
Run: 04, Epoch: 87, Loss: 0.0006, lr: 0.000028, Train: 0.9859, Valid: 0.9301, Test: 0.9288
Run: 04, Epoch: 88, Loss: 0.0006, lr: 0.000028, Train: 0.9859, Valid: 0.9302, Test: 0.9288
Run: 04, Epoch: 89, Loss: 0.0006, lr: 0.000020, Train: 0.9859, Valid: 0.9302, Test: 0.9289
Run: 04, Epoch: 90, Loss: 0.0006, lr: 0.000020, Train: 0.9859, Valid: 0.9303, Test: 0.9289
Run: 04, Epoch: 91, Loss: 0.0006, lr: 0.000020, Train: 0.9860, Valid: 0.9303, Test: 0.9289
Run: 04, Epoch: 92, Loss: 0.0006, lr: 0.000020, Train: 0.9860, Valid: 0.9303, Test: 0.9290
Run: 04, Epoch: 93, Loss: 0.0006, lr: 0.000020, Train: 0.9860, Valid: 0.9304, Test: 0.9290
Run: 04, Epoch: 94, Loss: 0.0006, lr: 0.000020, Train: 0.9860, Valid: 0.9304, Test: 0.9290
Run: 04, Epoch: 95, Loss: 0.0006, lr: 0.000014, Train: 0.9860, Valid: 0.9304, Test: 0.9290
Run: 04, Epoch: 96, Loss: 0.0006, lr: 0.000014, Train: 0.9860, Valid: 0.9305, Test: 0.9290
Run: 04, Epoch: 97, Loss: 0.0006, lr: 0.000014, Train: 0.9860, Valid: 0.9305, Test: 0.9289
Run: 04, Epoch: 98, Loss: 0.0006, lr: 0.000014, Train: 0.9860, Valid: 0.9306, Test: 0.9289
Run: 04, Epoch: 99, Loss: 0.0006, lr: 0.000014, Train: 0.9860, Valid: 0.9306, Test: 0.9288
Run: 04, Epoch: 100, Loss: 0.0006, lr: 0.000014, Train: 0.9861, Valid: 0.9306, Test: 0.9288
Run 04:
Highest Train: 0.99
Highest Valid: 0.94
  Final Train: 0.97
   Final Test: 0.92
Run: 05, Epoch: 01, Loss: 0.0336, lr: 0.001000, Train: -0.3388, Valid: -0.7466, Test: -0.4169
Run: 05, Epoch: 02, Loss: 0.0084, lr: 0.001000, Train: -0.3804, Valid: -0.7758, Test: -0.4319
Run: 05, Epoch: 03, Loss: 0.0090, lr: 0.001000, Train: -0.0418, Valid: -0.3220, Test: -0.0397
Run: 05, Epoch: 04, Loss: 0.0065, lr: 0.001000, Train: 0.3949, Valid: 0.2325, Test: 0.4242
Run: 05, Epoch: 05, Loss: 0.0038, lr: 0.001000, Train: 0.7629, Valid: 0.6934, Test: 0.7742
Run: 05, Epoch: 06, Loss: 0.0031, lr: 0.001000, Train: 0.8960, Valid: 0.8637, Test: 0.8958
Run: 05, Epoch: 07, Loss: 0.0031, lr: 0.001000, Train: 0.8828, Valid: 0.8567, Test: 0.8873
Run: 05, Epoch: 08, Loss: 0.0025, lr: 0.001000, Train: 0.8774, Valid: 0.8494, Test: 0.8796
Run: 05, Epoch: 09, Loss: 0.0020, lr: 0.001000, Train: 0.8778, Valid: 0.8496, Test: 0.8710
Run: 05, Epoch: 10, Loss: 0.0019, lr: 0.001000, Train: 0.8401, Valid: 0.8251, Test: 0.8214
Run: 05, Epoch: 11, Loss: 0.0018, lr: 0.001000, Train: 0.7119, Valid: 0.7306, Test: 0.6925
Run: 05, Epoch: 12, Loss: 0.0014, lr: 0.001000, Train: 0.5182, Valid: 0.5754, Test: 0.5421
Run: 05, Epoch: 13, Loss: 0.0015, lr: 0.000700, Train: 0.5988, Valid: 0.6389, Test: 0.6062
Run: 05, Epoch: 14, Loss: 0.0014, lr: 0.000700, Train: 0.7601, Valid: 0.7659, Test: 0.7390
Run: 05, Epoch: 15, Loss: 0.0012, lr: 0.000700, Train: 0.8742, Valid: 0.8496, Test: 0.8442
Run: 05, Epoch: 16, Loss: 0.0012, lr: 0.000700, Train: 0.9217, Valid: 0.8801, Test: 0.8971
Run: 05, Epoch: 17, Loss: 0.0012, lr: 0.000700, Train: 0.9351, Valid: 0.8912, Test: 0.9144
Run: 05, Epoch: 18, Loss: 0.0011, lr: 0.000700, Train: 0.9319, Valid: 0.8937, Test: 0.9133
Run: 05, Epoch: 19, Loss: 0.0010, lr: 0.000700, Train: 0.9263, Valid: 0.8903, Test: 0.9087
Run: 05, Epoch: 20, Loss: 0.0010, lr: 0.000700, Train: 0.9377, Valid: 0.8988, Test: 0.9213
Run: 05, Epoch: 21, Loss: 0.0010, lr: 0.000700, Train: 0.9607, Valid: 0.9159, Test: 0.9461
Run: 05, Epoch: 22, Loss: 0.0010, lr: 0.000700, Train: 0.9709, Valid: 0.9196, Test: 0.9615
Run: 05, Epoch: 23, Loss: 0.0009, lr: 0.000700, Train: 0.9668, Valid: 0.9124, Test: 0.9623
Run: 05, Epoch: 24, Loss: 0.0009, lr: 0.000700, Train: 0.9633, Valid: 0.9094, Test: 0.9601
Run: 05, Epoch: 25, Loss: 0.0009, lr: 0.000700, Train: 0.9661, Valid: 0.9146, Test: 0.9604
Run: 05, Epoch: 26, Loss: 0.0008, lr: 0.000700, Train: 0.9707, Valid: 0.9227, Test: 0.9604
Run: 05, Epoch: 27, Loss: 0.0008, lr: 0.000700, Train: 0.9724, Valid: 0.9278, Test: 0.9581
Run: 05, Epoch: 28, Loss: 0.0008, lr: 0.000700, Train: 0.9732, Valid: 0.9298, Test: 0.9583
Run: 05, Epoch: 29, Loss: 0.0008, lr: 0.000700, Train: 0.9732, Valid: 0.9286, Test: 0.9607
Run: 05, Epoch: 30, Loss: 0.0007, lr: 0.000700, Train: 0.9706, Valid: 0.9230, Test: 0.9611
Run: 05, Epoch: 31, Loss: 0.0007, lr: 0.000700, Train: 0.9692, Valid: 0.9195, Test: 0.9603
Run: 05, Epoch: 32, Loss: 0.0007, lr: 0.000700, Train: 0.9718, Valid: 0.9213, Test: 0.9604
Run: 05, Epoch: 33, Loss: 0.0007, lr: 0.000700, Train: 0.9745, Valid: 0.9237, Test: 0.9591
Run: 05, Epoch: 34, Loss: 0.0007, lr: 0.000700, Train: 0.9753, Valid: 0.9229, Test: 0.9571
Run: 05, Epoch: 35, Loss: 0.0007, lr: 0.000490, Train: 0.9754, Valid: 0.9205, Test: 0.9574
Run: 05, Epoch: 36, Loss: 0.0007, lr: 0.000490, Train: 0.9747, Valid: 0.9161, Test: 0.9581
Run: 05, Epoch: 37, Loss: 0.0006, lr: 0.000490, Train: 0.9738, Valid: 0.9120, Test: 0.9584
Run: 05, Epoch: 38, Loss: 0.0006, lr: 0.000490, Train: 0.9746, Valid: 0.9115, Test: 0.9590
Run: 05, Epoch: 39, Loss: 0.0006, lr: 0.000490, Train: 0.9772, Valid: 0.9147, Test: 0.9596
Run: 05, Epoch: 40, Loss: 0.0006, lr: 0.000490, Train: 0.9795, Valid: 0.9187, Test: 0.9592
Run: 05, Epoch: 41, Loss: 0.0006, lr: 0.000343, Train: 0.9805, Valid: 0.9210, Test: 0.9589
Run: 05, Epoch: 42, Loss: 0.0006, lr: 0.000343, Train: 0.9811, Valid: 0.9224, Test: 0.9591
Run: 05, Epoch: 43, Loss: 0.0006, lr: 0.000343, Train: 0.9818, Valid: 0.9232, Test: 0.9600
Run: 05, Epoch: 44, Loss: 0.0006, lr: 0.000343, Train: 0.9824, Valid: 0.9233, Test: 0.9613
Run: 05, Epoch: 45, Loss: 0.0006, lr: 0.000343, Train: 0.9828, Valid: 0.9230, Test: 0.9620
Run: 05, Epoch: 46, Loss: 0.0006, lr: 0.000343, Train: 0.9831, Valid: 0.9230, Test: 0.9620
Run: 05, Epoch: 47, Loss: 0.0006, lr: 0.000240, Train: 0.9833, Valid: 0.9235, Test: 0.9617
Run: 05, Epoch: 48, Loss: 0.0006, lr: 0.000240, Train: 0.9835, Valid: 0.9241, Test: 0.9611
Run: 05, Epoch: 49, Loss: 0.0005, lr: 0.000240, Train: 0.9836, Valid: 0.9248, Test: 0.9604
Run: 05, Epoch: 50, Loss: 0.0005, lr: 0.000240, Train: 0.9838, Valid: 0.9255, Test: 0.9600
Run: 05, Epoch: 51, Loss: 0.0005, lr: 0.000240, Train: 0.9840, Valid: 0.9262, Test: 0.9601
Run: 05, Epoch: 52, Loss: 0.0005, lr: 0.000240, Train: 0.9844, Valid: 0.9268, Test: 0.9607
Run: 05, Epoch: 53, Loss: 0.0005, lr: 0.000168, Train: 0.9847, Valid: 0.9274, Test: 0.9614
Run: 05, Epoch: 54, Loss: 0.0005, lr: 0.000168, Train: 0.9850, Valid: 0.9278, Test: 0.9620
Run: 05, Epoch: 55, Loss: 0.0005, lr: 0.000168, Train: 0.9852, Valid: 0.9281, Test: 0.9624
Run: 05, Epoch: 56, Loss: 0.0005, lr: 0.000168, Train: 0.9854, Valid: 0.9285, Test: 0.9626
Run: 05, Epoch: 57, Loss: 0.0005, lr: 0.000168, Train: 0.9855, Valid: 0.9287, Test: 0.9626
Run: 05, Epoch: 58, Loss: 0.0005, lr: 0.000168, Train: 0.9856, Valid: 0.9289, Test: 0.9626
Run: 05, Epoch: 59, Loss: 0.0005, lr: 0.000118, Train: 0.9856, Valid: 0.9290, Test: 0.9626
Run: 05, Epoch: 60, Loss: 0.0005, lr: 0.000118, Train: 0.9857, Valid: 0.9290, Test: 0.9626
Run: 05, Epoch: 61, Loss: 0.0005, lr: 0.000118, Train: 0.9858, Valid: 0.9290, Test: 0.9626
Run: 05, Epoch: 62, Loss: 0.0005, lr: 0.000118, Train: 0.9860, Valid: 0.9290, Test: 0.9628
Run: 05, Epoch: 63, Loss: 0.0005, lr: 0.000118, Train: 0.9861, Valid: 0.9289, Test: 0.9630
Run: 05, Epoch: 64, Loss: 0.0005, lr: 0.000118, Train: 0.9862, Valid: 0.9288, Test: 0.9632
Run: 05, Epoch: 65, Loss: 0.0005, lr: 0.000082, Train: 0.9863, Valid: 0.9288, Test: 0.9634
Run: 05, Epoch: 66, Loss: 0.0005, lr: 0.000082, Train: 0.9864, Valid: 0.9288, Test: 0.9637
Run: 05, Epoch: 67, Loss: 0.0005, lr: 0.000082, Train: 0.9865, Valid: 0.9288, Test: 0.9639
Run: 05, Epoch: 68, Loss: 0.0005, lr: 0.000082, Train: 0.9866, Valid: 0.9288, Test: 0.9641
Run: 05, Epoch: 69, Loss: 0.0005, lr: 0.000082, Train: 0.9867, Valid: 0.9290, Test: 0.9643
Run: 05, Epoch: 70, Loss: 0.0005, lr: 0.000082, Train: 0.9867, Valid: 0.9291, Test: 0.9643
Run: 05, Epoch: 71, Loss: 0.0005, lr: 0.000058, Train: 0.9868, Valid: 0.9292, Test: 0.9643
Run: 05, Epoch: 72, Loss: 0.0005, lr: 0.000058, Train: 0.9868, Valid: 0.9293, Test: 0.9643
Run: 05, Epoch: 73, Loss: 0.0005, lr: 0.000058, Train: 0.9868, Valid: 0.9294, Test: 0.9641
Run: 05, Epoch: 74, Loss: 0.0005, lr: 0.000058, Train: 0.9868, Valid: 0.9294, Test: 0.9640
Run: 05, Epoch: 75, Loss: 0.0005, lr: 0.000058, Train: 0.9868, Valid: 0.9295, Test: 0.9638
Run: 05, Epoch: 76, Loss: 0.0005, lr: 0.000058, Train: 0.9869, Valid: 0.9295, Test: 0.9638
Run: 05, Epoch: 77, Loss: 0.0005, lr: 0.000040, Train: 0.9869, Valid: 0.9295, Test: 0.9640
Run: 05, Epoch: 78, Loss: 0.0005, lr: 0.000040, Train: 0.9870, Valid: 0.9294, Test: 0.9641
Run: 05, Epoch: 79, Loss: 0.0005, lr: 0.000040, Train: 0.9870, Valid: 0.9293, Test: 0.9643
Run: 05, Epoch: 80, Loss: 0.0005, lr: 0.000040, Train: 0.9871, Valid: 0.9293, Test: 0.9646
Run: 05, Epoch: 81, Loss: 0.0005, lr: 0.000040, Train: 0.9871, Valid: 0.9291, Test: 0.9647
Run: 05, Epoch: 82, Loss: 0.0005, lr: 0.000040, Train: 0.9872, Valid: 0.9290, Test: 0.9649
Run: 05, Epoch: 83, Loss: 0.0005, lr: 0.000028, Train: 0.9872, Valid: 0.9289, Test: 0.9649
Run: 05, Epoch: 84, Loss: 0.0005, lr: 0.000028, Train: 0.9872, Valid: 0.9288, Test: 0.9650
Run: 05, Epoch: 85, Loss: 0.0005, lr: 0.000028, Train: 0.9872, Valid: 0.9287, Test: 0.9650
Run: 05, Epoch: 86, Loss: 0.0005, lr: 0.000028, Train: 0.9873, Valid: 0.9287, Test: 0.9650
Run: 05, Epoch: 87, Loss: 0.0005, lr: 0.000028, Train: 0.9873, Valid: 0.9286, Test: 0.9650
Run: 05, Epoch: 88, Loss: 0.0005, lr: 0.000028, Train: 0.9873, Valid: 0.9286, Test: 0.9649
Run: 05, Epoch: 89, Loss: 0.0005, lr: 0.000020, Train: 0.9873, Valid: 0.9285, Test: 0.9649
Run: 05, Epoch: 90, Loss: 0.0005, lr: 0.000020, Train: 0.9873, Valid: 0.9285, Test: 0.9649
Run: 05, Epoch: 91, Loss: 0.0005, lr: 0.000020, Train: 0.9873, Valid: 0.9285, Test: 0.9649
Run: 05, Epoch: 92, Loss: 0.0005, lr: 0.000020, Train: 0.9873, Valid: 0.9285, Test: 0.9649
Run: 05, Epoch: 93, Loss: 0.0005, lr: 0.000020, Train: 0.9874, Valid: 0.9285, Test: 0.9649
Run: 05, Epoch: 94, Loss: 0.0005, lr: 0.000020, Train: 0.9874, Valid: 0.9284, Test: 0.9650
Run: 05, Epoch: 95, Loss: 0.0005, lr: 0.000014, Train: 0.9874, Valid: 0.9284, Test: 0.9650
Run: 05, Epoch: 96, Loss: 0.0005, lr: 0.000014, Train: 0.9874, Valid: 0.9284, Test: 0.9650
Run: 05, Epoch: 97, Loss: 0.0005, lr: 0.000014, Train: 0.9874, Valid: 0.9284, Test: 0.9651
Run: 05, Epoch: 98, Loss: 0.0005, lr: 0.000014, Train: 0.9874, Valid: 0.9283, Test: 0.9651
Run: 05, Epoch: 99, Loss: 0.0005, lr: 0.000014, Train: 0.9874, Valid: 0.9283, Test: 0.9651
Run: 05, Epoch: 100, Loss: 0.0005, lr: 0.000014, Train: 0.9874, Valid: 0.9282, Test: 0.9651
Run 05:
Highest Train: 0.99
Highest Valid: 0.93
  Final Train: 0.97
   Final Test: 0.96
Run: 06, Epoch: 01, Loss: 0.0443, lr: 0.001000, Train: -0.5267, Valid: -0.5254, Test: -0.0920
Run: 06, Epoch: 02, Loss: 0.0112, lr: 0.001000, Train: -0.8216, Valid: -0.7495, Test: -0.1984
Run: 06, Epoch: 03, Loss: 0.0112, lr: 0.001000, Train: -0.4236, Valid: -0.3248, Test: 0.0721
Run: 06, Epoch: 04, Loss: 0.0079, lr: 0.001000, Train: 0.0507, Valid: 0.1419, Test: 0.3674
Run: 06, Epoch: 05, Loss: 0.0051, lr: 0.001000, Train: 0.4662, Valid: 0.5184, Test: 0.6173
Run: 06, Epoch: 06, Loss: 0.0035, lr: 0.001000, Train: 0.7643, Valid: 0.7847, Test: 0.8124
Run: 06, Epoch: 07, Loss: 0.0028, lr: 0.001000, Train: 0.9086, Valid: 0.9149, Test: 0.9232
Run: 06, Epoch: 08, Loss: 0.0029, lr: 0.001000, Train: 0.9213, Valid: 0.9269, Test: 0.9393
Run: 06, Epoch: 09, Loss: 0.0028, lr: 0.001000, Train: 0.9202, Valid: 0.9215, Test: 0.9407
Run: 06, Epoch: 10, Loss: 0.0024, lr: 0.001000, Train: 0.9194, Valid: 0.9220, Test: 0.9390
Run: 06, Epoch: 11, Loss: 0.0021, lr: 0.001000, Train: 0.9152, Valid: 0.9194, Test: 0.9345
Run: 06, Epoch: 12, Loss: 0.0019, lr: 0.001000, Train: 0.9181, Valid: 0.9239, Test: 0.9384
Run: 06, Epoch: 13, Loss: 0.0017, lr: 0.001000, Train: 0.9213, Valid: 0.9282, Test: 0.9456
Run: 06, Epoch: 14, Loss: 0.0017, lr: 0.001000, Train: 0.9217, Valid: 0.9277, Test: 0.9504
Run: 06, Epoch: 15, Loss: 0.0016, lr: 0.001000, Train: 0.9240, Valid: 0.9255, Test: 0.9538
Run: 06, Epoch: 16, Loss: 0.0015, lr: 0.001000, Train: 0.9308, Valid: 0.9262, Test: 0.9576
Run: 06, Epoch: 17, Loss: 0.0014, lr: 0.001000, Train: 0.9383, Valid: 0.9289, Test: 0.9611
Run: 06, Epoch: 18, Loss: 0.0013, lr: 0.001000, Train: 0.9421, Valid: 0.9309, Test: 0.9626
Run: 06, Epoch: 19, Loss: 0.0012, lr: 0.001000, Train: 0.9407, Valid: 0.9296, Test: 0.9607
Run: 06, Epoch: 20, Loss: 0.0012, lr: 0.001000, Train: 0.9370, Valid: 0.9281, Test: 0.9556
Run: 06, Epoch: 21, Loss: 0.0011, lr: 0.001000, Train: 0.9416, Valid: 0.9340, Test: 0.9558
Run: 06, Epoch: 22, Loss: 0.0010, lr: 0.001000, Train: 0.9544, Valid: 0.9472, Test: 0.9616
Run: 06, Epoch: 23, Loss: 0.0010, lr: 0.001000, Train: 0.9655, Valid: 0.9572, Test: 0.9659
Run: 06, Epoch: 24, Loss: 0.0010, lr: 0.001000, Train: 0.9704, Valid: 0.9606, Test: 0.9662
Run: 06, Epoch: 25, Loss: 0.0010, lr: 0.001000, Train: 0.9720, Valid: 0.9615, Test: 0.9658
Run: 06, Epoch: 26, Loss: 0.0009, lr: 0.001000, Train: 0.9739, Valid: 0.9618, Test: 0.9661
Run: 06, Epoch: 27, Loss: 0.0009, lr: 0.001000, Train: 0.9725, Valid: 0.9595, Test: 0.9638
Run: 06, Epoch: 28, Loss: 0.0009, lr: 0.001000, Train: 0.9670, Valid: 0.9549, Test: 0.9594
Run: 06, Epoch: 29, Loss: 0.0008, lr: 0.001000, Train: 0.9642, Valid: 0.9555, Test: 0.9586
Run: 06, Epoch: 30, Loss: 0.0008, lr: 0.001000, Train: 0.9664, Valid: 0.9603, Test: 0.9614
Run: 06, Epoch: 31, Loss: 0.0008, lr: 0.001000, Train: 0.9692, Valid: 0.9640, Test: 0.9628
Run: 06, Epoch: 32, Loss: 0.0008, lr: 0.001000, Train: 0.9712, Valid: 0.9661, Test: 0.9621
Run: 06, Epoch: 33, Loss: 0.0007, lr: 0.001000, Train: 0.9738, Valid: 0.9685, Test: 0.9625
Run: 06, Epoch: 34, Loss: 0.0007, lr: 0.001000, Train: 0.9758, Valid: 0.9704, Test: 0.9631
Run: 06, Epoch: 35, Loss: 0.0007, lr: 0.001000, Train: 0.9758, Valid: 0.9706, Test: 0.9623
Run: 06, Epoch: 36, Loss: 0.0007, lr: 0.001000, Train: 0.9758, Valid: 0.9706, Test: 0.9618
Run: 06, Epoch: 37, Loss: 0.0007, lr: 0.001000, Train: 0.9748, Valid: 0.9692, Test: 0.9605
Run: 06, Epoch: 38, Loss: 0.0006, lr: 0.001000, Train: 0.9749, Valid: 0.9688, Test: 0.9608
Run: 06, Epoch: 39, Loss: 0.0006, lr: 0.001000, Train: 0.9760, Valid: 0.9697, Test: 0.9622
Run: 06, Epoch: 40, Loss: 0.0006, lr: 0.001000, Train: 0.9772, Valid: 0.9702, Test: 0.9628
Run: 06, Epoch: 41, Loss: 0.0006, lr: 0.001000, Train: 0.9773, Valid: 0.9696, Test: 0.9620
Run: 06, Epoch: 42, Loss: 0.0006, lr: 0.000700, Train: 0.9780, Valid: 0.9700, Test: 0.9622
Run: 06, Epoch: 43, Loss: 0.0006, lr: 0.000700, Train: 0.9791, Valid: 0.9709, Test: 0.9633
Run: 06, Epoch: 44, Loss: 0.0006, lr: 0.000700, Train: 0.9798, Valid: 0.9713, Test: 0.9641
Run: 06, Epoch: 45, Loss: 0.0005, lr: 0.000700, Train: 0.9796, Valid: 0.9711, Test: 0.9639
Run: 06, Epoch: 46, Loss: 0.0005, lr: 0.000700, Train: 0.9789, Valid: 0.9705, Test: 0.9632
Run: 06, Epoch: 47, Loss: 0.0005, lr: 0.000700, Train: 0.9789, Valid: 0.9707, Test: 0.9633
Run: 06, Epoch: 48, Loss: 0.0005, lr: 0.000700, Train: 0.9803, Valid: 0.9718, Test: 0.9645
Run: 06, Epoch: 49, Loss: 0.0005, lr: 0.000700, Train: 0.9818, Valid: 0.9731, Test: 0.9657
Run: 06, Epoch: 50, Loss: 0.0005, lr: 0.000700, Train: 0.9827, Valid: 0.9739, Test: 0.9662
Run: 06, Epoch: 51, Loss: 0.0005, lr: 0.000700, Train: 0.9832, Valid: 0.9745, Test: 0.9661
Run: 06, Epoch: 52, Loss: 0.0005, lr: 0.000700, Train: 0.9838, Valid: 0.9752, Test: 0.9663
Run: 06, Epoch: 53, Loss: 0.0005, lr: 0.000700, Train: 0.9843, Valid: 0.9758, Test: 0.9669
Run: 06, Epoch: 54, Loss: 0.0005, lr: 0.000700, Train: 0.9845, Valid: 0.9761, Test: 0.9673
Run: 06, Epoch: 55, Loss: 0.0005, lr: 0.000700, Train: 0.9844, Valid: 0.9761, Test: 0.9674
Run: 06, Epoch: 56, Loss: 0.0004, lr: 0.000700, Train: 0.9843, Valid: 0.9760, Test: 0.9674
Run: 06, Epoch: 57, Loss: 0.0004, lr: 0.000700, Train: 0.9846, Valid: 0.9763, Test: 0.9677
Run: 06, Epoch: 58, Loss: 0.0004, lr: 0.000700, Train: 0.9851, Valid: 0.9767, Test: 0.9681
Run: 06, Epoch: 59, Loss: 0.0004, lr: 0.000700, Train: 0.9856, Valid: 0.9772, Test: 0.9682
Run: 06, Epoch: 60, Loss: 0.0004, lr: 0.000700, Train: 0.9859, Valid: 0.9776, Test: 0.9682
Run: 06, Epoch: 61, Loss: 0.0004, lr: 0.000700, Train: 0.9863, Valid: 0.9780, Test: 0.9683
Run: 06, Epoch: 62, Loss: 0.0004, lr: 0.000700, Train: 0.9865, Valid: 0.9784, Test: 0.9687
Run: 06, Epoch: 63, Loss: 0.0004, lr: 0.000700, Train: 0.9868, Valid: 0.9785, Test: 0.9691
Run: 06, Epoch: 64, Loss: 0.0004, lr: 0.000700, Train: 0.9869, Valid: 0.9786, Test: 0.9691
Run: 06, Epoch: 65, Loss: 0.0004, lr: 0.000700, Train: 0.9871, Valid: 0.9788, Test: 0.9693
Run: 06, Epoch: 66, Loss: 0.0004, lr: 0.000700, Train: 0.9875, Valid: 0.9790, Test: 0.9697
Run: 06, Epoch: 67, Loss: 0.0004, lr: 0.000700, Train: 0.9878, Valid: 0.9791, Test: 0.9699
Run: 06, Epoch: 68, Loss: 0.0004, lr: 0.000700, Train: 0.9881, Valid: 0.9793, Test: 0.9700
Run: 06, Epoch: 69, Loss: 0.0004, lr: 0.000700, Train: 0.9883, Valid: 0.9794, Test: 0.9702
Run: 06, Epoch: 70, Loss: 0.0004, lr: 0.000700, Train: 0.9886, Valid: 0.9794, Test: 0.9702
Run: 06, Epoch: 71, Loss: 0.0004, lr: 0.000700, Train: 0.9887, Valid: 0.9795, Test: 0.9702
Run: 06, Epoch: 72, Loss: 0.0003, lr: 0.000700, Train: 0.9889, Valid: 0.9795, Test: 0.9704
Run: 06, Epoch: 73, Loss: 0.0003, lr: 0.000700, Train: 0.9890, Valid: 0.9797, Test: 0.9706
Run: 06, Epoch: 74, Loss: 0.0003, lr: 0.000700, Train: 0.9890, Valid: 0.9799, Test: 0.9707
Run: 06, Epoch: 75, Loss: 0.0003, lr: 0.000700, Train: 0.9892, Valid: 0.9802, Test: 0.9709
Run: 06, Epoch: 76, Loss: 0.0003, lr: 0.000700, Train: 0.9894, Valid: 0.9803, Test: 0.9711
Run: 06, Epoch: 77, Loss: 0.0003, lr: 0.000700, Train: 0.9896, Valid: 0.9803, Test: 0.9712
Run: 06, Epoch: 78, Loss: 0.0003, lr: 0.000700, Train: 0.9897, Valid: 0.9803, Test: 0.9713
Run: 06, Epoch: 79, Loss: 0.0003, lr: 0.000700, Train: 0.9898, Valid: 0.9804, Test: 0.9715
Run: 06, Epoch: 80, Loss: 0.0003, lr: 0.000700, Train: 0.9898, Valid: 0.9805, Test: 0.9714
Run: 06, Epoch: 81, Loss: 0.0003, lr: 0.000700, Train: 0.9898, Valid: 0.9807, Test: 0.9714
Run: 06, Epoch: 82, Loss: 0.0003, lr: 0.000700, Train: 0.9899, Valid: 0.9808, Test: 0.9715
Run: 06, Epoch: 83, Loss: 0.0003, lr: 0.000700, Train: 0.9899, Valid: 0.9809, Test: 0.9715
Run: 06, Epoch: 84, Loss: 0.0003, lr: 0.000700, Train: 0.9899, Valid: 0.9810, Test: 0.9716
Run: 06, Epoch: 85, Loss: 0.0003, lr: 0.000700, Train: 0.9900, Valid: 0.9812, Test: 0.9717
Run: 06, Epoch: 86, Loss: 0.0003, lr: 0.000700, Train: 0.9902, Valid: 0.9813, Test: 0.9718
Run: 06, Epoch: 87, Loss: 0.0003, lr: 0.000700, Train: 0.9904, Valid: 0.9813, Test: 0.9721
Run: 06, Epoch: 88, Loss: 0.0003, lr: 0.000700, Train: 0.9904, Valid: 0.9812, Test: 0.9721
Run: 06, Epoch: 89, Loss: 0.0003, lr: 0.000700, Train: 0.9909, Valid: 0.9809, Test: 0.9727
Run: 06, Epoch: 90, Loss: 0.0003, lr: 0.000700, Train: 0.9909, Valid: 0.9811, Test: 0.9724
Run: 06, Epoch: 91, Loss: 0.0003, lr: 0.000700, Train: 0.9913, Valid: 0.9812, Test: 0.9726
Run: 06, Epoch: 92, Loss: 0.0003, lr: 0.000700, Train: 0.9913, Valid: 0.9814, Test: 0.9724
Run: 06, Epoch: 93, Loss: 0.0003, lr: 0.000700, Train: 0.9914, Valid: 0.9815, Test: 0.9725
Run: 06, Epoch: 94, Loss: 0.0002, lr: 0.000700, Train: 0.9913, Valid: 0.9816, Test: 0.9723
Run: 06, Epoch: 95, Loss: 0.0002, lr: 0.000700, Train: 0.9916, Valid: 0.9816, Test: 0.9727
Run: 06, Epoch: 96, Loss: 0.0002, lr: 0.000700, Train: 0.9912, Valid: 0.9819, Test: 0.9721
Run: 06, Epoch: 97, Loss: 0.0002, lr: 0.000700, Train: 0.9919, Valid: 0.9819, Test: 0.9725
Run: 06, Epoch: 98, Loss: 0.0002, lr: 0.000700, Train: 0.9912, Valid: 0.9822, Test: 0.9718
Run: 06, Epoch: 99, Loss: 0.0002, lr: 0.000700, Train: 0.9920, Valid: 0.9821, Test: 0.9725
Run: 06, Epoch: 100, Loss: 0.0002, lr: 0.000700, Train: 0.9916, Valid: 0.9822, Test: 0.9717
Run 06:
Highest Train: 0.99
Highest Valid: 0.98
  Final Train: 0.99
   Final Test: 0.97
Run: 07, Epoch: 01, Loss: 0.0428, lr: 0.001000, Train: -0.0387, Valid: 0.0791, Test: 0.1876
Run: 07, Epoch: 02, Loss: 0.0189, lr: 0.001000, Train: -0.0199, Valid: 0.1869, Test: 0.2735
Run: 07, Epoch: 03, Loss: 0.0129, lr: 0.001000, Train: 0.2825, Valid: 0.4087, Test: 0.5266
Run: 07, Epoch: 04, Loss: 0.0081, lr: 0.001000, Train: 0.4863, Valid: 0.5437, Test: 0.6836
Run: 07, Epoch: 05, Loss: 0.0056, lr: 0.001000, Train: 0.5512, Valid: 0.6063, Test: 0.7352
Run: 07, Epoch: 06, Loss: 0.0036, lr: 0.001000, Train: 0.5694, Valid: 0.6375, Test: 0.7496
Run: 07, Epoch: 07, Loss: 0.0026, lr: 0.001000, Train: 0.5870, Valid: 0.6615, Test: 0.7549
Run: 07, Epoch: 08, Loss: 0.0025, lr: 0.001000, Train: 0.6543, Valid: 0.7005, Test: 0.7869
Run: 07, Epoch: 09, Loss: 0.0026, lr: 0.001000, Train: 0.7607, Valid: 0.7514, Test: 0.8385
Run: 07, Epoch: 10, Loss: 0.0025, lr: 0.001000, Train: 0.8644, Valid: 0.7983, Test: 0.8845
Run: 07, Epoch: 11, Loss: 0.0023, lr: 0.001000, Train: 0.9147, Valid: 0.8184, Test: 0.9041
Run: 07, Epoch: 12, Loss: 0.0021, lr: 0.001000, Train: 0.9151, Valid: 0.8168, Test: 0.9072
Run: 07, Epoch: 13, Loss: 0.0021, lr: 0.001000, Train: 0.9006, Valid: 0.8068, Test: 0.9066
Run: 07, Epoch: 14, Loss: 0.0020, lr: 0.001000, Train: 0.8706, Valid: 0.7858, Test: 0.8973
Run: 07, Epoch: 15, Loss: 0.0019, lr: 0.001000, Train: 0.8817, Valid: 0.7938, Test: 0.9069
Run: 07, Epoch: 16, Loss: 0.0017, lr: 0.001000, Train: 0.9172, Valid: 0.8216, Test: 0.9272
Run: 07, Epoch: 17, Loss: 0.0015, lr: 0.001000, Train: 0.9353, Valid: 0.8417, Test: 0.9381
Run: 07, Epoch: 18, Loss: 0.0013, lr: 0.001000, Train: 0.9429, Valid: 0.8524, Test: 0.9442
Run: 07, Epoch: 19, Loss: 0.0012, lr: 0.001000, Train: 0.9483, Valid: 0.8589, Test: 0.9490
Run: 07, Epoch: 20, Loss: 0.0011, lr: 0.001000, Train: 0.9518, Valid: 0.8651, Test: 0.9538
Run: 07, Epoch: 21, Loss: 0.0010, lr: 0.001000, Train: 0.9504, Valid: 0.8698, Test: 0.9563
Run: 07, Epoch: 22, Loss: 0.0010, lr: 0.001000, Train: 0.9508, Valid: 0.8741, Test: 0.9590
Run: 07, Epoch: 23, Loss: 0.0010, lr: 0.001000, Train: 0.9609, Valid: 0.8818, Test: 0.9667
Run: 07, Epoch: 24, Loss: 0.0009, lr: 0.001000, Train: 0.9656, Valid: 0.8869, Test: 0.9690
Run: 07, Epoch: 25, Loss: 0.0009, lr: 0.001000, Train: 0.9682, Valid: 0.8943, Test: 0.9700
Run: 07, Epoch: 26, Loss: 0.0009, lr: 0.001000, Train: 0.9717, Valid: 0.9021, Test: 0.9717
Run: 07, Epoch: 27, Loss: 0.0008, lr: 0.001000, Train: 0.9732, Valid: 0.9072, Test: 0.9708
Run: 07, Epoch: 28, Loss: 0.0008, lr: 0.001000, Train: 0.9707, Valid: 0.9081, Test: 0.9682
Run: 07, Epoch: 29, Loss: 0.0008, lr: 0.001000, Train: 0.9640, Valid: 0.9067, Test: 0.9642
Run: 07, Epoch: 30, Loss: 0.0007, lr: 0.001000, Train: 0.9624, Valid: 0.9087, Test: 0.9628
Run: 07, Epoch: 31, Loss: 0.0007, lr: 0.001000, Train: 0.9654, Valid: 0.9121, Test: 0.9629
Run: 07, Epoch: 32, Loss: 0.0006, lr: 0.001000, Train: 0.9659, Valid: 0.9136, Test: 0.9629
Run: 07, Epoch: 33, Loss: 0.0006, lr: 0.001000, Train: 0.9612, Valid: 0.9119, Test: 0.9615
Run: 07, Epoch: 34, Loss: 0.0006, lr: 0.001000, Train: 0.9587, Valid: 0.9113, Test: 0.9606
Run: 07, Epoch: 35, Loss: 0.0006, lr: 0.001000, Train: 0.9648, Valid: 0.9143, Test: 0.9623
Run: 07, Epoch: 36, Loss: 0.0006, lr: 0.001000, Train: 0.9696, Valid: 0.9159, Test: 0.9624
Run: 07, Epoch: 37, Loss: 0.0006, lr: 0.001000, Train: 0.9713, Valid: 0.9157, Test: 0.9617
Run: 07, Epoch: 38, Loss: 0.0006, lr: 0.001000, Train: 0.9711, Valid: 0.9145, Test: 0.9625
Run: 07, Epoch: 39, Loss: 0.0005, lr: 0.001000, Train: 0.9733, Valid: 0.9151, Test: 0.9627
Run: 07, Epoch: 40, Loss: 0.0005, lr: 0.001000, Train: 0.9777, Valid: 0.9171, Test: 0.9620
Run: 07, Epoch: 41, Loss: 0.0005, lr: 0.001000, Train: 0.9787, Valid: 0.9170, Test: 0.9613
Run: 07, Epoch: 42, Loss: 0.0005, lr: 0.001000, Train: 0.9801, Valid: 0.9163, Test: 0.9641
Run: 07, Epoch: 43, Loss: 0.0005, lr: 0.001000, Train: 0.9803, Valid: 0.9151, Test: 0.9657
Run: 07, Epoch: 44, Loss: 0.0004, lr: 0.001000, Train: 0.9813, Valid: 0.9148, Test: 0.9651
Run: 07, Epoch: 45, Loss: 0.0004, lr: 0.001000, Train: 0.9820, Valid: 0.9134, Test: 0.9653
Run: 07, Epoch: 46, Loss: 0.0004, lr: 0.001000, Train: 0.9829, Valid: 0.9111, Test: 0.9671
Run: 07, Epoch: 47, Loss: 0.0004, lr: 0.000700, Train: 0.9834, Valid: 0.9099, Test: 0.9674
Run: 07, Epoch: 48, Loss: 0.0004, lr: 0.000700, Train: 0.9847, Valid: 0.9101, Test: 0.9671
Run: 07, Epoch: 49, Loss: 0.0004, lr: 0.000700, Train: 0.9853, Valid: 0.9103, Test: 0.9660
Run: 07, Epoch: 50, Loss: 0.0004, lr: 0.000700, Train: 0.9854, Valid: 0.9099, Test: 0.9656
Run: 07, Epoch: 51, Loss: 0.0004, lr: 0.000700, Train: 0.9847, Valid: 0.9095, Test: 0.9654
Run: 07, Epoch: 52, Loss: 0.0004, lr: 0.000700, Train: 0.9845, Valid: 0.9098, Test: 0.9645
Run: 07, Epoch: 53, Loss: 0.0004, lr: 0.000490, Train: 0.9847, Valid: 0.9102, Test: 0.9639
Run: 07, Epoch: 54, Loss: 0.0004, lr: 0.000490, Train: 0.9849, Valid: 0.9106, Test: 0.9636
Run: 07, Epoch: 55, Loss: 0.0004, lr: 0.000490, Train: 0.9854, Valid: 0.9108, Test: 0.9641
Run: 07, Epoch: 56, Loss: 0.0003, lr: 0.000490, Train: 0.9860, Valid: 0.9109, Test: 0.9649
Run: 07, Epoch: 57, Loss: 0.0003, lr: 0.000490, Train: 0.9867, Valid: 0.9107, Test: 0.9655
Run: 07, Epoch: 58, Loss: 0.0003, lr: 0.000490, Train: 0.9872, Valid: 0.9104, Test: 0.9656
Run: 07, Epoch: 59, Loss: 0.0003, lr: 0.000343, Train: 0.9875, Valid: 0.9098, Test: 0.9655
Run: 07, Epoch: 60, Loss: 0.0003, lr: 0.000343, Train: 0.9879, Valid: 0.9091, Test: 0.9656
Run: 07, Epoch: 61, Loss: 0.0003, lr: 0.000343, Train: 0.9881, Valid: 0.9086, Test: 0.9656
Run: 07, Epoch: 62, Loss: 0.0003, lr: 0.000343, Train: 0.9882, Valid: 0.9081, Test: 0.9656
Run: 07, Epoch: 63, Loss: 0.0003, lr: 0.000343, Train: 0.9882, Valid: 0.9078, Test: 0.9655
Run: 07, Epoch: 64, Loss: 0.0003, lr: 0.000343, Train: 0.9884, Valid: 0.9076, Test: 0.9656
Run: 07, Epoch: 65, Loss: 0.0003, lr: 0.000240, Train: 0.9887, Valid: 0.9074, Test: 0.9659
Run: 07, Epoch: 66, Loss: 0.0003, lr: 0.000240, Train: 0.9890, Valid: 0.9073, Test: 0.9663
Run: 07, Epoch: 67, Loss: 0.0003, lr: 0.000240, Train: 0.9893, Valid: 0.9073, Test: 0.9667
Run: 07, Epoch: 68, Loss: 0.0003, lr: 0.000240, Train: 0.9896, Valid: 0.9073, Test: 0.9670
Run: 07, Epoch: 69, Loss: 0.0003, lr: 0.000240, Train: 0.9898, Valid: 0.9072, Test: 0.9671
Run: 07, Epoch: 70, Loss: 0.0003, lr: 0.000240, Train: 0.9900, Valid: 0.9070, Test: 0.9672
Run: 07, Epoch: 71, Loss: 0.0003, lr: 0.000168, Train: 0.9901, Valid: 0.9068, Test: 0.9673
Run: 07, Epoch: 72, Loss: 0.0003, lr: 0.000168, Train: 0.9903, Valid: 0.9066, Test: 0.9674
Run: 07, Epoch: 73, Loss: 0.0003, lr: 0.000168, Train: 0.9904, Valid: 0.9065, Test: 0.9674
Run: 07, Epoch: 74, Loss: 0.0003, lr: 0.000168, Train: 0.9905, Valid: 0.9064, Test: 0.9673
Run: 07, Epoch: 75, Loss: 0.0003, lr: 0.000168, Train: 0.9905, Valid: 0.9063, Test: 0.9672
Run: 07, Epoch: 76, Loss: 0.0003, lr: 0.000168, Train: 0.9906, Valid: 0.9062, Test: 0.9672
Run: 07, Epoch: 77, Loss: 0.0003, lr: 0.000118, Train: 0.9907, Valid: 0.9062, Test: 0.9674
Run: 07, Epoch: 78, Loss: 0.0003, lr: 0.000118, Train: 0.9908, Valid: 0.9062, Test: 0.9676
Run: 07, Epoch: 79, Loss: 0.0003, lr: 0.000118, Train: 0.9909, Valid: 0.9063, Test: 0.9678
Run: 07, Epoch: 80, Loss: 0.0003, lr: 0.000118, Train: 0.9909, Valid: 0.9065, Test: 0.9680
Run: 07, Epoch: 81, Loss: 0.0003, lr: 0.000118, Train: 0.9910, Valid: 0.9067, Test: 0.9681
Run: 07, Epoch: 82, Loss: 0.0003, lr: 0.000118, Train: 0.9911, Valid: 0.9069, Test: 0.9682
Run: 07, Epoch: 83, Loss: 0.0003, lr: 0.000082, Train: 0.9912, Valid: 0.9070, Test: 0.9683
Run: 07, Epoch: 84, Loss: 0.0003, lr: 0.000082, Train: 0.9912, Valid: 0.9071, Test: 0.9683
Run: 07, Epoch: 85, Loss: 0.0003, lr: 0.000082, Train: 0.9913, Valid: 0.9072, Test: 0.9684
Run: 07, Epoch: 86, Loss: 0.0003, lr: 0.000082, Train: 0.9913, Valid: 0.9072, Test: 0.9684
Run: 07, Epoch: 87, Loss: 0.0003, lr: 0.000082, Train: 0.9914, Valid: 0.9073, Test: 0.9684
Run: 07, Epoch: 88, Loss: 0.0003, lr: 0.000082, Train: 0.9914, Valid: 0.9074, Test: 0.9684
Run: 07, Epoch: 89, Loss: 0.0003, lr: 0.000058, Train: 0.9915, Valid: 0.9074, Test: 0.9685
Run: 07, Epoch: 90, Loss: 0.0003, lr: 0.000058, Train: 0.9915, Valid: 0.9074, Test: 0.9685
Run: 07, Epoch: 91, Loss: 0.0003, lr: 0.000058, Train: 0.9915, Valid: 0.9074, Test: 0.9685
Run: 07, Epoch: 92, Loss: 0.0003, lr: 0.000058, Train: 0.9916, Valid: 0.9074, Test: 0.9686
Run: 07, Epoch: 93, Loss: 0.0003, lr: 0.000058, Train: 0.9916, Valid: 0.9074, Test: 0.9686
Run: 07, Epoch: 94, Loss: 0.0003, lr: 0.000058, Train: 0.9916, Valid: 0.9074, Test: 0.9686
Run: 07, Epoch: 95, Loss: 0.0003, lr: 0.000040, Train: 0.9916, Valid: 0.9074, Test: 0.9687
Run: 07, Epoch: 96, Loss: 0.0003, lr: 0.000040, Train: 0.9917, Valid: 0.9074, Test: 0.9688
Run: 07, Epoch: 97, Loss: 0.0003, lr: 0.000040, Train: 0.9917, Valid: 0.9074, Test: 0.9688
Run: 07, Epoch: 98, Loss: 0.0003, lr: 0.000040, Train: 0.9917, Valid: 0.9074, Test: 0.9689
Run: 07, Epoch: 99, Loss: 0.0003, lr: 0.000040, Train: 0.9917, Valid: 0.9074, Test: 0.9689
Run: 07, Epoch: 100, Loss: 0.0003, lr: 0.000040, Train: 0.9918, Valid: 0.9075, Test: 0.9690
Run 07:
Highest Train: 0.99
Highest Valid: 0.92
  Final Train: 0.98
   Final Test: 0.96
Run: 08, Epoch: 01, Loss: 0.0271, lr: 0.001000, Train: -0.1801, Valid: -0.0130, Test: -0.2067
Run: 08, Epoch: 02, Loss: 0.0127, lr: 0.001000, Train: 0.2547, Valid: 0.3836, Test: 0.2392
Run: 08, Epoch: 03, Loss: 0.0069, lr: 0.001000, Train: 0.7132, Valid: 0.7756, Test: 0.7159
Run: 08, Epoch: 04, Loss: 0.0044, lr: 0.001000, Train: 0.8528, Valid: 0.9151, Test: 0.8367
Run: 08, Epoch: 05, Loss: 0.0039, lr: 0.001000, Train: 0.8462, Valid: 0.8943, Test: 0.8283
Run: 08, Epoch: 06, Loss: 0.0028, lr: 0.001000, Train: 0.8470, Valid: 0.8773, Test: 0.8308
Run: 08, Epoch: 07, Loss: 0.0028, lr: 0.001000, Train: 0.8767, Valid: 0.8950, Test: 0.8578
Run: 08, Epoch: 08, Loss: 0.0025, lr: 0.001000, Train: 0.9035, Valid: 0.9177, Test: 0.8818
Run: 08, Epoch: 09, Loss: 0.0024, lr: 0.001000, Train: 0.9027, Valid: 0.9086, Test: 0.8833
Run: 08, Epoch: 10, Loss: 0.0022, lr: 0.001000, Train: 0.9017, Valid: 0.8992, Test: 0.8863
Run: 08, Epoch: 11, Loss: 0.0021, lr: 0.001000, Train: 0.9175, Valid: 0.9163, Test: 0.9075
Run: 08, Epoch: 12, Loss: 0.0020, lr: 0.001000, Train: 0.9341, Valid: 0.9396, Test: 0.9292
Run: 08, Epoch: 13, Loss: 0.0019, lr: 0.001000, Train: 0.9450, Valid: 0.9590, Test: 0.9441
Run: 08, Epoch: 14, Loss: 0.0017, lr: 0.001000, Train: 0.9491, Valid: 0.9688, Test: 0.9518
Run: 08, Epoch: 15, Loss: 0.0016, lr: 0.001000, Train: 0.9505, Valid: 0.9697, Test: 0.9554
Run: 08, Epoch: 16, Loss: 0.0015, lr: 0.001000, Train: 0.9523, Valid: 0.9669, Test: 0.9575
Run: 08, Epoch: 17, Loss: 0.0014, lr: 0.001000, Train: 0.9553, Valid: 0.9662, Test: 0.9600
Run: 08, Epoch: 18, Loss: 0.0013, lr: 0.001000, Train: 0.9588, Valid: 0.9694, Test: 0.9642
Run: 08, Epoch: 19, Loss: 0.0013, lr: 0.001000, Train: 0.9613, Valid: 0.9706, Test: 0.9675
Run: 08, Epoch: 20, Loss: 0.0012, lr: 0.001000, Train: 0.9610, Valid: 0.9640, Test: 0.9666
Run: 08, Epoch: 21, Loss: 0.0012, lr: 0.001000, Train: 0.9575, Valid: 0.9546, Test: 0.9630
Run: 08, Epoch: 22, Loss: 0.0011, lr: 0.001000, Train: 0.9565, Valid: 0.9522, Test: 0.9627
Run: 08, Epoch: 23, Loss: 0.0011, lr: 0.001000, Train: 0.9579, Valid: 0.9535, Test: 0.9646
Run: 08, Epoch: 24, Loss: 0.0010, lr: 0.001000, Train: 0.9596, Valid: 0.9539, Test: 0.9656
Run: 08, Epoch: 25, Loss: 0.0010, lr: 0.001000, Train: 0.9609, Valid: 0.9543, Test: 0.9655
Run: 08, Epoch: 26, Loss: 0.0009, lr: 0.000700, Train: 0.9641, Valid: 0.9591, Test: 0.9673
Run: 08, Epoch: 27, Loss: 0.0009, lr: 0.000700, Train: 0.9675, Valid: 0.9651, Test: 0.9696
Run: 08, Epoch: 28, Loss: 0.0009, lr: 0.000700, Train: 0.9680, Valid: 0.9635, Test: 0.9682
Run: 08, Epoch: 29, Loss: 0.0009, lr: 0.000700, Train: 0.9682, Valid: 0.9607, Test: 0.9668
Run: 08, Epoch: 30, Loss: 0.0008, lr: 0.000700, Train: 0.9707, Valid: 0.9638, Test: 0.9689
Run: 08, Epoch: 31, Loss: 0.0008, lr: 0.000700, Train: 0.9715, Valid: 0.9634, Test: 0.9690
Run: 08, Epoch: 32, Loss: 0.0008, lr: 0.000490, Train: 0.9705, Valid: 0.9600, Test: 0.9667
Run: 08, Epoch: 33, Loss: 0.0008, lr: 0.000490, Train: 0.9725, Valid: 0.9627, Test: 0.9679
Run: 08, Epoch: 34, Loss: 0.0007, lr: 0.000490, Train: 0.9751, Valid: 0.9685, Test: 0.9706
Run: 08, Epoch: 35, Loss: 0.0007, lr: 0.000490, Train: 0.9763, Valid: 0.9693, Test: 0.9710
Run: 08, Epoch: 36, Loss: 0.0007, lr: 0.000490, Train: 0.9765, Valid: 0.9650, Test: 0.9690
Run: 08, Epoch: 37, Loss: 0.0007, lr: 0.000490, Train: 0.9775, Valid: 0.9664, Test: 0.9699
Run: 08, Epoch: 38, Loss: 0.0007, lr: 0.000343, Train: 0.9782, Valid: 0.9701, Test: 0.9712
Run: 08, Epoch: 39, Loss: 0.0007, lr: 0.000343, Train: 0.9784, Valid: 0.9708, Test: 0.9717
Run: 08, Epoch: 40, Loss: 0.0007, lr: 0.000343, Train: 0.9789, Valid: 0.9685, Test: 0.9717
Run: 08, Epoch: 41, Loss: 0.0007, lr: 0.000343, Train: 0.9793, Valid: 0.9674, Test: 0.9715
Run: 08, Epoch: 42, Loss: 0.0006, lr: 0.000343, Train: 0.9798, Valid: 0.9705, Test: 0.9721
Run: 08, Epoch: 43, Loss: 0.0006, lr: 0.000343, Train: 0.9800, Valid: 0.9742, Test: 0.9724
Run: 08, Epoch: 44, Loss: 0.0006, lr: 0.000343, Train: 0.9808, Valid: 0.9749, Test: 0.9727
Run: 08, Epoch: 45, Loss: 0.0006, lr: 0.000343, Train: 0.9816, Valid: 0.9739, Test: 0.9731
Run: 08, Epoch: 46, Loss: 0.0006, lr: 0.000343, Train: 0.9819, Valid: 0.9750, Test: 0.9732
Run: 08, Epoch: 47, Loss: 0.0006, lr: 0.000343, Train: 0.9816, Valid: 0.9767, Test: 0.9729
Run: 08, Epoch: 48, Loss: 0.0006, lr: 0.000343, Train: 0.9821, Valid: 0.9759, Test: 0.9729
Run: 08, Epoch: 49, Loss: 0.0006, lr: 0.000343, Train: 0.9827, Valid: 0.9735, Test: 0.9728
Run: 08, Epoch: 50, Loss: 0.0006, lr: 0.000343, Train: 0.9829, Valid: 0.9731, Test: 0.9724
Run: 08, Epoch: 51, Loss: 0.0006, lr: 0.000343, Train: 0.9828, Valid: 0.9746, Test: 0.9718
Run: 08, Epoch: 52, Loss: 0.0006, lr: 0.000343, Train: 0.9831, Valid: 0.9749, Test: 0.9716
Run: 08, Epoch: 53, Loss: 0.0006, lr: 0.000343, Train: 0.9837, Valid: 0.9741, Test: 0.9715
Run: 08, Epoch: 54, Loss: 0.0005, lr: 0.000240, Train: 0.9839, Valid: 0.9746, Test: 0.9713
Run: 08, Epoch: 55, Loss: 0.0005, lr: 0.000240, Train: 0.9837, Valid: 0.9759, Test: 0.9710
Run: 08, Epoch: 56, Loss: 0.0005, lr: 0.000240, Train: 0.9839, Valid: 0.9758, Test: 0.9709
Run: 08, Epoch: 57, Loss: 0.0005, lr: 0.000240, Train: 0.9844, Valid: 0.9744, Test: 0.9711
Run: 08, Epoch: 58, Loss: 0.0005, lr: 0.000240, Train: 0.9847, Valid: 0.9732, Test: 0.9712
Run: 08, Epoch: 59, Loss: 0.0005, lr: 0.000240, Train: 0.9847, Valid: 0.9733, Test: 0.9711
Run: 08, Epoch: 60, Loss: 0.0005, lr: 0.000168, Train: 0.9848, Valid: 0.9737, Test: 0.9711
Run: 08, Epoch: 61, Loss: 0.0005, lr: 0.000168, Train: 0.9850, Valid: 0.9738, Test: 0.9713
Run: 08, Epoch: 62, Loss: 0.0005, lr: 0.000168, Train: 0.9854, Valid: 0.9731, Test: 0.9715
Run: 08, Epoch: 63, Loss: 0.0005, lr: 0.000168, Train: 0.9857, Valid: 0.9723, Test: 0.9717
Run: 08, Epoch: 64, Loss: 0.0005, lr: 0.000168, Train: 0.9859, Valid: 0.9716, Test: 0.9719
Run: 08, Epoch: 65, Loss: 0.0005, lr: 0.000168, Train: 0.9860, Valid: 0.9712, Test: 0.9720
Run: 08, Epoch: 66, Loss: 0.0005, lr: 0.000118, Train: 0.9861, Valid: 0.9710, Test: 0.9722
Run: 08, Epoch: 67, Loss: 0.0005, lr: 0.000118, Train: 0.9863, Valid: 0.9705, Test: 0.9723
Run: 08, Epoch: 68, Loss: 0.0005, lr: 0.000118, Train: 0.9864, Valid: 0.9700, Test: 0.9725
Run: 08, Epoch: 69, Loss: 0.0005, lr: 0.000118, Train: 0.9865, Valid: 0.9694, Test: 0.9726
Run: 08, Epoch: 70, Loss: 0.0005, lr: 0.000118, Train: 0.9866, Valid: 0.9693, Test: 0.9726
Run: 08, Epoch: 71, Loss: 0.0005, lr: 0.000118, Train: 0.9867, Valid: 0.9695, Test: 0.9727
Run: 08, Epoch: 72, Loss: 0.0005, lr: 0.000082, Train: 0.9868, Valid: 0.9700, Test: 0.9727
Run: 08, Epoch: 73, Loss: 0.0005, lr: 0.000082, Train: 0.9869, Valid: 0.9705, Test: 0.9727
Run: 08, Epoch: 74, Loss: 0.0005, lr: 0.000082, Train: 0.9869, Valid: 0.9707, Test: 0.9728
Run: 08, Epoch: 75, Loss: 0.0005, lr: 0.000082, Train: 0.9870, Valid: 0.9707, Test: 0.9728
Run: 08, Epoch: 76, Loss: 0.0005, lr: 0.000082, Train: 0.9871, Valid: 0.9706, Test: 0.9728
Run: 08, Epoch: 77, Loss: 0.0005, lr: 0.000082, Train: 0.9871, Valid: 0.9704, Test: 0.9728
Run: 08, Epoch: 78, Loss: 0.0005, lr: 0.000058, Train: 0.9872, Valid: 0.9704, Test: 0.9728
Run: 08, Epoch: 79, Loss: 0.0005, lr: 0.000058, Train: 0.9872, Valid: 0.9705, Test: 0.9728
Run: 08, Epoch: 80, Loss: 0.0005, lr: 0.000058, Train: 0.9873, Valid: 0.9705, Test: 0.9729
Run: 08, Epoch: 81, Loss: 0.0005, lr: 0.000058, Train: 0.9873, Valid: 0.9706, Test: 0.9730
Run: 08, Epoch: 82, Loss: 0.0005, lr: 0.000058, Train: 0.9873, Valid: 0.9705, Test: 0.9730
Run: 08, Epoch: 83, Loss: 0.0005, lr: 0.000058, Train: 0.9874, Valid: 0.9704, Test: 0.9731
Run: 08, Epoch: 84, Loss: 0.0005, lr: 0.000040, Train: 0.9874, Valid: 0.9703, Test: 0.9732
Run: 08, Epoch: 85, Loss: 0.0005, lr: 0.000040, Train: 0.9875, Valid: 0.9702, Test: 0.9733
Run: 08, Epoch: 86, Loss: 0.0005, lr: 0.000040, Train: 0.9875, Valid: 0.9701, Test: 0.9733
Run: 08, Epoch: 87, Loss: 0.0005, lr: 0.000040, Train: 0.9875, Valid: 0.9701, Test: 0.9733
Run: 08, Epoch: 88, Loss: 0.0005, lr: 0.000040, Train: 0.9875, Valid: 0.9701, Test: 0.9733
Run: 08, Epoch: 89, Loss: 0.0005, lr: 0.000040, Train: 0.9876, Valid: 0.9701, Test: 0.9733
Run: 08, Epoch: 90, Loss: 0.0005, lr: 0.000028, Train: 0.9876, Valid: 0.9701, Test: 0.9733
Run: 08, Epoch: 91, Loss: 0.0005, lr: 0.000028, Train: 0.9876, Valid: 0.9702, Test: 0.9733
Run: 08, Epoch: 92, Loss: 0.0005, lr: 0.000028, Train: 0.9876, Valid: 0.9702, Test: 0.9733
Run: 08, Epoch: 93, Loss: 0.0005, lr: 0.000028, Train: 0.9876, Valid: 0.9703, Test: 0.9733
Run: 08, Epoch: 94, Loss: 0.0005, lr: 0.000028, Train: 0.9877, Valid: 0.9703, Test: 0.9733
Run: 08, Epoch: 95, Loss: 0.0005, lr: 0.000028, Train: 0.9877, Valid: 0.9704, Test: 0.9732
Run: 08, Epoch: 96, Loss: 0.0005, lr: 0.000020, Train: 0.9877, Valid: 0.9704, Test: 0.9732
Run: 08, Epoch: 97, Loss: 0.0005, lr: 0.000020, Train: 0.9877, Valid: 0.9704, Test: 0.9732
Run: 08, Epoch: 98, Loss: 0.0005, lr: 0.000020, Train: 0.9877, Valid: 0.9704, Test: 0.9732
Run: 08, Epoch: 99, Loss: 0.0005, lr: 0.000020, Train: 0.9877, Valid: 0.9704, Test: 0.9733
Run: 08, Epoch: 100, Loss: 0.0005, lr: 0.000020, Train: 0.9878, Valid: 0.9703, Test: 0.9733
Run 08:
Highest Train: 0.99
Highest Valid: 0.98
  Final Train: 0.98
   Final Test: 0.97
Run: 09, Epoch: 01, Loss: 0.0482, lr: 0.001000, Train: -0.0058, Valid: -0.5694, Test: -0.2567
Run: 09, Epoch: 02, Loss: 0.0126, lr: 0.001000, Train: -0.1139, Valid: -0.4111, Test: -0.6625
Run: 09, Epoch: 03, Loss: 0.0095, lr: 0.001000, Train: 0.1790, Valid: 0.1291, Test: -0.2412
Run: 09, Epoch: 04, Loss: 0.0066, lr: 0.001000, Train: 0.4550, Valid: 0.5092, Test: 0.2072
Run: 09, Epoch: 05, Loss: 0.0049, lr: 0.001000, Train: 0.6108, Valid: 0.6943, Test: 0.4597
Run: 09, Epoch: 06, Loss: 0.0039, lr: 0.001000, Train: 0.7520, Valid: 0.8132, Test: 0.6935
Run: 09, Epoch: 07, Loss: 0.0032, lr: 0.001000, Train: 0.8784, Valid: 0.8944, Test: 0.8645
Run: 09, Epoch: 08, Loss: 0.0027, lr: 0.001000, Train: 0.9199, Valid: 0.9198, Test: 0.8952
Run: 09, Epoch: 09, Loss: 0.0021, lr: 0.001000, Train: 0.9289, Valid: 0.9278, Test: 0.8956
Run: 09, Epoch: 10, Loss: 0.0018, lr: 0.001000, Train: 0.9420, Valid: 0.9352, Test: 0.8960
Run: 09, Epoch: 11, Loss: 0.0016, lr: 0.001000, Train: 0.9474, Valid: 0.9348, Test: 0.8985
Run: 09, Epoch: 12, Loss: 0.0014, lr: 0.001000, Train: 0.9521, Valid: 0.9309, Test: 0.9001
Run: 09, Epoch: 13, Loss: 0.0014, lr: 0.001000, Train: 0.9543, Valid: 0.9248, Test: 0.9020
Run: 09, Epoch: 14, Loss: 0.0014, lr: 0.001000, Train: 0.9543, Valid: 0.9193, Test: 0.9056
Run: 09, Epoch: 15, Loss: 0.0013, lr: 0.001000, Train: 0.9548, Valid: 0.9168, Test: 0.9038
Run: 09, Epoch: 16, Loss: 0.0013, lr: 0.001000, Train: 0.9532, Valid: 0.9159, Test: 0.9019
Run: 09, Epoch: 17, Loss: 0.0012, lr: 0.000700, Train: 0.9538, Valid: 0.9185, Test: 0.9036
Run: 09, Epoch: 18, Loss: 0.0012, lr: 0.000700, Train: 0.9575, Valid: 0.9240, Test: 0.9071
Run: 09, Epoch: 19, Loss: 0.0011, lr: 0.000700, Train: 0.9607, Valid: 0.9301, Test: 0.9105
Run: 09, Epoch: 20, Loss: 0.0011, lr: 0.000700, Train: 0.9625, Valid: 0.9350, Test: 0.9142
Run: 09, Epoch: 21, Loss: 0.0010, lr: 0.000700, Train: 0.9646, Valid: 0.9398, Test: 0.9177
Run: 09, Epoch: 22, Loss: 0.0010, lr: 0.000700, Train: 0.9661, Valid: 0.9445, Test: 0.9187
Run: 09, Epoch: 23, Loss: 0.0010, lr: 0.000700, Train: 0.9671, Valid: 0.9484, Test: 0.9195
Run: 09, Epoch: 24, Loss: 0.0009, lr: 0.000700, Train: 0.9681, Valid: 0.9514, Test: 0.9192
Run: 09, Epoch: 25, Loss: 0.0009, lr: 0.000700, Train: 0.9682, Valid: 0.9537, Test: 0.9160
Run: 09, Epoch: 26, Loss: 0.0009, lr: 0.000700, Train: 0.9683, Valid: 0.9559, Test: 0.9137
Run: 09, Epoch: 27, Loss: 0.0009, lr: 0.000700, Train: 0.9698, Valid: 0.9580, Test: 0.9147
Run: 09, Epoch: 28, Loss: 0.0009, lr: 0.000700, Train: 0.9704, Valid: 0.9598, Test: 0.9137
Run: 09, Epoch: 29, Loss: 0.0008, lr: 0.000700, Train: 0.9712, Valid: 0.9613, Test: 0.9141
Run: 09, Epoch: 30, Loss: 0.0008, lr: 0.000700, Train: 0.9738, Valid: 0.9633, Test: 0.9201
Run: 09, Epoch: 31, Loss: 0.0008, lr: 0.000700, Train: 0.9755, Valid: 0.9652, Test: 0.9246
Run: 09, Epoch: 32, Loss: 0.0008, lr: 0.000700, Train: 0.9763, Valid: 0.9667, Test: 0.9275
Run: 09, Epoch: 33, Loss: 0.0008, lr: 0.000700, Train: 0.9781, Valid: 0.9686, Test: 0.9341
Run: 09, Epoch: 34, Loss: 0.0007, lr: 0.000700, Train: 0.9788, Valid: 0.9698, Test: 0.9380
Run: 09, Epoch: 35, Loss: 0.0007, lr: 0.000700, Train: 0.9795, Valid: 0.9708, Test: 0.9384
Run: 09, Epoch: 36, Loss: 0.0007, lr: 0.000700, Train: 0.9797, Valid: 0.9716, Test: 0.9403
Run: 09, Epoch: 37, Loss: 0.0007, lr: 0.000700, Train: 0.9799, Valid: 0.9722, Test: 0.9413
Run: 09, Epoch: 38, Loss: 0.0007, lr: 0.000700, Train: 0.9809, Valid: 0.9731, Test: 0.9412
Run: 09, Epoch: 39, Loss: 0.0007, lr: 0.000700, Train: 0.9812, Valid: 0.9737, Test: 0.9420
Run: 09, Epoch: 40, Loss: 0.0007, lr: 0.000700, Train: 0.9816, Valid: 0.9743, Test: 0.9420
Run: 09, Epoch: 41, Loss: 0.0006, lr: 0.000700, Train: 0.9824, Valid: 0.9748, Test: 0.9410
Run: 09, Epoch: 42, Loss: 0.0006, lr: 0.000700, Train: 0.9822, Valid: 0.9748, Test: 0.9411
Run: 09, Epoch: 43, Loss: 0.0006, lr: 0.000700, Train: 0.9828, Valid: 0.9750, Test: 0.9397
Run: 09, Epoch: 44, Loss: 0.0006, lr: 0.000700, Train: 0.9832, Valid: 0.9751, Test: 0.9386
Run: 09, Epoch: 45, Loss: 0.0006, lr: 0.000700, Train: 0.9832, Valid: 0.9750, Test: 0.9389
Run: 09, Epoch: 46, Loss: 0.0006, lr: 0.000700, Train: 0.9839, Valid: 0.9755, Test: 0.9375
Run: 09, Epoch: 47, Loss: 0.0006, lr: 0.000700, Train: 0.9837, Valid: 0.9756, Test: 0.9391
Run: 09, Epoch: 48, Loss: 0.0006, lr: 0.000700, Train: 0.9842, Valid: 0.9761, Test: 0.9386
Run: 09, Epoch: 49, Loss: 0.0006, lr: 0.000700, Train: 0.9846, Valid: 0.9763, Test: 0.9377
Run: 09, Epoch: 50, Loss: 0.0006, lr: 0.000700, Train: 0.9849, Valid: 0.9764, Test: 0.9375
Run: 09, Epoch: 51, Loss: 0.0005, lr: 0.000700, Train: 0.9851, Valid: 0.9765, Test: 0.9351
Run: 09, Epoch: 52, Loss: 0.0005, lr: 0.000700, Train: 0.9854, Valid: 0.9766, Test: 0.9357
Run: 09, Epoch: 53, Loss: 0.0005, lr: 0.000700, Train: 0.9856, Valid: 0.9769, Test: 0.9347
Run: 09, Epoch: 54, Loss: 0.0005, lr: 0.000700, Train: 0.9860, Valid: 0.9774, Test: 0.9369
Run: 09, Epoch: 55, Loss: 0.0005, lr: 0.000700, Train: 0.9863, Valid: 0.9778, Test: 0.9371
Run: 09, Epoch: 56, Loss: 0.0005, lr: 0.000700, Train: 0.9866, Valid: 0.9779, Test: 0.9387
Run: 09, Epoch: 57, Loss: 0.0005, lr: 0.000700, Train: 0.9870, Valid: 0.9780, Test: 0.9382
Run: 09, Epoch: 58, Loss: 0.0005, lr: 0.000700, Train: 0.9869, Valid: 0.9780, Test: 0.9402
Run: 09, Epoch: 59, Loss: 0.0005, lr: 0.000700, Train: 0.9867, Valid: 0.9785, Test: 0.9363
Run: 09, Epoch: 60, Loss: 0.0005, lr: 0.000700, Train: 0.9840, Valid: 0.9777, Test: 0.9409
Run: 09, Epoch: 61, Loss: 0.0005, lr: 0.000700, Train: 0.9828, Valid: 0.9781, Test: 0.9295
Run: 09, Epoch: 62, Loss: 0.0005, lr: 0.000700, Train: 0.9840, Valid: 0.9776, Test: 0.9417
Run: 09, Epoch: 63, Loss: 0.0005, lr: 0.000700, Train: 0.9877, Valid: 0.9786, Test: 0.9403
Run: 09, Epoch: 64, Loss: 0.0005, lr: 0.000700, Train: 0.9853, Valid: 0.9781, Test: 0.9318
Run: 09, Epoch: 65, Loss: 0.0005, lr: 0.000700, Train: 0.9841, Valid: 0.9777, Test: 0.9396
Run: 09, Epoch: 66, Loss: 0.0005, lr: 0.000700, Train: 0.9879, Valid: 0.9784, Test: 0.9394
Run: 09, Epoch: 67, Loss: 0.0004, lr: 0.000700, Train: 0.9865, Valid: 0.9783, Test: 0.9338
Run: 09, Epoch: 68, Loss: 0.0005, lr: 0.000700, Train: 0.9848, Valid: 0.9769, Test: 0.9403
Run: 09, Epoch: 69, Loss: 0.0005, lr: 0.000700, Train: 0.9884, Valid: 0.9779, Test: 0.9409
Run: 09, Epoch: 70, Loss: 0.0004, lr: 0.000490, Train: 0.9884, Valid: 0.9782, Test: 0.9366
Run: 09, Epoch: 71, Loss: 0.0004, lr: 0.000490, Train: 0.9894, Valid: 0.9781, Test: 0.9390
Run: 09, Epoch: 72, Loss: 0.0004, lr: 0.000490, Train: 0.9879, Valid: 0.9775, Test: 0.9398
Run: 09, Epoch: 73, Loss: 0.0004, lr: 0.000490, Train: 0.9896, Valid: 0.9780, Test: 0.9384
Run: 09, Epoch: 74, Loss: 0.0004, lr: 0.000490, Train: 0.9886, Valid: 0.9780, Test: 0.9351
Run: 09, Epoch: 75, Loss: 0.0004, lr: 0.000490, Train: 0.9897, Valid: 0.9779, Test: 0.9390
Run: 09, Epoch: 76, Loss: 0.0004, lr: 0.000343, Train: 0.9893, Valid: 0.9777, Test: 0.9391
Run: 09, Epoch: 77, Loss: 0.0004, lr: 0.000343, Train: 0.9900, Valid: 0.9779, Test: 0.9377
Run: 09, Epoch: 78, Loss: 0.0004, lr: 0.000343, Train: 0.9897, Valid: 0.9780, Test: 0.9357
Run: 09, Epoch: 79, Loss: 0.0004, lr: 0.000343, Train: 0.9901, Valid: 0.9780, Test: 0.9366
Run: 09, Epoch: 80, Loss: 0.0004, lr: 0.000343, Train: 0.9899, Valid: 0.9777, Test: 0.9375
Run: 09, Epoch: 81, Loss: 0.0004, lr: 0.000343, Train: 0.9902, Valid: 0.9779, Test: 0.9368
Run: 09, Epoch: 82, Loss: 0.0004, lr: 0.000240, Train: 0.9903, Valid: 0.9780, Test: 0.9356
Run: 09, Epoch: 83, Loss: 0.0004, lr: 0.000240, Train: 0.9902, Valid: 0.9780, Test: 0.9352
Run: 09, Epoch: 84, Loss: 0.0004, lr: 0.000240, Train: 0.9905, Valid: 0.9780, Test: 0.9362
Run: 09, Epoch: 85, Loss: 0.0004, lr: 0.000240, Train: 0.9904, Valid: 0.9779, Test: 0.9369
Run: 09, Epoch: 86, Loss: 0.0004, lr: 0.000240, Train: 0.9904, Valid: 0.9779, Test: 0.9366
Run: 09, Epoch: 87, Loss: 0.0004, lr: 0.000240, Train: 0.9906, Valid: 0.9781, Test: 0.9359
Run: 09, Epoch: 88, Loss: 0.0004, lr: 0.000168, Train: 0.9907, Valid: 0.9782, Test: 0.9355
Run: 09, Epoch: 89, Loss: 0.0004, lr: 0.000168, Train: 0.9907, Valid: 0.9782, Test: 0.9356
Run: 09, Epoch: 90, Loss: 0.0004, lr: 0.000168, Train: 0.9907, Valid: 0.9782, Test: 0.9360
Run: 09, Epoch: 91, Loss: 0.0004, lr: 0.000168, Train: 0.9907, Valid: 0.9782, Test: 0.9360
Run: 09, Epoch: 92, Loss: 0.0004, lr: 0.000168, Train: 0.9908, Valid: 0.9782, Test: 0.9358
Run: 09, Epoch: 93, Loss: 0.0004, lr: 0.000168, Train: 0.9909, Valid: 0.9783, Test: 0.9354
Run: 09, Epoch: 94, Loss: 0.0004, lr: 0.000118, Train: 0.9909, Valid: 0.9783, Test: 0.9352
Run: 09, Epoch: 95, Loss: 0.0004, lr: 0.000118, Train: 0.9909, Valid: 0.9783, Test: 0.9351
Run: 09, Epoch: 96, Loss: 0.0004, lr: 0.000118, Train: 0.9910, Valid: 0.9783, Test: 0.9352
Run: 09, Epoch: 97, Loss: 0.0004, lr: 0.000118, Train: 0.9910, Valid: 0.9782, Test: 0.9352
Run: 09, Epoch: 98, Loss: 0.0004, lr: 0.000118, Train: 0.9910, Valid: 0.9782, Test: 0.9351
Run: 09, Epoch: 99, Loss: 0.0004, lr: 0.000118, Train: 0.9911, Valid: 0.9782, Test: 0.9349
Run: 09, Epoch: 100, Loss: 0.0004, lr: 0.000082, Train: 0.9911, Valid: 0.9782, Test: 0.9348
Run 09:
Highest Train: 0.99
Highest Valid: 0.98
  Final Train: 0.99
   Final Test: 0.94
Run: 10, Epoch: 01, Loss: 0.0545, lr: 0.001000, Train: -0.2030, Valid: -0.6825, Test: -0.1842
Run: 10, Epoch: 02, Loss: 0.0130, lr: 0.001000, Train: -0.1808, Valid: -0.8694, Test: -0.2396
Run: 10, Epoch: 03, Loss: 0.0115, lr: 0.001000, Train: 0.0747, Valid: -0.5104, Test: -0.0171
Run: 10, Epoch: 04, Loss: 0.0099, lr: 0.001000, Train: 0.3671, Valid: 0.0189, Test: 0.2796
Run: 10, Epoch: 05, Loss: 0.0066, lr: 0.001000, Train: 0.6437, Valid: 0.4995, Test: 0.5837
Run: 10, Epoch: 06, Loss: 0.0042, lr: 0.001000, Train: 0.8316, Valid: 0.7699, Test: 0.7862
Run: 10, Epoch: 07, Loss: 0.0030, lr: 0.001000, Train: 0.9111, Valid: 0.8456, Test: 0.8705
Run: 10, Epoch: 08, Loss: 0.0027, lr: 0.001000, Train: 0.9339, Valid: 0.8598, Test: 0.8917
Run: 10, Epoch: 09, Loss: 0.0026, lr: 0.001000, Train: 0.9383, Valid: 0.8684, Test: 0.8971
Run: 10, Epoch: 10, Loss: 0.0024, lr: 0.001000, Train: 0.9414, Valid: 0.8701, Test: 0.8948
Run: 10, Epoch: 11, Loss: 0.0022, lr: 0.001000, Train: 0.9380, Valid: 0.8643, Test: 0.8863
Run: 10, Epoch: 12, Loss: 0.0019, lr: 0.001000, Train: 0.9348, Valid: 0.8614, Test: 0.8814
Run: 10, Epoch: 13, Loss: 0.0017, lr: 0.001000, Train: 0.9312, Valid: 0.8655, Test: 0.8781
Run: 10, Epoch: 14, Loss: 0.0015, lr: 0.001000, Train: 0.9190, Valid: 0.8604, Test: 0.8634
Run: 10, Epoch: 15, Loss: 0.0014, lr: 0.001000, Train: 0.9149, Valid: 0.8616, Test: 0.8591
Run: 10, Epoch: 16, Loss: 0.0014, lr: 0.001000, Train: 0.9360, Valid: 0.8830, Test: 0.8823
Run: 10, Epoch: 17, Loss: 0.0012, lr: 0.001000, Train: 0.9523, Valid: 0.8989, Test: 0.9016
Run: 10, Epoch: 18, Loss: 0.0011, lr: 0.001000, Train: 0.9582, Valid: 0.9086, Test: 0.9096
Run: 10, Epoch: 19, Loss: 0.0011, lr: 0.001000, Train: 0.9588, Valid: 0.9167, Test: 0.9121
Run: 10, Epoch: 20, Loss: 0.0010, lr: 0.001000, Train: 0.9628, Valid: 0.9232, Test: 0.9177
Run: 10, Epoch: 21, Loss: 0.0009, lr: 0.001000, Train: 0.9688, Valid: 0.9294, Test: 0.9251
Run: 10, Epoch: 22, Loss: 0.0009, lr: 0.001000, Train: 0.9700, Valid: 0.9304, Test: 0.9283
Run: 10, Epoch: 23, Loss: 0.0008, lr: 0.001000, Train: 0.9705, Valid: 0.9304, Test: 0.9308
Run: 10, Epoch: 24, Loss: 0.0008, lr: 0.001000, Train: 0.9740, Valid: 0.9392, Test: 0.9372
Run: 10, Epoch: 25, Loss: 0.0008, lr: 0.001000, Train: 0.9747, Valid: 0.9454, Test: 0.9403
Run: 10, Epoch: 26, Loss: 0.0008, lr: 0.001000, Train: 0.9745, Valid: 0.9459, Test: 0.9395
Run: 10, Epoch: 27, Loss: 0.0008, lr: 0.001000, Train: 0.9726, Valid: 0.9466, Test: 0.9391
Run: 10, Epoch: 28, Loss: 0.0008, lr: 0.001000, Train: 0.9711, Valid: 0.9453, Test: 0.9374
Run: 10, Epoch: 29, Loss: 0.0007, lr: 0.001000, Train: 0.9724, Valid: 0.9450, Test: 0.9371
Run: 10, Epoch: 30, Loss: 0.0007, lr: 0.001000, Train: 0.9720, Valid: 0.9451, Test: 0.9368
Run: 10, Epoch: 31, Loss: 0.0007, lr: 0.001000, Train: 0.9709, Valid: 0.9444, Test: 0.9363
Run: 10, Epoch: 32, Loss: 0.0007, lr: 0.001000, Train: 0.9754, Valid: 0.9456, Test: 0.9380
Run: 10, Epoch: 33, Loss: 0.0006, lr: 0.001000, Train: 0.9776, Valid: 0.9464, Test: 0.9386
Run: 10, Epoch: 34, Loss: 0.0006, lr: 0.000700, Train: 0.9774, Valid: 0.9458, Test: 0.9388
Run: 10, Epoch: 35, Loss: 0.0006, lr: 0.000700, Train: 0.9763, Valid: 0.9450, Test: 0.9385
Run: 10, Epoch: 36, Loss: 0.0006, lr: 0.000700, Train: 0.9777, Valid: 0.9450, Test: 0.9389
Run: 10, Epoch: 37, Loss: 0.0006, lr: 0.000700, Train: 0.9792, Valid: 0.9451, Test: 0.9391
Run: 10, Epoch: 38, Loss: 0.0006, lr: 0.000700, Train: 0.9791, Valid: 0.9443, Test: 0.9388
Run: 10, Epoch: 39, Loss: 0.0006, lr: 0.000700, Train: 0.9783, Valid: 0.9434, Test: 0.9379
Run: 10, Epoch: 40, Loss: 0.0006, lr: 0.000490, Train: 0.9801, Valid: 0.9437, Test: 0.9383
Run: 10, Epoch: 41, Loss: 0.0005, lr: 0.000490, Train: 0.9814, Valid: 0.9436, Test: 0.9388
Run: 10, Epoch: 42, Loss: 0.0005, lr: 0.000490, Train: 0.9821, Valid: 0.9441, Test: 0.9397
Run: 10, Epoch: 43, Loss: 0.0005, lr: 0.000490, Train: 0.9827, Valid: 0.9448, Test: 0.9407
Run: 10, Epoch: 44, Loss: 0.0005, lr: 0.000490, Train: 0.9838, Valid: 0.9453, Test: 0.9417
Run: 10, Epoch: 45, Loss: 0.0005, lr: 0.000490, Train: 0.9848, Valid: 0.9451, Test: 0.9422
Run: 10, Epoch: 46, Loss: 0.0005, lr: 0.000343, Train: 0.9852, Valid: 0.9453, Test: 0.9424
Run: 10, Epoch: 47, Loss: 0.0005, lr: 0.000343, Train: 0.9856, Valid: 0.9462, Test: 0.9430
Run: 10, Epoch: 48, Loss: 0.0005, lr: 0.000343, Train: 0.9859, Valid: 0.9463, Test: 0.9431
Run: 10, Epoch: 49, Loss: 0.0005, lr: 0.000343, Train: 0.9860, Valid: 0.9457, Test: 0.9427
Run: 10, Epoch: 50, Loss: 0.0005, lr: 0.000343, Train: 0.9858, Valid: 0.9447, Test: 0.9419
Run: 10, Epoch: 51, Loss: 0.0005, lr: 0.000343, Train: 0.9858, Valid: 0.9442, Test: 0.9416
Run: 10, Epoch: 52, Loss: 0.0005, lr: 0.000240, Train: 0.9861, Valid: 0.9446, Test: 0.9419
Run: 10, Epoch: 53, Loss: 0.0005, lr: 0.000240, Train: 0.9863, Valid: 0.9450, Test: 0.9423
Run: 10, Epoch: 54, Loss: 0.0005, lr: 0.000240, Train: 0.9864, Valid: 0.9452, Test: 0.9424
Run: 10, Epoch: 55, Loss: 0.0005, lr: 0.000240, Train: 0.9863, Valid: 0.9452, Test: 0.9423
Run: 10, Epoch: 56, Loss: 0.0005, lr: 0.000240, Train: 0.9862, Valid: 0.9451, Test: 0.9421
Run: 10, Epoch: 57, Loss: 0.0005, lr: 0.000240, Train: 0.9863, Valid: 0.9455, Test: 0.9422
Run: 10, Epoch: 58, Loss: 0.0005, lr: 0.000168, Train: 0.9865, Valid: 0.9461, Test: 0.9425
Run: 10, Epoch: 59, Loss: 0.0005, lr: 0.000168, Train: 0.9868, Valid: 0.9466, Test: 0.9427
Run: 10, Epoch: 60, Loss: 0.0005, lr: 0.000168, Train: 0.9869, Valid: 0.9468, Test: 0.9428
Run: 10, Epoch: 61, Loss: 0.0005, lr: 0.000168, Train: 0.9870, Valid: 0.9467, Test: 0.9427
Run: 10, Epoch: 62, Loss: 0.0005, lr: 0.000168, Train: 0.9870, Valid: 0.9465, Test: 0.9426
Run: 10, Epoch: 63, Loss: 0.0005, lr: 0.000168, Train: 0.9870, Valid: 0.9462, Test: 0.9425
Run: 10, Epoch: 64, Loss: 0.0005, lr: 0.000168, Train: 0.9870, Valid: 0.9461, Test: 0.9425
Run: 10, Epoch: 65, Loss: 0.0005, lr: 0.000168, Train: 0.9871, Valid: 0.9461, Test: 0.9426
Run: 10, Epoch: 66, Loss: 0.0005, lr: 0.000168, Train: 0.9872, Valid: 0.9462, Test: 0.9427
Run: 10, Epoch: 67, Loss: 0.0005, lr: 0.000118, Train: 0.9874, Valid: 0.9464, Test: 0.9428
Run: 10, Epoch: 68, Loss: 0.0005, lr: 0.000118, Train: 0.9875, Valid: 0.9466, Test: 0.9429
Run: 10, Epoch: 69, Loss: 0.0004, lr: 0.000118, Train: 0.9875, Valid: 0.9468, Test: 0.9430
Run: 10, Epoch: 70, Loss: 0.0004, lr: 0.000118, Train: 0.9876, Valid: 0.9470, Test: 0.9431
Run: 10, Epoch: 71, Loss: 0.0004, lr: 0.000118, Train: 0.9877, Valid: 0.9473, Test: 0.9433
Run: 10, Epoch: 72, Loss: 0.0004, lr: 0.000118, Train: 0.9878, Valid: 0.9475, Test: 0.9435
Run: 10, Epoch: 73, Loss: 0.0004, lr: 0.000118, Train: 0.9879, Valid: 0.9477, Test: 0.9437
Run: 10, Epoch: 74, Loss: 0.0004, lr: 0.000118, Train: 0.9879, Valid: 0.9479, Test: 0.9439
Run: 10, Epoch: 75, Loss: 0.0004, lr: 0.000118, Train: 0.9880, Valid: 0.9480, Test: 0.9440
Run: 10, Epoch: 76, Loss: 0.0004, lr: 0.000118, Train: 0.9881, Valid: 0.9481, Test: 0.9440
Run: 10, Epoch: 77, Loss: 0.0004, lr: 0.000118, Train: 0.9882, Valid: 0.9482, Test: 0.9440
Run: 10, Epoch: 78, Loss: 0.0004, lr: 0.000118, Train: 0.9883, Valid: 0.9483, Test: 0.9442
Run: 10, Epoch: 79, Loss: 0.0004, lr: 0.000118, Train: 0.9885, Valid: 0.9485, Test: 0.9445
Run: 10, Epoch: 80, Loss: 0.0004, lr: 0.000118, Train: 0.9885, Valid: 0.9486, Test: 0.9446
Run: 10, Epoch: 81, Loss: 0.0004, lr: 0.000118, Train: 0.9886, Valid: 0.9485, Test: 0.9445
Run: 10, Epoch: 82, Loss: 0.0004, lr: 0.000118, Train: 0.9886, Valid: 0.9484, Test: 0.9445
Run: 10, Epoch: 83, Loss: 0.0004, lr: 0.000118, Train: 0.9886, Valid: 0.9483, Test: 0.9445
Run: 10, Epoch: 84, Loss: 0.0004, lr: 0.000118, Train: 0.9887, Valid: 0.9483, Test: 0.9445
Run: 10, Epoch: 85, Loss: 0.0004, lr: 0.000118, Train: 0.9888, Valid: 0.9484, Test: 0.9447
Run: 10, Epoch: 86, Loss: 0.0004, lr: 0.000082, Train: 0.9889, Valid: 0.9485, Test: 0.9448
Run: 10, Epoch: 87, Loss: 0.0004, lr: 0.000082, Train: 0.9889, Valid: 0.9487, Test: 0.9448
Run: 10, Epoch: 88, Loss: 0.0004, lr: 0.000082, Train: 0.9890, Valid: 0.9488, Test: 0.9448
Run: 10, Epoch: 89, Loss: 0.0004, lr: 0.000082, Train: 0.9890, Valid: 0.9488, Test: 0.9448
Run: 10, Epoch: 90, Loss: 0.0004, lr: 0.000082, Train: 0.9890, Valid: 0.9489, Test: 0.9448
Run: 10, Epoch: 91, Loss: 0.0004, lr: 0.000082, Train: 0.9891, Valid: 0.9489, Test: 0.9448
Run: 10, Epoch: 92, Loss: 0.0004, lr: 0.000082, Train: 0.9892, Valid: 0.9490, Test: 0.9449
Run: 10, Epoch: 93, Loss: 0.0004, lr: 0.000082, Train: 0.9892, Valid: 0.9491, Test: 0.9450
Run: 10, Epoch: 94, Loss: 0.0004, lr: 0.000082, Train: 0.9893, Valid: 0.9492, Test: 0.9450
Run: 10, Epoch: 95, Loss: 0.0004, lr: 0.000082, Train: 0.9893, Valid: 0.9493, Test: 0.9450
Run: 10, Epoch: 96, Loss: 0.0004, lr: 0.000082, Train: 0.9893, Valid: 0.9493, Test: 0.9450
Run: 10, Epoch: 97, Loss: 0.0004, lr: 0.000082, Train: 0.9894, Valid: 0.9494, Test: 0.9450
Run: 10, Epoch: 98, Loss: 0.0004, lr: 0.000082, Train: 0.9894, Valid: 0.9494, Test: 0.9451
Run: 10, Epoch: 99, Loss: 0.0004, lr: 0.000082, Train: 0.9894, Valid: 0.9495, Test: 0.9451
Run: 10, Epoch: 100, Loss: 0.0004, lr: 0.000082, Train: 0.9895, Valid: 0.9495, Test: 0.9451
Run 10:
Highest Train: 0.99
Highest Valid: 0.95
  Final Train: 0.99
   Final Test: 0.95
All runs:
Highest Train: 0.99  0.00
Highest Valid: 0.96  0.02
  Final Train: 0.98  0.01
   Final Test: 0.95  0.02
