Namespace(conv_layers=3, device=0, dropout=0.0, epochs=100, hidden_dim=256, log_steps=1, lr=0.001, method='gcn', mlp_layers=2, runs=10, subset='computer_science')
Run: 01, Epoch: 01, Loss: 0.0367, lr: 0.001000, Train: 0.1549, Valid: 0.1864, Test: 0.1751
Run: 01, Epoch: 02, Loss: 0.0135, lr: 0.001000, Train: 0.1290, Valid: 0.2193, Test: 0.1758
Run: 01, Epoch: 03, Loss: 0.0124, lr: 0.001000, Train: 0.3543, Valid: 0.4381, Test: 0.4001
Run: 01, Epoch: 04, Loss: 0.0088, lr: 0.001000, Train: 0.6142, Valid: 0.6668, Test: 0.6465
Run: 01, Epoch: 05, Loss: 0.0052, lr: 0.001000, Train: 0.8158, Valid: 0.8331, Test: 0.8272
Run: 01, Epoch: 06, Loss: 0.0032, lr: 0.001000, Train: 0.9125, Valid: 0.9152, Test: 0.9102
Run: 01, Epoch: 07, Loss: 0.0029, lr: 0.001000, Train: 0.9263, Valid: 0.9204, Test: 0.9253
Run: 01, Epoch: 08, Loss: 0.0034, lr: 0.001000, Train: 0.9310, Valid: 0.9101, Test: 0.9325
Run: 01, Epoch: 09, Loss: 0.0034, lr: 0.001000, Train: 0.9226, Valid: 0.8916, Test: 0.9306
Run: 01, Epoch: 10, Loss: 0.0031, lr: 0.001000, Train: 0.8933, Valid: 0.8622, Test: 0.9114
Run: 01, Epoch: 11, Loss: 0.0029, lr: 0.001000, Train: 0.8649, Valid: 0.8378, Test: 0.8919
Run: 01, Epoch: 12, Loss: 0.0027, lr: 0.001000, Train: 0.8554, Valid: 0.8300, Test: 0.8865
Run: 01, Epoch: 13, Loss: 0.0025, lr: 0.001000, Train: 0.8660, Valid: 0.8384, Test: 0.8946
Run: 01, Epoch: 14, Loss: 0.0024, lr: 0.000700, Train: 0.8880, Valid: 0.8573, Test: 0.9090
Run: 01, Epoch: 15, Loss: 0.0022, lr: 0.000700, Train: 0.9134, Valid: 0.8787, Test: 0.9259
Run: 01, Epoch: 16, Loss: 0.0020, lr: 0.000700, Train: 0.9364, Valid: 0.8998, Test: 0.9400
Run: 01, Epoch: 17, Loss: 0.0018, lr: 0.000700, Train: 0.9508, Valid: 0.9149, Test: 0.9475
Run: 01, Epoch: 18, Loss: 0.0017, lr: 0.000700, Train: 0.9536, Valid: 0.9203, Test: 0.9455
Run: 01, Epoch: 19, Loss: 0.0016, lr: 0.000700, Train: 0.9466, Valid: 0.9170, Test: 0.9358
Run: 01, Epoch: 20, Loss: 0.0015, lr: 0.000490, Train: 0.9391, Valid: 0.9130, Test: 0.9283
Run: 01, Epoch: 21, Loss: 0.0015, lr: 0.000490, Train: 0.9314, Valid: 0.9087, Test: 0.9213
Run: 01, Epoch: 22, Loss: 0.0014, lr: 0.000490, Train: 0.9270, Valid: 0.9065, Test: 0.9178
Run: 01, Epoch: 23, Loss: 0.0014, lr: 0.000490, Train: 0.9291, Valid: 0.9083, Test: 0.9202
Run: 01, Epoch: 24, Loss: 0.0013, lr: 0.000490, Train: 0.9372, Valid: 0.9138, Test: 0.9285
Run: 01, Epoch: 25, Loss: 0.0013, lr: 0.000490, Train: 0.9481, Valid: 0.9203, Test: 0.9390
Run: 01, Epoch: 26, Loss: 0.0012, lr: 0.000343, Train: 0.9562, Valid: 0.9250, Test: 0.9464
Run: 01, Epoch: 27, Loss: 0.0011, lr: 0.000343, Train: 0.9624, Valid: 0.9278, Test: 0.9514
Run: 01, Epoch: 28, Loss: 0.0011, lr: 0.000343, Train: 0.9663, Valid: 0.9289, Test: 0.9541
Run: 01, Epoch: 29, Loss: 0.0011, lr: 0.000343, Train: 0.9683, Valid: 0.9291, Test: 0.9549
Run: 01, Epoch: 30, Loss: 0.0011, lr: 0.000343, Train: 0.9693, Valid: 0.9290, Test: 0.9547
Run: 01, Epoch: 31, Loss: 0.0011, lr: 0.000343, Train: 0.9697, Valid: 0.9290, Test: 0.9543
Run: 01, Epoch: 32, Loss: 0.0011, lr: 0.000343, Train: 0.9698, Valid: 0.9291, Test: 0.9537
Run: 01, Epoch: 33, Loss: 0.0010, lr: 0.000343, Train: 0.9696, Valid: 0.9294, Test: 0.9530
Run: 01, Epoch: 34, Loss: 0.0010, lr: 0.000343, Train: 0.9695, Valid: 0.9298, Test: 0.9525
Run: 01, Epoch: 35, Loss: 0.0010, lr: 0.000343, Train: 0.9700, Valid: 0.9305, Test: 0.9524
Run: 01, Epoch: 36, Loss: 0.0010, lr: 0.000343, Train: 0.9712, Valid: 0.9311, Test: 0.9526
Run: 01, Epoch: 37, Loss: 0.0010, lr: 0.000343, Train: 0.9723, Valid: 0.9316, Test: 0.9527
Run: 01, Epoch: 38, Loss: 0.0010, lr: 0.000343, Train: 0.9729, Valid: 0.9318, Test: 0.9525
Run: 01, Epoch: 39, Loss: 0.0010, lr: 0.000343, Train: 0.9730, Valid: 0.9318, Test: 0.9522
Run: 01, Epoch: 40, Loss: 0.0009, lr: 0.000343, Train: 0.9732, Valid: 0.9320, Test: 0.9520
Run: 01, Epoch: 41, Loss: 0.0009, lr: 0.000343, Train: 0.9735, Valid: 0.9322, Test: 0.9518
Run: 01, Epoch: 42, Loss: 0.0009, lr: 0.000343, Train: 0.9737, Valid: 0.9325, Test: 0.9517
Run: 01, Epoch: 43, Loss: 0.0009, lr: 0.000343, Train: 0.9737, Valid: 0.9328, Test: 0.9514
Run: 01, Epoch: 44, Loss: 0.0009, lr: 0.000343, Train: 0.9737, Valid: 0.9329, Test: 0.9510
Run: 01, Epoch: 45, Loss: 0.0009, lr: 0.000343, Train: 0.9739, Valid: 0.9329, Test: 0.9507
Run: 01, Epoch: 46, Loss: 0.0009, lr: 0.000343, Train: 0.9742, Valid: 0.9328, Test: 0.9505
Run: 01, Epoch: 47, Loss: 0.0009, lr: 0.000343, Train: 0.9744, Valid: 0.9327, Test: 0.9504
Run: 01, Epoch: 48, Loss: 0.0009, lr: 0.000343, Train: 0.9746, Valid: 0.9326, Test: 0.9503
Run: 01, Epoch: 49, Loss: 0.0008, lr: 0.000343, Train: 0.9749, Valid: 0.9328, Test: 0.9502
Run: 01, Epoch: 50, Loss: 0.0008, lr: 0.000343, Train: 0.9753, Valid: 0.9331, Test: 0.9502
Run: 01, Epoch: 51, Loss: 0.0008, lr: 0.000343, Train: 0.9757, Valid: 0.9336, Test: 0.9504
Run: 01, Epoch: 52, Loss: 0.0008, lr: 0.000343, Train: 0.9760, Valid: 0.9340, Test: 0.9506
Run: 01, Epoch: 53, Loss: 0.0008, lr: 0.000343, Train: 0.9764, Valid: 0.9343, Test: 0.9508
Run: 01, Epoch: 54, Loss: 0.0008, lr: 0.000343, Train: 0.9768, Valid: 0.9344, Test: 0.9511
Run: 01, Epoch: 55, Loss: 0.0008, lr: 0.000343, Train: 0.9772, Valid: 0.9344, Test: 0.9513
Run: 01, Epoch: 56, Loss: 0.0008, lr: 0.000343, Train: 0.9774, Valid: 0.9344, Test: 0.9513
Run: 01, Epoch: 57, Loss: 0.0008, lr: 0.000343, Train: 0.9776, Valid: 0.9345, Test: 0.9512
Run: 01, Epoch: 58, Loss: 0.0008, lr: 0.000343, Train: 0.9778, Valid: 0.9349, Test: 0.9511
Run: 01, Epoch: 59, Loss: 0.0008, lr: 0.000343, Train: 0.9780, Valid: 0.9355, Test: 0.9510
Run: 01, Epoch: 60, Loss: 0.0007, lr: 0.000343, Train: 0.9782, Valid: 0.9360, Test: 0.9509
Run: 01, Epoch: 61, Loss: 0.0007, lr: 0.000343, Train: 0.9784, Valid: 0.9363, Test: 0.9508
Run: 01, Epoch: 62, Loss: 0.0007, lr: 0.000343, Train: 0.9786, Valid: 0.9364, Test: 0.9506
Run: 01, Epoch: 63, Loss: 0.0007, lr: 0.000343, Train: 0.9788, Valid: 0.9364, Test: 0.9504
Run: 01, Epoch: 64, Loss: 0.0007, lr: 0.000343, Train: 0.9790, Valid: 0.9365, Test: 0.9502
Run: 01, Epoch: 65, Loss: 0.0007, lr: 0.000343, Train: 0.9792, Valid: 0.9364, Test: 0.9501
Run: 01, Epoch: 66, Loss: 0.0007, lr: 0.000343, Train: 0.9793, Valid: 0.9364, Test: 0.9500
Run: 01, Epoch: 67, Loss: 0.0007, lr: 0.000343, Train: 0.9794, Valid: 0.9363, Test: 0.9499
Run: 01, Epoch: 68, Loss: 0.0007, lr: 0.000343, Train: 0.9796, Valid: 0.9360, Test: 0.9498
Run: 01, Epoch: 69, Loss: 0.0007, lr: 0.000343, Train: 0.9798, Valid: 0.9358, Test: 0.9498
Run: 01, Epoch: 70, Loss: 0.0007, lr: 0.000240, Train: 0.9800, Valid: 0.9356, Test: 0.9498
Run: 01, Epoch: 71, Loss: 0.0007, lr: 0.000240, Train: 0.9802, Valid: 0.9354, Test: 0.9499
Run: 01, Epoch: 72, Loss: 0.0007, lr: 0.000240, Train: 0.9803, Valid: 0.9352, Test: 0.9499
Run: 01, Epoch: 73, Loss: 0.0007, lr: 0.000240, Train: 0.9804, Valid: 0.9352, Test: 0.9499
Run: 01, Epoch: 74, Loss: 0.0007, lr: 0.000240, Train: 0.9804, Valid: 0.9352, Test: 0.9499
Run: 01, Epoch: 75, Loss: 0.0007, lr: 0.000240, Train: 0.9805, Valid: 0.9353, Test: 0.9500
Run: 01, Epoch: 76, Loss: 0.0007, lr: 0.000168, Train: 0.9806, Valid: 0.9353, Test: 0.9500
Run: 01, Epoch: 77, Loss: 0.0007, lr: 0.000168, Train: 0.9808, Valid: 0.9353, Test: 0.9501
Run: 01, Epoch: 78, Loss: 0.0007, lr: 0.000168, Train: 0.9810, Valid: 0.9353, Test: 0.9502
Run: 01, Epoch: 79, Loss: 0.0007, lr: 0.000168, Train: 0.9811, Valid: 0.9353, Test: 0.9503
Run: 01, Epoch: 80, Loss: 0.0007, lr: 0.000168, Train: 0.9812, Valid: 0.9353, Test: 0.9503
Run: 01, Epoch: 81, Loss: 0.0007, lr: 0.000168, Train: 0.9814, Valid: 0.9353, Test: 0.9503
Run: 01, Epoch: 82, Loss: 0.0007, lr: 0.000118, Train: 0.9814, Valid: 0.9353, Test: 0.9503
Run: 01, Epoch: 83, Loss: 0.0007, lr: 0.000118, Train: 0.9815, Valid: 0.9353, Test: 0.9504
Run: 01, Epoch: 84, Loss: 0.0006, lr: 0.000118, Train: 0.9816, Valid: 0.9353, Test: 0.9504
Run: 01, Epoch: 85, Loss: 0.0006, lr: 0.000118, Train: 0.9817, Valid: 0.9353, Test: 0.9504
Run: 01, Epoch: 86, Loss: 0.0006, lr: 0.000118, Train: 0.9817, Valid: 0.9353, Test: 0.9505
Run: 01, Epoch: 87, Loss: 0.0006, lr: 0.000118, Train: 0.9818, Valid: 0.9353, Test: 0.9505
Run: 01, Epoch: 88, Loss: 0.0006, lr: 0.000082, Train: 0.9819, Valid: 0.9352, Test: 0.9505
Run: 01, Epoch: 89, Loss: 0.0006, lr: 0.000082, Train: 0.9820, Valid: 0.9352, Test: 0.9506
Run: 01, Epoch: 90, Loss: 0.0006, lr: 0.000082, Train: 0.9820, Valid: 0.9352, Test: 0.9506
Run: 01, Epoch: 91, Loss: 0.0006, lr: 0.000082, Train: 0.9821, Valid: 0.9352, Test: 0.9507
Run: 01, Epoch: 92, Loss: 0.0006, lr: 0.000082, Train: 0.9821, Valid: 0.9352, Test: 0.9507
Run: 01, Epoch: 93, Loss: 0.0006, lr: 0.000082, Train: 0.9822, Valid: 0.9352, Test: 0.9507
Run: 01, Epoch: 94, Loss: 0.0006, lr: 0.000058, Train: 0.9822, Valid: 0.9352, Test: 0.9508
Run: 01, Epoch: 95, Loss: 0.0006, lr: 0.000058, Train: 0.9823, Valid: 0.9352, Test: 0.9508
Run: 01, Epoch: 96, Loss: 0.0006, lr: 0.000058, Train: 0.9823, Valid: 0.9352, Test: 0.9509
Run: 01, Epoch: 97, Loss: 0.0006, lr: 0.000058, Train: 0.9823, Valid: 0.9352, Test: 0.9509
Run: 01, Epoch: 98, Loss: 0.0006, lr: 0.000058, Train: 0.9824, Valid: 0.9352, Test: 0.9509
Run: 01, Epoch: 99, Loss: 0.0006, lr: 0.000058, Train: 0.9824, Valid: 0.9352, Test: 0.9509
Run: 01, Epoch: 100, Loss: 0.0006, lr: 0.000040, Train: 0.9825, Valid: 0.9352, Test: 0.9510
Run 01:
Highest Train: 0.98
Highest Valid: 0.94
  Final Train: 0.98
   Final Test: 0.95
Run: 02, Epoch: 01, Loss: 0.0471, lr: 0.001000, Train: 0.0491, Valid: -0.4786, Test: 0.0262
Run: 02, Epoch: 02, Loss: 0.0095, lr: 0.001000, Train: 0.0470, Valid: -0.8038, Test: -0.0937
Run: 02, Epoch: 03, Loss: 0.0088, lr: 0.001000, Train: 0.2773, Valid: -0.5124, Test: 0.1113
Run: 02, Epoch: 04, Loss: 0.0081, lr: 0.001000, Train: 0.5458, Valid: -0.0168, Test: 0.4126
Run: 02, Epoch: 05, Loss: 0.0060, lr: 0.001000, Train: 0.7478, Valid: 0.4163, Test: 0.6563
Run: 02, Epoch: 06, Loss: 0.0041, lr: 0.001000, Train: 0.8565, Valid: 0.6613, Test: 0.7931
Run: 02, Epoch: 07, Loss: 0.0035, lr: 0.001000, Train: 0.8964, Valid: 0.7557, Test: 0.8404
Run: 02, Epoch: 08, Loss: 0.0037, lr: 0.001000, Train: 0.9060, Valid: 0.7757, Test: 0.8417
Run: 02, Epoch: 09, Loss: 0.0038, lr: 0.001000, Train: 0.9094, Valid: 0.7742, Test: 0.8342
Run: 02, Epoch: 10, Loss: 0.0036, lr: 0.001000, Train: 0.9149, Valid: 0.7757, Test: 0.8398
Run: 02, Epoch: 11, Loss: 0.0032, lr: 0.001000, Train: 0.9191, Valid: 0.7826, Test: 0.8536
Run: 02, Epoch: 12, Loss: 0.0028, lr: 0.001000, Train: 0.9175, Valid: 0.7752, Test: 0.8638
Run: 02, Epoch: 13, Loss: 0.0025, lr: 0.001000, Train: 0.9128, Valid: 0.7603, Test: 0.8645
Run: 02, Epoch: 14, Loss: 0.0024, lr: 0.001000, Train: 0.9124, Valid: 0.7545, Test: 0.8634
Run: 02, Epoch: 15, Loss: 0.0023, lr: 0.001000, Train: 0.9205, Valid: 0.7681, Test: 0.8704
Run: 02, Epoch: 16, Loss: 0.0023, lr: 0.001000, Train: 0.9323, Valid: 0.7959, Test: 0.8810
Run: 02, Epoch: 17, Loss: 0.0021, lr: 0.001000, Train: 0.9385, Valid: 0.8192, Test: 0.8837
Run: 02, Epoch: 18, Loss: 0.0020, lr: 0.001000, Train: 0.9314, Valid: 0.8237, Test: 0.8698
Run: 02, Epoch: 19, Loss: 0.0019, lr: 0.001000, Train: 0.9176, Valid: 0.8194, Test: 0.8466
Run: 02, Epoch: 20, Loss: 0.0019, lr: 0.001000, Train: 0.9154, Valid: 0.8338, Test: 0.8390
Run: 02, Epoch: 21, Loss: 0.0018, lr: 0.001000, Train: 0.9301, Valid: 0.8643, Test: 0.8597
Run: 02, Epoch: 22, Loss: 0.0017, lr: 0.001000, Train: 0.9459, Valid: 0.8869, Test: 0.8834
Run: 02, Epoch: 23, Loss: 0.0016, lr: 0.001000, Train: 0.9521, Valid: 0.8951, Test: 0.8951
Run: 02, Epoch: 24, Loss: 0.0015, lr: 0.001000, Train: 0.9539, Valid: 0.8999, Test: 0.8975
Run: 02, Epoch: 25, Loss: 0.0015, lr: 0.001000, Train: 0.9539, Valid: 0.9052, Test: 0.8947
Run: 02, Epoch: 26, Loss: 0.0014, lr: 0.001000, Train: 0.9513, Valid: 0.9095, Test: 0.8886
Run: 02, Epoch: 27, Loss: 0.0014, lr: 0.001000, Train: 0.9527, Valid: 0.9152, Test: 0.8928
Run: 02, Epoch: 28, Loss: 0.0013, lr: 0.001000, Train: 0.9553, Valid: 0.9170, Test: 0.9039
Run: 02, Epoch: 29, Loss: 0.0013, lr: 0.001000, Train: 0.9526, Valid: 0.9174, Test: 0.9079
Run: 02, Epoch: 30, Loss: 0.0013, lr: 0.001000, Train: 0.9522, Valid: 0.9278, Test: 0.9095
Run: 02, Epoch: 31, Loss: 0.0012, lr: 0.001000, Train: 0.9522, Valid: 0.9385, Test: 0.9095
Run: 02, Epoch: 32, Loss: 0.0012, lr: 0.001000, Train: 0.9517, Valid: 0.9406, Test: 0.9128
Run: 02, Epoch: 33, Loss: 0.0012, lr: 0.001000, Train: 0.9514, Valid: 0.9428, Test: 0.9153
Run: 02, Epoch: 34, Loss: 0.0011, lr: 0.001000, Train: 0.9536, Valid: 0.9513, Test: 0.9166
Run: 02, Epoch: 35, Loss: 0.0011, lr: 0.001000, Train: 0.9561, Valid: 0.9576, Test: 0.9178
Run: 02, Epoch: 36, Loss: 0.0011, lr: 0.001000, Train: 0.9583, Valid: 0.9582, Test: 0.9218
Run: 02, Epoch: 37, Loss: 0.0010, lr: 0.001000, Train: 0.9599, Valid: 0.9554, Test: 0.9258
Run: 02, Epoch: 38, Loss: 0.0010, lr: 0.001000, Train: 0.9621, Valid: 0.9554, Test: 0.9269
Run: 02, Epoch: 39, Loss: 0.0010, lr: 0.001000, Train: 0.9646, Valid: 0.9559, Test: 0.9267
Run: 02, Epoch: 40, Loss: 0.0010, lr: 0.001000, Train: 0.9668, Valid: 0.9536, Test: 0.9284
Run: 02, Epoch: 41, Loss: 0.0010, lr: 0.001000, Train: 0.9683, Valid: 0.9486, Test: 0.9312
Run: 02, Epoch: 42, Loss: 0.0010, lr: 0.001000, Train: 0.9701, Valid: 0.9468, Test: 0.9323
Run: 02, Epoch: 43, Loss: 0.0010, lr: 0.000700, Train: 0.9717, Valid: 0.9479, Test: 0.9323
Run: 02, Epoch: 44, Loss: 0.0009, lr: 0.000700, Train: 0.9727, Valid: 0.9480, Test: 0.9328
Run: 02, Epoch: 45, Loss: 0.0009, lr: 0.000700, Train: 0.9735, Valid: 0.9465, Test: 0.9344
Run: 02, Epoch: 46, Loss: 0.0009, lr: 0.000700, Train: 0.9739, Valid: 0.9455, Test: 0.9354
Run: 02, Epoch: 47, Loss: 0.0009, lr: 0.000700, Train: 0.9745, Valid: 0.9465, Test: 0.9354
Run: 02, Epoch: 48, Loss: 0.0009, lr: 0.000700, Train: 0.9751, Valid: 0.9484, Test: 0.9345
Run: 02, Epoch: 49, Loss: 0.0009, lr: 0.000490, Train: 0.9756, Valid: 0.9485, Test: 0.9348
Run: 02, Epoch: 50, Loss: 0.0009, lr: 0.000490, Train: 0.9760, Valid: 0.9475, Test: 0.9357
Run: 02, Epoch: 51, Loss: 0.0008, lr: 0.000490, Train: 0.9763, Valid: 0.9461, Test: 0.9364
Run: 02, Epoch: 52, Loss: 0.0008, lr: 0.000490, Train: 0.9765, Valid: 0.9453, Test: 0.9367
Run: 02, Epoch: 53, Loss: 0.0008, lr: 0.000490, Train: 0.9769, Valid: 0.9454, Test: 0.9364
Run: 02, Epoch: 54, Loss: 0.0008, lr: 0.000490, Train: 0.9773, Valid: 0.9455, Test: 0.9360
Run: 02, Epoch: 55, Loss: 0.0008, lr: 0.000343, Train: 0.9776, Valid: 0.9450, Test: 0.9360
Run: 02, Epoch: 56, Loss: 0.0008, lr: 0.000343, Train: 0.9778, Valid: 0.9442, Test: 0.9360
Run: 02, Epoch: 57, Loss: 0.0008, lr: 0.000343, Train: 0.9781, Valid: 0.9436, Test: 0.9359
Run: 02, Epoch: 58, Loss: 0.0008, lr: 0.000343, Train: 0.9784, Valid: 0.9435, Test: 0.9356
Run: 02, Epoch: 59, Loss: 0.0008, lr: 0.000343, Train: 0.9787, Valid: 0.9436, Test: 0.9352
Run: 02, Epoch: 60, Loss: 0.0008, lr: 0.000343, Train: 0.9789, Valid: 0.9435, Test: 0.9345
Run: 02, Epoch: 61, Loss: 0.0008, lr: 0.000240, Train: 0.9791, Valid: 0.9433, Test: 0.9343
Run: 02, Epoch: 62, Loss: 0.0008, lr: 0.000240, Train: 0.9793, Valid: 0.9428, Test: 0.9343
Run: 02, Epoch: 63, Loss: 0.0008, lr: 0.000240, Train: 0.9795, Valid: 0.9424, Test: 0.9344
Run: 02, Epoch: 64, Loss: 0.0008, lr: 0.000240, Train: 0.9797, Valid: 0.9420, Test: 0.9345
Run: 02, Epoch: 65, Loss: 0.0008, lr: 0.000240, Train: 0.9799, Valid: 0.9418, Test: 0.9345
Run: 02, Epoch: 66, Loss: 0.0008, lr: 0.000240, Train: 0.9801, Valid: 0.9416, Test: 0.9345
Run: 02, Epoch: 67, Loss: 0.0008, lr: 0.000168, Train: 0.9802, Valid: 0.9415, Test: 0.9345
Run: 02, Epoch: 68, Loss: 0.0008, lr: 0.000168, Train: 0.9804, Valid: 0.9415, Test: 0.9345
Run: 02, Epoch: 69, Loss: 0.0007, lr: 0.000168, Train: 0.9805, Valid: 0.9414, Test: 0.9345
Run: 02, Epoch: 70, Loss: 0.0007, lr: 0.000168, Train: 0.9806, Valid: 0.9414, Test: 0.9345
Run: 02, Epoch: 71, Loss: 0.0007, lr: 0.000168, Train: 0.9808, Valid: 0.9415, Test: 0.9345
Run: 02, Epoch: 72, Loss: 0.0007, lr: 0.000168, Train: 0.9809, Valid: 0.9417, Test: 0.9344
Run: 02, Epoch: 73, Loss: 0.0007, lr: 0.000118, Train: 0.9810, Valid: 0.9418, Test: 0.9344
Run: 02, Epoch: 74, Loss: 0.0007, lr: 0.000118, Train: 0.9810, Valid: 0.9419, Test: 0.9345
Run: 02, Epoch: 75, Loss: 0.0007, lr: 0.000118, Train: 0.9811, Valid: 0.9420, Test: 0.9346
Run: 02, Epoch: 76, Loss: 0.0007, lr: 0.000118, Train: 0.9812, Valid: 0.9421, Test: 0.9347
Run: 02, Epoch: 77, Loss: 0.0007, lr: 0.000118, Train: 0.9813, Valid: 0.9423, Test: 0.9348
Run: 02, Epoch: 78, Loss: 0.0007, lr: 0.000118, Train: 0.9813, Valid: 0.9426, Test: 0.9347
Run: 02, Epoch: 79, Loss: 0.0007, lr: 0.000082, Train: 0.9814, Valid: 0.9429, Test: 0.9347
Run: 02, Epoch: 80, Loss: 0.0007, lr: 0.000082, Train: 0.9814, Valid: 0.9431, Test: 0.9347
Run: 02, Epoch: 81, Loss: 0.0007, lr: 0.000082, Train: 0.9815, Valid: 0.9433, Test: 0.9348
Run: 02, Epoch: 82, Loss: 0.0007, lr: 0.000082, Train: 0.9815, Valid: 0.9434, Test: 0.9348
Run: 02, Epoch: 83, Loss: 0.0007, lr: 0.000082, Train: 0.9815, Valid: 0.9435, Test: 0.9348
Run: 02, Epoch: 84, Loss: 0.0007, lr: 0.000082, Train: 0.9816, Valid: 0.9435, Test: 0.9349
Run: 02, Epoch: 85, Loss: 0.0007, lr: 0.000058, Train: 0.9816, Valid: 0.9435, Test: 0.9349
Run: 02, Epoch: 86, Loss: 0.0007, lr: 0.000058, Train: 0.9817, Valid: 0.9435, Test: 0.9349
Run: 02, Epoch: 87, Loss: 0.0007, lr: 0.000058, Train: 0.9817, Valid: 0.9435, Test: 0.9349
Run: 02, Epoch: 88, Loss: 0.0007, lr: 0.000058, Train: 0.9817, Valid: 0.9435, Test: 0.9350
Run: 02, Epoch: 89, Loss: 0.0007, lr: 0.000058, Train: 0.9818, Valid: 0.9435, Test: 0.9350
Run: 02, Epoch: 90, Loss: 0.0007, lr: 0.000058, Train: 0.9818, Valid: 0.9434, Test: 0.9351
Run: 02, Epoch: 91, Loss: 0.0007, lr: 0.000040, Train: 0.9818, Valid: 0.9433, Test: 0.9351
Run: 02, Epoch: 92, Loss: 0.0007, lr: 0.000040, Train: 0.9818, Valid: 0.9432, Test: 0.9352
Run: 02, Epoch: 93, Loss: 0.0007, lr: 0.000040, Train: 0.9819, Valid: 0.9431, Test: 0.9352
Run: 02, Epoch: 94, Loss: 0.0007, lr: 0.000040, Train: 0.9819, Valid: 0.9430, Test: 0.9353
Run: 02, Epoch: 95, Loss: 0.0007, lr: 0.000040, Train: 0.9819, Valid: 0.9430, Test: 0.9353
Run: 02, Epoch: 96, Loss: 0.0007, lr: 0.000040, Train: 0.9819, Valid: 0.9430, Test: 0.9352
Run: 02, Epoch: 97, Loss: 0.0007, lr: 0.000028, Train: 0.9819, Valid: 0.9431, Test: 0.9352
Run: 02, Epoch: 98, Loss: 0.0007, lr: 0.000028, Train: 0.9820, Valid: 0.9431, Test: 0.9352
Run: 02, Epoch: 99, Loss: 0.0007, lr: 0.000028, Train: 0.9820, Valid: 0.9431, Test: 0.9352
Run: 02, Epoch: 100, Loss: 0.0007, lr: 0.000028, Train: 0.9820, Valid: 0.9431, Test: 0.9352
Run 02:
Highest Train: 0.98
Highest Valid: 0.96
  Final Train: 0.96
   Final Test: 0.92
Run: 03, Epoch: 01, Loss: 0.0246, lr: 0.001000, Train: 0.0147, Valid: 0.0459, Test: -0.1369
Run: 03, Epoch: 02, Loss: 0.0133, lr: 0.001000, Train: 0.3961, Valid: 0.3866, Test: 0.3028
Run: 03, Epoch: 03, Loss: 0.0084, lr: 0.001000, Train: 0.7238, Valid: 0.6705, Test: 0.6796
Run: 03, Epoch: 04, Loss: 0.0044, lr: 0.001000, Train: 0.8618, Valid: 0.7986, Test: 0.8229
Run: 03, Epoch: 05, Loss: 0.0038, lr: 0.001000, Train: 0.8930, Valid: 0.8286, Test: 0.8505
Run: 03, Epoch: 06, Loss: 0.0031, lr: 0.001000, Train: 0.8924, Valid: 0.8166, Test: 0.8700
Run: 03, Epoch: 07, Loss: 0.0025, lr: 0.001000, Train: 0.8649, Valid: 0.7870, Test: 0.8546
Run: 03, Epoch: 08, Loss: 0.0026, lr: 0.001000, Train: 0.8362, Valid: 0.7599, Test: 0.8298
Run: 03, Epoch: 09, Loss: 0.0027, lr: 0.001000, Train: 0.8243, Valid: 0.7464, Test: 0.8190
Run: 03, Epoch: 10, Loss: 0.0026, lr: 0.001000, Train: 0.8353, Valid: 0.7529, Test: 0.8283
Run: 03, Epoch: 11, Loss: 0.0024, lr: 0.001000, Train: 0.8589, Valid: 0.7742, Test: 0.8478
Run: 03, Epoch: 12, Loss: 0.0022, lr: 0.000700, Train: 0.8831, Valid: 0.7996, Test: 0.8668
Run: 03, Epoch: 13, Loss: 0.0021, lr: 0.000700, Train: 0.9048, Valid: 0.8234, Test: 0.8831
Run: 03, Epoch: 14, Loss: 0.0020, lr: 0.000700, Train: 0.9224, Valid: 0.8427, Test: 0.8959
Run: 03, Epoch: 15, Loss: 0.0019, lr: 0.000700, Train: 0.9356, Valid: 0.8575, Test: 0.9058
Run: 03, Epoch: 16, Loss: 0.0017, lr: 0.000700, Train: 0.9448, Valid: 0.8693, Test: 0.9133
Run: 03, Epoch: 17, Loss: 0.0016, lr: 0.000700, Train: 0.9507, Valid: 0.8781, Test: 0.9180
Run: 03, Epoch: 18, Loss: 0.0015, lr: 0.000700, Train: 0.9539, Valid: 0.8850, Test: 0.9206
Run: 03, Epoch: 19, Loss: 0.0014, lr: 0.000700, Train: 0.9560, Valid: 0.8909, Test: 0.9222
Run: 03, Epoch: 20, Loss: 0.0014, lr: 0.000700, Train: 0.9574, Valid: 0.8962, Test: 0.9228
Run: 03, Epoch: 21, Loss: 0.0013, lr: 0.000700, Train: 0.9585, Valid: 0.9012, Test: 0.9233
Run: 03, Epoch: 22, Loss: 0.0012, lr: 0.000700, Train: 0.9597, Valid: 0.9080, Test: 0.9246
Run: 03, Epoch: 23, Loss: 0.0012, lr: 0.000700, Train: 0.9607, Valid: 0.9160, Test: 0.9262
Run: 03, Epoch: 24, Loss: 0.0011, lr: 0.000700, Train: 0.9625, Valid: 0.9210, Test: 0.9282
Run: 03, Epoch: 25, Loss: 0.0011, lr: 0.000700, Train: 0.9646, Valid: 0.9231, Test: 0.9308
Run: 03, Epoch: 26, Loss: 0.0011, lr: 0.000700, Train: 0.9660, Valid: 0.9232, Test: 0.9335
Run: 03, Epoch: 27, Loss: 0.0011, lr: 0.000700, Train: 0.9671, Valid: 0.9238, Test: 0.9362
Run: 03, Epoch: 28, Loss: 0.0010, lr: 0.000700, Train: 0.9682, Valid: 0.9252, Test: 0.9388
Run: 03, Epoch: 29, Loss: 0.0010, lr: 0.000700, Train: 0.9688, Valid: 0.9268, Test: 0.9406
Run: 03, Epoch: 30, Loss: 0.0010, lr: 0.000700, Train: 0.9692, Valid: 0.9269, Test: 0.9417
Run: 03, Epoch: 31, Loss: 0.0009, lr: 0.000700, Train: 0.9702, Valid: 0.9274, Test: 0.9425
Run: 03, Epoch: 32, Loss: 0.0009, lr: 0.000700, Train: 0.9717, Valid: 0.9277, Test: 0.9428
Run: 03, Epoch: 33, Loss: 0.0009, lr: 0.000700, Train: 0.9731, Valid: 0.9264, Test: 0.9427
Run: 03, Epoch: 34, Loss: 0.0009, lr: 0.000700, Train: 0.9740, Valid: 0.9274, Test: 0.9428
Run: 03, Epoch: 35, Loss: 0.0008, lr: 0.000700, Train: 0.9745, Valid: 0.9278, Test: 0.9436
Run: 03, Epoch: 36, Loss: 0.0008, lr: 0.000700, Train: 0.9751, Valid: 0.9258, Test: 0.9438
Run: 03, Epoch: 37, Loss: 0.0008, lr: 0.000700, Train: 0.9758, Valid: 0.9224, Test: 0.9436
Run: 03, Epoch: 38, Loss: 0.0008, lr: 0.000700, Train: 0.9764, Valid: 0.9211, Test: 0.9432
Run: 03, Epoch: 39, Loss: 0.0008, lr: 0.000700, Train: 0.9767, Valid: 0.9225, Test: 0.9429
Run: 03, Epoch: 40, Loss: 0.0007, lr: 0.000700, Train: 0.9771, Valid: 0.9231, Test: 0.9425
Run: 03, Epoch: 41, Loss: 0.0007, lr: 0.000700, Train: 0.9777, Valid: 0.9222, Test: 0.9419
Run: 03, Epoch: 42, Loss: 0.0007, lr: 0.000490, Train: 0.9782, Valid: 0.9237, Test: 0.9420
Run: 03, Epoch: 43, Loss: 0.0007, lr: 0.000490, Train: 0.9783, Valid: 0.9268, Test: 0.9420
Run: 03, Epoch: 44, Loss: 0.0007, lr: 0.000490, Train: 0.9784, Valid: 0.9305, Test: 0.9420
Run: 03, Epoch: 45, Loss: 0.0007, lr: 0.000490, Train: 0.9787, Valid: 0.9335, Test: 0.9417
Run: 03, Epoch: 46, Loss: 0.0007, lr: 0.000490, Train: 0.9792, Valid: 0.9357, Test: 0.9415
Run: 03, Epoch: 47, Loss: 0.0007, lr: 0.000490, Train: 0.9796, Valid: 0.9376, Test: 0.9413
Run: 03, Epoch: 48, Loss: 0.0007, lr: 0.000490, Train: 0.9798, Valid: 0.9393, Test: 0.9413
Run: 03, Epoch: 49, Loss: 0.0006, lr: 0.000490, Train: 0.9800, Valid: 0.9399, Test: 0.9414
Run: 03, Epoch: 50, Loss: 0.0006, lr: 0.000490, Train: 0.9804, Valid: 0.9400, Test: 0.9416
Run: 03, Epoch: 51, Loss: 0.0006, lr: 0.000490, Train: 0.9809, Valid: 0.9399, Test: 0.9418
Run: 03, Epoch: 52, Loss: 0.0006, lr: 0.000490, Train: 0.9810, Valid: 0.9403, Test: 0.9419
Run: 03, Epoch: 53, Loss: 0.0006, lr: 0.000490, Train: 0.9808, Valid: 0.9408, Test: 0.9419
Run: 03, Epoch: 54, Loss: 0.0006, lr: 0.000490, Train: 0.9805, Valid: 0.9407, Test: 0.9418
Run: 03, Epoch: 55, Loss: 0.0006, lr: 0.000490, Train: 0.9808, Valid: 0.9394, Test: 0.9418
Run: 03, Epoch: 56, Loss: 0.0006, lr: 0.000490, Train: 0.9809, Valid: 0.9380, Test: 0.9415
Run: 03, Epoch: 57, Loss: 0.0006, lr: 0.000490, Train: 0.9807, Valid: 0.9380, Test: 0.9410
Run: 03, Epoch: 58, Loss: 0.0006, lr: 0.000490, Train: 0.9808, Valid: 0.9387, Test: 0.9405
Run: 03, Epoch: 59, Loss: 0.0006, lr: 0.000490, Train: 0.9815, Valid: 0.9389, Test: 0.9403
Run: 03, Epoch: 60, Loss: 0.0006, lr: 0.000343, Train: 0.9819, Valid: 0.9385, Test: 0.9403
Run: 03, Epoch: 61, Loss: 0.0006, lr: 0.000343, Train: 0.9824, Valid: 0.9376, Test: 0.9406
Run: 03, Epoch: 62, Loss: 0.0006, lr: 0.000343, Train: 0.9831, Valid: 0.9361, Test: 0.9408
Run: 03, Epoch: 63, Loss: 0.0005, lr: 0.000343, Train: 0.9835, Valid: 0.9352, Test: 0.9410
Run: 03, Epoch: 64, Loss: 0.0005, lr: 0.000343, Train: 0.9835, Valid: 0.9350, Test: 0.9409
Run: 03, Epoch: 65, Loss: 0.0005, lr: 0.000343, Train: 0.9835, Valid: 0.9347, Test: 0.9409
Run: 03, Epoch: 66, Loss: 0.0005, lr: 0.000240, Train: 0.9839, Valid: 0.9336, Test: 0.9409
Run: 03, Epoch: 67, Loss: 0.0005, lr: 0.000240, Train: 0.9842, Valid: 0.9326, Test: 0.9409
Run: 03, Epoch: 68, Loss: 0.0005, lr: 0.000240, Train: 0.9845, Valid: 0.9320, Test: 0.9409
Run: 03, Epoch: 69, Loss: 0.0005, lr: 0.000240, Train: 0.9846, Valid: 0.9322, Test: 0.9409
Run: 03, Epoch: 70, Loss: 0.0005, lr: 0.000240, Train: 0.9845, Valid: 0.9327, Test: 0.9410
Run: 03, Epoch: 71, Loss: 0.0005, lr: 0.000240, Train: 0.9845, Valid: 0.9324, Test: 0.9411
Run: 03, Epoch: 72, Loss: 0.0005, lr: 0.000168, Train: 0.9849, Valid: 0.9315, Test: 0.9412
Run: 03, Epoch: 73, Loss: 0.0005, lr: 0.000168, Train: 0.9852, Valid: 0.9304, Test: 0.9413
Run: 03, Epoch: 74, Loss: 0.0005, lr: 0.000168, Train: 0.9855, Valid: 0.9297, Test: 0.9414
Run: 03, Epoch: 75, Loss: 0.0005, lr: 0.000168, Train: 0.9855, Valid: 0.9299, Test: 0.9416
Run: 03, Epoch: 76, Loss: 0.0005, lr: 0.000168, Train: 0.9854, Valid: 0.9305, Test: 0.9418
Run: 03, Epoch: 77, Loss: 0.0005, lr: 0.000168, Train: 0.9855, Valid: 0.9307, Test: 0.9418
Run: 03, Epoch: 78, Loss: 0.0005, lr: 0.000118, Train: 0.9857, Valid: 0.9304, Test: 0.9418
Run: 03, Epoch: 79, Loss: 0.0005, lr: 0.000118, Train: 0.9858, Valid: 0.9301, Test: 0.9418
Run: 03, Epoch: 80, Loss: 0.0005, lr: 0.000118, Train: 0.9859, Valid: 0.9300, Test: 0.9417
Run: 03, Epoch: 81, Loss: 0.0005, lr: 0.000118, Train: 0.9860, Valid: 0.9299, Test: 0.9417
Run: 03, Epoch: 82, Loss: 0.0005, lr: 0.000118, Train: 0.9860, Valid: 0.9300, Test: 0.9417
Run: 03, Epoch: 83, Loss: 0.0005, lr: 0.000118, Train: 0.9860, Valid: 0.9302, Test: 0.9417
Run: 03, Epoch: 84, Loss: 0.0005, lr: 0.000082, Train: 0.9861, Valid: 0.9302, Test: 0.9418
Run: 03, Epoch: 85, Loss: 0.0005, lr: 0.000082, Train: 0.9862, Valid: 0.9301, Test: 0.9419
Run: 03, Epoch: 86, Loss: 0.0005, lr: 0.000082, Train: 0.9863, Valid: 0.9299, Test: 0.9420
Run: 03, Epoch: 87, Loss: 0.0005, lr: 0.000082, Train: 0.9864, Valid: 0.9297, Test: 0.9420
Run: 03, Epoch: 88, Loss: 0.0005, lr: 0.000082, Train: 0.9864, Valid: 0.9295, Test: 0.9421
Run: 03, Epoch: 89, Loss: 0.0005, lr: 0.000082, Train: 0.9865, Valid: 0.9292, Test: 0.9422
Run: 03, Epoch: 90, Loss: 0.0005, lr: 0.000058, Train: 0.9865, Valid: 0.9290, Test: 0.9422
Run: 03, Epoch: 91, Loss: 0.0005, lr: 0.000058, Train: 0.9866, Valid: 0.9287, Test: 0.9423
Run: 03, Epoch: 92, Loss: 0.0005, lr: 0.000058, Train: 0.9867, Valid: 0.9284, Test: 0.9423
Run: 03, Epoch: 93, Loss: 0.0005, lr: 0.000058, Train: 0.9867, Valid: 0.9281, Test: 0.9424
Run: 03, Epoch: 94, Loss: 0.0005, lr: 0.000058, Train: 0.9868, Valid: 0.9280, Test: 0.9424
Run: 03, Epoch: 95, Loss: 0.0005, lr: 0.000058, Train: 0.9868, Valid: 0.9280, Test: 0.9424
Run: 03, Epoch: 96, Loss: 0.0005, lr: 0.000040, Train: 0.9869, Valid: 0.9281, Test: 0.9424
Run: 03, Epoch: 97, Loss: 0.0005, lr: 0.000040, Train: 0.9869, Valid: 0.9282, Test: 0.9424
Run: 03, Epoch: 98, Loss: 0.0005, lr: 0.000040, Train: 0.9869, Valid: 0.9283, Test: 0.9424
Run: 03, Epoch: 99, Loss: 0.0005, lr: 0.000040, Train: 0.9869, Valid: 0.9283, Test: 0.9424
Run: 03, Epoch: 100, Loss: 0.0005, lr: 0.000040, Train: 0.9869, Valid: 0.9282, Test: 0.9423
Run 03:
Highest Train: 0.99
Highest Valid: 0.94
  Final Train: 0.98
   Final Test: 0.94
Run: 04, Epoch: 01, Loss: 0.0173, lr: 0.001000, Train: 0.2745, Valid: -0.5048, Test: 0.2148
Run: 04, Epoch: 02, Loss: 0.0083, lr: 0.001000, Train: 0.5748, Valid: 0.0415, Test: 0.4780
Run: 04, Epoch: 03, Loss: 0.0059, lr: 0.001000, Train: 0.7968, Valid: 0.4678, Test: 0.6580
Run: 04, Epoch: 04, Loss: 0.0042, lr: 0.001000, Train: 0.8685, Valid: 0.5941, Test: 0.7448
Run: 04, Epoch: 05, Loss: 0.0025, lr: 0.001000, Train: 0.8877, Valid: 0.6264, Test: 0.7967
Run: 04, Epoch: 06, Loss: 0.0025, lr: 0.001000, Train: 0.8768, Valid: 0.5789, Test: 0.8048
Run: 04, Epoch: 07, Loss: 0.0027, lr: 0.001000, Train: 0.8565, Valid: 0.5123, Test: 0.7908
Run: 04, Epoch: 08, Loss: 0.0027, lr: 0.001000, Train: 0.8443, Valid: 0.4734, Test: 0.7782
Run: 04, Epoch: 09, Loss: 0.0026, lr: 0.001000, Train: 0.8443, Valid: 0.4723, Test: 0.7774
Run: 04, Epoch: 10, Loss: 0.0024, lr: 0.001000, Train: 0.8530, Valid: 0.4962, Test: 0.7869
Run: 04, Epoch: 11, Loss: 0.0023, lr: 0.001000, Train: 0.8601, Valid: 0.5204, Test: 0.7995
Run: 04, Epoch: 12, Loss: 0.0021, lr: 0.000700, Train: 0.8702, Valid: 0.5514, Test: 0.8154
Run: 04, Epoch: 13, Loss: 0.0020, lr: 0.000700, Train: 0.8807, Valid: 0.5843, Test: 0.8320
Run: 04, Epoch: 14, Loss: 0.0018, lr: 0.000700, Train: 0.8947, Valid: 0.6276, Test: 0.8500
Run: 04, Epoch: 15, Loss: 0.0016, lr: 0.000700, Train: 0.9140, Valid: 0.6862, Test: 0.8684
Run: 04, Epoch: 16, Loss: 0.0015, lr: 0.000700, Train: 0.9335, Valid: 0.7422, Test: 0.8830
Run: 04, Epoch: 17, Loss: 0.0014, lr: 0.000700, Train: 0.9474, Valid: 0.7804, Test: 0.8906
Run: 04, Epoch: 18, Loss: 0.0014, lr: 0.000700, Train: 0.9530, Valid: 0.7933, Test: 0.8918
Run: 04, Epoch: 19, Loss: 0.0014, lr: 0.000700, Train: 0.9519, Valid: 0.7857, Test: 0.8894
Run: 04, Epoch: 20, Loss: 0.0014, lr: 0.000700, Train: 0.9467, Valid: 0.7681, Test: 0.8848
Run: 04, Epoch: 21, Loss: 0.0013, lr: 0.000700, Train: 0.9436, Valid: 0.7611, Test: 0.8819
Run: 04, Epoch: 22, Loss: 0.0013, lr: 0.000700, Train: 0.9473, Valid: 0.7798, Test: 0.8842
Run: 04, Epoch: 23, Loss: 0.0012, lr: 0.000700, Train: 0.9548, Valid: 0.8145, Test: 0.8895
Run: 04, Epoch: 24, Loss: 0.0012, lr: 0.000700, Train: 0.9588, Valid: 0.8366, Test: 0.8922
Run: 04, Epoch: 25, Loss: 0.0012, lr: 0.000700, Train: 0.9574, Valid: 0.8396, Test: 0.8921
Run: 04, Epoch: 26, Loss: 0.0011, lr: 0.000700, Train: 0.9502, Valid: 0.8253, Test: 0.8887
Run: 04, Epoch: 27, Loss: 0.0011, lr: 0.000700, Train: 0.9488, Valid: 0.8268, Test: 0.8880
Run: 04, Epoch: 28, Loss: 0.0011, lr: 0.000700, Train: 0.9570, Valid: 0.8545, Test: 0.8927
Run: 04, Epoch: 29, Loss: 0.0010, lr: 0.000700, Train: 0.9661, Valid: 0.8831, Test: 0.8973
Run: 04, Epoch: 30, Loss: 0.0010, lr: 0.000700, Train: 0.9693, Valid: 0.8939, Test: 0.8982
Run: 04, Epoch: 31, Loss: 0.0010, lr: 0.000700, Train: 0.9684, Valid: 0.8886, Test: 0.8966
Run: 04, Epoch: 32, Loss: 0.0010, lr: 0.000700, Train: 0.9656, Valid: 0.8772, Test: 0.8940
Run: 04, Epoch: 33, Loss: 0.0009, lr: 0.000700, Train: 0.9674, Valid: 0.8801, Test: 0.8944
Run: 04, Epoch: 34, Loss: 0.0009, lr: 0.000700, Train: 0.9720, Valid: 0.8936, Test: 0.8978
Run: 04, Epoch: 35, Loss: 0.0009, lr: 0.000700, Train: 0.9740, Valid: 0.8987, Test: 0.9003
Run: 04, Epoch: 36, Loss: 0.0009, lr: 0.000700, Train: 0.9736, Valid: 0.8913, Test: 0.9007
Run: 04, Epoch: 37, Loss: 0.0009, lr: 0.000700, Train: 0.9714, Valid: 0.8790, Test: 0.8994
Run: 04, Epoch: 38, Loss: 0.0009, lr: 0.000700, Train: 0.9730, Valid: 0.8811, Test: 0.9004
Run: 04, Epoch: 39, Loss: 0.0008, lr: 0.000700, Train: 0.9769, Valid: 0.8930, Test: 0.9031
Run: 04, Epoch: 40, Loss: 0.0008, lr: 0.000700, Train: 0.9782, Valid: 0.8975, Test: 0.9048
Run: 04, Epoch: 41, Loss: 0.0008, lr: 0.000700, Train: 0.9788, Valid: 0.8954, Test: 0.9050
Run: 04, Epoch: 42, Loss: 0.0008, lr: 0.000490, Train: 0.9789, Valid: 0.8937, Test: 0.9048
Run: 04, Epoch: 43, Loss: 0.0008, lr: 0.000490, Train: 0.9794, Valid: 0.8964, Test: 0.9054
Run: 04, Epoch: 44, Loss: 0.0008, lr: 0.000490, Train: 0.9798, Valid: 0.9021, Test: 0.9064
Run: 04, Epoch: 45, Loss: 0.0008, lr: 0.000490, Train: 0.9798, Valid: 0.9054, Test: 0.9073
Run: 04, Epoch: 46, Loss: 0.0007, lr: 0.000490, Train: 0.9803, Valid: 0.9058, Test: 0.9080
Run: 04, Epoch: 47, Loss: 0.0007, lr: 0.000490, Train: 0.9805, Valid: 0.9043, Test: 0.9082
Run: 04, Epoch: 48, Loss: 0.0007, lr: 0.000490, Train: 0.9807, Valid: 0.9051, Test: 0.9085
Run: 04, Epoch: 49, Loss: 0.0007, lr: 0.000490, Train: 0.9809, Valid: 0.9079, Test: 0.9092
Run: 04, Epoch: 50, Loss: 0.0007, lr: 0.000490, Train: 0.9809, Valid: 0.9087, Test: 0.9094
Run: 04, Epoch: 51, Loss: 0.0007, lr: 0.000490, Train: 0.9813, Valid: 0.9074, Test: 0.9094
Run: 04, Epoch: 52, Loss: 0.0007, lr: 0.000490, Train: 0.9816, Valid: 0.9051, Test: 0.9090
Run: 04, Epoch: 53, Loss: 0.0007, lr: 0.000490, Train: 0.9819, Valid: 0.9040, Test: 0.9087
Run: 04, Epoch: 54, Loss: 0.0007, lr: 0.000490, Train: 0.9820, Valid: 0.9051, Test: 0.9085
Run: 04, Epoch: 55, Loss: 0.0007, lr: 0.000490, Train: 0.9821, Valid: 0.9048, Test: 0.9082
Run: 04, Epoch: 56, Loss: 0.0007, lr: 0.000490, Train: 0.9825, Valid: 0.9028, Test: 0.9080
Run: 04, Epoch: 57, Loss: 0.0007, lr: 0.000343, Train: 0.9826, Valid: 0.9016, Test: 0.9080
Run: 04, Epoch: 58, Loss: 0.0007, lr: 0.000343, Train: 0.9827, Valid: 0.9013, Test: 0.9082
Run: 04, Epoch: 59, Loss: 0.0007, lr: 0.000343, Train: 0.9828, Valid: 0.9014, Test: 0.9086
Run: 04, Epoch: 60, Loss: 0.0006, lr: 0.000343, Train: 0.9829, Valid: 0.9012, Test: 0.9093
Run: 04, Epoch: 61, Loss: 0.0006, lr: 0.000343, Train: 0.9831, Valid: 0.9009, Test: 0.9102
Run: 04, Epoch: 62, Loss: 0.0006, lr: 0.000343, Train: 0.9833, Valid: 0.9012, Test: 0.9111
Run: 04, Epoch: 63, Loss: 0.0006, lr: 0.000240, Train: 0.9834, Valid: 0.9019, Test: 0.9121
Run: 04, Epoch: 64, Loss: 0.0006, lr: 0.000240, Train: 0.9834, Valid: 0.9027, Test: 0.9131
Run: 04, Epoch: 65, Loss: 0.0006, lr: 0.000240, Train: 0.9834, Valid: 0.9033, Test: 0.9138
Run: 04, Epoch: 66, Loss: 0.0006, lr: 0.000240, Train: 0.9835, Valid: 0.9033, Test: 0.9141
Run: 04, Epoch: 67, Loss: 0.0006, lr: 0.000240, Train: 0.9837, Valid: 0.9029, Test: 0.9141
Run: 04, Epoch: 68, Loss: 0.0006, lr: 0.000240, Train: 0.9838, Valid: 0.9024, Test: 0.9138
Run: 04, Epoch: 69, Loss: 0.0006, lr: 0.000168, Train: 0.9839, Valid: 0.9022, Test: 0.9138
Run: 04, Epoch: 70, Loss: 0.0006, lr: 0.000168, Train: 0.9840, Valid: 0.9022, Test: 0.9138
Run: 04, Epoch: 71, Loss: 0.0006, lr: 0.000168, Train: 0.9841, Valid: 0.9024, Test: 0.9139
Run: 04, Epoch: 72, Loss: 0.0006, lr: 0.000168, Train: 0.9841, Valid: 0.9026, Test: 0.9141
Run: 04, Epoch: 73, Loss: 0.0006, lr: 0.000168, Train: 0.9842, Valid: 0.9025, Test: 0.9143
Run: 04, Epoch: 74, Loss: 0.0006, lr: 0.000168, Train: 0.9842, Valid: 0.9021, Test: 0.9145
Run: 04, Epoch: 75, Loss: 0.0006, lr: 0.000118, Train: 0.9844, Valid: 0.9012, Test: 0.9147
Run: 04, Epoch: 76, Loss: 0.0006, lr: 0.000118, Train: 0.9844, Valid: 0.9006, Test: 0.9148
Run: 04, Epoch: 77, Loss: 0.0006, lr: 0.000118, Train: 0.9845, Valid: 0.9004, Test: 0.9148
Run: 04, Epoch: 78, Loss: 0.0006, lr: 0.000118, Train: 0.9846, Valid: 0.9005, Test: 0.9149
Run: 04, Epoch: 79, Loss: 0.0006, lr: 0.000118, Train: 0.9846, Valid: 0.9003, Test: 0.9150
Run: 04, Epoch: 80, Loss: 0.0006, lr: 0.000118, Train: 0.9847, Valid: 0.8999, Test: 0.9152
Run: 04, Epoch: 81, Loss: 0.0006, lr: 0.000082, Train: 0.9847, Valid: 0.8995, Test: 0.9155
Run: 04, Epoch: 82, Loss: 0.0006, lr: 0.000082, Train: 0.9848, Valid: 0.8992, Test: 0.9156
Run: 04, Epoch: 83, Loss: 0.0006, lr: 0.000082, Train: 0.9849, Valid: 0.8988, Test: 0.9158
Run: 04, Epoch: 84, Loss: 0.0006, lr: 0.000082, Train: 0.9849, Valid: 0.8982, Test: 0.9161
Run: 04, Epoch: 85, Loss: 0.0006, lr: 0.000082, Train: 0.9849, Valid: 0.8982, Test: 0.9162
Run: 04, Epoch: 86, Loss: 0.0006, lr: 0.000082, Train: 0.9849, Valid: 0.8987, Test: 0.9162
Run: 04, Epoch: 87, Loss: 0.0006, lr: 0.000058, Train: 0.9849, Valid: 0.8988, Test: 0.9163
Run: 04, Epoch: 88, Loss: 0.0006, lr: 0.000058, Train: 0.9850, Valid: 0.8986, Test: 0.9164
Run: 04, Epoch: 89, Loss: 0.0006, lr: 0.000058, Train: 0.9851, Valid: 0.8980, Test: 0.9164
Run: 04, Epoch: 90, Loss: 0.0006, lr: 0.000058, Train: 0.9851, Valid: 0.8975, Test: 0.9165
Run: 04, Epoch: 91, Loss: 0.0006, lr: 0.000058, Train: 0.9851, Valid: 0.8971, Test: 0.9165
Run: 04, Epoch: 92, Loss: 0.0006, lr: 0.000058, Train: 0.9852, Valid: 0.8970, Test: 0.9165
Run: 04, Epoch: 93, Loss: 0.0006, lr: 0.000040, Train: 0.9852, Valid: 0.8970, Test: 0.9166
Run: 04, Epoch: 94, Loss: 0.0006, lr: 0.000040, Train: 0.9852, Valid: 0.8968, Test: 0.9167
Run: 04, Epoch: 95, Loss: 0.0006, lr: 0.000040, Train: 0.9852, Valid: 0.8966, Test: 0.9168
Run: 04, Epoch: 96, Loss: 0.0006, lr: 0.000040, Train: 0.9853, Valid: 0.8965, Test: 0.9170
Run: 04, Epoch: 97, Loss: 0.0006, lr: 0.000040, Train: 0.9853, Valid: 0.8965, Test: 0.9171
Run: 04, Epoch: 98, Loss: 0.0006, lr: 0.000040, Train: 0.9853, Valid: 0.8966, Test: 0.9171
Run: 04, Epoch: 99, Loss: 0.0006, lr: 0.000028, Train: 0.9853, Valid: 0.8966, Test: 0.9172
Run: 04, Epoch: 100, Loss: 0.0006, lr: 0.000028, Train: 0.9853, Valid: 0.8965, Test: 0.9173
Run 04:
Highest Train: 0.99
Highest Valid: 0.91
  Final Train: 0.98
   Final Test: 0.91
Run: 05, Epoch: 01, Loss: 0.0410, lr: 0.001000, Train: -0.1200, Valid: 0.1189, Test: -0.6471
Run: 05, Epoch: 02, Loss: 0.0117, lr: 0.001000, Train: -0.1940, Valid: -0.0701, Test: -1.1597
Run: 05, Epoch: 03, Loss: 0.0117, lr: 0.001000, Train: 0.0739, Valid: 0.1182, Test: -0.8174
Run: 05, Epoch: 04, Loss: 0.0089, lr: 0.001000, Train: 0.3733, Valid: 0.3931, Test: -0.2412
Run: 05, Epoch: 05, Loss: 0.0063, lr: 0.001000, Train: 0.6081, Valid: 0.6406, Test: 0.3020
Run: 05, Epoch: 06, Loss: 0.0049, lr: 0.001000, Train: 0.7578, Valid: 0.8022, Test: 0.6514
Run: 05, Epoch: 07, Loss: 0.0040, lr: 0.001000, Train: 0.8443, Valid: 0.8647, Test: 0.8162
Run: 05, Epoch: 08, Loss: 0.0035, lr: 0.001000, Train: 0.8865, Valid: 0.8609, Test: 0.8663
Run: 05, Epoch: 09, Loss: 0.0032, lr: 0.001000, Train: 0.9068, Valid: 0.8378, Test: 0.8770
Run: 05, Epoch: 10, Loss: 0.0030, lr: 0.001000, Train: 0.9183, Valid: 0.8201, Test: 0.8790
Run: 05, Epoch: 11, Loss: 0.0029, lr: 0.001000, Train: 0.9265, Valid: 0.8047, Test: 0.8771
Run: 05, Epoch: 12, Loss: 0.0028, lr: 0.001000, Train: 0.9305, Valid: 0.7889, Test: 0.8680
Run: 05, Epoch: 13, Loss: 0.0026, lr: 0.001000, Train: 0.9303, Valid: 0.7793, Test: 0.8602
Run: 05, Epoch: 14, Loss: 0.0024, lr: 0.000700, Train: 0.9311, Valid: 0.7824, Test: 0.8642
Run: 05, Epoch: 15, Loss: 0.0023, lr: 0.000700, Train: 0.9319, Valid: 0.7862, Test: 0.8680
Run: 05, Epoch: 16, Loss: 0.0022, lr: 0.000700, Train: 0.9335, Valid: 0.7888, Test: 0.8719
Run: 05, Epoch: 17, Loss: 0.0021, lr: 0.000700, Train: 0.9350, Valid: 0.7852, Test: 0.8731
Run: 05, Epoch: 18, Loss: 0.0020, lr: 0.000700, Train: 0.9364, Valid: 0.7763, Test: 0.8715
Run: 05, Epoch: 19, Loss: 0.0019, lr: 0.000700, Train: 0.9395, Valid: 0.7724, Test: 0.8728
Run: 05, Epoch: 20, Loss: 0.0018, lr: 0.000490, Train: 0.9432, Valid: 0.7762, Test: 0.8772
Run: 05, Epoch: 21, Loss: 0.0017, lr: 0.000490, Train: 0.9468, Valid: 0.7792, Test: 0.8806
Run: 05, Epoch: 22, Loss: 0.0016, lr: 0.000490, Train: 0.9499, Valid: 0.7815, Test: 0.8824
Run: 05, Epoch: 23, Loss: 0.0016, lr: 0.000490, Train: 0.9517, Valid: 0.7764, Test: 0.8806
Run: 05, Epoch: 24, Loss: 0.0015, lr: 0.000490, Train: 0.9519, Valid: 0.7681, Test: 0.8770
Run: 05, Epoch: 25, Loss: 0.0014, lr: 0.000490, Train: 0.9526, Valid: 0.7686, Test: 0.8776
Run: 05, Epoch: 26, Loss: 0.0014, lr: 0.000343, Train: 0.9550, Valid: 0.7768, Test: 0.8837
Run: 05, Epoch: 27, Loss: 0.0014, lr: 0.000343, Train: 0.9585, Valid: 0.7905, Test: 0.8938
Run: 05, Epoch: 28, Loss: 0.0014, lr: 0.000343, Train: 0.9618, Valid: 0.8057, Test: 0.9044
Run: 05, Epoch: 29, Loss: 0.0013, lr: 0.000343, Train: 0.9637, Valid: 0.8177, Test: 0.9123
Run: 05, Epoch: 30, Loss: 0.0013, lr: 0.000343, Train: 0.9649, Valid: 0.8246, Test: 0.9166
Run: 05, Epoch: 31, Loss: 0.0013, lr: 0.000343, Train: 0.9658, Valid: 0.8280, Test: 0.9182
Run: 05, Epoch: 32, Loss: 0.0013, lr: 0.000240, Train: 0.9665, Valid: 0.8289, Test: 0.9187
Run: 05, Epoch: 33, Loss: 0.0012, lr: 0.000240, Train: 0.9671, Valid: 0.8299, Test: 0.9192
Run: 05, Epoch: 34, Loss: 0.0012, lr: 0.000240, Train: 0.9678, Valid: 0.8318, Test: 0.9203
Run: 05, Epoch: 35, Loss: 0.0012, lr: 0.000240, Train: 0.9686, Valid: 0.8347, Test: 0.9221
Run: 05, Epoch: 36, Loss: 0.0012, lr: 0.000240, Train: 0.9691, Valid: 0.8372, Test: 0.9237
Run: 05, Epoch: 37, Loss: 0.0012, lr: 0.000240, Train: 0.9695, Valid: 0.8380, Test: 0.9242
Run: 05, Epoch: 38, Loss: 0.0012, lr: 0.000168, Train: 0.9698, Valid: 0.8368, Test: 0.9236
Run: 05, Epoch: 39, Loss: 0.0011, lr: 0.000168, Train: 0.9702, Valid: 0.8343, Test: 0.9222
Run: 05, Epoch: 40, Loss: 0.0011, lr: 0.000168, Train: 0.9704, Valid: 0.8309, Test: 0.9204
Run: 05, Epoch: 41, Loss: 0.0011, lr: 0.000168, Train: 0.9706, Valid: 0.8275, Test: 0.9186
Run: 05, Epoch: 42, Loss: 0.0011, lr: 0.000168, Train: 0.9709, Valid: 0.8252, Test: 0.9175
Run: 05, Epoch: 43, Loss: 0.0011, lr: 0.000168, Train: 0.9712, Valid: 0.8243, Test: 0.9176
Run: 05, Epoch: 44, Loss: 0.0011, lr: 0.000118, Train: 0.9715, Valid: 0.8244, Test: 0.9183
Run: 05, Epoch: 45, Loss: 0.0011, lr: 0.000118, Train: 0.9717, Valid: 0.8249, Test: 0.9193
Run: 05, Epoch: 46, Loss: 0.0011, lr: 0.000118, Train: 0.9719, Valid: 0.8255, Test: 0.9201
Run: 05, Epoch: 47, Loss: 0.0011, lr: 0.000118, Train: 0.9721, Valid: 0.8257, Test: 0.9207
Run: 05, Epoch: 48, Loss: 0.0011, lr: 0.000118, Train: 0.9723, Valid: 0.8255, Test: 0.9208
Run: 05, Epoch: 49, Loss: 0.0011, lr: 0.000118, Train: 0.9725, Valid: 0.8246, Test: 0.9203
Run: 05, Epoch: 50, Loss: 0.0011, lr: 0.000082, Train: 0.9726, Valid: 0.8238, Test: 0.9199
Run: 05, Epoch: 51, Loss: 0.0011, lr: 0.000082, Train: 0.9727, Valid: 0.8232, Test: 0.9196
Run: 05, Epoch: 52, Loss: 0.0011, lr: 0.000082, Train: 0.9728, Valid: 0.8227, Test: 0.9195
Run: 05, Epoch: 53, Loss: 0.0011, lr: 0.000082, Train: 0.9729, Valid: 0.8227, Test: 0.9196
Run: 05, Epoch: 54, Loss: 0.0011, lr: 0.000082, Train: 0.9730, Valid: 0.8230, Test: 0.9200
Run: 05, Epoch: 55, Loss: 0.0011, lr: 0.000082, Train: 0.9732, Valid: 0.8236, Test: 0.9205
Run: 05, Epoch: 56, Loss: 0.0010, lr: 0.000058, Train: 0.9733, Valid: 0.8242, Test: 0.9211
Run: 05, Epoch: 57, Loss: 0.0010, lr: 0.000058, Train: 0.9734, Valid: 0.8248, Test: 0.9217
Run: 05, Epoch: 58, Loss: 0.0010, lr: 0.000058, Train: 0.9735, Valid: 0.8253, Test: 0.9222
Run: 05, Epoch: 59, Loss: 0.0010, lr: 0.000058, Train: 0.9736, Valid: 0.8258, Test: 0.9226
Run: 05, Epoch: 60, Loss: 0.0010, lr: 0.000058, Train: 0.9737, Valid: 0.8261, Test: 0.9230
Run: 05, Epoch: 61, Loss: 0.0010, lr: 0.000058, Train: 0.9738, Valid: 0.8264, Test: 0.9233
Run: 05, Epoch: 62, Loss: 0.0010, lr: 0.000040, Train: 0.9739, Valid: 0.8266, Test: 0.9234
Run: 05, Epoch: 63, Loss: 0.0010, lr: 0.000040, Train: 0.9740, Valid: 0.8267, Test: 0.9236
Run: 05, Epoch: 64, Loss: 0.0010, lr: 0.000040, Train: 0.9740, Valid: 0.8268, Test: 0.9237
Run: 05, Epoch: 65, Loss: 0.0010, lr: 0.000040, Train: 0.9741, Valid: 0.8269, Test: 0.9238
Run: 05, Epoch: 66, Loss: 0.0010, lr: 0.000040, Train: 0.9741, Valid: 0.8268, Test: 0.9238
Run: 05, Epoch: 67, Loss: 0.0010, lr: 0.000040, Train: 0.9742, Valid: 0.8268, Test: 0.9238
Run: 05, Epoch: 68, Loss: 0.0010, lr: 0.000028, Train: 0.9742, Valid: 0.8267, Test: 0.9238
Run: 05, Epoch: 69, Loss: 0.0010, lr: 0.000028, Train: 0.9742, Valid: 0.8267, Test: 0.9239
Run: 05, Epoch: 70, Loss: 0.0010, lr: 0.000028, Train: 0.9743, Valid: 0.8267, Test: 0.9239
Run: 05, Epoch: 71, Loss: 0.0010, lr: 0.000028, Train: 0.9743, Valid: 0.8266, Test: 0.9240
Run: 05, Epoch: 72, Loss: 0.0010, lr: 0.000028, Train: 0.9743, Valid: 0.8267, Test: 0.9240
Run: 05, Epoch: 73, Loss: 0.0010, lr: 0.000028, Train: 0.9744, Valid: 0.8267, Test: 0.9241
Run: 05, Epoch: 74, Loss: 0.0010, lr: 0.000020, Train: 0.9744, Valid: 0.8268, Test: 0.9242
Run: 05, Epoch: 75, Loss: 0.0010, lr: 0.000020, Train: 0.9744, Valid: 0.8269, Test: 0.9243
Run: 05, Epoch: 76, Loss: 0.0010, lr: 0.000020, Train: 0.9745, Valid: 0.8270, Test: 0.9245
Run: 05, Epoch: 77, Loss: 0.0010, lr: 0.000020, Train: 0.9745, Valid: 0.8272, Test: 0.9246
Run: 05, Epoch: 78, Loss: 0.0010, lr: 0.000020, Train: 0.9745, Valid: 0.8273, Test: 0.9247
Run: 05, Epoch: 79, Loss: 0.0010, lr: 0.000020, Train: 0.9745, Valid: 0.8274, Test: 0.9249
Run: 05, Epoch: 80, Loss: 0.0010, lr: 0.000014, Train: 0.9745, Valid: 0.8275, Test: 0.9249
Run: 05, Epoch: 81, Loss: 0.0010, lr: 0.000014, Train: 0.9746, Valid: 0.8276, Test: 0.9250
Run: 05, Epoch: 82, Loss: 0.0010, lr: 0.000014, Train: 0.9746, Valid: 0.8277, Test: 0.9251
Run: 05, Epoch: 83, Loss: 0.0010, lr: 0.000014, Train: 0.9746, Valid: 0.8278, Test: 0.9251
Run: 05, Epoch: 84, Loss: 0.0010, lr: 0.000014, Train: 0.9746, Valid: 0.8278, Test: 0.9252
Run: 05, Epoch: 85, Loss: 0.0010, lr: 0.000014, Train: 0.9746, Valid: 0.8278, Test: 0.9252
Run: 05, Epoch: 86, Loss: 0.0010, lr: 0.000010, Train: 0.9746, Valid: 0.8279, Test: 0.9252
Run: 05, Epoch: 87, Loss: 0.0010, lr: 0.000010, Train: 0.9746, Valid: 0.8279, Test: 0.9252
Run: 05, Epoch: 88, Loss: 0.0010, lr: 0.000010, Train: 0.9747, Valid: 0.8279, Test: 0.9253
Run: 05, Epoch: 89, Loss: 0.0010, lr: 0.000010, Train: 0.9747, Valid: 0.8280, Test: 0.9253
Run: 05, Epoch: 90, Loss: 0.0010, lr: 0.000010, Train: 0.9747, Valid: 0.8280, Test: 0.9253
Run: 05, Epoch: 91, Loss: 0.0010, lr: 0.000010, Train: 0.9747, Valid: 0.8280, Test: 0.9253
Run: 05, Epoch: 92, Loss: 0.0010, lr: 0.000010, Train: 0.9747, Valid: 0.8280, Test: 0.9253
Run: 05, Epoch: 93, Loss: 0.0010, lr: 0.000010, Train: 0.9747, Valid: 0.8281, Test: 0.9254
Run: 05, Epoch: 94, Loss: 0.0010, lr: 0.000010, Train: 0.9747, Valid: 0.8281, Test: 0.9254
Run: 05, Epoch: 95, Loss: 0.0010, lr: 0.000010, Train: 0.9747, Valid: 0.8280, Test: 0.9253
Run: 05, Epoch: 96, Loss: 0.0010, lr: 0.000010, Train: 0.9747, Valid: 0.8280, Test: 0.9253
Run: 05, Epoch: 97, Loss: 0.0010, lr: 0.000010, Train: 0.9748, Valid: 0.8280, Test: 0.9253
Run: 05, Epoch: 98, Loss: 0.0010, lr: 0.000010, Train: 0.9748, Valid: 0.8280, Test: 0.9253
Run: 05, Epoch: 99, Loss: 0.0010, lr: 0.000010, Train: 0.9748, Valid: 0.8280, Test: 0.9253
Run: 05, Epoch: 100, Loss: 0.0010, lr: 0.000010, Train: 0.9748, Valid: 0.8280, Test: 0.9253
Run 05:
Highest Train: 0.97
Highest Valid: 0.86
  Final Train: 0.84
   Final Test: 0.82
Run: 06, Epoch: 01, Loss: 0.0495, lr: 0.001000, Train: -0.0600, Valid: -0.0490, Test: 0.3352
Run: 06, Epoch: 02, Loss: 0.0123, lr: 0.001000, Train: -0.2592, Valid: -1.0036, Test: 0.1981
Run: 06, Epoch: 03, Loss: 0.0101, lr: 0.001000, Train: -0.0375, Valid: -0.8735, Test: 0.3252
Run: 06, Epoch: 04, Loss: 0.0068, lr: 0.001000, Train: 0.3023, Valid: -0.1924, Test: 0.5371
Run: 06, Epoch: 05, Loss: 0.0042, lr: 0.001000, Train: 0.5947, Valid: 0.4594, Test: 0.7277
Run: 06, Epoch: 06, Loss: 0.0033, lr: 0.001000, Train: 0.7601, Valid: 0.7741, Test: 0.8439
Run: 06, Epoch: 07, Loss: 0.0031, lr: 0.001000, Train: 0.8321, Valid: 0.8769, Test: 0.8948
Run: 06, Epoch: 08, Loss: 0.0029, lr: 0.001000, Train: 0.8595, Valid: 0.9092, Test: 0.9154
Run: 06, Epoch: 09, Loss: 0.0028, lr: 0.001000, Train: 0.8658, Valid: 0.9144, Test: 0.9221
Run: 06, Epoch: 10, Loss: 0.0025, lr: 0.001000, Train: 0.8621, Valid: 0.9012, Test: 0.9208
Run: 06, Epoch: 11, Loss: 0.0023, lr: 0.001000, Train: 0.8567, Valid: 0.8798, Test: 0.9159
Run: 06, Epoch: 12, Loss: 0.0021, lr: 0.001000, Train: 0.8534, Valid: 0.8586, Test: 0.9112
Run: 06, Epoch: 13, Loss: 0.0020, lr: 0.001000, Train: 0.8612, Valid: 0.8563, Test: 0.9153
Run: 06, Epoch: 14, Loss: 0.0020, lr: 0.001000, Train: 0.8807, Valid: 0.8726, Test: 0.9280
Run: 06, Epoch: 15, Loss: 0.0018, lr: 0.001000, Train: 0.9065, Valid: 0.8887, Test: 0.9438
Run: 06, Epoch: 16, Loss: 0.0017, lr: 0.000700, Train: 0.9263, Valid: 0.8913, Test: 0.9543
Run: 06, Epoch: 17, Loss: 0.0016, lr: 0.000700, Train: 0.9417, Valid: 0.8821, Test: 0.9599
Run: 06, Epoch: 18, Loss: 0.0014, lr: 0.000700, Train: 0.9503, Valid: 0.8670, Test: 0.9597
Run: 06, Epoch: 19, Loss: 0.0014, lr: 0.000700, Train: 0.9537, Valid: 0.8527, Test: 0.9564
Run: 06, Epoch: 20, Loss: 0.0013, lr: 0.000700, Train: 0.9545, Valid: 0.8430, Test: 0.9534
Run: 06, Epoch: 21, Loss: 0.0013, lr: 0.000700, Train: 0.9549, Valid: 0.8419, Test: 0.9531
Run: 06, Epoch: 22, Loss: 0.0013, lr: 0.000490, Train: 0.9559, Valid: 0.8480, Test: 0.9550
Run: 06, Epoch: 23, Loss: 0.0012, lr: 0.000490, Train: 0.9569, Valid: 0.8559, Test: 0.9572
Run: 06, Epoch: 24, Loss: 0.0012, lr: 0.000490, Train: 0.9580, Valid: 0.8596, Test: 0.9584
Run: 06, Epoch: 25, Loss: 0.0012, lr: 0.000490, Train: 0.9595, Valid: 0.8594, Test: 0.9589
Run: 06, Epoch: 26, Loss: 0.0012, lr: 0.000490, Train: 0.9610, Valid: 0.8585, Test: 0.9593
Run: 06, Epoch: 27, Loss: 0.0011, lr: 0.000490, Train: 0.9620, Valid: 0.8612, Test: 0.9601
Run: 06, Epoch: 28, Loss: 0.0011, lr: 0.000343, Train: 0.9627, Valid: 0.8638, Test: 0.9607
Run: 06, Epoch: 29, Loss: 0.0011, lr: 0.000343, Train: 0.9633, Valid: 0.8665, Test: 0.9610
Run: 06, Epoch: 30, Loss: 0.0011, lr: 0.000343, Train: 0.9639, Valid: 0.8683, Test: 0.9612
Run: 06, Epoch: 31, Loss: 0.0011, lr: 0.000343, Train: 0.9649, Valid: 0.8691, Test: 0.9612
Run: 06, Epoch: 32, Loss: 0.0010, lr: 0.000343, Train: 0.9660, Valid: 0.8694, Test: 0.9613
Run: 06, Epoch: 33, Loss: 0.0010, lr: 0.000343, Train: 0.9673, Valid: 0.8695, Test: 0.9614
Run: 06, Epoch: 34, Loss: 0.0010, lr: 0.000240, Train: 0.9683, Valid: 0.8694, Test: 0.9616
Run: 06, Epoch: 35, Loss: 0.0010, lr: 0.000240, Train: 0.9691, Valid: 0.8698, Test: 0.9617
Run: 06, Epoch: 36, Loss: 0.0010, lr: 0.000240, Train: 0.9697, Valid: 0.8702, Test: 0.9617
Run: 06, Epoch: 37, Loss: 0.0010, lr: 0.000240, Train: 0.9704, Valid: 0.8699, Test: 0.9616
Run: 06, Epoch: 38, Loss: 0.0010, lr: 0.000240, Train: 0.9710, Valid: 0.8690, Test: 0.9612
Run: 06, Epoch: 39, Loss: 0.0010, lr: 0.000240, Train: 0.9716, Valid: 0.8672, Test: 0.9606
Run: 06, Epoch: 40, Loss: 0.0009, lr: 0.000168, Train: 0.9721, Valid: 0.8653, Test: 0.9602
Run: 06, Epoch: 41, Loss: 0.0009, lr: 0.000168, Train: 0.9724, Valid: 0.8638, Test: 0.9599
Run: 06, Epoch: 42, Loss: 0.0009, lr: 0.000168, Train: 0.9727, Valid: 0.8628, Test: 0.9597
Run: 06, Epoch: 43, Loss: 0.0009, lr: 0.000168, Train: 0.9729, Valid: 0.8621, Test: 0.9597
Run: 06, Epoch: 44, Loss: 0.0009, lr: 0.000168, Train: 0.9732, Valid: 0.8614, Test: 0.9597
Run: 06, Epoch: 45, Loss: 0.0009, lr: 0.000168, Train: 0.9734, Valid: 0.8603, Test: 0.9597
Run: 06, Epoch: 46, Loss: 0.0009, lr: 0.000118, Train: 0.9736, Valid: 0.8591, Test: 0.9597
Run: 06, Epoch: 47, Loss: 0.0009, lr: 0.000118, Train: 0.9738, Valid: 0.8578, Test: 0.9596
Run: 06, Epoch: 48, Loss: 0.0009, lr: 0.000118, Train: 0.9739, Valid: 0.8565, Test: 0.9595
Run: 06, Epoch: 49, Loss: 0.0009, lr: 0.000118, Train: 0.9740, Valid: 0.8553, Test: 0.9594
Run: 06, Epoch: 50, Loss: 0.0009, lr: 0.000118, Train: 0.9742, Valid: 0.8544, Test: 0.9594
Run: 06, Epoch: 51, Loss: 0.0009, lr: 0.000118, Train: 0.9743, Valid: 0.8540, Test: 0.9596
Run: 06, Epoch: 52, Loss: 0.0009, lr: 0.000082, Train: 0.9744, Valid: 0.8541, Test: 0.9598
Run: 06, Epoch: 53, Loss: 0.0009, lr: 0.000082, Train: 0.9745, Valid: 0.8544, Test: 0.9600
Run: 06, Epoch: 54, Loss: 0.0009, lr: 0.000082, Train: 0.9746, Valid: 0.8547, Test: 0.9603
Run: 06, Epoch: 55, Loss: 0.0009, lr: 0.000082, Train: 0.9747, Valid: 0.8549, Test: 0.9605
Run: 06, Epoch: 56, Loss: 0.0009, lr: 0.000082, Train: 0.9748, Valid: 0.8550, Test: 0.9607
Run: 06, Epoch: 57, Loss: 0.0009, lr: 0.000082, Train: 0.9749, Valid: 0.8547, Test: 0.9607
Run: 06, Epoch: 58, Loss: 0.0009, lr: 0.000058, Train: 0.9749, Valid: 0.8544, Test: 0.9607
Run: 06, Epoch: 59, Loss: 0.0009, lr: 0.000058, Train: 0.9750, Valid: 0.8539, Test: 0.9607
Run: 06, Epoch: 60, Loss: 0.0009, lr: 0.000058, Train: 0.9751, Valid: 0.8533, Test: 0.9606
Run: 06, Epoch: 61, Loss: 0.0009, lr: 0.000058, Train: 0.9751, Valid: 0.8527, Test: 0.9605
Run: 06, Epoch: 62, Loss: 0.0009, lr: 0.000058, Train: 0.9752, Valid: 0.8522, Test: 0.9604
Run: 06, Epoch: 63, Loss: 0.0009, lr: 0.000058, Train: 0.9752, Valid: 0.8518, Test: 0.9603
Run: 06, Epoch: 64, Loss: 0.0009, lr: 0.000040, Train: 0.9753, Valid: 0.8517, Test: 0.9603
Run: 06, Epoch: 65, Loss: 0.0009, lr: 0.000040, Train: 0.9753, Valid: 0.8515, Test: 0.9603
Run: 06, Epoch: 66, Loss: 0.0009, lr: 0.000040, Train: 0.9754, Valid: 0.8514, Test: 0.9603
Run: 06, Epoch: 67, Loss: 0.0009, lr: 0.000040, Train: 0.9754, Valid: 0.8513, Test: 0.9603
Run: 06, Epoch: 68, Loss: 0.0009, lr: 0.000040, Train: 0.9755, Valid: 0.8513, Test: 0.9603
Run: 06, Epoch: 69, Loss: 0.0009, lr: 0.000040, Train: 0.9755, Valid: 0.8513, Test: 0.9604
Run: 06, Epoch: 70, Loss: 0.0009, lr: 0.000028, Train: 0.9756, Valid: 0.8514, Test: 0.9604
Run: 06, Epoch: 71, Loss: 0.0009, lr: 0.000028, Train: 0.9756, Valid: 0.8515, Test: 0.9604
Run: 06, Epoch: 72, Loss: 0.0009, lr: 0.000028, Train: 0.9756, Valid: 0.8516, Test: 0.9604
Run: 06, Epoch: 73, Loss: 0.0009, lr: 0.000028, Train: 0.9756, Valid: 0.8517, Test: 0.9604
Run: 06, Epoch: 74, Loss: 0.0009, lr: 0.000028, Train: 0.9757, Valid: 0.8517, Test: 0.9605
Run: 06, Epoch: 75, Loss: 0.0009, lr: 0.000028, Train: 0.9757, Valid: 0.8518, Test: 0.9605
Run: 06, Epoch: 76, Loss: 0.0009, lr: 0.000020, Train: 0.9757, Valid: 0.8519, Test: 0.9605
Run: 06, Epoch: 77, Loss: 0.0009, lr: 0.000020, Train: 0.9758, Valid: 0.8520, Test: 0.9605
Run: 06, Epoch: 78, Loss: 0.0009, lr: 0.000020, Train: 0.9758, Valid: 0.8521, Test: 0.9605
Run: 06, Epoch: 79, Loss: 0.0009, lr: 0.000020, Train: 0.9758, Valid: 0.8522, Test: 0.9605
Run: 06, Epoch: 80, Loss: 0.0009, lr: 0.000020, Train: 0.9758, Valid: 0.8522, Test: 0.9605
Run: 06, Epoch: 81, Loss: 0.0009, lr: 0.000020, Train: 0.9758, Valid: 0.8523, Test: 0.9605
Run: 06, Epoch: 82, Loss: 0.0009, lr: 0.000014, Train: 0.9759, Valid: 0.8524, Test: 0.9605
Run: 06, Epoch: 83, Loss: 0.0009, lr: 0.000014, Train: 0.9759, Valid: 0.8525, Test: 0.9606
Run: 06, Epoch: 84, Loss: 0.0009, lr: 0.000014, Train: 0.9759, Valid: 0.8525, Test: 0.9606
Run: 06, Epoch: 85, Loss: 0.0009, lr: 0.000014, Train: 0.9759, Valid: 0.8526, Test: 0.9606
Run: 06, Epoch: 86, Loss: 0.0009, lr: 0.000014, Train: 0.9759, Valid: 0.8526, Test: 0.9606
Run: 06, Epoch: 87, Loss: 0.0009, lr: 0.000014, Train: 0.9760, Valid: 0.8527, Test: 0.9606
Run: 06, Epoch: 88, Loss: 0.0009, lr: 0.000010, Train: 0.9760, Valid: 0.8528, Test: 0.9606
Run: 06, Epoch: 89, Loss: 0.0009, lr: 0.000010, Train: 0.9760, Valid: 0.8528, Test: 0.9606
Run: 06, Epoch: 90, Loss: 0.0009, lr: 0.000010, Train: 0.9760, Valid: 0.8529, Test: 0.9606
Run: 06, Epoch: 91, Loss: 0.0009, lr: 0.000010, Train: 0.9760, Valid: 0.8529, Test: 0.9607
Run: 06, Epoch: 92, Loss: 0.0009, lr: 0.000010, Train: 0.9760, Valid: 0.8530, Test: 0.9607
Run: 06, Epoch: 93, Loss: 0.0008, lr: 0.000010, Train: 0.9760, Valid: 0.8530, Test: 0.9607
Run: 06, Epoch: 94, Loss: 0.0008, lr: 0.000010, Train: 0.9761, Valid: 0.8530, Test: 0.9607
Run: 06, Epoch: 95, Loss: 0.0008, lr: 0.000010, Train: 0.9761, Valid: 0.8531, Test: 0.9607
Run: 06, Epoch: 96, Loss: 0.0008, lr: 0.000010, Train: 0.9761, Valid: 0.8532, Test: 0.9607
Run: 06, Epoch: 97, Loss: 0.0008, lr: 0.000010, Train: 0.9761, Valid: 0.8532, Test: 0.9607
Run: 06, Epoch: 98, Loss: 0.0008, lr: 0.000010, Train: 0.9761, Valid: 0.8533, Test: 0.9607
Run: 06, Epoch: 99, Loss: 0.0008, lr: 0.000010, Train: 0.9761, Valid: 0.8534, Test: 0.9607
Run: 06, Epoch: 100, Loss: 0.0008, lr: 0.000010, Train: 0.9761, Valid: 0.8535, Test: 0.9607
Run 06:
Highest Train: 0.98
Highest Valid: 0.91
  Final Train: 0.87
   Final Test: 0.92
Run: 07, Epoch: 01, Loss: 0.0408, lr: 0.001000, Train: 0.3228, Valid: 0.0138, Test: 0.3792
Run: 07, Epoch: 02, Loss: 0.0193, lr: 0.001000, Train: 0.3550, Valid: -0.0478, Test: 0.3838
Run: 07, Epoch: 03, Loss: 0.0131, lr: 0.001000, Train: 0.6473, Valid: 0.4538, Test: 0.6927
Run: 07, Epoch: 04, Loss: 0.0064, lr: 0.001000, Train: 0.8451, Valid: 0.7933, Test: 0.8414
Run: 07, Epoch: 05, Loss: 0.0047, lr: 0.001000, Train: 0.8962, Valid: 0.8785, Test: 0.8534
Run: 07, Epoch: 06, Loss: 0.0037, lr: 0.001000, Train: 0.8964, Valid: 0.7911, Test: 0.8786
Run: 07, Epoch: 07, Loss: 0.0028, lr: 0.001000, Train: 0.8642, Valid: 0.6655, Test: 0.8764
Run: 07, Epoch: 08, Loss: 0.0024, lr: 0.001000, Train: 0.8375, Valid: 0.5882, Test: 0.8658
Run: 07, Epoch: 09, Loss: 0.0022, lr: 0.001000, Train: 0.8241, Valid: 0.5512, Test: 0.8625
Run: 07, Epoch: 10, Loss: 0.0023, lr: 0.001000, Train: 0.7996, Valid: 0.4973, Test: 0.8457
Run: 07, Epoch: 11, Loss: 0.0024, lr: 0.001000, Train: 0.7647, Valid: 0.4246, Test: 0.8166
Run: 07, Epoch: 12, Loss: 0.0025, lr: 0.000700, Train: 0.7674, Valid: 0.4247, Test: 0.8213
Run: 07, Epoch: 13, Loss: 0.0025, lr: 0.000700, Train: 0.7848, Valid: 0.4514, Test: 0.8380
Run: 07, Epoch: 14, Loss: 0.0024, lr: 0.000700, Train: 0.8101, Valid: 0.4930, Test: 0.8593
Run: 07, Epoch: 15, Loss: 0.0023, lr: 0.000700, Train: 0.8365, Valid: 0.5365, Test: 0.8788
Run: 07, Epoch: 16, Loss: 0.0022, lr: 0.000700, Train: 0.8572, Valid: 0.5730, Test: 0.8920
Run: 07, Epoch: 17, Loss: 0.0021, lr: 0.000700, Train: 0.8712, Valid: 0.6008, Test: 0.8991
Run: 07, Epoch: 18, Loss: 0.0020, lr: 0.000490, Train: 0.8862, Valid: 0.6288, Test: 0.9069
Run: 07, Epoch: 19, Loss: 0.0019, lr: 0.000490, Train: 0.9007, Valid: 0.6552, Test: 0.9134
Run: 07, Epoch: 20, Loss: 0.0018, lr: 0.000490, Train: 0.9145, Valid: 0.6803, Test: 0.9194
Run: 07, Epoch: 21, Loss: 0.0017, lr: 0.000490, Train: 0.9272, Valid: 0.7032, Test: 0.9243
Run: 07, Epoch: 22, Loss: 0.0016, lr: 0.000490, Train: 0.9374, Valid: 0.7222, Test: 0.9273
Run: 07, Epoch: 23, Loss: 0.0015, lr: 0.000490, Train: 0.9453, Valid: 0.7394, Test: 0.9280
Run: 07, Epoch: 24, Loss: 0.0014, lr: 0.000343, Train: 0.9503, Valid: 0.7529, Test: 0.9273
Run: 07, Epoch: 25, Loss: 0.0014, lr: 0.000343, Train: 0.9541, Valid: 0.7659, Test: 0.9253
Run: 07, Epoch: 26, Loss: 0.0014, lr: 0.000343, Train: 0.9571, Valid: 0.7787, Test: 0.9225
Run: 07, Epoch: 27, Loss: 0.0013, lr: 0.000343, Train: 0.9595, Valid: 0.7920, Test: 0.9194
Run: 07, Epoch: 28, Loss: 0.0013, lr: 0.000343, Train: 0.9614, Valid: 0.8063, Test: 0.9163
Run: 07, Epoch: 29, Loss: 0.0013, lr: 0.000343, Train: 0.9629, Valid: 0.8222, Test: 0.9132
Run: 07, Epoch: 30, Loss: 0.0012, lr: 0.000240, Train: 0.9642, Valid: 0.8330, Test: 0.9122
Run: 07, Epoch: 31, Loss: 0.0012, lr: 0.000240, Train: 0.9653, Valid: 0.8414, Test: 0.9122
Run: 07, Epoch: 32, Loss: 0.0012, lr: 0.000240, Train: 0.9663, Valid: 0.8475, Test: 0.9128
Run: 07, Epoch: 33, Loss: 0.0012, lr: 0.000240, Train: 0.9672, Valid: 0.8510, Test: 0.9143
Run: 07, Epoch: 34, Loss: 0.0012, lr: 0.000240, Train: 0.9681, Valid: 0.8535, Test: 0.9155
Run: 07, Epoch: 35, Loss: 0.0012, lr: 0.000240, Train: 0.9688, Valid: 0.8565, Test: 0.9162
Run: 07, Epoch: 36, Loss: 0.0012, lr: 0.000168, Train: 0.9694, Valid: 0.8594, Test: 0.9161
Run: 07, Epoch: 37, Loss: 0.0012, lr: 0.000168, Train: 0.9699, Valid: 0.8624, Test: 0.9156
Run: 07, Epoch: 38, Loss: 0.0011, lr: 0.000168, Train: 0.9703, Valid: 0.8650, Test: 0.9149
Run: 07, Epoch: 39, Loss: 0.0011, lr: 0.000168, Train: 0.9707, Valid: 0.8660, Test: 0.9144
Run: 07, Epoch: 40, Loss: 0.0011, lr: 0.000168, Train: 0.9710, Valid: 0.8659, Test: 0.9143
Run: 07, Epoch: 41, Loss: 0.0011, lr: 0.000168, Train: 0.9713, Valid: 0.8653, Test: 0.9144
Run: 07, Epoch: 42, Loss: 0.0011, lr: 0.000118, Train: 0.9715, Valid: 0.8652, Test: 0.9144
Run: 07, Epoch: 43, Loss: 0.0011, lr: 0.000118, Train: 0.9717, Valid: 0.8656, Test: 0.9141
Run: 07, Epoch: 44, Loss: 0.0011, lr: 0.000118, Train: 0.9719, Valid: 0.8665, Test: 0.9134
Run: 07, Epoch: 45, Loss: 0.0011, lr: 0.000118, Train: 0.9720, Valid: 0.8680, Test: 0.9125
Run: 07, Epoch: 46, Loss: 0.0011, lr: 0.000118, Train: 0.9721, Valid: 0.8695, Test: 0.9112
Run: 07, Epoch: 47, Loss: 0.0011, lr: 0.000118, Train: 0.9722, Valid: 0.8708, Test: 0.9100
Run: 07, Epoch: 48, Loss: 0.0011, lr: 0.000082, Train: 0.9723, Valid: 0.8717, Test: 0.9093
Run: 07, Epoch: 49, Loss: 0.0011, lr: 0.000082, Train: 0.9724, Valid: 0.8724, Test: 0.9088
Run: 07, Epoch: 50, Loss: 0.0011, lr: 0.000082, Train: 0.9725, Valid: 0.8728, Test: 0.9085
Run: 07, Epoch: 51, Loss: 0.0011, lr: 0.000082, Train: 0.9726, Valid: 0.8730, Test: 0.9085
Run: 07, Epoch: 52, Loss: 0.0011, lr: 0.000082, Train: 0.9728, Valid: 0.8731, Test: 0.9086
Run: 07, Epoch: 53, Loss: 0.0011, lr: 0.000082, Train: 0.9729, Valid: 0.8733, Test: 0.9087
Run: 07, Epoch: 54, Loss: 0.0011, lr: 0.000058, Train: 0.9730, Valid: 0.8737, Test: 0.9089
Run: 07, Epoch: 55, Loss: 0.0011, lr: 0.000058, Train: 0.9731, Valid: 0.8742, Test: 0.9090
Run: 07, Epoch: 56, Loss: 0.0011, lr: 0.000058, Train: 0.9732, Valid: 0.8748, Test: 0.9090
Run: 07, Epoch: 57, Loss: 0.0010, lr: 0.000058, Train: 0.9733, Valid: 0.8754, Test: 0.9090
Run: 07, Epoch: 58, Loss: 0.0010, lr: 0.000058, Train: 0.9734, Valid: 0.8761, Test: 0.9090
Run: 07, Epoch: 59, Loss: 0.0010, lr: 0.000058, Train: 0.9735, Valid: 0.8768, Test: 0.9090
Run: 07, Epoch: 60, Loss: 0.0010, lr: 0.000040, Train: 0.9735, Valid: 0.8771, Test: 0.9091
Run: 07, Epoch: 61, Loss: 0.0010, lr: 0.000040, Train: 0.9736, Valid: 0.8774, Test: 0.9093
Run: 07, Epoch: 62, Loss: 0.0010, lr: 0.000040, Train: 0.9737, Valid: 0.8775, Test: 0.9095
Run: 07, Epoch: 63, Loss: 0.0010, lr: 0.000040, Train: 0.9738, Valid: 0.8775, Test: 0.9097
Run: 07, Epoch: 64, Loss: 0.0010, lr: 0.000040, Train: 0.9739, Valid: 0.8773, Test: 0.9100
Run: 07, Epoch: 65, Loss: 0.0010, lr: 0.000040, Train: 0.9739, Valid: 0.8771, Test: 0.9103
Run: 07, Epoch: 66, Loss: 0.0010, lr: 0.000028, Train: 0.9740, Valid: 0.8769, Test: 0.9106
Run: 07, Epoch: 67, Loss: 0.0010, lr: 0.000028, Train: 0.9741, Valid: 0.8766, Test: 0.9108
Run: 07, Epoch: 68, Loss: 0.0010, lr: 0.000028, Train: 0.9741, Valid: 0.8764, Test: 0.9110
Run: 07, Epoch: 69, Loss: 0.0010, lr: 0.000028, Train: 0.9742, Valid: 0.8762, Test: 0.9112
Run: 07, Epoch: 70, Loss: 0.0010, lr: 0.000028, Train: 0.9742, Valid: 0.8766, Test: 0.9113
Run: 07, Epoch: 71, Loss: 0.0010, lr: 0.000028, Train: 0.9743, Valid: 0.8770, Test: 0.9113
Run: 07, Epoch: 72, Loss: 0.0010, lr: 0.000020, Train: 0.9743, Valid: 0.8774, Test: 0.9114
Run: 07, Epoch: 73, Loss: 0.0010, lr: 0.000020, Train: 0.9744, Valid: 0.8777, Test: 0.9115
Run: 07, Epoch: 74, Loss: 0.0010, lr: 0.000020, Train: 0.9744, Valid: 0.8781, Test: 0.9115
Run: 07, Epoch: 75, Loss: 0.0010, lr: 0.000020, Train: 0.9744, Valid: 0.8784, Test: 0.9116
Run: 07, Epoch: 76, Loss: 0.0010, lr: 0.000020, Train: 0.9745, Valid: 0.8786, Test: 0.9118
Run: 07, Epoch: 77, Loss: 0.0010, lr: 0.000020, Train: 0.9745, Valid: 0.8787, Test: 0.9119
Run: 07, Epoch: 78, Loss: 0.0010, lr: 0.000020, Train: 0.9745, Valid: 0.8787, Test: 0.9121
Run: 07, Epoch: 79, Loss: 0.0010, lr: 0.000020, Train: 0.9746, Valid: 0.8787, Test: 0.9123
Run: 07, Epoch: 80, Loss: 0.0010, lr: 0.000020, Train: 0.9746, Valid: 0.8786, Test: 0.9125
Run: 07, Epoch: 81, Loss: 0.0010, lr: 0.000020, Train: 0.9746, Valid: 0.8785, Test: 0.9128
Run: 07, Epoch: 82, Loss: 0.0010, lr: 0.000020, Train: 0.9747, Valid: 0.8784, Test: 0.9129
Run: 07, Epoch: 83, Loss: 0.0010, lr: 0.000020, Train: 0.9747, Valid: 0.8782, Test: 0.9131
Run: 07, Epoch: 84, Loss: 0.0010, lr: 0.000014, Train: 0.9747, Valid: 0.8781, Test: 0.9132
Run: 07, Epoch: 85, Loss: 0.0010, lr: 0.000014, Train: 0.9748, Valid: 0.8780, Test: 0.9133
Run: 07, Epoch: 86, Loss: 0.0010, lr: 0.000014, Train: 0.9748, Valid: 0.8780, Test: 0.9134
Run: 07, Epoch: 87, Loss: 0.0010, lr: 0.000014, Train: 0.9748, Valid: 0.8779, Test: 0.9135
Run: 07, Epoch: 88, Loss: 0.0010, lr: 0.000014, Train: 0.9748, Valid: 0.8779, Test: 0.9136
Run: 07, Epoch: 89, Loss: 0.0010, lr: 0.000014, Train: 0.9749, Valid: 0.8779, Test: 0.9137
Run: 07, Epoch: 90, Loss: 0.0010, lr: 0.000010, Train: 0.9749, Valid: 0.8779, Test: 0.9137
Run: 07, Epoch: 91, Loss: 0.0010, lr: 0.000010, Train: 0.9749, Valid: 0.8779, Test: 0.9137
Run: 07, Epoch: 92, Loss: 0.0010, lr: 0.000010, Train: 0.9749, Valid: 0.8780, Test: 0.9137
Run: 07, Epoch: 93, Loss: 0.0010, lr: 0.000010, Train: 0.9749, Valid: 0.8780, Test: 0.9138
Run: 07, Epoch: 94, Loss: 0.0010, lr: 0.000010, Train: 0.9750, Valid: 0.8780, Test: 0.9138
Run: 07, Epoch: 95, Loss: 0.0010, lr: 0.000010, Train: 0.9750, Valid: 0.8780, Test: 0.9139
Run: 07, Epoch: 96, Loss: 0.0010, lr: 0.000010, Train: 0.9750, Valid: 0.8780, Test: 0.9139
Run: 07, Epoch: 97, Loss: 0.0010, lr: 0.000010, Train: 0.9750, Valid: 0.8780, Test: 0.9140
Run: 07, Epoch: 98, Loss: 0.0010, lr: 0.000010, Train: 0.9750, Valid: 0.8780, Test: 0.9140
Run: 07, Epoch: 99, Loss: 0.0010, lr: 0.000010, Train: 0.9750, Valid: 0.8780, Test: 0.9141
Run: 07, Epoch: 100, Loss: 0.0010, lr: 0.000010, Train: 0.9751, Valid: 0.8780, Test: 0.9141
Run 07:
Highest Train: 0.98
Highest Valid: 0.88
  Final Train: 0.97
   Final Test: 0.91
Run: 08, Epoch: 01, Loss: 0.0220, lr: 0.001000, Train: 0.5892, Valid: 0.5727, Test: 0.6993
Run: 08, Epoch: 02, Loss: 0.0099, lr: 0.001000, Train: 0.7125, Valid: 0.7193, Test: 0.7773
Run: 08, Epoch: 03, Loss: 0.0061, lr: 0.001000, Train: 0.7740, Valid: 0.7926, Test: 0.7920
Run: 08, Epoch: 04, Loss: 0.0042, lr: 0.001000, Train: 0.7487, Valid: 0.6762, Test: 0.8633
Run: 08, Epoch: 05, Loss: 0.0031, lr: 0.001000, Train: 0.6692, Valid: 0.5275, Test: 0.8155
Run: 08, Epoch: 06, Loss: 0.0029, lr: 0.001000, Train: 0.6530, Valid: 0.4919, Test: 0.7978
Run: 08, Epoch: 07, Loss: 0.0029, lr: 0.001000, Train: 0.6695, Valid: 0.5157, Test: 0.8011
Run: 08, Epoch: 08, Loss: 0.0030, lr: 0.001000, Train: 0.6942, Valid: 0.5562, Test: 0.8103
Run: 08, Epoch: 09, Loss: 0.0029, lr: 0.001000, Train: 0.7146, Valid: 0.5933, Test: 0.8195
Run: 08, Epoch: 10, Loss: 0.0028, lr: 0.000700, Train: 0.7505, Valid: 0.6549, Test: 0.8388
Run: 08, Epoch: 11, Loss: 0.0027, lr: 0.000700, Train: 0.7892, Valid: 0.7168, Test: 0.8596
Run: 08, Epoch: 12, Loss: 0.0025, lr: 0.000700, Train: 0.8296, Valid: 0.7733, Test: 0.8811
Run: 08, Epoch: 13, Loss: 0.0023, lr: 0.000700, Train: 0.8668, Valid: 0.8256, Test: 0.9022
Run: 08, Epoch: 14, Loss: 0.0022, lr: 0.000700, Train: 0.8954, Valid: 0.8684, Test: 0.9202
Run: 08, Epoch: 15, Loss: 0.0021, lr: 0.000700, Train: 0.9151, Valid: 0.9005, Test: 0.9335
Run: 08, Epoch: 16, Loss: 0.0020, lr: 0.000700, Train: 0.9280, Valid: 0.9217, Test: 0.9422
Run: 08, Epoch: 17, Loss: 0.0019, lr: 0.000700, Train: 0.9363, Valid: 0.9333, Test: 0.9476
Run: 08, Epoch: 18, Loss: 0.0017, lr: 0.000700, Train: 0.9408, Valid: 0.9378, Test: 0.9498
Run: 08, Epoch: 19, Loss: 0.0016, lr: 0.000700, Train: 0.9434, Valid: 0.9426, Test: 0.9504
Run: 08, Epoch: 20, Loss: 0.0016, lr: 0.000700, Train: 0.9468, Valid: 0.9495, Test: 0.9513
Run: 08, Epoch: 21, Loss: 0.0015, lr: 0.000700, Train: 0.9496, Valid: 0.9563, Test: 0.9508
Run: 08, Epoch: 22, Loss: 0.0014, lr: 0.000700, Train: 0.9503, Valid: 0.9588, Test: 0.9491
Run: 08, Epoch: 23, Loss: 0.0014, lr: 0.000700, Train: 0.9428, Valid: 0.9526, Test: 0.9445
Run: 08, Epoch: 24, Loss: 0.0014, lr: 0.000700, Train: 0.9347, Valid: 0.9456, Test: 0.9386
Run: 08, Epoch: 25, Loss: 0.0014, lr: 0.000700, Train: 0.9411, Valid: 0.9516, Test: 0.9395
Run: 08, Epoch: 26, Loss: 0.0013, lr: 0.000700, Train: 0.9424, Valid: 0.9526, Test: 0.9392
Run: 08, Epoch: 27, Loss: 0.0013, lr: 0.000700, Train: 0.9371, Valid: 0.9464, Test: 0.9365
Run: 08, Epoch: 28, Loss: 0.0012, lr: 0.000700, Train: 0.9406, Valid: 0.9483, Test: 0.9382
Run: 08, Epoch: 29, Loss: 0.0012, lr: 0.000490, Train: 0.9500, Valid: 0.9561, Test: 0.9428
Run: 08, Epoch: 30, Loss: 0.0012, lr: 0.000490, Train: 0.9571, Valid: 0.9619, Test: 0.9465
Run: 08, Epoch: 31, Loss: 0.0011, lr: 0.000490, Train: 0.9589, Valid: 0.9638, Test: 0.9487
Run: 08, Epoch: 32, Loss: 0.0011, lr: 0.000490, Train: 0.9598, Valid: 0.9647, Test: 0.9507
Run: 08, Epoch: 33, Loss: 0.0011, lr: 0.000490, Train: 0.9626, Valid: 0.9681, Test: 0.9531
Run: 08, Epoch: 34, Loss: 0.0011, lr: 0.000490, Train: 0.9657, Valid: 0.9714, Test: 0.9546
Run: 08, Epoch: 35, Loss: 0.0011, lr: 0.000490, Train: 0.9667, Valid: 0.9721, Test: 0.9552
Run: 08, Epoch: 36, Loss: 0.0011, lr: 0.000490, Train: 0.9676, Valid: 0.9723, Test: 0.9562
Run: 08, Epoch: 37, Loss: 0.0010, lr: 0.000490, Train: 0.9679, Valid: 0.9722, Test: 0.9569
Run: 08, Epoch: 38, Loss: 0.0010, lr: 0.000490, Train: 0.9685, Valid: 0.9722, Test: 0.9572
Run: 08, Epoch: 39, Loss: 0.0010, lr: 0.000490, Train: 0.9694, Valid: 0.9722, Test: 0.9570
Run: 08, Epoch: 40, Loss: 0.0010, lr: 0.000490, Train: 0.9695, Valid: 0.9718, Test: 0.9566
Run: 08, Epoch: 41, Loss: 0.0010, lr: 0.000490, Train: 0.9702, Valid: 0.9721, Test: 0.9572
Run: 08, Epoch: 42, Loss: 0.0010, lr: 0.000490, Train: 0.9708, Valid: 0.9721, Test: 0.9578
Run: 08, Epoch: 43, Loss: 0.0010, lr: 0.000343, Train: 0.9712, Valid: 0.9719, Test: 0.9579
Run: 08, Epoch: 44, Loss: 0.0010, lr: 0.000343, Train: 0.9712, Valid: 0.9711, Test: 0.9576
Run: 08, Epoch: 45, Loss: 0.0009, lr: 0.000343, Train: 0.9710, Valid: 0.9699, Test: 0.9572
Run: 08, Epoch: 46, Loss: 0.0009, lr: 0.000343, Train: 0.9715, Valid: 0.9694, Test: 0.9577
Run: 08, Epoch: 47, Loss: 0.0009, lr: 0.000343, Train: 0.9722, Valid: 0.9696, Test: 0.9586
Run: 08, Epoch: 48, Loss: 0.0009, lr: 0.000343, Train: 0.9724, Valid: 0.9693, Test: 0.9590
Run: 08, Epoch: 49, Loss: 0.0009, lr: 0.000240, Train: 0.9723, Valid: 0.9687, Test: 0.9589
Run: 08, Epoch: 50, Loss: 0.0009, lr: 0.000240, Train: 0.9719, Valid: 0.9679, Test: 0.9585
Run: 08, Epoch: 51, Loss: 0.0009, lr: 0.000240, Train: 0.9719, Valid: 0.9676, Test: 0.9586
Run: 08, Epoch: 52, Loss: 0.0009, lr: 0.000240, Train: 0.9726, Valid: 0.9682, Test: 0.9593
Run: 08, Epoch: 53, Loss: 0.0009, lr: 0.000240, Train: 0.9735, Valid: 0.9689, Test: 0.9602
Run: 08, Epoch: 54, Loss: 0.0009, lr: 0.000240, Train: 0.9740, Valid: 0.9691, Test: 0.9606
Run: 08, Epoch: 55, Loss: 0.0009, lr: 0.000168, Train: 0.9741, Valid: 0.9690, Test: 0.9606
Run: 08, Epoch: 56, Loss: 0.0009, lr: 0.000168, Train: 0.9742, Valid: 0.9686, Test: 0.9604
Run: 08, Epoch: 57, Loss: 0.0009, lr: 0.000168, Train: 0.9743, Valid: 0.9685, Test: 0.9603
Run: 08, Epoch: 58, Loss: 0.0009, lr: 0.000168, Train: 0.9746, Valid: 0.9686, Test: 0.9604
Run: 08, Epoch: 59, Loss: 0.0009, lr: 0.000168, Train: 0.9749, Valid: 0.9688, Test: 0.9607
Run: 08, Epoch: 60, Loss: 0.0009, lr: 0.000168, Train: 0.9753, Valid: 0.9690, Test: 0.9610
Run: 08, Epoch: 61, Loss: 0.0008, lr: 0.000118, Train: 0.9754, Valid: 0.9690, Test: 0.9612
Run: 08, Epoch: 62, Loss: 0.0008, lr: 0.000118, Train: 0.9756, Valid: 0.9690, Test: 0.9612
Run: 08, Epoch: 63, Loss: 0.0008, lr: 0.000118, Train: 0.9756, Valid: 0.9690, Test: 0.9612
Run: 08, Epoch: 64, Loss: 0.0008, lr: 0.000118, Train: 0.9757, Valid: 0.9689, Test: 0.9611
Run: 08, Epoch: 65, Loss: 0.0008, lr: 0.000118, Train: 0.9758, Valid: 0.9689, Test: 0.9612
Run: 08, Epoch: 66, Loss: 0.0008, lr: 0.000118, Train: 0.9759, Valid: 0.9689, Test: 0.9613
Run: 08, Epoch: 67, Loss: 0.0008, lr: 0.000082, Train: 0.9761, Valid: 0.9690, Test: 0.9615
Run: 08, Epoch: 68, Loss: 0.0008, lr: 0.000082, Train: 0.9762, Valid: 0.9690, Test: 0.9617
Run: 08, Epoch: 69, Loss: 0.0008, lr: 0.000082, Train: 0.9763, Valid: 0.9691, Test: 0.9619
Run: 08, Epoch: 70, Loss: 0.0008, lr: 0.000082, Train: 0.9763, Valid: 0.9690, Test: 0.9620
Run: 08, Epoch: 71, Loss: 0.0008, lr: 0.000082, Train: 0.9764, Valid: 0.9690, Test: 0.9620
Run: 08, Epoch: 72, Loss: 0.0008, lr: 0.000082, Train: 0.9764, Valid: 0.9689, Test: 0.9619
Run: 08, Epoch: 73, Loss: 0.0008, lr: 0.000058, Train: 0.9764, Valid: 0.9689, Test: 0.9620
Run: 08, Epoch: 74, Loss: 0.0008, lr: 0.000058, Train: 0.9765, Valid: 0.9689, Test: 0.9620
Run: 08, Epoch: 75, Loss: 0.0008, lr: 0.000058, Train: 0.9766, Valid: 0.9689, Test: 0.9621
Run: 08, Epoch: 76, Loss: 0.0008, lr: 0.000058, Train: 0.9767, Valid: 0.9690, Test: 0.9623
Run: 08, Epoch: 77, Loss: 0.0008, lr: 0.000058, Train: 0.9768, Valid: 0.9691, Test: 0.9624
Run: 08, Epoch: 78, Loss: 0.0008, lr: 0.000058, Train: 0.9768, Valid: 0.9691, Test: 0.9625
Run: 08, Epoch: 79, Loss: 0.0008, lr: 0.000040, Train: 0.9769, Valid: 0.9691, Test: 0.9626
Run: 08, Epoch: 80, Loss: 0.0008, lr: 0.000040, Train: 0.9769, Valid: 0.9692, Test: 0.9627
Run: 08, Epoch: 81, Loss: 0.0008, lr: 0.000040, Train: 0.9770, Valid: 0.9692, Test: 0.9627
Run: 08, Epoch: 82, Loss: 0.0008, lr: 0.000040, Train: 0.9770, Valid: 0.9692, Test: 0.9628
Run: 08, Epoch: 83, Loss: 0.0008, lr: 0.000040, Train: 0.9771, Valid: 0.9693, Test: 0.9628
Run: 08, Epoch: 84, Loss: 0.0008, lr: 0.000040, Train: 0.9771, Valid: 0.9693, Test: 0.9629
Run: 08, Epoch: 85, Loss: 0.0008, lr: 0.000028, Train: 0.9772, Valid: 0.9694, Test: 0.9630
Run: 08, Epoch: 86, Loss: 0.0008, lr: 0.000028, Train: 0.9772, Valid: 0.9694, Test: 0.9631
Run: 08, Epoch: 87, Loss: 0.0008, lr: 0.000028, Train: 0.9773, Valid: 0.9694, Test: 0.9632
Run: 08, Epoch: 88, Loss: 0.0008, lr: 0.000028, Train: 0.9773, Valid: 0.9695, Test: 0.9633
Run: 08, Epoch: 89, Loss: 0.0008, lr: 0.000028, Train: 0.9773, Valid: 0.9695, Test: 0.9634
Run: 08, Epoch: 90, Loss: 0.0008, lr: 0.000028, Train: 0.9774, Valid: 0.9695, Test: 0.9634
Run: 08, Epoch: 91, Loss: 0.0008, lr: 0.000020, Train: 0.9774, Valid: 0.9695, Test: 0.9635
Run: 08, Epoch: 92, Loss: 0.0008, lr: 0.000020, Train: 0.9774, Valid: 0.9695, Test: 0.9635
Run: 08, Epoch: 93, Loss: 0.0008, lr: 0.000020, Train: 0.9775, Valid: 0.9695, Test: 0.9635
Run: 08, Epoch: 94, Loss: 0.0008, lr: 0.000020, Train: 0.9775, Valid: 0.9695, Test: 0.9636
Run: 08, Epoch: 95, Loss: 0.0008, lr: 0.000020, Train: 0.9775, Valid: 0.9695, Test: 0.9636
Run: 08, Epoch: 96, Loss: 0.0008, lr: 0.000020, Train: 0.9775, Valid: 0.9695, Test: 0.9636
Run: 08, Epoch: 97, Loss: 0.0008, lr: 0.000014, Train: 0.9775, Valid: 0.9695, Test: 0.9636
Run: 08, Epoch: 98, Loss: 0.0008, lr: 0.000014, Train: 0.9775, Valid: 0.9695, Test: 0.9637
Run: 08, Epoch: 99, Loss: 0.0008, lr: 0.000014, Train: 0.9775, Valid: 0.9695, Test: 0.9637
Run: 08, Epoch: 100, Loss: 0.0008, lr: 0.000014, Train: 0.9776, Valid: 0.9695, Test: 0.9637
Run 08:
Highest Train: 0.98
Highest Valid: 0.97
  Final Train: 0.97
   Final Test: 0.96
Run: 09, Epoch: 01, Loss: 0.0564, lr: 0.001000, Train: -0.0830, Valid: -0.8861, Test: 0.0133
Run: 09, Epoch: 02, Loss: 0.0147, lr: 0.001000, Train: -0.2653, Valid: -1.2319, Test: -0.2819
Run: 09, Epoch: 03, Loss: 0.0093, lr: 0.001000, Train: -0.1269, Valid: -0.8605, Test: -0.1903
Run: 09, Epoch: 04, Loss: 0.0084, lr: 0.001000, Train: 0.1398, Valid: -0.2524, Test: 0.0950
Run: 09, Epoch: 05, Loss: 0.0072, lr: 0.001000, Train: 0.4336, Valid: 0.2836, Test: 0.4224
Run: 09, Epoch: 06, Loss: 0.0054, lr: 0.001000, Train: 0.6844, Valid: 0.6443, Test: 0.6926
Run: 09, Epoch: 07, Loss: 0.0040, lr: 0.001000, Train: 0.8488, Valid: 0.8294, Test: 0.8541
Run: 09, Epoch: 08, Loss: 0.0033, lr: 0.001000, Train: 0.9098, Valid: 0.8830, Test: 0.9068
Run: 09, Epoch: 09, Loss: 0.0033, lr: 0.001000, Train: 0.9250, Valid: 0.8957, Test: 0.9070
Run: 09, Epoch: 10, Loss: 0.0029, lr: 0.001000, Train: 0.9305, Valid: 0.8936, Test: 0.8964
Run: 09, Epoch: 11, Loss: 0.0028, lr: 0.001000, Train: 0.9337, Valid: 0.8829, Test: 0.8823
Run: 09, Epoch: 12, Loss: 0.0029, lr: 0.001000, Train: 0.9352, Valid: 0.8735, Test: 0.8671
Run: 09, Epoch: 13, Loss: 0.0028, lr: 0.001000, Train: 0.9346, Valid: 0.8682, Test: 0.8564
Run: 09, Epoch: 14, Loss: 0.0026, lr: 0.001000, Train: 0.9333, Valid: 0.8684, Test: 0.8539
Run: 09, Epoch: 15, Loss: 0.0023, lr: 0.001000, Train: 0.9346, Valid: 0.8704, Test: 0.8612
Run: 09, Epoch: 16, Loss: 0.0022, lr: 0.000700, Train: 0.9378, Valid: 0.8719, Test: 0.8732
Run: 09, Epoch: 17, Loss: 0.0021, lr: 0.000700, Train: 0.9408, Valid: 0.8734, Test: 0.8829
Run: 09, Epoch: 18, Loss: 0.0020, lr: 0.000700, Train: 0.9435, Valid: 0.8750, Test: 0.8881
Run: 09, Epoch: 19, Loss: 0.0020, lr: 0.000700, Train: 0.9457, Valid: 0.8774, Test: 0.8888
Run: 09, Epoch: 20, Loss: 0.0019, lr: 0.000700, Train: 0.9478, Valid: 0.8795, Test: 0.8859
Run: 09, Epoch: 21, Loss: 0.0018, lr: 0.000700, Train: 0.9486, Valid: 0.8814, Test: 0.8779
Run: 09, Epoch: 22, Loss: 0.0017, lr: 0.000490, Train: 0.9501, Valid: 0.8831, Test: 0.8747
Run: 09, Epoch: 23, Loss: 0.0016, lr: 0.000490, Train: 0.9525, Valid: 0.8824, Test: 0.8746
Run: 09, Epoch: 24, Loss: 0.0016, lr: 0.000490, Train: 0.9543, Valid: 0.8812, Test: 0.8744
Run: 09, Epoch: 25, Loss: 0.0015, lr: 0.000490, Train: 0.9542, Valid: 0.8811, Test: 0.8705
Run: 09, Epoch: 26, Loss: 0.0014, lr: 0.000490, Train: 0.9507, Valid: 0.8828, Test: 0.8617
Run: 09, Epoch: 27, Loss: 0.0014, lr: 0.000490, Train: 0.9516, Valid: 0.8822, Test: 0.8649
Run: 09, Epoch: 28, Loss: 0.0013, lr: 0.000343, Train: 0.9592, Valid: 0.8795, Test: 0.8816
Run: 09, Epoch: 29, Loss: 0.0013, lr: 0.000343, Train: 0.9642, Valid: 0.8744, Test: 0.8971
Run: 09, Epoch: 30, Loss: 0.0012, lr: 0.000343, Train: 0.9653, Valid: 0.8705, Test: 0.9048
Run: 09, Epoch: 31, Loss: 0.0012, lr: 0.000343, Train: 0.9660, Valid: 0.8695, Test: 0.9076
Run: 09, Epoch: 32, Loss: 0.0012, lr: 0.000343, Train: 0.9671, Valid: 0.8695, Test: 0.9083
Run: 09, Epoch: 33, Loss: 0.0012, lr: 0.000343, Train: 0.9680, Valid: 0.8683, Test: 0.9094
Run: 09, Epoch: 34, Loss: 0.0012, lr: 0.000240, Train: 0.9686, Valid: 0.8657, Test: 0.9105
Run: 09, Epoch: 35, Loss: 0.0011, lr: 0.000240, Train: 0.9690, Valid: 0.8620, Test: 0.9120
Run: 09, Epoch: 36, Loss: 0.0011, lr: 0.000240, Train: 0.9691, Valid: 0.8587, Test: 0.9127
Run: 09, Epoch: 37, Loss: 0.0011, lr: 0.000240, Train: 0.9694, Valid: 0.8565, Test: 0.9123
Run: 09, Epoch: 38, Loss: 0.0011, lr: 0.000240, Train: 0.9698, Valid: 0.8556, Test: 0.9111
Run: 09, Epoch: 39, Loss: 0.0011, lr: 0.000240, Train: 0.9702, Valid: 0.8556, Test: 0.9099
Run: 09, Epoch: 40, Loss: 0.0011, lr: 0.000168, Train: 0.9704, Valid: 0.8562, Test: 0.9099
Run: 09, Epoch: 41, Loss: 0.0011, lr: 0.000168, Train: 0.9704, Valid: 0.8569, Test: 0.9109
Run: 09, Epoch: 42, Loss: 0.0011, lr: 0.000168, Train: 0.9703, Valid: 0.8576, Test: 0.9122
Run: 09, Epoch: 43, Loss: 0.0011, lr: 0.000168, Train: 0.9702, Valid: 0.8584, Test: 0.9132
Run: 09, Epoch: 44, Loss: 0.0011, lr: 0.000168, Train: 0.9703, Valid: 0.8597, Test: 0.9138
Run: 09, Epoch: 45, Loss: 0.0011, lr: 0.000168, Train: 0.9708, Valid: 0.8613, Test: 0.9139
Run: 09, Epoch: 46, Loss: 0.0010, lr: 0.000118, Train: 0.9714, Valid: 0.8628, Test: 0.9138
Run: 09, Epoch: 47, Loss: 0.0010, lr: 0.000118, Train: 0.9719, Valid: 0.8642, Test: 0.9141
Run: 09, Epoch: 48, Loss: 0.0010, lr: 0.000118, Train: 0.9724, Valid: 0.8653, Test: 0.9148
Run: 09, Epoch: 49, Loss: 0.0010, lr: 0.000118, Train: 0.9728, Valid: 0.8660, Test: 0.9156
Run: 09, Epoch: 50, Loss: 0.0010, lr: 0.000118, Train: 0.9732, Valid: 0.8665, Test: 0.9166
Run: 09, Epoch: 51, Loss: 0.0010, lr: 0.000118, Train: 0.9736, Valid: 0.8671, Test: 0.9175
Run: 09, Epoch: 52, Loss: 0.0010, lr: 0.000082, Train: 0.9738, Valid: 0.8678, Test: 0.9179
Run: 09, Epoch: 53, Loss: 0.0010, lr: 0.000082, Train: 0.9741, Valid: 0.8684, Test: 0.9181
Run: 09, Epoch: 54, Loss: 0.0010, lr: 0.000082, Train: 0.9743, Valid: 0.8689, Test: 0.9184
Run: 09, Epoch: 55, Loss: 0.0010, lr: 0.000082, Train: 0.9745, Valid: 0.8694, Test: 0.9187
Run: 09, Epoch: 56, Loss: 0.0010, lr: 0.000082, Train: 0.9746, Valid: 0.8697, Test: 0.9190
Run: 09, Epoch: 57, Loss: 0.0010, lr: 0.000082, Train: 0.9747, Valid: 0.8698, Test: 0.9194
Run: 09, Epoch: 58, Loss: 0.0010, lr: 0.000058, Train: 0.9748, Valid: 0.8696, Test: 0.9196
Run: 09, Epoch: 59, Loss: 0.0010, lr: 0.000058, Train: 0.9749, Valid: 0.8693, Test: 0.9199
Run: 09, Epoch: 60, Loss: 0.0010, lr: 0.000058, Train: 0.9750, Valid: 0.8690, Test: 0.9201
Run: 09, Epoch: 61, Loss: 0.0010, lr: 0.000058, Train: 0.9751, Valid: 0.8685, Test: 0.9202
Run: 09, Epoch: 62, Loss: 0.0010, lr: 0.000058, Train: 0.9751, Valid: 0.8680, Test: 0.9202
Run: 09, Epoch: 63, Loss: 0.0010, lr: 0.000058, Train: 0.9752, Valid: 0.8675, Test: 0.9202
Run: 09, Epoch: 64, Loss: 0.0010, lr: 0.000040, Train: 0.9753, Valid: 0.8672, Test: 0.9200
Run: 09, Epoch: 65, Loss: 0.0010, lr: 0.000040, Train: 0.9754, Valid: 0.8670, Test: 0.9197
Run: 09, Epoch: 66, Loss: 0.0010, lr: 0.000040, Train: 0.9754, Valid: 0.8668, Test: 0.9195
Run: 09, Epoch: 67, Loss: 0.0010, lr: 0.000040, Train: 0.9755, Valid: 0.8667, Test: 0.9192
Run: 09, Epoch: 68, Loss: 0.0010, lr: 0.000040, Train: 0.9756, Valid: 0.8667, Test: 0.9190
Run: 09, Epoch: 69, Loss: 0.0010, lr: 0.000040, Train: 0.9756, Valid: 0.8667, Test: 0.9189
Run: 09, Epoch: 70, Loss: 0.0010, lr: 0.000028, Train: 0.9757, Valid: 0.8667, Test: 0.9189
Run: 09, Epoch: 71, Loss: 0.0010, lr: 0.000028, Train: 0.9757, Valid: 0.8668, Test: 0.9189
Run: 09, Epoch: 72, Loss: 0.0010, lr: 0.000028, Train: 0.9758, Valid: 0.8668, Test: 0.9189
Run: 09, Epoch: 73, Loss: 0.0010, lr: 0.000028, Train: 0.9758, Valid: 0.8669, Test: 0.9190
Run: 09, Epoch: 74, Loss: 0.0010, lr: 0.000028, Train: 0.9759, Valid: 0.8669, Test: 0.9191
Run: 09, Epoch: 75, Loss: 0.0010, lr: 0.000028, Train: 0.9759, Valid: 0.8669, Test: 0.9192
Run: 09, Epoch: 76, Loss: 0.0010, lr: 0.000020, Train: 0.9759, Valid: 0.8668, Test: 0.9192
Run: 09, Epoch: 77, Loss: 0.0010, lr: 0.000020, Train: 0.9759, Valid: 0.8668, Test: 0.9191
Run: 09, Epoch: 78, Loss: 0.0010, lr: 0.000020, Train: 0.9760, Valid: 0.8667, Test: 0.9191
Run: 09, Epoch: 79, Loss: 0.0010, lr: 0.000020, Train: 0.9760, Valid: 0.8667, Test: 0.9190
Run: 09, Epoch: 80, Loss: 0.0010, lr: 0.000020, Train: 0.9760, Valid: 0.8667, Test: 0.9190
Run: 09, Epoch: 81, Loss: 0.0010, lr: 0.000020, Train: 0.9760, Valid: 0.8668, Test: 0.9189
Run: 09, Epoch: 82, Loss: 0.0010, lr: 0.000014, Train: 0.9761, Valid: 0.8668, Test: 0.9189
Run: 09, Epoch: 83, Loss: 0.0010, lr: 0.000014, Train: 0.9761, Valid: 0.8668, Test: 0.9189
Run: 09, Epoch: 84, Loss: 0.0010, lr: 0.000014, Train: 0.9761, Valid: 0.8669, Test: 0.9189
Run: 09, Epoch: 85, Loss: 0.0010, lr: 0.000014, Train: 0.9761, Valid: 0.8668, Test: 0.9189
Run: 09, Epoch: 86, Loss: 0.0010, lr: 0.000014, Train: 0.9761, Valid: 0.8668, Test: 0.9189
Run: 09, Epoch: 87, Loss: 0.0010, lr: 0.000014, Train: 0.9761, Valid: 0.8668, Test: 0.9190
Run: 09, Epoch: 88, Loss: 0.0010, lr: 0.000010, Train: 0.9762, Valid: 0.8668, Test: 0.9190
Run: 09, Epoch: 89, Loss: 0.0010, lr: 0.000010, Train: 0.9762, Valid: 0.8668, Test: 0.9190
Run: 09, Epoch: 90, Loss: 0.0010, lr: 0.000010, Train: 0.9762, Valid: 0.8668, Test: 0.9191
Run: 09, Epoch: 91, Loss: 0.0010, lr: 0.000010, Train: 0.9762, Valid: 0.8668, Test: 0.9191
Run: 09, Epoch: 92, Loss: 0.0010, lr: 0.000010, Train: 0.9762, Valid: 0.8667, Test: 0.9191
Run: 09, Epoch: 93, Loss: 0.0010, lr: 0.000010, Train: 0.9762, Valid: 0.8667, Test: 0.9191
Run: 09, Epoch: 94, Loss: 0.0010, lr: 0.000010, Train: 0.9762, Valid: 0.8667, Test: 0.9191
Run: 09, Epoch: 95, Loss: 0.0010, lr: 0.000010, Train: 0.9762, Valid: 0.8667, Test: 0.9192
Run: 09, Epoch: 96, Loss: 0.0010, lr: 0.000010, Train: 0.9763, Valid: 0.8667, Test: 0.9192
Run: 09, Epoch: 97, Loss: 0.0010, lr: 0.000010, Train: 0.9763, Valid: 0.8667, Test: 0.9192
Run: 09, Epoch: 98, Loss: 0.0010, lr: 0.000010, Train: 0.9763, Valid: 0.8667, Test: 0.9192
Run: 09, Epoch: 99, Loss: 0.0010, lr: 0.000010, Train: 0.9763, Valid: 0.8667, Test: 0.9192
Run: 09, Epoch: 100, Loss: 0.0010, lr: 0.000010, Train: 0.9763, Valid: 0.8667, Test: 0.9192
Run 09:
Highest Train: 0.98
Highest Valid: 0.90
  Final Train: 0.92
   Final Test: 0.91
Run: 10, Epoch: 01, Loss: 0.0717, lr: 0.001000, Train: 0.1855, Valid: -0.1853, Test: -0.0783
Run: 10, Epoch: 02, Loss: 0.0140, lr: 0.001000, Train: -0.1139, Valid: -0.9546, Test: -0.8190
Run: 10, Epoch: 03, Loss: 0.0128, lr: 0.001000, Train: -0.0001, Valid: -0.8443, Test: -0.7653
Run: 10, Epoch: 04, Loss: 0.0108, lr: 0.001000, Train: 0.2438, Valid: -0.3932, Test: -0.3897
Run: 10, Epoch: 05, Loss: 0.0074, lr: 0.001000, Train: 0.4844, Valid: 0.0862, Test: 0.0367
Run: 10, Epoch: 06, Loss: 0.0051, lr: 0.001000, Train: 0.6631, Valid: 0.4350, Test: 0.3670
Run: 10, Epoch: 07, Loss: 0.0041, lr: 0.001000, Train: 0.7731, Valid: 0.6290, Test: 0.5674
Run: 10, Epoch: 08, Loss: 0.0037, lr: 0.001000, Train: 0.8335, Valid: 0.7323, Test: 0.6706
Run: 10, Epoch: 09, Loss: 0.0033, lr: 0.001000, Train: 0.8711, Valid: 0.7920, Test: 0.7277
Run: 10, Epoch: 10, Loss: 0.0028, lr: 0.001000, Train: 0.8982, Valid: 0.8284, Test: 0.7643
Run: 10, Epoch: 11, Loss: 0.0025, lr: 0.001000, Train: 0.9168, Valid: 0.8488, Test: 0.7873
Run: 10, Epoch: 12, Loss: 0.0022, lr: 0.001000, Train: 0.9297, Valid: 0.8599, Test: 0.8064
Run: 10, Epoch: 13, Loss: 0.0021, lr: 0.001000, Train: 0.9346, Valid: 0.8558, Test: 0.8116
Run: 10, Epoch: 14, Loss: 0.0021, lr: 0.001000, Train: 0.9348, Valid: 0.8394, Test: 0.8070
Run: 10, Epoch: 15, Loss: 0.0021, lr: 0.001000, Train: 0.9332, Valid: 0.8225, Test: 0.7977
Run: 10, Epoch: 16, Loss: 0.0020, lr: 0.001000, Train: 0.9331, Valid: 0.8119, Test: 0.7922
Run: 10, Epoch: 17, Loss: 0.0019, lr: 0.001000, Train: 0.9358, Valid: 0.8105, Test: 0.7948
Run: 10, Epoch: 18, Loss: 0.0018, lr: 0.001000, Train: 0.9411, Valid: 0.8176, Test: 0.8059
Run: 10, Epoch: 19, Loss: 0.0017, lr: 0.000700, Train: 0.9463, Valid: 0.8299, Test: 0.8201
Run: 10, Epoch: 20, Loss: 0.0017, lr: 0.000700, Train: 0.9490, Valid: 0.8438, Test: 0.8303
Run: 10, Epoch: 21, Loss: 0.0017, lr: 0.000700, Train: 0.9488, Valid: 0.8547, Test: 0.8335
Run: 10, Epoch: 22, Loss: 0.0016, lr: 0.000700, Train: 0.9475, Valid: 0.8605, Test: 0.8316
Run: 10, Epoch: 23, Loss: 0.0016, lr: 0.000700, Train: 0.9485, Valid: 0.8682, Test: 0.8340
Run: 10, Epoch: 24, Loss: 0.0015, lr: 0.000700, Train: 0.9525, Valid: 0.8782, Test: 0.8419
Run: 10, Epoch: 25, Loss: 0.0015, lr: 0.000700, Train: 0.9562, Valid: 0.8860, Test: 0.8482
Run: 10, Epoch: 26, Loss: 0.0015, lr: 0.000700, Train: 0.9584, Valid: 0.8892, Test: 0.8497
Run: 10, Epoch: 27, Loss: 0.0014, lr: 0.000700, Train: 0.9590, Valid: 0.8866, Test: 0.8461
Run: 10, Epoch: 28, Loss: 0.0014, lr: 0.000700, Train: 0.9591, Valid: 0.8825, Test: 0.8422
Run: 10, Epoch: 29, Loss: 0.0014, lr: 0.000700, Train: 0.9602, Valid: 0.8824, Test: 0.8425
Run: 10, Epoch: 30, Loss: 0.0014, lr: 0.000700, Train: 0.9623, Valid: 0.8870, Test: 0.8484
Run: 10, Epoch: 31, Loss: 0.0013, lr: 0.000700, Train: 0.9637, Valid: 0.8922, Test: 0.8546
Run: 10, Epoch: 32, Loss: 0.0013, lr: 0.000700, Train: 0.9644, Valid: 0.8945, Test: 0.8578
Run: 10, Epoch: 33, Loss: 0.0013, lr: 0.000700, Train: 0.9645, Valid: 0.8937, Test: 0.8573
Run: 10, Epoch: 34, Loss: 0.0013, lr: 0.000700, Train: 0.9643, Valid: 0.8927, Test: 0.8568
Run: 10, Epoch: 35, Loss: 0.0013, lr: 0.000700, Train: 0.9648, Valid: 0.8962, Test: 0.8613
Run: 10, Epoch: 36, Loss: 0.0012, lr: 0.000700, Train: 0.9663, Valid: 0.9042, Test: 0.8698
Run: 10, Epoch: 37, Loss: 0.0012, lr: 0.000700, Train: 0.9673, Valid: 0.9093, Test: 0.8748
Run: 10, Epoch: 38, Loss: 0.0012, lr: 0.000700, Train: 0.9678, Valid: 0.9090, Test: 0.8738
Run: 10, Epoch: 39, Loss: 0.0012, lr: 0.000700, Train: 0.9680, Valid: 0.9059, Test: 0.8703
Run: 10, Epoch: 40, Loss: 0.0012, lr: 0.000700, Train: 0.9683, Valid: 0.9055, Test: 0.8703
Run: 10, Epoch: 41, Loss: 0.0012, lr: 0.000700, Train: 0.9690, Valid: 0.9098, Test: 0.8757
Run: 10, Epoch: 42, Loss: 0.0011, lr: 0.000700, Train: 0.9695, Valid: 0.9167, Test: 0.8834
Run: 10, Epoch: 43, Loss: 0.0011, lr: 0.000700, Train: 0.9703, Valid: 0.9212, Test: 0.8884
Run: 10, Epoch: 44, Loss: 0.0011, lr: 0.000700, Train: 0.9710, Valid: 0.9230, Test: 0.8894
Run: 10, Epoch: 45, Loss: 0.0011, lr: 0.000700, Train: 0.9713, Valid: 0.9257, Test: 0.8915
Run: 10, Epoch: 46, Loss: 0.0011, lr: 0.000700, Train: 0.9721, Valid: 0.9314, Test: 0.8978
Run: 10, Epoch: 47, Loss: 0.0011, lr: 0.000700, Train: 0.9727, Valid: 0.9367, Test: 0.9038
Run: 10, Epoch: 48, Loss: 0.0011, lr: 0.000700, Train: 0.9733, Valid: 0.9364, Test: 0.9046
Run: 10, Epoch: 49, Loss: 0.0010, lr: 0.000700, Train: 0.9738, Valid: 0.9325, Test: 0.9018
Run: 10, Epoch: 50, Loss: 0.0010, lr: 0.000700, Train: 0.9743, Valid: 0.9330, Test: 0.9035
Run: 10, Epoch: 51, Loss: 0.0010, lr: 0.000700, Train: 0.9746, Valid: 0.9366, Test: 0.9081
Run: 10, Epoch: 52, Loss: 0.0010, lr: 0.000700, Train: 0.9749, Valid: 0.9368, Test: 0.9092
Run: 10, Epoch: 53, Loss: 0.0010, lr: 0.000700, Train: 0.9754, Valid: 0.9345, Test: 0.9077
Run: 10, Epoch: 54, Loss: 0.0010, lr: 0.000490, Train: 0.9757, Valid: 0.9345, Test: 0.9085
Run: 10, Epoch: 55, Loss: 0.0010, lr: 0.000490, Train: 0.9759, Valid: 0.9363, Test: 0.9112
Run: 10, Epoch: 56, Loss: 0.0010, lr: 0.000490, Train: 0.9760, Valid: 0.9384, Test: 0.9142
Run: 10, Epoch: 57, Loss: 0.0010, lr: 0.000490, Train: 0.9762, Valid: 0.9389, Test: 0.9161
Run: 10, Epoch: 58, Loss: 0.0010, lr: 0.000490, Train: 0.9766, Valid: 0.9377, Test: 0.9165
Run: 10, Epoch: 59, Loss: 0.0010, lr: 0.000490, Train: 0.9769, Valid: 0.9366, Test: 0.9166
Run: 10, Epoch: 60, Loss: 0.0009, lr: 0.000490, Train: 0.9771, Valid: 0.9362, Test: 0.9174
Run: 10, Epoch: 61, Loss: 0.0009, lr: 0.000490, Train: 0.9773, Valid: 0.9360, Test: 0.9187
Run: 10, Epoch: 62, Loss: 0.0009, lr: 0.000490, Train: 0.9774, Valid: 0.9351, Test: 0.9193
Run: 10, Epoch: 63, Loss: 0.0009, lr: 0.000490, Train: 0.9776, Valid: 0.9336, Test: 0.9189
Run: 10, Epoch: 64, Loss: 0.0009, lr: 0.000343, Train: 0.9777, Valid: 0.9335, Test: 0.9193
Run: 10, Epoch: 65, Loss: 0.0009, lr: 0.000343, Train: 0.9778, Valid: 0.9340, Test: 0.9201
Run: 10, Epoch: 66, Loss: 0.0009, lr: 0.000343, Train: 0.9780, Valid: 0.9351, Test: 0.9209
Run: 10, Epoch: 67, Loss: 0.0009, lr: 0.000343, Train: 0.9781, Valid: 0.9361, Test: 0.9212
Run: 10, Epoch: 68, Loss: 0.0009, lr: 0.000343, Train: 0.9782, Valid: 0.9368, Test: 0.9212
Run: 10, Epoch: 69, Loss: 0.0009, lr: 0.000343, Train: 0.9783, Valid: 0.9373, Test: 0.9210
Run: 10, Epoch: 70, Loss: 0.0009, lr: 0.000240, Train: 0.9784, Valid: 0.9377, Test: 0.9213
Run: 10, Epoch: 71, Loss: 0.0009, lr: 0.000240, Train: 0.9785, Valid: 0.9381, Test: 0.9216
Run: 10, Epoch: 72, Loss: 0.0009, lr: 0.000240, Train: 0.9785, Valid: 0.9389, Test: 0.9220
Run: 10, Epoch: 73, Loss: 0.0009, lr: 0.000240, Train: 0.9786, Valid: 0.9396, Test: 0.9224
Run: 10, Epoch: 74, Loss: 0.0009, lr: 0.000240, Train: 0.9786, Valid: 0.9400, Test: 0.9223
Run: 10, Epoch: 75, Loss: 0.0009, lr: 0.000240, Train: 0.9787, Valid: 0.9401, Test: 0.9219
Run: 10, Epoch: 76, Loss: 0.0009, lr: 0.000240, Train: 0.9788, Valid: 0.9402, Test: 0.9215
Run: 10, Epoch: 77, Loss: 0.0009, lr: 0.000240, Train: 0.9788, Valid: 0.9407, Test: 0.9215
Run: 10, Epoch: 78, Loss: 0.0009, lr: 0.000240, Train: 0.9789, Valid: 0.9412, Test: 0.9217
Run: 10, Epoch: 79, Loss: 0.0009, lr: 0.000240, Train: 0.9789, Valid: 0.9420, Test: 0.9221
Run: 10, Epoch: 80, Loss: 0.0009, lr: 0.000240, Train: 0.9790, Valid: 0.9431, Test: 0.9227
Run: 10, Epoch: 81, Loss: 0.0009, lr: 0.000240, Train: 0.9791, Valid: 0.9438, Test: 0.9231
Run: 10, Epoch: 82, Loss: 0.0009, lr: 0.000240, Train: 0.9792, Valid: 0.9442, Test: 0.9232
Run: 10, Epoch: 83, Loss: 0.0009, lr: 0.000240, Train: 0.9792, Valid: 0.9444, Test: 0.9231
Run: 10, Epoch: 84, Loss: 0.0009, lr: 0.000240, Train: 0.9793, Valid: 0.9446, Test: 0.9230
Run: 10, Epoch: 85, Loss: 0.0009, lr: 0.000240, Train: 0.9794, Valid: 0.9446, Test: 0.9228
Run: 10, Epoch: 86, Loss: 0.0009, lr: 0.000240, Train: 0.9794, Valid: 0.9447, Test: 0.9226
Run: 10, Epoch: 87, Loss: 0.0009, lr: 0.000240, Train: 0.9795, Valid: 0.9444, Test: 0.9224
Run: 10, Epoch: 88, Loss: 0.0009, lr: 0.000240, Train: 0.9796, Valid: 0.9442, Test: 0.9224
Run: 10, Epoch: 89, Loss: 0.0009, lr: 0.000240, Train: 0.9797, Valid: 0.9443, Test: 0.9228
Run: 10, Epoch: 90, Loss: 0.0009, lr: 0.000240, Train: 0.9797, Valid: 0.9447, Test: 0.9231
Run: 10, Epoch: 91, Loss: 0.0008, lr: 0.000240, Train: 0.9797, Valid: 0.9453, Test: 0.9234
Run: 10, Epoch: 92, Loss: 0.0008, lr: 0.000240, Train: 0.9798, Valid: 0.9456, Test: 0.9232
Run: 10, Epoch: 93, Loss: 0.0008, lr: 0.000240, Train: 0.9799, Valid: 0.9458, Test: 0.9227
Run: 10, Epoch: 94, Loss: 0.0008, lr: 0.000240, Train: 0.9799, Valid: 0.9457, Test: 0.9220
Run: 10, Epoch: 95, Loss: 0.0008, lr: 0.000240, Train: 0.9800, Valid: 0.9454, Test: 0.9216
Run: 10, Epoch: 96, Loss: 0.0008, lr: 0.000240, Train: 0.9800, Valid: 0.9454, Test: 0.9217
Run: 10, Epoch: 97, Loss: 0.0008, lr: 0.000240, Train: 0.9801, Valid: 0.9454, Test: 0.9222
Run: 10, Epoch: 98, Loss: 0.0008, lr: 0.000240, Train: 0.9801, Valid: 0.9457, Test: 0.9225
Run: 10, Epoch: 99, Loss: 0.0008, lr: 0.000240, Train: 0.9802, Valid: 0.9462, Test: 0.9226
Run: 10, Epoch: 100, Loss: 0.0008, lr: 0.000240, Train: 0.9802, Valid: 0.9463, Test: 0.9222
Run 10:
Highest Train: 0.98
Highest Valid: 0.95
  Final Train: 0.98
   Final Test: 0.92
All runs:
Highest Train: 0.98  0.00
Highest Valid: 0.92  0.04
  Final Train: 0.95  0.05
   Final Test: 0.92  0.04
