Namespace(conv_layers=3, device=0, dropout=0.0, epochs=100, hidden_dim=256, log_steps=1, lr=0.001, method='gcn', mlp_layers=2, runs=10, subset='physics')
Run: 01, Epoch: 01, Loss: 0.0330, lr: 0.001000, Train: -0.8443, Valid: -0.1937, Test: -1.3354
Run: 01, Epoch: 02, Loss: 0.0123, lr: 0.001000, Train: -0.9441, Valid: -0.0759, Test: -1.4905
Run: 01, Epoch: 03, Loss: 0.0125, lr: 0.001000, Train: -0.4589, Valid: 0.2265, Test: -0.8858
Run: 01, Epoch: 04, Loss: 0.0085, lr: 0.001000, Train: 0.1280, Valid: 0.4904, Test: -0.1227
Run: 01, Epoch: 05, Loss: 0.0058, lr: 0.001000, Train: 0.5226, Valid: 0.6785, Test: 0.3814
Run: 01, Epoch: 06, Loss: 0.0040, lr: 0.001000, Train: 0.7595, Valid: 0.8146, Test: 0.6654
Run: 01, Epoch: 07, Loss: 0.0029, lr: 0.001000, Train: 0.8603, Valid: 0.8906, Test: 0.7779
Run: 01, Epoch: 08, Loss: 0.0031, lr: 0.001000, Train: 0.8804, Valid: 0.9077, Test: 0.7857
Run: 01, Epoch: 09, Loss: 0.0034, lr: 0.001000, Train: 0.8777, Valid: 0.8945, Test: 0.7572
Run: 01, Epoch: 10, Loss: 0.0031, lr: 0.001000, Train: 0.8531, Valid: 0.8652, Test: 0.7048
Run: 01, Epoch: 11, Loss: 0.0025, lr: 0.001000, Train: 0.8156, Valid: 0.8381, Test: 0.6439
Run: 01, Epoch: 12, Loss: 0.0021, lr: 0.001000, Train: 0.7960, Valid: 0.8255, Test: 0.6211
Run: 01, Epoch: 13, Loss: 0.0019, lr: 0.001000, Train: 0.8072, Valid: 0.8305, Test: 0.6479
Run: 01, Epoch: 14, Loss: 0.0018, lr: 0.001000, Train: 0.8383, Valid: 0.8457, Test: 0.7068
Run: 01, Epoch: 15, Loss: 0.0017, lr: 0.000700, Train: 0.8727, Valid: 0.8635, Test: 0.7655
Run: 01, Epoch: 16, Loss: 0.0017, lr: 0.000700, Train: 0.9028, Valid: 0.8808, Test: 0.8155
Run: 01, Epoch: 17, Loss: 0.0017, lr: 0.000700, Train: 0.9261, Valid: 0.8968, Test: 0.8506
Run: 01, Epoch: 18, Loss: 0.0016, lr: 0.000700, Train: 0.9417, Valid: 0.9117, Test: 0.8743
Run: 01, Epoch: 19, Loss: 0.0015, lr: 0.000700, Train: 0.9503, Valid: 0.9241, Test: 0.8904
Run: 01, Epoch: 20, Loss: 0.0014, lr: 0.000700, Train: 0.9542, Valid: 0.9334, Test: 0.9009
Run: 01, Epoch: 21, Loss: 0.0014, lr: 0.000700, Train: 0.9559, Valid: 0.9402, Test: 0.9068
Run: 01, Epoch: 22, Loss: 0.0013, lr: 0.000700, Train: 0.9570, Valid: 0.9451, Test: 0.9096
Run: 01, Epoch: 23, Loss: 0.0012, lr: 0.000700, Train: 0.9581, Valid: 0.9486, Test: 0.9105
Run: 01, Epoch: 24, Loss: 0.0012, lr: 0.000700, Train: 0.9594, Valid: 0.9512, Test: 0.9100
Run: 01, Epoch: 25, Loss: 0.0011, lr: 0.000700, Train: 0.9608, Valid: 0.9529, Test: 0.9091
Run: 01, Epoch: 26, Loss: 0.0011, lr: 0.000700, Train: 0.9624, Valid: 0.9535, Test: 0.9091
Run: 01, Epoch: 27, Loss: 0.0010, lr: 0.000700, Train: 0.9642, Valid: 0.9547, Test: 0.9098
Run: 01, Epoch: 28, Loss: 0.0010, lr: 0.000700, Train: 0.9660, Valid: 0.9558, Test: 0.9103
Run: 01, Epoch: 29, Loss: 0.0010, lr: 0.000700, Train: 0.9674, Valid: 0.9572, Test: 0.9093
Run: 01, Epoch: 30, Loss: 0.0010, lr: 0.000700, Train: 0.9684, Valid: 0.9587, Test: 0.9080
Run: 01, Epoch: 31, Loss: 0.0010, lr: 0.000700, Train: 0.9691, Valid: 0.9600, Test: 0.9070
Run: 01, Epoch: 32, Loss: 0.0010, lr: 0.000700, Train: 0.9697, Valid: 0.9607, Test: 0.9074
Run: 01, Epoch: 33, Loss: 0.0009, lr: 0.000700, Train: 0.9703, Valid: 0.9607, Test: 0.9091
Run: 01, Epoch: 34, Loss: 0.0009, lr: 0.000700, Train: 0.9708, Valid: 0.9597, Test: 0.9112
Run: 01, Epoch: 35, Loss: 0.0009, lr: 0.000700, Train: 0.9708, Valid: 0.9572, Test: 0.9124
Run: 01, Epoch: 36, Loss: 0.0008, lr: 0.000700, Train: 0.9701, Valid: 0.9541, Test: 0.9116
Run: 01, Epoch: 37, Loss: 0.0008, lr: 0.000700, Train: 0.9687, Valid: 0.9502, Test: 0.9084
Run: 01, Epoch: 38, Loss: 0.0008, lr: 0.000700, Train: 0.9670, Valid: 0.9458, Test: 0.9042
Run: 01, Epoch: 39, Loss: 0.0008, lr: 0.000490, Train: 0.9667, Valid: 0.9439, Test: 0.9023
Run: 01, Epoch: 40, Loss: 0.0008, lr: 0.000490, Train: 0.9671, Valid: 0.9428, Test: 0.9015
Run: 01, Epoch: 41, Loss: 0.0008, lr: 0.000490, Train: 0.9682, Valid: 0.9426, Test: 0.9020
Run: 01, Epoch: 42, Loss: 0.0007, lr: 0.000490, Train: 0.9698, Valid: 0.9433, Test: 0.9036
Run: 01, Epoch: 43, Loss: 0.0007, lr: 0.000490, Train: 0.9715, Valid: 0.9447, Test: 0.9058
Run: 01, Epoch: 44, Loss: 0.0007, lr: 0.000490, Train: 0.9731, Valid: 0.9465, Test: 0.9081
Run: 01, Epoch: 45, Loss: 0.0007, lr: 0.000343, Train: 0.9742, Valid: 0.9483, Test: 0.9099
Run: 01, Epoch: 46, Loss: 0.0007, lr: 0.000343, Train: 0.9751, Valid: 0.9500, Test: 0.9113
Run: 01, Epoch: 47, Loss: 0.0007, lr: 0.000343, Train: 0.9758, Valid: 0.9517, Test: 0.9124
Run: 01, Epoch: 48, Loss: 0.0007, lr: 0.000343, Train: 0.9763, Valid: 0.9532, Test: 0.9133
Run: 01, Epoch: 49, Loss: 0.0007, lr: 0.000343, Train: 0.9768, Valid: 0.9546, Test: 0.9141
Run: 01, Epoch: 50, Loss: 0.0007, lr: 0.000343, Train: 0.9772, Valid: 0.9558, Test: 0.9148
Run: 01, Epoch: 51, Loss: 0.0007, lr: 0.000240, Train: 0.9774, Valid: 0.9568, Test: 0.9152
Run: 01, Epoch: 52, Loss: 0.0007, lr: 0.000240, Train: 0.9777, Valid: 0.9577, Test: 0.9156
Run: 01, Epoch: 53, Loss: 0.0007, lr: 0.000240, Train: 0.9779, Valid: 0.9586, Test: 0.9159
Run: 01, Epoch: 54, Loss: 0.0007, lr: 0.000240, Train: 0.9781, Valid: 0.9594, Test: 0.9162
Run: 01, Epoch: 55, Loss: 0.0007, lr: 0.000240, Train: 0.9783, Valid: 0.9602, Test: 0.9165
Run: 01, Epoch: 56, Loss: 0.0007, lr: 0.000240, Train: 0.9785, Valid: 0.9609, Test: 0.9167
Run: 01, Epoch: 57, Loss: 0.0006, lr: 0.000240, Train: 0.9786, Valid: 0.9615, Test: 0.9170
Run: 01, Epoch: 58, Loss: 0.0006, lr: 0.000240, Train: 0.9788, Valid: 0.9621, Test: 0.9172
Run: 01, Epoch: 59, Loss: 0.0006, lr: 0.000240, Train: 0.9789, Valid: 0.9626, Test: 0.9174
Run: 01, Epoch: 60, Loss: 0.0006, lr: 0.000240, Train: 0.9790, Valid: 0.9630, Test: 0.9176
Run: 01, Epoch: 61, Loss: 0.0006, lr: 0.000240, Train: 0.9791, Valid: 0.9633, Test: 0.9178
Run: 01, Epoch: 62, Loss: 0.0006, lr: 0.000240, Train: 0.9792, Valid: 0.9635, Test: 0.9181
Run: 01, Epoch: 63, Loss: 0.0006, lr: 0.000240, Train: 0.9793, Valid: 0.9637, Test: 0.9183
Run: 01, Epoch: 64, Loss: 0.0006, lr: 0.000240, Train: 0.9795, Valid: 0.9637, Test: 0.9186
Run: 01, Epoch: 65, Loss: 0.0006, lr: 0.000240, Train: 0.9796, Valid: 0.9638, Test: 0.9188
Run: 01, Epoch: 66, Loss: 0.0006, lr: 0.000240, Train: 0.9797, Valid: 0.9637, Test: 0.9190
Run: 01, Epoch: 67, Loss: 0.0006, lr: 0.000240, Train: 0.9798, Valid: 0.9637, Test: 0.9191
Run: 01, Epoch: 68, Loss: 0.0006, lr: 0.000240, Train: 0.9800, Valid: 0.9636, Test: 0.9192
Run: 01, Epoch: 69, Loss: 0.0006, lr: 0.000240, Train: 0.9801, Valid: 0.9636, Test: 0.9193
Run: 01, Epoch: 70, Loss: 0.0006, lr: 0.000168, Train: 0.9802, Valid: 0.9636, Test: 0.9194
Run: 01, Epoch: 71, Loss: 0.0006, lr: 0.000168, Train: 0.9803, Valid: 0.9636, Test: 0.9195
Run: 01, Epoch: 72, Loss: 0.0006, lr: 0.000168, Train: 0.9804, Valid: 0.9637, Test: 0.9196
Run: 01, Epoch: 73, Loss: 0.0006, lr: 0.000168, Train: 0.9805, Valid: 0.9638, Test: 0.9197
Run: 01, Epoch: 74, Loss: 0.0006, lr: 0.000168, Train: 0.9805, Valid: 0.9639, Test: 0.9198
Run: 01, Epoch: 75, Loss: 0.0006, lr: 0.000168, Train: 0.9806, Valid: 0.9640, Test: 0.9199
Run: 01, Epoch: 76, Loss: 0.0006, lr: 0.000168, Train: 0.9807, Valid: 0.9642, Test: 0.9200
Run: 01, Epoch: 77, Loss: 0.0006, lr: 0.000168, Train: 0.9808, Valid: 0.9643, Test: 0.9201
Run: 01, Epoch: 78, Loss: 0.0006, lr: 0.000168, Train: 0.9809, Valid: 0.9645, Test: 0.9202
Run: 01, Epoch: 79, Loss: 0.0006, lr: 0.000168, Train: 0.9810, Valid: 0.9646, Test: 0.9203
Run: 01, Epoch: 80, Loss: 0.0006, lr: 0.000168, Train: 0.9810, Valid: 0.9647, Test: 0.9204
Run: 01, Epoch: 81, Loss: 0.0006, lr: 0.000168, Train: 0.9811, Valid: 0.9648, Test: 0.9205
Run: 01, Epoch: 82, Loss: 0.0006, lr: 0.000168, Train: 0.9812, Valid: 0.9649, Test: 0.9205
Run: 01, Epoch: 83, Loss: 0.0006, lr: 0.000168, Train: 0.9813, Valid: 0.9650, Test: 0.9206
Run: 01, Epoch: 84, Loss: 0.0006, lr: 0.000168, Train: 0.9813, Valid: 0.9650, Test: 0.9207
Run: 01, Epoch: 85, Loss: 0.0006, lr: 0.000168, Train: 0.9814, Valid: 0.9650, Test: 0.9207
Run: 01, Epoch: 86, Loss: 0.0006, lr: 0.000168, Train: 0.9815, Valid: 0.9650, Test: 0.9207
Run: 01, Epoch: 87, Loss: 0.0006, lr: 0.000168, Train: 0.9815, Valid: 0.9649, Test: 0.9208
Run: 01, Epoch: 88, Loss: 0.0006, lr: 0.000168, Train: 0.9816, Valid: 0.9649, Test: 0.9208
Run: 01, Epoch: 89, Loss: 0.0006, lr: 0.000168, Train: 0.9817, Valid: 0.9649, Test: 0.9208
Run: 01, Epoch: 90, Loss: 0.0006, lr: 0.000118, Train: 0.9817, Valid: 0.9649, Test: 0.9208
Run: 01, Epoch: 91, Loss: 0.0006, lr: 0.000118, Train: 0.9818, Valid: 0.9650, Test: 0.9209
Run: 01, Epoch: 92, Loss: 0.0006, lr: 0.000118, Train: 0.9818, Valid: 0.9650, Test: 0.9209
Run: 01, Epoch: 93, Loss: 0.0006, lr: 0.000118, Train: 0.9819, Valid: 0.9651, Test: 0.9209
Run: 01, Epoch: 94, Loss: 0.0006, lr: 0.000118, Train: 0.9819, Valid: 0.9652, Test: 0.9210
Run: 01, Epoch: 95, Loss: 0.0006, lr: 0.000118, Train: 0.9819, Valid: 0.9652, Test: 0.9211
Run: 01, Epoch: 96, Loss: 0.0006, lr: 0.000118, Train: 0.9820, Valid: 0.9653, Test: 0.9211
Run: 01, Epoch: 97, Loss: 0.0006, lr: 0.000118, Train: 0.9820, Valid: 0.9654, Test: 0.9212
Run: 01, Epoch: 98, Loss: 0.0005, lr: 0.000118, Train: 0.9821, Valid: 0.9654, Test: 0.9213
Run: 01, Epoch: 99, Loss: 0.0005, lr: 0.000118, Train: 0.9821, Valid: 0.9655, Test: 0.9215
Run: 01, Epoch: 100, Loss: 0.0005, lr: 0.000118, Train: 0.9822, Valid: 0.9655, Test: 0.9216
Run 01:
Highest Train: 0.98
Highest Valid: 0.97
  Final Train: 0.98
   Final Test: 0.92
Run: 02, Epoch: 01, Loss: 0.0321, lr: 0.001000, Train: -0.6926, Valid: -0.9557, Test: -0.4775
Run: 02, Epoch: 02, Loss: 0.0081, lr: 0.001000, Train: -0.4751, Valid: -0.9731, Test: -0.3220
Run: 02, Epoch: 03, Loss: 0.0082, lr: 0.001000, Train: 0.0469, Valid: -0.4088, Test: 0.1266
Run: 02, Epoch: 04, Loss: 0.0054, lr: 0.001000, Train: 0.5651, Valid: 0.2599, Test: 0.5700
Run: 02, Epoch: 05, Loss: 0.0028, lr: 0.001000, Train: 0.8481, Valid: 0.6759, Test: 0.8031
Run: 02, Epoch: 06, Loss: 0.0025, lr: 0.001000, Train: 0.8386, Valid: 0.7130, Test: 0.8004
Run: 02, Epoch: 07, Loss: 0.0030, lr: 0.001000, Train: 0.8811, Valid: 0.7599, Test: 0.8443
Run: 02, Epoch: 08, Loss: 0.0024, lr: 0.001000, Train: 0.8873, Valid: 0.7360, Test: 0.8668
Run: 02, Epoch: 09, Loss: 0.0019, lr: 0.001000, Train: 0.8387, Valid: 0.6510, Test: 0.8404
Run: 02, Epoch: 10, Loss: 0.0019, lr: 0.001000, Train: 0.8054, Valid: 0.6040, Test: 0.8185
Run: 02, Epoch: 11, Loss: 0.0020, lr: 0.001000, Train: 0.8197, Valid: 0.6379, Test: 0.8311
Run: 02, Epoch: 12, Loss: 0.0018, lr: 0.001000, Train: 0.8703, Valid: 0.7329, Test: 0.8724
Run: 02, Epoch: 13, Loss: 0.0016, lr: 0.001000, Train: 0.9200, Valid: 0.8270, Test: 0.9132
Run: 02, Epoch: 14, Loss: 0.0014, lr: 0.001000, Train: 0.9310, Valid: 0.8665, Test: 0.9231
Run: 02, Epoch: 15, Loss: 0.0013, lr: 0.001000, Train: 0.9062, Valid: 0.8615, Test: 0.9073
Run: 02, Epoch: 16, Loss: 0.0013, lr: 0.001000, Train: 0.9110, Valid: 0.8738, Test: 0.9144
Run: 02, Epoch: 17, Loss: 0.0012, lr: 0.001000, Train: 0.9380, Valid: 0.8926, Test: 0.9386
Run: 02, Epoch: 18, Loss: 0.0011, lr: 0.001000, Train: 0.9484, Valid: 0.8932, Test: 0.9502
Run: 02, Epoch: 19, Loss: 0.0011, lr: 0.001000, Train: 0.9523, Valid: 0.8949, Test: 0.9541
Run: 02, Epoch: 20, Loss: 0.0011, lr: 0.001000, Train: 0.9579, Valid: 0.9063, Test: 0.9570
Run: 02, Epoch: 21, Loss: 0.0010, lr: 0.001000, Train: 0.9609, Valid: 0.9175, Test: 0.9581
Run: 02, Epoch: 22, Loss: 0.0010, lr: 0.001000, Train: 0.9615, Valid: 0.9202, Test: 0.9597
Run: 02, Epoch: 23, Loss: 0.0010, lr: 0.001000, Train: 0.9653, Valid: 0.9139, Test: 0.9657
Run: 02, Epoch: 24, Loss: 0.0009, lr: 0.001000, Train: 0.9678, Valid: 0.8979, Test: 0.9693
Run: 02, Epoch: 25, Loss: 0.0009, lr: 0.001000, Train: 0.9637, Valid: 0.8774, Test: 0.9649
Run: 02, Epoch: 26, Loss: 0.0009, lr: 0.001000, Train: 0.9597, Valid: 0.8652, Test: 0.9597
Run: 02, Epoch: 27, Loss: 0.0009, lr: 0.001000, Train: 0.9625, Valid: 0.8697, Test: 0.9598
Run: 02, Epoch: 28, Loss: 0.0008, lr: 0.001000, Train: 0.9693, Valid: 0.8854, Test: 0.9636
Run: 02, Epoch: 29, Loss: 0.0008, lr: 0.000700, Train: 0.9731, Valid: 0.8968, Test: 0.9658
Run: 02, Epoch: 30, Loss: 0.0008, lr: 0.000700, Train: 0.9751, Valid: 0.9039, Test: 0.9670
Run: 02, Epoch: 31, Loss: 0.0008, lr: 0.000700, Train: 0.9762, Valid: 0.9059, Test: 0.9681
Run: 02, Epoch: 32, Loss: 0.0007, lr: 0.000700, Train: 0.9766, Valid: 0.9047, Test: 0.9693
Run: 02, Epoch: 33, Loss: 0.0007, lr: 0.000700, Train: 0.9767, Valid: 0.9034, Test: 0.9700
Run: 02, Epoch: 34, Loss: 0.0007, lr: 0.000700, Train: 0.9770, Valid: 0.9047, Test: 0.9701
Run: 02, Epoch: 35, Loss: 0.0007, lr: 0.000490, Train: 0.9779, Valid: 0.9083, Test: 0.9698
Run: 02, Epoch: 36, Loss: 0.0007, lr: 0.000490, Train: 0.9788, Valid: 0.9129, Test: 0.9687
Run: 02, Epoch: 37, Loss: 0.0007, lr: 0.000490, Train: 0.9795, Valid: 0.9170, Test: 0.9672
Run: 02, Epoch: 38, Loss: 0.0007, lr: 0.000490, Train: 0.9798, Valid: 0.9190, Test: 0.9658
Run: 02, Epoch: 39, Loss: 0.0006, lr: 0.000490, Train: 0.9802, Valid: 0.9189, Test: 0.9650
Run: 02, Epoch: 40, Loss: 0.0006, lr: 0.000490, Train: 0.9806, Valid: 0.9168, Test: 0.9650
Run: 02, Epoch: 41, Loss: 0.0006, lr: 0.000343, Train: 0.9808, Valid: 0.9152, Test: 0.9648
Run: 02, Epoch: 42, Loss: 0.0006, lr: 0.000343, Train: 0.9809, Valid: 0.9140, Test: 0.9645
Run: 02, Epoch: 43, Loss: 0.0006, lr: 0.000343, Train: 0.9811, Valid: 0.9137, Test: 0.9638
Run: 02, Epoch: 44, Loss: 0.0006, lr: 0.000343, Train: 0.9812, Valid: 0.9142, Test: 0.9629
Run: 02, Epoch: 45, Loss: 0.0006, lr: 0.000343, Train: 0.9814, Valid: 0.9152, Test: 0.9619
Run: 02, Epoch: 46, Loss: 0.0006, lr: 0.000343, Train: 0.9817, Valid: 0.9158, Test: 0.9610
Run: 02, Epoch: 47, Loss: 0.0006, lr: 0.000240, Train: 0.9818, Valid: 0.9155, Test: 0.9608
Run: 02, Epoch: 48, Loss: 0.0006, lr: 0.000240, Train: 0.9819, Valid: 0.9147, Test: 0.9608
Run: 02, Epoch: 49, Loss: 0.0006, lr: 0.000240, Train: 0.9820, Valid: 0.9139, Test: 0.9611
Run: 02, Epoch: 50, Loss: 0.0006, lr: 0.000240, Train: 0.9820, Valid: 0.9133, Test: 0.9613
Run: 02, Epoch: 51, Loss: 0.0006, lr: 0.000240, Train: 0.9821, Valid: 0.9134, Test: 0.9613
Run: 02, Epoch: 52, Loss: 0.0006, lr: 0.000240, Train: 0.9823, Valid: 0.9141, Test: 0.9611
Run: 02, Epoch: 53, Loss: 0.0006, lr: 0.000168, Train: 0.9825, Valid: 0.9148, Test: 0.9608
Run: 02, Epoch: 54, Loss: 0.0006, lr: 0.000168, Train: 0.9827, Valid: 0.9156, Test: 0.9604
Run: 02, Epoch: 55, Loss: 0.0006, lr: 0.000168, Train: 0.9828, Valid: 0.9165, Test: 0.9598
Run: 02, Epoch: 56, Loss: 0.0006, lr: 0.000168, Train: 0.9829, Valid: 0.9171, Test: 0.9593
Run: 02, Epoch: 57, Loss: 0.0006, lr: 0.000168, Train: 0.9830, Valid: 0.9176, Test: 0.9588
Run: 02, Epoch: 58, Loss: 0.0006, lr: 0.000168, Train: 0.9831, Valid: 0.9178, Test: 0.9585
Run: 02, Epoch: 59, Loss: 0.0006, lr: 0.000118, Train: 0.9832, Valid: 0.9174, Test: 0.9583
Run: 02, Epoch: 60, Loss: 0.0005, lr: 0.000118, Train: 0.9833, Valid: 0.9168, Test: 0.9583
Run: 02, Epoch: 61, Loss: 0.0005, lr: 0.000118, Train: 0.9834, Valid: 0.9162, Test: 0.9582
Run: 02, Epoch: 62, Loss: 0.0005, lr: 0.000118, Train: 0.9834, Valid: 0.9156, Test: 0.9581
Run: 02, Epoch: 63, Loss: 0.0005, lr: 0.000118, Train: 0.9835, Valid: 0.9150, Test: 0.9581
Run: 02, Epoch: 64, Loss: 0.0005, lr: 0.000118, Train: 0.9836, Valid: 0.9145, Test: 0.9580
Run: 02, Epoch: 65, Loss: 0.0005, lr: 0.000082, Train: 0.9837, Valid: 0.9140, Test: 0.9580
Run: 02, Epoch: 66, Loss: 0.0005, lr: 0.000082, Train: 0.9837, Valid: 0.9137, Test: 0.9579
Run: 02, Epoch: 67, Loss: 0.0005, lr: 0.000082, Train: 0.9838, Valid: 0.9134, Test: 0.9578
Run: 02, Epoch: 68, Loss: 0.0005, lr: 0.000082, Train: 0.9839, Valid: 0.9132, Test: 0.9577
Run: 02, Epoch: 69, Loss: 0.0005, lr: 0.000082, Train: 0.9839, Valid: 0.9131, Test: 0.9576
Run: 02, Epoch: 70, Loss: 0.0005, lr: 0.000082, Train: 0.9840, Valid: 0.9130, Test: 0.9574
Run: 02, Epoch: 71, Loss: 0.0005, lr: 0.000058, Train: 0.9840, Valid: 0.9128, Test: 0.9573
Run: 02, Epoch: 72, Loss: 0.0005, lr: 0.000058, Train: 0.9840, Valid: 0.9127, Test: 0.9572
Run: 02, Epoch: 73, Loss: 0.0005, lr: 0.000058, Train: 0.9841, Valid: 0.9126, Test: 0.9570
Run: 02, Epoch: 74, Loss: 0.0005, lr: 0.000058, Train: 0.9841, Valid: 0.9125, Test: 0.9569
Run: 02, Epoch: 75, Loss: 0.0005, lr: 0.000058, Train: 0.9841, Valid: 0.9124, Test: 0.9568
Run: 02, Epoch: 76, Loss: 0.0005, lr: 0.000058, Train: 0.9842, Valid: 0.9123, Test: 0.9566
Run: 02, Epoch: 77, Loss: 0.0005, lr: 0.000040, Train: 0.9842, Valid: 0.9120, Test: 0.9566
Run: 02, Epoch: 78, Loss: 0.0005, lr: 0.000040, Train: 0.9842, Valid: 0.9118, Test: 0.9565
Run: 02, Epoch: 79, Loss: 0.0005, lr: 0.000040, Train: 0.9843, Valid: 0.9115, Test: 0.9565
Run: 02, Epoch: 80, Loss: 0.0005, lr: 0.000040, Train: 0.9843, Valid: 0.9112, Test: 0.9565
Run: 02, Epoch: 81, Loss: 0.0005, lr: 0.000040, Train: 0.9843, Valid: 0.9109, Test: 0.9565
Run: 02, Epoch: 82, Loss: 0.0005, lr: 0.000040, Train: 0.9844, Valid: 0.9106, Test: 0.9565
Run: 02, Epoch: 83, Loss: 0.0005, lr: 0.000028, Train: 0.9844, Valid: 0.9103, Test: 0.9566
Run: 02, Epoch: 84, Loss: 0.0005, lr: 0.000028, Train: 0.9844, Valid: 0.9101, Test: 0.9566
Run: 02, Epoch: 85, Loss: 0.0005, lr: 0.000028, Train: 0.9845, Valid: 0.9098, Test: 0.9567
Run: 02, Epoch: 86, Loss: 0.0005, lr: 0.000028, Train: 0.9845, Valid: 0.9095, Test: 0.9567
Run: 02, Epoch: 87, Loss: 0.0005, lr: 0.000028, Train: 0.9845, Valid: 0.9093, Test: 0.9568
Run: 02, Epoch: 88, Loss: 0.0005, lr: 0.000028, Train: 0.9845, Valid: 0.9091, Test: 0.9568
Run: 02, Epoch: 89, Loss: 0.0005, lr: 0.000020, Train: 0.9845, Valid: 0.9090, Test: 0.9569
Run: 02, Epoch: 90, Loss: 0.0005, lr: 0.000020, Train: 0.9846, Valid: 0.9088, Test: 0.9569
Run: 02, Epoch: 91, Loss: 0.0005, lr: 0.000020, Train: 0.9846, Valid: 0.9087, Test: 0.9569
Run: 02, Epoch: 92, Loss: 0.0005, lr: 0.000020, Train: 0.9846, Valid: 0.9086, Test: 0.9569
Run: 02, Epoch: 93, Loss: 0.0005, lr: 0.000020, Train: 0.9846, Valid: 0.9085, Test: 0.9569
Run: 02, Epoch: 94, Loss: 0.0005, lr: 0.000020, Train: 0.9846, Valid: 0.9084, Test: 0.9568
Run: 02, Epoch: 95, Loss: 0.0005, lr: 0.000014, Train: 0.9846, Valid: 0.9083, Test: 0.9569
Run: 02, Epoch: 96, Loss: 0.0005, lr: 0.000014, Train: 0.9846, Valid: 0.9083, Test: 0.9569
Run: 02, Epoch: 97, Loss: 0.0005, lr: 0.000014, Train: 0.9846, Valid: 0.9082, Test: 0.9569
Run: 02, Epoch: 98, Loss: 0.0005, lr: 0.000014, Train: 0.9846, Valid: 0.9081, Test: 0.9569
Run: 02, Epoch: 99, Loss: 0.0005, lr: 0.000014, Train: 0.9846, Valid: 0.9081, Test: 0.9569
Run: 02, Epoch: 100, Loss: 0.0005, lr: 0.000014, Train: 0.9847, Valid: 0.9080, Test: 0.9569
Run 02:
Highest Train: 0.98
Highest Valid: 0.92
  Final Train: 0.96
   Final Test: 0.96
Run: 03, Epoch: 01, Loss: 0.0382, lr: 0.001000, Train: -0.7203, Valid: -1.2407, Test: -1.0343
Run: 03, Epoch: 02, Loss: 0.0097, lr: 0.001000, Train: -0.4966, Valid: -1.2310, Test: -0.8836
Run: 03, Epoch: 03, Loss: 0.0066, lr: 0.001000, Train: -0.0625, Valid: -0.6397, Test: -0.4359
Run: 03, Epoch: 04, Loss: 0.0041, lr: 0.001000, Train: 0.2868, Valid: -0.1227, Test: -0.0417
Run: 03, Epoch: 05, Loss: 0.0033, lr: 0.001000, Train: 0.5142, Valid: 0.2303, Test: 0.2547
Run: 03, Epoch: 06, Loss: 0.0027, lr: 0.001000, Train: 0.6598, Valid: 0.4550, Test: 0.4722
Run: 03, Epoch: 07, Loss: 0.0024, lr: 0.001000, Train: 0.7519, Valid: 0.6001, Test: 0.6148
Run: 03, Epoch: 08, Loss: 0.0022, lr: 0.001000, Train: 0.8002, Valid: 0.6757, Test: 0.6895
Run: 03, Epoch: 09, Loss: 0.0021, lr: 0.001000, Train: 0.8270, Valid: 0.7194, Test: 0.7227
Run: 03, Epoch: 10, Loss: 0.0019, lr: 0.001000, Train: 0.8477, Valid: 0.7597, Test: 0.7434
Run: 03, Epoch: 11, Loss: 0.0018, lr: 0.001000, Train: 0.8725, Valid: 0.8052, Test: 0.7729
Run: 03, Epoch: 12, Loss: 0.0017, lr: 0.001000, Train: 0.8972, Valid: 0.8370, Test: 0.8089
Run: 03, Epoch: 13, Loss: 0.0016, lr: 0.001000, Train: 0.9147, Valid: 0.8435, Test: 0.8447
Run: 03, Epoch: 14, Loss: 0.0015, lr: 0.001000, Train: 0.9211, Valid: 0.8363, Test: 0.8737
Run: 03, Epoch: 15, Loss: 0.0015, lr: 0.001000, Train: 0.9256, Valid: 0.8460, Test: 0.8876
Run: 03, Epoch: 16, Loss: 0.0014, lr: 0.001000, Train: 0.9302, Valid: 0.8672, Test: 0.8940
Run: 03, Epoch: 17, Loss: 0.0013, lr: 0.001000, Train: 0.9368, Valid: 0.8870, Test: 0.9095
Run: 03, Epoch: 18, Loss: 0.0013, lr: 0.001000, Train: 0.9436, Valid: 0.8957, Test: 0.9318
Run: 03, Epoch: 19, Loss: 0.0012, lr: 0.001000, Train: 0.9434, Valid: 0.8883, Test: 0.9422
Run: 03, Epoch: 20, Loss: 0.0012, lr: 0.001000, Train: 0.9439, Valid: 0.8867, Test: 0.9458
Run: 03, Epoch: 21, Loss: 0.0011, lr: 0.001000, Train: 0.9507, Valid: 0.9034, Test: 0.9522
Run: 03, Epoch: 22, Loss: 0.0011, lr: 0.001000, Train: 0.9573, Valid: 0.9198, Test: 0.9532
Run: 03, Epoch: 23, Loss: 0.0010, lr: 0.001000, Train: 0.9605, Valid: 0.9251, Test: 0.9524
Run: 03, Epoch: 24, Loss: 0.0010, lr: 0.001000, Train: 0.9624, Valid: 0.9247, Test: 0.9563
Run: 03, Epoch: 25, Loss: 0.0010, lr: 0.001000, Train: 0.9628, Valid: 0.9227, Test: 0.9595
Run: 03, Epoch: 26, Loss: 0.0010, lr: 0.001000, Train: 0.9646, Valid: 0.9263, Test: 0.9610
Run: 03, Epoch: 27, Loss: 0.0009, lr: 0.001000, Train: 0.9686, Valid: 0.9349, Test: 0.9604
Run: 03, Epoch: 28, Loss: 0.0009, lr: 0.001000, Train: 0.9714, Valid: 0.9390, Test: 0.9565
Run: 03, Epoch: 29, Loss: 0.0009, lr: 0.001000, Train: 0.9719, Valid: 0.9379, Test: 0.9567
Run: 03, Epoch: 30, Loss: 0.0009, lr: 0.001000, Train: 0.9689, Valid: 0.9330, Test: 0.9607
Run: 03, Epoch: 31, Loss: 0.0008, lr: 0.001000, Train: 0.9641, Valid: 0.9228, Test: 0.9598
Run: 03, Epoch: 32, Loss: 0.0008, lr: 0.001000, Train: 0.9661, Valid: 0.9211, Test: 0.9590
Run: 03, Epoch: 33, Loss: 0.0008, lr: 0.001000, Train: 0.9702, Valid: 0.9223, Test: 0.9571
Run: 03, Epoch: 34, Loss: 0.0008, lr: 0.001000, Train: 0.9704, Valid: 0.9192, Test: 0.9560
Run: 03, Epoch: 35, Loss: 0.0008, lr: 0.000700, Train: 0.9688, Valid: 0.9168, Test: 0.9562
Run: 03, Epoch: 36, Loss: 0.0007, lr: 0.000700, Train: 0.9676, Valid: 0.9158, Test: 0.9557
Run: 03, Epoch: 37, Loss: 0.0007, lr: 0.000700, Train: 0.9701, Valid: 0.9195, Test: 0.9548
Run: 03, Epoch: 38, Loss: 0.0007, lr: 0.000700, Train: 0.9736, Valid: 0.9224, Test: 0.9523
Run: 03, Epoch: 39, Loss: 0.0007, lr: 0.000700, Train: 0.9752, Valid: 0.9226, Test: 0.9510
Run: 03, Epoch: 40, Loss: 0.0007, lr: 0.000700, Train: 0.9743, Valid: 0.9223, Test: 0.9539
Run: 03, Epoch: 41, Loss: 0.0007, lr: 0.000490, Train: 0.9741, Valid: 0.9225, Test: 0.9562
Run: 03, Epoch: 42, Loss: 0.0007, lr: 0.000490, Train: 0.9751, Valid: 0.9231, Test: 0.9571
Run: 03, Epoch: 43, Loss: 0.0006, lr: 0.000490, Train: 0.9766, Valid: 0.9240, Test: 0.9576
Run: 03, Epoch: 44, Loss: 0.0006, lr: 0.000490, Train: 0.9769, Valid: 0.9241, Test: 0.9585
Run: 03, Epoch: 45, Loss: 0.0006, lr: 0.000490, Train: 0.9758, Valid: 0.9232, Test: 0.9598
Run: 03, Epoch: 46, Loss: 0.0006, lr: 0.000490, Train: 0.9749, Valid: 0.9219, Test: 0.9600
Run: 03, Epoch: 47, Loss: 0.0006, lr: 0.000343, Train: 0.9759, Valid: 0.9225, Test: 0.9601
Run: 03, Epoch: 48, Loss: 0.0006, lr: 0.000343, Train: 0.9775, Valid: 0.9232, Test: 0.9602
Run: 03, Epoch: 49, Loss: 0.0006, lr: 0.000343, Train: 0.9787, Valid: 0.9234, Test: 0.9601
Run: 03, Epoch: 50, Loss: 0.0006, lr: 0.000343, Train: 0.9789, Valid: 0.9235, Test: 0.9603
Run: 03, Epoch: 51, Loss: 0.0006, lr: 0.000343, Train: 0.9786, Valid: 0.9242, Test: 0.9607
Run: 03, Epoch: 52, Loss: 0.0006, lr: 0.000343, Train: 0.9784, Valid: 0.9251, Test: 0.9610
Run: 03, Epoch: 53, Loss: 0.0006, lr: 0.000240, Train: 0.9790, Valid: 0.9262, Test: 0.9613
Run: 03, Epoch: 54, Loss: 0.0006, lr: 0.000240, Train: 0.9799, Valid: 0.9273, Test: 0.9615
Run: 03, Epoch: 55, Loss: 0.0006, lr: 0.000240, Train: 0.9807, Valid: 0.9281, Test: 0.9615
Run: 03, Epoch: 56, Loss: 0.0006, lr: 0.000240, Train: 0.9813, Valid: 0.9289, Test: 0.9616
Run: 03, Epoch: 57, Loss: 0.0006, lr: 0.000240, Train: 0.9816, Valid: 0.9297, Test: 0.9618
Run: 03, Epoch: 58, Loss: 0.0006, lr: 0.000240, Train: 0.9818, Valid: 0.9307, Test: 0.9619
Run: 03, Epoch: 59, Loss: 0.0006, lr: 0.000168, Train: 0.9821, Valid: 0.9310, Test: 0.9618
Run: 03, Epoch: 60, Loss: 0.0006, lr: 0.000168, Train: 0.9825, Valid: 0.9311, Test: 0.9615
Run: 03, Epoch: 61, Loss: 0.0006, lr: 0.000168, Train: 0.9829, Valid: 0.9309, Test: 0.9613
Run: 03, Epoch: 62, Loss: 0.0006, lr: 0.000168, Train: 0.9832, Valid: 0.9306, Test: 0.9609
Run: 03, Epoch: 63, Loss: 0.0006, lr: 0.000168, Train: 0.9835, Valid: 0.9305, Test: 0.9606
Run: 03, Epoch: 64, Loss: 0.0005, lr: 0.000168, Train: 0.9836, Valid: 0.9304, Test: 0.9605
Run: 03, Epoch: 65, Loss: 0.0005, lr: 0.000118, Train: 0.9838, Valid: 0.9303, Test: 0.9604
Run: 03, Epoch: 66, Loss: 0.0005, lr: 0.000118, Train: 0.9839, Valid: 0.9302, Test: 0.9605
Run: 03, Epoch: 67, Loss: 0.0005, lr: 0.000118, Train: 0.9840, Valid: 0.9301, Test: 0.9607
Run: 03, Epoch: 68, Loss: 0.0005, lr: 0.000118, Train: 0.9841, Valid: 0.9299, Test: 0.9609
Run: 03, Epoch: 69, Loss: 0.0005, lr: 0.000118, Train: 0.9842, Valid: 0.9295, Test: 0.9610
Run: 03, Epoch: 70, Loss: 0.0005, lr: 0.000118, Train: 0.9844, Valid: 0.9289, Test: 0.9611
Run: 03, Epoch: 71, Loss: 0.0005, lr: 0.000082, Train: 0.9845, Valid: 0.9285, Test: 0.9611
Run: 03, Epoch: 72, Loss: 0.0005, lr: 0.000082, Train: 0.9846, Valid: 0.9281, Test: 0.9611
Run: 03, Epoch: 73, Loss: 0.0005, lr: 0.000082, Train: 0.9847, Valid: 0.9278, Test: 0.9611
Run: 03, Epoch: 74, Loss: 0.0005, lr: 0.000082, Train: 0.9847, Valid: 0.9275, Test: 0.9612
Run: 03, Epoch: 75, Loss: 0.0005, lr: 0.000082, Train: 0.9848, Valid: 0.9272, Test: 0.9612
Run: 03, Epoch: 76, Loss: 0.0005, lr: 0.000082, Train: 0.9849, Valid: 0.9270, Test: 0.9612
Run: 03, Epoch: 77, Loss: 0.0005, lr: 0.000058, Train: 0.9850, Valid: 0.9267, Test: 0.9610
Run: 03, Epoch: 78, Loss: 0.0005, lr: 0.000058, Train: 0.9850, Valid: 0.9264, Test: 0.9609
Run: 03, Epoch: 79, Loss: 0.0005, lr: 0.000058, Train: 0.9851, Valid: 0.9261, Test: 0.9607
Run: 03, Epoch: 80, Loss: 0.0005, lr: 0.000058, Train: 0.9851, Valid: 0.9259, Test: 0.9606
Run: 03, Epoch: 81, Loss: 0.0005, lr: 0.000058, Train: 0.9852, Valid: 0.9257, Test: 0.9605
Run: 03, Epoch: 82, Loss: 0.0005, lr: 0.000058, Train: 0.9852, Valid: 0.9256, Test: 0.9604
Run: 03, Epoch: 83, Loss: 0.0005, lr: 0.000040, Train: 0.9853, Valid: 0.9255, Test: 0.9603
Run: 03, Epoch: 84, Loss: 0.0005, lr: 0.000040, Train: 0.9853, Valid: 0.9253, Test: 0.9602
Run: 03, Epoch: 85, Loss: 0.0005, lr: 0.000040, Train: 0.9853, Valid: 0.9252, Test: 0.9602
Run: 03, Epoch: 86, Loss: 0.0005, lr: 0.000040, Train: 0.9853, Valid: 0.9252, Test: 0.9601
Run: 03, Epoch: 87, Loss: 0.0005, lr: 0.000040, Train: 0.9854, Valid: 0.9251, Test: 0.9600
Run: 03, Epoch: 88, Loss: 0.0005, lr: 0.000040, Train: 0.9854, Valid: 0.9250, Test: 0.9599
Run: 03, Epoch: 89, Loss: 0.0005, lr: 0.000028, Train: 0.9854, Valid: 0.9248, Test: 0.9599
Run: 03, Epoch: 90, Loss: 0.0005, lr: 0.000028, Train: 0.9855, Valid: 0.9247, Test: 0.9597
Run: 03, Epoch: 91, Loss: 0.0005, lr: 0.000028, Train: 0.9855, Valid: 0.9245, Test: 0.9596
Run: 03, Epoch: 92, Loss: 0.0005, lr: 0.000028, Train: 0.9855, Valid: 0.9244, Test: 0.9595
Run: 03, Epoch: 93, Loss: 0.0005, lr: 0.000028, Train: 0.9855, Valid: 0.9242, Test: 0.9594
Run: 03, Epoch: 94, Loss: 0.0005, lr: 0.000028, Train: 0.9856, Valid: 0.9241, Test: 0.9594
Run: 03, Epoch: 95, Loss: 0.0005, lr: 0.000020, Train: 0.9856, Valid: 0.9240, Test: 0.9593
Run: 03, Epoch: 96, Loss: 0.0005, lr: 0.000020, Train: 0.9856, Valid: 0.9240, Test: 0.9593
Run: 03, Epoch: 97, Loss: 0.0005, lr: 0.000020, Train: 0.9856, Valid: 0.9239, Test: 0.9593
Run: 03, Epoch: 98, Loss: 0.0005, lr: 0.000020, Train: 0.9856, Valid: 0.9239, Test: 0.9593
Run: 03, Epoch: 99, Loss: 0.0005, lr: 0.000020, Train: 0.9856, Valid: 0.9239, Test: 0.9593
Run: 03, Epoch: 100, Loss: 0.0005, lr: 0.000020, Train: 0.9856, Valid: 0.9239, Test: 0.9593
Run 03:
Highest Train: 0.99
Highest Valid: 0.94
  Final Train: 0.97
   Final Test: 0.96
Run: 04, Epoch: 01, Loss: 0.0330, lr: 0.001000, Train: -1.0385, Valid: -1.7662, Test: -1.5617
Run: 04, Epoch: 02, Loss: 0.0074, lr: 0.001000, Train: -0.8351, Valid: -1.5982, Test: -1.3895
Run: 04, Epoch: 03, Loss: 0.0069, lr: 0.001000, Train: -0.3235, Valid: -0.9902, Test: -0.7756
Run: 04, Epoch: 04, Loss: 0.0050, lr: 0.001000, Train: 0.2349, Valid: -0.2713, Test: -0.0725
Run: 04, Epoch: 05, Loss: 0.0034, lr: 0.001000, Train: 0.6213, Valid: 0.2916, Test: 0.4230
Run: 04, Epoch: 06, Loss: 0.0029, lr: 0.001000, Train: 0.7922, Valid: 0.6114, Test: 0.6663
Run: 04, Epoch: 07, Loss: 0.0023, lr: 0.001000, Train: 0.8436, Valid: 0.7797, Test: 0.7668
Run: 04, Epoch: 08, Loss: 0.0020, lr: 0.001000, Train: 0.8442, Valid: 0.8408, Test: 0.7981
Run: 04, Epoch: 09, Loss: 0.0021, lr: 0.001000, Train: 0.8417, Valid: 0.8605, Test: 0.8072
Run: 04, Epoch: 10, Loss: 0.0021, lr: 0.001000, Train: 0.8495, Valid: 0.8708, Test: 0.8112
Run: 04, Epoch: 11, Loss: 0.0019, lr: 0.001000, Train: 0.8626, Valid: 0.8711, Test: 0.8176
Run: 04, Epoch: 12, Loss: 0.0017, lr: 0.001000, Train: 0.8774, Valid: 0.8713, Test: 0.8288
Run: 04, Epoch: 13, Loss: 0.0015, lr: 0.001000, Train: 0.8906, Valid: 0.8722, Test: 0.8425
Run: 04, Epoch: 14, Loss: 0.0013, lr: 0.001000, Train: 0.9019, Valid: 0.8744, Test: 0.8494
Run: 04, Epoch: 15, Loss: 0.0013, lr: 0.001000, Train: 0.9133, Valid: 0.8737, Test: 0.8511
Run: 04, Epoch: 16, Loss: 0.0013, lr: 0.001000, Train: 0.9238, Valid: 0.8723, Test: 0.8492
Run: 04, Epoch: 17, Loss: 0.0012, lr: 0.001000, Train: 0.9331, Valid: 0.8777, Test: 0.8456
Run: 04, Epoch: 18, Loss: 0.0011, lr: 0.001000, Train: 0.9425, Valid: 0.8898, Test: 0.8447
Run: 04, Epoch: 19, Loss: 0.0011, lr: 0.001000, Train: 0.9521, Valid: 0.9033, Test: 0.8486
Run: 04, Epoch: 20, Loss: 0.0010, lr: 0.001000, Train: 0.9600, Valid: 0.9135, Test: 0.8529
Run: 04, Epoch: 21, Loss: 0.0010, lr: 0.001000, Train: 0.9653, Valid: 0.9188, Test: 0.8583
Run: 04, Epoch: 22, Loss: 0.0009, lr: 0.001000, Train: 0.9690, Valid: 0.9198, Test: 0.8674
Run: 04, Epoch: 23, Loss: 0.0009, lr: 0.001000, Train: 0.9707, Valid: 0.9165, Test: 0.8765
Run: 04, Epoch: 24, Loss: 0.0009, lr: 0.001000, Train: 0.9704, Valid: 0.9072, Test: 0.8819
Run: 04, Epoch: 25, Loss: 0.0008, lr: 0.001000, Train: 0.9710, Valid: 0.9029, Test: 0.8871
Run: 04, Epoch: 26, Loss: 0.0008, lr: 0.001000, Train: 0.9752, Valid: 0.9218, Test: 0.8988
Run: 04, Epoch: 27, Loss: 0.0008, lr: 0.001000, Train: 0.9765, Valid: 0.9308, Test: 0.9050
Run: 04, Epoch: 28, Loss: 0.0008, lr: 0.001000, Train: 0.9760, Valid: 0.9231, Test: 0.9033
Run: 04, Epoch: 29, Loss: 0.0007, lr: 0.001000, Train: 0.9734, Valid: 0.9093, Test: 0.8971
Run: 04, Epoch: 30, Loss: 0.0007, lr: 0.001000, Train: 0.9728, Valid: 0.9057, Test: 0.8957
Run: 04, Epoch: 31, Loss: 0.0007, lr: 0.001000, Train: 0.9752, Valid: 0.9163, Test: 0.9014
Run: 04, Epoch: 32, Loss: 0.0007, lr: 0.001000, Train: 0.9771, Valid: 0.9242, Test: 0.9068
Run: 04, Epoch: 33, Loss: 0.0007, lr: 0.001000, Train: 0.9775, Valid: 0.9251, Test: 0.9085
Run: 04, Epoch: 34, Loss: 0.0006, lr: 0.000700, Train: 0.9776, Valid: 0.9219, Test: 0.9083
Run: 04, Epoch: 35, Loss: 0.0006, lr: 0.000700, Train: 0.9775, Valid: 0.9179, Test: 0.9079
Run: 04, Epoch: 36, Loss: 0.0006, lr: 0.000700, Train: 0.9786, Valid: 0.9199, Test: 0.9105
Run: 04, Epoch: 37, Loss: 0.0006, lr: 0.000700, Train: 0.9801, Valid: 0.9271, Test: 0.9148
Run: 04, Epoch: 38, Loss: 0.0006, lr: 0.000700, Train: 0.9807, Valid: 0.9337, Test: 0.9173
Run: 04, Epoch: 39, Loss: 0.0006, lr: 0.000700, Train: 0.9809, Valid: 0.9358, Test: 0.9184
Run: 04, Epoch: 40, Loss: 0.0006, lr: 0.000700, Train: 0.9812, Valid: 0.9343, Test: 0.9192
Run: 04, Epoch: 41, Loss: 0.0006, lr: 0.000700, Train: 0.9814, Valid: 0.9327, Test: 0.9188
Run: 04, Epoch: 42, Loss: 0.0006, lr: 0.000700, Train: 0.9813, Valid: 0.9336, Test: 0.9172
Run: 04, Epoch: 43, Loss: 0.0005, lr: 0.000700, Train: 0.9813, Valid: 0.9366, Test: 0.9158
Run: 04, Epoch: 44, Loss: 0.0005, lr: 0.000700, Train: 0.9812, Valid: 0.9394, Test: 0.9144
Run: 04, Epoch: 45, Loss: 0.0005, lr: 0.000700, Train: 0.9815, Valid: 0.9410, Test: 0.9135
Run: 04, Epoch: 46, Loss: 0.0005, lr: 0.000700, Train: 0.9820, Valid: 0.9421, Test: 0.9130
Run: 04, Epoch: 47, Loss: 0.0005, lr: 0.000700, Train: 0.9825, Valid: 0.9424, Test: 0.9133
Run: 04, Epoch: 48, Loss: 0.0005, lr: 0.000700, Train: 0.9828, Valid: 0.9423, Test: 0.9140
Run: 04, Epoch: 49, Loss: 0.0005, lr: 0.000700, Train: 0.9828, Valid: 0.9427, Test: 0.9142
Run: 04, Epoch: 50, Loss: 0.0005, lr: 0.000700, Train: 0.9830, Valid: 0.9433, Test: 0.9141
Run: 04, Epoch: 51, Loss: 0.0005, lr: 0.000700, Train: 0.9833, Valid: 0.9432, Test: 0.9137
Run: 04, Epoch: 52, Loss: 0.0005, lr: 0.000700, Train: 0.9836, Valid: 0.9431, Test: 0.9134
Run: 04, Epoch: 53, Loss: 0.0005, lr: 0.000700, Train: 0.9839, Valid: 0.9429, Test: 0.9133
Run: 04, Epoch: 54, Loss: 0.0005, lr: 0.000700, Train: 0.9841, Valid: 0.9440, Test: 0.9133
Run: 04, Epoch: 55, Loss: 0.0005, lr: 0.000700, Train: 0.9844, Valid: 0.9446, Test: 0.9126
Run: 04, Epoch: 56, Loss: 0.0005, lr: 0.000700, Train: 0.9848, Valid: 0.9449, Test: 0.9117
Run: 04, Epoch: 57, Loss: 0.0004, lr: 0.000700, Train: 0.9851, Valid: 0.9453, Test: 0.9110
Run: 04, Epoch: 58, Loss: 0.0004, lr: 0.000700, Train: 0.9851, Valid: 0.9468, Test: 0.9108
Run: 04, Epoch: 59, Loss: 0.0004, lr: 0.000700, Train: 0.9851, Valid: 0.9476, Test: 0.9107
Run: 04, Epoch: 60, Loss: 0.0004, lr: 0.000700, Train: 0.9855, Valid: 0.9471, Test: 0.9106
Run: 04, Epoch: 61, Loss: 0.0004, lr: 0.000700, Train: 0.9859, Valid: 0.9470, Test: 0.9103
Run: 04, Epoch: 62, Loss: 0.0004, lr: 0.000700, Train: 0.9857, Valid: 0.9486, Test: 0.9107
Run: 04, Epoch: 63, Loss: 0.0004, lr: 0.000700, Train: 0.9855, Valid: 0.9497, Test: 0.9112
Run: 04, Epoch: 64, Loss: 0.0004, lr: 0.000700, Train: 0.9863, Valid: 0.9487, Test: 0.9115
Run: 04, Epoch: 65, Loss: 0.0004, lr: 0.000700, Train: 0.9866, Valid: 0.9484, Test: 0.9119
Run: 04, Epoch: 66, Loss: 0.0004, lr: 0.000700, Train: 0.9866, Valid: 0.9493, Test: 0.9120
Run: 04, Epoch: 67, Loss: 0.0004, lr: 0.000700, Train: 0.9868, Valid: 0.9493, Test: 0.9118
Run: 04, Epoch: 68, Loss: 0.0004, lr: 0.000700, Train: 0.9871, Valid: 0.9486, Test: 0.9117
Run: 04, Epoch: 69, Loss: 0.0004, lr: 0.000700, Train: 0.9872, Valid: 0.9486, Test: 0.9118
Run: 04, Epoch: 70, Loss: 0.0004, lr: 0.000490, Train: 0.9873, Valid: 0.9484, Test: 0.9114
Run: 04, Epoch: 71, Loss: 0.0004, lr: 0.000490, Train: 0.9876, Valid: 0.9480, Test: 0.9106
Run: 04, Epoch: 72, Loss: 0.0004, lr: 0.000490, Train: 0.9876, Valid: 0.9485, Test: 0.9103
Run: 04, Epoch: 73, Loss: 0.0004, lr: 0.000490, Train: 0.9876, Valid: 0.9486, Test: 0.9100
Run: 04, Epoch: 74, Loss: 0.0004, lr: 0.000490, Train: 0.9879, Valid: 0.9477, Test: 0.9096
Run: 04, Epoch: 75, Loss: 0.0004, lr: 0.000490, Train: 0.9885, Valid: 0.9462, Test: 0.9087
Run: 04, Epoch: 76, Loss: 0.0004, lr: 0.000343, Train: 0.9885, Valid: 0.9472, Test: 0.9088
Run: 04, Epoch: 77, Loss: 0.0004, lr: 0.000343, Train: 0.9884, Valid: 0.9487, Test: 0.9092
Run: 04, Epoch: 78, Loss: 0.0004, lr: 0.000343, Train: 0.9887, Valid: 0.9489, Test: 0.9090
Run: 04, Epoch: 79, Loss: 0.0004, lr: 0.000343, Train: 0.9891, Valid: 0.9480, Test: 0.9084
Run: 04, Epoch: 80, Loss: 0.0004, lr: 0.000343, Train: 0.9893, Valid: 0.9476, Test: 0.9079
Run: 04, Epoch: 81, Loss: 0.0004, lr: 0.000343, Train: 0.9893, Valid: 0.9485, Test: 0.9081
Run: 04, Epoch: 82, Loss: 0.0004, lr: 0.000240, Train: 0.9893, Valid: 0.9488, Test: 0.9081
Run: 04, Epoch: 83, Loss: 0.0004, lr: 0.000240, Train: 0.9895, Valid: 0.9485, Test: 0.9077
Run: 04, Epoch: 84, Loss: 0.0004, lr: 0.000240, Train: 0.9896, Valid: 0.9482, Test: 0.9075
Run: 04, Epoch: 85, Loss: 0.0004, lr: 0.000240, Train: 0.9897, Valid: 0.9483, Test: 0.9077
Run: 04, Epoch: 86, Loss: 0.0003, lr: 0.000240, Train: 0.9897, Valid: 0.9485, Test: 0.9079
Run: 04, Epoch: 87, Loss: 0.0003, lr: 0.000240, Train: 0.9898, Valid: 0.9483, Test: 0.9079
Run: 04, Epoch: 88, Loss: 0.0003, lr: 0.000168, Train: 0.9899, Valid: 0.9480, Test: 0.9077
Run: 04, Epoch: 89, Loss: 0.0003, lr: 0.000168, Train: 0.9900, Valid: 0.9480, Test: 0.9077
Run: 04, Epoch: 90, Loss: 0.0003, lr: 0.000168, Train: 0.9900, Valid: 0.9482, Test: 0.9077
Run: 04, Epoch: 91, Loss: 0.0003, lr: 0.000168, Train: 0.9901, Valid: 0.9485, Test: 0.9078
Run: 04, Epoch: 92, Loss: 0.0003, lr: 0.000168, Train: 0.9901, Valid: 0.9488, Test: 0.9079
Run: 04, Epoch: 93, Loss: 0.0003, lr: 0.000168, Train: 0.9901, Valid: 0.9490, Test: 0.9078
Run: 04, Epoch: 94, Loss: 0.0003, lr: 0.000118, Train: 0.9902, Valid: 0.9489, Test: 0.9077
Run: 04, Epoch: 95, Loss: 0.0003, lr: 0.000118, Train: 0.9902, Valid: 0.9488, Test: 0.9075
Run: 04, Epoch: 96, Loss: 0.0003, lr: 0.000118, Train: 0.9903, Valid: 0.9486, Test: 0.9073
Run: 04, Epoch: 97, Loss: 0.0003, lr: 0.000118, Train: 0.9903, Valid: 0.9486, Test: 0.9071
Run: 04, Epoch: 98, Loss: 0.0003, lr: 0.000118, Train: 0.9903, Valid: 0.9489, Test: 0.9073
Run: 04, Epoch: 99, Loss: 0.0003, lr: 0.000118, Train: 0.9903, Valid: 0.9494, Test: 0.9075
Run: 04, Epoch: 100, Loss: 0.0003, lr: 0.000082, Train: 0.9904, Valid: 0.9495, Test: 0.9075
Run 04:
Highest Train: 0.99
Highest Valid: 0.95
  Final Train: 0.99
   Final Test: 0.91
Run: 05, Epoch: 01, Loss: 0.0486, lr: 0.001000, Train: -0.7902, Valid: -1.3854, Test: -0.7839
Run: 05, Epoch: 02, Loss: 0.0083, lr: 0.001000, Train: -1.2844, Valid: -2.6188, Test: -1.3042
Run: 05, Epoch: 03, Loss: 0.0064, lr: 0.001000, Train: -1.0986, Valid: -2.6418, Test: -1.1621
Run: 05, Epoch: 04, Loss: 0.0060, lr: 0.001000, Train: -0.6477, Valid: -2.0374, Test: -0.7733
Run: 05, Epoch: 05, Loss: 0.0049, lr: 0.001000, Train: -0.1395, Valid: -1.1930, Test: -0.3193
Run: 05, Epoch: 06, Loss: 0.0039, lr: 0.001000, Train: 0.3017, Valid: -0.3999, Test: 0.0996
Run: 05, Epoch: 07, Loss: 0.0028, lr: 0.001000, Train: 0.6463, Valid: 0.2310, Test: 0.4610
Run: 05, Epoch: 08, Loss: 0.0021, lr: 0.001000, Train: 0.8574, Valid: 0.6522, Test: 0.7120
Run: 05, Epoch: 09, Loss: 0.0019, lr: 0.001000, Train: 0.9217, Valid: 0.8496, Test: 0.8163
Run: 05, Epoch: 10, Loss: 0.0019, lr: 0.001000, Train: 0.9025, Valid: 0.8803, Test: 0.8256
Run: 05, Epoch: 11, Loss: 0.0018, lr: 0.001000, Train: 0.8685, Valid: 0.8453, Test: 0.8086
Run: 05, Epoch: 12, Loss: 0.0016, lr: 0.001000, Train: 0.8500, Valid: 0.8075, Test: 0.7991
Run: 05, Epoch: 13, Loss: 0.0015, lr: 0.001000, Train: 0.8496, Valid: 0.7878, Test: 0.8020
Run: 05, Epoch: 14, Loss: 0.0013, lr: 0.001000, Train: 0.8607, Valid: 0.7871, Test: 0.8154
Run: 05, Epoch: 15, Loss: 0.0013, lr: 0.001000, Train: 0.8800, Valid: 0.8044, Test: 0.8412
Run: 05, Epoch: 16, Loss: 0.0013, lr: 0.001000, Train: 0.8988, Valid: 0.8232, Test: 0.8632
Run: 05, Epoch: 17, Loss: 0.0013, lr: 0.000700, Train: 0.9178, Valid: 0.8454, Test: 0.8801
Run: 05, Epoch: 18, Loss: 0.0012, lr: 0.000700, Train: 0.9345, Valid: 0.8650, Test: 0.8937
Run: 05, Epoch: 19, Loss: 0.0012, lr: 0.000700, Train: 0.9476, Valid: 0.8820, Test: 0.9037
Run: 05, Epoch: 20, Loss: 0.0011, lr: 0.000700, Train: 0.9563, Valid: 0.8911, Test: 0.9097
Run: 05, Epoch: 21, Loss: 0.0011, lr: 0.000700, Train: 0.9611, Valid: 0.8935, Test: 0.9116
Run: 05, Epoch: 22, Loss: 0.0010, lr: 0.000700, Train: 0.9638, Valid: 0.8950, Test: 0.9131
Run: 05, Epoch: 23, Loss: 0.0010, lr: 0.000700, Train: 0.9655, Valid: 0.8980, Test: 0.9159
Run: 05, Epoch: 24, Loss: 0.0010, lr: 0.000700, Train: 0.9670, Valid: 0.9062, Test: 0.9216
Run: 05, Epoch: 25, Loss: 0.0010, lr: 0.000700, Train: 0.9680, Valid: 0.9170, Test: 0.9289
Run: 05, Epoch: 26, Loss: 0.0009, lr: 0.000700, Train: 0.9684, Valid: 0.9262, Test: 0.9345
Run: 05, Epoch: 27, Loss: 0.0009, lr: 0.000700, Train: 0.9690, Valid: 0.9296, Test: 0.9374
Run: 05, Epoch: 28, Loss: 0.0009, lr: 0.000700, Train: 0.9706, Valid: 0.9297, Test: 0.9379
Run: 05, Epoch: 29, Loss: 0.0009, lr: 0.000700, Train: 0.9724, Valid: 0.9272, Test: 0.9363
Run: 05, Epoch: 30, Loss: 0.0008, lr: 0.000700, Train: 0.9739, Valid: 0.9239, Test: 0.9332
Run: 05, Epoch: 31, Loss: 0.0008, lr: 0.000700, Train: 0.9748, Valid: 0.9220, Test: 0.9290
Run: 05, Epoch: 32, Loss: 0.0008, lr: 0.000700, Train: 0.9752, Valid: 0.9240, Test: 0.9266
Run: 05, Epoch: 33, Loss: 0.0008, lr: 0.000700, Train: 0.9750, Valid: 0.9279, Test: 0.9258
Run: 05, Epoch: 34, Loss: 0.0008, lr: 0.000700, Train: 0.9750, Valid: 0.9283, Test: 0.9252
Run: 05, Epoch: 35, Loss: 0.0007, lr: 0.000490, Train: 0.9755, Valid: 0.9284, Test: 0.9253
Run: 05, Epoch: 36, Loss: 0.0007, lr: 0.000490, Train: 0.9760, Valid: 0.9282, Test: 0.9265
Run: 05, Epoch: 37, Loss: 0.0007, lr: 0.000490, Train: 0.9762, Valid: 0.9288, Test: 0.9287
Run: 05, Epoch: 38, Loss: 0.0007, lr: 0.000490, Train: 0.9759, Valid: 0.9312, Test: 0.9312
Run: 05, Epoch: 39, Loss: 0.0007, lr: 0.000490, Train: 0.9755, Valid: 0.9335, Test: 0.9336
Run: 05, Epoch: 40, Loss: 0.0007, lr: 0.000490, Train: 0.9754, Valid: 0.9354, Test: 0.9355
Run: 05, Epoch: 41, Loss: 0.0007, lr: 0.000490, Train: 0.9760, Valid: 0.9363, Test: 0.9369
Run: 05, Epoch: 42, Loss: 0.0007, lr: 0.000490, Train: 0.9771, Valid: 0.9352, Test: 0.9375
Run: 05, Epoch: 43, Loss: 0.0006, lr: 0.000490, Train: 0.9779, Valid: 0.9340, Test: 0.9380
Run: 05, Epoch: 44, Loss: 0.0006, lr: 0.000490, Train: 0.9784, Valid: 0.9347, Test: 0.9396
Run: 05, Epoch: 45, Loss: 0.0006, lr: 0.000490, Train: 0.9785, Valid: 0.9370, Test: 0.9420
Run: 05, Epoch: 46, Loss: 0.0006, lr: 0.000490, Train: 0.9788, Valid: 0.9377, Test: 0.9441
Run: 05, Epoch: 47, Loss: 0.0006, lr: 0.000490, Train: 0.9798, Valid: 0.9365, Test: 0.9459
Run: 05, Epoch: 48, Loss: 0.0006, lr: 0.000490, Train: 0.9806, Valid: 0.9334, Test: 0.9476
Run: 05, Epoch: 49, Loss: 0.0006, lr: 0.000490, Train: 0.9808, Valid: 0.9350, Test: 0.9493
Run: 05, Epoch: 50, Loss: 0.0006, lr: 0.000490, Train: 0.9804, Valid: 0.9392, Test: 0.9505
Run: 05, Epoch: 51, Loss: 0.0006, lr: 0.000490, Train: 0.9807, Valid: 0.9394, Test: 0.9514
Run: 05, Epoch: 52, Loss: 0.0006, lr: 0.000490, Train: 0.9817, Valid: 0.9367, Test: 0.9518
Run: 05, Epoch: 53, Loss: 0.0006, lr: 0.000490, Train: 0.9821, Valid: 0.9345, Test: 0.9517
Run: 05, Epoch: 54, Loss: 0.0006, lr: 0.000490, Train: 0.9822, Valid: 0.9375, Test: 0.9524
Run: 05, Epoch: 55, Loss: 0.0006, lr: 0.000490, Train: 0.9820, Valid: 0.9398, Test: 0.9530
Run: 05, Epoch: 56, Loss: 0.0006, lr: 0.000490, Train: 0.9825, Valid: 0.9392, Test: 0.9534
Run: 05, Epoch: 57, Loss: 0.0005, lr: 0.000490, Train: 0.9831, Valid: 0.9364, Test: 0.9534
Run: 05, Epoch: 58, Loss: 0.0005, lr: 0.000490, Train: 0.9833, Valid: 0.9361, Test: 0.9536
Run: 05, Epoch: 59, Loss: 0.0005, lr: 0.000490, Train: 0.9832, Valid: 0.9381, Test: 0.9540
Run: 05, Epoch: 60, Loss: 0.0005, lr: 0.000490, Train: 0.9833, Valid: 0.9379, Test: 0.9540
Run: 05, Epoch: 61, Loss: 0.0005, lr: 0.000490, Train: 0.9838, Valid: 0.9354, Test: 0.9539
Run: 05, Epoch: 62, Loss: 0.0005, lr: 0.000343, Train: 0.9841, Valid: 0.9343, Test: 0.9540
Run: 05, Epoch: 63, Loss: 0.0005, lr: 0.000343, Train: 0.9841, Valid: 0.9348, Test: 0.9543
Run: 05, Epoch: 64, Loss: 0.0005, lr: 0.000343, Train: 0.9841, Valid: 0.9352, Test: 0.9547
Run: 05, Epoch: 65, Loss: 0.0005, lr: 0.000343, Train: 0.9843, Valid: 0.9341, Test: 0.9551
Run: 05, Epoch: 66, Loss: 0.0005, lr: 0.000343, Train: 0.9846, Valid: 0.9327, Test: 0.9555
Run: 05, Epoch: 67, Loss: 0.0005, lr: 0.000343, Train: 0.9846, Valid: 0.9329, Test: 0.9556
Run: 05, Epoch: 68, Loss: 0.0005, lr: 0.000240, Train: 0.9846, Valid: 0.9336, Test: 0.9556
Run: 05, Epoch: 69, Loss: 0.0005, lr: 0.000240, Train: 0.9847, Valid: 0.9335, Test: 0.9556
Run: 05, Epoch: 70, Loss: 0.0005, lr: 0.000240, Train: 0.9849, Valid: 0.9328, Test: 0.9557
Run: 05, Epoch: 71, Loss: 0.0005, lr: 0.000240, Train: 0.9850, Valid: 0.9324, Test: 0.9558
Run: 05, Epoch: 72, Loss: 0.0005, lr: 0.000240, Train: 0.9850, Valid: 0.9325, Test: 0.9558
Run: 05, Epoch: 73, Loss: 0.0005, lr: 0.000240, Train: 0.9851, Valid: 0.9330, Test: 0.9558
Run: 05, Epoch: 74, Loss: 0.0005, lr: 0.000168, Train: 0.9852, Valid: 0.9331, Test: 0.9558
Run: 05, Epoch: 75, Loss: 0.0005, lr: 0.000168, Train: 0.9854, Valid: 0.9327, Test: 0.9558
Run: 05, Epoch: 76, Loss: 0.0005, lr: 0.000168, Train: 0.9856, Valid: 0.9323, Test: 0.9558
Run: 05, Epoch: 77, Loss: 0.0005, lr: 0.000168, Train: 0.9858, Valid: 0.9319, Test: 0.9557
Run: 05, Epoch: 78, Loss: 0.0005, lr: 0.000168, Train: 0.9859, Valid: 0.9320, Test: 0.9556
Run: 05, Epoch: 79, Loss: 0.0005, lr: 0.000168, Train: 0.9859, Valid: 0.9324, Test: 0.9555
Run: 05, Epoch: 80, Loss: 0.0005, lr: 0.000118, Train: 0.9860, Valid: 0.9323, Test: 0.9555
Run: 05, Epoch: 81, Loss: 0.0005, lr: 0.000118, Train: 0.9861, Valid: 0.9320, Test: 0.9555
Run: 05, Epoch: 82, Loss: 0.0005, lr: 0.000118, Train: 0.9862, Valid: 0.9315, Test: 0.9555
Run: 05, Epoch: 83, Loss: 0.0005, lr: 0.000118, Train: 0.9863, Valid: 0.9308, Test: 0.9555
Run: 05, Epoch: 84, Loss: 0.0005, lr: 0.000118, Train: 0.9864, Valid: 0.9302, Test: 0.9555
Run: 05, Epoch: 85, Loss: 0.0005, lr: 0.000118, Train: 0.9864, Valid: 0.9298, Test: 0.9555
Run: 05, Epoch: 86, Loss: 0.0005, lr: 0.000082, Train: 0.9865, Valid: 0.9295, Test: 0.9555
Run: 05, Epoch: 87, Loss: 0.0005, lr: 0.000082, Train: 0.9865, Valid: 0.9294, Test: 0.9555
Run: 05, Epoch: 88, Loss: 0.0005, lr: 0.000082, Train: 0.9866, Valid: 0.9294, Test: 0.9555
Run: 05, Epoch: 89, Loss: 0.0005, lr: 0.000082, Train: 0.9866, Valid: 0.9295, Test: 0.9556
Run: 05, Epoch: 90, Loss: 0.0004, lr: 0.000082, Train: 0.9866, Valid: 0.9295, Test: 0.9556
Run: 05, Epoch: 91, Loss: 0.0004, lr: 0.000082, Train: 0.9867, Valid: 0.9292, Test: 0.9556
Run: 05, Epoch: 92, Loss: 0.0004, lr: 0.000058, Train: 0.9867, Valid: 0.9289, Test: 0.9557
Run: 05, Epoch: 93, Loss: 0.0004, lr: 0.000058, Train: 0.9868, Valid: 0.9287, Test: 0.9556
Run: 05, Epoch: 94, Loss: 0.0004, lr: 0.000058, Train: 0.9868, Valid: 0.9285, Test: 0.9556
Run: 05, Epoch: 95, Loss: 0.0004, lr: 0.000058, Train: 0.9868, Valid: 0.9285, Test: 0.9556
Run: 05, Epoch: 96, Loss: 0.0004, lr: 0.000058, Train: 0.9868, Valid: 0.9284, Test: 0.9556
Run: 05, Epoch: 97, Loss: 0.0004, lr: 0.000058, Train: 0.9869, Valid: 0.9285, Test: 0.9556
Run: 05, Epoch: 98, Loss: 0.0004, lr: 0.000040, Train: 0.9869, Valid: 0.9285, Test: 0.9556
Run: 05, Epoch: 99, Loss: 0.0004, lr: 0.000040, Train: 0.9869, Valid: 0.9285, Test: 0.9556
Run: 05, Epoch: 100, Loss: 0.0004, lr: 0.000040, Train: 0.9869, Valid: 0.9283, Test: 0.9556
Run 05:
Highest Train: 0.99
Highest Valid: 0.94
  Final Train: 0.98
   Final Test: 0.95
Run: 06, Epoch: 01, Loss: 0.0339, lr: 0.001000, Train: -1.2461, Valid: -1.5883, Test: -1.2473
Run: 06, Epoch: 02, Loss: 0.0099, lr: 0.001000, Train: -1.2365, Valid: -1.7044, Test: -1.2801
Run: 06, Epoch: 03, Loss: 0.0092, lr: 0.001000, Train: -0.7837, Valid: -1.2955, Test: -0.8103
Run: 06, Epoch: 04, Loss: 0.0073, lr: 0.001000, Train: -0.3334, Valid: -0.8061, Test: -0.3140
Run: 06, Epoch: 05, Loss: 0.0045, lr: 0.001000, Train: 0.1164, Valid: -0.2300, Test: 0.1745
Run: 06, Epoch: 06, Loss: 0.0029, lr: 0.001000, Train: 0.5136, Valid: 0.3674, Test: 0.5682
Run: 06, Epoch: 07, Loss: 0.0026, lr: 0.001000, Train: 0.7668, Valid: 0.7901, Test: 0.7970
Run: 06, Epoch: 08, Loss: 0.0027, lr: 0.001000, Train: 0.8504, Valid: 0.9412, Test: 0.8860
Run: 06, Epoch: 09, Loss: 0.0026, lr: 0.001000, Train: 0.8446, Valid: 0.9435, Test: 0.9039
Run: 06, Epoch: 10, Loss: 0.0023, lr: 0.001000, Train: 0.8268, Valid: 0.9239, Test: 0.9020
Run: 06, Epoch: 11, Loss: 0.0020, lr: 0.001000, Train: 0.8209, Valid: 0.9148, Test: 0.8975
Run: 06, Epoch: 12, Loss: 0.0018, lr: 0.001000, Train: 0.8211, Valid: 0.9094, Test: 0.8938
Run: 06, Epoch: 13, Loss: 0.0016, lr: 0.001000, Train: 0.8243, Valid: 0.9038, Test: 0.8909
Run: 06, Epoch: 14, Loss: 0.0015, lr: 0.001000, Train: 0.8332, Valid: 0.9075, Test: 0.8913
Run: 06, Epoch: 15, Loss: 0.0014, lr: 0.001000, Train: 0.8530, Valid: 0.9186, Test: 0.8917
Run: 06, Epoch: 16, Loss: 0.0014, lr: 0.000700, Train: 0.8764, Valid: 0.9284, Test: 0.8990
Run: 06, Epoch: 17, Loss: 0.0014, lr: 0.000700, Train: 0.8981, Valid: 0.9347, Test: 0.9073
Run: 06, Epoch: 18, Loss: 0.0013, lr: 0.000700, Train: 0.9165, Valid: 0.9386, Test: 0.9170
Run: 06, Epoch: 19, Loss: 0.0013, lr: 0.000700, Train: 0.9309, Valid: 0.9411, Test: 0.9265
Run: 06, Epoch: 20, Loss: 0.0012, lr: 0.000700, Train: 0.9432, Valid: 0.9416, Test: 0.9341
Run: 06, Epoch: 21, Loss: 0.0011, lr: 0.000700, Train: 0.9530, Valid: 0.9370, Test: 0.9355
Run: 06, Epoch: 22, Loss: 0.0011, lr: 0.000490, Train: 0.9571, Valid: 0.9309, Test: 0.9353
Run: 06, Epoch: 23, Loss: 0.0010, lr: 0.000490, Train: 0.9589, Valid: 0.9254, Test: 0.9357
Run: 06, Epoch: 24, Loss: 0.0010, lr: 0.000490, Train: 0.9607, Valid: 0.9237, Test: 0.9379
Run: 06, Epoch: 25, Loss: 0.0010, lr: 0.000490, Train: 0.9628, Valid: 0.9259, Test: 0.9412
Run: 06, Epoch: 26, Loss: 0.0009, lr: 0.000490, Train: 0.9640, Valid: 0.9270, Test: 0.9437
Run: 06, Epoch: 27, Loss: 0.0009, lr: 0.000490, Train: 0.9638, Valid: 0.9236, Test: 0.9437
Run: 06, Epoch: 28, Loss: 0.0009, lr: 0.000343, Train: 0.9637, Valid: 0.9203, Test: 0.9435
Run: 06, Epoch: 29, Loss: 0.0009, lr: 0.000343, Train: 0.9639, Valid: 0.9173, Test: 0.9439
Run: 06, Epoch: 30, Loss: 0.0008, lr: 0.000343, Train: 0.9649, Valid: 0.9170, Test: 0.9452
Run: 06, Epoch: 31, Loss: 0.0008, lr: 0.000343, Train: 0.9670, Valid: 0.9201, Test: 0.9474
Run: 06, Epoch: 32, Loss: 0.0008, lr: 0.000343, Train: 0.9693, Valid: 0.9253, Test: 0.9502
Run: 06, Epoch: 33, Loss: 0.0008, lr: 0.000343, Train: 0.9715, Valid: 0.9316, Test: 0.9530
Run: 06, Epoch: 34, Loss: 0.0008, lr: 0.000240, Train: 0.9729, Valid: 0.9356, Test: 0.9546
Run: 06, Epoch: 35, Loss: 0.0008, lr: 0.000240, Train: 0.9737, Valid: 0.9376, Test: 0.9554
Run: 06, Epoch: 36, Loss: 0.0007, lr: 0.000240, Train: 0.9742, Valid: 0.9378, Test: 0.9556
Run: 06, Epoch: 37, Loss: 0.0007, lr: 0.000240, Train: 0.9746, Valid: 0.9369, Test: 0.9553
Run: 06, Epoch: 38, Loss: 0.0007, lr: 0.000240, Train: 0.9748, Valid: 0.9357, Test: 0.9548
Run: 06, Epoch: 39, Loss: 0.0007, lr: 0.000240, Train: 0.9751, Valid: 0.9350, Test: 0.9545
Run: 06, Epoch: 40, Loss: 0.0007, lr: 0.000168, Train: 0.9756, Valid: 0.9355, Test: 0.9548
Run: 06, Epoch: 41, Loss: 0.0007, lr: 0.000168, Train: 0.9762, Valid: 0.9364, Test: 0.9553
Run: 06, Epoch: 42, Loss: 0.0007, lr: 0.000168, Train: 0.9770, Valid: 0.9378, Test: 0.9560
Run: 06, Epoch: 43, Loss: 0.0007, lr: 0.000168, Train: 0.9777, Valid: 0.9394, Test: 0.9568
Run: 06, Epoch: 44, Loss: 0.0007, lr: 0.000168, Train: 0.9782, Valid: 0.9408, Test: 0.9575
Run: 06, Epoch: 45, Loss: 0.0007, lr: 0.000168, Train: 0.9786, Valid: 0.9416, Test: 0.9579
Run: 06, Epoch: 46, Loss: 0.0007, lr: 0.000118, Train: 0.9789, Valid: 0.9419, Test: 0.9583
Run: 06, Epoch: 47, Loss: 0.0006, lr: 0.000118, Train: 0.9792, Valid: 0.9421, Test: 0.9586
Run: 06, Epoch: 48, Loss: 0.0006, lr: 0.000118, Train: 0.9795, Valid: 0.9422, Test: 0.9589
Run: 06, Epoch: 49, Loss: 0.0006, lr: 0.000118, Train: 0.9797, Valid: 0.9424, Test: 0.9592
Run: 06, Epoch: 50, Loss: 0.0006, lr: 0.000118, Train: 0.9800, Valid: 0.9426, Test: 0.9596
Run: 06, Epoch: 51, Loss: 0.0006, lr: 0.000118, Train: 0.9803, Valid: 0.9430, Test: 0.9601
Run: 06, Epoch: 52, Loss: 0.0006, lr: 0.000082, Train: 0.9805, Valid: 0.9433, Test: 0.9604
Run: 06, Epoch: 53, Loss: 0.0006, lr: 0.000082, Train: 0.9807, Valid: 0.9435, Test: 0.9608
Run: 06, Epoch: 54, Loss: 0.0006, lr: 0.000082, Train: 0.9809, Valid: 0.9436, Test: 0.9610
Run: 06, Epoch: 55, Loss: 0.0006, lr: 0.000082, Train: 0.9811, Valid: 0.9436, Test: 0.9612
Run: 06, Epoch: 56, Loss: 0.0006, lr: 0.000082, Train: 0.9812, Valid: 0.9435, Test: 0.9613
Run: 06, Epoch: 57, Loss: 0.0006, lr: 0.000082, Train: 0.9813, Valid: 0.9434, Test: 0.9613
Run: 06, Epoch: 58, Loss: 0.0006, lr: 0.000058, Train: 0.9814, Valid: 0.9433, Test: 0.9614
Run: 06, Epoch: 59, Loss: 0.0006, lr: 0.000058, Train: 0.9815, Valid: 0.9432, Test: 0.9614
Run: 06, Epoch: 60, Loss: 0.0006, lr: 0.000058, Train: 0.9815, Valid: 0.9432, Test: 0.9615
Run: 06, Epoch: 61, Loss: 0.0006, lr: 0.000058, Train: 0.9816, Valid: 0.9432, Test: 0.9615
Run: 06, Epoch: 62, Loss: 0.0006, lr: 0.000058, Train: 0.9817, Valid: 0.9432, Test: 0.9616
Run: 06, Epoch: 63, Loss: 0.0006, lr: 0.000058, Train: 0.9818, Valid: 0.9433, Test: 0.9617
Run: 06, Epoch: 64, Loss: 0.0006, lr: 0.000040, Train: 0.9819, Valid: 0.9434, Test: 0.9619
Run: 06, Epoch: 65, Loss: 0.0006, lr: 0.000040, Train: 0.9819, Valid: 0.9435, Test: 0.9620
Run: 06, Epoch: 66, Loss: 0.0006, lr: 0.000040, Train: 0.9820, Valid: 0.9436, Test: 0.9621
Run: 06, Epoch: 67, Loss: 0.0006, lr: 0.000040, Train: 0.9821, Valid: 0.9437, Test: 0.9622
Run: 06, Epoch: 68, Loss: 0.0006, lr: 0.000040, Train: 0.9822, Valid: 0.9438, Test: 0.9623
Run: 06, Epoch: 69, Loss: 0.0006, lr: 0.000040, Train: 0.9822, Valid: 0.9439, Test: 0.9624
Run: 06, Epoch: 70, Loss: 0.0006, lr: 0.000040, Train: 0.9823, Valid: 0.9440, Test: 0.9625
Run: 06, Epoch: 71, Loss: 0.0006, lr: 0.000040, Train: 0.9823, Valid: 0.9440, Test: 0.9625
Run: 06, Epoch: 72, Loss: 0.0006, lr: 0.000040, Train: 0.9824, Valid: 0.9439, Test: 0.9625
Run: 06, Epoch: 73, Loss: 0.0006, lr: 0.000040, Train: 0.9824, Valid: 0.9438, Test: 0.9625
Run: 06, Epoch: 74, Loss: 0.0006, lr: 0.000040, Train: 0.9825, Valid: 0.9437, Test: 0.9624
Run: 06, Epoch: 75, Loss: 0.0006, lr: 0.000040, Train: 0.9825, Valid: 0.9436, Test: 0.9624
Run: 06, Epoch: 76, Loss: 0.0006, lr: 0.000040, Train: 0.9826, Valid: 0.9435, Test: 0.9624
Run: 06, Epoch: 77, Loss: 0.0006, lr: 0.000028, Train: 0.9826, Valid: 0.9435, Test: 0.9624
Run: 06, Epoch: 78, Loss: 0.0006, lr: 0.000028, Train: 0.9826, Valid: 0.9434, Test: 0.9624
Run: 06, Epoch: 79, Loss: 0.0006, lr: 0.000028, Train: 0.9827, Valid: 0.9434, Test: 0.9624
Run: 06, Epoch: 80, Loss: 0.0006, lr: 0.000028, Train: 0.9827, Valid: 0.9434, Test: 0.9624
Run: 06, Epoch: 81, Loss: 0.0006, lr: 0.000028, Train: 0.9827, Valid: 0.9435, Test: 0.9625
Run: 06, Epoch: 82, Loss: 0.0006, lr: 0.000028, Train: 0.9828, Valid: 0.9435, Test: 0.9625
Run: 06, Epoch: 83, Loss: 0.0006, lr: 0.000020, Train: 0.9828, Valid: 0.9435, Test: 0.9625
Run: 06, Epoch: 84, Loss: 0.0006, lr: 0.000020, Train: 0.9828, Valid: 0.9435, Test: 0.9626
Run: 06, Epoch: 85, Loss: 0.0006, lr: 0.000020, Train: 0.9828, Valid: 0.9434, Test: 0.9626
Run: 06, Epoch: 86, Loss: 0.0006, lr: 0.000020, Train: 0.9828, Valid: 0.9434, Test: 0.9626
Run: 06, Epoch: 87, Loss: 0.0006, lr: 0.000020, Train: 0.9829, Valid: 0.9434, Test: 0.9626
Run: 06, Epoch: 88, Loss: 0.0006, lr: 0.000020, Train: 0.9829, Valid: 0.9433, Test: 0.9626
Run: 06, Epoch: 89, Loss: 0.0006, lr: 0.000014, Train: 0.9829, Valid: 0.9433, Test: 0.9626
Run: 06, Epoch: 90, Loss: 0.0006, lr: 0.000014, Train: 0.9829, Valid: 0.9432, Test: 0.9626
Run: 06, Epoch: 91, Loss: 0.0006, lr: 0.000014, Train: 0.9829, Valid: 0.9431, Test: 0.9626
Run: 06, Epoch: 92, Loss: 0.0006, lr: 0.000014, Train: 0.9830, Valid: 0.9431, Test: 0.9626
Run: 06, Epoch: 93, Loss: 0.0006, lr: 0.000014, Train: 0.9830, Valid: 0.9430, Test: 0.9626
Run: 06, Epoch: 94, Loss: 0.0006, lr: 0.000014, Train: 0.9830, Valid: 0.9430, Test: 0.9626
Run: 06, Epoch: 95, Loss: 0.0006, lr: 0.000010, Train: 0.9830, Valid: 0.9429, Test: 0.9626
Run: 06, Epoch: 96, Loss: 0.0006, lr: 0.000010, Train: 0.9830, Valid: 0.9429, Test: 0.9626
Run: 06, Epoch: 97, Loss: 0.0006, lr: 0.000010, Train: 0.9830, Valid: 0.9429, Test: 0.9626
Run: 06, Epoch: 98, Loss: 0.0006, lr: 0.000010, Train: 0.9830, Valid: 0.9428, Test: 0.9626
Run: 06, Epoch: 99, Loss: 0.0006, lr: 0.000010, Train: 0.9830, Valid: 0.9428, Test: 0.9626
Run: 06, Epoch: 100, Loss: 0.0006, lr: 0.000010, Train: 0.9831, Valid: 0.9428, Test: 0.9626
Run 06:
Highest Train: 0.98
Highest Valid: 0.94
  Final Train: 0.98
   Final Test: 0.96
Run: 07, Epoch: 01, Loss: 0.0174, lr: 0.001000, Train: 0.4386, Valid: 0.3502, Test: 0.5188
Run: 07, Epoch: 02, Loss: 0.0063, lr: 0.001000, Train: 0.5686, Valid: 0.4974, Test: 0.4509
Run: 07, Epoch: 03, Loss: 0.0035, lr: 0.001000, Train: 0.5406, Valid: 0.5010, Test: 0.5498
Run: 07, Epoch: 04, Loss: 0.0027, lr: 0.001000, Train: 0.5417, Valid: 0.5098, Test: 0.5595
Run: 07, Epoch: 05, Loss: 0.0023, lr: 0.001000, Train: 0.6653, Valid: 0.5984, Test: 0.6570
Run: 07, Epoch: 06, Loss: 0.0021, lr: 0.001000, Train: 0.7481, Valid: 0.6812, Test: 0.7131
Run: 07, Epoch: 07, Loss: 0.0022, lr: 0.001000, Train: 0.7360, Valid: 0.7129, Test: 0.7090
Run: 07, Epoch: 08, Loss: 0.0019, lr: 0.001000, Train: 0.6844, Valid: 0.6910, Test: 0.6442
Run: 07, Epoch: 09, Loss: 0.0017, lr: 0.001000, Train: 0.6732, Valid: 0.6822, Test: 0.6103
Run: 07, Epoch: 10, Loss: 0.0014, lr: 0.001000, Train: 0.6976, Valid: 0.6986, Test: 0.6245
Run: 07, Epoch: 11, Loss: 0.0012, lr: 0.001000, Train: 0.7569, Valid: 0.7514, Test: 0.6905
Run: 07, Epoch: 12, Loss: 0.0012, lr: 0.001000, Train: 0.7923, Valid: 0.7807, Test: 0.7356
Run: 07, Epoch: 13, Loss: 0.0011, lr: 0.001000, Train: 0.8317, Valid: 0.8153, Test: 0.7889
Run: 07, Epoch: 14, Loss: 0.0011, lr: 0.001000, Train: 0.8770, Valid: 0.8605, Test: 0.8491
Run: 07, Epoch: 15, Loss: 0.0011, lr: 0.001000, Train: 0.9020, Valid: 0.8828, Test: 0.8859
Run: 07, Epoch: 16, Loss: 0.0010, lr: 0.001000, Train: 0.9291, Valid: 0.9082, Test: 0.9228
Run: 07, Epoch: 17, Loss: 0.0010, lr: 0.001000, Train: 0.9431, Valid: 0.9196, Test: 0.9421
Run: 07, Epoch: 18, Loss: 0.0009, lr: 0.001000, Train: 0.9294, Valid: 0.8986, Test: 0.9348
Run: 07, Epoch: 19, Loss: 0.0009, lr: 0.001000, Train: 0.9460, Valid: 0.9109, Test: 0.9511
Run: 07, Epoch: 20, Loss: 0.0008, lr: 0.001000, Train: 0.9205, Valid: 0.8784, Test: 0.9311
Run: 07, Epoch: 21, Loss: 0.0008, lr: 0.001000, Train: 0.9307, Valid: 0.8854, Test: 0.9405
Run: 07, Epoch: 22, Loss: 0.0008, lr: 0.001000, Train: 0.9430, Valid: 0.8968, Test: 0.9499
Run: 07, Epoch: 23, Loss: 0.0008, lr: 0.001000, Train: 0.9252, Valid: 0.8769, Test: 0.9370
Run: 07, Epoch: 24, Loss: 0.0007, lr: 0.000700, Train: 0.9326, Valid: 0.8848, Test: 0.9424
Run: 07, Epoch: 25, Loss: 0.0007, lr: 0.000700, Train: 0.9502, Valid: 0.9059, Test: 0.9537
Run: 07, Epoch: 26, Loss: 0.0007, lr: 0.000700, Train: 0.9553, Valid: 0.9132, Test: 0.9558
Run: 07, Epoch: 27, Loss: 0.0007, lr: 0.000700, Train: 0.9500, Valid: 0.9070, Test: 0.9513
Run: 07, Epoch: 28, Loss: 0.0007, lr: 0.000700, Train: 0.9523, Valid: 0.9122, Test: 0.9520
Run: 07, Epoch: 29, Loss: 0.0006, lr: 0.000700, Train: 0.9634, Valid: 0.9286, Test: 0.9580
Run: 07, Epoch: 30, Loss: 0.0006, lr: 0.000700, Train: 0.9677, Valid: 0.9370, Test: 0.9597
Run: 07, Epoch: 31, Loss: 0.0006, lr: 0.000700, Train: 0.9670, Valid: 0.9366, Test: 0.9591
Run: 07, Epoch: 32, Loss: 0.0006, lr: 0.000700, Train: 0.9648, Valid: 0.9332, Test: 0.9579
Run: 07, Epoch: 33, Loss: 0.0006, lr: 0.000700, Train: 0.9675, Valid: 0.9365, Test: 0.9593
Run: 07, Epoch: 34, Loss: 0.0006, lr: 0.000700, Train: 0.9719, Valid: 0.9422, Test: 0.9610
Run: 07, Epoch: 35, Loss: 0.0006, lr: 0.000700, Train: 0.9730, Valid: 0.9426, Test: 0.9618
Run: 07, Epoch: 36, Loss: 0.0006, lr: 0.000700, Train: 0.9719, Valid: 0.9394, Test: 0.9619
Run: 07, Epoch: 37, Loss: 0.0006, lr: 0.000700, Train: 0.9735, Valid: 0.9405, Test: 0.9622
Run: 07, Epoch: 38, Loss: 0.0005, lr: 0.000700, Train: 0.9771, Valid: 0.9455, Test: 0.9624
Run: 07, Epoch: 39, Loss: 0.0005, lr: 0.000700, Train: 0.9782, Valid: 0.9469, Test: 0.9621
Run: 07, Epoch: 40, Loss: 0.0005, lr: 0.000700, Train: 0.9775, Valid: 0.9453, Test: 0.9618
Run: 07, Epoch: 41, Loss: 0.0005, lr: 0.000700, Train: 0.9788, Valid: 0.9468, Test: 0.9615
Run: 07, Epoch: 42, Loss: 0.0005, lr: 0.000700, Train: 0.9810, Valid: 0.9505, Test: 0.9607
Run: 07, Epoch: 43, Loss: 0.0005, lr: 0.000700, Train: 0.9816, Valid: 0.9516, Test: 0.9600
Run: 07, Epoch: 44, Loss: 0.0005, lr: 0.000700, Train: 0.9810, Valid: 0.9512, Test: 0.9592
Run: 07, Epoch: 45, Loss: 0.0005, lr: 0.000700, Train: 0.9813, Valid: 0.9529, Test: 0.9577
Run: 07, Epoch: 46, Loss: 0.0005, lr: 0.000700, Train: 0.9821, Valid: 0.9557, Test: 0.9562
Run: 07, Epoch: 47, Loss: 0.0005, lr: 0.000700, Train: 0.9824, Valid: 0.9572, Test: 0.9550
Run: 07, Epoch: 48, Loss: 0.0005, lr: 0.000700, Train: 0.9822, Valid: 0.9578, Test: 0.9545
Run: 07, Epoch: 49, Loss: 0.0005, lr: 0.000700, Train: 0.9828, Valid: 0.9587, Test: 0.9544
Run: 07, Epoch: 50, Loss: 0.0005, lr: 0.000700, Train: 0.9832, Valid: 0.9592, Test: 0.9549
Run: 07, Epoch: 51, Loss: 0.0005, lr: 0.000700, Train: 0.9829, Valid: 0.9579, Test: 0.9558
Run: 07, Epoch: 52, Loss: 0.0005, lr: 0.000700, Train: 0.9832, Valid: 0.9578, Test: 0.9562
Run: 07, Epoch: 53, Loss: 0.0005, lr: 0.000700, Train: 0.9838, Valid: 0.9584, Test: 0.9565
Run: 07, Epoch: 54, Loss: 0.0005, lr: 0.000700, Train: 0.9839, Valid: 0.9579, Test: 0.9566
Run: 07, Epoch: 55, Loss: 0.0004, lr: 0.000700, Train: 0.9843, Valid: 0.9580, Test: 0.9567
Run: 07, Epoch: 56, Loss: 0.0004, lr: 0.000700, Train: 0.9852, Valid: 0.9590, Test: 0.9566
Run: 07, Epoch: 57, Loss: 0.0004, lr: 0.000490, Train: 0.9856, Valid: 0.9590, Test: 0.9564
Run: 07, Epoch: 58, Loss: 0.0004, lr: 0.000490, Train: 0.9857, Valid: 0.9587, Test: 0.9561
Run: 07, Epoch: 59, Loss: 0.0004, lr: 0.000490, Train: 0.9860, Valid: 0.9591, Test: 0.9553
Run: 07, Epoch: 60, Loss: 0.0004, lr: 0.000490, Train: 0.9863, Valid: 0.9597, Test: 0.9542
Run: 07, Epoch: 61, Loss: 0.0004, lr: 0.000490, Train: 0.9863, Valid: 0.9594, Test: 0.9536
Run: 07, Epoch: 62, Loss: 0.0004, lr: 0.000490, Train: 0.9865, Valid: 0.9595, Test: 0.9532
Run: 07, Epoch: 63, Loss: 0.0004, lr: 0.000490, Train: 0.9867, Valid: 0.9604, Test: 0.9525
Run: 07, Epoch: 64, Loss: 0.0004, lr: 0.000490, Train: 0.9869, Valid: 0.9605, Test: 0.9523
Run: 07, Epoch: 65, Loss: 0.0004, lr: 0.000490, Train: 0.9870, Valid: 0.9602, Test: 0.9523
Run: 07, Epoch: 66, Loss: 0.0004, lr: 0.000490, Train: 0.9871, Valid: 0.9603, Test: 0.9518
Run: 07, Epoch: 67, Loss: 0.0004, lr: 0.000490, Train: 0.9872, Valid: 0.9605, Test: 0.9513
Run: 07, Epoch: 68, Loss: 0.0004, lr: 0.000490, Train: 0.9872, Valid: 0.9599, Test: 0.9517
Run: 07, Epoch: 69, Loss: 0.0004, lr: 0.000490, Train: 0.9875, Valid: 0.9609, Test: 0.9515
Run: 07, Epoch: 70, Loss: 0.0004, lr: 0.000490, Train: 0.9876, Valid: 0.9609, Test: 0.9520
Run: 07, Epoch: 71, Loss: 0.0004, lr: 0.000490, Train: 0.9877, Valid: 0.9607, Test: 0.9526
Run: 07, Epoch: 72, Loss: 0.0004, lr: 0.000490, Train: 0.9878, Valid: 0.9616, Test: 0.9521
Run: 07, Epoch: 73, Loss: 0.0004, lr: 0.000490, Train: 0.9878, Valid: 0.9601, Test: 0.9528
Run: 07, Epoch: 74, Loss: 0.0004, lr: 0.000490, Train: 0.9879, Valid: 0.9607, Test: 0.9521
Run: 07, Epoch: 75, Loss: 0.0004, lr: 0.000490, Train: 0.9880, Valid: 0.9609, Test: 0.9515
Run: 07, Epoch: 76, Loss: 0.0004, lr: 0.000490, Train: 0.9880, Valid: 0.9602, Test: 0.9520
Run: 07, Epoch: 77, Loss: 0.0004, lr: 0.000490, Train: 0.9882, Valid: 0.9612, Test: 0.9512
Run: 07, Epoch: 78, Loss: 0.0004, lr: 0.000490, Train: 0.9883, Valid: 0.9611, Test: 0.9513
Run: 07, Epoch: 79, Loss: 0.0004, lr: 0.000343, Train: 0.9883, Valid: 0.9606, Test: 0.9515
Run: 07, Epoch: 80, Loss: 0.0004, lr: 0.000343, Train: 0.9884, Valid: 0.9607, Test: 0.9512
Run: 07, Epoch: 81, Loss: 0.0004, lr: 0.000343, Train: 0.9885, Valid: 0.9606, Test: 0.9509
Run: 07, Epoch: 82, Loss: 0.0004, lr: 0.000343, Train: 0.9886, Valid: 0.9605, Test: 0.9510
Run: 07, Epoch: 83, Loss: 0.0004, lr: 0.000343, Train: 0.9887, Valid: 0.9603, Test: 0.9512
Run: 07, Epoch: 84, Loss: 0.0004, lr: 0.000343, Train: 0.9888, Valid: 0.9610, Test: 0.9510
Run: 07, Epoch: 85, Loss: 0.0004, lr: 0.000240, Train: 0.9889, Valid: 0.9612, Test: 0.9508
Run: 07, Epoch: 86, Loss: 0.0004, lr: 0.000240, Train: 0.9890, Valid: 0.9610, Test: 0.9507
Run: 07, Epoch: 87, Loss: 0.0004, lr: 0.000240, Train: 0.9890, Valid: 0.9613, Test: 0.9503
Run: 07, Epoch: 88, Loss: 0.0004, lr: 0.000240, Train: 0.9891, Valid: 0.9614, Test: 0.9499
Run: 07, Epoch: 89, Loss: 0.0004, lr: 0.000240, Train: 0.9892, Valid: 0.9611, Test: 0.9501
Run: 07, Epoch: 90, Loss: 0.0004, lr: 0.000240, Train: 0.9892, Valid: 0.9615, Test: 0.9501
Run: 07, Epoch: 91, Loss: 0.0003, lr: 0.000168, Train: 0.9893, Valid: 0.9621, Test: 0.9499
Run: 07, Epoch: 92, Loss: 0.0003, lr: 0.000168, Train: 0.9893, Valid: 0.9622, Test: 0.9499
Run: 07, Epoch: 93, Loss: 0.0003, lr: 0.000168, Train: 0.9894, Valid: 0.9623, Test: 0.9498
Run: 07, Epoch: 94, Loss: 0.0003, lr: 0.000168, Train: 0.9894, Valid: 0.9621, Test: 0.9498
Run: 07, Epoch: 95, Loss: 0.0003, lr: 0.000168, Train: 0.9895, Valid: 0.9621, Test: 0.9498
Run: 07, Epoch: 96, Loss: 0.0003, lr: 0.000168, Train: 0.9895, Valid: 0.9621, Test: 0.9499
Run: 07, Epoch: 97, Loss: 0.0003, lr: 0.000168, Train: 0.9895, Valid: 0.9622, Test: 0.9500
Run: 07, Epoch: 98, Loss: 0.0003, lr: 0.000168, Train: 0.9895, Valid: 0.9625, Test: 0.9501
Run: 07, Epoch: 99, Loss: 0.0003, lr: 0.000168, Train: 0.9896, Valid: 0.9625, Test: 0.9503
Run: 07, Epoch: 100, Loss: 0.0003, lr: 0.000168, Train: 0.9896, Valid: 0.9625, Test: 0.9505
Run 07:
Highest Train: 0.99
Highest Valid: 0.96
  Final Train: 0.99
   Final Test: 0.95
Run: 08, Epoch: 01, Loss: 0.0189, lr: 0.001000, Train: -0.4396, Valid: -0.4007, Test: -1.3472
Run: 08, Epoch: 02, Loss: 0.0083, lr: 0.001000, Train: -0.0765, Valid: -0.1189, Test: -0.5524
Run: 08, Epoch: 03, Loss: 0.0069, lr: 0.001000, Train: 0.3809, Valid: 0.3025, Test: 0.1577
Run: 08, Epoch: 04, Loss: 0.0051, lr: 0.001000, Train: 0.6535, Valid: 0.6453, Test: 0.5051
Run: 08, Epoch: 05, Loss: 0.0032, lr: 0.001000, Train: 0.8139, Valid: 0.8624, Test: 0.6974
Run: 08, Epoch: 06, Loss: 0.0024, lr: 0.001000, Train: 0.8874, Valid: 0.9341, Test: 0.8289
Run: 08, Epoch: 07, Loss: 0.0024, lr: 0.001000, Train: 0.8375, Valid: 0.8625, Test: 0.8239
Run: 08, Epoch: 08, Loss: 0.0024, lr: 0.001000, Train: 0.8131, Valid: 0.8360, Test: 0.8060
Run: 08, Epoch: 09, Loss: 0.0021, lr: 0.001000, Train: 0.8299, Valid: 0.8577, Test: 0.8174
Run: 08, Epoch: 10, Loss: 0.0018, lr: 0.001000, Train: 0.8445, Valid: 0.8739, Test: 0.8344
Run: 08, Epoch: 11, Loss: 0.0016, lr: 0.001000, Train: 0.8648, Valid: 0.8913, Test: 0.8542
Run: 08, Epoch: 12, Loss: 0.0015, lr: 0.001000, Train: 0.9309, Valid: 0.9294, Test: 0.9017
Run: 08, Epoch: 13, Loss: 0.0014, lr: 0.000700, Train: 0.9456, Valid: 0.9314, Test: 0.9091
Run: 08, Epoch: 14, Loss: 0.0013, lr: 0.000700, Train: 0.9461, Valid: 0.9321, Test: 0.9107
Run: 08, Epoch: 15, Loss: 0.0012, lr: 0.000700, Train: 0.9512, Valid: 0.9426, Test: 0.9220
Run: 08, Epoch: 16, Loss: 0.0012, lr: 0.000700, Train: 0.9538, Valid: 0.9501, Test: 0.9279
Run: 08, Epoch: 17, Loss: 0.0012, lr: 0.000700, Train: 0.9493, Valid: 0.9499, Test: 0.9219
Run: 08, Epoch: 18, Loss: 0.0011, lr: 0.000700, Train: 0.9409, Valid: 0.9447, Test: 0.9113
Run: 08, Epoch: 19, Loss: 0.0011, lr: 0.000700, Train: 0.9407, Valid: 0.9458, Test: 0.9113
Run: 08, Epoch: 20, Loss: 0.0011, lr: 0.000700, Train: 0.9493, Valid: 0.9557, Test: 0.9206
Run: 08, Epoch: 21, Loss: 0.0010, lr: 0.000700, Train: 0.9523, Valid: 0.9581, Test: 0.9230
Run: 08, Epoch: 22, Loss: 0.0010, lr: 0.000700, Train: 0.9500, Valid: 0.9551, Test: 0.9215
Run: 08, Epoch: 23, Loss: 0.0010, lr: 0.000700, Train: 0.9515, Valid: 0.9570, Test: 0.9236
Run: 08, Epoch: 24, Loss: 0.0009, lr: 0.000700, Train: 0.9578, Valid: 0.9645, Test: 0.9297
Run: 08, Epoch: 25, Loss: 0.0009, lr: 0.000700, Train: 0.9625, Valid: 0.9703, Test: 0.9355
Run: 08, Epoch: 26, Loss: 0.0009, lr: 0.000700, Train: 0.9649, Valid: 0.9737, Test: 0.9395
Run: 08, Epoch: 27, Loss: 0.0008, lr: 0.000700, Train: 0.9667, Valid: 0.9758, Test: 0.9432
Run: 08, Epoch: 28, Loss: 0.0008, lr: 0.000700, Train: 0.9701, Valid: 0.9782, Test: 0.9488
Run: 08, Epoch: 29, Loss: 0.0008, lr: 0.000700, Train: 0.9719, Valid: 0.9795, Test: 0.9512
Run: 08, Epoch: 30, Loss: 0.0008, lr: 0.000700, Train: 0.9733, Valid: 0.9806, Test: 0.9529
Run: 08, Epoch: 31, Loss: 0.0008, lr: 0.000700, Train: 0.9752, Valid: 0.9820, Test: 0.9552
Run: 08, Epoch: 32, Loss: 0.0007, lr: 0.000700, Train: 0.9758, Valid: 0.9818, Test: 0.9555
Run: 08, Epoch: 33, Loss: 0.0007, lr: 0.000700, Train: 0.9749, Valid: 0.9802, Test: 0.9538
Run: 08, Epoch: 34, Loss: 0.0007, lr: 0.000700, Train: 0.9758, Valid: 0.9814, Test: 0.9543
Run: 08, Epoch: 35, Loss: 0.0007, lr: 0.000700, Train: 0.9773, Valid: 0.9840, Test: 0.9553
Run: 08, Epoch: 36, Loss: 0.0007, lr: 0.000700, Train: 0.9777, Valid: 0.9854, Test: 0.9551
Run: 08, Epoch: 37, Loss: 0.0007, lr: 0.000700, Train: 0.9784, Valid: 0.9869, Test: 0.9552
Run: 08, Epoch: 38, Loss: 0.0006, lr: 0.000700, Train: 0.9792, Valid: 0.9880, Test: 0.9553
Run: 08, Epoch: 39, Loss: 0.0006, lr: 0.000700, Train: 0.9798, Valid: 0.9885, Test: 0.9550
Run: 08, Epoch: 40, Loss: 0.0006, lr: 0.000700, Train: 0.9799, Valid: 0.9881, Test: 0.9534
Run: 08, Epoch: 41, Loss: 0.0006, lr: 0.000700, Train: 0.9798, Valid: 0.9877, Test: 0.9521
Run: 08, Epoch: 42, Loss: 0.0006, lr: 0.000700, Train: 0.9807, Valid: 0.9890, Test: 0.9529
Run: 08, Epoch: 43, Loss: 0.0006, lr: 0.000700, Train: 0.9803, Valid: 0.9880, Test: 0.9511
Run: 08, Epoch: 44, Loss: 0.0006, lr: 0.000700, Train: 0.9806, Valid: 0.9879, Test: 0.9512
Run: 08, Epoch: 45, Loss: 0.0005, lr: 0.000700, Train: 0.9815, Valid: 0.9889, Test: 0.9519
Run: 08, Epoch: 46, Loss: 0.0005, lr: 0.000700, Train: 0.9809, Valid: 0.9880, Test: 0.9501
Run: 08, Epoch: 47, Loss: 0.0005, lr: 0.000700, Train: 0.9813, Valid: 0.9889, Test: 0.9502
Run: 08, Epoch: 48, Loss: 0.0005, lr: 0.000700, Train: 0.9816, Valid: 0.9899, Test: 0.9503
Run: 08, Epoch: 49, Loss: 0.0005, lr: 0.000700, Train: 0.9800, Valid: 0.9887, Test: 0.9476
Run: 08, Epoch: 50, Loss: 0.0005, lr: 0.000700, Train: 0.9808, Valid: 0.9903, Test: 0.9487
Run: 08, Epoch: 51, Loss: 0.0005, lr: 0.000700, Train: 0.9807, Valid: 0.9896, Test: 0.9482
Run: 08, Epoch: 52, Loss: 0.0005, lr: 0.000700, Train: 0.9812, Valid: 0.9886, Test: 0.9482
Run: 08, Epoch: 53, Loss: 0.0005, lr: 0.000700, Train: 0.9834, Valid: 0.9897, Test: 0.9504
Run: 08, Epoch: 54, Loss: 0.0005, lr: 0.000700, Train: 0.9824, Valid: 0.9867, Test: 0.9488
Run: 08, Epoch: 55, Loss: 0.0005, lr: 0.000700, Train: 0.9845, Valid: 0.9912, Test: 0.9534
Run: 08, Epoch: 56, Loss: 0.0005, lr: 0.000700, Train: 0.9809, Valid: 0.9849, Test: 0.9474
Run: 08, Epoch: 57, Loss: 0.0005, lr: 0.000700, Train: 0.9834, Valid: 0.9918, Test: 0.9539
Run: 08, Epoch: 58, Loss: 0.0005, lr: 0.000700, Train: 0.9852, Valid: 0.9916, Test: 0.9548
Run: 08, Epoch: 59, Loss: 0.0004, lr: 0.000700, Train: 0.9844, Valid: 0.9889, Test: 0.9521
Run: 08, Epoch: 60, Loss: 0.0004, lr: 0.000700, Train: 0.9855, Valid: 0.9920, Test: 0.9552
Run: 08, Epoch: 61, Loss: 0.0004, lr: 0.000700, Train: 0.9825, Valid: 0.9858, Test: 0.9488
Run: 08, Epoch: 62, Loss: 0.0004, lr: 0.000700, Train: 0.9862, Valid: 0.9918, Test: 0.9557
Run: 08, Epoch: 63, Loss: 0.0004, lr: 0.000700, Train: 0.9871, Valid: 0.9913, Test: 0.9558
Run: 08, Epoch: 64, Loss: 0.0004, lr: 0.000700, Train: 0.9872, Valid: 0.9898, Test: 0.9547
Run: 08, Epoch: 65, Loss: 0.0004, lr: 0.000700, Train: 0.9871, Valid: 0.9919, Test: 0.9557
Run: 08, Epoch: 66, Loss: 0.0004, lr: 0.000700, Train: 0.9865, Valid: 0.9884, Test: 0.9535
Run: 08, Epoch: 67, Loss: 0.0004, lr: 0.000490, Train: 0.9877, Valid: 0.9908, Test: 0.9561
Run: 08, Epoch: 68, Loss: 0.0004, lr: 0.000490, Train: 0.9876, Valid: 0.9918, Test: 0.9572
Run: 08, Epoch: 69, Loss: 0.0004, lr: 0.000490, Train: 0.9874, Valid: 0.9899, Test: 0.9563
Run: 08, Epoch: 70, Loss: 0.0004, lr: 0.000490, Train: 0.9877, Valid: 0.9898, Test: 0.9562
Run: 08, Epoch: 71, Loss: 0.0004, lr: 0.000490, Train: 0.9879, Valid: 0.9921, Test: 0.9571
Run: 08, Epoch: 72, Loss: 0.0004, lr: 0.000490, Train: 0.9884, Valid: 0.9907, Test: 0.9559
Run: 08, Epoch: 73, Loss: 0.0004, lr: 0.000343, Train: 0.9884, Valid: 0.9904, Test: 0.9554
Run: 08, Epoch: 74, Loss: 0.0004, lr: 0.000343, Train: 0.9884, Valid: 0.9915, Test: 0.9561
Run: 08, Epoch: 75, Loss: 0.0004, lr: 0.000343, Train: 0.9884, Valid: 0.9917, Test: 0.9563
Run: 08, Epoch: 76, Loss: 0.0004, lr: 0.000343, Train: 0.9886, Valid: 0.9909, Test: 0.9555
Run: 08, Epoch: 77, Loss: 0.0004, lr: 0.000343, Train: 0.9888, Valid: 0.9908, Test: 0.9559
Run: 08, Epoch: 78, Loss: 0.0004, lr: 0.000343, Train: 0.9891, Valid: 0.9914, Test: 0.9571
Run: 08, Epoch: 79, Loss: 0.0004, lr: 0.000240, Train: 0.9893, Valid: 0.9911, Test: 0.9571
Run: 08, Epoch: 80, Loss: 0.0004, lr: 0.000240, Train: 0.9893, Valid: 0.9900, Test: 0.9561
Run: 08, Epoch: 81, Loss: 0.0004, lr: 0.000240, Train: 0.9894, Valid: 0.9895, Test: 0.9558
Run: 08, Epoch: 82, Loss: 0.0004, lr: 0.000240, Train: 0.9896, Valid: 0.9901, Test: 0.9564
Run: 08, Epoch: 83, Loss: 0.0003, lr: 0.000240, Train: 0.9897, Valid: 0.9901, Test: 0.9565
Run: 08, Epoch: 84, Loss: 0.0003, lr: 0.000240, Train: 0.9899, Valid: 0.9894, Test: 0.9563
Run: 08, Epoch: 85, Loss: 0.0003, lr: 0.000168, Train: 0.9899, Valid: 0.9891, Test: 0.9564
Run: 08, Epoch: 86, Loss: 0.0003, lr: 0.000168, Train: 0.9900, Valid: 0.9893, Test: 0.9568
Run: 08, Epoch: 87, Loss: 0.0003, lr: 0.000168, Train: 0.9901, Valid: 0.9897, Test: 0.9573
Run: 08, Epoch: 88, Loss: 0.0003, lr: 0.000168, Train: 0.9901, Valid: 0.9899, Test: 0.9574
Run: 08, Epoch: 89, Loss: 0.0003, lr: 0.000168, Train: 0.9902, Valid: 0.9897, Test: 0.9572
Run: 08, Epoch: 90, Loss: 0.0003, lr: 0.000168, Train: 0.9902, Valid: 0.9893, Test: 0.9569
Run: 08, Epoch: 91, Loss: 0.0003, lr: 0.000118, Train: 0.9903, Valid: 0.9893, Test: 0.9568
Run: 08, Epoch: 92, Loss: 0.0003, lr: 0.000118, Train: 0.9903, Valid: 0.9895, Test: 0.9570
Run: 08, Epoch: 93, Loss: 0.0003, lr: 0.000118, Train: 0.9903, Valid: 0.9896, Test: 0.9571
Run: 08, Epoch: 94, Loss: 0.0003, lr: 0.000118, Train: 0.9904, Valid: 0.9895, Test: 0.9571
Run: 08, Epoch: 95, Loss: 0.0003, lr: 0.000118, Train: 0.9904, Valid: 0.9892, Test: 0.9571
Run: 08, Epoch: 96, Loss: 0.0003, lr: 0.000118, Train: 0.9905, Valid: 0.9890, Test: 0.9570
Run: 08, Epoch: 97, Loss: 0.0003, lr: 0.000082, Train: 0.9905, Valid: 0.9889, Test: 0.9571
Run: 08, Epoch: 98, Loss: 0.0003, lr: 0.000082, Train: 0.9905, Valid: 0.9889, Test: 0.9573
Run: 08, Epoch: 99, Loss: 0.0003, lr: 0.000082, Train: 0.9906, Valid: 0.9889, Test: 0.9575
Run: 08, Epoch: 100, Loss: 0.0003, lr: 0.000082, Train: 0.9906, Valid: 0.9889, Test: 0.9576
Run 08:
Highest Train: 0.99
Highest Valid: 0.99
  Final Train: 0.99
   Final Test: 0.96
Run: 09, Epoch: 01, Loss: 0.0278, lr: 0.001000, Train: -0.4925, Valid: -2.0798, Test: -0.8251
Run: 09, Epoch: 02, Loss: 0.0097, lr: 0.001000, Train: -0.1049, Valid: -1.2618, Test: -0.4175
Run: 09, Epoch: 03, Loss: 0.0065, lr: 0.001000, Train: 0.4234, Valid: -0.0207, Test: 0.2104
Run: 09, Epoch: 04, Loss: 0.0039, lr: 0.001000, Train: 0.7434, Valid: 0.5989, Test: 0.5756
Run: 09, Epoch: 05, Loss: 0.0024, lr: 0.001000, Train: 0.7952, Valid: 0.6387, Test: 0.6595
Run: 09, Epoch: 06, Loss: 0.0021, lr: 0.001000, Train: 0.8328, Valid: 0.6655, Test: 0.7075
Run: 09, Epoch: 07, Loss: 0.0021, lr: 0.001000, Train: 0.8667, Valid: 0.6701, Test: 0.7130
Run: 09, Epoch: 08, Loss: 0.0018, lr: 0.001000, Train: 0.8738, Valid: 0.6916, Test: 0.7128
Run: 09, Epoch: 09, Loss: 0.0016, lr: 0.001000, Train: 0.8919, Valid: 0.7572, Test: 0.7558
Run: 09, Epoch: 10, Loss: 0.0015, lr: 0.001000, Train: 0.9126, Valid: 0.8158, Test: 0.8047
Run: 09, Epoch: 11, Loss: 0.0015, lr: 0.001000, Train: 0.9236, Valid: 0.8404, Test: 0.8209
Run: 09, Epoch: 12, Loss: 0.0014, lr: 0.001000, Train: 0.9207, Valid: 0.8316, Test: 0.8020
Run: 09, Epoch: 13, Loss: 0.0011, lr: 0.001000, Train: 0.9074, Valid: 0.8074, Test: 0.7637
Run: 09, Epoch: 14, Loss: 0.0010, lr: 0.001000, Train: 0.9108, Valid: 0.8149, Test: 0.7605
Run: 09, Epoch: 15, Loss: 0.0010, lr: 0.001000, Train: 0.9254, Valid: 0.8405, Test: 0.7846
Run: 09, Epoch: 16, Loss: 0.0010, lr: 0.001000, Train: 0.9426, Valid: 0.8686, Test: 0.8208
Run: 09, Epoch: 17, Loss: 0.0009, lr: 0.001000, Train: 0.9540, Valid: 0.8821, Test: 0.8480
Run: 09, Epoch: 18, Loss: 0.0009, lr: 0.001000, Train: 0.9590, Valid: 0.8849, Test: 0.8574
Run: 09, Epoch: 19, Loss: 0.0009, lr: 0.001000, Train: 0.9618, Valid: 0.8855, Test: 0.8613
Run: 09, Epoch: 20, Loss: 0.0008, lr: 0.001000, Train: 0.9657, Valid: 0.8855, Test: 0.8687
Run: 09, Epoch: 21, Loss: 0.0008, lr: 0.001000, Train: 0.9702, Valid: 0.8862, Test: 0.8785
Run: 09, Epoch: 22, Loss: 0.0008, lr: 0.001000, Train: 0.9727, Valid: 0.8844, Test: 0.8831
Run: 09, Epoch: 23, Loss: 0.0008, lr: 0.001000, Train: 0.9728, Valid: 0.8804, Test: 0.8797
Run: 09, Epoch: 24, Loss: 0.0007, lr: 0.001000, Train: 0.9701, Valid: 0.8739, Test: 0.8696
Run: 09, Epoch: 25, Loss: 0.0007, lr: 0.001000, Train: 0.9665, Valid: 0.8678, Test: 0.8601
Run: 09, Epoch: 26, Loss: 0.0007, lr: 0.001000, Train: 0.9649, Valid: 0.8642, Test: 0.8573
Run: 09, Epoch: 27, Loss: 0.0007, lr: 0.001000, Train: 0.9660, Valid: 0.8625, Test: 0.8612
Run: 09, Epoch: 28, Loss: 0.0007, lr: 0.000700, Train: 0.9685, Valid: 0.8625, Test: 0.8686
Run: 09, Epoch: 29, Loss: 0.0007, lr: 0.000700, Train: 0.9700, Valid: 0.8616, Test: 0.8736
Run: 09, Epoch: 30, Loss: 0.0006, lr: 0.000700, Train: 0.9709, Valid: 0.8599, Test: 0.8766
Run: 09, Epoch: 31, Loss: 0.0006, lr: 0.000700, Train: 0.9717, Valid: 0.8580, Test: 0.8788
Run: 09, Epoch: 32, Loss: 0.0006, lr: 0.000700, Train: 0.9730, Valid: 0.8571, Test: 0.8821
Run: 09, Epoch: 33, Loss: 0.0006, lr: 0.000700, Train: 0.9751, Valid: 0.8571, Test: 0.8872
Run: 09, Epoch: 34, Loss: 0.0006, lr: 0.000490, Train: 0.9773, Valid: 0.8584, Test: 0.8924
Run: 09, Epoch: 35, Loss: 0.0006, lr: 0.000490, Train: 0.9789, Valid: 0.8597, Test: 0.8964
Run: 09, Epoch: 36, Loss: 0.0006, lr: 0.000490, Train: 0.9799, Valid: 0.8620, Test: 0.8988
Run: 09, Epoch: 37, Loss: 0.0006, lr: 0.000490, Train: 0.9804, Valid: 0.8652, Test: 0.8997
Run: 09, Epoch: 38, Loss: 0.0006, lr: 0.000490, Train: 0.9809, Valid: 0.8690, Test: 0.9003
Run: 09, Epoch: 39, Loss: 0.0005, lr: 0.000490, Train: 0.9819, Valid: 0.8726, Test: 0.9039
Run: 09, Epoch: 40, Loss: 0.0005, lr: 0.000343, Train: 0.9828, Valid: 0.8750, Test: 0.9073
Run: 09, Epoch: 41, Loss: 0.0005, lr: 0.000343, Train: 0.9833, Valid: 0.8766, Test: 0.9096
Run: 09, Epoch: 42, Loss: 0.0005, lr: 0.000343, Train: 0.9836, Valid: 0.8780, Test: 0.9108
Run: 09, Epoch: 43, Loss: 0.0005, lr: 0.000343, Train: 0.9839, Valid: 0.8794, Test: 0.9117
Run: 09, Epoch: 44, Loss: 0.0005, lr: 0.000343, Train: 0.9842, Valid: 0.8807, Test: 0.9130
Run: 09, Epoch: 45, Loss: 0.0005, lr: 0.000343, Train: 0.9846, Valid: 0.8822, Test: 0.9147
Run: 09, Epoch: 46, Loss: 0.0005, lr: 0.000240, Train: 0.9851, Valid: 0.8833, Test: 0.9162
Run: 09, Epoch: 47, Loss: 0.0005, lr: 0.000240, Train: 0.9855, Valid: 0.8844, Test: 0.9176
Run: 09, Epoch: 48, Loss: 0.0005, lr: 0.000240, Train: 0.9858, Valid: 0.8855, Test: 0.9186
Run: 09, Epoch: 49, Loss: 0.0005, lr: 0.000240, Train: 0.9860, Valid: 0.8867, Test: 0.9192
Run: 09, Epoch: 50, Loss: 0.0005, lr: 0.000240, Train: 0.9862, Valid: 0.8877, Test: 0.9196
Run: 09, Epoch: 51, Loss: 0.0005, lr: 0.000240, Train: 0.9863, Valid: 0.8886, Test: 0.9198
Run: 09, Epoch: 52, Loss: 0.0005, lr: 0.000240, Train: 0.9865, Valid: 0.8896, Test: 0.9201
Run: 09, Epoch: 53, Loss: 0.0005, lr: 0.000240, Train: 0.9866, Valid: 0.8905, Test: 0.9206
Run: 09, Epoch: 54, Loss: 0.0005, lr: 0.000240, Train: 0.9869, Valid: 0.8913, Test: 0.9211
Run: 09, Epoch: 55, Loss: 0.0005, lr: 0.000240, Train: 0.9871, Valid: 0.8917, Test: 0.9217
Run: 09, Epoch: 56, Loss: 0.0005, lr: 0.000240, Train: 0.9873, Valid: 0.8921, Test: 0.9221
Run: 09, Epoch: 57, Loss: 0.0005, lr: 0.000240, Train: 0.9874, Valid: 0.8925, Test: 0.9224
Run: 09, Epoch: 58, Loss: 0.0005, lr: 0.000240, Train: 0.9875, Valid: 0.8925, Test: 0.9226
Run: 09, Epoch: 59, Loss: 0.0004, lr: 0.000240, Train: 0.9876, Valid: 0.8927, Test: 0.9227
Run: 09, Epoch: 60, Loss: 0.0004, lr: 0.000240, Train: 0.9878, Valid: 0.8928, Test: 0.9228
Run: 09, Epoch: 61, Loss: 0.0004, lr: 0.000240, Train: 0.9879, Valid: 0.8933, Test: 0.9230
Run: 09, Epoch: 62, Loss: 0.0004, lr: 0.000240, Train: 0.9880, Valid: 0.8938, Test: 0.9230
Run: 09, Epoch: 63, Loss: 0.0004, lr: 0.000240, Train: 0.9881, Valid: 0.8942, Test: 0.9230
Run: 09, Epoch: 64, Loss: 0.0004, lr: 0.000240, Train: 0.9882, Valid: 0.8945, Test: 0.9230
Run: 09, Epoch: 65, Loss: 0.0004, lr: 0.000240, Train: 0.9883, Valid: 0.8948, Test: 0.9228
Run: 09, Epoch: 66, Loss: 0.0004, lr: 0.000240, Train: 0.9884, Valid: 0.8950, Test: 0.9227
Run: 09, Epoch: 67, Loss: 0.0004, lr: 0.000240, Train: 0.9885, Valid: 0.8949, Test: 0.9226
Run: 09, Epoch: 68, Loss: 0.0004, lr: 0.000240, Train: 0.9886, Valid: 0.8949, Test: 0.9224
Run: 09, Epoch: 69, Loss: 0.0004, lr: 0.000240, Train: 0.9887, Valid: 0.8949, Test: 0.9222
Run: 09, Epoch: 70, Loss: 0.0004, lr: 0.000240, Train: 0.9888, Valid: 0.8951, Test: 0.9223
Run: 09, Epoch: 71, Loss: 0.0004, lr: 0.000240, Train: 0.9888, Valid: 0.8953, Test: 0.9222
Run: 09, Epoch: 72, Loss: 0.0004, lr: 0.000240, Train: 0.9889, Valid: 0.8954, Test: 0.9222
Run: 09, Epoch: 73, Loss: 0.0004, lr: 0.000240, Train: 0.9890, Valid: 0.8954, Test: 0.9223
Run: 09, Epoch: 74, Loss: 0.0004, lr: 0.000240, Train: 0.9890, Valid: 0.8954, Test: 0.9225
Run: 09, Epoch: 75, Loss: 0.0004, lr: 0.000240, Train: 0.9891, Valid: 0.8954, Test: 0.9227
Run: 09, Epoch: 76, Loss: 0.0004, lr: 0.000240, Train: 0.9892, Valid: 0.8953, Test: 0.9228
Run: 09, Epoch: 77, Loss: 0.0004, lr: 0.000240, Train: 0.9892, Valid: 0.8955, Test: 0.9229
Run: 09, Epoch: 78, Loss: 0.0004, lr: 0.000240, Train: 0.9893, Valid: 0.8955, Test: 0.9229
Run: 09, Epoch: 79, Loss: 0.0004, lr: 0.000240, Train: 0.9893, Valid: 0.8955, Test: 0.9230
Run: 09, Epoch: 80, Loss: 0.0004, lr: 0.000240, Train: 0.9894, Valid: 0.8954, Test: 0.9232
Run: 09, Epoch: 81, Loss: 0.0004, lr: 0.000240, Train: 0.9895, Valid: 0.8951, Test: 0.9232
Run: 09, Epoch: 82, Loss: 0.0004, lr: 0.000240, Train: 0.9895, Valid: 0.8949, Test: 0.9231
Run: 09, Epoch: 83, Loss: 0.0004, lr: 0.000240, Train: 0.9896, Valid: 0.8949, Test: 0.9232
Run: 09, Epoch: 84, Loss: 0.0004, lr: 0.000240, Train: 0.9897, Valid: 0.8950, Test: 0.9231
Run: 09, Epoch: 85, Loss: 0.0004, lr: 0.000168, Train: 0.9897, Valid: 0.8949, Test: 0.9230
Run: 09, Epoch: 86, Loss: 0.0004, lr: 0.000168, Train: 0.9898, Valid: 0.8949, Test: 0.9229
Run: 09, Epoch: 87, Loss: 0.0004, lr: 0.000168, Train: 0.9899, Valid: 0.8948, Test: 0.9228
Run: 09, Epoch: 88, Loss: 0.0004, lr: 0.000168, Train: 0.9899, Valid: 0.8947, Test: 0.9228
Run: 09, Epoch: 89, Loss: 0.0004, lr: 0.000168, Train: 0.9900, Valid: 0.8947, Test: 0.9227
Run: 09, Epoch: 90, Loss: 0.0004, lr: 0.000168, Train: 0.9900, Valid: 0.8948, Test: 0.9227
Run: 09, Epoch: 91, Loss: 0.0004, lr: 0.000118, Train: 0.9901, Valid: 0.8949, Test: 0.9226
Run: 09, Epoch: 92, Loss: 0.0004, lr: 0.000118, Train: 0.9901, Valid: 0.8951, Test: 0.9226
Run: 09, Epoch: 93, Loss: 0.0004, lr: 0.000118, Train: 0.9901, Valid: 0.8953, Test: 0.9226
Run: 09, Epoch: 94, Loss: 0.0004, lr: 0.000118, Train: 0.9901, Valid: 0.8953, Test: 0.9227
Run: 09, Epoch: 95, Loss: 0.0004, lr: 0.000118, Train: 0.9902, Valid: 0.8952, Test: 0.9228
Run: 09, Epoch: 96, Loss: 0.0004, lr: 0.000118, Train: 0.9902, Valid: 0.8949, Test: 0.9227
Run: 09, Epoch: 97, Loss: 0.0004, lr: 0.000082, Train: 0.9903, Valid: 0.8947, Test: 0.9226
Run: 09, Epoch: 98, Loss: 0.0004, lr: 0.000082, Train: 0.9903, Valid: 0.8944, Test: 0.9225
Run: 09, Epoch: 99, Loss: 0.0004, lr: 0.000082, Train: 0.9903, Valid: 0.8942, Test: 0.9225
Run: 09, Epoch: 100, Loss: 0.0004, lr: 0.000082, Train: 0.9904, Valid: 0.8940, Test: 0.9224
Run 09:
Highest Train: 0.99
Highest Valid: 0.90
  Final Train: 0.99
   Final Test: 0.92
Run: 10, Epoch: 01, Loss: 0.0439, lr: 0.001000, Train: -1.1269, Valid: -0.3486, Test: -0.5948
Run: 10, Epoch: 02, Loss: 0.0073, lr: 0.001000, Train: -1.5783, Valid: -0.3440, Test: -0.8586
Run: 10, Epoch: 03, Loss: 0.0093, lr: 0.001000, Train: -1.2388, Valid: -0.0555, Test: -0.6488
Run: 10, Epoch: 04, Loss: 0.0074, lr: 0.001000, Train: -0.6248, Valid: 0.2798, Test: -0.2664
Run: 10, Epoch: 05, Loss: 0.0047, lr: 0.001000, Train: -0.0093, Valid: 0.5609, Test: 0.1614
Run: 10, Epoch: 06, Loss: 0.0031, lr: 0.001000, Train: 0.4497, Valid: 0.7539, Test: 0.5416
Run: 10, Epoch: 07, Loss: 0.0024, lr: 0.001000, Train: 0.7343, Valid: 0.8595, Test: 0.8014
Run: 10, Epoch: 08, Loss: 0.0024, lr: 0.001000, Train: 0.8469, Valid: 0.8942, Test: 0.8761
Run: 10, Epoch: 09, Loss: 0.0024, lr: 0.001000, Train: 0.8224, Valid: 0.8822, Test: 0.7865
Run: 10, Epoch: 10, Loss: 0.0022, lr: 0.001000, Train: 0.7397, Valid: 0.8590, Test: 0.6246
Run: 10, Epoch: 11, Loss: 0.0019, lr: 0.001000, Train: 0.7097, Valid: 0.8548, Test: 0.5748
Run: 10, Epoch: 12, Loss: 0.0015, lr: 0.001000, Train: 0.7451, Valid: 0.8705, Test: 0.6402
Run: 10, Epoch: 13, Loss: 0.0013, lr: 0.001000, Train: 0.7942, Valid: 0.8909, Test: 0.7324
Run: 10, Epoch: 14, Loss: 0.0013, lr: 0.001000, Train: 0.8365, Valid: 0.9086, Test: 0.8002
Run: 10, Epoch: 15, Loss: 0.0013, lr: 0.001000, Train: 0.8713, Valid: 0.9251, Test: 0.8463
Run: 10, Epoch: 16, Loss: 0.0012, lr: 0.001000, Train: 0.8974, Valid: 0.9389, Test: 0.8705
Run: 10, Epoch: 17, Loss: 0.0012, lr: 0.001000, Train: 0.9162, Valid: 0.9485, Test: 0.8786
Run: 10, Epoch: 18, Loss: 0.0011, lr: 0.001000, Train: 0.9304, Valid: 0.9545, Test: 0.8792
Run: 10, Epoch: 19, Loss: 0.0011, lr: 0.001000, Train: 0.9460, Valid: 0.9589, Test: 0.8906
Run: 10, Epoch: 20, Loss: 0.0010, lr: 0.001000, Train: 0.9597, Valid: 0.9628, Test: 0.9157
Run: 10, Epoch: 21, Loss: 0.0010, lr: 0.001000, Train: 0.9641, Valid: 0.9624, Test: 0.9217
Run: 10, Epoch: 22, Loss: 0.0009, lr: 0.001000, Train: 0.9648, Valid: 0.9596, Test: 0.9190
Run: 10, Epoch: 23, Loss: 0.0009, lr: 0.001000, Train: 0.9644, Valid: 0.9575, Test: 0.9157
Run: 10, Epoch: 24, Loss: 0.0009, lr: 0.001000, Train: 0.9660, Valid: 0.9579, Test: 0.9194
Run: 10, Epoch: 25, Loss: 0.0008, lr: 0.001000, Train: 0.9679, Valid: 0.9588, Test: 0.9244
Run: 10, Epoch: 26, Loss: 0.0008, lr: 0.001000, Train: 0.9695, Valid: 0.9609, Test: 0.9309
Run: 10, Epoch: 27, Loss: 0.0008, lr: 0.000700, Train: 0.9703, Valid: 0.9616, Test: 0.9330
Run: 10, Epoch: 28, Loss: 0.0008, lr: 0.000700, Train: 0.9711, Valid: 0.9618, Test: 0.9339
Run: 10, Epoch: 29, Loss: 0.0008, lr: 0.000700, Train: 0.9717, Valid: 0.9621, Test: 0.9354
Run: 10, Epoch: 30, Loss: 0.0007, lr: 0.000700, Train: 0.9722, Valid: 0.9625, Test: 0.9378
Run: 10, Epoch: 31, Loss: 0.0007, lr: 0.000700, Train: 0.9725, Valid: 0.9628, Test: 0.9390
Run: 10, Epoch: 32, Loss: 0.0007, lr: 0.000700, Train: 0.9729, Valid: 0.9627, Test: 0.9384
Run: 10, Epoch: 33, Loss: 0.0007, lr: 0.000490, Train: 0.9736, Valid: 0.9624, Test: 0.9383
Run: 10, Epoch: 34, Loss: 0.0007, lr: 0.000490, Train: 0.9741, Valid: 0.9618, Test: 0.9385
Run: 10, Epoch: 35, Loss: 0.0007, lr: 0.000490, Train: 0.9746, Valid: 0.9614, Test: 0.9393
Run: 10, Epoch: 36, Loss: 0.0007, lr: 0.000490, Train: 0.9751, Valid: 0.9610, Test: 0.9407
Run: 10, Epoch: 37, Loss: 0.0007, lr: 0.000490, Train: 0.9754, Valid: 0.9608, Test: 0.9415
Run: 10, Epoch: 38, Loss: 0.0007, lr: 0.000490, Train: 0.9757, Valid: 0.9605, Test: 0.9420
Run: 10, Epoch: 39, Loss: 0.0006, lr: 0.000343, Train: 0.9759, Valid: 0.9602, Test: 0.9422
Run: 10, Epoch: 40, Loss: 0.0006, lr: 0.000343, Train: 0.9760, Valid: 0.9599, Test: 0.9423
Run: 10, Epoch: 41, Loss: 0.0006, lr: 0.000343, Train: 0.9762, Valid: 0.9595, Test: 0.9423
Run: 10, Epoch: 42, Loss: 0.0006, lr: 0.000343, Train: 0.9764, Valid: 0.9592, Test: 0.9421
Run: 10, Epoch: 43, Loss: 0.0006, lr: 0.000343, Train: 0.9766, Valid: 0.9588, Test: 0.9420
Run: 10, Epoch: 44, Loss: 0.0006, lr: 0.000343, Train: 0.9767, Valid: 0.9584, Test: 0.9417
Run: 10, Epoch: 45, Loss: 0.0006, lr: 0.000240, Train: 0.9768, Valid: 0.9582, Test: 0.9417
Run: 10, Epoch: 46, Loss: 0.0006, lr: 0.000240, Train: 0.9768, Valid: 0.9581, Test: 0.9416
Run: 10, Epoch: 47, Loss: 0.0006, lr: 0.000240, Train: 0.9769, Valid: 0.9580, Test: 0.9416
Run: 10, Epoch: 48, Loss: 0.0006, lr: 0.000240, Train: 0.9770, Valid: 0.9581, Test: 0.9416
Run: 10, Epoch: 49, Loss: 0.0006, lr: 0.000240, Train: 0.9771, Valid: 0.9583, Test: 0.9417
Run: 10, Epoch: 50, Loss: 0.0006, lr: 0.000240, Train: 0.9773, Valid: 0.9587, Test: 0.9419
Run: 10, Epoch: 51, Loss: 0.0006, lr: 0.000168, Train: 0.9775, Valid: 0.9589, Test: 0.9422
Run: 10, Epoch: 52, Loss: 0.0006, lr: 0.000168, Train: 0.9776, Valid: 0.9590, Test: 0.9424
Run: 10, Epoch: 53, Loss: 0.0006, lr: 0.000168, Train: 0.9778, Valid: 0.9591, Test: 0.9429
Run: 10, Epoch: 54, Loss: 0.0006, lr: 0.000168, Train: 0.9780, Valid: 0.9591, Test: 0.9435
Run: 10, Epoch: 55, Loss: 0.0006, lr: 0.000168, Train: 0.9783, Valid: 0.9592, Test: 0.9443
Run: 10, Epoch: 56, Loss: 0.0006, lr: 0.000168, Train: 0.9786, Valid: 0.9593, Test: 0.9451
Run: 10, Epoch: 57, Loss: 0.0006, lr: 0.000118, Train: 0.9789, Valid: 0.9595, Test: 0.9460
Run: 10, Epoch: 58, Loss: 0.0006, lr: 0.000118, Train: 0.9792, Valid: 0.9598, Test: 0.9467
Run: 10, Epoch: 59, Loss: 0.0006, lr: 0.000118, Train: 0.9794, Valid: 0.9601, Test: 0.9472
Run: 10, Epoch: 60, Loss: 0.0006, lr: 0.000118, Train: 0.9795, Valid: 0.9602, Test: 0.9475
Run: 10, Epoch: 61, Loss: 0.0006, lr: 0.000118, Train: 0.9796, Valid: 0.9602, Test: 0.9477
Run: 10, Epoch: 62, Loss: 0.0006, lr: 0.000118, Train: 0.9796, Valid: 0.9602, Test: 0.9476
Run: 10, Epoch: 63, Loss: 0.0006, lr: 0.000082, Train: 0.9797, Valid: 0.9602, Test: 0.9477
Run: 10, Epoch: 64, Loss: 0.0006, lr: 0.000082, Train: 0.9797, Valid: 0.9603, Test: 0.9479
Run: 10, Epoch: 65, Loss: 0.0006, lr: 0.000082, Train: 0.9798, Valid: 0.9604, Test: 0.9481
Run: 10, Epoch: 66, Loss: 0.0006, lr: 0.000082, Train: 0.9799, Valid: 0.9605, Test: 0.9484
Run: 10, Epoch: 67, Loss: 0.0006, lr: 0.000082, Train: 0.9800, Valid: 0.9606, Test: 0.9487
Run: 10, Epoch: 68, Loss: 0.0006, lr: 0.000082, Train: 0.9801, Valid: 0.9607, Test: 0.9490
Run: 10, Epoch: 69, Loss: 0.0006, lr: 0.000058, Train: 0.9802, Valid: 0.9608, Test: 0.9492
Run: 10, Epoch: 70, Loss: 0.0006, lr: 0.000058, Train: 0.9803, Valid: 0.9608, Test: 0.9494
Run: 10, Epoch: 71, Loss: 0.0006, lr: 0.000058, Train: 0.9803, Valid: 0.9608, Test: 0.9497
Run: 10, Epoch: 72, Loss: 0.0006, lr: 0.000058, Train: 0.9804, Valid: 0.9608, Test: 0.9498
Run: 10, Epoch: 73, Loss: 0.0006, lr: 0.000058, Train: 0.9804, Valid: 0.9609, Test: 0.9500
Run: 10, Epoch: 74, Loss: 0.0006, lr: 0.000058, Train: 0.9805, Valid: 0.9609, Test: 0.9502
Run: 10, Epoch: 75, Loss: 0.0006, lr: 0.000040, Train: 0.9805, Valid: 0.9609, Test: 0.9504
Run: 10, Epoch: 76, Loss: 0.0006, lr: 0.000040, Train: 0.9806, Valid: 0.9609, Test: 0.9505
Run: 10, Epoch: 77, Loss: 0.0006, lr: 0.000040, Train: 0.9806, Valid: 0.9610, Test: 0.9506
Run: 10, Epoch: 78, Loss: 0.0006, lr: 0.000040, Train: 0.9806, Valid: 0.9610, Test: 0.9507
Run: 10, Epoch: 79, Loss: 0.0006, lr: 0.000040, Train: 0.9807, Valid: 0.9610, Test: 0.9509
Run: 10, Epoch: 80, Loss: 0.0005, lr: 0.000040, Train: 0.9807, Valid: 0.9610, Test: 0.9509
Run: 10, Epoch: 81, Loss: 0.0005, lr: 0.000028, Train: 0.9807, Valid: 0.9611, Test: 0.9510
Run: 10, Epoch: 82, Loss: 0.0005, lr: 0.000028, Train: 0.9807, Valid: 0.9611, Test: 0.9510
Run: 10, Epoch: 83, Loss: 0.0005, lr: 0.000028, Train: 0.9807, Valid: 0.9611, Test: 0.9511
Run: 10, Epoch: 84, Loss: 0.0005, lr: 0.000028, Train: 0.9808, Valid: 0.9611, Test: 0.9511
Run: 10, Epoch: 85, Loss: 0.0005, lr: 0.000028, Train: 0.9808, Valid: 0.9612, Test: 0.9512
Run: 10, Epoch: 86, Loss: 0.0005, lr: 0.000028, Train: 0.9808, Valid: 0.9612, Test: 0.9512
Run: 10, Epoch: 87, Loss: 0.0005, lr: 0.000020, Train: 0.9808, Valid: 0.9612, Test: 0.9512
Run: 10, Epoch: 88, Loss: 0.0005, lr: 0.000020, Train: 0.9808, Valid: 0.9612, Test: 0.9513
Run: 10, Epoch: 89, Loss: 0.0005, lr: 0.000020, Train: 0.9808, Valid: 0.9612, Test: 0.9513
Run: 10, Epoch: 90, Loss: 0.0005, lr: 0.000020, Train: 0.9808, Valid: 0.9612, Test: 0.9514
Run: 10, Epoch: 91, Loss: 0.0005, lr: 0.000020, Train: 0.9809, Valid: 0.9613, Test: 0.9514
Run: 10, Epoch: 92, Loss: 0.0005, lr: 0.000020, Train: 0.9809, Valid: 0.9613, Test: 0.9514
Run: 10, Epoch: 93, Loss: 0.0005, lr: 0.000014, Train: 0.9809, Valid: 0.9613, Test: 0.9514
Run: 10, Epoch: 94, Loss: 0.0005, lr: 0.000014, Train: 0.9809, Valid: 0.9613, Test: 0.9514
Run: 10, Epoch: 95, Loss: 0.0005, lr: 0.000014, Train: 0.9809, Valid: 0.9613, Test: 0.9514
Run: 10, Epoch: 96, Loss: 0.0005, lr: 0.000014, Train: 0.9809, Valid: 0.9613, Test: 0.9515
Run: 10, Epoch: 97, Loss: 0.0005, lr: 0.000014, Train: 0.9809, Valid: 0.9613, Test: 0.9515
Run: 10, Epoch: 98, Loss: 0.0005, lr: 0.000014, Train: 0.9809, Valid: 0.9613, Test: 0.9515
Run: 10, Epoch: 99, Loss: 0.0005, lr: 0.000010, Train: 0.9809, Valid: 0.9613, Test: 0.9515
Run: 10, Epoch: 100, Loss: 0.0005, lr: 0.000010, Train: 0.9809, Valid: 0.9613, Test: 0.9515
Run 10:
Highest Train: 0.98
Highest Valid: 0.96
  Final Train: 0.96
   Final Test: 0.92
All runs:
Highest Train: 0.99  0.00
Highest Valid: 0.95  0.03
  Final Train: 0.98  0.01
   Final Test: 0.94  0.02
