Namespace(conv_layers=3, device=0, dropout=0.0, epochs=100, hidden_dim=256, log_steps=1, lr=0.001, method='gcn', mlp_layers=2, runs=10, subset='mathematics')
Run: 01, Epoch: 01, Loss: 0.0438, lr: 0.001000, Train: 0.2786, Valid: 0.2898, Test: 0.3114
Run: 01, Epoch: 02, Loss: 0.0149, lr: 0.001000, Train: 0.2858, Valid: 0.2762, Test: 0.3135
Run: 01, Epoch: 03, Loss: 0.0120, lr: 0.001000, Train: 0.4992, Valid: 0.4859, Test: 0.5131
Run: 01, Epoch: 04, Loss: 0.0065, lr: 0.001000, Train: 0.7173, Valid: 0.7078, Test: 0.7156
Run: 01, Epoch: 05, Loss: 0.0035, lr: 0.001000, Train: 0.8620, Valid: 0.8556, Test: 0.8522
Run: 01, Epoch: 06, Loss: 0.0033, lr: 0.001000, Train: 0.9127, Valid: 0.9048, Test: 0.8977
Run: 01, Epoch: 07, Loss: 0.0033, lr: 0.001000, Train: 0.9134, Valid: 0.9024, Test: 0.8914
Run: 01, Epoch: 08, Loss: 0.0026, lr: 0.001000, Train: 0.8952, Valid: 0.8818, Test: 0.8677
Run: 01, Epoch: 09, Loss: 0.0021, lr: 0.001000, Train: 0.8785, Valid: 0.8597, Test: 0.8489
Run: 01, Epoch: 10, Loss: 0.0020, lr: 0.001000, Train: 0.8743, Valid: 0.8511, Test: 0.8433
Run: 01, Epoch: 11, Loss: 0.0020, lr: 0.001000, Train: 0.8829, Valid: 0.8561, Test: 0.8511
Run: 01, Epoch: 12, Loss: 0.0020, lr: 0.001000, Train: 0.9001, Valid: 0.8708, Test: 0.8683
Run: 01, Epoch: 13, Loss: 0.0020, lr: 0.000700, Train: 0.9188, Valid: 0.8877, Test: 0.8877
Run: 01, Epoch: 14, Loss: 0.0019, lr: 0.000700, Train: 0.9357, Valid: 0.9025, Test: 0.9047
Run: 01, Epoch: 15, Loss: 0.0018, lr: 0.000700, Train: 0.9479, Valid: 0.9118, Test: 0.9168
Run: 01, Epoch: 16, Loss: 0.0017, lr: 0.000700, Train: 0.9547, Valid: 0.9164, Test: 0.9234
Run: 01, Epoch: 17, Loss: 0.0016, lr: 0.000700, Train: 0.9575, Valid: 0.9180, Test: 0.9254
Run: 01, Epoch: 18, Loss: 0.0015, lr: 0.000700, Train: 0.9583, Valid: 0.9181, Test: 0.9247
Run: 01, Epoch: 19, Loss: 0.0014, lr: 0.000700, Train: 0.9583, Valid: 0.9177, Test: 0.9232
Run: 01, Epoch: 20, Loss: 0.0013, lr: 0.000700, Train: 0.9584, Valid: 0.9177, Test: 0.9218
Run: 01, Epoch: 21, Loss: 0.0012, lr: 0.000700, Train: 0.9591, Valid: 0.9187, Test: 0.9214
Run: 01, Epoch: 22, Loss: 0.0011, lr: 0.000700, Train: 0.9608, Valid: 0.9202, Test: 0.9217
Run: 01, Epoch: 23, Loss: 0.0011, lr: 0.000700, Train: 0.9632, Valid: 0.9215, Test: 0.9228
Run: 01, Epoch: 24, Loss: 0.0010, lr: 0.000700, Train: 0.9661, Valid: 0.9232, Test: 0.9249
Run: 01, Epoch: 25, Loss: 0.0010, lr: 0.000700, Train: 0.9690, Valid: 0.9257, Test: 0.9275
Run: 01, Epoch: 26, Loss: 0.0010, lr: 0.000700, Train: 0.9711, Valid: 0.9289, Test: 0.9299
Run: 01, Epoch: 27, Loss: 0.0009, lr: 0.000700, Train: 0.9720, Valid: 0.9333, Test: 0.9323
Run: 01, Epoch: 28, Loss: 0.0009, lr: 0.000700, Train: 0.9725, Valid: 0.9377, Test: 0.9352
Run: 01, Epoch: 29, Loss: 0.0009, lr: 0.000700, Train: 0.9734, Valid: 0.9419, Test: 0.9385
Run: 01, Epoch: 30, Loss: 0.0008, lr: 0.000700, Train: 0.9749, Valid: 0.9451, Test: 0.9415
Run: 01, Epoch: 31, Loss: 0.0008, lr: 0.000700, Train: 0.9758, Valid: 0.9486, Test: 0.9429
Run: 01, Epoch: 32, Loss: 0.0008, lr: 0.000700, Train: 0.9758, Valid: 0.9509, Test: 0.9428
Run: 01, Epoch: 33, Loss: 0.0008, lr: 0.000700, Train: 0.9754, Valid: 0.9523, Test: 0.9423
Run: 01, Epoch: 34, Loss: 0.0007, lr: 0.000700, Train: 0.9757, Valid: 0.9530, Test: 0.9420
Run: 01, Epoch: 35, Loss: 0.0007, lr: 0.000700, Train: 0.9768, Valid: 0.9533, Test: 0.9422
Run: 01, Epoch: 36, Loss: 0.0007, lr: 0.000700, Train: 0.9778, Valid: 0.9534, Test: 0.9422
Run: 01, Epoch: 37, Loss: 0.0007, lr: 0.000700, Train: 0.9780, Valid: 0.9535, Test: 0.9419
Run: 01, Epoch: 38, Loss: 0.0007, lr: 0.000700, Train: 0.9775, Valid: 0.9538, Test: 0.9412
Run: 01, Epoch: 39, Loss: 0.0007, lr: 0.000700, Train: 0.9768, Valid: 0.9539, Test: 0.9404
Run: 01, Epoch: 40, Loss: 0.0006, lr: 0.000700, Train: 0.9773, Valid: 0.9544, Test: 0.9409
Run: 01, Epoch: 41, Loss: 0.0006, lr: 0.000700, Train: 0.9794, Valid: 0.9550, Test: 0.9430
Run: 01, Epoch: 42, Loss: 0.0006, lr: 0.000700, Train: 0.9816, Valid: 0.9550, Test: 0.9451
Run: 01, Epoch: 43, Loss: 0.0006, lr: 0.000700, Train: 0.9827, Valid: 0.9542, Test: 0.9460
Run: 01, Epoch: 44, Loss: 0.0006, lr: 0.000700, Train: 0.9832, Valid: 0.9532, Test: 0.9463
Run: 01, Epoch: 45, Loss: 0.0006, lr: 0.000700, Train: 0.9838, Valid: 0.9524, Test: 0.9468
Run: 01, Epoch: 46, Loss: 0.0006, lr: 0.000700, Train: 0.9846, Valid: 0.9518, Test: 0.9474
Run: 01, Epoch: 47, Loss: 0.0006, lr: 0.000700, Train: 0.9852, Valid: 0.9516, Test: 0.9480
Run: 01, Epoch: 48, Loss: 0.0006, lr: 0.000490, Train: 0.9857, Valid: 0.9525, Test: 0.9486
Run: 01, Epoch: 49, Loss: 0.0005, lr: 0.000490, Train: 0.9860, Valid: 0.9540, Test: 0.9492
Run: 01, Epoch: 50, Loss: 0.0005, lr: 0.000490, Train: 0.9862, Valid: 0.9555, Test: 0.9498
Run: 01, Epoch: 51, Loss: 0.0005, lr: 0.000490, Train: 0.9865, Valid: 0.9566, Test: 0.9503
Run: 01, Epoch: 52, Loss: 0.0005, lr: 0.000490, Train: 0.9867, Valid: 0.9572, Test: 0.9507
Run: 01, Epoch: 53, Loss: 0.0005, lr: 0.000490, Train: 0.9870, Valid: 0.9576, Test: 0.9509
Run: 01, Epoch: 54, Loss: 0.0005, lr: 0.000490, Train: 0.9870, Valid: 0.9578, Test: 0.9509
Run: 01, Epoch: 55, Loss: 0.0005, lr: 0.000490, Train: 0.9869, Valid: 0.9578, Test: 0.9507
Run: 01, Epoch: 56, Loss: 0.0005, lr: 0.000490, Train: 0.9868, Valid: 0.9575, Test: 0.9505
Run: 01, Epoch: 57, Loss: 0.0005, lr: 0.000490, Train: 0.9870, Valid: 0.9574, Test: 0.9506
Run: 01, Epoch: 58, Loss: 0.0005, lr: 0.000490, Train: 0.9872, Valid: 0.9575, Test: 0.9509
Run: 01, Epoch: 59, Loss: 0.0005, lr: 0.000490, Train: 0.9875, Valid: 0.9578, Test: 0.9512
Run: 01, Epoch: 60, Loss: 0.0005, lr: 0.000490, Train: 0.9875, Valid: 0.9585, Test: 0.9515
Run: 01, Epoch: 61, Loss: 0.0005, lr: 0.000490, Train: 0.9876, Valid: 0.9592, Test: 0.9519
Run: 01, Epoch: 62, Loss: 0.0005, lr: 0.000490, Train: 0.9878, Valid: 0.9597, Test: 0.9523
Run: 01, Epoch: 63, Loss: 0.0005, lr: 0.000490, Train: 0.9882, Valid: 0.9599, Test: 0.9529
Run: 01, Epoch: 64, Loss: 0.0005, lr: 0.000490, Train: 0.9886, Valid: 0.9600, Test: 0.9533
Run: 01, Epoch: 65, Loss: 0.0004, lr: 0.000490, Train: 0.9889, Valid: 0.9602, Test: 0.9535
Run: 01, Epoch: 66, Loss: 0.0004, lr: 0.000490, Train: 0.9890, Valid: 0.9606, Test: 0.9536
Run: 01, Epoch: 67, Loss: 0.0004, lr: 0.000490, Train: 0.9890, Valid: 0.9609, Test: 0.9537
Run: 01, Epoch: 68, Loss: 0.0004, lr: 0.000490, Train: 0.9892, Valid: 0.9611, Test: 0.9538
Run: 01, Epoch: 69, Loss: 0.0004, lr: 0.000490, Train: 0.9894, Valid: 0.9610, Test: 0.9538
Run: 01, Epoch: 70, Loss: 0.0004, lr: 0.000490, Train: 0.9896, Valid: 0.9610, Test: 0.9539
Run: 01, Epoch: 71, Loss: 0.0004, lr: 0.000490, Train: 0.9896, Valid: 0.9611, Test: 0.9539
Run: 01, Epoch: 72, Loss: 0.0004, lr: 0.000490, Train: 0.9895, Valid: 0.9612, Test: 0.9539
Run: 01, Epoch: 73, Loss: 0.0004, lr: 0.000490, Train: 0.9896, Valid: 0.9611, Test: 0.9540
Run: 01, Epoch: 74, Loss: 0.0004, lr: 0.000490, Train: 0.9897, Valid: 0.9609, Test: 0.9542
Run: 01, Epoch: 75, Loss: 0.0004, lr: 0.000343, Train: 0.9899, Valid: 0.9608, Test: 0.9543
Run: 01, Epoch: 76, Loss: 0.0004, lr: 0.000343, Train: 0.9900, Valid: 0.9607, Test: 0.9545
Run: 01, Epoch: 77, Loss: 0.0004, lr: 0.000343, Train: 0.9900, Valid: 0.9607, Test: 0.9546
Run: 01, Epoch: 78, Loss: 0.0004, lr: 0.000343, Train: 0.9901, Valid: 0.9607, Test: 0.9547
Run: 01, Epoch: 79, Loss: 0.0004, lr: 0.000343, Train: 0.9903, Valid: 0.9607, Test: 0.9548
Run: 01, Epoch: 80, Loss: 0.0004, lr: 0.000343, Train: 0.9904, Valid: 0.9608, Test: 0.9549
Run: 01, Epoch: 81, Loss: 0.0004, lr: 0.000240, Train: 0.9906, Valid: 0.9609, Test: 0.9551
Run: 01, Epoch: 82, Loss: 0.0004, lr: 0.000240, Train: 0.9907, Valid: 0.9611, Test: 0.9553
Run: 01, Epoch: 83, Loss: 0.0004, lr: 0.000240, Train: 0.9908, Valid: 0.9613, Test: 0.9554
Run: 01, Epoch: 84, Loss: 0.0004, lr: 0.000240, Train: 0.9908, Valid: 0.9614, Test: 0.9556
Run: 01, Epoch: 85, Loss: 0.0004, lr: 0.000240, Train: 0.9909, Valid: 0.9613, Test: 0.9557
Run: 01, Epoch: 86, Loss: 0.0004, lr: 0.000240, Train: 0.9910, Valid: 0.9612, Test: 0.9558
Run: 01, Epoch: 87, Loss: 0.0004, lr: 0.000240, Train: 0.9911, Valid: 0.9612, Test: 0.9559
Run: 01, Epoch: 88, Loss: 0.0004, lr: 0.000240, Train: 0.9911, Valid: 0.9612, Test: 0.9560
Run: 01, Epoch: 89, Loss: 0.0004, lr: 0.000240, Train: 0.9912, Valid: 0.9613, Test: 0.9561
Run: 01, Epoch: 90, Loss: 0.0004, lr: 0.000168, Train: 0.9912, Valid: 0.9614, Test: 0.9562
Run: 01, Epoch: 91, Loss: 0.0004, lr: 0.000168, Train: 0.9913, Valid: 0.9615, Test: 0.9563
Run: 01, Epoch: 92, Loss: 0.0004, lr: 0.000168, Train: 0.9913, Valid: 0.9615, Test: 0.9564
Run: 01, Epoch: 93, Loss: 0.0004, lr: 0.000168, Train: 0.9914, Valid: 0.9615, Test: 0.9565
Run: 01, Epoch: 94, Loss: 0.0004, lr: 0.000168, Train: 0.9914, Valid: 0.9615, Test: 0.9566
Run: 01, Epoch: 95, Loss: 0.0004, lr: 0.000168, Train: 0.9914, Valid: 0.9616, Test: 0.9567
Run: 01, Epoch: 96, Loss: 0.0004, lr: 0.000168, Train: 0.9914, Valid: 0.9618, Test: 0.9568
Run: 01, Epoch: 97, Loss: 0.0004, lr: 0.000168, Train: 0.9915, Valid: 0.9619, Test: 0.9569
Run: 01, Epoch: 98, Loss: 0.0004, lr: 0.000168, Train: 0.9915, Valid: 0.9620, Test: 0.9570
Run: 01, Epoch: 99, Loss: 0.0004, lr: 0.000168, Train: 0.9916, Valid: 0.9619, Test: 0.9571
Run: 01, Epoch: 100, Loss: 0.0004, lr: 0.000168, Train: 0.9916, Valid: 0.9619, Test: 0.9571
Run 01:
Highest Train: 0.99
Highest Valid: 0.96
  Final Train: 0.99
   Final Test: 0.96
Run: 02, Epoch: 01, Loss: 0.0303, lr: 0.001000, Train: 0.1403, Valid: -0.2221, Test: -0.0244
Run: 02, Epoch: 02, Loss: 0.0079, lr: 0.001000, Train: 0.1656, Valid: -0.3992, Test: -0.0893
Run: 02, Epoch: 03, Loss: 0.0061, lr: 0.001000, Train: 0.3923, Valid: -0.1322, Test: 0.1860
Run: 02, Epoch: 04, Loss: 0.0041, lr: 0.001000, Train: 0.6231, Valid: 0.2213, Test: 0.4983
Run: 02, Epoch: 05, Loss: 0.0035, lr: 0.001000, Train: 0.7576, Valid: 0.4577, Test: 0.6878
Run: 02, Epoch: 06, Loss: 0.0033, lr: 0.001000, Train: 0.8190, Valid: 0.5762, Test: 0.7777
Run: 02, Epoch: 07, Loss: 0.0027, lr: 0.001000, Train: 0.8517, Valid: 0.6521, Test: 0.8258
Run: 02, Epoch: 08, Loss: 0.0025, lr: 0.001000, Train: 0.8849, Valid: 0.7330, Test: 0.8708
Run: 02, Epoch: 09, Loss: 0.0023, lr: 0.001000, Train: 0.9193, Valid: 0.8177, Test: 0.9166
Run: 02, Epoch: 10, Loss: 0.0021, lr: 0.001000, Train: 0.9433, Valid: 0.8831, Test: 0.9496
Run: 02, Epoch: 11, Loss: 0.0020, lr: 0.001000, Train: 0.9526, Valid: 0.9127, Test: 0.9641
Run: 02, Epoch: 12, Loss: 0.0018, lr: 0.001000, Train: 0.9551, Valid: 0.9207, Test: 0.9689
Run: 02, Epoch: 13, Loss: 0.0017, lr: 0.001000, Train: 0.9562, Valid: 0.9281, Test: 0.9708
Run: 02, Epoch: 14, Loss: 0.0016, lr: 0.001000, Train: 0.9545, Valid: 0.9390, Test: 0.9691
Run: 02, Epoch: 15, Loss: 0.0015, lr: 0.001000, Train: 0.9460, Valid: 0.9420, Test: 0.9566
Run: 02, Epoch: 16, Loss: 0.0014, lr: 0.001000, Train: 0.9545, Valid: 0.9432, Test: 0.9599
Run: 02, Epoch: 17, Loss: 0.0013, lr: 0.001000, Train: 0.9594, Valid: 0.9339, Test: 0.9616
Run: 02, Epoch: 18, Loss: 0.0012, lr: 0.001000, Train: 0.9598, Valid: 0.9348, Test: 0.9592
Run: 02, Epoch: 19, Loss: 0.0012, lr: 0.001000, Train: 0.9570, Valid: 0.9372, Test: 0.9526
Run: 02, Epoch: 20, Loss: 0.0011, lr: 0.001000, Train: 0.9619, Valid: 0.9323, Test: 0.9583
Run: 02, Epoch: 21, Loss: 0.0010, lr: 0.001000, Train: 0.9631, Valid: 0.9278, Test: 0.9602
Run: 02, Epoch: 22, Loss: 0.0010, lr: 0.001000, Train: 0.9629, Valid: 0.9309, Test: 0.9582
Run: 02, Epoch: 23, Loss: 0.0010, lr: 0.000700, Train: 0.9642, Valid: 0.9327, Test: 0.9581
Run: 02, Epoch: 24, Loss: 0.0010, lr: 0.000700, Train: 0.9667, Valid: 0.9325, Test: 0.9600
Run: 02, Epoch: 25, Loss: 0.0009, lr: 0.000700, Train: 0.9678, Valid: 0.9326, Test: 0.9597
Run: 02, Epoch: 26, Loss: 0.0009, lr: 0.000700, Train: 0.9687, Valid: 0.9369, Test: 0.9573
Run: 02, Epoch: 27, Loss: 0.0009, lr: 0.000700, Train: 0.9695, Valid: 0.9409, Test: 0.9540
Run: 02, Epoch: 28, Loss: 0.0009, lr: 0.000700, Train: 0.9711, Valid: 0.9411, Test: 0.9548
Run: 02, Epoch: 29, Loss: 0.0008, lr: 0.000490, Train: 0.9722, Valid: 0.9410, Test: 0.9554
Run: 02, Epoch: 30, Loss: 0.0008, lr: 0.000490, Train: 0.9732, Valid: 0.9429, Test: 0.9553
Run: 02, Epoch: 31, Loss: 0.0008, lr: 0.000490, Train: 0.9741, Valid: 0.9465, Test: 0.9544
Run: 02, Epoch: 32, Loss: 0.0008, lr: 0.000490, Train: 0.9748, Valid: 0.9491, Test: 0.9540
Run: 02, Epoch: 33, Loss: 0.0008, lr: 0.000490, Train: 0.9759, Valid: 0.9503, Test: 0.9552
Run: 02, Epoch: 34, Loss: 0.0007, lr: 0.000490, Train: 0.9768, Valid: 0.9510, Test: 0.9564
Run: 02, Epoch: 35, Loss: 0.0007, lr: 0.000490, Train: 0.9775, Valid: 0.9524, Test: 0.9566
Run: 02, Epoch: 36, Loss: 0.0007, lr: 0.000490, Train: 0.9780, Valid: 0.9542, Test: 0.9558
Run: 02, Epoch: 37, Loss: 0.0007, lr: 0.000490, Train: 0.9785, Valid: 0.9556, Test: 0.9556
Run: 02, Epoch: 38, Loss: 0.0007, lr: 0.000490, Train: 0.9795, Valid: 0.9561, Test: 0.9568
Run: 02, Epoch: 39, Loss: 0.0007, lr: 0.000490, Train: 0.9804, Valid: 0.9562, Test: 0.9580
Run: 02, Epoch: 40, Loss: 0.0007, lr: 0.000490, Train: 0.9809, Valid: 0.9571, Test: 0.9580
Run: 02, Epoch: 41, Loss: 0.0007, lr: 0.000490, Train: 0.9813, Valid: 0.9583, Test: 0.9575
Run: 02, Epoch: 42, Loss: 0.0007, lr: 0.000490, Train: 0.9819, Valid: 0.9591, Test: 0.9577
Run: 02, Epoch: 43, Loss: 0.0006, lr: 0.000490, Train: 0.9826, Valid: 0.9596, Test: 0.9585
Run: 02, Epoch: 44, Loss: 0.0006, lr: 0.000490, Train: 0.9832, Valid: 0.9606, Test: 0.9586
Run: 02, Epoch: 45, Loss: 0.0006, lr: 0.000490, Train: 0.9835, Valid: 0.9621, Test: 0.9577
Run: 02, Epoch: 46, Loss: 0.0006, lr: 0.000490, Train: 0.9840, Valid: 0.9630, Test: 0.9574
Run: 02, Epoch: 47, Loss: 0.0006, lr: 0.000490, Train: 0.9847, Valid: 0.9633, Test: 0.9584
Run: 02, Epoch: 48, Loss: 0.0006, lr: 0.000490, Train: 0.9852, Valid: 0.9639, Test: 0.9587
Run: 02, Epoch: 49, Loss: 0.0006, lr: 0.000490, Train: 0.9856, Valid: 0.9646, Test: 0.9581
Run: 02, Epoch: 50, Loss: 0.0006, lr: 0.000490, Train: 0.9860, Valid: 0.9647, Test: 0.9585
Run: 02, Epoch: 51, Loss: 0.0006, lr: 0.000490, Train: 0.9864, Valid: 0.9641, Test: 0.9594
Run: 02, Epoch: 52, Loss: 0.0006, lr: 0.000490, Train: 0.9867, Valid: 0.9640, Test: 0.9598
Run: 02, Epoch: 53, Loss: 0.0006, lr: 0.000490, Train: 0.9869, Valid: 0.9644, Test: 0.9600
Run: 02, Epoch: 54, Loss: 0.0006, lr: 0.000490, Train: 0.9871, Valid: 0.9642, Test: 0.9604
Run: 02, Epoch: 55, Loss: 0.0005, lr: 0.000490, Train: 0.9872, Valid: 0.9640, Test: 0.9607
Run: 02, Epoch: 56, Loss: 0.0005, lr: 0.000343, Train: 0.9874, Valid: 0.9643, Test: 0.9606
Run: 02, Epoch: 57, Loss: 0.0005, lr: 0.000343, Train: 0.9876, Valid: 0.9646, Test: 0.9603
Run: 02, Epoch: 58, Loss: 0.0005, lr: 0.000343, Train: 0.9877, Valid: 0.9644, Test: 0.9603
Run: 02, Epoch: 59, Loss: 0.0005, lr: 0.000343, Train: 0.9878, Valid: 0.9642, Test: 0.9603
Run: 02, Epoch: 60, Loss: 0.0005, lr: 0.000343, Train: 0.9879, Valid: 0.9640, Test: 0.9602
Run: 02, Epoch: 61, Loss: 0.0005, lr: 0.000343, Train: 0.9880, Valid: 0.9638, Test: 0.9600
Run: 02, Epoch: 62, Loss: 0.0005, lr: 0.000240, Train: 0.9882, Valid: 0.9638, Test: 0.9600
Run: 02, Epoch: 63, Loss: 0.0005, lr: 0.000240, Train: 0.9883, Valid: 0.9638, Test: 0.9601
Run: 02, Epoch: 64, Loss: 0.0005, lr: 0.000240, Train: 0.9884, Valid: 0.9636, Test: 0.9602
Run: 02, Epoch: 65, Loss: 0.0005, lr: 0.000240, Train: 0.9885, Valid: 0.9636, Test: 0.9602
Run: 02, Epoch: 66, Loss: 0.0005, lr: 0.000240, Train: 0.9887, Valid: 0.9636, Test: 0.9602
Run: 02, Epoch: 67, Loss: 0.0005, lr: 0.000240, Train: 0.9887, Valid: 0.9636, Test: 0.9602
Run: 02, Epoch: 68, Loss: 0.0005, lr: 0.000168, Train: 0.9888, Valid: 0.9637, Test: 0.9602
Run: 02, Epoch: 69, Loss: 0.0005, lr: 0.000168, Train: 0.9889, Valid: 0.9638, Test: 0.9602
Run: 02, Epoch: 70, Loss: 0.0005, lr: 0.000168, Train: 0.9889, Valid: 0.9640, Test: 0.9602
Run: 02, Epoch: 71, Loss: 0.0005, lr: 0.000168, Train: 0.9890, Valid: 0.9643, Test: 0.9600
Run: 02, Epoch: 72, Loss: 0.0005, lr: 0.000168, Train: 0.9891, Valid: 0.9646, Test: 0.9600
Run: 02, Epoch: 73, Loss: 0.0005, lr: 0.000168, Train: 0.9892, Valid: 0.9650, Test: 0.9600
Run: 02, Epoch: 74, Loss: 0.0005, lr: 0.000168, Train: 0.9893, Valid: 0.9651, Test: 0.9600
Run: 02, Epoch: 75, Loss: 0.0005, lr: 0.000168, Train: 0.9893, Valid: 0.9652, Test: 0.9600
Run: 02, Epoch: 76, Loss: 0.0005, lr: 0.000168, Train: 0.9894, Valid: 0.9654, Test: 0.9600
Run: 02, Epoch: 77, Loss: 0.0005, lr: 0.000168, Train: 0.9894, Valid: 0.9656, Test: 0.9600
Run: 02, Epoch: 78, Loss: 0.0005, lr: 0.000168, Train: 0.9895, Valid: 0.9656, Test: 0.9600
Run: 02, Epoch: 79, Loss: 0.0005, lr: 0.000168, Train: 0.9895, Valid: 0.9656, Test: 0.9599
Run: 02, Epoch: 80, Loss: 0.0005, lr: 0.000168, Train: 0.9896, Valid: 0.9655, Test: 0.9599
Run: 02, Epoch: 81, Loss: 0.0005, lr: 0.000168, Train: 0.9896, Valid: 0.9656, Test: 0.9598
Run: 02, Epoch: 82, Loss: 0.0005, lr: 0.000168, Train: 0.9897, Valid: 0.9656, Test: 0.9598
Run: 02, Epoch: 83, Loss: 0.0005, lr: 0.000168, Train: 0.9897, Valid: 0.9657, Test: 0.9598
Run: 02, Epoch: 84, Loss: 0.0005, lr: 0.000118, Train: 0.9898, Valid: 0.9657, Test: 0.9598
Run: 02, Epoch: 85, Loss: 0.0005, lr: 0.000118, Train: 0.9898, Valid: 0.9656, Test: 0.9597
Run: 02, Epoch: 86, Loss: 0.0005, lr: 0.000118, Train: 0.9898, Valid: 0.9656, Test: 0.9597
Run: 02, Epoch: 87, Loss: 0.0005, lr: 0.000118, Train: 0.9899, Valid: 0.9657, Test: 0.9596
Run: 02, Epoch: 88, Loss: 0.0005, lr: 0.000118, Train: 0.9899, Valid: 0.9658, Test: 0.9596
Run: 02, Epoch: 89, Loss: 0.0005, lr: 0.000118, Train: 0.9900, Valid: 0.9657, Test: 0.9596
Run: 02, Epoch: 90, Loss: 0.0005, lr: 0.000118, Train: 0.9900, Valid: 0.9656, Test: 0.9597
Run: 02, Epoch: 91, Loss: 0.0005, lr: 0.000118, Train: 0.9900, Valid: 0.9656, Test: 0.9597
Run: 02, Epoch: 92, Loss: 0.0005, lr: 0.000118, Train: 0.9901, Valid: 0.9658, Test: 0.9597
Run: 02, Epoch: 93, Loss: 0.0005, lr: 0.000118, Train: 0.9901, Valid: 0.9659, Test: 0.9596
Run: 02, Epoch: 94, Loss: 0.0005, lr: 0.000118, Train: 0.9901, Valid: 0.9657, Test: 0.9596
Run: 02, Epoch: 95, Loss: 0.0005, lr: 0.000082, Train: 0.9902, Valid: 0.9656, Test: 0.9596
Run: 02, Epoch: 96, Loss: 0.0005, lr: 0.000082, Train: 0.9902, Valid: 0.9656, Test: 0.9596
Run: 02, Epoch: 97, Loss: 0.0005, lr: 0.000082, Train: 0.9902, Valid: 0.9657, Test: 0.9595
Run: 02, Epoch: 98, Loss: 0.0005, lr: 0.000082, Train: 0.9903, Valid: 0.9658, Test: 0.9595
Run: 02, Epoch: 99, Loss: 0.0004, lr: 0.000082, Train: 0.9903, Valid: 0.9659, Test: 0.9595
Run: 02, Epoch: 100, Loss: 0.0004, lr: 0.000082, Train: 0.9903, Valid: 0.9660, Test: 0.9595
Run 02:
Highest Train: 0.99
Highest Valid: 0.97
  Final Train: 0.99
   Final Test: 0.96
Run: 03, Epoch: 01, Loss: 0.0320, lr: 0.001000, Train: 0.2309, Valid: 0.1485, Test: 0.1295
Run: 03, Epoch: 02, Loss: 0.0088, lr: 0.001000, Train: 0.4781, Valid: 0.2447, Test: 0.4146
Run: 03, Epoch: 03, Loss: 0.0056, lr: 0.001000, Train: 0.6461, Valid: 0.3563, Test: 0.6095
Run: 03, Epoch: 04, Loss: 0.0042, lr: 0.001000, Train: 0.7214, Valid: 0.4214, Test: 0.7103
Run: 03, Epoch: 05, Loss: 0.0030, lr: 0.001000, Train: 0.7616, Valid: 0.4744, Test: 0.7666
Run: 03, Epoch: 06, Loss: 0.0024, lr: 0.001000, Train: 0.7868, Valid: 0.5305, Test: 0.7974
Run: 03, Epoch: 07, Loss: 0.0023, lr: 0.001000, Train: 0.8210, Valid: 0.6172, Test: 0.8267
Run: 03, Epoch: 08, Loss: 0.0023, lr: 0.001000, Train: 0.8643, Valid: 0.7159, Test: 0.8604
Run: 03, Epoch: 09, Loss: 0.0023, lr: 0.001000, Train: 0.8977, Valid: 0.7840, Test: 0.8879
Run: 03, Epoch: 10, Loss: 0.0022, lr: 0.001000, Train: 0.9034, Valid: 0.8090, Test: 0.8947
Run: 03, Epoch: 11, Loss: 0.0020, lr: 0.001000, Train: 0.9102, Valid: 0.8321, Test: 0.9027
Run: 03, Epoch: 12, Loss: 0.0019, lr: 0.001000, Train: 0.9263, Valid: 0.8622, Test: 0.9183
Run: 03, Epoch: 13, Loss: 0.0017, lr: 0.001000, Train: 0.9360, Valid: 0.8813, Test: 0.9276
Run: 03, Epoch: 14, Loss: 0.0016, lr: 0.001000, Train: 0.9433, Valid: 0.8916, Test: 0.9352
Run: 03, Epoch: 15, Loss: 0.0015, lr: 0.001000, Train: 0.9521, Valid: 0.8956, Test: 0.9433
Run: 03, Epoch: 16, Loss: 0.0014, lr: 0.001000, Train: 0.9519, Valid: 0.8841, Test: 0.9468
Run: 03, Epoch: 17, Loss: 0.0013, lr: 0.001000, Train: 0.9496, Valid: 0.8779, Test: 0.9477
Run: 03, Epoch: 18, Loss: 0.0012, lr: 0.001000, Train: 0.9523, Valid: 0.8844, Test: 0.9502
Run: 03, Epoch: 19, Loss: 0.0011, lr: 0.001000, Train: 0.9510, Valid: 0.8807, Test: 0.9534
Run: 03, Epoch: 20, Loss: 0.0011, lr: 0.001000, Train: 0.9476, Valid: 0.8729, Test: 0.9553
Run: 03, Epoch: 21, Loss: 0.0010, lr: 0.001000, Train: 0.9561, Valid: 0.8855, Test: 0.9590
Run: 03, Epoch: 22, Loss: 0.0010, lr: 0.000700, Train: 0.9592, Valid: 0.8885, Test: 0.9612
Run: 03, Epoch: 23, Loss: 0.0009, lr: 0.000700, Train: 0.9563, Valid: 0.8801, Test: 0.9620
Run: 03, Epoch: 24, Loss: 0.0009, lr: 0.000700, Train: 0.9572, Valid: 0.8796, Test: 0.9631
Run: 03, Epoch: 25, Loss: 0.0009, lr: 0.000700, Train: 0.9637, Valid: 0.8900, Test: 0.9649
Run: 03, Epoch: 26, Loss: 0.0009, lr: 0.000700, Train: 0.9654, Valid: 0.8946, Test: 0.9652
Run: 03, Epoch: 27, Loss: 0.0008, lr: 0.000700, Train: 0.9645, Valid: 0.8949, Test: 0.9645
Run: 03, Epoch: 28, Loss: 0.0008, lr: 0.000490, Train: 0.9678, Valid: 0.9024, Test: 0.9653
Run: 03, Epoch: 29, Loss: 0.0008, lr: 0.000490, Train: 0.9714, Valid: 0.9110, Test: 0.9661
Run: 03, Epoch: 30, Loss: 0.0008, lr: 0.000490, Train: 0.9723, Valid: 0.9136, Test: 0.9666
Run: 03, Epoch: 31, Loss: 0.0008, lr: 0.000490, Train: 0.9716, Valid: 0.9128, Test: 0.9671
Run: 03, Epoch: 32, Loss: 0.0008, lr: 0.000490, Train: 0.9731, Valid: 0.9154, Test: 0.9677
Run: 03, Epoch: 33, Loss: 0.0007, lr: 0.000490, Train: 0.9757, Valid: 0.9215, Test: 0.9678
Run: 03, Epoch: 34, Loss: 0.0007, lr: 0.000490, Train: 0.9765, Valid: 0.9246, Test: 0.9678
Run: 03, Epoch: 35, Loss: 0.0007, lr: 0.000490, Train: 0.9761, Valid: 0.9253, Test: 0.9679
Run: 03, Epoch: 36, Loss: 0.0007, lr: 0.000490, Train: 0.9769, Valid: 0.9290, Test: 0.9680
Run: 03, Epoch: 37, Loss: 0.0007, lr: 0.000490, Train: 0.9785, Valid: 0.9334, Test: 0.9677
Run: 03, Epoch: 38, Loss: 0.0007, lr: 0.000490, Train: 0.9789, Valid: 0.9348, Test: 0.9679
Run: 03, Epoch: 39, Loss: 0.0007, lr: 0.000490, Train: 0.9789, Valid: 0.9353, Test: 0.9684
Run: 03, Epoch: 40, Loss: 0.0007, lr: 0.000490, Train: 0.9798, Valid: 0.9368, Test: 0.9688
Run: 03, Epoch: 41, Loss: 0.0007, lr: 0.000490, Train: 0.9811, Valid: 0.9380, Test: 0.9692
Run: 03, Epoch: 42, Loss: 0.0007, lr: 0.000490, Train: 0.9816, Valid: 0.9377, Test: 0.9699
Run: 03, Epoch: 43, Loss: 0.0006, lr: 0.000490, Train: 0.9816, Valid: 0.9366, Test: 0.9708
Run: 03, Epoch: 44, Loss: 0.0006, lr: 0.000490, Train: 0.9822, Valid: 0.9358, Test: 0.9714
Run: 03, Epoch: 45, Loss: 0.0006, lr: 0.000490, Train: 0.9829, Valid: 0.9355, Test: 0.9717
Run: 03, Epoch: 46, Loss: 0.0006, lr: 0.000490, Train: 0.9832, Valid: 0.9356, Test: 0.9718
Run: 03, Epoch: 47, Loss: 0.0006, lr: 0.000490, Train: 0.9833, Valid: 0.9362, Test: 0.9720
Run: 03, Epoch: 48, Loss: 0.0006, lr: 0.000343, Train: 0.9836, Valid: 0.9367, Test: 0.9719
Run: 03, Epoch: 49, Loss: 0.0006, lr: 0.000343, Train: 0.9839, Valid: 0.9374, Test: 0.9717
Run: 03, Epoch: 50, Loss: 0.0006, lr: 0.000343, Train: 0.9841, Valid: 0.9383, Test: 0.9716
Run: 03, Epoch: 51, Loss: 0.0006, lr: 0.000343, Train: 0.9842, Valid: 0.9391, Test: 0.9717
Run: 03, Epoch: 52, Loss: 0.0006, lr: 0.000343, Train: 0.9843, Valid: 0.9399, Test: 0.9717
Run: 03, Epoch: 53, Loss: 0.0006, lr: 0.000343, Train: 0.9845, Valid: 0.9404, Test: 0.9717
Run: 03, Epoch: 54, Loss: 0.0006, lr: 0.000343, Train: 0.9848, Valid: 0.9407, Test: 0.9717
Run: 03, Epoch: 55, Loss: 0.0006, lr: 0.000343, Train: 0.9851, Valid: 0.9409, Test: 0.9719
Run: 03, Epoch: 56, Loss: 0.0006, lr: 0.000343, Train: 0.9853, Valid: 0.9408, Test: 0.9721
Run: 03, Epoch: 57, Loss: 0.0006, lr: 0.000343, Train: 0.9856, Valid: 0.9405, Test: 0.9721
Run: 03, Epoch: 58, Loss: 0.0006, lr: 0.000343, Train: 0.9858, Valid: 0.9398, Test: 0.9721
Run: 03, Epoch: 59, Loss: 0.0006, lr: 0.000343, Train: 0.9859, Valid: 0.9388, Test: 0.9723
Run: 03, Epoch: 60, Loss: 0.0005, lr: 0.000343, Train: 0.9860, Valid: 0.9376, Test: 0.9725
Run: 03, Epoch: 61, Loss: 0.0005, lr: 0.000343, Train: 0.9861, Valid: 0.9367, Test: 0.9727
Run: 03, Epoch: 62, Loss: 0.0005, lr: 0.000240, Train: 0.9863, Valid: 0.9366, Test: 0.9727
Run: 03, Epoch: 63, Loss: 0.0005, lr: 0.000240, Train: 0.9864, Valid: 0.9370, Test: 0.9728
Run: 03, Epoch: 64, Loss: 0.0005, lr: 0.000240, Train: 0.9865, Valid: 0.9376, Test: 0.9729
Run: 03, Epoch: 65, Loss: 0.0005, lr: 0.000240, Train: 0.9866, Valid: 0.9383, Test: 0.9730
Run: 03, Epoch: 66, Loss: 0.0005, lr: 0.000240, Train: 0.9867, Valid: 0.9390, Test: 0.9730
Run: 03, Epoch: 67, Loss: 0.0005, lr: 0.000240, Train: 0.9868, Valid: 0.9394, Test: 0.9729
Run: 03, Epoch: 68, Loss: 0.0005, lr: 0.000168, Train: 0.9870, Valid: 0.9391, Test: 0.9729
Run: 03, Epoch: 69, Loss: 0.0005, lr: 0.000168, Train: 0.9870, Valid: 0.9388, Test: 0.9729
Run: 03, Epoch: 70, Loss: 0.0005, lr: 0.000168, Train: 0.9871, Valid: 0.9382, Test: 0.9730
Run: 03, Epoch: 71, Loss: 0.0005, lr: 0.000168, Train: 0.9872, Valid: 0.9375, Test: 0.9730
Run: 03, Epoch: 72, Loss: 0.0005, lr: 0.000168, Train: 0.9873, Valid: 0.9367, Test: 0.9729
Run: 03, Epoch: 73, Loss: 0.0005, lr: 0.000168, Train: 0.9874, Valid: 0.9361, Test: 0.9730
Run: 03, Epoch: 74, Loss: 0.0005, lr: 0.000118, Train: 0.9874, Valid: 0.9355, Test: 0.9731
Run: 03, Epoch: 75, Loss: 0.0005, lr: 0.000118, Train: 0.9875, Valid: 0.9351, Test: 0.9731
Run: 03, Epoch: 76, Loss: 0.0005, lr: 0.000118, Train: 0.9876, Valid: 0.9346, Test: 0.9732
Run: 03, Epoch: 77, Loss: 0.0005, lr: 0.000118, Train: 0.9876, Valid: 0.9342, Test: 0.9733
Run: 03, Epoch: 78, Loss: 0.0005, lr: 0.000118, Train: 0.9877, Valid: 0.9337, Test: 0.9733
Run: 03, Epoch: 79, Loss: 0.0005, lr: 0.000118, Train: 0.9878, Valid: 0.9333, Test: 0.9733
Run: 03, Epoch: 80, Loss: 0.0005, lr: 0.000082, Train: 0.9878, Valid: 0.9330, Test: 0.9733
Run: 03, Epoch: 81, Loss: 0.0005, lr: 0.000082, Train: 0.9879, Valid: 0.9328, Test: 0.9733
Run: 03, Epoch: 82, Loss: 0.0005, lr: 0.000082, Train: 0.9879, Valid: 0.9326, Test: 0.9734
Run: 03, Epoch: 83, Loss: 0.0005, lr: 0.000082, Train: 0.9879, Valid: 0.9326, Test: 0.9734
Run: 03, Epoch: 84, Loss: 0.0005, lr: 0.000082, Train: 0.9880, Valid: 0.9326, Test: 0.9734
Run: 03, Epoch: 85, Loss: 0.0005, lr: 0.000082, Train: 0.9880, Valid: 0.9326, Test: 0.9734
Run: 03, Epoch: 86, Loss: 0.0005, lr: 0.000058, Train: 0.9881, Valid: 0.9325, Test: 0.9733
Run: 03, Epoch: 87, Loss: 0.0005, lr: 0.000058, Train: 0.9881, Valid: 0.9324, Test: 0.9734
Run: 03, Epoch: 88, Loss: 0.0005, lr: 0.000058, Train: 0.9881, Valid: 0.9324, Test: 0.9734
Run: 03, Epoch: 89, Loss: 0.0005, lr: 0.000058, Train: 0.9881, Valid: 0.9324, Test: 0.9734
Run: 03, Epoch: 90, Loss: 0.0005, lr: 0.000058, Train: 0.9882, Valid: 0.9324, Test: 0.9734
Run: 03, Epoch: 91, Loss: 0.0005, lr: 0.000058, Train: 0.9882, Valid: 0.9324, Test: 0.9734
Run: 03, Epoch: 92, Loss: 0.0005, lr: 0.000040, Train: 0.9882, Valid: 0.9324, Test: 0.9734
Run: 03, Epoch: 93, Loss: 0.0005, lr: 0.000040, Train: 0.9882, Valid: 0.9324, Test: 0.9734
Run: 03, Epoch: 94, Loss: 0.0005, lr: 0.000040, Train: 0.9882, Valid: 0.9324, Test: 0.9734
Run: 03, Epoch: 95, Loss: 0.0005, lr: 0.000040, Train: 0.9882, Valid: 0.9324, Test: 0.9734
Run: 03, Epoch: 96, Loss: 0.0005, lr: 0.000040, Train: 0.9883, Valid: 0.9323, Test: 0.9734
Run: 03, Epoch: 97, Loss: 0.0005, lr: 0.000040, Train: 0.9883, Valid: 0.9323, Test: 0.9734
Run: 03, Epoch: 98, Loss: 0.0005, lr: 0.000028, Train: 0.9883, Valid: 0.9322, Test: 0.9734
Run: 03, Epoch: 99, Loss: 0.0005, lr: 0.000028, Train: 0.9883, Valid: 0.9322, Test: 0.9734
Run: 03, Epoch: 100, Loss: 0.0005, lr: 0.000028, Train: 0.9883, Valid: 0.9321, Test: 0.9734
Run 03:
Highest Train: 0.99
Highest Valid: 0.94
  Final Train: 0.99
   Final Test: 0.97
Run: 04, Epoch: 01, Loss: 0.0341, lr: 0.001000, Train: -0.0896, Valid: -0.3129, Test: -0.0012
Run: 04, Epoch: 02, Loss: 0.0119, lr: 0.001000, Train: -0.0511, Valid: -0.4027, Test: 0.0576
Run: 04, Epoch: 03, Loss: 0.0096, lr: 0.001000, Train: 0.2222, Valid: -0.1803, Test: 0.2927
Run: 04, Epoch: 04, Loss: 0.0072, lr: 0.001000, Train: 0.5064, Valid: 0.1152, Test: 0.5371
Run: 04, Epoch: 05, Loss: 0.0047, lr: 0.001000, Train: 0.7139, Valid: 0.4076, Test: 0.7273
Run: 04, Epoch: 06, Loss: 0.0035, lr: 0.001000, Train: 0.8258, Valid: 0.6244, Test: 0.8320
Run: 04, Epoch: 07, Loss: 0.0031, lr: 0.001000, Train: 0.8677, Valid: 0.7315, Test: 0.8719
Run: 04, Epoch: 08, Loss: 0.0029, lr: 0.001000, Train: 0.8760, Valid: 0.7718, Test: 0.8781
Run: 04, Epoch: 09, Loss: 0.0028, lr: 0.001000, Train: 0.8733, Valid: 0.7816, Test: 0.8728
Run: 04, Epoch: 10, Loss: 0.0028, lr: 0.001000, Train: 0.8767, Valid: 0.7938, Test: 0.8718
Run: 04, Epoch: 11, Loss: 0.0027, lr: 0.001000, Train: 0.8872, Valid: 0.8133, Test: 0.8792
Run: 04, Epoch: 12, Loss: 0.0026, lr: 0.001000, Train: 0.9050, Valid: 0.8449, Test: 0.8944
Run: 04, Epoch: 13, Loss: 0.0024, lr: 0.001000, Train: 0.9221, Valid: 0.8785, Test: 0.9102
Run: 04, Epoch: 14, Loss: 0.0022, lr: 0.001000, Train: 0.9353, Valid: 0.9100, Test: 0.9241
Run: 04, Epoch: 15, Loss: 0.0021, lr: 0.001000, Train: 0.9430, Valid: 0.9307, Test: 0.9334
Run: 04, Epoch: 16, Loss: 0.0019, lr: 0.001000, Train: 0.9453, Valid: 0.9378, Test: 0.9376
Run: 04, Epoch: 17, Loss: 0.0018, lr: 0.001000, Train: 0.9458, Valid: 0.9414, Test: 0.9403
Run: 04, Epoch: 18, Loss: 0.0017, lr: 0.001000, Train: 0.9467, Valid: 0.9428, Test: 0.9427
Run: 04, Epoch: 19, Loss: 0.0016, lr: 0.001000, Train: 0.9490, Valid: 0.9444, Test: 0.9448
Run: 04, Epoch: 20, Loss: 0.0015, lr: 0.001000, Train: 0.9504, Valid: 0.9446, Test: 0.9474
Run: 04, Epoch: 21, Loss: 0.0015, lr: 0.001000, Train: 0.9480, Valid: 0.9412, Test: 0.9475
Run: 04, Epoch: 22, Loss: 0.0014, lr: 0.001000, Train: 0.9456, Valid: 0.9364, Test: 0.9459
Run: 04, Epoch: 23, Loss: 0.0013, lr: 0.001000, Train: 0.9550, Valid: 0.9441, Test: 0.9528
Run: 04, Epoch: 24, Loss: 0.0012, lr: 0.001000, Train: 0.9587, Valid: 0.9451, Test: 0.9561
Run: 04, Epoch: 25, Loss: 0.0012, lr: 0.001000, Train: 0.9553, Valid: 0.9401, Test: 0.9567
Run: 04, Epoch: 26, Loss: 0.0011, lr: 0.001000, Train: 0.9563, Valid: 0.9386, Test: 0.9602
Run: 04, Epoch: 27, Loss: 0.0011, lr: 0.001000, Train: 0.9641, Valid: 0.9393, Test: 0.9657
Run: 04, Epoch: 28, Loss: 0.0010, lr: 0.001000, Train: 0.9657, Valid: 0.9382, Test: 0.9683
Run: 04, Epoch: 29, Loss: 0.0010, lr: 0.001000, Train: 0.9655, Valid: 0.9369, Test: 0.9704
Run: 04, Epoch: 30, Loss: 0.0010, lr: 0.001000, Train: 0.9685, Valid: 0.9365, Test: 0.9717
Run: 04, Epoch: 31, Loss: 0.0009, lr: 0.000700, Train: 0.9701, Valid: 0.9372, Test: 0.9726
Run: 04, Epoch: 32, Loss: 0.0009, lr: 0.000700, Train: 0.9707, Valid: 0.9393, Test: 0.9743
Run: 04, Epoch: 33, Loss: 0.0009, lr: 0.000700, Train: 0.9707, Valid: 0.9410, Test: 0.9755
Run: 04, Epoch: 34, Loss: 0.0009, lr: 0.000700, Train: 0.9732, Valid: 0.9423, Test: 0.9750
Run: 04, Epoch: 35, Loss: 0.0009, lr: 0.000700, Train: 0.9743, Valid: 0.9423, Test: 0.9743
Run: 04, Epoch: 36, Loss: 0.0009, lr: 0.000700, Train: 0.9744, Valid: 0.9441, Test: 0.9757
Run: 04, Epoch: 37, Loss: 0.0008, lr: 0.000490, Train: 0.9746, Valid: 0.9451, Test: 0.9761
Run: 04, Epoch: 38, Loss: 0.0008, lr: 0.000490, Train: 0.9755, Valid: 0.9461, Test: 0.9760
Run: 04, Epoch: 39, Loss: 0.0008, lr: 0.000490, Train: 0.9764, Valid: 0.9475, Test: 0.9757
Run: 04, Epoch: 40, Loss: 0.0008, lr: 0.000490, Train: 0.9766, Valid: 0.9489, Test: 0.9757
Run: 04, Epoch: 41, Loss: 0.0008, lr: 0.000490, Train: 0.9763, Valid: 0.9495, Test: 0.9755
Run: 04, Epoch: 42, Loss: 0.0008, lr: 0.000490, Train: 0.9766, Valid: 0.9504, Test: 0.9753
Run: 04, Epoch: 43, Loss: 0.0008, lr: 0.000490, Train: 0.9776, Valid: 0.9518, Test: 0.9753
Run: 04, Epoch: 44, Loss: 0.0007, lr: 0.000490, Train: 0.9781, Valid: 0.9527, Test: 0.9753
Run: 04, Epoch: 45, Loss: 0.0007, lr: 0.000490, Train: 0.9779, Valid: 0.9526, Test: 0.9752
Run: 04, Epoch: 46, Loss: 0.0007, lr: 0.000490, Train: 0.9778, Valid: 0.9524, Test: 0.9751
Run: 04, Epoch: 47, Loss: 0.0007, lr: 0.000490, Train: 0.9788, Valid: 0.9536, Test: 0.9751
Run: 04, Epoch: 48, Loss: 0.0007, lr: 0.000490, Train: 0.9799, Valid: 0.9547, Test: 0.9752
Run: 04, Epoch: 49, Loss: 0.0007, lr: 0.000490, Train: 0.9804, Valid: 0.9551, Test: 0.9754
Run: 04, Epoch: 50, Loss: 0.0007, lr: 0.000490, Train: 0.9806, Valid: 0.9552, Test: 0.9757
Run: 04, Epoch: 51, Loss: 0.0007, lr: 0.000490, Train: 0.9810, Valid: 0.9556, Test: 0.9758
Run: 04, Epoch: 52, Loss: 0.0007, lr: 0.000490, Train: 0.9819, Valid: 0.9564, Test: 0.9758
Run: 04, Epoch: 53, Loss: 0.0007, lr: 0.000490, Train: 0.9824, Valid: 0.9568, Test: 0.9758
Run: 04, Epoch: 54, Loss: 0.0007, lr: 0.000490, Train: 0.9824, Valid: 0.9565, Test: 0.9759
Run: 04, Epoch: 55, Loss: 0.0007, lr: 0.000490, Train: 0.9825, Valid: 0.9564, Test: 0.9758
Run: 04, Epoch: 56, Loss: 0.0007, lr: 0.000490, Train: 0.9832, Valid: 0.9568, Test: 0.9757
Run: 04, Epoch: 57, Loss: 0.0006, lr: 0.000490, Train: 0.9835, Valid: 0.9567, Test: 0.9756
Run: 04, Epoch: 58, Loss: 0.0006, lr: 0.000490, Train: 0.9834, Valid: 0.9563, Test: 0.9755
Run: 04, Epoch: 59, Loss: 0.0006, lr: 0.000490, Train: 0.9835, Valid: 0.9562, Test: 0.9753
Run: 04, Epoch: 60, Loss: 0.0006, lr: 0.000343, Train: 0.9839, Valid: 0.9565, Test: 0.9752
Run: 04, Epoch: 61, Loss: 0.0006, lr: 0.000343, Train: 0.9842, Valid: 0.9567, Test: 0.9751
Run: 04, Epoch: 62, Loss: 0.0006, lr: 0.000343, Train: 0.9842, Valid: 0.9568, Test: 0.9752
Run: 04, Epoch: 63, Loss: 0.0006, lr: 0.000343, Train: 0.9843, Valid: 0.9568, Test: 0.9752
Run: 04, Epoch: 64, Loss: 0.0006, lr: 0.000343, Train: 0.9845, Valid: 0.9571, Test: 0.9753
Run: 04, Epoch: 65, Loss: 0.0006, lr: 0.000343, Train: 0.9848, Valid: 0.9575, Test: 0.9753
Run: 04, Epoch: 66, Loss: 0.0006, lr: 0.000343, Train: 0.9850, Valid: 0.9579, Test: 0.9754
Run: 04, Epoch: 67, Loss: 0.0006, lr: 0.000343, Train: 0.9851, Valid: 0.9581, Test: 0.9755
Run: 04, Epoch: 68, Loss: 0.0006, lr: 0.000343, Train: 0.9852, Valid: 0.9585, Test: 0.9755
Run: 04, Epoch: 69, Loss: 0.0006, lr: 0.000343, Train: 0.9854, Valid: 0.9589, Test: 0.9755
Run: 04, Epoch: 70, Loss: 0.0006, lr: 0.000343, Train: 0.9856, Valid: 0.9593, Test: 0.9755
Run: 04, Epoch: 71, Loss: 0.0006, lr: 0.000343, Train: 0.9857, Valid: 0.9597, Test: 0.9756
Run: 04, Epoch: 72, Loss: 0.0006, lr: 0.000343, Train: 0.9858, Valid: 0.9600, Test: 0.9758
Run: 04, Epoch: 73, Loss: 0.0006, lr: 0.000343, Train: 0.9859, Valid: 0.9603, Test: 0.9758
Run: 04, Epoch: 74, Loss: 0.0006, lr: 0.000343, Train: 0.9860, Valid: 0.9605, Test: 0.9757
Run: 04, Epoch: 75, Loss: 0.0006, lr: 0.000343, Train: 0.9861, Valid: 0.9607, Test: 0.9757
Run: 04, Epoch: 76, Loss: 0.0006, lr: 0.000343, Train: 0.9862, Valid: 0.9608, Test: 0.9756
Run: 04, Epoch: 77, Loss: 0.0006, lr: 0.000343, Train: 0.9862, Valid: 0.9609, Test: 0.9755
Run: 04, Epoch: 78, Loss: 0.0006, lr: 0.000343, Train: 0.9863, Valid: 0.9608, Test: 0.9753
Run: 04, Epoch: 79, Loss: 0.0006, lr: 0.000343, Train: 0.9864, Valid: 0.9608, Test: 0.9752
Run: 04, Epoch: 80, Loss: 0.0006, lr: 0.000343, Train: 0.9865, Valid: 0.9609, Test: 0.9751
Run: 04, Epoch: 81, Loss: 0.0006, lr: 0.000343, Train: 0.9866, Valid: 0.9611, Test: 0.9751
Run: 04, Epoch: 82, Loss: 0.0006, lr: 0.000343, Train: 0.9867, Valid: 0.9612, Test: 0.9752
Run: 04, Epoch: 83, Loss: 0.0006, lr: 0.000343, Train: 0.9867, Valid: 0.9613, Test: 0.9753
Run: 04, Epoch: 84, Loss: 0.0006, lr: 0.000343, Train: 0.9868, Valid: 0.9613, Test: 0.9754
Run: 04, Epoch: 85, Loss: 0.0005, lr: 0.000343, Train: 0.9869, Valid: 0.9613, Test: 0.9755
Run: 04, Epoch: 86, Loss: 0.0005, lr: 0.000343, Train: 0.9869, Valid: 0.9613, Test: 0.9754
Run: 04, Epoch: 87, Loss: 0.0005, lr: 0.000343, Train: 0.9870, Valid: 0.9614, Test: 0.9754
Run: 04, Epoch: 88, Loss: 0.0005, lr: 0.000343, Train: 0.9871, Valid: 0.9614, Test: 0.9754
Run: 04, Epoch: 89, Loss: 0.0005, lr: 0.000343, Train: 0.9871, Valid: 0.9615, Test: 0.9754
Run: 04, Epoch: 90, Loss: 0.0005, lr: 0.000343, Train: 0.9872, Valid: 0.9615, Test: 0.9755
Run: 04, Epoch: 91, Loss: 0.0005, lr: 0.000343, Train: 0.9872, Valid: 0.9616, Test: 0.9756
Run: 04, Epoch: 92, Loss: 0.0005, lr: 0.000343, Train: 0.9873, Valid: 0.9616, Test: 0.9755
Run: 04, Epoch: 93, Loss: 0.0005, lr: 0.000343, Train: 0.9873, Valid: 0.9615, Test: 0.9754
Run: 04, Epoch: 94, Loss: 0.0005, lr: 0.000343, Train: 0.9874, Valid: 0.9614, Test: 0.9752
Run: 04, Epoch: 95, Loss: 0.0005, lr: 0.000343, Train: 0.9875, Valid: 0.9612, Test: 0.9751
Run: 04, Epoch: 96, Loss: 0.0005, lr: 0.000343, Train: 0.9875, Valid: 0.9612, Test: 0.9752
Run: 04, Epoch: 97, Loss: 0.0005, lr: 0.000343, Train: 0.9876, Valid: 0.9612, Test: 0.9753
Run: 04, Epoch: 98, Loss: 0.0005, lr: 0.000240, Train: 0.9876, Valid: 0.9612, Test: 0.9753
Run: 04, Epoch: 99, Loss: 0.0005, lr: 0.000240, Train: 0.9877, Valid: 0.9613, Test: 0.9752
Run: 04, Epoch: 100, Loss: 0.0005, lr: 0.000240, Train: 0.9877, Valid: 0.9612, Test: 0.9752
Run 04:
Highest Train: 0.99
Highest Valid: 0.96
  Final Train: 0.99
   Final Test: 0.98
Run: 05, Epoch: 01, Loss: 0.0505, lr: 0.001000, Train: 0.1012, Valid: -0.9916, Test: -0.3834
Run: 05, Epoch: 02, Loss: 0.0101, lr: 0.001000, Train: 0.0450, Valid: -1.5220, Test: -0.7925
Run: 05, Epoch: 03, Loss: 0.0092, lr: 0.001000, Train: 0.2267, Valid: -1.1243, Test: -0.6170
Run: 05, Epoch: 04, Loss: 0.0068, lr: 0.001000, Train: 0.4629, Valid: -0.4109, Test: -0.2056
Run: 05, Epoch: 05, Loss: 0.0044, lr: 0.001000, Train: 0.6745, Valid: 0.2128, Test: 0.2094
Run: 05, Epoch: 06, Loss: 0.0038, lr: 0.001000, Train: 0.7870, Valid: 0.5030, Test: 0.4229
Run: 05, Epoch: 07, Loss: 0.0033, lr: 0.001000, Train: 0.8418, Valid: 0.6315, Test: 0.5287
Run: 05, Epoch: 08, Loss: 0.0030, lr: 0.001000, Train: 0.8777, Valid: 0.7118, Test: 0.6057
Run: 05, Epoch: 09, Loss: 0.0028, lr: 0.001000, Train: 0.9062, Valid: 0.7762, Test: 0.6808
Run: 05, Epoch: 10, Loss: 0.0026, lr: 0.001000, Train: 0.9285, Valid: 0.8285, Test: 0.7541
Run: 05, Epoch: 11, Loss: 0.0024, lr: 0.001000, Train: 0.9432, Valid: 0.8624, Test: 0.8154
Run: 05, Epoch: 12, Loss: 0.0021, lr: 0.001000, Train: 0.9504, Valid: 0.8791, Test: 0.8603
Run: 05, Epoch: 13, Loss: 0.0019, lr: 0.001000, Train: 0.9516, Valid: 0.8793, Test: 0.8835
Run: 05, Epoch: 14, Loss: 0.0019, lr: 0.001000, Train: 0.9533, Valid: 0.8668, Test: 0.9004
Run: 05, Epoch: 15, Loss: 0.0018, lr: 0.001000, Train: 0.9548, Valid: 0.8517, Test: 0.9112
Run: 05, Epoch: 16, Loss: 0.0017, lr: 0.001000, Train: 0.9556, Valid: 0.8424, Test: 0.9183
Run: 05, Epoch: 17, Loss: 0.0015, lr: 0.001000, Train: 0.9548, Valid: 0.8373, Test: 0.9205
Run: 05, Epoch: 18, Loss: 0.0014, lr: 0.001000, Train: 0.9541, Valid: 0.8377, Test: 0.9217
Run: 05, Epoch: 19, Loss: 0.0014, lr: 0.001000, Train: 0.9572, Valid: 0.8386, Test: 0.9291
Run: 05, Epoch: 20, Loss: 0.0013, lr: 0.000700, Train: 0.9582, Valid: 0.8410, Test: 0.9330
Run: 05, Epoch: 21, Loss: 0.0013, lr: 0.000700, Train: 0.9585, Valid: 0.8440, Test: 0.9351
Run: 05, Epoch: 22, Loss: 0.0013, lr: 0.000700, Train: 0.9597, Valid: 0.8448, Test: 0.9385
Run: 05, Epoch: 23, Loss: 0.0012, lr: 0.000700, Train: 0.9606, Valid: 0.8450, Test: 0.9408
Run: 05, Epoch: 24, Loss: 0.0012, lr: 0.000700, Train: 0.9617, Valid: 0.8488, Test: 0.9436
Run: 05, Epoch: 25, Loss: 0.0012, lr: 0.000700, Train: 0.9630, Valid: 0.8562, Test: 0.9461
Run: 05, Epoch: 26, Loss: 0.0011, lr: 0.000490, Train: 0.9652, Valid: 0.8611, Test: 0.9485
Run: 05, Epoch: 27, Loss: 0.0011, lr: 0.000490, Train: 0.9670, Valid: 0.8641, Test: 0.9499
Run: 05, Epoch: 28, Loss: 0.0011, lr: 0.000490, Train: 0.9686, Valid: 0.8685, Test: 0.9520
Run: 05, Epoch: 29, Loss: 0.0011, lr: 0.000490, Train: 0.9699, Valid: 0.8763, Test: 0.9544
Run: 05, Epoch: 30, Loss: 0.0010, lr: 0.000490, Train: 0.9707, Valid: 0.8836, Test: 0.9554
Run: 05, Epoch: 31, Loss: 0.0010, lr: 0.000490, Train: 0.9721, Valid: 0.8877, Test: 0.9568
Run: 05, Epoch: 32, Loss: 0.0010, lr: 0.000490, Train: 0.9737, Valid: 0.8902, Test: 0.9581
Run: 05, Epoch: 33, Loss: 0.0010, lr: 0.000490, Train: 0.9746, Valid: 0.8950, Test: 0.9589
Run: 05, Epoch: 34, Loss: 0.0010, lr: 0.000490, Train: 0.9748, Valid: 0.9012, Test: 0.9591
Run: 05, Epoch: 35, Loss: 0.0009, lr: 0.000490, Train: 0.9753, Valid: 0.9050, Test: 0.9590
Run: 05, Epoch: 36, Loss: 0.0009, lr: 0.000490, Train: 0.9764, Valid: 0.9043, Test: 0.9588
Run: 05, Epoch: 37, Loss: 0.0009, lr: 0.000490, Train: 0.9768, Valid: 0.9025, Test: 0.9579
Run: 05, Epoch: 38, Loss: 0.0009, lr: 0.000490, Train: 0.9768, Valid: 0.9036, Test: 0.9573
Run: 05, Epoch: 39, Loss: 0.0009, lr: 0.000490, Train: 0.9767, Valid: 0.9048, Test: 0.9567
Run: 05, Epoch: 40, Loss: 0.0009, lr: 0.000490, Train: 0.9776, Valid: 0.9051, Test: 0.9569
Run: 05, Epoch: 41, Loss: 0.0009, lr: 0.000490, Train: 0.9786, Valid: 0.9051, Test: 0.9573
Run: 05, Epoch: 42, Loss: 0.0008, lr: 0.000490, Train: 0.9791, Valid: 0.9076, Test: 0.9575
Run: 05, Epoch: 43, Loss: 0.0008, lr: 0.000490, Train: 0.9791, Valid: 0.9107, Test: 0.9572
Run: 05, Epoch: 44, Loss: 0.0008, lr: 0.000490, Train: 0.9796, Valid: 0.9120, Test: 0.9574
Run: 05, Epoch: 45, Loss: 0.0008, lr: 0.000490, Train: 0.9804, Valid: 0.9120, Test: 0.9580
Run: 05, Epoch: 46, Loss: 0.0008, lr: 0.000490, Train: 0.9805, Valid: 0.9133, Test: 0.9577
Run: 05, Epoch: 47, Loss: 0.0008, lr: 0.000490, Train: 0.9804, Valid: 0.9160, Test: 0.9571
Run: 05, Epoch: 48, Loss: 0.0008, lr: 0.000490, Train: 0.9809, Valid: 0.9184, Test: 0.9573
Run: 05, Epoch: 49, Loss: 0.0008, lr: 0.000490, Train: 0.9817, Valid: 0.9208, Test: 0.9578
Run: 05, Epoch: 50, Loss: 0.0008, lr: 0.000490, Train: 0.9820, Valid: 0.9251, Test: 0.9576
Run: 05, Epoch: 51, Loss: 0.0007, lr: 0.000490, Train: 0.9821, Valid: 0.9304, Test: 0.9567
Run: 05, Epoch: 52, Loss: 0.0007, lr: 0.000490, Train: 0.9827, Valid: 0.9339, Test: 0.9565
Run: 05, Epoch: 53, Loss: 0.0007, lr: 0.000490, Train: 0.9834, Valid: 0.9366, Test: 0.9562
Run: 05, Epoch: 54, Loss: 0.0007, lr: 0.000490, Train: 0.9834, Valid: 0.9396, Test: 0.9550
Run: 05, Epoch: 55, Loss: 0.0007, lr: 0.000490, Train: 0.9836, Valid: 0.9415, Test: 0.9544
Run: 05, Epoch: 56, Loss: 0.0007, lr: 0.000490, Train: 0.9844, Valid: 0.9417, Test: 0.9553
Run: 05, Epoch: 57, Loss: 0.0007, lr: 0.000490, Train: 0.9848, Valid: 0.9412, Test: 0.9558
Run: 05, Epoch: 58, Loss: 0.0007, lr: 0.000490, Train: 0.9849, Valid: 0.9423, Test: 0.9556
Run: 05, Epoch: 59, Loss: 0.0007, lr: 0.000490, Train: 0.9853, Valid: 0.9427, Test: 0.9557
Run: 05, Epoch: 60, Loss: 0.0007, lr: 0.000490, Train: 0.9855, Valid: 0.9429, Test: 0.9558
Run: 05, Epoch: 61, Loss: 0.0007, lr: 0.000490, Train: 0.9856, Valid: 0.9445, Test: 0.9558
Run: 05, Epoch: 62, Loss: 0.0007, lr: 0.000490, Train: 0.9857, Valid: 0.9454, Test: 0.9560
Run: 05, Epoch: 63, Loss: 0.0007, lr: 0.000490, Train: 0.9860, Valid: 0.9445, Test: 0.9562
Run: 05, Epoch: 64, Loss: 0.0007, lr: 0.000490, Train: 0.9861, Valid: 0.9453, Test: 0.9558
Run: 05, Epoch: 65, Loss: 0.0006, lr: 0.000490, Train: 0.9862, Valid: 0.9461, Test: 0.9551
Run: 05, Epoch: 66, Loss: 0.0006, lr: 0.000490, Train: 0.9864, Valid: 0.9462, Test: 0.9547
Run: 05, Epoch: 67, Loss: 0.0006, lr: 0.000490, Train: 0.9865, Valid: 0.9470, Test: 0.9543
Run: 05, Epoch: 68, Loss: 0.0006, lr: 0.000490, Train: 0.9865, Valid: 0.9482, Test: 0.9539
Run: 05, Epoch: 69, Loss: 0.0006, lr: 0.000490, Train: 0.9868, Valid: 0.9485, Test: 0.9542
Run: 05, Epoch: 70, Loss: 0.0006, lr: 0.000490, Train: 0.9870, Valid: 0.9490, Test: 0.9541
Run: 05, Epoch: 71, Loss: 0.0006, lr: 0.000490, Train: 0.9870, Valid: 0.9507, Test: 0.9533
Run: 05, Epoch: 72, Loss: 0.0006, lr: 0.000490, Train: 0.9871, Valid: 0.9512, Test: 0.9525
Run: 05, Epoch: 73, Loss: 0.0006, lr: 0.000490, Train: 0.9874, Valid: 0.9510, Test: 0.9522
Run: 05, Epoch: 74, Loss: 0.0006, lr: 0.000490, Train: 0.9872, Valid: 0.9520, Test: 0.9518
Run: 05, Epoch: 75, Loss: 0.0006, lr: 0.000490, Train: 0.9877, Valid: 0.9502, Test: 0.9526
Run: 05, Epoch: 76, Loss: 0.0006, lr: 0.000490, Train: 0.9877, Valid: 0.9503, Test: 0.9531
Run: 05, Epoch: 77, Loss: 0.0006, lr: 0.000490, Train: 0.9877, Valid: 0.9511, Test: 0.9529
Run: 05, Epoch: 78, Loss: 0.0006, lr: 0.000490, Train: 0.9878, Valid: 0.9496, Test: 0.9527
Run: 05, Epoch: 79, Loss: 0.0006, lr: 0.000490, Train: 0.9879, Valid: 0.9519, Test: 0.9531
Run: 05, Epoch: 80, Loss: 0.0006, lr: 0.000490, Train: 0.9881, Valid: 0.9514, Test: 0.9531
Run: 05, Epoch: 81, Loss: 0.0006, lr: 0.000343, Train: 0.9882, Valid: 0.9522, Test: 0.9530
Run: 05, Epoch: 82, Loss: 0.0006, lr: 0.000343, Train: 0.9882, Valid: 0.9532, Test: 0.9526
Run: 05, Epoch: 83, Loss: 0.0006, lr: 0.000343, Train: 0.9884, Valid: 0.9537, Test: 0.9521
Run: 05, Epoch: 84, Loss: 0.0006, lr: 0.000343, Train: 0.9884, Valid: 0.9541, Test: 0.9517
Run: 05, Epoch: 85, Loss: 0.0006, lr: 0.000343, Train: 0.9885, Valid: 0.9545, Test: 0.9514
Run: 05, Epoch: 86, Loss: 0.0006, lr: 0.000343, Train: 0.9886, Valid: 0.9541, Test: 0.9511
Run: 05, Epoch: 87, Loss: 0.0006, lr: 0.000343, Train: 0.9886, Valid: 0.9550, Test: 0.9508
Run: 05, Epoch: 88, Loss: 0.0006, lr: 0.000343, Train: 0.9886, Valid: 0.9564, Test: 0.9505
Run: 05, Epoch: 89, Loss: 0.0006, lr: 0.000343, Train: 0.9888, Valid: 0.9564, Test: 0.9506
Run: 05, Epoch: 90, Loss: 0.0006, lr: 0.000343, Train: 0.9888, Valid: 0.9568, Test: 0.9507
Run: 05, Epoch: 91, Loss: 0.0005, lr: 0.000343, Train: 0.9888, Valid: 0.9568, Test: 0.9504
Run: 05, Epoch: 92, Loss: 0.0005, lr: 0.000343, Train: 0.9889, Valid: 0.9556, Test: 0.9500
Run: 05, Epoch: 93, Loss: 0.0005, lr: 0.000343, Train: 0.9889, Valid: 0.9560, Test: 0.9498
Run: 05, Epoch: 94, Loss: 0.0005, lr: 0.000343, Train: 0.9889, Valid: 0.9564, Test: 0.9499
Run: 05, Epoch: 95, Loss: 0.0005, lr: 0.000343, Train: 0.9890, Valid: 0.9555, Test: 0.9503
Run: 05, Epoch: 96, Loss: 0.0005, lr: 0.000343, Train: 0.9891, Valid: 0.9564, Test: 0.9501
Run: 05, Epoch: 97, Loss: 0.0005, lr: 0.000240, Train: 0.9891, Valid: 0.9570, Test: 0.9498
Run: 05, Epoch: 98, Loss: 0.0005, lr: 0.000240, Train: 0.9892, Valid: 0.9567, Test: 0.9498
Run: 05, Epoch: 99, Loss: 0.0005, lr: 0.000240, Train: 0.9892, Valid: 0.9565, Test: 0.9499
Run: 05, Epoch: 100, Loss: 0.0005, lr: 0.000240, Train: 0.9892, Valid: 0.9570, Test: 0.9498
Run 05:
Highest Train: 0.99
Highest Valid: 0.96
  Final Train: 0.99
   Final Test: 0.95
Run: 06, Epoch: 01, Loss: 0.0548, lr: 0.001000, Train: 0.1178, Valid: -0.0636, Test: 0.1385
Run: 06, Epoch: 02, Loss: 0.0129, lr: 0.001000, Train: -0.2707, Valid: -0.6072, Test: -0.3518
Run: 06, Epoch: 03, Loss: 0.0108, lr: 0.001000, Train: -0.1451, Valid: -0.4241, Test: -0.2761
Run: 06, Epoch: 04, Loss: 0.0090, lr: 0.001000, Train: 0.1135, Valid: -0.0490, Test: 0.0008
Run: 06, Epoch: 05, Loss: 0.0065, lr: 0.001000, Train: 0.3584, Valid: 0.2962, Test: 0.2918
Run: 06, Epoch: 06, Loss: 0.0049, lr: 0.001000, Train: 0.5544, Valid: 0.5547, Test: 0.5267
Run: 06, Epoch: 07, Loss: 0.0038, lr: 0.001000, Train: 0.7014, Valid: 0.7281, Test: 0.6934
Run: 06, Epoch: 08, Loss: 0.0031, lr: 0.001000, Train: 0.7954, Valid: 0.8259, Test: 0.7938
Run: 06, Epoch: 09, Loss: 0.0032, lr: 0.001000, Train: 0.8287, Valid: 0.8564, Test: 0.8287
Run: 06, Epoch: 10, Loss: 0.0029, lr: 0.001000, Train: 0.8441, Valid: 0.8676, Test: 0.8433
Run: 06, Epoch: 11, Loss: 0.0027, lr: 0.001000, Train: 0.8681, Valid: 0.8884, Test: 0.8642
Run: 06, Epoch: 12, Loss: 0.0025, lr: 0.001000, Train: 0.8932, Valid: 0.9079, Test: 0.8830
Run: 06, Epoch: 13, Loss: 0.0023, lr: 0.001000, Train: 0.9126, Valid: 0.9206, Test: 0.8951
Run: 06, Epoch: 14, Loss: 0.0022, lr: 0.001000, Train: 0.9227, Valid: 0.9276, Test: 0.9013
Run: 06, Epoch: 15, Loss: 0.0020, lr: 0.001000, Train: 0.9341, Valid: 0.9371, Test: 0.9066
Run: 06, Epoch: 16, Loss: 0.0020, lr: 0.001000, Train: 0.9416, Valid: 0.9413, Test: 0.9093
Run: 06, Epoch: 17, Loss: 0.0019, lr: 0.001000, Train: 0.9486, Valid: 0.9451, Test: 0.9133
Run: 06, Epoch: 18, Loss: 0.0018, lr: 0.001000, Train: 0.9534, Valid: 0.9485, Test: 0.9182
Run: 06, Epoch: 19, Loss: 0.0017, lr: 0.001000, Train: 0.9554, Valid: 0.9529, Test: 0.9226
Run: 06, Epoch: 20, Loss: 0.0016, lr: 0.001000, Train: 0.9567, Valid: 0.9561, Test: 0.9273
Run: 06, Epoch: 21, Loss: 0.0015, lr: 0.001000, Train: 0.9576, Valid: 0.9585, Test: 0.9317
Run: 06, Epoch: 22, Loss: 0.0014, lr: 0.001000, Train: 0.9597, Valid: 0.9640, Test: 0.9367
Run: 06, Epoch: 23, Loss: 0.0013, lr: 0.001000, Train: 0.9594, Valid: 0.9612, Test: 0.9399
Run: 06, Epoch: 24, Loss: 0.0013, lr: 0.001000, Train: 0.9580, Valid: 0.9567, Test: 0.9417
Run: 06, Epoch: 25, Loss: 0.0012, lr: 0.001000, Train: 0.9594, Valid: 0.9579, Test: 0.9439
Run: 06, Epoch: 26, Loss: 0.0011, lr: 0.001000, Train: 0.9563, Valid: 0.9499, Test: 0.9410
Run: 06, Epoch: 27, Loss: 0.0011, lr: 0.001000, Train: 0.9503, Valid: 0.9380, Test: 0.9350
Run: 06, Epoch: 28, Loss: 0.0010, lr: 0.001000, Train: 0.9580, Valid: 0.9495, Test: 0.9428
Run: 06, Epoch: 29, Loss: 0.0010, lr: 0.000700, Train: 0.9553, Valid: 0.9429, Test: 0.9416
Run: 06, Epoch: 30, Loss: 0.0010, lr: 0.000700, Train: 0.9545, Valid: 0.9391, Test: 0.9417
Run: 06, Epoch: 31, Loss: 0.0010, lr: 0.000700, Train: 0.9638, Valid: 0.9540, Test: 0.9503
Run: 06, Epoch: 32, Loss: 0.0010, lr: 0.000700, Train: 0.9671, Valid: 0.9589, Test: 0.9522
Run: 06, Epoch: 33, Loss: 0.0009, lr: 0.000700, Train: 0.9652, Valid: 0.9524, Test: 0.9493
Run: 06, Epoch: 34, Loss: 0.0009, lr: 0.000700, Train: 0.9676, Valid: 0.9554, Test: 0.9507
Run: 06, Epoch: 35, Loss: 0.0009, lr: 0.000490, Train: 0.9709, Valid: 0.9616, Test: 0.9538
Run: 06, Epoch: 36, Loss: 0.0009, lr: 0.000490, Train: 0.9719, Valid: 0.9627, Test: 0.9554
Run: 06, Epoch: 37, Loss: 0.0009, lr: 0.000490, Train: 0.9712, Valid: 0.9594, Test: 0.9557
Run: 06, Epoch: 38, Loss: 0.0008, lr: 0.000490, Train: 0.9717, Valid: 0.9590, Test: 0.9567
Run: 06, Epoch: 39, Loss: 0.0008, lr: 0.000490, Train: 0.9740, Valid: 0.9631, Test: 0.9589
Run: 06, Epoch: 40, Loss: 0.0008, lr: 0.000490, Train: 0.9745, Valid: 0.9632, Test: 0.9587
Run: 06, Epoch: 41, Loss: 0.0008, lr: 0.000343, Train: 0.9745, Valid: 0.9615, Test: 0.9577
Run: 06, Epoch: 42, Loss: 0.0008, lr: 0.000343, Train: 0.9748, Valid: 0.9611, Test: 0.9572
Run: 06, Epoch: 43, Loss: 0.0008, lr: 0.000343, Train: 0.9764, Valid: 0.9638, Test: 0.9583
Run: 06, Epoch: 44, Loss: 0.0008, lr: 0.000343, Train: 0.9778, Valid: 0.9663, Test: 0.9594
Run: 06, Epoch: 45, Loss: 0.0008, lr: 0.000343, Train: 0.9784, Valid: 0.9666, Test: 0.9596
Run: 06, Epoch: 46, Loss: 0.0008, lr: 0.000343, Train: 0.9785, Valid: 0.9652, Test: 0.9590
Run: 06, Epoch: 47, Loss: 0.0007, lr: 0.000343, Train: 0.9788, Valid: 0.9650, Test: 0.9588
Run: 06, Epoch: 48, Loss: 0.0007, lr: 0.000343, Train: 0.9800, Valid: 0.9672, Test: 0.9598
Run: 06, Epoch: 49, Loss: 0.0007, lr: 0.000343, Train: 0.9808, Valid: 0.9688, Test: 0.9601
Run: 06, Epoch: 50, Loss: 0.0007, lr: 0.000343, Train: 0.9809, Valid: 0.9684, Test: 0.9594
Run: 06, Epoch: 51, Loss: 0.0007, lr: 0.000343, Train: 0.9808, Valid: 0.9673, Test: 0.9581
Run: 06, Epoch: 52, Loss: 0.0007, lr: 0.000343, Train: 0.9812, Valid: 0.9680, Test: 0.9576
Run: 06, Epoch: 53, Loss: 0.0007, lr: 0.000343, Train: 0.9820, Valid: 0.9701, Test: 0.9580
Run: 06, Epoch: 54, Loss: 0.0007, lr: 0.000343, Train: 0.9825, Valid: 0.9713, Test: 0.9583
Run: 06, Epoch: 55, Loss: 0.0007, lr: 0.000343, Train: 0.9827, Valid: 0.9715, Test: 0.9586
Run: 06, Epoch: 56, Loss: 0.0007, lr: 0.000343, Train: 0.9830, Valid: 0.9719, Test: 0.9591
Run: 06, Epoch: 57, Loss: 0.0007, lr: 0.000343, Train: 0.9836, Valid: 0.9738, Test: 0.9599
Run: 06, Epoch: 58, Loss: 0.0007, lr: 0.000343, Train: 0.9840, Valid: 0.9751, Test: 0.9603
Run: 06, Epoch: 59, Loss: 0.0006, lr: 0.000343, Train: 0.9841, Valid: 0.9752, Test: 0.9601
Run: 06, Epoch: 60, Loss: 0.0006, lr: 0.000343, Train: 0.9842, Valid: 0.9749, Test: 0.9600
Run: 06, Epoch: 61, Loss: 0.0006, lr: 0.000343, Train: 0.9844, Valid: 0.9752, Test: 0.9602
Run: 06, Epoch: 62, Loss: 0.0006, lr: 0.000343, Train: 0.9846, Valid: 0.9754, Test: 0.9607
Run: 06, Epoch: 63, Loss: 0.0006, lr: 0.000343, Train: 0.9848, Valid: 0.9754, Test: 0.9610
Run: 06, Epoch: 64, Loss: 0.0006, lr: 0.000343, Train: 0.9850, Valid: 0.9753, Test: 0.9609
Run: 06, Epoch: 65, Loss: 0.0006, lr: 0.000343, Train: 0.9852, Valid: 0.9756, Test: 0.9604
Run: 06, Epoch: 66, Loss: 0.0006, lr: 0.000343, Train: 0.9855, Valid: 0.9766, Test: 0.9599
Run: 06, Epoch: 67, Loss: 0.0006, lr: 0.000343, Train: 0.9857, Valid: 0.9771, Test: 0.9592
Run: 06, Epoch: 68, Loss: 0.0006, lr: 0.000343, Train: 0.9859, Valid: 0.9773, Test: 0.9586
Run: 06, Epoch: 69, Loss: 0.0006, lr: 0.000343, Train: 0.9861, Valid: 0.9776, Test: 0.9585
Run: 06, Epoch: 70, Loss: 0.0006, lr: 0.000343, Train: 0.9862, Valid: 0.9777, Test: 0.9587
Run: 06, Epoch: 71, Loss: 0.0006, lr: 0.000343, Train: 0.9864, Valid: 0.9774, Test: 0.9588
Run: 06, Epoch: 72, Loss: 0.0006, lr: 0.000343, Train: 0.9865, Valid: 0.9773, Test: 0.9588
Run: 06, Epoch: 73, Loss: 0.0006, lr: 0.000343, Train: 0.9867, Valid: 0.9771, Test: 0.9585
Run: 06, Epoch: 74, Loss: 0.0006, lr: 0.000343, Train: 0.9868, Valid: 0.9768, Test: 0.9578
Run: 06, Epoch: 75, Loss: 0.0006, lr: 0.000343, Train: 0.9869, Valid: 0.9766, Test: 0.9568
Run: 06, Epoch: 76, Loss: 0.0006, lr: 0.000240, Train: 0.9870, Valid: 0.9769, Test: 0.9563
Run: 06, Epoch: 77, Loss: 0.0005, lr: 0.000240, Train: 0.9872, Valid: 0.9768, Test: 0.9557
Run: 06, Epoch: 78, Loss: 0.0005, lr: 0.000240, Train: 0.9873, Valid: 0.9765, Test: 0.9552
Run: 06, Epoch: 79, Loss: 0.0005, lr: 0.000240, Train: 0.9874, Valid: 0.9766, Test: 0.9548
Run: 06, Epoch: 80, Loss: 0.0005, lr: 0.000240, Train: 0.9875, Valid: 0.9768, Test: 0.9545
Run: 06, Epoch: 81, Loss: 0.0005, lr: 0.000240, Train: 0.9876, Valid: 0.9768, Test: 0.9540
Run: 06, Epoch: 82, Loss: 0.0005, lr: 0.000168, Train: 0.9877, Valid: 0.9766, Test: 0.9534
Run: 06, Epoch: 83, Loss: 0.0005, lr: 0.000168, Train: 0.9878, Valid: 0.9766, Test: 0.9529
Run: 06, Epoch: 84, Loss: 0.0005, lr: 0.000168, Train: 0.9879, Valid: 0.9767, Test: 0.9524
Run: 06, Epoch: 85, Loss: 0.0005, lr: 0.000168, Train: 0.9880, Valid: 0.9768, Test: 0.9519
Run: 06, Epoch: 86, Loss: 0.0005, lr: 0.000168, Train: 0.9880, Valid: 0.9767, Test: 0.9514
Run: 06, Epoch: 87, Loss: 0.0005, lr: 0.000168, Train: 0.9881, Valid: 0.9767, Test: 0.9510
Run: 06, Epoch: 88, Loss: 0.0005, lr: 0.000118, Train: 0.9882, Valid: 0.9768, Test: 0.9509
Run: 06, Epoch: 89, Loss: 0.0005, lr: 0.000118, Train: 0.9883, Valid: 0.9769, Test: 0.9509
Run: 06, Epoch: 90, Loss: 0.0005, lr: 0.000118, Train: 0.9883, Valid: 0.9768, Test: 0.9508
Run: 06, Epoch: 91, Loss: 0.0005, lr: 0.000118, Train: 0.9884, Valid: 0.9766, Test: 0.9506
Run: 06, Epoch: 92, Loss: 0.0005, lr: 0.000118, Train: 0.9884, Valid: 0.9765, Test: 0.9504
Run: 06, Epoch: 93, Loss: 0.0005, lr: 0.000118, Train: 0.9885, Valid: 0.9765, Test: 0.9502
Run: 06, Epoch: 94, Loss: 0.0005, lr: 0.000082, Train: 0.9885, Valid: 0.9766, Test: 0.9500
Run: 06, Epoch: 95, Loss: 0.0005, lr: 0.000082, Train: 0.9885, Valid: 0.9766, Test: 0.9498
Run: 06, Epoch: 96, Loss: 0.0005, lr: 0.000082, Train: 0.9886, Valid: 0.9765, Test: 0.9495
Run: 06, Epoch: 97, Loss: 0.0005, lr: 0.000082, Train: 0.9886, Valid: 0.9764, Test: 0.9492
Run: 06, Epoch: 98, Loss: 0.0005, lr: 0.000082, Train: 0.9886, Valid: 0.9764, Test: 0.9490
Run: 06, Epoch: 99, Loss: 0.0005, lr: 0.000082, Train: 0.9887, Valid: 0.9765, Test: 0.9489
Run: 06, Epoch: 100, Loss: 0.0005, lr: 0.000058, Train: 0.9887, Valid: 0.9765, Test: 0.9488
Run 06:
Highest Train: 0.99
Highest Valid: 0.98
  Final Train: 0.99
   Final Test: 0.96
Run: 07, Epoch: 01, Loss: 0.0481, lr: 0.001000, Train: 0.1413, Valid: 0.2431, Test: 0.3352
Run: 07, Epoch: 02, Loss: 0.0181, lr: 0.001000, Train: 0.0437, Valid: 0.2167, Test: 0.2640
Run: 07, Epoch: 03, Loss: 0.0125, lr: 0.001000, Train: 0.3082, Valid: 0.4337, Test: 0.4816
Run: 07, Epoch: 04, Loss: 0.0075, lr: 0.001000, Train: 0.5600, Valid: 0.6344, Test: 0.6949
Run: 07, Epoch: 05, Loss: 0.0057, lr: 0.001000, Train: 0.6967, Valid: 0.7437, Test: 0.8112
Run: 07, Epoch: 06, Loss: 0.0043, lr: 0.001000, Train: 0.7578, Valid: 0.7879, Test: 0.8620
Run: 07, Epoch: 07, Loss: 0.0033, lr: 0.001000, Train: 0.7856, Valid: 0.8048, Test: 0.8825
Run: 07, Epoch: 08, Loss: 0.0028, lr: 0.001000, Train: 0.8167, Valid: 0.8285, Test: 0.9036
Run: 07, Epoch: 09, Loss: 0.0024, lr: 0.001000, Train: 0.8432, Valid: 0.8519, Test: 0.9202
Run: 07, Epoch: 10, Loss: 0.0023, lr: 0.001000, Train: 0.8578, Valid: 0.8661, Test: 0.9273
Run: 07, Epoch: 11, Loss: 0.0021, lr: 0.001000, Train: 0.8699, Valid: 0.8765, Test: 0.9323
Run: 07, Epoch: 12, Loss: 0.0021, lr: 0.001000, Train: 0.8801, Valid: 0.8830, Test: 0.9362
Run: 07, Epoch: 13, Loss: 0.0020, lr: 0.001000, Train: 0.8890, Valid: 0.8899, Test: 0.9398
Run: 07, Epoch: 14, Loss: 0.0019, lr: 0.001000, Train: 0.8984, Valid: 0.8981, Test: 0.9445
Run: 07, Epoch: 15, Loss: 0.0019, lr: 0.001000, Train: 0.9124, Valid: 0.9074, Test: 0.9512
Run: 07, Epoch: 16, Loss: 0.0018, lr: 0.001000, Train: 0.9245, Valid: 0.9142, Test: 0.9553
Run: 07, Epoch: 17, Loss: 0.0017, lr: 0.001000, Train: 0.9301, Valid: 0.9158, Test: 0.9567
Run: 07, Epoch: 18, Loss: 0.0016, lr: 0.001000, Train: 0.9349, Valid: 0.9172, Test: 0.9571
Run: 07, Epoch: 19, Loss: 0.0015, lr: 0.001000, Train: 0.9404, Valid: 0.9196, Test: 0.9577
Run: 07, Epoch: 20, Loss: 0.0014, lr: 0.001000, Train: 0.9444, Valid: 0.9198, Test: 0.9578
Run: 07, Epoch: 21, Loss: 0.0013, lr: 0.001000, Train: 0.9473, Valid: 0.9165, Test: 0.9564
Run: 07, Epoch: 22, Loss: 0.0013, lr: 0.001000, Train: 0.9487, Valid: 0.9148, Test: 0.9561
Run: 07, Epoch: 23, Loss: 0.0012, lr: 0.001000, Train: 0.9500, Valid: 0.9146, Test: 0.9570
Run: 07, Epoch: 24, Loss: 0.0011, lr: 0.001000, Train: 0.9498, Valid: 0.9147, Test: 0.9564
Run: 07, Epoch: 25, Loss: 0.0010, lr: 0.001000, Train: 0.9502, Valid: 0.9175, Test: 0.9566
Run: 07, Epoch: 26, Loss: 0.0010, lr: 0.001000, Train: 0.9506, Valid: 0.9212, Test: 0.9558
Run: 07, Epoch: 27, Loss: 0.0009, lr: 0.001000, Train: 0.9528, Valid: 0.9254, Test: 0.9569
Run: 07, Epoch: 28, Loss: 0.0009, lr: 0.001000, Train: 0.9577, Valid: 0.9306, Test: 0.9619
Run: 07, Epoch: 29, Loss: 0.0008, lr: 0.001000, Train: 0.9578, Valid: 0.9330, Test: 0.9587
Run: 07, Epoch: 30, Loss: 0.0008, lr: 0.001000, Train: 0.9590, Valid: 0.9353, Test: 0.9570
Run: 07, Epoch: 31, Loss: 0.0008, lr: 0.001000, Train: 0.9605, Valid: 0.9378, Test: 0.9564
Run: 07, Epoch: 32, Loss: 0.0008, lr: 0.001000, Train: 0.9602, Valid: 0.9413, Test: 0.9554
Run: 07, Epoch: 33, Loss: 0.0007, lr: 0.001000, Train: 0.9629, Valid: 0.9471, Test: 0.9589
Run: 07, Epoch: 34, Loss: 0.0007, lr: 0.001000, Train: 0.9559, Valid: 0.9475, Test: 0.9510
Run: 07, Epoch: 35, Loss: 0.0007, lr: 0.001000, Train: 0.9683, Valid: 0.9525, Test: 0.9630
Run: 07, Epoch: 36, Loss: 0.0007, lr: 0.001000, Train: 0.9568, Valid: 0.9475, Test: 0.9454
Run: 07, Epoch: 37, Loss: 0.0007, lr: 0.001000, Train: 0.9718, Valid: 0.9527, Test: 0.9624
Run: 07, Epoch: 38, Loss: 0.0006, lr: 0.001000, Train: 0.9708, Valid: 0.9526, Test: 0.9583
Run: 07, Epoch: 39, Loss: 0.0006, lr: 0.001000, Train: 0.9641, Valid: 0.9507, Test: 0.9478
Run: 07, Epoch: 40, Loss: 0.0006, lr: 0.001000, Train: 0.9758, Valid: 0.9564, Test: 0.9646
Run: 07, Epoch: 41, Loss: 0.0006, lr: 0.001000, Train: 0.9638, Valid: 0.9493, Test: 0.9481
Run: 07, Epoch: 42, Loss: 0.0006, lr: 0.001000, Train: 0.9667, Valid: 0.9493, Test: 0.9497
Run: 07, Epoch: 43, Loss: 0.0005, lr: 0.001000, Train: 0.9754, Valid: 0.9506, Test: 0.9594
Run: 07, Epoch: 44, Loss: 0.0005, lr: 0.001000, Train: 0.9638, Valid: 0.9433, Test: 0.9398
Run: 07, Epoch: 45, Loss: 0.0005, lr: 0.001000, Train: 0.9746, Valid: 0.9471, Test: 0.9553
Run: 07, Epoch: 46, Loss: 0.0005, lr: 0.001000, Train: 0.9764, Valid: 0.9487, Test: 0.9586
Run: 07, Epoch: 47, Loss: 0.0005, lr: 0.000700, Train: 0.9730, Valid: 0.9477, Test: 0.9545
Run: 07, Epoch: 48, Loss: 0.0005, lr: 0.000700, Train: 0.9764, Valid: 0.9492, Test: 0.9595
Run: 07, Epoch: 49, Loss: 0.0005, lr: 0.000700, Train: 0.9809, Valid: 0.9501, Test: 0.9653
Run: 07, Epoch: 50, Loss: 0.0005, lr: 0.000700, Train: 0.9790, Valid: 0.9483, Test: 0.9619
Run: 07, Epoch: 51, Loss: 0.0005, lr: 0.000700, Train: 0.9792, Valid: 0.9471, Test: 0.9615
Run: 07, Epoch: 52, Loss: 0.0005, lr: 0.000700, Train: 0.9834, Valid: 0.9473, Test: 0.9674
Run: 07, Epoch: 53, Loss: 0.0004, lr: 0.000490, Train: 0.9845, Valid: 0.9479, Test: 0.9691
Run: 07, Epoch: 54, Loss: 0.0004, lr: 0.000490, Train: 0.9841, Valid: 0.9486, Test: 0.9685
Run: 07, Epoch: 55, Loss: 0.0004, lr: 0.000490, Train: 0.9849, Valid: 0.9499, Test: 0.9698
Run: 07, Epoch: 56, Loss: 0.0004, lr: 0.000490, Train: 0.9868, Valid: 0.9514, Test: 0.9729
Run: 07, Epoch: 57, Loss: 0.0004, lr: 0.000490, Train: 0.9877, Valid: 0.9524, Test: 0.9742
Run: 07, Epoch: 58, Loss: 0.0004, lr: 0.000490, Train: 0.9876, Valid: 0.9530, Test: 0.9737
Run: 07, Epoch: 59, Loss: 0.0004, lr: 0.000343, Train: 0.9879, Valid: 0.9533, Test: 0.9741
Run: 07, Epoch: 60, Loss: 0.0004, lr: 0.000343, Train: 0.9885, Valid: 0.9533, Test: 0.9750
Run: 07, Epoch: 61, Loss: 0.0004, lr: 0.000343, Train: 0.9890, Valid: 0.9531, Test: 0.9756
Run: 07, Epoch: 62, Loss: 0.0004, lr: 0.000343, Train: 0.9891, Valid: 0.9530, Test: 0.9757
Run: 07, Epoch: 63, Loss: 0.0004, lr: 0.000343, Train: 0.9891, Valid: 0.9532, Test: 0.9756
Run: 07, Epoch: 64, Loss: 0.0004, lr: 0.000343, Train: 0.9893, Valid: 0.9532, Test: 0.9760
Run: 07, Epoch: 65, Loss: 0.0004, lr: 0.000240, Train: 0.9896, Valid: 0.9532, Test: 0.9767
Run: 07, Epoch: 66, Loss: 0.0004, lr: 0.000240, Train: 0.9898, Valid: 0.9533, Test: 0.9772
Run: 07, Epoch: 67, Loss: 0.0004, lr: 0.000240, Train: 0.9899, Valid: 0.9535, Test: 0.9774
Run: 07, Epoch: 68, Loss: 0.0004, lr: 0.000240, Train: 0.9900, Valid: 0.9538, Test: 0.9775
Run: 07, Epoch: 69, Loss: 0.0004, lr: 0.000240, Train: 0.9900, Valid: 0.9542, Test: 0.9776
Run: 07, Epoch: 70, Loss: 0.0004, lr: 0.000240, Train: 0.9901, Valid: 0.9543, Test: 0.9778
Run: 07, Epoch: 71, Loss: 0.0004, lr: 0.000168, Train: 0.9902, Valid: 0.9543, Test: 0.9780
Run: 07, Epoch: 72, Loss: 0.0004, lr: 0.000168, Train: 0.9903, Valid: 0.9543, Test: 0.9781
Run: 07, Epoch: 73, Loss: 0.0004, lr: 0.000168, Train: 0.9903, Valid: 0.9543, Test: 0.9782
Run: 07, Epoch: 74, Loss: 0.0004, lr: 0.000168, Train: 0.9904, Valid: 0.9544, Test: 0.9781
Run: 07, Epoch: 75, Loss: 0.0004, lr: 0.000168, Train: 0.9904, Valid: 0.9545, Test: 0.9781
Run: 07, Epoch: 76, Loss: 0.0004, lr: 0.000168, Train: 0.9905, Valid: 0.9546, Test: 0.9781
Run: 07, Epoch: 77, Loss: 0.0004, lr: 0.000118, Train: 0.9905, Valid: 0.9547, Test: 0.9781
Run: 07, Epoch: 78, Loss: 0.0004, lr: 0.000118, Train: 0.9905, Valid: 0.9547, Test: 0.9782
Run: 07, Epoch: 79, Loss: 0.0004, lr: 0.000118, Train: 0.9906, Valid: 0.9548, Test: 0.9783
Run: 07, Epoch: 80, Loss: 0.0004, lr: 0.000118, Train: 0.9906, Valid: 0.9550, Test: 0.9783
Run: 07, Epoch: 81, Loss: 0.0004, lr: 0.000118, Train: 0.9906, Valid: 0.9552, Test: 0.9783
Run: 07, Epoch: 82, Loss: 0.0004, lr: 0.000118, Train: 0.9907, Valid: 0.9553, Test: 0.9783
Run: 07, Epoch: 83, Loss: 0.0004, lr: 0.000082, Train: 0.9907, Valid: 0.9554, Test: 0.9783
Run: 07, Epoch: 84, Loss: 0.0004, lr: 0.000082, Train: 0.9907, Valid: 0.9554, Test: 0.9783
Run: 07, Epoch: 85, Loss: 0.0004, lr: 0.000082, Train: 0.9907, Valid: 0.9554, Test: 0.9784
Run: 07, Epoch: 86, Loss: 0.0004, lr: 0.000082, Train: 0.9908, Valid: 0.9554, Test: 0.9784
Run: 07, Epoch: 87, Loss: 0.0004, lr: 0.000082, Train: 0.9908, Valid: 0.9554, Test: 0.9784
Run: 07, Epoch: 88, Loss: 0.0004, lr: 0.000082, Train: 0.9908, Valid: 0.9554, Test: 0.9784
Run: 07, Epoch: 89, Loss: 0.0004, lr: 0.000058, Train: 0.9908, Valid: 0.9554, Test: 0.9784
Run: 07, Epoch: 90, Loss: 0.0004, lr: 0.000058, Train: 0.9909, Valid: 0.9555, Test: 0.9784
Run: 07, Epoch: 91, Loss: 0.0004, lr: 0.000058, Train: 0.9909, Valid: 0.9555, Test: 0.9784
Run: 07, Epoch: 92, Loss: 0.0004, lr: 0.000058, Train: 0.9909, Valid: 0.9555, Test: 0.9784
Run: 07, Epoch: 93, Loss: 0.0004, lr: 0.000058, Train: 0.9909, Valid: 0.9556, Test: 0.9784
Run: 07, Epoch: 94, Loss: 0.0004, lr: 0.000058, Train: 0.9909, Valid: 0.9556, Test: 0.9784
Run: 07, Epoch: 95, Loss: 0.0004, lr: 0.000040, Train: 0.9909, Valid: 0.9557, Test: 0.9784
Run: 07, Epoch: 96, Loss: 0.0004, lr: 0.000040, Train: 0.9910, Valid: 0.9557, Test: 0.9784
Run: 07, Epoch: 97, Loss: 0.0004, lr: 0.000040, Train: 0.9910, Valid: 0.9557, Test: 0.9784
Run: 07, Epoch: 98, Loss: 0.0004, lr: 0.000040, Train: 0.9910, Valid: 0.9557, Test: 0.9784
Run: 07, Epoch: 99, Loss: 0.0004, lr: 0.000040, Train: 0.9910, Valid: 0.9557, Test: 0.9785
Run: 07, Epoch: 100, Loss: 0.0004, lr: 0.000040, Train: 0.9910, Valid: 0.9558, Test: 0.9785
Run 07:
Highest Train: 0.99
Highest Valid: 0.96
  Final Train: 0.98
   Final Test: 0.96
Run: 08, Epoch: 01, Loss: 0.0290, lr: 0.001000, Train: 0.1460, Valid: 0.3010, Test: 0.0396
Run: 08, Epoch: 02, Loss: 0.0159, lr: 0.001000, Train: 0.2001, Valid: 0.4075, Test: 0.0984
Run: 08, Epoch: 03, Loss: 0.0126, lr: 0.001000, Train: 0.4970, Valid: 0.6216, Test: 0.4650
Run: 08, Epoch: 04, Loss: 0.0058, lr: 0.001000, Train: 0.7671, Valid: 0.8223, Test: 0.7870
Run: 08, Epoch: 05, Loss: 0.0061, lr: 0.001000, Train: 0.8168, Valid: 0.8689, Test: 0.8491
Run: 08, Epoch: 06, Loss: 0.0048, lr: 0.001000, Train: 0.8112, Valid: 0.8671, Test: 0.8447
Run: 08, Epoch: 07, Loss: 0.0033, lr: 0.001000, Train: 0.7963, Valid: 0.8567, Test: 0.8306
Run: 08, Epoch: 08, Loss: 0.0030, lr: 0.001000, Train: 0.7928, Valid: 0.8520, Test: 0.8250
Run: 08, Epoch: 09, Loss: 0.0030, lr: 0.001000, Train: 0.8186, Valid: 0.8690, Test: 0.8441
Run: 08, Epoch: 10, Loss: 0.0028, lr: 0.001000, Train: 0.8579, Valid: 0.8963, Test: 0.8749
Run: 08, Epoch: 11, Loss: 0.0025, lr: 0.001000, Train: 0.8905, Valid: 0.9190, Test: 0.8968
Run: 08, Epoch: 12, Loss: 0.0026, lr: 0.001000, Train: 0.9030, Valid: 0.9269, Test: 0.9047
Run: 08, Epoch: 13, Loss: 0.0023, lr: 0.001000, Train: 0.9099, Valid: 0.9302, Test: 0.9103
Run: 08, Epoch: 14, Loss: 0.0022, lr: 0.001000, Train: 0.9180, Valid: 0.9347, Test: 0.9172
Run: 08, Epoch: 15, Loss: 0.0021, lr: 0.001000, Train: 0.9318, Valid: 0.9424, Test: 0.9249
Run: 08, Epoch: 16, Loss: 0.0020, lr: 0.001000, Train: 0.9445, Valid: 0.9482, Test: 0.9291
Run: 08, Epoch: 17, Loss: 0.0018, lr: 0.001000, Train: 0.9495, Valid: 0.9484, Test: 0.9280
Run: 08, Epoch: 18, Loss: 0.0017, lr: 0.001000, Train: 0.9504, Valid: 0.9473, Test: 0.9266
Run: 08, Epoch: 19, Loss: 0.0016, lr: 0.001000, Train: 0.9511, Valid: 0.9471, Test: 0.9271
Run: 08, Epoch: 20, Loss: 0.0015, lr: 0.001000, Train: 0.9505, Valid: 0.9463, Test: 0.9263
Run: 08, Epoch: 21, Loss: 0.0014, lr: 0.001000, Train: 0.9476, Valid: 0.9446, Test: 0.9222
Run: 08, Epoch: 22, Loss: 0.0013, lr: 0.001000, Train: 0.9408, Valid: 0.9421, Test: 0.9150
Run: 08, Epoch: 23, Loss: 0.0013, lr: 0.001000, Train: 0.9345, Valid: 0.9421, Test: 0.9093
Run: 08, Epoch: 24, Loss: 0.0012, lr: 0.000700, Train: 0.9381, Valid: 0.9468, Test: 0.9138
Run: 08, Epoch: 25, Loss: 0.0012, lr: 0.000700, Train: 0.9450, Valid: 0.9530, Test: 0.9224
Run: 08, Epoch: 26, Loss: 0.0011, lr: 0.000700, Train: 0.9484, Valid: 0.9574, Test: 0.9279
Run: 08, Epoch: 27, Loss: 0.0011, lr: 0.000700, Train: 0.9467, Valid: 0.9593, Test: 0.9273
Run: 08, Epoch: 28, Loss: 0.0010, lr: 0.000700, Train: 0.9462, Valid: 0.9616, Test: 0.9272
Run: 08, Epoch: 29, Loss: 0.0010, lr: 0.000700, Train: 0.9534, Valid: 0.9658, Test: 0.9341
Run: 08, Epoch: 30, Loss: 0.0010, lr: 0.000700, Train: 0.9608, Valid: 0.9680, Test: 0.9407
Run: 08, Epoch: 31, Loss: 0.0009, lr: 0.000700, Train: 0.9642, Valid: 0.9687, Test: 0.9434
Run: 08, Epoch: 32, Loss: 0.0009, lr: 0.000700, Train: 0.9642, Valid: 0.9682, Test: 0.9421
Run: 08, Epoch: 33, Loss: 0.0008, lr: 0.000700, Train: 0.9640, Valid: 0.9671, Test: 0.9403
Run: 08, Epoch: 34, Loss: 0.0008, lr: 0.000700, Train: 0.9643, Valid: 0.9658, Test: 0.9390
Run: 08, Epoch: 35, Loss: 0.0008, lr: 0.000700, Train: 0.9592, Valid: 0.9622, Test: 0.9315
Run: 08, Epoch: 36, Loss: 0.0008, lr: 0.000700, Train: 0.9554, Valid: 0.9597, Test: 0.9263
Run: 08, Epoch: 37, Loss: 0.0007, lr: 0.000700, Train: 0.9640, Valid: 0.9622, Test: 0.9344
Run: 08, Epoch: 38, Loss: 0.0007, lr: 0.000490, Train: 0.9688, Valid: 0.9638, Test: 0.9396
Run: 08, Epoch: 39, Loss: 0.0007, lr: 0.000490, Train: 0.9704, Valid: 0.9641, Test: 0.9412
Run: 08, Epoch: 40, Loss: 0.0007, lr: 0.000490, Train: 0.9706, Valid: 0.9638, Test: 0.9413
Run: 08, Epoch: 41, Loss: 0.0007, lr: 0.000490, Train: 0.9731, Valid: 0.9644, Test: 0.9442
Run: 08, Epoch: 42, Loss: 0.0007, lr: 0.000490, Train: 0.9761, Valid: 0.9652, Test: 0.9476
Run: 08, Epoch: 43, Loss: 0.0007, lr: 0.000490, Train: 0.9771, Valid: 0.9650, Test: 0.9482
Run: 08, Epoch: 44, Loss: 0.0007, lr: 0.000343, Train: 0.9771, Valid: 0.9643, Test: 0.9476
Run: 08, Epoch: 45, Loss: 0.0006, lr: 0.000343, Train: 0.9774, Valid: 0.9638, Test: 0.9475
Run: 08, Epoch: 46, Loss: 0.0006, lr: 0.000343, Train: 0.9789, Valid: 0.9639, Test: 0.9487
Run: 08, Epoch: 47, Loss: 0.0006, lr: 0.000343, Train: 0.9805, Valid: 0.9641, Test: 0.9501
Run: 08, Epoch: 48, Loss: 0.0006, lr: 0.000343, Train: 0.9813, Valid: 0.9642, Test: 0.9506
Run: 08, Epoch: 49, Loss: 0.0006, lr: 0.000343, Train: 0.9813, Valid: 0.9641, Test: 0.9502
Run: 08, Epoch: 50, Loss: 0.0006, lr: 0.000240, Train: 0.9816, Valid: 0.9642, Test: 0.9503
Run: 08, Epoch: 51, Loss: 0.0006, lr: 0.000240, Train: 0.9822, Valid: 0.9646, Test: 0.9509
Run: 08, Epoch: 52, Loss: 0.0006, lr: 0.000240, Train: 0.9831, Valid: 0.9650, Test: 0.9521
Run: 08, Epoch: 53, Loss: 0.0006, lr: 0.000240, Train: 0.9839, Valid: 0.9654, Test: 0.9531
Run: 08, Epoch: 54, Loss: 0.0006, lr: 0.000240, Train: 0.9843, Valid: 0.9657, Test: 0.9537
Run: 08, Epoch: 55, Loss: 0.0006, lr: 0.000240, Train: 0.9845, Valid: 0.9658, Test: 0.9539
Run: 08, Epoch: 56, Loss: 0.0006, lr: 0.000168, Train: 0.9846, Valid: 0.9658, Test: 0.9540
Run: 08, Epoch: 57, Loss: 0.0006, lr: 0.000168, Train: 0.9847, Valid: 0.9658, Test: 0.9541
Run: 08, Epoch: 58, Loss: 0.0006, lr: 0.000168, Train: 0.9849, Valid: 0.9658, Test: 0.9543
Run: 08, Epoch: 59, Loss: 0.0006, lr: 0.000168, Train: 0.9852, Valid: 0.9658, Test: 0.9545
Run: 08, Epoch: 60, Loss: 0.0006, lr: 0.000168, Train: 0.9854, Valid: 0.9658, Test: 0.9547
Run: 08, Epoch: 61, Loss: 0.0006, lr: 0.000168, Train: 0.9855, Valid: 0.9658, Test: 0.9548
Run: 08, Epoch: 62, Loss: 0.0006, lr: 0.000118, Train: 0.9856, Valid: 0.9657, Test: 0.9548
Run: 08, Epoch: 63, Loss: 0.0006, lr: 0.000118, Train: 0.9857, Valid: 0.9657, Test: 0.9547
Run: 08, Epoch: 64, Loss: 0.0005, lr: 0.000118, Train: 0.9858, Valid: 0.9657, Test: 0.9546
Run: 08, Epoch: 65, Loss: 0.0005, lr: 0.000118, Train: 0.9859, Valid: 0.9657, Test: 0.9546
Run: 08, Epoch: 66, Loss: 0.0005, lr: 0.000118, Train: 0.9860, Valid: 0.9657, Test: 0.9546
Run: 08, Epoch: 67, Loss: 0.0005, lr: 0.000118, Train: 0.9861, Valid: 0.9657, Test: 0.9546
Run: 08, Epoch: 68, Loss: 0.0005, lr: 0.000082, Train: 0.9862, Valid: 0.9657, Test: 0.9547
Run: 08, Epoch: 69, Loss: 0.0005, lr: 0.000082, Train: 0.9863, Valid: 0.9657, Test: 0.9548
Run: 08, Epoch: 70, Loss: 0.0005, lr: 0.000082, Train: 0.9864, Valid: 0.9658, Test: 0.9548
Run: 08, Epoch: 71, Loss: 0.0005, lr: 0.000082, Train: 0.9865, Valid: 0.9658, Test: 0.9549
Run: 08, Epoch: 72, Loss: 0.0005, lr: 0.000082, Train: 0.9865, Valid: 0.9659, Test: 0.9549
Run: 08, Epoch: 73, Loss: 0.0005, lr: 0.000082, Train: 0.9866, Valid: 0.9659, Test: 0.9549
Run: 08, Epoch: 74, Loss: 0.0005, lr: 0.000058, Train: 0.9866, Valid: 0.9660, Test: 0.9549
Run: 08, Epoch: 75, Loss: 0.0005, lr: 0.000058, Train: 0.9867, Valid: 0.9660, Test: 0.9550
Run: 08, Epoch: 76, Loss: 0.0005, lr: 0.000058, Train: 0.9867, Valid: 0.9661, Test: 0.9550
Run: 08, Epoch: 77, Loss: 0.0005, lr: 0.000058, Train: 0.9868, Valid: 0.9661, Test: 0.9551
Run: 08, Epoch: 78, Loss: 0.0005, lr: 0.000058, Train: 0.9868, Valid: 0.9662, Test: 0.9552
Run: 08, Epoch: 79, Loss: 0.0005, lr: 0.000058, Train: 0.9869, Valid: 0.9663, Test: 0.9553
Run: 08, Epoch: 80, Loss: 0.0005, lr: 0.000040, Train: 0.9869, Valid: 0.9663, Test: 0.9554
Run: 08, Epoch: 81, Loss: 0.0005, lr: 0.000040, Train: 0.9870, Valid: 0.9664, Test: 0.9555
Run: 08, Epoch: 82, Loss: 0.0005, lr: 0.000040, Train: 0.9870, Valid: 0.9664, Test: 0.9555
Run: 08, Epoch: 83, Loss: 0.0005, lr: 0.000040, Train: 0.9870, Valid: 0.9665, Test: 0.9555
Run: 08, Epoch: 84, Loss: 0.0005, lr: 0.000040, Train: 0.9870, Valid: 0.9665, Test: 0.9556
Run: 08, Epoch: 85, Loss: 0.0005, lr: 0.000040, Train: 0.9871, Valid: 0.9666, Test: 0.9556
Run: 08, Epoch: 86, Loss: 0.0005, lr: 0.000028, Train: 0.9871, Valid: 0.9666, Test: 0.9556
Run: 08, Epoch: 87, Loss: 0.0005, lr: 0.000028, Train: 0.9871, Valid: 0.9666, Test: 0.9557
Run: 08, Epoch: 88, Loss: 0.0005, lr: 0.000028, Train: 0.9871, Valid: 0.9667, Test: 0.9558
Run: 08, Epoch: 89, Loss: 0.0005, lr: 0.000028, Train: 0.9872, Valid: 0.9667, Test: 0.9558
Run: 08, Epoch: 90, Loss: 0.0005, lr: 0.000028, Train: 0.9872, Valid: 0.9667, Test: 0.9558
Run: 08, Epoch: 91, Loss: 0.0005, lr: 0.000028, Train: 0.9872, Valid: 0.9668, Test: 0.9559
Run: 08, Epoch: 92, Loss: 0.0005, lr: 0.000020, Train: 0.9872, Valid: 0.9668, Test: 0.9559
Run: 08, Epoch: 93, Loss: 0.0005, lr: 0.000020, Train: 0.9872, Valid: 0.9668, Test: 0.9559
Run: 08, Epoch: 94, Loss: 0.0005, lr: 0.000020, Train: 0.9872, Valid: 0.9668, Test: 0.9559
Run: 08, Epoch: 95, Loss: 0.0005, lr: 0.000020, Train: 0.9872, Valid: 0.9668, Test: 0.9559
Run: 08, Epoch: 96, Loss: 0.0005, lr: 0.000020, Train: 0.9872, Valid: 0.9668, Test: 0.9559
Run: 08, Epoch: 97, Loss: 0.0005, lr: 0.000020, Train: 0.9873, Valid: 0.9668, Test: 0.9560
Run: 08, Epoch: 98, Loss: 0.0005, lr: 0.000014, Train: 0.9873, Valid: 0.9669, Test: 0.9560
Run: 08, Epoch: 99, Loss: 0.0005, lr: 0.000014, Train: 0.9873, Valid: 0.9669, Test: 0.9560
Run: 08, Epoch: 100, Loss: 0.0005, lr: 0.000014, Train: 0.9873, Valid: 0.9669, Test: 0.9560
Run 08:
Highest Train: 0.99
Highest Valid: 0.97
  Final Train: 0.96
   Final Test: 0.94
Run: 09, Epoch: 01, Loss: 0.0263, lr: 0.001000, Train: -0.1968, Valid: -0.2402, Test: 0.0470
Run: 09, Epoch: 02, Loss: 0.0106, lr: 0.001000, Train: -0.1015, Valid: -0.0131, Test: 0.0757
Run: 09, Epoch: 03, Loss: 0.0084, lr: 0.001000, Train: 0.2128, Valid: 0.3384, Test: 0.3336
Run: 09, Epoch: 04, Loss: 0.0053, lr: 0.001000, Train: 0.4974, Valid: 0.5851, Test: 0.5931
Run: 09, Epoch: 05, Loss: 0.0043, lr: 0.001000, Train: 0.6707, Valid: 0.7110, Test: 0.7540
Run: 09, Epoch: 06, Loss: 0.0037, lr: 0.001000, Train: 0.7660, Valid: 0.7790, Test: 0.8350
Run: 09, Epoch: 07, Loss: 0.0034, lr: 0.001000, Train: 0.8144, Valid: 0.8180, Test: 0.8661
Run: 09, Epoch: 08, Loss: 0.0032, lr: 0.001000, Train: 0.8471, Valid: 0.8471, Test: 0.8868
Run: 09, Epoch: 09, Loss: 0.0030, lr: 0.001000, Train: 0.8704, Valid: 0.8660, Test: 0.9021
Run: 09, Epoch: 10, Loss: 0.0027, lr: 0.001000, Train: 0.8839, Valid: 0.8775, Test: 0.9101
Run: 09, Epoch: 11, Loss: 0.0024, lr: 0.001000, Train: 0.8933, Valid: 0.8864, Test: 0.9156
Run: 09, Epoch: 12, Loss: 0.0022, lr: 0.001000, Train: 0.9066, Valid: 0.8992, Test: 0.9233
Run: 09, Epoch: 13, Loss: 0.0021, lr: 0.001000, Train: 0.9235, Valid: 0.9183, Test: 0.9327
Run: 09, Epoch: 14, Loss: 0.0020, lr: 0.001000, Train: 0.9387, Valid: 0.9393, Test: 0.9375
Run: 09, Epoch: 15, Loss: 0.0018, lr: 0.001000, Train: 0.9461, Valid: 0.9513, Test: 0.9359
Run: 09, Epoch: 16, Loss: 0.0017, lr: 0.001000, Train: 0.9485, Valid: 0.9538, Test: 0.9327
Run: 09, Epoch: 17, Loss: 0.0015, lr: 0.001000, Train: 0.9484, Valid: 0.9519, Test: 0.9267
Run: 09, Epoch: 18, Loss: 0.0014, lr: 0.001000, Train: 0.9471, Valid: 0.9468, Test: 0.9208
Run: 09, Epoch: 19, Loss: 0.0014, lr: 0.001000, Train: 0.9532, Valid: 0.9514, Test: 0.9320
Run: 09, Epoch: 20, Loss: 0.0013, lr: 0.001000, Train: 0.9551, Valid: 0.9510, Test: 0.9367
Run: 09, Epoch: 21, Loss: 0.0012, lr: 0.001000, Train: 0.9560, Valid: 0.9474, Test: 0.9361
Run: 09, Epoch: 22, Loss: 0.0012, lr: 0.001000, Train: 0.9566, Valid: 0.9467, Test: 0.9412
Run: 09, Epoch: 23, Loss: 0.0012, lr: 0.000700, Train: 0.9586, Valid: 0.9479, Test: 0.9441
Run: 09, Epoch: 24, Loss: 0.0011, lr: 0.000700, Train: 0.9621, Valid: 0.9497, Test: 0.9460
Run: 09, Epoch: 25, Loss: 0.0011, lr: 0.000700, Train: 0.9636, Valid: 0.9509, Test: 0.9483
Run: 09, Epoch: 26, Loss: 0.0011, lr: 0.000700, Train: 0.9643, Valid: 0.9517, Test: 0.9503
Run: 09, Epoch: 27, Loss: 0.0010, lr: 0.000700, Train: 0.9668, Valid: 0.9538, Test: 0.9520
Run: 09, Epoch: 28, Loss: 0.0010, lr: 0.000700, Train: 0.9685, Valid: 0.9553, Test: 0.9533
Run: 09, Epoch: 29, Loss: 0.0010, lr: 0.000700, Train: 0.9694, Valid: 0.9569, Test: 0.9548
Run: 09, Epoch: 30, Loss: 0.0010, lr: 0.000700, Train: 0.9706, Valid: 0.9582, Test: 0.9562
Run: 09, Epoch: 31, Loss: 0.0009, lr: 0.000700, Train: 0.9725, Valid: 0.9597, Test: 0.9572
Run: 09, Epoch: 32, Loss: 0.0009, lr: 0.000700, Train: 0.9744, Valid: 0.9607, Test: 0.9573
Run: 09, Epoch: 33, Loss: 0.0009, lr: 0.000700, Train: 0.9755, Valid: 0.9613, Test: 0.9575
Run: 09, Epoch: 34, Loss: 0.0009, lr: 0.000700, Train: 0.9758, Valid: 0.9628, Test: 0.9599
Run: 09, Epoch: 35, Loss: 0.0009, lr: 0.000700, Train: 0.9761, Valid: 0.9644, Test: 0.9618
Run: 09, Epoch: 36, Loss: 0.0008, lr: 0.000700, Train: 0.9770, Valid: 0.9653, Test: 0.9620
Run: 09, Epoch: 37, Loss: 0.0008, lr: 0.000700, Train: 0.9777, Valid: 0.9657, Test: 0.9617
Run: 09, Epoch: 38, Loss: 0.0008, lr: 0.000700, Train: 0.9783, Valid: 0.9666, Test: 0.9628
Run: 09, Epoch: 39, Loss: 0.0008, lr: 0.000700, Train: 0.9788, Valid: 0.9675, Test: 0.9642
Run: 09, Epoch: 40, Loss: 0.0008, lr: 0.000700, Train: 0.9786, Valid: 0.9669, Test: 0.9631
Run: 09, Epoch: 41, Loss: 0.0008, lr: 0.000700, Train: 0.9785, Valid: 0.9672, Test: 0.9630
Run: 09, Epoch: 42, Loss: 0.0007, lr: 0.000700, Train: 0.9795, Valid: 0.9687, Test: 0.9648
Run: 09, Epoch: 43, Loss: 0.0007, lr: 0.000700, Train: 0.9796, Valid: 0.9692, Test: 0.9641
Run: 09, Epoch: 44, Loss: 0.0007, lr: 0.000700, Train: 0.9793, Valid: 0.9692, Test: 0.9625
Run: 09, Epoch: 45, Loss: 0.0007, lr: 0.000700, Train: 0.9814, Valid: 0.9721, Test: 0.9669
Run: 09, Epoch: 46, Loss: 0.0007, lr: 0.000700, Train: 0.9814, Valid: 0.9722, Test: 0.9664
Run: 09, Epoch: 47, Loss: 0.0007, lr: 0.000700, Train: 0.9814, Valid: 0.9717, Test: 0.9660
Run: 09, Epoch: 48, Loss: 0.0007, lr: 0.000700, Train: 0.9825, Valid: 0.9731, Test: 0.9694
Run: 09, Epoch: 49, Loss: 0.0007, lr: 0.000700, Train: 0.9826, Valid: 0.9731, Test: 0.9682
Run: 09, Epoch: 50, Loss: 0.0007, lr: 0.000700, Train: 0.9823, Valid: 0.9731, Test: 0.9666
Run: 09, Epoch: 51, Loss: 0.0007, lr: 0.000700, Train: 0.9838, Valid: 0.9747, Test: 0.9709
Run: 09, Epoch: 52, Loss: 0.0007, lr: 0.000700, Train: 0.9829, Valid: 0.9729, Test: 0.9682
Run: 09, Epoch: 53, Loss: 0.0006, lr: 0.000700, Train: 0.9836, Valid: 0.9729, Test: 0.9698
Run: 09, Epoch: 54, Loss: 0.0006, lr: 0.000700, Train: 0.9843, Valid: 0.9733, Test: 0.9720
Run: 09, Epoch: 55, Loss: 0.0006, lr: 0.000700, Train: 0.9837, Valid: 0.9714, Test: 0.9693
Run: 09, Epoch: 56, Loss: 0.0006, lr: 0.000700, Train: 0.9847, Valid: 0.9729, Test: 0.9726
Run: 09, Epoch: 57, Loss: 0.0006, lr: 0.000700, Train: 0.9844, Valid: 0.9714, Test: 0.9704
Run: 09, Epoch: 58, Loss: 0.0006, lr: 0.000490, Train: 0.9851, Valid: 0.9724, Test: 0.9722
Run: 09, Epoch: 59, Loss: 0.0006, lr: 0.000490, Train: 0.9851, Valid: 0.9724, Test: 0.9725
Run: 09, Epoch: 60, Loss: 0.0006, lr: 0.000490, Train: 0.9848, Valid: 0.9719, Test: 0.9714
Run: 09, Epoch: 61, Loss: 0.0006, lr: 0.000490, Train: 0.9855, Valid: 0.9727, Test: 0.9727
Run: 09, Epoch: 62, Loss: 0.0006, lr: 0.000490, Train: 0.9859, Valid: 0.9733, Test: 0.9738
Run: 09, Epoch: 63, Loss: 0.0006, lr: 0.000490, Train: 0.9861, Valid: 0.9729, Test: 0.9731
Run: 09, Epoch: 64, Loss: 0.0006, lr: 0.000343, Train: 0.9862, Valid: 0.9730, Test: 0.9732
Run: 09, Epoch: 65, Loss: 0.0006, lr: 0.000343, Train: 0.9862, Valid: 0.9732, Test: 0.9738
Run: 09, Epoch: 66, Loss: 0.0006, lr: 0.000343, Train: 0.9862, Valid: 0.9733, Test: 0.9737
Run: 09, Epoch: 67, Loss: 0.0006, lr: 0.000343, Train: 0.9863, Valid: 0.9731, Test: 0.9731
Run: 09, Epoch: 68, Loss: 0.0006, lr: 0.000343, Train: 0.9865, Valid: 0.9733, Test: 0.9731
Run: 09, Epoch: 69, Loss: 0.0005, lr: 0.000343, Train: 0.9867, Valid: 0.9736, Test: 0.9735
Run: 09, Epoch: 70, Loss: 0.0005, lr: 0.000240, Train: 0.9868, Valid: 0.9736, Test: 0.9735
Run: 09, Epoch: 71, Loss: 0.0005, lr: 0.000240, Train: 0.9869, Valid: 0.9734, Test: 0.9733
Run: 09, Epoch: 72, Loss: 0.0005, lr: 0.000240, Train: 0.9870, Valid: 0.9734, Test: 0.9733
Run: 09, Epoch: 73, Loss: 0.0005, lr: 0.000240, Train: 0.9871, Valid: 0.9735, Test: 0.9736
Run: 09, Epoch: 74, Loss: 0.0005, lr: 0.000240, Train: 0.9871, Valid: 0.9736, Test: 0.9738
Run: 09, Epoch: 75, Loss: 0.0005, lr: 0.000240, Train: 0.9872, Valid: 0.9734, Test: 0.9738
Run: 09, Epoch: 76, Loss: 0.0005, lr: 0.000168, Train: 0.9873, Valid: 0.9733, Test: 0.9738
Run: 09, Epoch: 77, Loss: 0.0005, lr: 0.000168, Train: 0.9874, Valid: 0.9732, Test: 0.9737
Run: 09, Epoch: 78, Loss: 0.0005, lr: 0.000168, Train: 0.9874, Valid: 0.9733, Test: 0.9738
Run: 09, Epoch: 79, Loss: 0.0005, lr: 0.000168, Train: 0.9875, Valid: 0.9735, Test: 0.9740
Run: 09, Epoch: 80, Loss: 0.0005, lr: 0.000168, Train: 0.9875, Valid: 0.9735, Test: 0.9742
Run: 09, Epoch: 81, Loss: 0.0005, lr: 0.000168, Train: 0.9875, Valid: 0.9735, Test: 0.9742
Run: 09, Epoch: 82, Loss: 0.0005, lr: 0.000118, Train: 0.9876, Valid: 0.9735, Test: 0.9742
Run: 09, Epoch: 83, Loss: 0.0005, lr: 0.000118, Train: 0.9876, Valid: 0.9734, Test: 0.9741
Run: 09, Epoch: 84, Loss: 0.0005, lr: 0.000118, Train: 0.9877, Valid: 0.9734, Test: 0.9741
Run: 09, Epoch: 85, Loss: 0.0005, lr: 0.000118, Train: 0.9877, Valid: 0.9735, Test: 0.9741
Run: 09, Epoch: 86, Loss: 0.0005, lr: 0.000118, Train: 0.9878, Valid: 0.9736, Test: 0.9742
Run: 09, Epoch: 87, Loss: 0.0005, lr: 0.000118, Train: 0.9878, Valid: 0.9736, Test: 0.9742
Run: 09, Epoch: 88, Loss: 0.0005, lr: 0.000082, Train: 0.9879, Valid: 0.9735, Test: 0.9740
Run: 09, Epoch: 89, Loss: 0.0005, lr: 0.000082, Train: 0.9879, Valid: 0.9735, Test: 0.9739
Run: 09, Epoch: 90, Loss: 0.0005, lr: 0.000082, Train: 0.9880, Valid: 0.9734, Test: 0.9737
Run: 09, Epoch: 91, Loss: 0.0005, lr: 0.000082, Train: 0.9880, Valid: 0.9734, Test: 0.9736
Run: 09, Epoch: 92, Loss: 0.0005, lr: 0.000082, Train: 0.9881, Valid: 0.9734, Test: 0.9736
Run: 09, Epoch: 93, Loss: 0.0005, lr: 0.000082, Train: 0.9881, Valid: 0.9734, Test: 0.9735
Run: 09, Epoch: 94, Loss: 0.0005, lr: 0.000058, Train: 0.9881, Valid: 0.9734, Test: 0.9735
Run: 09, Epoch: 95, Loss: 0.0005, lr: 0.000058, Train: 0.9882, Valid: 0.9734, Test: 0.9734
Run: 09, Epoch: 96, Loss: 0.0005, lr: 0.000058, Train: 0.9882, Valid: 0.9734, Test: 0.9734
Run: 09, Epoch: 97, Loss: 0.0005, lr: 0.000058, Train: 0.9882, Valid: 0.9734, Test: 0.9733
Run: 09, Epoch: 98, Loss: 0.0005, lr: 0.000058, Train: 0.9882, Valid: 0.9735, Test: 0.9733
Run: 09, Epoch: 99, Loss: 0.0005, lr: 0.000058, Train: 0.9882, Valid: 0.9735, Test: 0.9733
Run: 09, Epoch: 100, Loss: 0.0005, lr: 0.000040, Train: 0.9883, Valid: 0.9735, Test: 0.9733
Run 09:
Highest Train: 0.99
Highest Valid: 0.97
  Final Train: 0.98
   Final Test: 0.97
Run: 10, Epoch: 01, Loss: 0.0453, lr: 0.001000, Train: 0.3421, Valid: 0.3445, Test: 0.5154
Run: 10, Epoch: 02, Loss: 0.0127, lr: 0.001000, Train: 0.2549, Valid: -0.0863, Test: 0.4054
Run: 10, Epoch: 03, Loss: 0.0082, lr: 0.001000, Train: 0.3465, Valid: -0.0915, Test: 0.4538
Run: 10, Epoch: 04, Loss: 0.0065, lr: 0.001000, Train: 0.5119, Valid: 0.1182, Test: 0.5675
Run: 10, Epoch: 05, Loss: 0.0047, lr: 0.001000, Train: 0.6702, Valid: 0.3745, Test: 0.6796
Run: 10, Epoch: 06, Loss: 0.0035, lr: 0.001000, Train: 0.7611, Valid: 0.5089, Test: 0.7422
Run: 10, Epoch: 07, Loss: 0.0031, lr: 0.001000, Train: 0.7963, Valid: 0.5391, Test: 0.7589
Run: 10, Epoch: 08, Loss: 0.0028, lr: 0.001000, Train: 0.8262, Valid: 0.6017, Test: 0.7809
Run: 10, Epoch: 09, Loss: 0.0026, lr: 0.001000, Train: 0.8634, Valid: 0.7158, Test: 0.8214
Run: 10, Epoch: 10, Loss: 0.0024, lr: 0.001000, Train: 0.8980, Valid: 0.8243, Test: 0.8678
Run: 10, Epoch: 11, Loss: 0.0022, lr: 0.001000, Train: 0.9140, Valid: 0.8700, Test: 0.8917
Run: 10, Epoch: 12, Loss: 0.0021, lr: 0.001000, Train: 0.9117, Valid: 0.8581, Test: 0.8897
Run: 10, Epoch: 13, Loss: 0.0019, lr: 0.001000, Train: 0.9114, Valid: 0.8523, Test: 0.8874
Run: 10, Epoch: 14, Loss: 0.0018, lr: 0.001000, Train: 0.9208, Valid: 0.8722, Test: 0.8987
Run: 10, Epoch: 15, Loss: 0.0017, lr: 0.001000, Train: 0.9327, Valid: 0.8977, Test: 0.9145
Run: 10, Epoch: 16, Loss: 0.0016, lr: 0.001000, Train: 0.9407, Valid: 0.9119, Test: 0.9259
Run: 10, Epoch: 17, Loss: 0.0016, lr: 0.001000, Train: 0.9445, Valid: 0.9137, Test: 0.9311
Run: 10, Epoch: 18, Loss: 0.0015, lr: 0.001000, Train: 0.9468, Valid: 0.9130, Test: 0.9346
Run: 10, Epoch: 19, Loss: 0.0015, lr: 0.001000, Train: 0.9517, Valid: 0.9187, Test: 0.9437
Run: 10, Epoch: 20, Loss: 0.0014, lr: 0.001000, Train: 0.9565, Valid: 0.9217, Test: 0.9532
Run: 10, Epoch: 21, Loss: 0.0013, lr: 0.001000, Train: 0.9585, Valid: 0.9175, Test: 0.9570
Run: 10, Epoch: 22, Loss: 0.0012, lr: 0.001000, Train: 0.9603, Valid: 0.9163, Test: 0.9600
Run: 10, Epoch: 23, Loss: 0.0012, lr: 0.001000, Train: 0.9604, Valid: 0.9127, Test: 0.9610
Run: 10, Epoch: 24, Loss: 0.0012, lr: 0.001000, Train: 0.9607, Valid: 0.9110, Test: 0.9603
Run: 10, Epoch: 25, Loss: 0.0011, lr: 0.001000, Train: 0.9632, Valid: 0.9173, Test: 0.9599
Run: 10, Epoch: 26, Loss: 0.0011, lr: 0.001000, Train: 0.9644, Valid: 0.9213, Test: 0.9576
Run: 10, Epoch: 27, Loss: 0.0010, lr: 0.000700, Train: 0.9652, Valid: 0.9214, Test: 0.9565
Run: 10, Epoch: 28, Loss: 0.0010, lr: 0.000700, Train: 0.9660, Valid: 0.9206, Test: 0.9558
Run: 10, Epoch: 29, Loss: 0.0010, lr: 0.000700, Train: 0.9668, Valid: 0.9202, Test: 0.9558
Run: 10, Epoch: 30, Loss: 0.0010, lr: 0.000700, Train: 0.9683, Valid: 0.9213, Test: 0.9575
Run: 10, Epoch: 31, Loss: 0.0010, lr: 0.000700, Train: 0.9694, Valid: 0.9224, Test: 0.9596
Run: 10, Epoch: 32, Loss: 0.0010, lr: 0.000700, Train: 0.9701, Valid: 0.9229, Test: 0.9611
Run: 10, Epoch: 33, Loss: 0.0009, lr: 0.000700, Train: 0.9707, Valid: 0.9242, Test: 0.9620
Run: 10, Epoch: 34, Loss: 0.0009, lr: 0.000700, Train: 0.9714, Valid: 0.9252, Test: 0.9628
Run: 10, Epoch: 35, Loss: 0.0009, lr: 0.000700, Train: 0.9721, Valid: 0.9264, Test: 0.9628
Run: 10, Epoch: 36, Loss: 0.0009, lr: 0.000700, Train: 0.9722, Valid: 0.9270, Test: 0.9615
Run: 10, Epoch: 37, Loss: 0.0009, lr: 0.000700, Train: 0.9725, Valid: 0.9269, Test: 0.9615
Run: 10, Epoch: 38, Loss: 0.0009, lr: 0.000700, Train: 0.9732, Valid: 0.9269, Test: 0.9628
Run: 10, Epoch: 39, Loss: 0.0008, lr: 0.000700, Train: 0.9734, Valid: 0.9272, Test: 0.9635
Run: 10, Epoch: 40, Loss: 0.0008, lr: 0.000700, Train: 0.9737, Valid: 0.9271, Test: 0.9650
Run: 10, Epoch: 41, Loss: 0.0008, lr: 0.000700, Train: 0.9741, Valid: 0.9252, Test: 0.9676
Run: 10, Epoch: 42, Loss: 0.0008, lr: 0.000700, Train: 0.9747, Valid: 0.9277, Test: 0.9689
Run: 10, Epoch: 43, Loss: 0.0008, lr: 0.000700, Train: 0.9754, Valid: 0.9297, Test: 0.9697
Run: 10, Epoch: 44, Loss: 0.0008, lr: 0.000700, Train: 0.9764, Valid: 0.9318, Test: 0.9698
Run: 10, Epoch: 45, Loss: 0.0008, lr: 0.000700, Train: 0.9778, Valid: 0.9358, Test: 0.9702
Run: 10, Epoch: 46, Loss: 0.0008, lr: 0.000700, Train: 0.9786, Valid: 0.9371, Test: 0.9699
Run: 10, Epoch: 47, Loss: 0.0008, lr: 0.000700, Train: 0.9789, Valid: 0.9372, Test: 0.9691
Run: 10, Epoch: 48, Loss: 0.0007, lr: 0.000700, Train: 0.9795, Valid: 0.9383, Test: 0.9694
Run: 10, Epoch: 49, Loss: 0.0007, lr: 0.000700, Train: 0.9797, Valid: 0.9385, Test: 0.9696
Run: 10, Epoch: 50, Loss: 0.0007, lr: 0.000700, Train: 0.9793, Valid: 0.9369, Test: 0.9688
Run: 10, Epoch: 51, Loss: 0.0007, lr: 0.000700, Train: 0.9800, Valid: 0.9384, Test: 0.9700
Run: 10, Epoch: 52, Loss: 0.0007, lr: 0.000700, Train: 0.9805, Valid: 0.9394, Test: 0.9707
Run: 10, Epoch: 53, Loss: 0.0007, lr: 0.000700, Train: 0.9807, Valid: 0.9396, Test: 0.9709
Run: 10, Epoch: 54, Loss: 0.0007, lr: 0.000700, Train: 0.9815, Valid: 0.9409, Test: 0.9722
Run: 10, Epoch: 55, Loss: 0.0007, lr: 0.000700, Train: 0.9817, Valid: 0.9407, Test: 0.9725
Run: 10, Epoch: 56, Loss: 0.0007, lr: 0.000700, Train: 0.9818, Valid: 0.9403, Test: 0.9727
Run: 10, Epoch: 57, Loss: 0.0007, lr: 0.000700, Train: 0.9819, Valid: 0.9405, Test: 0.9730
Run: 10, Epoch: 58, Loss: 0.0007, lr: 0.000700, Train: 0.9821, Valid: 0.9407, Test: 0.9728
Run: 10, Epoch: 59, Loss: 0.0007, lr: 0.000700, Train: 0.9824, Valid: 0.9414, Test: 0.9728
Run: 10, Epoch: 60, Loss: 0.0007, lr: 0.000700, Train: 0.9826, Valid: 0.9421, Test: 0.9731
Run: 10, Epoch: 61, Loss: 0.0006, lr: 0.000700, Train: 0.9828, Valid: 0.9425, Test: 0.9734
Run: 10, Epoch: 62, Loss: 0.0006, lr: 0.000700, Train: 0.9828, Valid: 0.9427, Test: 0.9737
Run: 10, Epoch: 63, Loss: 0.0006, lr: 0.000700, Train: 0.9829, Valid: 0.9436, Test: 0.9743
Run: 10, Epoch: 64, Loss: 0.0006, lr: 0.000700, Train: 0.9823, Valid: 0.9429, Test: 0.9740
Run: 10, Epoch: 65, Loss: 0.0006, lr: 0.000700, Train: 0.9828, Valid: 0.9454, Test: 0.9748
Run: 10, Epoch: 66, Loss: 0.0006, lr: 0.000700, Train: 0.9817, Valid: 0.9437, Test: 0.9740
Run: 10, Epoch: 67, Loss: 0.0006, lr: 0.000700, Train: 0.9829, Valid: 0.9468, Test: 0.9747
Run: 10, Epoch: 68, Loss: 0.0006, lr: 0.000700, Train: 0.9830, Valid: 0.9465, Test: 0.9759
Run: 10, Epoch: 69, Loss: 0.0006, lr: 0.000700, Train: 0.9839, Valid: 0.9468, Test: 0.9762
Run: 10, Epoch: 70, Loss: 0.0006, lr: 0.000700, Train: 0.9839, Valid: 0.9454, Test: 0.9756
Run: 10, Epoch: 71, Loss: 0.0006, lr: 0.000700, Train: 0.9832, Valid: 0.9463, Test: 0.9754
Run: 10, Epoch: 72, Loss: 0.0006, lr: 0.000700, Train: 0.9835, Valid: 0.9452, Test: 0.9756
Run: 10, Epoch: 73, Loss: 0.0006, lr: 0.000700, Train: 0.9838, Valid: 0.9462, Test: 0.9768
Run: 10, Epoch: 74, Loss: 0.0006, lr: 0.000490, Train: 0.9844, Valid: 0.9467, Test: 0.9770
Run: 10, Epoch: 75, Loss: 0.0006, lr: 0.000490, Train: 0.9849, Valid: 0.9467, Test: 0.9768
Run: 10, Epoch: 76, Loss: 0.0006, lr: 0.000490, Train: 0.9851, Valid: 0.9476, Test: 0.9772
Run: 10, Epoch: 77, Loss: 0.0006, lr: 0.000490, Train: 0.9849, Valid: 0.9478, Test: 0.9774
Run: 10, Epoch: 78, Loss: 0.0006, lr: 0.000490, Train: 0.9846, Valid: 0.9476, Test: 0.9771
Run: 10, Epoch: 79, Loss: 0.0006, lr: 0.000490, Train: 0.9847, Valid: 0.9475, Test: 0.9771
Run: 10, Epoch: 80, Loss: 0.0006, lr: 0.000490, Train: 0.9853, Valid: 0.9482, Test: 0.9779
Run: 10, Epoch: 81, Loss: 0.0006, lr: 0.000490, Train: 0.9856, Valid: 0.9482, Test: 0.9779
Run: 10, Epoch: 82, Loss: 0.0005, lr: 0.000490, Train: 0.9856, Valid: 0.9475, Test: 0.9776
Run: 10, Epoch: 83, Loss: 0.0005, lr: 0.000490, Train: 0.9857, Valid: 0.9478, Test: 0.9781
Run: 10, Epoch: 84, Loss: 0.0005, lr: 0.000490, Train: 0.9856, Valid: 0.9476, Test: 0.9780
Run: 10, Epoch: 85, Loss: 0.0005, lr: 0.000490, Train: 0.9858, Valid: 0.9480, Test: 0.9780
Run: 10, Epoch: 86, Loss: 0.0005, lr: 0.000490, Train: 0.9862, Valid: 0.9495, Test: 0.9785
Run: 10, Epoch: 87, Loss: 0.0005, lr: 0.000490, Train: 0.9864, Valid: 0.9498, Test: 0.9784
Run: 10, Epoch: 88, Loss: 0.0005, lr: 0.000490, Train: 0.9864, Valid: 0.9497, Test: 0.9784
Run: 10, Epoch: 89, Loss: 0.0005, lr: 0.000490, Train: 0.9864, Valid: 0.9500, Test: 0.9786
Run: 10, Epoch: 90, Loss: 0.0005, lr: 0.000490, Train: 0.9864, Valid: 0.9494, Test: 0.9783
Run: 10, Epoch: 91, Loss: 0.0005, lr: 0.000490, Train: 0.9867, Valid: 0.9504, Test: 0.9790
Run: 10, Epoch: 92, Loss: 0.0005, lr: 0.000490, Train: 0.9868, Valid: 0.9512, Test: 0.9795
Run: 10, Epoch: 93, Loss: 0.0005, lr: 0.000490, Train: 0.9869, Valid: 0.9509, Test: 0.9793
Run: 10, Epoch: 94, Loss: 0.0005, lr: 0.000490, Train: 0.9869, Valid: 0.9509, Test: 0.9794
Run: 10, Epoch: 95, Loss: 0.0005, lr: 0.000490, Train: 0.9869, Valid: 0.9509, Test: 0.9795
Run: 10, Epoch: 96, Loss: 0.0005, lr: 0.000490, Train: 0.9871, Valid: 0.9505, Test: 0.9795
Run: 10, Epoch: 97, Loss: 0.0005, lr: 0.000490, Train: 0.9871, Valid: 0.9513, Test: 0.9799
Run: 10, Epoch: 98, Loss: 0.0005, lr: 0.000490, Train: 0.9873, Valid: 0.9512, Test: 0.9802
Run: 10, Epoch: 99, Loss: 0.0005, lr: 0.000343, Train: 0.9873, Valid: 0.9514, Test: 0.9804
Run: 10, Epoch: 100, Loss: 0.0005, lr: 0.000343, Train: 0.9873, Valid: 0.9516, Test: 0.9804
Run 10:
Highest Train: 0.99
Highest Valid: 0.95
  Final Train: 0.99
   Final Test: 0.98
All runs:
Highest Train: 0.99  0.00
Highest Valid: 0.96  0.01
  Final Train: 0.98  0.01
   Final Test: 0.96  0.01
