Namespace(conv_layers=3, device=0, dropout=0.0, epochs=100, hidden_dim=256, log_steps=1, lr=0.001, method='gin', mlp_layers=2, runs=10, subset='computer_science')
Run: 01, Epoch: 01, Loss: 0.0450, lr: 0.001000, Train: -1.0048, Valid: -1.1925, Test: -0.8081
Run: 01, Epoch: 02, Loss: 0.0163, lr: 0.001000, Train: -5.1195, Valid: -5.7825, Test: -3.9129
Run: 01, Epoch: 03, Loss: 0.0104, lr: 0.001000, Train: -4.7182, Valid: -4.9639, Test: -3.6113
Run: 01, Epoch: 04, Loss: 0.0074, lr: 0.001000, Train: 0.2239, Valid: 0.4731, Test: 0.3907
Run: 01, Epoch: 05, Loss: 0.0035, lr: 0.001000, Train: -4.0400, Valid: -3.1181, Test: -3.8373
Run: 01, Epoch: 06, Loss: 0.0037, lr: 0.001000, Train: -4.9791, Valid: -3.7685, Test: -4.7100
Run: 01, Epoch: 07, Loss: 0.0031, lr: 0.001000, Train: -2.7974, Valid: -2.0986, Test: -2.7075
Run: 01, Epoch: 08, Loss: 0.0019, lr: 0.001000, Train: 0.0934, Valid: 0.1387, Test: -0.0204
Run: 01, Epoch: 09, Loss: 0.0019, lr: 0.001000, Train: 0.8375, Valid: 0.8580, Test: 0.7838
Run: 01, Epoch: 10, Loss: 0.0020, lr: 0.001000, Train: 0.8736, Valid: 0.8908, Test: 0.8425
Run: 01, Epoch: 11, Loss: 0.0017, lr: 0.001000, Train: 0.8432, Valid: 0.8201, Test: 0.7733
Run: 01, Epoch: 12, Loss: 0.0016, lr: 0.001000, Train: 0.7373, Valid: 0.6743, Test: 0.6384
Run: 01, Epoch: 13, Loss: 0.0017, lr: 0.001000, Train: 0.7071, Valid: 0.6440, Test: 0.6061
Run: 01, Epoch: 14, Loss: 0.0016, lr: 0.001000, Train: 0.7955, Valid: 0.7515, Test: 0.7166
Run: 01, Epoch: 15, Loss: 0.0013, lr: 0.001000, Train: 0.8794, Valid: 0.8683, Test: 0.8364
Run: 01, Epoch: 16, Loss: 0.0011, lr: 0.001000, Train: 0.8953, Valid: 0.9068, Test: 0.8778
Run: 01, Epoch: 17, Loss: 0.0011, lr: 0.001000, Train: 0.8922, Valid: 0.9020, Test: 0.8792
Run: 01, Epoch: 18, Loss: 0.0011, lr: 0.001000, Train: 0.9026, Valid: 0.9061, Test: 0.8846
Run: 01, Epoch: 19, Loss: 0.0010, lr: 0.001000, Train: 0.9113, Valid: 0.9034, Test: 0.8880
Run: 01, Epoch: 20, Loss: 0.0008, lr: 0.001000, Train: 0.9046, Valid: 0.8811, Test: 0.8776
Run: 01, Epoch: 21, Loss: 0.0007, lr: 0.001000, Train: 0.9000, Valid: 0.8637, Test: 0.8702
Run: 01, Epoch: 22, Loss: 0.0007, lr: 0.001000, Train: 0.9156, Valid: 0.8761, Test: 0.8849
Run: 01, Epoch: 23, Loss: 0.0007, lr: 0.000700, Train: 0.9389, Valid: 0.9021, Test: 0.9078
Run: 01, Epoch: 24, Loss: 0.0007, lr: 0.000700, Train: 0.9574, Valid: 0.9241, Test: 0.9270
Run: 01, Epoch: 25, Loss: 0.0006, lr: 0.000700, Train: 0.9665, Valid: 0.9362, Test: 0.9368
Run: 01, Epoch: 26, Loss: 0.0006, lr: 0.000700, Train: 0.9697, Valid: 0.9407, Test: 0.9403
Run: 01, Epoch: 27, Loss: 0.0006, lr: 0.000700, Train: 0.9721, Valid: 0.9412, Test: 0.9409
Run: 01, Epoch: 28, Loss: 0.0006, lr: 0.000700, Train: 0.9749, Valid: 0.9401, Test: 0.9396
Run: 01, Epoch: 29, Loss: 0.0005, lr: 0.000700, Train: 0.9764, Valid: 0.9362, Test: 0.9361
Run: 01, Epoch: 30, Loss: 0.0004, lr: 0.000700, Train: 0.9762, Valid: 0.9305, Test: 0.9316
Run: 01, Epoch: 31, Loss: 0.0004, lr: 0.000700, Train: 0.9760, Valid: 0.9261, Test: 0.9293
Run: 01, Epoch: 32, Loss: 0.0004, lr: 0.000700, Train: 0.9769, Valid: 0.9255, Test: 0.9308
Run: 01, Epoch: 33, Loss: 0.0004, lr: 0.000700, Train: 0.9784, Valid: 0.9276, Test: 0.9350
Run: 01, Epoch: 34, Loss: 0.0004, lr: 0.000490, Train: 0.9793, Valid: 0.9289, Test: 0.9381
Run: 01, Epoch: 35, Loss: 0.0004, lr: 0.000490, Train: 0.9796, Valid: 0.9293, Test: 0.9400
Run: 01, Epoch: 36, Loss: 0.0003, lr: 0.000490, Train: 0.9802, Valid: 0.9297, Test: 0.9406
Run: 01, Epoch: 37, Loss: 0.0003, lr: 0.000490, Train: 0.9817, Valid: 0.9302, Test: 0.9400
Run: 01, Epoch: 38, Loss: 0.0003, lr: 0.000490, Train: 0.9842, Valid: 0.9314, Test: 0.9387
Run: 01, Epoch: 39, Loss: 0.0003, lr: 0.000490, Train: 0.9869, Valid: 0.9327, Test: 0.9368
Run: 01, Epoch: 40, Loss: 0.0003, lr: 0.000343, Train: 0.9886, Valid: 0.9332, Test: 0.9349
Run: 01, Epoch: 41, Loss: 0.0003, lr: 0.000343, Train: 0.9897, Valid: 0.9330, Test: 0.9329
Run: 01, Epoch: 42, Loss: 0.0003, lr: 0.000343, Train: 0.9903, Valid: 0.9329, Test: 0.9310
Run: 01, Epoch: 43, Loss: 0.0003, lr: 0.000343, Train: 0.9906, Valid: 0.9332, Test: 0.9295
Run: 01, Epoch: 44, Loss: 0.0003, lr: 0.000343, Train: 0.9908, Valid: 0.9338, Test: 0.9287
Run: 01, Epoch: 45, Loss: 0.0003, lr: 0.000343, Train: 0.9911, Valid: 0.9350, Test: 0.9286
Run: 01, Epoch: 46, Loss: 0.0003, lr: 0.000240, Train: 0.9914, Valid: 0.9358, Test: 0.9286
Run: 01, Epoch: 47, Loss: 0.0003, lr: 0.000240, Train: 0.9917, Valid: 0.9367, Test: 0.9288
Run: 01, Epoch: 48, Loss: 0.0003, lr: 0.000240, Train: 0.9921, Valid: 0.9374, Test: 0.9289
Run: 01, Epoch: 49, Loss: 0.0002, lr: 0.000240, Train: 0.9923, Valid: 0.9379, Test: 0.9289
Run: 01, Epoch: 50, Loss: 0.0002, lr: 0.000240, Train: 0.9925, Valid: 0.9381, Test: 0.9287
Run: 01, Epoch: 51, Loss: 0.0002, lr: 0.000240, Train: 0.9927, Valid: 0.9380, Test: 0.9283
Run: 01, Epoch: 52, Loss: 0.0002, lr: 0.000168, Train: 0.9928, Valid: 0.9376, Test: 0.9279
Run: 01, Epoch: 53, Loss: 0.0002, lr: 0.000168, Train: 0.9929, Valid: 0.9372, Test: 0.9274
Run: 01, Epoch: 54, Loss: 0.0002, lr: 0.000168, Train: 0.9931, Valid: 0.9367, Test: 0.9269
Run: 01, Epoch: 55, Loss: 0.0002, lr: 0.000168, Train: 0.9932, Valid: 0.9361, Test: 0.9265
Run: 01, Epoch: 56, Loss: 0.0002, lr: 0.000168, Train: 0.9933, Valid: 0.9357, Test: 0.9262
Run: 01, Epoch: 57, Loss: 0.0002, lr: 0.000168, Train: 0.9935, Valid: 0.9354, Test: 0.9260
Run: 01, Epoch: 58, Loss: 0.0002, lr: 0.000118, Train: 0.9936, Valid: 0.9351, Test: 0.9259
Run: 01, Epoch: 59, Loss: 0.0002, lr: 0.000118, Train: 0.9937, Valid: 0.9349, Test: 0.9260
Run: 01, Epoch: 60, Loss: 0.0002, lr: 0.000118, Train: 0.9937, Valid: 0.9348, Test: 0.9261
Run: 01, Epoch: 61, Loss: 0.0002, lr: 0.000118, Train: 0.9938, Valid: 0.9348, Test: 0.9263
Run: 01, Epoch: 62, Loss: 0.0002, lr: 0.000118, Train: 0.9939, Valid: 0.9349, Test: 0.9265
Run: 01, Epoch: 63, Loss: 0.0002, lr: 0.000118, Train: 0.9940, Valid: 0.9350, Test: 0.9267
Run: 01, Epoch: 64, Loss: 0.0002, lr: 0.000082, Train: 0.9940, Valid: 0.9351, Test: 0.9269
Run: 01, Epoch: 65, Loss: 0.0002, lr: 0.000082, Train: 0.9941, Valid: 0.9351, Test: 0.9270
Run: 01, Epoch: 66, Loss: 0.0002, lr: 0.000082, Train: 0.9941, Valid: 0.9352, Test: 0.9271
Run: 01, Epoch: 67, Loss: 0.0002, lr: 0.000082, Train: 0.9942, Valid: 0.9353, Test: 0.9271
Run: 01, Epoch: 68, Loss: 0.0002, lr: 0.000082, Train: 0.9942, Valid: 0.9353, Test: 0.9271
Run: 01, Epoch: 69, Loss: 0.0002, lr: 0.000082, Train: 0.9942, Valid: 0.9353, Test: 0.9271
Run: 01, Epoch: 70, Loss: 0.0002, lr: 0.000058, Train: 0.9943, Valid: 0.9353, Test: 0.9270
Run: 01, Epoch: 71, Loss: 0.0002, lr: 0.000058, Train: 0.9943, Valid: 0.9353, Test: 0.9270
Run: 01, Epoch: 72, Loss: 0.0002, lr: 0.000058, Train: 0.9943, Valid: 0.9353, Test: 0.9269
Run: 01, Epoch: 73, Loss: 0.0002, lr: 0.000058, Train: 0.9944, Valid: 0.9352, Test: 0.9268
Run: 01, Epoch: 74, Loss: 0.0002, lr: 0.000058, Train: 0.9944, Valid: 0.9352, Test: 0.9268
Run: 01, Epoch: 75, Loss: 0.0002, lr: 0.000058, Train: 0.9944, Valid: 0.9351, Test: 0.9267
Run: 01, Epoch: 76, Loss: 0.0002, lr: 0.000040, Train: 0.9945, Valid: 0.9351, Test: 0.9266
Run: 01, Epoch: 77, Loss: 0.0002, lr: 0.000040, Train: 0.9945, Valid: 0.9350, Test: 0.9266
Run: 01, Epoch: 78, Loss: 0.0002, lr: 0.000040, Train: 0.9945, Valid: 0.9349, Test: 0.9266
Run: 01, Epoch: 79, Loss: 0.0002, lr: 0.000040, Train: 0.9945, Valid: 0.9349, Test: 0.9266
Run: 01, Epoch: 80, Loss: 0.0002, lr: 0.000040, Train: 0.9946, Valid: 0.9348, Test: 0.9266
Run: 01, Epoch: 81, Loss: 0.0002, lr: 0.000040, Train: 0.9946, Valid: 0.9348, Test: 0.9266
Run: 01, Epoch: 82, Loss: 0.0002, lr: 0.000028, Train: 0.9946, Valid: 0.9347, Test: 0.9266
Run: 01, Epoch: 83, Loss: 0.0002, lr: 0.000028, Train: 0.9946, Valid: 0.9347, Test: 0.9267
Run: 01, Epoch: 84, Loss: 0.0002, lr: 0.000028, Train: 0.9946, Valid: 0.9347, Test: 0.9267
Run: 01, Epoch: 85, Loss: 0.0002, lr: 0.000028, Train: 0.9946, Valid: 0.9347, Test: 0.9267
Run: 01, Epoch: 86, Loss: 0.0002, lr: 0.000028, Train: 0.9946, Valid: 0.9347, Test: 0.9268
Run: 01, Epoch: 87, Loss: 0.0002, lr: 0.000028, Train: 0.9947, Valid: 0.9347, Test: 0.9268
Run: 01, Epoch: 88, Loss: 0.0002, lr: 0.000020, Train: 0.9947, Valid: 0.9347, Test: 0.9268
Run: 01, Epoch: 89, Loss: 0.0002, lr: 0.000020, Train: 0.9947, Valid: 0.9347, Test: 0.9269
Run: 01, Epoch: 90, Loss: 0.0002, lr: 0.000020, Train: 0.9947, Valid: 0.9347, Test: 0.9269
Run: 01, Epoch: 91, Loss: 0.0002, lr: 0.000020, Train: 0.9947, Valid: 0.9347, Test: 0.9269
Run: 01, Epoch: 92, Loss: 0.0002, lr: 0.000020, Train: 0.9947, Valid: 0.9347, Test: 0.9269
Run: 01, Epoch: 93, Loss: 0.0002, lr: 0.000020, Train: 0.9947, Valid: 0.9347, Test: 0.9270
Run: 01, Epoch: 94, Loss: 0.0002, lr: 0.000014, Train: 0.9947, Valid: 0.9348, Test: 0.9270
Run: 01, Epoch: 95, Loss: 0.0002, lr: 0.000014, Train: 0.9947, Valid: 0.9348, Test: 0.9270
Run: 01, Epoch: 96, Loss: 0.0002, lr: 0.000014, Train: 0.9947, Valid: 0.9348, Test: 0.9270
Run: 01, Epoch: 97, Loss: 0.0002, lr: 0.000014, Train: 0.9948, Valid: 0.9348, Test: 0.9270
Run: 01, Epoch: 98, Loss: 0.0002, lr: 0.000014, Train: 0.9948, Valid: 0.9348, Test: 0.9270
Run: 01, Epoch: 99, Loss: 0.0002, lr: 0.000014, Train: 0.9948, Valid: 0.9348, Test: 0.9271
Run: 01, Epoch: 100, Loss: 0.0002, lr: 0.000010, Train: 0.9948, Valid: 0.9348, Test: 0.9271
Run 01:
Highest Train: 0.99
Highest Valid: 0.94
  Final Train: 0.97
   Final Test: 0.94
Run: 02, Epoch: 01, Loss: 0.0633, lr: 0.001000, Train: -0.2599, Valid: -0.6952, Test: -0.6197
Run: 02, Epoch: 02, Loss: 0.0155, lr: 0.001000, Train: 0.1887, Valid: -0.1014, Test: -0.0143
Run: 02, Epoch: 03, Loss: 0.0068, lr: 0.001000, Train: 0.7739, Valid: 0.8567, Test: 0.7280
Run: 02, Epoch: 04, Loss: 0.0050, lr: 0.001000, Train: 0.7502, Valid: 0.5962, Test: 0.7154
Run: 02, Epoch: 05, Loss: 0.0053, lr: 0.001000, Train: 0.8179, Valid: 0.7146, Test: 0.7714
Run: 02, Epoch: 06, Loss: 0.0036, lr: 0.001000, Train: 0.8474, Valid: 0.8542, Test: 0.7749
Run: 02, Epoch: 07, Loss: 0.0022, lr: 0.001000, Train: 0.5678, Valid: 0.2956, Test: 0.4064
Run: 02, Epoch: 08, Loss: 0.0024, lr: 0.001000, Train: 0.3851, Valid: -0.0928, Test: 0.1470
Run: 02, Epoch: 09, Loss: 0.0027, lr: 0.001000, Train: 0.5244, Valid: 0.1406, Test: 0.3164
Run: 02, Epoch: 10, Loss: 0.0022, lr: 0.000700, Train: 0.7632, Valid: 0.5806, Test: 0.6352
Run: 02, Epoch: 11, Loss: 0.0018, lr: 0.000700, Train: 0.9044, Valid: 0.8336, Test: 0.8321
Run: 02, Epoch: 12, Loss: 0.0015, lr: 0.000700, Train: 0.9221, Valid: 0.8169, Test: 0.8711
Run: 02, Epoch: 13, Loss: 0.0014, lr: 0.000700, Train: 0.8979, Valid: 0.7193, Test: 0.8480
Run: 02, Epoch: 14, Loss: 0.0014, lr: 0.000700, Train: 0.8902, Valid: 0.6737, Test: 0.8345
Run: 02, Epoch: 15, Loss: 0.0014, lr: 0.000700, Train: 0.9065, Valid: 0.6962, Test: 0.8449
Run: 02, Epoch: 16, Loss: 0.0014, lr: 0.000490, Train: 0.9257, Valid: 0.7335, Test: 0.8621
Run: 02, Epoch: 17, Loss: 0.0013, lr: 0.000490, Train: 0.9416, Valid: 0.7633, Test: 0.8783
Run: 02, Epoch: 18, Loss: 0.0012, lr: 0.000490, Train: 0.9506, Valid: 0.7775, Test: 0.8894
Run: 02, Epoch: 19, Loss: 0.0012, lr: 0.000490, Train: 0.9539, Valid: 0.7769, Test: 0.8952
Run: 02, Epoch: 20, Loss: 0.0011, lr: 0.000490, Train: 0.9548, Valid: 0.7728, Test: 0.8987
Run: 02, Epoch: 21, Loss: 0.0010, lr: 0.000490, Train: 0.9561, Valid: 0.7762, Test: 0.9021
Run: 02, Epoch: 22, Loss: 0.0010, lr: 0.000343, Train: 0.9586, Valid: 0.7849, Test: 0.9054
Run: 02, Epoch: 23, Loss: 0.0009, lr: 0.000343, Train: 0.9618, Valid: 0.7956, Test: 0.9084
Run: 02, Epoch: 24, Loss: 0.0009, lr: 0.000343, Train: 0.9643, Valid: 0.8043, Test: 0.9103
Run: 02, Epoch: 25, Loss: 0.0009, lr: 0.000343, Train: 0.9660, Valid: 0.8098, Test: 0.9108
Run: 02, Epoch: 26, Loss: 0.0009, lr: 0.000343, Train: 0.9670, Valid: 0.8118, Test: 0.9100
Run: 02, Epoch: 27, Loss: 0.0009, lr: 0.000343, Train: 0.9676, Valid: 0.8123, Test: 0.9089
Run: 02, Epoch: 28, Loss: 0.0008, lr: 0.000240, Train: 0.9686, Valid: 0.8141, Test: 0.9088
Run: 02, Epoch: 29, Loss: 0.0008, lr: 0.000240, Train: 0.9699, Valid: 0.8167, Test: 0.9094
Run: 02, Epoch: 30, Loss: 0.0008, lr: 0.000240, Train: 0.9712, Valid: 0.8210, Test: 0.9103
Run: 02, Epoch: 31, Loss: 0.0008, lr: 0.000240, Train: 0.9726, Valid: 0.8258, Test: 0.9113
Run: 02, Epoch: 32, Loss: 0.0007, lr: 0.000240, Train: 0.9739, Valid: 0.8305, Test: 0.9123
Run: 02, Epoch: 33, Loss: 0.0007, lr: 0.000240, Train: 0.9750, Valid: 0.8349, Test: 0.9130
Run: 02, Epoch: 34, Loss: 0.0007, lr: 0.000168, Train: 0.9760, Valid: 0.8389, Test: 0.9134
Run: 02, Epoch: 35, Loss: 0.0007, lr: 0.000168, Train: 0.9768, Valid: 0.8426, Test: 0.9137
Run: 02, Epoch: 36, Loss: 0.0007, lr: 0.000168, Train: 0.9775, Valid: 0.8462, Test: 0.9138
Run: 02, Epoch: 37, Loss: 0.0007, lr: 0.000168, Train: 0.9782, Valid: 0.8494, Test: 0.9137
Run: 02, Epoch: 38, Loss: 0.0007, lr: 0.000168, Train: 0.9789, Valid: 0.8525, Test: 0.9135
Run: 02, Epoch: 39, Loss: 0.0007, lr: 0.000168, Train: 0.9795, Valid: 0.8555, Test: 0.9131
Run: 02, Epoch: 40, Loss: 0.0007, lr: 0.000118, Train: 0.9801, Valid: 0.8583, Test: 0.9127
Run: 02, Epoch: 41, Loss: 0.0006, lr: 0.000118, Train: 0.9806, Valid: 0.8610, Test: 0.9123
Run: 02, Epoch: 42, Loss: 0.0006, lr: 0.000118, Train: 0.9811, Valid: 0.8635, Test: 0.9119
Run: 02, Epoch: 43, Loss: 0.0006, lr: 0.000118, Train: 0.9815, Valid: 0.8659, Test: 0.9115
Run: 02, Epoch: 44, Loss: 0.0006, lr: 0.000118, Train: 0.9819, Valid: 0.8679, Test: 0.9110
Run: 02, Epoch: 45, Loss: 0.0006, lr: 0.000118, Train: 0.9823, Valid: 0.8698, Test: 0.9107
Run: 02, Epoch: 46, Loss: 0.0006, lr: 0.000118, Train: 0.9826, Valid: 0.8716, Test: 0.9104
Run: 02, Epoch: 47, Loss: 0.0006, lr: 0.000118, Train: 0.9829, Valid: 0.8733, Test: 0.9102
Run: 02, Epoch: 48, Loss: 0.0006, lr: 0.000118, Train: 0.9832, Valid: 0.8748, Test: 0.9102
Run: 02, Epoch: 49, Loss: 0.0006, lr: 0.000118, Train: 0.9835, Valid: 0.8761, Test: 0.9102
Run: 02, Epoch: 50, Loss: 0.0006, lr: 0.000118, Train: 0.9838, Valid: 0.8773, Test: 0.9103
Run: 02, Epoch: 51, Loss: 0.0006, lr: 0.000118, Train: 0.9840, Valid: 0.8784, Test: 0.9106
Run: 02, Epoch: 52, Loss: 0.0006, lr: 0.000118, Train: 0.9843, Valid: 0.8792, Test: 0.9109
Run: 02, Epoch: 53, Loss: 0.0006, lr: 0.000118, Train: 0.9845, Valid: 0.8799, Test: 0.9112
Run: 02, Epoch: 54, Loss: 0.0006, lr: 0.000118, Train: 0.9847, Valid: 0.8805, Test: 0.9115
Run: 02, Epoch: 55, Loss: 0.0006, lr: 0.000118, Train: 0.9849, Valid: 0.8807, Test: 0.9117
Run: 02, Epoch: 56, Loss: 0.0006, lr: 0.000118, Train: 0.9851, Valid: 0.8808, Test: 0.9120
Run: 02, Epoch: 57, Loss: 0.0005, lr: 0.000118, Train: 0.9852, Valid: 0.8808, Test: 0.9122
Run: 02, Epoch: 58, Loss: 0.0005, lr: 0.000118, Train: 0.9853, Valid: 0.8808, Test: 0.9124
Run: 02, Epoch: 59, Loss: 0.0005, lr: 0.000118, Train: 0.9854, Valid: 0.8807, Test: 0.9126
Run: 02, Epoch: 60, Loss: 0.0005, lr: 0.000118, Train: 0.9855, Valid: 0.8806, Test: 0.9128
Run: 02, Epoch: 61, Loss: 0.0005, lr: 0.000118, Train: 0.9856, Valid: 0.8805, Test: 0.9129
Run: 02, Epoch: 62, Loss: 0.0005, lr: 0.000118, Train: 0.9857, Valid: 0.8805, Test: 0.9130
Run: 02, Epoch: 63, Loss: 0.0005, lr: 0.000082, Train: 0.9858, Valid: 0.8807, Test: 0.9131
Run: 02, Epoch: 64, Loss: 0.0005, lr: 0.000082, Train: 0.9859, Valid: 0.8810, Test: 0.9131
Run: 02, Epoch: 65, Loss: 0.0005, lr: 0.000082, Train: 0.9861, Valid: 0.8812, Test: 0.9131
Run: 02, Epoch: 66, Loss: 0.0005, lr: 0.000082, Train: 0.9862, Valid: 0.8815, Test: 0.9131
Run: 02, Epoch: 67, Loss: 0.0005, lr: 0.000082, Train: 0.9863, Valid: 0.8817, Test: 0.9132
Run: 02, Epoch: 68, Loss: 0.0005, lr: 0.000082, Train: 0.9864, Valid: 0.8819, Test: 0.9132
Run: 02, Epoch: 69, Loss: 0.0005, lr: 0.000082, Train: 0.9865, Valid: 0.8821, Test: 0.9132
Run: 02, Epoch: 70, Loss: 0.0005, lr: 0.000082, Train: 0.9866, Valid: 0.8823, Test: 0.9132
Run: 02, Epoch: 71, Loss: 0.0005, lr: 0.000082, Train: 0.9867, Valid: 0.8825, Test: 0.9132
Run: 02, Epoch: 72, Loss: 0.0005, lr: 0.000082, Train: 0.9868, Valid: 0.8828, Test: 0.9132
Run: 02, Epoch: 73, Loss: 0.0005, lr: 0.000082, Train: 0.9870, Valid: 0.8830, Test: 0.9132
Run: 02, Epoch: 74, Loss: 0.0005, lr: 0.000082, Train: 0.9871, Valid: 0.8833, Test: 0.9132
Run: 02, Epoch: 75, Loss: 0.0005, lr: 0.000082, Train: 0.9872, Valid: 0.8836, Test: 0.9133
Run: 02, Epoch: 76, Loss: 0.0005, lr: 0.000082, Train: 0.9873, Valid: 0.8838, Test: 0.9133
Run: 02, Epoch: 77, Loss: 0.0005, lr: 0.000082, Train: 0.9874, Valid: 0.8840, Test: 0.9134
Run: 02, Epoch: 78, Loss: 0.0005, lr: 0.000082, Train: 0.9875, Valid: 0.8843, Test: 0.9134
Run: 02, Epoch: 79, Loss: 0.0005, lr: 0.000082, Train: 0.9876, Valid: 0.8845, Test: 0.9135
Run: 02, Epoch: 80, Loss: 0.0005, lr: 0.000082, Train: 0.9877, Valid: 0.8847, Test: 0.9135
Run: 02, Epoch: 81, Loss: 0.0005, lr: 0.000082, Train: 0.9878, Valid: 0.8850, Test: 0.9136
Run: 02, Epoch: 82, Loss: 0.0005, lr: 0.000082, Train: 0.9879, Valid: 0.8852, Test: 0.9137
Run: 02, Epoch: 83, Loss: 0.0004, lr: 0.000082, Train: 0.9880, Valid: 0.8855, Test: 0.9137
Run: 02, Epoch: 84, Loss: 0.0004, lr: 0.000082, Train: 0.9880, Valid: 0.8858, Test: 0.9137
Run: 02, Epoch: 85, Loss: 0.0004, lr: 0.000082, Train: 0.9881, Valid: 0.8861, Test: 0.9137
Run: 02, Epoch: 86, Loss: 0.0004, lr: 0.000082, Train: 0.9882, Valid: 0.8864, Test: 0.9138
Run: 02, Epoch: 87, Loss: 0.0004, lr: 0.000082, Train: 0.9883, Valid: 0.8867, Test: 0.9138
Run: 02, Epoch: 88, Loss: 0.0004, lr: 0.000082, Train: 0.9883, Valid: 0.8870, Test: 0.9138
Run: 02, Epoch: 89, Loss: 0.0004, lr: 0.000082, Train: 0.9884, Valid: 0.8872, Test: 0.9139
Run: 02, Epoch: 90, Loss: 0.0004, lr: 0.000082, Train: 0.9885, Valid: 0.8874, Test: 0.9139
Run: 02, Epoch: 91, Loss: 0.0004, lr: 0.000082, Train: 0.9885, Valid: 0.8875, Test: 0.9139
Run: 02, Epoch: 92, Loss: 0.0004, lr: 0.000082, Train: 0.9886, Valid: 0.8877, Test: 0.9140
Run: 02, Epoch: 93, Loss: 0.0004, lr: 0.000082, Train: 0.9887, Valid: 0.8878, Test: 0.9140
Run: 02, Epoch: 94, Loss: 0.0004, lr: 0.000082, Train: 0.9888, Valid: 0.8879, Test: 0.9140
Run: 02, Epoch: 95, Loss: 0.0004, lr: 0.000082, Train: 0.9888, Valid: 0.8880, Test: 0.9141
Run: 02, Epoch: 96, Loss: 0.0004, lr: 0.000082, Train: 0.9889, Valid: 0.8881, Test: 0.9142
Run: 02, Epoch: 97, Loss: 0.0004, lr: 0.000082, Train: 0.9890, Valid: 0.8881, Test: 0.9142
Run: 02, Epoch: 98, Loss: 0.0004, lr: 0.000082, Train: 0.9890, Valid: 0.8881, Test: 0.9141
Run: 02, Epoch: 99, Loss: 0.0004, lr: 0.000082, Train: 0.9891, Valid: 0.8880, Test: 0.9141
Run: 02, Epoch: 100, Loss: 0.0004, lr: 0.000082, Train: 0.9892, Valid: 0.8879, Test: 0.9141
Run 02:
Highest Train: 0.99
Highest Valid: 0.89
  Final Train: 0.99
   Final Test: 0.91
Run: 03, Epoch: 01, Loss: 0.0605, lr: 0.001000, Train: 0.1011, Valid: 0.1554, Test: 0.0784
Run: 03, Epoch: 02, Loss: 0.0102, lr: 0.001000, Train: 0.3484, Valid: 0.3756, Test: 0.3398
Run: 03, Epoch: 03, Loss: 0.0079, lr: 0.001000, Train: 0.2667, Valid: 0.2950, Test: 0.2607
Run: 03, Epoch: 04, Loss: 0.0072, lr: 0.001000, Train: 0.6283, Valid: 0.6336, Test: 0.6472
Run: 03, Epoch: 05, Loss: 0.0049, lr: 0.001000, Train: 0.7785, Valid: 0.8352, Test: 0.7451
Run: 03, Epoch: 06, Loss: 0.0041, lr: 0.001000, Train: 0.6440, Valid: 0.7580, Test: 0.5613
Run: 03, Epoch: 07, Loss: 0.0034, lr: 0.001000, Train: 0.6273, Valid: 0.7435, Test: 0.5391
Run: 03, Epoch: 08, Loss: 0.0028, lr: 0.001000, Train: 0.6591, Valid: 0.7677, Test: 0.5789
Run: 03, Epoch: 09, Loss: 0.0028, lr: 0.001000, Train: 0.6541, Valid: 0.7785, Test: 0.5788
Run: 03, Epoch: 10, Loss: 0.0025, lr: 0.001000, Train: 0.6305, Valid: 0.7742, Test: 0.5489
Run: 03, Epoch: 11, Loss: 0.0020, lr: 0.001000, Train: 0.6386, Valid: 0.7885, Test: 0.5645
Run: 03, Epoch: 12, Loss: 0.0018, lr: 0.000700, Train: 0.7144, Valid: 0.8444, Test: 0.6587
Run: 03, Epoch: 13, Loss: 0.0017, lr: 0.000700, Train: 0.7984, Valid: 0.9003, Test: 0.7560
Run: 03, Epoch: 14, Loss: 0.0016, lr: 0.000700, Train: 0.8718, Valid: 0.9386, Test: 0.8377
Run: 03, Epoch: 15, Loss: 0.0015, lr: 0.000700, Train: 0.9172, Valid: 0.9492, Test: 0.8890
Run: 03, Epoch: 16, Loss: 0.0015, lr: 0.000700, Train: 0.9368, Valid: 0.9430, Test: 0.9102
Run: 03, Epoch: 17, Loss: 0.0014, lr: 0.000700, Train: 0.9428, Valid: 0.9360, Test: 0.9159
Run: 03, Epoch: 18, Loss: 0.0013, lr: 0.000700, Train: 0.9437, Valid: 0.9348, Test: 0.9155
Run: 03, Epoch: 19, Loss: 0.0012, lr: 0.000700, Train: 0.9431, Valid: 0.9363, Test: 0.9146
Run: 03, Epoch: 20, Loss: 0.0011, lr: 0.000700, Train: 0.9450, Valid: 0.9387, Test: 0.9157
Run: 03, Epoch: 21, Loss: 0.0011, lr: 0.000700, Train: 0.9509, Valid: 0.9426, Test: 0.9202
Run: 03, Epoch: 22, Loss: 0.0011, lr: 0.000490, Train: 0.9577, Valid: 0.9436, Test: 0.9244
Run: 03, Epoch: 23, Loss: 0.0010, lr: 0.000490, Train: 0.9625, Valid: 0.9418, Test: 0.9265
Run: 03, Epoch: 24, Loss: 0.0010, lr: 0.000490, Train: 0.9651, Valid: 0.9384, Test: 0.9266
Run: 03, Epoch: 25, Loss: 0.0009, lr: 0.000490, Train: 0.9666, Valid: 0.9365, Test: 0.9268
Run: 03, Epoch: 26, Loss: 0.0009, lr: 0.000490, Train: 0.9680, Valid: 0.9376, Test: 0.9274
Run: 03, Epoch: 27, Loss: 0.0009, lr: 0.000490, Train: 0.9692, Valid: 0.9403, Test: 0.9279
Run: 03, Epoch: 28, Loss: 0.0008, lr: 0.000343, Train: 0.9704, Valid: 0.9416, Test: 0.9282
Run: 03, Epoch: 29, Loss: 0.0008, lr: 0.000343, Train: 0.9716, Valid: 0.9419, Test: 0.9283
Run: 03, Epoch: 30, Loss: 0.0008, lr: 0.000343, Train: 0.9727, Valid: 0.9407, Test: 0.9280
Run: 03, Epoch: 31, Loss: 0.0008, lr: 0.000343, Train: 0.9736, Valid: 0.9377, Test: 0.9271
Run: 03, Epoch: 32, Loss: 0.0007, lr: 0.000343, Train: 0.9740, Valid: 0.9336, Test: 0.9254
Run: 03, Epoch: 33, Loss: 0.0007, lr: 0.000343, Train: 0.9740, Valid: 0.9289, Test: 0.9235
Run: 03, Epoch: 34, Loss: 0.0007, lr: 0.000240, Train: 0.9745, Valid: 0.9263, Test: 0.9229
Run: 03, Epoch: 35, Loss: 0.0007, lr: 0.000240, Train: 0.9752, Valid: 0.9250, Test: 0.9230
Run: 03, Epoch: 36, Loss: 0.0007, lr: 0.000240, Train: 0.9761, Valid: 0.9249, Test: 0.9237
Run: 03, Epoch: 37, Loss: 0.0007, lr: 0.000240, Train: 0.9772, Valid: 0.9254, Test: 0.9247
Run: 03, Epoch: 38, Loss: 0.0006, lr: 0.000240, Train: 0.9783, Valid: 0.9264, Test: 0.9259
Run: 03, Epoch: 39, Loss: 0.0006, lr: 0.000240, Train: 0.9794, Valid: 0.9274, Test: 0.9271
Run: 03, Epoch: 40, Loss: 0.0006, lr: 0.000168, Train: 0.9801, Valid: 0.9280, Test: 0.9280
Run: 03, Epoch: 41, Loss: 0.0006, lr: 0.000168, Train: 0.9807, Valid: 0.9283, Test: 0.9288
Run: 03, Epoch: 42, Loss: 0.0006, lr: 0.000168, Train: 0.9813, Valid: 0.9284, Test: 0.9293
Run: 03, Epoch: 43, Loss: 0.0006, lr: 0.000168, Train: 0.9817, Valid: 0.9283, Test: 0.9298
Run: 03, Epoch: 44, Loss: 0.0006, lr: 0.000168, Train: 0.9821, Valid: 0.9281, Test: 0.9301
Run: 03, Epoch: 45, Loss: 0.0006, lr: 0.000168, Train: 0.9824, Valid: 0.9280, Test: 0.9304
Run: 03, Epoch: 46, Loss: 0.0006, lr: 0.000118, Train: 0.9828, Valid: 0.9281, Test: 0.9308
Run: 03, Epoch: 47, Loss: 0.0006, lr: 0.000118, Train: 0.9831, Valid: 0.9284, Test: 0.9312
Run: 03, Epoch: 48, Loss: 0.0006, lr: 0.000118, Train: 0.9835, Valid: 0.9288, Test: 0.9317
Run: 03, Epoch: 49, Loss: 0.0005, lr: 0.000118, Train: 0.9838, Valid: 0.9294, Test: 0.9322
Run: 03, Epoch: 50, Loss: 0.0005, lr: 0.000118, Train: 0.9842, Valid: 0.9300, Test: 0.9327
Run: 03, Epoch: 51, Loss: 0.0005, lr: 0.000118, Train: 0.9845, Valid: 0.9306, Test: 0.9332
Run: 03, Epoch: 52, Loss: 0.0005, lr: 0.000082, Train: 0.9848, Valid: 0.9311, Test: 0.9335
Run: 03, Epoch: 53, Loss: 0.0005, lr: 0.000082, Train: 0.9850, Valid: 0.9314, Test: 0.9338
Run: 03, Epoch: 54, Loss: 0.0005, lr: 0.000082, Train: 0.9852, Valid: 0.9317, Test: 0.9340
Run: 03, Epoch: 55, Loss: 0.0005, lr: 0.000082, Train: 0.9854, Valid: 0.9320, Test: 0.9341
Run: 03, Epoch: 56, Loss: 0.0005, lr: 0.000082, Train: 0.9856, Valid: 0.9321, Test: 0.9342
Run: 03, Epoch: 57, Loss: 0.0005, lr: 0.000082, Train: 0.9857, Valid: 0.9322, Test: 0.9343
Run: 03, Epoch: 58, Loss: 0.0005, lr: 0.000058, Train: 0.9859, Valid: 0.9323, Test: 0.9344
Run: 03, Epoch: 59, Loss: 0.0005, lr: 0.000058, Train: 0.9860, Valid: 0.9324, Test: 0.9345
Run: 03, Epoch: 60, Loss: 0.0005, lr: 0.000058, Train: 0.9861, Valid: 0.9325, Test: 0.9345
Run: 03, Epoch: 61, Loss: 0.0005, lr: 0.000058, Train: 0.9862, Valid: 0.9325, Test: 0.9346
Run: 03, Epoch: 62, Loss: 0.0005, lr: 0.000058, Train: 0.9864, Valid: 0.9325, Test: 0.9346
Run: 03, Epoch: 63, Loss: 0.0005, lr: 0.000058, Train: 0.9865, Valid: 0.9326, Test: 0.9347
Run: 03, Epoch: 64, Loss: 0.0005, lr: 0.000040, Train: 0.9866, Valid: 0.9327, Test: 0.9347
Run: 03, Epoch: 65, Loss: 0.0005, lr: 0.000040, Train: 0.9867, Valid: 0.9328, Test: 0.9348
Run: 03, Epoch: 66, Loss: 0.0005, lr: 0.000040, Train: 0.9868, Valid: 0.9328, Test: 0.9349
Run: 03, Epoch: 67, Loss: 0.0005, lr: 0.000040, Train: 0.9868, Valid: 0.9329, Test: 0.9349
Run: 03, Epoch: 68, Loss: 0.0005, lr: 0.000040, Train: 0.9869, Valid: 0.9330, Test: 0.9350
Run: 03, Epoch: 69, Loss: 0.0005, lr: 0.000040, Train: 0.9870, Valid: 0.9330, Test: 0.9350
Run: 03, Epoch: 70, Loss: 0.0005, lr: 0.000028, Train: 0.9871, Valid: 0.9331, Test: 0.9350
Run: 03, Epoch: 71, Loss: 0.0005, lr: 0.000028, Train: 0.9872, Valid: 0.9332, Test: 0.9351
Run: 03, Epoch: 72, Loss: 0.0005, lr: 0.000028, Train: 0.9872, Valid: 0.9332, Test: 0.9351
Run: 03, Epoch: 73, Loss: 0.0005, lr: 0.000028, Train: 0.9873, Valid: 0.9333, Test: 0.9352
Run: 03, Epoch: 74, Loss: 0.0005, lr: 0.000028, Train: 0.9873, Valid: 0.9333, Test: 0.9352
Run: 03, Epoch: 75, Loss: 0.0005, lr: 0.000028, Train: 0.9874, Valid: 0.9333, Test: 0.9352
Run: 03, Epoch: 76, Loss: 0.0005, lr: 0.000020, Train: 0.9874, Valid: 0.9334, Test: 0.9352
Run: 03, Epoch: 77, Loss: 0.0005, lr: 0.000020, Train: 0.9875, Valid: 0.9334, Test: 0.9352
Run: 03, Epoch: 78, Loss: 0.0005, lr: 0.000020, Train: 0.9875, Valid: 0.9335, Test: 0.9353
Run: 03, Epoch: 79, Loss: 0.0005, lr: 0.000020, Train: 0.9876, Valid: 0.9335, Test: 0.9353
Run: 03, Epoch: 80, Loss: 0.0005, lr: 0.000020, Train: 0.9876, Valid: 0.9336, Test: 0.9353
Run: 03, Epoch: 81, Loss: 0.0005, lr: 0.000020, Train: 0.9877, Valid: 0.9336, Test: 0.9353
Run: 03, Epoch: 82, Loss: 0.0005, lr: 0.000014, Train: 0.9877, Valid: 0.9337, Test: 0.9354
Run: 03, Epoch: 83, Loss: 0.0005, lr: 0.000014, Train: 0.9877, Valid: 0.9337, Test: 0.9354
Run: 03, Epoch: 84, Loss: 0.0005, lr: 0.000014, Train: 0.9878, Valid: 0.9338, Test: 0.9354
Run: 03, Epoch: 85, Loss: 0.0005, lr: 0.000014, Train: 0.9878, Valid: 0.9338, Test: 0.9354
Run: 03, Epoch: 86, Loss: 0.0005, lr: 0.000014, Train: 0.9878, Valid: 0.9338, Test: 0.9355
Run: 03, Epoch: 87, Loss: 0.0005, lr: 0.000014, Train: 0.9878, Valid: 0.9339, Test: 0.9355
Run: 03, Epoch: 88, Loss: 0.0005, lr: 0.000010, Train: 0.9879, Valid: 0.9339, Test: 0.9355
Run: 03, Epoch: 89, Loss: 0.0005, lr: 0.000010, Train: 0.9879, Valid: 0.9339, Test: 0.9355
Run: 03, Epoch: 90, Loss: 0.0004, lr: 0.000010, Train: 0.9879, Valid: 0.9339, Test: 0.9355
Run: 03, Epoch: 91, Loss: 0.0004, lr: 0.000010, Train: 0.9879, Valid: 0.9340, Test: 0.9355
Run: 03, Epoch: 92, Loss: 0.0004, lr: 0.000010, Train: 0.9879, Valid: 0.9340, Test: 0.9355
Run: 03, Epoch: 93, Loss: 0.0004, lr: 0.000010, Train: 0.9880, Valid: 0.9340, Test: 0.9355
Run: 03, Epoch: 94, Loss: 0.0004, lr: 0.000010, Train: 0.9880, Valid: 0.9340, Test: 0.9355
Run: 03, Epoch: 95, Loss: 0.0004, lr: 0.000010, Train: 0.9880, Valid: 0.9340, Test: 0.9355
Run: 03, Epoch: 96, Loss: 0.0004, lr: 0.000010, Train: 0.9880, Valid: 0.9340, Test: 0.9355
Run: 03, Epoch: 97, Loss: 0.0004, lr: 0.000010, Train: 0.9880, Valid: 0.9340, Test: 0.9355
Run: 03, Epoch: 98, Loss: 0.0004, lr: 0.000010, Train: 0.9881, Valid: 0.9340, Test: 0.9356
Run: 03, Epoch: 99, Loss: 0.0004, lr: 0.000010, Train: 0.9881, Valid: 0.9341, Test: 0.9356
Run: 03, Epoch: 100, Loss: 0.0004, lr: 0.000010, Train: 0.9881, Valid: 0.9341, Test: 0.9356
Run 03:
Highest Train: 0.99
Highest Valid: 0.95
  Final Train: 0.92
   Final Test: 0.89
Run: 04, Epoch: 01, Loss: 0.0412, lr: 0.001000, Train: -1.2756, Valid: -3.9513, Test: -1.0330
Run: 04, Epoch: 02, Loss: 0.0125, lr: 0.001000, Train: -0.0462, Valid: -1.2139, Test: 0.0904
Run: 04, Epoch: 03, Loss: 0.0054, lr: 0.001000, Train: 0.7000, Valid: 0.5853, Test: 0.7283
Run: 04, Epoch: 04, Loss: 0.0066, lr: 0.001000, Train: 0.7827, Valid: 0.6789, Test: 0.7805
Run: 04, Epoch: 05, Loss: 0.0051, lr: 0.001000, Train: 0.7241, Valid: 0.3793, Test: 0.7112
Run: 04, Epoch: 06, Loss: 0.0032, lr: 0.001000, Train: 0.3947, Valid: -0.5933, Test: 0.4288
Run: 04, Epoch: 07, Loss: 0.0028, lr: 0.001000, Train: 0.1732, Valid: -1.2216, Test: 0.2345
Run: 04, Epoch: 08, Loss: 0.0028, lr: 0.001000, Train: 0.2883, Valid: -0.8739, Test: 0.3534
Run: 04, Epoch: 09, Loss: 0.0027, lr: 0.001000, Train: 0.5576, Valid: -0.0875, Test: 0.5998
Run: 04, Epoch: 10, Loss: 0.0025, lr: 0.001000, Train: 0.7556, Valid: 0.4513, Test: 0.7675
Run: 04, Epoch: 11, Loss: 0.0023, lr: 0.000700, Train: 0.8410, Valid: 0.6335, Test: 0.8323
Run: 04, Epoch: 12, Loss: 0.0019, lr: 0.000700, Train: 0.8847, Valid: 0.6762, Test: 0.8593
Run: 04, Epoch: 13, Loss: 0.0016, lr: 0.000700, Train: 0.9070, Valid: 0.6659, Test: 0.8654
Run: 04, Epoch: 14, Loss: 0.0015, lr: 0.000700, Train: 0.9187, Valid: 0.6488, Test: 0.8678
Run: 04, Epoch: 15, Loss: 0.0016, lr: 0.000700, Train: 0.9284, Valid: 0.6521, Test: 0.8749
Run: 04, Epoch: 16, Loss: 0.0016, lr: 0.000700, Train: 0.9378, Valid: 0.6705, Test: 0.8852
Run: 04, Epoch: 17, Loss: 0.0015, lr: 0.000490, Train: 0.9429, Valid: 0.6874, Test: 0.8931
Run: 04, Epoch: 18, Loss: 0.0014, lr: 0.000490, Train: 0.9451, Valid: 0.7054, Test: 0.9002
Run: 04, Epoch: 19, Loss: 0.0013, lr: 0.000490, Train: 0.9452, Valid: 0.7180, Test: 0.9051
Run: 04, Epoch: 20, Loss: 0.0013, lr: 0.000490, Train: 0.9461, Valid: 0.7270, Test: 0.9089
Run: 04, Epoch: 21, Loss: 0.0012, lr: 0.000490, Train: 0.9491, Valid: 0.7347, Test: 0.9123
Run: 04, Epoch: 22, Loss: 0.0012, lr: 0.000490, Train: 0.9535, Valid: 0.7408, Test: 0.9150
Run: 04, Epoch: 23, Loss: 0.0011, lr: 0.000490, Train: 0.9577, Valid: 0.7420, Test: 0.9154
Run: 04, Epoch: 24, Loss: 0.0011, lr: 0.000490, Train: 0.9605, Valid: 0.7375, Test: 0.9133
Run: 04, Epoch: 25, Loss: 0.0010, lr: 0.000490, Train: 0.9619, Valid: 0.7303, Test: 0.9098
Run: 04, Epoch: 26, Loss: 0.0010, lr: 0.000490, Train: 0.9628, Valid: 0.7254, Test: 0.9061
Run: 04, Epoch: 27, Loss: 0.0010, lr: 0.000490, Train: 0.9631, Valid: 0.7258, Test: 0.9041
Run: 04, Epoch: 28, Loss: 0.0010, lr: 0.000490, Train: 0.9628, Valid: 0.7312, Test: 0.9037
Run: 04, Epoch: 29, Loss: 0.0009, lr: 0.000490, Train: 0.9621, Valid: 0.7391, Test: 0.9042
Run: 04, Epoch: 30, Loss: 0.0009, lr: 0.000343, Train: 0.9627, Valid: 0.7480, Test: 0.9061
Run: 04, Epoch: 31, Loss: 0.0008, lr: 0.000343, Train: 0.9640, Valid: 0.7564, Test: 0.9083
Run: 04, Epoch: 32, Loss: 0.0008, lr: 0.000343, Train: 0.9660, Valid: 0.7640, Test: 0.9110
Run: 04, Epoch: 33, Loss: 0.0008, lr: 0.000343, Train: 0.9686, Valid: 0.7711, Test: 0.9138
Run: 04, Epoch: 34, Loss: 0.0008, lr: 0.000343, Train: 0.9712, Valid: 0.7766, Test: 0.9161
Run: 04, Epoch: 35, Loss: 0.0008, lr: 0.000343, Train: 0.9734, Valid: 0.7815, Test: 0.9173
Run: 04, Epoch: 36, Loss: 0.0007, lr: 0.000343, Train: 0.9751, Valid: 0.7860, Test: 0.9177
Run: 04, Epoch: 37, Loss: 0.0007, lr: 0.000343, Train: 0.9764, Valid: 0.7908, Test: 0.9176
Run: 04, Epoch: 38, Loss: 0.0007, lr: 0.000343, Train: 0.9773, Valid: 0.7953, Test: 0.9175
Run: 04, Epoch: 39, Loss: 0.0007, lr: 0.000343, Train: 0.9778, Valid: 0.8000, Test: 0.9173
Run: 04, Epoch: 40, Loss: 0.0007, lr: 0.000343, Train: 0.9782, Valid: 0.8044, Test: 0.9172
Run: 04, Epoch: 41, Loss: 0.0006, lr: 0.000343, Train: 0.9787, Valid: 0.8085, Test: 0.9173
Run: 04, Epoch: 42, Loss: 0.0006, lr: 0.000343, Train: 0.9794, Valid: 0.8123, Test: 0.9173
Run: 04, Epoch: 43, Loss: 0.0006, lr: 0.000343, Train: 0.9802, Valid: 0.8152, Test: 0.9172
Run: 04, Epoch: 44, Loss: 0.0006, lr: 0.000343, Train: 0.9809, Valid: 0.8169, Test: 0.9167
Run: 04, Epoch: 45, Loss: 0.0006, lr: 0.000343, Train: 0.9815, Valid: 0.8173, Test: 0.9158
Run: 04, Epoch: 46, Loss: 0.0006, lr: 0.000343, Train: 0.9818, Valid: 0.8170, Test: 0.9145
Run: 04, Epoch: 47, Loss: 0.0005, lr: 0.000343, Train: 0.9821, Valid: 0.8170, Test: 0.9130
Run: 04, Epoch: 48, Loss: 0.0005, lr: 0.000343, Train: 0.9822, Valid: 0.8168, Test: 0.9114
Run: 04, Epoch: 49, Loss: 0.0005, lr: 0.000343, Train: 0.9822, Valid: 0.8163, Test: 0.9100
Run: 04, Epoch: 50, Loss: 0.0005, lr: 0.000343, Train: 0.9823, Valid: 0.8161, Test: 0.9093
Run: 04, Epoch: 51, Loss: 0.0005, lr: 0.000343, Train: 0.9827, Valid: 0.8162, Test: 0.9093
Run: 04, Epoch: 52, Loss: 0.0005, lr: 0.000240, Train: 0.9834, Valid: 0.8166, Test: 0.9100
Run: 04, Epoch: 53, Loss: 0.0005, lr: 0.000240, Train: 0.9841, Valid: 0.8172, Test: 0.9108
Run: 04, Epoch: 54, Loss: 0.0005, lr: 0.000240, Train: 0.9847, Valid: 0.8183, Test: 0.9116
Run: 04, Epoch: 55, Loss: 0.0004, lr: 0.000240, Train: 0.9852, Valid: 0.8199, Test: 0.9121
Run: 04, Epoch: 56, Loss: 0.0004, lr: 0.000240, Train: 0.9856, Valid: 0.8216, Test: 0.9123
Run: 04, Epoch: 57, Loss: 0.0004, lr: 0.000240, Train: 0.9859, Valid: 0.8234, Test: 0.9124
Run: 04, Epoch: 58, Loss: 0.0004, lr: 0.000240, Train: 0.9862, Valid: 0.8253, Test: 0.9123
Run: 04, Epoch: 59, Loss: 0.0004, lr: 0.000240, Train: 0.9864, Valid: 0.8267, Test: 0.9119
Run: 04, Epoch: 60, Loss: 0.0004, lr: 0.000240, Train: 0.9867, Valid: 0.8273, Test: 0.9117
Run: 04, Epoch: 61, Loss: 0.0004, lr: 0.000240, Train: 0.9870, Valid: 0.8271, Test: 0.9115
Run: 04, Epoch: 62, Loss: 0.0004, lr: 0.000240, Train: 0.9873, Valid: 0.8261, Test: 0.9114
Run: 04, Epoch: 63, Loss: 0.0004, lr: 0.000240, Train: 0.9876, Valid: 0.8245, Test: 0.9113
Run: 04, Epoch: 64, Loss: 0.0004, lr: 0.000240, Train: 0.9879, Valid: 0.8227, Test: 0.9111
Run: 04, Epoch: 65, Loss: 0.0004, lr: 0.000240, Train: 0.9882, Valid: 0.8210, Test: 0.9109
Run: 04, Epoch: 66, Loss: 0.0004, lr: 0.000240, Train: 0.9885, Valid: 0.8194, Test: 0.9108
Run: 04, Epoch: 67, Loss: 0.0004, lr: 0.000168, Train: 0.9888, Valid: 0.8178, Test: 0.9106
Run: 04, Epoch: 68, Loss: 0.0003, lr: 0.000168, Train: 0.9890, Valid: 0.8161, Test: 0.9104
Run: 04, Epoch: 69, Loss: 0.0003, lr: 0.000168, Train: 0.9892, Valid: 0.8145, Test: 0.9100
Run: 04, Epoch: 70, Loss: 0.0003, lr: 0.000168, Train: 0.9895, Valid: 0.8130, Test: 0.9098
Run: 04, Epoch: 71, Loss: 0.0003, lr: 0.000168, Train: 0.9897, Valid: 0.8116, Test: 0.9095
Run: 04, Epoch: 72, Loss: 0.0003, lr: 0.000168, Train: 0.9899, Valid: 0.8106, Test: 0.9094
Run: 04, Epoch: 73, Loss: 0.0003, lr: 0.000118, Train: 0.9901, Valid: 0.8099, Test: 0.9094
Run: 04, Epoch: 74, Loss: 0.0003, lr: 0.000118, Train: 0.9902, Valid: 0.8094, Test: 0.9095
Run: 04, Epoch: 75, Loss: 0.0003, lr: 0.000118, Train: 0.9904, Valid: 0.8090, Test: 0.9096
Run: 04, Epoch: 76, Loss: 0.0003, lr: 0.000118, Train: 0.9906, Valid: 0.8086, Test: 0.9096
Run: 04, Epoch: 77, Loss: 0.0003, lr: 0.000118, Train: 0.9907, Valid: 0.8083, Test: 0.9097
Run: 04, Epoch: 78, Loss: 0.0003, lr: 0.000118, Train: 0.9909, Valid: 0.8079, Test: 0.9096
Run: 04, Epoch: 79, Loss: 0.0003, lr: 0.000082, Train: 0.9910, Valid: 0.8074, Test: 0.9096
Run: 04, Epoch: 80, Loss: 0.0003, lr: 0.000082, Train: 0.9911, Valid: 0.8069, Test: 0.9094
Run: 04, Epoch: 81, Loss: 0.0003, lr: 0.000082, Train: 0.9913, Valid: 0.8064, Test: 0.9092
Run: 04, Epoch: 82, Loss: 0.0003, lr: 0.000082, Train: 0.9914, Valid: 0.8059, Test: 0.9090
Run: 04, Epoch: 83, Loss: 0.0003, lr: 0.000082, Train: 0.9915, Valid: 0.8054, Test: 0.9087
Run: 04, Epoch: 84, Loss: 0.0003, lr: 0.000082, Train: 0.9916, Valid: 0.8049, Test: 0.9085
Run: 04, Epoch: 85, Loss: 0.0003, lr: 0.000058, Train: 0.9917, Valid: 0.8043, Test: 0.9084
Run: 04, Epoch: 86, Loss: 0.0003, lr: 0.000058, Train: 0.9918, Valid: 0.8039, Test: 0.9084
Run: 04, Epoch: 87, Loss: 0.0003, lr: 0.000058, Train: 0.9919, Valid: 0.8036, Test: 0.9083
Run: 04, Epoch: 88, Loss: 0.0003, lr: 0.000058, Train: 0.9920, Valid: 0.8033, Test: 0.9083
Run: 04, Epoch: 89, Loss: 0.0003, lr: 0.000058, Train: 0.9921, Valid: 0.8030, Test: 0.9083
Run: 04, Epoch: 90, Loss: 0.0003, lr: 0.000058, Train: 0.9921, Valid: 0.8028, Test: 0.9083
Run: 04, Epoch: 91, Loss: 0.0003, lr: 0.000040, Train: 0.9922, Valid: 0.8025, Test: 0.9083
Run: 04, Epoch: 92, Loss: 0.0003, lr: 0.000040, Train: 0.9923, Valid: 0.8022, Test: 0.9083
Run: 04, Epoch: 93, Loss: 0.0003, lr: 0.000040, Train: 0.9923, Valid: 0.8019, Test: 0.9083
Run: 04, Epoch: 94, Loss: 0.0003, lr: 0.000040, Train: 0.9924, Valid: 0.8016, Test: 0.9083
Run: 04, Epoch: 95, Loss: 0.0003, lr: 0.000040, Train: 0.9924, Valid: 0.8013, Test: 0.9083
Run: 04, Epoch: 96, Loss: 0.0003, lr: 0.000040, Train: 0.9925, Valid: 0.8011, Test: 0.9083
Run: 04, Epoch: 97, Loss: 0.0003, lr: 0.000028, Train: 0.9925, Valid: 0.8009, Test: 0.9083
Run: 04, Epoch: 98, Loss: 0.0003, lr: 0.000028, Train: 0.9926, Valid: 0.8007, Test: 0.9083
Run: 04, Epoch: 99, Loss: 0.0003, lr: 0.000028, Train: 0.9926, Valid: 0.8006, Test: 0.9082
Run: 04, Epoch: 100, Loss: 0.0003, lr: 0.000028, Train: 0.9927, Valid: 0.8005, Test: 0.9082
Run 04:
Highest Train: 0.99
Highest Valid: 0.83
  Final Train: 0.99
   Final Test: 0.91
Run: 05, Epoch: 01, Loss: 0.0372, lr: 0.001000, Train: 0.5274, Valid: 0.3572, Test: 0.2915
Run: 05, Epoch: 02, Loss: 0.0045, lr: 0.001000, Train: 0.7631, Valid: 0.6076, Test: 0.6376
Run: 05, Epoch: 03, Loss: 0.0044, lr: 0.001000, Train: 0.5916, Valid: 0.5522, Test: 0.2687
Run: 05, Epoch: 04, Loss: 0.0048, lr: 0.001000, Train: 0.8690, Valid: 0.6972, Test: 0.7464
Run: 05, Epoch: 05, Loss: 0.0031, lr: 0.001000, Train: 0.7243, Valid: 0.6092, Test: 0.4368
Run: 05, Epoch: 06, Loss: 0.0020, lr: 0.001000, Train: 0.7602, Valid: 0.5634, Test: 0.4742
Run: 05, Epoch: 07, Loss: 0.0018, lr: 0.001000, Train: 0.7358, Valid: 0.5404, Test: 0.4113
Run: 05, Epoch: 08, Loss: 0.0020, lr: 0.001000, Train: 0.6348, Valid: 0.5378, Test: 0.2286
Run: 05, Epoch: 09, Loss: 0.0019, lr: 0.001000, Train: 0.6230, Valid: 0.5769, Test: 0.2169
Run: 05, Epoch: 10, Loss: 0.0018, lr: 0.001000, Train: 0.8180, Valid: 0.6575, Test: 0.5660
Run: 05, Epoch: 11, Loss: 0.0013, lr: 0.000700, Train: 0.9218, Valid: 0.6864, Test: 0.7412
Run: 05, Epoch: 12, Loss: 0.0012, lr: 0.000700, Train: 0.9500, Valid: 0.7028, Test: 0.7910
Run: 05, Epoch: 13, Loss: 0.0012, lr: 0.000700, Train: 0.9520, Valid: 0.7282, Test: 0.8064
Run: 05, Epoch: 14, Loss: 0.0011, lr: 0.000700, Train: 0.9445, Valid: 0.7476, Test: 0.8038
Run: 05, Epoch: 15, Loss: 0.0011, lr: 0.000700, Train: 0.9474, Valid: 0.7460, Test: 0.7968
Run: 05, Epoch: 16, Loss: 0.0010, lr: 0.000700, Train: 0.9581, Valid: 0.7258, Test: 0.7825
Run: 05, Epoch: 17, Loss: 0.0009, lr: 0.000700, Train: 0.9633, Valid: 0.7024, Test: 0.7582
Run: 05, Epoch: 18, Loss: 0.0009, lr: 0.000700, Train: 0.9647, Valid: 0.7011, Test: 0.7562
Run: 05, Epoch: 19, Loss: 0.0008, lr: 0.000700, Train: 0.9653, Valid: 0.7200, Test: 0.7773
Run: 05, Epoch: 20, Loss: 0.0008, lr: 0.000700, Train: 0.9680, Valid: 0.7355, Test: 0.7986
Run: 05, Epoch: 21, Loss: 0.0008, lr: 0.000490, Train: 0.9731, Valid: 0.7371, Test: 0.8092
Run: 05, Epoch: 22, Loss: 0.0007, lr: 0.000490, Train: 0.9754, Valid: 0.7314, Test: 0.8061
Run: 05, Epoch: 23, Loss: 0.0007, lr: 0.000490, Train: 0.9744, Valid: 0.7265, Test: 0.7967
Run: 05, Epoch: 24, Loss: 0.0007, lr: 0.000490, Train: 0.9750, Valid: 0.7296, Test: 0.7984
Run: 05, Epoch: 25, Loss: 0.0006, lr: 0.000490, Train: 0.9778, Valid: 0.7402, Test: 0.8123
Run: 05, Epoch: 26, Loss: 0.0006, lr: 0.000490, Train: 0.9796, Valid: 0.7492, Test: 0.8234
Run: 05, Epoch: 27, Loss: 0.0006, lr: 0.000490, Train: 0.9802, Valid: 0.7507, Test: 0.8242
Run: 05, Epoch: 28, Loss: 0.0006, lr: 0.000490, Train: 0.9798, Valid: 0.7459, Test: 0.8150
Run: 05, Epoch: 29, Loss: 0.0005, lr: 0.000490, Train: 0.9786, Valid: 0.7409, Test: 0.8036
Run: 05, Epoch: 30, Loss: 0.0005, lr: 0.000490, Train: 0.9795, Valid: 0.7425, Test: 0.8043
Run: 05, Epoch: 31, Loss: 0.0005, lr: 0.000490, Train: 0.9823, Valid: 0.7497, Test: 0.8165
Run: 05, Epoch: 32, Loss: 0.0005, lr: 0.000490, Train: 0.9841, Valid: 0.7551, Test: 0.8253
Run: 05, Epoch: 33, Loss: 0.0005, lr: 0.000490, Train: 0.9847, Valid: 0.7537, Test: 0.8242
Run: 05, Epoch: 34, Loss: 0.0004, lr: 0.000490, Train: 0.9841, Valid: 0.7479, Test: 0.8170
Run: 05, Epoch: 35, Loss: 0.0004, lr: 0.000490, Train: 0.9835, Valid: 0.7460, Test: 0.8142
Run: 05, Epoch: 36, Loss: 0.0004, lr: 0.000490, Train: 0.9845, Valid: 0.7531, Test: 0.8240
Run: 05, Epoch: 37, Loss: 0.0004, lr: 0.000490, Train: 0.9860, Valid: 0.7653, Test: 0.8390
Run: 05, Epoch: 38, Loss: 0.0004, lr: 0.000490, Train: 0.9862, Valid: 0.7745, Test: 0.8490
Run: 05, Epoch: 39, Loss: 0.0004, lr: 0.000490, Train: 0.9851, Valid: 0.7772, Test: 0.8505
Run: 05, Epoch: 40, Loss: 0.0004, lr: 0.000490, Train: 0.9832, Valid: 0.7770, Test: 0.8472
Run: 05, Epoch: 41, Loss: 0.0003, lr: 0.000490, Train: 0.9833, Valid: 0.7801, Test: 0.8489
Run: 05, Epoch: 42, Loss: 0.0003, lr: 0.000490, Train: 0.9856, Valid: 0.7856, Test: 0.8555
Run: 05, Epoch: 43, Loss: 0.0003, lr: 0.000490, Train: 0.9870, Valid: 0.7872, Test: 0.8562
Run: 05, Epoch: 44, Loss: 0.0003, lr: 0.000490, Train: 0.9870, Valid: 0.7832, Test: 0.8490
Run: 05, Epoch: 45, Loss: 0.0003, lr: 0.000490, Train: 0.9863, Valid: 0.7786, Test: 0.8408
Run: 05, Epoch: 46, Loss: 0.0003, lr: 0.000490, Train: 0.9873, Valid: 0.7795, Test: 0.8420
Run: 05, Epoch: 47, Loss: 0.0003, lr: 0.000490, Train: 0.9889, Valid: 0.7844, Test: 0.8497
Run: 05, Epoch: 48, Loss: 0.0003, lr: 0.000490, Train: 0.9894, Valid: 0.7873, Test: 0.8543
Run: 05, Epoch: 49, Loss: 0.0003, lr: 0.000490, Train: 0.9888, Valid: 0.7869, Test: 0.8541
Run: 05, Epoch: 50, Loss: 0.0003, lr: 0.000490, Train: 0.9885, Valid: 0.7871, Test: 0.8546
Run: 05, Epoch: 51, Loss: 0.0003, lr: 0.000490, Train: 0.9899, Valid: 0.7901, Test: 0.8599
Run: 05, Epoch: 52, Loss: 0.0002, lr: 0.000490, Train: 0.9908, Valid: 0.7924, Test: 0.8634
Run: 05, Epoch: 53, Loss: 0.0002, lr: 0.000490, Train: 0.9909, Valid: 0.7915, Test: 0.8618
Run: 05, Epoch: 54, Loss: 0.0002, lr: 0.000490, Train: 0.9907, Valid: 0.7903, Test: 0.8590
Run: 05, Epoch: 55, Loss: 0.0002, lr: 0.000490, Train: 0.9910, Valid: 0.7924, Test: 0.8611
Run: 05, Epoch: 56, Loss: 0.0002, lr: 0.000490, Train: 0.9913, Valid: 0.7950, Test: 0.8643
Run: 05, Epoch: 57, Loss: 0.0002, lr: 0.000490, Train: 0.9909, Valid: 0.7952, Test: 0.8641
Run: 05, Epoch: 58, Loss: 0.0002, lr: 0.000490, Train: 0.9906, Valid: 0.7949, Test: 0.8632
Run: 05, Epoch: 59, Loss: 0.0002, lr: 0.000490, Train: 0.9916, Valid: 0.7966, Test: 0.8653
Run: 05, Epoch: 60, Loss: 0.0002, lr: 0.000490, Train: 0.9924, Valid: 0.7981, Test: 0.8668
Run: 05, Epoch: 61, Loss: 0.0002, lr: 0.000490, Train: 0.9925, Valid: 0.7984, Test: 0.8667
Run: 05, Epoch: 62, Loss: 0.0002, lr: 0.000490, Train: 0.9927, Valid: 0.7995, Test: 0.8677
Run: 05, Epoch: 63, Loss: 0.0002, lr: 0.000490, Train: 0.9931, Valid: 0.8015, Test: 0.8698
Run: 05, Epoch: 64, Loss: 0.0002, lr: 0.000490, Train: 0.9932, Valid: 0.8016, Test: 0.8699
Run: 05, Epoch: 65, Loss: 0.0002, lr: 0.000490, Train: 0.9933, Valid: 0.8007, Test: 0.8685
Run: 05, Epoch: 66, Loss: 0.0002, lr: 0.000490, Train: 0.9939, Valid: 0.8001, Test: 0.8670
Run: 05, Epoch: 67, Loss: 0.0002, lr: 0.000490, Train: 0.9941, Valid: 0.7995, Test: 0.8657
Run: 05, Epoch: 68, Loss: 0.0001, lr: 0.000490, Train: 0.9941, Valid: 0.7993, Test: 0.8655
Run: 05, Epoch: 69, Loss: 0.0001, lr: 0.000490, Train: 0.9943, Valid: 0.8007, Test: 0.8668
Run: 05, Epoch: 70, Loss: 0.0001, lr: 0.000490, Train: 0.9945, Valid: 0.8029, Test: 0.8686
Run: 05, Epoch: 71, Loss: 0.0001, lr: 0.000490, Train: 0.9944, Valid: 0.8040, Test: 0.8688
Run: 05, Epoch: 72, Loss: 0.0001, lr: 0.000490, Train: 0.9948, Valid: 0.8050, Test: 0.8682
Run: 05, Epoch: 73, Loss: 0.0001, lr: 0.000490, Train: 0.9947, Valid: 0.8041, Test: 0.8666
Run: 05, Epoch: 74, Loss: 0.0001, lr: 0.000490, Train: 0.9951, Valid: 0.8044, Test: 0.8661
Run: 05, Epoch: 75, Loss: 0.0001, lr: 0.000490, Train: 0.9949, Valid: 0.8044, Test: 0.8668
Run: 05, Epoch: 76, Loss: 0.0001, lr: 0.000490, Train: 0.9954, Valid: 0.8059, Test: 0.8674
Run: 05, Epoch: 77, Loss: 0.0001, lr: 0.000490, Train: 0.9948, Valid: 0.8051, Test: 0.8673
Run: 05, Epoch: 78, Loss: 0.0001, lr: 0.000490, Train: 0.9958, Valid: 0.8064, Test: 0.8662
Run: 05, Epoch: 79, Loss: 0.0001, lr: 0.000490, Train: 0.9948, Valid: 0.8032, Test: 0.8631
Run: 05, Epoch: 80, Loss: 0.0001, lr: 0.000490, Train: 0.9963, Valid: 0.8057, Test: 0.8639
Run: 05, Epoch: 81, Loss: 0.0001, lr: 0.000490, Train: 0.9953, Valid: 0.8032, Test: 0.8615
Run: 05, Epoch: 82, Loss: 0.0001, lr: 0.000490, Train: 0.9965, Valid: 0.8070, Test: 0.8637
Run: 05, Epoch: 83, Loss: 0.0001, lr: 0.000490, Train: 0.9958, Valid: 0.8065, Test: 0.8638
Run: 05, Epoch: 84, Loss: 0.0001, lr: 0.000490, Train: 0.9962, Valid: 0.8077, Test: 0.8634
Run: 05, Epoch: 85, Loss: 0.0001, lr: 0.000490, Train: 0.9962, Valid: 0.8079, Test: 0.8630
Run: 05, Epoch: 86, Loss: 0.0001, lr: 0.000490, Train: 0.9961, Valid: 0.8080, Test: 0.8628
Run: 05, Epoch: 87, Loss: 0.0001, lr: 0.000490, Train: 0.9965, Valid: 0.8087, Test: 0.8626
Run: 05, Epoch: 88, Loss: 0.0001, lr: 0.000490, Train: 0.9959, Valid: 0.8074, Test: 0.8612
Run: 05, Epoch: 89, Loss: 0.0001, lr: 0.000490, Train: 0.9970, Valid: 0.8105, Test: 0.8611
Run: 05, Epoch: 90, Loss: 0.0001, lr: 0.000490, Train: 0.9951, Valid: 0.8065, Test: 0.8562
Run: 05, Epoch: 91, Loss: 0.0001, lr: 0.000490, Train: 0.9973, Valid: 0.8134, Test: 0.8613
Run: 05, Epoch: 92, Loss: 0.0001, lr: 0.000490, Train: 0.9944, Valid: 0.8064, Test: 0.8547
Run: 05, Epoch: 93, Loss: 0.0001, lr: 0.000490, Train: 0.9974, Valid: 0.8153, Test: 0.8620
Run: 05, Epoch: 94, Loss: 0.0001, lr: 0.000490, Train: 0.9964, Valid: 0.8126, Test: 0.8594
Run: 05, Epoch: 95, Loss: 0.0000, lr: 0.000490, Train: 0.9961, Valid: 0.8136, Test: 0.8599
Run: 05, Epoch: 96, Loss: 0.0000, lr: 0.000490, Train: 0.9977, Valid: 0.8204, Test: 0.8656
Run: 05, Epoch: 97, Loss: 0.0001, lr: 0.000490, Train: 0.9950, Valid: 0.8141, Test: 0.8601
Run: 05, Epoch: 98, Loss: 0.0000, lr: 0.000490, Train: 0.9978, Valid: 0.8206, Test: 0.8653
Run: 05, Epoch: 99, Loss: 0.0000, lr: 0.000490, Train: 0.9970, Valid: 0.8182, Test: 0.8629
Run: 05, Epoch: 100, Loss: 0.0000, lr: 0.000490, Train: 0.9964, Valid: 0.8164, Test: 0.8615
Run 05:
Highest Train: 1.00
Highest Valid: 0.82
  Final Train: 1.00
   Final Test: 0.87
Run: 06, Epoch: 01, Loss: 0.0406, lr: 0.001000, Train: -0.9150, Valid: -1.9255, Test: -0.2810
Run: 06, Epoch: 02, Loss: 0.0094, lr: 0.001000, Train: 0.3076, Valid: -0.1404, Test: 0.5244
Run: 06, Epoch: 03, Loss: 0.0048, lr: 0.001000, Train: 0.1531, Valid: -0.5930, Test: 0.4471
Run: 06, Epoch: 04, Loss: 0.0059, lr: 0.001000, Train: 0.7621, Valid: 0.5869, Test: 0.8251
Run: 06, Epoch: 05, Loss: 0.0036, lr: 0.001000, Train: 0.7025, Valid: 0.4326, Test: 0.7829
Run: 06, Epoch: 06, Loss: 0.0033, lr: 0.001000, Train: 0.4920, Valid: -0.0923, Test: 0.6242
Run: 06, Epoch: 07, Loss: 0.0029, lr: 0.001000, Train: 0.5205, Valid: -0.1010, Test: 0.6287
Run: 06, Epoch: 08, Loss: 0.0026, lr: 0.001000, Train: 0.7304, Valid: 0.2979, Test: 0.7580
Run: 06, Epoch: 09, Loss: 0.0026, lr: 0.001000, Train: 0.8710, Valid: 0.6229, Test: 0.8548
Run: 06, Epoch: 10, Loss: 0.0025, lr: 0.001000, Train: 0.9027, Valid: 0.7201, Test: 0.8815
Run: 06, Epoch: 11, Loss: 0.0021, lr: 0.001000, Train: 0.9155, Valid: 0.7608, Test: 0.8972
Run: 06, Epoch: 12, Loss: 0.0017, lr: 0.001000, Train: 0.9078, Valid: 0.7186, Test: 0.8942
Run: 06, Epoch: 13, Loss: 0.0016, lr: 0.001000, Train: 0.9045, Valid: 0.6997, Test: 0.8919
Run: 06, Epoch: 14, Loss: 0.0016, lr: 0.001000, Train: 0.9328, Valid: 0.8005, Test: 0.9177
Run: 06, Epoch: 15, Loss: 0.0015, lr: 0.001000, Train: 0.9025, Valid: 0.7594, Test: 0.9041
Run: 06, Epoch: 16, Loss: 0.0014, lr: 0.001000, Train: 0.8577, Valid: 0.6380, Test: 0.8755
Run: 06, Epoch: 17, Loss: 0.0015, lr: 0.001000, Train: 0.8871, Valid: 0.7108, Test: 0.8990
Run: 06, Epoch: 18, Loss: 0.0013, lr: 0.001000, Train: 0.9413, Valid: 0.8258, Test: 0.9348
Run: 06, Epoch: 19, Loss: 0.0011, lr: 0.001000, Train: 0.9538, Valid: 0.8217, Test: 0.9385
Run: 06, Epoch: 20, Loss: 0.0011, lr: 0.001000, Train: 0.9534, Valid: 0.8133, Test: 0.9387
Run: 06, Epoch: 21, Loss: 0.0011, lr: 0.001000, Train: 0.9566, Valid: 0.8363, Test: 0.9459
Run: 06, Epoch: 22, Loss: 0.0010, lr: 0.001000, Train: 0.9552, Valid: 0.8477, Test: 0.9484
Run: 06, Epoch: 23, Loss: 0.0010, lr: 0.001000, Train: 0.9564, Valid: 0.8540, Test: 0.9496
Run: 06, Epoch: 24, Loss: 0.0010, lr: 0.001000, Train: 0.9604, Valid: 0.8564, Test: 0.9518
Run: 06, Epoch: 25, Loss: 0.0009, lr: 0.001000, Train: 0.9606, Valid: 0.8450, Test: 0.9523
Run: 06, Epoch: 26, Loss: 0.0008, lr: 0.001000, Train: 0.9598, Valid: 0.8331, Test: 0.9536
Run: 06, Epoch: 27, Loss: 0.0008, lr: 0.001000, Train: 0.9612, Valid: 0.8315, Test: 0.9561
Run: 06, Epoch: 28, Loss: 0.0007, lr: 0.001000, Train: 0.9632, Valid: 0.8364, Test: 0.9577
Run: 06, Epoch: 29, Loss: 0.0007, lr: 0.001000, Train: 0.9643, Valid: 0.8461, Test: 0.9570
Run: 06, Epoch: 30, Loss: 0.0007, lr: 0.001000, Train: 0.9645, Valid: 0.8569, Test: 0.9554
Run: 06, Epoch: 31, Loss: 0.0006, lr: 0.001000, Train: 0.9662, Valid: 0.8647, Test: 0.9555
Run: 06, Epoch: 32, Loss: 0.0006, lr: 0.001000, Train: 0.9695, Valid: 0.8713, Test: 0.9571
Run: 06, Epoch: 33, Loss: 0.0006, lr: 0.001000, Train: 0.9728, Valid: 0.8797, Test: 0.9577
Run: 06, Epoch: 34, Loss: 0.0006, lr: 0.001000, Train: 0.9767, Valid: 0.8927, Test: 0.9570
Run: 06, Epoch: 35, Loss: 0.0005, lr: 0.001000, Train: 0.9790, Valid: 0.9023, Test: 0.9546
Run: 06, Epoch: 36, Loss: 0.0005, lr: 0.001000, Train: 0.9787, Valid: 0.9009, Test: 0.9518
Run: 06, Epoch: 37, Loss: 0.0005, lr: 0.001000, Train: 0.9790, Valid: 0.8965, Test: 0.9511
Run: 06, Epoch: 38, Loss: 0.0005, lr: 0.001000, Train: 0.9812, Valid: 0.9010, Test: 0.9527
Run: 06, Epoch: 39, Loss: 0.0004, lr: 0.001000, Train: 0.9825, Valid: 0.9070, Test: 0.9535
Run: 06, Epoch: 40, Loss: 0.0004, lr: 0.001000, Train: 0.9825, Valid: 0.9080, Test: 0.9530
Run: 06, Epoch: 41, Loss: 0.0004, lr: 0.001000, Train: 0.9825, Valid: 0.9051, Test: 0.9526
Run: 06, Epoch: 42, Loss: 0.0004, lr: 0.001000, Train: 0.9821, Valid: 0.8988, Test: 0.9515
Run: 06, Epoch: 43, Loss: 0.0004, lr: 0.001000, Train: 0.9835, Valid: 0.8977, Test: 0.9509
Run: 06, Epoch: 44, Loss: 0.0004, lr: 0.001000, Train: 0.9858, Valid: 0.9005, Test: 0.9501
Run: 06, Epoch: 45, Loss: 0.0004, lr: 0.001000, Train: 0.9867, Valid: 0.8982, Test: 0.9491
Run: 06, Epoch: 46, Loss: 0.0003, lr: 0.001000, Train: 0.9864, Valid: 0.8928, Test: 0.9485
Run: 06, Epoch: 47, Loss: 0.0003, lr: 0.000700, Train: 0.9863, Valid: 0.8912, Test: 0.9483
Run: 06, Epoch: 48, Loss: 0.0003, lr: 0.000700, Train: 0.9867, Valid: 0.8932, Test: 0.9490
Run: 06, Epoch: 49, Loss: 0.0003, lr: 0.000700, Train: 0.9873, Valid: 0.8959, Test: 0.9500
Run: 06, Epoch: 50, Loss: 0.0003, lr: 0.000700, Train: 0.9878, Valid: 0.8975, Test: 0.9513
Run: 06, Epoch: 51, Loss: 0.0003, lr: 0.000700, Train: 0.9881, Valid: 0.8989, Test: 0.9521
Run: 06, Epoch: 52, Loss: 0.0003, lr: 0.000700, Train: 0.9885, Valid: 0.9012, Test: 0.9520
Run: 06, Epoch: 53, Loss: 0.0003, lr: 0.000490, Train: 0.9889, Valid: 0.9017, Test: 0.9515
Run: 06, Epoch: 54, Loss: 0.0003, lr: 0.000490, Train: 0.9893, Valid: 0.9009, Test: 0.9510
Run: 06, Epoch: 55, Loss: 0.0003, lr: 0.000490, Train: 0.9898, Valid: 0.8995, Test: 0.9505
Run: 06, Epoch: 56, Loss: 0.0003, lr: 0.000490, Train: 0.9904, Valid: 0.8981, Test: 0.9500
Run: 06, Epoch: 57, Loss: 0.0003, lr: 0.000490, Train: 0.9910, Valid: 0.8972, Test: 0.9496
Run: 06, Epoch: 58, Loss: 0.0002, lr: 0.000490, Train: 0.9914, Valid: 0.8965, Test: 0.9492
Run: 06, Epoch: 59, Loss: 0.0002, lr: 0.000343, Train: 0.9917, Valid: 0.8954, Test: 0.9490
Run: 06, Epoch: 60, Loss: 0.0002, lr: 0.000343, Train: 0.9918, Valid: 0.8939, Test: 0.9490
Run: 06, Epoch: 61, Loss: 0.0002, lr: 0.000343, Train: 0.9919, Valid: 0.8924, Test: 0.9492
Run: 06, Epoch: 62, Loss: 0.0002, lr: 0.000343, Train: 0.9920, Valid: 0.8914, Test: 0.9495
Run: 06, Epoch: 63, Loss: 0.0002, lr: 0.000343, Train: 0.9921, Valid: 0.8914, Test: 0.9497
Run: 06, Epoch: 64, Loss: 0.0002, lr: 0.000343, Train: 0.9921, Valid: 0.8917, Test: 0.9498
Run: 06, Epoch: 65, Loss: 0.0002, lr: 0.000240, Train: 0.9922, Valid: 0.8919, Test: 0.9497
Run: 06, Epoch: 66, Loss: 0.0002, lr: 0.000240, Train: 0.9923, Valid: 0.8921, Test: 0.9496
Run: 06, Epoch: 67, Loss: 0.0002, lr: 0.000240, Train: 0.9925, Valid: 0.8920, Test: 0.9496
Run: 06, Epoch: 68, Loss: 0.0002, lr: 0.000240, Train: 0.9927, Valid: 0.8915, Test: 0.9496
Run: 06, Epoch: 69, Loss: 0.0002, lr: 0.000240, Train: 0.9928, Valid: 0.8912, Test: 0.9496
Run: 06, Epoch: 70, Loss: 0.0002, lr: 0.000240, Train: 0.9929, Valid: 0.8909, Test: 0.9497
Run: 06, Epoch: 71, Loss: 0.0002, lr: 0.000168, Train: 0.9930, Valid: 0.8907, Test: 0.9496
Run: 06, Epoch: 72, Loss: 0.0002, lr: 0.000168, Train: 0.9931, Valid: 0.8903, Test: 0.9495
Run: 06, Epoch: 73, Loss: 0.0002, lr: 0.000168, Train: 0.9932, Valid: 0.8899, Test: 0.9494
Run: 06, Epoch: 74, Loss: 0.0002, lr: 0.000168, Train: 0.9933, Valid: 0.8895, Test: 0.9492
Run: 06, Epoch: 75, Loss: 0.0002, lr: 0.000168, Train: 0.9935, Valid: 0.8890, Test: 0.9492
Run: 06, Epoch: 76, Loss: 0.0002, lr: 0.000168, Train: 0.9936, Valid: 0.8885, Test: 0.9491
Run: 06, Epoch: 77, Loss: 0.0002, lr: 0.000118, Train: 0.9937, Valid: 0.8881, Test: 0.9489
Run: 06, Epoch: 78, Loss: 0.0002, lr: 0.000118, Train: 0.9938, Valid: 0.8879, Test: 0.9488
Run: 06, Epoch: 79, Loss: 0.0002, lr: 0.000118, Train: 0.9939, Valid: 0.8877, Test: 0.9486
Run: 06, Epoch: 80, Loss: 0.0002, lr: 0.000118, Train: 0.9940, Valid: 0.8874, Test: 0.9485
Run: 06, Epoch: 81, Loss: 0.0002, lr: 0.000118, Train: 0.9941, Valid: 0.8871, Test: 0.9485
Run: 06, Epoch: 82, Loss: 0.0002, lr: 0.000118, Train: 0.9941, Valid: 0.8867, Test: 0.9485
Run: 06, Epoch: 83, Loss: 0.0002, lr: 0.000082, Train: 0.9942, Valid: 0.8864, Test: 0.9484
Run: 06, Epoch: 84, Loss: 0.0002, lr: 0.000082, Train: 0.9943, Valid: 0.8861, Test: 0.9483
Run: 06, Epoch: 85, Loss: 0.0002, lr: 0.000082, Train: 0.9944, Valid: 0.8860, Test: 0.9483
Run: 06, Epoch: 86, Loss: 0.0002, lr: 0.000082, Train: 0.9944, Valid: 0.8858, Test: 0.9483
Run: 06, Epoch: 87, Loss: 0.0002, lr: 0.000082, Train: 0.9945, Valid: 0.8856, Test: 0.9483
Run: 06, Epoch: 88, Loss: 0.0002, lr: 0.000082, Train: 0.9945, Valid: 0.8854, Test: 0.9483
Run: 06, Epoch: 89, Loss: 0.0002, lr: 0.000058, Train: 0.9945, Valid: 0.8853, Test: 0.9482
Run: 06, Epoch: 90, Loss: 0.0002, lr: 0.000058, Train: 0.9946, Valid: 0.8853, Test: 0.9481
Run: 06, Epoch: 91, Loss: 0.0002, lr: 0.000058, Train: 0.9947, Valid: 0.8853, Test: 0.9479
Run: 06, Epoch: 92, Loss: 0.0002, lr: 0.000058, Train: 0.9947, Valid: 0.8853, Test: 0.9478
Run: 06, Epoch: 93, Loss: 0.0002, lr: 0.000058, Train: 0.9948, Valid: 0.8853, Test: 0.9477
Run: 06, Epoch: 94, Loss: 0.0002, lr: 0.000058, Train: 0.9948, Valid: 0.8852, Test: 0.9476
Run: 06, Epoch: 95, Loss: 0.0002, lr: 0.000040, Train: 0.9949, Valid: 0.8851, Test: 0.9476
Run: 06, Epoch: 96, Loss: 0.0002, lr: 0.000040, Train: 0.9949, Valid: 0.8849, Test: 0.9475
Run: 06, Epoch: 97, Loss: 0.0002, lr: 0.000040, Train: 0.9949, Valid: 0.8847, Test: 0.9475
Run: 06, Epoch: 98, Loss: 0.0002, lr: 0.000040, Train: 0.9949, Valid: 0.8845, Test: 0.9475
Run: 06, Epoch: 99, Loss: 0.0002, lr: 0.000040, Train: 0.9950, Valid: 0.8844, Test: 0.9475
Run: 06, Epoch: 100, Loss: 0.0002, lr: 0.000040, Train: 0.9950, Valid: 0.8842, Test: 0.9474
Run 06:
Highest Train: 1.00
Highest Valid: 0.91
  Final Train: 0.98
   Final Test: 0.95
Run: 07, Epoch: 01, Loss: 0.0494, lr: 0.001000, Train: -1.8052, Valid: -3.9641, Test: -2.2616
Run: 07, Epoch: 02, Loss: 0.0143, lr: 0.001000, Train: 0.5757, Valid: 0.2274, Test: 0.4192
Run: 07, Epoch: 03, Loss: 0.0080, lr: 0.001000, Train: 0.4931, Valid: 0.3481, Test: 0.3923
Run: 07, Epoch: 04, Loss: 0.0051, lr: 0.001000, Train: 0.3868, Valid: 0.3316, Test: 0.2645
Run: 07, Epoch: 05, Loss: 0.0057, lr: 0.001000, Train: 0.6368, Valid: 0.6508, Test: 0.5430
Run: 07, Epoch: 06, Loss: 0.0041, lr: 0.001000, Train: 0.8300, Valid: 0.8115, Test: 0.7583
Run: 07, Epoch: 07, Loss: 0.0029, lr: 0.001000, Train: 0.8670, Valid: 0.8282, Test: 0.7889
Run: 07, Epoch: 08, Loss: 0.0027, lr: 0.001000, Train: 0.8315, Valid: 0.8167, Test: 0.7541
Run: 07, Epoch: 09, Loss: 0.0027, lr: 0.001000, Train: 0.7779, Valid: 0.8161, Test: 0.7203
Run: 07, Epoch: 10, Loss: 0.0027, lr: 0.001000, Train: 0.7895, Valid: 0.8532, Test: 0.7499
Run: 07, Epoch: 11, Loss: 0.0028, lr: 0.001000, Train: 0.8596, Valid: 0.8942, Test: 0.8263
Run: 07, Epoch: 12, Loss: 0.0026, lr: 0.001000, Train: 0.9212, Valid: 0.8820, Test: 0.8782
Run: 07, Epoch: 13, Loss: 0.0023, lr: 0.001000, Train: 0.9395, Valid: 0.8411, Test: 0.8838
Run: 07, Epoch: 14, Loss: 0.0020, lr: 0.001000, Train: 0.9428, Valid: 0.8173, Test: 0.8755
Run: 07, Epoch: 15, Loss: 0.0017, lr: 0.001000, Train: 0.9396, Valid: 0.8152, Test: 0.8614
Run: 07, Epoch: 16, Loss: 0.0015, lr: 0.001000, Train: 0.9354, Valid: 0.8141, Test: 0.8479
Run: 07, Epoch: 17, Loss: 0.0015, lr: 0.001000, Train: 0.9434, Valid: 0.8146, Test: 0.8496
Run: 07, Epoch: 18, Loss: 0.0013, lr: 0.000700, Train: 0.9536, Valid: 0.8168, Test: 0.8563
Run: 07, Epoch: 19, Loss: 0.0012, lr: 0.000700, Train: 0.9592, Valid: 0.8248, Test: 0.8623
Run: 07, Epoch: 20, Loss: 0.0012, lr: 0.000700, Train: 0.9619, Valid: 0.8371, Test: 0.8668
Run: 07, Epoch: 21, Loss: 0.0011, lr: 0.000700, Train: 0.9650, Valid: 0.8485, Test: 0.8692
Run: 07, Epoch: 22, Loss: 0.0011, lr: 0.000700, Train: 0.9681, Valid: 0.8544, Test: 0.8677
Run: 07, Epoch: 23, Loss: 0.0010, lr: 0.000700, Train: 0.9701, Valid: 0.8549, Test: 0.8629
Run: 07, Epoch: 24, Loss: 0.0010, lr: 0.000490, Train: 0.9714, Valid: 0.8546, Test: 0.8604
Run: 07, Epoch: 25, Loss: 0.0010, lr: 0.000490, Train: 0.9725, Valid: 0.8555, Test: 0.8602
Run: 07, Epoch: 26, Loss: 0.0010, lr: 0.000490, Train: 0.9735, Valid: 0.8582, Test: 0.8624
Run: 07, Epoch: 27, Loss: 0.0009, lr: 0.000490, Train: 0.9742, Valid: 0.8629, Test: 0.8664
Run: 07, Epoch: 28, Loss: 0.0009, lr: 0.000490, Train: 0.9745, Valid: 0.8686, Test: 0.8703
Run: 07, Epoch: 29, Loss: 0.0008, lr: 0.000490, Train: 0.9747, Valid: 0.8728, Test: 0.8728
Run: 07, Epoch: 30, Loss: 0.0008, lr: 0.000343, Train: 0.9755, Valid: 0.8750, Test: 0.8726
Run: 07, Epoch: 31, Loss: 0.0008, lr: 0.000343, Train: 0.9765, Valid: 0.8759, Test: 0.8710
Run: 07, Epoch: 32, Loss: 0.0008, lr: 0.000343, Train: 0.9775, Valid: 0.8758, Test: 0.8679
Run: 07, Epoch: 33, Loss: 0.0008, lr: 0.000343, Train: 0.9784, Valid: 0.8751, Test: 0.8638
Run: 07, Epoch: 34, Loss: 0.0007, lr: 0.000343, Train: 0.9791, Valid: 0.8737, Test: 0.8591
Run: 07, Epoch: 35, Loss: 0.0007, lr: 0.000343, Train: 0.9797, Valid: 0.8722, Test: 0.8548
Run: 07, Epoch: 36, Loss: 0.0007, lr: 0.000240, Train: 0.9802, Valid: 0.8715, Test: 0.8522
Run: 07, Epoch: 37, Loss: 0.0007, lr: 0.000240, Train: 0.9808, Valid: 0.8715, Test: 0.8505
Run: 07, Epoch: 38, Loss: 0.0007, lr: 0.000240, Train: 0.9812, Valid: 0.8719, Test: 0.8497
Run: 07, Epoch: 39, Loss: 0.0007, lr: 0.000240, Train: 0.9817, Valid: 0.8723, Test: 0.8495
Run: 07, Epoch: 40, Loss: 0.0007, lr: 0.000240, Train: 0.9821, Valid: 0.8729, Test: 0.8498
Run: 07, Epoch: 41, Loss: 0.0006, lr: 0.000240, Train: 0.9824, Valid: 0.8730, Test: 0.8499
Run: 07, Epoch: 42, Loss: 0.0006, lr: 0.000168, Train: 0.9827, Valid: 0.8728, Test: 0.8497
Run: 07, Epoch: 43, Loss: 0.0006, lr: 0.000168, Train: 0.9829, Valid: 0.8722, Test: 0.8492
Run: 07, Epoch: 44, Loss: 0.0006, lr: 0.000168, Train: 0.9832, Valid: 0.8713, Test: 0.8485
Run: 07, Epoch: 45, Loss: 0.0006, lr: 0.000168, Train: 0.9834, Valid: 0.8701, Test: 0.8477
Run: 07, Epoch: 46, Loss: 0.0006, lr: 0.000168, Train: 0.9836, Valid: 0.8689, Test: 0.8469
Run: 07, Epoch: 47, Loss: 0.0006, lr: 0.000168, Train: 0.9838, Valid: 0.8678, Test: 0.8464
Run: 07, Epoch: 48, Loss: 0.0006, lr: 0.000118, Train: 0.9840, Valid: 0.8676, Test: 0.8465
Run: 07, Epoch: 49, Loss: 0.0006, lr: 0.000118, Train: 0.9841, Valid: 0.8676, Test: 0.8469
Run: 07, Epoch: 50, Loss: 0.0006, lr: 0.000118, Train: 0.9843, Valid: 0.8678, Test: 0.8477
Run: 07, Epoch: 51, Loss: 0.0006, lr: 0.000118, Train: 0.9845, Valid: 0.8683, Test: 0.8486
Run: 07, Epoch: 52, Loss: 0.0006, lr: 0.000118, Train: 0.9847, Valid: 0.8689, Test: 0.8497
Run: 07, Epoch: 53, Loss: 0.0006, lr: 0.000118, Train: 0.9849, Valid: 0.8697, Test: 0.8509
Run: 07, Epoch: 54, Loss: 0.0006, lr: 0.000082, Train: 0.9850, Valid: 0.8704, Test: 0.8518
Run: 07, Epoch: 55, Loss: 0.0006, lr: 0.000082, Train: 0.9852, Valid: 0.8711, Test: 0.8527
Run: 07, Epoch: 56, Loss: 0.0005, lr: 0.000082, Train: 0.9853, Valid: 0.8717, Test: 0.8534
Run: 07, Epoch: 57, Loss: 0.0005, lr: 0.000082, Train: 0.9854, Valid: 0.8722, Test: 0.8540
Run: 07, Epoch: 58, Loss: 0.0005, lr: 0.000082, Train: 0.9855, Valid: 0.8727, Test: 0.8545
Run: 07, Epoch: 59, Loss: 0.0005, lr: 0.000082, Train: 0.9856, Valid: 0.8731, Test: 0.8547
Run: 07, Epoch: 60, Loss: 0.0005, lr: 0.000058, Train: 0.9857, Valid: 0.8735, Test: 0.8549
Run: 07, Epoch: 61, Loss: 0.0005, lr: 0.000058, Train: 0.9858, Valid: 0.8739, Test: 0.8550
Run: 07, Epoch: 62, Loss: 0.0005, lr: 0.000058, Train: 0.9859, Valid: 0.8742, Test: 0.8550
Run: 07, Epoch: 63, Loss: 0.0005, lr: 0.000058, Train: 0.9860, Valid: 0.8745, Test: 0.8550
Run: 07, Epoch: 64, Loss: 0.0005, lr: 0.000058, Train: 0.9861, Valid: 0.8748, Test: 0.8550
Run: 07, Epoch: 65, Loss: 0.0005, lr: 0.000058, Train: 0.9862, Valid: 0.8750, Test: 0.8550
Run: 07, Epoch: 66, Loss: 0.0005, lr: 0.000040, Train: 0.9863, Valid: 0.8753, Test: 0.8549
Run: 07, Epoch: 67, Loss: 0.0005, lr: 0.000040, Train: 0.9864, Valid: 0.8754, Test: 0.8549
Run: 07, Epoch: 68, Loss: 0.0005, lr: 0.000040, Train: 0.9865, Valid: 0.8756, Test: 0.8550
Run: 07, Epoch: 69, Loss: 0.0005, lr: 0.000040, Train: 0.9866, Valid: 0.8757, Test: 0.8550
Run: 07, Epoch: 70, Loss: 0.0005, lr: 0.000040, Train: 0.9867, Valid: 0.8758, Test: 0.8551
Run: 07, Epoch: 71, Loss: 0.0005, lr: 0.000040, Train: 0.9868, Valid: 0.8760, Test: 0.8552
Run: 07, Epoch: 72, Loss: 0.0005, lr: 0.000028, Train: 0.9868, Valid: 0.8761, Test: 0.8552
Run: 07, Epoch: 73, Loss: 0.0005, lr: 0.000028, Train: 0.9869, Valid: 0.8761, Test: 0.8552
Run: 07, Epoch: 74, Loss: 0.0005, lr: 0.000028, Train: 0.9869, Valid: 0.8762, Test: 0.8553
Run: 07, Epoch: 75, Loss: 0.0005, lr: 0.000028, Train: 0.9870, Valid: 0.8762, Test: 0.8554
Run: 07, Epoch: 76, Loss: 0.0005, lr: 0.000028, Train: 0.9870, Valid: 0.8763, Test: 0.8554
Run: 07, Epoch: 77, Loss: 0.0005, lr: 0.000028, Train: 0.9871, Valid: 0.8763, Test: 0.8555
Run: 07, Epoch: 78, Loss: 0.0005, lr: 0.000020, Train: 0.9871, Valid: 0.8763, Test: 0.8555
Run: 07, Epoch: 79, Loss: 0.0005, lr: 0.000020, Train: 0.9872, Valid: 0.8763, Test: 0.8555
Run: 07, Epoch: 80, Loss: 0.0005, lr: 0.000020, Train: 0.9872, Valid: 0.8762, Test: 0.8555
Run: 07, Epoch: 81, Loss: 0.0005, lr: 0.000020, Train: 0.9872, Valid: 0.8762, Test: 0.8555
Run: 07, Epoch: 82, Loss: 0.0005, lr: 0.000020, Train: 0.9873, Valid: 0.8761, Test: 0.8555
Run: 07, Epoch: 83, Loss: 0.0005, lr: 0.000020, Train: 0.9873, Valid: 0.8761, Test: 0.8555
Run: 07, Epoch: 84, Loss: 0.0005, lr: 0.000014, Train: 0.9873, Valid: 0.8761, Test: 0.8554
Run: 07, Epoch: 85, Loss: 0.0005, lr: 0.000014, Train: 0.9873, Valid: 0.8761, Test: 0.8554
Run: 07, Epoch: 86, Loss: 0.0005, lr: 0.000014, Train: 0.9874, Valid: 0.8761, Test: 0.8554
Run: 07, Epoch: 87, Loss: 0.0005, lr: 0.000014, Train: 0.9874, Valid: 0.8761, Test: 0.8553
Run: 07, Epoch: 88, Loss: 0.0005, lr: 0.000014, Train: 0.9874, Valid: 0.8761, Test: 0.8553
Run: 07, Epoch: 89, Loss: 0.0005, lr: 0.000014, Train: 0.9874, Valid: 0.8761, Test: 0.8552
Run: 07, Epoch: 90, Loss: 0.0005, lr: 0.000010, Train: 0.9875, Valid: 0.8761, Test: 0.8552
Run: 07, Epoch: 91, Loss: 0.0005, lr: 0.000010, Train: 0.9875, Valid: 0.8761, Test: 0.8552
Run: 07, Epoch: 92, Loss: 0.0005, lr: 0.000010, Train: 0.9875, Valid: 0.8761, Test: 0.8551
Run: 07, Epoch: 93, Loss: 0.0005, lr: 0.000010, Train: 0.9875, Valid: 0.8760, Test: 0.8551
Run: 07, Epoch: 94, Loss: 0.0005, lr: 0.000010, Train: 0.9875, Valid: 0.8760, Test: 0.8551
Run: 07, Epoch: 95, Loss: 0.0005, lr: 0.000010, Train: 0.9875, Valid: 0.8760, Test: 0.8551
Run: 07, Epoch: 96, Loss: 0.0005, lr: 0.000010, Train: 0.9876, Valid: 0.8760, Test: 0.8550
Run: 07, Epoch: 97, Loss: 0.0005, lr: 0.000010, Train: 0.9876, Valid: 0.8760, Test: 0.8550
Run: 07, Epoch: 98, Loss: 0.0005, lr: 0.000010, Train: 0.9876, Valid: 0.8760, Test: 0.8550
Run: 07, Epoch: 99, Loss: 0.0005, lr: 0.000010, Train: 0.9876, Valid: 0.8760, Test: 0.8550
Run: 07, Epoch: 100, Loss: 0.0005, lr: 0.000010, Train: 0.9876, Valid: 0.8760, Test: 0.8550
Run 07:
Highest Train: 0.99
Highest Valid: 0.89
  Final Train: 0.86
   Final Test: 0.83
Run: 08, Epoch: 01, Loss: 0.0361, lr: 0.001000, Train: -2.7789, Valid: -4.1861, Test: -2.3323
Run: 08, Epoch: 02, Loss: 0.0319, lr: 0.001000, Train: -0.6962, Valid: -1.2691, Test: -0.4767
Run: 08, Epoch: 03, Loss: 0.0123, lr: 0.001000, Train: 0.6141, Valid: 0.3232, Test: 0.7092
Run: 08, Epoch: 04, Loss: 0.0094, lr: 0.001000, Train: 0.2730, Valid: -0.3115, Test: 0.4509
Run: 08, Epoch: 05, Loss: 0.0083, lr: 0.001000, Train: 0.4358, Valid: -0.0134, Test: 0.6213
Run: 08, Epoch: 06, Loss: 0.0049, lr: 0.001000, Train: 0.7083, Valid: 0.4837, Test: 0.8553
Run: 08, Epoch: 07, Loss: 0.0045, lr: 0.001000, Train: 0.8084, Valid: 0.7799, Test: 0.8914
Run: 08, Epoch: 08, Loss: 0.0046, lr: 0.001000, Train: 0.7838, Valid: 0.7972, Test: 0.8383
Run: 08, Epoch: 09, Loss: 0.0037, lr: 0.001000, Train: 0.8124, Valid: 0.8144, Test: 0.8399
Run: 08, Epoch: 10, Loss: 0.0027, lr: 0.001000, Train: 0.8584, Valid: 0.8317, Test: 0.8764
Run: 08, Epoch: 11, Loss: 0.0026, lr: 0.001000, Train: 0.8670, Valid: 0.7940, Test: 0.9002
Run: 08, Epoch: 12, Loss: 0.0029, lr: 0.001000, Train: 0.8595, Valid: 0.7493, Test: 0.9054
Run: 08, Epoch: 13, Loss: 0.0031, lr: 0.001000, Train: 0.8667, Valid: 0.7458, Test: 0.9110
Run: 08, Epoch: 14, Loss: 0.0028, lr: 0.001000, Train: 0.8895, Valid: 0.7816, Test: 0.9218
Run: 08, Epoch: 15, Loss: 0.0024, lr: 0.001000, Train: 0.9101, Valid: 0.8285, Test: 0.9308
Run: 08, Epoch: 16, Loss: 0.0021, lr: 0.001000, Train: 0.9149, Valid: 0.8515, Test: 0.9284
Run: 08, Epoch: 17, Loss: 0.0020, lr: 0.001000, Train: 0.9046, Valid: 0.8392, Test: 0.9151
Run: 08, Epoch: 18, Loss: 0.0019, lr: 0.001000, Train: 0.8925, Valid: 0.8110, Test: 0.9035
Run: 08, Epoch: 19, Loss: 0.0018, lr: 0.001000, Train: 0.8902, Valid: 0.7822, Test: 0.9004
Run: 08, Epoch: 20, Loss: 0.0017, lr: 0.001000, Train: 0.8939, Valid: 0.7554, Test: 0.9021
Run: 08, Epoch: 21, Loss: 0.0016, lr: 0.001000, Train: 0.8948, Valid: 0.7275, Test: 0.9047
Run: 08, Epoch: 22, Loss: 0.0016, lr: 0.001000, Train: 0.8941, Valid: 0.7044, Test: 0.9075
Run: 08, Epoch: 23, Loss: 0.0016, lr: 0.000700, Train: 0.8982, Valid: 0.7026, Test: 0.9115
Run: 08, Epoch: 24, Loss: 0.0016, lr: 0.000700, Train: 0.9056, Valid: 0.7127, Test: 0.9177
Run: 08, Epoch: 25, Loss: 0.0014, lr: 0.000700, Train: 0.9143, Valid: 0.7310, Test: 0.9248
Run: 08, Epoch: 26, Loss: 0.0013, lr: 0.000700, Train: 0.9229, Valid: 0.7522, Test: 0.9311
Run: 08, Epoch: 27, Loss: 0.0012, lr: 0.000700, Train: 0.9299, Valid: 0.7735, Test: 0.9353
Run: 08, Epoch: 28, Loss: 0.0012, lr: 0.000700, Train: 0.9350, Valid: 0.7908, Test: 0.9371
Run: 08, Epoch: 29, Loss: 0.0012, lr: 0.000490, Train: 0.9396, Valid: 0.8034, Test: 0.9378
Run: 08, Epoch: 30, Loss: 0.0012, lr: 0.000490, Train: 0.9438, Valid: 0.8123, Test: 0.9381
Run: 08, Epoch: 31, Loss: 0.0011, lr: 0.000490, Train: 0.9470, Valid: 0.8168, Test: 0.9381
Run: 08, Epoch: 32, Loss: 0.0011, lr: 0.000490, Train: 0.9488, Valid: 0.8172, Test: 0.9380
Run: 08, Epoch: 33, Loss: 0.0011, lr: 0.000490, Train: 0.9492, Valid: 0.8144, Test: 0.9376
Run: 08, Epoch: 34, Loss: 0.0010, lr: 0.000490, Train: 0.9481, Valid: 0.8085, Test: 0.9369
Run: 08, Epoch: 35, Loss: 0.0010, lr: 0.000343, Train: 0.9481, Valid: 0.8069, Test: 0.9364
Run: 08, Epoch: 36, Loss: 0.0010, lr: 0.000343, Train: 0.9479, Valid: 0.8062, Test: 0.9361
Run: 08, Epoch: 37, Loss: 0.0010, lr: 0.000343, Train: 0.9480, Valid: 0.8071, Test: 0.9358
Run: 08, Epoch: 38, Loss: 0.0010, lr: 0.000343, Train: 0.9484, Valid: 0.8094, Test: 0.9358
Run: 08, Epoch: 39, Loss: 0.0009, lr: 0.000343, Train: 0.9493, Valid: 0.8131, Test: 0.9359
Run: 08, Epoch: 40, Loss: 0.0009, lr: 0.000343, Train: 0.9505, Valid: 0.8179, Test: 0.9362
Run: 08, Epoch: 41, Loss: 0.0009, lr: 0.000240, Train: 0.9529, Valid: 0.8248, Test: 0.9367
Run: 08, Epoch: 42, Loss: 0.0009, lr: 0.000240, Train: 0.9554, Valid: 0.8318, Test: 0.9372
Run: 08, Epoch: 43, Loss: 0.0009, lr: 0.000240, Train: 0.9579, Valid: 0.8386, Test: 0.9376
Run: 08, Epoch: 44, Loss: 0.0009, lr: 0.000240, Train: 0.9606, Valid: 0.8453, Test: 0.9381
Run: 08, Epoch: 45, Loss: 0.0009, lr: 0.000240, Train: 0.9631, Valid: 0.8519, Test: 0.9384
Run: 08, Epoch: 46, Loss: 0.0009, lr: 0.000240, Train: 0.9655, Valid: 0.8582, Test: 0.9386
Run: 08, Epoch: 47, Loss: 0.0008, lr: 0.000240, Train: 0.9677, Valid: 0.8637, Test: 0.9388
Run: 08, Epoch: 48, Loss: 0.0008, lr: 0.000240, Train: 0.9696, Valid: 0.8684, Test: 0.9389
Run: 08, Epoch: 49, Loss: 0.0008, lr: 0.000240, Train: 0.9712, Valid: 0.8723, Test: 0.9389
Run: 08, Epoch: 50, Loss: 0.0008, lr: 0.000240, Train: 0.9725, Valid: 0.8754, Test: 0.9388
Run: 08, Epoch: 51, Loss: 0.0008, lr: 0.000240, Train: 0.9736, Valid: 0.8779, Test: 0.9387
Run: 08, Epoch: 52, Loss: 0.0008, lr: 0.000240, Train: 0.9745, Valid: 0.8799, Test: 0.9385
Run: 08, Epoch: 53, Loss: 0.0008, lr: 0.000240, Train: 0.9753, Valid: 0.8817, Test: 0.9382
Run: 08, Epoch: 54, Loss: 0.0008, lr: 0.000240, Train: 0.9759, Valid: 0.8835, Test: 0.9379
Run: 08, Epoch: 55, Loss: 0.0008, lr: 0.000240, Train: 0.9765, Valid: 0.8851, Test: 0.9376
Run: 08, Epoch: 56, Loss: 0.0007, lr: 0.000240, Train: 0.9770, Valid: 0.8865, Test: 0.9373
Run: 08, Epoch: 57, Loss: 0.0007, lr: 0.000240, Train: 0.9775, Valid: 0.8878, Test: 0.9371
Run: 08, Epoch: 58, Loss: 0.0007, lr: 0.000240, Train: 0.9779, Valid: 0.8890, Test: 0.9368
Run: 08, Epoch: 59, Loss: 0.0007, lr: 0.000240, Train: 0.9782, Valid: 0.8901, Test: 0.9367
Run: 08, Epoch: 60, Loss: 0.0007, lr: 0.000240, Train: 0.9785, Valid: 0.8909, Test: 0.9366
Run: 08, Epoch: 61, Loss: 0.0007, lr: 0.000240, Train: 0.9789, Valid: 0.8916, Test: 0.9365
Run: 08, Epoch: 62, Loss: 0.0007, lr: 0.000240, Train: 0.9792, Valid: 0.8924, Test: 0.9365
Run: 08, Epoch: 63, Loss: 0.0007, lr: 0.000240, Train: 0.9795, Valid: 0.8930, Test: 0.9365
Run: 08, Epoch: 64, Loss: 0.0007, lr: 0.000240, Train: 0.9798, Valid: 0.8934, Test: 0.9365
Run: 08, Epoch: 65, Loss: 0.0007, lr: 0.000240, Train: 0.9801, Valid: 0.8935, Test: 0.9365
Run: 08, Epoch: 66, Loss: 0.0007, lr: 0.000240, Train: 0.9804, Valid: 0.8936, Test: 0.9365
Run: 08, Epoch: 67, Loss: 0.0006, lr: 0.000240, Train: 0.9806, Valid: 0.8936, Test: 0.9365
Run: 08, Epoch: 68, Loss: 0.0006, lr: 0.000240, Train: 0.9808, Valid: 0.8937, Test: 0.9365
Run: 08, Epoch: 69, Loss: 0.0006, lr: 0.000240, Train: 0.9811, Valid: 0.8942, Test: 0.9365
Run: 08, Epoch: 70, Loss: 0.0006, lr: 0.000240, Train: 0.9813, Valid: 0.8948, Test: 0.9366
Run: 08, Epoch: 71, Loss: 0.0006, lr: 0.000240, Train: 0.9815, Valid: 0.8955, Test: 0.9367
Run: 08, Epoch: 72, Loss: 0.0006, lr: 0.000240, Train: 0.9818, Valid: 0.8963, Test: 0.9369
Run: 08, Epoch: 73, Loss: 0.0006, lr: 0.000240, Train: 0.9820, Valid: 0.8969, Test: 0.9371
Run: 08, Epoch: 74, Loss: 0.0006, lr: 0.000240, Train: 0.9822, Valid: 0.8974, Test: 0.9374
Run: 08, Epoch: 75, Loss: 0.0006, lr: 0.000240, Train: 0.9825, Valid: 0.8976, Test: 0.9378
Run: 08, Epoch: 76, Loss: 0.0006, lr: 0.000240, Train: 0.9827, Valid: 0.8974, Test: 0.9383
Run: 08, Epoch: 77, Loss: 0.0006, lr: 0.000240, Train: 0.9830, Valid: 0.8968, Test: 0.9388
Run: 08, Epoch: 78, Loss: 0.0006, lr: 0.000240, Train: 0.9832, Valid: 0.8962, Test: 0.9392
Run: 08, Epoch: 79, Loss: 0.0006, lr: 0.000240, Train: 0.9834, Valid: 0.8959, Test: 0.9394
Run: 08, Epoch: 80, Loss: 0.0005, lr: 0.000240, Train: 0.9836, Valid: 0.8959, Test: 0.9394
Run: 08, Epoch: 81, Loss: 0.0005, lr: 0.000240, Train: 0.9838, Valid: 0.8964, Test: 0.9392
Run: 08, Epoch: 82, Loss: 0.0005, lr: 0.000168, Train: 0.9839, Valid: 0.8967, Test: 0.9390
Run: 08, Epoch: 83, Loss: 0.0005, lr: 0.000168, Train: 0.9841, Valid: 0.8969, Test: 0.9388
Run: 08, Epoch: 84, Loss: 0.0005, lr: 0.000168, Train: 0.9843, Valid: 0.8972, Test: 0.9386
Run: 08, Epoch: 85, Loss: 0.0005, lr: 0.000168, Train: 0.9844, Valid: 0.8974, Test: 0.9385
Run: 08, Epoch: 86, Loss: 0.0005, lr: 0.000168, Train: 0.9846, Valid: 0.8977, Test: 0.9385
Run: 08, Epoch: 87, Loss: 0.0005, lr: 0.000168, Train: 0.9848, Valid: 0.8979, Test: 0.9386
Run: 08, Epoch: 88, Loss: 0.0005, lr: 0.000168, Train: 0.9849, Valid: 0.8981, Test: 0.9386
Run: 08, Epoch: 89, Loss: 0.0005, lr: 0.000168, Train: 0.9850, Valid: 0.8983, Test: 0.9387
Run: 08, Epoch: 90, Loss: 0.0005, lr: 0.000168, Train: 0.9852, Valid: 0.8983, Test: 0.9387
Run: 08, Epoch: 91, Loss: 0.0005, lr: 0.000168, Train: 0.9853, Valid: 0.8983, Test: 0.9388
Run: 08, Epoch: 92, Loss: 0.0005, lr: 0.000168, Train: 0.9854, Valid: 0.8985, Test: 0.9387
Run: 08, Epoch: 93, Loss: 0.0005, lr: 0.000168, Train: 0.9855, Valid: 0.8985, Test: 0.9387
Run: 08, Epoch: 94, Loss: 0.0005, lr: 0.000168, Train: 0.9857, Valid: 0.8983, Test: 0.9389
Run: 08, Epoch: 95, Loss: 0.0005, lr: 0.000168, Train: 0.9858, Valid: 0.8977, Test: 0.9390
Run: 08, Epoch: 96, Loss: 0.0005, lr: 0.000168, Train: 0.9860, Valid: 0.8968, Test: 0.9393
Run: 08, Epoch: 97, Loss: 0.0005, lr: 0.000168, Train: 0.9862, Valid: 0.8960, Test: 0.9396
Run: 08, Epoch: 98, Loss: 0.0005, lr: 0.000168, Train: 0.9863, Valid: 0.8955, Test: 0.9397
Run: 08, Epoch: 99, Loss: 0.0005, lr: 0.000118, Train: 0.9864, Valid: 0.8953, Test: 0.9397
Run: 08, Epoch: 100, Loss: 0.0004, lr: 0.000118, Train: 0.9866, Valid: 0.8954, Test: 0.9396
Run 08:
Highest Train: 0.99
Highest Valid: 0.90
  Final Train: 0.99
   Final Test: 0.94
Run: 09, Epoch: 01, Loss: 0.0405, lr: 0.001000, Train: 0.2804, Valid: 0.4657, Test: 0.2459
Run: 09, Epoch: 02, Loss: 0.0091, lr: 0.001000, Train: 0.5307, Valid: 0.1302, Test: 0.4060
Run: 09, Epoch: 03, Loss: 0.0065, lr: 0.001000, Train: 0.6949, Valid: 0.4266, Test: 0.6395
Run: 09, Epoch: 04, Loss: 0.0053, lr: 0.001000, Train: 0.8516, Valid: 0.8512, Test: 0.8708
Run: 09, Epoch: 05, Loss: 0.0049, lr: 0.001000, Train: 0.7848, Valid: 0.7380, Test: 0.7709
Run: 09, Epoch: 06, Loss: 0.0032, lr: 0.001000, Train: 0.7672, Valid: 0.7291, Test: 0.6161
Run: 09, Epoch: 07, Loss: 0.0027, lr: 0.001000, Train: 0.7820, Valid: 0.7747, Test: 0.5526
Run: 09, Epoch: 08, Loss: 0.0029, lr: 0.001000, Train: 0.7967, Valid: 0.7687, Test: 0.6174
Run: 09, Epoch: 09, Loss: 0.0022, lr: 0.001000, Train: 0.7753, Valid: 0.6906, Test: 0.6766
Run: 09, Epoch: 10, Loss: 0.0021, lr: 0.001000, Train: 0.7567, Valid: 0.6370, Test: 0.6975
Run: 09, Epoch: 11, Loss: 0.0023, lr: 0.000700, Train: 0.8009, Valid: 0.7011, Test: 0.7406
Run: 09, Epoch: 12, Loss: 0.0021, lr: 0.000700, Train: 0.8619, Valid: 0.7850, Test: 0.7728
Run: 09, Epoch: 13, Loss: 0.0017, lr: 0.000700, Train: 0.9030, Valid: 0.8417, Test: 0.7661
Run: 09, Epoch: 14, Loss: 0.0014, lr: 0.000700, Train: 0.9189, Valid: 0.8607, Test: 0.7368
Run: 09, Epoch: 15, Loss: 0.0015, lr: 0.000700, Train: 0.9254, Valid: 0.8557, Test: 0.7320
Run: 09, Epoch: 16, Loss: 0.0016, lr: 0.000700, Train: 0.9314, Valid: 0.8409, Test: 0.7628
Run: 09, Epoch: 17, Loss: 0.0014, lr: 0.000700, Train: 0.9357, Valid: 0.8249, Test: 0.8052
Run: 09, Epoch: 18, Loss: 0.0013, lr: 0.000700, Train: 0.9411, Valid: 0.8219, Test: 0.8407
Run: 09, Epoch: 19, Loss: 0.0013, lr: 0.000700, Train: 0.9502, Valid: 0.8329, Test: 0.8625
Run: 09, Epoch: 20, Loss: 0.0013, lr: 0.000700, Train: 0.9596, Valid: 0.8441, Test: 0.8674
Run: 09, Epoch: 21, Loss: 0.0012, lr: 0.000490, Train: 0.9643, Valid: 0.8480, Test: 0.8606
Run: 09, Epoch: 22, Loss: 0.0011, lr: 0.000490, Train: 0.9667, Valid: 0.8505, Test: 0.8476
Run: 09, Epoch: 23, Loss: 0.0010, lr: 0.000490, Train: 0.9676, Valid: 0.8539, Test: 0.8333
Run: 09, Epoch: 24, Loss: 0.0010, lr: 0.000490, Train: 0.9676, Valid: 0.8586, Test: 0.8229
Run: 09, Epoch: 25, Loss: 0.0010, lr: 0.000490, Train: 0.9669, Valid: 0.8620, Test: 0.8194
Run: 09, Epoch: 26, Loss: 0.0009, lr: 0.000490, Train: 0.9663, Valid: 0.8643, Test: 0.8228
Run: 09, Epoch: 27, Loss: 0.0009, lr: 0.000490, Train: 0.9671, Valid: 0.8677, Test: 0.8315
Run: 09, Epoch: 28, Loss: 0.0009, lr: 0.000490, Train: 0.9701, Valid: 0.8738, Test: 0.8430
Run: 09, Epoch: 29, Loss: 0.0009, lr: 0.000490, Train: 0.9742, Valid: 0.8807, Test: 0.8534
Run: 09, Epoch: 30, Loss: 0.0008, lr: 0.000490, Train: 0.9770, Valid: 0.8850, Test: 0.8585
Run: 09, Epoch: 31, Loss: 0.0008, lr: 0.000490, Train: 0.9774, Valid: 0.8844, Test: 0.8567
Run: 09, Epoch: 32, Loss: 0.0008, lr: 0.000490, Train: 0.9764, Valid: 0.8811, Test: 0.8512
Run: 09, Epoch: 33, Loss: 0.0007, lr: 0.000490, Train: 0.9761, Valid: 0.8790, Test: 0.8466
Run: 09, Epoch: 34, Loss: 0.0007, lr: 0.000490, Train: 0.9769, Valid: 0.8795, Test: 0.8451
Run: 09, Epoch: 35, Loss: 0.0007, lr: 0.000490, Train: 0.9780, Valid: 0.8804, Test: 0.8463
Run: 09, Epoch: 36, Loss: 0.0007, lr: 0.000490, Train: 0.9785, Valid: 0.8805, Test: 0.8484
Run: 09, Epoch: 37, Loss: 0.0007, lr: 0.000343, Train: 0.9790, Valid: 0.8796, Test: 0.8506
Run: 09, Epoch: 38, Loss: 0.0006, lr: 0.000343, Train: 0.9797, Valid: 0.8786, Test: 0.8531
Run: 09, Epoch: 39, Loss: 0.0006, lr: 0.000343, Train: 0.9805, Valid: 0.8772, Test: 0.8551
Run: 09, Epoch: 40, Loss: 0.0006, lr: 0.000343, Train: 0.9811, Valid: 0.8752, Test: 0.8561
Run: 09, Epoch: 41, Loss: 0.0006, lr: 0.000343, Train: 0.9815, Valid: 0.8729, Test: 0.8559
Run: 09, Epoch: 42, Loss: 0.0006, lr: 0.000343, Train: 0.9817, Valid: 0.8709, Test: 0.8554
Run: 09, Epoch: 43, Loss: 0.0006, lr: 0.000240, Train: 0.9822, Valid: 0.8706, Test: 0.8555
Run: 09, Epoch: 44, Loss: 0.0006, lr: 0.000240, Train: 0.9829, Valid: 0.8718, Test: 0.8561
Run: 09, Epoch: 45, Loss: 0.0006, lr: 0.000240, Train: 0.9837, Valid: 0.8737, Test: 0.8571
Run: 09, Epoch: 46, Loss: 0.0006, lr: 0.000240, Train: 0.9844, Valid: 0.8758, Test: 0.8578
Run: 09, Epoch: 47, Loss: 0.0005, lr: 0.000240, Train: 0.9849, Valid: 0.8776, Test: 0.8584
Run: 09, Epoch: 48, Loss: 0.0005, lr: 0.000240, Train: 0.9852, Valid: 0.8788, Test: 0.8585
Run: 09, Epoch: 49, Loss: 0.0005, lr: 0.000168, Train: 0.9854, Valid: 0.8794, Test: 0.8584
Run: 09, Epoch: 50, Loss: 0.0005, lr: 0.000168, Train: 0.9855, Valid: 0.8796, Test: 0.8584
Run: 09, Epoch: 51, Loss: 0.0005, lr: 0.000168, Train: 0.9857, Valid: 0.8795, Test: 0.8582
Run: 09, Epoch: 52, Loss: 0.0005, lr: 0.000168, Train: 0.9859, Valid: 0.8791, Test: 0.8582
Run: 09, Epoch: 53, Loss: 0.0005, lr: 0.000168, Train: 0.9860, Valid: 0.8785, Test: 0.8584
Run: 09, Epoch: 54, Loss: 0.0005, lr: 0.000168, Train: 0.9862, Valid: 0.8777, Test: 0.8587
Run: 09, Epoch: 55, Loss: 0.0005, lr: 0.000118, Train: 0.9863, Valid: 0.8771, Test: 0.8591
Run: 09, Epoch: 56, Loss: 0.0005, lr: 0.000118, Train: 0.9864, Valid: 0.8764, Test: 0.8597
Run: 09, Epoch: 57, Loss: 0.0005, lr: 0.000118, Train: 0.9866, Valid: 0.8758, Test: 0.8604
Run: 09, Epoch: 58, Loss: 0.0005, lr: 0.000118, Train: 0.9868, Valid: 0.8753, Test: 0.8611
Run: 09, Epoch: 59, Loss: 0.0005, lr: 0.000118, Train: 0.9870, Valid: 0.8747, Test: 0.8617
Run: 09, Epoch: 60, Loss: 0.0005, lr: 0.000118, Train: 0.9871, Valid: 0.8743, Test: 0.8622
Run: 09, Epoch: 61, Loss: 0.0005, lr: 0.000082, Train: 0.9873, Valid: 0.8739, Test: 0.8625
Run: 09, Epoch: 62, Loss: 0.0005, lr: 0.000082, Train: 0.9874, Valid: 0.8736, Test: 0.8626
Run: 09, Epoch: 63, Loss: 0.0005, lr: 0.000082, Train: 0.9875, Valid: 0.8734, Test: 0.8626
Run: 09, Epoch: 64, Loss: 0.0005, lr: 0.000082, Train: 0.9876, Valid: 0.8731, Test: 0.8625
Run: 09, Epoch: 65, Loss: 0.0005, lr: 0.000082, Train: 0.9877, Valid: 0.8729, Test: 0.8623
Run: 09, Epoch: 66, Loss: 0.0005, lr: 0.000082, Train: 0.9878, Valid: 0.8726, Test: 0.8621
Run: 09, Epoch: 67, Loss: 0.0005, lr: 0.000058, Train: 0.9879, Valid: 0.8724, Test: 0.8621
Run: 09, Epoch: 68, Loss: 0.0005, lr: 0.000058, Train: 0.9880, Valid: 0.8722, Test: 0.8621
Run: 09, Epoch: 69, Loss: 0.0005, lr: 0.000058, Train: 0.9881, Valid: 0.8720, Test: 0.8622
Run: 09, Epoch: 70, Loss: 0.0005, lr: 0.000058, Train: 0.9881, Valid: 0.8718, Test: 0.8624
Run: 09, Epoch: 71, Loss: 0.0005, lr: 0.000058, Train: 0.9882, Valid: 0.8717, Test: 0.8627
Run: 09, Epoch: 72, Loss: 0.0005, lr: 0.000058, Train: 0.9883, Valid: 0.8716, Test: 0.8630
Run: 09, Epoch: 73, Loss: 0.0004, lr: 0.000040, Train: 0.9884, Valid: 0.8716, Test: 0.8634
Run: 09, Epoch: 74, Loss: 0.0004, lr: 0.000040, Train: 0.9884, Valid: 0.8715, Test: 0.8637
Run: 09, Epoch: 75, Loss: 0.0004, lr: 0.000040, Train: 0.9885, Valid: 0.8715, Test: 0.8641
Run: 09, Epoch: 76, Loss: 0.0004, lr: 0.000040, Train: 0.9886, Valid: 0.8715, Test: 0.8644
Run: 09, Epoch: 77, Loss: 0.0004, lr: 0.000040, Train: 0.9886, Valid: 0.8715, Test: 0.8647
Run: 09, Epoch: 78, Loss: 0.0004, lr: 0.000040, Train: 0.9887, Valid: 0.8715, Test: 0.8649
Run: 09, Epoch: 79, Loss: 0.0004, lr: 0.000028, Train: 0.9887, Valid: 0.8715, Test: 0.8651
Run: 09, Epoch: 80, Loss: 0.0004, lr: 0.000028, Train: 0.9887, Valid: 0.8715, Test: 0.8652
Run: 09, Epoch: 81, Loss: 0.0004, lr: 0.000028, Train: 0.9888, Valid: 0.8715, Test: 0.8654
Run: 09, Epoch: 82, Loss: 0.0004, lr: 0.000028, Train: 0.9888, Valid: 0.8715, Test: 0.8654
Run: 09, Epoch: 83, Loss: 0.0004, lr: 0.000028, Train: 0.9888, Valid: 0.8715, Test: 0.8655
Run: 09, Epoch: 84, Loss: 0.0004, lr: 0.000028, Train: 0.9889, Valid: 0.8715, Test: 0.8656
Run: 09, Epoch: 85, Loss: 0.0004, lr: 0.000020, Train: 0.9889, Valid: 0.8715, Test: 0.8656
Run: 09, Epoch: 86, Loss: 0.0004, lr: 0.000020, Train: 0.9889, Valid: 0.8715, Test: 0.8656
Run: 09, Epoch: 87, Loss: 0.0004, lr: 0.000020, Train: 0.9889, Valid: 0.8715, Test: 0.8656
Run: 09, Epoch: 88, Loss: 0.0004, lr: 0.000020, Train: 0.9889, Valid: 0.8715, Test: 0.8657
Run: 09, Epoch: 89, Loss: 0.0004, lr: 0.000020, Train: 0.9890, Valid: 0.8715, Test: 0.8657
Run: 09, Epoch: 90, Loss: 0.0004, lr: 0.000020, Train: 0.9890, Valid: 0.8715, Test: 0.8657
Run: 09, Epoch: 91, Loss: 0.0004, lr: 0.000014, Train: 0.9890, Valid: 0.8715, Test: 0.8657
Run: 09, Epoch: 92, Loss: 0.0004, lr: 0.000014, Train: 0.9890, Valid: 0.8715, Test: 0.8657
Run: 09, Epoch: 93, Loss: 0.0004, lr: 0.000014, Train: 0.9890, Valid: 0.8715, Test: 0.8657
Run: 09, Epoch: 94, Loss: 0.0004, lr: 0.000014, Train: 0.9891, Valid: 0.8715, Test: 0.8657
Run: 09, Epoch: 95, Loss: 0.0004, lr: 0.000014, Train: 0.9891, Valid: 0.8715, Test: 0.8657
Run: 09, Epoch: 96, Loss: 0.0004, lr: 0.000014, Train: 0.9891, Valid: 0.8715, Test: 0.8657
Run: 09, Epoch: 97, Loss: 0.0004, lr: 0.000010, Train: 0.9891, Valid: 0.8715, Test: 0.8657
Run: 09, Epoch: 98, Loss: 0.0004, lr: 0.000010, Train: 0.9891, Valid: 0.8715, Test: 0.8657
Run: 09, Epoch: 99, Loss: 0.0004, lr: 0.000010, Train: 0.9891, Valid: 0.8715, Test: 0.8657
Run: 09, Epoch: 100, Loss: 0.0004, lr: 0.000010, Train: 0.9891, Valid: 0.8715, Test: 0.8657
Run 09:
Highest Train: 0.99
Highest Valid: 0.89
  Final Train: 0.98
   Final Test: 0.86
Run: 10, Epoch: 01, Loss: 0.0460, lr: 0.001000, Train: 0.5202, Valid: 0.2002, Test: 0.3305
Run: 10, Epoch: 02, Loss: 0.0126, lr: 0.001000, Train: 0.5998, Valid: -0.2755, Test: 0.2330
Run: 10, Epoch: 03, Loss: 0.0056, lr: 0.001000, Train: 0.7612, Valid: 0.0362, Test: 0.4915
Run: 10, Epoch: 04, Loss: 0.0049, lr: 0.001000, Train: 0.8121, Valid: 0.1425, Test: 0.5844
Run: 10, Epoch: 05, Loss: 0.0040, lr: 0.001000, Train: 0.8798, Valid: 0.6009, Test: 0.7332
Run: 10, Epoch: 06, Loss: 0.0034, lr: 0.001000, Train: 0.8950, Valid: 0.8220, Test: 0.7811
Run: 10, Epoch: 07, Loss: 0.0030, lr: 0.001000, Train: 0.8604, Valid: 0.6363, Test: 0.7237
Run: 10, Epoch: 08, Loss: 0.0028, lr: 0.001000, Train: 0.8806, Valid: 0.7114, Test: 0.7510
Run: 10, Epoch: 09, Loss: 0.0024, lr: 0.001000, Train: 0.9122, Valid: 0.8515, Test: 0.7916
Run: 10, Epoch: 10, Loss: 0.0022, lr: 0.001000, Train: 0.9195, Valid: 0.8696, Test: 0.7945
Run: 10, Epoch: 11, Loss: 0.0021, lr: 0.001000, Train: 0.9153, Valid: 0.8500, Test: 0.7866
Run: 10, Epoch: 12, Loss: 0.0020, lr: 0.001000, Train: 0.8973, Valid: 0.7964, Test: 0.7583
Run: 10, Epoch: 13, Loss: 0.0018, lr: 0.001000, Train: 0.8700, Valid: 0.7114, Test: 0.7097
Run: 10, Epoch: 14, Loss: 0.0017, lr: 0.001000, Train: 0.8552, Valid: 0.6678, Test: 0.6763
Run: 10, Epoch: 15, Loss: 0.0016, lr: 0.001000, Train: 0.8650, Valid: 0.6993, Test: 0.6882
Run: 10, Epoch: 16, Loss: 0.0016, lr: 0.001000, Train: 0.8906, Valid: 0.7661, Test: 0.7304
Run: 10, Epoch: 17, Loss: 0.0015, lr: 0.000700, Train: 0.9128, Valid: 0.8126, Test: 0.7683
Run: 10, Epoch: 18, Loss: 0.0014, lr: 0.000700, Train: 0.9282, Valid: 0.8415, Test: 0.7953
Run: 10, Epoch: 19, Loss: 0.0013, lr: 0.000700, Train: 0.9367, Valid: 0.8575, Test: 0.8095
Run: 10, Epoch: 20, Loss: 0.0013, lr: 0.000700, Train: 0.9402, Valid: 0.8642, Test: 0.8154
Run: 10, Epoch: 21, Loss: 0.0012, lr: 0.000700, Train: 0.9409, Valid: 0.8645, Test: 0.8163
Run: 10, Epoch: 22, Loss: 0.0011, lr: 0.000700, Train: 0.9410, Valid: 0.8609, Test: 0.8171
Run: 10, Epoch: 23, Loss: 0.0011, lr: 0.000490, Train: 0.9444, Valid: 0.8641, Test: 0.8221
Run: 10, Epoch: 24, Loss: 0.0011, lr: 0.000490, Train: 0.9491, Valid: 0.8727, Test: 0.8291
Run: 10, Epoch: 25, Loss: 0.0010, lr: 0.000490, Train: 0.9544, Valid: 0.8856, Test: 0.8368
Run: 10, Epoch: 26, Loss: 0.0010, lr: 0.000490, Train: 0.9596, Valid: 0.8995, Test: 0.8444
Run: 10, Epoch: 27, Loss: 0.0009, lr: 0.000490, Train: 0.9641, Valid: 0.9106, Test: 0.8510
Run: 10, Epoch: 28, Loss: 0.0009, lr: 0.000490, Train: 0.9677, Valid: 0.9173, Test: 0.8561
Run: 10, Epoch: 29, Loss: 0.0009, lr: 0.000490, Train: 0.9703, Valid: 0.9203, Test: 0.8594
Run: 10, Epoch: 30, Loss: 0.0009, lr: 0.000490, Train: 0.9721, Valid: 0.9208, Test: 0.8607
Run: 10, Epoch: 31, Loss: 0.0008, lr: 0.000490, Train: 0.9734, Valid: 0.9201, Test: 0.8605
Run: 10, Epoch: 32, Loss: 0.0008, lr: 0.000490, Train: 0.9744, Valid: 0.9193, Test: 0.8593
Run: 10, Epoch: 33, Loss: 0.0008, lr: 0.000490, Train: 0.9756, Valid: 0.9198, Test: 0.8580
Run: 10, Epoch: 34, Loss: 0.0008, lr: 0.000490, Train: 0.9770, Valid: 0.9221, Test: 0.8575
Run: 10, Epoch: 35, Loss: 0.0007, lr: 0.000490, Train: 0.9784, Valid: 0.9244, Test: 0.8581
Run: 10, Epoch: 36, Loss: 0.0007, lr: 0.000490, Train: 0.9795, Valid: 0.9253, Test: 0.8595
Run: 10, Epoch: 37, Loss: 0.0007, lr: 0.000490, Train: 0.9801, Valid: 0.9250, Test: 0.8612
Run: 10, Epoch: 38, Loss: 0.0007, lr: 0.000490, Train: 0.9806, Valid: 0.9252, Test: 0.8631
Run: 10, Epoch: 39, Loss: 0.0007, lr: 0.000490, Train: 0.9811, Valid: 0.9267, Test: 0.8649
Run: 10, Epoch: 40, Loss: 0.0006, lr: 0.000490, Train: 0.9814, Valid: 0.9289, Test: 0.8662
Run: 10, Epoch: 41, Loss: 0.0006, lr: 0.000490, Train: 0.9815, Valid: 0.9307, Test: 0.8667
Run: 10, Epoch: 42, Loss: 0.0006, lr: 0.000490, Train: 0.9817, Valid: 0.9318, Test: 0.8668
Run: 10, Epoch: 43, Loss: 0.0006, lr: 0.000490, Train: 0.9822, Valid: 0.9329, Test: 0.8671
Run: 10, Epoch: 44, Loss: 0.0006, lr: 0.000490, Train: 0.9828, Valid: 0.9333, Test: 0.8671
Run: 10, Epoch: 45, Loss: 0.0005, lr: 0.000490, Train: 0.9833, Valid: 0.9329, Test: 0.8668
Run: 10, Epoch: 46, Loss: 0.0005, lr: 0.000490, Train: 0.9837, Valid: 0.9325, Test: 0.8668
Run: 10, Epoch: 47, Loss: 0.0005, lr: 0.000490, Train: 0.9841, Valid: 0.9325, Test: 0.8672
Run: 10, Epoch: 48, Loss: 0.0005, lr: 0.000490, Train: 0.9844, Valid: 0.9326, Test: 0.8675
Run: 10, Epoch: 49, Loss: 0.0005, lr: 0.000490, Train: 0.9845, Valid: 0.9322, Test: 0.8677
Run: 10, Epoch: 50, Loss: 0.0005, lr: 0.000490, Train: 0.9846, Valid: 0.9322, Test: 0.8681
Run: 10, Epoch: 51, Loss: 0.0004, lr: 0.000343, Train: 0.9848, Valid: 0.9327, Test: 0.8687
Run: 10, Epoch: 52, Loss: 0.0004, lr: 0.000343, Train: 0.9851, Valid: 0.9329, Test: 0.8689
Run: 10, Epoch: 53, Loss: 0.0004, lr: 0.000343, Train: 0.9854, Valid: 0.9328, Test: 0.8690
Run: 10, Epoch: 54, Loss: 0.0004, lr: 0.000343, Train: 0.9857, Valid: 0.9323, Test: 0.8691
Run: 10, Epoch: 55, Loss: 0.0004, lr: 0.000343, Train: 0.9860, Valid: 0.9315, Test: 0.8687
Run: 10, Epoch: 56, Loss: 0.0004, lr: 0.000343, Train: 0.9863, Valid: 0.9306, Test: 0.8678
Run: 10, Epoch: 57, Loss: 0.0004, lr: 0.000240, Train: 0.9868, Valid: 0.9301, Test: 0.8670
Run: 10, Epoch: 58, Loss: 0.0004, lr: 0.000240, Train: 0.9872, Valid: 0.9294, Test: 0.8662
Run: 10, Epoch: 59, Loss: 0.0004, lr: 0.000240, Train: 0.9875, Valid: 0.9282, Test: 0.8655
Run: 10, Epoch: 60, Loss: 0.0004, lr: 0.000240, Train: 0.9878, Valid: 0.9276, Test: 0.8656
Run: 10, Epoch: 61, Loss: 0.0004, lr: 0.000240, Train: 0.9881, Valid: 0.9276, Test: 0.8665
Run: 10, Epoch: 62, Loss: 0.0004, lr: 0.000240, Train: 0.9884, Valid: 0.9275, Test: 0.8672
Run: 10, Epoch: 63, Loss: 0.0003, lr: 0.000168, Train: 0.9888, Valid: 0.9277, Test: 0.8677
Run: 10, Epoch: 64, Loss: 0.0003, lr: 0.000168, Train: 0.9891, Valid: 0.9277, Test: 0.8679
Run: 10, Epoch: 65, Loss: 0.0003, lr: 0.000168, Train: 0.9894, Valid: 0.9280, Test: 0.8684
Run: 10, Epoch: 66, Loss: 0.0003, lr: 0.000168, Train: 0.9897, Valid: 0.9288, Test: 0.8691
Run: 10, Epoch: 67, Loss: 0.0003, lr: 0.000168, Train: 0.9900, Valid: 0.9299, Test: 0.8700
Run: 10, Epoch: 68, Loss: 0.0003, lr: 0.000168, Train: 0.9903, Valid: 0.9310, Test: 0.8709
Run: 10, Epoch: 69, Loss: 0.0003, lr: 0.000118, Train: 0.9906, Valid: 0.9320, Test: 0.8716
Run: 10, Epoch: 70, Loss: 0.0003, lr: 0.000118, Train: 0.9908, Valid: 0.9326, Test: 0.8720
Run: 10, Epoch: 71, Loss: 0.0003, lr: 0.000118, Train: 0.9909, Valid: 0.9329, Test: 0.8721
Run: 10, Epoch: 72, Loss: 0.0003, lr: 0.000118, Train: 0.9911, Valid: 0.9325, Test: 0.8717
Run: 10, Epoch: 73, Loss: 0.0003, lr: 0.000118, Train: 0.9912, Valid: 0.9321, Test: 0.8713
Run: 10, Epoch: 74, Loss: 0.0003, lr: 0.000118, Train: 0.9913, Valid: 0.9317, Test: 0.8711
Run: 10, Epoch: 75, Loss: 0.0003, lr: 0.000082, Train: 0.9914, Valid: 0.9317, Test: 0.8710
Run: 10, Epoch: 76, Loss: 0.0003, lr: 0.000082, Train: 0.9915, Valid: 0.9316, Test: 0.8710
Run: 10, Epoch: 77, Loss: 0.0003, lr: 0.000082, Train: 0.9916, Valid: 0.9317, Test: 0.8710
Run: 10, Epoch: 78, Loss: 0.0003, lr: 0.000082, Train: 0.9917, Valid: 0.9318, Test: 0.8709
Run: 10, Epoch: 79, Loss: 0.0003, lr: 0.000082, Train: 0.9918, Valid: 0.9321, Test: 0.8709
Run: 10, Epoch: 80, Loss: 0.0003, lr: 0.000082, Train: 0.9920, Valid: 0.9325, Test: 0.8709
Run: 10, Epoch: 81, Loss: 0.0003, lr: 0.000058, Train: 0.9921, Valid: 0.9329, Test: 0.8710
Run: 10, Epoch: 82, Loss: 0.0003, lr: 0.000058, Train: 0.9922, Valid: 0.9333, Test: 0.8710
Run: 10, Epoch: 83, Loss: 0.0003, lr: 0.000058, Train: 0.9923, Valid: 0.9337, Test: 0.8711
Run: 10, Epoch: 84, Loss: 0.0003, lr: 0.000058, Train: 0.9924, Valid: 0.9341, Test: 0.8712
Run: 10, Epoch: 85, Loss: 0.0003, lr: 0.000058, Train: 0.9925, Valid: 0.9345, Test: 0.8713
Run: 10, Epoch: 86, Loss: 0.0003, lr: 0.000058, Train: 0.9926, Valid: 0.9348, Test: 0.8713
Run: 10, Epoch: 87, Loss: 0.0003, lr: 0.000058, Train: 0.9927, Valid: 0.9350, Test: 0.8714
Run: 10, Epoch: 88, Loss: 0.0003, lr: 0.000058, Train: 0.9928, Valid: 0.9354, Test: 0.8714
Run: 10, Epoch: 89, Loss: 0.0003, lr: 0.000058, Train: 0.9928, Valid: 0.9357, Test: 0.8715
Run: 10, Epoch: 90, Loss: 0.0003, lr: 0.000058, Train: 0.9929, Valid: 0.9357, Test: 0.8715
Run: 10, Epoch: 91, Loss: 0.0003, lr: 0.000058, Train: 0.9930, Valid: 0.9357, Test: 0.8714
Run: 10, Epoch: 92, Loss: 0.0003, lr: 0.000058, Train: 0.9930, Valid: 0.9358, Test: 0.8714
Run: 10, Epoch: 93, Loss: 0.0003, lr: 0.000058, Train: 0.9931, Valid: 0.9360, Test: 0.8715
Run: 10, Epoch: 94, Loss: 0.0003, lr: 0.000058, Train: 0.9932, Valid: 0.9362, Test: 0.8716
Run: 10, Epoch: 95, Loss: 0.0003, lr: 0.000058, Train: 0.9932, Valid: 0.9360, Test: 0.8714
Run: 10, Epoch: 96, Loss: 0.0003, lr: 0.000058, Train: 0.9932, Valid: 0.9360, Test: 0.8713
Run: 10, Epoch: 97, Loss: 0.0003, lr: 0.000058, Train: 0.9933, Valid: 0.9362, Test: 0.8713
Run: 10, Epoch: 98, Loss: 0.0003, lr: 0.000058, Train: 0.9933, Valid: 0.9363, Test: 0.8713
Run: 10, Epoch: 99, Loss: 0.0003, lr: 0.000058, Train: 0.9934, Valid: 0.9364, Test: 0.8713
Run: 10, Epoch: 100, Loss: 0.0003, lr: 0.000058, Train: 0.9934, Valid: 0.9363, Test: 0.8712
Run 10:
Highest Train: 0.99
Highest Valid: 0.94
  Final Train: 0.99
   Final Test: 0.87
All runs:
Highest Train: 0.99  0.00
Highest Valid: 0.89  0.04
  Final Train: 0.97  0.04
   Final Test: 0.90  0.04
