Namespace(conv_layers=3, device=0, dropout=0.0, epochs=100, hidden_dim=256, log_steps=1, lr=0.001, method='gin', mlp_layers=2, runs=10, subset='mathematics')
Run: 01, Epoch: 01, Loss: 0.0466, lr: 0.001000, Train: -4.6718, Valid: -5.9251, Test: -5.5519
Run: 01, Epoch: 02, Loss: 0.0143, lr: 0.001000, Train: -6.2646, Valid: -7.8279, Test: -7.0072
Run: 01, Epoch: 03, Loss: 0.0107, lr: 0.001000, Train: -6.3905, Valid: -7.9421, Test: -7.0767
Run: 01, Epoch: 04, Loss: 0.0059, lr: 0.001000, Train: -6.2966, Valid: -7.8809, Test: -7.0114
Run: 01, Epoch: 05, Loss: 0.0041, lr: 0.001000, Train: -5.7830, Valid: -7.3897, Test: -6.5451
Run: 01, Epoch: 06, Loss: 0.0047, lr: 0.001000, Train: -5.4230, Valid: -7.0016, Test: -6.2344
Run: 01, Epoch: 07, Loss: 0.0022, lr: 0.001000, Train: -5.3567, Valid: -6.9193, Test: -6.2382
Run: 01, Epoch: 08, Loss: 0.0019, lr: 0.000700, Train: -4.9480, Valid: -6.4370, Test: -5.8834
Run: 01, Epoch: 09, Loss: 0.0019, lr: 0.000700, Train: -4.3671, Valid: -5.7309, Test: -5.3140
Run: 01, Epoch: 10, Loss: 0.0015, lr: 0.000700, Train: -3.5769, Valid: -4.7342, Test: -4.4666
Run: 01, Epoch: 11, Loss: 0.0012, lr: 0.000700, Train: -2.6459, Valid: -3.5595, Test: -3.4161
Run: 01, Epoch: 12, Loss: 0.0014, lr: 0.000700, Train: -1.8027, Valid: -2.4880, Test: -2.4383
Run: 01, Epoch: 13, Loss: 0.0015, lr: 0.000700, Train: -1.1563, Valid: -1.6654, Test: -1.6781
Run: 01, Epoch: 14, Loss: 0.0012, lr: 0.000700, Train: -0.6666, Valid: -1.0303, Test: -1.0986
Run: 01, Epoch: 15, Loss: 0.0009, lr: 0.000700, Train: -0.2839, Valid: -0.5214, Test: -0.6447
Run: 01, Epoch: 16, Loss: 0.0010, lr: 0.000700, Train: 0.0223, Valid: -0.1228, Test: -0.2613
Run: 01, Epoch: 17, Loss: 0.0010, lr: 0.000700, Train: 0.2598, Valid: 0.1710, Test: 0.0459
Run: 01, Epoch: 18, Loss: 0.0010, lr: 0.000700, Train: 0.4315, Valid: 0.3772, Test: 0.2758
Run: 01, Epoch: 19, Loss: 0.0008, lr: 0.000700, Train: 0.5510, Valid: 0.5152, Test: 0.4344
Run: 01, Epoch: 20, Loss: 0.0007, lr: 0.000700, Train: 0.6326, Valid: 0.6038, Test: 0.5375
Run: 01, Epoch: 21, Loss: 0.0007, lr: 0.000700, Train: 0.6973, Valid: 0.6785, Test: 0.6165
Run: 01, Epoch: 22, Loss: 0.0007, lr: 0.000700, Train: 0.7632, Valid: 0.7590, Test: 0.6939
Run: 01, Epoch: 23, Loss: 0.0006, lr: 0.000700, Train: 0.8288, Valid: 0.8352, Test: 0.7699
Run: 01, Epoch: 24, Loss: 0.0005, lr: 0.000700, Train: 0.8825, Valid: 0.8957, Test: 0.8357
Run: 01, Epoch: 25, Loss: 0.0005, lr: 0.000700, Train: 0.9189, Valid: 0.9335, Test: 0.8818
Run: 01, Epoch: 26, Loss: 0.0005, lr: 0.000700, Train: 0.9409, Valid: 0.9517, Test: 0.9101
Run: 01, Epoch: 27, Loss: 0.0005, lr: 0.000700, Train: 0.9523, Valid: 0.9568, Test: 0.9231
Run: 01, Epoch: 28, Loss: 0.0005, lr: 0.000700, Train: 0.9564, Valid: 0.9548, Test: 0.9268
Run: 01, Epoch: 29, Loss: 0.0004, lr: 0.000700, Train: 0.9559, Valid: 0.9499, Test: 0.9264
Run: 01, Epoch: 30, Loss: 0.0004, lr: 0.000700, Train: 0.9559, Valid: 0.9475, Test: 0.9283
Run: 01, Epoch: 31, Loss: 0.0004, lr: 0.000700, Train: 0.9603, Valid: 0.9513, Test: 0.9345
Run: 01, Epoch: 32, Loss: 0.0004, lr: 0.000700, Train: 0.9676, Valid: 0.9592, Test: 0.9426
Run: 01, Epoch: 33, Loss: 0.0003, lr: 0.000700, Train: 0.9737, Valid: 0.9663, Test: 0.9487
Run: 01, Epoch: 34, Loss: 0.0003, lr: 0.000700, Train: 0.9771, Valid: 0.9704, Test: 0.9524
Run: 01, Epoch: 35, Loss: 0.0003, lr: 0.000700, Train: 0.9799, Valid: 0.9730, Test: 0.9554
Run: 01, Epoch: 36, Loss: 0.0003, lr: 0.000700, Train: 0.9829, Valid: 0.9749, Test: 0.9587
Run: 01, Epoch: 37, Loss: 0.0003, lr: 0.000700, Train: 0.9859, Valid: 0.9763, Test: 0.9624
Run: 01, Epoch: 38, Loss: 0.0002, lr: 0.000700, Train: 0.9878, Valid: 0.9767, Test: 0.9655
Run: 01, Epoch: 39, Loss: 0.0002, lr: 0.000700, Train: 0.9888, Valid: 0.9769, Test: 0.9674
Run: 01, Epoch: 40, Loss: 0.0002, lr: 0.000700, Train: 0.9896, Valid: 0.9768, Test: 0.9682
Run: 01, Epoch: 41, Loss: 0.0002, lr: 0.000700, Train: 0.9907, Valid: 0.9769, Test: 0.9682
Run: 01, Epoch: 42, Loss: 0.0002, lr: 0.000700, Train: 0.9916, Valid: 0.9769, Test: 0.9680
Run: 01, Epoch: 43, Loss: 0.0002, lr: 0.000700, Train: 0.9923, Valid: 0.9765, Test: 0.9677
Run: 01, Epoch: 44, Loss: 0.0002, lr: 0.000700, Train: 0.9931, Valid: 0.9763, Test: 0.9676
Run: 01, Epoch: 45, Loss: 0.0002, lr: 0.000700, Train: 0.9939, Valid: 0.9774, Test: 0.9680
Run: 01, Epoch: 46, Loss: 0.0002, lr: 0.000700, Train: 0.9945, Valid: 0.9792, Test: 0.9686
Run: 01, Epoch: 47, Loss: 0.0002, lr: 0.000700, Train: 0.9945, Valid: 0.9805, Test: 0.9690
Run: 01, Epoch: 48, Loss: 0.0002, lr: 0.000700, Train: 0.9946, Valid: 0.9809, Test: 0.9690
Run: 01, Epoch: 49, Loss: 0.0001, lr: 0.000700, Train: 0.9949, Valid: 0.9803, Test: 0.9687
Run: 01, Epoch: 50, Loss: 0.0001, lr: 0.000700, Train: 0.9951, Valid: 0.9791, Test: 0.9679
Run: 01, Epoch: 51, Loss: 0.0001, lr: 0.000700, Train: 0.9951, Valid: 0.9784, Test: 0.9673
Run: 01, Epoch: 52, Loss: 0.0001, lr: 0.000700, Train: 0.9952, Valid: 0.9782, Test: 0.9672
Run: 01, Epoch: 53, Loss: 0.0001, lr: 0.000700, Train: 0.9953, Valid: 0.9776, Test: 0.9676
Run: 01, Epoch: 54, Loss: 0.0001, lr: 0.000700, Train: 0.9953, Valid: 0.9765, Test: 0.9681
Run: 01, Epoch: 55, Loss: 0.0001, lr: 0.000490, Train: 0.9955, Valid: 0.9759, Test: 0.9685
Run: 01, Epoch: 56, Loss: 0.0001, lr: 0.000490, Train: 0.9957, Valid: 0.9758, Test: 0.9689
Run: 01, Epoch: 57, Loss: 0.0001, lr: 0.000490, Train: 0.9959, Valid: 0.9756, Test: 0.9691
Run: 01, Epoch: 58, Loss: 0.0001, lr: 0.000490, Train: 0.9960, Valid: 0.9751, Test: 0.9689
Run: 01, Epoch: 59, Loss: 0.0001, lr: 0.000490, Train: 0.9960, Valid: 0.9742, Test: 0.9685
Run: 01, Epoch: 60, Loss: 0.0001, lr: 0.000490, Train: 0.9960, Valid: 0.9734, Test: 0.9680
Run: 01, Epoch: 61, Loss: 0.0001, lr: 0.000343, Train: 0.9961, Valid: 0.9734, Test: 0.9680
Run: 01, Epoch: 62, Loss: 0.0001, lr: 0.000343, Train: 0.9964, Valid: 0.9738, Test: 0.9683
Run: 01, Epoch: 63, Loss: 0.0001, lr: 0.000343, Train: 0.9967, Valid: 0.9744, Test: 0.9688
Run: 01, Epoch: 64, Loss: 0.0001, lr: 0.000343, Train: 0.9969, Valid: 0.9748, Test: 0.9692
Run: 01, Epoch: 65, Loss: 0.0001, lr: 0.000343, Train: 0.9971, Valid: 0.9751, Test: 0.9695
Run: 01, Epoch: 66, Loss: 0.0001, lr: 0.000343, Train: 0.9972, Valid: 0.9752, Test: 0.9696
Run: 01, Epoch: 67, Loss: 0.0001, lr: 0.000240, Train: 0.9974, Valid: 0.9753, Test: 0.9696
Run: 01, Epoch: 68, Loss: 0.0001, lr: 0.000240, Train: 0.9975, Valid: 0.9755, Test: 0.9696
Run: 01, Epoch: 69, Loss: 0.0001, lr: 0.000240, Train: 0.9975, Valid: 0.9757, Test: 0.9696
Run: 01, Epoch: 70, Loss: 0.0001, lr: 0.000240, Train: 0.9976, Valid: 0.9759, Test: 0.9695
Run: 01, Epoch: 71, Loss: 0.0001, lr: 0.000240, Train: 0.9976, Valid: 0.9760, Test: 0.9695
Run: 01, Epoch: 72, Loss: 0.0001, lr: 0.000240, Train: 0.9977, Valid: 0.9760, Test: 0.9694
Run: 01, Epoch: 73, Loss: 0.0001, lr: 0.000168, Train: 0.9977, Valid: 0.9761, Test: 0.9694
Run: 01, Epoch: 74, Loss: 0.0001, lr: 0.000168, Train: 0.9977, Valid: 0.9761, Test: 0.9694
Run: 01, Epoch: 75, Loss: 0.0001, lr: 0.000168, Train: 0.9977, Valid: 0.9761, Test: 0.9695
Run: 01, Epoch: 76, Loss: 0.0001, lr: 0.000168, Train: 0.9978, Valid: 0.9762, Test: 0.9695
Run: 01, Epoch: 77, Loss: 0.0001, lr: 0.000168, Train: 0.9978, Valid: 0.9763, Test: 0.9696
Run: 01, Epoch: 78, Loss: 0.0001, lr: 0.000168, Train: 0.9978, Valid: 0.9764, Test: 0.9697
Run: 01, Epoch: 79, Loss: 0.0001, lr: 0.000118, Train: 0.9979, Valid: 0.9764, Test: 0.9697
Run: 01, Epoch: 80, Loss: 0.0001, lr: 0.000118, Train: 0.9979, Valid: 0.9764, Test: 0.9697
Run: 01, Epoch: 81, Loss: 0.0001, lr: 0.000118, Train: 0.9979, Valid: 0.9764, Test: 0.9696
Run: 01, Epoch: 82, Loss: 0.0001, lr: 0.000118, Train: 0.9979, Valid: 0.9764, Test: 0.9696
Run: 01, Epoch: 83, Loss: 0.0001, lr: 0.000118, Train: 0.9979, Valid: 0.9763, Test: 0.9696
Run: 01, Epoch: 84, Loss: 0.0001, lr: 0.000118, Train: 0.9979, Valid: 0.9762, Test: 0.9695
Run: 01, Epoch: 85, Loss: 0.0001, lr: 0.000082, Train: 0.9980, Valid: 0.9762, Test: 0.9695
Run: 01, Epoch: 86, Loss: 0.0001, lr: 0.000082, Train: 0.9980, Valid: 0.9761, Test: 0.9694
Run: 01, Epoch: 87, Loss: 0.0001, lr: 0.000082, Train: 0.9980, Valid: 0.9761, Test: 0.9694
Run: 01, Epoch: 88, Loss: 0.0001, lr: 0.000082, Train: 0.9980, Valid: 0.9761, Test: 0.9694
Run: 01, Epoch: 89, Loss: 0.0001, lr: 0.000082, Train: 0.9980, Valid: 0.9761, Test: 0.9694
Run: 01, Epoch: 90, Loss: 0.0001, lr: 0.000082, Train: 0.9980, Valid: 0.9761, Test: 0.9694
Run: 01, Epoch: 91, Loss: 0.0001, lr: 0.000058, Train: 0.9980, Valid: 0.9761, Test: 0.9694
Run: 01, Epoch: 92, Loss: 0.0001, lr: 0.000058, Train: 0.9980, Valid: 0.9760, Test: 0.9694
Run: 01, Epoch: 93, Loss: 0.0001, lr: 0.000058, Train: 0.9980, Valid: 0.9760, Test: 0.9694
Run: 01, Epoch: 94, Loss: 0.0001, lr: 0.000058, Train: 0.9981, Valid: 0.9760, Test: 0.9694
Run: 01, Epoch: 95, Loss: 0.0001, lr: 0.000058, Train: 0.9981, Valid: 0.9760, Test: 0.9694
Run: 01, Epoch: 96, Loss: 0.0001, lr: 0.000058, Train: 0.9981, Valid: 0.9759, Test: 0.9694
Run: 01, Epoch: 97, Loss: 0.0001, lr: 0.000040, Train: 0.9981, Valid: 0.9759, Test: 0.9694
Run: 01, Epoch: 98, Loss: 0.0001, lr: 0.000040, Train: 0.9981, Valid: 0.9759, Test: 0.9694
Run: 01, Epoch: 99, Loss: 0.0001, lr: 0.000040, Train: 0.9981, Valid: 0.9759, Test: 0.9694
Run: 01, Epoch: 100, Loss: 0.0001, lr: 0.000040, Train: 0.9981, Valid: 0.9759, Test: 0.9694
Run 01:
Highest Train: 1.00
Highest Valid: 0.98
  Final Train: 0.99
   Final Test: 0.97
Run: 02, Epoch: 01, Loss: 0.0741, lr: 0.001000, Train: 0.2934, Valid: 0.3292, Test: 0.3155
Run: 02, Epoch: 02, Loss: 0.0080, lr: 0.001000, Train: 0.4464, Valid: 0.4243, Test: 0.4116
Run: 02, Epoch: 03, Loss: 0.0056, lr: 0.001000, Train: 0.6224, Valid: 0.5750, Test: 0.6508
Run: 02, Epoch: 04, Loss: 0.0038, lr: 0.001000, Train: 0.7290, Valid: 0.5281, Test: 0.6948
Run: 02, Epoch: 05, Loss: 0.0033, lr: 0.001000, Train: 0.7883, Valid: 0.5919, Test: 0.7599
Run: 02, Epoch: 06, Loss: 0.0020, lr: 0.001000, Train: 0.7976, Valid: 0.7393, Test: 0.8159
Run: 02, Epoch: 07, Loss: 0.0017, lr: 0.001000, Train: 0.7230, Valid: 0.6396, Test: 0.6433
Run: 02, Epoch: 08, Loss: 0.0021, lr: 0.001000, Train: 0.6989, Valid: 0.5486, Test: 0.5528
Run: 02, Epoch: 09, Loss: 0.0019, lr: 0.001000, Train: 0.7627, Valid: 0.6238, Test: 0.6489
Run: 02, Epoch: 10, Loss: 0.0014, lr: 0.001000, Train: 0.8529, Valid: 0.7674, Test: 0.8129
Run: 02, Epoch: 11, Loss: 0.0011, lr: 0.001000, Train: 0.9051, Valid: 0.8244, Test: 0.8923
Run: 02, Epoch: 12, Loss: 0.0010, lr: 0.001000, Train: 0.9210, Valid: 0.8328, Test: 0.9043
Run: 02, Epoch: 13, Loss: 0.0010, lr: 0.001000, Train: 0.9212, Valid: 0.8345, Test: 0.8891
Run: 02, Epoch: 14, Loss: 0.0010, lr: 0.001000, Train: 0.9136, Valid: 0.8290, Test: 0.8576
Run: 02, Epoch: 15, Loss: 0.0010, lr: 0.001000, Train: 0.9089, Valid: 0.8219, Test: 0.8333
Run: 02, Epoch: 16, Loss: 0.0009, lr: 0.001000, Train: 0.9112, Valid: 0.8220, Test: 0.8331
Run: 02, Epoch: 17, Loss: 0.0008, lr: 0.001000, Train: 0.9147, Valid: 0.8251, Test: 0.8437
Run: 02, Epoch: 18, Loss: 0.0007, lr: 0.001000, Train: 0.9117, Valid: 0.8147, Test: 0.8432
Run: 02, Epoch: 19, Loss: 0.0007, lr: 0.001000, Train: 0.9023, Valid: 0.7876, Test: 0.8234
Run: 02, Epoch: 20, Loss: 0.0007, lr: 0.000700, Train: 0.9054, Valid: 0.7834, Test: 0.8172
Run: 02, Epoch: 21, Loss: 0.0007, lr: 0.000700, Train: 0.9158, Valid: 0.7953, Test: 0.8207
Run: 02, Epoch: 22, Loss: 0.0006, lr: 0.000700, Train: 0.9324, Valid: 0.8229, Test: 0.8369
Run: 02, Epoch: 23, Loss: 0.0005, lr: 0.000700, Train: 0.9511, Valid: 0.8627, Test: 0.8607
Run: 02, Epoch: 24, Loss: 0.0005, lr: 0.000700, Train: 0.9658, Valid: 0.8981, Test: 0.8850
Run: 02, Epoch: 25, Loss: 0.0005, lr: 0.000700, Train: 0.9752, Valid: 0.9179, Test: 0.9038
Run: 02, Epoch: 26, Loss: 0.0005, lr: 0.000700, Train: 0.9803, Valid: 0.9253, Test: 0.9154
Run: 02, Epoch: 27, Loss: 0.0004, lr: 0.000700, Train: 0.9832, Valid: 0.9268, Test: 0.9208
Run: 02, Epoch: 28, Loss: 0.0004, lr: 0.000700, Train: 0.9852, Valid: 0.9264, Test: 0.9224
Run: 02, Epoch: 29, Loss: 0.0004, lr: 0.000700, Train: 0.9864, Valid: 0.9249, Test: 0.9214
Run: 02, Epoch: 30, Loss: 0.0004, lr: 0.000700, Train: 0.9868, Valid: 0.9221, Test: 0.9183
Run: 02, Epoch: 31, Loss: 0.0004, lr: 0.000700, Train: 0.9868, Valid: 0.9188, Test: 0.9148
Run: 02, Epoch: 32, Loss: 0.0003, lr: 0.000700, Train: 0.9870, Valid: 0.9170, Test: 0.9129
Run: 02, Epoch: 33, Loss: 0.0003, lr: 0.000700, Train: 0.9876, Valid: 0.9173, Test: 0.9135
Run: 02, Epoch: 34, Loss: 0.0003, lr: 0.000490, Train: 0.9886, Valid: 0.9187, Test: 0.9157
Run: 02, Epoch: 35, Loss: 0.0003, lr: 0.000490, Train: 0.9897, Valid: 0.9204, Test: 0.9184
Run: 02, Epoch: 36, Loss: 0.0003, lr: 0.000490, Train: 0.9907, Valid: 0.9216, Test: 0.9206
Run: 02, Epoch: 37, Loss: 0.0003, lr: 0.000490, Train: 0.9915, Valid: 0.9224, Test: 0.9221
Run: 02, Epoch: 38, Loss: 0.0003, lr: 0.000490, Train: 0.9919, Valid: 0.9230, Test: 0.9227
Run: 02, Epoch: 39, Loss: 0.0003, lr: 0.000490, Train: 0.9922, Valid: 0.9235, Test: 0.9228
Run: 02, Epoch: 40, Loss: 0.0003, lr: 0.000343, Train: 0.9925, Valid: 0.9239, Test: 0.9228
Run: 02, Epoch: 41, Loss: 0.0003, lr: 0.000343, Train: 0.9927, Valid: 0.9244, Test: 0.9228
Run: 02, Epoch: 42, Loss: 0.0003, lr: 0.000343, Train: 0.9930, Valid: 0.9249, Test: 0.9227
Run: 02, Epoch: 43, Loss: 0.0003, lr: 0.000343, Train: 0.9933, Valid: 0.9255, Test: 0.9227
Run: 02, Epoch: 44, Loss: 0.0003, lr: 0.000343, Train: 0.9935, Valid: 0.9260, Test: 0.9227
Run: 02, Epoch: 45, Loss: 0.0002, lr: 0.000343, Train: 0.9938, Valid: 0.9265, Test: 0.9230
Run: 02, Epoch: 46, Loss: 0.0002, lr: 0.000240, Train: 0.9940, Valid: 0.9273, Test: 0.9237
Run: 02, Epoch: 47, Loss: 0.0002, lr: 0.000240, Train: 0.9942, Valid: 0.9282, Test: 0.9245
Run: 02, Epoch: 48, Loss: 0.0002, lr: 0.000240, Train: 0.9944, Valid: 0.9291, Test: 0.9256
Run: 02, Epoch: 49, Loss: 0.0002, lr: 0.000240, Train: 0.9946, Valid: 0.9301, Test: 0.9267
Run: 02, Epoch: 50, Loss: 0.0002, lr: 0.000240, Train: 0.9947, Valid: 0.9310, Test: 0.9278
Run: 02, Epoch: 51, Loss: 0.0002, lr: 0.000240, Train: 0.9948, Valid: 0.9319, Test: 0.9287
Run: 02, Epoch: 52, Loss: 0.0002, lr: 0.000240, Train: 0.9949, Valid: 0.9328, Test: 0.9295
Run: 02, Epoch: 53, Loss: 0.0002, lr: 0.000240, Train: 0.9950, Valid: 0.9334, Test: 0.9300
Run: 02, Epoch: 54, Loss: 0.0002, lr: 0.000240, Train: 0.9951, Valid: 0.9339, Test: 0.9303
Run: 02, Epoch: 55, Loss: 0.0002, lr: 0.000240, Train: 0.9951, Valid: 0.9341, Test: 0.9303
Run: 02, Epoch: 56, Loss: 0.0002, lr: 0.000240, Train: 0.9952, Valid: 0.9342, Test: 0.9302
Run: 02, Epoch: 57, Loss: 0.0002, lr: 0.000240, Train: 0.9953, Valid: 0.9342, Test: 0.9299
Run: 02, Epoch: 58, Loss: 0.0002, lr: 0.000240, Train: 0.9953, Valid: 0.9341, Test: 0.9296
Run: 02, Epoch: 59, Loss: 0.0002, lr: 0.000240, Train: 0.9954, Valid: 0.9340, Test: 0.9294
Run: 02, Epoch: 60, Loss: 0.0002, lr: 0.000240, Train: 0.9955, Valid: 0.9340, Test: 0.9293
Run: 02, Epoch: 61, Loss: 0.0002, lr: 0.000240, Train: 0.9955, Valid: 0.9340, Test: 0.9294
Run: 02, Epoch: 62, Loss: 0.0002, lr: 0.000168, Train: 0.9956, Valid: 0.9341, Test: 0.9296
Run: 02, Epoch: 63, Loss: 0.0002, lr: 0.000168, Train: 0.9956, Valid: 0.9343, Test: 0.9299
Run: 02, Epoch: 64, Loss: 0.0002, lr: 0.000168, Train: 0.9957, Valid: 0.9344, Test: 0.9301
Run: 02, Epoch: 65, Loss: 0.0002, lr: 0.000168, Train: 0.9957, Valid: 0.9345, Test: 0.9303
Run: 02, Epoch: 66, Loss: 0.0002, lr: 0.000168, Train: 0.9958, Valid: 0.9345, Test: 0.9304
Run: 02, Epoch: 67, Loss: 0.0002, lr: 0.000168, Train: 0.9958, Valid: 0.9345, Test: 0.9305
Run: 02, Epoch: 68, Loss: 0.0002, lr: 0.000168, Train: 0.9959, Valid: 0.9344, Test: 0.9304
Run: 02, Epoch: 69, Loss: 0.0002, lr: 0.000168, Train: 0.9959, Valid: 0.9342, Test: 0.9303
Run: 02, Epoch: 70, Loss: 0.0002, lr: 0.000168, Train: 0.9960, Valid: 0.9341, Test: 0.9301
Run: 02, Epoch: 71, Loss: 0.0002, lr: 0.000168, Train: 0.9960, Valid: 0.9339, Test: 0.9299
Run: 02, Epoch: 72, Loss: 0.0002, lr: 0.000118, Train: 0.9960, Valid: 0.9338, Test: 0.9299
Run: 02, Epoch: 73, Loss: 0.0002, lr: 0.000118, Train: 0.9961, Valid: 0.9338, Test: 0.9299
Run: 02, Epoch: 74, Loss: 0.0002, lr: 0.000118, Train: 0.9961, Valid: 0.9338, Test: 0.9299
Run: 02, Epoch: 75, Loss: 0.0002, lr: 0.000118, Train: 0.9961, Valid: 0.9338, Test: 0.9300
Run: 02, Epoch: 76, Loss: 0.0002, lr: 0.000118, Train: 0.9961, Valid: 0.9339, Test: 0.9302
Run: 02, Epoch: 77, Loss: 0.0002, lr: 0.000118, Train: 0.9962, Valid: 0.9340, Test: 0.9303
Run: 02, Epoch: 78, Loss: 0.0002, lr: 0.000082, Train: 0.9962, Valid: 0.9341, Test: 0.9305
Run: 02, Epoch: 79, Loss: 0.0002, lr: 0.000082, Train: 0.9962, Valid: 0.9342, Test: 0.9306
Run: 02, Epoch: 80, Loss: 0.0002, lr: 0.000082, Train: 0.9962, Valid: 0.9343, Test: 0.9308
Run: 02, Epoch: 81, Loss: 0.0002, lr: 0.000082, Train: 0.9963, Valid: 0.9344, Test: 0.9309
Run: 02, Epoch: 82, Loss: 0.0002, lr: 0.000082, Train: 0.9963, Valid: 0.9345, Test: 0.9310
Run: 02, Epoch: 83, Loss: 0.0002, lr: 0.000082, Train: 0.9963, Valid: 0.9345, Test: 0.9310
Run: 02, Epoch: 84, Loss: 0.0002, lr: 0.000058, Train: 0.9963, Valid: 0.9346, Test: 0.9311
Run: 02, Epoch: 85, Loss: 0.0002, lr: 0.000058, Train: 0.9963, Valid: 0.9346, Test: 0.9311
Run: 02, Epoch: 86, Loss: 0.0002, lr: 0.000058, Train: 0.9964, Valid: 0.9347, Test: 0.9312
Run: 02, Epoch: 87, Loss: 0.0002, lr: 0.000058, Train: 0.9964, Valid: 0.9347, Test: 0.9312
Run: 02, Epoch: 88, Loss: 0.0002, lr: 0.000058, Train: 0.9964, Valid: 0.9347, Test: 0.9312
Run: 02, Epoch: 89, Loss: 0.0002, lr: 0.000058, Train: 0.9964, Valid: 0.9347, Test: 0.9311
Run: 02, Epoch: 90, Loss: 0.0002, lr: 0.000058, Train: 0.9964, Valid: 0.9347, Test: 0.9311
Run: 02, Epoch: 91, Loss: 0.0002, lr: 0.000058, Train: 0.9964, Valid: 0.9347, Test: 0.9311
Run: 02, Epoch: 92, Loss: 0.0002, lr: 0.000058, Train: 0.9965, Valid: 0.9347, Test: 0.9311
Run: 02, Epoch: 93, Loss: 0.0002, lr: 0.000058, Train: 0.9965, Valid: 0.9348, Test: 0.9311
Run: 02, Epoch: 94, Loss: 0.0002, lr: 0.000058, Train: 0.9965, Valid: 0.9348, Test: 0.9311
Run: 02, Epoch: 95, Loss: 0.0002, lr: 0.000058, Train: 0.9965, Valid: 0.9348, Test: 0.9311
Run: 02, Epoch: 96, Loss: 0.0002, lr: 0.000058, Train: 0.9965, Valid: 0.9349, Test: 0.9312
Run: 02, Epoch: 97, Loss: 0.0002, lr: 0.000058, Train: 0.9965, Valid: 0.9349, Test: 0.9312
Run: 02, Epoch: 98, Loss: 0.0002, lr: 0.000058, Train: 0.9965, Valid: 0.9349, Test: 0.9312
Run: 02, Epoch: 99, Loss: 0.0002, lr: 0.000058, Train: 0.9965, Valid: 0.9349, Test: 0.9313
Run: 02, Epoch: 100, Loss: 0.0002, lr: 0.000058, Train: 0.9966, Valid: 0.9349, Test: 0.9313
Run 02:
Highest Train: 1.00
Highest Valid: 0.93
  Final Train: 1.00
   Final Test: 0.93
Run: 03, Epoch: 01, Loss: 0.0589, lr: 0.001000, Train: -0.2678, Valid: -1.9341, Test: -0.0512
Run: 03, Epoch: 02, Loss: 0.0107, lr: 0.001000, Train: 0.2032, Valid: -0.8884, Test: 0.4216
Run: 03, Epoch: 03, Loss: 0.0106, lr: 0.001000, Train: 0.1934, Valid: -0.9028, Test: 0.4130
Run: 03, Epoch: 04, Loss: 0.0075, lr: 0.001000, Train: 0.1503, Valid: -1.0124, Test: 0.3625
Run: 03, Epoch: 05, Loss: 0.0036, lr: 0.001000, Train: 0.1239, Valid: -1.0963, Test: 0.3002
Run: 03, Epoch: 06, Loss: 0.0041, lr: 0.001000, Train: -0.3557, Valid: -2.0990, Test: -0.1197
Run: 03, Epoch: 07, Loss: 0.0036, lr: 0.001000, Train: -0.6563, Valid: -2.7145, Test: -0.3829
Run: 03, Epoch: 08, Loss: 0.0025, lr: 0.001000, Train: -0.4426, Valid: -2.2245, Test: -0.1863
Run: 03, Epoch: 09, Loss: 0.0022, lr: 0.000700, Train: 0.0724, Valid: -1.0685, Test: 0.2572
Run: 03, Epoch: 10, Loss: 0.0022, lr: 0.000700, Train: 0.5175, Valid: -0.0526, Test: 0.6370
Run: 03, Epoch: 11, Loss: 0.0020, lr: 0.000700, Train: 0.7764, Valid: 0.5350, Test: 0.8522
Run: 03, Epoch: 12, Loss: 0.0017, lr: 0.000700, Train: 0.8880, Valid: 0.7847, Test: 0.9380
Run: 03, Epoch: 13, Loss: 0.0015, lr: 0.000700, Train: 0.9257, Valid: 0.8604, Test: 0.9605
Run: 03, Epoch: 14, Loss: 0.0014, lr: 0.000700, Train: 0.9371, Valid: 0.8750, Test: 0.9646
Run: 03, Epoch: 15, Loss: 0.0015, lr: 0.000700, Train: 0.9406, Valid: 0.8735, Test: 0.9652
Run: 03, Epoch: 16, Loss: 0.0014, lr: 0.000700, Train: 0.9378, Valid: 0.8600, Test: 0.9601
Run: 03, Epoch: 17, Loss: 0.0013, lr: 0.000700, Train: 0.9280, Valid: 0.8360, Test: 0.9485
Run: 03, Epoch: 18, Loss: 0.0012, lr: 0.000700, Train: 0.9178, Valid: 0.8098, Test: 0.9392
Run: 03, Epoch: 19, Loss: 0.0012, lr: 0.000700, Train: 0.9160, Valid: 0.8004, Test: 0.9393
Run: 03, Epoch: 20, Loss: 0.0011, lr: 0.000700, Train: 0.9270, Valid: 0.8174, Test: 0.9503
Run: 03, Epoch: 21, Loss: 0.0011, lr: 0.000490, Train: 0.9431, Valid: 0.8462, Test: 0.9634
Run: 03, Epoch: 22, Loss: 0.0010, lr: 0.000490, Train: 0.9569, Valid: 0.8708, Test: 0.9739
Run: 03, Epoch: 23, Loss: 0.0009, lr: 0.000490, Train: 0.9650, Valid: 0.8854, Test: 0.9792
Run: 03, Epoch: 24, Loss: 0.0009, lr: 0.000490, Train: 0.9679, Valid: 0.8909, Test: 0.9797
Run: 03, Epoch: 25, Loss: 0.0009, lr: 0.000490, Train: 0.9683, Valid: 0.8929, Test: 0.9784
Run: 03, Epoch: 26, Loss: 0.0009, lr: 0.000490, Train: 0.9689, Valid: 0.8957, Test: 0.9772
Run: 03, Epoch: 27, Loss: 0.0009, lr: 0.000490, Train: 0.9705, Valid: 0.9003, Test: 0.9770
Run: 03, Epoch: 28, Loss: 0.0009, lr: 0.000490, Train: 0.9726, Valid: 0.9056, Test: 0.9774
Run: 03, Epoch: 29, Loss: 0.0008, lr: 0.000490, Train: 0.9748, Valid: 0.9098, Test: 0.9778
Run: 03, Epoch: 30, Loss: 0.0008, lr: 0.000490, Train: 0.9766, Valid: 0.9128, Test: 0.9778
Run: 03, Epoch: 31, Loss: 0.0007, lr: 0.000490, Train: 0.9777, Valid: 0.9146, Test: 0.9773
Run: 03, Epoch: 32, Loss: 0.0007, lr: 0.000490, Train: 0.9786, Valid: 0.9162, Test: 0.9764
Run: 03, Epoch: 33, Loss: 0.0007, lr: 0.000490, Train: 0.9795, Valid: 0.9173, Test: 0.9755
Run: 03, Epoch: 34, Loss: 0.0007, lr: 0.000490, Train: 0.9804, Valid: 0.9183, Test: 0.9747
Run: 03, Epoch: 35, Loss: 0.0007, lr: 0.000490, Train: 0.9812, Valid: 0.9192, Test: 0.9741
Run: 03, Epoch: 36, Loss: 0.0006, lr: 0.000490, Train: 0.9819, Valid: 0.9201, Test: 0.9737
Run: 03, Epoch: 37, Loss: 0.0006, lr: 0.000490, Train: 0.9824, Valid: 0.9214, Test: 0.9734
Run: 03, Epoch: 38, Loss: 0.0006, lr: 0.000490, Train: 0.9829, Valid: 0.9228, Test: 0.9732
Run: 03, Epoch: 39, Loss: 0.0006, lr: 0.000490, Train: 0.9833, Valid: 0.9242, Test: 0.9729
Run: 03, Epoch: 40, Loss: 0.0006, lr: 0.000490, Train: 0.9836, Valid: 0.9252, Test: 0.9727
Run: 03, Epoch: 41, Loss: 0.0005, lr: 0.000490, Train: 0.9840, Valid: 0.9258, Test: 0.9727
Run: 03, Epoch: 42, Loss: 0.0005, lr: 0.000490, Train: 0.9845, Valid: 0.9261, Test: 0.9729
Run: 03, Epoch: 43, Loss: 0.0005, lr: 0.000490, Train: 0.9853, Valid: 0.9254, Test: 0.9734
Run: 03, Epoch: 44, Loss: 0.0005, lr: 0.000490, Train: 0.9862, Valid: 0.9240, Test: 0.9737
Run: 03, Epoch: 45, Loss: 0.0005, lr: 0.000490, Train: 0.9870, Valid: 0.9219, Test: 0.9738
Run: 03, Epoch: 46, Loss: 0.0005, lr: 0.000490, Train: 0.9875, Valid: 0.9197, Test: 0.9737
Run: 03, Epoch: 47, Loss: 0.0005, lr: 0.000490, Train: 0.9879, Valid: 0.9184, Test: 0.9736
Run: 03, Epoch: 48, Loss: 0.0004, lr: 0.000490, Train: 0.9881, Valid: 0.9182, Test: 0.9734
Run: 03, Epoch: 49, Loss: 0.0004, lr: 0.000343, Train: 0.9884, Valid: 0.9191, Test: 0.9734
Run: 03, Epoch: 50, Loss: 0.0004, lr: 0.000343, Train: 0.9886, Valid: 0.9211, Test: 0.9734
Run: 03, Epoch: 51, Loss: 0.0004, lr: 0.000343, Train: 0.9888, Valid: 0.9235, Test: 0.9734
Run: 03, Epoch: 52, Loss: 0.0004, lr: 0.000343, Train: 0.9890, Valid: 0.9258, Test: 0.9733
Run: 03, Epoch: 53, Loss: 0.0004, lr: 0.000343, Train: 0.9891, Valid: 0.9277, Test: 0.9732
Run: 03, Epoch: 54, Loss: 0.0004, lr: 0.000343, Train: 0.9893, Valid: 0.9290, Test: 0.9730
Run: 03, Epoch: 55, Loss: 0.0004, lr: 0.000343, Train: 0.9896, Valid: 0.9297, Test: 0.9728
Run: 03, Epoch: 56, Loss: 0.0004, lr: 0.000343, Train: 0.9900, Valid: 0.9299, Test: 0.9727
Run: 03, Epoch: 57, Loss: 0.0004, lr: 0.000343, Train: 0.9903, Valid: 0.9297, Test: 0.9726
Run: 03, Epoch: 58, Loss: 0.0004, lr: 0.000343, Train: 0.9906, Valid: 0.9294, Test: 0.9726
Run: 03, Epoch: 59, Loss: 0.0003, lr: 0.000343, Train: 0.9909, Valid: 0.9290, Test: 0.9727
Run: 03, Epoch: 60, Loss: 0.0003, lr: 0.000343, Train: 0.9911, Valid: 0.9290, Test: 0.9728
Run: 03, Epoch: 61, Loss: 0.0003, lr: 0.000343, Train: 0.9912, Valid: 0.9293, Test: 0.9729
Run: 03, Epoch: 62, Loss: 0.0003, lr: 0.000343, Train: 0.9913, Valid: 0.9299, Test: 0.9729
Run: 03, Epoch: 63, Loss: 0.0003, lr: 0.000240, Train: 0.9915, Valid: 0.9305, Test: 0.9729
Run: 03, Epoch: 64, Loss: 0.0003, lr: 0.000240, Train: 0.9916, Valid: 0.9311, Test: 0.9728
Run: 03, Epoch: 65, Loss: 0.0003, lr: 0.000240, Train: 0.9917, Valid: 0.9316, Test: 0.9728
Run: 03, Epoch: 66, Loss: 0.0003, lr: 0.000240, Train: 0.9918, Valid: 0.9320, Test: 0.9727
Run: 03, Epoch: 67, Loss: 0.0003, lr: 0.000240, Train: 0.9919, Valid: 0.9322, Test: 0.9726
Run: 03, Epoch: 68, Loss: 0.0003, lr: 0.000240, Train: 0.9921, Valid: 0.9322, Test: 0.9725
Run: 03, Epoch: 69, Loss: 0.0003, lr: 0.000240, Train: 0.9922, Valid: 0.9321, Test: 0.9724
Run: 03, Epoch: 70, Loss: 0.0003, lr: 0.000240, Train: 0.9924, Valid: 0.9321, Test: 0.9723
Run: 03, Epoch: 71, Loss: 0.0003, lr: 0.000240, Train: 0.9925, Valid: 0.9321, Test: 0.9723
Run: 03, Epoch: 72, Loss: 0.0003, lr: 0.000240, Train: 0.9926, Valid: 0.9322, Test: 0.9722
Run: 03, Epoch: 73, Loss: 0.0003, lr: 0.000240, Train: 0.9928, Valid: 0.9323, Test: 0.9723
Run: 03, Epoch: 74, Loss: 0.0003, lr: 0.000240, Train: 0.9929, Valid: 0.9326, Test: 0.9724
Run: 03, Epoch: 75, Loss: 0.0003, lr: 0.000240, Train: 0.9930, Valid: 0.9330, Test: 0.9725
Run: 03, Epoch: 76, Loss: 0.0003, lr: 0.000240, Train: 0.9931, Valid: 0.9335, Test: 0.9726
Run: 03, Epoch: 77, Loss: 0.0003, lr: 0.000240, Train: 0.9932, Valid: 0.9340, Test: 0.9727
Run: 03, Epoch: 78, Loss: 0.0003, lr: 0.000240, Train: 0.9933, Valid: 0.9345, Test: 0.9727
Run: 03, Epoch: 79, Loss: 0.0002, lr: 0.000240, Train: 0.9934, Valid: 0.9351, Test: 0.9727
Run: 03, Epoch: 80, Loss: 0.0002, lr: 0.000240, Train: 0.9935, Valid: 0.9356, Test: 0.9726
Run: 03, Epoch: 81, Loss: 0.0002, lr: 0.000240, Train: 0.9936, Valid: 0.9361, Test: 0.9725
Run: 03, Epoch: 82, Loss: 0.0002, lr: 0.000240, Train: 0.9937, Valid: 0.9366, Test: 0.9724
Run: 03, Epoch: 83, Loss: 0.0002, lr: 0.000240, Train: 0.9938, Valid: 0.9371, Test: 0.9723
Run: 03, Epoch: 84, Loss: 0.0002, lr: 0.000240, Train: 0.9938, Valid: 0.9376, Test: 0.9723
Run: 03, Epoch: 85, Loss: 0.0002, lr: 0.000240, Train: 0.9939, Valid: 0.9381, Test: 0.9723
Run: 03, Epoch: 86, Loss: 0.0002, lr: 0.000240, Train: 0.9940, Valid: 0.9384, Test: 0.9723
Run: 03, Epoch: 87, Loss: 0.0002, lr: 0.000240, Train: 0.9940, Valid: 0.9387, Test: 0.9723
Run: 03, Epoch: 88, Loss: 0.0002, lr: 0.000240, Train: 0.9941, Valid: 0.9389, Test: 0.9723
Run: 03, Epoch: 89, Loss: 0.0002, lr: 0.000240, Train: 0.9942, Valid: 0.9390, Test: 0.9723
Run: 03, Epoch: 90, Loss: 0.0002, lr: 0.000240, Train: 0.9943, Valid: 0.9391, Test: 0.9723
Run: 03, Epoch: 91, Loss: 0.0002, lr: 0.000240, Train: 0.9944, Valid: 0.9391, Test: 0.9723
Run: 03, Epoch: 92, Loss: 0.0002, lr: 0.000240, Train: 0.9945, Valid: 0.9392, Test: 0.9723
Run: 03, Epoch: 93, Loss: 0.0002, lr: 0.000240, Train: 0.9946, Valid: 0.9393, Test: 0.9723
Run: 03, Epoch: 94, Loss: 0.0002, lr: 0.000240, Train: 0.9947, Valid: 0.9395, Test: 0.9724
Run: 03, Epoch: 95, Loss: 0.0002, lr: 0.000240, Train: 0.9948, Valid: 0.9399, Test: 0.9725
Run: 03, Epoch: 96, Loss: 0.0002, lr: 0.000240, Train: 0.9949, Valid: 0.9403, Test: 0.9725
Run: 03, Epoch: 97, Loss: 0.0002, lr: 0.000240, Train: 0.9949, Valid: 0.9407, Test: 0.9725
Run: 03, Epoch: 98, Loss: 0.0002, lr: 0.000240, Train: 0.9950, Valid: 0.9413, Test: 0.9725
Run: 03, Epoch: 99, Loss: 0.0002, lr: 0.000240, Train: 0.9951, Valid: 0.9417, Test: 0.9725
Run: 03, Epoch: 100, Loss: 0.0002, lr: 0.000240, Train: 0.9951, Valid: 0.9420, Test: 0.9724
Run 03:
Highest Train: 1.00
Highest Valid: 0.94
  Final Train: 1.00
   Final Test: 0.97
Run: 04, Epoch: 01, Loss: 0.0574, lr: 0.001000, Train: -0.7231, Valid: -0.7950, Test: -0.6008
Run: 04, Epoch: 02, Loss: 0.0148, lr: 0.001000, Train: 0.4761, Valid: 0.4460, Test: 0.4526
Run: 04, Epoch: 03, Loss: 0.0072, lr: 0.001000, Train: 0.7364, Valid: 0.6833, Test: 0.7112
Run: 04, Epoch: 04, Loss: 0.0061, lr: 0.001000, Train: 0.4054, Valid: 0.2705, Test: 0.4029
Run: 04, Epoch: 05, Loss: 0.0044, lr: 0.001000, Train: -0.6828, Valid: -0.9131, Test: -0.5531
Run: 04, Epoch: 06, Loss: 0.0036, lr: 0.001000, Train: -0.7304, Valid: -0.9454, Test: -0.5687
Run: 04, Epoch: 07, Loss: 0.0031, lr: 0.001000, Train: 0.1136, Valid: 0.0206, Test: 0.2115
Run: 04, Epoch: 08, Loss: 0.0018, lr: 0.001000, Train: 0.7862, Valid: 0.7150, Test: 0.7733
Run: 04, Epoch: 09, Loss: 0.0017, lr: 0.001000, Train: 0.8906, Valid: 0.8622, Test: 0.8878
Run: 04, Epoch: 10, Loss: 0.0019, lr: 0.001000, Train: 0.9038, Valid: 0.8864, Test: 0.9014
Run: 04, Epoch: 11, Loss: 0.0018, lr: 0.001000, Train: 0.8718, Valid: 0.8640, Test: 0.8735
Run: 04, Epoch: 12, Loss: 0.0016, lr: 0.001000, Train: 0.8349, Valid: 0.8331, Test: 0.8402
Run: 04, Epoch: 13, Loss: 0.0015, lr: 0.001000, Train: 0.8508, Valid: 0.8425, Test: 0.8467
Run: 04, Epoch: 14, Loss: 0.0013, lr: 0.001000, Train: 0.8961, Valid: 0.8767, Test: 0.8789
Run: 04, Epoch: 15, Loss: 0.0012, lr: 0.001000, Train: 0.9199, Valid: 0.8980, Test: 0.8991
Run: 04, Epoch: 16, Loss: 0.0012, lr: 0.001000, Train: 0.9173, Valid: 0.9019, Test: 0.8979
Run: 04, Epoch: 17, Loss: 0.0012, lr: 0.001000, Train: 0.8991, Valid: 0.8938, Test: 0.8863
Run: 04, Epoch: 18, Loss: 0.0010, lr: 0.001000, Train: 0.8903, Valid: 0.8912, Test: 0.8829
Run: 04, Epoch: 19, Loss: 0.0010, lr: 0.001000, Train: 0.9151, Valid: 0.9108, Test: 0.9031
Run: 04, Epoch: 20, Loss: 0.0009, lr: 0.001000, Train: 0.9511, Valid: 0.9380, Test: 0.9340
Run: 04, Epoch: 21, Loss: 0.0008, lr: 0.001000, Train: 0.9671, Valid: 0.9516, Test: 0.9529
Run: 04, Epoch: 22, Loss: 0.0008, lr: 0.001000, Train: 0.9689, Valid: 0.9553, Test: 0.9571
Run: 04, Epoch: 23, Loss: 0.0009, lr: 0.001000, Train: 0.9704, Valid: 0.9566, Test: 0.9535
Run: 04, Epoch: 24, Loss: 0.0008, lr: 0.001000, Train: 0.9641, Valid: 0.9522, Test: 0.9419
Run: 04, Epoch: 25, Loss: 0.0007, lr: 0.001000, Train: 0.9526, Valid: 0.9463, Test: 0.9296
Run: 04, Epoch: 26, Loss: 0.0007, lr: 0.001000, Train: 0.9519, Valid: 0.9478, Test: 0.9294
Run: 04, Epoch: 27, Loss: 0.0007, lr: 0.001000, Train: 0.9638, Valid: 0.9570, Test: 0.9402
Run: 04, Epoch: 28, Loss: 0.0006, lr: 0.001000, Train: 0.9748, Valid: 0.9644, Test: 0.9523
Run: 04, Epoch: 29, Loss: 0.0006, lr: 0.001000, Train: 0.9787, Valid: 0.9661, Test: 0.9588
Run: 04, Epoch: 30, Loss: 0.0006, lr: 0.001000, Train: 0.9807, Valid: 0.9653, Test: 0.9603
Run: 04, Epoch: 31, Loss: 0.0005, lr: 0.001000, Train: 0.9818, Valid: 0.9644, Test: 0.9599
Run: 04, Epoch: 32, Loss: 0.0005, lr: 0.001000, Train: 0.9822, Valid: 0.9639, Test: 0.9607
Run: 04, Epoch: 33, Loss: 0.0005, lr: 0.001000, Train: 0.9829, Valid: 0.9638, Test: 0.9630
Run: 04, Epoch: 34, Loss: 0.0005, lr: 0.001000, Train: 0.9832, Valid: 0.9628, Test: 0.9649
Run: 04, Epoch: 35, Loss: 0.0005, lr: 0.001000, Train: 0.9836, Valid: 0.9610, Test: 0.9653
Run: 04, Epoch: 36, Loss: 0.0005, lr: 0.000700, Train: 0.9849, Valid: 0.9601, Test: 0.9644
Run: 04, Epoch: 37, Loss: 0.0004, lr: 0.000700, Train: 0.9863, Valid: 0.9596, Test: 0.9626
Run: 04, Epoch: 38, Loss: 0.0004, lr: 0.000700, Train: 0.9873, Valid: 0.9594, Test: 0.9607
Run: 04, Epoch: 39, Loss: 0.0004, lr: 0.000700, Train: 0.9879, Valid: 0.9597, Test: 0.9602
Run: 04, Epoch: 40, Loss: 0.0004, lr: 0.000700, Train: 0.9886, Valid: 0.9602, Test: 0.9615
Run: 04, Epoch: 41, Loss: 0.0004, lr: 0.000700, Train: 0.9889, Valid: 0.9602, Test: 0.9637
Run: 04, Epoch: 42, Loss: 0.0003, lr: 0.000490, Train: 0.9890, Valid: 0.9596, Test: 0.9647
Run: 04, Epoch: 43, Loss: 0.0003, lr: 0.000490, Train: 0.9892, Valid: 0.9589, Test: 0.9651
Run: 04, Epoch: 44, Loss: 0.0003, lr: 0.000490, Train: 0.9897, Valid: 0.9583, Test: 0.9646
Run: 04, Epoch: 45, Loss: 0.0003, lr: 0.000490, Train: 0.9903, Valid: 0.9578, Test: 0.9635
Run: 04, Epoch: 46, Loss: 0.0003, lr: 0.000490, Train: 0.9909, Valid: 0.9572, Test: 0.9623
Run: 04, Epoch: 47, Loss: 0.0003, lr: 0.000490, Train: 0.9912, Valid: 0.9565, Test: 0.9617
Run: 04, Epoch: 48, Loss: 0.0003, lr: 0.000343, Train: 0.9913, Valid: 0.9562, Test: 0.9617
Run: 04, Epoch: 49, Loss: 0.0003, lr: 0.000343, Train: 0.9914, Valid: 0.9561, Test: 0.9622
Run: 04, Epoch: 50, Loss: 0.0003, lr: 0.000343, Train: 0.9914, Valid: 0.9560, Test: 0.9628
Run: 04, Epoch: 51, Loss: 0.0003, lr: 0.000343, Train: 0.9915, Valid: 0.9563, Test: 0.9632
Run: 04, Epoch: 52, Loss: 0.0003, lr: 0.000343, Train: 0.9917, Valid: 0.9568, Test: 0.9631
Run: 04, Epoch: 53, Loss: 0.0003, lr: 0.000343, Train: 0.9920, Valid: 0.9573, Test: 0.9628
Run: 04, Epoch: 54, Loss: 0.0003, lr: 0.000240, Train: 0.9923, Valid: 0.9577, Test: 0.9624
Run: 04, Epoch: 55, Loss: 0.0003, lr: 0.000240, Train: 0.9926, Valid: 0.9577, Test: 0.9619
Run: 04, Epoch: 56, Loss: 0.0003, lr: 0.000240, Train: 0.9928, Valid: 0.9576, Test: 0.9614
Run: 04, Epoch: 57, Loss: 0.0003, lr: 0.000240, Train: 0.9929, Valid: 0.9574, Test: 0.9610
Run: 04, Epoch: 58, Loss: 0.0003, lr: 0.000240, Train: 0.9930, Valid: 0.9571, Test: 0.9608
Run: 04, Epoch: 59, Loss: 0.0002, lr: 0.000240, Train: 0.9931, Valid: 0.9567, Test: 0.9608
Run: 04, Epoch: 60, Loss: 0.0002, lr: 0.000168, Train: 0.9931, Valid: 0.9564, Test: 0.9608
Run: 04, Epoch: 61, Loss: 0.0002, lr: 0.000168, Train: 0.9932, Valid: 0.9561, Test: 0.9607
Run: 04, Epoch: 62, Loss: 0.0002, lr: 0.000168, Train: 0.9933, Valid: 0.9559, Test: 0.9607
Run: 04, Epoch: 63, Loss: 0.0002, lr: 0.000168, Train: 0.9933, Valid: 0.9557, Test: 0.9607
Run: 04, Epoch: 64, Loss: 0.0002, lr: 0.000168, Train: 0.9934, Valid: 0.9555, Test: 0.9605
Run: 04, Epoch: 65, Loss: 0.0002, lr: 0.000168, Train: 0.9936, Valid: 0.9555, Test: 0.9603
Run: 04, Epoch: 66, Loss: 0.0002, lr: 0.000118, Train: 0.9937, Valid: 0.9556, Test: 0.9599
Run: 04, Epoch: 67, Loss: 0.0002, lr: 0.000118, Train: 0.9939, Valid: 0.9557, Test: 0.9595
Run: 04, Epoch: 68, Loss: 0.0002, lr: 0.000118, Train: 0.9940, Valid: 0.9559, Test: 0.9591
Run: 04, Epoch: 69, Loss: 0.0002, lr: 0.000118, Train: 0.9941, Valid: 0.9560, Test: 0.9588
Run: 04, Epoch: 70, Loss: 0.0002, lr: 0.000118, Train: 0.9941, Valid: 0.9561, Test: 0.9586
Run: 04, Epoch: 71, Loss: 0.0002, lr: 0.000118, Train: 0.9942, Valid: 0.9561, Test: 0.9585
Run: 04, Epoch: 72, Loss: 0.0002, lr: 0.000082, Train: 0.9943, Valid: 0.9561, Test: 0.9584
Run: 04, Epoch: 73, Loss: 0.0002, lr: 0.000082, Train: 0.9943, Valid: 0.9560, Test: 0.9585
Run: 04, Epoch: 74, Loss: 0.0002, lr: 0.000082, Train: 0.9944, Valid: 0.9560, Test: 0.9585
Run: 04, Epoch: 75, Loss: 0.0002, lr: 0.000082, Train: 0.9944, Valid: 0.9559, Test: 0.9586
Run: 04, Epoch: 76, Loss: 0.0002, lr: 0.000082, Train: 0.9945, Valid: 0.9558, Test: 0.9587
Run: 04, Epoch: 77, Loss: 0.0002, lr: 0.000082, Train: 0.9945, Valid: 0.9558, Test: 0.9588
Run: 04, Epoch: 78, Loss: 0.0002, lr: 0.000058, Train: 0.9945, Valid: 0.9557, Test: 0.9587
Run: 04, Epoch: 79, Loss: 0.0002, lr: 0.000058, Train: 0.9946, Valid: 0.9558, Test: 0.9587
Run: 04, Epoch: 80, Loss: 0.0002, lr: 0.000058, Train: 0.9946, Valid: 0.9558, Test: 0.9586
Run: 04, Epoch: 81, Loss: 0.0002, lr: 0.000058, Train: 0.9947, Valid: 0.9558, Test: 0.9585
Run: 04, Epoch: 82, Loss: 0.0002, lr: 0.000058, Train: 0.9947, Valid: 0.9558, Test: 0.9584
Run: 04, Epoch: 83, Loss: 0.0002, lr: 0.000058, Train: 0.9948, Valid: 0.9558, Test: 0.9582
Run: 04, Epoch: 84, Loss: 0.0002, lr: 0.000040, Train: 0.9948, Valid: 0.9558, Test: 0.9581
Run: 04, Epoch: 85, Loss: 0.0002, lr: 0.000040, Train: 0.9948, Valid: 0.9558, Test: 0.9580
Run: 04, Epoch: 86, Loss: 0.0002, lr: 0.000040, Train: 0.9948, Valid: 0.9557, Test: 0.9579
Run: 04, Epoch: 87, Loss: 0.0002, lr: 0.000040, Train: 0.9949, Valid: 0.9557, Test: 0.9579
Run: 04, Epoch: 88, Loss: 0.0002, lr: 0.000040, Train: 0.9949, Valid: 0.9556, Test: 0.9579
Run: 04, Epoch: 89, Loss: 0.0002, lr: 0.000040, Train: 0.9949, Valid: 0.9556, Test: 0.9578
Run: 04, Epoch: 90, Loss: 0.0002, lr: 0.000028, Train: 0.9949, Valid: 0.9555, Test: 0.9578
Run: 04, Epoch: 91, Loss: 0.0002, lr: 0.000028, Train: 0.9949, Valid: 0.9555, Test: 0.9578
Run: 04, Epoch: 92, Loss: 0.0002, lr: 0.000028, Train: 0.9950, Valid: 0.9555, Test: 0.9578
Run: 04, Epoch: 93, Loss: 0.0002, lr: 0.000028, Train: 0.9950, Valid: 0.9554, Test: 0.9578
Run: 04, Epoch: 94, Loss: 0.0002, lr: 0.000028, Train: 0.9950, Valid: 0.9554, Test: 0.9578
Run: 04, Epoch: 95, Loss: 0.0002, lr: 0.000028, Train: 0.9950, Valid: 0.9554, Test: 0.9578
Run: 04, Epoch: 96, Loss: 0.0002, lr: 0.000020, Train: 0.9950, Valid: 0.9554, Test: 0.9578
Run: 04, Epoch: 97, Loss: 0.0002, lr: 0.000020, Train: 0.9950, Valid: 0.9554, Test: 0.9578
Run: 04, Epoch: 98, Loss: 0.0002, lr: 0.000020, Train: 0.9950, Valid: 0.9554, Test: 0.9578
Run: 04, Epoch: 99, Loss: 0.0002, lr: 0.000020, Train: 0.9951, Valid: 0.9554, Test: 0.9578
Run: 04, Epoch: 100, Loss: 0.0002, lr: 0.000020, Train: 0.9951, Valid: 0.9553, Test: 0.9577
Run 04:
Highest Train: 1.00
Highest Valid: 0.97
  Final Train: 0.98
   Final Test: 0.96
Run: 05, Epoch: 01, Loss: 0.0430, lr: 0.001000, Train: -0.0241, Valid: -1.1060, Test: -0.7462
Run: 05, Epoch: 02, Loss: 0.0086, lr: 0.001000, Train: 0.7219, Valid: 0.2186, Test: 0.5169
Run: 05, Epoch: 03, Loss: 0.0084, lr: 0.001000, Train: 0.7862, Valid: 0.3850, Test: 0.6023
Run: 05, Epoch: 04, Loss: 0.0058, lr: 0.001000, Train: 0.8610, Valid: 0.7595, Test: 0.7711
Run: 05, Epoch: 05, Loss: 0.0038, lr: 0.001000, Train: 0.7588, Valid: 0.5154, Test: 0.5444
Run: 05, Epoch: 06, Loss: 0.0032, lr: 0.001000, Train: 0.7922, Valid: 0.5498, Test: 0.5999
Run: 05, Epoch: 07, Loss: 0.0021, lr: 0.001000, Train: 0.8279, Valid: 0.5933, Test: 0.6443
Run: 05, Epoch: 08, Loss: 0.0025, lr: 0.001000, Train: 0.7708, Valid: 0.4073, Test: 0.4828
Run: 05, Epoch: 09, Loss: 0.0026, lr: 0.001000, Train: 0.5968, Valid: -0.0553, Test: 0.1401
Run: 05, Epoch: 10, Loss: 0.0019, lr: 0.001000, Train: 0.4377, Valid: -0.4570, Test: -0.1421
Run: 05, Epoch: 11, Loss: 0.0016, lr: 0.000700, Train: 0.5236, Valid: -0.2289, Test: 0.0022
Run: 05, Epoch: 12, Loss: 0.0016, lr: 0.000700, Train: 0.6884, Valid: 0.1861, Test: 0.2831
Run: 05, Epoch: 13, Loss: 0.0015, lr: 0.000700, Train: 0.8344, Valid: 0.5535, Test: 0.5429
Run: 05, Epoch: 14, Loss: 0.0014, lr: 0.000700, Train: 0.9117, Valid: 0.7410, Test: 0.7090
Run: 05, Epoch: 15, Loss: 0.0014, lr: 0.000700, Train: 0.9363, Valid: 0.7810, Test: 0.7889
Run: 05, Epoch: 16, Loss: 0.0014, lr: 0.000700, Train: 0.9401, Valid: 0.7727, Test: 0.8192
Run: 05, Epoch: 17, Loss: 0.0013, lr: 0.000700, Train: 0.9405, Valid: 0.7732, Test: 0.8254
Run: 05, Epoch: 18, Loss: 0.0012, lr: 0.000700, Train: 0.9398, Valid: 0.7876, Test: 0.8147
Run: 05, Epoch: 19, Loss: 0.0011, lr: 0.000700, Train: 0.9348, Valid: 0.7987, Test: 0.7897
Run: 05, Epoch: 20, Loss: 0.0010, lr: 0.000700, Train: 0.9276, Valid: 0.8054, Test: 0.7612
Run: 05, Epoch: 21, Loss: 0.0010, lr: 0.000700, Train: 0.9255, Valid: 0.8175, Test: 0.7479
Run: 05, Epoch: 22, Loss: 0.0010, lr: 0.000700, Train: 0.9335, Valid: 0.8412, Test: 0.7608
Run: 05, Epoch: 23, Loss: 0.0010, lr: 0.000700, Train: 0.9478, Valid: 0.8692, Test: 0.7925
Run: 05, Epoch: 24, Loss: 0.0009, lr: 0.000700, Train: 0.9608, Valid: 0.8882, Test: 0.8279
Run: 05, Epoch: 25, Loss: 0.0009, lr: 0.000700, Train: 0.9685, Valid: 0.8939, Test: 0.8540
Run: 05, Epoch: 26, Loss: 0.0008, lr: 0.000700, Train: 0.9721, Valid: 0.8922, Test: 0.8683
Run: 05, Epoch: 27, Loss: 0.0008, lr: 0.000700, Train: 0.9744, Valid: 0.8949, Test: 0.8735
Run: 05, Epoch: 28, Loss: 0.0008, lr: 0.000700, Train: 0.9760, Valid: 0.9016, Test: 0.8711
Run: 05, Epoch: 29, Loss: 0.0007, lr: 0.000700, Train: 0.9762, Valid: 0.9064, Test: 0.8623
Run: 05, Epoch: 30, Loss: 0.0007, lr: 0.000700, Train: 0.9753, Valid: 0.9082, Test: 0.8522
Run: 05, Epoch: 31, Loss: 0.0007, lr: 0.000700, Train: 0.9756, Valid: 0.9116, Test: 0.8487
Run: 05, Epoch: 32, Loss: 0.0007, lr: 0.000700, Train: 0.9785, Valid: 0.9184, Test: 0.8559
Run: 05, Epoch: 33, Loss: 0.0006, lr: 0.000700, Train: 0.9821, Valid: 0.9225, Test: 0.8696
Run: 05, Epoch: 34, Loss: 0.0006, lr: 0.000700, Train: 0.9842, Valid: 0.9221, Test: 0.8831
Run: 05, Epoch: 35, Loss: 0.0006, lr: 0.000700, Train: 0.9849, Valid: 0.9192, Test: 0.8910
Run: 05, Epoch: 36, Loss: 0.0006, lr: 0.000700, Train: 0.9854, Valid: 0.9188, Test: 0.8921
Run: 05, Epoch: 37, Loss: 0.0006, lr: 0.000700, Train: 0.9861, Valid: 0.9211, Test: 0.8876
Run: 05, Epoch: 38, Loss: 0.0005, lr: 0.000700, Train: 0.9865, Valid: 0.9230, Test: 0.8800
Run: 05, Epoch: 39, Loss: 0.0005, lr: 0.000700, Train: 0.9866, Valid: 0.9226, Test: 0.8729
Run: 05, Epoch: 40, Loss: 0.0005, lr: 0.000700, Train: 0.9866, Valid: 0.9214, Test: 0.8718
Run: 05, Epoch: 41, Loss: 0.0005, lr: 0.000700, Train: 0.9871, Valid: 0.9206, Test: 0.8776
Run: 05, Epoch: 42, Loss: 0.0005, lr: 0.000700, Train: 0.9877, Valid: 0.9195, Test: 0.8882
Run: 05, Epoch: 43, Loss: 0.0004, lr: 0.000700, Train: 0.9881, Valid: 0.9180, Test: 0.8986
Run: 05, Epoch: 44, Loss: 0.0004, lr: 0.000700, Train: 0.9881, Valid: 0.9174, Test: 0.9050
Run: 05, Epoch: 45, Loss: 0.0004, lr: 0.000490, Train: 0.9884, Valid: 0.9188, Test: 0.9061
Run: 05, Epoch: 46, Loss: 0.0004, lr: 0.000490, Train: 0.9886, Valid: 0.9208, Test: 0.9047
Run: 05, Epoch: 47, Loss: 0.0004, lr: 0.000490, Train: 0.9889, Valid: 0.9229, Test: 0.9025
Run: 05, Epoch: 48, Loss: 0.0004, lr: 0.000490, Train: 0.9893, Valid: 0.9245, Test: 0.9006
Run: 05, Epoch: 49, Loss: 0.0004, lr: 0.000490, Train: 0.9898, Valid: 0.9255, Test: 0.8999
Run: 05, Epoch: 50, Loss: 0.0004, lr: 0.000490, Train: 0.9903, Valid: 0.9257, Test: 0.9001
Run: 05, Epoch: 51, Loss: 0.0004, lr: 0.000490, Train: 0.9907, Valid: 0.9252, Test: 0.9006
Run: 05, Epoch: 52, Loss: 0.0004, lr: 0.000490, Train: 0.9909, Valid: 0.9246, Test: 0.9009
Run: 05, Epoch: 53, Loss: 0.0003, lr: 0.000490, Train: 0.9910, Valid: 0.9242, Test: 0.9007
Run: 05, Epoch: 54, Loss: 0.0003, lr: 0.000490, Train: 0.9911, Valid: 0.9243, Test: 0.9002
Run: 05, Epoch: 55, Loss: 0.0003, lr: 0.000490, Train: 0.9911, Valid: 0.9246, Test: 0.8995
Run: 05, Epoch: 56, Loss: 0.0003, lr: 0.000490, Train: 0.9912, Valid: 0.9249, Test: 0.8993
Run: 05, Epoch: 57, Loss: 0.0003, lr: 0.000343, Train: 0.9914, Valid: 0.9252, Test: 0.8997
Run: 05, Epoch: 58, Loss: 0.0003, lr: 0.000343, Train: 0.9916, Valid: 0.9254, Test: 0.9007
Run: 05, Epoch: 59, Loss: 0.0003, lr: 0.000343, Train: 0.9918, Valid: 0.9254, Test: 0.9017
Run: 05, Epoch: 60, Loss: 0.0003, lr: 0.000343, Train: 0.9920, Valid: 0.9257, Test: 0.9022
Run: 05, Epoch: 61, Loss: 0.0003, lr: 0.000343, Train: 0.9922, Valid: 0.9261, Test: 0.9019
Run: 05, Epoch: 62, Loss: 0.0003, lr: 0.000343, Train: 0.9924, Valid: 0.9265, Test: 0.9009
Run: 05, Epoch: 63, Loss: 0.0003, lr: 0.000343, Train: 0.9925, Valid: 0.9267, Test: 0.8993
Run: 05, Epoch: 64, Loss: 0.0003, lr: 0.000343, Train: 0.9926, Valid: 0.9267, Test: 0.8976
Run: 05, Epoch: 65, Loss: 0.0003, lr: 0.000343, Train: 0.9927, Valid: 0.9265, Test: 0.8961
Run: 05, Epoch: 66, Loss: 0.0003, lr: 0.000343, Train: 0.9929, Valid: 0.9262, Test: 0.8950
Run: 05, Epoch: 67, Loss: 0.0003, lr: 0.000343, Train: 0.9930, Valid: 0.9258, Test: 0.8946
Run: 05, Epoch: 68, Loss: 0.0003, lr: 0.000343, Train: 0.9932, Valid: 0.9254, Test: 0.8947
Run: 05, Epoch: 69, Loss: 0.0003, lr: 0.000343, Train: 0.9933, Valid: 0.9251, Test: 0.8951
Run: 05, Epoch: 70, Loss: 0.0003, lr: 0.000240, Train: 0.9934, Valid: 0.9252, Test: 0.8951
Run: 05, Epoch: 71, Loss: 0.0003, lr: 0.000240, Train: 0.9936, Valid: 0.9254, Test: 0.8950
Run: 05, Epoch: 72, Loss: 0.0003, lr: 0.000240, Train: 0.9937, Valid: 0.9257, Test: 0.8948
Run: 05, Epoch: 73, Loss: 0.0002, lr: 0.000240, Train: 0.9938, Valid: 0.9261, Test: 0.8946
Run: 05, Epoch: 74, Loss: 0.0002, lr: 0.000240, Train: 0.9938, Valid: 0.9267, Test: 0.8944
Run: 05, Epoch: 75, Loss: 0.0002, lr: 0.000240, Train: 0.9939, Valid: 0.9272, Test: 0.8942
Run: 05, Epoch: 76, Loss: 0.0002, lr: 0.000240, Train: 0.9940, Valid: 0.9277, Test: 0.8941
Run: 05, Epoch: 77, Loss: 0.0002, lr: 0.000240, Train: 0.9941, Valid: 0.9280, Test: 0.8940
Run: 05, Epoch: 78, Loss: 0.0002, lr: 0.000240, Train: 0.9942, Valid: 0.9282, Test: 0.8940
Run: 05, Epoch: 79, Loss: 0.0002, lr: 0.000240, Train: 0.9943, Valid: 0.9283, Test: 0.8941
Run: 05, Epoch: 80, Loss: 0.0002, lr: 0.000240, Train: 0.9944, Valid: 0.9285, Test: 0.8941
Run: 05, Epoch: 81, Loss: 0.0002, lr: 0.000240, Train: 0.9945, Valid: 0.9286, Test: 0.8940
Run: 05, Epoch: 82, Loss: 0.0002, lr: 0.000240, Train: 0.9946, Valid: 0.9288, Test: 0.8938
Run: 05, Epoch: 83, Loss: 0.0002, lr: 0.000240, Train: 0.9946, Valid: 0.9290, Test: 0.8935
Run: 05, Epoch: 84, Loss: 0.0002, lr: 0.000240, Train: 0.9947, Valid: 0.9292, Test: 0.8933
Run: 05, Epoch: 85, Loss: 0.0002, lr: 0.000240, Train: 0.9948, Valid: 0.9293, Test: 0.8930
Run: 05, Epoch: 86, Loss: 0.0002, lr: 0.000240, Train: 0.9948, Valid: 0.9294, Test: 0.8929
Run: 05, Epoch: 87, Loss: 0.0002, lr: 0.000240, Train: 0.9949, Valid: 0.9294, Test: 0.8929
Run: 05, Epoch: 88, Loss: 0.0002, lr: 0.000240, Train: 0.9950, Valid: 0.9293, Test: 0.8930
Run: 05, Epoch: 89, Loss: 0.0002, lr: 0.000240, Train: 0.9950, Valid: 0.9291, Test: 0.8931
Run: 05, Epoch: 90, Loss: 0.0002, lr: 0.000240, Train: 0.9951, Valid: 0.9291, Test: 0.8934
Run: 05, Epoch: 91, Loss: 0.0002, lr: 0.000240, Train: 0.9951, Valid: 0.9294, Test: 0.8938
Run: 05, Epoch: 92, Loss: 0.0002, lr: 0.000168, Train: 0.9952, Valid: 0.9297, Test: 0.8938
Run: 05, Epoch: 93, Loss: 0.0002, lr: 0.000168, Train: 0.9952, Valid: 0.9300, Test: 0.8938
Run: 05, Epoch: 94, Loss: 0.0002, lr: 0.000168, Train: 0.9953, Valid: 0.9302, Test: 0.8936
Run: 05, Epoch: 95, Loss: 0.0002, lr: 0.000168, Train: 0.9953, Valid: 0.9303, Test: 0.8934
Run: 05, Epoch: 96, Loss: 0.0002, lr: 0.000168, Train: 0.9954, Valid: 0.9302, Test: 0.8932
Run: 05, Epoch: 97, Loss: 0.0002, lr: 0.000168, Train: 0.9954, Valid: 0.9301, Test: 0.8932
Run: 05, Epoch: 98, Loss: 0.0002, lr: 0.000168, Train: 0.9955, Valid: 0.9300, Test: 0.8932
Run: 05, Epoch: 99, Loss: 0.0002, lr: 0.000168, Train: 0.9956, Valid: 0.9300, Test: 0.8932
Run: 05, Epoch: 100, Loss: 0.0002, lr: 0.000168, Train: 0.9956, Valid: 0.9300, Test: 0.8934
Run 05:
Highest Train: 1.00
Highest Valid: 0.93
  Final Train: 1.00
   Final Test: 0.89
Run: 06, Epoch: 01, Loss: 0.0425, lr: 0.001000, Train: -1.9184, Valid: -3.7095, Test: -2.5099
Run: 06, Epoch: 02, Loss: 0.0277, lr: 0.001000, Train: -0.6987, Valid: -1.7691, Test: -1.0968
Run: 06, Epoch: 03, Loss: 0.0122, lr: 0.001000, Train: 0.6274, Valid: 0.6110, Test: 0.5643
Run: 06, Epoch: 04, Loss: 0.0076, lr: 0.001000, Train: 0.3903, Valid: 0.1357, Test: 0.3009
Run: 06, Epoch: 05, Loss: 0.0080, lr: 0.001000, Train: 0.4321, Valid: 0.1787, Test: 0.2958
Run: 06, Epoch: 06, Loss: 0.0054, lr: 0.001000, Train: 0.6833, Valid: 0.5330, Test: 0.6734
Run: 06, Epoch: 07, Loss: 0.0034, lr: 0.001000, Train: 0.6703, Valid: 0.4831, Test: 0.6772
Run: 06, Epoch: 08, Loss: 0.0034, lr: 0.001000, Train: 0.6957, Valid: 0.5323, Test: 0.6977
Run: 06, Epoch: 09, Loss: 0.0033, lr: 0.001000, Train: 0.6782, Valid: 0.5257, Test: 0.6272
Run: 06, Epoch: 10, Loss: 0.0029, lr: 0.000700, Train: 0.5703, Valid: 0.3790, Test: 0.4287
Run: 06, Epoch: 11, Loss: 0.0026, lr: 0.000700, Train: 0.4611, Valid: 0.2334, Test: 0.2628
Run: 06, Epoch: 12, Loss: 0.0023, lr: 0.000700, Train: 0.4664, Valid: 0.2551, Test: 0.2708
Run: 06, Epoch: 13, Loss: 0.0022, lr: 0.000700, Train: 0.5974, Valid: 0.4580, Test: 0.4370
Run: 06, Epoch: 14, Loss: 0.0020, lr: 0.000700, Train: 0.7735, Valid: 0.7112, Test: 0.6506
Run: 06, Epoch: 15, Loss: 0.0018, lr: 0.000700, Train: 0.8926, Valid: 0.8731, Test: 0.7919
Run: 06, Epoch: 16, Loss: 0.0017, lr: 0.000700, Train: 0.9317, Valid: 0.9278, Test: 0.8442
Run: 06, Epoch: 17, Loss: 0.0016, lr: 0.000700, Train: 0.9329, Valid: 0.9266, Test: 0.8554
Run: 06, Epoch: 18, Loss: 0.0016, lr: 0.000700, Train: 0.9321, Valid: 0.9186, Test: 0.8628
Run: 06, Epoch: 19, Loss: 0.0015, lr: 0.000700, Train: 0.9399, Valid: 0.9193, Test: 0.8756
Run: 06, Epoch: 20, Loss: 0.0014, lr: 0.000700, Train: 0.9503, Valid: 0.9219, Test: 0.8886
Run: 06, Epoch: 21, Loss: 0.0013, lr: 0.000700, Train: 0.9561, Valid: 0.9230, Test: 0.8931
Run: 06, Epoch: 22, Loss: 0.0012, lr: 0.000700, Train: 0.9566, Valid: 0.9220, Test: 0.8917
Run: 06, Epoch: 23, Loss: 0.0011, lr: 0.000490, Train: 0.9575, Valid: 0.9221, Test: 0.8931
Run: 06, Epoch: 24, Loss: 0.0011, lr: 0.000490, Train: 0.9592, Valid: 0.9237, Test: 0.8981
Run: 06, Epoch: 25, Loss: 0.0011, lr: 0.000490, Train: 0.9617, Valid: 0.9251, Test: 0.9060
Run: 06, Epoch: 26, Loss: 0.0010, lr: 0.000490, Train: 0.9637, Valid: 0.9257, Test: 0.9147
Run: 06, Epoch: 27, Loss: 0.0010, lr: 0.000490, Train: 0.9650, Valid: 0.9267, Test: 0.9223
Run: 06, Epoch: 28, Loss: 0.0010, lr: 0.000490, Train: 0.9661, Valid: 0.9293, Test: 0.9279
Run: 06, Epoch: 29, Loss: 0.0010, lr: 0.000490, Train: 0.9676, Valid: 0.9324, Test: 0.9317
Run: 06, Epoch: 30, Loss: 0.0010, lr: 0.000490, Train: 0.9695, Valid: 0.9360, Test: 0.9335
Run: 06, Epoch: 31, Loss: 0.0009, lr: 0.000490, Train: 0.9713, Valid: 0.9398, Test: 0.9336
Run: 06, Epoch: 32, Loss: 0.0009, lr: 0.000490, Train: 0.9731, Valid: 0.9429, Test: 0.9328
Run: 06, Epoch: 33, Loss: 0.0009, lr: 0.000490, Train: 0.9746, Valid: 0.9454, Test: 0.9320
Run: 06, Epoch: 34, Loss: 0.0008, lr: 0.000490, Train: 0.9761, Valid: 0.9480, Test: 0.9322
Run: 06, Epoch: 35, Loss: 0.0008, lr: 0.000490, Train: 0.9777, Valid: 0.9502, Test: 0.9336
Run: 06, Epoch: 36, Loss: 0.0008, lr: 0.000490, Train: 0.9791, Valid: 0.9522, Test: 0.9360
Run: 06, Epoch: 37, Loss: 0.0008, lr: 0.000490, Train: 0.9803, Valid: 0.9536, Test: 0.9388
Run: 06, Epoch: 38, Loss: 0.0007, lr: 0.000490, Train: 0.9813, Valid: 0.9544, Test: 0.9415
Run: 06, Epoch: 39, Loss: 0.0007, lr: 0.000490, Train: 0.9822, Valid: 0.9552, Test: 0.9436
Run: 06, Epoch: 40, Loss: 0.0007, lr: 0.000490, Train: 0.9829, Valid: 0.9560, Test: 0.9449
Run: 06, Epoch: 41, Loss: 0.0007, lr: 0.000490, Train: 0.9836, Valid: 0.9568, Test: 0.9454
Run: 06, Epoch: 42, Loss: 0.0007, lr: 0.000490, Train: 0.9840, Valid: 0.9576, Test: 0.9457
Run: 06, Epoch: 43, Loss: 0.0006, lr: 0.000490, Train: 0.9843, Valid: 0.9582, Test: 0.9458
Run: 06, Epoch: 44, Loss: 0.0006, lr: 0.000490, Train: 0.9847, Valid: 0.9587, Test: 0.9461
Run: 06, Epoch: 45, Loss: 0.0006, lr: 0.000490, Train: 0.9850, Valid: 0.9590, Test: 0.9467
Run: 06, Epoch: 46, Loss: 0.0006, lr: 0.000490, Train: 0.9853, Valid: 0.9592, Test: 0.9474
Run: 06, Epoch: 47, Loss: 0.0006, lr: 0.000490, Train: 0.9855, Valid: 0.9593, Test: 0.9479
Run: 06, Epoch: 48, Loss: 0.0006, lr: 0.000490, Train: 0.9857, Valid: 0.9595, Test: 0.9481
Run: 06, Epoch: 49, Loss: 0.0005, lr: 0.000490, Train: 0.9859, Valid: 0.9597, Test: 0.9480
Run: 06, Epoch: 50, Loss: 0.0005, lr: 0.000490, Train: 0.9861, Valid: 0.9599, Test: 0.9475
Run: 06, Epoch: 51, Loss: 0.0005, lr: 0.000490, Train: 0.9865, Valid: 0.9603, Test: 0.9472
Run: 06, Epoch: 52, Loss: 0.0005, lr: 0.000490, Train: 0.9869, Valid: 0.9607, Test: 0.9471
Run: 06, Epoch: 53, Loss: 0.0005, lr: 0.000490, Train: 0.9873, Valid: 0.9608, Test: 0.9474
Run: 06, Epoch: 54, Loss: 0.0005, lr: 0.000490, Train: 0.9876, Valid: 0.9607, Test: 0.9482
Run: 06, Epoch: 55, Loss: 0.0005, lr: 0.000490, Train: 0.9878, Valid: 0.9605, Test: 0.9490
Run: 06, Epoch: 56, Loss: 0.0005, lr: 0.000490, Train: 0.9880, Valid: 0.9602, Test: 0.9499
Run: 06, Epoch: 57, Loss: 0.0005, lr: 0.000490, Train: 0.9880, Valid: 0.9600, Test: 0.9505
Run: 06, Epoch: 58, Loss: 0.0004, lr: 0.000490, Train: 0.9881, Valid: 0.9600, Test: 0.9505
Run: 06, Epoch: 59, Loss: 0.0004, lr: 0.000490, Train: 0.9882, Valid: 0.9604, Test: 0.9503
Run: 06, Epoch: 60, Loss: 0.0004, lr: 0.000343, Train: 0.9884, Valid: 0.9610, Test: 0.9501
Run: 06, Epoch: 61, Loss: 0.0004, lr: 0.000343, Train: 0.9888, Valid: 0.9615, Test: 0.9498
Run: 06, Epoch: 62, Loss: 0.0004, lr: 0.000343, Train: 0.9891, Valid: 0.9620, Test: 0.9495
Run: 06, Epoch: 63, Loss: 0.0004, lr: 0.000343, Train: 0.9894, Valid: 0.9623, Test: 0.9494
Run: 06, Epoch: 64, Loss: 0.0004, lr: 0.000343, Train: 0.9897, Valid: 0.9627, Test: 0.9495
Run: 06, Epoch: 65, Loss: 0.0004, lr: 0.000343, Train: 0.9899, Valid: 0.9633, Test: 0.9497
Run: 06, Epoch: 66, Loss: 0.0004, lr: 0.000343, Train: 0.9901, Valid: 0.9638, Test: 0.9499
Run: 06, Epoch: 67, Loss: 0.0004, lr: 0.000343, Train: 0.9903, Valid: 0.9644, Test: 0.9501
Run: 06, Epoch: 68, Loss: 0.0004, lr: 0.000343, Train: 0.9905, Valid: 0.9648, Test: 0.9501
Run: 06, Epoch: 69, Loss: 0.0004, lr: 0.000343, Train: 0.9907, Valid: 0.9651, Test: 0.9499
Run: 06, Epoch: 70, Loss: 0.0004, lr: 0.000343, Train: 0.9908, Valid: 0.9653, Test: 0.9499
Run: 06, Epoch: 71, Loss: 0.0004, lr: 0.000343, Train: 0.9909, Valid: 0.9653, Test: 0.9501
Run: 06, Epoch: 72, Loss: 0.0003, lr: 0.000343, Train: 0.9910, Valid: 0.9652, Test: 0.9504
Run: 06, Epoch: 73, Loss: 0.0003, lr: 0.000343, Train: 0.9910, Valid: 0.9651, Test: 0.9507
Run: 06, Epoch: 74, Loss: 0.0003, lr: 0.000343, Train: 0.9911, Valid: 0.9648, Test: 0.9507
Run: 06, Epoch: 75, Loss: 0.0003, lr: 0.000343, Train: 0.9912, Valid: 0.9646, Test: 0.9506
Run: 06, Epoch: 76, Loss: 0.0003, lr: 0.000343, Train: 0.9914, Valid: 0.9644, Test: 0.9502
Run: 06, Epoch: 77, Loss: 0.0003, lr: 0.000240, Train: 0.9916, Valid: 0.9646, Test: 0.9499
Run: 06, Epoch: 78, Loss: 0.0003, lr: 0.000240, Train: 0.9918, Valid: 0.9648, Test: 0.9497
Run: 06, Epoch: 79, Loss: 0.0003, lr: 0.000240, Train: 0.9919, Valid: 0.9651, Test: 0.9496
Run: 06, Epoch: 80, Loss: 0.0003, lr: 0.000240, Train: 0.9921, Valid: 0.9652, Test: 0.9495
Run: 06, Epoch: 81, Loss: 0.0003, lr: 0.000240, Train: 0.9922, Valid: 0.9653, Test: 0.9494
Run: 06, Epoch: 82, Loss: 0.0003, lr: 0.000240, Train: 0.9923, Valid: 0.9653, Test: 0.9493
Run: 06, Epoch: 83, Loss: 0.0003, lr: 0.000168, Train: 0.9924, Valid: 0.9654, Test: 0.9492
Run: 06, Epoch: 84, Loss: 0.0003, lr: 0.000168, Train: 0.9925, Valid: 0.9656, Test: 0.9493
Run: 06, Epoch: 85, Loss: 0.0003, lr: 0.000168, Train: 0.9926, Valid: 0.9657, Test: 0.9493
Run: 06, Epoch: 86, Loss: 0.0003, lr: 0.000168, Train: 0.9927, Valid: 0.9659, Test: 0.9494
Run: 06, Epoch: 87, Loss: 0.0003, lr: 0.000168, Train: 0.9928, Valid: 0.9660, Test: 0.9493
Run: 06, Epoch: 88, Loss: 0.0003, lr: 0.000168, Train: 0.9929, Valid: 0.9661, Test: 0.9491
Run: 06, Epoch: 89, Loss: 0.0003, lr: 0.000168, Train: 0.9930, Valid: 0.9663, Test: 0.9490
Run: 06, Epoch: 90, Loss: 0.0003, lr: 0.000168, Train: 0.9930, Valid: 0.9663, Test: 0.9489
Run: 06, Epoch: 91, Loss: 0.0003, lr: 0.000168, Train: 0.9931, Valid: 0.9663, Test: 0.9489
Run: 06, Epoch: 92, Loss: 0.0003, lr: 0.000168, Train: 0.9931, Valid: 0.9664, Test: 0.9490
Run: 06, Epoch: 93, Loss: 0.0003, lr: 0.000168, Train: 0.9932, Valid: 0.9665, Test: 0.9490
Run: 06, Epoch: 94, Loss: 0.0003, lr: 0.000168, Train: 0.9933, Valid: 0.9667, Test: 0.9489
Run: 06, Epoch: 95, Loss: 0.0003, lr: 0.000168, Train: 0.9934, Valid: 0.9668, Test: 0.9489
Run: 06, Epoch: 96, Loss: 0.0003, lr: 0.000168, Train: 0.9934, Valid: 0.9669, Test: 0.9490
Run: 06, Epoch: 97, Loss: 0.0003, lr: 0.000168, Train: 0.9935, Valid: 0.9670, Test: 0.9490
Run: 06, Epoch: 98, Loss: 0.0003, lr: 0.000168, Train: 0.9935, Valid: 0.9670, Test: 0.9490
Run: 06, Epoch: 99, Loss: 0.0003, lr: 0.000168, Train: 0.9935, Valid: 0.9671, Test: 0.9490
Run: 06, Epoch: 100, Loss: 0.0003, lr: 0.000168, Train: 0.9936, Valid: 0.9672, Test: 0.9490
Run 06:
Highest Train: 0.99
Highest Valid: 0.97
  Final Train: 0.99
   Final Test: 0.95
Run: 07, Epoch: 01, Loss: 0.0517, lr: 0.001000, Train: 0.4940, Valid: 0.5170, Test: 0.5725
Run: 07, Epoch: 02, Loss: 0.0151, lr: 0.001000, Train: 0.4733, Valid: 0.4177, Test: 0.4860
Run: 07, Epoch: 03, Loss: 0.0088, lr: 0.001000, Train: 0.7351, Valid: 0.7683, Test: 0.7067
Run: 07, Epoch: 04, Loss: 0.0071, lr: 0.001000, Train: 0.7648, Valid: 0.8348, Test: 0.8727
Run: 07, Epoch: 05, Loss: 0.0050, lr: 0.001000, Train: 0.5590, Valid: 0.5676, Test: 0.7763
Run: 07, Epoch: 06, Loss: 0.0035, lr: 0.001000, Train: 0.7268, Valid: 0.6863, Test: 0.8552
Run: 07, Epoch: 07, Loss: 0.0028, lr: 0.001000, Train: 0.8890, Valid: 0.8548, Test: 0.8910
Run: 07, Epoch: 08, Loss: 0.0025, lr: 0.001000, Train: 0.6213, Valid: 0.6054, Test: 0.7085
Run: 07, Epoch: 09, Loss: 0.0027, lr: 0.001000, Train: 0.6541, Valid: 0.6206, Test: 0.7454
Run: 07, Epoch: 10, Loss: 0.0024, lr: 0.001000, Train: 0.8598, Valid: 0.8671, Test: 0.8802
Run: 07, Epoch: 11, Loss: 0.0022, lr: 0.001000, Train: 0.9049, Valid: 0.9490, Test: 0.9213
Run: 07, Epoch: 12, Loss: 0.0022, lr: 0.001000, Train: 0.8836, Valid: 0.9455, Test: 0.9100
Run: 07, Epoch: 13, Loss: 0.0020, lr: 0.001000, Train: 0.8764, Valid: 0.9438, Test: 0.8994
Run: 07, Epoch: 14, Loss: 0.0018, lr: 0.001000, Train: 0.8832, Valid: 0.9463, Test: 0.8972
Run: 07, Epoch: 15, Loss: 0.0018, lr: 0.001000, Train: 0.8988, Valid: 0.9487, Test: 0.9055
Run: 07, Epoch: 16, Loss: 0.0017, lr: 0.001000, Train: 0.9194, Valid: 0.9506, Test: 0.9204
Run: 07, Epoch: 17, Loss: 0.0014, lr: 0.001000, Train: 0.9368, Valid: 0.9558, Test: 0.9319
Run: 07, Epoch: 18, Loss: 0.0013, lr: 0.001000, Train: 0.9434, Valid: 0.9610, Test: 0.9353
Run: 07, Epoch: 19, Loss: 0.0012, lr: 0.001000, Train: 0.9348, Valid: 0.9562, Test: 0.9301
Run: 07, Epoch: 20, Loss: 0.0011, lr: 0.001000, Train: 0.9218, Valid: 0.9426, Test: 0.9234
Run: 07, Epoch: 21, Loss: 0.0010, lr: 0.001000, Train: 0.9243, Valid: 0.9402, Test: 0.9264
Run: 07, Epoch: 22, Loss: 0.0010, lr: 0.001000, Train: 0.9440, Valid: 0.9503, Test: 0.9406
Run: 07, Epoch: 23, Loss: 0.0009, lr: 0.001000, Train: 0.9603, Valid: 0.9508, Test: 0.9538
Run: 07, Epoch: 24, Loss: 0.0009, lr: 0.001000, Train: 0.9643, Valid: 0.9421, Test: 0.9589
Run: 07, Epoch: 25, Loss: 0.0009, lr: 0.000700, Train: 0.9658, Valid: 0.9425, Test: 0.9592
Run: 07, Epoch: 26, Loss: 0.0009, lr: 0.000700, Train: 0.9676, Valid: 0.9497, Test: 0.9568
Run: 07, Epoch: 27, Loss: 0.0008, lr: 0.000700, Train: 0.9672, Valid: 0.9577, Test: 0.9518
Run: 07, Epoch: 28, Loss: 0.0008, lr: 0.000700, Train: 0.9644, Valid: 0.9606, Test: 0.9461
Run: 07, Epoch: 29, Loss: 0.0008, lr: 0.000700, Train: 0.9617, Valid: 0.9592, Test: 0.9419
Run: 07, Epoch: 30, Loss: 0.0007, lr: 0.000700, Train: 0.9621, Valid: 0.9579, Test: 0.9415
Run: 07, Epoch: 31, Loss: 0.0007, lr: 0.000490, Train: 0.9656, Valid: 0.9588, Test: 0.9447
Run: 07, Epoch: 32, Loss: 0.0007, lr: 0.000490, Train: 0.9697, Valid: 0.9605, Test: 0.9487
Run: 07, Epoch: 33, Loss: 0.0006, lr: 0.000490, Train: 0.9732, Valid: 0.9621, Test: 0.9519
Run: 07, Epoch: 34, Loss: 0.0006, lr: 0.000490, Train: 0.9756, Valid: 0.9630, Test: 0.9539
Run: 07, Epoch: 35, Loss: 0.0006, lr: 0.000490, Train: 0.9771, Valid: 0.9634, Test: 0.9549
Run: 07, Epoch: 36, Loss: 0.0006, lr: 0.000490, Train: 0.9780, Valid: 0.9637, Test: 0.9552
Run: 07, Epoch: 37, Loss: 0.0006, lr: 0.000490, Train: 0.9787, Valid: 0.9640, Test: 0.9553
Run: 07, Epoch: 38, Loss: 0.0005, lr: 0.000490, Train: 0.9796, Valid: 0.9644, Test: 0.9555
Run: 07, Epoch: 39, Loss: 0.0005, lr: 0.000490, Train: 0.9809, Valid: 0.9647, Test: 0.9561
Run: 07, Epoch: 40, Loss: 0.0005, lr: 0.000490, Train: 0.9824, Valid: 0.9647, Test: 0.9570
Run: 07, Epoch: 41, Loss: 0.0005, lr: 0.000490, Train: 0.9838, Valid: 0.9643, Test: 0.9581
Run: 07, Epoch: 42, Loss: 0.0005, lr: 0.000490, Train: 0.9847, Valid: 0.9635, Test: 0.9593
Run: 07, Epoch: 43, Loss: 0.0005, lr: 0.000490, Train: 0.9854, Valid: 0.9627, Test: 0.9602
Run: 07, Epoch: 44, Loss: 0.0005, lr: 0.000490, Train: 0.9857, Valid: 0.9624, Test: 0.9608
Run: 07, Epoch: 45, Loss: 0.0005, lr: 0.000490, Train: 0.9857, Valid: 0.9627, Test: 0.9611
Run: 07, Epoch: 46, Loss: 0.0004, lr: 0.000343, Train: 0.9858, Valid: 0.9633, Test: 0.9612
Run: 07, Epoch: 47, Loss: 0.0004, lr: 0.000343, Train: 0.9860, Valid: 0.9640, Test: 0.9614
Run: 07, Epoch: 48, Loss: 0.0004, lr: 0.000343, Train: 0.9861, Valid: 0.9648, Test: 0.9615
Run: 07, Epoch: 49, Loss: 0.0004, lr: 0.000343, Train: 0.9863, Valid: 0.9656, Test: 0.9617
Run: 07, Epoch: 50, Loss: 0.0004, lr: 0.000343, Train: 0.9866, Valid: 0.9661, Test: 0.9618
Run: 07, Epoch: 51, Loss: 0.0004, lr: 0.000343, Train: 0.9869, Valid: 0.9661, Test: 0.9619
Run: 07, Epoch: 52, Loss: 0.0004, lr: 0.000343, Train: 0.9872, Valid: 0.9658, Test: 0.9620
Run: 07, Epoch: 53, Loss: 0.0004, lr: 0.000343, Train: 0.9875, Valid: 0.9653, Test: 0.9621
Run: 07, Epoch: 54, Loss: 0.0004, lr: 0.000343, Train: 0.9876, Valid: 0.9646, Test: 0.9621
Run: 07, Epoch: 55, Loss: 0.0004, lr: 0.000343, Train: 0.9877, Valid: 0.9640, Test: 0.9621
Run: 07, Epoch: 56, Loss: 0.0004, lr: 0.000343, Train: 0.9876, Valid: 0.9637, Test: 0.9621
Run: 07, Epoch: 57, Loss: 0.0003, lr: 0.000240, Train: 0.9879, Valid: 0.9636, Test: 0.9622
Run: 07, Epoch: 58, Loss: 0.0003, lr: 0.000240, Train: 0.9881, Valid: 0.9638, Test: 0.9623
Run: 07, Epoch: 59, Loss: 0.0003, lr: 0.000240, Train: 0.9884, Valid: 0.9641, Test: 0.9624
Run: 07, Epoch: 60, Loss: 0.0003, lr: 0.000240, Train: 0.9886, Valid: 0.9645, Test: 0.9626
Run: 07, Epoch: 61, Loss: 0.0003, lr: 0.000240, Train: 0.9889, Valid: 0.9649, Test: 0.9626
Run: 07, Epoch: 62, Loss: 0.0003, lr: 0.000240, Train: 0.9890, Valid: 0.9652, Test: 0.9627
Run: 07, Epoch: 63, Loss: 0.0003, lr: 0.000168, Train: 0.9892, Valid: 0.9654, Test: 0.9627
Run: 07, Epoch: 64, Loss: 0.0003, lr: 0.000168, Train: 0.9895, Valid: 0.9656, Test: 0.9628
Run: 07, Epoch: 65, Loss: 0.0003, lr: 0.000168, Train: 0.9897, Valid: 0.9656, Test: 0.9629
Run: 07, Epoch: 66, Loss: 0.0003, lr: 0.000168, Train: 0.9899, Valid: 0.9657, Test: 0.9630
Run: 07, Epoch: 67, Loss: 0.0003, lr: 0.000168, Train: 0.9902, Valid: 0.9657, Test: 0.9631
Run: 07, Epoch: 68, Loss: 0.0003, lr: 0.000168, Train: 0.9904, Valid: 0.9656, Test: 0.9633
Run: 07, Epoch: 69, Loss: 0.0003, lr: 0.000118, Train: 0.9907, Valid: 0.9656, Test: 0.9634
Run: 07, Epoch: 70, Loss: 0.0003, lr: 0.000118, Train: 0.9910, Valid: 0.9655, Test: 0.9635
Run: 07, Epoch: 71, Loss: 0.0003, lr: 0.000118, Train: 0.9912, Valid: 0.9653, Test: 0.9635
Run: 07, Epoch: 72, Loss: 0.0003, lr: 0.000118, Train: 0.9913, Valid: 0.9652, Test: 0.9636
Run: 07, Epoch: 73, Loss: 0.0003, lr: 0.000118, Train: 0.9915, Valid: 0.9651, Test: 0.9637
Run: 07, Epoch: 74, Loss: 0.0003, lr: 0.000118, Train: 0.9916, Valid: 0.9651, Test: 0.9637
Run: 07, Epoch: 75, Loss: 0.0003, lr: 0.000082, Train: 0.9918, Valid: 0.9650, Test: 0.9638
Run: 07, Epoch: 76, Loss: 0.0003, lr: 0.000082, Train: 0.9919, Valid: 0.9650, Test: 0.9638
Run: 07, Epoch: 77, Loss: 0.0003, lr: 0.000082, Train: 0.9920, Valid: 0.9650, Test: 0.9638
Run: 07, Epoch: 78, Loss: 0.0003, lr: 0.000082, Train: 0.9921, Valid: 0.9649, Test: 0.9638
Run: 07, Epoch: 79, Loss: 0.0003, lr: 0.000082, Train: 0.9922, Valid: 0.9649, Test: 0.9638
Run: 07, Epoch: 80, Loss: 0.0003, lr: 0.000082, Train: 0.9923, Valid: 0.9649, Test: 0.9639
Run: 07, Epoch: 81, Loss: 0.0003, lr: 0.000058, Train: 0.9924, Valid: 0.9649, Test: 0.9639
Run: 07, Epoch: 82, Loss: 0.0003, lr: 0.000058, Train: 0.9925, Valid: 0.9648, Test: 0.9639
Run: 07, Epoch: 83, Loss: 0.0003, lr: 0.000058, Train: 0.9926, Valid: 0.9647, Test: 0.9639
Run: 07, Epoch: 84, Loss: 0.0003, lr: 0.000058, Train: 0.9926, Valid: 0.9647, Test: 0.9639
Run: 07, Epoch: 85, Loss: 0.0003, lr: 0.000058, Train: 0.9927, Valid: 0.9646, Test: 0.9639
Run: 07, Epoch: 86, Loss: 0.0003, lr: 0.000058, Train: 0.9928, Valid: 0.9646, Test: 0.9639
Run: 07, Epoch: 87, Loss: 0.0003, lr: 0.000040, Train: 0.9928, Valid: 0.9645, Test: 0.9639
Run: 07, Epoch: 88, Loss: 0.0003, lr: 0.000040, Train: 0.9929, Valid: 0.9644, Test: 0.9639
Run: 07, Epoch: 89, Loss: 0.0003, lr: 0.000040, Train: 0.9929, Valid: 0.9644, Test: 0.9639
Run: 07, Epoch: 90, Loss: 0.0003, lr: 0.000040, Train: 0.9930, Valid: 0.9643, Test: 0.9639
Run: 07, Epoch: 91, Loss: 0.0003, lr: 0.000040, Train: 0.9930, Valid: 0.9642, Test: 0.9639
Run: 07, Epoch: 92, Loss: 0.0003, lr: 0.000040, Train: 0.9931, Valid: 0.9642, Test: 0.9639
Run: 07, Epoch: 93, Loss: 0.0003, lr: 0.000028, Train: 0.9931, Valid: 0.9641, Test: 0.9639
Run: 07, Epoch: 94, Loss: 0.0003, lr: 0.000028, Train: 0.9932, Valid: 0.9641, Test: 0.9639
Run: 07, Epoch: 95, Loss: 0.0003, lr: 0.000028, Train: 0.9932, Valid: 0.9640, Test: 0.9639
Run: 07, Epoch: 96, Loss: 0.0003, lr: 0.000028, Train: 0.9932, Valid: 0.9640, Test: 0.9639
Run: 07, Epoch: 97, Loss: 0.0003, lr: 0.000028, Train: 0.9933, Valid: 0.9640, Test: 0.9639
Run: 07, Epoch: 98, Loss: 0.0003, lr: 0.000028, Train: 0.9933, Valid: 0.9639, Test: 0.9639
Run: 07, Epoch: 99, Loss: 0.0003, lr: 0.000020, Train: 0.9933, Valid: 0.9639, Test: 0.9639
Run: 07, Epoch: 100, Loss: 0.0003, lr: 0.000020, Train: 0.9933, Valid: 0.9639, Test: 0.9639
Run 07:
Highest Train: 0.99
Highest Valid: 0.97
  Final Train: 0.99
   Final Test: 0.96
Run: 08, Epoch: 01, Loss: 0.0357, lr: 0.001000, Train: -0.0314, Valid: 0.0736, Test: -0.1230
Run: 08, Epoch: 02, Loss: 0.0116, lr: 0.001000, Train: 0.7613, Valid: 0.8509, Test: 0.6794
Run: 08, Epoch: 03, Loss: 0.0071, lr: 0.001000, Train: 0.8272, Valid: 0.9054, Test: 0.8084
Run: 08, Epoch: 04, Loss: 0.0043, lr: 0.001000, Train: 0.7499, Valid: 0.8822, Test: 0.7363
Run: 08, Epoch: 05, Loss: 0.0035, lr: 0.001000, Train: 0.7406, Valid: 0.8818, Test: 0.6980
Run: 08, Epoch: 06, Loss: 0.0028, lr: 0.001000, Train: 0.8471, Valid: 0.9216, Test: 0.8183
Run: 08, Epoch: 07, Loss: 0.0021, lr: 0.001000, Train: 0.9330, Valid: 0.9570, Test: 0.9085
Run: 08, Epoch: 08, Loss: 0.0020, lr: 0.001000, Train: 0.9429, Valid: 0.9637, Test: 0.8826
Run: 08, Epoch: 09, Loss: 0.0020, lr: 0.001000, Train: 0.9418, Valid: 0.9637, Test: 0.8765
Run: 08, Epoch: 10, Loss: 0.0019, lr: 0.001000, Train: 0.9272, Valid: 0.9465, Test: 0.8789
Run: 08, Epoch: 11, Loss: 0.0017, lr: 0.001000, Train: 0.9010, Valid: 0.9211, Test: 0.8713
Run: 08, Epoch: 12, Loss: 0.0016, lr: 0.001000, Train: 0.8819, Valid: 0.9035, Test: 0.8636
Run: 08, Epoch: 13, Loss: 0.0015, lr: 0.001000, Train: 0.8859, Valid: 0.9058, Test: 0.8665
Run: 08, Epoch: 14, Loss: 0.0014, lr: 0.001000, Train: 0.9026, Valid: 0.9207, Test: 0.8730
Run: 08, Epoch: 15, Loss: 0.0012, lr: 0.000700, Train: 0.9175, Valid: 0.9345, Test: 0.8783
Run: 08, Epoch: 16, Loss: 0.0011, lr: 0.000700, Train: 0.9282, Valid: 0.9456, Test: 0.8795
Run: 08, Epoch: 17, Loss: 0.0010, lr: 0.000700, Train: 0.9351, Valid: 0.9531, Test: 0.8818
Run: 08, Epoch: 18, Loss: 0.0010, lr: 0.000700, Train: 0.9408, Valid: 0.9577, Test: 0.8884
Run: 08, Epoch: 19, Loss: 0.0009, lr: 0.000700, Train: 0.9457, Valid: 0.9601, Test: 0.8971
Run: 08, Epoch: 20, Loss: 0.0009, lr: 0.000700, Train: 0.9495, Valid: 0.9618, Test: 0.9053
Run: 08, Epoch: 21, Loss: 0.0008, lr: 0.000490, Train: 0.9539, Valid: 0.9648, Test: 0.9112
Run: 08, Epoch: 22, Loss: 0.0008, lr: 0.000490, Train: 0.9579, Valid: 0.9678, Test: 0.9157
Run: 08, Epoch: 23, Loss: 0.0008, lr: 0.000490, Train: 0.9620, Valid: 0.9712, Test: 0.9188
Run: 08, Epoch: 24, Loss: 0.0008, lr: 0.000490, Train: 0.9658, Valid: 0.9743, Test: 0.9214
Run: 08, Epoch: 25, Loss: 0.0007, lr: 0.000490, Train: 0.9690, Valid: 0.9768, Test: 0.9226
Run: 08, Epoch: 26, Loss: 0.0007, lr: 0.000490, Train: 0.9715, Valid: 0.9786, Test: 0.9229
Run: 08, Epoch: 27, Loss: 0.0007, lr: 0.000490, Train: 0.9732, Valid: 0.9796, Test: 0.9223
Run: 08, Epoch: 28, Loss: 0.0007, lr: 0.000490, Train: 0.9744, Valid: 0.9801, Test: 0.9215
Run: 08, Epoch: 29, Loss: 0.0006, lr: 0.000490, Train: 0.9757, Valid: 0.9803, Test: 0.9215
Run: 08, Epoch: 30, Loss: 0.0006, lr: 0.000490, Train: 0.9771, Valid: 0.9804, Test: 0.9228
Run: 08, Epoch: 31, Loss: 0.0006, lr: 0.000490, Train: 0.9788, Valid: 0.9805, Test: 0.9249
Run: 08, Epoch: 32, Loss: 0.0006, lr: 0.000490, Train: 0.9804, Valid: 0.9805, Test: 0.9272
Run: 08, Epoch: 33, Loss: 0.0005, lr: 0.000490, Train: 0.9817, Valid: 0.9805, Test: 0.9293
Run: 08, Epoch: 34, Loss: 0.0005, lr: 0.000490, Train: 0.9828, Valid: 0.9804, Test: 0.9308
Run: 08, Epoch: 35, Loss: 0.0005, lr: 0.000490, Train: 0.9835, Valid: 0.9803, Test: 0.9314
Run: 08, Epoch: 36, Loss: 0.0005, lr: 0.000490, Train: 0.9840, Valid: 0.9802, Test: 0.9312
Run: 08, Epoch: 37, Loss: 0.0005, lr: 0.000490, Train: 0.9843, Valid: 0.9801, Test: 0.9303
Run: 08, Epoch: 38, Loss: 0.0005, lr: 0.000490, Train: 0.9845, Valid: 0.9800, Test: 0.9289
Run: 08, Epoch: 39, Loss: 0.0004, lr: 0.000343, Train: 0.9848, Valid: 0.9799, Test: 0.9282
Run: 08, Epoch: 40, Loss: 0.0004, lr: 0.000343, Train: 0.9852, Valid: 0.9798, Test: 0.9279
Run: 08, Epoch: 41, Loss: 0.0004, lr: 0.000343, Train: 0.9856, Valid: 0.9797, Test: 0.9283
Run: 08, Epoch: 42, Loss: 0.0004, lr: 0.000343, Train: 0.9862, Valid: 0.9796, Test: 0.9293
Run: 08, Epoch: 43, Loss: 0.0004, lr: 0.000343, Train: 0.9868, Valid: 0.9796, Test: 0.9305
Run: 08, Epoch: 44, Loss: 0.0004, lr: 0.000343, Train: 0.9874, Valid: 0.9797, Test: 0.9319
Run: 08, Epoch: 45, Loss: 0.0004, lr: 0.000240, Train: 0.9880, Valid: 0.9797, Test: 0.9331
Run: 08, Epoch: 46, Loss: 0.0004, lr: 0.000240, Train: 0.9885, Valid: 0.9798, Test: 0.9343
Run: 08, Epoch: 47, Loss: 0.0004, lr: 0.000240, Train: 0.9889, Valid: 0.9798, Test: 0.9352
Run: 08, Epoch: 48, Loss: 0.0004, lr: 0.000240, Train: 0.9893, Valid: 0.9798, Test: 0.9360
Run: 08, Epoch: 49, Loss: 0.0003, lr: 0.000240, Train: 0.9896, Valid: 0.9798, Test: 0.9367
Run: 08, Epoch: 50, Loss: 0.0003, lr: 0.000240, Train: 0.9899, Valid: 0.9798, Test: 0.9373
Run: 08, Epoch: 51, Loss: 0.0003, lr: 0.000168, Train: 0.9901, Valid: 0.9797, Test: 0.9377
Run: 08, Epoch: 52, Loss: 0.0003, lr: 0.000168, Train: 0.9903, Valid: 0.9796, Test: 0.9380
Run: 08, Epoch: 53, Loss: 0.0003, lr: 0.000168, Train: 0.9905, Valid: 0.9795, Test: 0.9383
Run: 08, Epoch: 54, Loss: 0.0003, lr: 0.000168, Train: 0.9907, Valid: 0.9795, Test: 0.9385
Run: 08, Epoch: 55, Loss: 0.0003, lr: 0.000168, Train: 0.9908, Valid: 0.9794, Test: 0.9387
Run: 08, Epoch: 56, Loss: 0.0003, lr: 0.000168, Train: 0.9910, Valid: 0.9794, Test: 0.9388
Run: 08, Epoch: 57, Loss: 0.0003, lr: 0.000118, Train: 0.9911, Valid: 0.9793, Test: 0.9390
Run: 08, Epoch: 58, Loss: 0.0003, lr: 0.000118, Train: 0.9912, Valid: 0.9793, Test: 0.9391
Run: 08, Epoch: 59, Loss: 0.0003, lr: 0.000118, Train: 0.9914, Valid: 0.9793, Test: 0.9392
Run: 08, Epoch: 60, Loss: 0.0003, lr: 0.000118, Train: 0.9915, Valid: 0.9793, Test: 0.9392
Run: 08, Epoch: 61, Loss: 0.0003, lr: 0.000118, Train: 0.9916, Valid: 0.9792, Test: 0.9394
Run: 08, Epoch: 62, Loss: 0.0003, lr: 0.000118, Train: 0.9917, Valid: 0.9792, Test: 0.9395
Run: 08, Epoch: 63, Loss: 0.0003, lr: 0.000082, Train: 0.9918, Valid: 0.9792, Test: 0.9396
Run: 08, Epoch: 64, Loss: 0.0003, lr: 0.000082, Train: 0.9919, Valid: 0.9792, Test: 0.9397
Run: 08, Epoch: 65, Loss: 0.0003, lr: 0.000082, Train: 0.9921, Valid: 0.9791, Test: 0.9398
Run: 08, Epoch: 66, Loss: 0.0003, lr: 0.000082, Train: 0.9922, Valid: 0.9791, Test: 0.9398
Run: 08, Epoch: 67, Loss: 0.0003, lr: 0.000082, Train: 0.9923, Valid: 0.9790, Test: 0.9399
Run: 08, Epoch: 68, Loss: 0.0003, lr: 0.000082, Train: 0.9923, Valid: 0.9790, Test: 0.9399
Run: 08, Epoch: 69, Loss: 0.0003, lr: 0.000058, Train: 0.9924, Valid: 0.9790, Test: 0.9399
Run: 08, Epoch: 70, Loss: 0.0003, lr: 0.000058, Train: 0.9925, Valid: 0.9789, Test: 0.9400
Run: 08, Epoch: 71, Loss: 0.0003, lr: 0.000058, Train: 0.9926, Valid: 0.9789, Test: 0.9400
Run: 08, Epoch: 72, Loss: 0.0003, lr: 0.000058, Train: 0.9927, Valid: 0.9789, Test: 0.9400
Run: 08, Epoch: 73, Loss: 0.0003, lr: 0.000058, Train: 0.9927, Valid: 0.9788, Test: 0.9400
Run: 08, Epoch: 74, Loss: 0.0003, lr: 0.000058, Train: 0.9928, Valid: 0.9788, Test: 0.9401
Run: 08, Epoch: 75, Loss: 0.0003, lr: 0.000040, Train: 0.9929, Valid: 0.9788, Test: 0.9401
Run: 08, Epoch: 76, Loss: 0.0003, lr: 0.000040, Train: 0.9929, Valid: 0.9788, Test: 0.9401
Run: 08, Epoch: 77, Loss: 0.0003, lr: 0.000040, Train: 0.9930, Valid: 0.9788, Test: 0.9401
Run: 08, Epoch: 78, Loss: 0.0003, lr: 0.000040, Train: 0.9930, Valid: 0.9787, Test: 0.9401
Run: 08, Epoch: 79, Loss: 0.0003, lr: 0.000040, Train: 0.9931, Valid: 0.9787, Test: 0.9401
Run: 08, Epoch: 80, Loss: 0.0003, lr: 0.000040, Train: 0.9931, Valid: 0.9787, Test: 0.9401
Run: 08, Epoch: 81, Loss: 0.0003, lr: 0.000028, Train: 0.9931, Valid: 0.9787, Test: 0.9401
Run: 08, Epoch: 82, Loss: 0.0003, lr: 0.000028, Train: 0.9932, Valid: 0.9787, Test: 0.9401
Run: 08, Epoch: 83, Loss: 0.0003, lr: 0.000028, Train: 0.9932, Valid: 0.9787, Test: 0.9401
Run: 08, Epoch: 84, Loss: 0.0003, lr: 0.000028, Train: 0.9932, Valid: 0.9786, Test: 0.9402
Run: 08, Epoch: 85, Loss: 0.0003, lr: 0.000028, Train: 0.9933, Valid: 0.9786, Test: 0.9402
Run: 08, Epoch: 86, Loss: 0.0003, lr: 0.000028, Train: 0.9933, Valid: 0.9786, Test: 0.9402
Run: 08, Epoch: 87, Loss: 0.0003, lr: 0.000020, Train: 0.9933, Valid: 0.9786, Test: 0.9402
Run: 08, Epoch: 88, Loss: 0.0003, lr: 0.000020, Train: 0.9934, Valid: 0.9786, Test: 0.9402
Run: 08, Epoch: 89, Loss: 0.0003, lr: 0.000020, Train: 0.9934, Valid: 0.9786, Test: 0.9402
Run: 08, Epoch: 90, Loss: 0.0003, lr: 0.000020, Train: 0.9934, Valid: 0.9786, Test: 0.9402
Run: 08, Epoch: 91, Loss: 0.0003, lr: 0.000020, Train: 0.9934, Valid: 0.9786, Test: 0.9402
Run: 08, Epoch: 92, Loss: 0.0003, lr: 0.000020, Train: 0.9934, Valid: 0.9786, Test: 0.9402
Run: 08, Epoch: 93, Loss: 0.0003, lr: 0.000014, Train: 0.9935, Valid: 0.9786, Test: 0.9402
Run: 08, Epoch: 94, Loss: 0.0003, lr: 0.000014, Train: 0.9935, Valid: 0.9786, Test: 0.9402
Run: 08, Epoch: 95, Loss: 0.0003, lr: 0.000014, Train: 0.9935, Valid: 0.9786, Test: 0.9402
Run: 08, Epoch: 96, Loss: 0.0003, lr: 0.000014, Train: 0.9935, Valid: 0.9786, Test: 0.9402
Run: 08, Epoch: 97, Loss: 0.0003, lr: 0.000014, Train: 0.9935, Valid: 0.9786, Test: 0.9402
Run: 08, Epoch: 98, Loss: 0.0003, lr: 0.000014, Train: 0.9935, Valid: 0.9786, Test: 0.9402
Run: 08, Epoch: 99, Loss: 0.0003, lr: 0.000010, Train: 0.9936, Valid: 0.9786, Test: 0.9402
Run: 08, Epoch: 100, Loss: 0.0003, lr: 0.000010, Train: 0.9936, Valid: 0.9786, Test: 0.9402
Run 08:
Highest Train: 0.99
Highest Valid: 0.98
  Final Train: 0.98
   Final Test: 0.93
Run: 09, Epoch: 01, Loss: 0.0457, lr: 0.001000, Train: 0.4108, Valid: 0.6106, Test: 0.3707
Run: 09, Epoch: 02, Loss: 0.0093, lr: 0.001000, Train: 0.7130, Valid: 0.8162, Test: 0.6960
Run: 09, Epoch: 03, Loss: 0.0075, lr: 0.001000, Train: 0.7850, Valid: 0.8538, Test: 0.8079
Run: 09, Epoch: 04, Loss: 0.0055, lr: 0.001000, Train: 0.8252, Valid: 0.8676, Test: 0.8497
Run: 09, Epoch: 05, Loss: 0.0038, lr: 0.001000, Train: 0.8343, Valid: 0.8690, Test: 0.8567
Run: 09, Epoch: 06, Loss: 0.0034, lr: 0.001000, Train: 0.8150, Valid: 0.8804, Test: 0.8008
Run: 09, Epoch: 07, Loss: 0.0030, lr: 0.001000, Train: 0.5591, Valid: 0.6681, Test: 0.5215
Run: 09, Epoch: 08, Loss: 0.0023, lr: 0.001000, Train: 0.5472, Valid: 0.6367, Test: 0.5247
Run: 09, Epoch: 09, Loss: 0.0018, lr: 0.001000, Train: 0.6499, Valid: 0.7066, Test: 0.6404
Run: 09, Epoch: 10, Loss: 0.0019, lr: 0.001000, Train: 0.6810, Valid: 0.7210, Test: 0.6719
Run: 09, Epoch: 11, Loss: 0.0019, lr: 0.001000, Train: 0.6839, Valid: 0.7130, Test: 0.6625
Run: 09, Epoch: 12, Loss: 0.0017, lr: 0.001000, Train: 0.7261, Valid: 0.7446, Test: 0.6854
Run: 09, Epoch: 13, Loss: 0.0014, lr: 0.000700, Train: 0.8019, Valid: 0.8124, Test: 0.7521
Run: 09, Epoch: 14, Loss: 0.0013, lr: 0.000700, Train: 0.8606, Valid: 0.8707, Test: 0.8060
Run: 09, Epoch: 15, Loss: 0.0012, lr: 0.000700, Train: 0.8949, Valid: 0.9075, Test: 0.8404
Run: 09, Epoch: 16, Loss: 0.0012, lr: 0.000700, Train: 0.9146, Valid: 0.9258, Test: 0.8622
Run: 09, Epoch: 17, Loss: 0.0012, lr: 0.000700, Train: 0.9302, Valid: 0.9378, Test: 0.8842
Run: 09, Epoch: 18, Loss: 0.0011, lr: 0.000700, Train: 0.9452, Valid: 0.9471, Test: 0.9083
Run: 09, Epoch: 19, Loss: 0.0010, lr: 0.000700, Train: 0.9561, Valid: 0.9551, Test: 0.9290
Run: 09, Epoch: 20, Loss: 0.0010, lr: 0.000700, Train: 0.9616, Valid: 0.9590, Test: 0.9411
Run: 09, Epoch: 21, Loss: 0.0010, lr: 0.000700, Train: 0.9641, Valid: 0.9601, Test: 0.9447
Run: 09, Epoch: 22, Loss: 0.0009, lr: 0.000700, Train: 0.9653, Valid: 0.9601, Test: 0.9431
Run: 09, Epoch: 23, Loss: 0.0009, lr: 0.000700, Train: 0.9663, Valid: 0.9595, Test: 0.9392
Run: 09, Epoch: 24, Loss: 0.0008, lr: 0.000700, Train: 0.9683, Valid: 0.9596, Test: 0.9368
Run: 09, Epoch: 25, Loss: 0.0008, lr: 0.000700, Train: 0.9713, Valid: 0.9606, Test: 0.9377
Run: 09, Epoch: 26, Loss: 0.0008, lr: 0.000700, Train: 0.9735, Valid: 0.9611, Test: 0.9401
Run: 09, Epoch: 27, Loss: 0.0008, lr: 0.000700, Train: 0.9750, Valid: 0.9616, Test: 0.9427
Run: 09, Epoch: 28, Loss: 0.0007, lr: 0.000700, Train: 0.9760, Valid: 0.9615, Test: 0.9450
Run: 09, Epoch: 29, Loss: 0.0007, lr: 0.000700, Train: 0.9769, Valid: 0.9615, Test: 0.9473
Run: 09, Epoch: 30, Loss: 0.0006, lr: 0.000700, Train: 0.9780, Valid: 0.9620, Test: 0.9493
Run: 09, Epoch: 31, Loss: 0.0006, lr: 0.000700, Train: 0.9795, Valid: 0.9625, Test: 0.9505
Run: 09, Epoch: 32, Loss: 0.0006, lr: 0.000700, Train: 0.9807, Valid: 0.9628, Test: 0.9504
Run: 09, Epoch: 33, Loss: 0.0006, lr: 0.000700, Train: 0.9818, Valid: 0.9631, Test: 0.9490
Run: 09, Epoch: 34, Loss: 0.0006, lr: 0.000700, Train: 0.9829, Valid: 0.9636, Test: 0.9469
Run: 09, Epoch: 35, Loss: 0.0006, lr: 0.000700, Train: 0.9836, Valid: 0.9641, Test: 0.9456
Run: 09, Epoch: 36, Loss: 0.0005, lr: 0.000700, Train: 0.9838, Valid: 0.9642, Test: 0.9466
Run: 09, Epoch: 37, Loss: 0.0005, lr: 0.000700, Train: 0.9833, Valid: 0.9634, Test: 0.9492
Run: 09, Epoch: 38, Loss: 0.0005, lr: 0.000700, Train: 0.9824, Valid: 0.9622, Test: 0.9513
Run: 09, Epoch: 39, Loss: 0.0005, lr: 0.000700, Train: 0.9825, Valid: 0.9623, Test: 0.9524
Run: 09, Epoch: 40, Loss: 0.0005, lr: 0.000700, Train: 0.9834, Valid: 0.9636, Test: 0.9527
Run: 09, Epoch: 41, Loss: 0.0004, lr: 0.000700, Train: 0.9844, Valid: 0.9645, Test: 0.9527
Run: 09, Epoch: 42, Loss: 0.0004, lr: 0.000700, Train: 0.9849, Valid: 0.9644, Test: 0.9526
Run: 09, Epoch: 43, Loss: 0.0004, lr: 0.000700, Train: 0.9851, Valid: 0.9639, Test: 0.9521
Run: 09, Epoch: 44, Loss: 0.0004, lr: 0.000700, Train: 0.9858, Valid: 0.9643, Test: 0.9514
Run: 09, Epoch: 45, Loss: 0.0004, lr: 0.000700, Train: 0.9865, Valid: 0.9652, Test: 0.9507
Run: 09, Epoch: 46, Loss: 0.0004, lr: 0.000700, Train: 0.9867, Valid: 0.9654, Test: 0.9509
Run: 09, Epoch: 47, Loss: 0.0004, lr: 0.000700, Train: 0.9864, Valid: 0.9649, Test: 0.9518
Run: 09, Epoch: 48, Loss: 0.0004, lr: 0.000700, Train: 0.9862, Valid: 0.9645, Test: 0.9526
Run: 09, Epoch: 49, Loss: 0.0003, lr: 0.000700, Train: 0.9870, Valid: 0.9653, Test: 0.9525
Run: 09, Epoch: 50, Loss: 0.0003, lr: 0.000700, Train: 0.9882, Valid: 0.9663, Test: 0.9519
Run: 09, Epoch: 51, Loss: 0.0003, lr: 0.000700, Train: 0.9889, Valid: 0.9665, Test: 0.9518
Run: 09, Epoch: 52, Loss: 0.0003, lr: 0.000700, Train: 0.9890, Valid: 0.9662, Test: 0.9523
Run: 09, Epoch: 53, Loss: 0.0003, lr: 0.000700, Train: 0.9892, Valid: 0.9661, Test: 0.9527
Run: 09, Epoch: 54, Loss: 0.0003, lr: 0.000700, Train: 0.9894, Valid: 0.9663, Test: 0.9529
Run: 09, Epoch: 55, Loss: 0.0003, lr: 0.000700, Train: 0.9891, Valid: 0.9660, Test: 0.9533
Run: 09, Epoch: 56, Loss: 0.0003, lr: 0.000700, Train: 0.9887, Valid: 0.9655, Test: 0.9537
Run: 09, Epoch: 57, Loss: 0.0003, lr: 0.000700, Train: 0.9889, Valid: 0.9657, Test: 0.9534
Run: 09, Epoch: 58, Loss: 0.0003, lr: 0.000490, Train: 0.9897, Valid: 0.9663, Test: 0.9527
Run: 09, Epoch: 59, Loss: 0.0003, lr: 0.000490, Train: 0.9902, Valid: 0.9667, Test: 0.9522
Run: 09, Epoch: 60, Loss: 0.0002, lr: 0.000490, Train: 0.9904, Valid: 0.9669, Test: 0.9521
Run: 09, Epoch: 61, Loss: 0.0002, lr: 0.000490, Train: 0.9905, Valid: 0.9670, Test: 0.9523
Run: 09, Epoch: 62, Loss: 0.0002, lr: 0.000490, Train: 0.9909, Valid: 0.9674, Test: 0.9522
Run: 09, Epoch: 63, Loss: 0.0002, lr: 0.000490, Train: 0.9915, Valid: 0.9679, Test: 0.9521
Run: 09, Epoch: 64, Loss: 0.0002, lr: 0.000490, Train: 0.9918, Valid: 0.9681, Test: 0.9521
Run: 09, Epoch: 65, Loss: 0.0002, lr: 0.000490, Train: 0.9920, Valid: 0.9680, Test: 0.9523
Run: 09, Epoch: 66, Loss: 0.0002, lr: 0.000490, Train: 0.9923, Valid: 0.9680, Test: 0.9521
Run: 09, Epoch: 67, Loss: 0.0002, lr: 0.000490, Train: 0.9927, Valid: 0.9682, Test: 0.9515
Run: 09, Epoch: 68, Loss: 0.0002, lr: 0.000490, Train: 0.9930, Valid: 0.9683, Test: 0.9511
Run: 09, Epoch: 69, Loss: 0.0002, lr: 0.000490, Train: 0.9929, Valid: 0.9681, Test: 0.9511
Run: 09, Epoch: 70, Loss: 0.0002, lr: 0.000490, Train: 0.9929, Valid: 0.9679, Test: 0.9512
Run: 09, Epoch: 71, Loss: 0.0002, lr: 0.000490, Train: 0.9930, Valid: 0.9679, Test: 0.9509
Run: 09, Epoch: 72, Loss: 0.0002, lr: 0.000490, Train: 0.9932, Valid: 0.9679, Test: 0.9507
Run: 09, Epoch: 73, Loss: 0.0002, lr: 0.000490, Train: 0.9932, Valid: 0.9676, Test: 0.9510
Run: 09, Epoch: 74, Loss: 0.0002, lr: 0.000343, Train: 0.9933, Valid: 0.9675, Test: 0.9513
Run: 09, Epoch: 75, Loss: 0.0002, lr: 0.000343, Train: 0.9935, Valid: 0.9676, Test: 0.9515
Run: 09, Epoch: 76, Loss: 0.0002, lr: 0.000343, Train: 0.9938, Valid: 0.9677, Test: 0.9514
Run: 09, Epoch: 77, Loss: 0.0002, lr: 0.000343, Train: 0.9938, Valid: 0.9678, Test: 0.9514
Run: 09, Epoch: 78, Loss: 0.0002, lr: 0.000343, Train: 0.9939, Valid: 0.9678, Test: 0.9514
Run: 09, Epoch: 79, Loss: 0.0002, lr: 0.000343, Train: 0.9941, Valid: 0.9678, Test: 0.9515
Run: 09, Epoch: 80, Loss: 0.0002, lr: 0.000240, Train: 0.9943, Valid: 0.9679, Test: 0.9516
Run: 09, Epoch: 81, Loss: 0.0002, lr: 0.000240, Train: 0.9945, Valid: 0.9680, Test: 0.9517
Run: 09, Epoch: 82, Loss: 0.0002, lr: 0.000240, Train: 0.9947, Valid: 0.9681, Test: 0.9519
Run: 09, Epoch: 83, Loss: 0.0002, lr: 0.000240, Train: 0.9948, Valid: 0.9681, Test: 0.9520
Run: 09, Epoch: 84, Loss: 0.0002, lr: 0.000240, Train: 0.9948, Valid: 0.9681, Test: 0.9521
Run: 09, Epoch: 85, Loss: 0.0002, lr: 0.000240, Train: 0.9949, Valid: 0.9682, Test: 0.9520
Run: 09, Epoch: 86, Loss: 0.0002, lr: 0.000168, Train: 0.9950, Valid: 0.9683, Test: 0.9520
Run: 09, Epoch: 87, Loss: 0.0002, lr: 0.000168, Train: 0.9952, Valid: 0.9683, Test: 0.9520
Run: 09, Epoch: 88, Loss: 0.0002, lr: 0.000168, Train: 0.9953, Valid: 0.9683, Test: 0.9520
Run: 09, Epoch: 89, Loss: 0.0002, lr: 0.000168, Train: 0.9953, Valid: 0.9683, Test: 0.9520
Run: 09, Epoch: 90, Loss: 0.0002, lr: 0.000168, Train: 0.9954, Valid: 0.9684, Test: 0.9520
Run: 09, Epoch: 91, Loss: 0.0002, lr: 0.000168, Train: 0.9954, Valid: 0.9684, Test: 0.9520
Run: 09, Epoch: 92, Loss: 0.0002, lr: 0.000168, Train: 0.9955, Valid: 0.9685, Test: 0.9519
Run: 09, Epoch: 93, Loss: 0.0002, lr: 0.000168, Train: 0.9956, Valid: 0.9685, Test: 0.9518
Run: 09, Epoch: 94, Loss: 0.0002, lr: 0.000168, Train: 0.9957, Valid: 0.9685, Test: 0.9518
Run: 09, Epoch: 95, Loss: 0.0002, lr: 0.000168, Train: 0.9957, Valid: 0.9685, Test: 0.9518
Run: 09, Epoch: 96, Loss: 0.0002, lr: 0.000168, Train: 0.9957, Valid: 0.9686, Test: 0.9520
Run: 09, Epoch: 97, Loss: 0.0002, lr: 0.000168, Train: 0.9957, Valid: 0.9687, Test: 0.9519
Run: 09, Epoch: 98, Loss: 0.0002, lr: 0.000168, Train: 0.9958, Valid: 0.9687, Test: 0.9518
Run: 09, Epoch: 99, Loss: 0.0002, lr: 0.000168, Train: 0.9959, Valid: 0.9687, Test: 0.9515
Run: 09, Epoch: 100, Loss: 0.0002, lr: 0.000168, Train: 0.9960, Valid: 0.9686, Test: 0.9514
Run 09:
Highest Train: 1.00
Highest Valid: 0.97
  Final Train: 1.00
   Final Test: 0.95
Run: 10, Epoch: 01, Loss: 0.0515, lr: 0.001000, Train: -2.3698, Valid: -10.5145, Test: -2.7074
Run: 10, Epoch: 02, Loss: 0.0179, lr: 0.001000, Train: -0.4944, Valid: -4.4304, Test: -0.3737
Run: 10, Epoch: 03, Loss: 0.0084, lr: 0.001000, Train: 0.8008, Valid: 0.5571, Test: 0.8111
Run: 10, Epoch: 04, Loss: 0.0064, lr: 0.001000, Train: 0.7615, Valid: 0.1811, Test: 0.8323
Run: 10, Epoch: 05, Loss: 0.0048, lr: 0.001000, Train: 0.8285, Valid: 0.4194, Test: 0.8821
Run: 10, Epoch: 06, Loss: 0.0040, lr: 0.001000, Train: 0.8581, Valid: 0.5877, Test: 0.8984
Run: 10, Epoch: 07, Loss: 0.0027, lr: 0.001000, Train: 0.8672, Valid: 0.7137, Test: 0.8983
Run: 10, Epoch: 08, Loss: 0.0023, lr: 0.001000, Train: 0.8720, Valid: 0.8310, Test: 0.8964
Run: 10, Epoch: 09, Loss: 0.0024, lr: 0.001000, Train: 0.8701, Valid: 0.8811, Test: 0.9049
Run: 10, Epoch: 10, Loss: 0.0022, lr: 0.001000, Train: 0.8814, Valid: 0.9006, Test: 0.9253
Run: 10, Epoch: 11, Loss: 0.0018, lr: 0.001000, Train: 0.9076, Valid: 0.9113, Test: 0.9443
Run: 10, Epoch: 12, Loss: 0.0017, lr: 0.001000, Train: 0.9296, Valid: 0.8878, Test: 0.9532
Run: 10, Epoch: 13, Loss: 0.0017, lr: 0.001000, Train: 0.9381, Valid: 0.8729, Test: 0.9567
Run: 10, Epoch: 14, Loss: 0.0016, lr: 0.001000, Train: 0.9374, Valid: 0.9013, Test: 0.9586
Run: 10, Epoch: 15, Loss: 0.0014, lr: 0.001000, Train: 0.9281, Valid: 0.9321, Test: 0.9580
Run: 10, Epoch: 16, Loss: 0.0014, lr: 0.001000, Train: 0.9213, Valid: 0.9317, Test: 0.9570
Run: 10, Epoch: 17, Loss: 0.0013, lr: 0.001000, Train: 0.9330, Valid: 0.9330, Test: 0.9593
Run: 10, Epoch: 18, Loss: 0.0012, lr: 0.001000, Train: 0.9527, Valid: 0.9363, Test: 0.9615
Run: 10, Epoch: 19, Loss: 0.0011, lr: 0.001000, Train: 0.9597, Valid: 0.9242, Test: 0.9602
Run: 10, Epoch: 20, Loss: 0.0011, lr: 0.001000, Train: 0.9602, Valid: 0.9097, Test: 0.9574
Run: 10, Epoch: 21, Loss: 0.0010, lr: 0.001000, Train: 0.9610, Valid: 0.9049, Test: 0.9561
Run: 10, Epoch: 22, Loss: 0.0010, lr: 0.001000, Train: 0.9617, Valid: 0.9086, Test: 0.9567
Run: 10, Epoch: 23, Loss: 0.0010, lr: 0.001000, Train: 0.9633, Valid: 0.9182, Test: 0.9586
Run: 10, Epoch: 24, Loss: 0.0009, lr: 0.001000, Train: 0.9662, Valid: 0.9319, Test: 0.9612
Run: 10, Epoch: 25, Loss: 0.0009, lr: 0.000700, Train: 0.9695, Valid: 0.9441, Test: 0.9631
Run: 10, Epoch: 26, Loss: 0.0009, lr: 0.000700, Train: 0.9723, Valid: 0.9525, Test: 0.9643
Run: 10, Epoch: 27, Loss: 0.0008, lr: 0.000700, Train: 0.9744, Valid: 0.9570, Test: 0.9650
Run: 10, Epoch: 28, Loss: 0.0008, lr: 0.000700, Train: 0.9756, Valid: 0.9577, Test: 0.9650
Run: 10, Epoch: 29, Loss: 0.0008, lr: 0.000700, Train: 0.9765, Valid: 0.9557, Test: 0.9647
Run: 10, Epoch: 30, Loss: 0.0008, lr: 0.000700, Train: 0.9773, Valid: 0.9519, Test: 0.9640
Run: 10, Epoch: 31, Loss: 0.0007, lr: 0.000700, Train: 0.9778, Valid: 0.9477, Test: 0.9631
Run: 10, Epoch: 32, Loss: 0.0007, lr: 0.000700, Train: 0.9783, Valid: 0.9455, Test: 0.9622
Run: 10, Epoch: 33, Loss: 0.0007, lr: 0.000700, Train: 0.9790, Valid: 0.9459, Test: 0.9614
Run: 10, Epoch: 34, Loss: 0.0007, lr: 0.000700, Train: 0.9799, Valid: 0.9489, Test: 0.9607
Run: 10, Epoch: 35, Loss: 0.0006, lr: 0.000490, Train: 0.9808, Valid: 0.9528, Test: 0.9605
Run: 10, Epoch: 36, Loss: 0.0006, lr: 0.000490, Train: 0.9814, Valid: 0.9563, Test: 0.9605
Run: 10, Epoch: 37, Loss: 0.0006, lr: 0.000490, Train: 0.9818, Valid: 0.9588, Test: 0.9606
Run: 10, Epoch: 38, Loss: 0.0006, lr: 0.000490, Train: 0.9822, Valid: 0.9609, Test: 0.9611
Run: 10, Epoch: 39, Loss: 0.0006, lr: 0.000490, Train: 0.9827, Valid: 0.9621, Test: 0.9617
Run: 10, Epoch: 40, Loss: 0.0006, lr: 0.000490, Train: 0.9835, Valid: 0.9630, Test: 0.9625
Run: 10, Epoch: 41, Loss: 0.0006, lr: 0.000490, Train: 0.9844, Valid: 0.9646, Test: 0.9634
Run: 10, Epoch: 42, Loss: 0.0005, lr: 0.000490, Train: 0.9850, Valid: 0.9662, Test: 0.9641
Run: 10, Epoch: 43, Loss: 0.0005, lr: 0.000490, Train: 0.9854, Valid: 0.9675, Test: 0.9646
Run: 10, Epoch: 44, Loss: 0.0005, lr: 0.000490, Train: 0.9857, Valid: 0.9682, Test: 0.9648
Run: 10, Epoch: 45, Loss: 0.0005, lr: 0.000490, Train: 0.9859, Valid: 0.9687, Test: 0.9648
Run: 10, Epoch: 46, Loss: 0.0005, lr: 0.000490, Train: 0.9861, Valid: 0.9694, Test: 0.9647
Run: 10, Epoch: 47, Loss: 0.0005, lr: 0.000490, Train: 0.9862, Valid: 0.9705, Test: 0.9645
Run: 10, Epoch: 48, Loss: 0.0005, lr: 0.000490, Train: 0.9866, Valid: 0.9721, Test: 0.9643
Run: 10, Epoch: 49, Loss: 0.0005, lr: 0.000490, Train: 0.9870, Valid: 0.9731, Test: 0.9643
Run: 10, Epoch: 50, Loss: 0.0005, lr: 0.000490, Train: 0.9874, Valid: 0.9738, Test: 0.9644
Run: 10, Epoch: 51, Loss: 0.0005, lr: 0.000490, Train: 0.9876, Valid: 0.9740, Test: 0.9645
Run: 10, Epoch: 52, Loss: 0.0004, lr: 0.000490, Train: 0.9879, Valid: 0.9743, Test: 0.9647
Run: 10, Epoch: 53, Loss: 0.0004, lr: 0.000490, Train: 0.9881, Valid: 0.9749, Test: 0.9649
Run: 10, Epoch: 54, Loss: 0.0004, lr: 0.000490, Train: 0.9883, Valid: 0.9760, Test: 0.9650
Run: 10, Epoch: 55, Loss: 0.0004, lr: 0.000490, Train: 0.9886, Valid: 0.9773, Test: 0.9651
Run: 10, Epoch: 56, Loss: 0.0004, lr: 0.000490, Train: 0.9888, Valid: 0.9781, Test: 0.9652
Run: 10, Epoch: 57, Loss: 0.0004, lr: 0.000490, Train: 0.9890, Valid: 0.9780, Test: 0.9653
Run: 10, Epoch: 58, Loss: 0.0004, lr: 0.000490, Train: 0.9891, Valid: 0.9768, Test: 0.9654
Run: 10, Epoch: 59, Loss: 0.0004, lr: 0.000490, Train: 0.9891, Valid: 0.9751, Test: 0.9654
Run: 10, Epoch: 60, Loss: 0.0004, lr: 0.000490, Train: 0.9892, Valid: 0.9736, Test: 0.9653
Run: 10, Epoch: 61, Loss: 0.0004, lr: 0.000490, Train: 0.9894, Valid: 0.9727, Test: 0.9652
Run: 10, Epoch: 62, Loss: 0.0004, lr: 0.000490, Train: 0.9895, Valid: 0.9724, Test: 0.9651
Run: 10, Epoch: 63, Loss: 0.0004, lr: 0.000343, Train: 0.9897, Valid: 0.9724, Test: 0.9650
Run: 10, Epoch: 64, Loss: 0.0003, lr: 0.000343, Train: 0.9898, Valid: 0.9724, Test: 0.9650
Run: 10, Epoch: 65, Loss: 0.0003, lr: 0.000343, Train: 0.9899, Valid: 0.9722, Test: 0.9649
Run: 10, Epoch: 66, Loss: 0.0003, lr: 0.000343, Train: 0.9900, Valid: 0.9720, Test: 0.9649
Run: 10, Epoch: 67, Loss: 0.0003, lr: 0.000343, Train: 0.9901, Valid: 0.9721, Test: 0.9650
Run: 10, Epoch: 68, Loss: 0.0003, lr: 0.000343, Train: 0.9903, Valid: 0.9722, Test: 0.9651
Run: 10, Epoch: 69, Loss: 0.0003, lr: 0.000240, Train: 0.9905, Valid: 0.9726, Test: 0.9653
Run: 10, Epoch: 70, Loss: 0.0003, lr: 0.000240, Train: 0.9907, Valid: 0.9730, Test: 0.9654
Run: 10, Epoch: 71, Loss: 0.0003, lr: 0.000240, Train: 0.9909, Valid: 0.9735, Test: 0.9656
Run: 10, Epoch: 72, Loss: 0.0003, lr: 0.000240, Train: 0.9911, Valid: 0.9739, Test: 0.9657
Run: 10, Epoch: 73, Loss: 0.0003, lr: 0.000240, Train: 0.9912, Valid: 0.9742, Test: 0.9657
Run: 10, Epoch: 74, Loss: 0.0003, lr: 0.000240, Train: 0.9913, Valid: 0.9743, Test: 0.9658
Run: 10, Epoch: 75, Loss: 0.0003, lr: 0.000168, Train: 0.9914, Valid: 0.9746, Test: 0.9658
Run: 10, Epoch: 76, Loss: 0.0003, lr: 0.000168, Train: 0.9916, Valid: 0.9749, Test: 0.9658
Run: 10, Epoch: 77, Loss: 0.0003, lr: 0.000168, Train: 0.9917, Valid: 0.9751, Test: 0.9658
Run: 10, Epoch: 78, Loss: 0.0003, lr: 0.000168, Train: 0.9917, Valid: 0.9753, Test: 0.9658
Run: 10, Epoch: 79, Loss: 0.0003, lr: 0.000168, Train: 0.9918, Valid: 0.9754, Test: 0.9658
Run: 10, Epoch: 80, Loss: 0.0003, lr: 0.000168, Train: 0.9919, Valid: 0.9754, Test: 0.9658
Run: 10, Epoch: 81, Loss: 0.0003, lr: 0.000118, Train: 0.9920, Valid: 0.9755, Test: 0.9658
Run: 10, Epoch: 82, Loss: 0.0003, lr: 0.000118, Train: 0.9921, Valid: 0.9757, Test: 0.9659
Run: 10, Epoch: 83, Loss: 0.0003, lr: 0.000118, Train: 0.9922, Valid: 0.9759, Test: 0.9659
Run: 10, Epoch: 84, Loss: 0.0003, lr: 0.000118, Train: 0.9923, Valid: 0.9761, Test: 0.9659
Run: 10, Epoch: 85, Loss: 0.0003, lr: 0.000118, Train: 0.9924, Valid: 0.9764, Test: 0.9660
Run: 10, Epoch: 86, Loss: 0.0003, lr: 0.000118, Train: 0.9925, Valid: 0.9767, Test: 0.9660
Run: 10, Epoch: 87, Loss: 0.0003, lr: 0.000082, Train: 0.9926, Valid: 0.9771, Test: 0.9660
Run: 10, Epoch: 88, Loss: 0.0003, lr: 0.000082, Train: 0.9926, Valid: 0.9775, Test: 0.9660
Run: 10, Epoch: 89, Loss: 0.0003, lr: 0.000082, Train: 0.9927, Valid: 0.9778, Test: 0.9661
Run: 10, Epoch: 90, Loss: 0.0003, lr: 0.000082, Train: 0.9928, Valid: 0.9781, Test: 0.9662
Run: 10, Epoch: 91, Loss: 0.0003, lr: 0.000082, Train: 0.9929, Valid: 0.9784, Test: 0.9662
Run: 10, Epoch: 92, Loss: 0.0003, lr: 0.000082, Train: 0.9929, Valid: 0.9787, Test: 0.9663
Run: 10, Epoch: 93, Loss: 0.0003, lr: 0.000082, Train: 0.9930, Valid: 0.9790, Test: 0.9664
Run: 10, Epoch: 94, Loss: 0.0003, lr: 0.000082, Train: 0.9930, Valid: 0.9793, Test: 0.9665
Run: 10, Epoch: 95, Loss: 0.0003, lr: 0.000082, Train: 0.9931, Valid: 0.9795, Test: 0.9665
Run: 10, Epoch: 96, Loss: 0.0003, lr: 0.000082, Train: 0.9931, Valid: 0.9797, Test: 0.9666
Run: 10, Epoch: 97, Loss: 0.0003, lr: 0.000082, Train: 0.9932, Valid: 0.9799, Test: 0.9666
Run: 10, Epoch: 98, Loss: 0.0003, lr: 0.000082, Train: 0.9932, Valid: 0.9801, Test: 0.9667
Run: 10, Epoch: 99, Loss: 0.0003, lr: 0.000082, Train: 0.9932, Valid: 0.9803, Test: 0.9667
Run: 10, Epoch: 100, Loss: 0.0003, lr: 0.000082, Train: 0.9933, Valid: 0.9805, Test: 0.9668
Run 10:
Highest Train: 0.99
Highest Valid: 0.98
  Final Train: 0.99
   Final Test: 0.97
All runs:
Highest Train: 1.00  0.00
Highest Valid: 0.96  0.02
  Final Train: 0.99  0.01
   Final Test: 0.95  0.02
