Namespace(conv_layers=3, device=0, dropout=0.0, epochs=100, hidden_dim=256, log_steps=1, lr=0.001, method='gin', mlp_layers=2, runs=10, subset='chemistry')
Run: 01, Epoch: 01, Loss: 0.0302, lr: 0.001000, Train: 0.4010, Valid: 0.3314, Test: 0.2038
Run: 01, Epoch: 02, Loss: 0.0140, lr: 0.001000, Train: -4.5169, Valid: -5.9560, Test: -5.0362
Run: 01, Epoch: 03, Loss: 0.0067, lr: 0.001000, Train: -6.8894, Valid: -9.6040, Test: -7.6717
Run: 01, Epoch: 04, Loss: 0.0038, lr: 0.001000, Train: -6.8834, Valid: -9.6273, Test: -7.6725
Run: 01, Epoch: 05, Loss: 0.0032, lr: 0.001000, Train: -6.8924, Valid: -9.6410, Test: -7.6744
Run: 01, Epoch: 06, Loss: 0.0021, lr: 0.001000, Train: -6.3595, Valid: -8.7495, Test: -7.1007
Run: 01, Epoch: 07, Loss: 0.0016, lr: 0.001000, Train: -5.3900, Valid: -7.2472, Test: -6.0337
Run: 01, Epoch: 08, Loss: 0.0016, lr: 0.000700, Train: -4.6076, Valid: -6.1857, Test: -5.1439
Run: 01, Epoch: 09, Loss: 0.0013, lr: 0.000700, Train: -4.1246, Valid: -5.5453, Test: -4.5909
Run: 01, Epoch: 10, Loss: 0.0010, lr: 0.000700, Train: -3.4427, Valid: -4.6518, Test: -3.8148
Run: 01, Epoch: 11, Loss: 0.0009, lr: 0.000700, Train: -2.3942, Valid: -3.4068, Test: -2.6662
Run: 01, Epoch: 12, Loss: 0.0009, lr: 0.000700, Train: -1.3705, Valid: -2.1844, Test: -1.5698
Run: 01, Epoch: 13, Loss: 0.0009, lr: 0.000700, Train: -0.7857, Valid: -1.4369, Test: -0.9521
Run: 01, Epoch: 14, Loss: 0.0008, lr: 0.000490, Train: -0.4505, Valid: -0.9804, Test: -0.6012
Run: 01, Epoch: 15, Loss: 0.0007, lr: 0.000490, Train: -0.2235, Valid: -0.6559, Test: -0.3657
Run: 01, Epoch: 16, Loss: 0.0006, lr: 0.000490, Train: 0.0062, Valid: -0.3355, Test: -0.1235
Run: 01, Epoch: 17, Loss: 0.0005, lr: 0.000490, Train: 0.2495, Valid: 0.0137, Test: 0.1337
Run: 01, Epoch: 18, Loss: 0.0004, lr: 0.000490, Train: 0.4602, Valid: 0.3047, Test: 0.3606
Run: 01, Epoch: 19, Loss: 0.0005, lr: 0.000490, Train: 0.6025, Valid: 0.4937, Test: 0.5136
Run: 01, Epoch: 20, Loss: 0.0005, lr: 0.000490, Train: 0.6830, Valid: 0.5968, Test: 0.5979
Run: 01, Epoch: 21, Loss: 0.0005, lr: 0.000490, Train: 0.7242, Valid: 0.6518, Test: 0.6432
Run: 01, Epoch: 22, Loss: 0.0004, lr: 0.000490, Train: 0.7554, Valid: 0.6918, Test: 0.6763
Run: 01, Epoch: 23, Loss: 0.0004, lr: 0.000490, Train: 0.7955, Valid: 0.7413, Test: 0.7199
Run: 01, Epoch: 24, Loss: 0.0003, lr: 0.000490, Train: 0.8412, Valid: 0.8012, Test: 0.7663
Run: 01, Epoch: 25, Loss: 0.0003, lr: 0.000490, Train: 0.8807, Valid: 0.8507, Test: 0.8053
Run: 01, Epoch: 26, Loss: 0.0003, lr: 0.000490, Train: 0.9086, Valid: 0.8839, Test: 0.8325
Run: 01, Epoch: 27, Loss: 0.0003, lr: 0.000490, Train: 0.9267, Valid: 0.9050, Test: 0.8494
Run: 01, Epoch: 28, Loss: 0.0003, lr: 0.000490, Train: 0.9402, Valid: 0.9193, Test: 0.8622
Run: 01, Epoch: 29, Loss: 0.0002, lr: 0.000490, Train: 0.9528, Valid: 0.9330, Test: 0.8747
Run: 01, Epoch: 30, Loss: 0.0002, lr: 0.000490, Train: 0.9650, Valid: 0.9469, Test: 0.8883
Run: 01, Epoch: 31, Loss: 0.0002, lr: 0.000490, Train: 0.9749, Valid: 0.9576, Test: 0.9003
Run: 01, Epoch: 32, Loss: 0.0002, lr: 0.000490, Train: 0.9812, Valid: 0.9628, Test: 0.9084
Run: 01, Epoch: 33, Loss: 0.0002, lr: 0.000490, Train: 0.9846, Valid: 0.9638, Test: 0.9124
Run: 01, Epoch: 34, Loss: 0.0002, lr: 0.000490, Train: 0.9863, Valid: 0.9628, Test: 0.9144
Run: 01, Epoch: 35, Loss: 0.0001, lr: 0.000490, Train: 0.9877, Valid: 0.9632, Test: 0.9168
Run: 01, Epoch: 36, Loss: 0.0001, lr: 0.000490, Train: 0.9897, Valid: 0.9661, Test: 0.9196
Run: 01, Epoch: 37, Loss: 0.0001, lr: 0.000490, Train: 0.9914, Valid: 0.9694, Test: 0.9215
Run: 01, Epoch: 38, Loss: 0.0001, lr: 0.000490, Train: 0.9924, Valid: 0.9710, Test: 0.9215
Run: 01, Epoch: 39, Loss: 0.0001, lr: 0.000490, Train: 0.9931, Valid: 0.9713, Test: 0.9201
Run: 01, Epoch: 40, Loss: 0.0001, lr: 0.000490, Train: 0.9935, Valid: 0.9709, Test: 0.9183
Run: 01, Epoch: 41, Loss: 0.0001, lr: 0.000490, Train: 0.9941, Valid: 0.9713, Test: 0.9173
Run: 01, Epoch: 42, Loss: 0.0001, lr: 0.000490, Train: 0.9950, Valid: 0.9727, Test: 0.9175
Run: 01, Epoch: 43, Loss: 0.0001, lr: 0.000490, Train: 0.9956, Valid: 0.9740, Test: 0.9180
Run: 01, Epoch: 44, Loss: 0.0001, lr: 0.000490, Train: 0.9960, Valid: 0.9744, Test: 0.9182
Run: 01, Epoch: 45, Loss: 0.0001, lr: 0.000490, Train: 0.9964, Valid: 0.9738, Test: 0.9182
Run: 01, Epoch: 46, Loss: 0.0001, lr: 0.000490, Train: 0.9968, Valid: 0.9729, Test: 0.9181
Run: 01, Epoch: 47, Loss: 0.0001, lr: 0.000490, Train: 0.9971, Valid: 0.9724, Test: 0.9179
Run: 01, Epoch: 48, Loss: 0.0001, lr: 0.000490, Train: 0.9975, Valid: 0.9725, Test: 0.9179
Run: 01, Epoch: 49, Loss: 0.0001, lr: 0.000490, Train: 0.9977, Valid: 0.9726, Test: 0.9181
Run: 01, Epoch: 50, Loss: 0.0001, lr: 0.000490, Train: 0.9979, Valid: 0.9726, Test: 0.9184
Run: 01, Epoch: 51, Loss: 0.0001, lr: 0.000343, Train: 0.9980, Valid: 0.9727, Test: 0.9184
Run: 01, Epoch: 52, Loss: 0.0000, lr: 0.000343, Train: 0.9981, Valid: 0.9726, Test: 0.9181
Run: 01, Epoch: 53, Loss: 0.0000, lr: 0.000343, Train: 0.9983, Valid: 0.9725, Test: 0.9175
Run: 01, Epoch: 54, Loss: 0.0000, lr: 0.000343, Train: 0.9984, Valid: 0.9723, Test: 0.9168
Run: 01, Epoch: 55, Loss: 0.0000, lr: 0.000343, Train: 0.9985, Valid: 0.9721, Test: 0.9159
Run: 01, Epoch: 56, Loss: 0.0000, lr: 0.000343, Train: 0.9985, Valid: 0.9716, Test: 0.9152
Run: 01, Epoch: 57, Loss: 0.0000, lr: 0.000240, Train: 0.9986, Valid: 0.9714, Test: 0.9148
Run: 01, Epoch: 58, Loss: 0.0000, lr: 0.000240, Train: 0.9986, Valid: 0.9711, Test: 0.9145
Run: 01, Epoch: 59, Loss: 0.0000, lr: 0.000240, Train: 0.9987, Valid: 0.9710, Test: 0.9143
Run: 01, Epoch: 60, Loss: 0.0000, lr: 0.000240, Train: 0.9987, Valid: 0.9709, Test: 0.9141
Run: 01, Epoch: 61, Loss: 0.0000, lr: 0.000240, Train: 0.9988, Valid: 0.9709, Test: 0.9139
Run: 01, Epoch: 62, Loss: 0.0000, lr: 0.000240, Train: 0.9988, Valid: 0.9708, Test: 0.9136
Run: 01, Epoch: 63, Loss: 0.0000, lr: 0.000168, Train: 0.9989, Valid: 0.9708, Test: 0.9134
Run: 01, Epoch: 64, Loss: 0.0000, lr: 0.000168, Train: 0.9989, Valid: 0.9707, Test: 0.9133
Run: 01, Epoch: 65, Loss: 0.0000, lr: 0.000168, Train: 0.9990, Valid: 0.9706, Test: 0.9132
Run: 01, Epoch: 66, Loss: 0.0000, lr: 0.000168, Train: 0.9990, Valid: 0.9705, Test: 0.9131
Run: 01, Epoch: 67, Loss: 0.0000, lr: 0.000168, Train: 0.9990, Valid: 0.9705, Test: 0.9131
Run: 01, Epoch: 68, Loss: 0.0000, lr: 0.000168, Train: 0.9991, Valid: 0.9705, Test: 0.9131
Run: 01, Epoch: 69, Loss: 0.0000, lr: 0.000118, Train: 0.9991, Valid: 0.9706, Test: 0.9131
Run: 01, Epoch: 70, Loss: 0.0000, lr: 0.000118, Train: 0.9991, Valid: 0.9707, Test: 0.9131
Run: 01, Epoch: 71, Loss: 0.0000, lr: 0.000118, Train: 0.9991, Valid: 0.9708, Test: 0.9130
Run: 01, Epoch: 72, Loss: 0.0000, lr: 0.000118, Train: 0.9992, Valid: 0.9709, Test: 0.9129
Run: 01, Epoch: 73, Loss: 0.0000, lr: 0.000118, Train: 0.9992, Valid: 0.9710, Test: 0.9128
Run: 01, Epoch: 74, Loss: 0.0000, lr: 0.000118, Train: 0.9992, Valid: 0.9710, Test: 0.9127
Run: 01, Epoch: 75, Loss: 0.0000, lr: 0.000082, Train: 0.9992, Valid: 0.9711, Test: 0.9126
Run: 01, Epoch: 76, Loss: 0.0000, lr: 0.000082, Train: 0.9992, Valid: 0.9711, Test: 0.9125
Run: 01, Epoch: 77, Loss: 0.0000, lr: 0.000082, Train: 0.9993, Valid: 0.9712, Test: 0.9124
Run: 01, Epoch: 78, Loss: 0.0000, lr: 0.000082, Train: 0.9993, Valid: 0.9713, Test: 0.9123
Run: 01, Epoch: 79, Loss: 0.0000, lr: 0.000082, Train: 0.9993, Valid: 0.9714, Test: 0.9123
Run: 01, Epoch: 80, Loss: 0.0000, lr: 0.000082, Train: 0.9993, Valid: 0.9715, Test: 0.9123
Run: 01, Epoch: 81, Loss: 0.0000, lr: 0.000058, Train: 0.9993, Valid: 0.9716, Test: 0.9122
Run: 01, Epoch: 82, Loss: 0.0000, lr: 0.000058, Train: 0.9993, Valid: 0.9716, Test: 0.9122
Run: 01, Epoch: 83, Loss: 0.0000, lr: 0.000058, Train: 0.9993, Valid: 0.9717, Test: 0.9122
Run: 01, Epoch: 84, Loss: 0.0000, lr: 0.000058, Train: 0.9993, Valid: 0.9718, Test: 0.9123
Run: 01, Epoch: 85, Loss: 0.0000, lr: 0.000058, Train: 0.9993, Valid: 0.9718, Test: 0.9123
Run: 01, Epoch: 86, Loss: 0.0000, lr: 0.000058, Train: 0.9993, Valid: 0.9718, Test: 0.9123
Run: 01, Epoch: 87, Loss: 0.0000, lr: 0.000040, Train: 0.9993, Valid: 0.9719, Test: 0.9123
Run: 01, Epoch: 88, Loss: 0.0000, lr: 0.000040, Train: 0.9993, Valid: 0.9719, Test: 0.9123
Run: 01, Epoch: 89, Loss: 0.0000, lr: 0.000040, Train: 0.9993, Valid: 0.9719, Test: 0.9123
Run: 01, Epoch: 90, Loss: 0.0000, lr: 0.000040, Train: 0.9993, Valid: 0.9719, Test: 0.9123
Run: 01, Epoch: 91, Loss: 0.0000, lr: 0.000040, Train: 0.9993, Valid: 0.9719, Test: 0.9123
Run: 01, Epoch: 92, Loss: 0.0000, lr: 0.000040, Train: 0.9993, Valid: 0.9719, Test: 0.9122
Run: 01, Epoch: 93, Loss: 0.0000, lr: 0.000028, Train: 0.9993, Valid: 0.9718, Test: 0.9122
Run: 01, Epoch: 94, Loss: 0.0000, lr: 0.000028, Train: 0.9994, Valid: 0.9718, Test: 0.9122
Run: 01, Epoch: 95, Loss: 0.0000, lr: 0.000028, Train: 0.9994, Valid: 0.9718, Test: 0.9122
Run: 01, Epoch: 96, Loss: 0.0000, lr: 0.000028, Train: 0.9994, Valid: 0.9718, Test: 0.9122
Run: 01, Epoch: 97, Loss: 0.0000, lr: 0.000028, Train: 0.9994, Valid: 0.9718, Test: 0.9122
Run: 01, Epoch: 98, Loss: 0.0000, lr: 0.000028, Train: 0.9994, Valid: 0.9718, Test: 0.9122
Run: 01, Epoch: 99, Loss: 0.0000, lr: 0.000020, Train: 0.9994, Valid: 0.9718, Test: 0.9122
Run: 01, Epoch: 100, Loss: 0.0000, lr: 0.000020, Train: 0.9994, Valid: 0.9718, Test: 0.9122
Run 01:
Highest Train: 1.00
Highest Valid: 0.97
  Final Train: 1.00
   Final Test: 0.92
Run: 02, Epoch: 01, Loss: 0.0477, lr: 0.001000, Train: -0.2770, Valid: -0.0451, Test: -0.0335
Run: 02, Epoch: 02, Loss: 0.0150, lr: 0.001000, Train: 0.2830, Valid: 0.3840, Test: 0.4292
Run: 02, Epoch: 03, Loss: 0.0080, lr: 0.001000, Train: 0.4874, Valid: 0.5878, Test: 0.5800
Run: 02, Epoch: 04, Loss: 0.0069, lr: 0.001000, Train: 0.2425, Valid: 0.5123, Test: 0.3490
Run: 02, Epoch: 05, Loss: 0.0037, lr: 0.001000, Train: -0.4342, Valid: 0.1540, Test: -0.2308
Run: 02, Epoch: 06, Loss: 0.0036, lr: 0.001000, Train: -0.7765, Valid: -0.0697, Test: -0.5182
Run: 02, Epoch: 07, Loss: 0.0034, lr: 0.001000, Train: -0.4155, Valid: 0.1041, Test: -0.1783
Run: 02, Epoch: 08, Loss: 0.0022, lr: 0.001000, Train: 0.3282, Valid: 0.5323, Test: 0.4753
Run: 02, Epoch: 09, Loss: 0.0019, lr: 0.001000, Train: 0.7534, Valid: 0.8006, Test: 0.8234
Run: 02, Epoch: 10, Loss: 0.0020, lr: 0.001000, Train: 0.8386, Valid: 0.8689, Test: 0.8896
Run: 02, Epoch: 11, Loss: 0.0019, lr: 0.001000, Train: 0.8353, Valid: 0.8836, Test: 0.8845
Run: 02, Epoch: 12, Loss: 0.0016, lr: 0.001000, Train: 0.7532, Valid: 0.8405, Test: 0.8075
Run: 02, Epoch: 13, Loss: 0.0014, lr: 0.001000, Train: 0.6095, Valid: 0.7541, Test: 0.6727
Run: 02, Epoch: 14, Loss: 0.0013, lr: 0.001000, Train: 0.5126, Valid: 0.7001, Test: 0.5780
Run: 02, Epoch: 15, Loss: 0.0012, lr: 0.001000, Train: 0.5341, Valid: 0.7270, Test: 0.5868
Run: 02, Epoch: 16, Loss: 0.0012, lr: 0.001000, Train: 0.6437, Valid: 0.8039, Test: 0.6699
Run: 02, Epoch: 17, Loss: 0.0012, lr: 0.001000, Train: 0.7686, Valid: 0.8836, Test: 0.7712
Run: 02, Epoch: 18, Loss: 0.0011, lr: 0.000700, Train: 0.8535, Valid: 0.9323, Test: 0.8387
Run: 02, Epoch: 19, Loss: 0.0010, lr: 0.000700, Train: 0.9039, Valid: 0.9576, Test: 0.8794
Run: 02, Epoch: 20, Loss: 0.0008, lr: 0.000700, Train: 0.9298, Valid: 0.9665, Test: 0.9022
Run: 02, Epoch: 21, Loss: 0.0008, lr: 0.000700, Train: 0.9432, Valid: 0.9674, Test: 0.9124
Run: 02, Epoch: 22, Loss: 0.0008, lr: 0.000700, Train: 0.9511, Valid: 0.9649, Test: 0.9170
Run: 02, Epoch: 23, Loss: 0.0008, lr: 0.000700, Train: 0.9573, Valid: 0.9627, Test: 0.9182
Run: 02, Epoch: 24, Loss: 0.0008, lr: 0.000700, Train: 0.9625, Valid: 0.9608, Test: 0.9176
Run: 02, Epoch: 25, Loss: 0.0007, lr: 0.000700, Train: 0.9664, Valid: 0.9592, Test: 0.9159
Run: 02, Epoch: 26, Loss: 0.0006, lr: 0.000700, Train: 0.9690, Valid: 0.9588, Test: 0.9141
Run: 02, Epoch: 27, Loss: 0.0006, lr: 0.000700, Train: 0.9705, Valid: 0.9594, Test: 0.9132
Run: 02, Epoch: 28, Loss: 0.0006, lr: 0.000490, Train: 0.9720, Valid: 0.9604, Test: 0.9139
Run: 02, Epoch: 29, Loss: 0.0005, lr: 0.000490, Train: 0.9732, Valid: 0.9612, Test: 0.9150
Run: 02, Epoch: 30, Loss: 0.0005, lr: 0.000490, Train: 0.9746, Valid: 0.9623, Test: 0.9157
Run: 02, Epoch: 31, Loss: 0.0005, lr: 0.000490, Train: 0.9766, Valid: 0.9633, Test: 0.9167
Run: 02, Epoch: 32, Loss: 0.0005, lr: 0.000490, Train: 0.9792, Valid: 0.9642, Test: 0.9176
Run: 02, Epoch: 33, Loss: 0.0005, lr: 0.000490, Train: 0.9814, Valid: 0.9645, Test: 0.9181
Run: 02, Epoch: 34, Loss: 0.0004, lr: 0.000343, Train: 0.9829, Valid: 0.9645, Test: 0.9187
Run: 02, Epoch: 35, Loss: 0.0004, lr: 0.000343, Train: 0.9837, Valid: 0.9640, Test: 0.9191
Run: 02, Epoch: 36, Loss: 0.0004, lr: 0.000343, Train: 0.9842, Valid: 0.9633, Test: 0.9192
Run: 02, Epoch: 37, Loss: 0.0004, lr: 0.000343, Train: 0.9846, Valid: 0.9627, Test: 0.9194
Run: 02, Epoch: 38, Loss: 0.0004, lr: 0.000343, Train: 0.9852, Valid: 0.9624, Test: 0.9202
Run: 02, Epoch: 39, Loss: 0.0004, lr: 0.000343, Train: 0.9859, Valid: 0.9624, Test: 0.9214
Run: 02, Epoch: 40, Loss: 0.0004, lr: 0.000240, Train: 0.9867, Valid: 0.9627, Test: 0.9229
Run: 02, Epoch: 41, Loss: 0.0003, lr: 0.000240, Train: 0.9875, Valid: 0.9629, Test: 0.9240
Run: 02, Epoch: 42, Loss: 0.0003, lr: 0.000240, Train: 0.9881, Valid: 0.9632, Test: 0.9250
Run: 02, Epoch: 43, Loss: 0.0003, lr: 0.000240, Train: 0.9886, Valid: 0.9634, Test: 0.9255
Run: 02, Epoch: 44, Loss: 0.0003, lr: 0.000240, Train: 0.9890, Valid: 0.9636, Test: 0.9258
Run: 02, Epoch: 45, Loss: 0.0003, lr: 0.000240, Train: 0.9894, Valid: 0.9638, Test: 0.9259
Run: 02, Epoch: 46, Loss: 0.0003, lr: 0.000168, Train: 0.9898, Valid: 0.9641, Test: 0.9262
Run: 02, Epoch: 47, Loss: 0.0003, lr: 0.000168, Train: 0.9902, Valid: 0.9643, Test: 0.9264
Run: 02, Epoch: 48, Loss: 0.0003, lr: 0.000168, Train: 0.9905, Valid: 0.9645, Test: 0.9267
Run: 02, Epoch: 49, Loss: 0.0003, lr: 0.000168, Train: 0.9908, Valid: 0.9647, Test: 0.9271
Run: 02, Epoch: 50, Loss: 0.0003, lr: 0.000168, Train: 0.9911, Valid: 0.9648, Test: 0.9274
Run: 02, Epoch: 51, Loss: 0.0003, lr: 0.000168, Train: 0.9914, Valid: 0.9648, Test: 0.9277
Run: 02, Epoch: 52, Loss: 0.0003, lr: 0.000118, Train: 0.9916, Valid: 0.9649, Test: 0.9280
Run: 02, Epoch: 53, Loss: 0.0003, lr: 0.000118, Train: 0.9919, Valid: 0.9650, Test: 0.9283
Run: 02, Epoch: 54, Loss: 0.0003, lr: 0.000118, Train: 0.9921, Valid: 0.9650, Test: 0.9286
Run: 02, Epoch: 55, Loss: 0.0003, lr: 0.000118, Train: 0.9923, Valid: 0.9650, Test: 0.9288
Run: 02, Epoch: 56, Loss: 0.0002, lr: 0.000118, Train: 0.9925, Valid: 0.9650, Test: 0.9291
Run: 02, Epoch: 57, Loss: 0.0002, lr: 0.000118, Train: 0.9927, Valid: 0.9650, Test: 0.9292
Run: 02, Epoch: 58, Loss: 0.0002, lr: 0.000082, Train: 0.9928, Valid: 0.9650, Test: 0.9294
Run: 02, Epoch: 59, Loss: 0.0002, lr: 0.000082, Train: 0.9929, Valid: 0.9650, Test: 0.9294
Run: 02, Epoch: 60, Loss: 0.0002, lr: 0.000082, Train: 0.9930, Valid: 0.9650, Test: 0.9295
Run: 02, Epoch: 61, Loss: 0.0002, lr: 0.000082, Train: 0.9931, Valid: 0.9650, Test: 0.9295
Run: 02, Epoch: 62, Loss: 0.0002, lr: 0.000082, Train: 0.9932, Valid: 0.9651, Test: 0.9294
Run: 02, Epoch: 63, Loss: 0.0002, lr: 0.000082, Train: 0.9933, Valid: 0.9651, Test: 0.9294
Run: 02, Epoch: 64, Loss: 0.0002, lr: 0.000058, Train: 0.9934, Valid: 0.9651, Test: 0.9294
Run: 02, Epoch: 65, Loss: 0.0002, lr: 0.000058, Train: 0.9935, Valid: 0.9651, Test: 0.9294
Run: 02, Epoch: 66, Loss: 0.0002, lr: 0.000058, Train: 0.9936, Valid: 0.9652, Test: 0.9294
Run: 02, Epoch: 67, Loss: 0.0002, lr: 0.000058, Train: 0.9937, Valid: 0.9652, Test: 0.9294
Run: 02, Epoch: 68, Loss: 0.0002, lr: 0.000058, Train: 0.9937, Valid: 0.9652, Test: 0.9293
Run: 02, Epoch: 69, Loss: 0.0002, lr: 0.000058, Train: 0.9938, Valid: 0.9652, Test: 0.9293
Run: 02, Epoch: 70, Loss: 0.0002, lr: 0.000040, Train: 0.9938, Valid: 0.9653, Test: 0.9293
Run: 02, Epoch: 71, Loss: 0.0002, lr: 0.000040, Train: 0.9939, Valid: 0.9653, Test: 0.9292
Run: 02, Epoch: 72, Loss: 0.0002, lr: 0.000040, Train: 0.9940, Valid: 0.9653, Test: 0.9292
Run: 02, Epoch: 73, Loss: 0.0002, lr: 0.000040, Train: 0.9940, Valid: 0.9653, Test: 0.9292
Run: 02, Epoch: 74, Loss: 0.0002, lr: 0.000040, Train: 0.9941, Valid: 0.9653, Test: 0.9292
Run: 02, Epoch: 75, Loss: 0.0002, lr: 0.000040, Train: 0.9941, Valid: 0.9653, Test: 0.9291
Run: 02, Epoch: 76, Loss: 0.0002, lr: 0.000028, Train: 0.9942, Valid: 0.9653, Test: 0.9291
Run: 02, Epoch: 77, Loss: 0.0002, lr: 0.000028, Train: 0.9942, Valid: 0.9653, Test: 0.9291
Run: 02, Epoch: 78, Loss: 0.0002, lr: 0.000028, Train: 0.9942, Valid: 0.9653, Test: 0.9291
Run: 02, Epoch: 79, Loss: 0.0002, lr: 0.000028, Train: 0.9943, Valid: 0.9653, Test: 0.9291
Run: 02, Epoch: 80, Loss: 0.0002, lr: 0.000028, Train: 0.9943, Valid: 0.9653, Test: 0.9291
Run: 02, Epoch: 81, Loss: 0.0002, lr: 0.000028, Train: 0.9943, Valid: 0.9653, Test: 0.9291
Run: 02, Epoch: 82, Loss: 0.0002, lr: 0.000020, Train: 0.9944, Valid: 0.9652, Test: 0.9291
Run: 02, Epoch: 83, Loss: 0.0002, lr: 0.000020, Train: 0.9944, Valid: 0.9652, Test: 0.9291
Run: 02, Epoch: 84, Loss: 0.0002, lr: 0.000020, Train: 0.9944, Valid: 0.9652, Test: 0.9291
Run: 02, Epoch: 85, Loss: 0.0002, lr: 0.000020, Train: 0.9944, Valid: 0.9652, Test: 0.9291
Run: 02, Epoch: 86, Loss: 0.0002, lr: 0.000020, Train: 0.9945, Valid: 0.9651, Test: 0.9291
Run: 02, Epoch: 87, Loss: 0.0002, lr: 0.000020, Train: 0.9945, Valid: 0.9651, Test: 0.9291
Run: 02, Epoch: 88, Loss: 0.0002, lr: 0.000014, Train: 0.9945, Valid: 0.9651, Test: 0.9291
Run: 02, Epoch: 89, Loss: 0.0002, lr: 0.000014, Train: 0.9945, Valid: 0.9651, Test: 0.9291
Run: 02, Epoch: 90, Loss: 0.0002, lr: 0.000014, Train: 0.9946, Valid: 0.9650, Test: 0.9291
Run: 02, Epoch: 91, Loss: 0.0002, lr: 0.000014, Train: 0.9946, Valid: 0.9650, Test: 0.9291
Run: 02, Epoch: 92, Loss: 0.0002, lr: 0.000014, Train: 0.9946, Valid: 0.9650, Test: 0.9290
Run: 02, Epoch: 93, Loss: 0.0002, lr: 0.000014, Train: 0.9946, Valid: 0.9650, Test: 0.9290
Run: 02, Epoch: 94, Loss: 0.0002, lr: 0.000010, Train: 0.9946, Valid: 0.9650, Test: 0.9290
Run: 02, Epoch: 95, Loss: 0.0002, lr: 0.000010, Train: 0.9946, Valid: 0.9650, Test: 0.9290
Run: 02, Epoch: 96, Loss: 0.0002, lr: 0.000010, Train: 0.9946, Valid: 0.9650, Test: 0.9290
Run: 02, Epoch: 97, Loss: 0.0002, lr: 0.000010, Train: 0.9947, Valid: 0.9649, Test: 0.9290
Run: 02, Epoch: 98, Loss: 0.0002, lr: 0.000010, Train: 0.9947, Valid: 0.9649, Test: 0.9290
Run: 02, Epoch: 99, Loss: 0.0002, lr: 0.000010, Train: 0.9947, Valid: 0.9649, Test: 0.9290
Run: 02, Epoch: 100, Loss: 0.0002, lr: 0.000010, Train: 0.9947, Valid: 0.9649, Test: 0.9290
Run 02:
Highest Train: 0.99
Highest Valid: 0.97
  Final Train: 0.94
   Final Test: 0.91
Run: 03, Epoch: 01, Loss: 0.0482, lr: 0.001000, Train: 0.5577, Valid: 0.4672, Test: 0.5369
Run: 03, Epoch: 02, Loss: 0.0107, lr: 0.001000, Train: 0.7224, Valid: 0.6290, Test: 0.6715
Run: 03, Epoch: 03, Loss: 0.0095, lr: 0.001000, Train: 0.8321, Valid: 0.6933, Test: 0.8134
Run: 03, Epoch: 04, Loss: 0.0056, lr: 0.001000, Train: 0.8430, Valid: 0.6235, Test: 0.8489
Run: 03, Epoch: 05, Loss: 0.0041, lr: 0.001000, Train: 0.7664, Valid: 0.4917, Test: 0.8018
Run: 03, Epoch: 06, Loss: 0.0035, lr: 0.001000, Train: 0.7636, Valid: 0.5037, Test: 0.8017
Run: 03, Epoch: 07, Loss: 0.0030, lr: 0.001000, Train: 0.7695, Valid: 0.5336, Test: 0.8021
Run: 03, Epoch: 08, Loss: 0.0026, lr: 0.001000, Train: 0.7402, Valid: 0.5222, Test: 0.7748
Run: 03, Epoch: 09, Loss: 0.0018, lr: 0.001000, Train: 0.7157, Valid: 0.5326, Test: 0.7475
Run: 03, Epoch: 10, Loss: 0.0014, lr: 0.000700, Train: 0.7785, Valid: 0.6525, Test: 0.8036
Run: 03, Epoch: 11, Loss: 0.0014, lr: 0.000700, Train: 0.8683, Valid: 0.7931, Test: 0.8866
Run: 03, Epoch: 12, Loss: 0.0013, lr: 0.000700, Train: 0.9294, Valid: 0.8917, Test: 0.9424
Run: 03, Epoch: 13, Loss: 0.0012, lr: 0.000700, Train: 0.9457, Valid: 0.9331, Test: 0.9545
Run: 03, Epoch: 14, Loss: 0.0012, lr: 0.000700, Train: 0.9465, Valid: 0.9415, Test: 0.9524
Run: 03, Epoch: 15, Loss: 0.0011, lr: 0.000700, Train: 0.9474, Valid: 0.9356, Test: 0.9526
Run: 03, Epoch: 16, Loss: 0.0010, lr: 0.000700, Train: 0.9440, Valid: 0.9215, Test: 0.9504
Run: 03, Epoch: 17, Loss: 0.0009, lr: 0.000700, Train: 0.9416, Valid: 0.9132, Test: 0.9482
Run: 03, Epoch: 18, Loss: 0.0009, lr: 0.000700, Train: 0.9488, Valid: 0.9239, Test: 0.9497
Run: 03, Epoch: 19, Loss: 0.0009, lr: 0.000700, Train: 0.9563, Valid: 0.9448, Test: 0.9439
Run: 03, Epoch: 20, Loss: 0.0008, lr: 0.000700, Train: 0.9511, Valid: 0.9567, Test: 0.9232
Run: 03, Epoch: 21, Loss: 0.0007, lr: 0.000700, Train: 0.9437, Valid: 0.9603, Test: 0.9066
Run: 03, Epoch: 22, Loss: 0.0007, lr: 0.000700, Train: 0.9497, Valid: 0.9641, Test: 0.9127
Run: 03, Epoch: 23, Loss: 0.0006, lr: 0.000700, Train: 0.9616, Valid: 0.9686, Test: 0.9301
Run: 03, Epoch: 24, Loss: 0.0006, lr: 0.000700, Train: 0.9684, Valid: 0.9708, Test: 0.9414
Run: 03, Epoch: 25, Loss: 0.0006, lr: 0.000700, Train: 0.9711, Valid: 0.9731, Test: 0.9422
Run: 03, Epoch: 26, Loss: 0.0005, lr: 0.000700, Train: 0.9710, Valid: 0.9740, Test: 0.9355
Run: 03, Epoch: 27, Loss: 0.0005, lr: 0.000700, Train: 0.9692, Valid: 0.9734, Test: 0.9276
Run: 03, Epoch: 28, Loss: 0.0005, lr: 0.000700, Train: 0.9721, Valid: 0.9734, Test: 0.9287
Run: 03, Epoch: 29, Loss: 0.0005, lr: 0.000700, Train: 0.9780, Valid: 0.9729, Test: 0.9364
Run: 03, Epoch: 30, Loss: 0.0004, lr: 0.000700, Train: 0.9812, Valid: 0.9720, Test: 0.9407
Run: 03, Epoch: 31, Loss: 0.0004, lr: 0.000700, Train: 0.9819, Valid: 0.9717, Test: 0.9384
Run: 03, Epoch: 32, Loss: 0.0004, lr: 0.000700, Train: 0.9801, Valid: 0.9722, Test: 0.9324
Run: 03, Epoch: 33, Loss: 0.0004, lr: 0.000490, Train: 0.9799, Valid: 0.9720, Test: 0.9314
Run: 03, Epoch: 34, Loss: 0.0004, lr: 0.000490, Train: 0.9818, Valid: 0.9717, Test: 0.9347
Run: 03, Epoch: 35, Loss: 0.0003, lr: 0.000490, Train: 0.9846, Valid: 0.9714, Test: 0.9397
Run: 03, Epoch: 36, Loss: 0.0003, lr: 0.000490, Train: 0.9868, Valid: 0.9709, Test: 0.9438
Run: 03, Epoch: 37, Loss: 0.0003, lr: 0.000490, Train: 0.9877, Valid: 0.9707, Test: 0.9455
Run: 03, Epoch: 38, Loss: 0.0003, lr: 0.000490, Train: 0.9876, Valid: 0.9705, Test: 0.9449
Run: 03, Epoch: 39, Loss: 0.0003, lr: 0.000343, Train: 0.9874, Valid: 0.9702, Test: 0.9439
Run: 03, Epoch: 40, Loss: 0.0003, lr: 0.000343, Train: 0.9872, Valid: 0.9699, Test: 0.9427
Run: 03, Epoch: 41, Loss: 0.0003, lr: 0.000343, Train: 0.9875, Valid: 0.9696, Test: 0.9424
Run: 03, Epoch: 42, Loss: 0.0003, lr: 0.000343, Train: 0.9887, Valid: 0.9692, Test: 0.9431
Run: 03, Epoch: 43, Loss: 0.0002, lr: 0.000343, Train: 0.9899, Valid: 0.9689, Test: 0.9443
Run: 03, Epoch: 44, Loss: 0.0002, lr: 0.000343, Train: 0.9907, Valid: 0.9686, Test: 0.9451
Run: 03, Epoch: 45, Loss: 0.0002, lr: 0.000240, Train: 0.9911, Valid: 0.9684, Test: 0.9453
Run: 03, Epoch: 46, Loss: 0.0002, lr: 0.000240, Train: 0.9911, Valid: 0.9683, Test: 0.9449
Run: 03, Epoch: 47, Loss: 0.0002, lr: 0.000240, Train: 0.9910, Valid: 0.9682, Test: 0.9442
Run: 03, Epoch: 48, Loss: 0.0002, lr: 0.000240, Train: 0.9909, Valid: 0.9680, Test: 0.9439
Run: 03, Epoch: 49, Loss: 0.0002, lr: 0.000240, Train: 0.9912, Valid: 0.9677, Test: 0.9443
Run: 03, Epoch: 50, Loss: 0.0002, lr: 0.000240, Train: 0.9918, Valid: 0.9672, Test: 0.9456
Run: 03, Epoch: 51, Loss: 0.0002, lr: 0.000168, Train: 0.9924, Valid: 0.9667, Test: 0.9468
Run: 03, Epoch: 52, Loss: 0.0002, lr: 0.000168, Train: 0.9929, Valid: 0.9662, Test: 0.9478
Run: 03, Epoch: 53, Loss: 0.0002, lr: 0.000168, Train: 0.9933, Valid: 0.9658, Test: 0.9485
Run: 03, Epoch: 54, Loss: 0.0002, lr: 0.000168, Train: 0.9936, Valid: 0.9655, Test: 0.9489
Run: 03, Epoch: 55, Loss: 0.0002, lr: 0.000168, Train: 0.9937, Valid: 0.9652, Test: 0.9489
Run: 03, Epoch: 56, Loss: 0.0002, lr: 0.000168, Train: 0.9938, Valid: 0.9649, Test: 0.9488
Run: 03, Epoch: 57, Loss: 0.0002, lr: 0.000118, Train: 0.9939, Valid: 0.9647, Test: 0.9488
Run: 03, Epoch: 58, Loss: 0.0002, lr: 0.000118, Train: 0.9941, Valid: 0.9645, Test: 0.9489
Run: 03, Epoch: 59, Loss: 0.0002, lr: 0.000118, Train: 0.9943, Valid: 0.9643, Test: 0.9491
Run: 03, Epoch: 60, Loss: 0.0002, lr: 0.000118, Train: 0.9945, Valid: 0.9640, Test: 0.9495
Run: 03, Epoch: 61, Loss: 0.0002, lr: 0.000118, Train: 0.9947, Valid: 0.9638, Test: 0.9498
Run: 03, Epoch: 62, Loss: 0.0002, lr: 0.000118, Train: 0.9948, Valid: 0.9637, Test: 0.9499
Run: 03, Epoch: 63, Loss: 0.0002, lr: 0.000082, Train: 0.9949, Valid: 0.9636, Test: 0.9500
Run: 03, Epoch: 64, Loss: 0.0002, lr: 0.000082, Train: 0.9950, Valid: 0.9635, Test: 0.9500
Run: 03, Epoch: 65, Loss: 0.0002, lr: 0.000082, Train: 0.9951, Valid: 0.9635, Test: 0.9499
Run: 03, Epoch: 66, Loss: 0.0002, lr: 0.000082, Train: 0.9951, Valid: 0.9635, Test: 0.9497
Run: 03, Epoch: 67, Loss: 0.0002, lr: 0.000082, Train: 0.9952, Valid: 0.9635, Test: 0.9497
Run: 03, Epoch: 68, Loss: 0.0002, lr: 0.000082, Train: 0.9952, Valid: 0.9635, Test: 0.9497
Run: 03, Epoch: 69, Loss: 0.0002, lr: 0.000058, Train: 0.9953, Valid: 0.9634, Test: 0.9498
Run: 03, Epoch: 70, Loss: 0.0002, lr: 0.000058, Train: 0.9954, Valid: 0.9633, Test: 0.9499
Run: 03, Epoch: 71, Loss: 0.0002, lr: 0.000058, Train: 0.9954, Valid: 0.9632, Test: 0.9501
Run: 03, Epoch: 72, Loss: 0.0002, lr: 0.000058, Train: 0.9955, Valid: 0.9631, Test: 0.9502
Run: 03, Epoch: 73, Loss: 0.0001, lr: 0.000058, Train: 0.9956, Valid: 0.9629, Test: 0.9503
Run: 03, Epoch: 74, Loss: 0.0001, lr: 0.000058, Train: 0.9956, Valid: 0.9629, Test: 0.9504
Run: 03, Epoch: 75, Loss: 0.0001, lr: 0.000040, Train: 0.9957, Valid: 0.9628, Test: 0.9505
Run: 03, Epoch: 76, Loss: 0.0001, lr: 0.000040, Train: 0.9957, Valid: 0.9627, Test: 0.9505
Run: 03, Epoch: 77, Loss: 0.0001, lr: 0.000040, Train: 0.9957, Valid: 0.9627, Test: 0.9505
Run: 03, Epoch: 78, Loss: 0.0001, lr: 0.000040, Train: 0.9958, Valid: 0.9626, Test: 0.9505
Run: 03, Epoch: 79, Loss: 0.0001, lr: 0.000040, Train: 0.9958, Valid: 0.9626, Test: 0.9505
Run: 03, Epoch: 80, Loss: 0.0001, lr: 0.000040, Train: 0.9958, Valid: 0.9626, Test: 0.9505
Run: 03, Epoch: 81, Loss: 0.0001, lr: 0.000028, Train: 0.9959, Valid: 0.9625, Test: 0.9505
Run: 03, Epoch: 82, Loss: 0.0001, lr: 0.000028, Train: 0.9959, Valid: 0.9624, Test: 0.9506
Run: 03, Epoch: 83, Loss: 0.0001, lr: 0.000028, Train: 0.9959, Valid: 0.9624, Test: 0.9506
Run: 03, Epoch: 84, Loss: 0.0001, lr: 0.000028, Train: 0.9960, Valid: 0.9623, Test: 0.9507
Run: 03, Epoch: 85, Loss: 0.0001, lr: 0.000028, Train: 0.9960, Valid: 0.9622, Test: 0.9507
Run: 03, Epoch: 86, Loss: 0.0001, lr: 0.000028, Train: 0.9960, Valid: 0.9621, Test: 0.9507
Run: 03, Epoch: 87, Loss: 0.0001, lr: 0.000020, Train: 0.9960, Valid: 0.9621, Test: 0.9508
Run: 03, Epoch: 88, Loss: 0.0001, lr: 0.000020, Train: 0.9961, Valid: 0.9620, Test: 0.9508
Run: 03, Epoch: 89, Loss: 0.0001, lr: 0.000020, Train: 0.9961, Valid: 0.9620, Test: 0.9508
Run: 03, Epoch: 90, Loss: 0.0001, lr: 0.000020, Train: 0.9961, Valid: 0.9620, Test: 0.9508
Run: 03, Epoch: 91, Loss: 0.0001, lr: 0.000020, Train: 0.9961, Valid: 0.9619, Test: 0.9508
Run: 03, Epoch: 92, Loss: 0.0001, lr: 0.000020, Train: 0.9961, Valid: 0.9619, Test: 0.9509
Run: 03, Epoch: 93, Loss: 0.0001, lr: 0.000014, Train: 0.9961, Valid: 0.9619, Test: 0.9509
Run: 03, Epoch: 94, Loss: 0.0001, lr: 0.000014, Train: 0.9962, Valid: 0.9619, Test: 0.9509
Run: 03, Epoch: 95, Loss: 0.0001, lr: 0.000014, Train: 0.9962, Valid: 0.9619, Test: 0.9509
Run: 03, Epoch: 96, Loss: 0.0001, lr: 0.000014, Train: 0.9962, Valid: 0.9618, Test: 0.9509
Run: 03, Epoch: 97, Loss: 0.0001, lr: 0.000014, Train: 0.9962, Valid: 0.9618, Test: 0.9509
Run: 03, Epoch: 98, Loss: 0.0001, lr: 0.000014, Train: 0.9962, Valid: 0.9618, Test: 0.9509
Run: 03, Epoch: 99, Loss: 0.0001, lr: 0.000010, Train: 0.9962, Valid: 0.9618, Test: 0.9510
Run: 03, Epoch: 100, Loss: 0.0001, lr: 0.000010, Train: 0.9962, Valid: 0.9617, Test: 0.9510
Run 03:
Highest Train: 1.00
Highest Valid: 0.97
  Final Train: 0.97
   Final Test: 0.94
Run: 04, Epoch: 01, Loss: 0.0442, lr: 0.001000, Train: 0.0645, Valid: -0.1632, Test: -0.1128
Run: 04, Epoch: 02, Loss: 0.0124, lr: 0.001000, Train: 0.2048, Valid: -0.1670, Test: 0.0043
Run: 04, Epoch: 03, Loss: 0.0066, lr: 0.001000, Train: 0.1030, Valid: -0.3334, Test: -0.0805
Run: 04, Epoch: 04, Loss: 0.0063, lr: 0.001000, Train: 0.5055, Valid: 0.1614, Test: 0.3374
Run: 04, Epoch: 05, Loss: 0.0032, lr: 0.001000, Train: 0.7946, Valid: 0.5788, Test: 0.6446
Run: 04, Epoch: 06, Loss: 0.0021, lr: 0.001000, Train: 0.6470, Valid: 0.2444, Test: 0.4899
Run: 04, Epoch: 07, Loss: 0.0025, lr: 0.001000, Train: 0.4959, Valid: -0.0829, Test: 0.3404
Run: 04, Epoch: 08, Loss: 0.0023, lr: 0.001000, Train: 0.5581, Valid: 0.0363, Test: 0.4333
Run: 04, Epoch: 09, Loss: 0.0018, lr: 0.001000, Train: 0.6784, Valid: 0.2789, Test: 0.5753
Run: 04, Epoch: 10, Loss: 0.0016, lr: 0.001000, Train: 0.7391, Valid: 0.4221, Test: 0.6440
Run: 04, Epoch: 11, Loss: 0.0014, lr: 0.001000, Train: 0.7400, Valid: 0.4496, Test: 0.6419
Run: 04, Epoch: 12, Loss: 0.0012, lr: 0.000700, Train: 0.7626, Valid: 0.5162, Test: 0.6573
Run: 04, Epoch: 13, Loss: 0.0012, lr: 0.000700, Train: 0.7874, Valid: 0.5761, Test: 0.6712
Run: 04, Epoch: 14, Loss: 0.0012, lr: 0.000700, Train: 0.8240, Valid: 0.6521, Test: 0.7028
Run: 04, Epoch: 15, Loss: 0.0011, lr: 0.000700, Train: 0.8675, Valid: 0.7349, Test: 0.7455
Run: 04, Epoch: 16, Loss: 0.0010, lr: 0.000700, Train: 0.9027, Valid: 0.8020, Test: 0.7860
Run: 04, Epoch: 17, Loss: 0.0009, lr: 0.000700, Train: 0.9233, Valid: 0.8374, Test: 0.8156
Run: 04, Epoch: 18, Loss: 0.0008, lr: 0.000700, Train: 0.9329, Valid: 0.8500, Test: 0.8334
Run: 04, Epoch: 19, Loss: 0.0008, lr: 0.000700, Train: 0.9370, Valid: 0.8548, Test: 0.8431
Run: 04, Epoch: 20, Loss: 0.0008, lr: 0.000700, Train: 0.9401, Valid: 0.8627, Test: 0.8492
Run: 04, Epoch: 21, Loss: 0.0008, lr: 0.000700, Train: 0.9428, Valid: 0.8739, Test: 0.8519
Run: 04, Epoch: 22, Loss: 0.0007, lr: 0.000700, Train: 0.9462, Valid: 0.8863, Test: 0.8540
Run: 04, Epoch: 23, Loss: 0.0007, lr: 0.000700, Train: 0.9518, Valid: 0.9020, Test: 0.8591
Run: 04, Epoch: 24, Loss: 0.0006, lr: 0.000700, Train: 0.9598, Valid: 0.9180, Test: 0.8661
Run: 04, Epoch: 25, Loss: 0.0006, lr: 0.000700, Train: 0.9678, Valid: 0.9301, Test: 0.8749
Run: 04, Epoch: 26, Loss: 0.0006, lr: 0.000700, Train: 0.9742, Valid: 0.9334, Test: 0.8833
Run: 04, Epoch: 27, Loss: 0.0005, lr: 0.000700, Train: 0.9781, Valid: 0.9292, Test: 0.8902
Run: 04, Epoch: 28, Loss: 0.0005, lr: 0.000700, Train: 0.9798, Valid: 0.9232, Test: 0.8953
Run: 04, Epoch: 29, Loss: 0.0005, lr: 0.000700, Train: 0.9802, Valid: 0.9201, Test: 0.8980
Run: 04, Epoch: 30, Loss: 0.0005, lr: 0.000700, Train: 0.9795, Valid: 0.9196, Test: 0.8981
Run: 04, Epoch: 31, Loss: 0.0004, lr: 0.000700, Train: 0.9774, Valid: 0.9181, Test: 0.8949
Run: 04, Epoch: 32, Loss: 0.0004, lr: 0.000700, Train: 0.9750, Valid: 0.9152, Test: 0.8903
Run: 04, Epoch: 33, Loss: 0.0004, lr: 0.000490, Train: 0.9759, Valid: 0.9164, Test: 0.8891
Run: 04, Epoch: 34, Loss: 0.0004, lr: 0.000490, Train: 0.9785, Valid: 0.9205, Test: 0.8898
Run: 04, Epoch: 35, Loss: 0.0004, lr: 0.000490, Train: 0.9821, Valid: 0.9253, Test: 0.8918
Run: 04, Epoch: 36, Loss: 0.0003, lr: 0.000490, Train: 0.9854, Valid: 0.9275, Test: 0.8941
Run: 04, Epoch: 37, Loss: 0.0003, lr: 0.000490, Train: 0.9877, Valid: 0.9259, Test: 0.8959
Run: 04, Epoch: 38, Loss: 0.0003, lr: 0.000490, Train: 0.9889, Valid: 0.9214, Test: 0.8973
Run: 04, Epoch: 39, Loss: 0.0003, lr: 0.000343, Train: 0.9895, Valid: 0.9183, Test: 0.8981
Run: 04, Epoch: 40, Loss: 0.0003, lr: 0.000343, Train: 0.9901, Valid: 0.9166, Test: 0.8989
Run: 04, Epoch: 41, Loss: 0.0003, lr: 0.000343, Train: 0.9907, Valid: 0.9167, Test: 0.8998
Run: 04, Epoch: 42, Loss: 0.0003, lr: 0.000343, Train: 0.9912, Valid: 0.9176, Test: 0.9006
Run: 04, Epoch: 43, Loss: 0.0003, lr: 0.000343, Train: 0.9916, Valid: 0.9186, Test: 0.9013
Run: 04, Epoch: 44, Loss: 0.0003, lr: 0.000343, Train: 0.9918, Valid: 0.9193, Test: 0.9018
Run: 04, Epoch: 45, Loss: 0.0003, lr: 0.000240, Train: 0.9920, Valid: 0.9193, Test: 0.9021
Run: 04, Epoch: 46, Loss: 0.0003, lr: 0.000240, Train: 0.9922, Valid: 0.9190, Test: 0.9025
Run: 04, Epoch: 47, Loss: 0.0002, lr: 0.000240, Train: 0.9924, Valid: 0.9185, Test: 0.9027
Run: 04, Epoch: 48, Loss: 0.0002, lr: 0.000240, Train: 0.9927, Valid: 0.9178, Test: 0.9030
Run: 04, Epoch: 49, Loss: 0.0002, lr: 0.000240, Train: 0.9929, Valid: 0.9170, Test: 0.9031
Run: 04, Epoch: 50, Loss: 0.0002, lr: 0.000240, Train: 0.9931, Valid: 0.9160, Test: 0.9032
Run: 04, Epoch: 51, Loss: 0.0002, lr: 0.000168, Train: 0.9932, Valid: 0.9155, Test: 0.9031
Run: 04, Epoch: 52, Loss: 0.0002, lr: 0.000168, Train: 0.9934, Valid: 0.9153, Test: 0.9030
Run: 04, Epoch: 53, Loss: 0.0002, lr: 0.000168, Train: 0.9936, Valid: 0.9152, Test: 0.9029
Run: 04, Epoch: 54, Loss: 0.0002, lr: 0.000168, Train: 0.9937, Valid: 0.9154, Test: 0.9028
Run: 04, Epoch: 55, Loss: 0.0002, lr: 0.000168, Train: 0.9939, Valid: 0.9158, Test: 0.9027
Run: 04, Epoch: 56, Loss: 0.0002, lr: 0.000168, Train: 0.9941, Valid: 0.9163, Test: 0.9026
Run: 04, Epoch: 57, Loss: 0.0002, lr: 0.000118, Train: 0.9942, Valid: 0.9167, Test: 0.9026
Run: 04, Epoch: 58, Loss: 0.0002, lr: 0.000118, Train: 0.9943, Valid: 0.9171, Test: 0.9025
Run: 04, Epoch: 59, Loss: 0.0002, lr: 0.000118, Train: 0.9944, Valid: 0.9174, Test: 0.9024
Run: 04, Epoch: 60, Loss: 0.0002, lr: 0.000118, Train: 0.9945, Valid: 0.9176, Test: 0.9024
Run: 04, Epoch: 61, Loss: 0.0002, lr: 0.000118, Train: 0.9946, Valid: 0.9178, Test: 0.9024
Run: 04, Epoch: 62, Loss: 0.0002, lr: 0.000118, Train: 0.9946, Valid: 0.9178, Test: 0.9023
Run: 04, Epoch: 63, Loss: 0.0002, lr: 0.000082, Train: 0.9947, Valid: 0.9178, Test: 0.9024
Run: 04, Epoch: 64, Loss: 0.0002, lr: 0.000082, Train: 0.9948, Valid: 0.9177, Test: 0.9024
Run: 04, Epoch: 65, Loss: 0.0002, lr: 0.000082, Train: 0.9948, Valid: 0.9177, Test: 0.9024
Run: 04, Epoch: 66, Loss: 0.0002, lr: 0.000082, Train: 0.9949, Valid: 0.9176, Test: 0.9024
Run: 04, Epoch: 67, Loss: 0.0002, lr: 0.000082, Train: 0.9949, Valid: 0.9175, Test: 0.9024
Run: 04, Epoch: 68, Loss: 0.0002, lr: 0.000082, Train: 0.9949, Valid: 0.9174, Test: 0.9025
Run: 04, Epoch: 69, Loss: 0.0002, lr: 0.000058, Train: 0.9950, Valid: 0.9174, Test: 0.9025
Run: 04, Epoch: 70, Loss: 0.0002, lr: 0.000058, Train: 0.9950, Valid: 0.9174, Test: 0.9025
Run: 04, Epoch: 71, Loss: 0.0002, lr: 0.000058, Train: 0.9951, Valid: 0.9175, Test: 0.9025
Run: 04, Epoch: 72, Loss: 0.0002, lr: 0.000058, Train: 0.9951, Valid: 0.9175, Test: 0.9024
Run: 04, Epoch: 73, Loss: 0.0002, lr: 0.000058, Train: 0.9951, Valid: 0.9176, Test: 0.9024
Run: 04, Epoch: 74, Loss: 0.0002, lr: 0.000058, Train: 0.9952, Valid: 0.9177, Test: 0.9024
Run: 04, Epoch: 75, Loss: 0.0002, lr: 0.000040, Train: 0.9952, Valid: 0.9179, Test: 0.9024
Run: 04, Epoch: 76, Loss: 0.0002, lr: 0.000040, Train: 0.9952, Valid: 0.9180, Test: 0.9024
Run: 04, Epoch: 77, Loss: 0.0002, lr: 0.000040, Train: 0.9953, Valid: 0.9182, Test: 0.9024
Run: 04, Epoch: 78, Loss: 0.0002, lr: 0.000040, Train: 0.9953, Valid: 0.9183, Test: 0.9024
Run: 04, Epoch: 79, Loss: 0.0002, lr: 0.000040, Train: 0.9953, Valid: 0.9184, Test: 0.9024
Run: 04, Epoch: 80, Loss: 0.0002, lr: 0.000040, Train: 0.9953, Valid: 0.9186, Test: 0.9024
Run: 04, Epoch: 81, Loss: 0.0002, lr: 0.000028, Train: 0.9954, Valid: 0.9187, Test: 0.9024
Run: 04, Epoch: 82, Loss: 0.0002, lr: 0.000028, Train: 0.9954, Valid: 0.9188, Test: 0.9025
Run: 04, Epoch: 83, Loss: 0.0002, lr: 0.000028, Train: 0.9954, Valid: 0.9189, Test: 0.9025
Run: 04, Epoch: 84, Loss: 0.0002, lr: 0.000028, Train: 0.9954, Valid: 0.9190, Test: 0.9025
Run: 04, Epoch: 85, Loss: 0.0002, lr: 0.000028, Train: 0.9954, Valid: 0.9190, Test: 0.9025
Run: 04, Epoch: 86, Loss: 0.0002, lr: 0.000028, Train: 0.9955, Valid: 0.9191, Test: 0.9025
Run: 04, Epoch: 87, Loss: 0.0002, lr: 0.000020, Train: 0.9955, Valid: 0.9191, Test: 0.9025
Run: 04, Epoch: 88, Loss: 0.0002, lr: 0.000020, Train: 0.9955, Valid: 0.9192, Test: 0.9026
Run: 04, Epoch: 89, Loss: 0.0002, lr: 0.000020, Train: 0.9955, Valid: 0.9192, Test: 0.9026
Run: 04, Epoch: 90, Loss: 0.0002, lr: 0.000020, Train: 0.9955, Valid: 0.9192, Test: 0.9026
Run: 04, Epoch: 91, Loss: 0.0002, lr: 0.000020, Train: 0.9955, Valid: 0.9192, Test: 0.9026
Run: 04, Epoch: 92, Loss: 0.0002, lr: 0.000020, Train: 0.9955, Valid: 0.9193, Test: 0.9027
Run: 04, Epoch: 93, Loss: 0.0002, lr: 0.000014, Train: 0.9955, Valid: 0.9193, Test: 0.9027
Run: 04, Epoch: 94, Loss: 0.0002, lr: 0.000014, Train: 0.9955, Valid: 0.9193, Test: 0.9027
Run: 04, Epoch: 95, Loss: 0.0002, lr: 0.000014, Train: 0.9956, Valid: 0.9193, Test: 0.9027
Run: 04, Epoch: 96, Loss: 0.0002, lr: 0.000014, Train: 0.9956, Valid: 0.9193, Test: 0.9027
Run: 04, Epoch: 97, Loss: 0.0002, lr: 0.000014, Train: 0.9956, Valid: 0.9193, Test: 0.9027
Run: 04, Epoch: 98, Loss: 0.0002, lr: 0.000014, Train: 0.9956, Valid: 0.9193, Test: 0.9027
Run: 04, Epoch: 99, Loss: 0.0002, lr: 0.000010, Train: 0.9956, Valid: 0.9193, Test: 0.9028
Run: 04, Epoch: 100, Loss: 0.0002, lr: 0.000010, Train: 0.9956, Valid: 0.9194, Test: 0.9028
Run 04:
Highest Train: 1.00
Highest Valid: 0.93
  Final Train: 0.97
   Final Test: 0.88
Run: 05, Epoch: 01, Loss: 0.0413, lr: 0.001000, Train: 0.3511, Valid: 0.1966, Test: 0.3149
Run: 05, Epoch: 02, Loss: 0.0064, lr: 0.001000, Train: 0.2267, Valid: 0.1173, Test: 0.0559
Run: 05, Epoch: 03, Loss: 0.0072, lr: 0.001000, Train: 0.7823, Valid: 0.7443, Test: 0.7905
Run: 05, Epoch: 04, Loss: 0.0049, lr: 0.001000, Train: 0.4468, Valid: 0.3526, Test: 0.3552
Run: 05, Epoch: 05, Loss: 0.0036, lr: 0.001000, Train: 0.7158, Valid: 0.6539, Test: 0.7040
Run: 05, Epoch: 06, Loss: 0.0023, lr: 0.001000, Train: 0.8819, Valid: 0.8357, Test: 0.9079
Run: 05, Epoch: 07, Loss: 0.0025, lr: 0.001000, Train: 0.9075, Valid: 0.8717, Test: 0.9299
Run: 05, Epoch: 08, Loss: 0.0024, lr: 0.001000, Train: 0.8992, Valid: 0.8706, Test: 0.9107
Run: 05, Epoch: 09, Loss: 0.0018, lr: 0.001000, Train: 0.9311, Valid: 0.9029, Test: 0.9323
Run: 05, Epoch: 10, Loss: 0.0016, lr: 0.001000, Train: 0.8836, Valid: 0.8469, Test: 0.8701
Run: 05, Epoch: 11, Loss: 0.0017, lr: 0.001000, Train: 0.8398, Valid: 0.8129, Test: 0.8205
Run: 05, Epoch: 12, Loss: 0.0016, lr: 0.001000, Train: 0.9119, Valid: 0.8935, Test: 0.9095
Run: 05, Epoch: 13, Loss: 0.0014, lr: 0.001000, Train: 0.9483, Valid: 0.9413, Test: 0.9588
Run: 05, Epoch: 14, Loss: 0.0013, lr: 0.001000, Train: 0.9454, Valid: 0.9396, Test: 0.9553
Run: 05, Epoch: 15, Loss: 0.0012, lr: 0.001000, Train: 0.9557, Valid: 0.9409, Test: 0.9603
Run: 05, Epoch: 16, Loss: 0.0010, lr: 0.001000, Train: 0.9490, Valid: 0.9246, Test: 0.9420
Run: 05, Epoch: 17, Loss: 0.0011, lr: 0.001000, Train: 0.9433, Valid: 0.9174, Test: 0.9324
Run: 05, Epoch: 18, Loss: 0.0011, lr: 0.001000, Train: 0.9547, Valid: 0.9336, Test: 0.9479
Run: 05, Epoch: 19, Loss: 0.0009, lr: 0.001000, Train: 0.9562, Valid: 0.9456, Test: 0.9523
Run: 05, Epoch: 20, Loss: 0.0008, lr: 0.001000, Train: 0.9557, Valid: 0.9463, Test: 0.9543
Run: 05, Epoch: 21, Loss: 0.0008, lr: 0.001000, Train: 0.9596, Valid: 0.9403, Test: 0.9585
Run: 05, Epoch: 22, Loss: 0.0008, lr: 0.001000, Train: 0.9568, Valid: 0.9263, Test: 0.9521
Run: 05, Epoch: 23, Loss: 0.0007, lr: 0.001000, Train: 0.9563, Valid: 0.9175, Test: 0.9482
Run: 05, Epoch: 24, Loss: 0.0007, lr: 0.001000, Train: 0.9638, Valid: 0.9193, Test: 0.9552
Run: 05, Epoch: 25, Loss: 0.0006, lr: 0.001000, Train: 0.9710, Valid: 0.9250, Test: 0.9630
Run: 05, Epoch: 26, Loss: 0.0006, lr: 0.001000, Train: 0.9744, Valid: 0.9286, Test: 0.9668
Run: 05, Epoch: 27, Loss: 0.0006, lr: 0.000700, Train: 0.9762, Valid: 0.9283, Test: 0.9672
Run: 05, Epoch: 28, Loss: 0.0005, lr: 0.000700, Train: 0.9779, Valid: 0.9247, Test: 0.9665
Run: 05, Epoch: 29, Loss: 0.0005, lr: 0.000700, Train: 0.9790, Valid: 0.9192, Test: 0.9654
Run: 05, Epoch: 30, Loss: 0.0005, lr: 0.000700, Train: 0.9796, Valid: 0.9146, Test: 0.9652
Run: 05, Epoch: 31, Loss: 0.0005, lr: 0.000700, Train: 0.9804, Valid: 0.9135, Test: 0.9668
Run: 05, Epoch: 32, Loss: 0.0004, lr: 0.000700, Train: 0.9813, Valid: 0.9142, Test: 0.9694
Run: 05, Epoch: 33, Loss: 0.0004, lr: 0.000490, Train: 0.9822, Valid: 0.9150, Test: 0.9711
Run: 05, Epoch: 34, Loss: 0.0004, lr: 0.000490, Train: 0.9832, Valid: 0.9152, Test: 0.9722
Run: 05, Epoch: 35, Loss: 0.0004, lr: 0.000490, Train: 0.9846, Valid: 0.9153, Test: 0.9726
Run: 05, Epoch: 36, Loss: 0.0004, lr: 0.000490, Train: 0.9859, Valid: 0.9151, Test: 0.9722
Run: 05, Epoch: 37, Loss: 0.0004, lr: 0.000490, Train: 0.9868, Valid: 0.9149, Test: 0.9712
Run: 05, Epoch: 38, Loss: 0.0003, lr: 0.000490, Train: 0.9874, Valid: 0.9149, Test: 0.9706
Run: 05, Epoch: 39, Loss: 0.0003, lr: 0.000343, Train: 0.9880, Valid: 0.9156, Test: 0.9709
Run: 05, Epoch: 40, Loss: 0.0003, lr: 0.000343, Train: 0.9885, Valid: 0.9169, Test: 0.9716
Run: 05, Epoch: 41, Loss: 0.0003, lr: 0.000343, Train: 0.9887, Valid: 0.9184, Test: 0.9723
Run: 05, Epoch: 42, Loss: 0.0003, lr: 0.000343, Train: 0.9889, Valid: 0.9197, Test: 0.9727
Run: 05, Epoch: 43, Loss: 0.0003, lr: 0.000343, Train: 0.9891, Valid: 0.9207, Test: 0.9728
Run: 05, Epoch: 44, Loss: 0.0003, lr: 0.000343, Train: 0.9893, Valid: 0.9212, Test: 0.9726
Run: 05, Epoch: 45, Loss: 0.0003, lr: 0.000240, Train: 0.9896, Valid: 0.9214, Test: 0.9724
Run: 05, Epoch: 46, Loss: 0.0003, lr: 0.000240, Train: 0.9899, Valid: 0.9214, Test: 0.9721
Run: 05, Epoch: 47, Loss: 0.0003, lr: 0.000240, Train: 0.9902, Valid: 0.9213, Test: 0.9718
Run: 05, Epoch: 48, Loss: 0.0003, lr: 0.000240, Train: 0.9906, Valid: 0.9214, Test: 0.9716
Run: 05, Epoch: 49, Loss: 0.0003, lr: 0.000240, Train: 0.9909, Valid: 0.9216, Test: 0.9714
Run: 05, Epoch: 50, Loss: 0.0003, lr: 0.000240, Train: 0.9912, Valid: 0.9221, Test: 0.9713
Run: 05, Epoch: 51, Loss: 0.0003, lr: 0.000168, Train: 0.9914, Valid: 0.9225, Test: 0.9712
Run: 05, Epoch: 52, Loss: 0.0002, lr: 0.000168, Train: 0.9916, Valid: 0.9228, Test: 0.9711
Run: 05, Epoch: 53, Loss: 0.0002, lr: 0.000168, Train: 0.9917, Valid: 0.9230, Test: 0.9710
Run: 05, Epoch: 54, Loss: 0.0002, lr: 0.000168, Train: 0.9918, Valid: 0.9232, Test: 0.9708
Run: 05, Epoch: 55, Loss: 0.0002, lr: 0.000168, Train: 0.9920, Valid: 0.9233, Test: 0.9706
Run: 05, Epoch: 56, Loss: 0.0002, lr: 0.000168, Train: 0.9921, Valid: 0.9234, Test: 0.9703
Run: 05, Epoch: 57, Loss: 0.0002, lr: 0.000118, Train: 0.9924, Valid: 0.9236, Test: 0.9701
Run: 05, Epoch: 58, Loss: 0.0002, lr: 0.000118, Train: 0.9926, Valid: 0.9237, Test: 0.9698
Run: 05, Epoch: 59, Loss: 0.0002, lr: 0.000118, Train: 0.9928, Valid: 0.9238, Test: 0.9695
Run: 05, Epoch: 60, Loss: 0.0002, lr: 0.000118, Train: 0.9929, Valid: 0.9239, Test: 0.9692
Run: 05, Epoch: 61, Loss: 0.0002, lr: 0.000118, Train: 0.9931, Valid: 0.9239, Test: 0.9690
Run: 05, Epoch: 62, Loss: 0.0002, lr: 0.000118, Train: 0.9933, Valid: 0.9240, Test: 0.9689
Run: 05, Epoch: 63, Loss: 0.0002, lr: 0.000082, Train: 0.9934, Valid: 0.9240, Test: 0.9688
Run: 05, Epoch: 64, Loss: 0.0002, lr: 0.000082, Train: 0.9935, Valid: 0.9240, Test: 0.9688
Run: 05, Epoch: 65, Loss: 0.0002, lr: 0.000082, Train: 0.9936, Valid: 0.9240, Test: 0.9687
Run: 05, Epoch: 66, Loss: 0.0002, lr: 0.000082, Train: 0.9937, Valid: 0.9241, Test: 0.9687
Run: 05, Epoch: 67, Loss: 0.0002, lr: 0.000082, Train: 0.9938, Valid: 0.9242, Test: 0.9687
Run: 05, Epoch: 68, Loss: 0.0002, lr: 0.000082, Train: 0.9938, Valid: 0.9242, Test: 0.9686
Run: 05, Epoch: 69, Loss: 0.0002, lr: 0.000058, Train: 0.9939, Valid: 0.9243, Test: 0.9685
Run: 05, Epoch: 70, Loss: 0.0002, lr: 0.000058, Train: 0.9940, Valid: 0.9244, Test: 0.9685
Run: 05, Epoch: 71, Loss: 0.0002, lr: 0.000058, Train: 0.9940, Valid: 0.9244, Test: 0.9684
Run: 05, Epoch: 72, Loss: 0.0002, lr: 0.000058, Train: 0.9941, Valid: 0.9244, Test: 0.9684
Run: 05, Epoch: 73, Loss: 0.0002, lr: 0.000058, Train: 0.9942, Valid: 0.9244, Test: 0.9683
Run: 05, Epoch: 74, Loss: 0.0002, lr: 0.000058, Train: 0.9942, Valid: 0.9244, Test: 0.9683
Run: 05, Epoch: 75, Loss: 0.0002, lr: 0.000040, Train: 0.9943, Valid: 0.9244, Test: 0.9682
Run: 05, Epoch: 76, Loss: 0.0002, lr: 0.000040, Train: 0.9943, Valid: 0.9244, Test: 0.9682
Run: 05, Epoch: 77, Loss: 0.0002, lr: 0.000040, Train: 0.9944, Valid: 0.9244, Test: 0.9681
Run: 05, Epoch: 78, Loss: 0.0002, lr: 0.000040, Train: 0.9944, Valid: 0.9244, Test: 0.9681
Run: 05, Epoch: 79, Loss: 0.0002, lr: 0.000040, Train: 0.9944, Valid: 0.9244, Test: 0.9681
Run: 05, Epoch: 80, Loss: 0.0002, lr: 0.000040, Train: 0.9945, Valid: 0.9244, Test: 0.9681
Run: 05, Epoch: 81, Loss: 0.0002, lr: 0.000028, Train: 0.9945, Valid: 0.9244, Test: 0.9680
Run: 05, Epoch: 82, Loss: 0.0002, lr: 0.000028, Train: 0.9945, Valid: 0.9244, Test: 0.9680
Run: 05, Epoch: 83, Loss: 0.0002, lr: 0.000028, Train: 0.9946, Valid: 0.9245, Test: 0.9680
Run: 05, Epoch: 84, Loss: 0.0002, lr: 0.000028, Train: 0.9946, Valid: 0.9245, Test: 0.9679
Run: 05, Epoch: 85, Loss: 0.0002, lr: 0.000028, Train: 0.9946, Valid: 0.9245, Test: 0.9679
Run: 05, Epoch: 86, Loss: 0.0002, lr: 0.000028, Train: 0.9947, Valid: 0.9245, Test: 0.9678
Run: 05, Epoch: 87, Loss: 0.0002, lr: 0.000020, Train: 0.9947, Valid: 0.9245, Test: 0.9678
Run: 05, Epoch: 88, Loss: 0.0002, lr: 0.000020, Train: 0.9947, Valid: 0.9246, Test: 0.9678
Run: 05, Epoch: 89, Loss: 0.0002, lr: 0.000020, Train: 0.9947, Valid: 0.9246, Test: 0.9678
Run: 05, Epoch: 90, Loss: 0.0002, lr: 0.000020, Train: 0.9947, Valid: 0.9246, Test: 0.9677
Run: 05, Epoch: 91, Loss: 0.0002, lr: 0.000020, Train: 0.9948, Valid: 0.9246, Test: 0.9677
Run: 05, Epoch: 92, Loss: 0.0002, lr: 0.000020, Train: 0.9948, Valid: 0.9247, Test: 0.9677
Run: 05, Epoch: 93, Loss: 0.0002, lr: 0.000014, Train: 0.9948, Valid: 0.9247, Test: 0.9676
Run: 05, Epoch: 94, Loss: 0.0002, lr: 0.000014, Train: 0.9948, Valid: 0.9247, Test: 0.9676
Run: 05, Epoch: 95, Loss: 0.0002, lr: 0.000014, Train: 0.9948, Valid: 0.9247, Test: 0.9676
Run: 05, Epoch: 96, Loss: 0.0002, lr: 0.000014, Train: 0.9948, Valid: 0.9248, Test: 0.9676
Run: 05, Epoch: 97, Loss: 0.0002, lr: 0.000014, Train: 0.9948, Valid: 0.9248, Test: 0.9676
Run: 05, Epoch: 98, Loss: 0.0002, lr: 0.000014, Train: 0.9948, Valid: 0.9248, Test: 0.9676
Run: 05, Epoch: 99, Loss: 0.0002, lr: 0.000010, Train: 0.9949, Valid: 0.9248, Test: 0.9676
Run: 05, Epoch: 100, Loss: 0.0002, lr: 0.000010, Train: 0.9949, Valid: 0.9249, Test: 0.9676
Run 05:
Highest Train: 0.99
Highest Valid: 0.95
  Final Train: 0.96
   Final Test: 0.95
Run: 06, Epoch: 01, Loss: 0.0363, lr: 0.001000, Train: 0.3499, Valid: 0.4321, Test: 0.3779
Run: 06, Epoch: 02, Loss: 0.0175, lr: 0.001000, Train: 0.2332, Valid: 0.3018, Test: 0.5136
Run: 06, Epoch: 03, Loss: 0.0129, lr: 0.001000, Train: 0.3527, Valid: 0.4074, Test: 0.6252
Run: 06, Epoch: 04, Loss: 0.0089, lr: 0.001000, Train: 0.7574, Valid: 0.7594, Test: 0.7820
Run: 06, Epoch: 05, Loss: 0.0044, lr: 0.001000, Train: 0.8262, Valid: 0.8445, Test: 0.8366
Run: 06, Epoch: 06, Loss: 0.0044, lr: 0.001000, Train: 0.7781, Valid: 0.8364, Test: 0.8549
Run: 06, Epoch: 07, Loss: 0.0034, lr: 0.001000, Train: 0.8432, Valid: 0.9036, Test: 0.8859
Run: 06, Epoch: 08, Loss: 0.0027, lr: 0.001000, Train: 0.8808, Valid: 0.9402, Test: 0.9070
Run: 06, Epoch: 09, Loss: 0.0032, lr: 0.001000, Train: 0.8970, Valid: 0.9502, Test: 0.9214
Run: 06, Epoch: 10, Loss: 0.0028, lr: 0.001000, Train: 0.9031, Valid: 0.9479, Test: 0.9324
Run: 06, Epoch: 11, Loss: 0.0020, lr: 0.001000, Train: 0.8765, Valid: 0.9166, Test: 0.9347
Run: 06, Epoch: 12, Loss: 0.0016, lr: 0.001000, Train: 0.8449, Valid: 0.8831, Test: 0.9360
Run: 06, Epoch: 13, Loss: 0.0017, lr: 0.001000, Train: 0.8595, Valid: 0.8892, Test: 0.9443
Run: 06, Epoch: 14, Loss: 0.0017, lr: 0.001000, Train: 0.9086, Valid: 0.9294, Test: 0.9541
Run: 06, Epoch: 15, Loss: 0.0015, lr: 0.001000, Train: 0.9440, Valid: 0.9600, Test: 0.9565
Run: 06, Epoch: 16, Loss: 0.0014, lr: 0.001000, Train: 0.9525, Valid: 0.9697, Test: 0.9536
Run: 06, Epoch: 17, Loss: 0.0013, lr: 0.001000, Train: 0.9543, Valid: 0.9752, Test: 0.9517
Run: 06, Epoch: 18, Loss: 0.0011, lr: 0.001000, Train: 0.9535, Valid: 0.9788, Test: 0.9498
Run: 06, Epoch: 19, Loss: 0.0011, lr: 0.001000, Train: 0.9429, Valid: 0.9733, Test: 0.9453
Run: 06, Epoch: 20, Loss: 0.0011, lr: 0.001000, Train: 0.9315, Valid: 0.9650, Test: 0.9418
Run: 06, Epoch: 21, Loss: 0.0011, lr: 0.001000, Train: 0.9346, Valid: 0.9668, Test: 0.9438
Run: 06, Epoch: 22, Loss: 0.0010, lr: 0.001000, Train: 0.9455, Valid: 0.9733, Test: 0.9482
Run: 06, Epoch: 23, Loss: 0.0009, lr: 0.001000, Train: 0.9542, Valid: 0.9761, Test: 0.9512
Run: 06, Epoch: 24, Loss: 0.0009, lr: 0.001000, Train: 0.9579, Valid: 0.9743, Test: 0.9527
Run: 06, Epoch: 25, Loss: 0.0008, lr: 0.000700, Train: 0.9593, Valid: 0.9716, Test: 0.9530
Run: 06, Epoch: 26, Loss: 0.0008, lr: 0.000700, Train: 0.9593, Valid: 0.9687, Test: 0.9528
Run: 06, Epoch: 27, Loss: 0.0008, lr: 0.000700, Train: 0.9609, Valid: 0.9678, Test: 0.9524
Run: 06, Epoch: 28, Loss: 0.0008, lr: 0.000700, Train: 0.9643, Valid: 0.9691, Test: 0.9523
Run: 06, Epoch: 29, Loss: 0.0007, lr: 0.000700, Train: 0.9686, Valid: 0.9723, Test: 0.9524
Run: 06, Epoch: 30, Loss: 0.0007, lr: 0.000700, Train: 0.9717, Valid: 0.9756, Test: 0.9525
Run: 06, Epoch: 31, Loss: 0.0006, lr: 0.000490, Train: 0.9734, Valid: 0.9779, Test: 0.9525
Run: 06, Epoch: 32, Loss: 0.0006, lr: 0.000490, Train: 0.9743, Valid: 0.9793, Test: 0.9525
Run: 06, Epoch: 33, Loss: 0.0006, lr: 0.000490, Train: 0.9748, Valid: 0.9801, Test: 0.9526
Run: 06, Epoch: 34, Loss: 0.0006, lr: 0.000490, Train: 0.9754, Valid: 0.9805, Test: 0.9528
Run: 06, Epoch: 35, Loss: 0.0006, lr: 0.000490, Train: 0.9764, Valid: 0.9810, Test: 0.9530
Run: 06, Epoch: 36, Loss: 0.0006, lr: 0.000490, Train: 0.9779, Valid: 0.9818, Test: 0.9530
Run: 06, Epoch: 37, Loss: 0.0005, lr: 0.000490, Train: 0.9799, Valid: 0.9827, Test: 0.9530
Run: 06, Epoch: 38, Loss: 0.0005, lr: 0.000490, Train: 0.9816, Valid: 0.9833, Test: 0.9528
Run: 06, Epoch: 39, Loss: 0.0005, lr: 0.000490, Train: 0.9827, Valid: 0.9830, Test: 0.9525
Run: 06, Epoch: 40, Loss: 0.0005, lr: 0.000490, Train: 0.9832, Valid: 0.9821, Test: 0.9523
Run: 06, Epoch: 41, Loss: 0.0005, lr: 0.000490, Train: 0.9836, Valid: 0.9812, Test: 0.9523
Run: 06, Epoch: 42, Loss: 0.0005, lr: 0.000490, Train: 0.9842, Valid: 0.9808, Test: 0.9526
Run: 06, Epoch: 43, Loss: 0.0004, lr: 0.000490, Train: 0.9849, Valid: 0.9809, Test: 0.9530
Run: 06, Epoch: 44, Loss: 0.0004, lr: 0.000490, Train: 0.9854, Valid: 0.9810, Test: 0.9533
Run: 06, Epoch: 45, Loss: 0.0004, lr: 0.000343, Train: 0.9860, Valid: 0.9810, Test: 0.9534
Run: 06, Epoch: 46, Loss: 0.0004, lr: 0.000343, Train: 0.9864, Valid: 0.9807, Test: 0.9534
Run: 06, Epoch: 47, Loss: 0.0004, lr: 0.000343, Train: 0.9867, Valid: 0.9804, Test: 0.9532
Run: 06, Epoch: 48, Loss: 0.0004, lr: 0.000343, Train: 0.9868, Valid: 0.9801, Test: 0.9530
Run: 06, Epoch: 49, Loss: 0.0004, lr: 0.000343, Train: 0.9869, Valid: 0.9798, Test: 0.9528
Run: 06, Epoch: 50, Loss: 0.0004, lr: 0.000343, Train: 0.9871, Valid: 0.9796, Test: 0.9528
Run: 06, Epoch: 51, Loss: 0.0004, lr: 0.000240, Train: 0.9875, Valid: 0.9798, Test: 0.9529
Run: 06, Epoch: 52, Loss: 0.0004, lr: 0.000240, Train: 0.9878, Valid: 0.9800, Test: 0.9531
Run: 06, Epoch: 53, Loss: 0.0003, lr: 0.000240, Train: 0.9882, Valid: 0.9802, Test: 0.9533
Run: 06, Epoch: 54, Loss: 0.0003, lr: 0.000240, Train: 0.9885, Valid: 0.9805, Test: 0.9536
Run: 06, Epoch: 55, Loss: 0.0003, lr: 0.000240, Train: 0.9888, Valid: 0.9806, Test: 0.9540
Run: 06, Epoch: 56, Loss: 0.0003, lr: 0.000240, Train: 0.9891, Valid: 0.9807, Test: 0.9543
Run: 06, Epoch: 57, Loss: 0.0003, lr: 0.000168, Train: 0.9893, Valid: 0.9809, Test: 0.9546
Run: 06, Epoch: 58, Loss: 0.0003, lr: 0.000168, Train: 0.9895, Valid: 0.9810, Test: 0.9548
Run: 06, Epoch: 59, Loss: 0.0003, lr: 0.000168, Train: 0.9897, Valid: 0.9811, Test: 0.9551
Run: 06, Epoch: 60, Loss: 0.0003, lr: 0.000168, Train: 0.9900, Valid: 0.9813, Test: 0.9554
Run: 06, Epoch: 61, Loss: 0.0003, lr: 0.000168, Train: 0.9902, Valid: 0.9814, Test: 0.9556
Run: 06, Epoch: 62, Loss: 0.0003, lr: 0.000168, Train: 0.9904, Valid: 0.9815, Test: 0.9559
Run: 06, Epoch: 63, Loss: 0.0003, lr: 0.000118, Train: 0.9905, Valid: 0.9817, Test: 0.9560
Run: 06, Epoch: 64, Loss: 0.0003, lr: 0.000118, Train: 0.9907, Valid: 0.9818, Test: 0.9562
Run: 06, Epoch: 65, Loss: 0.0003, lr: 0.000118, Train: 0.9909, Valid: 0.9819, Test: 0.9563
Run: 06, Epoch: 66, Loss: 0.0003, lr: 0.000118, Train: 0.9910, Valid: 0.9820, Test: 0.9564
Run: 06, Epoch: 67, Loss: 0.0003, lr: 0.000118, Train: 0.9911, Valid: 0.9820, Test: 0.9564
Run: 06, Epoch: 68, Loss: 0.0003, lr: 0.000118, Train: 0.9912, Valid: 0.9820, Test: 0.9564
Run: 06, Epoch: 69, Loss: 0.0003, lr: 0.000082, Train: 0.9913, Valid: 0.9820, Test: 0.9563
Run: 06, Epoch: 70, Loss: 0.0003, lr: 0.000082, Train: 0.9914, Valid: 0.9819, Test: 0.9563
Run: 06, Epoch: 71, Loss: 0.0003, lr: 0.000082, Train: 0.9915, Valid: 0.9818, Test: 0.9562
Run: 06, Epoch: 72, Loss: 0.0003, lr: 0.000082, Train: 0.9915, Valid: 0.9818, Test: 0.9562
Run: 06, Epoch: 73, Loss: 0.0003, lr: 0.000082, Train: 0.9916, Valid: 0.9817, Test: 0.9561
Run: 06, Epoch: 74, Loss: 0.0003, lr: 0.000082, Train: 0.9917, Valid: 0.9816, Test: 0.9560
Run: 06, Epoch: 75, Loss: 0.0003, lr: 0.000058, Train: 0.9917, Valid: 0.9815, Test: 0.9560
Run: 06, Epoch: 76, Loss: 0.0003, lr: 0.000058, Train: 0.9918, Valid: 0.9815, Test: 0.9560
Run: 06, Epoch: 77, Loss: 0.0003, lr: 0.000058, Train: 0.9919, Valid: 0.9815, Test: 0.9559
Run: 06, Epoch: 78, Loss: 0.0003, lr: 0.000058, Train: 0.9919, Valid: 0.9814, Test: 0.9559
Run: 06, Epoch: 79, Loss: 0.0003, lr: 0.000058, Train: 0.9920, Valid: 0.9814, Test: 0.9559
Run: 06, Epoch: 80, Loss: 0.0003, lr: 0.000058, Train: 0.9921, Valid: 0.9813, Test: 0.9558
Run: 06, Epoch: 81, Loss: 0.0003, lr: 0.000040, Train: 0.9921, Valid: 0.9813, Test: 0.9558
Run: 06, Epoch: 82, Loss: 0.0003, lr: 0.000040, Train: 0.9922, Valid: 0.9813, Test: 0.9558
Run: 06, Epoch: 83, Loss: 0.0003, lr: 0.000040, Train: 0.9922, Valid: 0.9813, Test: 0.9558
Run: 06, Epoch: 84, Loss: 0.0003, lr: 0.000040, Train: 0.9923, Valid: 0.9813, Test: 0.9558
Run: 06, Epoch: 85, Loss: 0.0003, lr: 0.000040, Train: 0.9923, Valid: 0.9813, Test: 0.9558
Run: 06, Epoch: 86, Loss: 0.0003, lr: 0.000040, Train: 0.9923, Valid: 0.9813, Test: 0.9558
Run: 06, Epoch: 87, Loss: 0.0003, lr: 0.000028, Train: 0.9924, Valid: 0.9813, Test: 0.9558
Run: 06, Epoch: 88, Loss: 0.0003, lr: 0.000028, Train: 0.9924, Valid: 0.9813, Test: 0.9558
Run: 06, Epoch: 89, Loss: 0.0003, lr: 0.000028, Train: 0.9924, Valid: 0.9813, Test: 0.9557
Run: 06, Epoch: 90, Loss: 0.0003, lr: 0.000028, Train: 0.9925, Valid: 0.9814, Test: 0.9557
Run: 06, Epoch: 91, Loss: 0.0003, lr: 0.000028, Train: 0.9925, Valid: 0.9814, Test: 0.9557
Run: 06, Epoch: 92, Loss: 0.0002, lr: 0.000028, Train: 0.9925, Valid: 0.9814, Test: 0.9557
Run: 06, Epoch: 93, Loss: 0.0002, lr: 0.000020, Train: 0.9926, Valid: 0.9814, Test: 0.9557
Run: 06, Epoch: 94, Loss: 0.0002, lr: 0.000020, Train: 0.9926, Valid: 0.9814, Test: 0.9557
Run: 06, Epoch: 95, Loss: 0.0002, lr: 0.000020, Train: 0.9926, Valid: 0.9814, Test: 0.9557
Run: 06, Epoch: 96, Loss: 0.0002, lr: 0.000020, Train: 0.9926, Valid: 0.9814, Test: 0.9557
Run: 06, Epoch: 97, Loss: 0.0002, lr: 0.000020, Train: 0.9927, Valid: 0.9814, Test: 0.9557
Run: 06, Epoch: 98, Loss: 0.0002, lr: 0.000020, Train: 0.9927, Valid: 0.9814, Test: 0.9557
Run: 06, Epoch: 99, Loss: 0.0002, lr: 0.000014, Train: 0.9927, Valid: 0.9814, Test: 0.9557
Run: 06, Epoch: 100, Loss: 0.0002, lr: 0.000014, Train: 0.9927, Valid: 0.9814, Test: 0.9557
Run 06:
Highest Train: 0.99
Highest Valid: 0.98
  Final Train: 0.98
   Final Test: 0.95
Run: 07, Epoch: 01, Loss: 0.0454, lr: 0.001000, Train: -0.2912, Valid: -0.1421, Test: 0.0764
Run: 07, Epoch: 02, Loss: 0.0201, lr: 0.001000, Train: 0.4660, Valid: 0.5278, Test: 0.4787
Run: 07, Epoch: 03, Loss: 0.0086, lr: 0.001000, Train: 0.5576, Valid: 0.4470, Test: 0.6408
Run: 07, Epoch: 04, Loss: 0.0060, lr: 0.001000, Train: 0.2135, Valid: 0.1661, Test: 0.5197
Run: 07, Epoch: 05, Loss: 0.0060, lr: 0.001000, Train: 0.3209, Valid: 0.2711, Test: 0.5958
Run: 07, Epoch: 06, Loss: 0.0044, lr: 0.001000, Train: 0.6844, Valid: 0.5991, Test: 0.7779
Run: 07, Epoch: 07, Loss: 0.0027, lr: 0.001000, Train: 0.8481, Valid: 0.8156, Test: 0.8615
Run: 07, Epoch: 08, Loss: 0.0024, lr: 0.001000, Train: 0.6336, Valid: 0.7648, Test: 0.7118
Run: 07, Epoch: 09, Loss: 0.0027, lr: 0.001000, Train: 0.4471, Valid: 0.6928, Test: 0.5839
Run: 07, Epoch: 10, Loss: 0.0027, lr: 0.001000, Train: 0.4779, Valid: 0.7028, Test: 0.6275
Run: 07, Epoch: 11, Loss: 0.0024, lr: 0.001000, Train: 0.5613, Valid: 0.7302, Test: 0.7047
Run: 07, Epoch: 12, Loss: 0.0022, lr: 0.001000, Train: 0.5964, Valid: 0.7407, Test: 0.7400
Run: 07, Epoch: 13, Loss: 0.0020, lr: 0.001000, Train: 0.6170, Valid: 0.7572, Test: 0.7562
Run: 07, Epoch: 14, Loss: 0.0017, lr: 0.000700, Train: 0.6932, Valid: 0.8033, Test: 0.8057
Run: 07, Epoch: 15, Loss: 0.0015, lr: 0.000700, Train: 0.7721, Valid: 0.8508, Test: 0.8559
Run: 07, Epoch: 16, Loss: 0.0014, lr: 0.000700, Train: 0.8294, Valid: 0.8837, Test: 0.8919
Run: 07, Epoch: 17, Loss: 0.0014, lr: 0.000700, Train: 0.8592, Valid: 0.8996, Test: 0.9102
Run: 07, Epoch: 18, Loss: 0.0013, lr: 0.000700, Train: 0.8756, Valid: 0.9042, Test: 0.9193
Run: 07, Epoch: 19, Loss: 0.0012, lr: 0.000700, Train: 0.8919, Valid: 0.9045, Test: 0.9285
Run: 07, Epoch: 20, Loss: 0.0011, lr: 0.000700, Train: 0.9137, Valid: 0.9050, Test: 0.9409
Run: 07, Epoch: 21, Loss: 0.0010, lr: 0.000700, Train: 0.9363, Valid: 0.9067, Test: 0.9521
Run: 07, Epoch: 22, Loss: 0.0010, lr: 0.000700, Train: 0.9506, Valid: 0.9082, Test: 0.9583
Run: 07, Epoch: 23, Loss: 0.0010, lr: 0.000700, Train: 0.9555, Valid: 0.9101, Test: 0.9596
Run: 07, Epoch: 24, Loss: 0.0009, lr: 0.000700, Train: 0.9546, Valid: 0.9132, Test: 0.9581
Run: 07, Epoch: 25, Loss: 0.0009, lr: 0.000700, Train: 0.9511, Valid: 0.9165, Test: 0.9556
Run: 07, Epoch: 26, Loss: 0.0009, lr: 0.000700, Train: 0.9481, Valid: 0.9184, Test: 0.9535
Run: 07, Epoch: 27, Loss: 0.0008, lr: 0.000700, Train: 0.9491, Valid: 0.9191, Test: 0.9538
Run: 07, Epoch: 28, Loss: 0.0008, lr: 0.000700, Train: 0.9538, Valid: 0.9183, Test: 0.9564
Run: 07, Epoch: 29, Loss: 0.0007, lr: 0.000700, Train: 0.9606, Valid: 0.9165, Test: 0.9600
Run: 07, Epoch: 30, Loss: 0.0007, lr: 0.000700, Train: 0.9664, Valid: 0.9139, Test: 0.9628
Run: 07, Epoch: 31, Loss: 0.0006, lr: 0.000700, Train: 0.9696, Valid: 0.9115, Test: 0.9643
Run: 07, Epoch: 32, Loss: 0.0006, lr: 0.000700, Train: 0.9708, Valid: 0.9103, Test: 0.9646
Run: 07, Epoch: 33, Loss: 0.0006, lr: 0.000700, Train: 0.9709, Valid: 0.9092, Test: 0.9640
Run: 07, Epoch: 34, Loss: 0.0006, lr: 0.000490, Train: 0.9718, Valid: 0.9079, Test: 0.9635
Run: 07, Epoch: 35, Loss: 0.0005, lr: 0.000490, Train: 0.9731, Valid: 0.9065, Test: 0.9631
Run: 07, Epoch: 36, Loss: 0.0005, lr: 0.000490, Train: 0.9749, Valid: 0.9046, Test: 0.9630
Run: 07, Epoch: 37, Loss: 0.0005, lr: 0.000490, Train: 0.9769, Valid: 0.9023, Test: 0.9631
Run: 07, Epoch: 38, Loss: 0.0005, lr: 0.000490, Train: 0.9786, Valid: 0.8996, Test: 0.9631
Run: 07, Epoch: 39, Loss: 0.0004, lr: 0.000490, Train: 0.9799, Valid: 0.8972, Test: 0.9633
Run: 07, Epoch: 40, Loss: 0.0004, lr: 0.000343, Train: 0.9810, Valid: 0.8956, Test: 0.9637
Run: 07, Epoch: 41, Loss: 0.0004, lr: 0.000343, Train: 0.9819, Valid: 0.8946, Test: 0.9641
Run: 07, Epoch: 42, Loss: 0.0004, lr: 0.000343, Train: 0.9824, Valid: 0.8946, Test: 0.9644
Run: 07, Epoch: 43, Loss: 0.0004, lr: 0.000343, Train: 0.9826, Valid: 0.8952, Test: 0.9646
Run: 07, Epoch: 44, Loss: 0.0004, lr: 0.000343, Train: 0.9827, Valid: 0.8962, Test: 0.9649
Run: 07, Epoch: 45, Loss: 0.0004, lr: 0.000343, Train: 0.9828, Valid: 0.8973, Test: 0.9652
Run: 07, Epoch: 46, Loss: 0.0004, lr: 0.000240, Train: 0.9833, Valid: 0.8978, Test: 0.9656
Run: 07, Epoch: 47, Loss: 0.0003, lr: 0.000240, Train: 0.9838, Valid: 0.8979, Test: 0.9661
Run: 07, Epoch: 48, Loss: 0.0003, lr: 0.000240, Train: 0.9844, Valid: 0.8979, Test: 0.9666
Run: 07, Epoch: 49, Loss: 0.0003, lr: 0.000240, Train: 0.9850, Valid: 0.8975, Test: 0.9671
Run: 07, Epoch: 50, Loss: 0.0003, lr: 0.000240, Train: 0.9854, Valid: 0.8969, Test: 0.9674
Run: 07, Epoch: 51, Loss: 0.0003, lr: 0.000240, Train: 0.9859, Valid: 0.8962, Test: 0.9676
Run: 07, Epoch: 52, Loss: 0.0003, lr: 0.000168, Train: 0.9864, Valid: 0.8958, Test: 0.9678
Run: 07, Epoch: 53, Loss: 0.0003, lr: 0.000168, Train: 0.9869, Valid: 0.8954, Test: 0.9680
Run: 07, Epoch: 54, Loss: 0.0003, lr: 0.000168, Train: 0.9873, Valid: 0.8951, Test: 0.9681
Run: 07, Epoch: 55, Loss: 0.0003, lr: 0.000168, Train: 0.9878, Valid: 0.8949, Test: 0.9682
Run: 07, Epoch: 56, Loss: 0.0003, lr: 0.000168, Train: 0.9882, Valid: 0.8948, Test: 0.9683
Run: 07, Epoch: 57, Loss: 0.0003, lr: 0.000168, Train: 0.9885, Valid: 0.8948, Test: 0.9684
Run: 07, Epoch: 58, Loss: 0.0003, lr: 0.000118, Train: 0.9888, Valid: 0.8947, Test: 0.9684
Run: 07, Epoch: 59, Loss: 0.0003, lr: 0.000118, Train: 0.9891, Valid: 0.8946, Test: 0.9684
Run: 07, Epoch: 60, Loss: 0.0003, lr: 0.000118, Train: 0.9894, Valid: 0.8944, Test: 0.9684
Run: 07, Epoch: 61, Loss: 0.0003, lr: 0.000118, Train: 0.9897, Valid: 0.8941, Test: 0.9684
Run: 07, Epoch: 62, Loss: 0.0003, lr: 0.000118, Train: 0.9899, Valid: 0.8939, Test: 0.9685
Run: 07, Epoch: 63, Loss: 0.0003, lr: 0.000118, Train: 0.9901, Valid: 0.8936, Test: 0.9685
Run: 07, Epoch: 64, Loss: 0.0003, lr: 0.000082, Train: 0.9904, Valid: 0.8932, Test: 0.9685
Run: 07, Epoch: 65, Loss: 0.0003, lr: 0.000082, Train: 0.9906, Valid: 0.8929, Test: 0.9685
Run: 07, Epoch: 66, Loss: 0.0003, lr: 0.000082, Train: 0.9908, Valid: 0.8926, Test: 0.9686
Run: 07, Epoch: 67, Loss: 0.0002, lr: 0.000082, Train: 0.9910, Valid: 0.8922, Test: 0.9686
Run: 07, Epoch: 68, Loss: 0.0002, lr: 0.000082, Train: 0.9912, Valid: 0.8920, Test: 0.9686
Run: 07, Epoch: 69, Loss: 0.0002, lr: 0.000082, Train: 0.9913, Valid: 0.8917, Test: 0.9687
Run: 07, Epoch: 70, Loss: 0.0002, lr: 0.000058, Train: 0.9915, Valid: 0.8916, Test: 0.9687
Run: 07, Epoch: 71, Loss: 0.0002, lr: 0.000058, Train: 0.9916, Valid: 0.8914, Test: 0.9687
Run: 07, Epoch: 72, Loss: 0.0002, lr: 0.000058, Train: 0.9918, Valid: 0.8912, Test: 0.9687
Run: 07, Epoch: 73, Loss: 0.0002, lr: 0.000058, Train: 0.9919, Valid: 0.8911, Test: 0.9687
Run: 07, Epoch: 74, Loss: 0.0002, lr: 0.000058, Train: 0.9920, Valid: 0.8910, Test: 0.9687
Run: 07, Epoch: 75, Loss: 0.0002, lr: 0.000058, Train: 0.9921, Valid: 0.8910, Test: 0.9687
Run: 07, Epoch: 76, Loss: 0.0002, lr: 0.000040, Train: 0.9922, Valid: 0.8909, Test: 0.9687
Run: 07, Epoch: 77, Loss: 0.0002, lr: 0.000040, Train: 0.9923, Valid: 0.8908, Test: 0.9687
Run: 07, Epoch: 78, Loss: 0.0002, lr: 0.000040, Train: 0.9924, Valid: 0.8908, Test: 0.9687
Run: 07, Epoch: 79, Loss: 0.0002, lr: 0.000040, Train: 0.9925, Valid: 0.8907, Test: 0.9687
Run: 07, Epoch: 80, Loss: 0.0002, lr: 0.000040, Train: 0.9925, Valid: 0.8907, Test: 0.9687
Run: 07, Epoch: 81, Loss: 0.0002, lr: 0.000040, Train: 0.9926, Valid: 0.8906, Test: 0.9687
Run: 07, Epoch: 82, Loss: 0.0002, lr: 0.000028, Train: 0.9927, Valid: 0.8905, Test: 0.9687
Run: 07, Epoch: 83, Loss: 0.0002, lr: 0.000028, Train: 0.9927, Valid: 0.8905, Test: 0.9687
Run: 07, Epoch: 84, Loss: 0.0002, lr: 0.000028, Train: 0.9928, Valid: 0.8904, Test: 0.9687
Run: 07, Epoch: 85, Loss: 0.0002, lr: 0.000028, Train: 0.9928, Valid: 0.8903, Test: 0.9687
Run: 07, Epoch: 86, Loss: 0.0002, lr: 0.000028, Train: 0.9929, Valid: 0.8902, Test: 0.9687
Run: 07, Epoch: 87, Loss: 0.0002, lr: 0.000028, Train: 0.9929, Valid: 0.8901, Test: 0.9687
Run: 07, Epoch: 88, Loss: 0.0002, lr: 0.000020, Train: 0.9930, Valid: 0.8900, Test: 0.9687
Run: 07, Epoch: 89, Loss: 0.0002, lr: 0.000020, Train: 0.9930, Valid: 0.8899, Test: 0.9687
Run: 07, Epoch: 90, Loss: 0.0002, lr: 0.000020, Train: 0.9931, Valid: 0.8898, Test: 0.9687
Run: 07, Epoch: 91, Loss: 0.0002, lr: 0.000020, Train: 0.9931, Valid: 0.8897, Test: 0.9687
Run: 07, Epoch: 92, Loss: 0.0002, lr: 0.000020, Train: 0.9931, Valid: 0.8896, Test: 0.9687
Run: 07, Epoch: 93, Loss: 0.0002, lr: 0.000020, Train: 0.9932, Valid: 0.8896, Test: 0.9687
Run: 07, Epoch: 94, Loss: 0.0002, lr: 0.000014, Train: 0.9932, Valid: 0.8895, Test: 0.9687
Run: 07, Epoch: 95, Loss: 0.0002, lr: 0.000014, Train: 0.9932, Valid: 0.8894, Test: 0.9687
Run: 07, Epoch: 96, Loss: 0.0002, lr: 0.000014, Train: 0.9932, Valid: 0.8894, Test: 0.9687
Run: 07, Epoch: 97, Loss: 0.0002, lr: 0.000014, Train: 0.9933, Valid: 0.8894, Test: 0.9687
Run: 07, Epoch: 98, Loss: 0.0002, lr: 0.000014, Train: 0.9933, Valid: 0.8893, Test: 0.9687
Run: 07, Epoch: 99, Loss: 0.0002, lr: 0.000014, Train: 0.9933, Valid: 0.8893, Test: 0.9686
Run: 07, Epoch: 100, Loss: 0.0002, lr: 0.000010, Train: 0.9933, Valid: 0.8892, Test: 0.9686
Run 07:
Highest Train: 0.99
Highest Valid: 0.92
  Final Train: 0.95
   Final Test: 0.95
Run: 08, Epoch: 01, Loss: 0.0284, lr: 0.001000, Train: 0.0319, Valid: 0.6091, Test: -0.4360
Run: 08, Epoch: 02, Loss: 0.0107, lr: 0.001000, Train: 0.3186, Valid: 0.4629, Test: 0.2203
Run: 08, Epoch: 03, Loss: 0.0089, lr: 0.001000, Train: 0.4396, Valid: 0.6505, Test: 0.3300
Run: 08, Epoch: 04, Loss: 0.0043, lr: 0.001000, Train: 0.7972, Valid: 0.8774, Test: 0.7737
Run: 08, Epoch: 05, Loss: 0.0037, lr: 0.001000, Train: 0.8820, Valid: 0.9195, Test: 0.8563
Run: 08, Epoch: 06, Loss: 0.0032, lr: 0.001000, Train: 0.8457, Valid: 0.8942, Test: 0.7898
Run: 08, Epoch: 07, Loss: 0.0027, lr: 0.001000, Train: 0.5427, Valid: 0.7757, Test: 0.3254
Run: 08, Epoch: 08, Loss: 0.0026, lr: 0.001000, Train: 0.2082, Valid: 0.6675, Test: -0.1936
Run: 08, Epoch: 09, Loss: 0.0025, lr: 0.001000, Train: 0.3359, Valid: 0.7453, Test: -0.0080
Run: 08, Epoch: 10, Loss: 0.0020, lr: 0.001000, Train: 0.6889, Valid: 0.8844, Test: 0.5265
Run: 08, Epoch: 11, Loss: 0.0015, lr: 0.001000, Train: 0.8964, Valid: 0.9533, Test: 0.8440
Run: 08, Epoch: 12, Loss: 0.0016, lr: 0.001000, Train: 0.9401, Valid: 0.9667, Test: 0.9118
Run: 08, Epoch: 13, Loss: 0.0016, lr: 0.001000, Train: 0.9454, Valid: 0.9657, Test: 0.9146
Run: 08, Epoch: 14, Loss: 0.0014, lr: 0.001000, Train: 0.9357, Valid: 0.9589, Test: 0.8910
Run: 08, Epoch: 15, Loss: 0.0012, lr: 0.001000, Train: 0.9211, Valid: 0.9508, Test: 0.8632
Run: 08, Epoch: 16, Loss: 0.0011, lr: 0.001000, Train: 0.9207, Valid: 0.9492, Test: 0.8602
Run: 08, Epoch: 17, Loss: 0.0012, lr: 0.001000, Train: 0.9385, Valid: 0.9563, Test: 0.8845
Run: 08, Epoch: 18, Loss: 0.0011, lr: 0.001000, Train: 0.9546, Valid: 0.9650, Test: 0.9081
Run: 08, Epoch: 19, Loss: 0.0010, lr: 0.000700, Train: 0.9600, Valid: 0.9701, Test: 0.9183
Run: 08, Epoch: 20, Loss: 0.0009, lr: 0.000700, Train: 0.9631, Valid: 0.9732, Test: 0.9246
Run: 08, Epoch: 21, Loss: 0.0009, lr: 0.000700, Train: 0.9664, Valid: 0.9756, Test: 0.9298
Run: 08, Epoch: 22, Loss: 0.0008, lr: 0.000700, Train: 0.9678, Valid: 0.9773, Test: 0.9320
Run: 08, Epoch: 23, Loss: 0.0007, lr: 0.000700, Train: 0.9664, Valid: 0.9773, Test: 0.9302
Run: 08, Epoch: 24, Loss: 0.0007, lr: 0.000700, Train: 0.9657, Valid: 0.9759, Test: 0.9297
Run: 08, Epoch: 25, Loss: 0.0007, lr: 0.000700, Train: 0.9687, Valid: 0.9746, Test: 0.9351
Run: 08, Epoch: 26, Loss: 0.0007, lr: 0.000700, Train: 0.9730, Valid: 0.9737, Test: 0.9436
Run: 08, Epoch: 27, Loss: 0.0006, lr: 0.000700, Train: 0.9752, Valid: 0.9724, Test: 0.9495
Run: 08, Epoch: 28, Loss: 0.0006, lr: 0.000700, Train: 0.9747, Valid: 0.9706, Test: 0.9511
Run: 08, Epoch: 29, Loss: 0.0006, lr: 0.000490, Train: 0.9747, Valid: 0.9699, Test: 0.9513
Run: 08, Epoch: 30, Loss: 0.0006, lr: 0.000490, Train: 0.9758, Valid: 0.9700, Test: 0.9514
Run: 08, Epoch: 31, Loss: 0.0006, lr: 0.000490, Train: 0.9778, Valid: 0.9704, Test: 0.9512
Run: 08, Epoch: 32, Loss: 0.0005, lr: 0.000490, Train: 0.9800, Valid: 0.9705, Test: 0.9506
Run: 08, Epoch: 33, Loss: 0.0005, lr: 0.000490, Train: 0.9818, Valid: 0.9702, Test: 0.9495
Run: 08, Epoch: 34, Loss: 0.0005, lr: 0.000490, Train: 0.9830, Valid: 0.9697, Test: 0.9481
Run: 08, Epoch: 35, Loss: 0.0005, lr: 0.000343, Train: 0.9838, Valid: 0.9694, Test: 0.9476
Run: 08, Epoch: 36, Loss: 0.0005, lr: 0.000343, Train: 0.9846, Valid: 0.9691, Test: 0.9479
Run: 08, Epoch: 37, Loss: 0.0005, lr: 0.000343, Train: 0.9854, Valid: 0.9690, Test: 0.9484
Run: 08, Epoch: 38, Loss: 0.0004, lr: 0.000343, Train: 0.9859, Valid: 0.9690, Test: 0.9489
Run: 08, Epoch: 39, Loss: 0.0004, lr: 0.000343, Train: 0.9862, Valid: 0.9691, Test: 0.9491
Run: 08, Epoch: 40, Loss: 0.0004, lr: 0.000343, Train: 0.9864, Valid: 0.9694, Test: 0.9491
Run: 08, Epoch: 41, Loss: 0.0004, lr: 0.000240, Train: 0.9867, Valid: 0.9695, Test: 0.9491
Run: 08, Epoch: 42, Loss: 0.0004, lr: 0.000240, Train: 0.9870, Valid: 0.9695, Test: 0.9490
Run: 08, Epoch: 43, Loss: 0.0004, lr: 0.000240, Train: 0.9873, Valid: 0.9695, Test: 0.9487
Run: 08, Epoch: 44, Loss: 0.0004, lr: 0.000240, Train: 0.9874, Valid: 0.9694, Test: 0.9483
Run: 08, Epoch: 45, Loss: 0.0004, lr: 0.000240, Train: 0.9875, Valid: 0.9693, Test: 0.9479
Run: 08, Epoch: 46, Loss: 0.0004, lr: 0.000240, Train: 0.9876, Valid: 0.9692, Test: 0.9477
Run: 08, Epoch: 47, Loss: 0.0004, lr: 0.000168, Train: 0.9878, Valid: 0.9692, Test: 0.9477
Run: 08, Epoch: 48, Loss: 0.0004, lr: 0.000168, Train: 0.9881, Valid: 0.9693, Test: 0.9479
Run: 08, Epoch: 49, Loss: 0.0004, lr: 0.000168, Train: 0.9883, Valid: 0.9694, Test: 0.9482
Run: 08, Epoch: 50, Loss: 0.0004, lr: 0.000168, Train: 0.9885, Valid: 0.9695, Test: 0.9485
Run: 08, Epoch: 51, Loss: 0.0003, lr: 0.000168, Train: 0.9887, Valid: 0.9696, Test: 0.9488
Run: 08, Epoch: 52, Loss: 0.0003, lr: 0.000168, Train: 0.9889, Valid: 0.9696, Test: 0.9490
Run: 08, Epoch: 53, Loss: 0.0003, lr: 0.000118, Train: 0.9891, Valid: 0.9696, Test: 0.9490
Run: 08, Epoch: 54, Loss: 0.0003, lr: 0.000118, Train: 0.9894, Valid: 0.9695, Test: 0.9490
Run: 08, Epoch: 55, Loss: 0.0003, lr: 0.000118, Train: 0.9896, Valid: 0.9694, Test: 0.9490
Run: 08, Epoch: 56, Loss: 0.0003, lr: 0.000118, Train: 0.9898, Valid: 0.9693, Test: 0.9488
Run: 08, Epoch: 57, Loss: 0.0003, lr: 0.000118, Train: 0.9900, Valid: 0.9691, Test: 0.9487
Run: 08, Epoch: 58, Loss: 0.0003, lr: 0.000118, Train: 0.9902, Valid: 0.9690, Test: 0.9485
Run: 08, Epoch: 59, Loss: 0.0003, lr: 0.000082, Train: 0.9904, Valid: 0.9689, Test: 0.9482
Run: 08, Epoch: 60, Loss: 0.0003, lr: 0.000082, Train: 0.9905, Valid: 0.9688, Test: 0.9480
Run: 08, Epoch: 61, Loss: 0.0003, lr: 0.000082, Train: 0.9906, Valid: 0.9687, Test: 0.9479
Run: 08, Epoch: 62, Loss: 0.0003, lr: 0.000082, Train: 0.9908, Valid: 0.9686, Test: 0.9477
Run: 08, Epoch: 63, Loss: 0.0003, lr: 0.000082, Train: 0.9909, Valid: 0.9686, Test: 0.9476
Run: 08, Epoch: 64, Loss: 0.0003, lr: 0.000082, Train: 0.9910, Valid: 0.9686, Test: 0.9475
Run: 08, Epoch: 65, Loss: 0.0003, lr: 0.000058, Train: 0.9911, Valid: 0.9687, Test: 0.9474
Run: 08, Epoch: 66, Loss: 0.0003, lr: 0.000058, Train: 0.9912, Valid: 0.9687, Test: 0.9473
Run: 08, Epoch: 67, Loss: 0.0003, lr: 0.000058, Train: 0.9913, Valid: 0.9687, Test: 0.9472
Run: 08, Epoch: 68, Loss: 0.0003, lr: 0.000058, Train: 0.9914, Valid: 0.9687, Test: 0.9471
Run: 08, Epoch: 69, Loss: 0.0003, lr: 0.000058, Train: 0.9914, Valid: 0.9688, Test: 0.9471
Run: 08, Epoch: 70, Loss: 0.0003, lr: 0.000058, Train: 0.9915, Valid: 0.9688, Test: 0.9470
Run: 08, Epoch: 71, Loss: 0.0003, lr: 0.000040, Train: 0.9916, Valid: 0.9688, Test: 0.9469
Run: 08, Epoch: 72, Loss: 0.0003, lr: 0.000040, Train: 0.9916, Valid: 0.9688, Test: 0.9468
Run: 08, Epoch: 73, Loss: 0.0003, lr: 0.000040, Train: 0.9917, Valid: 0.9687, Test: 0.9466
Run: 08, Epoch: 74, Loss: 0.0003, lr: 0.000040, Train: 0.9918, Valid: 0.9687, Test: 0.9465
Run: 08, Epoch: 75, Loss: 0.0003, lr: 0.000040, Train: 0.9918, Valid: 0.9687, Test: 0.9464
Run: 08, Epoch: 76, Loss: 0.0003, lr: 0.000040, Train: 0.9919, Valid: 0.9687, Test: 0.9463
Run: 08, Epoch: 77, Loss: 0.0003, lr: 0.000028, Train: 0.9919, Valid: 0.9687, Test: 0.9461
Run: 08, Epoch: 78, Loss: 0.0003, lr: 0.000028, Train: 0.9920, Valid: 0.9686, Test: 0.9460
Run: 08, Epoch: 79, Loss: 0.0003, lr: 0.000028, Train: 0.9920, Valid: 0.9686, Test: 0.9458
Run: 08, Epoch: 80, Loss: 0.0003, lr: 0.000028, Train: 0.9921, Valid: 0.9685, Test: 0.9457
Run: 08, Epoch: 81, Loss: 0.0003, lr: 0.000028, Train: 0.9921, Valid: 0.9685, Test: 0.9456
Run: 08, Epoch: 82, Loss: 0.0003, lr: 0.000028, Train: 0.9922, Valid: 0.9684, Test: 0.9454
Run: 08, Epoch: 83, Loss: 0.0003, lr: 0.000020, Train: 0.9922, Valid: 0.9684, Test: 0.9453
Run: 08, Epoch: 84, Loss: 0.0003, lr: 0.000020, Train: 0.9922, Valid: 0.9683, Test: 0.9452
Run: 08, Epoch: 85, Loss: 0.0003, lr: 0.000020, Train: 0.9923, Valid: 0.9683, Test: 0.9450
Run: 08, Epoch: 86, Loss: 0.0003, lr: 0.000020, Train: 0.9923, Valid: 0.9682, Test: 0.9449
Run: 08, Epoch: 87, Loss: 0.0003, lr: 0.000020, Train: 0.9923, Valid: 0.9682, Test: 0.9448
Run: 08, Epoch: 88, Loss: 0.0003, lr: 0.000020, Train: 0.9924, Valid: 0.9681, Test: 0.9447
Run: 08, Epoch: 89, Loss: 0.0003, lr: 0.000014, Train: 0.9924, Valid: 0.9681, Test: 0.9446
Run: 08, Epoch: 90, Loss: 0.0003, lr: 0.000014, Train: 0.9924, Valid: 0.9681, Test: 0.9445
Run: 08, Epoch: 91, Loss: 0.0003, lr: 0.000014, Train: 0.9924, Valid: 0.9681, Test: 0.9444
Run: 08, Epoch: 92, Loss: 0.0003, lr: 0.000014, Train: 0.9925, Valid: 0.9680, Test: 0.9443
Run: 08, Epoch: 93, Loss: 0.0003, lr: 0.000014, Train: 0.9925, Valid: 0.9680, Test: 0.9443
Run: 08, Epoch: 94, Loss: 0.0003, lr: 0.000014, Train: 0.9925, Valid: 0.9680, Test: 0.9442
Run: 08, Epoch: 95, Loss: 0.0003, lr: 0.000010, Train: 0.9925, Valid: 0.9680, Test: 0.9441
Run: 08, Epoch: 96, Loss: 0.0003, lr: 0.000010, Train: 0.9925, Valid: 0.9680, Test: 0.9441
Run: 08, Epoch: 97, Loss: 0.0003, lr: 0.000010, Train: 0.9926, Valid: 0.9679, Test: 0.9440
Run: 08, Epoch: 98, Loss: 0.0003, lr: 0.000010, Train: 0.9926, Valid: 0.9679, Test: 0.9440
Run: 08, Epoch: 99, Loss: 0.0003, lr: 0.000010, Train: 0.9926, Valid: 0.9679, Test: 0.9439
Run: 08, Epoch: 100, Loss: 0.0003, lr: 0.000010, Train: 0.9926, Valid: 0.9679, Test: 0.9439
Run 08:
Highest Train: 0.99
Highest Valid: 0.98
  Final Train: 0.97
   Final Test: 0.93
Run: 09, Epoch: 01, Loss: 0.0448, lr: 0.001000, Train: -0.0467, Valid: -1.1387, Test: -0.3229
Run: 09, Epoch: 02, Loss: 0.0212, lr: 0.001000, Train: 0.5767, Valid: 0.2624, Test: 0.4598
Run: 09, Epoch: 03, Loss: 0.0059, lr: 0.001000, Train: 0.6883, Valid: 0.7727, Test: 0.6939
Run: 09, Epoch: 04, Loss: 0.0071, lr: 0.001000, Train: 0.7493, Valid: 0.8070, Test: 0.6949
Run: 09, Epoch: 05, Loss: 0.0051, lr: 0.001000, Train: 0.8801, Valid: 0.8872, Test: 0.7901
Run: 09, Epoch: 06, Loss: 0.0041, lr: 0.001000, Train: 0.8759, Valid: 0.8756, Test: 0.7615
Run: 09, Epoch: 07, Loss: 0.0038, lr: 0.001000, Train: 0.8120, Valid: 0.8615, Test: 0.6401
Run: 09, Epoch: 08, Loss: 0.0029, lr: 0.001000, Train: 0.6465, Valid: 0.7220, Test: 0.3951
Run: 09, Epoch: 09, Loss: 0.0026, lr: 0.001000, Train: 0.5950, Valid: 0.6679, Test: 0.3342
Run: 09, Epoch: 10, Loss: 0.0027, lr: 0.001000, Train: 0.7335, Valid: 0.7891, Test: 0.5559
Run: 09, Epoch: 11, Loss: 0.0026, lr: 0.001000, Train: 0.8659, Valid: 0.8866, Test: 0.7678
Run: 09, Epoch: 12, Loss: 0.0022, lr: 0.000700, Train: 0.8910, Valid: 0.8860, Test: 0.8176
Run: 09, Epoch: 13, Loss: 0.0021, lr: 0.000700, Train: 0.8999, Valid: 0.8796, Test: 0.8451
Run: 09, Epoch: 14, Loss: 0.0019, lr: 0.000700, Train: 0.9167, Valid: 0.8931, Test: 0.8785
Run: 09, Epoch: 15, Loss: 0.0018, lr: 0.000700, Train: 0.9297, Valid: 0.9092, Test: 0.9097
Run: 09, Epoch: 16, Loss: 0.0017, lr: 0.000700, Train: 0.9342, Valid: 0.9196, Test: 0.9281
Run: 09, Epoch: 17, Loss: 0.0017, lr: 0.000700, Train: 0.9368, Valid: 0.9268, Test: 0.9345
Run: 09, Epoch: 18, Loss: 0.0016, lr: 0.000700, Train: 0.9402, Valid: 0.9309, Test: 0.9322
Run: 09, Epoch: 19, Loss: 0.0015, lr: 0.000700, Train: 0.9413, Valid: 0.9300, Test: 0.9240
Run: 09, Epoch: 20, Loss: 0.0014, lr: 0.000700, Train: 0.9396, Valid: 0.9247, Test: 0.9155
Run: 09, Epoch: 21, Loss: 0.0014, lr: 0.000700, Train: 0.9386, Valid: 0.9210, Test: 0.9118
Run: 09, Epoch: 22, Loss: 0.0013, lr: 0.000700, Train: 0.9412, Valid: 0.9232, Test: 0.9136
Run: 09, Epoch: 23, Loss: 0.0012, lr: 0.000700, Train: 0.9460, Valid: 0.9296, Test: 0.9163
Run: 09, Epoch: 24, Loss: 0.0012, lr: 0.000700, Train: 0.9494, Valid: 0.9343, Test: 0.9168
Run: 09, Epoch: 25, Loss: 0.0012, lr: 0.000700, Train: 0.9506, Valid: 0.9359, Test: 0.9149
Run: 09, Epoch: 26, Loss: 0.0011, lr: 0.000700, Train: 0.9514, Valid: 0.9359, Test: 0.9124
Run: 09, Epoch: 27, Loss: 0.0011, lr: 0.000700, Train: 0.9528, Valid: 0.9355, Test: 0.9094
Run: 09, Epoch: 28, Loss: 0.0010, lr: 0.000700, Train: 0.9539, Valid: 0.9336, Test: 0.9041
Run: 09, Epoch: 29, Loss: 0.0010, lr: 0.000700, Train: 0.9539, Valid: 0.9299, Test: 0.8964
Run: 09, Epoch: 30, Loss: 0.0009, lr: 0.000700, Train: 0.9537, Valid: 0.9262, Test: 0.8891
Run: 09, Epoch: 31, Loss: 0.0009, lr: 0.000700, Train: 0.9554, Valid: 0.9260, Test: 0.8855
Run: 09, Epoch: 32, Loss: 0.0009, lr: 0.000490, Train: 0.9593, Valid: 0.9300, Test: 0.8871
Run: 09, Epoch: 33, Loss: 0.0009, lr: 0.000490, Train: 0.9638, Valid: 0.9355, Test: 0.8903
Run: 09, Epoch: 34, Loss: 0.0008, lr: 0.000490, Train: 0.9681, Valid: 0.9412, Test: 0.8938
Run: 09, Epoch: 35, Loss: 0.0008, lr: 0.000490, Train: 0.9716, Valid: 0.9454, Test: 0.8964
Run: 09, Epoch: 36, Loss: 0.0008, lr: 0.000490, Train: 0.9744, Valid: 0.9478, Test: 0.8979
Run: 09, Epoch: 37, Loss: 0.0008, lr: 0.000490, Train: 0.9764, Valid: 0.9489, Test: 0.8988
Run: 09, Epoch: 38, Loss: 0.0007, lr: 0.000490, Train: 0.9777, Valid: 0.9490, Test: 0.8992
Run: 09, Epoch: 39, Loss: 0.0007, lr: 0.000490, Train: 0.9783, Valid: 0.9484, Test: 0.8992
Run: 09, Epoch: 40, Loss: 0.0007, lr: 0.000490, Train: 0.9786, Valid: 0.9476, Test: 0.8993
Run: 09, Epoch: 41, Loss: 0.0007, lr: 0.000490, Train: 0.9790, Valid: 0.9472, Test: 0.8995
Run: 09, Epoch: 42, Loss: 0.0007, lr: 0.000490, Train: 0.9796, Valid: 0.9469, Test: 0.8997
Run: 09, Epoch: 43, Loss: 0.0006, lr: 0.000490, Train: 0.9803, Valid: 0.9468, Test: 0.8999
Run: 09, Epoch: 44, Loss: 0.0006, lr: 0.000343, Train: 0.9811, Valid: 0.9467, Test: 0.9003
Run: 09, Epoch: 45, Loss: 0.0006, lr: 0.000343, Train: 0.9819, Valid: 0.9465, Test: 0.9006
Run: 09, Epoch: 46, Loss: 0.0006, lr: 0.000343, Train: 0.9827, Valid: 0.9462, Test: 0.9009
Run: 09, Epoch: 47, Loss: 0.0006, lr: 0.000343, Train: 0.9834, Valid: 0.9458, Test: 0.9010
Run: 09, Epoch: 48, Loss: 0.0006, lr: 0.000343, Train: 0.9839, Valid: 0.9452, Test: 0.9007
Run: 09, Epoch: 49, Loss: 0.0005, lr: 0.000343, Train: 0.9844, Valid: 0.9444, Test: 0.9004
Run: 09, Epoch: 50, Loss: 0.0005, lr: 0.000240, Train: 0.9848, Valid: 0.9436, Test: 0.9004
Run: 09, Epoch: 51, Loss: 0.0005, lr: 0.000240, Train: 0.9851, Valid: 0.9430, Test: 0.9004
Run: 09, Epoch: 52, Loss: 0.0005, lr: 0.000240, Train: 0.9854, Valid: 0.9426, Test: 0.9004
Run: 09, Epoch: 53, Loss: 0.0005, lr: 0.000240, Train: 0.9856, Valid: 0.9423, Test: 0.9004
Run: 09, Epoch: 54, Loss: 0.0005, lr: 0.000240, Train: 0.9859, Valid: 0.9421, Test: 0.9005
Run: 09, Epoch: 55, Loss: 0.0005, lr: 0.000240, Train: 0.9861, Valid: 0.9421, Test: 0.9005
Run: 09, Epoch: 56, Loss: 0.0005, lr: 0.000168, Train: 0.9864, Valid: 0.9420, Test: 0.9008
Run: 09, Epoch: 57, Loss: 0.0005, lr: 0.000168, Train: 0.9866, Valid: 0.9420, Test: 0.9010
Run: 09, Epoch: 58, Loss: 0.0005, lr: 0.000168, Train: 0.9868, Valid: 0.9418, Test: 0.9012
Run: 09, Epoch: 59, Loss: 0.0005, lr: 0.000168, Train: 0.9869, Valid: 0.9415, Test: 0.9014
Run: 09, Epoch: 60, Loss: 0.0005, lr: 0.000168, Train: 0.9871, Valid: 0.9412, Test: 0.9016
Run: 09, Epoch: 61, Loss: 0.0005, lr: 0.000168, Train: 0.9872, Valid: 0.9409, Test: 0.9018
Run: 09, Epoch: 62, Loss: 0.0005, lr: 0.000118, Train: 0.9873, Valid: 0.9407, Test: 0.9021
Run: 09, Epoch: 63, Loss: 0.0004, lr: 0.000118, Train: 0.9875, Valid: 0.9405, Test: 0.9024
Run: 09, Epoch: 64, Loss: 0.0004, lr: 0.000118, Train: 0.9876, Valid: 0.9403, Test: 0.9027
Run: 09, Epoch: 65, Loss: 0.0004, lr: 0.000118, Train: 0.9877, Valid: 0.9402, Test: 0.9029
Run: 09, Epoch: 66, Loss: 0.0004, lr: 0.000118, Train: 0.9878, Valid: 0.9400, Test: 0.9032
Run: 09, Epoch: 67, Loss: 0.0004, lr: 0.000118, Train: 0.9879, Valid: 0.9398, Test: 0.9034
Run: 09, Epoch: 68, Loss: 0.0004, lr: 0.000082, Train: 0.9880, Valid: 0.9398, Test: 0.9036
Run: 09, Epoch: 69, Loss: 0.0004, lr: 0.000082, Train: 0.9881, Valid: 0.9397, Test: 0.9039
Run: 09, Epoch: 70, Loss: 0.0004, lr: 0.000082, Train: 0.9882, Valid: 0.9397, Test: 0.9040
Run: 09, Epoch: 71, Loss: 0.0004, lr: 0.000082, Train: 0.9883, Valid: 0.9397, Test: 0.9041
Run: 09, Epoch: 72, Loss: 0.0004, lr: 0.000082, Train: 0.9884, Valid: 0.9398, Test: 0.9041
Run: 09, Epoch: 73, Loss: 0.0004, lr: 0.000082, Train: 0.9885, Valid: 0.9398, Test: 0.9041
Run: 09, Epoch: 74, Loss: 0.0004, lr: 0.000058, Train: 0.9886, Valid: 0.9399, Test: 0.9042
Run: 09, Epoch: 75, Loss: 0.0004, lr: 0.000058, Train: 0.9888, Valid: 0.9399, Test: 0.9043
Run: 09, Epoch: 76, Loss: 0.0004, lr: 0.000058, Train: 0.9889, Valid: 0.9400, Test: 0.9044
Run: 09, Epoch: 77, Loss: 0.0004, lr: 0.000058, Train: 0.9890, Valid: 0.9401, Test: 0.9045
Run: 09, Epoch: 78, Loss: 0.0004, lr: 0.000058, Train: 0.9891, Valid: 0.9402, Test: 0.9046
Run: 09, Epoch: 79, Loss: 0.0004, lr: 0.000058, Train: 0.9892, Valid: 0.9403, Test: 0.9047
Run: 09, Epoch: 80, Loss: 0.0004, lr: 0.000040, Train: 0.9893, Valid: 0.9405, Test: 0.9048
Run: 09, Epoch: 81, Loss: 0.0004, lr: 0.000040, Train: 0.9894, Valid: 0.9406, Test: 0.9049
Run: 09, Epoch: 82, Loss: 0.0004, lr: 0.000040, Train: 0.9895, Valid: 0.9406, Test: 0.9049
Run: 09, Epoch: 83, Loss: 0.0004, lr: 0.000040, Train: 0.9895, Valid: 0.9407, Test: 0.9050
Run: 09, Epoch: 84, Loss: 0.0004, lr: 0.000040, Train: 0.9896, Valid: 0.9408, Test: 0.9050
Run: 09, Epoch: 85, Loss: 0.0004, lr: 0.000040, Train: 0.9897, Valid: 0.9409, Test: 0.9051
Run: 09, Epoch: 86, Loss: 0.0004, lr: 0.000028, Train: 0.9898, Valid: 0.9409, Test: 0.9051
Run: 09, Epoch: 87, Loss: 0.0004, lr: 0.000028, Train: 0.9898, Valid: 0.9410, Test: 0.9051
Run: 09, Epoch: 88, Loss: 0.0004, lr: 0.000028, Train: 0.9899, Valid: 0.9410, Test: 0.9051
Run: 09, Epoch: 89, Loss: 0.0004, lr: 0.000028, Train: 0.9899, Valid: 0.9411, Test: 0.9051
Run: 09, Epoch: 90, Loss: 0.0004, lr: 0.000028, Train: 0.9900, Valid: 0.9411, Test: 0.9051
Run: 09, Epoch: 91, Loss: 0.0004, lr: 0.000028, Train: 0.9900, Valid: 0.9412, Test: 0.9051
Run: 09, Epoch: 92, Loss: 0.0004, lr: 0.000020, Train: 0.9900, Valid: 0.9412, Test: 0.9051
Run: 09, Epoch: 93, Loss: 0.0004, lr: 0.000020, Train: 0.9901, Valid: 0.9412, Test: 0.9051
Run: 09, Epoch: 94, Loss: 0.0004, lr: 0.000020, Train: 0.9901, Valid: 0.9413, Test: 0.9051
Run: 09, Epoch: 95, Loss: 0.0004, lr: 0.000020, Train: 0.9902, Valid: 0.9413, Test: 0.9051
Run: 09, Epoch: 96, Loss: 0.0004, lr: 0.000020, Train: 0.9902, Valid: 0.9413, Test: 0.9051
Run: 09, Epoch: 97, Loss: 0.0004, lr: 0.000020, Train: 0.9902, Valid: 0.9413, Test: 0.9051
Run: 09, Epoch: 98, Loss: 0.0004, lr: 0.000014, Train: 0.9902, Valid: 0.9413, Test: 0.9051
Run: 09, Epoch: 99, Loss: 0.0004, lr: 0.000014, Train: 0.9903, Valid: 0.9414, Test: 0.9051
Run: 09, Epoch: 100, Loss: 0.0004, lr: 0.000014, Train: 0.9903, Valid: 0.9414, Test: 0.9051
Run 09:
Highest Train: 0.99
Highest Valid: 0.95
  Final Train: 0.98
   Final Test: 0.90
Run: 10, Epoch: 01, Loss: 0.0322, lr: 0.001000, Train: 0.4487, Valid: 0.2767, Test: 0.4729
Run: 10, Epoch: 02, Loss: 0.0123, lr: 0.001000, Train: -0.2855, Valid: -1.6452, Test: -0.2120
Run: 10, Epoch: 03, Loss: 0.0107, lr: 0.001000, Train: 0.7670, Valid: 0.6041, Test: 0.6850
Run: 10, Epoch: 04, Loss: 0.0050, lr: 0.001000, Train: 0.0571, Valid: -0.2592, Test: 0.3590
Run: 10, Epoch: 05, Loss: 0.0051, lr: 0.001000, Train: 0.0310, Valid: -0.3083, Test: 0.3585
Run: 10, Epoch: 06, Loss: 0.0043, lr: 0.001000, Train: 0.7184, Valid: 0.6057, Test: 0.7620
Run: 10, Epoch: 07, Loss: 0.0025, lr: 0.001000, Train: 0.8810, Valid: 0.7869, Test: 0.7576
Run: 10, Epoch: 08, Loss: 0.0026, lr: 0.001000, Train: 0.8378, Valid: 0.6806, Test: 0.7012
Run: 10, Epoch: 09, Loss: 0.0028, lr: 0.001000, Train: 0.9208, Valid: 0.8878, Test: 0.7866
Run: 10, Epoch: 10, Loss: 0.0021, lr: 0.001000, Train: 0.8349, Valid: 0.7722, Test: 0.7776
Run: 10, Epoch: 11, Loss: 0.0016, lr: 0.001000, Train: 0.6658, Valid: 0.5058, Test: 0.7010
Run: 10, Epoch: 12, Loss: 0.0016, lr: 0.001000, Train: 0.6314, Valid: 0.4618, Test: 0.6840
Run: 10, Epoch: 13, Loss: 0.0016, lr: 0.001000, Train: 0.7210, Valid: 0.6024, Test: 0.7353
Run: 10, Epoch: 14, Loss: 0.0014, lr: 0.001000, Train: 0.8363, Valid: 0.7747, Test: 0.8011
Run: 10, Epoch: 15, Loss: 0.0012, lr: 0.001000, Train: 0.9157, Valid: 0.8984, Test: 0.8462
Run: 10, Epoch: 16, Loss: 0.0012, lr: 0.001000, Train: 0.9475, Valid: 0.9399, Test: 0.8665
Run: 10, Epoch: 17, Loss: 0.0012, lr: 0.001000, Train: 0.9568, Valid: 0.9399, Test: 0.8769
Run: 10, Epoch: 18, Loss: 0.0011, lr: 0.001000, Train: 0.9564, Valid: 0.9229, Test: 0.8827
Run: 10, Epoch: 19, Loss: 0.0011, lr: 0.001000, Train: 0.9483, Valid: 0.8999, Test: 0.8819
Run: 10, Epoch: 20, Loss: 0.0009, lr: 0.001000, Train: 0.9403, Valid: 0.8825, Test: 0.8767
Run: 10, Epoch: 21, Loss: 0.0009, lr: 0.001000, Train: 0.9324, Valid: 0.8732, Test: 0.8718
Run: 10, Epoch: 22, Loss: 0.0008, lr: 0.001000, Train: 0.9261, Valid: 0.8647, Test: 0.8715
Run: 10, Epoch: 23, Loss: 0.0008, lr: 0.000700, Train: 0.9343, Valid: 0.8755, Test: 0.8782
Run: 10, Epoch: 24, Loss: 0.0008, lr: 0.000700, Train: 0.9478, Valid: 0.8938, Test: 0.8866
Run: 10, Epoch: 25, Loss: 0.0007, lr: 0.000700, Train: 0.9612, Valid: 0.9118, Test: 0.8935
Run: 10, Epoch: 26, Loss: 0.0007, lr: 0.000700, Train: 0.9694, Valid: 0.9223, Test: 0.8974
Run: 10, Epoch: 27, Loss: 0.0007, lr: 0.000700, Train: 0.9733, Valid: 0.9255, Test: 0.8998
Run: 10, Epoch: 28, Loss: 0.0006, lr: 0.000700, Train: 0.9754, Valid: 0.9258, Test: 0.9027
Run: 10, Epoch: 29, Loss: 0.0006, lr: 0.000490, Train: 0.9771, Valid: 0.9282, Test: 0.9055
Run: 10, Epoch: 30, Loss: 0.0006, lr: 0.000490, Train: 0.9787, Valid: 0.9308, Test: 0.9078
Run: 10, Epoch: 31, Loss: 0.0006, lr: 0.000490, Train: 0.9799, Valid: 0.9336, Test: 0.9097
Run: 10, Epoch: 32, Loss: 0.0006, lr: 0.000490, Train: 0.9810, Valid: 0.9368, Test: 0.9115
Run: 10, Epoch: 33, Loss: 0.0005, lr: 0.000490, Train: 0.9819, Valid: 0.9400, Test: 0.9137
Run: 10, Epoch: 34, Loss: 0.0005, lr: 0.000490, Train: 0.9828, Valid: 0.9428, Test: 0.9158
Run: 10, Epoch: 35, Loss: 0.0005, lr: 0.000490, Train: 0.9837, Valid: 0.9448, Test: 0.9172
Run: 10, Epoch: 36, Loss: 0.0005, lr: 0.000490, Train: 0.9845, Valid: 0.9455, Test: 0.9182
Run: 10, Epoch: 37, Loss: 0.0005, lr: 0.000490, Train: 0.9852, Valid: 0.9448, Test: 0.9188
Run: 10, Epoch: 38, Loss: 0.0004, lr: 0.000490, Train: 0.9858, Valid: 0.9439, Test: 0.9195
Run: 10, Epoch: 39, Loss: 0.0004, lr: 0.000490, Train: 0.9861, Valid: 0.9432, Test: 0.9204
Run: 10, Epoch: 40, Loss: 0.0004, lr: 0.000490, Train: 0.9862, Valid: 0.9425, Test: 0.9209
Run: 10, Epoch: 41, Loss: 0.0004, lr: 0.000490, Train: 0.9864, Valid: 0.9418, Test: 0.9214
Run: 10, Epoch: 42, Loss: 0.0004, lr: 0.000490, Train: 0.9868, Valid: 0.9417, Test: 0.9221
Run: 10, Epoch: 43, Loss: 0.0004, lr: 0.000343, Train: 0.9873, Valid: 0.9421, Test: 0.9228
Run: 10, Epoch: 44, Loss: 0.0004, lr: 0.000343, Train: 0.9879, Valid: 0.9428, Test: 0.9236
Run: 10, Epoch: 45, Loss: 0.0004, lr: 0.000343, Train: 0.9883, Valid: 0.9438, Test: 0.9245
Run: 10, Epoch: 46, Loss: 0.0004, lr: 0.000343, Train: 0.9888, Valid: 0.9446, Test: 0.9254
Run: 10, Epoch: 47, Loss: 0.0003, lr: 0.000343, Train: 0.9892, Valid: 0.9452, Test: 0.9259
Run: 10, Epoch: 48, Loss: 0.0003, lr: 0.000343, Train: 0.9897, Valid: 0.9454, Test: 0.9261
Run: 10, Epoch: 49, Loss: 0.0003, lr: 0.000240, Train: 0.9901, Valid: 0.9452, Test: 0.9263
Run: 10, Epoch: 50, Loss: 0.0003, lr: 0.000240, Train: 0.9905, Valid: 0.9449, Test: 0.9265
Run: 10, Epoch: 51, Loss: 0.0003, lr: 0.000240, Train: 0.9908, Valid: 0.9447, Test: 0.9268
Run: 10, Epoch: 52, Loss: 0.0003, lr: 0.000240, Train: 0.9910, Valid: 0.9445, Test: 0.9272
Run: 10, Epoch: 53, Loss: 0.0003, lr: 0.000240, Train: 0.9912, Valid: 0.9446, Test: 0.9276
Run: 10, Epoch: 54, Loss: 0.0003, lr: 0.000240, Train: 0.9914, Valid: 0.9448, Test: 0.9279
Run: 10, Epoch: 55, Loss: 0.0003, lr: 0.000168, Train: 0.9916, Valid: 0.9450, Test: 0.9280
Run: 10, Epoch: 56, Loss: 0.0003, lr: 0.000168, Train: 0.9918, Valid: 0.9453, Test: 0.9280
Run: 10, Epoch: 57, Loss: 0.0003, lr: 0.000168, Train: 0.9919, Valid: 0.9457, Test: 0.9280
Run: 10, Epoch: 58, Loss: 0.0003, lr: 0.000168, Train: 0.9921, Valid: 0.9460, Test: 0.9281
Run: 10, Epoch: 59, Loss: 0.0003, lr: 0.000168, Train: 0.9922, Valid: 0.9462, Test: 0.9283
Run: 10, Epoch: 60, Loss: 0.0003, lr: 0.000168, Train: 0.9923, Valid: 0.9463, Test: 0.9284
Run: 10, Epoch: 61, Loss: 0.0003, lr: 0.000168, Train: 0.9924, Valid: 0.9464, Test: 0.9286
Run: 10, Epoch: 62, Loss: 0.0003, lr: 0.000168, Train: 0.9925, Valid: 0.9465, Test: 0.9288
Run: 10, Epoch: 63, Loss: 0.0003, lr: 0.000168, Train: 0.9927, Valid: 0.9466, Test: 0.9290
Run: 10, Epoch: 64, Loss: 0.0002, lr: 0.000168, Train: 0.9928, Valid: 0.9467, Test: 0.9292
Run: 10, Epoch: 65, Loss: 0.0002, lr: 0.000168, Train: 0.9930, Valid: 0.9466, Test: 0.9294
Run: 10, Epoch: 66, Loss: 0.0002, lr: 0.000168, Train: 0.9931, Valid: 0.9465, Test: 0.9296
Run: 10, Epoch: 67, Loss: 0.0002, lr: 0.000168, Train: 0.9932, Valid: 0.9463, Test: 0.9298
Run: 10, Epoch: 68, Loss: 0.0002, lr: 0.000168, Train: 0.9933, Valid: 0.9462, Test: 0.9299
Run: 10, Epoch: 69, Loss: 0.0002, lr: 0.000168, Train: 0.9935, Valid: 0.9461, Test: 0.9300
Run: 10, Epoch: 70, Loss: 0.0002, lr: 0.000118, Train: 0.9936, Valid: 0.9462, Test: 0.9302
Run: 10, Epoch: 71, Loss: 0.0002, lr: 0.000118, Train: 0.9937, Valid: 0.9463, Test: 0.9304
Run: 10, Epoch: 72, Loss: 0.0002, lr: 0.000118, Train: 0.9937, Valid: 0.9466, Test: 0.9305
Run: 10, Epoch: 73, Loss: 0.0002, lr: 0.000118, Train: 0.9938, Valid: 0.9468, Test: 0.9306
Run: 10, Epoch: 74, Loss: 0.0002, lr: 0.000118, Train: 0.9939, Valid: 0.9471, Test: 0.9306
Run: 10, Epoch: 75, Loss: 0.0002, lr: 0.000118, Train: 0.9940, Valid: 0.9472, Test: 0.9306
Run: 10, Epoch: 76, Loss: 0.0002, lr: 0.000118, Train: 0.9941, Valid: 0.9473, Test: 0.9306
Run: 10, Epoch: 77, Loss: 0.0002, lr: 0.000118, Train: 0.9942, Valid: 0.9473, Test: 0.9306
Run: 10, Epoch: 78, Loss: 0.0002, lr: 0.000118, Train: 0.9942, Valid: 0.9474, Test: 0.9306
Run: 10, Epoch: 79, Loss: 0.0002, lr: 0.000118, Train: 0.9943, Valid: 0.9474, Test: 0.9306
Run: 10, Epoch: 80, Loss: 0.0002, lr: 0.000118, Train: 0.9944, Valid: 0.9475, Test: 0.9306
Run: 10, Epoch: 81, Loss: 0.0002, lr: 0.000118, Train: 0.9945, Valid: 0.9474, Test: 0.9306
Run: 10, Epoch: 82, Loss: 0.0002, lr: 0.000118, Train: 0.9946, Valid: 0.9474, Test: 0.9306
Run: 10, Epoch: 83, Loss: 0.0002, lr: 0.000118, Train: 0.9946, Valid: 0.9473, Test: 0.9306
Run: 10, Epoch: 84, Loss: 0.0002, lr: 0.000118, Train: 0.9947, Valid: 0.9474, Test: 0.9307
Run: 10, Epoch: 85, Loss: 0.0002, lr: 0.000118, Train: 0.9947, Valid: 0.9475, Test: 0.9308
Run: 10, Epoch: 86, Loss: 0.0002, lr: 0.000082, Train: 0.9948, Valid: 0.9476, Test: 0.9309
Run: 10, Epoch: 87, Loss: 0.0002, lr: 0.000082, Train: 0.9948, Valid: 0.9476, Test: 0.9310
Run: 10, Epoch: 88, Loss: 0.0002, lr: 0.000082, Train: 0.9949, Valid: 0.9476, Test: 0.9311
Run: 10, Epoch: 89, Loss: 0.0002, lr: 0.000082, Train: 0.9950, Valid: 0.9474, Test: 0.9312
Run: 10, Epoch: 90, Loss: 0.0002, lr: 0.000082, Train: 0.9950, Valid: 0.9473, Test: 0.9313
Run: 10, Epoch: 91, Loss: 0.0002, lr: 0.000082, Train: 0.9951, Valid: 0.9471, Test: 0.9314
Run: 10, Epoch: 92, Loss: 0.0002, lr: 0.000082, Train: 0.9951, Valid: 0.9470, Test: 0.9314
Run: 10, Epoch: 93, Loss: 0.0002, lr: 0.000058, Train: 0.9952, Valid: 0.9469, Test: 0.9315
Run: 10, Epoch: 94, Loss: 0.0002, lr: 0.000058, Train: 0.9952, Valid: 0.9467, Test: 0.9315
Run: 10, Epoch: 95, Loss: 0.0002, lr: 0.000058, Train: 0.9953, Valid: 0.9465, Test: 0.9316
Run: 10, Epoch: 96, Loss: 0.0002, lr: 0.000058, Train: 0.9953, Valid: 0.9464, Test: 0.9316
Run: 10, Epoch: 97, Loss: 0.0002, lr: 0.000058, Train: 0.9954, Valid: 0.9463, Test: 0.9317
Run: 10, Epoch: 98, Loss: 0.0002, lr: 0.000058, Train: 0.9954, Valid: 0.9462, Test: 0.9317
Run: 10, Epoch: 99, Loss: 0.0002, lr: 0.000040, Train: 0.9954, Valid: 0.9461, Test: 0.9318
Run: 10, Epoch: 100, Loss: 0.0002, lr: 0.000040, Train: 0.9955, Valid: 0.9459, Test: 0.9318
Run 10:
Highest Train: 1.00
Highest Valid: 0.95
  Final Train: 0.99
   Final Test: 0.93
All runs:
Highest Train: 0.99  0.00
Highest Valid: 0.96  0.02
  Final Train: 0.97  0.02
   Final Test: 0.93  0.02
