Namespace(conv_layers=3, device=0, dropout=0.0, epochs=100, hidden_dim=256, log_steps=1, lr=0.001, method='gin', mlp_layers=2, runs=10, subset='physics')
Run: 01, Epoch: 01, Loss: 0.0202, lr: 0.001000, Train: -3.9536, Valid: -1.7853, Test: -4.5012
Run: 01, Epoch: 02, Loss: 0.0143, lr: 0.001000, Train: -0.2323, Valid: 0.1648, Test: -0.5899
Run: 01, Epoch: 03, Loss: 0.0065, lr: 0.001000, Train: 0.6207, Valid: 0.7174, Test: 0.4428
Run: 01, Epoch: 04, Loss: 0.0028, lr: 0.001000, Train: -0.8935, Valid: -0.4812, Test: -1.1629
Run: 01, Epoch: 05, Loss: 0.0029, lr: 0.001000, Train: -1.9511, Valid: -1.2130, Test: -2.4070
Run: 01, Epoch: 06, Loss: 0.0025, lr: 0.001000, Train: -2.8996, Valid: -1.6642, Test: -3.5554
Run: 01, Epoch: 07, Loss: 0.0018, lr: 0.001000, Train: -3.3419, Valid: -1.7195, Test: -4.1393
Run: 01, Epoch: 08, Loss: 0.0012, lr: 0.001000, Train: -2.9498, Valid: -1.3672, Test: -3.7859
Run: 01, Epoch: 09, Loss: 0.0011, lr: 0.001000, Train: -2.1790, Valid: -0.8811, Test: -2.9497
Run: 01, Epoch: 10, Loss: 0.0010, lr: 0.000700, Train: -1.7488, Valid: -0.6642, Test: -2.5071
Run: 01, Epoch: 11, Loss: 0.0009, lr: 0.000700, Train: -1.6892, Valid: -0.6800, Test: -2.4854
Run: 01, Epoch: 12, Loss: 0.0007, lr: 0.000700, Train: -1.5025, Valid: -0.6167, Test: -2.3056
Run: 01, Epoch: 13, Loss: 0.0007, lr: 0.000700, Train: -1.0530, Valid: -0.3499, Test: -1.7561
Run: 01, Epoch: 14, Loss: 0.0007, lr: 0.000700, Train: -0.5137, Valid: 0.0193, Test: -1.0654
Run: 01, Epoch: 15, Loss: 0.0006, lr: 0.000700, Train: -0.1973, Valid: 0.2603, Test: -0.6385
Run: 01, Epoch: 16, Loss: 0.0006, lr: 0.000490, Train: -0.0569, Valid: 0.3592, Test: -0.4584
Run: 01, Epoch: 17, Loss: 0.0005, lr: 0.000490, Train: 0.0016, Valid: 0.3873, Test: -0.3856
Run: 01, Epoch: 18, Loss: 0.0004, lr: 0.000490, Train: 0.1092, Valid: 0.4395, Test: -0.2399
Run: 01, Epoch: 19, Loss: 0.0004, lr: 0.000490, Train: 0.2836, Valid: 0.5432, Test: -0.0108
Run: 01, Epoch: 20, Loss: 0.0004, lr: 0.000490, Train: 0.4674, Valid: 0.6566, Test: 0.2306
Run: 01, Epoch: 21, Loss: 0.0004, lr: 0.000490, Train: 0.6004, Valid: 0.7374, Test: 0.4100
Run: 01, Epoch: 22, Loss: 0.0004, lr: 0.000490, Train: 0.6844, Valid: 0.7843, Test: 0.5185
Run: 01, Epoch: 23, Loss: 0.0003, lr: 0.000490, Train: 0.7436, Valid: 0.8179, Test: 0.5948
Run: 01, Epoch: 24, Loss: 0.0003, lr: 0.000490, Train: 0.7973, Valid: 0.8504, Test: 0.6679
Run: 01, Epoch: 25, Loss: 0.0003, lr: 0.000490, Train: 0.8416, Valid: 0.8785, Test: 0.7317
Run: 01, Epoch: 26, Loss: 0.0003, lr: 0.000490, Train: 0.8693, Valid: 0.8949, Test: 0.7703
Run: 01, Epoch: 27, Loss: 0.0003, lr: 0.000490, Train: 0.8823, Valid: 0.9001, Test: 0.7836
Run: 01, Epoch: 28, Loss: 0.0002, lr: 0.000490, Train: 0.8896, Valid: 0.9011, Test: 0.7891
Run: 01, Epoch: 29, Loss: 0.0002, lr: 0.000490, Train: 0.9038, Valid: 0.9095, Test: 0.8075
Run: 01, Epoch: 30, Loss: 0.0002, lr: 0.000490, Train: 0.9264, Valid: 0.9260, Test: 0.8414
Run: 01, Epoch: 31, Loss: 0.0002, lr: 0.000490, Train: 0.9456, Valid: 0.9400, Test: 0.8707
Run: 01, Epoch: 32, Loss: 0.0002, lr: 0.000490, Train: 0.9538, Valid: 0.9450, Test: 0.8827
Run: 01, Epoch: 33, Loss: 0.0002, lr: 0.000490, Train: 0.9534, Valid: 0.9435, Test: 0.8810
Run: 01, Epoch: 34, Loss: 0.0002, lr: 0.000490, Train: 0.9546, Valid: 0.9434, Test: 0.8812
Run: 01, Epoch: 35, Loss: 0.0001, lr: 0.000490, Train: 0.9640, Valid: 0.9496, Test: 0.8951
Run: 01, Epoch: 36, Loss: 0.0001, lr: 0.000490, Train: 0.9736, Valid: 0.9563, Test: 0.9083
Run: 01, Epoch: 37, Loss: 0.0001, lr: 0.000490, Train: 0.9788, Valid: 0.9591, Test: 0.9130
Run: 01, Epoch: 38, Loss: 0.0001, lr: 0.000490, Train: 0.9807, Valid: 0.9591, Test: 0.9122
Run: 01, Epoch: 39, Loss: 0.0001, lr: 0.000490, Train: 0.9826, Valid: 0.9591, Test: 0.9118
Run: 01, Epoch: 40, Loss: 0.0001, lr: 0.000490, Train: 0.9846, Valid: 0.9594, Test: 0.9118
Run: 01, Epoch: 41, Loss: 0.0001, lr: 0.000490, Train: 0.9851, Valid: 0.9589, Test: 0.9107
Run: 01, Epoch: 42, Loss: 0.0001, lr: 0.000490, Train: 0.9853, Valid: 0.9578, Test: 0.9088
Run: 01, Epoch: 43, Loss: 0.0001, lr: 0.000490, Train: 0.9873, Valid: 0.9579, Test: 0.9092
Run: 01, Epoch: 44, Loss: 0.0001, lr: 0.000490, Train: 0.9904, Valid: 0.9588, Test: 0.9104
Run: 01, Epoch: 45, Loss: 0.0001, lr: 0.000490, Train: 0.9924, Valid: 0.9592, Test: 0.9112
Run: 01, Epoch: 46, Loss: 0.0001, lr: 0.000490, Train: 0.9936, Valid: 0.9591, Test: 0.9109
Run: 01, Epoch: 47, Loss: 0.0001, lr: 0.000343, Train: 0.9942, Valid: 0.9590, Test: 0.9103
Run: 01, Epoch: 48, Loss: 0.0001, lr: 0.000343, Train: 0.9948, Valid: 0.9591, Test: 0.9096
Run: 01, Epoch: 49, Loss: 0.0001, lr: 0.000343, Train: 0.9954, Valid: 0.9596, Test: 0.9097
Run: 01, Epoch: 50, Loss: 0.0001, lr: 0.000343, Train: 0.9961, Valid: 0.9604, Test: 0.9106
Run: 01, Epoch: 51, Loss: 0.0001, lr: 0.000343, Train: 0.9966, Valid: 0.9611, Test: 0.9114
Run: 01, Epoch: 52, Loss: 0.0001, lr: 0.000343, Train: 0.9969, Valid: 0.9615, Test: 0.9116
Run: 01, Epoch: 53, Loss: 0.0000, lr: 0.000343, Train: 0.9970, Valid: 0.9616, Test: 0.9115
Run: 01, Epoch: 54, Loss: 0.0000, lr: 0.000343, Train: 0.9972, Valid: 0.9616, Test: 0.9113
Run: 01, Epoch: 55, Loss: 0.0000, lr: 0.000343, Train: 0.9974, Valid: 0.9616, Test: 0.9112
Run: 01, Epoch: 56, Loss: 0.0000, lr: 0.000343, Train: 0.9975, Valid: 0.9614, Test: 0.9109
Run: 01, Epoch: 57, Loss: 0.0000, lr: 0.000343, Train: 0.9976, Valid: 0.9611, Test: 0.9105
Run: 01, Epoch: 58, Loss: 0.0000, lr: 0.000343, Train: 0.9977, Valid: 0.9609, Test: 0.9103
Run: 01, Epoch: 59, Loss: 0.0000, lr: 0.000343, Train: 0.9979, Valid: 0.9609, Test: 0.9105
Run: 01, Epoch: 60, Loss: 0.0000, lr: 0.000343, Train: 0.9981, Valid: 0.9611, Test: 0.9110
Run: 01, Epoch: 61, Loss: 0.0000, lr: 0.000240, Train: 0.9982, Valid: 0.9613, Test: 0.9112
Run: 01, Epoch: 62, Loss: 0.0000, lr: 0.000240, Train: 0.9982, Valid: 0.9614, Test: 0.9114
Run: 01, Epoch: 63, Loss: 0.0000, lr: 0.000240, Train: 0.9982, Valid: 0.9614, Test: 0.9115
Run: 01, Epoch: 64, Loss: 0.0000, lr: 0.000240, Train: 0.9983, Valid: 0.9616, Test: 0.9116
Run: 01, Epoch: 65, Loss: 0.0000, lr: 0.000240, Train: 0.9983, Valid: 0.9617, Test: 0.9118
Run: 01, Epoch: 66, Loss: 0.0000, lr: 0.000240, Train: 0.9984, Valid: 0.9619, Test: 0.9120
Run: 01, Epoch: 67, Loss: 0.0000, lr: 0.000240, Train: 0.9985, Valid: 0.9619, Test: 0.9121
Run: 01, Epoch: 68, Loss: 0.0000, lr: 0.000240, Train: 0.9986, Valid: 0.9619, Test: 0.9121
Run: 01, Epoch: 69, Loss: 0.0000, lr: 0.000240, Train: 0.9987, Valid: 0.9619, Test: 0.9122
Run: 01, Epoch: 70, Loss: 0.0000, lr: 0.000240, Train: 0.9988, Valid: 0.9619, Test: 0.9123
Run: 01, Epoch: 71, Loss: 0.0000, lr: 0.000240, Train: 0.9989, Valid: 0.9618, Test: 0.9123
Run: 01, Epoch: 72, Loss: 0.0000, lr: 0.000240, Train: 0.9989, Valid: 0.9618, Test: 0.9123
Run: 01, Epoch: 73, Loss: 0.0000, lr: 0.000168, Train: 0.9989, Valid: 0.9618, Test: 0.9123
Run: 01, Epoch: 74, Loss: 0.0000, lr: 0.000168, Train: 0.9989, Valid: 0.9618, Test: 0.9124
Run: 01, Epoch: 75, Loss: 0.0000, lr: 0.000168, Train: 0.9990, Valid: 0.9619, Test: 0.9124
Run: 01, Epoch: 76, Loss: 0.0000, lr: 0.000168, Train: 0.9990, Valid: 0.9619, Test: 0.9126
Run: 01, Epoch: 77, Loss: 0.0000, lr: 0.000168, Train: 0.9990, Valid: 0.9620, Test: 0.9127
Run: 01, Epoch: 78, Loss: 0.0000, lr: 0.000168, Train: 0.9990, Valid: 0.9620, Test: 0.9128
Run: 01, Epoch: 79, Loss: 0.0000, lr: 0.000168, Train: 0.9991, Valid: 0.9620, Test: 0.9128
Run: 01, Epoch: 80, Loss: 0.0000, lr: 0.000168, Train: 0.9991, Valid: 0.9620, Test: 0.9128
Run: 01, Epoch: 81, Loss: 0.0000, lr: 0.000168, Train: 0.9991, Valid: 0.9619, Test: 0.9127
Run: 01, Epoch: 82, Loss: 0.0000, lr: 0.000168, Train: 0.9992, Valid: 0.9619, Test: 0.9125
Run: 01, Epoch: 83, Loss: 0.0000, lr: 0.000168, Train: 0.9992, Valid: 0.9618, Test: 0.9123
Run: 01, Epoch: 84, Loss: 0.0000, lr: 0.000118, Train: 0.9992, Valid: 0.9618, Test: 0.9121
Run: 01, Epoch: 85, Loss: 0.0000, lr: 0.000118, Train: 0.9992, Valid: 0.9617, Test: 0.9118
Run: 01, Epoch: 86, Loss: 0.0000, lr: 0.000118, Train: 0.9992, Valid: 0.9616, Test: 0.9116
Run: 01, Epoch: 87, Loss: 0.0000, lr: 0.000118, Train: 0.9993, Valid: 0.9616, Test: 0.9114
Run: 01, Epoch: 88, Loss: 0.0000, lr: 0.000118, Train: 0.9993, Valid: 0.9616, Test: 0.9112
Run: 01, Epoch: 89, Loss: 0.0000, lr: 0.000118, Train: 0.9993, Valid: 0.9615, Test: 0.9111
Run: 01, Epoch: 90, Loss: 0.0000, lr: 0.000082, Train: 0.9993, Valid: 0.9615, Test: 0.9110
Run: 01, Epoch: 91, Loss: 0.0000, lr: 0.000082, Train: 0.9993, Valid: 0.9615, Test: 0.9110
Run: 01, Epoch: 92, Loss: 0.0000, lr: 0.000082, Train: 0.9993, Valid: 0.9615, Test: 0.9109
Run: 01, Epoch: 93, Loss: 0.0000, lr: 0.000082, Train: 0.9993, Valid: 0.9614, Test: 0.9109
Run: 01, Epoch: 94, Loss: 0.0000, lr: 0.000082, Train: 0.9993, Valid: 0.9614, Test: 0.9108
Run: 01, Epoch: 95, Loss: 0.0000, lr: 0.000082, Train: 0.9993, Valid: 0.9614, Test: 0.9108
Run: 01, Epoch: 96, Loss: 0.0000, lr: 0.000058, Train: 0.9993, Valid: 0.9614, Test: 0.9108
Run: 01, Epoch: 97, Loss: 0.0000, lr: 0.000058, Train: 0.9993, Valid: 0.9614, Test: 0.9108
Run: 01, Epoch: 98, Loss: 0.0000, lr: 0.000058, Train: 0.9994, Valid: 0.9614, Test: 0.9108
Run: 01, Epoch: 99, Loss: 0.0000, lr: 0.000058, Train: 0.9994, Valid: 0.9614, Test: 0.9108
Run: 01, Epoch: 100, Loss: 0.0000, lr: 0.000058, Train: 0.9994, Valid: 0.9614, Test: 0.9108
Run 01:
Highest Train: 1.00
Highest Valid: 0.96
  Final Train: 1.00
   Final Test: 0.91
Run: 02, Epoch: 01, Loss: 0.0499, lr: 0.001000, Train: 0.3787, Valid: 0.2005, Test: 0.3615
Run: 02, Epoch: 02, Loss: 0.0189, lr: 0.001000, Train: 0.7221, Valid: 0.6320, Test: 0.7154
Run: 02, Epoch: 03, Loss: 0.0098, lr: 0.001000, Train: 0.4842, Valid: 0.2098, Test: 0.4875
Run: 02, Epoch: 04, Loss: 0.0066, lr: 0.001000, Train: 0.4829, Valid: 0.1622, Test: 0.4935
Run: 02, Epoch: 05, Loss: 0.0044, lr: 0.001000, Train: 0.7544, Valid: 0.5485, Test: 0.7615
Run: 02, Epoch: 06, Loss: 0.0029, lr: 0.001000, Train: 0.6540, Valid: 0.4351, Test: 0.7345
Run: 02, Epoch: 07, Loss: 0.0028, lr: 0.001000, Train: 0.6661, Valid: 0.4854, Test: 0.7505
Run: 02, Epoch: 08, Loss: 0.0025, lr: 0.001000, Train: 0.7514, Valid: 0.6437, Test: 0.7932
Run: 02, Epoch: 09, Loss: 0.0025, lr: 0.001000, Train: 0.6466, Valid: 0.5267, Test: 0.6696
Run: 02, Epoch: 10, Loss: 0.0027, lr: 0.001000, Train: 0.6038, Valid: 0.4257, Test: 0.6202
Run: 02, Epoch: 11, Loss: 0.0024, lr: 0.001000, Train: 0.6951, Valid: 0.4844, Test: 0.7091
Run: 02, Epoch: 12, Loss: 0.0017, lr: 0.001000, Train: 0.8006, Valid: 0.5927, Test: 0.8071
Run: 02, Epoch: 13, Loss: 0.0014, lr: 0.001000, Train: 0.8596, Valid: 0.6615, Test: 0.8580
Run: 02, Epoch: 14, Loss: 0.0013, lr: 0.001000, Train: 0.8843, Valid: 0.6998, Test: 0.8809
Run: 02, Epoch: 15, Loss: 0.0012, lr: 0.001000, Train: 0.8910, Valid: 0.7183, Test: 0.8893
Run: 02, Epoch: 16, Loss: 0.0011, lr: 0.001000, Train: 0.8843, Valid: 0.7151, Test: 0.8892
Run: 02, Epoch: 17, Loss: 0.0011, lr: 0.001000, Train: 0.8662, Valid: 0.6902, Test: 0.8810
Run: 02, Epoch: 18, Loss: 0.0011, lr: 0.001000, Train: 0.8484, Valid: 0.6579, Test: 0.8731
Run: 02, Epoch: 19, Loss: 0.0009, lr: 0.001000, Train: 0.8437, Valid: 0.6377, Test: 0.8761
Run: 02, Epoch: 20, Loss: 0.0008, lr: 0.001000, Train: 0.8575, Valid: 0.6424, Test: 0.8903
Run: 02, Epoch: 21, Loss: 0.0008, lr: 0.001000, Train: 0.8826, Valid: 0.6798, Test: 0.9090
Run: 02, Epoch: 22, Loss: 0.0008, lr: 0.000700, Train: 0.9102, Valid: 0.7313, Test: 0.9266
Run: 02, Epoch: 23, Loss: 0.0007, lr: 0.000700, Train: 0.9320, Valid: 0.7755, Test: 0.9391
Run: 02, Epoch: 24, Loss: 0.0006, lr: 0.000700, Train: 0.9459, Valid: 0.8092, Test: 0.9452
Run: 02, Epoch: 25, Loss: 0.0006, lr: 0.000700, Train: 0.9544, Valid: 0.8352, Test: 0.9479
Run: 02, Epoch: 26, Loss: 0.0006, lr: 0.000700, Train: 0.9601, Valid: 0.8510, Test: 0.9485
Run: 02, Epoch: 27, Loss: 0.0005, lr: 0.000700, Train: 0.9644, Valid: 0.8582, Test: 0.9490
Run: 02, Epoch: 28, Loss: 0.0005, lr: 0.000700, Train: 0.9676, Valid: 0.8590, Test: 0.9503
Run: 02, Epoch: 29, Loss: 0.0005, lr: 0.000700, Train: 0.9702, Valid: 0.8576, Test: 0.9521
Run: 02, Epoch: 30, Loss: 0.0005, lr: 0.000700, Train: 0.9722, Valid: 0.8580, Test: 0.9539
Run: 02, Epoch: 31, Loss: 0.0005, lr: 0.000700, Train: 0.9738, Valid: 0.8619, Test: 0.9547
Run: 02, Epoch: 32, Loss: 0.0004, lr: 0.000700, Train: 0.9746, Valid: 0.8684, Test: 0.9539
Run: 02, Epoch: 33, Loss: 0.0004, lr: 0.000700, Train: 0.9751, Valid: 0.8762, Test: 0.9521
Run: 02, Epoch: 34, Loss: 0.0004, lr: 0.000700, Train: 0.9765, Valid: 0.8835, Test: 0.9510
Run: 02, Epoch: 35, Loss: 0.0004, lr: 0.000700, Train: 0.9795, Valid: 0.8893, Test: 0.9519
Run: 02, Epoch: 36, Loss: 0.0003, lr: 0.000700, Train: 0.9833, Valid: 0.8929, Test: 0.9542
Run: 02, Epoch: 37, Loss: 0.0003, lr: 0.000700, Train: 0.9861, Valid: 0.8936, Test: 0.9561
Run: 02, Epoch: 38, Loss: 0.0003, lr: 0.000700, Train: 0.9872, Valid: 0.8925, Test: 0.9566
Run: 02, Epoch: 39, Loss: 0.0003, lr: 0.000700, Train: 0.9877, Valid: 0.8916, Test: 0.9566
Run: 02, Epoch: 40, Loss: 0.0003, lr: 0.000700, Train: 0.9884, Valid: 0.8924, Test: 0.9568
Run: 02, Epoch: 41, Loss: 0.0003, lr: 0.000700, Train: 0.9887, Valid: 0.8937, Test: 0.9563
Run: 02, Epoch: 42, Loss: 0.0003, lr: 0.000700, Train: 0.9885, Valid: 0.8945, Test: 0.9555
Run: 02, Epoch: 43, Loss: 0.0002, lr: 0.000700, Train: 0.9886, Valid: 0.8941, Test: 0.9554
Run: 02, Epoch: 44, Loss: 0.0002, lr: 0.000700, Train: 0.9895, Valid: 0.8935, Test: 0.9565
Run: 02, Epoch: 45, Loss: 0.0002, lr: 0.000700, Train: 0.9906, Valid: 0.8927, Test: 0.9577
Run: 02, Epoch: 46, Loss: 0.0002, lr: 0.000700, Train: 0.9913, Valid: 0.8921, Test: 0.9580
Run: 02, Epoch: 47, Loss: 0.0002, lr: 0.000700, Train: 0.9918, Valid: 0.8924, Test: 0.9573
Run: 02, Epoch: 48, Loss: 0.0002, lr: 0.000700, Train: 0.9923, Valid: 0.8942, Test: 0.9559
Run: 02, Epoch: 49, Loss: 0.0002, lr: 0.000490, Train: 0.9928, Valid: 0.8959, Test: 0.9547
Run: 02, Epoch: 50, Loss: 0.0002, lr: 0.000490, Train: 0.9931, Valid: 0.8973, Test: 0.9537
Run: 02, Epoch: 51, Loss: 0.0002, lr: 0.000490, Train: 0.9934, Valid: 0.8979, Test: 0.9530
Run: 02, Epoch: 52, Loss: 0.0002, lr: 0.000490, Train: 0.9937, Valid: 0.8976, Test: 0.9529
Run: 02, Epoch: 53, Loss: 0.0002, lr: 0.000490, Train: 0.9938, Valid: 0.8963, Test: 0.9531
Run: 02, Epoch: 54, Loss: 0.0002, lr: 0.000490, Train: 0.9939, Valid: 0.8948, Test: 0.9536
Run: 02, Epoch: 55, Loss: 0.0002, lr: 0.000490, Train: 0.9940, Valid: 0.8936, Test: 0.9539
Run: 02, Epoch: 56, Loss: 0.0002, lr: 0.000490, Train: 0.9941, Valid: 0.8929, Test: 0.9539
Run: 02, Epoch: 57, Loss: 0.0002, lr: 0.000490, Train: 0.9942, Valid: 0.8930, Test: 0.9535
Run: 02, Epoch: 58, Loss: 0.0002, lr: 0.000343, Train: 0.9943, Valid: 0.8934, Test: 0.9532
Run: 02, Epoch: 59, Loss: 0.0002, lr: 0.000343, Train: 0.9945, Valid: 0.8938, Test: 0.9530
Run: 02, Epoch: 60, Loss: 0.0002, lr: 0.000343, Train: 0.9947, Valid: 0.8940, Test: 0.9528
Run: 02, Epoch: 61, Loss: 0.0002, lr: 0.000343, Train: 0.9948, Valid: 0.8939, Test: 0.9529
Run: 02, Epoch: 62, Loss: 0.0002, lr: 0.000343, Train: 0.9949, Valid: 0.8935, Test: 0.9531
Run: 02, Epoch: 63, Loss: 0.0001, lr: 0.000343, Train: 0.9950, Valid: 0.8928, Test: 0.9534
Run: 02, Epoch: 64, Loss: 0.0001, lr: 0.000240, Train: 0.9951, Valid: 0.8922, Test: 0.9535
Run: 02, Epoch: 65, Loss: 0.0001, lr: 0.000240, Train: 0.9952, Valid: 0.8916, Test: 0.9536
Run: 02, Epoch: 66, Loss: 0.0001, lr: 0.000240, Train: 0.9953, Valid: 0.8912, Test: 0.9537
Run: 02, Epoch: 67, Loss: 0.0001, lr: 0.000240, Train: 0.9954, Valid: 0.8909, Test: 0.9537
Run: 02, Epoch: 68, Loss: 0.0001, lr: 0.000240, Train: 0.9955, Valid: 0.8909, Test: 0.9537
Run: 02, Epoch: 69, Loss: 0.0001, lr: 0.000240, Train: 0.9955, Valid: 0.8910, Test: 0.9537
Run: 02, Epoch: 70, Loss: 0.0001, lr: 0.000168, Train: 0.9956, Valid: 0.8910, Test: 0.9537
Run: 02, Epoch: 71, Loss: 0.0001, lr: 0.000168, Train: 0.9956, Valid: 0.8910, Test: 0.9538
Run: 02, Epoch: 72, Loss: 0.0001, lr: 0.000168, Train: 0.9957, Valid: 0.8910, Test: 0.9538
Run: 02, Epoch: 73, Loss: 0.0001, lr: 0.000168, Train: 0.9957, Valid: 0.8909, Test: 0.9539
Run: 02, Epoch: 74, Loss: 0.0001, lr: 0.000168, Train: 0.9957, Valid: 0.8907, Test: 0.9539
Run: 02, Epoch: 75, Loss: 0.0001, lr: 0.000168, Train: 0.9958, Valid: 0.8904, Test: 0.9538
Run: 02, Epoch: 76, Loss: 0.0001, lr: 0.000118, Train: 0.9958, Valid: 0.8902, Test: 0.9538
Run: 02, Epoch: 77, Loss: 0.0001, lr: 0.000118, Train: 0.9959, Valid: 0.8900, Test: 0.9537
Run: 02, Epoch: 78, Loss: 0.0001, lr: 0.000118, Train: 0.9959, Valid: 0.8898, Test: 0.9536
Run: 02, Epoch: 79, Loss: 0.0001, lr: 0.000118, Train: 0.9960, Valid: 0.8896, Test: 0.9535
Run: 02, Epoch: 80, Loss: 0.0001, lr: 0.000118, Train: 0.9960, Valid: 0.8894, Test: 0.9534
Run: 02, Epoch: 81, Loss: 0.0001, lr: 0.000118, Train: 0.9960, Valid: 0.8893, Test: 0.9534
Run: 02, Epoch: 82, Loss: 0.0001, lr: 0.000082, Train: 0.9960, Valid: 0.8892, Test: 0.9533
Run: 02, Epoch: 83, Loss: 0.0001, lr: 0.000082, Train: 0.9961, Valid: 0.8891, Test: 0.9533
Run: 02, Epoch: 84, Loss: 0.0001, lr: 0.000082, Train: 0.9961, Valid: 0.8891, Test: 0.9533
Run: 02, Epoch: 85, Loss: 0.0001, lr: 0.000082, Train: 0.9961, Valid: 0.8891, Test: 0.9533
Run: 02, Epoch: 86, Loss: 0.0001, lr: 0.000082, Train: 0.9961, Valid: 0.8891, Test: 0.9533
Run: 02, Epoch: 87, Loss: 0.0001, lr: 0.000082, Train: 0.9962, Valid: 0.8891, Test: 0.9533
Run: 02, Epoch: 88, Loss: 0.0001, lr: 0.000058, Train: 0.9962, Valid: 0.8891, Test: 0.9533
Run: 02, Epoch: 89, Loss: 0.0001, lr: 0.000058, Train: 0.9962, Valid: 0.8891, Test: 0.9533
Run: 02, Epoch: 90, Loss: 0.0001, lr: 0.000058, Train: 0.9962, Valid: 0.8891, Test: 0.9533
Run: 02, Epoch: 91, Loss: 0.0001, lr: 0.000058, Train: 0.9962, Valid: 0.8891, Test: 0.9533
Run: 02, Epoch: 92, Loss: 0.0001, lr: 0.000058, Train: 0.9963, Valid: 0.8891, Test: 0.9532
Run: 02, Epoch: 93, Loss: 0.0001, lr: 0.000058, Train: 0.9963, Valid: 0.8891, Test: 0.9532
Run: 02, Epoch: 94, Loss: 0.0001, lr: 0.000040, Train: 0.9963, Valid: 0.8891, Test: 0.9532
Run: 02, Epoch: 95, Loss: 0.0001, lr: 0.000040, Train: 0.9963, Valid: 0.8891, Test: 0.9531
Run: 02, Epoch: 96, Loss: 0.0001, lr: 0.000040, Train: 0.9963, Valid: 0.8891, Test: 0.9531
Run: 02, Epoch: 97, Loss: 0.0001, lr: 0.000040, Train: 0.9963, Valid: 0.8891, Test: 0.9530
Run: 02, Epoch: 98, Loss: 0.0001, lr: 0.000040, Train: 0.9963, Valid: 0.8892, Test: 0.9530
Run: 02, Epoch: 99, Loss: 0.0001, lr: 0.000040, Train: 0.9964, Valid: 0.8892, Test: 0.9529
Run: 02, Epoch: 100, Loss: 0.0001, lr: 0.000028, Train: 0.9964, Valid: 0.8892, Test: 0.9529
Run 02:
Highest Train: 1.00
Highest Valid: 0.90
  Final Train: 0.99
   Final Test: 0.95
Run: 03, Epoch: 01, Loss: 0.0345, lr: 0.001000, Train: 0.3944, Valid: 0.2272, Test: 0.3036
Run: 03, Epoch: 02, Loss: 0.0076, lr: 0.001000, Train: 0.0176, Valid: -0.1838, Test: -0.3564
Run: 03, Epoch: 03, Loss: 0.0094, lr: 0.001000, Train: 0.6014, Valid: 0.3284, Test: 0.5127
Run: 03, Epoch: 04, Loss: 0.0066, lr: 0.001000, Train: 0.5992, Valid: 0.2268, Test: 0.5086
Run: 03, Epoch: 05, Loss: 0.0055, lr: 0.001000, Train: 0.7135, Valid: 0.5677, Test: 0.6331
Run: 03, Epoch: 06, Loss: 0.0025, lr: 0.001000, Train: 0.5802, Valid: 0.3453, Test: 0.3889
Run: 03, Epoch: 07, Loss: 0.0038, lr: 0.001000, Train: 0.6743, Valid: 0.4432, Test: 0.5297
Run: 03, Epoch: 08, Loss: 0.0030, lr: 0.001000, Train: 0.8350, Valid: 0.6898, Test: 0.7993
Run: 03, Epoch: 09, Loss: 0.0021, lr: 0.001000, Train: 0.8417, Valid: 0.6994, Test: 0.8478
Run: 03, Epoch: 10, Loss: 0.0025, lr: 0.001000, Train: 0.8527, Valid: 0.6949, Test: 0.8621
Run: 03, Epoch: 11, Loss: 0.0024, lr: 0.001000, Train: 0.9018, Valid: 0.7628, Test: 0.9021
Run: 03, Epoch: 12, Loss: 0.0018, lr: 0.001000, Train: 0.9182, Valid: 0.7594, Test: 0.8831
Run: 03, Epoch: 13, Loss: 0.0014, lr: 0.001000, Train: 0.8666, Valid: 0.6676, Test: 0.7903
Run: 03, Epoch: 14, Loss: 0.0016, lr: 0.001000, Train: 0.8375, Valid: 0.6218, Test: 0.7417
Run: 03, Epoch: 15, Loss: 0.0015, lr: 0.001000, Train: 0.8696, Valid: 0.6486, Test: 0.7741
Run: 03, Epoch: 16, Loss: 0.0012, lr: 0.001000, Train: 0.9081, Valid: 0.6951, Test: 0.8253
Run: 03, Epoch: 17, Loss: 0.0012, lr: 0.001000, Train: 0.9268, Valid: 0.7267, Test: 0.8554
Run: 03, Epoch: 18, Loss: 0.0012, lr: 0.000700, Train: 0.9358, Valid: 0.7427, Test: 0.8682
Run: 03, Epoch: 19, Loss: 0.0011, lr: 0.000700, Train: 0.9427, Valid: 0.7529, Test: 0.8721
Run: 03, Epoch: 20, Loss: 0.0010, lr: 0.000700, Train: 0.9473, Valid: 0.7599, Test: 0.8728
Run: 03, Epoch: 21, Loss: 0.0009, lr: 0.000700, Train: 0.9489, Valid: 0.7656, Test: 0.8735
Run: 03, Epoch: 22, Loss: 0.0009, lr: 0.000700, Train: 0.9490, Valid: 0.7753, Test: 0.8788
Run: 03, Epoch: 23, Loss: 0.0008, lr: 0.000700, Train: 0.9519, Valid: 0.7943, Test: 0.8907
Run: 03, Epoch: 24, Loss: 0.0008, lr: 0.000700, Train: 0.9586, Valid: 0.8189, Test: 0.9061
Run: 03, Epoch: 25, Loss: 0.0008, lr: 0.000700, Train: 0.9662, Valid: 0.8419, Test: 0.9201
Run: 03, Epoch: 26, Loss: 0.0007, lr: 0.000700, Train: 0.9713, Valid: 0.8578, Test: 0.9286
Run: 03, Epoch: 27, Loss: 0.0007, lr: 0.000700, Train: 0.9732, Valid: 0.8660, Test: 0.9311
Run: 03, Epoch: 28, Loss: 0.0007, lr: 0.000700, Train: 0.9735, Valid: 0.8672, Test: 0.9290
Run: 03, Epoch: 29, Loss: 0.0006, lr: 0.000700, Train: 0.9734, Valid: 0.8646, Test: 0.9253
Run: 03, Epoch: 30, Loss: 0.0006, lr: 0.000700, Train: 0.9733, Valid: 0.8621, Test: 0.9228
Run: 03, Epoch: 31, Loss: 0.0006, lr: 0.000700, Train: 0.9730, Valid: 0.8601, Test: 0.9220
Run: 03, Epoch: 32, Loss: 0.0006, lr: 0.000700, Train: 0.9721, Valid: 0.8601, Test: 0.9224
Run: 03, Epoch: 33, Loss: 0.0005, lr: 0.000700, Train: 0.9727, Valid: 0.8639, Test: 0.9253
Run: 03, Epoch: 34, Loss: 0.0005, lr: 0.000700, Train: 0.9747, Valid: 0.8684, Test: 0.9285
Run: 03, Epoch: 35, Loss: 0.0005, lr: 0.000700, Train: 0.9772, Valid: 0.8712, Test: 0.9308
Run: 03, Epoch: 36, Loss: 0.0005, lr: 0.000700, Train: 0.9793, Valid: 0.8721, Test: 0.9320
Run: 03, Epoch: 37, Loss: 0.0005, lr: 0.000700, Train: 0.9809, Valid: 0.8736, Test: 0.9336
Run: 03, Epoch: 38, Loss: 0.0005, lr: 0.000700, Train: 0.9825, Valid: 0.8781, Test: 0.9367
Run: 03, Epoch: 39, Loss: 0.0004, lr: 0.000700, Train: 0.9834, Valid: 0.8814, Test: 0.9392
Run: 03, Epoch: 40, Loss: 0.0004, lr: 0.000700, Train: 0.9832, Valid: 0.8802, Test: 0.9395
Run: 03, Epoch: 41, Loss: 0.0004, lr: 0.000700, Train: 0.9826, Valid: 0.8781, Test: 0.9383
Run: 03, Epoch: 42, Loss: 0.0004, lr: 0.000700, Train: 0.9823, Valid: 0.8757, Test: 0.9359
Run: 03, Epoch: 43, Loss: 0.0004, lr: 0.000700, Train: 0.9826, Valid: 0.8746, Test: 0.9342
Run: 03, Epoch: 44, Loss: 0.0004, lr: 0.000700, Train: 0.9839, Valid: 0.8775, Test: 0.9358
Run: 03, Epoch: 45, Loss: 0.0004, lr: 0.000700, Train: 0.9857, Valid: 0.8831, Test: 0.9401
Run: 03, Epoch: 46, Loss: 0.0003, lr: 0.000700, Train: 0.9869, Valid: 0.8876, Test: 0.9436
Run: 03, Epoch: 47, Loss: 0.0003, lr: 0.000700, Train: 0.9877, Valid: 0.8892, Test: 0.9453
Run: 03, Epoch: 48, Loss: 0.0003, lr: 0.000700, Train: 0.9881, Valid: 0.8874, Test: 0.9449
Run: 03, Epoch: 49, Loss: 0.0003, lr: 0.000700, Train: 0.9882, Valid: 0.8837, Test: 0.9437
Run: 03, Epoch: 50, Loss: 0.0003, lr: 0.000700, Train: 0.9886, Valid: 0.8826, Test: 0.9438
Run: 03, Epoch: 51, Loss: 0.0003, lr: 0.000700, Train: 0.9893, Valid: 0.8846, Test: 0.9453
Run: 03, Epoch: 52, Loss: 0.0003, lr: 0.000700, Train: 0.9897, Valid: 0.8864, Test: 0.9470
Run: 03, Epoch: 53, Loss: 0.0003, lr: 0.000700, Train: 0.9900, Valid: 0.8875, Test: 0.9475
Run: 03, Epoch: 54, Loss: 0.0003, lr: 0.000490, Train: 0.9903, Valid: 0.8877, Test: 0.9472
Run: 03, Epoch: 55, Loss: 0.0002, lr: 0.000490, Train: 0.9904, Valid: 0.8871, Test: 0.9465
Run: 03, Epoch: 56, Loss: 0.0002, lr: 0.000490, Train: 0.9904, Valid: 0.8865, Test: 0.9460
Run: 03, Epoch: 57, Loss: 0.0002, lr: 0.000490, Train: 0.9905, Valid: 0.8861, Test: 0.9458
Run: 03, Epoch: 58, Loss: 0.0002, lr: 0.000490, Train: 0.9907, Valid: 0.8861, Test: 0.9458
Run: 03, Epoch: 59, Loss: 0.0002, lr: 0.000490, Train: 0.9910, Valid: 0.8860, Test: 0.9456
Run: 03, Epoch: 60, Loss: 0.0002, lr: 0.000343, Train: 0.9914, Valid: 0.8858, Test: 0.9454
Run: 03, Epoch: 61, Loss: 0.0002, lr: 0.000343, Train: 0.9918, Valid: 0.8857, Test: 0.9452
Run: 03, Epoch: 62, Loss: 0.0002, lr: 0.000343, Train: 0.9922, Valid: 0.8854, Test: 0.9450
Run: 03, Epoch: 63, Loss: 0.0002, lr: 0.000343, Train: 0.9924, Valid: 0.8846, Test: 0.9446
Run: 03, Epoch: 64, Loss: 0.0002, lr: 0.000343, Train: 0.9925, Valid: 0.8837, Test: 0.9448
Run: 03, Epoch: 65, Loss: 0.0002, lr: 0.000343, Train: 0.9926, Valid: 0.8828, Test: 0.9450
Run: 03, Epoch: 66, Loss: 0.0002, lr: 0.000240, Train: 0.9928, Valid: 0.8822, Test: 0.9451
Run: 03, Epoch: 67, Loss: 0.0002, lr: 0.000240, Train: 0.9930, Valid: 0.8817, Test: 0.9450
Run: 03, Epoch: 68, Loss: 0.0002, lr: 0.000240, Train: 0.9932, Valid: 0.8812, Test: 0.9450
Run: 03, Epoch: 69, Loss: 0.0002, lr: 0.000240, Train: 0.9935, Valid: 0.8808, Test: 0.9450
Run: 03, Epoch: 70, Loss: 0.0002, lr: 0.000240, Train: 0.9937, Valid: 0.8804, Test: 0.9447
Run: 03, Epoch: 71, Loss: 0.0002, lr: 0.000240, Train: 0.9939, Valid: 0.8801, Test: 0.9446
Run: 03, Epoch: 72, Loss: 0.0002, lr: 0.000168, Train: 0.9940, Valid: 0.8798, Test: 0.9446
Run: 03, Epoch: 73, Loss: 0.0002, lr: 0.000168, Train: 0.9942, Valid: 0.8795, Test: 0.9446
Run: 03, Epoch: 74, Loss: 0.0002, lr: 0.000168, Train: 0.9943, Valid: 0.8794, Test: 0.9445
Run: 03, Epoch: 75, Loss: 0.0002, lr: 0.000168, Train: 0.9945, Valid: 0.8792, Test: 0.9442
Run: 03, Epoch: 76, Loss: 0.0002, lr: 0.000168, Train: 0.9946, Valid: 0.8790, Test: 0.9439
Run: 03, Epoch: 77, Loss: 0.0002, lr: 0.000168, Train: 0.9948, Valid: 0.8790, Test: 0.9438
Run: 03, Epoch: 78, Loss: 0.0001, lr: 0.000118, Train: 0.9949, Valid: 0.8790, Test: 0.9437
Run: 03, Epoch: 79, Loss: 0.0001, lr: 0.000118, Train: 0.9950, Valid: 0.8788, Test: 0.9435
Run: 03, Epoch: 80, Loss: 0.0001, lr: 0.000118, Train: 0.9951, Valid: 0.8786, Test: 0.9433
Run: 03, Epoch: 81, Loss: 0.0001, lr: 0.000118, Train: 0.9952, Valid: 0.8785, Test: 0.9432
Run: 03, Epoch: 82, Loss: 0.0001, lr: 0.000118, Train: 0.9952, Valid: 0.8785, Test: 0.9432
Run: 03, Epoch: 83, Loss: 0.0001, lr: 0.000118, Train: 0.9953, Valid: 0.8785, Test: 0.9432
Run: 03, Epoch: 84, Loss: 0.0001, lr: 0.000082, Train: 0.9953, Valid: 0.8783, Test: 0.9430
Run: 03, Epoch: 85, Loss: 0.0001, lr: 0.000082, Train: 0.9954, Valid: 0.8780, Test: 0.9427
Run: 03, Epoch: 86, Loss: 0.0001, lr: 0.000082, Train: 0.9955, Valid: 0.8778, Test: 0.9426
Run: 03, Epoch: 87, Loss: 0.0001, lr: 0.000082, Train: 0.9955, Valid: 0.8776, Test: 0.9425
Run: 03, Epoch: 88, Loss: 0.0001, lr: 0.000082, Train: 0.9956, Valid: 0.8774, Test: 0.9424
Run: 03, Epoch: 89, Loss: 0.0001, lr: 0.000082, Train: 0.9956, Valid: 0.8771, Test: 0.9423
Run: 03, Epoch: 90, Loss: 0.0001, lr: 0.000058, Train: 0.9957, Valid: 0.8769, Test: 0.9421
Run: 03, Epoch: 91, Loss: 0.0001, lr: 0.000058, Train: 0.9958, Valid: 0.8766, Test: 0.9420
Run: 03, Epoch: 92, Loss: 0.0001, lr: 0.000058, Train: 0.9958, Valid: 0.8764, Test: 0.9418
Run: 03, Epoch: 93, Loss: 0.0001, lr: 0.000058, Train: 0.9959, Valid: 0.8761, Test: 0.9416
Run: 03, Epoch: 94, Loss: 0.0001, lr: 0.000058, Train: 0.9960, Valid: 0.8758, Test: 0.9414
Run: 03, Epoch: 95, Loss: 0.0001, lr: 0.000058, Train: 0.9960, Valid: 0.8755, Test: 0.9413
Run: 03, Epoch: 96, Loss: 0.0001, lr: 0.000040, Train: 0.9961, Valid: 0.8753, Test: 0.9411
Run: 03, Epoch: 97, Loss: 0.0001, lr: 0.000040, Train: 0.9961, Valid: 0.8751, Test: 0.9411
Run: 03, Epoch: 98, Loss: 0.0001, lr: 0.000040, Train: 0.9961, Valid: 0.8749, Test: 0.9410
Run: 03, Epoch: 99, Loss: 0.0001, lr: 0.000040, Train: 0.9962, Valid: 0.8747, Test: 0.9409
Run: 03, Epoch: 100, Loss: 0.0001, lr: 0.000040, Train: 0.9962, Valid: 0.8745, Test: 0.9408
Run 03:
Highest Train: 1.00
Highest Valid: 0.89
  Final Train: 0.99
   Final Test: 0.95
Run: 04, Epoch: 01, Loss: 0.0485, lr: 0.001000, Train: -2.0273, Valid: -3.0708, Test: -3.3434
Run: 04, Epoch: 02, Loss: 0.0144, lr: 0.001000, Train: -0.6246, Valid: -1.4698, Test: -1.4144
Run: 04, Epoch: 03, Loss: 0.0080, lr: 0.001000, Train: 0.4987, Valid: 0.0849, Test: 0.3404
Run: 04, Epoch: 04, Loss: 0.0052, lr: 0.001000, Train: 0.7067, Valid: 0.4915, Test: 0.6346
Run: 04, Epoch: 05, Loss: 0.0039, lr: 0.001000, Train: 0.6373, Valid: 0.3358, Test: 0.4934
Run: 04, Epoch: 06, Loss: 0.0033, lr: 0.001000, Train: 0.4904, Valid: 0.0410, Test: 0.2301
Run: 04, Epoch: 07, Loss: 0.0027, lr: 0.001000, Train: 0.4625, Valid: -0.0575, Test: 0.1635
Run: 04, Epoch: 08, Loss: 0.0030, lr: 0.001000, Train: 0.6156, Valid: 0.1635, Test: 0.4107
Run: 04, Epoch: 09, Loss: 0.0026, lr: 0.001000, Train: 0.8038, Valid: 0.5443, Test: 0.7278
Run: 04, Epoch: 10, Loss: 0.0020, lr: 0.001000, Train: 0.8495, Valid: 0.7895, Test: 0.7913
Run: 04, Epoch: 11, Loss: 0.0019, lr: 0.001000, Train: 0.7455, Valid: 0.7251, Test: 0.6315
Run: 04, Epoch: 12, Loss: 0.0020, lr: 0.001000, Train: 0.7061, Valid: 0.6775, Test: 0.5858
Run: 04, Epoch: 13, Loss: 0.0018, lr: 0.001000, Train: 0.7882, Valid: 0.7634, Test: 0.6902
Run: 04, Epoch: 14, Loss: 0.0013, lr: 0.001000, Train: 0.8673, Valid: 0.8415, Test: 0.7812
Run: 04, Epoch: 15, Loss: 0.0012, lr: 0.001000, Train: 0.8981, Valid: 0.8673, Test: 0.8123
Run: 04, Epoch: 16, Loss: 0.0013, lr: 0.001000, Train: 0.8965, Valid: 0.8625, Test: 0.8085
Run: 04, Epoch: 17, Loss: 0.0013, lr: 0.001000, Train: 0.8685, Valid: 0.8258, Test: 0.7827
Run: 04, Epoch: 18, Loss: 0.0012, lr: 0.001000, Train: 0.8170, Valid: 0.7527, Test: 0.7323
Run: 04, Epoch: 19, Loss: 0.0010, lr: 0.001000, Train: 0.7681, Valid: 0.6836, Test: 0.6777
Run: 04, Epoch: 20, Loss: 0.0010, lr: 0.001000, Train: 0.7546, Valid: 0.6640, Test: 0.6567
Run: 04, Epoch: 21, Loss: 0.0009, lr: 0.001000, Train: 0.7859, Valid: 0.7144, Test: 0.6894
Run: 04, Epoch: 22, Loss: 0.0009, lr: 0.000700, Train: 0.8367, Valid: 0.7906, Test: 0.7543
Run: 04, Epoch: 23, Loss: 0.0009, lr: 0.000700, Train: 0.8835, Valid: 0.8544, Test: 0.8155
Run: 04, Epoch: 24, Loss: 0.0008, lr: 0.000700, Train: 0.9166, Valid: 0.8974, Test: 0.8585
Run: 04, Epoch: 25, Loss: 0.0008, lr: 0.000700, Train: 0.9365, Valid: 0.9219, Test: 0.8805
Run: 04, Epoch: 26, Loss: 0.0007, lr: 0.000700, Train: 0.9468, Valid: 0.9317, Test: 0.8898
Run: 04, Epoch: 27, Loss: 0.0007, lr: 0.000700, Train: 0.9516, Valid: 0.9339, Test: 0.8940
Run: 04, Epoch: 28, Loss: 0.0007, lr: 0.000700, Train: 0.9551, Valid: 0.9352, Test: 0.8975
Run: 04, Epoch: 29, Loss: 0.0007, lr: 0.000700, Train: 0.9589, Valid: 0.9380, Test: 0.9010
Run: 04, Epoch: 30, Loss: 0.0006, lr: 0.000700, Train: 0.9620, Valid: 0.9415, Test: 0.9031
Run: 04, Epoch: 31, Loss: 0.0006, lr: 0.000700, Train: 0.9631, Valid: 0.9426, Test: 0.9025
Run: 04, Epoch: 32, Loss: 0.0005, lr: 0.000700, Train: 0.9629, Valid: 0.9420, Test: 0.9007
Run: 04, Epoch: 33, Loss: 0.0005, lr: 0.000700, Train: 0.9641, Valid: 0.9426, Test: 0.9011
Run: 04, Epoch: 34, Loss: 0.0005, lr: 0.000700, Train: 0.9676, Valid: 0.9459, Test: 0.9054
Run: 04, Epoch: 35, Loss: 0.0005, lr: 0.000700, Train: 0.9720, Valid: 0.9499, Test: 0.9104
Run: 04, Epoch: 36, Loss: 0.0005, lr: 0.000700, Train: 0.9756, Valid: 0.9523, Test: 0.9136
Run: 04, Epoch: 37, Loss: 0.0005, lr: 0.000700, Train: 0.9781, Valid: 0.9541, Test: 0.9142
Run: 04, Epoch: 38, Loss: 0.0005, lr: 0.000700, Train: 0.9806, Valid: 0.9562, Test: 0.9139
Run: 04, Epoch: 39, Loss: 0.0004, lr: 0.000700, Train: 0.9830, Valid: 0.9588, Test: 0.9138
Run: 04, Epoch: 40, Loss: 0.0004, lr: 0.000700, Train: 0.9846, Valid: 0.9605, Test: 0.9136
Run: 04, Epoch: 41, Loss: 0.0004, lr: 0.000700, Train: 0.9853, Valid: 0.9614, Test: 0.9133
Run: 04, Epoch: 42, Loss: 0.0004, lr: 0.000700, Train: 0.9852, Valid: 0.9619, Test: 0.9129
Run: 04, Epoch: 43, Loss: 0.0004, lr: 0.000700, Train: 0.9853, Valid: 0.9623, Test: 0.9128
Run: 04, Epoch: 44, Loss: 0.0004, lr: 0.000700, Train: 0.9861, Valid: 0.9632, Test: 0.9129
Run: 04, Epoch: 45, Loss: 0.0004, lr: 0.000700, Train: 0.9872, Valid: 0.9638, Test: 0.9122
Run: 04, Epoch: 46, Loss: 0.0003, lr: 0.000700, Train: 0.9879, Valid: 0.9640, Test: 0.9105
Run: 04, Epoch: 47, Loss: 0.0003, lr: 0.000700, Train: 0.9884, Valid: 0.9637, Test: 0.9092
Run: 04, Epoch: 48, Loss: 0.0003, lr: 0.000700, Train: 0.9889, Valid: 0.9633, Test: 0.9086
Run: 04, Epoch: 49, Loss: 0.0003, lr: 0.000700, Train: 0.9895, Valid: 0.9633, Test: 0.9088
Run: 04, Epoch: 50, Loss: 0.0003, lr: 0.000700, Train: 0.9898, Valid: 0.9636, Test: 0.9094
Run: 04, Epoch: 51, Loss: 0.0003, lr: 0.000700, Train: 0.9896, Valid: 0.9639, Test: 0.9099
Run: 04, Epoch: 52, Loss: 0.0003, lr: 0.000700, Train: 0.9892, Valid: 0.9642, Test: 0.9097
Run: 04, Epoch: 53, Loss: 0.0003, lr: 0.000700, Train: 0.9893, Valid: 0.9646, Test: 0.9094
Run: 04, Epoch: 54, Loss: 0.0003, lr: 0.000700, Train: 0.9897, Valid: 0.9648, Test: 0.9094
Run: 04, Epoch: 55, Loss: 0.0002, lr: 0.000700, Train: 0.9895, Valid: 0.9642, Test: 0.9093
Run: 04, Epoch: 56, Loss: 0.0002, lr: 0.000700, Train: 0.9896, Valid: 0.9631, Test: 0.9092
Run: 04, Epoch: 57, Loss: 0.0002, lr: 0.000700, Train: 0.9903, Valid: 0.9626, Test: 0.9095
Run: 04, Epoch: 58, Loss: 0.0002, lr: 0.000700, Train: 0.9907, Valid: 0.9625, Test: 0.9097
Run: 04, Epoch: 59, Loss: 0.0002, lr: 0.000700, Train: 0.9904, Valid: 0.9626, Test: 0.9097
Run: 04, Epoch: 60, Loss: 0.0002, lr: 0.000700, Train: 0.9902, Valid: 0.9627, Test: 0.9100
Run: 04, Epoch: 61, Loss: 0.0002, lr: 0.000490, Train: 0.9905, Valid: 0.9623, Test: 0.9107
Run: 04, Epoch: 62, Loss: 0.0002, lr: 0.000490, Train: 0.9908, Valid: 0.9616, Test: 0.9111
Run: 04, Epoch: 63, Loss: 0.0002, lr: 0.000490, Train: 0.9909, Valid: 0.9608, Test: 0.9109
Run: 04, Epoch: 64, Loss: 0.0002, lr: 0.000490, Train: 0.9913, Valid: 0.9603, Test: 0.9102
Run: 04, Epoch: 65, Loss: 0.0002, lr: 0.000490, Train: 0.9919, Valid: 0.9601, Test: 0.9096
Run: 04, Epoch: 66, Loss: 0.0002, lr: 0.000490, Train: 0.9924, Valid: 0.9597, Test: 0.9092
Run: 04, Epoch: 67, Loss: 0.0002, lr: 0.000343, Train: 0.9927, Valid: 0.9592, Test: 0.9088
Run: 04, Epoch: 68, Loss: 0.0002, lr: 0.000343, Train: 0.9929, Valid: 0.9586, Test: 0.9086
Run: 04, Epoch: 69, Loss: 0.0001, lr: 0.000343, Train: 0.9932, Valid: 0.9579, Test: 0.9087
Run: 04, Epoch: 70, Loss: 0.0001, lr: 0.000343, Train: 0.9935, Valid: 0.9574, Test: 0.9088
Run: 04, Epoch: 71, Loss: 0.0001, lr: 0.000343, Train: 0.9938, Valid: 0.9571, Test: 0.9088
Run: 04, Epoch: 72, Loss: 0.0001, lr: 0.000343, Train: 0.9939, Valid: 0.9573, Test: 0.9086
Run: 04, Epoch: 73, Loss: 0.0001, lr: 0.000240, Train: 0.9942, Valid: 0.9574, Test: 0.9082
Run: 04, Epoch: 74, Loss: 0.0001, lr: 0.000240, Train: 0.9945, Valid: 0.9573, Test: 0.9077
Run: 04, Epoch: 75, Loss: 0.0001, lr: 0.000240, Train: 0.9949, Valid: 0.9571, Test: 0.9071
Run: 04, Epoch: 76, Loss: 0.0001, lr: 0.000240, Train: 0.9953, Valid: 0.9566, Test: 0.9063
Run: 04, Epoch: 77, Loss: 0.0001, lr: 0.000240, Train: 0.9955, Valid: 0.9560, Test: 0.9055
Run: 04, Epoch: 78, Loss: 0.0001, lr: 0.000240, Train: 0.9956, Valid: 0.9553, Test: 0.9048
Run: 04, Epoch: 79, Loss: 0.0001, lr: 0.000168, Train: 0.9957, Valid: 0.9547, Test: 0.9043
Run: 04, Epoch: 80, Loss: 0.0001, lr: 0.000168, Train: 0.9959, Valid: 0.9540, Test: 0.9037
Run: 04, Epoch: 81, Loss: 0.0001, lr: 0.000168, Train: 0.9960, Valid: 0.9533, Test: 0.9032
Run: 04, Epoch: 82, Loss: 0.0001, lr: 0.000168, Train: 0.9961, Valid: 0.9529, Test: 0.9028
Run: 04, Epoch: 83, Loss: 0.0001, lr: 0.000168, Train: 0.9962, Valid: 0.9527, Test: 0.9026
Run: 04, Epoch: 84, Loss: 0.0001, lr: 0.000168, Train: 0.9963, Valid: 0.9527, Test: 0.9026
Run: 04, Epoch: 85, Loss: 0.0001, lr: 0.000118, Train: 0.9964, Valid: 0.9528, Test: 0.9027
Run: 04, Epoch: 86, Loss: 0.0001, lr: 0.000118, Train: 0.9965, Valid: 0.9528, Test: 0.9029
Run: 04, Epoch: 87, Loss: 0.0001, lr: 0.000118, Train: 0.9965, Valid: 0.9527, Test: 0.9030
Run: 04, Epoch: 88, Loss: 0.0001, lr: 0.000118, Train: 0.9966, Valid: 0.9525, Test: 0.9031
Run: 04, Epoch: 89, Loss: 0.0001, lr: 0.000118, Train: 0.9967, Valid: 0.9521, Test: 0.9032
Run: 04, Epoch: 90, Loss: 0.0001, lr: 0.000118, Train: 0.9967, Valid: 0.9517, Test: 0.9032
Run: 04, Epoch: 91, Loss: 0.0001, lr: 0.000082, Train: 0.9968, Valid: 0.9514, Test: 0.9032
Run: 04, Epoch: 92, Loss: 0.0001, lr: 0.000082, Train: 0.9968, Valid: 0.9512, Test: 0.9031
Run: 04, Epoch: 93, Loss: 0.0001, lr: 0.000082, Train: 0.9969, Valid: 0.9511, Test: 0.9031
Run: 04, Epoch: 94, Loss: 0.0001, lr: 0.000082, Train: 0.9969, Valid: 0.9510, Test: 0.9030
Run: 04, Epoch: 95, Loss: 0.0001, lr: 0.000082, Train: 0.9969, Valid: 0.9509, Test: 0.9030
Run: 04, Epoch: 96, Loss: 0.0001, lr: 0.000082, Train: 0.9970, Valid: 0.9508, Test: 0.9029
Run: 04, Epoch: 97, Loss: 0.0001, lr: 0.000058, Train: 0.9970, Valid: 0.9506, Test: 0.9028
Run: 04, Epoch: 98, Loss: 0.0001, lr: 0.000058, Train: 0.9970, Valid: 0.9505, Test: 0.9027
Run: 04, Epoch: 99, Loss: 0.0001, lr: 0.000058, Train: 0.9971, Valid: 0.9504, Test: 0.9027
Run: 04, Epoch: 100, Loss: 0.0001, lr: 0.000058, Train: 0.9971, Valid: 0.9502, Test: 0.9028
Run 04:
Highest Train: 1.00
Highest Valid: 0.96
  Final Train: 0.99
   Final Test: 0.91
Run: 05, Epoch: 01, Loss: 0.0297, lr: 0.001000, Train: 0.2851, Valid: -0.0606, Test: 0.2595
Run: 05, Epoch: 02, Loss: 0.0115, lr: 0.001000, Train: 0.6225, Valid: 0.4234, Test: 0.6318
Run: 05, Epoch: 03, Loss: 0.0080, lr: 0.001000, Train: 0.7099, Valid: 0.4388, Test: 0.7116
Run: 05, Epoch: 04, Loss: 0.0049, lr: 0.001000, Train: 0.7277, Valid: 0.3929, Test: 0.7289
Run: 05, Epoch: 05, Loss: 0.0034, lr: 0.001000, Train: 0.7219, Valid: 0.4099, Test: 0.7138
Run: 05, Epoch: 06, Loss: 0.0033, lr: 0.001000, Train: 0.7851, Valid: 0.5730, Test: 0.7516
Run: 05, Epoch: 07, Loss: 0.0029, lr: 0.001000, Train: 0.8419, Valid: 0.7022, Test: 0.7869
Run: 05, Epoch: 08, Loss: 0.0027, lr: 0.001000, Train: 0.8708, Valid: 0.7497, Test: 0.8173
Run: 05, Epoch: 09, Loss: 0.0023, lr: 0.001000, Train: 0.8908, Valid: 0.7724, Test: 0.8468
Run: 05, Epoch: 10, Loss: 0.0019, lr: 0.001000, Train: 0.8977, Valid: 0.7742, Test: 0.8580
Run: 05, Epoch: 11, Loss: 0.0018, lr: 0.001000, Train: 0.8893, Valid: 0.7594, Test: 0.8484
Run: 05, Epoch: 12, Loss: 0.0017, lr: 0.001000, Train: 0.8713, Valid: 0.7390, Test: 0.8300
Run: 05, Epoch: 13, Loss: 0.0014, lr: 0.001000, Train: 0.8615, Valid: 0.7331, Test: 0.8187
Run: 05, Epoch: 14, Loss: 0.0013, lr: 0.001000, Train: 0.8823, Valid: 0.7649, Test: 0.8359
Run: 05, Epoch: 15, Loss: 0.0012, lr: 0.001000, Train: 0.9170, Valid: 0.8052, Test: 0.8680
Run: 05, Epoch: 16, Loss: 0.0011, lr: 0.001000, Train: 0.9375, Valid: 0.8206, Test: 0.8893
Run: 05, Epoch: 17, Loss: 0.0010, lr: 0.001000, Train: 0.9426, Valid: 0.8215, Test: 0.8934
Run: 05, Epoch: 18, Loss: 0.0010, lr: 0.001000, Train: 0.9404, Valid: 0.8209, Test: 0.8884
Run: 05, Epoch: 19, Loss: 0.0009, lr: 0.001000, Train: 0.9253, Valid: 0.8052, Test: 0.8696
Run: 05, Epoch: 20, Loss: 0.0008, lr: 0.001000, Train: 0.9001, Valid: 0.7699, Test: 0.8439
Run: 05, Epoch: 21, Loss: 0.0007, lr: 0.001000, Train: 0.8914, Valid: 0.7595, Test: 0.8359
Run: 05, Epoch: 22, Loss: 0.0007, lr: 0.001000, Train: 0.9066, Valid: 0.7847, Test: 0.8508
Run: 05, Epoch: 23, Loss: 0.0007, lr: 0.001000, Train: 0.9272, Valid: 0.8139, Test: 0.8708
Run: 05, Epoch: 24, Loss: 0.0007, lr: 0.000700, Train: 0.9401, Valid: 0.8322, Test: 0.8815
Run: 05, Epoch: 25, Loss: 0.0006, lr: 0.000700, Train: 0.9479, Valid: 0.8411, Test: 0.8871
Run: 05, Epoch: 26, Loss: 0.0006, lr: 0.000700, Train: 0.9534, Valid: 0.8474, Test: 0.8906
Run: 05, Epoch: 27, Loss: 0.0006, lr: 0.000700, Train: 0.9597, Valid: 0.8556, Test: 0.8973
Run: 05, Epoch: 28, Loss: 0.0005, lr: 0.000700, Train: 0.9664, Valid: 0.8664, Test: 0.9065
Run: 05, Epoch: 29, Loss: 0.0005, lr: 0.000700, Train: 0.9717, Valid: 0.8767, Test: 0.9142
Run: 05, Epoch: 30, Loss: 0.0005, lr: 0.000700, Train: 0.9742, Valid: 0.8833, Test: 0.9176
Run: 05, Epoch: 31, Loss: 0.0005, lr: 0.000700, Train: 0.9746, Valid: 0.8872, Test: 0.9164
Run: 05, Epoch: 32, Loss: 0.0004, lr: 0.000700, Train: 0.9740, Valid: 0.8893, Test: 0.9131
Run: 05, Epoch: 33, Loss: 0.0004, lr: 0.000700, Train: 0.9745, Valid: 0.8923, Test: 0.9113
Run: 05, Epoch: 34, Loss: 0.0004, lr: 0.000700, Train: 0.9771, Valid: 0.8985, Test: 0.9125
Run: 05, Epoch: 35, Loss: 0.0004, lr: 0.000700, Train: 0.9801, Valid: 0.9042, Test: 0.9152
Run: 05, Epoch: 36, Loss: 0.0004, lr: 0.000700, Train: 0.9823, Valid: 0.9071, Test: 0.9170
Run: 05, Epoch: 37, Loss: 0.0004, lr: 0.000700, Train: 0.9838, Valid: 0.9079, Test: 0.9178
Run: 05, Epoch: 38, Loss: 0.0003, lr: 0.000700, Train: 0.9848, Valid: 0.9086, Test: 0.9185
Run: 05, Epoch: 39, Loss: 0.0003, lr: 0.000700, Train: 0.9860, Valid: 0.9084, Test: 0.9199
Run: 05, Epoch: 40, Loss: 0.0003, lr: 0.000700, Train: 0.9874, Valid: 0.9081, Test: 0.9221
Run: 05, Epoch: 41, Loss: 0.0003, lr: 0.000700, Train: 0.9883, Valid: 0.9075, Test: 0.9235
Run: 05, Epoch: 42, Loss: 0.0003, lr: 0.000700, Train: 0.9886, Valid: 0.9091, Test: 0.9234
Run: 05, Epoch: 43, Loss: 0.0003, lr: 0.000700, Train: 0.9883, Valid: 0.9117, Test: 0.9217
Run: 05, Epoch: 44, Loss: 0.0002, lr: 0.000700, Train: 0.9873, Valid: 0.9135, Test: 0.9191
Run: 05, Epoch: 45, Loss: 0.0002, lr: 0.000700, Train: 0.9872, Valid: 0.9156, Test: 0.9177
Run: 05, Epoch: 46, Loss: 0.0002, lr: 0.000700, Train: 0.9876, Valid: 0.9173, Test: 0.9171
Run: 05, Epoch: 47, Loss: 0.0002, lr: 0.000700, Train: 0.9878, Valid: 0.9176, Test: 0.9160
Run: 05, Epoch: 48, Loss: 0.0002, lr: 0.000700, Train: 0.9877, Valid: 0.9163, Test: 0.9149
Run: 05, Epoch: 49, Loss: 0.0002, lr: 0.000700, Train: 0.9881, Valid: 0.9148, Test: 0.9148
Run: 05, Epoch: 50, Loss: 0.0002, lr: 0.000700, Train: 0.9892, Valid: 0.9143, Test: 0.9165
Run: 05, Epoch: 51, Loss: 0.0002, lr: 0.000700, Train: 0.9902, Valid: 0.9135, Test: 0.9185
Run: 05, Epoch: 52, Loss: 0.0002, lr: 0.000700, Train: 0.9905, Valid: 0.9126, Test: 0.9200
Run: 05, Epoch: 53, Loss: 0.0002, lr: 0.000700, Train: 0.9905, Valid: 0.9118, Test: 0.9206
Run: 05, Epoch: 54, Loss: 0.0002, lr: 0.000490, Train: 0.9912, Valid: 0.9115, Test: 0.9210
Run: 05, Epoch: 55, Loss: 0.0001, lr: 0.000490, Train: 0.9918, Valid: 0.9112, Test: 0.9211
Run: 05, Epoch: 56, Loss: 0.0001, lr: 0.000490, Train: 0.9919, Valid: 0.9112, Test: 0.9205
Run: 05, Epoch: 57, Loss: 0.0001, lr: 0.000490, Train: 0.9918, Valid: 0.9114, Test: 0.9194
Run: 05, Epoch: 58, Loss: 0.0001, lr: 0.000490, Train: 0.9917, Valid: 0.9115, Test: 0.9177
Run: 05, Epoch: 59, Loss: 0.0001, lr: 0.000490, Train: 0.9917, Valid: 0.9114, Test: 0.9160
Run: 05, Epoch: 60, Loss: 0.0001, lr: 0.000343, Train: 0.9920, Valid: 0.9106, Test: 0.9151
Run: 05, Epoch: 61, Loss: 0.0001, lr: 0.000343, Train: 0.9924, Valid: 0.9094, Test: 0.9146
Run: 05, Epoch: 62, Loss: 0.0001, lr: 0.000343, Train: 0.9928, Valid: 0.9082, Test: 0.9143
Run: 05, Epoch: 63, Loss: 0.0001, lr: 0.000343, Train: 0.9931, Valid: 0.9073, Test: 0.9139
Run: 05, Epoch: 64, Loss: 0.0001, lr: 0.000343, Train: 0.9933, Valid: 0.9069, Test: 0.9135
Run: 05, Epoch: 65, Loss: 0.0001, lr: 0.000343, Train: 0.9934, Valid: 0.9067, Test: 0.9132
Run: 05, Epoch: 66, Loss: 0.0001, lr: 0.000240, Train: 0.9938, Valid: 0.9060, Test: 0.9135
Run: 05, Epoch: 67, Loss: 0.0001, lr: 0.000240, Train: 0.9943, Valid: 0.9051, Test: 0.9139
Run: 05, Epoch: 68, Loss: 0.0001, lr: 0.000240, Train: 0.9947, Valid: 0.9041, Test: 0.9142
Run: 05, Epoch: 69, Loss: 0.0001, lr: 0.000240, Train: 0.9949, Valid: 0.9034, Test: 0.9142
Run: 05, Epoch: 70, Loss: 0.0001, lr: 0.000240, Train: 0.9950, Valid: 0.9031, Test: 0.9139
Run: 05, Epoch: 71, Loss: 0.0001, lr: 0.000240, Train: 0.9950, Valid: 0.9025, Test: 0.9137
Run: 05, Epoch: 72, Loss: 0.0001, lr: 0.000168, Train: 0.9952, Valid: 0.9018, Test: 0.9140
Run: 05, Epoch: 73, Loss: 0.0001, lr: 0.000168, Train: 0.9955, Valid: 0.9010, Test: 0.9145
Run: 05, Epoch: 74, Loss: 0.0001, lr: 0.000168, Train: 0.9958, Valid: 0.9003, Test: 0.9149
Run: 05, Epoch: 75, Loss: 0.0001, lr: 0.000168, Train: 0.9959, Valid: 0.8999, Test: 0.9150
Run: 05, Epoch: 76, Loss: 0.0001, lr: 0.000168, Train: 0.9959, Valid: 0.8996, Test: 0.9150
Run: 05, Epoch: 77, Loss: 0.0001, lr: 0.000168, Train: 0.9960, Valid: 0.8992, Test: 0.9149
Run: 05, Epoch: 78, Loss: 0.0001, lr: 0.000118, Train: 0.9962, Valid: 0.8987, Test: 0.9153
Run: 05, Epoch: 79, Loss: 0.0001, lr: 0.000118, Train: 0.9964, Valid: 0.8983, Test: 0.9157
Run: 05, Epoch: 80, Loss: 0.0001, lr: 0.000118, Train: 0.9965, Valid: 0.8979, Test: 0.9160
Run: 05, Epoch: 81, Loss: 0.0001, lr: 0.000118, Train: 0.9966, Valid: 0.8977, Test: 0.9162
Run: 05, Epoch: 82, Loss: 0.0001, lr: 0.000118, Train: 0.9967, Valid: 0.8976, Test: 0.9164
Run: 05, Epoch: 83, Loss: 0.0001, lr: 0.000118, Train: 0.9968, Valid: 0.8974, Test: 0.9164
Run: 05, Epoch: 84, Loss: 0.0001, lr: 0.000082, Train: 0.9969, Valid: 0.8971, Test: 0.9166
Run: 05, Epoch: 85, Loss: 0.0001, lr: 0.000082, Train: 0.9970, Valid: 0.8968, Test: 0.9167
Run: 05, Epoch: 86, Loss: 0.0001, lr: 0.000082, Train: 0.9971, Valid: 0.8963, Test: 0.9169
Run: 05, Epoch: 87, Loss: 0.0001, lr: 0.000082, Train: 0.9972, Valid: 0.8957, Test: 0.9172
Run: 05, Epoch: 88, Loss: 0.0001, lr: 0.000082, Train: 0.9973, Valid: 0.8952, Test: 0.9173
Run: 05, Epoch: 89, Loss: 0.0001, lr: 0.000082, Train: 0.9974, Valid: 0.8948, Test: 0.9174
Run: 05, Epoch: 90, Loss: 0.0001, lr: 0.000058, Train: 0.9974, Valid: 0.8945, Test: 0.9175
Run: 05, Epoch: 91, Loss: 0.0001, lr: 0.000058, Train: 0.9974, Valid: 0.8942, Test: 0.9176
Run: 05, Epoch: 92, Loss: 0.0001, lr: 0.000058, Train: 0.9975, Valid: 0.8939, Test: 0.9177
Run: 05, Epoch: 93, Loss: 0.0001, lr: 0.000058, Train: 0.9975, Valid: 0.8935, Test: 0.9178
Run: 05, Epoch: 94, Loss: 0.0001, lr: 0.000058, Train: 0.9976, Valid: 0.8932, Test: 0.9179
Run: 05, Epoch: 95, Loss: 0.0001, lr: 0.000058, Train: 0.9977, Valid: 0.8928, Test: 0.9180
Run: 05, Epoch: 96, Loss: 0.0001, lr: 0.000040, Train: 0.9977, Valid: 0.8924, Test: 0.9181
Run: 05, Epoch: 97, Loss: 0.0001, lr: 0.000040, Train: 0.9977, Valid: 0.8921, Test: 0.9182
Run: 05, Epoch: 98, Loss: 0.0001, lr: 0.000040, Train: 0.9978, Valid: 0.8919, Test: 0.9183
Run: 05, Epoch: 99, Loss: 0.0001, lr: 0.000040, Train: 0.9978, Valid: 0.8917, Test: 0.9183
Run: 05, Epoch: 100, Loss: 0.0001, lr: 0.000040, Train: 0.9978, Valid: 0.8916, Test: 0.9183
Run 05:
Highest Train: 1.00
Highest Valid: 0.92
  Final Train: 0.99
   Final Test: 0.92
Run: 06, Epoch: 01, Loss: 0.0377, lr: 0.001000, Train: -0.1698, Valid: 0.1801, Test: -0.0737
Run: 06, Epoch: 02, Loss: 0.0342, lr: 0.001000, Train: 0.6177, Valid: 0.7138, Test: 0.7268
Run: 06, Epoch: 03, Loss: 0.0080, lr: 0.001000, Train: 0.1661, Valid: 0.1915, Test: 0.5600
Run: 06, Epoch: 04, Loss: 0.0095, lr: 0.001000, Train: 0.1361, Valid: 0.1558, Test: 0.5349
Run: 06, Epoch: 05, Loss: 0.0069, lr: 0.001000, Train: 0.4788, Valid: 0.5543, Test: 0.7006
Run: 06, Epoch: 06, Loss: 0.0036, lr: 0.001000, Train: 0.7607, Valid: 0.8630, Test: 0.7914
Run: 06, Epoch: 07, Loss: 0.0029, lr: 0.001000, Train: 0.7211, Valid: 0.8348, Test: 0.6925
Run: 06, Epoch: 08, Loss: 0.0033, lr: 0.001000, Train: 0.6406, Valid: 0.7701, Test: 0.6087
Run: 06, Epoch: 09, Loss: 0.0029, lr: 0.001000, Train: 0.6871, Valid: 0.8060, Test: 0.6233
Run: 06, Epoch: 10, Loss: 0.0021, lr: 0.001000, Train: 0.7537, Valid: 0.8594, Test: 0.6651
Run: 06, Epoch: 11, Loss: 0.0020, lr: 0.001000, Train: 0.7881, Valid: 0.8885, Test: 0.6979
Run: 06, Epoch: 12, Loss: 0.0020, lr: 0.001000, Train: 0.8063, Valid: 0.9005, Test: 0.7252
Run: 06, Epoch: 13, Loss: 0.0019, lr: 0.001000, Train: 0.8213, Valid: 0.9038, Test: 0.7481
Run: 06, Epoch: 14, Loss: 0.0016, lr: 0.001000, Train: 0.8304, Valid: 0.8986, Test: 0.7664
Run: 06, Epoch: 15, Loss: 0.0014, lr: 0.001000, Train: 0.8316, Valid: 0.8916, Test: 0.7823
Run: 06, Epoch: 16, Loss: 0.0013, lr: 0.001000, Train: 0.8301, Valid: 0.8895, Test: 0.7934
Run: 06, Epoch: 17, Loss: 0.0012, lr: 0.001000, Train: 0.8394, Valid: 0.9015, Test: 0.8079
Run: 06, Epoch: 18, Loss: 0.0011, lr: 0.001000, Train: 0.8656, Valid: 0.9216, Test: 0.8280
Run: 06, Epoch: 19, Loss: 0.0011, lr: 0.001000, Train: 0.8988, Valid: 0.9433, Test: 0.8497
Run: 06, Epoch: 20, Loss: 0.0010, lr: 0.001000, Train: 0.9226, Valid: 0.9578, Test: 0.8678
Run: 06, Epoch: 21, Loss: 0.0010, lr: 0.001000, Train: 0.9349, Valid: 0.9646, Test: 0.8799
Run: 06, Epoch: 22, Loss: 0.0009, lr: 0.001000, Train: 0.9377, Valid: 0.9654, Test: 0.8848
Run: 06, Epoch: 23, Loss: 0.0009, lr: 0.001000, Train: 0.9320, Valid: 0.9607, Test: 0.8818
Run: 06, Epoch: 24, Loss: 0.0008, lr: 0.001000, Train: 0.9225, Valid: 0.9539, Test: 0.8745
Run: 06, Epoch: 25, Loss: 0.0008, lr: 0.001000, Train: 0.9233, Valid: 0.9553, Test: 0.8746
Run: 06, Epoch: 26, Loss: 0.0008, lr: 0.001000, Train: 0.9363, Valid: 0.9660, Test: 0.8840
Run: 06, Epoch: 27, Loss: 0.0007, lr: 0.001000, Train: 0.9504, Valid: 0.9759, Test: 0.8943
Run: 06, Epoch: 28, Loss: 0.0007, lr: 0.001000, Train: 0.9593, Valid: 0.9800, Test: 0.9020
Run: 06, Epoch: 29, Loss: 0.0007, lr: 0.001000, Train: 0.9626, Valid: 0.9794, Test: 0.9054
Run: 06, Epoch: 30, Loss: 0.0006, lr: 0.001000, Train: 0.9616, Valid: 0.9757, Test: 0.9046
Run: 06, Epoch: 31, Loss: 0.0005, lr: 0.001000, Train: 0.9578, Valid: 0.9705, Test: 0.9002
Run: 06, Epoch: 32, Loss: 0.0006, lr: 0.001000, Train: 0.9555, Valid: 0.9674, Test: 0.8956
Run: 06, Epoch: 33, Loss: 0.0005, lr: 0.001000, Train: 0.9553, Valid: 0.9674, Test: 0.8917
Run: 06, Epoch: 34, Loss: 0.0005, lr: 0.001000, Train: 0.9541, Valid: 0.9671, Test: 0.8871
Run: 06, Epoch: 35, Loss: 0.0004, lr: 0.000700, Train: 0.9543, Valid: 0.9673, Test: 0.8866
Run: 06, Epoch: 36, Loss: 0.0004, lr: 0.000700, Train: 0.9544, Valid: 0.9672, Test: 0.8874
Run: 06, Epoch: 37, Loss: 0.0004, lr: 0.000700, Train: 0.9556, Valid: 0.9673, Test: 0.8898
Run: 06, Epoch: 38, Loss: 0.0004, lr: 0.000700, Train: 0.9599, Valid: 0.9692, Test: 0.8947
Run: 06, Epoch: 39, Loss: 0.0004, lr: 0.000700, Train: 0.9663, Valid: 0.9719, Test: 0.9015
Run: 06, Epoch: 40, Loss: 0.0004, lr: 0.000700, Train: 0.9721, Valid: 0.9747, Test: 0.9082
Run: 06, Epoch: 41, Loss: 0.0003, lr: 0.000490, Train: 0.9760, Valid: 0.9769, Test: 0.9126
Run: 06, Epoch: 42, Loss: 0.0003, lr: 0.000490, Train: 0.9784, Valid: 0.9782, Test: 0.9150
Run: 06, Epoch: 43, Loss: 0.0003, lr: 0.000490, Train: 0.9798, Valid: 0.9791, Test: 0.9159
Run: 06, Epoch: 44, Loss: 0.0003, lr: 0.000490, Train: 0.9805, Valid: 0.9790, Test: 0.9165
Run: 06, Epoch: 45, Loss: 0.0003, lr: 0.000490, Train: 0.9818, Valid: 0.9786, Test: 0.9181
Run: 06, Epoch: 46, Loss: 0.0003, lr: 0.000490, Train: 0.9843, Valid: 0.9775, Test: 0.9210
Run: 06, Epoch: 47, Loss: 0.0003, lr: 0.000343, Train: 0.9862, Valid: 0.9757, Test: 0.9231
Run: 06, Epoch: 48, Loss: 0.0003, lr: 0.000343, Train: 0.9874, Valid: 0.9733, Test: 0.9247
Run: 06, Epoch: 49, Loss: 0.0003, lr: 0.000343, Train: 0.9880, Valid: 0.9712, Test: 0.9254
Run: 06, Epoch: 50, Loss: 0.0003, lr: 0.000343, Train: 0.9885, Valid: 0.9698, Test: 0.9254
Run: 06, Epoch: 51, Loss: 0.0003, lr: 0.000343, Train: 0.9890, Valid: 0.9693, Test: 0.9251
Run: 06, Epoch: 52, Loss: 0.0003, lr: 0.000343, Train: 0.9896, Valid: 0.9692, Test: 0.9249
Run: 06, Epoch: 53, Loss: 0.0002, lr: 0.000240, Train: 0.9901, Valid: 0.9690, Test: 0.9250
Run: 06, Epoch: 54, Loss: 0.0002, lr: 0.000240, Train: 0.9906, Valid: 0.9687, Test: 0.9253
Run: 06, Epoch: 55, Loss: 0.0002, lr: 0.000240, Train: 0.9910, Valid: 0.9684, Test: 0.9256
Run: 06, Epoch: 56, Loss: 0.0002, lr: 0.000240, Train: 0.9913, Valid: 0.9681, Test: 0.9259
Run: 06, Epoch: 57, Loss: 0.0002, lr: 0.000240, Train: 0.9915, Valid: 0.9679, Test: 0.9259
Run: 06, Epoch: 58, Loss: 0.0002, lr: 0.000240, Train: 0.9917, Valid: 0.9679, Test: 0.9257
Run: 06, Epoch: 59, Loss: 0.0002, lr: 0.000168, Train: 0.9919, Valid: 0.9679, Test: 0.9253
Run: 06, Epoch: 60, Loss: 0.0002, lr: 0.000168, Train: 0.9920, Valid: 0.9679, Test: 0.9248
Run: 06, Epoch: 61, Loss: 0.0002, lr: 0.000168, Train: 0.9922, Valid: 0.9679, Test: 0.9241
Run: 06, Epoch: 62, Loss: 0.0002, lr: 0.000168, Train: 0.9924, Valid: 0.9678, Test: 0.9235
Run: 06, Epoch: 63, Loss: 0.0002, lr: 0.000168, Train: 0.9925, Valid: 0.9677, Test: 0.9230
Run: 06, Epoch: 64, Loss: 0.0002, lr: 0.000168, Train: 0.9927, Valid: 0.9675, Test: 0.9226
Run: 06, Epoch: 65, Loss: 0.0002, lr: 0.000118, Train: 0.9928, Valid: 0.9673, Test: 0.9226
Run: 06, Epoch: 66, Loss: 0.0002, lr: 0.000118, Train: 0.9930, Valid: 0.9671, Test: 0.9226
Run: 06, Epoch: 67, Loss: 0.0002, lr: 0.000118, Train: 0.9931, Valid: 0.9668, Test: 0.9228
Run: 06, Epoch: 68, Loss: 0.0002, lr: 0.000118, Train: 0.9933, Valid: 0.9666, Test: 0.9231
Run: 06, Epoch: 69, Loss: 0.0002, lr: 0.000118, Train: 0.9934, Valid: 0.9665, Test: 0.9232
Run: 06, Epoch: 70, Loss: 0.0002, lr: 0.000118, Train: 0.9935, Valid: 0.9663, Test: 0.9233
Run: 06, Epoch: 71, Loss: 0.0002, lr: 0.000082, Train: 0.9936, Valid: 0.9663, Test: 0.9234
Run: 06, Epoch: 72, Loss: 0.0002, lr: 0.000082, Train: 0.9937, Valid: 0.9662, Test: 0.9234
Run: 06, Epoch: 73, Loss: 0.0002, lr: 0.000082, Train: 0.9937, Valid: 0.9661, Test: 0.9235
Run: 06, Epoch: 74, Loss: 0.0002, lr: 0.000082, Train: 0.9938, Valid: 0.9660, Test: 0.9236
Run: 06, Epoch: 75, Loss: 0.0002, lr: 0.000082, Train: 0.9939, Valid: 0.9659, Test: 0.9237
Run: 06, Epoch: 76, Loss: 0.0002, lr: 0.000082, Train: 0.9939, Valid: 0.9659, Test: 0.9237
Run: 06, Epoch: 77, Loss: 0.0002, lr: 0.000058, Train: 0.9940, Valid: 0.9659, Test: 0.9237
Run: 06, Epoch: 78, Loss: 0.0002, lr: 0.000058, Train: 0.9940, Valid: 0.9658, Test: 0.9236
Run: 06, Epoch: 79, Loss: 0.0002, lr: 0.000058, Train: 0.9941, Valid: 0.9658, Test: 0.9236
Run: 06, Epoch: 80, Loss: 0.0002, lr: 0.000058, Train: 0.9941, Valid: 0.9657, Test: 0.9236
Run: 06, Epoch: 81, Loss: 0.0002, lr: 0.000058, Train: 0.9942, Valid: 0.9657, Test: 0.9235
Run: 06, Epoch: 82, Loss: 0.0002, lr: 0.000058, Train: 0.9942, Valid: 0.9656, Test: 0.9235
Run: 06, Epoch: 83, Loss: 0.0002, lr: 0.000040, Train: 0.9943, Valid: 0.9656, Test: 0.9234
Run: 06, Epoch: 84, Loss: 0.0002, lr: 0.000040, Train: 0.9943, Valid: 0.9656, Test: 0.9233
Run: 06, Epoch: 85, Loss: 0.0002, lr: 0.000040, Train: 0.9943, Valid: 0.9656, Test: 0.9232
Run: 06, Epoch: 86, Loss: 0.0002, lr: 0.000040, Train: 0.9944, Valid: 0.9656, Test: 0.9231
Run: 06, Epoch: 87, Loss: 0.0002, lr: 0.000040, Train: 0.9944, Valid: 0.9656, Test: 0.9231
Run: 06, Epoch: 88, Loss: 0.0002, lr: 0.000040, Train: 0.9944, Valid: 0.9655, Test: 0.9231
Run: 06, Epoch: 89, Loss: 0.0002, lr: 0.000028, Train: 0.9944, Valid: 0.9655, Test: 0.9231
Run: 06, Epoch: 90, Loss: 0.0002, lr: 0.000028, Train: 0.9944, Valid: 0.9655, Test: 0.9231
Run: 06, Epoch: 91, Loss: 0.0002, lr: 0.000028, Train: 0.9945, Valid: 0.9655, Test: 0.9231
Run: 06, Epoch: 92, Loss: 0.0002, lr: 0.000028, Train: 0.9945, Valid: 0.9655, Test: 0.9230
Run: 06, Epoch: 93, Loss: 0.0002, lr: 0.000028, Train: 0.9945, Valid: 0.9655, Test: 0.9230
Run: 06, Epoch: 94, Loss: 0.0002, lr: 0.000028, Train: 0.9945, Valid: 0.9655, Test: 0.9230
Run: 06, Epoch: 95, Loss: 0.0002, lr: 0.000020, Train: 0.9946, Valid: 0.9655, Test: 0.9229
Run: 06, Epoch: 96, Loss: 0.0002, lr: 0.000020, Train: 0.9946, Valid: 0.9655, Test: 0.9229
Run: 06, Epoch: 97, Loss: 0.0002, lr: 0.000020, Train: 0.9946, Valid: 0.9655, Test: 0.9229
Run: 06, Epoch: 98, Loss: 0.0002, lr: 0.000020, Train: 0.9946, Valid: 0.9656, Test: 0.9228
Run: 06, Epoch: 99, Loss: 0.0002, lr: 0.000020, Train: 0.9946, Valid: 0.9656, Test: 0.9228
Run: 06, Epoch: 100, Loss: 0.0002, lr: 0.000020, Train: 0.9946, Valid: 0.9656, Test: 0.9227
Run 06:
Highest Train: 0.99
Highest Valid: 0.98
  Final Train: 0.96
   Final Test: 0.90
Run: 07, Epoch: 01, Loss: 0.0468, lr: 0.001000, Train: -4.3956, Valid: -4.2476, Test: -5.3763
Run: 07, Epoch: 02, Loss: 0.0235, lr: 0.001000, Train: -2.0925, Valid: -2.3957, Test: -2.1154
Run: 07, Epoch: 03, Loss: 0.0096, lr: 0.001000, Train: 0.6961, Valid: 0.6626, Test: 0.5720
Run: 07, Epoch: 04, Loss: 0.0108, lr: 0.001000, Train: 0.1858, Valid: 0.2090, Test: 0.0545
Run: 07, Epoch: 05, Loss: 0.0075, lr: 0.001000, Train: 0.0583, Valid: 0.1161, Test: -0.0141
Run: 07, Epoch: 06, Loss: 0.0049, lr: 0.001000, Train: 0.3498, Valid: 0.4169, Test: 0.2745
Run: 07, Epoch: 07, Loss: 0.0040, lr: 0.001000, Train: 0.6631, Valid: 0.7228, Test: 0.5850
Run: 07, Epoch: 08, Loss: 0.0034, lr: 0.001000, Train: 0.8303, Valid: 0.8724, Test: 0.7504
Run: 07, Epoch: 09, Loss: 0.0028, lr: 0.001000, Train: 0.8336, Valid: 0.8708, Test: 0.7829
Run: 07, Epoch: 10, Loss: 0.0027, lr: 0.001000, Train: 0.7885, Valid: 0.8231, Test: 0.7679
Run: 07, Epoch: 11, Loss: 0.0027, lr: 0.001000, Train: 0.7780, Valid: 0.8059, Test: 0.7665
Run: 07, Epoch: 12, Loss: 0.0024, lr: 0.001000, Train: 0.8092, Valid: 0.8336, Test: 0.7852
Run: 07, Epoch: 13, Loss: 0.0021, lr: 0.001000, Train: 0.8520, Valid: 0.8731, Test: 0.8073
Run: 07, Epoch: 14, Loss: 0.0019, lr: 0.001000, Train: 0.8650, Valid: 0.8832, Test: 0.8056
Run: 07, Epoch: 15, Loss: 0.0019, lr: 0.001000, Train: 0.8530, Valid: 0.8679, Test: 0.7924
Run: 07, Epoch: 16, Loss: 0.0018, lr: 0.001000, Train: 0.8507, Valid: 0.8615, Test: 0.7926
Run: 07, Epoch: 17, Loss: 0.0016, lr: 0.001000, Train: 0.8669, Valid: 0.8718, Test: 0.8097
Run: 07, Epoch: 18, Loss: 0.0014, lr: 0.001000, Train: 0.8870, Valid: 0.8839, Test: 0.8300
Run: 07, Epoch: 19, Loss: 0.0013, lr: 0.001000, Train: 0.9019, Valid: 0.8909, Test: 0.8462
Run: 07, Epoch: 20, Loss: 0.0013, lr: 0.001000, Train: 0.9131, Valid: 0.8949, Test: 0.8570
Run: 07, Epoch: 21, Loss: 0.0013, lr: 0.001000, Train: 0.9224, Valid: 0.8981, Test: 0.8660
Run: 07, Epoch: 22, Loss: 0.0012, lr: 0.001000, Train: 0.9285, Valid: 0.9007, Test: 0.8713
Run: 07, Epoch: 23, Loss: 0.0012, lr: 0.001000, Train: 0.9301, Valid: 0.9014, Test: 0.8713
Run: 07, Epoch: 24, Loss: 0.0011, lr: 0.001000, Train: 0.9299, Valid: 0.9000, Test: 0.8688
Run: 07, Epoch: 25, Loss: 0.0011, lr: 0.001000, Train: 0.9330, Valid: 0.9001, Test: 0.8660
Run: 07, Epoch: 26, Loss: 0.0010, lr: 0.001000, Train: 0.9394, Valid: 0.9018, Test: 0.8641
Run: 07, Epoch: 27, Loss: 0.0009, lr: 0.001000, Train: 0.9461, Valid: 0.9044, Test: 0.8619
Run: 07, Epoch: 28, Loss: 0.0009, lr: 0.001000, Train: 0.9512, Valid: 0.9065, Test: 0.8593
Run: 07, Epoch: 29, Loss: 0.0009, lr: 0.001000, Train: 0.9547, Valid: 0.9080, Test: 0.8569
Run: 07, Epoch: 30, Loss: 0.0009, lr: 0.001000, Train: 0.9574, Valid: 0.9093, Test: 0.8562
Run: 07, Epoch: 31, Loss: 0.0008, lr: 0.001000, Train: 0.9597, Valid: 0.9105, Test: 0.8570
Run: 07, Epoch: 32, Loss: 0.0008, lr: 0.001000, Train: 0.9617, Valid: 0.9107, Test: 0.8585
Run: 07, Epoch: 33, Loss: 0.0008, lr: 0.001000, Train: 0.9636, Valid: 0.9102, Test: 0.8600
Run: 07, Epoch: 34, Loss: 0.0007, lr: 0.001000, Train: 0.9657, Valid: 0.9097, Test: 0.8610
Run: 07, Epoch: 35, Loss: 0.0007, lr: 0.001000, Train: 0.9679, Valid: 0.9092, Test: 0.8613
Run: 07, Epoch: 36, Loss: 0.0007, lr: 0.001000, Train: 0.9701, Valid: 0.9098, Test: 0.8613
Run: 07, Epoch: 37, Loss: 0.0006, lr: 0.001000, Train: 0.9719, Valid: 0.9113, Test: 0.8614
Run: 07, Epoch: 38, Loss: 0.0006, lr: 0.001000, Train: 0.9737, Valid: 0.9142, Test: 0.8621
Run: 07, Epoch: 39, Loss: 0.0006, lr: 0.001000, Train: 0.9753, Valid: 0.9178, Test: 0.8633
Run: 07, Epoch: 40, Loss: 0.0006, lr: 0.001000, Train: 0.9759, Valid: 0.9202, Test: 0.8641
Run: 07, Epoch: 41, Loss: 0.0006, lr: 0.001000, Train: 0.9763, Valid: 0.9210, Test: 0.8637
Run: 07, Epoch: 42, Loss: 0.0005, lr: 0.001000, Train: 0.9771, Valid: 0.9210, Test: 0.8624
Run: 07, Epoch: 43, Loss: 0.0005, lr: 0.001000, Train: 0.9785, Valid: 0.9205, Test: 0.8614
Run: 07, Epoch: 44, Loss: 0.0005, lr: 0.001000, Train: 0.9799, Valid: 0.9199, Test: 0.8605
Run: 07, Epoch: 45, Loss: 0.0005, lr: 0.001000, Train: 0.9809, Valid: 0.9196, Test: 0.8600
Run: 07, Epoch: 46, Loss: 0.0005, lr: 0.001000, Train: 0.9820, Valid: 0.9201, Test: 0.8610
Run: 07, Epoch: 47, Loss: 0.0004, lr: 0.001000, Train: 0.9829, Valid: 0.9216, Test: 0.8633
Run: 07, Epoch: 48, Loss: 0.0004, lr: 0.001000, Train: 0.9837, Valid: 0.9234, Test: 0.8655
Run: 07, Epoch: 49, Loss: 0.0004, lr: 0.001000, Train: 0.9842, Valid: 0.9248, Test: 0.8663
Run: 07, Epoch: 50, Loss: 0.0004, lr: 0.001000, Train: 0.9845, Valid: 0.9253, Test: 0.8656
Run: 07, Epoch: 51, Loss: 0.0004, lr: 0.001000, Train: 0.9849, Valid: 0.9254, Test: 0.8648
Run: 07, Epoch: 52, Loss: 0.0004, lr: 0.001000, Train: 0.9860, Valid: 0.9269, Test: 0.8643
Run: 07, Epoch: 53, Loss: 0.0003, lr: 0.001000, Train: 0.9871, Valid: 0.9298, Test: 0.8648
Run: 07, Epoch: 54, Loss: 0.0003, lr: 0.001000, Train: 0.9876, Valid: 0.9317, Test: 0.8656
Run: 07, Epoch: 55, Loss: 0.0003, lr: 0.001000, Train: 0.9880, Valid: 0.9329, Test: 0.8660
Run: 07, Epoch: 56, Loss: 0.0003, lr: 0.001000, Train: 0.9882, Valid: 0.9343, Test: 0.8647
Run: 07, Epoch: 57, Loss: 0.0003, lr: 0.001000, Train: 0.9881, Valid: 0.9361, Test: 0.8628
Run: 07, Epoch: 58, Loss: 0.0003, lr: 0.001000, Train: 0.9879, Valid: 0.9374, Test: 0.8605
Run: 07, Epoch: 59, Loss: 0.0003, lr: 0.001000, Train: 0.9880, Valid: 0.9378, Test: 0.8595
Run: 07, Epoch: 60, Loss: 0.0003, lr: 0.001000, Train: 0.9887, Valid: 0.9375, Test: 0.8596
Run: 07, Epoch: 61, Loss: 0.0003, lr: 0.001000, Train: 0.9891, Valid: 0.9382, Test: 0.8598
Run: 07, Epoch: 62, Loss: 0.0002, lr: 0.001000, Train: 0.9897, Valid: 0.9381, Test: 0.8610
Run: 07, Epoch: 63, Loss: 0.0002, lr: 0.001000, Train: 0.9902, Valid: 0.9373, Test: 0.8616
Run: 07, Epoch: 64, Loss: 0.0002, lr: 0.001000, Train: 0.9906, Valid: 0.9351, Test: 0.8618
Run: 07, Epoch: 65, Loss: 0.0002, lr: 0.001000, Train: 0.9909, Valid: 0.9323, Test: 0.8618
Run: 07, Epoch: 66, Loss: 0.0002, lr: 0.001000, Train: 0.9912, Valid: 0.9300, Test: 0.8626
Run: 07, Epoch: 67, Loss: 0.0002, lr: 0.001000, Train: 0.9909, Valid: 0.9311, Test: 0.8631
Run: 07, Epoch: 68, Loss: 0.0002, lr: 0.000700, Train: 0.9913, Valid: 0.9324, Test: 0.8640
Run: 07, Epoch: 69, Loss: 0.0002, lr: 0.000700, Train: 0.9918, Valid: 0.9334, Test: 0.8653
Run: 07, Epoch: 70, Loss: 0.0002, lr: 0.000700, Train: 0.9921, Valid: 0.9341, Test: 0.8673
Run: 07, Epoch: 71, Loss: 0.0002, lr: 0.000700, Train: 0.9922, Valid: 0.9347, Test: 0.8689
Run: 07, Epoch: 72, Loss: 0.0002, lr: 0.000700, Train: 0.9922, Valid: 0.9352, Test: 0.8695
Run: 07, Epoch: 73, Loss: 0.0002, lr: 0.000700, Train: 0.9927, Valid: 0.9344, Test: 0.8695
Run: 07, Epoch: 74, Loss: 0.0002, lr: 0.000490, Train: 0.9930, Valid: 0.9339, Test: 0.8688
Run: 07, Epoch: 75, Loss: 0.0002, lr: 0.000490, Train: 0.9935, Valid: 0.9333, Test: 0.8686
Run: 07, Epoch: 76, Loss: 0.0002, lr: 0.000490, Train: 0.9937, Valid: 0.9334, Test: 0.8686
Run: 07, Epoch: 77, Loss: 0.0002, lr: 0.000490, Train: 0.9939, Valid: 0.9333, Test: 0.8689
Run: 07, Epoch: 78, Loss: 0.0001, lr: 0.000490, Train: 0.9941, Valid: 0.9332, Test: 0.8696
Run: 07, Epoch: 79, Loss: 0.0001, lr: 0.000490, Train: 0.9944, Valid: 0.9330, Test: 0.8707
Run: 07, Epoch: 80, Loss: 0.0001, lr: 0.000343, Train: 0.9946, Valid: 0.9331, Test: 0.8715
Run: 07, Epoch: 81, Loss: 0.0001, lr: 0.000343, Train: 0.9948, Valid: 0.9328, Test: 0.8719
Run: 07, Epoch: 82, Loss: 0.0001, lr: 0.000343, Train: 0.9950, Valid: 0.9332, Test: 0.8722
Run: 07, Epoch: 83, Loss: 0.0001, lr: 0.000343, Train: 0.9951, Valid: 0.9338, Test: 0.8725
Run: 07, Epoch: 84, Loss: 0.0001, lr: 0.000343, Train: 0.9953, Valid: 0.9335, Test: 0.8727
Run: 07, Epoch: 85, Loss: 0.0001, lr: 0.000343, Train: 0.9954, Valid: 0.9327, Test: 0.8730
Run: 07, Epoch: 86, Loss: 0.0001, lr: 0.000240, Train: 0.9954, Valid: 0.9323, Test: 0.8734
Run: 07, Epoch: 87, Loss: 0.0001, lr: 0.000240, Train: 0.9956, Valid: 0.9326, Test: 0.8737
Run: 07, Epoch: 88, Loss: 0.0001, lr: 0.000240, Train: 0.9957, Valid: 0.9337, Test: 0.8740
Run: 07, Epoch: 89, Loss: 0.0001, lr: 0.000240, Train: 0.9958, Valid: 0.9343, Test: 0.8741
Run: 07, Epoch: 90, Loss: 0.0001, lr: 0.000240, Train: 0.9959, Valid: 0.9343, Test: 0.8742
Run: 07, Epoch: 91, Loss: 0.0001, lr: 0.000240, Train: 0.9960, Valid: 0.9335, Test: 0.8740
Run: 07, Epoch: 92, Loss: 0.0001, lr: 0.000168, Train: 0.9960, Valid: 0.9329, Test: 0.8739
Run: 07, Epoch: 93, Loss: 0.0001, lr: 0.000168, Train: 0.9960, Valid: 0.9327, Test: 0.8738
Run: 07, Epoch: 94, Loss: 0.0001, lr: 0.000168, Train: 0.9961, Valid: 0.9330, Test: 0.8739
Run: 07, Epoch: 95, Loss: 0.0001, lr: 0.000168, Train: 0.9962, Valid: 0.9331, Test: 0.8740
Run: 07, Epoch: 96, Loss: 0.0001, lr: 0.000168, Train: 0.9962, Valid: 0.9330, Test: 0.8741
Run: 07, Epoch: 97, Loss: 0.0001, lr: 0.000168, Train: 0.9962, Valid: 0.9328, Test: 0.8743
Run: 07, Epoch: 98, Loss: 0.0001, lr: 0.000118, Train: 0.9963, Valid: 0.9330, Test: 0.8745
Run: 07, Epoch: 99, Loss: 0.0001, lr: 0.000118, Train: 0.9964, Valid: 0.9335, Test: 0.8748
Run: 07, Epoch: 100, Loss: 0.0001, lr: 0.000118, Train: 0.9964, Valid: 0.9338, Test: 0.8750
Run 07:
Highest Train: 1.00
Highest Valid: 0.94
  Final Train: 0.99
   Final Test: 0.86
Run: 08, Epoch: 01, Loss: 0.0194, lr: 0.001000, Train: -0.0200, Valid: 0.2676, Test: -0.7458
Run: 08, Epoch: 02, Loss: 0.0097, lr: 0.001000, Train: -1.4243, Valid: -0.7531, Test: -5.2353
Run: 08, Epoch: 03, Loss: 0.0121, lr: 0.001000, Train: 0.0216, Valid: 0.2887, Test: -0.7636
Run: 08, Epoch: 04, Loss: 0.0042, lr: 0.001000, Train: 0.6231, Valid: 0.7031, Test: 0.4029
Run: 08, Epoch: 05, Loss: 0.0044, lr: 0.001000, Train: 0.5952, Valid: 0.6498, Test: 0.2946
Run: 08, Epoch: 06, Loss: 0.0042, lr: 0.001000, Train: 0.6987, Valid: 0.7371, Test: 0.5052
Run: 08, Epoch: 07, Loss: 0.0026, lr: 0.001000, Train: 0.6165, Valid: 0.6650, Test: 0.3508
Run: 08, Epoch: 08, Loss: 0.0021, lr: 0.001000, Train: 0.4606, Valid: 0.5430, Test: -0.1196
Run: 08, Epoch: 09, Loss: 0.0024, lr: 0.001000, Train: 0.4548, Valid: 0.5336, Test: -0.1975
Run: 08, Epoch: 10, Loss: 0.0025, lr: 0.001000, Train: 0.5889, Valid: 0.6310, Test: 0.1600
Run: 08, Epoch: 11, Loss: 0.0022, lr: 0.001000, Train: 0.7495, Valid: 0.7519, Test: 0.5402
Run: 08, Epoch: 12, Loss: 0.0018, lr: 0.001000, Train: 0.8499, Valid: 0.8322, Test: 0.7030
Run: 08, Epoch: 13, Loss: 0.0016, lr: 0.001000, Train: 0.8845, Valid: 0.8641, Test: 0.7078
Run: 08, Epoch: 14, Loss: 0.0016, lr: 0.001000, Train: 0.8955, Valid: 0.8788, Test: 0.6925
Run: 08, Epoch: 15, Loss: 0.0016, lr: 0.001000, Train: 0.9091, Valid: 0.8931, Test: 0.7217
Run: 08, Epoch: 16, Loss: 0.0015, lr: 0.001000, Train: 0.9166, Valid: 0.8983, Test: 0.7701
Run: 08, Epoch: 17, Loss: 0.0014, lr: 0.001000, Train: 0.9035, Valid: 0.8798, Test: 0.7924
Run: 08, Epoch: 18, Loss: 0.0012, lr: 0.001000, Train: 0.8743, Valid: 0.8437, Test: 0.7620
Run: 08, Epoch: 19, Loss: 0.0011, lr: 0.001000, Train: 0.8483, Valid: 0.8100, Test: 0.6974
Run: 08, Epoch: 20, Loss: 0.0011, lr: 0.001000, Train: 0.8431, Valid: 0.7953, Test: 0.6534
Run: 08, Epoch: 21, Loss: 0.0011, lr: 0.001000, Train: 0.8627, Valid: 0.8087, Test: 0.6723
Run: 08, Epoch: 22, Loss: 0.0011, lr: 0.001000, Train: 0.8967, Valid: 0.8405, Test: 0.7425
Run: 08, Epoch: 23, Loss: 0.0010, lr: 0.000700, Train: 0.9256, Valid: 0.8698, Test: 0.8104
Run: 08, Epoch: 24, Loss: 0.0010, lr: 0.000700, Train: 0.9462, Valid: 0.8923, Test: 0.8595
Run: 08, Epoch: 25, Loss: 0.0009, lr: 0.000700, Train: 0.9587, Valid: 0.9060, Test: 0.8881
Run: 08, Epoch: 26, Loss: 0.0009, lr: 0.000700, Train: 0.9657, Valid: 0.9131, Test: 0.9020
Run: 08, Epoch: 27, Loss: 0.0008, lr: 0.000700, Train: 0.9690, Valid: 0.9159, Test: 0.9077
Run: 08, Epoch: 28, Loss: 0.0008, lr: 0.000700, Train: 0.9704, Valid: 0.9171, Test: 0.9094
Run: 08, Epoch: 29, Loss: 0.0007, lr: 0.000700, Train: 0.9712, Valid: 0.9185, Test: 0.9101
Run: 08, Epoch: 30, Loss: 0.0007, lr: 0.000700, Train: 0.9725, Valid: 0.9212, Test: 0.9119
Run: 08, Epoch: 31, Loss: 0.0007, lr: 0.000700, Train: 0.9748, Valid: 0.9248, Test: 0.9145
Run: 08, Epoch: 32, Loss: 0.0007, lr: 0.000700, Train: 0.9771, Valid: 0.9276, Test: 0.9163
Run: 08, Epoch: 33, Loss: 0.0007, lr: 0.000700, Train: 0.9785, Valid: 0.9280, Test: 0.9170
Run: 08, Epoch: 34, Loss: 0.0006, lr: 0.000700, Train: 0.9790, Valid: 0.9269, Test: 0.9178
Run: 08, Epoch: 35, Loss: 0.0006, lr: 0.000700, Train: 0.9797, Valid: 0.9255, Test: 0.9201
Run: 08, Epoch: 36, Loss: 0.0006, lr: 0.000700, Train: 0.9804, Valid: 0.9234, Test: 0.9222
Run: 08, Epoch: 37, Loss: 0.0006, lr: 0.000700, Train: 0.9807, Valid: 0.9203, Test: 0.9231
Run: 08, Epoch: 38, Loss: 0.0006, lr: 0.000700, Train: 0.9810, Valid: 0.9170, Test: 0.9227
Run: 08, Epoch: 39, Loss: 0.0005, lr: 0.000700, Train: 0.9811, Valid: 0.9153, Test: 0.9226
Run: 08, Epoch: 40, Loss: 0.0005, lr: 0.000490, Train: 0.9816, Valid: 0.9162, Test: 0.9227
Run: 08, Epoch: 41, Loss: 0.0005, lr: 0.000490, Train: 0.9822, Valid: 0.9189, Test: 0.9225
Run: 08, Epoch: 42, Loss: 0.0005, lr: 0.000490, Train: 0.9827, Valid: 0.9222, Test: 0.9218
Run: 08, Epoch: 43, Loss: 0.0005, lr: 0.000490, Train: 0.9831, Valid: 0.9253, Test: 0.9214
Run: 08, Epoch: 44, Loss: 0.0005, lr: 0.000490, Train: 0.9835, Valid: 0.9272, Test: 0.9211
Run: 08, Epoch: 45, Loss: 0.0005, lr: 0.000490, Train: 0.9839, Valid: 0.9282, Test: 0.9214
Run: 08, Epoch: 46, Loss: 0.0005, lr: 0.000490, Train: 0.9843, Valid: 0.9282, Test: 0.9223
Run: 08, Epoch: 47, Loss: 0.0004, lr: 0.000490, Train: 0.9847, Valid: 0.9277, Test: 0.9235
Run: 08, Epoch: 48, Loss: 0.0004, lr: 0.000490, Train: 0.9851, Valid: 0.9270, Test: 0.9241
Run: 08, Epoch: 49, Loss: 0.0004, lr: 0.000490, Train: 0.9854, Valid: 0.9262, Test: 0.9243
Run: 08, Epoch: 50, Loss: 0.0004, lr: 0.000490, Train: 0.9857, Valid: 0.9253, Test: 0.9239
Run: 08, Epoch: 51, Loss: 0.0004, lr: 0.000490, Train: 0.9860, Valid: 0.9248, Test: 0.9233
Run: 08, Epoch: 52, Loss: 0.0004, lr: 0.000343, Train: 0.9862, Valid: 0.9243, Test: 0.9229
Run: 08, Epoch: 53, Loss: 0.0004, lr: 0.000343, Train: 0.9864, Valid: 0.9241, Test: 0.9229
Run: 08, Epoch: 54, Loss: 0.0004, lr: 0.000343, Train: 0.9866, Valid: 0.9239, Test: 0.9227
Run: 08, Epoch: 55, Loss: 0.0004, lr: 0.000343, Train: 0.9868, Valid: 0.9237, Test: 0.9226
Run: 08, Epoch: 56, Loss: 0.0004, lr: 0.000343, Train: 0.9871, Valid: 0.9235, Test: 0.9225
Run: 08, Epoch: 57, Loss: 0.0004, lr: 0.000343, Train: 0.9873, Valid: 0.9232, Test: 0.9222
Run: 08, Epoch: 58, Loss: 0.0003, lr: 0.000240, Train: 0.9876, Valid: 0.9229, Test: 0.9222
Run: 08, Epoch: 59, Loss: 0.0003, lr: 0.000240, Train: 0.9879, Valid: 0.9228, Test: 0.9224
Run: 08, Epoch: 60, Loss: 0.0003, lr: 0.000240, Train: 0.9881, Valid: 0.9226, Test: 0.9226
Run: 08, Epoch: 61, Loss: 0.0003, lr: 0.000240, Train: 0.9883, Valid: 0.9227, Test: 0.9227
Run: 08, Epoch: 62, Loss: 0.0003, lr: 0.000240, Train: 0.9885, Valid: 0.9229, Test: 0.9228
Run: 08, Epoch: 63, Loss: 0.0003, lr: 0.000240, Train: 0.9887, Valid: 0.9233, Test: 0.9230
Run: 08, Epoch: 64, Loss: 0.0003, lr: 0.000168, Train: 0.9889, Valid: 0.9236, Test: 0.9235
Run: 08, Epoch: 65, Loss: 0.0003, lr: 0.000168, Train: 0.9891, Valid: 0.9240, Test: 0.9239
Run: 08, Epoch: 66, Loss: 0.0003, lr: 0.000168, Train: 0.9892, Valid: 0.9243, Test: 0.9244
Run: 08, Epoch: 67, Loss: 0.0003, lr: 0.000168, Train: 0.9894, Valid: 0.9244, Test: 0.9248
Run: 08, Epoch: 68, Loss: 0.0003, lr: 0.000168, Train: 0.9897, Valid: 0.9245, Test: 0.9252
Run: 08, Epoch: 69, Loss: 0.0003, lr: 0.000168, Train: 0.9899, Valid: 0.9245, Test: 0.9255
Run: 08, Epoch: 70, Loss: 0.0003, lr: 0.000118, Train: 0.9902, Valid: 0.9244, Test: 0.9258
Run: 08, Epoch: 71, Loss: 0.0003, lr: 0.000118, Train: 0.9904, Valid: 0.9242, Test: 0.9259
Run: 08, Epoch: 72, Loss: 0.0003, lr: 0.000118, Train: 0.9906, Valid: 0.9239, Test: 0.9258
Run: 08, Epoch: 73, Loss: 0.0003, lr: 0.000118, Train: 0.9907, Valid: 0.9236, Test: 0.9257
Run: 08, Epoch: 74, Loss: 0.0003, lr: 0.000118, Train: 0.9909, Valid: 0.9233, Test: 0.9256
Run: 08, Epoch: 75, Loss: 0.0003, lr: 0.000118, Train: 0.9910, Valid: 0.9230, Test: 0.9254
Run: 08, Epoch: 76, Loss: 0.0003, lr: 0.000082, Train: 0.9911, Valid: 0.9228, Test: 0.9255
Run: 08, Epoch: 77, Loss: 0.0003, lr: 0.000082, Train: 0.9913, Valid: 0.9227, Test: 0.9256
Run: 08, Epoch: 78, Loss: 0.0003, lr: 0.000082, Train: 0.9914, Valid: 0.9226, Test: 0.9258
Run: 08, Epoch: 79, Loss: 0.0003, lr: 0.000082, Train: 0.9915, Valid: 0.9226, Test: 0.9260
Run: 08, Epoch: 80, Loss: 0.0003, lr: 0.000082, Train: 0.9916, Valid: 0.9226, Test: 0.9262
Run: 08, Epoch: 81, Loss: 0.0003, lr: 0.000082, Train: 0.9916, Valid: 0.9226, Test: 0.9264
Run: 08, Epoch: 82, Loss: 0.0003, lr: 0.000058, Train: 0.9917, Valid: 0.9226, Test: 0.9266
Run: 08, Epoch: 83, Loss: 0.0003, lr: 0.000058, Train: 0.9918, Valid: 0.9225, Test: 0.9268
Run: 08, Epoch: 84, Loss: 0.0003, lr: 0.000058, Train: 0.9919, Valid: 0.9225, Test: 0.9269
Run: 08, Epoch: 85, Loss: 0.0003, lr: 0.000058, Train: 0.9920, Valid: 0.9224, Test: 0.9271
Run: 08, Epoch: 86, Loss: 0.0003, lr: 0.000058, Train: 0.9920, Valid: 0.9224, Test: 0.9273
Run: 08, Epoch: 87, Loss: 0.0003, lr: 0.000058, Train: 0.9921, Valid: 0.9223, Test: 0.9274
Run: 08, Epoch: 88, Loss: 0.0003, lr: 0.000040, Train: 0.9922, Valid: 0.9222, Test: 0.9275
Run: 08, Epoch: 89, Loss: 0.0003, lr: 0.000040, Train: 0.9922, Valid: 0.9221, Test: 0.9276
Run: 08, Epoch: 90, Loss: 0.0003, lr: 0.000040, Train: 0.9923, Valid: 0.9221, Test: 0.9277
Run: 08, Epoch: 91, Loss: 0.0003, lr: 0.000040, Train: 0.9923, Valid: 0.9220, Test: 0.9278
Run: 08, Epoch: 92, Loss: 0.0003, lr: 0.000040, Train: 0.9924, Valid: 0.9219, Test: 0.9278
Run: 08, Epoch: 93, Loss: 0.0003, lr: 0.000040, Train: 0.9924, Valid: 0.9218, Test: 0.9278
Run: 08, Epoch: 94, Loss: 0.0003, lr: 0.000028, Train: 0.9925, Valid: 0.9217, Test: 0.9279
Run: 08, Epoch: 95, Loss: 0.0003, lr: 0.000028, Train: 0.9925, Valid: 0.9216, Test: 0.9279
Run: 08, Epoch: 96, Loss: 0.0003, lr: 0.000028, Train: 0.9925, Valid: 0.9215, Test: 0.9279
Run: 08, Epoch: 97, Loss: 0.0003, lr: 0.000028, Train: 0.9926, Valid: 0.9215, Test: 0.9279
Run: 08, Epoch: 98, Loss: 0.0003, lr: 0.000028, Train: 0.9926, Valid: 0.9214, Test: 0.9279
Run: 08, Epoch: 99, Loss: 0.0003, lr: 0.000028, Train: 0.9926, Valid: 0.9214, Test: 0.9280
Run: 08, Epoch: 100, Loss: 0.0003, lr: 0.000020, Train: 0.9926, Valid: 0.9214, Test: 0.9280
Run 08:
Highest Train: 0.99
Highest Valid: 0.93
  Final Train: 0.98
   Final Test: 0.92
Run: 09, Epoch: 01, Loss: 0.0695, lr: 0.001000, Train: 0.4348, Valid: 0.3126, Test: 0.2357
Run: 09, Epoch: 02, Loss: 0.0144, lr: 0.001000, Train: 0.7270, Valid: 0.3207, Test: 0.7039
Run: 09, Epoch: 03, Loss: 0.0078, lr: 0.001000, Train: 0.7137, Valid: 0.2343, Test: 0.6699
Run: 09, Epoch: 04, Loss: 0.0059, lr: 0.001000, Train: 0.7071, Valid: 0.3196, Test: 0.6254
Run: 09, Epoch: 05, Loss: 0.0043, lr: 0.001000, Train: 0.6728, Valid: 0.2983, Test: 0.5217
Run: 09, Epoch: 06, Loss: 0.0031, lr: 0.001000, Train: 0.5955, Valid: 0.1580, Test: 0.3502
Run: 09, Epoch: 07, Loss: 0.0028, lr: 0.001000, Train: 0.6549, Valid: 0.3162, Test: 0.4522
Run: 09, Epoch: 08, Loss: 0.0029, lr: 0.001000, Train: 0.8027, Valid: 0.5938, Test: 0.7080
Run: 09, Epoch: 09, Loss: 0.0028, lr: 0.001000, Train: 0.8860, Valid: 0.7311, Test: 0.8366
Run: 09, Epoch: 10, Loss: 0.0028, lr: 0.001000, Train: 0.9032, Valid: 0.7655, Test: 0.8513
Run: 09, Epoch: 11, Loss: 0.0026, lr: 0.001000, Train: 0.9057, Valid: 0.7737, Test: 0.8371
Run: 09, Epoch: 12, Loss: 0.0023, lr: 0.001000, Train: 0.9003, Valid: 0.7700, Test: 0.8031
Run: 09, Epoch: 13, Loss: 0.0020, lr: 0.001000, Train: 0.8759, Valid: 0.7440, Test: 0.7398
Run: 09, Epoch: 14, Loss: 0.0017, lr: 0.001000, Train: 0.8475, Valid: 0.7082, Test: 0.6873
Run: 09, Epoch: 15, Loss: 0.0016, lr: 0.001000, Train: 0.8568, Valid: 0.7022, Test: 0.7122
Run: 09, Epoch: 16, Loss: 0.0015, lr: 0.001000, Train: 0.8978, Valid: 0.7249, Test: 0.7916
Run: 09, Epoch: 17, Loss: 0.0013, lr: 0.001000, Train: 0.9232, Valid: 0.7277, Test: 0.8376
Run: 09, Epoch: 18, Loss: 0.0012, lr: 0.000700, Train: 0.9286, Valid: 0.7156, Test: 0.8470
Run: 09, Epoch: 19, Loss: 0.0010, lr: 0.000700, Train: 0.9252, Valid: 0.7092, Test: 0.8398
Run: 09, Epoch: 20, Loss: 0.0010, lr: 0.000700, Train: 0.9205, Valid: 0.7054, Test: 0.8296
Run: 09, Epoch: 21, Loss: 0.0009, lr: 0.000700, Train: 0.9233, Valid: 0.7045, Test: 0.8306
Run: 09, Epoch: 22, Loss: 0.0009, lr: 0.000700, Train: 0.9329, Valid: 0.7096, Test: 0.8434
Run: 09, Epoch: 23, Loss: 0.0009, lr: 0.000700, Train: 0.9421, Valid: 0.7103, Test: 0.8582
Run: 09, Epoch: 24, Loss: 0.0008, lr: 0.000490, Train: 0.9486, Valid: 0.7061, Test: 0.8692
Run: 09, Epoch: 25, Loss: 0.0008, lr: 0.000490, Train: 0.9533, Valid: 0.6989, Test: 0.8768
Run: 09, Epoch: 26, Loss: 0.0008, lr: 0.000490, Train: 0.9568, Valid: 0.6921, Test: 0.8821
Run: 09, Epoch: 27, Loss: 0.0007, lr: 0.000490, Train: 0.9595, Valid: 0.6845, Test: 0.8858
Run: 09, Epoch: 28, Loss: 0.0007, lr: 0.000490, Train: 0.9618, Valid: 0.6772, Test: 0.8889
Run: 09, Epoch: 29, Loss: 0.0007, lr: 0.000490, Train: 0.9641, Valid: 0.6722, Test: 0.8917
Run: 09, Epoch: 30, Loss: 0.0007, lr: 0.000343, Train: 0.9668, Valid: 0.6742, Test: 0.8939
Run: 09, Epoch: 31, Loss: 0.0006, lr: 0.000343, Train: 0.9691, Valid: 0.6775, Test: 0.8954
Run: 09, Epoch: 32, Loss: 0.0006, lr: 0.000343, Train: 0.9713, Valid: 0.6804, Test: 0.8967
Run: 09, Epoch: 33, Loss: 0.0006, lr: 0.000343, Train: 0.9731, Valid: 0.6834, Test: 0.8975
Run: 09, Epoch: 34, Loss: 0.0006, lr: 0.000343, Train: 0.9747, Valid: 0.6870, Test: 0.8980
Run: 09, Epoch: 35, Loss: 0.0006, lr: 0.000343, Train: 0.9759, Valid: 0.6905, Test: 0.8982
Run: 09, Epoch: 36, Loss: 0.0006, lr: 0.000240, Train: 0.9772, Valid: 0.6951, Test: 0.8983
Run: 09, Epoch: 37, Loss: 0.0006, lr: 0.000240, Train: 0.9783, Valid: 0.6999, Test: 0.8984
Run: 09, Epoch: 38, Loss: 0.0005, lr: 0.000240, Train: 0.9793, Valid: 0.7040, Test: 0.8984
Run: 09, Epoch: 39, Loss: 0.0005, lr: 0.000240, Train: 0.9801, Valid: 0.7075, Test: 0.8985
Run: 09, Epoch: 40, Loss: 0.0005, lr: 0.000240, Train: 0.9809, Valid: 0.7102, Test: 0.8985
Run: 09, Epoch: 41, Loss: 0.0005, lr: 0.000240, Train: 0.9816, Valid: 0.7126, Test: 0.8985
Run: 09, Epoch: 42, Loss: 0.0005, lr: 0.000168, Train: 0.9823, Valid: 0.7151, Test: 0.8986
Run: 09, Epoch: 43, Loss: 0.0005, lr: 0.000168, Train: 0.9829, Valid: 0.7170, Test: 0.8986
Run: 09, Epoch: 44, Loss: 0.0005, lr: 0.000168, Train: 0.9834, Valid: 0.7186, Test: 0.8987
Run: 09, Epoch: 45, Loss: 0.0005, lr: 0.000168, Train: 0.9839, Valid: 0.7198, Test: 0.8987
Run: 09, Epoch: 46, Loss: 0.0005, lr: 0.000168, Train: 0.9843, Valid: 0.7209, Test: 0.8987
Run: 09, Epoch: 47, Loss: 0.0005, lr: 0.000168, Train: 0.9848, Valid: 0.7220, Test: 0.8986
Run: 09, Epoch: 48, Loss: 0.0005, lr: 0.000118, Train: 0.9852, Valid: 0.7239, Test: 0.8984
Run: 09, Epoch: 49, Loss: 0.0005, lr: 0.000118, Train: 0.9856, Valid: 0.7258, Test: 0.8982
Run: 09, Epoch: 50, Loss: 0.0005, lr: 0.000118, Train: 0.9860, Valid: 0.7275, Test: 0.8979
Run: 09, Epoch: 51, Loss: 0.0005, lr: 0.000118, Train: 0.9863, Valid: 0.7290, Test: 0.8977
Run: 09, Epoch: 52, Loss: 0.0005, lr: 0.000118, Train: 0.9866, Valid: 0.7304, Test: 0.8974
Run: 09, Epoch: 53, Loss: 0.0005, lr: 0.000118, Train: 0.9868, Valid: 0.7314, Test: 0.8973
Run: 09, Epoch: 54, Loss: 0.0004, lr: 0.000082, Train: 0.9870, Valid: 0.7328, Test: 0.8973
Run: 09, Epoch: 55, Loss: 0.0004, lr: 0.000082, Train: 0.9872, Valid: 0.7339, Test: 0.8973
Run: 09, Epoch: 56, Loss: 0.0004, lr: 0.000082, Train: 0.9874, Valid: 0.7350, Test: 0.8973
Run: 09, Epoch: 57, Loss: 0.0004, lr: 0.000082, Train: 0.9875, Valid: 0.7359, Test: 0.8974
Run: 09, Epoch: 58, Loss: 0.0004, lr: 0.000082, Train: 0.9876, Valid: 0.7369, Test: 0.8975
Run: 09, Epoch: 59, Loss: 0.0004, lr: 0.000082, Train: 0.9878, Valid: 0.7378, Test: 0.8975
Run: 09, Epoch: 60, Loss: 0.0004, lr: 0.000058, Train: 0.9879, Valid: 0.7390, Test: 0.8975
Run: 09, Epoch: 61, Loss: 0.0004, lr: 0.000058, Train: 0.9880, Valid: 0.7401, Test: 0.8975
Run: 09, Epoch: 62, Loss: 0.0004, lr: 0.000058, Train: 0.9881, Valid: 0.7411, Test: 0.8975
Run: 09, Epoch: 63, Loss: 0.0004, lr: 0.000058, Train: 0.9882, Valid: 0.7420, Test: 0.8975
Run: 09, Epoch: 64, Loss: 0.0004, lr: 0.000058, Train: 0.9883, Valid: 0.7430, Test: 0.8976
Run: 09, Epoch: 65, Loss: 0.0004, lr: 0.000058, Train: 0.9884, Valid: 0.7440, Test: 0.8976
Run: 09, Epoch: 66, Loss: 0.0004, lr: 0.000040, Train: 0.9885, Valid: 0.7450, Test: 0.8976
Run: 09, Epoch: 67, Loss: 0.0004, lr: 0.000040, Train: 0.9885, Valid: 0.7459, Test: 0.8976
Run: 09, Epoch: 68, Loss: 0.0004, lr: 0.000040, Train: 0.9886, Valid: 0.7468, Test: 0.8976
Run: 09, Epoch: 69, Loss: 0.0004, lr: 0.000040, Train: 0.9887, Valid: 0.7477, Test: 0.8976
Run: 09, Epoch: 70, Loss: 0.0004, lr: 0.000040, Train: 0.9887, Valid: 0.7485, Test: 0.8976
Run: 09, Epoch: 71, Loss: 0.0004, lr: 0.000040, Train: 0.9888, Valid: 0.7493, Test: 0.8976
Run: 09, Epoch: 72, Loss: 0.0004, lr: 0.000028, Train: 0.9888, Valid: 0.7501, Test: 0.8975
Run: 09, Epoch: 73, Loss: 0.0004, lr: 0.000028, Train: 0.9889, Valid: 0.7508, Test: 0.8975
Run: 09, Epoch: 74, Loss: 0.0004, lr: 0.000028, Train: 0.9889, Valid: 0.7514, Test: 0.8975
Run: 09, Epoch: 75, Loss: 0.0004, lr: 0.000028, Train: 0.9889, Valid: 0.7520, Test: 0.8975
Run: 09, Epoch: 76, Loss: 0.0004, lr: 0.000028, Train: 0.9890, Valid: 0.7524, Test: 0.8975
Run: 09, Epoch: 77, Loss: 0.0004, lr: 0.000028, Train: 0.9890, Valid: 0.7529, Test: 0.8975
Run: 09, Epoch: 78, Loss: 0.0004, lr: 0.000020, Train: 0.9890, Valid: 0.7533, Test: 0.8975
Run: 09, Epoch: 79, Loss: 0.0004, lr: 0.000020, Train: 0.9891, Valid: 0.7537, Test: 0.8975
Run: 09, Epoch: 80, Loss: 0.0004, lr: 0.000020, Train: 0.9891, Valid: 0.7540, Test: 0.8974
Run: 09, Epoch: 81, Loss: 0.0004, lr: 0.000020, Train: 0.9891, Valid: 0.7543, Test: 0.8974
Run: 09, Epoch: 82, Loss: 0.0004, lr: 0.000020, Train: 0.9892, Valid: 0.7546, Test: 0.8974
Run: 09, Epoch: 83, Loss: 0.0004, lr: 0.000020, Train: 0.9892, Valid: 0.7548, Test: 0.8974
Run: 09, Epoch: 84, Loss: 0.0004, lr: 0.000014, Train: 0.9892, Valid: 0.7550, Test: 0.8973
Run: 09, Epoch: 85, Loss: 0.0004, lr: 0.000014, Train: 0.9892, Valid: 0.7553, Test: 0.8973
Run: 09, Epoch: 86, Loss: 0.0004, lr: 0.000014, Train: 0.9892, Valid: 0.7555, Test: 0.8973
Run: 09, Epoch: 87, Loss: 0.0004, lr: 0.000014, Train: 0.9893, Valid: 0.7557, Test: 0.8973
Run: 09, Epoch: 88, Loss: 0.0004, lr: 0.000014, Train: 0.9893, Valid: 0.7559, Test: 0.8973
Run: 09, Epoch: 89, Loss: 0.0004, lr: 0.000014, Train: 0.9893, Valid: 0.7561, Test: 0.8973
Run: 09, Epoch: 90, Loss: 0.0004, lr: 0.000010, Train: 0.9893, Valid: 0.7562, Test: 0.8972
Run: 09, Epoch: 91, Loss: 0.0004, lr: 0.000010, Train: 0.9893, Valid: 0.7564, Test: 0.8972
Run: 09, Epoch: 92, Loss: 0.0004, lr: 0.000010, Train: 0.9893, Valid: 0.7565, Test: 0.8972
Run: 09, Epoch: 93, Loss: 0.0004, lr: 0.000010, Train: 0.9893, Valid: 0.7566, Test: 0.8972
Run: 09, Epoch: 94, Loss: 0.0004, lr: 0.000010, Train: 0.9894, Valid: 0.7567, Test: 0.8971
Run: 09, Epoch: 95, Loss: 0.0004, lr: 0.000010, Train: 0.9894, Valid: 0.7567, Test: 0.8971
Run: 09, Epoch: 96, Loss: 0.0004, lr: 0.000010, Train: 0.9894, Valid: 0.7568, Test: 0.8971
Run: 09, Epoch: 97, Loss: 0.0004, lr: 0.000010, Train: 0.9894, Valid: 0.7568, Test: 0.8971
Run: 09, Epoch: 98, Loss: 0.0004, lr: 0.000010, Train: 0.9894, Valid: 0.7569, Test: 0.8971
Run: 09, Epoch: 99, Loss: 0.0004, lr: 0.000010, Train: 0.9894, Valid: 0.7570, Test: 0.8971
Run: 09, Epoch: 100, Loss: 0.0004, lr: 0.000010, Train: 0.9894, Valid: 0.7570, Test: 0.8971
Run 09:
Highest Train: 0.99
Highest Valid: 0.77
  Final Train: 0.91
   Final Test: 0.84
Run: 10, Epoch: 01, Loss: 0.0356, lr: 0.001000, Train: -1.5112, Valid: -0.2559, Test: -0.8587
Run: 10, Epoch: 02, Loss: 0.0272, lr: 0.001000, Train: -0.3767, Valid: 0.2064, Test: -0.0296
Run: 10, Epoch: 03, Loss: 0.0112, lr: 0.001000, Train: 0.1534, Valid: 0.3892, Test: 0.4875
Run: 10, Epoch: 04, Loss: 0.0064, lr: 0.001000, Train: -0.3232, Valid: 0.2536, Test: 0.2231
Run: 10, Epoch: 05, Loss: 0.0064, lr: 0.001000, Train: 0.0474, Valid: 0.4781, Test: 0.4352
Run: 10, Epoch: 06, Loss: 0.0041, lr: 0.001000, Train: 0.4728, Valid: 0.7038, Test: 0.6822
Run: 10, Epoch: 07, Loss: 0.0023, lr: 0.001000, Train: 0.2914, Valid: 0.6746, Test: 0.5204
Run: 10, Epoch: 08, Loss: 0.0028, lr: 0.001000, Train: 0.2369, Valid: 0.6651, Test: 0.4695
Run: 10, Epoch: 09, Loss: 0.0030, lr: 0.001000, Train: 0.4805, Valid: 0.7599, Test: 0.6394
Run: 10, Epoch: 10, Loss: 0.0023, lr: 0.001000, Train: 0.7386, Valid: 0.8577, Test: 0.8211
Run: 10, Epoch: 11, Loss: 0.0018, lr: 0.001000, Train: 0.7446, Valid: 0.8707, Test: 0.8433
Run: 10, Epoch: 12, Loss: 0.0016, lr: 0.001000, Train: 0.5915, Valid: 0.8329, Test: 0.7720
Run: 10, Epoch: 13, Loss: 0.0017, lr: 0.001000, Train: 0.5133, Valid: 0.8192, Test: 0.7345
Run: 10, Epoch: 14, Loss: 0.0016, lr: 0.001000, Train: 0.5608, Valid: 0.8427, Test: 0.7551
Run: 10, Epoch: 15, Loss: 0.0015, lr: 0.001000, Train: 0.6602, Valid: 0.8776, Test: 0.8023
Run: 10, Epoch: 16, Loss: 0.0014, lr: 0.001000, Train: 0.7537, Valid: 0.9079, Test: 0.8503
Run: 10, Epoch: 17, Loss: 0.0013, lr: 0.001000, Train: 0.8175, Valid: 0.9274, Test: 0.8839
Run: 10, Epoch: 18, Loss: 0.0011, lr: 0.001000, Train: 0.8528, Valid: 0.9381, Test: 0.9030
Run: 10, Epoch: 19, Loss: 0.0010, lr: 0.001000, Train: 0.8722, Valid: 0.9428, Test: 0.9130
Run: 10, Epoch: 20, Loss: 0.0010, lr: 0.001000, Train: 0.8871, Valid: 0.9456, Test: 0.9188
Run: 10, Epoch: 21, Loss: 0.0010, lr: 0.001000, Train: 0.8923, Valid: 0.9474, Test: 0.9202
Run: 10, Epoch: 22, Loss: 0.0009, lr: 0.001000, Train: 0.8887, Valid: 0.9479, Test: 0.9182
Run: 10, Epoch: 23, Loss: 0.0008, lr: 0.001000, Train: 0.8769, Valid: 0.9464, Test: 0.9122
Run: 10, Epoch: 24, Loss: 0.0008, lr: 0.001000, Train: 0.8611, Valid: 0.9441, Test: 0.9035
Run: 10, Epoch: 25, Loss: 0.0007, lr: 0.001000, Train: 0.8477, Valid: 0.9423, Test: 0.8958
Run: 10, Epoch: 26, Loss: 0.0007, lr: 0.001000, Train: 0.8460, Valid: 0.9430, Test: 0.8940
Run: 10, Epoch: 27, Loss: 0.0007, lr: 0.001000, Train: 0.8617, Valid: 0.9472, Test: 0.9007
Run: 10, Epoch: 28, Loss: 0.0007, lr: 0.001000, Train: 0.8863, Valid: 0.9530, Test: 0.9115
Run: 10, Epoch: 29, Loss: 0.0006, lr: 0.001000, Train: 0.9094, Valid: 0.9578, Test: 0.9207
Run: 10, Epoch: 30, Loss: 0.0006, lr: 0.001000, Train: 0.9265, Valid: 0.9612, Test: 0.9275
Run: 10, Epoch: 31, Loss: 0.0006, lr: 0.001000, Train: 0.9371, Valid: 0.9630, Test: 0.9315
Run: 10, Epoch: 32, Loss: 0.0006, lr: 0.001000, Train: 0.9445, Valid: 0.9641, Test: 0.9334
Run: 10, Epoch: 33, Loss: 0.0006, lr: 0.001000, Train: 0.9497, Valid: 0.9647, Test: 0.9343
Run: 10, Epoch: 34, Loss: 0.0005, lr: 0.001000, Train: 0.9537, Valid: 0.9654, Test: 0.9351
Run: 10, Epoch: 35, Loss: 0.0005, lr: 0.001000, Train: 0.9565, Valid: 0.9654, Test: 0.9361
Run: 10, Epoch: 36, Loss: 0.0005, lr: 0.001000, Train: 0.9577, Valid: 0.9650, Test: 0.9367
Run: 10, Epoch: 37, Loss: 0.0005, lr: 0.001000, Train: 0.9581, Valid: 0.9646, Test: 0.9369
Run: 10, Epoch: 38, Loss: 0.0005, lr: 0.001000, Train: 0.9589, Valid: 0.9647, Test: 0.9370
Run: 10, Epoch: 39, Loss: 0.0004, lr: 0.001000, Train: 0.9600, Valid: 0.9651, Test: 0.9370
Run: 10, Epoch: 40, Loss: 0.0004, lr: 0.001000, Train: 0.9612, Valid: 0.9649, Test: 0.9370
Run: 10, Epoch: 41, Loss: 0.0004, lr: 0.000700, Train: 0.9641, Valid: 0.9648, Test: 0.9373
Run: 10, Epoch: 42, Loss: 0.0004, lr: 0.000700, Train: 0.9674, Valid: 0.9646, Test: 0.9374
Run: 10, Epoch: 43, Loss: 0.0004, lr: 0.000700, Train: 0.9704, Valid: 0.9645, Test: 0.9371
Run: 10, Epoch: 44, Loss: 0.0004, lr: 0.000700, Train: 0.9731, Valid: 0.9647, Test: 0.9367
Run: 10, Epoch: 45, Loss: 0.0004, lr: 0.000700, Train: 0.9750, Valid: 0.9650, Test: 0.9361
Run: 10, Epoch: 46, Loss: 0.0003, lr: 0.000700, Train: 0.9763, Valid: 0.9652, Test: 0.9353
Run: 10, Epoch: 47, Loss: 0.0003, lr: 0.000490, Train: 0.9777, Valid: 0.9654, Test: 0.9349
Run: 10, Epoch: 48, Loss: 0.0003, lr: 0.000490, Train: 0.9789, Valid: 0.9656, Test: 0.9348
Run: 10, Epoch: 49, Loss: 0.0003, lr: 0.000490, Train: 0.9801, Valid: 0.9658, Test: 0.9347
Run: 10, Epoch: 50, Loss: 0.0003, lr: 0.000490, Train: 0.9813, Valid: 0.9659, Test: 0.9347
Run: 10, Epoch: 51, Loss: 0.0003, lr: 0.000490, Train: 0.9822, Valid: 0.9660, Test: 0.9347
Run: 10, Epoch: 52, Loss: 0.0003, lr: 0.000490, Train: 0.9830, Valid: 0.9663, Test: 0.9347
Run: 10, Epoch: 53, Loss: 0.0003, lr: 0.000490, Train: 0.9837, Valid: 0.9664, Test: 0.9345
Run: 10, Epoch: 54, Loss: 0.0003, lr: 0.000490, Train: 0.9843, Valid: 0.9663, Test: 0.9344
Run: 10, Epoch: 55, Loss: 0.0003, lr: 0.000490, Train: 0.9845, Valid: 0.9660, Test: 0.9342
Run: 10, Epoch: 56, Loss: 0.0003, lr: 0.000490, Train: 0.9848, Valid: 0.9656, Test: 0.9339
Run: 10, Epoch: 57, Loss: 0.0003, lr: 0.000490, Train: 0.9854, Valid: 0.9653, Test: 0.9336
Run: 10, Epoch: 58, Loss: 0.0003, lr: 0.000490, Train: 0.9861, Valid: 0.9652, Test: 0.9334
Run: 10, Epoch: 59, Loss: 0.0003, lr: 0.000490, Train: 0.9870, Valid: 0.9652, Test: 0.9331
Run: 10, Epoch: 60, Loss: 0.0002, lr: 0.000343, Train: 0.9878, Valid: 0.9655, Test: 0.9330
Run: 10, Epoch: 61, Loss: 0.0002, lr: 0.000343, Train: 0.9884, Valid: 0.9659, Test: 0.9331
Run: 10, Epoch: 62, Loss: 0.0002, lr: 0.000343, Train: 0.9889, Valid: 0.9663, Test: 0.9335
Run: 10, Epoch: 63, Loss: 0.0002, lr: 0.000343, Train: 0.9893, Valid: 0.9666, Test: 0.9337
Run: 10, Epoch: 64, Loss: 0.0002, lr: 0.000343, Train: 0.9897, Valid: 0.9668, Test: 0.9338
Run: 10, Epoch: 65, Loss: 0.0002, lr: 0.000343, Train: 0.9900, Valid: 0.9669, Test: 0.9340
Run: 10, Epoch: 66, Loss: 0.0002, lr: 0.000343, Train: 0.9902, Valid: 0.9671, Test: 0.9343
Run: 10, Epoch: 67, Loss: 0.0002, lr: 0.000343, Train: 0.9903, Valid: 0.9673, Test: 0.9346
Run: 10, Epoch: 68, Loss: 0.0002, lr: 0.000343, Train: 0.9905, Valid: 0.9676, Test: 0.9348
Run: 10, Epoch: 69, Loss: 0.0002, lr: 0.000343, Train: 0.9907, Valid: 0.9679, Test: 0.9348
Run: 10, Epoch: 70, Loss: 0.0002, lr: 0.000343, Train: 0.9911, Valid: 0.9681, Test: 0.9345
Run: 10, Epoch: 71, Loss: 0.0002, lr: 0.000343, Train: 0.9913, Valid: 0.9680, Test: 0.9343
Run: 10, Epoch: 72, Loss: 0.0002, lr: 0.000343, Train: 0.9915, Valid: 0.9678, Test: 0.9340
Run: 10, Epoch: 73, Loss: 0.0002, lr: 0.000343, Train: 0.9916, Valid: 0.9676, Test: 0.9339
Run: 10, Epoch: 74, Loss: 0.0002, lr: 0.000343, Train: 0.9917, Valid: 0.9676, Test: 0.9338
Run: 10, Epoch: 75, Loss: 0.0002, lr: 0.000343, Train: 0.9919, Valid: 0.9677, Test: 0.9337
Run: 10, Epoch: 76, Loss: 0.0002, lr: 0.000343, Train: 0.9922, Valid: 0.9679, Test: 0.9336
Run: 10, Epoch: 77, Loss: 0.0002, lr: 0.000240, Train: 0.9924, Valid: 0.9681, Test: 0.9336
Run: 10, Epoch: 78, Loss: 0.0002, lr: 0.000240, Train: 0.9925, Valid: 0.9682, Test: 0.9334
Run: 10, Epoch: 79, Loss: 0.0002, lr: 0.000240, Train: 0.9927, Valid: 0.9682, Test: 0.9332
Run: 10, Epoch: 80, Loss: 0.0002, lr: 0.000240, Train: 0.9929, Valid: 0.9682, Test: 0.9331
Run: 10, Epoch: 81, Loss: 0.0002, lr: 0.000240, Train: 0.9930, Valid: 0.9681, Test: 0.9329
Run: 10, Epoch: 82, Loss: 0.0002, lr: 0.000240, Train: 0.9931, Valid: 0.9680, Test: 0.9327
Run: 10, Epoch: 83, Loss: 0.0002, lr: 0.000240, Train: 0.9932, Valid: 0.9682, Test: 0.9326
Run: 10, Epoch: 84, Loss: 0.0002, lr: 0.000240, Train: 0.9933, Valid: 0.9684, Test: 0.9326
Run: 10, Epoch: 85, Loss: 0.0002, lr: 0.000240, Train: 0.9934, Valid: 0.9687, Test: 0.9325
Run: 10, Epoch: 86, Loss: 0.0002, lr: 0.000240, Train: 0.9935, Valid: 0.9689, Test: 0.9325
Run: 10, Epoch: 87, Loss: 0.0002, lr: 0.000240, Train: 0.9936, Valid: 0.9690, Test: 0.9326
Run: 10, Epoch: 88, Loss: 0.0002, lr: 0.000240, Train: 0.9937, Valid: 0.9688, Test: 0.9329
Run: 10, Epoch: 89, Loss: 0.0002, lr: 0.000240, Train: 0.9938, Valid: 0.9687, Test: 0.9332
Run: 10, Epoch: 90, Loss: 0.0002, lr: 0.000240, Train: 0.9939, Valid: 0.9685, Test: 0.9332
Run: 10, Epoch: 91, Loss: 0.0002, lr: 0.000240, Train: 0.9940, Valid: 0.9683, Test: 0.9333
Run: 10, Epoch: 92, Loss: 0.0001, lr: 0.000240, Train: 0.9940, Valid: 0.9682, Test: 0.9333
Run: 10, Epoch: 93, Loss: 0.0001, lr: 0.000240, Train: 0.9941, Valid: 0.9682, Test: 0.9334
Run: 10, Epoch: 94, Loss: 0.0001, lr: 0.000168, Train: 0.9942, Valid: 0.9683, Test: 0.9336
Run: 10, Epoch: 95, Loss: 0.0001, lr: 0.000168, Train: 0.9943, Valid: 0.9684, Test: 0.9336
Run: 10, Epoch: 96, Loss: 0.0001, lr: 0.000168, Train: 0.9944, Valid: 0.9685, Test: 0.9335
Run: 10, Epoch: 97, Loss: 0.0001, lr: 0.000168, Train: 0.9945, Valid: 0.9685, Test: 0.9335
Run: 10, Epoch: 98, Loss: 0.0001, lr: 0.000168, Train: 0.9946, Valid: 0.9685, Test: 0.9336
Run: 10, Epoch: 99, Loss: 0.0001, lr: 0.000168, Train: 0.9947, Valid: 0.9685, Test: 0.9339
Run: 10, Epoch: 100, Loss: 0.0001, lr: 0.000118, Train: 0.9947, Valid: 0.9686, Test: 0.9340
Run 10:
Highest Train: 0.99
Highest Valid: 0.97
  Final Train: 0.99
   Final Test: 0.93
All runs:
Highest Train: 1.00  0.00
Highest Valid: 0.92  0.06
  Final Train: 0.98  0.03
   Final Test: 0.91  0.04
