Namespace(conv_layers=3, device=0, dropout=0.0, epochs=100, hidden_dim=256, log_steps=1, lr=0.001, method='sage', mlp_layers=2, runs=10, subset='computer_science')
Run: 01, Epoch: 01, Loss: 0.0464, lr: 0.001000, Train: 0.5982, Valid: 0.6931, Test: 0.5555
Run: 01, Epoch: 02, Loss: 0.0080, lr: 0.001000, Train: 0.7146, Valid: 0.7745, Test: 0.6783
Run: 01, Epoch: 03, Loss: 0.0103, lr: 0.001000, Train: 0.7705, Valid: 0.8181, Test: 0.7449
Run: 01, Epoch: 04, Loss: 0.0083, lr: 0.001000, Train: 0.7936, Valid: 0.8469, Test: 0.7761
Run: 01, Epoch: 05, Loss: 0.0057, lr: 0.001000, Train: 0.7967, Valid: 0.8543, Test: 0.7693
Run: 01, Epoch: 06, Loss: 0.0039, lr: 0.001000, Train: 0.7886, Valid: 0.8504, Test: 0.7458
Run: 01, Epoch: 07, Loss: 0.0033, lr: 0.001000, Train: 0.7780, Valid: 0.8385, Test: 0.7446
Run: 01, Epoch: 08, Loss: 0.0028, lr: 0.001000, Train: 0.7713, Valid: 0.8189, Test: 0.7530
Run: 01, Epoch: 09, Loss: 0.0021, lr: 0.001000, Train: 0.7777, Valid: 0.8064, Test: 0.7584
Run: 01, Epoch: 10, Loss: 0.0019, lr: 0.001000, Train: 0.8094, Valid: 0.8150, Test: 0.7832
Run: 01, Epoch: 11, Loss: 0.0018, lr: 0.001000, Train: 0.8540, Valid: 0.8343, Test: 0.8245
Run: 01, Epoch: 12, Loss: 0.0018, lr: 0.000700, Train: 0.8854, Valid: 0.8490, Test: 0.8534
Run: 01, Epoch: 13, Loss: 0.0018, lr: 0.000700, Train: 0.9081, Valid: 0.8593, Test: 0.8723
Run: 01, Epoch: 14, Loss: 0.0018, lr: 0.000700, Train: 0.9223, Valid: 0.8680, Test: 0.8819
Run: 01, Epoch: 15, Loss: 0.0016, lr: 0.000700, Train: 0.9295, Valid: 0.8759, Test: 0.8851
Run: 01, Epoch: 16, Loss: 0.0014, lr: 0.000700, Train: 0.9303, Valid: 0.8822, Test: 0.8842
Run: 01, Epoch: 17, Loss: 0.0013, lr: 0.000700, Train: 0.9262, Valid: 0.8844, Test: 0.8806
Run: 01, Epoch: 18, Loss: 0.0012, lr: 0.000700, Train: 0.9209, Valid: 0.8824, Test: 0.8762
Run: 01, Epoch: 19, Loss: 0.0012, lr: 0.000700, Train: 0.9178, Valid: 0.8782, Test: 0.8728
Run: 01, Epoch: 20, Loss: 0.0011, lr: 0.000700, Train: 0.9185, Valid: 0.8737, Test: 0.8719
Run: 01, Epoch: 21, Loss: 0.0011, lr: 0.000700, Train: 0.9225, Valid: 0.8706, Test: 0.8740
Run: 01, Epoch: 22, Loss: 0.0010, lr: 0.000700, Train: 0.9279, Valid: 0.8689, Test: 0.8777
Run: 01, Epoch: 23, Loss: 0.0010, lr: 0.000700, Train: 0.9326, Valid: 0.8680, Test: 0.8813
Run: 01, Epoch: 24, Loss: 0.0009, lr: 0.000490, Train: 0.9373, Valid: 0.8687, Test: 0.8848
Run: 01, Epoch: 25, Loss: 0.0009, lr: 0.000490, Train: 0.9417, Valid: 0.8695, Test: 0.8877
Run: 01, Epoch: 26, Loss: 0.0009, lr: 0.000490, Train: 0.9464, Valid: 0.8704, Test: 0.8904
Run: 01, Epoch: 27, Loss: 0.0009, lr: 0.000490, Train: 0.9517, Valid: 0.8717, Test: 0.8925
Run: 01, Epoch: 28, Loss: 0.0009, lr: 0.000490, Train: 0.9574, Valid: 0.8728, Test: 0.8941
Run: 01, Epoch: 29, Loss: 0.0008, lr: 0.000490, Train: 0.9627, Valid: 0.8737, Test: 0.8948
Run: 01, Epoch: 30, Loss: 0.0008, lr: 0.000343, Train: 0.9669, Valid: 0.8754, Test: 0.8953
Run: 01, Epoch: 31, Loss: 0.0008, lr: 0.000343, Train: 0.9705, Valid: 0.8775, Test: 0.8957
Run: 01, Epoch: 32, Loss: 0.0008, lr: 0.000343, Train: 0.9735, Valid: 0.8800, Test: 0.8960
Run: 01, Epoch: 33, Loss: 0.0007, lr: 0.000343, Train: 0.9759, Valid: 0.8825, Test: 0.8962
Run: 01, Epoch: 34, Loss: 0.0007, lr: 0.000343, Train: 0.9775, Valid: 0.8845, Test: 0.8961
Run: 01, Epoch: 35, Loss: 0.0007, lr: 0.000343, Train: 0.9785, Valid: 0.8858, Test: 0.8956
Run: 01, Epoch: 36, Loss: 0.0007, lr: 0.000343, Train: 0.9791, Valid: 0.8862, Test: 0.8951
Run: 01, Epoch: 37, Loss: 0.0007, lr: 0.000343, Train: 0.9796, Valid: 0.8859, Test: 0.8948
Run: 01, Epoch: 38, Loss: 0.0007, lr: 0.000343, Train: 0.9800, Valid: 0.8852, Test: 0.8948
Run: 01, Epoch: 39, Loss: 0.0007, lr: 0.000343, Train: 0.9803, Valid: 0.8845, Test: 0.8951
Run: 01, Epoch: 40, Loss: 0.0007, lr: 0.000343, Train: 0.9807, Valid: 0.8839, Test: 0.8961
Run: 01, Epoch: 41, Loss: 0.0007, lr: 0.000343, Train: 0.9812, Valid: 0.8838, Test: 0.8975
Run: 01, Epoch: 42, Loss: 0.0006, lr: 0.000343, Train: 0.9816, Valid: 0.8841, Test: 0.8991
Run: 01, Epoch: 43, Loss: 0.0006, lr: 0.000240, Train: 0.9820, Valid: 0.8846, Test: 0.9001
Run: 01, Epoch: 44, Loss: 0.0006, lr: 0.000240, Train: 0.9823, Valid: 0.8851, Test: 0.9007
Run: 01, Epoch: 45, Loss: 0.0006, lr: 0.000240, Train: 0.9825, Valid: 0.8855, Test: 0.9008
Run: 01, Epoch: 46, Loss: 0.0006, lr: 0.000240, Train: 0.9828, Valid: 0.8858, Test: 0.9003
Run: 01, Epoch: 47, Loss: 0.0006, lr: 0.000240, Train: 0.9829, Valid: 0.8859, Test: 0.8993
Run: 01, Epoch: 48, Loss: 0.0006, lr: 0.000240, Train: 0.9830, Valid: 0.8858, Test: 0.8977
Run: 01, Epoch: 49, Loss: 0.0006, lr: 0.000168, Train: 0.9832, Valid: 0.8857, Test: 0.8963
Run: 01, Epoch: 50, Loss: 0.0006, lr: 0.000168, Train: 0.9833, Valid: 0.8855, Test: 0.8950
Run: 01, Epoch: 51, Loss: 0.0006, lr: 0.000168, Train: 0.9834, Valid: 0.8852, Test: 0.8937
Run: 01, Epoch: 52, Loss: 0.0006, lr: 0.000168, Train: 0.9836, Valid: 0.8851, Test: 0.8927
Run: 01, Epoch: 53, Loss: 0.0006, lr: 0.000168, Train: 0.9837, Valid: 0.8850, Test: 0.8919
Run: 01, Epoch: 54, Loss: 0.0006, lr: 0.000168, Train: 0.9839, Valid: 0.8851, Test: 0.8915
Run: 01, Epoch: 55, Loss: 0.0006, lr: 0.000118, Train: 0.9841, Valid: 0.8852, Test: 0.8914
Run: 01, Epoch: 56, Loss: 0.0006, lr: 0.000118, Train: 0.9843, Valid: 0.8853, Test: 0.8914
Run: 01, Epoch: 57, Loss: 0.0005, lr: 0.000118, Train: 0.9844, Valid: 0.8854, Test: 0.8913
Run: 01, Epoch: 58, Loss: 0.0005, lr: 0.000118, Train: 0.9845, Valid: 0.8855, Test: 0.8912
Run: 01, Epoch: 59, Loss: 0.0005, lr: 0.000118, Train: 0.9846, Valid: 0.8854, Test: 0.8911
Run: 01, Epoch: 60, Loss: 0.0005, lr: 0.000118, Train: 0.9847, Valid: 0.8853, Test: 0.8909
Run: 01, Epoch: 61, Loss: 0.0005, lr: 0.000082, Train: 0.9848, Valid: 0.8853, Test: 0.8907
Run: 01, Epoch: 62, Loss: 0.0005, lr: 0.000082, Train: 0.9849, Valid: 0.8852, Test: 0.8905
Run: 01, Epoch: 63, Loss: 0.0005, lr: 0.000082, Train: 0.9850, Valid: 0.8851, Test: 0.8903
Run: 01, Epoch: 64, Loss: 0.0005, lr: 0.000082, Train: 0.9850, Valid: 0.8850, Test: 0.8900
Run: 01, Epoch: 65, Loss: 0.0005, lr: 0.000082, Train: 0.9851, Valid: 0.8850, Test: 0.8899
Run: 01, Epoch: 66, Loss: 0.0005, lr: 0.000082, Train: 0.9851, Valid: 0.8850, Test: 0.8897
Run: 01, Epoch: 67, Loss: 0.0005, lr: 0.000058, Train: 0.9852, Valid: 0.8851, Test: 0.8897
Run: 01, Epoch: 68, Loss: 0.0005, lr: 0.000058, Train: 0.9853, Valid: 0.8852, Test: 0.8898
Run: 01, Epoch: 69, Loss: 0.0005, lr: 0.000058, Train: 0.9854, Valid: 0.8854, Test: 0.8899
Run: 01, Epoch: 70, Loss: 0.0005, lr: 0.000058, Train: 0.9854, Valid: 0.8855, Test: 0.8901
Run: 01, Epoch: 71, Loss: 0.0005, lr: 0.000058, Train: 0.9855, Valid: 0.8857, Test: 0.8902
Run: 01, Epoch: 72, Loss: 0.0005, lr: 0.000058, Train: 0.9856, Valid: 0.8859, Test: 0.8904
Run: 01, Epoch: 73, Loss: 0.0005, lr: 0.000040, Train: 0.9856, Valid: 0.8861, Test: 0.8905
Run: 01, Epoch: 74, Loss: 0.0005, lr: 0.000040, Train: 0.9857, Valid: 0.8862, Test: 0.8906
Run: 01, Epoch: 75, Loss: 0.0005, lr: 0.000040, Train: 0.9857, Valid: 0.8863, Test: 0.8907
Run: 01, Epoch: 76, Loss: 0.0005, lr: 0.000040, Train: 0.9858, Valid: 0.8864, Test: 0.8908
Run: 01, Epoch: 77, Loss: 0.0005, lr: 0.000040, Train: 0.9858, Valid: 0.8865, Test: 0.8908
Run: 01, Epoch: 78, Loss: 0.0005, lr: 0.000040, Train: 0.9859, Valid: 0.8866, Test: 0.8908
Run: 01, Epoch: 79, Loss: 0.0005, lr: 0.000040, Train: 0.9859, Valid: 0.8866, Test: 0.8908
Run: 01, Epoch: 80, Loss: 0.0005, lr: 0.000040, Train: 0.9859, Valid: 0.8867, Test: 0.8907
Run: 01, Epoch: 81, Loss: 0.0005, lr: 0.000040, Train: 0.9860, Valid: 0.8867, Test: 0.8907
Run: 01, Epoch: 82, Loss: 0.0005, lr: 0.000040, Train: 0.9860, Valid: 0.8867, Test: 0.8906
Run: 01, Epoch: 83, Loss: 0.0005, lr: 0.000040, Train: 0.9861, Valid: 0.8868, Test: 0.8906
Run: 01, Epoch: 84, Loss: 0.0005, lr: 0.000040, Train: 0.9861, Valid: 0.8868, Test: 0.8905
Run: 01, Epoch: 85, Loss: 0.0005, lr: 0.000040, Train: 0.9861, Valid: 0.8868, Test: 0.8905
Run: 01, Epoch: 86, Loss: 0.0005, lr: 0.000040, Train: 0.9862, Valid: 0.8869, Test: 0.8904
Run: 01, Epoch: 87, Loss: 0.0005, lr: 0.000040, Train: 0.9862, Valid: 0.8869, Test: 0.8904
Run: 01, Epoch: 88, Loss: 0.0005, lr: 0.000040, Train: 0.9862, Valid: 0.8869, Test: 0.8903
Run: 01, Epoch: 89, Loss: 0.0005, lr: 0.000040, Train: 0.9863, Valid: 0.8869, Test: 0.8902
Run: 01, Epoch: 90, Loss: 0.0005, lr: 0.000040, Train: 0.9863, Valid: 0.8870, Test: 0.8902
Run: 01, Epoch: 91, Loss: 0.0005, lr: 0.000040, Train: 0.9863, Valid: 0.8870, Test: 0.8901
Run: 01, Epoch: 92, Loss: 0.0005, lr: 0.000040, Train: 0.9864, Valid: 0.8870, Test: 0.8901
Run: 01, Epoch: 93, Loss: 0.0005, lr: 0.000040, Train: 0.9864, Valid: 0.8870, Test: 0.8901
Run: 01, Epoch: 94, Loss: 0.0005, lr: 0.000040, Train: 0.9864, Valid: 0.8870, Test: 0.8900
Run: 01, Epoch: 95, Loss: 0.0005, lr: 0.000040, Train: 0.9864, Valid: 0.8871, Test: 0.8900
Run: 01, Epoch: 96, Loss: 0.0005, lr: 0.000040, Train: 0.9865, Valid: 0.8871, Test: 0.8899
Run: 01, Epoch: 97, Loss: 0.0005, lr: 0.000040, Train: 0.9865, Valid: 0.8871, Test: 0.8899
Run: 01, Epoch: 98, Loss: 0.0005, lr: 0.000040, Train: 0.9865, Valid: 0.8871, Test: 0.8898
Run: 01, Epoch: 99, Loss: 0.0005, lr: 0.000040, Train: 0.9866, Valid: 0.8871, Test: 0.8897
Run: 01, Epoch: 100, Loss: 0.0005, lr: 0.000040, Train: 0.9866, Valid: 0.8871, Test: 0.8897
Run 01:
Highest Train: 0.99
Highest Valid: 0.89
  Final Train: 0.99
   Final Test: 0.89
Run: 02, Epoch: 01, Loss: 0.0661, lr: 0.001000, Train: 0.3615, Valid: 0.4396, Test: 0.3479
Run: 02, Epoch: 02, Loss: 0.0040, lr: 0.001000, Train: 0.5191, Valid: 0.6339, Test: 0.4777
Run: 02, Epoch: 03, Loss: 0.0071, lr: 0.001000, Train: 0.5879, Valid: 0.7252, Test: 0.5470
Run: 02, Epoch: 04, Loss: 0.0058, lr: 0.001000, Train: 0.6418, Valid: 0.7760, Test: 0.6203
Run: 02, Epoch: 05, Loss: 0.0039, lr: 0.001000, Train: 0.6752, Valid: 0.7886, Test: 0.6642
Run: 02, Epoch: 06, Loss: 0.0032, lr: 0.001000, Train: 0.6872, Valid: 0.7872, Test: 0.6563
Run: 02, Epoch: 07, Loss: 0.0027, lr: 0.001000, Train: 0.6921, Valid: 0.7812, Test: 0.6236
Run: 02, Epoch: 08, Loss: 0.0025, lr: 0.001000, Train: 0.7085, Valid: 0.7904, Test: 0.6064
Run: 02, Epoch: 09, Loss: 0.0022, lr: 0.001000, Train: 0.7354, Valid: 0.8221, Test: 0.6175
Run: 02, Epoch: 10, Loss: 0.0019, lr: 0.001000, Train: 0.7683, Valid: 0.8535, Test: 0.6555
Run: 02, Epoch: 11, Loss: 0.0017, lr: 0.001000, Train: 0.8048, Valid: 0.8594, Test: 0.7070
Run: 02, Epoch: 12, Loss: 0.0017, lr: 0.001000, Train: 0.8390, Valid: 0.8398, Test: 0.7477
Run: 02, Epoch: 13, Loss: 0.0017, lr: 0.001000, Train: 0.8646, Valid: 0.8224, Test: 0.7685
Run: 02, Epoch: 14, Loss: 0.0017, lr: 0.001000, Train: 0.8806, Valid: 0.8372, Test: 0.7815
Run: 02, Epoch: 15, Loss: 0.0016, lr: 0.001000, Train: 0.8892, Valid: 0.8790, Test: 0.7960
Run: 02, Epoch: 16, Loss: 0.0013, lr: 0.001000, Train: 0.8893, Valid: 0.9149, Test: 0.8048
Run: 02, Epoch: 17, Loss: 0.0012, lr: 0.001000, Train: 0.8807, Valid: 0.9219, Test: 0.7977
Run: 02, Epoch: 18, Loss: 0.0012, lr: 0.001000, Train: 0.8711, Valid: 0.9090, Test: 0.7816
Run: 02, Epoch: 19, Loss: 0.0013, lr: 0.001000, Train: 0.8707, Valid: 0.9014, Test: 0.7743
Run: 02, Epoch: 20, Loss: 0.0012, lr: 0.001000, Train: 0.8826, Valid: 0.9076, Test: 0.7819
Run: 02, Epoch: 21, Loss: 0.0011, lr: 0.001000, Train: 0.9002, Valid: 0.9166, Test: 0.7983
Run: 02, Epoch: 22, Loss: 0.0010, lr: 0.001000, Train: 0.9145, Valid: 0.9208, Test: 0.8156
Run: 02, Epoch: 23, Loss: 0.0010, lr: 0.001000, Train: 0.9195, Valid: 0.9186, Test: 0.8261
Run: 02, Epoch: 24, Loss: 0.0010, lr: 0.000700, Train: 0.9199, Valid: 0.9164, Test: 0.8306
Run: 02, Epoch: 25, Loss: 0.0010, lr: 0.000700, Train: 0.9176, Valid: 0.9134, Test: 0.8318
Run: 02, Epoch: 26, Loss: 0.0009, lr: 0.000700, Train: 0.9178, Valid: 0.9103, Test: 0.8349
Run: 02, Epoch: 27, Loss: 0.0009, lr: 0.000700, Train: 0.9237, Valid: 0.9097, Test: 0.8430
Run: 02, Epoch: 28, Loss: 0.0009, lr: 0.000700, Train: 0.9342, Valid: 0.9099, Test: 0.8539
Run: 02, Epoch: 29, Loss: 0.0009, lr: 0.000700, Train: 0.9448, Valid: 0.9065, Test: 0.8630
Run: 02, Epoch: 30, Loss: 0.0009, lr: 0.000490, Train: 0.9523, Valid: 0.9037, Test: 0.8686
Run: 02, Epoch: 31, Loss: 0.0009, lr: 0.000490, Train: 0.9589, Valid: 0.9031, Test: 0.8724
Run: 02, Epoch: 32, Loss: 0.0008, lr: 0.000490, Train: 0.9648, Valid: 0.9051, Test: 0.8758
Run: 02, Epoch: 33, Loss: 0.0008, lr: 0.000490, Train: 0.9696, Valid: 0.9088, Test: 0.8791
Run: 02, Epoch: 34, Loss: 0.0008, lr: 0.000490, Train: 0.9730, Valid: 0.9120, Test: 0.8818
Run: 02, Epoch: 35, Loss: 0.0008, lr: 0.000490, Train: 0.9751, Valid: 0.9129, Test: 0.8843
Run: 02, Epoch: 36, Loss: 0.0008, lr: 0.000343, Train: 0.9766, Valid: 0.9109, Test: 0.8863
Run: 02, Epoch: 37, Loss: 0.0008, lr: 0.000343, Train: 0.9777, Valid: 0.9071, Test: 0.8881
Run: 02, Epoch: 38, Loss: 0.0007, lr: 0.000343, Train: 0.9783, Valid: 0.9014, Test: 0.8892
Run: 02, Epoch: 39, Loss: 0.0007, lr: 0.000343, Train: 0.9781, Valid: 0.8945, Test: 0.8893
Run: 02, Epoch: 40, Loss: 0.0007, lr: 0.000343, Train: 0.9773, Valid: 0.8880, Test: 0.8884
Run: 02, Epoch: 41, Loss: 0.0007, lr: 0.000343, Train: 0.9764, Valid: 0.8832, Test: 0.8872
Run: 02, Epoch: 42, Loss: 0.0007, lr: 0.000240, Train: 0.9763, Valid: 0.8827, Test: 0.8874
Run: 02, Epoch: 43, Loss: 0.0007, lr: 0.000240, Train: 0.9767, Valid: 0.8839, Test: 0.8880
Run: 02, Epoch: 44, Loss: 0.0007, lr: 0.000240, Train: 0.9775, Valid: 0.8865, Test: 0.8891
Run: 02, Epoch: 45, Loss: 0.0007, lr: 0.000240, Train: 0.9785, Valid: 0.8892, Test: 0.8904
Run: 02, Epoch: 46, Loss: 0.0007, lr: 0.000240, Train: 0.9794, Valid: 0.8912, Test: 0.8916
Run: 02, Epoch: 47, Loss: 0.0007, lr: 0.000240, Train: 0.9802, Valid: 0.8917, Test: 0.8924
Run: 02, Epoch: 48, Loss: 0.0007, lr: 0.000168, Train: 0.9808, Valid: 0.8914, Test: 0.8930
Run: 02, Epoch: 49, Loss: 0.0007, lr: 0.000168, Train: 0.9812, Valid: 0.8902, Test: 0.8931
Run: 02, Epoch: 50, Loss: 0.0007, lr: 0.000168, Train: 0.9814, Valid: 0.8883, Test: 0.8928
Run: 02, Epoch: 51, Loss: 0.0007, lr: 0.000168, Train: 0.9815, Valid: 0.8859, Test: 0.8922
Run: 02, Epoch: 52, Loss: 0.0007, lr: 0.000168, Train: 0.9815, Valid: 0.8834, Test: 0.8912
Run: 02, Epoch: 53, Loss: 0.0007, lr: 0.000168, Train: 0.9815, Valid: 0.8814, Test: 0.8902
Run: 02, Epoch: 54, Loss: 0.0006, lr: 0.000118, Train: 0.9816, Valid: 0.8811, Test: 0.8897
Run: 02, Epoch: 55, Loss: 0.0006, lr: 0.000118, Train: 0.9818, Valid: 0.8813, Test: 0.8894
Run: 02, Epoch: 56, Loss: 0.0006, lr: 0.000118, Train: 0.9820, Valid: 0.8821, Test: 0.8894
Run: 02, Epoch: 57, Loss: 0.0006, lr: 0.000118, Train: 0.9822, Valid: 0.8834, Test: 0.8896
Run: 02, Epoch: 58, Loss: 0.0006, lr: 0.000118, Train: 0.9825, Valid: 0.8850, Test: 0.8900
Run: 02, Epoch: 59, Loss: 0.0006, lr: 0.000118, Train: 0.9827, Valid: 0.8865, Test: 0.8907
Run: 02, Epoch: 60, Loss: 0.0006, lr: 0.000082, Train: 0.9829, Valid: 0.8879, Test: 0.8914
Run: 02, Epoch: 61, Loss: 0.0006, lr: 0.000082, Train: 0.9831, Valid: 0.8892, Test: 0.8921
Run: 02, Epoch: 62, Loss: 0.0006, lr: 0.000082, Train: 0.9832, Valid: 0.8904, Test: 0.8928
Run: 02, Epoch: 63, Loss: 0.0006, lr: 0.000082, Train: 0.9834, Valid: 0.8914, Test: 0.8935
Run: 02, Epoch: 64, Loss: 0.0006, lr: 0.000082, Train: 0.9835, Valid: 0.8922, Test: 0.8942
Run: 02, Epoch: 65, Loss: 0.0006, lr: 0.000082, Train: 0.9837, Valid: 0.8930, Test: 0.8948
Run: 02, Epoch: 66, Loss: 0.0006, lr: 0.000058, Train: 0.9838, Valid: 0.8936, Test: 0.8952
Run: 02, Epoch: 67, Loss: 0.0006, lr: 0.000058, Train: 0.9839, Valid: 0.8942, Test: 0.8955
Run: 02, Epoch: 68, Loss: 0.0006, lr: 0.000058, Train: 0.9840, Valid: 0.8947, Test: 0.8957
Run: 02, Epoch: 69, Loss: 0.0006, lr: 0.000058, Train: 0.9841, Valid: 0.8952, Test: 0.8959
Run: 02, Epoch: 70, Loss: 0.0006, lr: 0.000058, Train: 0.9842, Valid: 0.8957, Test: 0.8961
Run: 02, Epoch: 71, Loss: 0.0006, lr: 0.000058, Train: 0.9843, Valid: 0.8962, Test: 0.8962
Run: 02, Epoch: 72, Loss: 0.0006, lr: 0.000040, Train: 0.9843, Valid: 0.8968, Test: 0.8962
Run: 02, Epoch: 73, Loss: 0.0006, lr: 0.000040, Train: 0.9844, Valid: 0.8973, Test: 0.8963
Run: 02, Epoch: 74, Loss: 0.0006, lr: 0.000040, Train: 0.9845, Valid: 0.8977, Test: 0.8963
Run: 02, Epoch: 75, Loss: 0.0006, lr: 0.000040, Train: 0.9845, Valid: 0.8981, Test: 0.8963
Run: 02, Epoch: 76, Loss: 0.0006, lr: 0.000040, Train: 0.9846, Valid: 0.8984, Test: 0.8963
Run: 02, Epoch: 77, Loss: 0.0006, lr: 0.000040, Train: 0.9846, Valid: 0.8987, Test: 0.8963
Run: 02, Epoch: 78, Loss: 0.0006, lr: 0.000028, Train: 0.9846, Valid: 0.8988, Test: 0.8962
Run: 02, Epoch: 79, Loss: 0.0006, lr: 0.000028, Train: 0.9847, Valid: 0.8989, Test: 0.8962
Run: 02, Epoch: 80, Loss: 0.0006, lr: 0.000028, Train: 0.9847, Valid: 0.8990, Test: 0.8961
Run: 02, Epoch: 81, Loss: 0.0006, lr: 0.000028, Train: 0.9847, Valid: 0.8990, Test: 0.8960
Run: 02, Epoch: 82, Loss: 0.0006, lr: 0.000028, Train: 0.9848, Valid: 0.8989, Test: 0.8959
Run: 02, Epoch: 83, Loss: 0.0006, lr: 0.000028, Train: 0.9848, Valid: 0.8990, Test: 0.8959
Run: 02, Epoch: 84, Loss: 0.0006, lr: 0.000020, Train: 0.9848, Valid: 0.8990, Test: 0.8959
Run: 02, Epoch: 85, Loss: 0.0006, lr: 0.000020, Train: 0.9848, Valid: 0.8991, Test: 0.8960
Run: 02, Epoch: 86, Loss: 0.0006, lr: 0.000020, Train: 0.9849, Valid: 0.8992, Test: 0.8960
Run: 02, Epoch: 87, Loss: 0.0006, lr: 0.000020, Train: 0.9849, Valid: 0.8992, Test: 0.8960
Run: 02, Epoch: 88, Loss: 0.0006, lr: 0.000020, Train: 0.9849, Valid: 0.8993, Test: 0.8961
Run: 02, Epoch: 89, Loss: 0.0006, lr: 0.000020, Train: 0.9849, Valid: 0.8992, Test: 0.8961
Run: 02, Epoch: 90, Loss: 0.0006, lr: 0.000014, Train: 0.9849, Valid: 0.8992, Test: 0.8961
Run: 02, Epoch: 91, Loss: 0.0006, lr: 0.000014, Train: 0.9849, Valid: 0.8992, Test: 0.8961
Run: 02, Epoch: 92, Loss: 0.0006, lr: 0.000014, Train: 0.9849, Valid: 0.8991, Test: 0.8961
Run: 02, Epoch: 93, Loss: 0.0006, lr: 0.000014, Train: 0.9850, Valid: 0.8991, Test: 0.8960
Run: 02, Epoch: 94, Loss: 0.0006, lr: 0.000014, Train: 0.9850, Valid: 0.8990, Test: 0.8960
Run: 02, Epoch: 95, Loss: 0.0006, lr: 0.000014, Train: 0.9850, Valid: 0.8990, Test: 0.8961
Run: 02, Epoch: 96, Loss: 0.0006, lr: 0.000010, Train: 0.9850, Valid: 0.8991, Test: 0.8961
Run: 02, Epoch: 97, Loss: 0.0006, lr: 0.000010, Train: 0.9850, Valid: 0.8991, Test: 0.8962
Run: 02, Epoch: 98, Loss: 0.0006, lr: 0.000010, Train: 0.9850, Valid: 0.8992, Test: 0.8962
Run: 02, Epoch: 99, Loss: 0.0006, lr: 0.000010, Train: 0.9850, Valid: 0.8993, Test: 0.8962
Run: 02, Epoch: 100, Loss: 0.0006, lr: 0.000010, Train: 0.9850, Valid: 0.8993, Test: 0.8963
Run 02:
Highest Train: 0.99
Highest Valid: 0.92
  Final Train: 0.88
   Final Test: 0.80
Run: 03, Epoch: 01, Loss: 0.0466, lr: 0.001000, Train: 0.5414, Valid: 0.4489, Test: 0.4779
Run: 03, Epoch: 02, Loss: 0.0104, lr: 0.001000, Train: 0.7349, Valid: 0.6684, Test: 0.6730
Run: 03, Epoch: 03, Loss: 0.0114, lr: 0.001000, Train: 0.8094, Valid: 0.7638, Test: 0.7640
Run: 03, Epoch: 04, Loss: 0.0087, lr: 0.001000, Train: 0.8465, Valid: 0.8221, Test: 0.8249
Run: 03, Epoch: 05, Loss: 0.0052, lr: 0.001000, Train: 0.8443, Valid: 0.8211, Test: 0.8410
Run: 03, Epoch: 06, Loss: 0.0037, lr: 0.001000, Train: 0.8189, Valid: 0.7647, Test: 0.8165
Run: 03, Epoch: 07, Loss: 0.0035, lr: 0.001000, Train: 0.8083, Valid: 0.7105, Test: 0.7924
Run: 03, Epoch: 08, Loss: 0.0031, lr: 0.001000, Train: 0.8177, Valid: 0.6955, Test: 0.7836
Run: 03, Epoch: 09, Loss: 0.0025, lr: 0.001000, Train: 0.8272, Valid: 0.7104, Test: 0.7743
Run: 03, Epoch: 10, Loss: 0.0021, lr: 0.001000, Train: 0.8341, Valid: 0.7402, Test: 0.7636
Run: 03, Epoch: 11, Loss: 0.0020, lr: 0.000700, Train: 0.8483, Valid: 0.7751, Test: 0.7731
Run: 03, Epoch: 12, Loss: 0.0019, lr: 0.000700, Train: 0.8680, Valid: 0.8111, Test: 0.7971
Run: 03, Epoch: 13, Loss: 0.0019, lr: 0.000700, Train: 0.8891, Valid: 0.8413, Test: 0.8289
Run: 03, Epoch: 14, Loss: 0.0017, lr: 0.000700, Train: 0.9070, Valid: 0.8605, Test: 0.8599
Run: 03, Epoch: 15, Loss: 0.0016, lr: 0.000700, Train: 0.9189, Valid: 0.8693, Test: 0.8822
Run: 03, Epoch: 16, Loss: 0.0015, lr: 0.000700, Train: 0.9250, Valid: 0.8678, Test: 0.8943
Run: 03, Epoch: 17, Loss: 0.0015, lr: 0.000700, Train: 0.9263, Valid: 0.8573, Test: 0.8966
Run: 03, Epoch: 18, Loss: 0.0014, lr: 0.000700, Train: 0.9244, Valid: 0.8427, Test: 0.8906
Run: 03, Epoch: 19, Loss: 0.0013, lr: 0.000700, Train: 0.9207, Valid: 0.8300, Test: 0.8793
Run: 03, Epoch: 20, Loss: 0.0012, lr: 0.000700, Train: 0.9186, Valid: 0.8246, Test: 0.8676
Run: 03, Epoch: 21, Loss: 0.0011, lr: 0.000700, Train: 0.9208, Valid: 0.8307, Test: 0.8614
Run: 03, Epoch: 22, Loss: 0.0011, lr: 0.000490, Train: 0.9284, Valid: 0.8457, Test: 0.8673
Run: 03, Epoch: 23, Loss: 0.0011, lr: 0.000490, Train: 0.9378, Valid: 0.8631, Test: 0.8778
Run: 03, Epoch: 24, Loss: 0.0011, lr: 0.000490, Train: 0.9474, Valid: 0.8797, Test: 0.8912
Run: 03, Epoch: 25, Loss: 0.0010, lr: 0.000490, Train: 0.9560, Valid: 0.8926, Test: 0.9047
Run: 03, Epoch: 26, Loss: 0.0010, lr: 0.000490, Train: 0.9626, Valid: 0.9012, Test: 0.9166
Run: 03, Epoch: 27, Loss: 0.0009, lr: 0.000490, Train: 0.9670, Valid: 0.9060, Test: 0.9257
Run: 03, Epoch: 28, Loss: 0.0009, lr: 0.000490, Train: 0.9697, Valid: 0.9085, Test: 0.9319
Run: 03, Epoch: 29, Loss: 0.0009, lr: 0.000490, Train: 0.9716, Valid: 0.9100, Test: 0.9361
Run: 03, Epoch: 30, Loss: 0.0009, lr: 0.000490, Train: 0.9731, Valid: 0.9109, Test: 0.9390
Run: 03, Epoch: 31, Loss: 0.0008, lr: 0.000490, Train: 0.9746, Valid: 0.9117, Test: 0.9414
Run: 03, Epoch: 32, Loss: 0.0008, lr: 0.000490, Train: 0.9762, Valid: 0.9122, Test: 0.9434
Run: 03, Epoch: 33, Loss: 0.0008, lr: 0.000490, Train: 0.9778, Valid: 0.9126, Test: 0.9448
Run: 03, Epoch: 34, Loss: 0.0008, lr: 0.000490, Train: 0.9786, Valid: 0.9122, Test: 0.9449
Run: 03, Epoch: 35, Loss: 0.0007, lr: 0.000490, Train: 0.9782, Valid: 0.9104, Test: 0.9432
Run: 03, Epoch: 36, Loss: 0.0007, lr: 0.000490, Train: 0.9768, Valid: 0.9078, Test: 0.9401
Run: 03, Epoch: 37, Loss: 0.0007, lr: 0.000490, Train: 0.9753, Valid: 0.9054, Test: 0.9370
Run: 03, Epoch: 38, Loss: 0.0007, lr: 0.000490, Train: 0.9747, Valid: 0.9046, Test: 0.9350
Run: 03, Epoch: 39, Loss: 0.0007, lr: 0.000490, Train: 0.9753, Valid: 0.9057, Test: 0.9349
Run: 03, Epoch: 40, Loss: 0.0007, lr: 0.000343, Train: 0.9768, Valid: 0.9080, Test: 0.9362
Run: 03, Epoch: 41, Loss: 0.0006, lr: 0.000343, Train: 0.9784, Valid: 0.9106, Test: 0.9381
Run: 03, Epoch: 42, Loss: 0.0006, lr: 0.000343, Train: 0.9798, Valid: 0.9128, Test: 0.9399
Run: 03, Epoch: 43, Loss: 0.0006, lr: 0.000343, Train: 0.9807, Valid: 0.9145, Test: 0.9414
Run: 03, Epoch: 44, Loss: 0.0006, lr: 0.000343, Train: 0.9811, Valid: 0.9156, Test: 0.9423
Run: 03, Epoch: 45, Loss: 0.0006, lr: 0.000343, Train: 0.9812, Valid: 0.9163, Test: 0.9425
Run: 03, Epoch: 46, Loss: 0.0006, lr: 0.000343, Train: 0.9809, Valid: 0.9164, Test: 0.9422
Run: 03, Epoch: 47, Loss: 0.0006, lr: 0.000343, Train: 0.9803, Valid: 0.9161, Test: 0.9412
Run: 03, Epoch: 48, Loss: 0.0005, lr: 0.000343, Train: 0.9794, Valid: 0.9153, Test: 0.9397
Run: 03, Epoch: 49, Loss: 0.0005, lr: 0.000343, Train: 0.9783, Valid: 0.9142, Test: 0.9379
Run: 03, Epoch: 50, Loss: 0.0005, lr: 0.000343, Train: 0.9774, Valid: 0.9128, Test: 0.9363
Run: 03, Epoch: 51, Loss: 0.0005, lr: 0.000343, Train: 0.9769, Valid: 0.9115, Test: 0.9351
Run: 03, Epoch: 52, Loss: 0.0005, lr: 0.000343, Train: 0.9767, Valid: 0.9103, Test: 0.9343
Run: 03, Epoch: 53, Loss: 0.0005, lr: 0.000240, Train: 0.9773, Valid: 0.9100, Test: 0.9343
Run: 03, Epoch: 54, Loss: 0.0005, lr: 0.000240, Train: 0.9780, Valid: 0.9099, Test: 0.9345
Run: 03, Epoch: 55, Loss: 0.0005, lr: 0.000240, Train: 0.9786, Valid: 0.9099, Test: 0.9346
Run: 03, Epoch: 56, Loss: 0.0005, lr: 0.000240, Train: 0.9792, Valid: 0.9100, Test: 0.9348
Run: 03, Epoch: 57, Loss: 0.0005, lr: 0.000240, Train: 0.9796, Valid: 0.9104, Test: 0.9348
Run: 03, Epoch: 58, Loss: 0.0005, lr: 0.000240, Train: 0.9799, Valid: 0.9108, Test: 0.9349
Run: 03, Epoch: 59, Loss: 0.0005, lr: 0.000168, Train: 0.9806, Valid: 0.9116, Test: 0.9352
Run: 03, Epoch: 60, Loss: 0.0005, lr: 0.000168, Train: 0.9812, Valid: 0.9123, Test: 0.9356
Run: 03, Epoch: 61, Loss: 0.0005, lr: 0.000168, Train: 0.9818, Valid: 0.9129, Test: 0.9359
Run: 03, Epoch: 62, Loss: 0.0004, lr: 0.000168, Train: 0.9823, Valid: 0.9136, Test: 0.9363
Run: 03, Epoch: 63, Loss: 0.0004, lr: 0.000168, Train: 0.9828, Valid: 0.9141, Test: 0.9366
Run: 03, Epoch: 64, Loss: 0.0004, lr: 0.000168, Train: 0.9832, Valid: 0.9146, Test: 0.9370
Run: 03, Epoch: 65, Loss: 0.0004, lr: 0.000118, Train: 0.9839, Valid: 0.9151, Test: 0.9373
Run: 03, Epoch: 66, Loss: 0.0004, lr: 0.000118, Train: 0.9844, Valid: 0.9155, Test: 0.9376
Run: 03, Epoch: 67, Loss: 0.0004, lr: 0.000118, Train: 0.9849, Valid: 0.9160, Test: 0.9377
Run: 03, Epoch: 68, Loss: 0.0004, lr: 0.000118, Train: 0.9854, Valid: 0.9165, Test: 0.9378
Run: 03, Epoch: 69, Loss: 0.0004, lr: 0.000118, Train: 0.9858, Valid: 0.9169, Test: 0.9379
Run: 03, Epoch: 70, Loss: 0.0004, lr: 0.000118, Train: 0.9862, Valid: 0.9173, Test: 0.9379
Run: 03, Epoch: 71, Loss: 0.0004, lr: 0.000118, Train: 0.9865, Valid: 0.9177, Test: 0.9378
Run: 03, Epoch: 72, Loss: 0.0004, lr: 0.000118, Train: 0.9868, Valid: 0.9180, Test: 0.9378
Run: 03, Epoch: 73, Loss: 0.0004, lr: 0.000118, Train: 0.9871, Valid: 0.9183, Test: 0.9377
Run: 03, Epoch: 74, Loss: 0.0004, lr: 0.000118, Train: 0.9874, Valid: 0.9183, Test: 0.9377
Run: 03, Epoch: 75, Loss: 0.0004, lr: 0.000118, Train: 0.9876, Valid: 0.9183, Test: 0.9377
Run: 03, Epoch: 76, Loss: 0.0004, lr: 0.000118, Train: 0.9879, Valid: 0.9181, Test: 0.9377
Run: 03, Epoch: 77, Loss: 0.0004, lr: 0.000118, Train: 0.9881, Valid: 0.9180, Test: 0.9376
Run: 03, Epoch: 78, Loss: 0.0004, lr: 0.000118, Train: 0.9883, Valid: 0.9178, Test: 0.9376
Run: 03, Epoch: 79, Loss: 0.0004, lr: 0.000118, Train: 0.9885, Valid: 0.9178, Test: 0.9376
Run: 03, Epoch: 80, Loss: 0.0004, lr: 0.000082, Train: 0.9886, Valid: 0.9178, Test: 0.9376
Run: 03, Epoch: 81, Loss: 0.0004, lr: 0.000082, Train: 0.9887, Valid: 0.9179, Test: 0.9375
Run: 03, Epoch: 82, Loss: 0.0004, lr: 0.000082, Train: 0.9888, Valid: 0.9180, Test: 0.9374
Run: 03, Epoch: 83, Loss: 0.0004, lr: 0.000082, Train: 0.9889, Valid: 0.9182, Test: 0.9373
Run: 03, Epoch: 84, Loss: 0.0004, lr: 0.000082, Train: 0.9890, Valid: 0.9182, Test: 0.9372
Run: 03, Epoch: 85, Loss: 0.0004, lr: 0.000082, Train: 0.9891, Valid: 0.9183, Test: 0.9372
Run: 03, Epoch: 86, Loss: 0.0004, lr: 0.000058, Train: 0.9892, Valid: 0.9183, Test: 0.9371
Run: 03, Epoch: 87, Loss: 0.0004, lr: 0.000058, Train: 0.9892, Valid: 0.9183, Test: 0.9370
Run: 03, Epoch: 88, Loss: 0.0004, lr: 0.000058, Train: 0.9893, Valid: 0.9182, Test: 0.9370
Run: 03, Epoch: 89, Loss: 0.0004, lr: 0.000058, Train: 0.9894, Valid: 0.9182, Test: 0.9370
Run: 03, Epoch: 90, Loss: 0.0004, lr: 0.000058, Train: 0.9895, Valid: 0.9181, Test: 0.9370
Run: 03, Epoch: 91, Loss: 0.0004, lr: 0.000058, Train: 0.9895, Valid: 0.9180, Test: 0.9370
Run: 03, Epoch: 92, Loss: 0.0004, lr: 0.000040, Train: 0.9896, Valid: 0.9180, Test: 0.9369
Run: 03, Epoch: 93, Loss: 0.0004, lr: 0.000040, Train: 0.9897, Valid: 0.9180, Test: 0.9369
Run: 03, Epoch: 94, Loss: 0.0004, lr: 0.000040, Train: 0.9897, Valid: 0.9180, Test: 0.9368
Run: 03, Epoch: 95, Loss: 0.0004, lr: 0.000040, Train: 0.9898, Valid: 0.9181, Test: 0.9368
Run: 03, Epoch: 96, Loss: 0.0004, lr: 0.000040, Train: 0.9899, Valid: 0.9181, Test: 0.9367
Run: 03, Epoch: 97, Loss: 0.0004, lr: 0.000040, Train: 0.9899, Valid: 0.9181, Test: 0.9367
Run: 03, Epoch: 98, Loss: 0.0004, lr: 0.000028, Train: 0.9900, Valid: 0.9182, Test: 0.9366
Run: 03, Epoch: 99, Loss: 0.0004, lr: 0.000028, Train: 0.9900, Valid: 0.9182, Test: 0.9366
Run: 03, Epoch: 100, Loss: 0.0004, lr: 0.000028, Train: 0.9900, Valid: 0.9182, Test: 0.9365
Run 03:
Highest Train: 0.99
Highest Valid: 0.92
  Final Train: 0.99
   Final Test: 0.94
Run: 04, Epoch: 01, Loss: 0.0311, lr: 0.001000, Train: 0.4564, Valid: 0.3263, Test: 0.4592
Run: 04, Epoch: 02, Loss: 0.0101, lr: 0.001000, Train: 0.6187, Valid: 0.5539, Test: 0.5929
Run: 04, Epoch: 03, Loss: 0.0102, lr: 0.001000, Train: 0.7163, Valid: 0.7025, Test: 0.7006
Run: 04, Epoch: 04, Loss: 0.0073, lr: 0.001000, Train: 0.7740, Valid: 0.7661, Test: 0.7777
Run: 04, Epoch: 05, Loss: 0.0045, lr: 0.001000, Train: 0.7798, Valid: 0.7438, Test: 0.7925
Run: 04, Epoch: 06, Loss: 0.0031, lr: 0.001000, Train: 0.7515, Valid: 0.6799, Test: 0.7666
Run: 04, Epoch: 07, Loss: 0.0030, lr: 0.001000, Train: 0.7367, Valid: 0.6494, Test: 0.7417
Run: 04, Epoch: 08, Loss: 0.0032, lr: 0.001000, Train: 0.7561, Valid: 0.6740, Test: 0.7371
Run: 04, Epoch: 09, Loss: 0.0028, lr: 0.001000, Train: 0.7908, Valid: 0.7383, Test: 0.7489
Run: 04, Epoch: 10, Loss: 0.0023, lr: 0.001000, Train: 0.8245, Valid: 0.8100, Test: 0.7752
Run: 04, Epoch: 11, Loss: 0.0019, lr: 0.001000, Train: 0.8551, Valid: 0.8540, Test: 0.8116
Run: 04, Epoch: 12, Loss: 0.0018, lr: 0.001000, Train: 0.8819, Valid: 0.8630, Test: 0.8448
Run: 04, Epoch: 13, Loss: 0.0019, lr: 0.001000, Train: 0.9036, Valid: 0.8586, Test: 0.8692
Run: 04, Epoch: 14, Loss: 0.0019, lr: 0.001000, Train: 0.9208, Valid: 0.8618, Test: 0.8898
Run: 04, Epoch: 15, Loss: 0.0019, lr: 0.001000, Train: 0.9343, Valid: 0.8784, Test: 0.9088
Run: 04, Epoch: 16, Loss: 0.0017, lr: 0.001000, Train: 0.9434, Valid: 0.9016, Test: 0.9241
Run: 04, Epoch: 17, Loss: 0.0014, lr: 0.001000, Train: 0.9485, Valid: 0.9205, Test: 0.9321
Run: 04, Epoch: 18, Loss: 0.0013, lr: 0.001000, Train: 0.9508, Valid: 0.9293, Test: 0.9339
Run: 04, Epoch: 19, Loss: 0.0012, lr: 0.001000, Train: 0.9517, Valid: 0.9256, Test: 0.9336
Run: 04, Epoch: 20, Loss: 0.0013, lr: 0.001000, Train: 0.9525, Valid: 0.9123, Test: 0.9333
Run: 04, Epoch: 21, Loss: 0.0013, lr: 0.001000, Train: 0.9543, Valid: 0.8967, Test: 0.9334
Run: 04, Epoch: 22, Loss: 0.0012, lr: 0.001000, Train: 0.9583, Valid: 0.8859, Test: 0.9348
Run: 04, Epoch: 23, Loss: 0.0011, lr: 0.001000, Train: 0.9634, Valid: 0.8824, Test: 0.9357
Run: 04, Epoch: 24, Loss: 0.0010, lr: 0.001000, Train: 0.9677, Valid: 0.8793, Test: 0.9351
Run: 04, Epoch: 25, Loss: 0.0010, lr: 0.000700, Train: 0.9703, Valid: 0.8743, Test: 0.9340
Run: 04, Epoch: 26, Loss: 0.0010, lr: 0.000700, Train: 0.9724, Valid: 0.8669, Test: 0.9325
Run: 04, Epoch: 27, Loss: 0.0009, lr: 0.000700, Train: 0.9741, Valid: 0.8575, Test: 0.9307
Run: 04, Epoch: 28, Loss: 0.0009, lr: 0.000700, Train: 0.9754, Valid: 0.8486, Test: 0.9290
Run: 04, Epoch: 29, Loss: 0.0009, lr: 0.000700, Train: 0.9763, Valid: 0.8437, Test: 0.9284
Run: 04, Epoch: 30, Loss: 0.0009, lr: 0.000700, Train: 0.9769, Valid: 0.8418, Test: 0.9298
Run: 04, Epoch: 31, Loss: 0.0008, lr: 0.000490, Train: 0.9774, Valid: 0.8418, Test: 0.9316
Run: 04, Epoch: 32, Loss: 0.0008, lr: 0.000490, Train: 0.9777, Valid: 0.8420, Test: 0.9340
Run: 04, Epoch: 33, Loss: 0.0008, lr: 0.000490, Train: 0.9779, Valid: 0.8411, Test: 0.9364
Run: 04, Epoch: 34, Loss: 0.0008, lr: 0.000490, Train: 0.9780, Valid: 0.8380, Test: 0.9381
Run: 04, Epoch: 35, Loss: 0.0008, lr: 0.000490, Train: 0.9779, Valid: 0.8321, Test: 0.9389
Run: 04, Epoch: 36, Loss: 0.0008, lr: 0.000490, Train: 0.9777, Valid: 0.8240, Test: 0.9385
Run: 04, Epoch: 37, Loss: 0.0007, lr: 0.000343, Train: 0.9777, Valid: 0.8188, Test: 0.9373
Run: 04, Epoch: 38, Loss: 0.0007, lr: 0.000343, Train: 0.9777, Valid: 0.8135, Test: 0.9355
Run: 04, Epoch: 39, Loss: 0.0007, lr: 0.000343, Train: 0.9777, Valid: 0.8088, Test: 0.9335
Run: 04, Epoch: 40, Loss: 0.0007, lr: 0.000343, Train: 0.9777, Valid: 0.8054, Test: 0.9315
Run: 04, Epoch: 41, Loss: 0.0007, lr: 0.000343, Train: 0.9779, Valid: 0.8033, Test: 0.9295
Run: 04, Epoch: 42, Loss: 0.0007, lr: 0.000343, Train: 0.9781, Valid: 0.8025, Test: 0.9277
Run: 04, Epoch: 43, Loss: 0.0007, lr: 0.000240, Train: 0.9786, Valid: 0.8043, Test: 0.9267
Run: 04, Epoch: 44, Loss: 0.0007, lr: 0.000240, Train: 0.9792, Valid: 0.8066, Test: 0.9258
Run: 04, Epoch: 45, Loss: 0.0007, lr: 0.000240, Train: 0.9797, Valid: 0.8092, Test: 0.9250
Run: 04, Epoch: 46, Loss: 0.0007, lr: 0.000240, Train: 0.9802, Valid: 0.8122, Test: 0.9243
Run: 04, Epoch: 47, Loss: 0.0006, lr: 0.000240, Train: 0.9807, Valid: 0.8153, Test: 0.9239
Run: 04, Epoch: 48, Loss: 0.0006, lr: 0.000240, Train: 0.9811, Valid: 0.8185, Test: 0.9236
Run: 04, Epoch: 49, Loss: 0.0006, lr: 0.000168, Train: 0.9815, Valid: 0.8217, Test: 0.9237
Run: 04, Epoch: 50, Loss: 0.0006, lr: 0.000168, Train: 0.9818, Valid: 0.8245, Test: 0.9238
Run: 04, Epoch: 51, Loss: 0.0006, lr: 0.000168, Train: 0.9820, Valid: 0.8268, Test: 0.9240
Run: 04, Epoch: 52, Loss: 0.0006, lr: 0.000168, Train: 0.9823, Valid: 0.8285, Test: 0.9242
Run: 04, Epoch: 53, Loss: 0.0006, lr: 0.000168, Train: 0.9824, Valid: 0.8296, Test: 0.9243
Run: 04, Epoch: 54, Loss: 0.0006, lr: 0.000168, Train: 0.9825, Valid: 0.8301, Test: 0.9243
Run: 04, Epoch: 55, Loss: 0.0006, lr: 0.000118, Train: 0.9827, Valid: 0.8308, Test: 0.9242
Run: 04, Epoch: 56, Loss: 0.0006, lr: 0.000118, Train: 0.9829, Valid: 0.8311, Test: 0.9241
Run: 04, Epoch: 57, Loss: 0.0006, lr: 0.000118, Train: 0.9830, Valid: 0.8310, Test: 0.9239
Run: 04, Epoch: 58, Loss: 0.0006, lr: 0.000118, Train: 0.9831, Valid: 0.8309, Test: 0.9237
Run: 04, Epoch: 59, Loss: 0.0006, lr: 0.000118, Train: 0.9832, Valid: 0.8308, Test: 0.9234
Run: 04, Epoch: 60, Loss: 0.0006, lr: 0.000118, Train: 0.9833, Valid: 0.8308, Test: 0.9232
Run: 04, Epoch: 61, Loss: 0.0006, lr: 0.000082, Train: 0.9835, Valid: 0.8316, Test: 0.9231
Run: 04, Epoch: 62, Loss: 0.0006, lr: 0.000082, Train: 0.9837, Valid: 0.8323, Test: 0.9230
Run: 04, Epoch: 63, Loss: 0.0006, lr: 0.000082, Train: 0.9838, Valid: 0.8330, Test: 0.9229
Run: 04, Epoch: 64, Loss: 0.0006, lr: 0.000082, Train: 0.9840, Valid: 0.8337, Test: 0.9228
Run: 04, Epoch: 65, Loss: 0.0006, lr: 0.000082, Train: 0.9841, Valid: 0.8342, Test: 0.9227
Run: 04, Epoch: 66, Loss: 0.0006, lr: 0.000082, Train: 0.9842, Valid: 0.8347, Test: 0.9225
Run: 04, Epoch: 67, Loss: 0.0006, lr: 0.000058, Train: 0.9843, Valid: 0.8355, Test: 0.9225
Run: 04, Epoch: 68, Loss: 0.0006, lr: 0.000058, Train: 0.9845, Valid: 0.8362, Test: 0.9224
Run: 04, Epoch: 69, Loss: 0.0006, lr: 0.000058, Train: 0.9846, Valid: 0.8368, Test: 0.9223
Run: 04, Epoch: 70, Loss: 0.0006, lr: 0.000058, Train: 0.9847, Valid: 0.8374, Test: 0.9222
Run: 04, Epoch: 71, Loss: 0.0006, lr: 0.000058, Train: 0.9847, Valid: 0.8378, Test: 0.9221
Run: 04, Epoch: 72, Loss: 0.0006, lr: 0.000058, Train: 0.9848, Valid: 0.8382, Test: 0.9220
Run: 04, Epoch: 73, Loss: 0.0006, lr: 0.000040, Train: 0.9849, Valid: 0.8389, Test: 0.9220
Run: 04, Epoch: 74, Loss: 0.0006, lr: 0.000040, Train: 0.9850, Valid: 0.8394, Test: 0.9219
Run: 04, Epoch: 75, Loss: 0.0006, lr: 0.000040, Train: 0.9851, Valid: 0.8398, Test: 0.9218
Run: 04, Epoch: 76, Loss: 0.0006, lr: 0.000040, Train: 0.9851, Valid: 0.8402, Test: 0.9218
Run: 04, Epoch: 77, Loss: 0.0006, lr: 0.000040, Train: 0.9852, Valid: 0.8405, Test: 0.9217
Run: 04, Epoch: 78, Loss: 0.0006, lr: 0.000040, Train: 0.9852, Valid: 0.8408, Test: 0.9216
Run: 04, Epoch: 79, Loss: 0.0006, lr: 0.000028, Train: 0.9853, Valid: 0.8413, Test: 0.9215
Run: 04, Epoch: 80, Loss: 0.0006, lr: 0.000028, Train: 0.9854, Valid: 0.8418, Test: 0.9215
Run: 04, Epoch: 81, Loss: 0.0006, lr: 0.000028, Train: 0.9854, Valid: 0.8422, Test: 0.9214
Run: 04, Epoch: 82, Loss: 0.0006, lr: 0.000028, Train: 0.9855, Valid: 0.8426, Test: 0.9214
Run: 04, Epoch: 83, Loss: 0.0006, lr: 0.000028, Train: 0.9855, Valid: 0.8429, Test: 0.9213
Run: 04, Epoch: 84, Loss: 0.0006, lr: 0.000028, Train: 0.9855, Valid: 0.8432, Test: 0.9212
Run: 04, Epoch: 85, Loss: 0.0006, lr: 0.000020, Train: 0.9856, Valid: 0.8436, Test: 0.9212
Run: 04, Epoch: 86, Loss: 0.0006, lr: 0.000020, Train: 0.9856, Valid: 0.8440, Test: 0.9211
Run: 04, Epoch: 87, Loss: 0.0006, lr: 0.000020, Train: 0.9856, Valid: 0.8443, Test: 0.9211
Run: 04, Epoch: 88, Loss: 0.0006, lr: 0.000020, Train: 0.9857, Valid: 0.8446, Test: 0.9210
Run: 04, Epoch: 89, Loss: 0.0006, lr: 0.000020, Train: 0.9857, Valid: 0.8448, Test: 0.9209
Run: 04, Epoch: 90, Loss: 0.0006, lr: 0.000020, Train: 0.9857, Valid: 0.8450, Test: 0.9209
Run: 04, Epoch: 91, Loss: 0.0006, lr: 0.000014, Train: 0.9857, Valid: 0.8453, Test: 0.9208
Run: 04, Epoch: 92, Loss: 0.0006, lr: 0.000014, Train: 0.9858, Valid: 0.8455, Test: 0.9208
Run: 04, Epoch: 93, Loss: 0.0006, lr: 0.000014, Train: 0.9858, Valid: 0.8457, Test: 0.9207
Run: 04, Epoch: 94, Loss: 0.0006, lr: 0.000014, Train: 0.9858, Valid: 0.8459, Test: 0.9207
Run: 04, Epoch: 95, Loss: 0.0006, lr: 0.000014, Train: 0.9858, Valid: 0.8461, Test: 0.9206
Run: 04, Epoch: 96, Loss: 0.0006, lr: 0.000014, Train: 0.9858, Valid: 0.8463, Test: 0.9206
Run: 04, Epoch: 97, Loss: 0.0006, lr: 0.000010, Train: 0.9859, Valid: 0.8465, Test: 0.9205
Run: 04, Epoch: 98, Loss: 0.0006, lr: 0.000010, Train: 0.9859, Valid: 0.8467, Test: 0.9205
Run: 04, Epoch: 99, Loss: 0.0006, lr: 0.000010, Train: 0.9859, Valid: 0.8469, Test: 0.9205
Run: 04, Epoch: 100, Loss: 0.0006, lr: 0.000010, Train: 0.9859, Valid: 0.8471, Test: 0.9204
Run 04:
Highest Train: 0.99
Highest Valid: 0.93
  Final Train: 0.95
   Final Test: 0.93
Run: 05, Epoch: 01, Loss: 0.0294, lr: 0.001000, Train: 0.5623, Valid: 0.0440, Test: 0.0066
Run: 05, Epoch: 02, Loss: 0.0132, lr: 0.001000, Train: 0.6458, Valid: 0.2342, Test: 0.1508
Run: 05, Epoch: 03, Loss: 0.0130, lr: 0.001000, Train: 0.6970, Valid: 0.3754, Test: 0.3051
Run: 05, Epoch: 04, Loss: 0.0104, lr: 0.001000, Train: 0.7751, Valid: 0.4703, Test: 0.4960
Run: 05, Epoch: 05, Loss: 0.0056, lr: 0.001000, Train: 0.8106, Valid: 0.5104, Test: 0.6074
Run: 05, Epoch: 06, Loss: 0.0034, lr: 0.001000, Train: 0.7816, Valid: 0.5174, Test: 0.5964
Run: 05, Epoch: 07, Loss: 0.0044, lr: 0.001000, Train: 0.7710, Valid: 0.5265, Test: 0.5812
Run: 05, Epoch: 08, Loss: 0.0043, lr: 0.001000, Train: 0.7975, Valid: 0.5570, Test: 0.5981
Run: 05, Epoch: 09, Loss: 0.0030, lr: 0.001000, Train: 0.8179, Valid: 0.5878, Test: 0.5925
Run: 05, Epoch: 10, Loss: 0.0022, lr: 0.001000, Train: 0.8141, Valid: 0.6034, Test: 0.5458
Run: 05, Epoch: 11, Loss: 0.0022, lr: 0.001000, Train: 0.8000, Valid: 0.6047, Test: 0.4826
Run: 05, Epoch: 12, Loss: 0.0023, lr: 0.001000, Train: 0.7931, Valid: 0.6031, Test: 0.4401
Run: 05, Epoch: 13, Loss: 0.0023, lr: 0.001000, Train: 0.8001, Valid: 0.6071, Test: 0.4348
Run: 05, Epoch: 14, Loss: 0.0022, lr: 0.001000, Train: 0.8180, Valid: 0.6217, Test: 0.4668
Run: 05, Epoch: 15, Loss: 0.0021, lr: 0.001000, Train: 0.8395, Valid: 0.6450, Test: 0.5185
Run: 05, Epoch: 16, Loss: 0.0019, lr: 0.001000, Train: 0.8569, Valid: 0.6665, Test: 0.5663
Run: 05, Epoch: 17, Loss: 0.0017, lr: 0.001000, Train: 0.8654, Valid: 0.6790, Test: 0.5931
Run: 05, Epoch: 18, Loss: 0.0016, lr: 0.001000, Train: 0.8648, Valid: 0.6822, Test: 0.5923
Run: 05, Epoch: 19, Loss: 0.0016, lr: 0.001000, Train: 0.8578, Valid: 0.6777, Test: 0.5685
Run: 05, Epoch: 20, Loss: 0.0016, lr: 0.001000, Train: 0.8470, Valid: 0.6683, Test: 0.5276
Run: 05, Epoch: 21, Loss: 0.0015, lr: 0.001000, Train: 0.8355, Valid: 0.6607, Test: 0.4807
Run: 05, Epoch: 22, Loss: 0.0014, lr: 0.001000, Train: 0.8266, Valid: 0.6636, Test: 0.4487
Run: 05, Epoch: 23, Loss: 0.0014, lr: 0.001000, Train: 0.8262, Valid: 0.6838, Test: 0.4497
Run: 05, Epoch: 24, Loss: 0.0013, lr: 0.001000, Train: 0.8376, Valid: 0.7208, Test: 0.4940
Run: 05, Epoch: 25, Loss: 0.0013, lr: 0.001000, Train: 0.8588, Valid: 0.7661, Test: 0.5691
Run: 05, Epoch: 26, Loss: 0.0013, lr: 0.001000, Train: 0.8852, Valid: 0.8089, Test: 0.6543
Run: 05, Epoch: 27, Loss: 0.0013, lr: 0.001000, Train: 0.9117, Valid: 0.8406, Test: 0.7300
Run: 05, Epoch: 28, Loss: 0.0012, lr: 0.001000, Train: 0.9346, Valid: 0.8598, Test: 0.7872
Run: 05, Epoch: 29, Loss: 0.0012, lr: 0.001000, Train: 0.9515, Valid: 0.8684, Test: 0.8241
Run: 05, Epoch: 30, Loss: 0.0011, lr: 0.001000, Train: 0.9621, Valid: 0.8701, Test: 0.8465
Run: 05, Epoch: 31, Loss: 0.0011, lr: 0.001000, Train: 0.9675, Valid: 0.8699, Test: 0.8620
Run: 05, Epoch: 32, Loss: 0.0011, lr: 0.001000, Train: 0.9693, Valid: 0.8711, Test: 0.8755
Run: 05, Epoch: 33, Loss: 0.0011, lr: 0.001000, Train: 0.9699, Valid: 0.8747, Test: 0.8884
Run: 05, Epoch: 34, Loss: 0.0010, lr: 0.001000, Train: 0.9705, Valid: 0.8797, Test: 0.8990
Run: 05, Epoch: 35, Loss: 0.0010, lr: 0.001000, Train: 0.9716, Valid: 0.8846, Test: 0.9060
Run: 05, Epoch: 36, Loss: 0.0010, lr: 0.001000, Train: 0.9730, Valid: 0.8882, Test: 0.9089
Run: 05, Epoch: 37, Loss: 0.0010, lr: 0.001000, Train: 0.9742, Valid: 0.8907, Test: 0.9093
Run: 05, Epoch: 38, Loss: 0.0009, lr: 0.001000, Train: 0.9749, Valid: 0.8921, Test: 0.9097
Run: 05, Epoch: 39, Loss: 0.0009, lr: 0.001000, Train: 0.9751, Valid: 0.8928, Test: 0.9114
Run: 05, Epoch: 40, Loss: 0.0009, lr: 0.001000, Train: 0.9745, Valid: 0.8923, Test: 0.9148
Run: 05, Epoch: 41, Loss: 0.0009, lr: 0.001000, Train: 0.9730, Valid: 0.8905, Test: 0.9175
Run: 05, Epoch: 42, Loss: 0.0009, lr: 0.001000, Train: 0.9711, Valid: 0.8873, Test: 0.9186
Run: 05, Epoch: 43, Loss: 0.0009, lr: 0.001000, Train: 0.9696, Valid: 0.8838, Test: 0.9186
Run: 05, Epoch: 44, Loss: 0.0008, lr: 0.001000, Train: 0.9685, Valid: 0.8810, Test: 0.9182
Run: 05, Epoch: 45, Loss: 0.0008, lr: 0.001000, Train: 0.9672, Valid: 0.8793, Test: 0.9175
Run: 05, Epoch: 46, Loss: 0.0008, lr: 0.000700, Train: 0.9666, Valid: 0.8802, Test: 0.9176
Run: 05, Epoch: 47, Loss: 0.0008, lr: 0.000700, Train: 0.9655, Valid: 0.8812, Test: 0.9177
Run: 05, Epoch: 48, Loss: 0.0008, lr: 0.000700, Train: 0.9640, Valid: 0.8819, Test: 0.9173
Run: 05, Epoch: 49, Loss: 0.0008, lr: 0.000700, Train: 0.9628, Valid: 0.8820, Test: 0.9163
Run: 05, Epoch: 50, Loss: 0.0008, lr: 0.000700, Train: 0.9623, Valid: 0.8816, Test: 0.9152
Run: 05, Epoch: 51, Loss: 0.0007, lr: 0.000700, Train: 0.9627, Valid: 0.8804, Test: 0.9141
Run: 05, Epoch: 52, Loss: 0.0007, lr: 0.000490, Train: 0.9642, Valid: 0.8808, Test: 0.9141
Run: 05, Epoch: 53, Loss: 0.0007, lr: 0.000490, Train: 0.9655, Valid: 0.8808, Test: 0.9141
Run: 05, Epoch: 54, Loss: 0.0007, lr: 0.000490, Train: 0.9665, Valid: 0.8808, Test: 0.9143
Run: 05, Epoch: 55, Loss: 0.0007, lr: 0.000490, Train: 0.9673, Valid: 0.8814, Test: 0.9149
Run: 05, Epoch: 56, Loss: 0.0007, lr: 0.000490, Train: 0.9680, Valid: 0.8824, Test: 0.9159
Run: 05, Epoch: 57, Loss: 0.0007, lr: 0.000490, Train: 0.9688, Valid: 0.8836, Test: 0.9168
Run: 05, Epoch: 58, Loss: 0.0007, lr: 0.000343, Train: 0.9702, Valid: 0.8857, Test: 0.9177
Run: 05, Epoch: 59, Loss: 0.0007, lr: 0.000343, Train: 0.9716, Valid: 0.8878, Test: 0.9181
Run: 05, Epoch: 60, Loss: 0.0007, lr: 0.000343, Train: 0.9729, Valid: 0.8898, Test: 0.9180
Run: 05, Epoch: 61, Loss: 0.0007, lr: 0.000343, Train: 0.9739, Valid: 0.8916, Test: 0.9173
Run: 05, Epoch: 62, Loss: 0.0007, lr: 0.000343, Train: 0.9746, Valid: 0.8931, Test: 0.9165
Run: 05, Epoch: 63, Loss: 0.0007, lr: 0.000343, Train: 0.9749, Valid: 0.8940, Test: 0.9157
Run: 05, Epoch: 64, Loss: 0.0007, lr: 0.000343, Train: 0.9749, Valid: 0.8945, Test: 0.9152
Run: 05, Epoch: 65, Loss: 0.0007, lr: 0.000343, Train: 0.9746, Valid: 0.8946, Test: 0.9149
Run: 05, Epoch: 66, Loss: 0.0007, lr: 0.000343, Train: 0.9742, Valid: 0.8946, Test: 0.9147
Run: 05, Epoch: 67, Loss: 0.0006, lr: 0.000343, Train: 0.9736, Valid: 0.8943, Test: 0.9145
Run: 05, Epoch: 68, Loss: 0.0006, lr: 0.000343, Train: 0.9730, Valid: 0.8938, Test: 0.9140
Run: 05, Epoch: 69, Loss: 0.0006, lr: 0.000343, Train: 0.9725, Valid: 0.8928, Test: 0.9134
Run: 05, Epoch: 70, Loss: 0.0006, lr: 0.000343, Train: 0.9722, Valid: 0.8918, Test: 0.9126
Run: 05, Epoch: 71, Loss: 0.0006, lr: 0.000343, Train: 0.9719, Valid: 0.8910, Test: 0.9118
Run: 05, Epoch: 72, Loss: 0.0006, lr: 0.000240, Train: 0.9726, Valid: 0.8917, Test: 0.9119
Run: 05, Epoch: 73, Loss: 0.0006, lr: 0.000240, Train: 0.9734, Valid: 0.8925, Test: 0.9120
Run: 05, Epoch: 74, Loss: 0.0006, lr: 0.000240, Train: 0.9742, Valid: 0.8934, Test: 0.9122
Run: 05, Epoch: 75, Loss: 0.0006, lr: 0.000240, Train: 0.9750, Valid: 0.8946, Test: 0.9125
Run: 05, Epoch: 76, Loss: 0.0006, lr: 0.000240, Train: 0.9758, Valid: 0.8959, Test: 0.9128
Run: 05, Epoch: 77, Loss: 0.0006, lr: 0.000240, Train: 0.9766, Valid: 0.8972, Test: 0.9132
Run: 05, Epoch: 78, Loss: 0.0006, lr: 0.000240, Train: 0.9773, Valid: 0.8985, Test: 0.9136
Run: 05, Epoch: 79, Loss: 0.0006, lr: 0.000240, Train: 0.9779, Valid: 0.8996, Test: 0.9139
Run: 05, Epoch: 80, Loss: 0.0006, lr: 0.000240, Train: 0.9784, Valid: 0.9005, Test: 0.9142
Run: 05, Epoch: 81, Loss: 0.0006, lr: 0.000240, Train: 0.9788, Valid: 0.9010, Test: 0.9143
Run: 05, Epoch: 82, Loss: 0.0006, lr: 0.000240, Train: 0.9791, Valid: 0.9013, Test: 0.9144
Run: 05, Epoch: 83, Loss: 0.0006, lr: 0.000240, Train: 0.9793, Valid: 0.9011, Test: 0.9144
Run: 05, Epoch: 84, Loss: 0.0006, lr: 0.000240, Train: 0.9794, Valid: 0.9006, Test: 0.9144
Run: 05, Epoch: 85, Loss: 0.0006, lr: 0.000240, Train: 0.9794, Valid: 0.9000, Test: 0.9143
Run: 05, Epoch: 86, Loss: 0.0006, lr: 0.000240, Train: 0.9795, Valid: 0.8995, Test: 0.9140
Run: 05, Epoch: 87, Loss: 0.0006, lr: 0.000240, Train: 0.9796, Valid: 0.8991, Test: 0.9137
Run: 05, Epoch: 88, Loss: 0.0006, lr: 0.000240, Train: 0.9797, Valid: 0.8988, Test: 0.9135
Run: 05, Epoch: 89, Loss: 0.0006, lr: 0.000168, Train: 0.9801, Valid: 0.8992, Test: 0.9135
Run: 05, Epoch: 90, Loss: 0.0006, lr: 0.000168, Train: 0.9805, Valid: 0.8996, Test: 0.9136
Run: 05, Epoch: 91, Loss: 0.0006, lr: 0.000168, Train: 0.9808, Valid: 0.9000, Test: 0.9136
Run: 05, Epoch: 92, Loss: 0.0006, lr: 0.000168, Train: 0.9810, Valid: 0.9003, Test: 0.9138
Run: 05, Epoch: 93, Loss: 0.0006, lr: 0.000168, Train: 0.9812, Valid: 0.9005, Test: 0.9139
Run: 05, Epoch: 94, Loss: 0.0005, lr: 0.000168, Train: 0.9813, Valid: 0.9006, Test: 0.9139
Run: 05, Epoch: 95, Loss: 0.0005, lr: 0.000118, Train: 0.9817, Valid: 0.9010, Test: 0.9140
Run: 05, Epoch: 96, Loss: 0.0005, lr: 0.000118, Train: 0.9820, Valid: 0.9014, Test: 0.9140
Run: 05, Epoch: 97, Loss: 0.0005, lr: 0.000118, Train: 0.9824, Valid: 0.9016, Test: 0.9138
Run: 05, Epoch: 98, Loss: 0.0005, lr: 0.000118, Train: 0.9827, Valid: 0.9018, Test: 0.9136
Run: 05, Epoch: 99, Loss: 0.0005, lr: 0.000118, Train: 0.9830, Valid: 0.9020, Test: 0.9134
Run: 05, Epoch: 100, Loss: 0.0005, lr: 0.000118, Train: 0.9832, Valid: 0.9022, Test: 0.9132
Run 05:
Highest Train: 0.98
Highest Valid: 0.90
  Final Train: 0.98
   Final Test: 0.91
Run: 06, Epoch: 01, Loss: 0.0569, lr: 0.001000, Train: 0.3772, Valid: -1.3641, Test: 0.1670
Run: 06, Epoch: 02, Loss: 0.0075, lr: 0.001000, Train: 0.5751, Valid: -0.7145, Test: 0.3959
Run: 06, Epoch: 03, Loss: 0.0094, lr: 0.001000, Train: 0.6892, Valid: -0.1372, Test: 0.5548
Run: 06, Epoch: 04, Loss: 0.0071, lr: 0.001000, Train: 0.7403, Valid: 0.2489, Test: 0.6609
Run: 06, Epoch: 05, Loss: 0.0049, lr: 0.001000, Train: 0.7587, Valid: 0.4344, Test: 0.7166
Run: 06, Epoch: 06, Loss: 0.0034, lr: 0.001000, Train: 0.7639, Valid: 0.4768, Test: 0.7280
Run: 06, Epoch: 07, Loss: 0.0026, lr: 0.001000, Train: 0.7719, Valid: 0.4218, Test: 0.7182
Run: 06, Epoch: 08, Loss: 0.0027, lr: 0.001000, Train: 0.7698, Valid: 0.2908, Test: 0.6963
Run: 06, Epoch: 09, Loss: 0.0027, lr: 0.001000, Train: 0.7568, Valid: 0.1811, Test: 0.6789
Run: 06, Epoch: 10, Loss: 0.0024, lr: 0.001000, Train: 0.7655, Valid: 0.2019, Test: 0.6907
Run: 06, Epoch: 11, Loss: 0.0020, lr: 0.001000, Train: 0.8001, Valid: 0.3389, Test: 0.7323
Run: 06, Epoch: 12, Loss: 0.0018, lr: 0.001000, Train: 0.8361, Valid: 0.4930, Test: 0.7790
Run: 06, Epoch: 13, Loss: 0.0018, lr: 0.001000, Train: 0.8470, Valid: 0.5727, Test: 0.8045
Run: 06, Epoch: 14, Loss: 0.0020, lr: 0.001000, Train: 0.8290, Valid: 0.5516, Test: 0.8021
Run: 06, Epoch: 15, Loss: 0.0019, lr: 0.001000, Train: 0.8001, Valid: 0.4740, Test: 0.7856
Run: 06, Epoch: 16, Loss: 0.0017, lr: 0.001000, Train: 0.7907, Valid: 0.4263, Test: 0.7791
Run: 06, Epoch: 17, Loss: 0.0014, lr: 0.001000, Train: 0.8089, Valid: 0.4423, Test: 0.7914
Run: 06, Epoch: 18, Loss: 0.0013, lr: 0.001000, Train: 0.8347, Valid: 0.4830, Test: 0.8096
Run: 06, Epoch: 19, Loss: 0.0013, lr: 0.001000, Train: 0.8490, Valid: 0.5092, Test: 0.8190
Run: 06, Epoch: 20, Loss: 0.0013, lr: 0.000700, Train: 0.8593, Valid: 0.5380, Test: 0.8265
Run: 06, Epoch: 21, Loss: 0.0013, lr: 0.000700, Train: 0.8706, Valid: 0.5753, Test: 0.8359
Run: 06, Epoch: 22, Loss: 0.0012, lr: 0.000700, Train: 0.8909, Valid: 0.6359, Test: 0.8537
Run: 06, Epoch: 23, Loss: 0.0012, lr: 0.000700, Train: 0.9165, Valid: 0.7078, Test: 0.8776
Run: 06, Epoch: 24, Loss: 0.0011, lr: 0.000700, Train: 0.9370, Valid: 0.7680, Test: 0.8993
Run: 06, Epoch: 25, Loss: 0.0010, lr: 0.000700, Train: 0.9464, Valid: 0.7969, Test: 0.9119
Run: 06, Epoch: 26, Loss: 0.0010, lr: 0.000700, Train: 0.9459, Valid: 0.7936, Test: 0.9136
Run: 06, Epoch: 27, Loss: 0.0010, lr: 0.000700, Train: 0.9401, Valid: 0.7705, Test: 0.9079
Run: 06, Epoch: 28, Loss: 0.0010, lr: 0.000700, Train: 0.9358, Valid: 0.7499, Test: 0.9025
Run: 06, Epoch: 29, Loss: 0.0010, lr: 0.000700, Train: 0.9402, Valid: 0.7557, Test: 0.9056
Run: 06, Epoch: 30, Loss: 0.0010, lr: 0.000700, Train: 0.9528, Valid: 0.7902, Test: 0.9174
Run: 06, Epoch: 31, Loss: 0.0009, lr: 0.000700, Train: 0.9652, Valid: 0.8302, Test: 0.9309
Run: 06, Epoch: 32, Loss: 0.0008, lr: 0.000700, Train: 0.9708, Valid: 0.8532, Test: 0.9382
Run: 06, Epoch: 33, Loss: 0.0008, lr: 0.000700, Train: 0.9712, Valid: 0.8577, Test: 0.9386
Run: 06, Epoch: 34, Loss: 0.0008, lr: 0.000700, Train: 0.9705, Valid: 0.8511, Test: 0.9352
Run: 06, Epoch: 35, Loss: 0.0008, lr: 0.000700, Train: 0.9699, Valid: 0.8411, Test: 0.9315
Run: 06, Epoch: 36, Loss: 0.0008, lr: 0.000700, Train: 0.9703, Valid: 0.8357, Test: 0.9307
Run: 06, Epoch: 37, Loss: 0.0008, lr: 0.000700, Train: 0.9721, Valid: 0.8382, Test: 0.9336
Run: 06, Epoch: 38, Loss: 0.0007, lr: 0.000700, Train: 0.9738, Valid: 0.8443, Test: 0.9379
Run: 06, Epoch: 39, Loss: 0.0007, lr: 0.000700, Train: 0.9751, Valid: 0.8505, Test: 0.9414
Run: 06, Epoch: 40, Loss: 0.0007, lr: 0.000490, Train: 0.9763, Valid: 0.8547, Test: 0.9432
Run: 06, Epoch: 41, Loss: 0.0007, lr: 0.000490, Train: 0.9773, Valid: 0.8588, Test: 0.9445
Run: 06, Epoch: 42, Loss: 0.0007, lr: 0.000490, Train: 0.9776, Valid: 0.8623, Test: 0.9459
Run: 06, Epoch: 43, Loss: 0.0007, lr: 0.000490, Train: 0.9769, Valid: 0.8647, Test: 0.9473
Run: 06, Epoch: 44, Loss: 0.0006, lr: 0.000490, Train: 0.9748, Valid: 0.8649, Test: 0.9483
Run: 06, Epoch: 45, Loss: 0.0006, lr: 0.000490, Train: 0.9721, Valid: 0.8629, Test: 0.9485
Run: 06, Epoch: 46, Loss: 0.0006, lr: 0.000490, Train: 0.9706, Valid: 0.8604, Test: 0.9481
Run: 06, Epoch: 47, Loss: 0.0006, lr: 0.000490, Train: 0.9712, Valid: 0.8585, Test: 0.9475
Run: 06, Epoch: 48, Loss: 0.0006, lr: 0.000490, Train: 0.9730, Valid: 0.8564, Test: 0.9466
Run: 06, Epoch: 49, Loss: 0.0006, lr: 0.000490, Train: 0.9745, Valid: 0.8542, Test: 0.9456
Run: 06, Epoch: 50, Loss: 0.0006, lr: 0.000490, Train: 0.9750, Valid: 0.8530, Test: 0.9448
Run: 06, Epoch: 51, Loss: 0.0006, lr: 0.000343, Train: 0.9751, Valid: 0.8535, Test: 0.9448
Run: 06, Epoch: 52, Loss: 0.0006, lr: 0.000343, Train: 0.9749, Valid: 0.8548, Test: 0.9450
Run: 06, Epoch: 53, Loss: 0.0006, lr: 0.000343, Train: 0.9747, Valid: 0.8562, Test: 0.9454
Run: 06, Epoch: 54, Loss: 0.0006, lr: 0.000343, Train: 0.9750, Valid: 0.8577, Test: 0.9458
Run: 06, Epoch: 55, Loss: 0.0006, lr: 0.000343, Train: 0.9759, Valid: 0.8590, Test: 0.9461
Run: 06, Epoch: 56, Loss: 0.0005, lr: 0.000343, Train: 0.9771, Valid: 0.8598, Test: 0.9463
Run: 06, Epoch: 57, Loss: 0.0005, lr: 0.000240, Train: 0.9783, Valid: 0.8607, Test: 0.9466
Run: 06, Epoch: 58, Loss: 0.0005, lr: 0.000240, Train: 0.9791, Valid: 0.8611, Test: 0.9469
Run: 06, Epoch: 59, Loss: 0.0005, lr: 0.000240, Train: 0.9796, Valid: 0.8613, Test: 0.9472
Run: 06, Epoch: 60, Loss: 0.0005, lr: 0.000240, Train: 0.9798, Valid: 0.8616, Test: 0.9474
Run: 06, Epoch: 61, Loss: 0.0005, lr: 0.000240, Train: 0.9798, Valid: 0.8619, Test: 0.9476
Run: 06, Epoch: 62, Loss: 0.0005, lr: 0.000240, Train: 0.9798, Valid: 0.8622, Test: 0.9477
Run: 06, Epoch: 63, Loss: 0.0005, lr: 0.000168, Train: 0.9801, Valid: 0.8629, Test: 0.9478
Run: 06, Epoch: 64, Loss: 0.0005, lr: 0.000168, Train: 0.9804, Valid: 0.8634, Test: 0.9478
Run: 06, Epoch: 65, Loss: 0.0005, lr: 0.000168, Train: 0.9808, Valid: 0.8639, Test: 0.9478
Run: 06, Epoch: 66, Loss: 0.0005, lr: 0.000168, Train: 0.9812, Valid: 0.8644, Test: 0.9476
Run: 06, Epoch: 67, Loss: 0.0005, lr: 0.000168, Train: 0.9815, Valid: 0.8649, Test: 0.9476
Run: 06, Epoch: 68, Loss: 0.0005, lr: 0.000168, Train: 0.9818, Valid: 0.8654, Test: 0.9475
Run: 06, Epoch: 69, Loss: 0.0005, lr: 0.000168, Train: 0.9820, Valid: 0.8660, Test: 0.9476
Run: 06, Epoch: 70, Loss: 0.0005, lr: 0.000168, Train: 0.9822, Valid: 0.8666, Test: 0.9477
Run: 06, Epoch: 71, Loss: 0.0005, lr: 0.000168, Train: 0.9824, Valid: 0.8672, Test: 0.9478
Run: 06, Epoch: 72, Loss: 0.0005, lr: 0.000168, Train: 0.9826, Valid: 0.8676, Test: 0.9479
Run: 06, Epoch: 73, Loss: 0.0005, lr: 0.000168, Train: 0.9829, Valid: 0.8679, Test: 0.9481
Run: 06, Epoch: 74, Loss: 0.0005, lr: 0.000168, Train: 0.9833, Valid: 0.8678, Test: 0.9481
Run: 06, Epoch: 75, Loss: 0.0005, lr: 0.000168, Train: 0.9836, Valid: 0.8676, Test: 0.9481
Run: 06, Epoch: 76, Loss: 0.0005, lr: 0.000168, Train: 0.9839, Valid: 0.8673, Test: 0.9481
Run: 06, Epoch: 77, Loss: 0.0005, lr: 0.000168, Train: 0.9842, Valid: 0.8669, Test: 0.9481
Run: 06, Epoch: 78, Loss: 0.0005, lr: 0.000168, Train: 0.9843, Valid: 0.8667, Test: 0.9481
Run: 06, Epoch: 79, Loss: 0.0005, lr: 0.000168, Train: 0.9844, Valid: 0.8667, Test: 0.9481
Run: 06, Epoch: 80, Loss: 0.0005, lr: 0.000118, Train: 0.9845, Valid: 0.8668, Test: 0.9481
Run: 06, Epoch: 81, Loss: 0.0005, lr: 0.000118, Train: 0.9847, Valid: 0.8671, Test: 0.9482
Run: 06, Epoch: 82, Loss: 0.0005, lr: 0.000118, Train: 0.9848, Valid: 0.8673, Test: 0.9483
Run: 06, Epoch: 83, Loss: 0.0005, lr: 0.000118, Train: 0.9849, Valid: 0.8675, Test: 0.9483
Run: 06, Epoch: 84, Loss: 0.0005, lr: 0.000118, Train: 0.9850, Valid: 0.8677, Test: 0.9483
Run: 06, Epoch: 85, Loss: 0.0005, lr: 0.000118, Train: 0.9851, Valid: 0.8678, Test: 0.9484
Run: 06, Epoch: 86, Loss: 0.0005, lr: 0.000082, Train: 0.9852, Valid: 0.8680, Test: 0.9484
Run: 06, Epoch: 87, Loss: 0.0005, lr: 0.000082, Train: 0.9854, Valid: 0.8681, Test: 0.9484
Run: 06, Epoch: 88, Loss: 0.0005, lr: 0.000082, Train: 0.9856, Valid: 0.8682, Test: 0.9484
Run: 06, Epoch: 89, Loss: 0.0005, lr: 0.000082, Train: 0.9857, Valid: 0.8682, Test: 0.9484
Run: 06, Epoch: 90, Loss: 0.0005, lr: 0.000082, Train: 0.9859, Valid: 0.8682, Test: 0.9483
Run: 06, Epoch: 91, Loss: 0.0004, lr: 0.000082, Train: 0.9860, Valid: 0.8681, Test: 0.9483
Run: 06, Epoch: 92, Loss: 0.0004, lr: 0.000082, Train: 0.9861, Valid: 0.8681, Test: 0.9483
Run: 06, Epoch: 93, Loss: 0.0004, lr: 0.000082, Train: 0.9862, Valid: 0.8681, Test: 0.9483
Run: 06, Epoch: 94, Loss: 0.0004, lr: 0.000058, Train: 0.9864, Valid: 0.8681, Test: 0.9483
Run: 06, Epoch: 95, Loss: 0.0004, lr: 0.000058, Train: 0.9865, Valid: 0.8682, Test: 0.9482
Run: 06, Epoch: 96, Loss: 0.0004, lr: 0.000058, Train: 0.9866, Valid: 0.8682, Test: 0.9482
Run: 06, Epoch: 97, Loss: 0.0004, lr: 0.000058, Train: 0.9867, Valid: 0.8682, Test: 0.9482
Run: 06, Epoch: 98, Loss: 0.0004, lr: 0.000058, Train: 0.9867, Valid: 0.8682, Test: 0.9482
Run: 06, Epoch: 99, Loss: 0.0004, lr: 0.000058, Train: 0.9868, Valid: 0.8681, Test: 0.9481
Run: 06, Epoch: 100, Loss: 0.0004, lr: 0.000040, Train: 0.9869, Valid: 0.8681, Test: 0.9481
Run 06:
Highest Train: 0.99
Highest Valid: 0.87
  Final Train: 0.99
   Final Test: 0.95
Run: 07, Epoch: 01, Loss: 0.0544, lr: 0.001000, Train: 0.2857, Valid: -0.6543, Test: 0.0943
Run: 07, Epoch: 02, Loss: 0.0178, lr: 0.001000, Train: 0.5502, Valid: -0.1073, Test: 0.3082
Run: 07, Epoch: 03, Loss: 0.0123, lr: 0.001000, Train: 0.7053, Valid: 0.2857, Test: 0.4797
Run: 07, Epoch: 04, Loss: 0.0090, lr: 0.001000, Train: 0.7840, Valid: 0.5320, Test: 0.6021
Run: 07, Epoch: 05, Loss: 0.0069, lr: 0.001000, Train: 0.8061, Valid: 0.6152, Test: 0.6370
Run: 07, Epoch: 06, Loss: 0.0056, lr: 0.001000, Train: 0.7885, Valid: 0.5282, Test: 0.5904
Run: 07, Epoch: 07, Loss: 0.0036, lr: 0.001000, Train: 0.7317, Valid: 0.3151, Test: 0.4733
Run: 07, Epoch: 08, Loss: 0.0026, lr: 0.001000, Train: 0.6733, Valid: 0.1352, Test: 0.3792
Run: 07, Epoch: 09, Loss: 0.0027, lr: 0.001000, Train: 0.6606, Valid: 0.1169, Test: 0.3863
Run: 07, Epoch: 10, Loss: 0.0027, lr: 0.001000, Train: 0.6916, Valid: 0.2418, Test: 0.4729
Run: 07, Epoch: 11, Loss: 0.0025, lr: 0.001000, Train: 0.7363, Valid: 0.4071, Test: 0.5722
Run: 07, Epoch: 12, Loss: 0.0023, lr: 0.000700, Train: 0.7687, Valid: 0.5104, Test: 0.6311
Run: 07, Epoch: 13, Loss: 0.0022, lr: 0.000700, Train: 0.7846, Valid: 0.5644, Test: 0.6577
Run: 07, Epoch: 14, Loss: 0.0021, lr: 0.000700, Train: 0.7818, Valid: 0.5655, Test: 0.6554
Run: 07, Epoch: 15, Loss: 0.0021, lr: 0.000700, Train: 0.7649, Valid: 0.5300, Test: 0.6343
Run: 07, Epoch: 16, Loss: 0.0020, lr: 0.000700, Train: 0.7437, Valid: 0.4818, Test: 0.6089
Run: 07, Epoch: 17, Loss: 0.0020, lr: 0.000700, Train: 0.7295, Valid: 0.4506, Test: 0.5944
Run: 07, Epoch: 18, Loss: 0.0019, lr: 0.000490, Train: 0.7451, Valid: 0.4790, Test: 0.6204
Run: 07, Epoch: 19, Loss: 0.0018, lr: 0.000490, Train: 0.7703, Valid: 0.5255, Test: 0.6580
Run: 07, Epoch: 20, Loss: 0.0016, lr: 0.000490, Train: 0.8016, Valid: 0.5817, Test: 0.7034
Run: 07, Epoch: 21, Loss: 0.0015, lr: 0.000490, Train: 0.8344, Valid: 0.6391, Test: 0.7492
Run: 07, Epoch: 22, Loss: 0.0014, lr: 0.000490, Train: 0.8648, Valid: 0.6893, Test: 0.7903
Run: 07, Epoch: 23, Loss: 0.0013, lr: 0.000490, Train: 0.8899, Valid: 0.7283, Test: 0.8232
Run: 07, Epoch: 24, Loss: 0.0013, lr: 0.000490, Train: 0.9091, Valid: 0.7577, Test: 0.8470
Run: 07, Epoch: 25, Loss: 0.0013, lr: 0.000490, Train: 0.9240, Valid: 0.7837, Test: 0.8640
Run: 07, Epoch: 26, Loss: 0.0013, lr: 0.000490, Train: 0.9364, Valid: 0.8087, Test: 0.8765
Run: 07, Epoch: 27, Loss: 0.0013, lr: 0.000490, Train: 0.9474, Valid: 0.8337, Test: 0.8867
Run: 07, Epoch: 28, Loss: 0.0012, lr: 0.000490, Train: 0.9564, Valid: 0.8557, Test: 0.8945
Run: 07, Epoch: 29, Loss: 0.0012, lr: 0.000490, Train: 0.9628, Valid: 0.8724, Test: 0.8993
Run: 07, Epoch: 30, Loss: 0.0012, lr: 0.000490, Train: 0.9666, Valid: 0.8831, Test: 0.9013
Run: 07, Epoch: 31, Loss: 0.0011, lr: 0.000490, Train: 0.9684, Valid: 0.8880, Test: 0.9010
Run: 07, Epoch: 32, Loss: 0.0011, lr: 0.000490, Train: 0.9689, Valid: 0.8893, Test: 0.8998
Run: 07, Epoch: 33, Loss: 0.0011, lr: 0.000490, Train: 0.9690, Valid: 0.8900, Test: 0.8990
Run: 07, Epoch: 34, Loss: 0.0011, lr: 0.000490, Train: 0.9695, Valid: 0.8927, Test: 0.8997
Run: 07, Epoch: 35, Loss: 0.0011, lr: 0.000490, Train: 0.9709, Valid: 0.8977, Test: 0.9025
Run: 07, Epoch: 36, Loss: 0.0010, lr: 0.000490, Train: 0.9727, Valid: 0.9036, Test: 0.9066
Run: 07, Epoch: 37, Loss: 0.0010, lr: 0.000490, Train: 0.9743, Valid: 0.9078, Test: 0.9103
Run: 07, Epoch: 38, Loss: 0.0010, lr: 0.000490, Train: 0.9749, Valid: 0.9086, Test: 0.9127
Run: 07, Epoch: 39, Loss: 0.0010, lr: 0.000490, Train: 0.9746, Valid: 0.9060, Test: 0.9133
Run: 07, Epoch: 40, Loss: 0.0009, lr: 0.000490, Train: 0.9739, Valid: 0.9016, Test: 0.9128
Run: 07, Epoch: 41, Loss: 0.0009, lr: 0.000490, Train: 0.9734, Valid: 0.8983, Test: 0.9123
Run: 07, Epoch: 42, Loss: 0.0009, lr: 0.000490, Train: 0.9737, Valid: 0.8980, Test: 0.9127
Run: 07, Epoch: 43, Loss: 0.0009, lr: 0.000490, Train: 0.9746, Valid: 0.9008, Test: 0.9139
Run: 07, Epoch: 44, Loss: 0.0009, lr: 0.000490, Train: 0.9754, Valid: 0.9045, Test: 0.9147
Run: 07, Epoch: 45, Loss: 0.0009, lr: 0.000343, Train: 0.9759, Valid: 0.9061, Test: 0.9146
Run: 07, Epoch: 46, Loss: 0.0009, lr: 0.000343, Train: 0.9760, Valid: 0.9062, Test: 0.9137
Run: 07, Epoch: 47, Loss: 0.0008, lr: 0.000343, Train: 0.9760, Valid: 0.9046, Test: 0.9123
Run: 07, Epoch: 48, Loss: 0.0008, lr: 0.000343, Train: 0.9757, Valid: 0.9016, Test: 0.9105
Run: 07, Epoch: 49, Loss: 0.0008, lr: 0.000343, Train: 0.9752, Valid: 0.8982, Test: 0.9086
Run: 07, Epoch: 50, Loss: 0.0008, lr: 0.000343, Train: 0.9743, Valid: 0.8951, Test: 0.9069
Run: 07, Epoch: 51, Loss: 0.0008, lr: 0.000240, Train: 0.9739, Valid: 0.8941, Test: 0.9062
Run: 07, Epoch: 52, Loss: 0.0008, lr: 0.000240, Train: 0.9735, Valid: 0.8938, Test: 0.9057
Run: 07, Epoch: 53, Loss: 0.0008, lr: 0.000240, Train: 0.9732, Valid: 0.8942, Test: 0.9054
Run: 07, Epoch: 54, Loss: 0.0008, lr: 0.000240, Train: 0.9731, Valid: 0.8950, Test: 0.9054
Run: 07, Epoch: 55, Loss: 0.0008, lr: 0.000240, Train: 0.9734, Valid: 0.8959, Test: 0.9056
Run: 07, Epoch: 56, Loss: 0.0008, lr: 0.000240, Train: 0.9741, Valid: 0.8967, Test: 0.9060
Run: 07, Epoch: 57, Loss: 0.0008, lr: 0.000168, Train: 0.9751, Valid: 0.8976, Test: 0.9066
Run: 07, Epoch: 58, Loss: 0.0008, lr: 0.000168, Train: 0.9762, Valid: 0.8980, Test: 0.9070
Run: 07, Epoch: 59, Loss: 0.0008, lr: 0.000168, Train: 0.9772, Valid: 0.8981, Test: 0.9073
Run: 07, Epoch: 60, Loss: 0.0007, lr: 0.000168, Train: 0.9780, Valid: 0.8978, Test: 0.9075
Run: 07, Epoch: 61, Loss: 0.0007, lr: 0.000168, Train: 0.9786, Valid: 0.8974, Test: 0.9075
Run: 07, Epoch: 62, Loss: 0.0007, lr: 0.000168, Train: 0.9790, Valid: 0.8971, Test: 0.9076
Run: 07, Epoch: 63, Loss: 0.0007, lr: 0.000118, Train: 0.9794, Valid: 0.8972, Test: 0.9077
Run: 07, Epoch: 64, Loss: 0.0007, lr: 0.000118, Train: 0.9796, Valid: 0.8974, Test: 0.9078
Run: 07, Epoch: 65, Loss: 0.0007, lr: 0.000118, Train: 0.9798, Valid: 0.8976, Test: 0.9080
Run: 07, Epoch: 66, Loss: 0.0007, lr: 0.000118, Train: 0.9798, Valid: 0.8978, Test: 0.9081
Run: 07, Epoch: 67, Loss: 0.0007, lr: 0.000118, Train: 0.9798, Valid: 0.8979, Test: 0.9082
Run: 07, Epoch: 68, Loss: 0.0007, lr: 0.000118, Train: 0.9798, Valid: 0.8979, Test: 0.9081
Run: 07, Epoch: 69, Loss: 0.0007, lr: 0.000082, Train: 0.9800, Valid: 0.8980, Test: 0.9081
Run: 07, Epoch: 70, Loss: 0.0007, lr: 0.000082, Train: 0.9801, Valid: 0.8979, Test: 0.9081
Run: 07, Epoch: 71, Loss: 0.0007, lr: 0.000082, Train: 0.9802, Valid: 0.8977, Test: 0.9080
Run: 07, Epoch: 72, Loss: 0.0007, lr: 0.000082, Train: 0.9803, Valid: 0.8976, Test: 0.9079
Run: 07, Epoch: 73, Loss: 0.0007, lr: 0.000082, Train: 0.9805, Valid: 0.8974, Test: 0.9077
Run: 07, Epoch: 74, Loss: 0.0007, lr: 0.000082, Train: 0.9806, Valid: 0.8972, Test: 0.9076
Run: 07, Epoch: 75, Loss: 0.0007, lr: 0.000058, Train: 0.9808, Valid: 0.8973, Test: 0.9075
Run: 07, Epoch: 76, Loss: 0.0007, lr: 0.000058, Train: 0.9809, Valid: 0.8974, Test: 0.9074
Run: 07, Epoch: 77, Loss: 0.0007, lr: 0.000058, Train: 0.9811, Valid: 0.8974, Test: 0.9074
Run: 07, Epoch: 78, Loss: 0.0007, lr: 0.000058, Train: 0.9812, Valid: 0.8975, Test: 0.9073
Run: 07, Epoch: 79, Loss: 0.0007, lr: 0.000058, Train: 0.9813, Valid: 0.8976, Test: 0.9072
Run: 07, Epoch: 80, Loss: 0.0007, lr: 0.000058, Train: 0.9815, Valid: 0.8977, Test: 0.9071
Run: 07, Epoch: 81, Loss: 0.0007, lr: 0.000040, Train: 0.9816, Valid: 0.8978, Test: 0.9070
Run: 07, Epoch: 82, Loss: 0.0007, lr: 0.000040, Train: 0.9818, Valid: 0.8979, Test: 0.9069
Run: 07, Epoch: 83, Loss: 0.0007, lr: 0.000040, Train: 0.9819, Valid: 0.8980, Test: 0.9069
Run: 07, Epoch: 84, Loss: 0.0007, lr: 0.000040, Train: 0.9821, Valid: 0.8980, Test: 0.9068
Run: 07, Epoch: 85, Loss: 0.0007, lr: 0.000040, Train: 0.9822, Valid: 0.8980, Test: 0.9067
Run: 07, Epoch: 86, Loss: 0.0007, lr: 0.000040, Train: 0.9823, Valid: 0.8980, Test: 0.9066
Run: 07, Epoch: 87, Loss: 0.0007, lr: 0.000028, Train: 0.9824, Valid: 0.8979, Test: 0.9065
Run: 07, Epoch: 88, Loss: 0.0007, lr: 0.000028, Train: 0.9824, Valid: 0.8979, Test: 0.9064
Run: 07, Epoch: 89, Loss: 0.0007, lr: 0.000028, Train: 0.9825, Valid: 0.8978, Test: 0.9063
Run: 07, Epoch: 90, Loss: 0.0007, lr: 0.000028, Train: 0.9826, Valid: 0.8978, Test: 0.9063
Run: 07, Epoch: 91, Loss: 0.0007, lr: 0.000028, Train: 0.9827, Valid: 0.8977, Test: 0.9062
Run: 07, Epoch: 92, Loss: 0.0007, lr: 0.000028, Train: 0.9827, Valid: 0.8976, Test: 0.9061
Run: 07, Epoch: 93, Loss: 0.0007, lr: 0.000020, Train: 0.9828, Valid: 0.8976, Test: 0.9060
Run: 07, Epoch: 94, Loss: 0.0007, lr: 0.000020, Train: 0.9828, Valid: 0.8975, Test: 0.9059
Run: 07, Epoch: 95, Loss: 0.0007, lr: 0.000020, Train: 0.9829, Valid: 0.8974, Test: 0.9059
Run: 07, Epoch: 96, Loss: 0.0007, lr: 0.000020, Train: 0.9829, Valid: 0.8974, Test: 0.9058
Run: 07, Epoch: 97, Loss: 0.0007, lr: 0.000020, Train: 0.9829, Valid: 0.8973, Test: 0.9058
Run: 07, Epoch: 98, Loss: 0.0007, lr: 0.000020, Train: 0.9830, Valid: 0.8973, Test: 0.9057
Run: 07, Epoch: 99, Loss: 0.0007, lr: 0.000014, Train: 0.9830, Valid: 0.8972, Test: 0.9057
Run: 07, Epoch: 100, Loss: 0.0007, lr: 0.000014, Train: 0.9830, Valid: 0.8972, Test: 0.9056
Run 07:
Highest Train: 0.98
Highest Valid: 0.91
  Final Train: 0.97
   Final Test: 0.91
Run: 08, Epoch: 01, Loss: 0.0237, lr: 0.001000, Train: 0.5896, Valid: 0.4374, Test: 0.6089
Run: 08, Epoch: 02, Loss: 0.0198, lr: 0.001000, Train: 0.6817, Valid: 0.5474, Test: 0.7142
Run: 08, Epoch: 03, Loss: 0.0122, lr: 0.001000, Train: 0.6744, Valid: 0.5317, Test: 0.7510
Run: 08, Epoch: 04, Loss: 0.0089, lr: 0.001000, Train: 0.6965, Valid: 0.5914, Test: 0.7849
Run: 08, Epoch: 05, Loss: 0.0065, lr: 0.001000, Train: 0.7411, Valid: 0.6914, Test: 0.8050
Run: 08, Epoch: 06, Loss: 0.0050, lr: 0.001000, Train: 0.7493, Valid: 0.7035, Test: 0.7896
Run: 08, Epoch: 07, Loss: 0.0040, lr: 0.001000, Train: 0.7201, Valid: 0.6144, Test: 0.7600
Run: 08, Epoch: 08, Loss: 0.0030, lr: 0.001000, Train: 0.6725, Valid: 0.4738, Test: 0.7320
Run: 08, Epoch: 09, Loss: 0.0030, lr: 0.001000, Train: 0.6518, Valid: 0.3932, Test: 0.7266
Run: 08, Epoch: 10, Loss: 0.0031, lr: 0.001000, Train: 0.6841, Valid: 0.4274, Test: 0.7507
Run: 08, Epoch: 11, Loss: 0.0028, lr: 0.001000, Train: 0.7557, Valid: 0.5543, Test: 0.7977
Run: 08, Epoch: 12, Loss: 0.0022, lr: 0.001000, Train: 0.8316, Valid: 0.7007, Test: 0.8507
Run: 08, Epoch: 13, Loss: 0.0018, lr: 0.000700, Train: 0.8749, Valid: 0.7877, Test: 0.8852
Run: 08, Epoch: 14, Loss: 0.0018, lr: 0.000700, Train: 0.8992, Valid: 0.8367, Test: 0.9078
Run: 08, Epoch: 15, Loss: 0.0019, lr: 0.000700, Train: 0.9092, Valid: 0.8564, Test: 0.9186
Run: 08, Epoch: 16, Loss: 0.0020, lr: 0.000700, Train: 0.9107, Valid: 0.8598, Test: 0.9204
Run: 08, Epoch: 17, Loss: 0.0019, lr: 0.000700, Train: 0.9055, Valid: 0.8534, Test: 0.9143
Run: 08, Epoch: 18, Loss: 0.0017, lr: 0.000700, Train: 0.8953, Valid: 0.8416, Test: 0.9020
Run: 08, Epoch: 19, Loss: 0.0015, lr: 0.000700, Train: 0.8843, Valid: 0.8305, Test: 0.8870
Run: 08, Epoch: 20, Loss: 0.0014, lr: 0.000700, Train: 0.8781, Valid: 0.8267, Test: 0.8746
Run: 08, Epoch: 21, Loss: 0.0014, lr: 0.000700, Train: 0.8800, Valid: 0.8340, Test: 0.8693
Run: 08, Epoch: 22, Loss: 0.0014, lr: 0.000700, Train: 0.8898, Valid: 0.8513, Test: 0.8731
Run: 08, Epoch: 23, Loss: 0.0014, lr: 0.000490, Train: 0.9043, Valid: 0.8740, Test: 0.8842
Run: 08, Epoch: 24, Loss: 0.0014, lr: 0.000490, Train: 0.9194, Valid: 0.8966, Test: 0.8978
Run: 08, Epoch: 25, Loss: 0.0013, lr: 0.000490, Train: 0.9333, Valid: 0.9165, Test: 0.9119
Run: 08, Epoch: 26, Loss: 0.0013, lr: 0.000490, Train: 0.9449, Valid: 0.9316, Test: 0.9247
Run: 08, Epoch: 27, Loss: 0.0012, lr: 0.000490, Train: 0.9534, Valid: 0.9419, Test: 0.9349
Run: 08, Epoch: 28, Loss: 0.0012, lr: 0.000490, Train: 0.9591, Valid: 0.9481, Test: 0.9424
Run: 08, Epoch: 29, Loss: 0.0012, lr: 0.000490, Train: 0.9626, Valid: 0.9520, Test: 0.9475
Run: 08, Epoch: 30, Loss: 0.0011, lr: 0.000490, Train: 0.9649, Valid: 0.9548, Test: 0.9504
Run: 08, Epoch: 31, Loss: 0.0011, lr: 0.000490, Train: 0.9664, Valid: 0.9568, Test: 0.9520
Run: 08, Epoch: 32, Loss: 0.0011, lr: 0.000490, Train: 0.9674, Valid: 0.9581, Test: 0.9529
Run: 08, Epoch: 33, Loss: 0.0011, lr: 0.000490, Train: 0.9684, Valid: 0.9586, Test: 0.9538
Run: 08, Epoch: 34, Loss: 0.0010, lr: 0.000490, Train: 0.9693, Valid: 0.9584, Test: 0.9551
Run: 08, Epoch: 35, Loss: 0.0010, lr: 0.000490, Train: 0.9702, Valid: 0.9572, Test: 0.9568
Run: 08, Epoch: 36, Loss: 0.0010, lr: 0.000490, Train: 0.9708, Valid: 0.9548, Test: 0.9587
Run: 08, Epoch: 37, Loss: 0.0010, lr: 0.000490, Train: 0.9710, Valid: 0.9517, Test: 0.9603
Run: 08, Epoch: 38, Loss: 0.0009, lr: 0.000490, Train: 0.9709, Valid: 0.9482, Test: 0.9613
Run: 08, Epoch: 39, Loss: 0.0009, lr: 0.000490, Train: 0.9709, Valid: 0.9452, Test: 0.9617
Run: 08, Epoch: 40, Loss: 0.0009, lr: 0.000343, Train: 0.9713, Valid: 0.9443, Test: 0.9617
Run: 08, Epoch: 41, Loss: 0.0009, lr: 0.000343, Train: 0.9720, Valid: 0.9445, Test: 0.9614
Run: 08, Epoch: 42, Loss: 0.0009, lr: 0.000343, Train: 0.9730, Valid: 0.9457, Test: 0.9610
Run: 08, Epoch: 43, Loss: 0.0009, lr: 0.000343, Train: 0.9740, Valid: 0.9474, Test: 0.9604
Run: 08, Epoch: 44, Loss: 0.0009, lr: 0.000343, Train: 0.9748, Valid: 0.9494, Test: 0.9595
Run: 08, Epoch: 45, Loss: 0.0008, lr: 0.000343, Train: 0.9754, Valid: 0.9511, Test: 0.9586
Run: 08, Epoch: 46, Loss: 0.0008, lr: 0.000240, Train: 0.9757, Valid: 0.9518, Test: 0.9581
Run: 08, Epoch: 47, Loss: 0.0008, lr: 0.000240, Train: 0.9760, Valid: 0.9522, Test: 0.9579
Run: 08, Epoch: 48, Loss: 0.0008, lr: 0.000240, Train: 0.9763, Valid: 0.9524, Test: 0.9580
Run: 08, Epoch: 49, Loss: 0.0008, lr: 0.000240, Train: 0.9766, Valid: 0.9523, Test: 0.9583
Run: 08, Epoch: 50, Loss: 0.0008, lr: 0.000240, Train: 0.9768, Valid: 0.9517, Test: 0.9587
Run: 08, Epoch: 51, Loss: 0.0008, lr: 0.000240, Train: 0.9770, Valid: 0.9509, Test: 0.9592
Run: 08, Epoch: 52, Loss: 0.0008, lr: 0.000168, Train: 0.9771, Valid: 0.9503, Test: 0.9594
Run: 08, Epoch: 53, Loss: 0.0008, lr: 0.000168, Train: 0.9772, Valid: 0.9495, Test: 0.9596
Run: 08, Epoch: 54, Loss: 0.0008, lr: 0.000168, Train: 0.9772, Valid: 0.9488, Test: 0.9598
Run: 08, Epoch: 55, Loss: 0.0008, lr: 0.000168, Train: 0.9773, Valid: 0.9482, Test: 0.9599
Run: 08, Epoch: 56, Loss: 0.0008, lr: 0.000168, Train: 0.9774, Valid: 0.9479, Test: 0.9600
Run: 08, Epoch: 57, Loss: 0.0008, lr: 0.000168, Train: 0.9776, Valid: 0.9477, Test: 0.9601
Run: 08, Epoch: 58, Loss: 0.0008, lr: 0.000118, Train: 0.9778, Valid: 0.9479, Test: 0.9600
Run: 08, Epoch: 59, Loss: 0.0007, lr: 0.000118, Train: 0.9780, Valid: 0.9481, Test: 0.9600
Run: 08, Epoch: 60, Loss: 0.0007, lr: 0.000118, Train: 0.9782, Valid: 0.9484, Test: 0.9600
Run: 08, Epoch: 61, Loss: 0.0007, lr: 0.000118, Train: 0.9784, Valid: 0.9486, Test: 0.9600
Run: 08, Epoch: 62, Loss: 0.0007, lr: 0.000118, Train: 0.9786, Valid: 0.9488, Test: 0.9600
Run: 08, Epoch: 63, Loss: 0.0007, lr: 0.000118, Train: 0.9787, Valid: 0.9489, Test: 0.9600
Run: 08, Epoch: 64, Loss: 0.0007, lr: 0.000082, Train: 0.9788, Valid: 0.9490, Test: 0.9599
Run: 08, Epoch: 65, Loss: 0.0007, lr: 0.000082, Train: 0.9790, Valid: 0.9491, Test: 0.9599
Run: 08, Epoch: 66, Loss: 0.0007, lr: 0.000082, Train: 0.9791, Valid: 0.9491, Test: 0.9599
Run: 08, Epoch: 67, Loss: 0.0007, lr: 0.000082, Train: 0.9792, Valid: 0.9491, Test: 0.9599
Run: 08, Epoch: 68, Loss: 0.0007, lr: 0.000082, Train: 0.9793, Valid: 0.9490, Test: 0.9599
Run: 08, Epoch: 69, Loss: 0.0007, lr: 0.000082, Train: 0.9794, Valid: 0.9489, Test: 0.9599
Run: 08, Epoch: 70, Loss: 0.0007, lr: 0.000058, Train: 0.9795, Valid: 0.9489, Test: 0.9598
Run: 08, Epoch: 71, Loss: 0.0007, lr: 0.000058, Train: 0.9796, Valid: 0.9489, Test: 0.9598
Run: 08, Epoch: 72, Loss: 0.0007, lr: 0.000058, Train: 0.9797, Valid: 0.9488, Test: 0.9598
Run: 08, Epoch: 73, Loss: 0.0007, lr: 0.000058, Train: 0.9798, Valid: 0.9488, Test: 0.9597
Run: 08, Epoch: 74, Loss: 0.0007, lr: 0.000058, Train: 0.9799, Valid: 0.9488, Test: 0.9597
Run: 08, Epoch: 75, Loss: 0.0007, lr: 0.000058, Train: 0.9799, Valid: 0.9487, Test: 0.9597
Run: 08, Epoch: 76, Loss: 0.0007, lr: 0.000040, Train: 0.9800, Valid: 0.9488, Test: 0.9596
Run: 08, Epoch: 77, Loss: 0.0007, lr: 0.000040, Train: 0.9801, Valid: 0.9488, Test: 0.9596
Run: 08, Epoch: 78, Loss: 0.0007, lr: 0.000040, Train: 0.9801, Valid: 0.9488, Test: 0.9595
Run: 08, Epoch: 79, Loss: 0.0007, lr: 0.000040, Train: 0.9802, Valid: 0.9488, Test: 0.9595
Run: 08, Epoch: 80, Loss: 0.0007, lr: 0.000040, Train: 0.9803, Valid: 0.9488, Test: 0.9594
Run: 08, Epoch: 81, Loss: 0.0007, lr: 0.000040, Train: 0.9803, Valid: 0.9488, Test: 0.9594
Run: 08, Epoch: 82, Loss: 0.0007, lr: 0.000028, Train: 0.9804, Valid: 0.9488, Test: 0.9594
Run: 08, Epoch: 83, Loss: 0.0007, lr: 0.000028, Train: 0.9804, Valid: 0.9489, Test: 0.9593
Run: 08, Epoch: 84, Loss: 0.0007, lr: 0.000028, Train: 0.9805, Valid: 0.9489, Test: 0.9593
Run: 08, Epoch: 85, Loss: 0.0007, lr: 0.000028, Train: 0.9805, Valid: 0.9490, Test: 0.9592
Run: 08, Epoch: 86, Loss: 0.0007, lr: 0.000028, Train: 0.9805, Valid: 0.9490, Test: 0.9592
Run: 08, Epoch: 87, Loss: 0.0007, lr: 0.000028, Train: 0.9806, Valid: 0.9491, Test: 0.9591
Run: 08, Epoch: 88, Loss: 0.0007, lr: 0.000020, Train: 0.9806, Valid: 0.9491, Test: 0.9591
Run: 08, Epoch: 89, Loss: 0.0007, lr: 0.000020, Train: 0.9806, Valid: 0.9492, Test: 0.9590
Run: 08, Epoch: 90, Loss: 0.0007, lr: 0.000020, Train: 0.9807, Valid: 0.9492, Test: 0.9590
Run: 08, Epoch: 91, Loss: 0.0007, lr: 0.000020, Train: 0.9807, Valid: 0.9493, Test: 0.9590
Run: 08, Epoch: 92, Loss: 0.0007, lr: 0.000020, Train: 0.9807, Valid: 0.9493, Test: 0.9589
Run: 08, Epoch: 93, Loss: 0.0007, lr: 0.000020, Train: 0.9808, Valid: 0.9493, Test: 0.9589
Run: 08, Epoch: 94, Loss: 0.0007, lr: 0.000014, Train: 0.9808, Valid: 0.9494, Test: 0.9588
Run: 08, Epoch: 95, Loss: 0.0007, lr: 0.000014, Train: 0.9808, Valid: 0.9494, Test: 0.9588
Run: 08, Epoch: 96, Loss: 0.0007, lr: 0.000014, Train: 0.9808, Valid: 0.9494, Test: 0.9588
Run: 08, Epoch: 97, Loss: 0.0007, lr: 0.000014, Train: 0.9808, Valid: 0.9495, Test: 0.9588
Run: 08, Epoch: 98, Loss: 0.0007, lr: 0.000014, Train: 0.9809, Valid: 0.9495, Test: 0.9587
Run: 08, Epoch: 99, Loss: 0.0007, lr: 0.000014, Train: 0.9809, Valid: 0.9495, Test: 0.9587
Run: 08, Epoch: 100, Loss: 0.0007, lr: 0.000010, Train: 0.9809, Valid: 0.9495, Test: 0.9587
Run 08:
Highest Train: 0.98
Highest Valid: 0.96
  Final Train: 0.97
   Final Test: 0.95
Run: 09, Epoch: 01, Loss: 0.0715, lr: 0.001000, Train: 0.4919, Valid: 0.6027, Test: 0.4533
Run: 09, Epoch: 02, Loss: 0.0057, lr: 0.001000, Train: 0.6775, Valid: 0.7458, Test: 0.6637
Run: 09, Epoch: 03, Loss: 0.0103, lr: 0.001000, Train: 0.7609, Valid: 0.8029, Test: 0.7520
Run: 09, Epoch: 04, Loss: 0.0084, lr: 0.001000, Train: 0.8072, Valid: 0.8505, Test: 0.7920
Run: 09, Epoch: 05, Loss: 0.0051, lr: 0.001000, Train: 0.8210, Valid: 0.8686, Test: 0.7948
Run: 09, Epoch: 06, Loss: 0.0032, lr: 0.001000, Train: 0.8071, Valid: 0.8483, Test: 0.7646
Run: 09, Epoch: 07, Loss: 0.0034, lr: 0.001000, Train: 0.7989, Valid: 0.8467, Test: 0.7287
Run: 09, Epoch: 08, Loss: 0.0036, lr: 0.001000, Train: 0.8061, Valid: 0.8591, Test: 0.7006
Run: 09, Epoch: 09, Loss: 0.0030, lr: 0.001000, Train: 0.8085, Valid: 0.8106, Test: 0.6792
Run: 09, Epoch: 10, Loss: 0.0024, lr: 0.001000, Train: 0.8049, Valid: 0.7073, Test: 0.6736
Run: 09, Epoch: 11, Loss: 0.0022, lr: 0.001000, Train: 0.8128, Valid: 0.6217, Test: 0.6986
Run: 09, Epoch: 12, Loss: 0.0021, lr: 0.000700, Train: 0.8376, Valid: 0.6186, Test: 0.7396
Run: 09, Epoch: 13, Loss: 0.0021, lr: 0.000700, Train: 0.8695, Valid: 0.6578, Test: 0.7833
Run: 09, Epoch: 14, Loss: 0.0020, lr: 0.000700, Train: 0.8993, Valid: 0.7184, Test: 0.8190
Run: 09, Epoch: 15, Loss: 0.0018, lr: 0.000700, Train: 0.9215, Valid: 0.7791, Test: 0.8411
Run: 09, Epoch: 16, Loss: 0.0017, lr: 0.000700, Train: 0.9352, Valid: 0.8276, Test: 0.8502
Run: 09, Epoch: 17, Loss: 0.0016, lr: 0.000700, Train: 0.9419, Valid: 0.8580, Test: 0.8483
Run: 09, Epoch: 18, Loss: 0.0016, lr: 0.000490, Train: 0.9443, Valid: 0.8709, Test: 0.8432
Run: 09, Epoch: 19, Loss: 0.0015, lr: 0.000490, Train: 0.9442, Valid: 0.8737, Test: 0.8334
Run: 09, Epoch: 20, Loss: 0.0015, lr: 0.000490, Train: 0.9421, Valid: 0.8667, Test: 0.8205
Run: 09, Epoch: 21, Loss: 0.0014, lr: 0.000490, Train: 0.9388, Valid: 0.8523, Test: 0.8065
Run: 09, Epoch: 22, Loss: 0.0014, lr: 0.000490, Train: 0.9354, Valid: 0.8335, Test: 0.7940
Run: 09, Epoch: 23, Loss: 0.0014, lr: 0.000490, Train: 0.9334, Valid: 0.8146, Test: 0.7857
Run: 09, Epoch: 24, Loss: 0.0013, lr: 0.000490, Train: 0.9340, Valid: 0.7998, Test: 0.7836
Run: 09, Epoch: 25, Loss: 0.0013, lr: 0.000490, Train: 0.9376, Valid: 0.7927, Test: 0.7888
Run: 09, Epoch: 26, Loss: 0.0012, lr: 0.000343, Train: 0.9436, Valid: 0.7981, Test: 0.8001
Run: 09, Epoch: 27, Loss: 0.0012, lr: 0.000343, Train: 0.9501, Valid: 0.8078, Test: 0.8129
Run: 09, Epoch: 28, Loss: 0.0012, lr: 0.000343, Train: 0.9562, Valid: 0.8206, Test: 0.8263
Run: 09, Epoch: 29, Loss: 0.0012, lr: 0.000343, Train: 0.9613, Valid: 0.8347, Test: 0.8385
Run: 09, Epoch: 30, Loss: 0.0011, lr: 0.000343, Train: 0.9653, Valid: 0.8485, Test: 0.8484
Run: 09, Epoch: 31, Loss: 0.0011, lr: 0.000343, Train: 0.9681, Valid: 0.8604, Test: 0.8555
Run: 09, Epoch: 32, Loss: 0.0011, lr: 0.000240, Train: 0.9696, Valid: 0.8682, Test: 0.8594
Run: 09, Epoch: 33, Loss: 0.0011, lr: 0.000240, Train: 0.9707, Valid: 0.8741, Test: 0.8616
Run: 09, Epoch: 34, Loss: 0.0011, lr: 0.000240, Train: 0.9715, Valid: 0.8781, Test: 0.8625
Run: 09, Epoch: 35, Loss: 0.0011, lr: 0.000240, Train: 0.9721, Valid: 0.8804, Test: 0.8623
Run: 09, Epoch: 36, Loss: 0.0010, lr: 0.000240, Train: 0.9725, Valid: 0.8812, Test: 0.8614
Run: 09, Epoch: 37, Loss: 0.0010, lr: 0.000240, Train: 0.9728, Valid: 0.8811, Test: 0.8604
Run: 09, Epoch: 38, Loss: 0.0010, lr: 0.000240, Train: 0.9731, Valid: 0.8804, Test: 0.8593
Run: 09, Epoch: 39, Loss: 0.0010, lr: 0.000240, Train: 0.9733, Valid: 0.8796, Test: 0.8586
Run: 09, Epoch: 40, Loss: 0.0010, lr: 0.000240, Train: 0.9736, Valid: 0.8789, Test: 0.8585
Run: 09, Epoch: 41, Loss: 0.0010, lr: 0.000240, Train: 0.9740, Valid: 0.8788, Test: 0.8589
Run: 09, Epoch: 42, Loss: 0.0010, lr: 0.000240, Train: 0.9745, Valid: 0.8794, Test: 0.8599
Run: 09, Epoch: 43, Loss: 0.0009, lr: 0.000168, Train: 0.9750, Valid: 0.8806, Test: 0.8611
Run: 09, Epoch: 44, Loss: 0.0009, lr: 0.000168, Train: 0.9755, Valid: 0.8820, Test: 0.8622
Run: 09, Epoch: 45, Loss: 0.0009, lr: 0.000168, Train: 0.9759, Valid: 0.8834, Test: 0.8632
Run: 09, Epoch: 46, Loss: 0.0009, lr: 0.000168, Train: 0.9763, Valid: 0.8848, Test: 0.8640
Run: 09, Epoch: 47, Loss: 0.0009, lr: 0.000168, Train: 0.9767, Valid: 0.8858, Test: 0.8645
Run: 09, Epoch: 48, Loss: 0.0009, lr: 0.000168, Train: 0.9770, Valid: 0.8864, Test: 0.8646
Run: 09, Epoch: 49, Loss: 0.0009, lr: 0.000168, Train: 0.9772, Valid: 0.8868, Test: 0.8645
Run: 09, Epoch: 50, Loss: 0.0009, lr: 0.000168, Train: 0.9775, Valid: 0.8869, Test: 0.8643
Run: 09, Epoch: 51, Loss: 0.0009, lr: 0.000168, Train: 0.9777, Valid: 0.8868, Test: 0.8639
Run: 09, Epoch: 52, Loss: 0.0009, lr: 0.000168, Train: 0.9778, Valid: 0.8865, Test: 0.8636
Run: 09, Epoch: 53, Loss: 0.0009, lr: 0.000168, Train: 0.9780, Valid: 0.8861, Test: 0.8632
Run: 09, Epoch: 54, Loss: 0.0009, lr: 0.000168, Train: 0.9782, Valid: 0.8857, Test: 0.8630
Run: 09, Epoch: 55, Loss: 0.0008, lr: 0.000168, Train: 0.9783, Valid: 0.8854, Test: 0.8628
Run: 09, Epoch: 56, Loss: 0.0008, lr: 0.000168, Train: 0.9784, Valid: 0.8855, Test: 0.8629
Run: 09, Epoch: 57, Loss: 0.0008, lr: 0.000118, Train: 0.9786, Valid: 0.8861, Test: 0.8630
Run: 09, Epoch: 58, Loss: 0.0008, lr: 0.000118, Train: 0.9788, Valid: 0.8868, Test: 0.8632
Run: 09, Epoch: 59, Loss: 0.0008, lr: 0.000118, Train: 0.9789, Valid: 0.8877, Test: 0.8633
Run: 09, Epoch: 60, Loss: 0.0008, lr: 0.000118, Train: 0.9791, Valid: 0.8885, Test: 0.8635
Run: 09, Epoch: 61, Loss: 0.0008, lr: 0.000118, Train: 0.9793, Valid: 0.8892, Test: 0.8636
Run: 09, Epoch: 62, Loss: 0.0008, lr: 0.000118, Train: 0.9795, Valid: 0.8898, Test: 0.8637
Run: 09, Epoch: 63, Loss: 0.0008, lr: 0.000118, Train: 0.9796, Valid: 0.8903, Test: 0.8637
Run: 09, Epoch: 64, Loss: 0.0008, lr: 0.000118, Train: 0.9798, Valid: 0.8907, Test: 0.8637
Run: 09, Epoch: 65, Loss: 0.0008, lr: 0.000118, Train: 0.9800, Valid: 0.8910, Test: 0.8636
Run: 09, Epoch: 66, Loss: 0.0008, lr: 0.000118, Train: 0.9801, Valid: 0.8911, Test: 0.8635
Run: 09, Epoch: 67, Loss: 0.0008, lr: 0.000118, Train: 0.9802, Valid: 0.8911, Test: 0.8634
Run: 09, Epoch: 68, Loss: 0.0008, lr: 0.000118, Train: 0.9804, Valid: 0.8911, Test: 0.8633
Run: 09, Epoch: 69, Loss: 0.0008, lr: 0.000118, Train: 0.9805, Valid: 0.8909, Test: 0.8632
Run: 09, Epoch: 70, Loss: 0.0008, lr: 0.000118, Train: 0.9806, Valid: 0.8907, Test: 0.8630
Run: 09, Epoch: 71, Loss: 0.0008, lr: 0.000118, Train: 0.9807, Valid: 0.8905, Test: 0.8628
Run: 09, Epoch: 72, Loss: 0.0008, lr: 0.000118, Train: 0.9809, Valid: 0.8905, Test: 0.8626
Run: 09, Epoch: 73, Loss: 0.0007, lr: 0.000082, Train: 0.9810, Valid: 0.8906, Test: 0.8624
Run: 09, Epoch: 74, Loss: 0.0007, lr: 0.000082, Train: 0.9811, Valid: 0.8908, Test: 0.8622
Run: 09, Epoch: 75, Loss: 0.0007, lr: 0.000082, Train: 0.9812, Valid: 0.8911, Test: 0.8620
Run: 09, Epoch: 76, Loss: 0.0007, lr: 0.000082, Train: 0.9813, Valid: 0.8914, Test: 0.8617
Run: 09, Epoch: 77, Loss: 0.0007, lr: 0.000082, Train: 0.9814, Valid: 0.8917, Test: 0.8615
Run: 09, Epoch: 78, Loss: 0.0007, lr: 0.000082, Train: 0.9815, Valid: 0.8920, Test: 0.8612
Run: 09, Epoch: 79, Loss: 0.0007, lr: 0.000082, Train: 0.9816, Valid: 0.8922, Test: 0.8610
Run: 09, Epoch: 80, Loss: 0.0007, lr: 0.000082, Train: 0.9818, Valid: 0.8923, Test: 0.8608
Run: 09, Epoch: 81, Loss: 0.0007, lr: 0.000082, Train: 0.9819, Valid: 0.8925, Test: 0.8607
Run: 09, Epoch: 82, Loss: 0.0007, lr: 0.000082, Train: 0.9820, Valid: 0.8927, Test: 0.8606
Run: 09, Epoch: 83, Loss: 0.0007, lr: 0.000082, Train: 0.9821, Valid: 0.8929, Test: 0.8605
Run: 09, Epoch: 84, Loss: 0.0007, lr: 0.000082, Train: 0.9822, Valid: 0.8932, Test: 0.8605
Run: 09, Epoch: 85, Loss: 0.0007, lr: 0.000082, Train: 0.9823, Valid: 0.8935, Test: 0.8604
Run: 09, Epoch: 86, Loss: 0.0007, lr: 0.000082, Train: 0.9823, Valid: 0.8938, Test: 0.8603
Run: 09, Epoch: 87, Loss: 0.0007, lr: 0.000082, Train: 0.9824, Valid: 0.8941, Test: 0.8602
Run: 09, Epoch: 88, Loss: 0.0007, lr: 0.000082, Train: 0.9825, Valid: 0.8944, Test: 0.8601
Run: 09, Epoch: 89, Loss: 0.0007, lr: 0.000082, Train: 0.9826, Valid: 0.8946, Test: 0.8600
Run: 09, Epoch: 90, Loss: 0.0007, lr: 0.000082, Train: 0.9827, Valid: 0.8947, Test: 0.8599
Run: 09, Epoch: 91, Loss: 0.0007, lr: 0.000082, Train: 0.9828, Valid: 0.8948, Test: 0.8598
Run: 09, Epoch: 92, Loss: 0.0007, lr: 0.000082, Train: 0.9829, Valid: 0.8950, Test: 0.8598
Run: 09, Epoch: 93, Loss: 0.0007, lr: 0.000082, Train: 0.9830, Valid: 0.8953, Test: 0.8598
Run: 09, Epoch: 94, Loss: 0.0007, lr: 0.000082, Train: 0.9831, Valid: 0.8955, Test: 0.8599
Run: 09, Epoch: 95, Loss: 0.0007, lr: 0.000082, Train: 0.9831, Valid: 0.8957, Test: 0.8599
Run: 09, Epoch: 96, Loss: 0.0007, lr: 0.000082, Train: 0.9832, Valid: 0.8959, Test: 0.8600
Run: 09, Epoch: 97, Loss: 0.0007, lr: 0.000082, Train: 0.9833, Valid: 0.8961, Test: 0.8601
Run: 09, Epoch: 98, Loss: 0.0007, lr: 0.000082, Train: 0.9834, Valid: 0.8963, Test: 0.8602
Run: 09, Epoch: 99, Loss: 0.0006, lr: 0.000082, Train: 0.9835, Valid: 0.8965, Test: 0.8602
Run: 09, Epoch: 100, Loss: 0.0006, lr: 0.000082, Train: 0.9836, Valid: 0.8966, Test: 0.8601
Run 09:
Highest Train: 0.98
Highest Valid: 0.90
  Final Train: 0.98
   Final Test: 0.86
Run: 10, Epoch: 01, Loss: 0.0449, lr: 0.001000, Train: 0.5276, Valid: -0.0886, Test: 0.1291
Run: 10, Epoch: 02, Loss: 0.0118, lr: 0.001000, Train: 0.6329, Valid: 0.1867, Test: 0.2834
Run: 10, Epoch: 03, Loss: 0.0096, lr: 0.001000, Train: 0.6685, Valid: 0.4396, Test: 0.3764
Run: 10, Epoch: 04, Loss: 0.0081, lr: 0.001000, Train: 0.7103, Valid: 0.5990, Test: 0.5028
Run: 10, Epoch: 05, Loss: 0.0068, lr: 0.001000, Train: 0.7657, Valid: 0.6947, Test: 0.6165
Run: 10, Epoch: 06, Loss: 0.0047, lr: 0.001000, Train: 0.8091, Valid: 0.7364, Test: 0.6604
Run: 10, Epoch: 07, Loss: 0.0030, lr: 0.001000, Train: 0.8122, Valid: 0.7035, Test: 0.6179
Run: 10, Epoch: 08, Loss: 0.0027, lr: 0.001000, Train: 0.7678, Valid: 0.6089, Test: 0.4959
Run: 10, Epoch: 09, Loss: 0.0031, lr: 0.001000, Train: 0.7087, Valid: 0.5028, Test: 0.3538
Run: 10, Epoch: 10, Loss: 0.0031, lr: 0.001000, Train: 0.6719, Valid: 0.4321, Test: 0.2727
Run: 10, Epoch: 11, Loss: 0.0027, lr: 0.001000, Train: 0.6708, Valid: 0.4119, Test: 0.2755
Run: 10, Epoch: 12, Loss: 0.0020, lr: 0.001000, Train: 0.6954, Valid: 0.4308, Test: 0.3360
Run: 10, Epoch: 13, Loss: 0.0017, lr: 0.000700, Train: 0.7291, Valid: 0.4824, Test: 0.4126
Run: 10, Epoch: 14, Loss: 0.0017, lr: 0.000700, Train: 0.7531, Valid: 0.5235, Test: 0.4651
Run: 10, Epoch: 15, Loss: 0.0018, lr: 0.000700, Train: 0.7672, Valid: 0.5514, Test: 0.4965
Run: 10, Epoch: 16, Loss: 0.0018, lr: 0.000700, Train: 0.7780, Valid: 0.5753, Test: 0.5185
Run: 10, Epoch: 17, Loss: 0.0018, lr: 0.000700, Train: 0.7926, Valid: 0.6049, Test: 0.5455
Run: 10, Epoch: 18, Loss: 0.0017, lr: 0.000700, Train: 0.8170, Valid: 0.6474, Test: 0.5889
Run: 10, Epoch: 19, Loss: 0.0016, lr: 0.000490, Train: 0.8497, Valid: 0.7041, Test: 0.6483
Run: 10, Epoch: 20, Loss: 0.0015, lr: 0.000490, Train: 0.8820, Valid: 0.7606, Test: 0.7085
Run: 10, Epoch: 21, Loss: 0.0014, lr: 0.000490, Train: 0.9094, Valid: 0.8119, Test: 0.7604
Run: 10, Epoch: 22, Loss: 0.0013, lr: 0.000490, Train: 0.9293, Valid: 0.8532, Test: 0.8002
Run: 10, Epoch: 23, Loss: 0.0013, lr: 0.000490, Train: 0.9418, Valid: 0.8835, Test: 0.8264
Run: 10, Epoch: 24, Loss: 0.0013, lr: 0.000490, Train: 0.9484, Valid: 0.9043, Test: 0.8407
Run: 10, Epoch: 25, Loss: 0.0013, lr: 0.000490, Train: 0.9514, Valid: 0.9172, Test: 0.8466
Run: 10, Epoch: 26, Loss: 0.0013, lr: 0.000490, Train: 0.9527, Valid: 0.9249, Test: 0.8482
Run: 10, Epoch: 27, Loss: 0.0013, lr: 0.000490, Train: 0.9542, Valid: 0.9300, Test: 0.8495
Run: 10, Epoch: 28, Loss: 0.0012, lr: 0.000490, Train: 0.9571, Valid: 0.9343, Test: 0.8532
Run: 10, Epoch: 29, Loss: 0.0012, lr: 0.000490, Train: 0.9615, Valid: 0.9384, Test: 0.8596
Run: 10, Epoch: 30, Loss: 0.0012, lr: 0.000490, Train: 0.9663, Valid: 0.9420, Test: 0.8667
Run: 10, Epoch: 31, Loss: 0.0011, lr: 0.000490, Train: 0.9701, Valid: 0.9444, Test: 0.8718
Run: 10, Epoch: 32, Loss: 0.0011, lr: 0.000490, Train: 0.9724, Valid: 0.9457, Test: 0.8739
Run: 10, Epoch: 33, Loss: 0.0011, lr: 0.000490, Train: 0.9735, Valid: 0.9469, Test: 0.8740
Run: 10, Epoch: 34, Loss: 0.0010, lr: 0.000490, Train: 0.9740, Valid: 0.9485, Test: 0.8738
Run: 10, Epoch: 35, Loss: 0.0010, lr: 0.000490, Train: 0.9743, Valid: 0.9506, Test: 0.8743
Run: 10, Epoch: 36, Loss: 0.0010, lr: 0.000490, Train: 0.9743, Valid: 0.9526, Test: 0.8754
Run: 10, Epoch: 37, Loss: 0.0010, lr: 0.000490, Train: 0.9740, Valid: 0.9540, Test: 0.8767
Run: 10, Epoch: 38, Loss: 0.0010, lr: 0.000490, Train: 0.9733, Valid: 0.9544, Test: 0.8776
Run: 10, Epoch: 39, Loss: 0.0010, lr: 0.000490, Train: 0.9718, Valid: 0.9533, Test: 0.8775
Run: 10, Epoch: 40, Loss: 0.0009, lr: 0.000490, Train: 0.9697, Valid: 0.9511, Test: 0.8760
Run: 10, Epoch: 41, Loss: 0.0009, lr: 0.000490, Train: 0.9675, Valid: 0.9486, Test: 0.8742
Run: 10, Epoch: 42, Loss: 0.0009, lr: 0.000490, Train: 0.9661, Valid: 0.9467, Test: 0.8730
Run: 10, Epoch: 43, Loss: 0.0009, lr: 0.000490, Train: 0.9659, Valid: 0.9463, Test: 0.8731
Run: 10, Epoch: 44, Loss: 0.0009, lr: 0.000490, Train: 0.9666, Valid: 0.9470, Test: 0.8742
Run: 10, Epoch: 45, Loss: 0.0009, lr: 0.000343, Train: 0.9681, Valid: 0.9490, Test: 0.8758
Run: 10, Epoch: 46, Loss: 0.0009, lr: 0.000343, Train: 0.9695, Valid: 0.9506, Test: 0.8769
Run: 10, Epoch: 47, Loss: 0.0008, lr: 0.000343, Train: 0.9706, Valid: 0.9517, Test: 0.8773
Run: 10, Epoch: 48, Loss: 0.0008, lr: 0.000343, Train: 0.9715, Valid: 0.9522, Test: 0.8771
Run: 10, Epoch: 49, Loss: 0.0008, lr: 0.000343, Train: 0.9720, Valid: 0.9523, Test: 0.8764
Run: 10, Epoch: 50, Loss: 0.0008, lr: 0.000343, Train: 0.9724, Valid: 0.9522, Test: 0.8755
Run: 10, Epoch: 51, Loss: 0.0008, lr: 0.000240, Train: 0.9731, Valid: 0.9528, Test: 0.8759
Run: 10, Epoch: 52, Loss: 0.0008, lr: 0.000240, Train: 0.9738, Valid: 0.9533, Test: 0.8764
Run: 10, Epoch: 53, Loss: 0.0008, lr: 0.000240, Train: 0.9744, Valid: 0.9538, Test: 0.8770
Run: 10, Epoch: 54, Loss: 0.0008, lr: 0.000240, Train: 0.9750, Valid: 0.9542, Test: 0.8777
Run: 10, Epoch: 55, Loss: 0.0008, lr: 0.000240, Train: 0.9753, Valid: 0.9544, Test: 0.8783
Run: 10, Epoch: 56, Loss: 0.0008, lr: 0.000240, Train: 0.9755, Valid: 0.9545, Test: 0.8787
Run: 10, Epoch: 57, Loss: 0.0008, lr: 0.000240, Train: 0.9755, Valid: 0.9543, Test: 0.8788
Run: 10, Epoch: 58, Loss: 0.0008, lr: 0.000240, Train: 0.9754, Valid: 0.9540, Test: 0.8787
Run: 10, Epoch: 59, Loss: 0.0008, lr: 0.000240, Train: 0.9752, Valid: 0.9536, Test: 0.8784
Run: 10, Epoch: 60, Loss: 0.0007, lr: 0.000240, Train: 0.9751, Valid: 0.9533, Test: 0.8782
Run: 10, Epoch: 61, Loss: 0.0007, lr: 0.000240, Train: 0.9751, Valid: 0.9534, Test: 0.8781
Run: 10, Epoch: 62, Loss: 0.0007, lr: 0.000240, Train: 0.9753, Valid: 0.9537, Test: 0.8783
Run: 10, Epoch: 63, Loss: 0.0007, lr: 0.000168, Train: 0.9761, Valid: 0.9548, Test: 0.8793
Run: 10, Epoch: 64, Loss: 0.0007, lr: 0.000168, Train: 0.9769, Valid: 0.9560, Test: 0.8803
Run: 10, Epoch: 65, Loss: 0.0007, lr: 0.000168, Train: 0.9777, Valid: 0.9571, Test: 0.8812
Run: 10, Epoch: 66, Loss: 0.0007, lr: 0.000168, Train: 0.9784, Valid: 0.9581, Test: 0.8821
Run: 10, Epoch: 67, Loss: 0.0007, lr: 0.000168, Train: 0.9791, Valid: 0.9589, Test: 0.8827
Run: 10, Epoch: 68, Loss: 0.0007, lr: 0.000168, Train: 0.9796, Valid: 0.9596, Test: 0.8831
Run: 10, Epoch: 69, Loss: 0.0007, lr: 0.000168, Train: 0.9800, Valid: 0.9600, Test: 0.8834
Run: 10, Epoch: 70, Loss: 0.0007, lr: 0.000168, Train: 0.9803, Valid: 0.9603, Test: 0.8835
Run: 10, Epoch: 71, Loss: 0.0007, lr: 0.000168, Train: 0.9806, Valid: 0.9605, Test: 0.8836
Run: 10, Epoch: 72, Loss: 0.0007, lr: 0.000168, Train: 0.9808, Valid: 0.9605, Test: 0.8836
Run: 10, Epoch: 73, Loss: 0.0007, lr: 0.000168, Train: 0.9810, Valid: 0.9606, Test: 0.8835
Run: 10, Epoch: 74, Loss: 0.0007, lr: 0.000168, Train: 0.9812, Valid: 0.9605, Test: 0.8835
Run: 10, Epoch: 75, Loss: 0.0007, lr: 0.000168, Train: 0.9813, Valid: 0.9605, Test: 0.8834
Run: 10, Epoch: 76, Loss: 0.0007, lr: 0.000168, Train: 0.9815, Valid: 0.9605, Test: 0.8834
Run: 10, Epoch: 77, Loss: 0.0007, lr: 0.000168, Train: 0.9816, Valid: 0.9606, Test: 0.8833
Run: 10, Epoch: 78, Loss: 0.0007, lr: 0.000168, Train: 0.9817, Valid: 0.9607, Test: 0.8833
Run: 10, Epoch: 79, Loss: 0.0007, lr: 0.000168, Train: 0.9818, Valid: 0.9607, Test: 0.8832
Run: 10, Epoch: 80, Loss: 0.0007, lr: 0.000168, Train: 0.9819, Valid: 0.9608, Test: 0.8832
Run: 10, Epoch: 81, Loss: 0.0007, lr: 0.000168, Train: 0.9820, Valid: 0.9609, Test: 0.8831
Run: 10, Epoch: 82, Loss: 0.0007, lr: 0.000168, Train: 0.9821, Valid: 0.9609, Test: 0.8831
Run: 10, Epoch: 83, Loss: 0.0007, lr: 0.000168, Train: 0.9821, Valid: 0.9609, Test: 0.8830
Run: 10, Epoch: 84, Loss: 0.0007, lr: 0.000168, Train: 0.9822, Valid: 0.9609, Test: 0.8830
Run: 10, Epoch: 85, Loss: 0.0006, lr: 0.000168, Train: 0.9823, Valid: 0.9609, Test: 0.8829
Run: 10, Epoch: 86, Loss: 0.0006, lr: 0.000168, Train: 0.9824, Valid: 0.9609, Test: 0.8829
Run: 10, Epoch: 87, Loss: 0.0006, lr: 0.000168, Train: 0.9826, Valid: 0.9609, Test: 0.8830
Run: 10, Epoch: 88, Loss: 0.0006, lr: 0.000118, Train: 0.9828, Valid: 0.9610, Test: 0.8831
Run: 10, Epoch: 89, Loss: 0.0006, lr: 0.000118, Train: 0.9831, Valid: 0.9611, Test: 0.8833
Run: 10, Epoch: 90, Loss: 0.0006, lr: 0.000118, Train: 0.9833, Valid: 0.9611, Test: 0.8833
Run: 10, Epoch: 91, Loss: 0.0006, lr: 0.000118, Train: 0.9835, Valid: 0.9611, Test: 0.8834
Run: 10, Epoch: 92, Loss: 0.0006, lr: 0.000118, Train: 0.9836, Valid: 0.9611, Test: 0.8834
Run: 10, Epoch: 93, Loss: 0.0006, lr: 0.000118, Train: 0.9838, Valid: 0.9611, Test: 0.8834
Run: 10, Epoch: 94, Loss: 0.0006, lr: 0.000118, Train: 0.9839, Valid: 0.9611, Test: 0.8834
Run: 10, Epoch: 95, Loss: 0.0006, lr: 0.000118, Train: 0.9840, Valid: 0.9612, Test: 0.8834
Run: 10, Epoch: 96, Loss: 0.0006, lr: 0.000118, Train: 0.9841, Valid: 0.9612, Test: 0.8834
Run: 10, Epoch: 97, Loss: 0.0006, lr: 0.000082, Train: 0.9842, Valid: 0.9613, Test: 0.8835
Run: 10, Epoch: 98, Loss: 0.0006, lr: 0.000082, Train: 0.9843, Valid: 0.9613, Test: 0.8836
Run: 10, Epoch: 99, Loss: 0.0006, lr: 0.000082, Train: 0.9844, Valid: 0.9614, Test: 0.8836
Run: 10, Epoch: 100, Loss: 0.0006, lr: 0.000082, Train: 0.9846, Valid: 0.9615, Test: 0.8837
Run 10:
Highest Train: 0.98
Highest Valid: 0.96
  Final Train: 0.98
   Final Test: 0.88
All runs:
Highest Train: 0.98  0.00
Highest Valid: 0.92  0.03
  Final Train: 0.97  0.03
   Final Test: 0.90  0.05
