Namespace(conv_layers=3, device=0, dropout=0.0, epochs=100, hidden_dim=256, log_steps=1, lr=0.001, method='sage', mlp_layers=2, runs=10, subset='physics')
Run: 01, Epoch: 01, Loss: 0.0368, lr: 0.001000, Train: 0.6915, Valid: 0.7735, Test: 0.5358
Run: 01, Epoch: 02, Loss: 0.0065, lr: 0.001000, Train: 0.7892, Valid: 0.9103, Test: 0.6729
Run: 01, Epoch: 03, Loss: 0.0092, lr: 0.001000, Train: 0.8294, Valid: 0.9349, Test: 0.7458
Run: 01, Epoch: 04, Loss: 0.0071, lr: 0.001000, Train: 0.8382, Valid: 0.9355, Test: 0.7714
Run: 01, Epoch: 05, Loss: 0.0048, lr: 0.001000, Train: 0.8236, Valid: 0.9270, Test: 0.7504
Run: 01, Epoch: 06, Loss: 0.0031, lr: 0.001000, Train: 0.7892, Valid: 0.9076, Test: 0.6816
Run: 01, Epoch: 07, Loss: 0.0033, lr: 0.001000, Train: 0.7565, Valid: 0.8818, Test: 0.6042
Run: 01, Epoch: 08, Loss: 0.0033, lr: 0.001000, Train: 0.7271, Valid: 0.8572, Test: 0.5328
Run: 01, Epoch: 09, Loss: 0.0028, lr: 0.001000, Train: 0.6996, Valid: 0.8461, Test: 0.4818
Run: 01, Epoch: 10, Loss: 0.0023, lr: 0.001000, Train: 0.6886, Valid: 0.8545, Test: 0.4755
Run: 01, Epoch: 11, Loss: 0.0019, lr: 0.000700, Train: 0.7168, Valid: 0.8716, Test: 0.5337
Run: 01, Epoch: 12, Loss: 0.0018, lr: 0.000700, Train: 0.7648, Valid: 0.8910, Test: 0.6201
Run: 01, Epoch: 13, Loss: 0.0017, lr: 0.000700, Train: 0.8168, Valid: 0.9080, Test: 0.7080
Run: 01, Epoch: 14, Loss: 0.0015, lr: 0.000700, Train: 0.8580, Valid: 0.9191, Test: 0.7744
Run: 01, Epoch: 15, Loss: 0.0014, lr: 0.000700, Train: 0.8838, Valid: 0.9254, Test: 0.8131
Run: 01, Epoch: 16, Loss: 0.0013, lr: 0.000700, Train: 0.8955, Valid: 0.9283, Test: 0.8263
Run: 01, Epoch: 17, Loss: 0.0012, lr: 0.000490, Train: 0.8980, Valid: 0.9290, Test: 0.8248
Run: 01, Epoch: 18, Loss: 0.0012, lr: 0.000490, Train: 0.8919, Valid: 0.9260, Test: 0.8082
Run: 01, Epoch: 19, Loss: 0.0011, lr: 0.000490, Train: 0.8787, Valid: 0.9194, Test: 0.7805
Run: 01, Epoch: 20, Loss: 0.0010, lr: 0.000490, Train: 0.8615, Valid: 0.9109, Test: 0.7489
Run: 01, Epoch: 21, Loss: 0.0009, lr: 0.000490, Train: 0.8452, Valid: 0.9041, Test: 0.7222
Run: 01, Epoch: 22, Loss: 0.0009, lr: 0.000490, Train: 0.8356, Valid: 0.9019, Test: 0.7099
Run: 01, Epoch: 23, Loss: 0.0008, lr: 0.000343, Train: 0.8446, Valid: 0.9081, Test: 0.7278
Run: 01, Epoch: 24, Loss: 0.0008, lr: 0.000343, Train: 0.8610, Valid: 0.9179, Test: 0.7575
Run: 01, Epoch: 25, Loss: 0.0008, lr: 0.000343, Train: 0.8827, Valid: 0.9296, Test: 0.7949
Run: 01, Epoch: 26, Loss: 0.0008, lr: 0.000343, Train: 0.9065, Valid: 0.9413, Test: 0.8356
Run: 01, Epoch: 27, Loss: 0.0008, lr: 0.000343, Train: 0.9295, Valid: 0.9516, Test: 0.8752
Run: 01, Epoch: 28, Loss: 0.0007, lr: 0.000343, Train: 0.9485, Valid: 0.9594, Test: 0.9088
Run: 01, Epoch: 29, Loss: 0.0007, lr: 0.000343, Train: 0.9621, Valid: 0.9642, Test: 0.9341
Run: 01, Epoch: 30, Loss: 0.0007, lr: 0.000343, Train: 0.9704, Valid: 0.9664, Test: 0.9507
Run: 01, Epoch: 31, Loss: 0.0006, lr: 0.000343, Train: 0.9744, Valid: 0.9669, Test: 0.9598
Run: 01, Epoch: 32, Loss: 0.0006, lr: 0.000343, Train: 0.9760, Valid: 0.9670, Test: 0.9638
Run: 01, Epoch: 33, Loss: 0.0006, lr: 0.000343, Train: 0.9770, Valid: 0.9672, Test: 0.9649
Run: 01, Epoch: 34, Loss: 0.0006, lr: 0.000343, Train: 0.9780, Valid: 0.9681, Test: 0.9646
Run: 01, Epoch: 35, Loss: 0.0006, lr: 0.000343, Train: 0.9792, Valid: 0.9694, Test: 0.9635
Run: 01, Epoch: 36, Loss: 0.0006, lr: 0.000343, Train: 0.9803, Valid: 0.9709, Test: 0.9619
Run: 01, Epoch: 37, Loss: 0.0005, lr: 0.000343, Train: 0.9812, Valid: 0.9723, Test: 0.9599
Run: 01, Epoch: 38, Loss: 0.0005, lr: 0.000343, Train: 0.9818, Valid: 0.9735, Test: 0.9580
Run: 01, Epoch: 39, Loss: 0.0005, lr: 0.000343, Train: 0.9821, Valid: 0.9743, Test: 0.9563
Run: 01, Epoch: 40, Loss: 0.0005, lr: 0.000343, Train: 0.9824, Valid: 0.9748, Test: 0.9548
Run: 01, Epoch: 41, Loss: 0.0005, lr: 0.000343, Train: 0.9826, Valid: 0.9749, Test: 0.9537
Run: 01, Epoch: 42, Loss: 0.0005, lr: 0.000343, Train: 0.9828, Valid: 0.9749, Test: 0.9530
Run: 01, Epoch: 43, Loss: 0.0004, lr: 0.000343, Train: 0.9832, Valid: 0.9747, Test: 0.9529
Run: 01, Epoch: 44, Loss: 0.0004, lr: 0.000343, Train: 0.9836, Valid: 0.9744, Test: 0.9534
Run: 01, Epoch: 45, Loss: 0.0004, lr: 0.000343, Train: 0.9841, Valid: 0.9741, Test: 0.9544
Run: 01, Epoch: 46, Loss: 0.0004, lr: 0.000343, Train: 0.9845, Valid: 0.9738, Test: 0.9557
Run: 01, Epoch: 47, Loss: 0.0004, lr: 0.000343, Train: 0.9849, Valid: 0.9736, Test: 0.9570
Run: 01, Epoch: 48, Loss: 0.0004, lr: 0.000240, Train: 0.9854, Valid: 0.9736, Test: 0.9575
Run: 01, Epoch: 49, Loss: 0.0004, lr: 0.000240, Train: 0.9858, Valid: 0.9736, Test: 0.9576
Run: 01, Epoch: 50, Loss: 0.0004, lr: 0.000240, Train: 0.9863, Valid: 0.9738, Test: 0.9574
Run: 01, Epoch: 51, Loss: 0.0004, lr: 0.000240, Train: 0.9868, Valid: 0.9741, Test: 0.9569
Run: 01, Epoch: 52, Loss: 0.0003, lr: 0.000240, Train: 0.9872, Valid: 0.9744, Test: 0.9560
Run: 01, Epoch: 53, Loss: 0.0003, lr: 0.000240, Train: 0.9875, Valid: 0.9746, Test: 0.9551
Run: 01, Epoch: 54, Loss: 0.0003, lr: 0.000168, Train: 0.9878, Valid: 0.9747, Test: 0.9544
Run: 01, Epoch: 55, Loss: 0.0003, lr: 0.000168, Train: 0.9881, Valid: 0.9746, Test: 0.9538
Run: 01, Epoch: 56, Loss: 0.0003, lr: 0.000168, Train: 0.9884, Valid: 0.9745, Test: 0.9532
Run: 01, Epoch: 57, Loss: 0.0003, lr: 0.000168, Train: 0.9886, Valid: 0.9744, Test: 0.9527
Run: 01, Epoch: 58, Loss: 0.0003, lr: 0.000168, Train: 0.9888, Valid: 0.9742, Test: 0.9521
Run: 01, Epoch: 59, Loss: 0.0003, lr: 0.000168, Train: 0.9890, Valid: 0.9740, Test: 0.9514
Run: 01, Epoch: 60, Loss: 0.0003, lr: 0.000118, Train: 0.9892, Valid: 0.9739, Test: 0.9510
Run: 01, Epoch: 61, Loss: 0.0003, lr: 0.000118, Train: 0.9893, Valid: 0.9739, Test: 0.9506
Run: 01, Epoch: 62, Loss: 0.0003, lr: 0.000118, Train: 0.9895, Valid: 0.9738, Test: 0.9502
Run: 01, Epoch: 63, Loss: 0.0003, lr: 0.000118, Train: 0.9897, Valid: 0.9738, Test: 0.9498
Run: 01, Epoch: 64, Loss: 0.0003, lr: 0.000118, Train: 0.9898, Valid: 0.9738, Test: 0.9495
Run: 01, Epoch: 65, Loss: 0.0003, lr: 0.000118, Train: 0.9900, Valid: 0.9737, Test: 0.9493
Run: 01, Epoch: 66, Loss: 0.0003, lr: 0.000082, Train: 0.9901, Valid: 0.9737, Test: 0.9492
Run: 01, Epoch: 67, Loss: 0.0003, lr: 0.000082, Train: 0.9903, Valid: 0.9737, Test: 0.9492
Run: 01, Epoch: 68, Loss: 0.0003, lr: 0.000082, Train: 0.9904, Valid: 0.9737, Test: 0.9493
Run: 01, Epoch: 69, Loss: 0.0003, lr: 0.000082, Train: 0.9906, Valid: 0.9736, Test: 0.9494
Run: 01, Epoch: 70, Loss: 0.0003, lr: 0.000082, Train: 0.9907, Valid: 0.9736, Test: 0.9495
Run: 01, Epoch: 71, Loss: 0.0003, lr: 0.000082, Train: 0.9908, Valid: 0.9736, Test: 0.9496
Run: 01, Epoch: 72, Loss: 0.0003, lr: 0.000058, Train: 0.9909, Valid: 0.9736, Test: 0.9498
Run: 01, Epoch: 73, Loss: 0.0003, lr: 0.000058, Train: 0.9910, Valid: 0.9735, Test: 0.9499
Run: 01, Epoch: 74, Loss: 0.0003, lr: 0.000058, Train: 0.9911, Valid: 0.9735, Test: 0.9500
Run: 01, Epoch: 75, Loss: 0.0003, lr: 0.000058, Train: 0.9912, Valid: 0.9735, Test: 0.9500
Run: 01, Epoch: 76, Loss: 0.0003, lr: 0.000058, Train: 0.9912, Valid: 0.9735, Test: 0.9501
Run: 01, Epoch: 77, Loss: 0.0003, lr: 0.000058, Train: 0.9913, Valid: 0.9734, Test: 0.9501
Run: 01, Epoch: 78, Loss: 0.0003, lr: 0.000040, Train: 0.9914, Valid: 0.9734, Test: 0.9501
Run: 01, Epoch: 79, Loss: 0.0003, lr: 0.000040, Train: 0.9914, Valid: 0.9734, Test: 0.9501
Run: 01, Epoch: 80, Loss: 0.0003, lr: 0.000040, Train: 0.9915, Valid: 0.9733, Test: 0.9501
Run: 01, Epoch: 81, Loss: 0.0003, lr: 0.000040, Train: 0.9915, Valid: 0.9733, Test: 0.9500
Run: 01, Epoch: 82, Loss: 0.0003, lr: 0.000040, Train: 0.9916, Valid: 0.9733, Test: 0.9500
Run: 01, Epoch: 83, Loss: 0.0003, lr: 0.000040, Train: 0.9916, Valid: 0.9732, Test: 0.9499
Run: 01, Epoch: 84, Loss: 0.0003, lr: 0.000028, Train: 0.9916, Valid: 0.9732, Test: 0.9499
Run: 01, Epoch: 85, Loss: 0.0003, lr: 0.000028, Train: 0.9917, Valid: 0.9732, Test: 0.9498
Run: 01, Epoch: 86, Loss: 0.0003, lr: 0.000028, Train: 0.9917, Valid: 0.9731, Test: 0.9497
Run: 01, Epoch: 87, Loss: 0.0003, lr: 0.000028, Train: 0.9917, Valid: 0.9731, Test: 0.9497
Run: 01, Epoch: 88, Loss: 0.0002, lr: 0.000028, Train: 0.9918, Valid: 0.9731, Test: 0.9496
Run: 01, Epoch: 89, Loss: 0.0002, lr: 0.000028, Train: 0.9918, Valid: 0.9731, Test: 0.9495
Run: 01, Epoch: 90, Loss: 0.0002, lr: 0.000020, Train: 0.9918, Valid: 0.9731, Test: 0.9495
Run: 01, Epoch: 91, Loss: 0.0002, lr: 0.000020, Train: 0.9918, Valid: 0.9731, Test: 0.9494
Run: 01, Epoch: 92, Loss: 0.0002, lr: 0.000020, Train: 0.9919, Valid: 0.9731, Test: 0.9494
Run: 01, Epoch: 93, Loss: 0.0002, lr: 0.000020, Train: 0.9919, Valid: 0.9731, Test: 0.9493
Run: 01, Epoch: 94, Loss: 0.0002, lr: 0.000020, Train: 0.9919, Valid: 0.9731, Test: 0.9493
Run: 01, Epoch: 95, Loss: 0.0002, lr: 0.000020, Train: 0.9919, Valid: 0.9731, Test: 0.9492
Run: 01, Epoch: 96, Loss: 0.0002, lr: 0.000014, Train: 0.9919, Valid: 0.9731, Test: 0.9492
Run: 01, Epoch: 97, Loss: 0.0002, lr: 0.000014, Train: 0.9920, Valid: 0.9731, Test: 0.9492
Run: 01, Epoch: 98, Loss: 0.0002, lr: 0.000014, Train: 0.9920, Valid: 0.9731, Test: 0.9492
Run: 01, Epoch: 99, Loss: 0.0002, lr: 0.000014, Train: 0.9920, Valid: 0.9731, Test: 0.9492
Run: 01, Epoch: 100, Loss: 0.0002, lr: 0.000014, Train: 0.9920, Valid: 0.9731, Test: 0.9492
Run 01:
Highest Train: 0.99
Highest Valid: 0.97
  Final Train: 0.98
   Final Test: 0.95
Run: 02, Epoch: 01, Loss: 0.0690, lr: 0.001000, Train: 0.4999, Valid: 0.2074, Test: 0.4313
Run: 02, Epoch: 02, Loss: 0.0074, lr: 0.001000, Train: 0.6399, Valid: 0.2647, Test: 0.5648
Run: 02, Epoch: 03, Loss: 0.0084, lr: 0.001000, Train: 0.6381, Valid: 0.3184, Test: 0.5604
Run: 02, Epoch: 04, Loss: 0.0065, lr: 0.001000, Train: 0.6166, Valid: 0.3628, Test: 0.5339
Run: 02, Epoch: 05, Loss: 0.0038, lr: 0.001000, Train: 0.6110, Valid: 0.4042, Test: 0.5294
Run: 02, Epoch: 06, Loss: 0.0025, lr: 0.001000, Train: 0.6224, Valid: 0.4413, Test: 0.5488
Run: 02, Epoch: 07, Loss: 0.0027, lr: 0.001000, Train: 0.6332, Valid: 0.4577, Test: 0.5608
Run: 02, Epoch: 08, Loss: 0.0030, lr: 0.001000, Train: 0.6087, Valid: 0.4298, Test: 0.5338
Run: 02, Epoch: 09, Loss: 0.0029, lr: 0.001000, Train: 0.5439, Valid: 0.3683, Test: 0.4665
Run: 02, Epoch: 10, Loss: 0.0023, lr: 0.001000, Train: 0.4559, Valid: 0.2909, Test: 0.3732
Run: 02, Epoch: 11, Loss: 0.0019, lr: 0.001000, Train: 0.3659, Valid: 0.2179, Test: 0.2833
Run: 02, Epoch: 12, Loss: 0.0017, lr: 0.001000, Train: 0.3115, Valid: 0.1779, Test: 0.2395
Run: 02, Epoch: 13, Loss: 0.0017, lr: 0.001000, Train: 0.3218, Valid: 0.1954, Test: 0.2564
Run: 02, Epoch: 14, Loss: 0.0017, lr: 0.000700, Train: 0.4031, Valid: 0.2843, Test: 0.3419
Run: 02, Epoch: 15, Loss: 0.0015, lr: 0.000700, Train: 0.4972, Valid: 0.3799, Test: 0.4375
Run: 02, Epoch: 16, Loss: 0.0013, lr: 0.000700, Train: 0.5846, Valid: 0.4652, Test: 0.5253
Run: 02, Epoch: 17, Loss: 0.0011, lr: 0.000700, Train: 0.6535, Valid: 0.5312, Test: 0.5958
Run: 02, Epoch: 18, Loss: 0.0010, lr: 0.000700, Train: 0.7008, Valid: 0.5744, Test: 0.6438
Run: 02, Epoch: 19, Loss: 0.0009, lr: 0.000700, Train: 0.7279, Valid: 0.5942, Test: 0.6702
Run: 02, Epoch: 20, Loss: 0.0010, lr: 0.000700, Train: 0.7375, Valid: 0.5982, Test: 0.6771
Run: 02, Epoch: 21, Loss: 0.0009, lr: 0.000700, Train: 0.7341, Valid: 0.5940, Test: 0.6698
Run: 02, Epoch: 22, Loss: 0.0009, lr: 0.000700, Train: 0.7229, Valid: 0.5873, Test: 0.6565
Run: 02, Epoch: 23, Loss: 0.0008, lr: 0.000700, Train: 0.7111, Valid: 0.5847, Test: 0.6475
Run: 02, Epoch: 24, Loss: 0.0008, lr: 0.000700, Train: 0.7076, Valid: 0.5915, Test: 0.6517
Run: 02, Epoch: 25, Loss: 0.0007, lr: 0.000700, Train: 0.7205, Valid: 0.6158, Test: 0.6767
Run: 02, Epoch: 26, Loss: 0.0007, lr: 0.000700, Train: 0.7563, Valid: 0.6566, Test: 0.7232
Run: 02, Epoch: 27, Loss: 0.0007, lr: 0.000700, Train: 0.8116, Valid: 0.7111, Test: 0.7862
Run: 02, Epoch: 28, Loss: 0.0007, lr: 0.000700, Train: 0.8718, Valid: 0.7632, Test: 0.8523
Run: 02, Epoch: 29, Loss: 0.0007, lr: 0.000700, Train: 0.9207, Valid: 0.7981, Test: 0.9053
Run: 02, Epoch: 30, Loss: 0.0006, lr: 0.000700, Train: 0.9508, Valid: 0.8130, Test: 0.9374
Run: 02, Epoch: 31, Loss: 0.0006, lr: 0.000700, Train: 0.9658, Valid: 0.8179, Test: 0.9517
Run: 02, Epoch: 32, Loss: 0.0006, lr: 0.000700, Train: 0.9733, Valid: 0.8237, Test: 0.9551
Run: 02, Epoch: 33, Loss: 0.0005, lr: 0.000700, Train: 0.9756, Valid: 0.8328, Test: 0.9498
Run: 02, Epoch: 34, Loss: 0.0005, lr: 0.000700, Train: 0.9690, Valid: 0.8374, Test: 0.9339
Run: 02, Epoch: 35, Loss: 0.0005, lr: 0.000700, Train: 0.9525, Valid: 0.8320, Test: 0.9085
Run: 02, Epoch: 36, Loss: 0.0005, lr: 0.000700, Train: 0.9343, Valid: 0.8220, Test: 0.8840
Run: 02, Epoch: 37, Loss: 0.0005, lr: 0.000700, Train: 0.9265, Valid: 0.8187, Test: 0.8734
Run: 02, Epoch: 38, Loss: 0.0004, lr: 0.000700, Train: 0.9343, Valid: 0.8266, Test: 0.8816
Run: 02, Epoch: 39, Loss: 0.0004, lr: 0.000700, Train: 0.9524, Valid: 0.8402, Test: 0.9017
Run: 02, Epoch: 40, Loss: 0.0004, lr: 0.000700, Train: 0.9698, Valid: 0.8495, Test: 0.9226
Run: 02, Epoch: 41, Loss: 0.0004, lr: 0.000700, Train: 0.9795, Valid: 0.8500, Test: 0.9362
Run: 02, Epoch: 42, Loss: 0.0004, lr: 0.000700, Train: 0.9823, Valid: 0.8461, Test: 0.9424
Run: 02, Epoch: 43, Loss: 0.0004, lr: 0.000700, Train: 0.9820, Valid: 0.8441, Test: 0.9432
Run: 02, Epoch: 44, Loss: 0.0004, lr: 0.000700, Train: 0.9805, Valid: 0.8458, Test: 0.9395
Run: 02, Epoch: 45, Loss: 0.0004, lr: 0.000700, Train: 0.9776, Valid: 0.8487, Test: 0.9314
Run: 02, Epoch: 46, Loss: 0.0003, lr: 0.000700, Train: 0.9734, Valid: 0.8501, Test: 0.9205
Run: 02, Epoch: 47, Loss: 0.0003, lr: 0.000700, Train: 0.9697, Valid: 0.8501, Test: 0.9108
Run: 02, Epoch: 48, Loss: 0.0003, lr: 0.000700, Train: 0.9682, Valid: 0.8500, Test: 0.9056
Run: 02, Epoch: 49, Loss: 0.0003, lr: 0.000700, Train: 0.9695, Valid: 0.8505, Test: 0.9052
Run: 02, Epoch: 50, Loss: 0.0003, lr: 0.000700, Train: 0.9727, Valid: 0.8518, Test: 0.9077
Run: 02, Epoch: 51, Loss: 0.0003, lr: 0.000700, Train: 0.9758, Valid: 0.8536, Test: 0.9106
Run: 02, Epoch: 52, Loss: 0.0003, lr: 0.000700, Train: 0.9776, Valid: 0.8553, Test: 0.9128
Run: 02, Epoch: 53, Loss: 0.0003, lr: 0.000700, Train: 0.9781, Valid: 0.8563, Test: 0.9147
Run: 02, Epoch: 54, Loss: 0.0003, lr: 0.000700, Train: 0.9782, Valid: 0.8568, Test: 0.9163
Run: 02, Epoch: 55, Loss: 0.0003, lr: 0.000700, Train: 0.9787, Valid: 0.8569, Test: 0.9172
Run: 02, Epoch: 56, Loss: 0.0003, lr: 0.000700, Train: 0.9795, Valid: 0.8567, Test: 0.9170
Run: 02, Epoch: 57, Loss: 0.0002, lr: 0.000700, Train: 0.9796, Valid: 0.8563, Test: 0.9153
Run: 02, Epoch: 58, Loss: 0.0002, lr: 0.000700, Train: 0.9786, Valid: 0.8555, Test: 0.9124
Run: 02, Epoch: 59, Loss: 0.0002, lr: 0.000700, Train: 0.9768, Valid: 0.8549, Test: 0.9084
Run: 02, Epoch: 60, Loss: 0.0002, lr: 0.000700, Train: 0.9753, Valid: 0.8549, Test: 0.9041
Run: 02, Epoch: 61, Loss: 0.0002, lr: 0.000700, Train: 0.9744, Valid: 0.8552, Test: 0.9010
Run: 02, Epoch: 62, Loss: 0.0002, lr: 0.000490, Train: 0.9754, Valid: 0.8554, Test: 0.9017
Run: 02, Epoch: 63, Loss: 0.0002, lr: 0.000490, Train: 0.9766, Valid: 0.8557, Test: 0.9035
Run: 02, Epoch: 64, Loss: 0.0002, lr: 0.000490, Train: 0.9780, Valid: 0.8563, Test: 0.9055
Run: 02, Epoch: 65, Loss: 0.0002, lr: 0.000490, Train: 0.9792, Valid: 0.8570, Test: 0.9068
Run: 02, Epoch: 66, Loss: 0.0002, lr: 0.000490, Train: 0.9797, Valid: 0.8577, Test: 0.9068
Run: 02, Epoch: 67, Loss: 0.0002, lr: 0.000490, Train: 0.9796, Valid: 0.8581, Test: 0.9063
Run: 02, Epoch: 68, Loss: 0.0002, lr: 0.000490, Train: 0.9794, Valid: 0.8580, Test: 0.9059
Run: 02, Epoch: 69, Loss: 0.0002, lr: 0.000490, Train: 0.9795, Valid: 0.8577, Test: 0.9055
Run: 02, Epoch: 70, Loss: 0.0002, lr: 0.000490, Train: 0.9799, Valid: 0.8573, Test: 0.9052
Run: 02, Epoch: 71, Loss: 0.0002, lr: 0.000490, Train: 0.9803, Valid: 0.8571, Test: 0.9048
Run: 02, Epoch: 72, Loss: 0.0002, lr: 0.000490, Train: 0.9807, Valid: 0.8569, Test: 0.9049
Run: 02, Epoch: 73, Loss: 0.0002, lr: 0.000490, Train: 0.9811, Valid: 0.8568, Test: 0.9055
Run: 02, Epoch: 74, Loss: 0.0002, lr: 0.000343, Train: 0.9823, Valid: 0.8562, Test: 0.9077
Run: 02, Epoch: 75, Loss: 0.0002, lr: 0.000343, Train: 0.9838, Valid: 0.8555, Test: 0.9103
Run: 02, Epoch: 76, Loss: 0.0002, lr: 0.000343, Train: 0.9856, Valid: 0.8547, Test: 0.9132
Run: 02, Epoch: 77, Loss: 0.0002, lr: 0.000343, Train: 0.9873, Valid: 0.8536, Test: 0.9161
Run: 02, Epoch: 78, Loss: 0.0002, lr: 0.000343, Train: 0.9887, Valid: 0.8522, Test: 0.9186
Run: 02, Epoch: 79, Loss: 0.0002, lr: 0.000343, Train: 0.9897, Valid: 0.8510, Test: 0.9205
Run: 02, Epoch: 80, Loss: 0.0002, lr: 0.000240, Train: 0.9906, Valid: 0.8498, Test: 0.9218
Run: 02, Epoch: 81, Loss: 0.0002, lr: 0.000240, Train: 0.9911, Valid: 0.8492, Test: 0.9223
Run: 02, Epoch: 82, Loss: 0.0002, lr: 0.000240, Train: 0.9913, Valid: 0.8490, Test: 0.9223
Run: 02, Epoch: 83, Loss: 0.0002, lr: 0.000240, Train: 0.9914, Valid: 0.8490, Test: 0.9219
Run: 02, Epoch: 84, Loss: 0.0002, lr: 0.000240, Train: 0.9913, Valid: 0.8490, Test: 0.9216
Run: 02, Epoch: 85, Loss: 0.0002, lr: 0.000240, Train: 0.9913, Valid: 0.8488, Test: 0.9215
Run: 02, Epoch: 86, Loss: 0.0001, lr: 0.000168, Train: 0.9915, Valid: 0.8482, Test: 0.9219
Run: 02, Epoch: 87, Loss: 0.0001, lr: 0.000168, Train: 0.9918, Valid: 0.8475, Test: 0.9224
Run: 02, Epoch: 88, Loss: 0.0001, lr: 0.000168, Train: 0.9920, Valid: 0.8469, Test: 0.9229
Run: 02, Epoch: 89, Loss: 0.0001, lr: 0.000168, Train: 0.9922, Valid: 0.8462, Test: 0.9235
Run: 02, Epoch: 90, Loss: 0.0001, lr: 0.000168, Train: 0.9924, Valid: 0.8456, Test: 0.9244
Run: 02, Epoch: 91, Loss: 0.0001, lr: 0.000168, Train: 0.9925, Valid: 0.8448, Test: 0.9253
Run: 02, Epoch: 92, Loss: 0.0001, lr: 0.000118, Train: 0.9928, Valid: 0.8438, Test: 0.9264
Run: 02, Epoch: 93, Loss: 0.0001, lr: 0.000118, Train: 0.9931, Valid: 0.8427, Test: 0.9275
Run: 02, Epoch: 94, Loss: 0.0001, lr: 0.000118, Train: 0.9934, Valid: 0.8416, Test: 0.9285
Run: 02, Epoch: 95, Loss: 0.0001, lr: 0.000118, Train: 0.9937, Valid: 0.8405, Test: 0.9295
Run: 02, Epoch: 96, Loss: 0.0001, lr: 0.000118, Train: 0.9940, Valid: 0.8390, Test: 0.9304
Run: 02, Epoch: 97, Loss: 0.0001, lr: 0.000118, Train: 0.9943, Valid: 0.8377, Test: 0.9312
Run: 02, Epoch: 98, Loss: 0.0001, lr: 0.000082, Train: 0.9945, Valid: 0.8365, Test: 0.9319
Run: 02, Epoch: 99, Loss: 0.0001, lr: 0.000082, Train: 0.9947, Valid: 0.8353, Test: 0.9325
Run: 02, Epoch: 100, Loss: 0.0001, lr: 0.000082, Train: 0.9949, Valid: 0.8343, Test: 0.9331
Run 02:
Highest Train: 0.99
Highest Valid: 0.86
  Final Train: 0.98
   Final Test: 0.91
Run: 03, Epoch: 01, Loss: 0.0523, lr: 0.001000, Train: 0.6497, Valid: 0.2031, Test: 0.5052
Run: 03, Epoch: 02, Loss: 0.0155, lr: 0.001000, Train: 0.8333, Valid: 0.6232, Test: 0.7937
Run: 03, Epoch: 03, Loss: 0.0094, lr: 0.001000, Train: 0.8327, Valid: 0.6817, Test: 0.8612
Run: 03, Epoch: 04, Loss: 0.0101, lr: 0.001000, Train: 0.8144, Valid: 0.6637, Test: 0.8623
Run: 03, Epoch: 05, Loss: 0.0087, lr: 0.001000, Train: 0.8365, Valid: 0.7168, Test: 0.8718
Run: 03, Epoch: 06, Loss: 0.0052, lr: 0.001000, Train: 0.8712, Valid: 0.7867, Test: 0.8816
Run: 03, Epoch: 07, Loss: 0.0035, lr: 0.001000, Train: 0.8838, Valid: 0.8133, Test: 0.8778
Run: 03, Epoch: 08, Loss: 0.0035, lr: 0.001000, Train: 0.8786, Valid: 0.8081, Test: 0.8726
Run: 03, Epoch: 09, Loss: 0.0035, lr: 0.001000, Train: 0.8424, Valid: 0.7485, Test: 0.8596
Run: 03, Epoch: 10, Loss: 0.0032, lr: 0.001000, Train: 0.7604, Valid: 0.6019, Test: 0.8169
Run: 03, Epoch: 11, Loss: 0.0031, lr: 0.001000, Train: 0.6525, Valid: 0.3965, Test: 0.7340
Run: 03, Epoch: 12, Loss: 0.0031, lr: 0.001000, Train: 0.5567, Valid: 0.2120, Test: 0.6215
Run: 03, Epoch: 13, Loss: 0.0028, lr: 0.001000, Train: 0.5062, Valid: 0.1109, Test: 0.5128
Run: 03, Epoch: 14, Loss: 0.0024, lr: 0.000700, Train: 0.5390, Valid: 0.1577, Test: 0.4927
Run: 03, Epoch: 15, Loss: 0.0021, lr: 0.000700, Train: 0.6050, Valid: 0.2668, Test: 0.5116
Run: 03, Epoch: 16, Loss: 0.0018, lr: 0.000700, Train: 0.6860, Valid: 0.4032, Test: 0.5628
Run: 03, Epoch: 17, Loss: 0.0017, lr: 0.000700, Train: 0.7621, Valid: 0.5312, Test: 0.6325
Run: 03, Epoch: 18, Loss: 0.0016, lr: 0.000700, Train: 0.8206, Valid: 0.6267, Test: 0.7025
Run: 03, Epoch: 19, Loss: 0.0016, lr: 0.000700, Train: 0.8600, Valid: 0.6882, Test: 0.7609
Run: 03, Epoch: 20, Loss: 0.0016, lr: 0.000490, Train: 0.8834, Valid: 0.7254, Test: 0.8010
Run: 03, Epoch: 21, Loss: 0.0016, lr: 0.000490, Train: 0.8999, Valid: 0.7503, Test: 0.8288
Run: 03, Epoch: 22, Loss: 0.0016, lr: 0.000490, Train: 0.9110, Valid: 0.7652, Test: 0.8469
Run: 03, Epoch: 23, Loss: 0.0015, lr: 0.000490, Train: 0.9165, Valid: 0.7696, Test: 0.8567
Run: 03, Epoch: 24, Loss: 0.0013, lr: 0.000490, Train: 0.9159, Valid: 0.7640, Test: 0.8599
Run: 03, Epoch: 25, Loss: 0.0012, lr: 0.000490, Train: 0.9094, Valid: 0.7496, Test: 0.8580
Run: 03, Epoch: 26, Loss: 0.0012, lr: 0.000343, Train: 0.9066, Valid: 0.7451, Test: 0.8600
Run: 03, Epoch: 27, Loss: 0.0012, lr: 0.000343, Train: 0.9034, Valid: 0.7409, Test: 0.8614
Run: 03, Epoch: 28, Loss: 0.0011, lr: 0.000343, Train: 0.9012, Valid: 0.7395, Test: 0.8629
Run: 03, Epoch: 29, Loss: 0.0011, lr: 0.000343, Train: 0.9013, Valid: 0.7423, Test: 0.8656
Run: 03, Epoch: 30, Loss: 0.0011, lr: 0.000343, Train: 0.9041, Valid: 0.7499, Test: 0.8698
Run: 03, Epoch: 31, Loss: 0.0011, lr: 0.000343, Train: 0.9094, Valid: 0.7620, Test: 0.8754
Run: 03, Epoch: 32, Loss: 0.0011, lr: 0.000240, Train: 0.9182, Valid: 0.7790, Test: 0.8834
Run: 03, Epoch: 33, Loss: 0.0010, lr: 0.000240, Train: 0.9272, Valid: 0.7959, Test: 0.8912
Run: 03, Epoch: 34, Loss: 0.0010, lr: 0.000240, Train: 0.9360, Valid: 0.8119, Test: 0.8985
Run: 03, Epoch: 35, Loss: 0.0010, lr: 0.000240, Train: 0.9441, Valid: 0.8262, Test: 0.9053
Run: 03, Epoch: 36, Loss: 0.0010, lr: 0.000240, Train: 0.9512, Valid: 0.8385, Test: 0.9112
Run: 03, Epoch: 37, Loss: 0.0010, lr: 0.000240, Train: 0.9572, Valid: 0.8484, Test: 0.9162
Run: 03, Epoch: 38, Loss: 0.0009, lr: 0.000240, Train: 0.9620, Valid: 0.8564, Test: 0.9202
Run: 03, Epoch: 39, Loss: 0.0009, lr: 0.000240, Train: 0.9657, Valid: 0.8627, Test: 0.9234
Run: 03, Epoch: 40, Loss: 0.0009, lr: 0.000240, Train: 0.9685, Valid: 0.8677, Test: 0.9258
Run: 03, Epoch: 41, Loss: 0.0009, lr: 0.000240, Train: 0.9706, Valid: 0.8717, Test: 0.9274
Run: 03, Epoch: 42, Loss: 0.0009, lr: 0.000240, Train: 0.9721, Valid: 0.8747, Test: 0.9286
Run: 03, Epoch: 43, Loss: 0.0009, lr: 0.000240, Train: 0.9731, Valid: 0.8771, Test: 0.9294
Run: 03, Epoch: 44, Loss: 0.0008, lr: 0.000240, Train: 0.9736, Valid: 0.8789, Test: 0.9299
Run: 03, Epoch: 45, Loss: 0.0008, lr: 0.000240, Train: 0.9739, Valid: 0.8801, Test: 0.9302
Run: 03, Epoch: 46, Loss: 0.0008, lr: 0.000240, Train: 0.9740, Valid: 0.8809, Test: 0.9303
Run: 03, Epoch: 47, Loss: 0.0008, lr: 0.000240, Train: 0.9740, Valid: 0.8813, Test: 0.9303
Run: 03, Epoch: 48, Loss: 0.0008, lr: 0.000240, Train: 0.9739, Valid: 0.8815, Test: 0.9303
Run: 03, Epoch: 49, Loss: 0.0008, lr: 0.000240, Train: 0.9738, Valid: 0.8817, Test: 0.9302
Run: 03, Epoch: 50, Loss: 0.0008, lr: 0.000240, Train: 0.9738, Valid: 0.8819, Test: 0.9302
Run: 03, Epoch: 51, Loss: 0.0008, lr: 0.000240, Train: 0.9740, Valid: 0.8824, Test: 0.9302
Run: 03, Epoch: 52, Loss: 0.0008, lr: 0.000240, Train: 0.9744, Valid: 0.8830, Test: 0.9304
Run: 03, Epoch: 53, Loss: 0.0007, lr: 0.000240, Train: 0.9749, Valid: 0.8839, Test: 0.9306
Run: 03, Epoch: 54, Loss: 0.0007, lr: 0.000240, Train: 0.9755, Valid: 0.8849, Test: 0.9311
Run: 03, Epoch: 55, Loss: 0.0007, lr: 0.000240, Train: 0.9762, Valid: 0.8858, Test: 0.9316
Run: 03, Epoch: 56, Loss: 0.0007, lr: 0.000240, Train: 0.9768, Valid: 0.8868, Test: 0.9323
Run: 03, Epoch: 57, Loss: 0.0007, lr: 0.000240, Train: 0.9775, Valid: 0.8879, Test: 0.9332
Run: 03, Epoch: 58, Loss: 0.0007, lr: 0.000240, Train: 0.9781, Valid: 0.8891, Test: 0.9341
Run: 03, Epoch: 59, Loss: 0.0007, lr: 0.000240, Train: 0.9787, Valid: 0.8902, Test: 0.9350
Run: 03, Epoch: 60, Loss: 0.0007, lr: 0.000240, Train: 0.9792, Valid: 0.8913, Test: 0.9360
Run: 03, Epoch: 61, Loss: 0.0007, lr: 0.000240, Train: 0.9796, Valid: 0.8923, Test: 0.9368
Run: 03, Epoch: 62, Loss: 0.0007, lr: 0.000240, Train: 0.9800, Valid: 0.8932, Test: 0.9376
Run: 03, Epoch: 63, Loss: 0.0007, lr: 0.000240, Train: 0.9803, Valid: 0.8942, Test: 0.9384
Run: 03, Epoch: 64, Loss: 0.0006, lr: 0.000240, Train: 0.9806, Valid: 0.8952, Test: 0.9390
Run: 03, Epoch: 65, Loss: 0.0006, lr: 0.000240, Train: 0.9810, Valid: 0.8962, Test: 0.9395
Run: 03, Epoch: 66, Loss: 0.0006, lr: 0.000240, Train: 0.9813, Valid: 0.8972, Test: 0.9398
Run: 03, Epoch: 67, Loss: 0.0006, lr: 0.000240, Train: 0.9816, Valid: 0.8981, Test: 0.9400
Run: 03, Epoch: 68, Loss: 0.0006, lr: 0.000240, Train: 0.9820, Valid: 0.8988, Test: 0.9400
Run: 03, Epoch: 69, Loss: 0.0006, lr: 0.000240, Train: 0.9823, Valid: 0.8994, Test: 0.9400
Run: 03, Epoch: 70, Loss: 0.0006, lr: 0.000240, Train: 0.9826, Valid: 0.8998, Test: 0.9399
Run: 03, Epoch: 71, Loss: 0.0006, lr: 0.000240, Train: 0.9829, Valid: 0.9002, Test: 0.9400
Run: 03, Epoch: 72, Loss: 0.0006, lr: 0.000240, Train: 0.9831, Valid: 0.9006, Test: 0.9400
Run: 03, Epoch: 73, Loss: 0.0006, lr: 0.000240, Train: 0.9833, Valid: 0.9009, Test: 0.9403
Run: 03, Epoch: 74, Loss: 0.0006, lr: 0.000240, Train: 0.9835, Valid: 0.9012, Test: 0.9406
Run: 03, Epoch: 75, Loss: 0.0006, lr: 0.000240, Train: 0.9836, Valid: 0.9014, Test: 0.9409
Run: 03, Epoch: 76, Loss: 0.0005, lr: 0.000240, Train: 0.9837, Valid: 0.9016, Test: 0.9412
Run: 03, Epoch: 77, Loss: 0.0005, lr: 0.000240, Train: 0.9838, Valid: 0.9019, Test: 0.9415
Run: 03, Epoch: 78, Loss: 0.0005, lr: 0.000240, Train: 0.9839, Valid: 0.9022, Test: 0.9418
Run: 03, Epoch: 79, Loss: 0.0005, lr: 0.000240, Train: 0.9840, Valid: 0.9026, Test: 0.9421
Run: 03, Epoch: 80, Loss: 0.0005, lr: 0.000240, Train: 0.9841, Valid: 0.9031, Test: 0.9425
Run: 03, Epoch: 81, Loss: 0.0005, lr: 0.000240, Train: 0.9843, Valid: 0.9035, Test: 0.9428
Run: 03, Epoch: 82, Loss: 0.0005, lr: 0.000240, Train: 0.9845, Valid: 0.9040, Test: 0.9430
Run: 03, Epoch: 83, Loss: 0.0005, lr: 0.000240, Train: 0.9847, Valid: 0.9045, Test: 0.9432
Run: 03, Epoch: 84, Loss: 0.0005, lr: 0.000240, Train: 0.9850, Valid: 0.9050, Test: 0.9434
Run: 03, Epoch: 85, Loss: 0.0005, lr: 0.000240, Train: 0.9854, Valid: 0.9055, Test: 0.9435
Run: 03, Epoch: 86, Loss: 0.0005, lr: 0.000240, Train: 0.9857, Valid: 0.9058, Test: 0.9436
Run: 03, Epoch: 87, Loss: 0.0005, lr: 0.000240, Train: 0.9860, Valid: 0.9060, Test: 0.9437
Run: 03, Epoch: 88, Loss: 0.0005, lr: 0.000240, Train: 0.9862, Valid: 0.9062, Test: 0.9437
Run: 03, Epoch: 89, Loss: 0.0005, lr: 0.000240, Train: 0.9864, Valid: 0.9063, Test: 0.9438
Run: 03, Epoch: 90, Loss: 0.0005, lr: 0.000240, Train: 0.9866, Valid: 0.9065, Test: 0.9439
Run: 03, Epoch: 91, Loss: 0.0004, lr: 0.000240, Train: 0.9866, Valid: 0.9066, Test: 0.9441
Run: 03, Epoch: 92, Loss: 0.0004, lr: 0.000240, Train: 0.9867, Valid: 0.9069, Test: 0.9443
Run: 03, Epoch: 93, Loss: 0.0004, lr: 0.000240, Train: 0.9868, Valid: 0.9071, Test: 0.9445
Run: 03, Epoch: 94, Loss: 0.0004, lr: 0.000240, Train: 0.9868, Valid: 0.9072, Test: 0.9447
Run: 03, Epoch: 95, Loss: 0.0004, lr: 0.000240, Train: 0.9870, Valid: 0.9072, Test: 0.9448
Run: 03, Epoch: 96, Loss: 0.0004, lr: 0.000240, Train: 0.9871, Valid: 0.9071, Test: 0.9449
Run: 03, Epoch: 97, Loss: 0.0004, lr: 0.000240, Train: 0.9873, Valid: 0.9073, Test: 0.9451
Run: 03, Epoch: 98, Loss: 0.0004, lr: 0.000240, Train: 0.9874, Valid: 0.9076, Test: 0.9454
Run: 03, Epoch: 99, Loss: 0.0004, lr: 0.000240, Train: 0.9874, Valid: 0.9080, Test: 0.9457
Run: 03, Epoch: 100, Loss: 0.0004, lr: 0.000240, Train: 0.9875, Valid: 0.9082, Test: 0.9459
Run 03:
Highest Train: 0.99
Highest Valid: 0.91
  Final Train: 0.99
   Final Test: 0.95
Run: 04, Epoch: 01, Loss: 0.0308, lr: 0.001000, Train: 0.5721, Valid: 0.4227, Test: 0.3771
Run: 04, Epoch: 02, Loss: 0.0148, lr: 0.001000, Train: 0.6784, Valid: 0.4012, Test: 0.3891
Run: 04, Epoch: 03, Loss: 0.0118, lr: 0.001000, Train: 0.6825, Valid: 0.3465, Test: 0.3830
Run: 04, Epoch: 04, Loss: 0.0101, lr: 0.001000, Train: 0.7288, Valid: 0.4299, Test: 0.4732
Run: 04, Epoch: 05, Loss: 0.0059, lr: 0.001000, Train: 0.7839, Valid: 0.5634, Test: 0.5868
Run: 04, Epoch: 06, Loss: 0.0031, lr: 0.001000, Train: 0.8097, Valid: 0.6520, Test: 0.6534
Run: 04, Epoch: 07, Loss: 0.0027, lr: 0.001000, Train: 0.8083, Valid: 0.6771, Test: 0.6629
Run: 04, Epoch: 08, Loss: 0.0033, lr: 0.001000, Train: 0.7991, Valid: 0.6632, Test: 0.6393
Run: 04, Epoch: 09, Loss: 0.0036, lr: 0.001000, Train: 0.7875, Valid: 0.6278, Test: 0.5973
Run: 04, Epoch: 10, Loss: 0.0033, lr: 0.001000, Train: 0.7662, Valid: 0.5755, Test: 0.5426
Run: 04, Epoch: 11, Loss: 0.0026, lr: 0.001000, Train: 0.7384, Valid: 0.5248, Test: 0.4892
Run: 04, Epoch: 12, Loss: 0.0021, lr: 0.001000, Train: 0.7215, Valid: 0.5007, Test: 0.4649
Run: 04, Epoch: 13, Loss: 0.0019, lr: 0.001000, Train: 0.7333, Valid: 0.5235, Test: 0.4926
Run: 04, Epoch: 14, Loss: 0.0019, lr: 0.000700, Train: 0.7725, Valid: 0.5854, Test: 0.5632
Run: 04, Epoch: 15, Loss: 0.0019, lr: 0.000700, Train: 0.8215, Valid: 0.6592, Test: 0.6497
Run: 04, Epoch: 16, Loss: 0.0017, lr: 0.000700, Train: 0.8692, Valid: 0.7324, Test: 0.7310
Run: 04, Epoch: 17, Loss: 0.0016, lr: 0.000700, Train: 0.9073, Valid: 0.7944, Test: 0.7950
Run: 04, Epoch: 18, Loss: 0.0014, lr: 0.000700, Train: 0.9313, Valid: 0.8396, Test: 0.8348
Run: 04, Epoch: 19, Loss: 0.0012, lr: 0.000700, Train: 0.9428, Valid: 0.8661, Test: 0.8518
Run: 04, Epoch: 20, Loss: 0.0011, lr: 0.000700, Train: 0.9460, Valid: 0.8777, Test: 0.8532
Run: 04, Epoch: 21, Loss: 0.0011, lr: 0.000700, Train: 0.9453, Valid: 0.8789, Test: 0.8461
Run: 04, Epoch: 22, Loss: 0.0011, lr: 0.000700, Train: 0.9435, Valid: 0.8728, Test: 0.8359
Run: 04, Epoch: 23, Loss: 0.0011, lr: 0.000700, Train: 0.9411, Valid: 0.8608, Test: 0.8247
Run: 04, Epoch: 24, Loss: 0.0011, lr: 0.000700, Train: 0.9368, Valid: 0.8427, Test: 0.8117
Run: 04, Epoch: 25, Loss: 0.0010, lr: 0.000700, Train: 0.9296, Valid: 0.8192, Test: 0.7961
Run: 04, Epoch: 26, Loss: 0.0009, lr: 0.000700, Train: 0.9203, Valid: 0.7930, Test: 0.7793
Run: 04, Epoch: 27, Loss: 0.0008, lr: 0.000700, Train: 0.9120, Valid: 0.7703, Test: 0.7655
Run: 04, Epoch: 28, Loss: 0.0008, lr: 0.000490, Train: 0.9135, Valid: 0.7704, Test: 0.7682
Run: 04, Epoch: 29, Loss: 0.0008, lr: 0.000490, Train: 0.9187, Valid: 0.7786, Test: 0.7766
Run: 04, Epoch: 30, Loss: 0.0008, lr: 0.000490, Train: 0.9269, Valid: 0.7949, Test: 0.7902
Run: 04, Epoch: 31, Loss: 0.0008, lr: 0.000490, Train: 0.9370, Valid: 0.8164, Test: 0.8071
Run: 04, Epoch: 32, Loss: 0.0007, lr: 0.000490, Train: 0.9475, Valid: 0.8402, Test: 0.8250
Run: 04, Epoch: 33, Loss: 0.0007, lr: 0.000490, Train: 0.9573, Valid: 0.8630, Test: 0.8427
Run: 04, Epoch: 34, Loss: 0.0007, lr: 0.000343, Train: 0.9645, Valid: 0.8806, Test: 0.8569
Run: 04, Epoch: 35, Loss: 0.0006, lr: 0.000343, Train: 0.9703, Valid: 0.8956, Test: 0.8690
Run: 04, Epoch: 36, Loss: 0.0006, lr: 0.000343, Train: 0.9747, Valid: 0.9080, Test: 0.8789
Run: 04, Epoch: 37, Loss: 0.0006, lr: 0.000343, Train: 0.9777, Valid: 0.9178, Test: 0.8867
Run: 04, Epoch: 38, Loss: 0.0006, lr: 0.000343, Train: 0.9796, Valid: 0.9251, Test: 0.8925
Run: 04, Epoch: 39, Loss: 0.0006, lr: 0.000343, Train: 0.9807, Valid: 0.9304, Test: 0.8966
Run: 04, Epoch: 40, Loss: 0.0006, lr: 0.000343, Train: 0.9814, Valid: 0.9341, Test: 0.8993
Run: 04, Epoch: 41, Loss: 0.0006, lr: 0.000343, Train: 0.9819, Valid: 0.9362, Test: 0.9009
Run: 04, Epoch: 42, Loss: 0.0005, lr: 0.000343, Train: 0.9821, Valid: 0.9373, Test: 0.9017
Run: 04, Epoch: 43, Loss: 0.0005, lr: 0.000343, Train: 0.9823, Valid: 0.9374, Test: 0.9018
Run: 04, Epoch: 44, Loss: 0.0005, lr: 0.000343, Train: 0.9823, Valid: 0.9365, Test: 0.9010
Run: 04, Epoch: 45, Loss: 0.0005, lr: 0.000343, Train: 0.9821, Valid: 0.9347, Test: 0.8997
Run: 04, Epoch: 46, Loss: 0.0005, lr: 0.000343, Train: 0.9817, Valid: 0.9322, Test: 0.8981
Run: 04, Epoch: 47, Loss: 0.0005, lr: 0.000343, Train: 0.9813, Valid: 0.9297, Test: 0.8965
Run: 04, Epoch: 48, Loss: 0.0005, lr: 0.000343, Train: 0.9812, Valid: 0.9280, Test: 0.8955
Run: 04, Epoch: 49, Loss: 0.0005, lr: 0.000240, Train: 0.9816, Valid: 0.9285, Test: 0.8960
Run: 04, Epoch: 50, Loss: 0.0005, lr: 0.000240, Train: 0.9823, Valid: 0.9299, Test: 0.8969
Run: 04, Epoch: 51, Loss: 0.0004, lr: 0.000240, Train: 0.9831, Valid: 0.9322, Test: 0.8984
Run: 04, Epoch: 52, Loss: 0.0004, lr: 0.000240, Train: 0.9840, Valid: 0.9350, Test: 0.9002
Run: 04, Epoch: 53, Loss: 0.0004, lr: 0.000240, Train: 0.9848, Valid: 0.9382, Test: 0.9021
Run: 04, Epoch: 54, Loss: 0.0004, lr: 0.000240, Train: 0.9854, Valid: 0.9414, Test: 0.9039
Run: 04, Epoch: 55, Loss: 0.0004, lr: 0.000240, Train: 0.9859, Valid: 0.9441, Test: 0.9054
Run: 04, Epoch: 56, Loss: 0.0004, lr: 0.000240, Train: 0.9862, Valid: 0.9464, Test: 0.9067
Run: 04, Epoch: 57, Loss: 0.0004, lr: 0.000240, Train: 0.9864, Valid: 0.9480, Test: 0.9076
Run: 04, Epoch: 58, Loss: 0.0004, lr: 0.000240, Train: 0.9864, Valid: 0.9491, Test: 0.9081
Run: 04, Epoch: 59, Loss: 0.0004, lr: 0.000240, Train: 0.9865, Valid: 0.9497, Test: 0.9085
Run: 04, Epoch: 60, Loss: 0.0004, lr: 0.000240, Train: 0.9867, Valid: 0.9500, Test: 0.9087
Run: 04, Epoch: 61, Loss: 0.0004, lr: 0.000240, Train: 0.9869, Valid: 0.9500, Test: 0.9088
Run: 04, Epoch: 62, Loss: 0.0004, lr: 0.000240, Train: 0.9871, Valid: 0.9498, Test: 0.9087
Run: 04, Epoch: 63, Loss: 0.0004, lr: 0.000240, Train: 0.9874, Valid: 0.9495, Test: 0.9085
Run: 04, Epoch: 64, Loss: 0.0004, lr: 0.000240, Train: 0.9877, Valid: 0.9491, Test: 0.9083
Run: 04, Epoch: 65, Loss: 0.0004, lr: 0.000240, Train: 0.9881, Valid: 0.9488, Test: 0.9080
Run: 04, Epoch: 66, Loss: 0.0004, lr: 0.000240, Train: 0.9884, Valid: 0.9484, Test: 0.9077
Run: 04, Epoch: 67, Loss: 0.0003, lr: 0.000168, Train: 0.9886, Valid: 0.9480, Test: 0.9075
Run: 04, Epoch: 68, Loss: 0.0003, lr: 0.000168, Train: 0.9889, Valid: 0.9477, Test: 0.9072
Run: 04, Epoch: 69, Loss: 0.0003, lr: 0.000168, Train: 0.9891, Valid: 0.9473, Test: 0.9068
Run: 04, Epoch: 70, Loss: 0.0003, lr: 0.000168, Train: 0.9893, Valid: 0.9470, Test: 0.9065
Run: 04, Epoch: 71, Loss: 0.0003, lr: 0.000168, Train: 0.9895, Valid: 0.9467, Test: 0.9062
Run: 04, Epoch: 72, Loss: 0.0003, lr: 0.000168, Train: 0.9896, Valid: 0.9464, Test: 0.9059
Run: 04, Epoch: 73, Loss: 0.0003, lr: 0.000118, Train: 0.9898, Valid: 0.9462, Test: 0.9057
Run: 04, Epoch: 74, Loss: 0.0003, lr: 0.000118, Train: 0.9899, Valid: 0.9460, Test: 0.9055
Run: 04, Epoch: 75, Loss: 0.0003, lr: 0.000118, Train: 0.9901, Valid: 0.9458, Test: 0.9053
Run: 04, Epoch: 76, Loss: 0.0003, lr: 0.000118, Train: 0.9902, Valid: 0.9457, Test: 0.9051
Run: 04, Epoch: 77, Loss: 0.0003, lr: 0.000118, Train: 0.9903, Valid: 0.9455, Test: 0.9049
Run: 04, Epoch: 78, Loss: 0.0003, lr: 0.000118, Train: 0.9904, Valid: 0.9454, Test: 0.9047
Run: 04, Epoch: 79, Loss: 0.0003, lr: 0.000082, Train: 0.9905, Valid: 0.9452, Test: 0.9045
Run: 04, Epoch: 80, Loss: 0.0003, lr: 0.000082, Train: 0.9906, Valid: 0.9451, Test: 0.9044
Run: 04, Epoch: 81, Loss: 0.0003, lr: 0.000082, Train: 0.9907, Valid: 0.9449, Test: 0.9042
Run: 04, Epoch: 82, Loss: 0.0003, lr: 0.000082, Train: 0.9908, Valid: 0.9448, Test: 0.9041
Run: 04, Epoch: 83, Loss: 0.0003, lr: 0.000082, Train: 0.9909, Valid: 0.9447, Test: 0.9039
Run: 04, Epoch: 84, Loss: 0.0003, lr: 0.000082, Train: 0.9910, Valid: 0.9445, Test: 0.9038
Run: 04, Epoch: 85, Loss: 0.0003, lr: 0.000058, Train: 0.9910, Valid: 0.9444, Test: 0.9036
Run: 04, Epoch: 86, Loss: 0.0003, lr: 0.000058, Train: 0.9911, Valid: 0.9443, Test: 0.9035
Run: 04, Epoch: 87, Loss: 0.0003, lr: 0.000058, Train: 0.9912, Valid: 0.9442, Test: 0.9034
Run: 04, Epoch: 88, Loss: 0.0003, lr: 0.000058, Train: 0.9912, Valid: 0.9441, Test: 0.9033
Run: 04, Epoch: 89, Loss: 0.0003, lr: 0.000058, Train: 0.9913, Valid: 0.9439, Test: 0.9032
Run: 04, Epoch: 90, Loss: 0.0003, lr: 0.000058, Train: 0.9913, Valid: 0.9438, Test: 0.9031
Run: 04, Epoch: 91, Loss: 0.0003, lr: 0.000040, Train: 0.9913, Valid: 0.9437, Test: 0.9030
Run: 04, Epoch: 92, Loss: 0.0003, lr: 0.000040, Train: 0.9914, Valid: 0.9436, Test: 0.9029
Run: 04, Epoch: 93, Loss: 0.0003, lr: 0.000040, Train: 0.9914, Valid: 0.9435, Test: 0.9028
Run: 04, Epoch: 94, Loss: 0.0003, lr: 0.000040, Train: 0.9915, Valid: 0.9434, Test: 0.9027
Run: 04, Epoch: 95, Loss: 0.0003, lr: 0.000040, Train: 0.9915, Valid: 0.9433, Test: 0.9027
Run: 04, Epoch: 96, Loss: 0.0003, lr: 0.000040, Train: 0.9915, Valid: 0.9432, Test: 0.9026
Run: 04, Epoch: 97, Loss: 0.0003, lr: 0.000028, Train: 0.9915, Valid: 0.9432, Test: 0.9025
Run: 04, Epoch: 98, Loss: 0.0003, lr: 0.000028, Train: 0.9916, Valid: 0.9432, Test: 0.9025
Run: 04, Epoch: 99, Loss: 0.0003, lr: 0.000028, Train: 0.9916, Valid: 0.9431, Test: 0.9024
Run: 04, Epoch: 100, Loss: 0.0003, lr: 0.000028, Train: 0.9916, Valid: 0.9431, Test: 0.9024
Run 04:
Highest Train: 0.99
Highest Valid: 0.95
  Final Train: 0.99
   Final Test: 0.91
Run: 05, Epoch: 01, Loss: 0.0216, lr: 0.001000, Train: 0.6402, Valid: 0.6328, Test: 0.4747
Run: 05, Epoch: 02, Loss: 0.0108, lr: 0.001000, Train: 0.6124, Valid: 0.4814, Test: 0.4189
Run: 05, Epoch: 03, Loss: 0.0092, lr: 0.001000, Train: 0.5647, Valid: 0.3847, Test: 0.3903
Run: 05, Epoch: 04, Loss: 0.0055, lr: 0.001000, Train: 0.5925, Valid: 0.4412, Test: 0.4440
Run: 05, Epoch: 05, Loss: 0.0029, lr: 0.001000, Train: 0.6810, Valid: 0.6002, Test: 0.5535
Run: 05, Epoch: 06, Loss: 0.0027, lr: 0.001000, Train: 0.7473, Valid: 0.7137, Test: 0.6198
Run: 05, Epoch: 07, Loss: 0.0034, lr: 0.001000, Train: 0.7497, Valid: 0.7118, Test: 0.6141
Run: 05, Epoch: 08, Loss: 0.0032, lr: 0.001000, Train: 0.6875, Valid: 0.6203, Test: 0.5420
Run: 05, Epoch: 09, Loss: 0.0023, lr: 0.001000, Train: 0.5641, Valid: 0.4356, Test: 0.4118
Run: 05, Epoch: 10, Loss: 0.0017, lr: 0.001000, Train: 0.4171, Valid: 0.2035, Test: 0.2648
Run: 05, Epoch: 11, Loss: 0.0017, lr: 0.001000, Train: 0.3093, Valid: 0.0290, Test: 0.1633
Run: 05, Epoch: 12, Loss: 0.0018, lr: 0.001000, Train: 0.2939, Valid: -0.0053, Test: 0.1556
Run: 05, Epoch: 13, Loss: 0.0018, lr: 0.000700, Train: 0.3860, Valid: 0.1291, Test: 0.2576
Run: 05, Epoch: 14, Loss: 0.0016, lr: 0.000700, Train: 0.5137, Valid: 0.3150, Test: 0.3932
Run: 05, Epoch: 15, Loss: 0.0013, lr: 0.000700, Train: 0.6436, Valid: 0.4988, Test: 0.5296
Run: 05, Epoch: 16, Loss: 0.0011, lr: 0.000700, Train: 0.7500, Valid: 0.6434, Test: 0.6408
Run: 05, Epoch: 17, Loss: 0.0009, lr: 0.000700, Train: 0.8208, Valid: 0.7394, Test: 0.7137
Run: 05, Epoch: 18, Loss: 0.0009, lr: 0.000700, Train: 0.8567, Valid: 0.7902, Test: 0.7491
Run: 05, Epoch: 19, Loss: 0.0010, lr: 0.000700, Train: 0.8669, Valid: 0.8052, Test: 0.7576
Run: 05, Epoch: 20, Loss: 0.0010, lr: 0.000700, Train: 0.8588, Valid: 0.7917, Test: 0.7481
Run: 05, Epoch: 21, Loss: 0.0010, lr: 0.000700, Train: 0.8379, Valid: 0.7578, Test: 0.7276
Run: 05, Epoch: 22, Loss: 0.0009, lr: 0.000700, Train: 0.8094, Valid: 0.7136, Test: 0.7013
Run: 05, Epoch: 23, Loss: 0.0008, lr: 0.000700, Train: 0.7800, Valid: 0.6725, Test: 0.6745
Run: 05, Epoch: 24, Loss: 0.0008, lr: 0.000700, Train: 0.7595, Valid: 0.6466, Test: 0.6560
Run: 05, Epoch: 25, Loss: 0.0007, lr: 0.000700, Train: 0.7567, Valid: 0.6463, Test: 0.6557
Run: 05, Epoch: 26, Loss: 0.0007, lr: 0.000490, Train: 0.7841, Valid: 0.6872, Test: 0.6876
Run: 05, Epoch: 27, Loss: 0.0007, lr: 0.000490, Train: 0.8211, Valid: 0.7389, Test: 0.7300
Run: 05, Epoch: 28, Loss: 0.0007, lr: 0.000490, Train: 0.8615, Valid: 0.7917, Test: 0.7759
Run: 05, Epoch: 29, Loss: 0.0007, lr: 0.000490, Train: 0.8996, Valid: 0.8374, Test: 0.8190
Run: 05, Epoch: 30, Loss: 0.0006, lr: 0.000490, Train: 0.9311, Valid: 0.8719, Test: 0.8547
Run: 05, Epoch: 31, Loss: 0.0006, lr: 0.000490, Train: 0.9533, Valid: 0.8939, Test: 0.8798
Run: 05, Epoch: 32, Loss: 0.0006, lr: 0.000490, Train: 0.9667, Valid: 0.9050, Test: 0.8945
Run: 05, Epoch: 33, Loss: 0.0006, lr: 0.000490, Train: 0.9738, Valid: 0.9095, Test: 0.9015
Run: 05, Epoch: 34, Loss: 0.0006, lr: 0.000490, Train: 0.9773, Valid: 0.9113, Test: 0.9044
Run: 05, Epoch: 35, Loss: 0.0006, lr: 0.000490, Train: 0.9795, Valid: 0.9132, Test: 0.9055
Run: 05, Epoch: 36, Loss: 0.0005, lr: 0.000490, Train: 0.9810, Valid: 0.9159, Test: 0.9060
Run: 05, Epoch: 37, Loss: 0.0005, lr: 0.000490, Train: 0.9819, Valid: 0.9188, Test: 0.9056
Run: 05, Epoch: 38, Loss: 0.0005, lr: 0.000490, Train: 0.9818, Valid: 0.9206, Test: 0.9043
Run: 05, Epoch: 39, Loss: 0.0005, lr: 0.000490, Train: 0.9808, Valid: 0.9203, Test: 0.9022
Run: 05, Epoch: 40, Loss: 0.0005, lr: 0.000490, Train: 0.9797, Valid: 0.9184, Test: 0.9004
Run: 05, Epoch: 41, Loss: 0.0005, lr: 0.000490, Train: 0.9797, Valid: 0.9163, Test: 0.9001
Run: 05, Epoch: 42, Loss: 0.0005, lr: 0.000490, Train: 0.9810, Valid: 0.9150, Test: 0.9019
Run: 05, Epoch: 43, Loss: 0.0005, lr: 0.000490, Train: 0.9833, Valid: 0.9140, Test: 0.9050
Run: 05, Epoch: 44, Loss: 0.0004, lr: 0.000490, Train: 0.9852, Valid: 0.9118, Test: 0.9079
Run: 05, Epoch: 45, Loss: 0.0004, lr: 0.000343, Train: 0.9858, Valid: 0.9085, Test: 0.9091
Run: 05, Epoch: 46, Loss: 0.0004, lr: 0.000343, Train: 0.9855, Valid: 0.9038, Test: 0.9092
Run: 05, Epoch: 47, Loss: 0.0004, lr: 0.000343, Train: 0.9844, Valid: 0.8983, Test: 0.9085
Run: 05, Epoch: 48, Loss: 0.0004, lr: 0.000343, Train: 0.9829, Valid: 0.8931, Test: 0.9072
Run: 05, Epoch: 49, Loss: 0.0004, lr: 0.000343, Train: 0.9818, Valid: 0.8893, Test: 0.9058
Run: 05, Epoch: 50, Loss: 0.0004, lr: 0.000343, Train: 0.9813, Valid: 0.8876, Test: 0.9047
Run: 05, Epoch: 51, Loss: 0.0004, lr: 0.000240, Train: 0.9820, Valid: 0.8892, Test: 0.9047
Run: 05, Epoch: 52, Loss: 0.0004, lr: 0.000240, Train: 0.9831, Valid: 0.8918, Test: 0.9048
Run: 05, Epoch: 53, Loss: 0.0004, lr: 0.000240, Train: 0.9845, Valid: 0.8950, Test: 0.9051
Run: 05, Epoch: 54, Loss: 0.0004, lr: 0.000240, Train: 0.9858, Valid: 0.8982, Test: 0.9054
Run: 05, Epoch: 55, Loss: 0.0004, lr: 0.000240, Train: 0.9868, Valid: 0.9007, Test: 0.9057
Run: 05, Epoch: 56, Loss: 0.0004, lr: 0.000240, Train: 0.9876, Valid: 0.9025, Test: 0.9058
Run: 05, Epoch: 57, Loss: 0.0004, lr: 0.000168, Train: 0.9880, Valid: 0.9035, Test: 0.9059
Run: 05, Epoch: 58, Loss: 0.0004, lr: 0.000168, Train: 0.9883, Valid: 0.9039, Test: 0.9059
Run: 05, Epoch: 59, Loss: 0.0004, lr: 0.000168, Train: 0.9885, Valid: 0.9040, Test: 0.9060
Run: 05, Epoch: 60, Loss: 0.0003, lr: 0.000168, Train: 0.9885, Valid: 0.9038, Test: 0.9061
Run: 05, Epoch: 61, Loss: 0.0003, lr: 0.000168, Train: 0.9886, Valid: 0.9034, Test: 0.9062
Run: 05, Epoch: 62, Loss: 0.0003, lr: 0.000168, Train: 0.9886, Valid: 0.9029, Test: 0.9063
Run: 05, Epoch: 63, Loss: 0.0003, lr: 0.000118, Train: 0.9886, Valid: 0.9028, Test: 0.9063
Run: 05, Epoch: 64, Loss: 0.0003, lr: 0.000118, Train: 0.9886, Valid: 0.9026, Test: 0.9063
Run: 05, Epoch: 65, Loss: 0.0003, lr: 0.000118, Train: 0.9886, Valid: 0.9024, Test: 0.9063
Run: 05, Epoch: 66, Loss: 0.0003, lr: 0.000118, Train: 0.9885, Valid: 0.9022, Test: 0.9062
Run: 05, Epoch: 67, Loss: 0.0003, lr: 0.000118, Train: 0.9885, Valid: 0.9020, Test: 0.9062
Run: 05, Epoch: 68, Loss: 0.0003, lr: 0.000118, Train: 0.9885, Valid: 0.9019, Test: 0.9061
Run: 05, Epoch: 69, Loss: 0.0003, lr: 0.000082, Train: 0.9886, Valid: 0.9024, Test: 0.9060
Run: 05, Epoch: 70, Loss: 0.0003, lr: 0.000082, Train: 0.9887, Valid: 0.9028, Test: 0.9060
Run: 05, Epoch: 71, Loss: 0.0003, lr: 0.000082, Train: 0.9888, Valid: 0.9033, Test: 0.9059
Run: 05, Epoch: 72, Loss: 0.0003, lr: 0.000082, Train: 0.9889, Valid: 0.9037, Test: 0.9059
Run: 05, Epoch: 73, Loss: 0.0003, lr: 0.000082, Train: 0.9891, Valid: 0.9042, Test: 0.9059
Run: 05, Epoch: 74, Loss: 0.0003, lr: 0.000082, Train: 0.9892, Valid: 0.9046, Test: 0.9059
Run: 05, Epoch: 75, Loss: 0.0003, lr: 0.000058, Train: 0.9894, Valid: 0.9053, Test: 0.9059
Run: 05, Epoch: 76, Loss: 0.0003, lr: 0.000058, Train: 0.9895, Valid: 0.9058, Test: 0.9060
Run: 05, Epoch: 77, Loss: 0.0003, lr: 0.000058, Train: 0.9897, Valid: 0.9064, Test: 0.9060
Run: 05, Epoch: 78, Loss: 0.0003, lr: 0.000058, Train: 0.9898, Valid: 0.9068, Test: 0.9060
Run: 05, Epoch: 79, Loss: 0.0003, lr: 0.000058, Train: 0.9900, Valid: 0.9073, Test: 0.9061
Run: 05, Epoch: 80, Loss: 0.0003, lr: 0.000058, Train: 0.9901, Valid: 0.9076, Test: 0.9061
Run: 05, Epoch: 81, Loss: 0.0003, lr: 0.000040, Train: 0.9902, Valid: 0.9080, Test: 0.9061
Run: 05, Epoch: 82, Loss: 0.0003, lr: 0.000040, Train: 0.9903, Valid: 0.9083, Test: 0.9061
Run: 05, Epoch: 83, Loss: 0.0003, lr: 0.000040, Train: 0.9903, Valid: 0.9086, Test: 0.9061
Run: 05, Epoch: 84, Loss: 0.0003, lr: 0.000040, Train: 0.9904, Valid: 0.9089, Test: 0.9060
Run: 05, Epoch: 85, Loss: 0.0003, lr: 0.000040, Train: 0.9905, Valid: 0.9091, Test: 0.9060
Run: 05, Epoch: 86, Loss: 0.0003, lr: 0.000040, Train: 0.9905, Valid: 0.9093, Test: 0.9060
Run: 05, Epoch: 87, Loss: 0.0003, lr: 0.000028, Train: 0.9906, Valid: 0.9095, Test: 0.9060
Run: 05, Epoch: 88, Loss: 0.0003, lr: 0.000028, Train: 0.9906, Valid: 0.9096, Test: 0.9059
Run: 05, Epoch: 89, Loss: 0.0003, lr: 0.000028, Train: 0.9907, Valid: 0.9098, Test: 0.9059
Run: 05, Epoch: 90, Loss: 0.0003, lr: 0.000028, Train: 0.9907, Valid: 0.9099, Test: 0.9059
Run: 05, Epoch: 91, Loss: 0.0003, lr: 0.000028, Train: 0.9907, Valid: 0.9100, Test: 0.9058
Run: 05, Epoch: 92, Loss: 0.0003, lr: 0.000028, Train: 0.9907, Valid: 0.9101, Test: 0.9058
Run: 05, Epoch: 93, Loss: 0.0003, lr: 0.000020, Train: 0.9908, Valid: 0.9102, Test: 0.9058
Run: 05, Epoch: 94, Loss: 0.0003, lr: 0.000020, Train: 0.9908, Valid: 0.9103, Test: 0.9058
Run: 05, Epoch: 95, Loss: 0.0003, lr: 0.000020, Train: 0.9908, Valid: 0.9104, Test: 0.9057
Run: 05, Epoch: 96, Loss: 0.0003, lr: 0.000020, Train: 0.9908, Valid: 0.9105, Test: 0.9057
Run: 05, Epoch: 97, Loss: 0.0003, lr: 0.000020, Train: 0.9908, Valid: 0.9105, Test: 0.9057
Run: 05, Epoch: 98, Loss: 0.0003, lr: 0.000020, Train: 0.9909, Valid: 0.9106, Test: 0.9057
Run: 05, Epoch: 99, Loss: 0.0003, lr: 0.000014, Train: 0.9909, Valid: 0.9107, Test: 0.9056
Run: 05, Epoch: 100, Loss: 0.0003, lr: 0.000014, Train: 0.9909, Valid: 0.9108, Test: 0.9056
Run 05:
Highest Train: 0.99
Highest Valid: 0.92
  Final Train: 0.98
   Final Test: 0.90
Run: 06, Epoch: 01, Loss: 0.0456, lr: 0.001000, Train: 0.4716, Valid: 0.3646, Test: 0.5390
Run: 06, Epoch: 02, Loss: 0.0053, lr: 0.001000, Train: 0.6035, Valid: 0.5238, Test: 0.6806
Run: 06, Epoch: 03, Loss: 0.0077, lr: 0.001000, Train: 0.6876, Valid: 0.5856, Test: 0.7791
Run: 06, Epoch: 04, Loss: 0.0061, lr: 0.001000, Train: 0.7302, Valid: 0.6377, Test: 0.8216
Run: 06, Epoch: 05, Loss: 0.0045, lr: 0.001000, Train: 0.7380, Valid: 0.6886, Test: 0.8198
Run: 06, Epoch: 06, Loss: 0.0024, lr: 0.001000, Train: 0.7291, Valid: 0.7236, Test: 0.8028
Run: 06, Epoch: 07, Loss: 0.0026, lr: 0.001000, Train: 0.7477, Valid: 0.7516, Test: 0.8164
Run: 06, Epoch: 08, Loss: 0.0028, lr: 0.001000, Train: 0.7745, Valid: 0.7604, Test: 0.8415
Run: 06, Epoch: 09, Loss: 0.0026, lr: 0.001000, Train: 0.7738, Valid: 0.7297, Test: 0.8385
Run: 06, Epoch: 10, Loss: 0.0023, lr: 0.001000, Train: 0.7355, Valid: 0.6599, Test: 0.7913
Run: 06, Epoch: 11, Loss: 0.0017, lr: 0.001000, Train: 0.6648, Valid: 0.5662, Test: 0.7056
Run: 06, Epoch: 12, Loss: 0.0015, lr: 0.001000, Train: 0.6057, Valid: 0.4927, Test: 0.6324
Run: 06, Epoch: 13, Loss: 0.0015, lr: 0.001000, Train: 0.5952, Valid: 0.4746, Test: 0.6166
Run: 06, Epoch: 14, Loss: 0.0015, lr: 0.001000, Train: 0.6283, Valid: 0.5022, Test: 0.6517
Run: 06, Epoch: 15, Loss: 0.0014, lr: 0.000700, Train: 0.6808, Valid: 0.5608, Test: 0.7024
Run: 06, Epoch: 16, Loss: 0.0013, lr: 0.000700, Train: 0.7287, Valid: 0.6189, Test: 0.7448
Run: 06, Epoch: 17, Loss: 0.0011, lr: 0.000700, Train: 0.7649, Valid: 0.6690, Test: 0.7749
Run: 06, Epoch: 18, Loss: 0.0010, lr: 0.000700, Train: 0.7881, Valid: 0.7055, Test: 0.7949
Run: 06, Epoch: 19, Loss: 0.0009, lr: 0.000700, Train: 0.8035, Valid: 0.7290, Test: 0.8100
Run: 06, Epoch: 20, Loss: 0.0009, lr: 0.000700, Train: 0.8151, Valid: 0.7426, Test: 0.8232
Run: 06, Epoch: 21, Loss: 0.0008, lr: 0.000490, Train: 0.8279, Valid: 0.7568, Test: 0.8365
Run: 06, Epoch: 22, Loss: 0.0008, lr: 0.000490, Train: 0.8351, Valid: 0.7636, Test: 0.8438
Run: 06, Epoch: 23, Loss: 0.0008, lr: 0.000490, Train: 0.8372, Valid: 0.7670, Test: 0.8454
Run: 06, Epoch: 24, Loss: 0.0007, lr: 0.000490, Train: 0.8368, Valid: 0.7717, Test: 0.8432
Run: 06, Epoch: 25, Loss: 0.0007, lr: 0.000490, Train: 0.8386, Valid: 0.7826, Test: 0.8407
Run: 06, Epoch: 26, Loss: 0.0007, lr: 0.000490, Train: 0.8461, Valid: 0.8030, Test: 0.8428
Run: 06, Epoch: 27, Loss: 0.0006, lr: 0.000490, Train: 0.8625, Valid: 0.8321, Test: 0.8537
Run: 06, Epoch: 28, Loss: 0.0006, lr: 0.000490, Train: 0.8880, Valid: 0.8668, Test: 0.8736
Run: 06, Epoch: 29, Loss: 0.0006, lr: 0.000490, Train: 0.9183, Valid: 0.9024, Test: 0.8977
Run: 06, Epoch: 30, Loss: 0.0006, lr: 0.000490, Train: 0.9471, Valid: 0.9330, Test: 0.9185
Run: 06, Epoch: 31, Loss: 0.0005, lr: 0.000490, Train: 0.9683, Valid: 0.9539, Test: 0.9304
Run: 06, Epoch: 32, Loss: 0.0005, lr: 0.000490, Train: 0.9798, Valid: 0.9654, Test: 0.9330
Run: 06, Epoch: 33, Loss: 0.0005, lr: 0.000490, Train: 0.9839, Valid: 0.9706, Test: 0.9308
Run: 06, Epoch: 34, Loss: 0.0005, lr: 0.000490, Train: 0.9843, Valid: 0.9728, Test: 0.9282
Run: 06, Epoch: 35, Loss: 0.0005, lr: 0.000490, Train: 0.9837, Valid: 0.9741, Test: 0.9274
Run: 06, Epoch: 36, Loss: 0.0004, lr: 0.000490, Train: 0.9839, Valid: 0.9747, Test: 0.9287
Run: 06, Epoch: 37, Loss: 0.0004, lr: 0.000490, Train: 0.9848, Valid: 0.9742, Test: 0.9311
Run: 06, Epoch: 38, Loss: 0.0004, lr: 0.000490, Train: 0.9852, Valid: 0.9713, Test: 0.9333
Run: 06, Epoch: 39, Loss: 0.0004, lr: 0.000490, Train: 0.9838, Valid: 0.9656, Test: 0.9343
Run: 06, Epoch: 40, Loss: 0.0004, lr: 0.000490, Train: 0.9804, Valid: 0.9587, Test: 0.9338
Run: 06, Epoch: 41, Loss: 0.0004, lr: 0.000490, Train: 0.9765, Valid: 0.9528, Test: 0.9325
Run: 06, Epoch: 42, Loss: 0.0004, lr: 0.000490, Train: 0.9738, Valid: 0.9498, Test: 0.9313
Run: 06, Epoch: 43, Loss: 0.0004, lr: 0.000343, Train: 0.9747, Valid: 0.9510, Test: 0.9314
Run: 06, Epoch: 44, Loss: 0.0003, lr: 0.000343, Train: 0.9775, Valid: 0.9540, Test: 0.9324
Run: 06, Epoch: 45, Loss: 0.0003, lr: 0.000343, Train: 0.9814, Valid: 0.9575, Test: 0.9334
Run: 06, Epoch: 46, Loss: 0.0003, lr: 0.000343, Train: 0.9852, Valid: 0.9603, Test: 0.9338
Run: 06, Epoch: 47, Loss: 0.0003, lr: 0.000343, Train: 0.9880, Valid: 0.9618, Test: 0.9329
Run: 06, Epoch: 48, Loss: 0.0003, lr: 0.000343, Train: 0.9894, Valid: 0.9622, Test: 0.9310
Run: 06, Epoch: 49, Loss: 0.0003, lr: 0.000240, Train: 0.9899, Valid: 0.9623, Test: 0.9296
Run: 06, Epoch: 50, Loss: 0.0003, lr: 0.000240, Train: 0.9903, Valid: 0.9626, Test: 0.9288
Run: 06, Epoch: 51, Loss: 0.0003, lr: 0.000240, Train: 0.9905, Valid: 0.9631, Test: 0.9286
Run: 06, Epoch: 52, Loss: 0.0003, lr: 0.000240, Train: 0.9908, Valid: 0.9637, Test: 0.9289
Run: 06, Epoch: 53, Loss: 0.0003, lr: 0.000240, Train: 0.9910, Valid: 0.9640, Test: 0.9294
Run: 06, Epoch: 54, Loss: 0.0003, lr: 0.000240, Train: 0.9910, Valid: 0.9638, Test: 0.9300
Run: 06, Epoch: 55, Loss: 0.0003, lr: 0.000168, Train: 0.9910, Valid: 0.9633, Test: 0.9302
Run: 06, Epoch: 56, Loss: 0.0003, lr: 0.000168, Train: 0.9909, Valid: 0.9625, Test: 0.9304
Run: 06, Epoch: 57, Loss: 0.0003, lr: 0.000168, Train: 0.9907, Valid: 0.9616, Test: 0.9304
Run: 06, Epoch: 58, Loss: 0.0003, lr: 0.000168, Train: 0.9905, Valid: 0.9607, Test: 0.9304
Run: 06, Epoch: 59, Loss: 0.0003, lr: 0.000168, Train: 0.9904, Valid: 0.9599, Test: 0.9304
Run: 06, Epoch: 60, Loss: 0.0003, lr: 0.000168, Train: 0.9903, Valid: 0.9594, Test: 0.9304
Run: 06, Epoch: 61, Loss: 0.0003, lr: 0.000118, Train: 0.9904, Valid: 0.9594, Test: 0.9303
Run: 06, Epoch: 62, Loss: 0.0003, lr: 0.000118, Train: 0.9906, Valid: 0.9595, Test: 0.9301
Run: 06, Epoch: 63, Loss: 0.0002, lr: 0.000118, Train: 0.9908, Valid: 0.9598, Test: 0.9300
Run: 06, Epoch: 64, Loss: 0.0002, lr: 0.000118, Train: 0.9911, Valid: 0.9601, Test: 0.9298
Run: 06, Epoch: 65, Loss: 0.0002, lr: 0.000118, Train: 0.9914, Valid: 0.9604, Test: 0.9296
Run: 06, Epoch: 66, Loss: 0.0002, lr: 0.000118, Train: 0.9916, Valid: 0.9606, Test: 0.9294
Run: 06, Epoch: 67, Loss: 0.0002, lr: 0.000082, Train: 0.9919, Valid: 0.9607, Test: 0.9291
Run: 06, Epoch: 68, Loss: 0.0002, lr: 0.000082, Train: 0.9921, Valid: 0.9606, Test: 0.9288
Run: 06, Epoch: 69, Loss: 0.0002, lr: 0.000082, Train: 0.9922, Valid: 0.9605, Test: 0.9285
Run: 06, Epoch: 70, Loss: 0.0002, lr: 0.000082, Train: 0.9924, Valid: 0.9604, Test: 0.9282
Run: 06, Epoch: 71, Loss: 0.0002, lr: 0.000082, Train: 0.9925, Valid: 0.9602, Test: 0.9279
Run: 06, Epoch: 72, Loss: 0.0002, lr: 0.000082, Train: 0.9926, Valid: 0.9600, Test: 0.9277
Run: 06, Epoch: 73, Loss: 0.0002, lr: 0.000058, Train: 0.9927, Valid: 0.9599, Test: 0.9275
Run: 06, Epoch: 74, Loss: 0.0002, lr: 0.000058, Train: 0.9927, Valid: 0.9598, Test: 0.9273
Run: 06, Epoch: 75, Loss: 0.0002, lr: 0.000058, Train: 0.9928, Valid: 0.9598, Test: 0.9272
Run: 06, Epoch: 76, Loss: 0.0002, lr: 0.000058, Train: 0.9928, Valid: 0.9598, Test: 0.9272
Run: 06, Epoch: 77, Loss: 0.0002, lr: 0.000058, Train: 0.9929, Valid: 0.9598, Test: 0.9271
Run: 06, Epoch: 78, Loss: 0.0002, lr: 0.000058, Train: 0.9929, Valid: 0.9598, Test: 0.9271
Run: 06, Epoch: 79, Loss: 0.0002, lr: 0.000040, Train: 0.9930, Valid: 0.9598, Test: 0.9270
Run: 06, Epoch: 80, Loss: 0.0002, lr: 0.000040, Train: 0.9930, Valid: 0.9598, Test: 0.9270
Run: 06, Epoch: 81, Loss: 0.0002, lr: 0.000040, Train: 0.9930, Valid: 0.9599, Test: 0.9269
Run: 06, Epoch: 82, Loss: 0.0002, lr: 0.000040, Train: 0.9930, Valid: 0.9599, Test: 0.9269
Run: 06, Epoch: 83, Loss: 0.0002, lr: 0.000040, Train: 0.9931, Valid: 0.9599, Test: 0.9269
Run: 06, Epoch: 84, Loss: 0.0002, lr: 0.000040, Train: 0.9931, Valid: 0.9598, Test: 0.9268
Run: 06, Epoch: 85, Loss: 0.0002, lr: 0.000028, Train: 0.9931, Valid: 0.9598, Test: 0.9268
Run: 06, Epoch: 86, Loss: 0.0002, lr: 0.000028, Train: 0.9932, Valid: 0.9598, Test: 0.9267
Run: 06, Epoch: 87, Loss: 0.0002, lr: 0.000028, Train: 0.9932, Valid: 0.9598, Test: 0.9266
Run: 06, Epoch: 88, Loss: 0.0002, lr: 0.000028, Train: 0.9932, Valid: 0.9598, Test: 0.9266
Run: 06, Epoch: 89, Loss: 0.0002, lr: 0.000028, Train: 0.9932, Valid: 0.9597, Test: 0.9265
Run: 06, Epoch: 90, Loss: 0.0002, lr: 0.000028, Train: 0.9932, Valid: 0.9597, Test: 0.9264
Run: 06, Epoch: 91, Loss: 0.0002, lr: 0.000020, Train: 0.9933, Valid: 0.9597, Test: 0.9264
Run: 06, Epoch: 92, Loss: 0.0002, lr: 0.000020, Train: 0.9933, Valid: 0.9596, Test: 0.9263
Run: 06, Epoch: 93, Loss: 0.0002, lr: 0.000020, Train: 0.9933, Valid: 0.9596, Test: 0.9262
Run: 06, Epoch: 94, Loss: 0.0002, lr: 0.000020, Train: 0.9933, Valid: 0.9596, Test: 0.9262
Run: 06, Epoch: 95, Loss: 0.0002, lr: 0.000020, Train: 0.9933, Valid: 0.9596, Test: 0.9261
Run: 06, Epoch: 96, Loss: 0.0002, lr: 0.000020, Train: 0.9934, Valid: 0.9595, Test: 0.9260
Run: 06, Epoch: 97, Loss: 0.0002, lr: 0.000014, Train: 0.9934, Valid: 0.9595, Test: 0.9260
Run: 06, Epoch: 98, Loss: 0.0002, lr: 0.000014, Train: 0.9934, Valid: 0.9595, Test: 0.9259
Run: 06, Epoch: 99, Loss: 0.0002, lr: 0.000014, Train: 0.9934, Valid: 0.9595, Test: 0.9259
Run: 06, Epoch: 100, Loss: 0.0002, lr: 0.000014, Train: 0.9934, Valid: 0.9595, Test: 0.9258
Run 06:
Highest Train: 0.99
Highest Valid: 0.97
  Final Train: 0.98
   Final Test: 0.93
Run: 07, Epoch: 01, Loss: 0.0409, lr: 0.001000, Train: 0.3970, Valid: 0.5017, Test: 0.4091
Run: 07, Epoch: 02, Loss: 0.0114, lr: 0.001000, Train: 0.6256, Valid: 0.7041, Test: 0.5614
Run: 07, Epoch: 03, Loss: 0.0088, lr: 0.001000, Train: 0.7324, Valid: 0.7961, Test: 0.6513
Run: 07, Epoch: 04, Loss: 0.0082, lr: 0.001000, Train: 0.7976, Valid: 0.8586, Test: 0.7344
Run: 07, Epoch: 05, Loss: 0.0061, lr: 0.001000, Train: 0.8224, Valid: 0.8924, Test: 0.7858
Run: 07, Epoch: 06, Loss: 0.0040, lr: 0.001000, Train: 0.8187, Valid: 0.8968, Test: 0.8082
Run: 07, Epoch: 07, Loss: 0.0028, lr: 0.001000, Train: 0.7847, Valid: 0.8669, Test: 0.7880
Run: 07, Epoch: 08, Loss: 0.0027, lr: 0.001000, Train: 0.7414, Valid: 0.8248, Test: 0.7353
Run: 07, Epoch: 09, Loss: 0.0028, lr: 0.001000, Train: 0.7181, Valid: 0.7996, Test: 0.6896
Run: 07, Epoch: 10, Loss: 0.0023, lr: 0.001000, Train: 0.7169, Valid: 0.7963, Test: 0.6735
Run: 07, Epoch: 11, Loss: 0.0019, lr: 0.001000, Train: 0.7190, Valid: 0.7952, Test: 0.6823
Run: 07, Epoch: 12, Loss: 0.0018, lr: 0.001000, Train: 0.7120, Valid: 0.7847, Test: 0.7020
Run: 07, Epoch: 13, Loss: 0.0018, lr: 0.000700, Train: 0.7177, Valid: 0.7844, Test: 0.7346
Run: 07, Epoch: 14, Loss: 0.0016, lr: 0.000700, Train: 0.7291, Valid: 0.7875, Test: 0.7737
Run: 07, Epoch: 15, Loss: 0.0015, lr: 0.000700, Train: 0.7507, Valid: 0.7985, Test: 0.8181
Run: 07, Epoch: 16, Loss: 0.0014, lr: 0.000700, Train: 0.7840, Valid: 0.8195, Test: 0.8646
Run: 07, Epoch: 17, Loss: 0.0013, lr: 0.000700, Train: 0.8243, Valid: 0.8483, Test: 0.9056
Run: 07, Epoch: 18, Loss: 0.0013, lr: 0.000700, Train: 0.8639, Valid: 0.8801, Test: 0.9340
Run: 07, Epoch: 19, Loss: 0.0012, lr: 0.000490, Train: 0.8910, Valid: 0.9036, Test: 0.9455
Run: 07, Epoch: 20, Loss: 0.0011, lr: 0.000490, Train: 0.9114, Valid: 0.9219, Test: 0.9492
Run: 07, Epoch: 21, Loss: 0.0011, lr: 0.000490, Train: 0.9263, Valid: 0.9351, Test: 0.9496
Run: 07, Epoch: 22, Loss: 0.0011, lr: 0.000490, Train: 0.9370, Valid: 0.9438, Test: 0.9503
Run: 07, Epoch: 23, Loss: 0.0010, lr: 0.000490, Train: 0.9435, Valid: 0.9486, Test: 0.9518
Run: 07, Epoch: 24, Loss: 0.0010, lr: 0.000490, Train: 0.9450, Valid: 0.9496, Test: 0.9529
Run: 07, Epoch: 25, Loss: 0.0009, lr: 0.000490, Train: 0.9416, Valid: 0.9476, Test: 0.9519
Run: 07, Epoch: 26, Loss: 0.0009, lr: 0.000490, Train: 0.9354, Valid: 0.9437, Test: 0.9495
Run: 07, Epoch: 27, Loss: 0.0009, lr: 0.000490, Train: 0.9301, Valid: 0.9406, Test: 0.9473
Run: 07, Epoch: 28, Loss: 0.0009, lr: 0.000490, Train: 0.9290, Valid: 0.9401, Test: 0.9471
Run: 07, Epoch: 29, Loss: 0.0008, lr: 0.000490, Train: 0.9332, Valid: 0.9430, Test: 0.9494
Run: 07, Epoch: 30, Loss: 0.0008, lr: 0.000490, Train: 0.9414, Valid: 0.9482, Test: 0.9529
Run: 07, Epoch: 31, Loss: 0.0008, lr: 0.000343, Train: 0.9501, Valid: 0.9538, Test: 0.9554
Run: 07, Epoch: 32, Loss: 0.0007, lr: 0.000343, Train: 0.9582, Valid: 0.9583, Test: 0.9564
Run: 07, Epoch: 33, Loss: 0.0007, lr: 0.000343, Train: 0.9645, Valid: 0.9615, Test: 0.9557
Run: 07, Epoch: 34, Loss: 0.0007, lr: 0.000343, Train: 0.9690, Valid: 0.9634, Test: 0.9537
Run: 07, Epoch: 35, Loss: 0.0007, lr: 0.000343, Train: 0.9719, Valid: 0.9644, Test: 0.9512
Run: 07, Epoch: 36, Loss: 0.0007, lr: 0.000343, Train: 0.9735, Valid: 0.9650, Test: 0.9492
Run: 07, Epoch: 37, Loss: 0.0007, lr: 0.000343, Train: 0.9744, Valid: 0.9653, Test: 0.9482
Run: 07, Epoch: 38, Loss: 0.0006, lr: 0.000343, Train: 0.9748, Valid: 0.9656, Test: 0.9479
Run: 07, Epoch: 39, Loss: 0.0006, lr: 0.000343, Train: 0.9749, Valid: 0.9657, Test: 0.9481
Run: 07, Epoch: 40, Loss: 0.0006, lr: 0.000343, Train: 0.9749, Valid: 0.9657, Test: 0.9485
Run: 07, Epoch: 41, Loss: 0.0006, lr: 0.000343, Train: 0.9750, Valid: 0.9658, Test: 0.9485
Run: 07, Epoch: 42, Loss: 0.0006, lr: 0.000343, Train: 0.9754, Valid: 0.9660, Test: 0.9481
Run: 07, Epoch: 43, Loss: 0.0006, lr: 0.000343, Train: 0.9765, Valid: 0.9665, Test: 0.9471
Run: 07, Epoch: 44, Loss: 0.0006, lr: 0.000343, Train: 0.9779, Valid: 0.9673, Test: 0.9455
Run: 07, Epoch: 45, Loss: 0.0006, lr: 0.000343, Train: 0.9796, Valid: 0.9681, Test: 0.9434
Run: 07, Epoch: 46, Loss: 0.0005, lr: 0.000343, Train: 0.9811, Valid: 0.9688, Test: 0.9410
Run: 07, Epoch: 47, Loss: 0.0005, lr: 0.000343, Train: 0.9821, Valid: 0.9691, Test: 0.9386
Run: 07, Epoch: 48, Loss: 0.0005, lr: 0.000343, Train: 0.9827, Valid: 0.9691, Test: 0.9369
Run: 07, Epoch: 49, Loss: 0.0005, lr: 0.000343, Train: 0.9831, Valid: 0.9689, Test: 0.9365
Run: 07, Epoch: 50, Loss: 0.0005, lr: 0.000343, Train: 0.9834, Valid: 0.9685, Test: 0.9373
Run: 07, Epoch: 51, Loss: 0.0005, lr: 0.000343, Train: 0.9834, Valid: 0.9681, Test: 0.9389
Run: 07, Epoch: 52, Loss: 0.0005, lr: 0.000343, Train: 0.9832, Valid: 0.9677, Test: 0.9406
Run: 07, Epoch: 53, Loss: 0.0005, lr: 0.000343, Train: 0.9830, Valid: 0.9675, Test: 0.9416
Run: 07, Epoch: 54, Loss: 0.0005, lr: 0.000240, Train: 0.9830, Valid: 0.9678, Test: 0.9419
Run: 07, Epoch: 55, Loss: 0.0005, lr: 0.000240, Train: 0.9831, Valid: 0.9682, Test: 0.9418
Run: 07, Epoch: 56, Loss: 0.0005, lr: 0.000240, Train: 0.9832, Valid: 0.9688, Test: 0.9414
Run: 07, Epoch: 57, Loss: 0.0004, lr: 0.000240, Train: 0.9832, Valid: 0.9693, Test: 0.9410
Run: 07, Epoch: 58, Loss: 0.0004, lr: 0.000240, Train: 0.9833, Valid: 0.9698, Test: 0.9405
Run: 07, Epoch: 59, Loss: 0.0004, lr: 0.000240, Train: 0.9833, Valid: 0.9702, Test: 0.9401
Run: 07, Epoch: 60, Loss: 0.0004, lr: 0.000240, Train: 0.9834, Valid: 0.9705, Test: 0.9399
Run: 07, Epoch: 61, Loss: 0.0004, lr: 0.000240, Train: 0.9836, Valid: 0.9708, Test: 0.9398
Run: 07, Epoch: 62, Loss: 0.0004, lr: 0.000240, Train: 0.9839, Valid: 0.9711, Test: 0.9398
Run: 07, Epoch: 63, Loss: 0.0004, lr: 0.000240, Train: 0.9842, Valid: 0.9711, Test: 0.9399
Run: 07, Epoch: 64, Loss: 0.0004, lr: 0.000240, Train: 0.9845, Valid: 0.9710, Test: 0.9400
Run: 07, Epoch: 65, Loss: 0.0004, lr: 0.000240, Train: 0.9847, Valid: 0.9708, Test: 0.9401
Run: 07, Epoch: 66, Loss: 0.0004, lr: 0.000240, Train: 0.9849, Valid: 0.9705, Test: 0.9399
Run: 07, Epoch: 67, Loss: 0.0004, lr: 0.000240, Train: 0.9853, Valid: 0.9703, Test: 0.9395
Run: 07, Epoch: 68, Loss: 0.0004, lr: 0.000240, Train: 0.9857, Valid: 0.9702, Test: 0.9388
Run: 07, Epoch: 69, Loss: 0.0004, lr: 0.000168, Train: 0.9861, Valid: 0.9702, Test: 0.9380
Run: 07, Epoch: 70, Loss: 0.0004, lr: 0.000168, Train: 0.9864, Valid: 0.9703, Test: 0.9373
Run: 07, Epoch: 71, Loss: 0.0004, lr: 0.000168, Train: 0.9866, Valid: 0.9704, Test: 0.9367
Run: 07, Epoch: 72, Loss: 0.0004, lr: 0.000168, Train: 0.9868, Valid: 0.9705, Test: 0.9363
Run: 07, Epoch: 73, Loss: 0.0004, lr: 0.000168, Train: 0.9869, Valid: 0.9706, Test: 0.9361
Run: 07, Epoch: 74, Loss: 0.0004, lr: 0.000168, Train: 0.9870, Valid: 0.9706, Test: 0.9360
Run: 07, Epoch: 75, Loss: 0.0004, lr: 0.000118, Train: 0.9872, Valid: 0.9707, Test: 0.9359
Run: 07, Epoch: 76, Loss: 0.0004, lr: 0.000118, Train: 0.9873, Valid: 0.9708, Test: 0.9358
Run: 07, Epoch: 77, Loss: 0.0004, lr: 0.000118, Train: 0.9874, Valid: 0.9708, Test: 0.9358
Run: 07, Epoch: 78, Loss: 0.0004, lr: 0.000118, Train: 0.9875, Valid: 0.9709, Test: 0.9358
Run: 07, Epoch: 79, Loss: 0.0004, lr: 0.000118, Train: 0.9876, Valid: 0.9709, Test: 0.9359
Run: 07, Epoch: 80, Loss: 0.0004, lr: 0.000118, Train: 0.9877, Valid: 0.9709, Test: 0.9358
Run: 07, Epoch: 81, Loss: 0.0003, lr: 0.000082, Train: 0.9879, Valid: 0.9709, Test: 0.9355
Run: 07, Epoch: 82, Loss: 0.0003, lr: 0.000082, Train: 0.9881, Valid: 0.9710, Test: 0.9352
Run: 07, Epoch: 83, Loss: 0.0003, lr: 0.000082, Train: 0.9883, Valid: 0.9711, Test: 0.9348
Run: 07, Epoch: 84, Loss: 0.0003, lr: 0.000082, Train: 0.9885, Valid: 0.9712, Test: 0.9343
Run: 07, Epoch: 85, Loss: 0.0003, lr: 0.000082, Train: 0.9887, Valid: 0.9713, Test: 0.9339
Run: 07, Epoch: 86, Loss: 0.0003, lr: 0.000082, Train: 0.9888, Valid: 0.9713, Test: 0.9335
Run: 07, Epoch: 87, Loss: 0.0003, lr: 0.000082, Train: 0.9890, Valid: 0.9714, Test: 0.9332
Run: 07, Epoch: 88, Loss: 0.0003, lr: 0.000082, Train: 0.9891, Valid: 0.9715, Test: 0.9329
Run: 07, Epoch: 89, Loss: 0.0003, lr: 0.000082, Train: 0.9892, Valid: 0.9716, Test: 0.9327
Run: 07, Epoch: 90, Loss: 0.0003, lr: 0.000082, Train: 0.9893, Valid: 0.9716, Test: 0.9326
Run: 07, Epoch: 91, Loss: 0.0003, lr: 0.000082, Train: 0.9893, Valid: 0.9717, Test: 0.9325
Run: 07, Epoch: 92, Loss: 0.0003, lr: 0.000082, Train: 0.9894, Valid: 0.9718, Test: 0.9325
Run: 07, Epoch: 93, Loss: 0.0003, lr: 0.000082, Train: 0.9895, Valid: 0.9719, Test: 0.9325
Run: 07, Epoch: 94, Loss: 0.0003, lr: 0.000082, Train: 0.9895, Valid: 0.9719, Test: 0.9325
Run: 07, Epoch: 95, Loss: 0.0003, lr: 0.000082, Train: 0.9896, Valid: 0.9720, Test: 0.9324
Run: 07, Epoch: 96, Loss: 0.0003, lr: 0.000082, Train: 0.9896, Valid: 0.9720, Test: 0.9324
Run: 07, Epoch: 97, Loss: 0.0003, lr: 0.000082, Train: 0.9897, Valid: 0.9721, Test: 0.9324
Run: 07, Epoch: 98, Loss: 0.0003, lr: 0.000082, Train: 0.9897, Valid: 0.9721, Test: 0.9323
Run: 07, Epoch: 99, Loss: 0.0003, lr: 0.000082, Train: 0.9898, Valid: 0.9721, Test: 0.9322
Run: 07, Epoch: 100, Loss: 0.0003, lr: 0.000082, Train: 0.9898, Valid: 0.9721, Test: 0.9322
Run 07:
Highest Train: 0.99
Highest Valid: 0.97
  Final Train: 0.99
   Final Test: 0.93
Run: 08, Epoch: 01, Loss: 0.0204, lr: 0.001000, Train: 0.6829, Valid: 0.7361, Test: 0.7181
Run: 08, Epoch: 02, Loss: 0.0179, lr: 0.001000, Train: 0.7523, Valid: 0.7542, Test: 0.7722
Run: 08, Epoch: 03, Loss: 0.0110, lr: 0.001000, Train: 0.6752, Valid: 0.6010, Test: 0.7251
Run: 08, Epoch: 04, Loss: 0.0089, lr: 0.001000, Train: 0.6389, Valid: 0.5271, Test: 0.7140
Run: 08, Epoch: 05, Loss: 0.0059, lr: 0.001000, Train: 0.6691, Valid: 0.5852, Test: 0.7492
Run: 08, Epoch: 06, Loss: 0.0035, lr: 0.001000, Train: 0.6910, Valid: 0.6513, Test: 0.7580
Run: 08, Epoch: 07, Loss: 0.0034, lr: 0.001000, Train: 0.6520, Valid: 0.6390, Test: 0.6968
Run: 08, Epoch: 08, Loss: 0.0041, lr: 0.001000, Train: 0.5530, Valid: 0.5398, Test: 0.5580
Run: 08, Epoch: 09, Loss: 0.0039, lr: 0.000700, Train: 0.4786, Valid: 0.4597, Test: 0.4485
Run: 08, Epoch: 10, Loss: 0.0033, lr: 0.000700, Train: 0.4085, Valid: 0.3808, Test: 0.3381
Run: 08, Epoch: 11, Loss: 0.0027, lr: 0.000700, Train: 0.3695, Valid: 0.3408, Test: 0.2569
Run: 08, Epoch: 12, Loss: 0.0023, lr: 0.000700, Train: 0.3771, Valid: 0.3615, Test: 0.2254
Run: 08, Epoch: 13, Loss: 0.0020, lr: 0.000700, Train: 0.4279, Valid: 0.4369, Test: 0.2472
Run: 08, Epoch: 14, Loss: 0.0018, lr: 0.000700, Train: 0.5070, Valid: 0.5386, Test: 0.3082
Run: 08, Epoch: 15, Loss: 0.0017, lr: 0.000490, Train: 0.5919, Valid: 0.6268, Test: 0.3983
Run: 08, Epoch: 16, Loss: 0.0017, lr: 0.000490, Train: 0.6675, Valid: 0.6979, Test: 0.4820
Run: 08, Epoch: 17, Loss: 0.0017, lr: 0.000490, Train: 0.7288, Valid: 0.7493, Test: 0.5521
Run: 08, Epoch: 18, Loss: 0.0017, lr: 0.000490, Train: 0.7766, Valid: 0.7855, Test: 0.6113
Run: 08, Epoch: 19, Loss: 0.0016, lr: 0.000490, Train: 0.8134, Valid: 0.8127, Test: 0.6634
Run: 08, Epoch: 20, Loss: 0.0015, lr: 0.000490, Train: 0.8423, Valid: 0.8351, Test: 0.7090
Run: 08, Epoch: 21, Loss: 0.0014, lr: 0.000490, Train: 0.8650, Valid: 0.8544, Test: 0.7492
Run: 08, Epoch: 22, Loss: 0.0013, lr: 0.000490, Train: 0.8831, Valid: 0.8712, Test: 0.7850
Run: 08, Epoch: 23, Loss: 0.0012, lr: 0.000490, Train: 0.8973, Valid: 0.8846, Test: 0.8159
Run: 08, Epoch: 24, Loss: 0.0012, lr: 0.000490, Train: 0.9086, Valid: 0.8949, Test: 0.8417
Run: 08, Epoch: 25, Loss: 0.0012, lr: 0.000490, Train: 0.9181, Valid: 0.9021, Test: 0.8630
Run: 08, Epoch: 26, Loss: 0.0012, lr: 0.000490, Train: 0.9267, Valid: 0.9066, Test: 0.8801
Run: 08, Epoch: 27, Loss: 0.0011, lr: 0.000490, Train: 0.9344, Valid: 0.9083, Test: 0.8933
Run: 08, Epoch: 28, Loss: 0.0010, lr: 0.000490, Train: 0.9411, Valid: 0.9074, Test: 0.9030
Run: 08, Epoch: 29, Loss: 0.0010, lr: 0.000490, Train: 0.9463, Valid: 0.9046, Test: 0.9090
Run: 08, Epoch: 30, Loss: 0.0009, lr: 0.000490, Train: 0.9497, Valid: 0.9011, Test: 0.9122
Run: 08, Epoch: 31, Loss: 0.0009, lr: 0.000490, Train: 0.9517, Valid: 0.8985, Test: 0.9130
Run: 08, Epoch: 32, Loss: 0.0009, lr: 0.000490, Train: 0.9526, Valid: 0.8976, Test: 0.9119
Run: 08, Epoch: 33, Loss: 0.0009, lr: 0.000490, Train: 0.9534, Valid: 0.8990, Test: 0.9098
Run: 08, Epoch: 34, Loss: 0.0008, lr: 0.000343, Train: 0.9558, Valid: 0.9016, Test: 0.9102
Run: 08, Epoch: 35, Loss: 0.0008, lr: 0.000343, Train: 0.9587, Valid: 0.9048, Test: 0.9104
Run: 08, Epoch: 36, Loss: 0.0008, lr: 0.000343, Train: 0.9621, Valid: 0.9081, Test: 0.9102
Run: 08, Epoch: 37, Loss: 0.0008, lr: 0.000343, Train: 0.9659, Valid: 0.9109, Test: 0.9095
Run: 08, Epoch: 38, Loss: 0.0007, lr: 0.000343, Train: 0.9697, Valid: 0.9124, Test: 0.9078
Run: 08, Epoch: 39, Loss: 0.0007, lr: 0.000343, Train: 0.9727, Valid: 0.9120, Test: 0.9047
Run: 08, Epoch: 40, Loss: 0.0007, lr: 0.000343, Train: 0.9747, Valid: 0.9095, Test: 0.9002
Run: 08, Epoch: 41, Loss: 0.0007, lr: 0.000343, Train: 0.9753, Valid: 0.9050, Test: 0.8945
Run: 08, Epoch: 42, Loss: 0.0007, lr: 0.000343, Train: 0.9751, Valid: 0.8995, Test: 0.8887
Run: 08, Epoch: 43, Loss: 0.0007, lr: 0.000343, Train: 0.9745, Valid: 0.8943, Test: 0.8839
Run: 08, Epoch: 44, Loss: 0.0007, lr: 0.000343, Train: 0.9742, Valid: 0.8903, Test: 0.8811
Run: 08, Epoch: 45, Loss: 0.0006, lr: 0.000240, Train: 0.9748, Valid: 0.8896, Test: 0.8824
Run: 08, Epoch: 46, Loss: 0.0006, lr: 0.000240, Train: 0.9759, Valid: 0.8899, Test: 0.8854
Run: 08, Epoch: 47, Loss: 0.0006, lr: 0.000240, Train: 0.9772, Valid: 0.8911, Test: 0.8898
Run: 08, Epoch: 48, Loss: 0.0006, lr: 0.000240, Train: 0.9786, Valid: 0.8924, Test: 0.8950
Run: 08, Epoch: 49, Loss: 0.0006, lr: 0.000240, Train: 0.9799, Valid: 0.8937, Test: 0.9004
Run: 08, Epoch: 50, Loss: 0.0006, lr: 0.000240, Train: 0.9810, Valid: 0.8947, Test: 0.9054
Run: 08, Epoch: 51, Loss: 0.0006, lr: 0.000168, Train: 0.9818, Valid: 0.8953, Test: 0.9091
Run: 08, Epoch: 52, Loss: 0.0006, lr: 0.000168, Train: 0.9824, Valid: 0.8956, Test: 0.9119
Run: 08, Epoch: 53, Loss: 0.0006, lr: 0.000168, Train: 0.9828, Valid: 0.8955, Test: 0.9140
Run: 08, Epoch: 54, Loss: 0.0006, lr: 0.000168, Train: 0.9831, Valid: 0.8952, Test: 0.9153
Run: 08, Epoch: 55, Loss: 0.0006, lr: 0.000168, Train: 0.9834, Valid: 0.8949, Test: 0.9160
Run: 08, Epoch: 56, Loss: 0.0005, lr: 0.000168, Train: 0.9835, Valid: 0.8945, Test: 0.9163
Run: 08, Epoch: 57, Loss: 0.0005, lr: 0.000118, Train: 0.9837, Valid: 0.8943, Test: 0.9165
Run: 08, Epoch: 58, Loss: 0.0005, lr: 0.000118, Train: 0.9838, Valid: 0.8943, Test: 0.9165
Run: 08, Epoch: 59, Loss: 0.0005, lr: 0.000118, Train: 0.9840, Valid: 0.8944, Test: 0.9164
Run: 08, Epoch: 60, Loss: 0.0005, lr: 0.000118, Train: 0.9841, Valid: 0.8945, Test: 0.9162
Run: 08, Epoch: 61, Loss: 0.0005, lr: 0.000118, Train: 0.9842, Valid: 0.8947, Test: 0.9160
Run: 08, Epoch: 62, Loss: 0.0005, lr: 0.000118, Train: 0.9843, Valid: 0.8949, Test: 0.9157
Run: 08, Epoch: 63, Loss: 0.0005, lr: 0.000082, Train: 0.9845, Valid: 0.8950, Test: 0.9159
Run: 08, Epoch: 64, Loss: 0.0005, lr: 0.000082, Train: 0.9846, Valid: 0.8951, Test: 0.9161
Run: 08, Epoch: 65, Loss: 0.0005, lr: 0.000082, Train: 0.9847, Valid: 0.8950, Test: 0.9163
Run: 08, Epoch: 66, Loss: 0.0005, lr: 0.000082, Train: 0.9847, Valid: 0.8949, Test: 0.9164
Run: 08, Epoch: 67, Loss: 0.0005, lr: 0.000082, Train: 0.9848, Valid: 0.8946, Test: 0.9166
Run: 08, Epoch: 68, Loss: 0.0005, lr: 0.000082, Train: 0.9849, Valid: 0.8943, Test: 0.9168
Run: 08, Epoch: 69, Loss: 0.0005, lr: 0.000058, Train: 0.9850, Valid: 0.8942, Test: 0.9173
Run: 08, Epoch: 70, Loss: 0.0005, lr: 0.000058, Train: 0.9851, Valid: 0.8941, Test: 0.9177
Run: 08, Epoch: 71, Loss: 0.0005, lr: 0.000058, Train: 0.9852, Valid: 0.8940, Test: 0.9181
Run: 08, Epoch: 72, Loss: 0.0005, lr: 0.000058, Train: 0.9853, Valid: 0.8939, Test: 0.9185
Run: 08, Epoch: 73, Loss: 0.0005, lr: 0.000058, Train: 0.9854, Valid: 0.8938, Test: 0.9188
Run: 08, Epoch: 74, Loss: 0.0005, lr: 0.000058, Train: 0.9855, Valid: 0.8937, Test: 0.9192
Run: 08, Epoch: 75, Loss: 0.0005, lr: 0.000040, Train: 0.9856, Valid: 0.8938, Test: 0.9197
Run: 08, Epoch: 76, Loss: 0.0005, lr: 0.000040, Train: 0.9857, Valid: 0.8938, Test: 0.9202
Run: 08, Epoch: 77, Loss: 0.0005, lr: 0.000040, Train: 0.9858, Valid: 0.8939, Test: 0.9206
Run: 08, Epoch: 78, Loss: 0.0005, lr: 0.000040, Train: 0.9859, Valid: 0.8939, Test: 0.9211
Run: 08, Epoch: 79, Loss: 0.0005, lr: 0.000040, Train: 0.9860, Valid: 0.8940, Test: 0.9215
Run: 08, Epoch: 80, Loss: 0.0005, lr: 0.000040, Train: 0.9861, Valid: 0.8941, Test: 0.9218
Run: 08, Epoch: 81, Loss: 0.0005, lr: 0.000028, Train: 0.9862, Valid: 0.8941, Test: 0.9222
Run: 08, Epoch: 82, Loss: 0.0005, lr: 0.000028, Train: 0.9862, Valid: 0.8942, Test: 0.9226
Run: 08, Epoch: 83, Loss: 0.0005, lr: 0.000028, Train: 0.9863, Valid: 0.8943, Test: 0.9229
Run: 08, Epoch: 84, Loss: 0.0005, lr: 0.000028, Train: 0.9863, Valid: 0.8943, Test: 0.9232
Run: 08, Epoch: 85, Loss: 0.0005, lr: 0.000028, Train: 0.9864, Valid: 0.8944, Test: 0.9235
Run: 08, Epoch: 86, Loss: 0.0005, lr: 0.000028, Train: 0.9864, Valid: 0.8944, Test: 0.9238
Run: 08, Epoch: 87, Loss: 0.0005, lr: 0.000020, Train: 0.9864, Valid: 0.8945, Test: 0.9241
Run: 08, Epoch: 88, Loss: 0.0005, lr: 0.000020, Train: 0.9865, Valid: 0.8946, Test: 0.9243
Run: 08, Epoch: 89, Loss: 0.0005, lr: 0.000020, Train: 0.9865, Valid: 0.8946, Test: 0.9245
Run: 08, Epoch: 90, Loss: 0.0005, lr: 0.000020, Train: 0.9865, Valid: 0.8946, Test: 0.9247
Run: 08, Epoch: 91, Loss: 0.0005, lr: 0.000020, Train: 0.9866, Valid: 0.8947, Test: 0.9249
Run: 08, Epoch: 92, Loss: 0.0005, lr: 0.000020, Train: 0.9866, Valid: 0.8947, Test: 0.9251
Run: 08, Epoch: 93, Loss: 0.0005, lr: 0.000014, Train: 0.9866, Valid: 0.8947, Test: 0.9252
Run: 08, Epoch: 94, Loss: 0.0005, lr: 0.000014, Train: 0.9866, Valid: 0.8948, Test: 0.9254
Run: 08, Epoch: 95, Loss: 0.0005, lr: 0.000014, Train: 0.9867, Valid: 0.8948, Test: 0.9255
Run: 08, Epoch: 96, Loss: 0.0005, lr: 0.000014, Train: 0.9867, Valid: 0.8948, Test: 0.9256
Run: 08, Epoch: 97, Loss: 0.0005, lr: 0.000014, Train: 0.9867, Valid: 0.8948, Test: 0.9257
Run: 08, Epoch: 98, Loss: 0.0005, lr: 0.000014, Train: 0.9867, Valid: 0.8949, Test: 0.9258
Run: 08, Epoch: 99, Loss: 0.0005, lr: 0.000010, Train: 0.9867, Valid: 0.8949, Test: 0.9259
Run: 08, Epoch: 100, Loss: 0.0005, lr: 0.000010, Train: 0.9867, Valid: 0.8949, Test: 0.9260
Run 08:
Highest Train: 0.99
Highest Valid: 0.91
  Final Train: 0.97
   Final Test: 0.91
Run: 09, Epoch: 01, Loss: 0.0914, lr: 0.001000, Train: 0.5797, Valid: 0.3114, Test: 0.5156
Run: 09, Epoch: 02, Loss: 0.0097, lr: 0.001000, Train: 0.7586, Valid: 0.4656, Test: 0.6886
Run: 09, Epoch: 03, Loss: 0.0135, lr: 0.001000, Train: 0.7967, Valid: 0.5416, Test: 0.7438
Run: 09, Epoch: 04, Loss: 0.0119, lr: 0.001000, Train: 0.8032, Valid: 0.5977, Test: 0.7595
Run: 09, Epoch: 05, Loss: 0.0087, lr: 0.001000, Train: 0.8206, Valid: 0.6521, Test: 0.7738
Run: 09, Epoch: 06, Loss: 0.0049, lr: 0.001000, Train: 0.8408, Valid: 0.6915, Test: 0.7813
Run: 09, Epoch: 07, Loss: 0.0026, lr: 0.001000, Train: 0.8361, Valid: 0.6775, Test: 0.7602
Run: 09, Epoch: 08, Loss: 0.0034, lr: 0.001000, Train: 0.8087, Valid: 0.6038, Test: 0.7149
Run: 09, Epoch: 09, Loss: 0.0042, lr: 0.001000, Train: 0.7449, Valid: 0.3889, Test: 0.6246
Run: 09, Epoch: 10, Loss: 0.0036, lr: 0.001000, Train: 0.6080, Valid: -0.0465, Test: 0.4430
Run: 09, Epoch: 11, Loss: 0.0026, lr: 0.001000, Train: 0.4220, Valid: -0.6630, Test: 0.1967
Run: 09, Epoch: 12, Loss: 0.0021, lr: 0.001000, Train: 0.2608, Valid: -1.2641, Test: -0.0287
Run: 09, Epoch: 13, Loss: 0.0020, lr: 0.000700, Train: 0.2411, Valid: -1.4259, Test: -0.0716
Run: 09, Epoch: 14, Loss: 0.0020, lr: 0.000700, Train: 0.2875, Valid: -1.3808, Test: -0.0338
Run: 09, Epoch: 15, Loss: 0.0019, lr: 0.000700, Train: 0.3828, Valid: -1.1610, Test: 0.0643
Run: 09, Epoch: 16, Loss: 0.0018, lr: 0.000700, Train: 0.5031, Valid: -0.8252, Test: 0.2013
Run: 09, Epoch: 17, Loss: 0.0017, lr: 0.000700, Train: 0.6240, Valid: -0.4517, Test: 0.3494
Run: 09, Epoch: 18, Loss: 0.0015, lr: 0.000700, Train: 0.7274, Valid: -0.1104, Test: 0.4856
Run: 09, Epoch: 19, Loss: 0.0014, lr: 0.000490, Train: 0.7966, Valid: 0.1279, Test: 0.5834
Run: 09, Epoch: 20, Loss: 0.0013, lr: 0.000490, Train: 0.8476, Valid: 0.3109, Test: 0.6579
Run: 09, Epoch: 21, Loss: 0.0011, lr: 0.000490, Train: 0.8833, Valid: 0.4425, Test: 0.7109
Run: 09, Epoch: 22, Loss: 0.0010, lr: 0.000490, Train: 0.9075, Valid: 0.5334, Test: 0.7478
Run: 09, Epoch: 23, Loss: 0.0009, lr: 0.000490, Train: 0.9230, Valid: 0.5921, Test: 0.7723
Run: 09, Epoch: 24, Loss: 0.0009, lr: 0.000490, Train: 0.9326, Valid: 0.6258, Test: 0.7876
Run: 09, Epoch: 25, Loss: 0.0009, lr: 0.000343, Train: 0.9390, Valid: 0.6458, Test: 0.7974
Run: 09, Epoch: 26, Loss: 0.0009, lr: 0.000343, Train: 0.9438, Valid: 0.6588, Test: 0.8046
Run: 09, Epoch: 27, Loss: 0.0009, lr: 0.000343, Train: 0.9477, Valid: 0.6675, Test: 0.8106
Run: 09, Epoch: 28, Loss: 0.0008, lr: 0.000343, Train: 0.9515, Valid: 0.6739, Test: 0.8158
Run: 09, Epoch: 29, Loss: 0.0008, lr: 0.000343, Train: 0.9553, Valid: 0.6792, Test: 0.8205
Run: 09, Epoch: 30, Loss: 0.0008, lr: 0.000343, Train: 0.9593, Valid: 0.6845, Test: 0.8250
Run: 09, Epoch: 31, Loss: 0.0008, lr: 0.000240, Train: 0.9632, Valid: 0.6923, Test: 0.8294
Run: 09, Epoch: 32, Loss: 0.0007, lr: 0.000240, Train: 0.9669, Valid: 0.6991, Test: 0.8333
Run: 09, Epoch: 33, Loss: 0.0007, lr: 0.000240, Train: 0.9702, Valid: 0.7050, Test: 0.8367
Run: 09, Epoch: 34, Loss: 0.0007, lr: 0.000240, Train: 0.9730, Valid: 0.7106, Test: 0.8395
Run: 09, Epoch: 35, Loss: 0.0007, lr: 0.000240, Train: 0.9755, Valid: 0.7161, Test: 0.8418
Run: 09, Epoch: 36, Loss: 0.0007, lr: 0.000240, Train: 0.9776, Valid: 0.7216, Test: 0.8435
Run: 09, Epoch: 37, Loss: 0.0006, lr: 0.000240, Train: 0.9794, Valid: 0.7269, Test: 0.8450
Run: 09, Epoch: 38, Loss: 0.0006, lr: 0.000240, Train: 0.9809, Valid: 0.7320, Test: 0.8463
Run: 09, Epoch: 39, Loss: 0.0006, lr: 0.000240, Train: 0.9820, Valid: 0.7368, Test: 0.8475
Run: 09, Epoch: 40, Loss: 0.0006, lr: 0.000240, Train: 0.9829, Valid: 0.7413, Test: 0.8487
Run: 09, Epoch: 41, Loss: 0.0006, lr: 0.000240, Train: 0.9836, Valid: 0.7455, Test: 0.8500
Run: 09, Epoch: 42, Loss: 0.0006, lr: 0.000240, Train: 0.9841, Valid: 0.7497, Test: 0.8513
Run: 09, Epoch: 43, Loss: 0.0006, lr: 0.000240, Train: 0.9843, Valid: 0.7539, Test: 0.8527
Run: 09, Epoch: 44, Loss: 0.0006, lr: 0.000240, Train: 0.9844, Valid: 0.7578, Test: 0.8541
Run: 09, Epoch: 45, Loss: 0.0006, lr: 0.000240, Train: 0.9844, Valid: 0.7611, Test: 0.8555
Run: 09, Epoch: 46, Loss: 0.0005, lr: 0.000240, Train: 0.9842, Valid: 0.7637, Test: 0.8567
Run: 09, Epoch: 47, Loss: 0.0005, lr: 0.000240, Train: 0.9839, Valid: 0.7659, Test: 0.8577
Run: 09, Epoch: 48, Loss: 0.0005, lr: 0.000240, Train: 0.9835, Valid: 0.7672, Test: 0.8581
Run: 09, Epoch: 49, Loss: 0.0005, lr: 0.000240, Train: 0.9830, Valid: 0.7678, Test: 0.8581
Run: 09, Epoch: 50, Loss: 0.0005, lr: 0.000240, Train: 0.9824, Valid: 0.7675, Test: 0.8576
Run: 09, Epoch: 51, Loss: 0.0005, lr: 0.000240, Train: 0.9819, Valid: 0.7667, Test: 0.8568
Run: 09, Epoch: 52, Loss: 0.0005, lr: 0.000240, Train: 0.9815, Valid: 0.7656, Test: 0.8558
Run: 09, Epoch: 53, Loss: 0.0005, lr: 0.000240, Train: 0.9812, Valid: 0.7645, Test: 0.8548
Run: 09, Epoch: 54, Loss: 0.0005, lr: 0.000240, Train: 0.9811, Valid: 0.7635, Test: 0.8538
Run: 09, Epoch: 55, Loss: 0.0005, lr: 0.000240, Train: 0.9812, Valid: 0.7628, Test: 0.8532
Run: 09, Epoch: 56, Loss: 0.0005, lr: 0.000168, Train: 0.9818, Valid: 0.7634, Test: 0.8532
Run: 09, Epoch: 57, Loss: 0.0005, lr: 0.000168, Train: 0.9824, Valid: 0.7642, Test: 0.8535
Run: 09, Epoch: 58, Loss: 0.0005, lr: 0.000168, Train: 0.9830, Valid: 0.7650, Test: 0.8538
Run: 09, Epoch: 59, Loss: 0.0005, lr: 0.000168, Train: 0.9837, Valid: 0.7658, Test: 0.8542
Run: 09, Epoch: 60, Loss: 0.0004, lr: 0.000168, Train: 0.9843, Valid: 0.7665, Test: 0.8548
Run: 09, Epoch: 61, Loss: 0.0004, lr: 0.000168, Train: 0.9848, Valid: 0.7671, Test: 0.8554
Run: 09, Epoch: 62, Loss: 0.0004, lr: 0.000118, Train: 0.9854, Valid: 0.7677, Test: 0.8559
Run: 09, Epoch: 63, Loss: 0.0004, lr: 0.000118, Train: 0.9858, Valid: 0.7681, Test: 0.8565
Run: 09, Epoch: 64, Loss: 0.0004, lr: 0.000118, Train: 0.9862, Valid: 0.7685, Test: 0.8570
Run: 09, Epoch: 65, Loss: 0.0004, lr: 0.000118, Train: 0.9865, Valid: 0.7687, Test: 0.8575
Run: 09, Epoch: 66, Loss: 0.0004, lr: 0.000118, Train: 0.9867, Valid: 0.7689, Test: 0.8579
Run: 09, Epoch: 67, Loss: 0.0004, lr: 0.000118, Train: 0.9869, Valid: 0.7689, Test: 0.8583
Run: 09, Epoch: 68, Loss: 0.0004, lr: 0.000118, Train: 0.9870, Valid: 0.7690, Test: 0.8587
Run: 09, Epoch: 69, Loss: 0.0004, lr: 0.000118, Train: 0.9871, Valid: 0.7690, Test: 0.8590
Run: 09, Epoch: 70, Loss: 0.0004, lr: 0.000118, Train: 0.9871, Valid: 0.7691, Test: 0.8592
Run: 09, Epoch: 71, Loss: 0.0004, lr: 0.000118, Train: 0.9871, Valid: 0.7691, Test: 0.8594
Run: 09, Epoch: 72, Loss: 0.0004, lr: 0.000118, Train: 0.9871, Valid: 0.7690, Test: 0.8596
Run: 09, Epoch: 73, Loss: 0.0004, lr: 0.000118, Train: 0.9871, Valid: 0.7690, Test: 0.8597
Run: 09, Epoch: 74, Loss: 0.0004, lr: 0.000118, Train: 0.9871, Valid: 0.7689, Test: 0.8597
Run: 09, Epoch: 75, Loss: 0.0004, lr: 0.000118, Train: 0.9871, Valid: 0.7689, Test: 0.8598
Run: 09, Epoch: 76, Loss: 0.0004, lr: 0.000082, Train: 0.9872, Valid: 0.7690, Test: 0.8599
Run: 09, Epoch: 77, Loss: 0.0004, lr: 0.000082, Train: 0.9873, Valid: 0.7692, Test: 0.8600
Run: 09, Epoch: 78, Loss: 0.0004, lr: 0.000082, Train: 0.9875, Valid: 0.7693, Test: 0.8601
Run: 09, Epoch: 79, Loss: 0.0004, lr: 0.000082, Train: 0.9876, Valid: 0.7694, Test: 0.8602
Run: 09, Epoch: 80, Loss: 0.0004, lr: 0.000082, Train: 0.9878, Valid: 0.7695, Test: 0.8602
Run: 09, Epoch: 81, Loss: 0.0004, lr: 0.000082, Train: 0.9879, Valid: 0.7696, Test: 0.8603
Run: 09, Epoch: 82, Loss: 0.0004, lr: 0.000082, Train: 0.9881, Valid: 0.7697, Test: 0.8604
Run: 09, Epoch: 83, Loss: 0.0004, lr: 0.000082, Train: 0.9882, Valid: 0.7698, Test: 0.8605
Run: 09, Epoch: 84, Loss: 0.0004, lr: 0.000082, Train: 0.9884, Valid: 0.7699, Test: 0.8606
Run: 09, Epoch: 85, Loss: 0.0004, lr: 0.000082, Train: 0.9885, Valid: 0.7700, Test: 0.8607
Run: 09, Epoch: 86, Loss: 0.0004, lr: 0.000082, Train: 0.9886, Valid: 0.7700, Test: 0.8608
Run: 09, Epoch: 87, Loss: 0.0004, lr: 0.000082, Train: 0.9887, Valid: 0.7701, Test: 0.8608
Run: 09, Epoch: 88, Loss: 0.0004, lr: 0.000082, Train: 0.9888, Valid: 0.7702, Test: 0.8609
Run: 09, Epoch: 89, Loss: 0.0004, lr: 0.000082, Train: 0.9889, Valid: 0.7702, Test: 0.8610
Run: 09, Epoch: 90, Loss: 0.0004, lr: 0.000082, Train: 0.9890, Valid: 0.7702, Test: 0.8610
Run: 09, Epoch: 91, Loss: 0.0004, lr: 0.000082, Train: 0.9891, Valid: 0.7702, Test: 0.8611
Run: 09, Epoch: 92, Loss: 0.0004, lr: 0.000082, Train: 0.9892, Valid: 0.7701, Test: 0.8611
Run: 09, Epoch: 93, Loss: 0.0004, lr: 0.000082, Train: 0.9893, Valid: 0.7700, Test: 0.8612
Run: 09, Epoch: 94, Loss: 0.0004, lr: 0.000082, Train: 0.9894, Valid: 0.7699, Test: 0.8612
Run: 09, Epoch: 95, Loss: 0.0004, lr: 0.000082, Train: 0.9895, Valid: 0.7699, Test: 0.8613
Run: 09, Epoch: 96, Loss: 0.0004, lr: 0.000058, Train: 0.9896, Valid: 0.7698, Test: 0.8613
Run: 09, Epoch: 97, Loss: 0.0004, lr: 0.000058, Train: 0.9896, Valid: 0.7697, Test: 0.8613
Run: 09, Epoch: 98, Loss: 0.0004, lr: 0.000058, Train: 0.9897, Valid: 0.7697, Test: 0.8613
Run: 09, Epoch: 99, Loss: 0.0004, lr: 0.000058, Train: 0.9898, Valid: 0.7696, Test: 0.8613
Run: 09, Epoch: 100, Loss: 0.0004, lr: 0.000058, Train: 0.9899, Valid: 0.7695, Test: 0.8614
Run 09:
Highest Train: 0.99
Highest Valid: 0.77
  Final Train: 0.99
   Final Test: 0.86
Run: 10, Epoch: 01, Loss: 0.0411, lr: 0.001000, Train: 0.5742, Valid: 0.6819, Test: 0.4715
Run: 10, Epoch: 02, Loss: 0.0164, lr: 0.001000, Train: 0.6973, Valid: 0.8048, Test: 0.5491
Run: 10, Epoch: 03, Loss: 0.0093, lr: 0.001000, Train: 0.6183, Valid: 0.7789, Test: 0.4602
Run: 10, Epoch: 04, Loss: 0.0081, lr: 0.001000, Train: 0.5846, Valid: 0.7718, Test: 0.4468
Run: 10, Epoch: 05, Loss: 0.0068, lr: 0.001000, Train: 0.6753, Valid: 0.8236, Test: 0.5581
Run: 10, Epoch: 06, Loss: 0.0041, lr: 0.001000, Train: 0.7924, Valid: 0.8777, Test: 0.6932
Run: 10, Epoch: 07, Loss: 0.0028, lr: 0.001000, Train: 0.8555, Valid: 0.8883, Test: 0.7641
Run: 10, Epoch: 08, Loss: 0.0028, lr: 0.001000, Train: 0.8717, Valid: 0.8633, Test: 0.7735
Run: 10, Epoch: 09, Loss: 0.0031, lr: 0.001000, Train: 0.8554, Valid: 0.8208, Test: 0.7462
Run: 10, Epoch: 10, Loss: 0.0034, lr: 0.001000, Train: 0.8201, Valid: 0.7853, Test: 0.7048
Run: 10, Epoch: 11, Loss: 0.0033, lr: 0.001000, Train: 0.7812, Valid: 0.7717, Test: 0.6690
Run: 10, Epoch: 12, Loss: 0.0026, lr: 0.001000, Train: 0.7369, Valid: 0.7754, Test: 0.6389
Run: 10, Epoch: 13, Loss: 0.0018, lr: 0.001000, Train: 0.6715, Valid: 0.7764, Test: 0.5998
Run: 10, Epoch: 14, Loss: 0.0016, lr: 0.000700, Train: 0.6249, Valid: 0.7728, Test: 0.5719
Run: 10, Epoch: 15, Loss: 0.0016, lr: 0.000700, Train: 0.5760, Valid: 0.7584, Test: 0.5367
Run: 10, Epoch: 16, Loss: 0.0015, lr: 0.000700, Train: 0.5371, Valid: 0.7393, Test: 0.5046
Run: 10, Epoch: 17, Loss: 0.0014, lr: 0.000700, Train: 0.5219, Valid: 0.7262, Test: 0.4895
Run: 10, Epoch: 18, Loss: 0.0014, lr: 0.000700, Train: 0.5428, Valid: 0.7309, Test: 0.5035
Run: 10, Epoch: 19, Loss: 0.0014, lr: 0.000700, Train: 0.6031, Valid: 0.7590, Test: 0.5516
Run: 10, Epoch: 20, Loss: 0.0014, lr: 0.000490, Train: 0.6846, Valid: 0.8034, Test: 0.6216
Run: 10, Epoch: 21, Loss: 0.0013, lr: 0.000490, Train: 0.7665, Valid: 0.8505, Test: 0.6960
Run: 10, Epoch: 22, Loss: 0.0012, lr: 0.000490, Train: 0.8363, Valid: 0.8913, Test: 0.7641
Run: 10, Epoch: 23, Loss: 0.0011, lr: 0.000490, Train: 0.8869, Valid: 0.9207, Test: 0.8185
Run: 10, Epoch: 24, Loss: 0.0010, lr: 0.000490, Train: 0.9172, Valid: 0.9376, Test: 0.8561
Run: 10, Epoch: 25, Loss: 0.0009, lr: 0.000490, Train: 0.9321, Valid: 0.9447, Test: 0.8788
Run: 10, Epoch: 26, Loss: 0.0009, lr: 0.000490, Train: 0.9386, Valid: 0.9466, Test: 0.8901
Run: 10, Epoch: 27, Loss: 0.0009, lr: 0.000490, Train: 0.9420, Valid: 0.9464, Test: 0.8934
Run: 10, Epoch: 28, Loss: 0.0009, lr: 0.000490, Train: 0.9439, Valid: 0.9452, Test: 0.8907
Run: 10, Epoch: 29, Loss: 0.0009, lr: 0.000490, Train: 0.9436, Valid: 0.9423, Test: 0.8830
Run: 10, Epoch: 30, Loss: 0.0009, lr: 0.000490, Train: 0.9405, Valid: 0.9374, Test: 0.8720
Run: 10, Epoch: 31, Loss: 0.0008, lr: 0.000490, Train: 0.9350, Valid: 0.9316, Test: 0.8599
Run: 10, Epoch: 32, Loss: 0.0008, lr: 0.000490, Train: 0.9289, Valid: 0.9266, Test: 0.8493
Run: 10, Epoch: 33, Loss: 0.0008, lr: 0.000343, Train: 0.9278, Valid: 0.9259, Test: 0.8470
Run: 10, Epoch: 34, Loss: 0.0007, lr: 0.000343, Train: 0.9279, Valid: 0.9273, Test: 0.8469
Run: 10, Epoch: 35, Loss: 0.0007, lr: 0.000343, Train: 0.9294, Valid: 0.9303, Test: 0.8491
Run: 10, Epoch: 36, Loss: 0.0007, lr: 0.000343, Train: 0.9322, Valid: 0.9344, Test: 0.8533
Run: 10, Epoch: 37, Loss: 0.0007, lr: 0.000343, Train: 0.9363, Valid: 0.9392, Test: 0.8588
Run: 10, Epoch: 38, Loss: 0.0007, lr: 0.000343, Train: 0.9413, Valid: 0.9440, Test: 0.8655
Run: 10, Epoch: 39, Loss: 0.0006, lr: 0.000240, Train: 0.9473, Valid: 0.9484, Test: 0.8731
Run: 10, Epoch: 40, Loss: 0.0006, lr: 0.000240, Train: 0.9531, Valid: 0.9525, Test: 0.8807
Run: 10, Epoch: 41, Loss: 0.0006, lr: 0.000240, Train: 0.9586, Valid: 0.9562, Test: 0.8879
Run: 10, Epoch: 42, Loss: 0.0006, lr: 0.000240, Train: 0.9635, Valid: 0.9594, Test: 0.8947
Run: 10, Epoch: 43, Loss: 0.0006, lr: 0.000240, Train: 0.9677, Valid: 0.9622, Test: 0.9009
Run: 10, Epoch: 44, Loss: 0.0006, lr: 0.000240, Train: 0.9713, Valid: 0.9644, Test: 0.9066
Run: 10, Epoch: 45, Loss: 0.0006, lr: 0.000240, Train: 0.9740, Valid: 0.9660, Test: 0.9114
Run: 10, Epoch: 46, Loss: 0.0006, lr: 0.000240, Train: 0.9759, Valid: 0.9670, Test: 0.9156
Run: 10, Epoch: 47, Loss: 0.0006, lr: 0.000240, Train: 0.9771, Valid: 0.9674, Test: 0.9188
Run: 10, Epoch: 48, Loss: 0.0005, lr: 0.000240, Train: 0.9778, Valid: 0.9675, Test: 0.9213
Run: 10, Epoch: 49, Loss: 0.0005, lr: 0.000240, Train: 0.9781, Valid: 0.9673, Test: 0.9231
Run: 10, Epoch: 50, Loss: 0.0005, lr: 0.000240, Train: 0.9783, Valid: 0.9670, Test: 0.9243
Run: 10, Epoch: 51, Loss: 0.0005, lr: 0.000240, Train: 0.9786, Valid: 0.9667, Test: 0.9250
Run: 10, Epoch: 52, Loss: 0.0005, lr: 0.000240, Train: 0.9790, Valid: 0.9665, Test: 0.9255
Run: 10, Epoch: 53, Loss: 0.0005, lr: 0.000240, Train: 0.9795, Valid: 0.9663, Test: 0.9257
Run: 10, Epoch: 54, Loss: 0.0005, lr: 0.000168, Train: 0.9800, Valid: 0.9663, Test: 0.9257
Run: 10, Epoch: 55, Loss: 0.0005, lr: 0.000168, Train: 0.9805, Valid: 0.9663, Test: 0.9256
Run: 10, Epoch: 56, Loss: 0.0005, lr: 0.000168, Train: 0.9809, Valid: 0.9662, Test: 0.9254
Run: 10, Epoch: 57, Loss: 0.0005, lr: 0.000168, Train: 0.9812, Valid: 0.9661, Test: 0.9253
Run: 10, Epoch: 58, Loss: 0.0005, lr: 0.000168, Train: 0.9816, Valid: 0.9661, Test: 0.9251
Run: 10, Epoch: 59, Loss: 0.0005, lr: 0.000168, Train: 0.9818, Valid: 0.9660, Test: 0.9249
Run: 10, Epoch: 60, Loss: 0.0005, lr: 0.000118, Train: 0.9821, Valid: 0.9660, Test: 0.9248
Run: 10, Epoch: 61, Loss: 0.0005, lr: 0.000118, Train: 0.9824, Valid: 0.9659, Test: 0.9247
Run: 10, Epoch: 62, Loss: 0.0005, lr: 0.000118, Train: 0.9826, Valid: 0.9659, Test: 0.9246
Run: 10, Epoch: 63, Loss: 0.0005, lr: 0.000118, Train: 0.9828, Valid: 0.9659, Test: 0.9246
Run: 10, Epoch: 64, Loss: 0.0005, lr: 0.000118, Train: 0.9830, Valid: 0.9660, Test: 0.9245
Run: 10, Epoch: 65, Loss: 0.0004, lr: 0.000118, Train: 0.9832, Valid: 0.9660, Test: 0.9246
Run: 10, Epoch: 66, Loss: 0.0004, lr: 0.000082, Train: 0.9834, Valid: 0.9661, Test: 0.9246
Run: 10, Epoch: 67, Loss: 0.0004, lr: 0.000082, Train: 0.9836, Valid: 0.9661, Test: 0.9247
Run: 10, Epoch: 68, Loss: 0.0004, lr: 0.000082, Train: 0.9837, Valid: 0.9662, Test: 0.9248
Run: 10, Epoch: 69, Loss: 0.0004, lr: 0.000082, Train: 0.9839, Valid: 0.9664, Test: 0.9249
Run: 10, Epoch: 70, Loss: 0.0004, lr: 0.000082, Train: 0.9840, Valid: 0.9665, Test: 0.9250
Run: 10, Epoch: 71, Loss: 0.0004, lr: 0.000082, Train: 0.9842, Valid: 0.9666, Test: 0.9252
Run: 10, Epoch: 72, Loss: 0.0004, lr: 0.000058, Train: 0.9843, Valid: 0.9667, Test: 0.9253
Run: 10, Epoch: 73, Loss: 0.0004, lr: 0.000058, Train: 0.9844, Valid: 0.9668, Test: 0.9254
Run: 10, Epoch: 74, Loss: 0.0004, lr: 0.000058, Train: 0.9845, Valid: 0.9670, Test: 0.9256
Run: 10, Epoch: 75, Loss: 0.0004, lr: 0.000058, Train: 0.9846, Valid: 0.9671, Test: 0.9257
Run: 10, Epoch: 76, Loss: 0.0004, lr: 0.000058, Train: 0.9847, Valid: 0.9672, Test: 0.9259
Run: 10, Epoch: 77, Loss: 0.0004, lr: 0.000058, Train: 0.9848, Valid: 0.9672, Test: 0.9261
Run: 10, Epoch: 78, Loss: 0.0004, lr: 0.000040, Train: 0.9848, Valid: 0.9673, Test: 0.9262
Run: 10, Epoch: 79, Loss: 0.0004, lr: 0.000040, Train: 0.9849, Valid: 0.9674, Test: 0.9263
Run: 10, Epoch: 80, Loss: 0.0004, lr: 0.000040, Train: 0.9849, Valid: 0.9674, Test: 0.9264
Run: 10, Epoch: 81, Loss: 0.0004, lr: 0.000040, Train: 0.9850, Valid: 0.9674, Test: 0.9266
Run: 10, Epoch: 82, Loss: 0.0004, lr: 0.000040, Train: 0.9850, Valid: 0.9674, Test: 0.9267
Run: 10, Epoch: 83, Loss: 0.0004, lr: 0.000040, Train: 0.9851, Valid: 0.9674, Test: 0.9268
Run: 10, Epoch: 84, Loss: 0.0004, lr: 0.000028, Train: 0.9851, Valid: 0.9674, Test: 0.9268
Run: 10, Epoch: 85, Loss: 0.0004, lr: 0.000028, Train: 0.9852, Valid: 0.9674, Test: 0.9268
Run: 10, Epoch: 86, Loss: 0.0004, lr: 0.000028, Train: 0.9852, Valid: 0.9674, Test: 0.9268
Run: 10, Epoch: 87, Loss: 0.0004, lr: 0.000028, Train: 0.9853, Valid: 0.9674, Test: 0.9268
Run: 10, Epoch: 88, Loss: 0.0004, lr: 0.000028, Train: 0.9853, Valid: 0.9674, Test: 0.9268
Run: 10, Epoch: 89, Loss: 0.0004, lr: 0.000028, Train: 0.9854, Valid: 0.9674, Test: 0.9268
Run: 10, Epoch: 90, Loss: 0.0004, lr: 0.000020, Train: 0.9854, Valid: 0.9674, Test: 0.9268
Run: 10, Epoch: 91, Loss: 0.0004, lr: 0.000020, Train: 0.9855, Valid: 0.9674, Test: 0.9268
Run: 10, Epoch: 92, Loss: 0.0004, lr: 0.000020, Train: 0.9855, Valid: 0.9674, Test: 0.9267
Run: 10, Epoch: 93, Loss: 0.0004, lr: 0.000020, Train: 0.9855, Valid: 0.9673, Test: 0.9267
Run: 10, Epoch: 94, Loss: 0.0004, lr: 0.000020, Train: 0.9856, Valid: 0.9673, Test: 0.9267
Run: 10, Epoch: 95, Loss: 0.0004, lr: 0.000020, Train: 0.9856, Valid: 0.9673, Test: 0.9267
Run: 10, Epoch: 96, Loss: 0.0004, lr: 0.000014, Train: 0.9856, Valid: 0.9673, Test: 0.9266
Run: 10, Epoch: 97, Loss: 0.0004, lr: 0.000014, Train: 0.9856, Valid: 0.9673, Test: 0.9266
Run: 10, Epoch: 98, Loss: 0.0004, lr: 0.000014, Train: 0.9857, Valid: 0.9673, Test: 0.9266
Run: 10, Epoch: 99, Loss: 0.0004, lr: 0.000014, Train: 0.9857, Valid: 0.9673, Test: 0.9265
Run: 10, Epoch: 100, Loss: 0.0004, lr: 0.000014, Train: 0.9857, Valid: 0.9673, Test: 0.9265
Run 10:
Highest Train: 0.99
Highest Valid: 0.97
  Final Train: 0.98
   Final Test: 0.92
All runs:
Highest Train: 0.99  0.00
Highest Valid: 0.92  0.07
  Final Train: 0.98  0.01
   Final Test: 0.92  0.03
