Namespace(conv_layers=3, device=0, dropout=0.0, epochs=100, hidden_dim=256, log_steps=1, lr=0.001, method='sage', mlp_layers=2, runs=10, subset='mathematics')
Run: 01, Epoch: 01, Loss: 0.0511, lr: 0.001000, Train: 0.5865, Valid: 0.5162, Test: 0.5174
Run: 01, Epoch: 02, Loss: 0.0074, lr: 0.001000, Train: 0.6942, Valid: 0.6815, Test: 0.6499
Run: 01, Epoch: 03, Loss: 0.0080, lr: 0.001000, Train: 0.7489, Valid: 0.7526, Test: 0.7203
Run: 01, Epoch: 04, Loss: 0.0064, lr: 0.001000, Train: 0.7970, Valid: 0.7985, Test: 0.7709
Run: 01, Epoch: 05, Loss: 0.0049, lr: 0.001000, Train: 0.8310, Valid: 0.8301, Test: 0.8038
Run: 01, Epoch: 06, Loss: 0.0035, lr: 0.001000, Train: 0.8524, Valid: 0.8507, Test: 0.8283
Run: 01, Epoch: 07, Loss: 0.0025, lr: 0.001000, Train: 0.8681, Valid: 0.8602, Test: 0.8496
Run: 01, Epoch: 08, Loss: 0.0019, lr: 0.001000, Train: 0.8746, Valid: 0.8588, Test: 0.8618
Run: 01, Epoch: 09, Loss: 0.0017, lr: 0.001000, Train: 0.8746, Valid: 0.8588, Test: 0.8666
Run: 01, Epoch: 10, Loss: 0.0016, lr: 0.001000, Train: 0.8795, Valid: 0.8710, Test: 0.8746
Run: 01, Epoch: 11, Loss: 0.0015, lr: 0.001000, Train: 0.8936, Valid: 0.8921, Test: 0.8870
Run: 01, Epoch: 12, Loss: 0.0013, lr: 0.001000, Train: 0.9107, Valid: 0.9107, Test: 0.8952
Run: 01, Epoch: 13, Loss: 0.0010, lr: 0.001000, Train: 0.9231, Valid: 0.9217, Test: 0.8951
Run: 01, Epoch: 14, Loss: 0.0010, lr: 0.001000, Train: 0.9285, Valid: 0.9278, Test: 0.8911
Run: 01, Epoch: 15, Loss: 0.0010, lr: 0.001000, Train: 0.9317, Valid: 0.9331, Test: 0.8895
Run: 01, Epoch: 16, Loss: 0.0011, lr: 0.001000, Train: 0.9392, Valid: 0.9417, Test: 0.8959
Run: 01, Epoch: 17, Loss: 0.0010, lr: 0.001000, Train: 0.9514, Valid: 0.9531, Test: 0.9097
Run: 01, Epoch: 18, Loss: 0.0009, lr: 0.001000, Train: 0.9624, Valid: 0.9616, Test: 0.9246
Run: 01, Epoch: 19, Loss: 0.0009, lr: 0.001000, Train: 0.9684, Valid: 0.9648, Test: 0.9349
Run: 01, Epoch: 20, Loss: 0.0008, lr: 0.001000, Train: 0.9699, Valid: 0.9658, Test: 0.9393
Run: 01, Epoch: 21, Loss: 0.0008, lr: 0.001000, Train: 0.9662, Valid: 0.9657, Test: 0.9359
Run: 01, Epoch: 22, Loss: 0.0008, lr: 0.001000, Train: 0.9580, Valid: 0.9626, Test: 0.9260
Run: 01, Epoch: 23, Loss: 0.0007, lr: 0.001000, Train: 0.9509, Valid: 0.9575, Test: 0.9159
Run: 01, Epoch: 24, Loss: 0.0007, lr: 0.001000, Train: 0.9480, Valid: 0.9529, Test: 0.9091
Run: 01, Epoch: 25, Loss: 0.0006, lr: 0.001000, Train: 0.9456, Valid: 0.9487, Test: 0.9028
Run: 01, Epoch: 26, Loss: 0.0006, lr: 0.001000, Train: 0.9426, Valid: 0.9443, Test: 0.8969
Run: 01, Epoch: 27, Loss: 0.0006, lr: 0.000700, Train: 0.9463, Valid: 0.9460, Test: 0.8997
Run: 01, Epoch: 28, Loss: 0.0006, lr: 0.000700, Train: 0.9548, Valid: 0.9508, Test: 0.9080
Run: 01, Epoch: 29, Loss: 0.0006, lr: 0.000700, Train: 0.9650, Valid: 0.9565, Test: 0.9193
Run: 01, Epoch: 30, Loss: 0.0005, lr: 0.000700, Train: 0.9728, Valid: 0.9597, Test: 0.9292
Run: 01, Epoch: 31, Loss: 0.0005, lr: 0.000700, Train: 0.9764, Valid: 0.9599, Test: 0.9352
Run: 01, Epoch: 32, Loss: 0.0005, lr: 0.000700, Train: 0.9774, Valid: 0.9592, Test: 0.9378
Run: 01, Epoch: 33, Loss: 0.0005, lr: 0.000490, Train: 0.9784, Valid: 0.9605, Test: 0.9395
Run: 01, Epoch: 34, Loss: 0.0005, lr: 0.000490, Train: 0.9795, Valid: 0.9628, Test: 0.9406
Run: 01, Epoch: 35, Loss: 0.0005, lr: 0.000490, Train: 0.9806, Valid: 0.9660, Test: 0.9415
Run: 01, Epoch: 36, Loss: 0.0005, lr: 0.000490, Train: 0.9813, Valid: 0.9694, Test: 0.9418
Run: 01, Epoch: 37, Loss: 0.0005, lr: 0.000490, Train: 0.9812, Valid: 0.9721, Test: 0.9412
Run: 01, Epoch: 38, Loss: 0.0004, lr: 0.000490, Train: 0.9801, Valid: 0.9736, Test: 0.9396
Run: 01, Epoch: 39, Loss: 0.0004, lr: 0.000490, Train: 0.9785, Valid: 0.9737, Test: 0.9377
Run: 01, Epoch: 40, Loss: 0.0004, lr: 0.000490, Train: 0.9775, Valid: 0.9732, Test: 0.9367
Run: 01, Epoch: 41, Loss: 0.0004, lr: 0.000490, Train: 0.9781, Valid: 0.9729, Test: 0.9377
Run: 01, Epoch: 42, Loss: 0.0004, lr: 0.000490, Train: 0.9806, Valid: 0.9730, Test: 0.9411
Run: 01, Epoch: 43, Loss: 0.0004, lr: 0.000490, Train: 0.9837, Valid: 0.9733, Test: 0.9455
Run: 01, Epoch: 44, Loss: 0.0004, lr: 0.000490, Train: 0.9861, Valid: 0.9732, Test: 0.9492
Run: 01, Epoch: 45, Loss: 0.0004, lr: 0.000490, Train: 0.9876, Valid: 0.9732, Test: 0.9516
Run: 01, Epoch: 46, Loss: 0.0004, lr: 0.000343, Train: 0.9884, Valid: 0.9734, Test: 0.9528
Run: 01, Epoch: 47, Loss: 0.0004, lr: 0.000343, Train: 0.9888, Valid: 0.9739, Test: 0.9535
Run: 01, Epoch: 48, Loss: 0.0004, lr: 0.000343, Train: 0.9891, Valid: 0.9746, Test: 0.9538
Run: 01, Epoch: 49, Loss: 0.0004, lr: 0.000343, Train: 0.9894, Valid: 0.9751, Test: 0.9539
Run: 01, Epoch: 50, Loss: 0.0004, lr: 0.000343, Train: 0.9895, Valid: 0.9755, Test: 0.9538
Run: 01, Epoch: 51, Loss: 0.0004, lr: 0.000343, Train: 0.9896, Valid: 0.9757, Test: 0.9535
Run: 01, Epoch: 52, Loss: 0.0003, lr: 0.000343, Train: 0.9896, Valid: 0.9755, Test: 0.9531
Run: 01, Epoch: 53, Loss: 0.0003, lr: 0.000343, Train: 0.9895, Valid: 0.9752, Test: 0.9525
Run: 01, Epoch: 54, Loss: 0.0003, lr: 0.000343, Train: 0.9894, Valid: 0.9748, Test: 0.9519
Run: 01, Epoch: 55, Loss: 0.0003, lr: 0.000343, Train: 0.9894, Valid: 0.9744, Test: 0.9516
Run: 01, Epoch: 56, Loss: 0.0003, lr: 0.000343, Train: 0.9896, Valid: 0.9741, Test: 0.9519
Run: 01, Epoch: 57, Loss: 0.0003, lr: 0.000343, Train: 0.9901, Valid: 0.9739, Test: 0.9526
Run: 01, Epoch: 58, Loss: 0.0003, lr: 0.000240, Train: 0.9906, Valid: 0.9738, Test: 0.9535
Run: 01, Epoch: 59, Loss: 0.0003, lr: 0.000240, Train: 0.9911, Valid: 0.9736, Test: 0.9544
Run: 01, Epoch: 60, Loss: 0.0003, lr: 0.000240, Train: 0.9914, Valid: 0.9735, Test: 0.9551
Run: 01, Epoch: 61, Loss: 0.0003, lr: 0.000240, Train: 0.9917, Valid: 0.9732, Test: 0.9557
Run: 01, Epoch: 62, Loss: 0.0003, lr: 0.000240, Train: 0.9918, Valid: 0.9730, Test: 0.9561
Run: 01, Epoch: 63, Loss: 0.0003, lr: 0.000240, Train: 0.9920, Valid: 0.9728, Test: 0.9565
Run: 01, Epoch: 64, Loss: 0.0003, lr: 0.000168, Train: 0.9921, Valid: 0.9727, Test: 0.9567
Run: 01, Epoch: 65, Loss: 0.0003, lr: 0.000168, Train: 0.9923, Valid: 0.9726, Test: 0.9570
Run: 01, Epoch: 66, Loss: 0.0003, lr: 0.000168, Train: 0.9924, Valid: 0.9726, Test: 0.9571
Run: 01, Epoch: 67, Loss: 0.0003, lr: 0.000168, Train: 0.9925, Valid: 0.9726, Test: 0.9572
Run: 01, Epoch: 68, Loss: 0.0003, lr: 0.000168, Train: 0.9926, Valid: 0.9726, Test: 0.9572
Run: 01, Epoch: 69, Loss: 0.0003, lr: 0.000168, Train: 0.9926, Valid: 0.9726, Test: 0.9572
Run: 01, Epoch: 70, Loss: 0.0003, lr: 0.000118, Train: 0.9927, Valid: 0.9726, Test: 0.9572
Run: 01, Epoch: 71, Loss: 0.0003, lr: 0.000118, Train: 0.9928, Valid: 0.9726, Test: 0.9572
Run: 01, Epoch: 72, Loss: 0.0003, lr: 0.000118, Train: 0.9928, Valid: 0.9726, Test: 0.9573
Run: 01, Epoch: 73, Loss: 0.0003, lr: 0.000118, Train: 0.9929, Valid: 0.9725, Test: 0.9573
Run: 01, Epoch: 74, Loss: 0.0003, lr: 0.000118, Train: 0.9930, Valid: 0.9725, Test: 0.9574
Run: 01, Epoch: 75, Loss: 0.0003, lr: 0.000118, Train: 0.9930, Valid: 0.9724, Test: 0.9575
Run: 01, Epoch: 76, Loss: 0.0003, lr: 0.000082, Train: 0.9931, Valid: 0.9723, Test: 0.9576
Run: 01, Epoch: 77, Loss: 0.0003, lr: 0.000082, Train: 0.9932, Valid: 0.9723, Test: 0.9577
Run: 01, Epoch: 78, Loss: 0.0003, lr: 0.000082, Train: 0.9932, Valid: 0.9722, Test: 0.9578
Run: 01, Epoch: 79, Loss: 0.0003, lr: 0.000082, Train: 0.9933, Valid: 0.9722, Test: 0.9579
Run: 01, Epoch: 80, Loss: 0.0003, lr: 0.000082, Train: 0.9933, Valid: 0.9722, Test: 0.9580
Run: 01, Epoch: 81, Loss: 0.0003, lr: 0.000082, Train: 0.9934, Valid: 0.9722, Test: 0.9580
Run: 01, Epoch: 82, Loss: 0.0003, lr: 0.000058, Train: 0.9934, Valid: 0.9722, Test: 0.9581
Run: 01, Epoch: 83, Loss: 0.0003, lr: 0.000058, Train: 0.9935, Valid: 0.9722, Test: 0.9582
Run: 01, Epoch: 84, Loss: 0.0003, lr: 0.000058, Train: 0.9935, Valid: 0.9721, Test: 0.9583
Run: 01, Epoch: 85, Loss: 0.0003, lr: 0.000058, Train: 0.9935, Valid: 0.9721, Test: 0.9584
Run: 01, Epoch: 86, Loss: 0.0003, lr: 0.000058, Train: 0.9936, Valid: 0.9721, Test: 0.9584
Run: 01, Epoch: 87, Loss: 0.0003, lr: 0.000058, Train: 0.9936, Valid: 0.9720, Test: 0.9585
Run: 01, Epoch: 88, Loss: 0.0003, lr: 0.000040, Train: 0.9936, Valid: 0.9720, Test: 0.9585
Run: 01, Epoch: 89, Loss: 0.0003, lr: 0.000040, Train: 0.9936, Valid: 0.9719, Test: 0.9585
Run: 01, Epoch: 90, Loss: 0.0003, lr: 0.000040, Train: 0.9937, Valid: 0.9719, Test: 0.9586
Run: 01, Epoch: 91, Loss: 0.0003, lr: 0.000040, Train: 0.9937, Valid: 0.9718, Test: 0.9586
Run: 01, Epoch: 92, Loss: 0.0003, lr: 0.000040, Train: 0.9937, Valid: 0.9718, Test: 0.9586
Run: 01, Epoch: 93, Loss: 0.0003, lr: 0.000040, Train: 0.9937, Valid: 0.9718, Test: 0.9586
Run: 01, Epoch: 94, Loss: 0.0003, lr: 0.000028, Train: 0.9937, Valid: 0.9717, Test: 0.9586
Run: 01, Epoch: 95, Loss: 0.0003, lr: 0.000028, Train: 0.9937, Valid: 0.9717, Test: 0.9586
Run: 01, Epoch: 96, Loss: 0.0003, lr: 0.000028, Train: 0.9938, Valid: 0.9717, Test: 0.9587
Run: 01, Epoch: 97, Loss: 0.0003, lr: 0.000028, Train: 0.9938, Valid: 0.9716, Test: 0.9587
Run: 01, Epoch: 98, Loss: 0.0003, lr: 0.000028, Train: 0.9938, Valid: 0.9716, Test: 0.9587
Run: 01, Epoch: 99, Loss: 0.0003, lr: 0.000028, Train: 0.9938, Valid: 0.9716, Test: 0.9587
Run: 01, Epoch: 100, Loss: 0.0003, lr: 0.000020, Train: 0.9938, Valid: 0.9716, Test: 0.9587
Run 01:
Highest Train: 0.99
Highest Valid: 0.98
  Final Train: 0.99
   Final Test: 0.95
Run: 02, Epoch: 01, Loss: 0.0792, lr: 0.001000, Train: 0.4214, Valid: 0.3538, Test: 0.3881
Run: 02, Epoch: 02, Loss: 0.0063, lr: 0.001000, Train: 0.5710, Valid: 0.5309, Test: 0.5663
Run: 02, Epoch: 03, Loss: 0.0057, lr: 0.001000, Train: 0.6162, Valid: 0.5816, Test: 0.6064
Run: 02, Epoch: 04, Loss: 0.0071, lr: 0.001000, Train: 0.6322, Valid: 0.5940, Test: 0.6353
Run: 02, Epoch: 05, Loss: 0.0057, lr: 0.001000, Train: 0.6439, Valid: 0.5896, Test: 0.6714
Run: 02, Epoch: 06, Loss: 0.0034, lr: 0.001000, Train: 0.6671, Valid: 0.5911, Test: 0.7070
Run: 02, Epoch: 07, Loss: 0.0022, lr: 0.001000, Train: 0.6994, Valid: 0.6093, Test: 0.7393
Run: 02, Epoch: 08, Loss: 0.0020, lr: 0.001000, Train: 0.7262, Valid: 0.6428, Test: 0.7753
Run: 02, Epoch: 09, Loss: 0.0021, lr: 0.001000, Train: 0.7289, Valid: 0.6604, Test: 0.7981
Run: 02, Epoch: 10, Loss: 0.0021, lr: 0.001000, Train: 0.6964, Valid: 0.6270, Test: 0.7747
Run: 02, Epoch: 11, Loss: 0.0019, lr: 0.001000, Train: 0.6379, Valid: 0.5392, Test: 0.7028
Run: 02, Epoch: 12, Loss: 0.0016, lr: 0.001000, Train: 0.5917, Valid: 0.4575, Test: 0.6306
Run: 02, Epoch: 13, Loss: 0.0015, lr: 0.001000, Train: 0.6023, Valid: 0.4620, Test: 0.6205
Run: 02, Epoch: 14, Loss: 0.0014, lr: 0.001000, Train: 0.6787, Valid: 0.5696, Test: 0.6848
Run: 02, Epoch: 15, Loss: 0.0013, lr: 0.001000, Train: 0.7911, Valid: 0.7300, Test: 0.7919
Run: 02, Epoch: 16, Loss: 0.0012, lr: 0.001000, Train: 0.8916, Valid: 0.8595, Test: 0.8864
Run: 02, Epoch: 17, Loss: 0.0011, lr: 0.001000, Train: 0.9458, Valid: 0.9061, Test: 0.9266
Run: 02, Epoch: 18, Loss: 0.0011, lr: 0.001000, Train: 0.9595, Valid: 0.8950, Test: 0.9247
Run: 02, Epoch: 19, Loss: 0.0011, lr: 0.001000, Train: 0.9610, Valid: 0.8832, Test: 0.9190
Run: 02, Epoch: 20, Loss: 0.0010, lr: 0.001000, Train: 0.9650, Valid: 0.8931, Test: 0.9264
Run: 02, Epoch: 21, Loss: 0.0010, lr: 0.001000, Train: 0.9707, Valid: 0.9176, Test: 0.9384
Run: 02, Epoch: 22, Loss: 0.0009, lr: 0.001000, Train: 0.9748, Valid: 0.9427, Test: 0.9435
Run: 02, Epoch: 23, Loss: 0.0008, lr: 0.001000, Train: 0.9768, Valid: 0.9588, Test: 0.9410
Run: 02, Epoch: 24, Loss: 0.0008, lr: 0.001000, Train: 0.9779, Valid: 0.9642, Test: 0.9362
Run: 02, Epoch: 25, Loss: 0.0007, lr: 0.001000, Train: 0.9787, Valid: 0.9611, Test: 0.9334
Run: 02, Epoch: 26, Loss: 0.0007, lr: 0.001000, Train: 0.9791, Valid: 0.9512, Test: 0.9311
Run: 02, Epoch: 27, Loss: 0.0007, lr: 0.001000, Train: 0.9782, Valid: 0.9340, Test: 0.9254
Run: 02, Epoch: 28, Loss: 0.0007, lr: 0.001000, Train: 0.9756, Valid: 0.9104, Test: 0.9155
Run: 02, Epoch: 29, Loss: 0.0007, lr: 0.001000, Train: 0.9712, Valid: 0.8825, Test: 0.9029
Run: 02, Epoch: 30, Loss: 0.0006, lr: 0.001000, Train: 0.9655, Valid: 0.8539, Test: 0.8898
Run: 02, Epoch: 31, Loss: 0.0006, lr: 0.000700, Train: 0.9642, Valid: 0.8446, Test: 0.8870
Run: 02, Epoch: 32, Loss: 0.0006, lr: 0.000700, Train: 0.9664, Valid: 0.8495, Test: 0.8917
Run: 02, Epoch: 33, Loss: 0.0006, lr: 0.000700, Train: 0.9718, Valid: 0.8682, Test: 0.9032
Run: 02, Epoch: 34, Loss: 0.0006, lr: 0.000700, Train: 0.9781, Valid: 0.8923, Test: 0.9167
Run: 02, Epoch: 35, Loss: 0.0005, lr: 0.000700, Train: 0.9825, Valid: 0.9126, Test: 0.9273
Run: 02, Epoch: 36, Loss: 0.0005, lr: 0.000700, Train: 0.9847, Valid: 0.9249, Test: 0.9332
Run: 02, Epoch: 37, Loss: 0.0005, lr: 0.000490, Train: 0.9854, Valid: 0.9292, Test: 0.9352
Run: 02, Epoch: 38, Loss: 0.0005, lr: 0.000490, Train: 0.9855, Valid: 0.9303, Test: 0.9353
Run: 02, Epoch: 39, Loss: 0.0005, lr: 0.000490, Train: 0.9855, Valid: 0.9294, Test: 0.9345
Run: 02, Epoch: 40, Loss: 0.0005, lr: 0.000490, Train: 0.9857, Valid: 0.9282, Test: 0.9334
Run: 02, Epoch: 41, Loss: 0.0005, lr: 0.000490, Train: 0.9865, Valid: 0.9277, Test: 0.9326
Run: 02, Epoch: 42, Loss: 0.0005, lr: 0.000490, Train: 0.9874, Valid: 0.9269, Test: 0.9321
Run: 02, Epoch: 43, Loss: 0.0004, lr: 0.000343, Train: 0.9878, Valid: 0.9260, Test: 0.9321
Run: 02, Epoch: 44, Loss: 0.0004, lr: 0.000343, Train: 0.9879, Valid: 0.9240, Test: 0.9317
Run: 02, Epoch: 45, Loss: 0.0004, lr: 0.000343, Train: 0.9876, Valid: 0.9210, Test: 0.9311
Run: 02, Epoch: 46, Loss: 0.0004, lr: 0.000343, Train: 0.9873, Valid: 0.9174, Test: 0.9303
Run: 02, Epoch: 47, Loss: 0.0004, lr: 0.000343, Train: 0.9870, Valid: 0.9137, Test: 0.9295
Run: 02, Epoch: 48, Loss: 0.0004, lr: 0.000343, Train: 0.9868, Valid: 0.9107, Test: 0.9289
Run: 02, Epoch: 49, Loss: 0.0004, lr: 0.000240, Train: 0.9870, Valid: 0.9103, Test: 0.9294
Run: 02, Epoch: 50, Loss: 0.0004, lr: 0.000240, Train: 0.9874, Valid: 0.9112, Test: 0.9305
Run: 02, Epoch: 51, Loss: 0.0004, lr: 0.000240, Train: 0.9880, Valid: 0.9134, Test: 0.9321
Run: 02, Epoch: 52, Loss: 0.0004, lr: 0.000240, Train: 0.9886, Valid: 0.9165, Test: 0.9340
Run: 02, Epoch: 53, Loss: 0.0004, lr: 0.000240, Train: 0.9892, Valid: 0.9201, Test: 0.9360
Run: 02, Epoch: 54, Loss: 0.0004, lr: 0.000240, Train: 0.9898, Valid: 0.9237, Test: 0.9378
Run: 02, Epoch: 55, Loss: 0.0004, lr: 0.000168, Train: 0.9902, Valid: 0.9262, Test: 0.9389
Run: 02, Epoch: 56, Loss: 0.0004, lr: 0.000168, Train: 0.9905, Valid: 0.9284, Test: 0.9398
Run: 02, Epoch: 57, Loss: 0.0004, lr: 0.000168, Train: 0.9908, Valid: 0.9300, Test: 0.9404
Run: 02, Epoch: 58, Loss: 0.0004, lr: 0.000168, Train: 0.9910, Valid: 0.9310, Test: 0.9408
Run: 02, Epoch: 59, Loss: 0.0004, lr: 0.000168, Train: 0.9911, Valid: 0.9315, Test: 0.9410
Run: 02, Epoch: 60, Loss: 0.0004, lr: 0.000168, Train: 0.9913, Valid: 0.9315, Test: 0.9410
Run: 02, Epoch: 61, Loss: 0.0004, lr: 0.000118, Train: 0.9914, Valid: 0.9314, Test: 0.9410
Run: 02, Epoch: 62, Loss: 0.0004, lr: 0.000118, Train: 0.9915, Valid: 0.9312, Test: 0.9409
Run: 02, Epoch: 63, Loss: 0.0004, lr: 0.000118, Train: 0.9915, Valid: 0.9309, Test: 0.9408
Run: 02, Epoch: 64, Loss: 0.0004, lr: 0.000118, Train: 0.9916, Valid: 0.9306, Test: 0.9407
Run: 02, Epoch: 65, Loss: 0.0004, lr: 0.000118, Train: 0.9916, Valid: 0.9303, Test: 0.9406
Run: 02, Epoch: 66, Loss: 0.0004, lr: 0.000118, Train: 0.9917, Valid: 0.9302, Test: 0.9406
Run: 02, Epoch: 67, Loss: 0.0004, lr: 0.000082, Train: 0.9918, Valid: 0.9303, Test: 0.9407
Run: 02, Epoch: 68, Loss: 0.0004, lr: 0.000082, Train: 0.9918, Valid: 0.9305, Test: 0.9407
Run: 02, Epoch: 69, Loss: 0.0004, lr: 0.000082, Train: 0.9919, Valid: 0.9308, Test: 0.9408
Run: 02, Epoch: 70, Loss: 0.0004, lr: 0.000082, Train: 0.9920, Valid: 0.9310, Test: 0.9409
Run: 02, Epoch: 71, Loss: 0.0004, lr: 0.000082, Train: 0.9920, Valid: 0.9312, Test: 0.9409
Run: 02, Epoch: 72, Loss: 0.0004, lr: 0.000082, Train: 0.9921, Valid: 0.9315, Test: 0.9410
Run: 02, Epoch: 73, Loss: 0.0004, lr: 0.000058, Train: 0.9921, Valid: 0.9317, Test: 0.9410
Run: 02, Epoch: 74, Loss: 0.0004, lr: 0.000058, Train: 0.9922, Valid: 0.9320, Test: 0.9410
Run: 02, Epoch: 75, Loss: 0.0004, lr: 0.000058, Train: 0.9922, Valid: 0.9323, Test: 0.9410
Run: 02, Epoch: 76, Loss: 0.0004, lr: 0.000058, Train: 0.9923, Valid: 0.9325, Test: 0.9410
Run: 02, Epoch: 77, Loss: 0.0004, lr: 0.000058, Train: 0.9923, Valid: 0.9327, Test: 0.9411
Run: 02, Epoch: 78, Loss: 0.0004, lr: 0.000058, Train: 0.9924, Valid: 0.9329, Test: 0.9411
Run: 02, Epoch: 79, Loss: 0.0004, lr: 0.000040, Train: 0.9924, Valid: 0.9331, Test: 0.9411
Run: 02, Epoch: 80, Loss: 0.0004, lr: 0.000040, Train: 0.9924, Valid: 0.9333, Test: 0.9411
Run: 02, Epoch: 81, Loss: 0.0004, lr: 0.000040, Train: 0.9925, Valid: 0.9335, Test: 0.9411
Run: 02, Epoch: 82, Loss: 0.0004, lr: 0.000040, Train: 0.9925, Valid: 0.9337, Test: 0.9411
Run: 02, Epoch: 83, Loss: 0.0004, lr: 0.000040, Train: 0.9925, Valid: 0.9339, Test: 0.9412
Run: 02, Epoch: 84, Loss: 0.0003, lr: 0.000040, Train: 0.9925, Valid: 0.9341, Test: 0.9412
Run: 02, Epoch: 85, Loss: 0.0003, lr: 0.000028, Train: 0.9926, Valid: 0.9343, Test: 0.9412
Run: 02, Epoch: 86, Loss: 0.0003, lr: 0.000028, Train: 0.9926, Valid: 0.9345, Test: 0.9412
Run: 02, Epoch: 87, Loss: 0.0003, lr: 0.000028, Train: 0.9926, Valid: 0.9346, Test: 0.9413
Run: 02, Epoch: 88, Loss: 0.0003, lr: 0.000028, Train: 0.9926, Valid: 0.9347, Test: 0.9413
Run: 02, Epoch: 89, Loss: 0.0003, lr: 0.000028, Train: 0.9926, Valid: 0.9348, Test: 0.9413
Run: 02, Epoch: 90, Loss: 0.0003, lr: 0.000028, Train: 0.9926, Valid: 0.9349, Test: 0.9413
Run: 02, Epoch: 91, Loss: 0.0003, lr: 0.000020, Train: 0.9926, Valid: 0.9350, Test: 0.9413
Run: 02, Epoch: 92, Loss: 0.0003, lr: 0.000020, Train: 0.9926, Valid: 0.9351, Test: 0.9413
Run: 02, Epoch: 93, Loss: 0.0003, lr: 0.000020, Train: 0.9926, Valid: 0.9351, Test: 0.9413
Run: 02, Epoch: 94, Loss: 0.0003, lr: 0.000020, Train: 0.9927, Valid: 0.9352, Test: 0.9413
Run: 02, Epoch: 95, Loss: 0.0003, lr: 0.000020, Train: 0.9927, Valid: 0.9352, Test: 0.9413
Run: 02, Epoch: 96, Loss: 0.0003, lr: 0.000020, Train: 0.9927, Valid: 0.9353, Test: 0.9413
Run: 02, Epoch: 97, Loss: 0.0003, lr: 0.000014, Train: 0.9927, Valid: 0.9353, Test: 0.9413
Run: 02, Epoch: 98, Loss: 0.0003, lr: 0.000014, Train: 0.9927, Valid: 0.9353, Test: 0.9413
Run: 02, Epoch: 99, Loss: 0.0003, lr: 0.000014, Train: 0.9927, Valid: 0.9354, Test: 0.9413
Run: 02, Epoch: 100, Loss: 0.0003, lr: 0.000014, Train: 0.9927, Valid: 0.9354, Test: 0.9413
Run 02:
Highest Train: 0.99
Highest Valid: 0.96
  Final Train: 0.98
   Final Test: 0.94
Run: 03, Epoch: 01, Loss: 0.0528, lr: 0.001000, Train: 0.5456, Valid: -0.1514, Test: 0.6317
Run: 03, Epoch: 02, Loss: 0.0094, lr: 0.001000, Train: 0.7064, Valid: 0.1833, Test: 0.7761
Run: 03, Epoch: 03, Loss: 0.0094, lr: 0.001000, Train: 0.7731, Valid: 0.3546, Test: 0.8289
Run: 03, Epoch: 04, Loss: 0.0082, lr: 0.001000, Train: 0.8158, Valid: 0.4573, Test: 0.8635
Run: 03, Epoch: 05, Loss: 0.0060, lr: 0.001000, Train: 0.8408, Valid: 0.5256, Test: 0.8834
Run: 03, Epoch: 06, Loss: 0.0040, lr: 0.001000, Train: 0.8550, Valid: 0.5891, Test: 0.8946
Run: 03, Epoch: 07, Loss: 0.0028, lr: 0.001000, Train: 0.8673, Valid: 0.6520, Test: 0.9028
Run: 03, Epoch: 08, Loss: 0.0023, lr: 0.001000, Train: 0.8795, Valid: 0.6997, Test: 0.9084
Run: 03, Epoch: 09, Loss: 0.0022, lr: 0.001000, Train: 0.8905, Valid: 0.7307, Test: 0.9093
Run: 03, Epoch: 10, Loss: 0.0020, lr: 0.001000, Train: 0.9005, Valid: 0.7529, Test: 0.9067
Run: 03, Epoch: 11, Loss: 0.0017, lr: 0.001000, Train: 0.9107, Valid: 0.7833, Test: 0.9061
Run: 03, Epoch: 12, Loss: 0.0015, lr: 0.001000, Train: 0.9229, Valid: 0.8233, Test: 0.9103
Run: 03, Epoch: 13, Loss: 0.0015, lr: 0.001000, Train: 0.9363, Valid: 0.8573, Test: 0.9208
Run: 03, Epoch: 14, Loss: 0.0015, lr: 0.001000, Train: 0.9495, Valid: 0.8839, Test: 0.9377
Run: 03, Epoch: 15, Loss: 0.0014, lr: 0.001000, Train: 0.9593, Valid: 0.9026, Test: 0.9530
Run: 03, Epoch: 16, Loss: 0.0013, lr: 0.001000, Train: 0.9653, Valid: 0.9158, Test: 0.9632
Run: 03, Epoch: 17, Loss: 0.0011, lr: 0.001000, Train: 0.9689, Valid: 0.9231, Test: 0.9716
Run: 03, Epoch: 18, Loss: 0.0011, lr: 0.001000, Train: 0.9644, Valid: 0.9132, Test: 0.9717
Run: 03, Epoch: 19, Loss: 0.0011, lr: 0.001000, Train: 0.9549, Valid: 0.8941, Test: 0.9642
Run: 03, Epoch: 20, Loss: 0.0010, lr: 0.001000, Train: 0.9565, Valid: 0.8967, Test: 0.9654
Run: 03, Epoch: 21, Loss: 0.0010, lr: 0.001000, Train: 0.9664, Valid: 0.9166, Test: 0.9727
Run: 03, Epoch: 22, Loss: 0.0009, lr: 0.001000, Train: 0.9711, Valid: 0.9294, Test: 0.9744
Run: 03, Epoch: 23, Loss: 0.0008, lr: 0.001000, Train: 0.9720, Valid: 0.9353, Test: 0.9729
Run: 03, Epoch: 24, Loss: 0.0008, lr: 0.001000, Train: 0.9725, Valid: 0.9394, Test: 0.9728
Run: 03, Epoch: 25, Loss: 0.0007, lr: 0.001000, Train: 0.9725, Valid: 0.9402, Test: 0.9736
Run: 03, Epoch: 26, Loss: 0.0007, lr: 0.001000, Train: 0.9711, Valid: 0.9366, Test: 0.9736
Run: 03, Epoch: 27, Loss: 0.0007, lr: 0.001000, Train: 0.9670, Valid: 0.9278, Test: 0.9717
Run: 03, Epoch: 28, Loss: 0.0007, lr: 0.001000, Train: 0.9590, Valid: 0.9106, Test: 0.9672
Run: 03, Epoch: 29, Loss: 0.0006, lr: 0.001000, Train: 0.9445, Valid: 0.8803, Test: 0.9571
Run: 03, Epoch: 30, Loss: 0.0006, lr: 0.001000, Train: 0.9290, Valid: 0.8489, Test: 0.9436
Run: 03, Epoch: 31, Loss: 0.0006, lr: 0.001000, Train: 0.9323, Valid: 0.8530, Test: 0.9456
Run: 03, Epoch: 32, Loss: 0.0006, lr: 0.000700, Train: 0.9487, Valid: 0.8810, Test: 0.9584
Run: 03, Epoch: 33, Loss: 0.0005, lr: 0.000700, Train: 0.9623, Valid: 0.9051, Test: 0.9678
Run: 03, Epoch: 34, Loss: 0.0005, lr: 0.000700, Train: 0.9688, Valid: 0.9162, Test: 0.9711
Run: 03, Epoch: 35, Loss: 0.0005, lr: 0.000700, Train: 0.9708, Valid: 0.9183, Test: 0.9716
Run: 03, Epoch: 36, Loss: 0.0005, lr: 0.000700, Train: 0.9699, Valid: 0.9146, Test: 0.9703
Run: 03, Epoch: 37, Loss: 0.0005, lr: 0.000700, Train: 0.9685, Valid: 0.9105, Test: 0.9685
Run: 03, Epoch: 38, Loss: 0.0005, lr: 0.000490, Train: 0.9700, Valid: 0.9122, Test: 0.9689
Run: 03, Epoch: 39, Loss: 0.0004, lr: 0.000490, Train: 0.9721, Valid: 0.9151, Test: 0.9700
Run: 03, Epoch: 40, Loss: 0.0004, lr: 0.000490, Train: 0.9737, Valid: 0.9169, Test: 0.9710
Run: 03, Epoch: 41, Loss: 0.0004, lr: 0.000490, Train: 0.9746, Valid: 0.9157, Test: 0.9719
Run: 03, Epoch: 42, Loss: 0.0004, lr: 0.000490, Train: 0.9744, Valid: 0.9110, Test: 0.9719
Run: 03, Epoch: 43, Loss: 0.0004, lr: 0.000490, Train: 0.9737, Valid: 0.9052, Test: 0.9714
Run: 03, Epoch: 44, Loss: 0.0004, lr: 0.000343, Train: 0.9754, Valid: 0.9053, Test: 0.9723
Run: 03, Epoch: 45, Loss: 0.0004, lr: 0.000343, Train: 0.9783, Valid: 0.9091, Test: 0.9741
Run: 03, Epoch: 46, Loss: 0.0004, lr: 0.000343, Train: 0.9816, Valid: 0.9148, Test: 0.9760
Run: 03, Epoch: 47, Loss: 0.0004, lr: 0.000343, Train: 0.9842, Valid: 0.9199, Test: 0.9773
Run: 03, Epoch: 48, Loss: 0.0004, lr: 0.000343, Train: 0.9859, Valid: 0.9230, Test: 0.9780
Run: 03, Epoch: 49, Loss: 0.0004, lr: 0.000343, Train: 0.9868, Valid: 0.9242, Test: 0.9782
Run: 03, Epoch: 50, Loss: 0.0004, lr: 0.000240, Train: 0.9875, Valid: 0.9243, Test: 0.9784
Run: 03, Epoch: 51, Loss: 0.0004, lr: 0.000240, Train: 0.9881, Valid: 0.9242, Test: 0.9785
Run: 03, Epoch: 52, Loss: 0.0004, lr: 0.000240, Train: 0.9887, Valid: 0.9244, Test: 0.9786
Run: 03, Epoch: 53, Loss: 0.0004, lr: 0.000240, Train: 0.9893, Valid: 0.9250, Test: 0.9787
Run: 03, Epoch: 54, Loss: 0.0004, lr: 0.000240, Train: 0.9899, Valid: 0.9259, Test: 0.9786
Run: 03, Epoch: 55, Loss: 0.0003, lr: 0.000240, Train: 0.9902, Valid: 0.9265, Test: 0.9784
Run: 03, Epoch: 56, Loss: 0.0003, lr: 0.000168, Train: 0.9905, Valid: 0.9265, Test: 0.9783
Run: 03, Epoch: 57, Loss: 0.0003, lr: 0.000168, Train: 0.9907, Valid: 0.9262, Test: 0.9783
Run: 03, Epoch: 58, Loss: 0.0003, lr: 0.000168, Train: 0.9909, Valid: 0.9257, Test: 0.9784
Run: 03, Epoch: 59, Loss: 0.0003, lr: 0.000168, Train: 0.9911, Valid: 0.9249, Test: 0.9785
Run: 03, Epoch: 60, Loss: 0.0003, lr: 0.000168, Train: 0.9912, Valid: 0.9241, Test: 0.9786
Run: 03, Epoch: 61, Loss: 0.0003, lr: 0.000168, Train: 0.9913, Valid: 0.9233, Test: 0.9786
Run: 03, Epoch: 62, Loss: 0.0003, lr: 0.000118, Train: 0.9914, Valid: 0.9227, Test: 0.9786
Run: 03, Epoch: 63, Loss: 0.0003, lr: 0.000118, Train: 0.9915, Valid: 0.9222, Test: 0.9786
Run: 03, Epoch: 64, Loss: 0.0003, lr: 0.000118, Train: 0.9916, Valid: 0.9218, Test: 0.9785
Run: 03, Epoch: 65, Loss: 0.0003, lr: 0.000118, Train: 0.9918, Valid: 0.9216, Test: 0.9785
Run: 03, Epoch: 66, Loss: 0.0003, lr: 0.000118, Train: 0.9919, Valid: 0.9214, Test: 0.9784
Run: 03, Epoch: 67, Loss: 0.0003, lr: 0.000118, Train: 0.9920, Valid: 0.9212, Test: 0.9783
Run: 03, Epoch: 68, Loss: 0.0003, lr: 0.000082, Train: 0.9920, Valid: 0.9210, Test: 0.9782
Run: 03, Epoch: 69, Loss: 0.0003, lr: 0.000082, Train: 0.9921, Valid: 0.9208, Test: 0.9781
Run: 03, Epoch: 70, Loss: 0.0003, lr: 0.000082, Train: 0.9921, Valid: 0.9205, Test: 0.9780
Run: 03, Epoch: 71, Loss: 0.0003, lr: 0.000082, Train: 0.9922, Valid: 0.9202, Test: 0.9780
Run: 03, Epoch: 72, Loss: 0.0003, lr: 0.000082, Train: 0.9922, Valid: 0.9198, Test: 0.9780
Run: 03, Epoch: 73, Loss: 0.0003, lr: 0.000082, Train: 0.9922, Valid: 0.9195, Test: 0.9779
Run: 03, Epoch: 74, Loss: 0.0003, lr: 0.000058, Train: 0.9923, Valid: 0.9193, Test: 0.9779
Run: 03, Epoch: 75, Loss: 0.0003, lr: 0.000058, Train: 0.9923, Valid: 0.9191, Test: 0.9779
Run: 03, Epoch: 76, Loss: 0.0003, lr: 0.000058, Train: 0.9923, Valid: 0.9189, Test: 0.9779
Run: 03, Epoch: 77, Loss: 0.0003, lr: 0.000058, Train: 0.9924, Valid: 0.9187, Test: 0.9778
Run: 03, Epoch: 78, Loss: 0.0003, lr: 0.000058, Train: 0.9924, Valid: 0.9186, Test: 0.9778
Run: 03, Epoch: 79, Loss: 0.0003, lr: 0.000058, Train: 0.9924, Valid: 0.9186, Test: 0.9778
Run: 03, Epoch: 80, Loss: 0.0003, lr: 0.000040, Train: 0.9925, Valid: 0.9185, Test: 0.9777
Run: 03, Epoch: 81, Loss: 0.0003, lr: 0.000040, Train: 0.9925, Valid: 0.9184, Test: 0.9777
Run: 03, Epoch: 82, Loss: 0.0003, lr: 0.000040, Train: 0.9925, Valid: 0.9184, Test: 0.9777
Run: 03, Epoch: 83, Loss: 0.0003, lr: 0.000040, Train: 0.9925, Valid: 0.9183, Test: 0.9777
Run: 03, Epoch: 84, Loss: 0.0003, lr: 0.000040, Train: 0.9925, Valid: 0.9182, Test: 0.9776
Run: 03, Epoch: 85, Loss: 0.0003, lr: 0.000040, Train: 0.9926, Valid: 0.9181, Test: 0.9776
Run: 03, Epoch: 86, Loss: 0.0003, lr: 0.000028, Train: 0.9926, Valid: 0.9180, Test: 0.9776
Run: 03, Epoch: 87, Loss: 0.0003, lr: 0.000028, Train: 0.9926, Valid: 0.9179, Test: 0.9776
Run: 03, Epoch: 88, Loss: 0.0003, lr: 0.000028, Train: 0.9926, Valid: 0.9178, Test: 0.9776
Run: 03, Epoch: 89, Loss: 0.0003, lr: 0.000028, Train: 0.9926, Valid: 0.9176, Test: 0.9776
Run: 03, Epoch: 90, Loss: 0.0003, lr: 0.000028, Train: 0.9926, Valid: 0.9176, Test: 0.9776
Run: 03, Epoch: 91, Loss: 0.0003, lr: 0.000028, Train: 0.9926, Valid: 0.9175, Test: 0.9776
Run: 03, Epoch: 92, Loss: 0.0003, lr: 0.000020, Train: 0.9926, Valid: 0.9174, Test: 0.9776
Run: 03, Epoch: 93, Loss: 0.0003, lr: 0.000020, Train: 0.9927, Valid: 0.9173, Test: 0.9776
Run: 03, Epoch: 94, Loss: 0.0003, lr: 0.000020, Train: 0.9927, Valid: 0.9172, Test: 0.9776
Run: 03, Epoch: 95, Loss: 0.0003, lr: 0.000020, Train: 0.9927, Valid: 0.9172, Test: 0.9775
Run: 03, Epoch: 96, Loss: 0.0003, lr: 0.000020, Train: 0.9927, Valid: 0.9172, Test: 0.9775
Run: 03, Epoch: 97, Loss: 0.0003, lr: 0.000020, Train: 0.9927, Valid: 0.9171, Test: 0.9775
Run: 03, Epoch: 98, Loss: 0.0003, lr: 0.000014, Train: 0.9927, Valid: 0.9171, Test: 0.9775
Run: 03, Epoch: 99, Loss: 0.0003, lr: 0.000014, Train: 0.9927, Valid: 0.9171, Test: 0.9775
Run: 03, Epoch: 100, Loss: 0.0003, lr: 0.000014, Train: 0.9927, Valid: 0.9171, Test: 0.9775
Run 03:
Highest Train: 0.99
Highest Valid: 0.94
  Final Train: 0.97
   Final Test: 0.97
Run: 04, Epoch: 01, Loss: 0.0324, lr: 0.001000, Train: 0.4486, Valid: 0.1286, Test: 0.5080
Run: 04, Epoch: 02, Loss: 0.0096, lr: 0.001000, Train: 0.5473, Valid: 0.2848, Test: 0.6039
Run: 04, Epoch: 03, Loss: 0.0091, lr: 0.001000, Train: 0.6236, Valid: 0.3931, Test: 0.6728
Run: 04, Epoch: 04, Loss: 0.0061, lr: 0.001000, Train: 0.7049, Valid: 0.5022, Test: 0.7433
Run: 04, Epoch: 05, Loss: 0.0041, lr: 0.001000, Train: 0.7525, Valid: 0.5728, Test: 0.7955
Run: 04, Epoch: 06, Loss: 0.0030, lr: 0.001000, Train: 0.7652, Valid: 0.6046, Test: 0.8199
Run: 04, Epoch: 07, Loss: 0.0025, lr: 0.001000, Train: 0.7695, Valid: 0.6315, Test: 0.8273
Run: 04, Epoch: 08, Loss: 0.0023, lr: 0.001000, Train: 0.7780, Valid: 0.6628, Test: 0.8256
Run: 04, Epoch: 09, Loss: 0.0022, lr: 0.001000, Train: 0.7911, Valid: 0.6913, Test: 0.8226
Run: 04, Epoch: 10, Loss: 0.0020, lr: 0.001000, Train: 0.8062, Valid: 0.7168, Test: 0.8210
Run: 04, Epoch: 11, Loss: 0.0017, lr: 0.001000, Train: 0.8187, Valid: 0.7381, Test: 0.8212
Run: 04, Epoch: 12, Loss: 0.0016, lr: 0.001000, Train: 0.8306, Valid: 0.7603, Test: 0.8283
Run: 04, Epoch: 13, Loss: 0.0016, lr: 0.001000, Train: 0.8461, Valid: 0.7862, Test: 0.8452
Run: 04, Epoch: 14, Loss: 0.0016, lr: 0.001000, Train: 0.8640, Valid: 0.8151, Test: 0.8683
Run: 04, Epoch: 15, Loss: 0.0015, lr: 0.001000, Train: 0.8787, Valid: 0.8384, Test: 0.8898
Run: 04, Epoch: 16, Loss: 0.0013, lr: 0.001000, Train: 0.8893, Valid: 0.8521, Test: 0.9079
Run: 04, Epoch: 17, Loss: 0.0012, lr: 0.001000, Train: 0.8987, Valid: 0.8616, Test: 0.9242
Run: 04, Epoch: 18, Loss: 0.0011, lr: 0.001000, Train: 0.9128, Valid: 0.8789, Test: 0.9419
Run: 04, Epoch: 19, Loss: 0.0011, lr: 0.001000, Train: 0.9307, Valid: 0.9070, Test: 0.9579
Run: 04, Epoch: 20, Loss: 0.0011, lr: 0.001000, Train: 0.9448, Valid: 0.9299, Test: 0.9665
Run: 04, Epoch: 21, Loss: 0.0011, lr: 0.001000, Train: 0.9510, Valid: 0.9378, Test: 0.9681
Run: 04, Epoch: 22, Loss: 0.0010, lr: 0.001000, Train: 0.9516, Valid: 0.9314, Test: 0.9655
Run: 04, Epoch: 23, Loss: 0.0009, lr: 0.001000, Train: 0.9456, Valid: 0.9130, Test: 0.9570
Run: 04, Epoch: 24, Loss: 0.0008, lr: 0.001000, Train: 0.9354, Valid: 0.8917, Test: 0.9436
Run: 04, Epoch: 25, Loss: 0.0008, lr: 0.001000, Train: 0.9318, Valid: 0.8876, Test: 0.9357
Run: 04, Epoch: 26, Loss: 0.0008, lr: 0.001000, Train: 0.9419, Valid: 0.9060, Test: 0.9412
Run: 04, Epoch: 27, Loss: 0.0008, lr: 0.001000, Train: 0.9590, Valid: 0.9340, Test: 0.9551
Run: 04, Epoch: 28, Loss: 0.0008, lr: 0.000700, Train: 0.9691, Valid: 0.9508, Test: 0.9644
Run: 04, Epoch: 29, Loss: 0.0008, lr: 0.000700, Train: 0.9731, Valid: 0.9587, Test: 0.9690
Run: 04, Epoch: 30, Loss: 0.0007, lr: 0.000700, Train: 0.9718, Valid: 0.9597, Test: 0.9692
Run: 04, Epoch: 31, Loss: 0.0007, lr: 0.000700, Train: 0.9690, Valid: 0.9579, Test: 0.9676
Run: 04, Epoch: 32, Loss: 0.0007, lr: 0.000700, Train: 0.9682, Valid: 0.9575, Test: 0.9673
Run: 04, Epoch: 33, Loss: 0.0007, lr: 0.000700, Train: 0.9703, Valid: 0.9597, Test: 0.9691
Run: 04, Epoch: 34, Loss: 0.0006, lr: 0.000700, Train: 0.9734, Valid: 0.9619, Test: 0.9711
Run: 04, Epoch: 35, Loss: 0.0006, lr: 0.000700, Train: 0.9754, Valid: 0.9618, Test: 0.9717
Run: 04, Epoch: 36, Loss: 0.0006, lr: 0.000700, Train: 0.9761, Valid: 0.9602, Test: 0.9707
Run: 04, Epoch: 37, Loss: 0.0006, lr: 0.000700, Train: 0.9767, Valid: 0.9594, Test: 0.9696
Run: 04, Epoch: 38, Loss: 0.0006, lr: 0.000700, Train: 0.9774, Valid: 0.9599, Test: 0.9692
Run: 04, Epoch: 39, Loss: 0.0006, lr: 0.000700, Train: 0.9785, Valid: 0.9609, Test: 0.9695
Run: 04, Epoch: 40, Loss: 0.0006, lr: 0.000700, Train: 0.9797, Valid: 0.9621, Test: 0.9702
Run: 04, Epoch: 41, Loss: 0.0005, lr: 0.000700, Train: 0.9805, Valid: 0.9625, Test: 0.9708
Run: 04, Epoch: 42, Loss: 0.0005, lr: 0.000700, Train: 0.9806, Valid: 0.9623, Test: 0.9711
Run: 04, Epoch: 43, Loss: 0.0005, lr: 0.000700, Train: 0.9802, Valid: 0.9616, Test: 0.9709
Run: 04, Epoch: 44, Loss: 0.0005, lr: 0.000700, Train: 0.9799, Valid: 0.9613, Test: 0.9706
Run: 04, Epoch: 45, Loss: 0.0005, lr: 0.000700, Train: 0.9803, Valid: 0.9618, Test: 0.9703
Run: 04, Epoch: 46, Loss: 0.0005, lr: 0.000700, Train: 0.9815, Valid: 0.9632, Test: 0.9704
Run: 04, Epoch: 47, Loss: 0.0005, lr: 0.000700, Train: 0.9834, Valid: 0.9650, Test: 0.9706
Run: 04, Epoch: 48, Loss: 0.0005, lr: 0.000700, Train: 0.9851, Valid: 0.9662, Test: 0.9707
Run: 04, Epoch: 49, Loss: 0.0004, lr: 0.000700, Train: 0.9860, Valid: 0.9666, Test: 0.9703
Run: 04, Epoch: 50, Loss: 0.0004, lr: 0.000700, Train: 0.9862, Valid: 0.9664, Test: 0.9698
Run: 04, Epoch: 51, Loss: 0.0004, lr: 0.000700, Train: 0.9863, Valid: 0.9665, Test: 0.9697
Run: 04, Epoch: 52, Loss: 0.0004, lr: 0.000700, Train: 0.9867, Valid: 0.9670, Test: 0.9700
Run: 04, Epoch: 53, Loss: 0.0004, lr: 0.000700, Train: 0.9874, Valid: 0.9678, Test: 0.9705
Run: 04, Epoch: 54, Loss: 0.0004, lr: 0.000700, Train: 0.9878, Valid: 0.9682, Test: 0.9705
Run: 04, Epoch: 55, Loss: 0.0004, lr: 0.000700, Train: 0.9882, Valid: 0.9682, Test: 0.9701
Run: 04, Epoch: 56, Loss: 0.0004, lr: 0.000700, Train: 0.9885, Valid: 0.9680, Test: 0.9694
Run: 04, Epoch: 57, Loss: 0.0004, lr: 0.000700, Train: 0.9886, Valid: 0.9676, Test: 0.9685
Run: 04, Epoch: 58, Loss: 0.0004, lr: 0.000700, Train: 0.9886, Valid: 0.9672, Test: 0.9676
Run: 04, Epoch: 59, Loss: 0.0003, lr: 0.000700, Train: 0.9885, Valid: 0.9667, Test: 0.9669
Run: 04, Epoch: 60, Loss: 0.0003, lr: 0.000700, Train: 0.9885, Valid: 0.9665, Test: 0.9666
Run: 04, Epoch: 61, Loss: 0.0003, lr: 0.000490, Train: 0.9887, Valid: 0.9670, Test: 0.9668
Run: 04, Epoch: 62, Loss: 0.0003, lr: 0.000490, Train: 0.9890, Valid: 0.9679, Test: 0.9673
Run: 04, Epoch: 63, Loss: 0.0003, lr: 0.000490, Train: 0.9893, Valid: 0.9689, Test: 0.9676
Run: 04, Epoch: 64, Loss: 0.0003, lr: 0.000490, Train: 0.9895, Valid: 0.9698, Test: 0.9677
Run: 04, Epoch: 65, Loss: 0.0003, lr: 0.000490, Train: 0.9895, Valid: 0.9705, Test: 0.9674
Run: 04, Epoch: 66, Loss: 0.0003, lr: 0.000490, Train: 0.9895, Valid: 0.9708, Test: 0.9669
Run: 04, Epoch: 67, Loss: 0.0003, lr: 0.000490, Train: 0.9895, Valid: 0.9710, Test: 0.9663
Run: 04, Epoch: 68, Loss: 0.0003, lr: 0.000490, Train: 0.9896, Valid: 0.9709, Test: 0.9658
Run: 04, Epoch: 69, Loss: 0.0003, lr: 0.000490, Train: 0.9898, Valid: 0.9710, Test: 0.9655
Run: 04, Epoch: 70, Loss: 0.0003, lr: 0.000490, Train: 0.9900, Valid: 0.9710, Test: 0.9652
Run: 04, Epoch: 71, Loss: 0.0003, lr: 0.000490, Train: 0.9897, Valid: 0.9707, Test: 0.9645
Run: 04, Epoch: 72, Loss: 0.0003, lr: 0.000490, Train: 0.9891, Valid: 0.9702, Test: 0.9633
Run: 04, Epoch: 73, Loss: 0.0003, lr: 0.000490, Train: 0.9887, Valid: 0.9701, Test: 0.9626
Run: 04, Epoch: 74, Loss: 0.0003, lr: 0.000343, Train: 0.9888, Valid: 0.9705, Test: 0.9625
Run: 04, Epoch: 75, Loss: 0.0003, lr: 0.000343, Train: 0.9891, Valid: 0.9709, Test: 0.9627
Run: 04, Epoch: 76, Loss: 0.0003, lr: 0.000343, Train: 0.9893, Valid: 0.9714, Test: 0.9630
Run: 04, Epoch: 77, Loss: 0.0003, lr: 0.000343, Train: 0.9892, Valid: 0.9715, Test: 0.9630
Run: 04, Epoch: 78, Loss: 0.0002, lr: 0.000343, Train: 0.9895, Valid: 0.9718, Test: 0.9630
Run: 04, Epoch: 79, Loss: 0.0002, lr: 0.000343, Train: 0.9901, Valid: 0.9726, Test: 0.9634
Run: 04, Epoch: 80, Loss: 0.0002, lr: 0.000343, Train: 0.9909, Valid: 0.9734, Test: 0.9638
Run: 04, Epoch: 81, Loss: 0.0002, lr: 0.000343, Train: 0.9914, Valid: 0.9739, Test: 0.9641
Run: 04, Epoch: 82, Loss: 0.0002, lr: 0.000343, Train: 0.9914, Valid: 0.9741, Test: 0.9639
Run: 04, Epoch: 83, Loss: 0.0002, lr: 0.000343, Train: 0.9911, Valid: 0.9740, Test: 0.9634
Run: 04, Epoch: 84, Loss: 0.0002, lr: 0.000343, Train: 0.9908, Valid: 0.9740, Test: 0.9628
Run: 04, Epoch: 85, Loss: 0.0002, lr: 0.000343, Train: 0.9912, Valid: 0.9743, Test: 0.9627
Run: 04, Epoch: 86, Loss: 0.0002, lr: 0.000343, Train: 0.9918, Valid: 0.9749, Test: 0.9629
Run: 04, Epoch: 87, Loss: 0.0002, lr: 0.000343, Train: 0.9922, Valid: 0.9753, Test: 0.9630
Run: 04, Epoch: 88, Loss: 0.0002, lr: 0.000343, Train: 0.9921, Valid: 0.9754, Test: 0.9629
Run: 04, Epoch: 89, Loss: 0.0002, lr: 0.000343, Train: 0.9917, Valid: 0.9750, Test: 0.9623
Run: 04, Epoch: 90, Loss: 0.0002, lr: 0.000343, Train: 0.9916, Valid: 0.9751, Test: 0.9622
Run: 04, Epoch: 91, Loss: 0.0002, lr: 0.000343, Train: 0.9919, Valid: 0.9755, Test: 0.9623
Run: 04, Epoch: 92, Loss: 0.0002, lr: 0.000343, Train: 0.9924, Valid: 0.9760, Test: 0.9627
Run: 04, Epoch: 93, Loss: 0.0002, lr: 0.000343, Train: 0.9925, Valid: 0.9761, Test: 0.9626
Run: 04, Epoch: 94, Loss: 0.0002, lr: 0.000343, Train: 0.9922, Valid: 0.9758, Test: 0.9622
Run: 04, Epoch: 95, Loss: 0.0002, lr: 0.000343, Train: 0.9922, Valid: 0.9757, Test: 0.9622
Run: 04, Epoch: 96, Loss: 0.0002, lr: 0.000343, Train: 0.9926, Valid: 0.9759, Test: 0.9624
Run: 04, Epoch: 97, Loss: 0.0002, lr: 0.000343, Train: 0.9926, Valid: 0.9759, Test: 0.9622
Run: 04, Epoch: 98, Loss: 0.0002, lr: 0.000343, Train: 0.9924, Valid: 0.9756, Test: 0.9617
Run: 04, Epoch: 99, Loss: 0.0002, lr: 0.000240, Train: 0.9924, Valid: 0.9755, Test: 0.9614
Run: 04, Epoch: 100, Loss: 0.0002, lr: 0.000240, Train: 0.9926, Valid: 0.9754, Test: 0.9613
Run 04:
Highest Train: 0.99
Highest Valid: 0.98
  Final Train: 0.99
   Final Test: 0.96
Run: 05, Epoch: 01, Loss: 0.0402, lr: 0.001000, Train: 0.5879, Valid: 0.1770, Test: 0.3158
Run: 05, Epoch: 02, Loss: 0.0103, lr: 0.001000, Train: 0.6724, Valid: 0.2138, Test: 0.4352
Run: 05, Epoch: 03, Loss: 0.0101, lr: 0.001000, Train: 0.7344, Valid: 0.3734, Test: 0.5306
Run: 05, Epoch: 04, Loss: 0.0077, lr: 0.001000, Train: 0.8145, Valid: 0.6107, Test: 0.6508
Run: 05, Epoch: 05, Loss: 0.0055, lr: 0.001000, Train: 0.8735, Valid: 0.7721, Test: 0.7491
Run: 05, Epoch: 06, Loss: 0.0041, lr: 0.001000, Train: 0.8936, Valid: 0.8099, Test: 0.7835
Run: 05, Epoch: 07, Loss: 0.0034, lr: 0.001000, Train: 0.8912, Valid: 0.7678, Test: 0.7837
Run: 05, Epoch: 08, Loss: 0.0025, lr: 0.001000, Train: 0.8672, Valid: 0.6581, Test: 0.7608
Run: 05, Epoch: 09, Loss: 0.0023, lr: 0.001000, Train: 0.8311, Valid: 0.5185, Test: 0.7174
Run: 05, Epoch: 10, Loss: 0.0022, lr: 0.001000, Train: 0.7979, Valid: 0.3902, Test: 0.6623
Run: 05, Epoch: 11, Loss: 0.0020, lr: 0.001000, Train: 0.7782, Valid: 0.2960, Test: 0.6116
Run: 05, Epoch: 12, Loss: 0.0018, lr: 0.001000, Train: 0.7791, Valid: 0.2611, Test: 0.5825
Run: 05, Epoch: 13, Loss: 0.0017, lr: 0.000700, Train: 0.8038, Valid: 0.3142, Test: 0.6069
Run: 05, Epoch: 14, Loss: 0.0016, lr: 0.000700, Train: 0.8353, Valid: 0.3990, Test: 0.6482
Run: 05, Epoch: 15, Loss: 0.0016, lr: 0.000700, Train: 0.8678, Valid: 0.5004, Test: 0.6980
Run: 05, Epoch: 16, Loss: 0.0016, lr: 0.000700, Train: 0.8960, Valid: 0.5979, Test: 0.7475
Run: 05, Epoch: 17, Loss: 0.0015, lr: 0.000700, Train: 0.9179, Valid: 0.6822, Test: 0.7924
Run: 05, Epoch: 18, Loss: 0.0014, lr: 0.000700, Train: 0.9337, Valid: 0.7452, Test: 0.8312
Run: 05, Epoch: 19, Loss: 0.0013, lr: 0.000490, Train: 0.9438, Valid: 0.7870, Test: 0.8611
Run: 05, Epoch: 20, Loss: 0.0012, lr: 0.000490, Train: 0.9515, Valid: 0.8206, Test: 0.8865
Run: 05, Epoch: 21, Loss: 0.0012, lr: 0.000490, Train: 0.9576, Valid: 0.8484, Test: 0.9076
Run: 05, Epoch: 22, Loss: 0.0011, lr: 0.000490, Train: 0.9623, Valid: 0.8711, Test: 0.9237
Run: 05, Epoch: 23, Loss: 0.0011, lr: 0.000490, Train: 0.9660, Valid: 0.8891, Test: 0.9349
Run: 05, Epoch: 24, Loss: 0.0011, lr: 0.000490, Train: 0.9688, Valid: 0.9034, Test: 0.9419
Run: 05, Epoch: 25, Loss: 0.0011, lr: 0.000490, Train: 0.9711, Valid: 0.9146, Test: 0.9464
Run: 05, Epoch: 26, Loss: 0.0011, lr: 0.000490, Train: 0.9730, Valid: 0.9221, Test: 0.9496
Run: 05, Epoch: 27, Loss: 0.0010, lr: 0.000490, Train: 0.9745, Valid: 0.9264, Test: 0.9524
Run: 05, Epoch: 28, Loss: 0.0010, lr: 0.000490, Train: 0.9753, Valid: 0.9274, Test: 0.9546
Run: 05, Epoch: 29, Loss: 0.0010, lr: 0.000490, Train: 0.9756, Valid: 0.9254, Test: 0.9558
Run: 05, Epoch: 30, Loss: 0.0009, lr: 0.000490, Train: 0.9754, Valid: 0.9211, Test: 0.9559
Run: 05, Epoch: 31, Loss: 0.0009, lr: 0.000490, Train: 0.9751, Valid: 0.9157, Test: 0.9553
Run: 05, Epoch: 32, Loss: 0.0009, lr: 0.000490, Train: 0.9750, Valid: 0.9105, Test: 0.9546
Run: 05, Epoch: 33, Loss: 0.0009, lr: 0.000490, Train: 0.9753, Valid: 0.9065, Test: 0.9542
Run: 05, Epoch: 34, Loss: 0.0009, lr: 0.000490, Train: 0.9760, Valid: 0.9045, Test: 0.9546
Run: 05, Epoch: 35, Loss: 0.0008, lr: 0.000343, Train: 0.9771, Valid: 0.9068, Test: 0.9560
Run: 05, Epoch: 36, Loss: 0.0008, lr: 0.000343, Train: 0.9782, Valid: 0.9111, Test: 0.9577
Run: 05, Epoch: 37, Loss: 0.0008, lr: 0.000343, Train: 0.9793, Valid: 0.9170, Test: 0.9593
Run: 05, Epoch: 38, Loss: 0.0008, lr: 0.000343, Train: 0.9802, Valid: 0.9238, Test: 0.9609
Run: 05, Epoch: 39, Loss: 0.0008, lr: 0.000343, Train: 0.9810, Valid: 0.9310, Test: 0.9622
Run: 05, Epoch: 40, Loss: 0.0008, lr: 0.000343, Train: 0.9815, Valid: 0.9381, Test: 0.9633
Run: 05, Epoch: 41, Loss: 0.0008, lr: 0.000343, Train: 0.9819, Valid: 0.9445, Test: 0.9641
Run: 05, Epoch: 42, Loss: 0.0008, lr: 0.000343, Train: 0.9820, Valid: 0.9497, Test: 0.9645
Run: 05, Epoch: 43, Loss: 0.0007, lr: 0.000343, Train: 0.9820, Valid: 0.9536, Test: 0.9645
Run: 05, Epoch: 44, Loss: 0.0007, lr: 0.000343, Train: 0.9819, Valid: 0.9561, Test: 0.9642
Run: 05, Epoch: 45, Loss: 0.0007, lr: 0.000343, Train: 0.9819, Valid: 0.9575, Test: 0.9638
Run: 05, Epoch: 46, Loss: 0.0007, lr: 0.000343, Train: 0.9820, Valid: 0.9584, Test: 0.9635
Run: 05, Epoch: 47, Loss: 0.0007, lr: 0.000343, Train: 0.9822, Valid: 0.9589, Test: 0.9632
Run: 05, Epoch: 48, Loss: 0.0007, lr: 0.000343, Train: 0.9827, Valid: 0.9593, Test: 0.9631
Run: 05, Epoch: 49, Loss: 0.0007, lr: 0.000343, Train: 0.9832, Valid: 0.9595, Test: 0.9631
Run: 05, Epoch: 50, Loss: 0.0007, lr: 0.000343, Train: 0.9838, Valid: 0.9594, Test: 0.9631
Run: 05, Epoch: 51, Loss: 0.0007, lr: 0.000343, Train: 0.9842, Valid: 0.9592, Test: 0.9632
Run: 05, Epoch: 52, Loss: 0.0007, lr: 0.000343, Train: 0.9846, Valid: 0.9589, Test: 0.9632
Run: 05, Epoch: 53, Loss: 0.0007, lr: 0.000343, Train: 0.9849, Valid: 0.9586, Test: 0.9632
Run: 05, Epoch: 54, Loss: 0.0006, lr: 0.000343, Train: 0.9851, Valid: 0.9581, Test: 0.9634
Run: 05, Epoch: 55, Loss: 0.0006, lr: 0.000343, Train: 0.9853, Valid: 0.9576, Test: 0.9638
Run: 05, Epoch: 56, Loss: 0.0006, lr: 0.000240, Train: 0.9856, Valid: 0.9570, Test: 0.9642
Run: 05, Epoch: 57, Loss: 0.0006, lr: 0.000240, Train: 0.9858, Valid: 0.9564, Test: 0.9647
Run: 05, Epoch: 58, Loss: 0.0006, lr: 0.000240, Train: 0.9861, Valid: 0.9557, Test: 0.9651
Run: 05, Epoch: 59, Loss: 0.0006, lr: 0.000240, Train: 0.9863, Valid: 0.9551, Test: 0.9653
Run: 05, Epoch: 60, Loss: 0.0006, lr: 0.000240, Train: 0.9865, Valid: 0.9546, Test: 0.9655
Run: 05, Epoch: 61, Loss: 0.0006, lr: 0.000240, Train: 0.9867, Valid: 0.9540, Test: 0.9656
Run: 05, Epoch: 62, Loss: 0.0006, lr: 0.000168, Train: 0.9870, Valid: 0.9533, Test: 0.9657
Run: 05, Epoch: 63, Loss: 0.0006, lr: 0.000168, Train: 0.9872, Valid: 0.9525, Test: 0.9659
Run: 05, Epoch: 64, Loss: 0.0006, lr: 0.000168, Train: 0.9874, Valid: 0.9515, Test: 0.9660
Run: 05, Epoch: 65, Loss: 0.0006, lr: 0.000168, Train: 0.9876, Valid: 0.9505, Test: 0.9663
Run: 05, Epoch: 66, Loss: 0.0006, lr: 0.000168, Train: 0.9878, Valid: 0.9495, Test: 0.9664
Run: 05, Epoch: 67, Loss: 0.0006, lr: 0.000168, Train: 0.9879, Valid: 0.9486, Test: 0.9665
Run: 05, Epoch: 68, Loss: 0.0006, lr: 0.000118, Train: 0.9881, Valid: 0.9478, Test: 0.9666
Run: 05, Epoch: 69, Loss: 0.0006, lr: 0.000118, Train: 0.9882, Valid: 0.9470, Test: 0.9666
Run: 05, Epoch: 70, Loss: 0.0006, lr: 0.000118, Train: 0.9883, Valid: 0.9463, Test: 0.9667
Run: 05, Epoch: 71, Loss: 0.0006, lr: 0.000118, Train: 0.9883, Valid: 0.9455, Test: 0.9669
Run: 05, Epoch: 72, Loss: 0.0006, lr: 0.000118, Train: 0.9884, Valid: 0.9448, Test: 0.9671
Run: 05, Epoch: 73, Loss: 0.0006, lr: 0.000118, Train: 0.9885, Valid: 0.9442, Test: 0.9673
Run: 05, Epoch: 74, Loss: 0.0006, lr: 0.000082, Train: 0.9885, Valid: 0.9438, Test: 0.9673
Run: 05, Epoch: 75, Loss: 0.0006, lr: 0.000082, Train: 0.9886, Valid: 0.9435, Test: 0.9674
Run: 05, Epoch: 76, Loss: 0.0006, lr: 0.000082, Train: 0.9886, Valid: 0.9432, Test: 0.9675
Run: 05, Epoch: 77, Loss: 0.0006, lr: 0.000082, Train: 0.9887, Valid: 0.9430, Test: 0.9675
Run: 05, Epoch: 78, Loss: 0.0006, lr: 0.000082, Train: 0.9887, Valid: 0.9428, Test: 0.9676
Run: 05, Epoch: 79, Loss: 0.0006, lr: 0.000082, Train: 0.9887, Valid: 0.9426, Test: 0.9676
Run: 05, Epoch: 80, Loss: 0.0006, lr: 0.000058, Train: 0.9888, Valid: 0.9424, Test: 0.9676
Run: 05, Epoch: 81, Loss: 0.0006, lr: 0.000058, Train: 0.9888, Valid: 0.9423, Test: 0.9675
Run: 05, Epoch: 82, Loss: 0.0005, lr: 0.000058, Train: 0.9889, Valid: 0.9421, Test: 0.9675
Run: 05, Epoch: 83, Loss: 0.0005, lr: 0.000058, Train: 0.9889, Valid: 0.9420, Test: 0.9675
Run: 05, Epoch: 84, Loss: 0.0005, lr: 0.000058, Train: 0.9889, Valid: 0.9418, Test: 0.9675
Run: 05, Epoch: 85, Loss: 0.0005, lr: 0.000058, Train: 0.9890, Valid: 0.9416, Test: 0.9675
Run: 05, Epoch: 86, Loss: 0.0005, lr: 0.000040, Train: 0.9890, Valid: 0.9415, Test: 0.9675
Run: 05, Epoch: 87, Loss: 0.0005, lr: 0.000040, Train: 0.9890, Valid: 0.9413, Test: 0.9674
Run: 05, Epoch: 88, Loss: 0.0005, lr: 0.000040, Train: 0.9890, Valid: 0.9412, Test: 0.9674
Run: 05, Epoch: 89, Loss: 0.0005, lr: 0.000040, Train: 0.9891, Valid: 0.9410, Test: 0.9674
Run: 05, Epoch: 90, Loss: 0.0005, lr: 0.000040, Train: 0.9891, Valid: 0.9408, Test: 0.9674
Run: 05, Epoch: 91, Loss: 0.0005, lr: 0.000040, Train: 0.9891, Valid: 0.9407, Test: 0.9674
Run: 05, Epoch: 92, Loss: 0.0005, lr: 0.000028, Train: 0.9891, Valid: 0.9406, Test: 0.9674
Run: 05, Epoch: 93, Loss: 0.0005, lr: 0.000028, Train: 0.9891, Valid: 0.9405, Test: 0.9673
Run: 05, Epoch: 94, Loss: 0.0005, lr: 0.000028, Train: 0.9892, Valid: 0.9405, Test: 0.9673
Run: 05, Epoch: 95, Loss: 0.0005, lr: 0.000028, Train: 0.9892, Valid: 0.9404, Test: 0.9673
Run: 05, Epoch: 96, Loss: 0.0005, lr: 0.000028, Train: 0.9892, Valid: 0.9404, Test: 0.9673
Run: 05, Epoch: 97, Loss: 0.0005, lr: 0.000028, Train: 0.9892, Valid: 0.9404, Test: 0.9673
Run: 05, Epoch: 98, Loss: 0.0005, lr: 0.000020, Train: 0.9892, Valid: 0.9404, Test: 0.9672
Run: 05, Epoch: 99, Loss: 0.0005, lr: 0.000020, Train: 0.9892, Valid: 0.9404, Test: 0.9672
Run: 05, Epoch: 100, Loss: 0.0005, lr: 0.000020, Train: 0.9892, Valid: 0.9404, Test: 0.9672
Run 05:
Highest Train: 0.99
Highest Valid: 0.96
  Final Train: 0.98
   Final Test: 0.96
Run: 06, Epoch: 01, Loss: 0.0614, lr: 0.001000, Train: 0.3710, Valid: 0.1485, Test: 0.2690
Run: 06, Epoch: 02, Loss: 0.0090, lr: 0.001000, Train: 0.5374, Valid: 0.3563, Test: 0.4393
Run: 06, Epoch: 03, Loss: 0.0080, lr: 0.001000, Train: 0.6565, Valid: 0.5282, Test: 0.5478
Run: 06, Epoch: 04, Loss: 0.0068, lr: 0.001000, Train: 0.7305, Valid: 0.6476, Test: 0.6329
Run: 06, Epoch: 05, Loss: 0.0052, lr: 0.001000, Train: 0.7537, Valid: 0.7010, Test: 0.6739
Run: 06, Epoch: 06, Loss: 0.0038, lr: 0.001000, Train: 0.7569, Valid: 0.7102, Test: 0.6883
Run: 06, Epoch: 07, Loss: 0.0032, lr: 0.001000, Train: 0.7669, Valid: 0.7079, Test: 0.7044
Run: 06, Epoch: 08, Loss: 0.0025, lr: 0.001000, Train: 0.7716, Valid: 0.6940, Test: 0.7121
Run: 06, Epoch: 09, Loss: 0.0021, lr: 0.001000, Train: 0.7538, Valid: 0.6631, Test: 0.6825
Run: 06, Epoch: 10, Loss: 0.0021, lr: 0.001000, Train: 0.7073, Valid: 0.6216, Test: 0.6117
Run: 06, Epoch: 11, Loss: 0.0020, lr: 0.001000, Train: 0.6428, Valid: 0.5695, Test: 0.5250
Run: 06, Epoch: 12, Loss: 0.0018, lr: 0.001000, Train: 0.6164, Valid: 0.5545, Test: 0.4914
Run: 06, Epoch: 13, Loss: 0.0017, lr: 0.000700, Train: 0.6722, Valid: 0.6193, Test: 0.5605
Run: 06, Epoch: 14, Loss: 0.0016, lr: 0.000700, Train: 0.7611, Valid: 0.7164, Test: 0.6689
Run: 06, Epoch: 15, Loss: 0.0014, lr: 0.000700, Train: 0.8465, Valid: 0.8095, Test: 0.7751
Run: 06, Epoch: 16, Loss: 0.0014, lr: 0.000700, Train: 0.9008, Valid: 0.8708, Test: 0.8463
Run: 06, Epoch: 17, Loss: 0.0014, lr: 0.000700, Train: 0.9225, Valid: 0.8984, Test: 0.8778
Run: 06, Epoch: 18, Loss: 0.0014, lr: 0.000700, Train: 0.9196, Valid: 0.8983, Test: 0.8813
Run: 06, Epoch: 19, Loss: 0.0013, lr: 0.000700, Train: 0.9006, Valid: 0.8769, Test: 0.8676
Run: 06, Epoch: 20, Loss: 0.0012, lr: 0.000700, Train: 0.8806, Valid: 0.8545, Test: 0.8510
Run: 06, Epoch: 21, Loss: 0.0012, lr: 0.000700, Train: 0.8759, Valid: 0.8504, Test: 0.8462
Run: 06, Epoch: 22, Loss: 0.0011, lr: 0.000700, Train: 0.8915, Valid: 0.8689, Test: 0.8594
Run: 06, Epoch: 23, Loss: 0.0011, lr: 0.000700, Train: 0.9186, Valid: 0.9002, Test: 0.8841
Run: 06, Epoch: 24, Loss: 0.0010, lr: 0.000700, Train: 0.9431, Valid: 0.9275, Test: 0.9074
Run: 06, Epoch: 25, Loss: 0.0010, lr: 0.000700, Train: 0.9577, Valid: 0.9433, Test: 0.9223
Run: 06, Epoch: 26, Loss: 0.0010, lr: 0.000700, Train: 0.9631, Valid: 0.9498, Test: 0.9286
Run: 06, Epoch: 27, Loss: 0.0009, lr: 0.000700, Train: 0.9632, Valid: 0.9510, Test: 0.9301
Run: 06, Epoch: 28, Loss: 0.0009, lr: 0.000700, Train: 0.9620, Valid: 0.9505, Test: 0.9306
Run: 06, Epoch: 29, Loss: 0.0008, lr: 0.000700, Train: 0.9638, Valid: 0.9525, Test: 0.9324
Run: 06, Epoch: 30, Loss: 0.0008, lr: 0.000700, Train: 0.9699, Valid: 0.9582, Test: 0.9354
Run: 06, Epoch: 31, Loss: 0.0008, lr: 0.000700, Train: 0.9765, Valid: 0.9637, Test: 0.9376
Run: 06, Epoch: 32, Loss: 0.0008, lr: 0.000700, Train: 0.9803, Valid: 0.9657, Test: 0.9383
Run: 06, Epoch: 33, Loss: 0.0008, lr: 0.000700, Train: 0.9819, Valid: 0.9660, Test: 0.9389
Run: 06, Epoch: 34, Loss: 0.0008, lr: 0.000700, Train: 0.9825, Valid: 0.9663, Test: 0.9400
Run: 06, Epoch: 35, Loss: 0.0007, lr: 0.000700, Train: 0.9812, Valid: 0.9656, Test: 0.9406
Run: 06, Epoch: 36, Loss: 0.0007, lr: 0.000700, Train: 0.9785, Valid: 0.9630, Test: 0.9413
Run: 06, Epoch: 37, Loss: 0.0007, lr: 0.000700, Train: 0.9775, Valid: 0.9615, Test: 0.9434
Run: 06, Epoch: 38, Loss: 0.0007, lr: 0.000700, Train: 0.9797, Valid: 0.9626, Test: 0.9464
Run: 06, Epoch: 39, Loss: 0.0006, lr: 0.000700, Train: 0.9823, Valid: 0.9636, Test: 0.9466
Run: 06, Epoch: 40, Loss: 0.0006, lr: 0.000700, Train: 0.9827, Valid: 0.9626, Test: 0.9431
Run: 06, Epoch: 41, Loss: 0.0006, lr: 0.000490, Train: 0.9826, Valid: 0.9621, Test: 0.9409
Run: 06, Epoch: 42, Loss: 0.0006, lr: 0.000490, Train: 0.9832, Valid: 0.9632, Test: 0.9406
Run: 06, Epoch: 43, Loss: 0.0006, lr: 0.000490, Train: 0.9843, Valid: 0.9655, Test: 0.9417
Run: 06, Epoch: 44, Loss: 0.0006, lr: 0.000490, Train: 0.9853, Valid: 0.9675, Test: 0.9430
Run: 06, Epoch: 45, Loss: 0.0006, lr: 0.000490, Train: 0.9861, Valid: 0.9689, Test: 0.9438
Run: 06, Epoch: 46, Loss: 0.0006, lr: 0.000490, Train: 0.9867, Valid: 0.9694, Test: 0.9438
Run: 06, Epoch: 47, Loss: 0.0005, lr: 0.000490, Train: 0.9870, Valid: 0.9692, Test: 0.9433
Run: 06, Epoch: 48, Loss: 0.0005, lr: 0.000490, Train: 0.9870, Valid: 0.9686, Test: 0.9427
Run: 06, Epoch: 49, Loss: 0.0005, lr: 0.000490, Train: 0.9871, Valid: 0.9683, Test: 0.9425
Run: 06, Epoch: 50, Loss: 0.0005, lr: 0.000490, Train: 0.9875, Valid: 0.9689, Test: 0.9428
Run: 06, Epoch: 51, Loss: 0.0005, lr: 0.000490, Train: 0.9879, Valid: 0.9700, Test: 0.9435
Run: 06, Epoch: 52, Loss: 0.0005, lr: 0.000490, Train: 0.9882, Valid: 0.9710, Test: 0.9442
Run: 06, Epoch: 53, Loss: 0.0005, lr: 0.000490, Train: 0.9881, Valid: 0.9711, Test: 0.9445
Run: 06, Epoch: 54, Loss: 0.0005, lr: 0.000490, Train: 0.9879, Valid: 0.9705, Test: 0.9442
Run: 06, Epoch: 55, Loss: 0.0005, lr: 0.000490, Train: 0.9877, Valid: 0.9695, Test: 0.9434
Run: 06, Epoch: 56, Loss: 0.0005, lr: 0.000490, Train: 0.9876, Valid: 0.9689, Test: 0.9426
Run: 06, Epoch: 57, Loss: 0.0005, lr: 0.000490, Train: 0.9879, Valid: 0.9696, Test: 0.9424
Run: 06, Epoch: 58, Loss: 0.0005, lr: 0.000490, Train: 0.9886, Valid: 0.9715, Test: 0.9425
Run: 06, Epoch: 59, Loss: 0.0004, lr: 0.000490, Train: 0.9892, Valid: 0.9735, Test: 0.9427
Run: 06, Epoch: 60, Loss: 0.0004, lr: 0.000490, Train: 0.9895, Valid: 0.9748, Test: 0.9426
Run: 06, Epoch: 61, Loss: 0.0004, lr: 0.000490, Train: 0.9897, Valid: 0.9752, Test: 0.9423
Run: 06, Epoch: 62, Loss: 0.0004, lr: 0.000490, Train: 0.9898, Valid: 0.9749, Test: 0.9419
Run: 06, Epoch: 63, Loss: 0.0004, lr: 0.000490, Train: 0.9898, Valid: 0.9741, Test: 0.9417
Run: 06, Epoch: 64, Loss: 0.0004, lr: 0.000490, Train: 0.9897, Valid: 0.9733, Test: 0.9418
Run: 06, Epoch: 65, Loss: 0.0004, lr: 0.000490, Train: 0.9899, Valid: 0.9730, Test: 0.9424
Run: 06, Epoch: 66, Loss: 0.0004, lr: 0.000490, Train: 0.9902, Valid: 0.9734, Test: 0.9432
Run: 06, Epoch: 67, Loss: 0.0004, lr: 0.000490, Train: 0.9905, Valid: 0.9738, Test: 0.9435
Run: 06, Epoch: 68, Loss: 0.0004, lr: 0.000343, Train: 0.9906, Valid: 0.9739, Test: 0.9433
Run: 06, Epoch: 69, Loss: 0.0004, lr: 0.000343, Train: 0.9906, Valid: 0.9740, Test: 0.9428
Run: 06, Epoch: 70, Loss: 0.0004, lr: 0.000343, Train: 0.9907, Valid: 0.9740, Test: 0.9422
Run: 06, Epoch: 71, Loss: 0.0004, lr: 0.000343, Train: 0.9907, Valid: 0.9742, Test: 0.9417
Run: 06, Epoch: 72, Loss: 0.0004, lr: 0.000343, Train: 0.9908, Valid: 0.9746, Test: 0.9415
Run: 06, Epoch: 73, Loss: 0.0004, lr: 0.000343, Train: 0.9909, Valid: 0.9752, Test: 0.9415
Run: 06, Epoch: 74, Loss: 0.0004, lr: 0.000240, Train: 0.9910, Valid: 0.9756, Test: 0.9418
Run: 06, Epoch: 75, Loss: 0.0004, lr: 0.000240, Train: 0.9912, Valid: 0.9759, Test: 0.9422
Run: 06, Epoch: 76, Loss: 0.0004, lr: 0.000240, Train: 0.9914, Valid: 0.9761, Test: 0.9425
Run: 06, Epoch: 77, Loss: 0.0004, lr: 0.000240, Train: 0.9915, Valid: 0.9761, Test: 0.9427
Run: 06, Epoch: 78, Loss: 0.0004, lr: 0.000240, Train: 0.9916, Valid: 0.9759, Test: 0.9428
Run: 06, Epoch: 79, Loss: 0.0004, lr: 0.000240, Train: 0.9917, Valid: 0.9756, Test: 0.9428
Run: 06, Epoch: 80, Loss: 0.0004, lr: 0.000240, Train: 0.9918, Valid: 0.9755, Test: 0.9427
Run: 06, Epoch: 81, Loss: 0.0004, lr: 0.000240, Train: 0.9919, Valid: 0.9756, Test: 0.9427
Run: 06, Epoch: 82, Loss: 0.0003, lr: 0.000240, Train: 0.9919, Valid: 0.9758, Test: 0.9427
Run: 06, Epoch: 83, Loss: 0.0003, lr: 0.000168, Train: 0.9920, Valid: 0.9760, Test: 0.9427
Run: 06, Epoch: 84, Loss: 0.0003, lr: 0.000168, Train: 0.9920, Valid: 0.9761, Test: 0.9427
Run: 06, Epoch: 85, Loss: 0.0003, lr: 0.000168, Train: 0.9921, Valid: 0.9762, Test: 0.9426
Run: 06, Epoch: 86, Loss: 0.0003, lr: 0.000168, Train: 0.9921, Valid: 0.9761, Test: 0.9426
Run: 06, Epoch: 87, Loss: 0.0003, lr: 0.000168, Train: 0.9922, Valid: 0.9760, Test: 0.9425
Run: 06, Epoch: 88, Loss: 0.0003, lr: 0.000168, Train: 0.9923, Valid: 0.9759, Test: 0.9424
Run: 06, Epoch: 89, Loss: 0.0003, lr: 0.000118, Train: 0.9923, Valid: 0.9759, Test: 0.9425
Run: 06, Epoch: 90, Loss: 0.0003, lr: 0.000118, Train: 0.9923, Valid: 0.9760, Test: 0.9425
Run: 06, Epoch: 91, Loss: 0.0003, lr: 0.000118, Train: 0.9924, Valid: 0.9760, Test: 0.9425
Run: 06, Epoch: 92, Loss: 0.0003, lr: 0.000118, Train: 0.9924, Valid: 0.9761, Test: 0.9426
Run: 06, Epoch: 93, Loss: 0.0003, lr: 0.000118, Train: 0.9925, Valid: 0.9761, Test: 0.9426
Run: 06, Epoch: 94, Loss: 0.0003, lr: 0.000118, Train: 0.9925, Valid: 0.9760, Test: 0.9426
Run: 06, Epoch: 95, Loss: 0.0003, lr: 0.000082, Train: 0.9925, Valid: 0.9760, Test: 0.9426
Run: 06, Epoch: 96, Loss: 0.0003, lr: 0.000082, Train: 0.9926, Valid: 0.9759, Test: 0.9426
Run: 06, Epoch: 97, Loss: 0.0003, lr: 0.000082, Train: 0.9926, Valid: 0.9758, Test: 0.9426
Run: 06, Epoch: 98, Loss: 0.0003, lr: 0.000082, Train: 0.9926, Valid: 0.9758, Test: 0.9426
Run: 06, Epoch: 99, Loss: 0.0003, lr: 0.000082, Train: 0.9927, Valid: 0.9758, Test: 0.9426
Run: 06, Epoch: 100, Loss: 0.0003, lr: 0.000082, Train: 0.9927, Valid: 0.9758, Test: 0.9426
Run 06:
Highest Train: 0.99
Highest Valid: 0.98
  Final Train: 0.99
   Final Test: 0.94
Run: 07, Epoch: 01, Loss: 0.0522, lr: 0.001000, Train: 0.3213, Valid: 0.3365, Test: 0.3552
Run: 07, Epoch: 02, Loss: 0.0136, lr: 0.001000, Train: 0.4775, Valid: 0.5480, Test: 0.5115
Run: 07, Epoch: 03, Loss: 0.0118, lr: 0.001000, Train: 0.5590, Valid: 0.6287, Test: 0.6108
Run: 07, Epoch: 04, Loss: 0.0087, lr: 0.001000, Train: 0.6382, Valid: 0.6850, Test: 0.6926
Run: 07, Epoch: 05, Loss: 0.0066, lr: 0.001000, Train: 0.7079, Valid: 0.7353, Test: 0.7423
Run: 07, Epoch: 06, Loss: 0.0049, lr: 0.001000, Train: 0.7472, Valid: 0.7562, Test: 0.7675
Run: 07, Epoch: 07, Loss: 0.0035, lr: 0.001000, Train: 0.7581, Valid: 0.7608, Test: 0.7795
Run: 07, Epoch: 08, Loss: 0.0028, lr: 0.001000, Train: 0.7625, Valid: 0.7686, Test: 0.7938
Run: 07, Epoch: 09, Loss: 0.0025, lr: 0.001000, Train: 0.7720, Valid: 0.7782, Test: 0.8187
Run: 07, Epoch: 10, Loss: 0.0021, lr: 0.001000, Train: 0.7825, Valid: 0.7841, Test: 0.8449
Run: 07, Epoch: 11, Loss: 0.0018, lr: 0.001000, Train: 0.7971, Valid: 0.7940, Test: 0.8640
Run: 07, Epoch: 12, Loss: 0.0015, lr: 0.001000, Train: 0.8224, Valid: 0.8175, Test: 0.8807
Run: 07, Epoch: 13, Loss: 0.0015, lr: 0.001000, Train: 0.8539, Valid: 0.8523, Test: 0.8994
Run: 07, Epoch: 14, Loss: 0.0016, lr: 0.001000, Train: 0.8841, Valid: 0.8858, Test: 0.9173
Run: 07, Epoch: 15, Loss: 0.0017, lr: 0.001000, Train: 0.9077, Valid: 0.9125, Test: 0.9301
Run: 07, Epoch: 16, Loss: 0.0015, lr: 0.001000, Train: 0.9236, Valid: 0.9313, Test: 0.9365
Run: 07, Epoch: 17, Loss: 0.0014, lr: 0.001000, Train: 0.9317, Valid: 0.9433, Test: 0.9382
Run: 07, Epoch: 18, Loss: 0.0012, lr: 0.001000, Train: 0.9334, Valid: 0.9495, Test: 0.9350
Run: 07, Epoch: 19, Loss: 0.0011, lr: 0.001000, Train: 0.9317, Valid: 0.9533, Test: 0.9297
Run: 07, Epoch: 20, Loss: 0.0011, lr: 0.001000, Train: 0.9312, Valid: 0.9570, Test: 0.9285
Run: 07, Epoch: 21, Loss: 0.0010, lr: 0.001000, Train: 0.9363, Valid: 0.9614, Test: 0.9361
Run: 07, Epoch: 22, Loss: 0.0009, lr: 0.001000, Train: 0.9441, Valid: 0.9652, Test: 0.9467
Run: 07, Epoch: 23, Loss: 0.0009, lr: 0.001000, Train: 0.9486, Valid: 0.9678, Test: 0.9528
Run: 07, Epoch: 24, Loss: 0.0008, lr: 0.001000, Train: 0.9475, Valid: 0.9683, Test: 0.9522
Run: 07, Epoch: 25, Loss: 0.0008, lr: 0.001000, Train: 0.9415, Valid: 0.9664, Test: 0.9465
Run: 07, Epoch: 26, Loss: 0.0008, lr: 0.001000, Train: 0.9340, Valid: 0.9633, Test: 0.9386
Run: 07, Epoch: 27, Loss: 0.0008, lr: 0.001000, Train: 0.9276, Valid: 0.9604, Test: 0.9323
Run: 07, Epoch: 28, Loss: 0.0008, lr: 0.001000, Train: 0.9115, Valid: 0.9541, Test: 0.9179
Run: 07, Epoch: 29, Loss: 0.0007, lr: 0.001000, Train: 0.8743, Valid: 0.9389, Test: 0.8839
Run: 07, Epoch: 30, Loss: 0.0007, lr: 0.001000, Train: 0.8272, Valid: 0.9168, Test: 0.8403
Run: 07, Epoch: 31, Loss: 0.0007, lr: 0.000700, Train: 0.8166, Valid: 0.9088, Test: 0.8303
Run: 07, Epoch: 32, Loss: 0.0006, lr: 0.000700, Train: 0.8226, Valid: 0.9080, Test: 0.8357
Run: 07, Epoch: 33, Loss: 0.0006, lr: 0.000700, Train: 0.8385, Valid: 0.9126, Test: 0.8495
Run: 07, Epoch: 34, Loss: 0.0006, lr: 0.000700, Train: 0.8573, Valid: 0.9198, Test: 0.8658
Run: 07, Epoch: 35, Loss: 0.0005, lr: 0.000700, Train: 0.8755, Valid: 0.9265, Test: 0.8816
Run: 07, Epoch: 36, Loss: 0.0005, lr: 0.000700, Train: 0.8921, Valid: 0.9317, Test: 0.8961
Run: 07, Epoch: 37, Loss: 0.0005, lr: 0.000490, Train: 0.9068, Valid: 0.9365, Test: 0.9086
Run: 07, Epoch: 38, Loss: 0.0005, lr: 0.000490, Train: 0.9179, Valid: 0.9398, Test: 0.9179
Run: 07, Epoch: 39, Loss: 0.0005, lr: 0.000490, Train: 0.9257, Valid: 0.9421, Test: 0.9244
Run: 07, Epoch: 40, Loss: 0.0005, lr: 0.000490, Train: 0.9310, Valid: 0.9438, Test: 0.9286
Run: 07, Epoch: 41, Loss: 0.0005, lr: 0.000490, Train: 0.9348, Valid: 0.9456, Test: 0.9314
Run: 07, Epoch: 42, Loss: 0.0005, lr: 0.000490, Train: 0.9383, Valid: 0.9477, Test: 0.9339
Run: 07, Epoch: 43, Loss: 0.0005, lr: 0.000343, Train: 0.9436, Valid: 0.9505, Test: 0.9380
Run: 07, Epoch: 44, Loss: 0.0004, lr: 0.000343, Train: 0.9488, Valid: 0.9530, Test: 0.9421
Run: 07, Epoch: 45, Loss: 0.0004, lr: 0.000343, Train: 0.9534, Valid: 0.9550, Test: 0.9456
Run: 07, Epoch: 46, Loss: 0.0004, lr: 0.000343, Train: 0.9571, Valid: 0.9565, Test: 0.9485
Run: 07, Epoch: 47, Loss: 0.0004, lr: 0.000343, Train: 0.9598, Valid: 0.9574, Test: 0.9504
Run: 07, Epoch: 48, Loss: 0.0004, lr: 0.000343, Train: 0.9614, Valid: 0.9577, Test: 0.9514
Run: 07, Epoch: 49, Loss: 0.0004, lr: 0.000240, Train: 0.9638, Valid: 0.9581, Test: 0.9533
Run: 07, Epoch: 50, Loss: 0.0004, lr: 0.000240, Train: 0.9660, Valid: 0.9585, Test: 0.9551
Run: 07, Epoch: 51, Loss: 0.0004, lr: 0.000240, Train: 0.9683, Valid: 0.9589, Test: 0.9570
Run: 07, Epoch: 52, Loss: 0.0004, lr: 0.000240, Train: 0.9708, Valid: 0.9595, Test: 0.9592
Run: 07, Epoch: 53, Loss: 0.0004, lr: 0.000240, Train: 0.9736, Valid: 0.9603, Test: 0.9618
Run: 07, Epoch: 54, Loss: 0.0004, lr: 0.000240, Train: 0.9765, Valid: 0.9613, Test: 0.9645
Run: 07, Epoch: 55, Loss: 0.0004, lr: 0.000168, Train: 0.9791, Valid: 0.9621, Test: 0.9670
Run: 07, Epoch: 56, Loss: 0.0004, lr: 0.000168, Train: 0.9814, Valid: 0.9628, Test: 0.9691
Run: 07, Epoch: 57, Loss: 0.0004, lr: 0.000168, Train: 0.9833, Valid: 0.9634, Test: 0.9708
Run: 07, Epoch: 58, Loss: 0.0004, lr: 0.000168, Train: 0.9847, Valid: 0.9638, Test: 0.9721
Run: 07, Epoch: 59, Loss: 0.0004, lr: 0.000168, Train: 0.9858, Valid: 0.9640, Test: 0.9731
Run: 07, Epoch: 60, Loss: 0.0004, lr: 0.000168, Train: 0.9867, Valid: 0.9642, Test: 0.9739
Run: 07, Epoch: 61, Loss: 0.0004, lr: 0.000118, Train: 0.9874, Valid: 0.9642, Test: 0.9745
Run: 07, Epoch: 62, Loss: 0.0004, lr: 0.000118, Train: 0.9880, Valid: 0.9642, Test: 0.9750
Run: 07, Epoch: 63, Loss: 0.0004, lr: 0.000118, Train: 0.9885, Valid: 0.9641, Test: 0.9754
Run: 07, Epoch: 64, Loss: 0.0004, lr: 0.000118, Train: 0.9889, Valid: 0.9639, Test: 0.9757
Run: 07, Epoch: 65, Loss: 0.0004, lr: 0.000118, Train: 0.9892, Valid: 0.9638, Test: 0.9760
Run: 07, Epoch: 66, Loss: 0.0004, lr: 0.000118, Train: 0.9895, Valid: 0.9636, Test: 0.9762
Run: 07, Epoch: 67, Loss: 0.0004, lr: 0.000082, Train: 0.9897, Valid: 0.9635, Test: 0.9764
Run: 07, Epoch: 68, Loss: 0.0004, lr: 0.000082, Train: 0.9900, Valid: 0.9633, Test: 0.9766
Run: 07, Epoch: 69, Loss: 0.0003, lr: 0.000082, Train: 0.9902, Valid: 0.9631, Test: 0.9768
Run: 07, Epoch: 70, Loss: 0.0003, lr: 0.000082, Train: 0.9904, Valid: 0.9630, Test: 0.9769
Run: 07, Epoch: 71, Loss: 0.0003, lr: 0.000082, Train: 0.9905, Valid: 0.9628, Test: 0.9771
Run: 07, Epoch: 72, Loss: 0.0003, lr: 0.000082, Train: 0.9907, Valid: 0.9627, Test: 0.9772
Run: 07, Epoch: 73, Loss: 0.0003, lr: 0.000058, Train: 0.9908, Valid: 0.9625, Test: 0.9773
Run: 07, Epoch: 74, Loss: 0.0003, lr: 0.000058, Train: 0.9909, Valid: 0.9624, Test: 0.9773
Run: 07, Epoch: 75, Loss: 0.0003, lr: 0.000058, Train: 0.9910, Valid: 0.9623, Test: 0.9774
Run: 07, Epoch: 76, Loss: 0.0003, lr: 0.000058, Train: 0.9911, Valid: 0.9621, Test: 0.9775
Run: 07, Epoch: 77, Loss: 0.0003, lr: 0.000058, Train: 0.9912, Valid: 0.9620, Test: 0.9775
Run: 07, Epoch: 78, Loss: 0.0003, lr: 0.000058, Train: 0.9913, Valid: 0.9619, Test: 0.9776
Run: 07, Epoch: 79, Loss: 0.0003, lr: 0.000040, Train: 0.9913, Valid: 0.9618, Test: 0.9776
Run: 07, Epoch: 80, Loss: 0.0003, lr: 0.000040, Train: 0.9914, Valid: 0.9617, Test: 0.9776
Run: 07, Epoch: 81, Loss: 0.0003, lr: 0.000040, Train: 0.9914, Valid: 0.9616, Test: 0.9776
Run: 07, Epoch: 82, Loss: 0.0003, lr: 0.000040, Train: 0.9915, Valid: 0.9615, Test: 0.9777
Run: 07, Epoch: 83, Loss: 0.0003, lr: 0.000040, Train: 0.9915, Valid: 0.9614, Test: 0.9777
Run: 07, Epoch: 84, Loss: 0.0003, lr: 0.000040, Train: 0.9915, Valid: 0.9614, Test: 0.9777
Run: 07, Epoch: 85, Loss: 0.0003, lr: 0.000028, Train: 0.9916, Valid: 0.9613, Test: 0.9777
Run: 07, Epoch: 86, Loss: 0.0003, lr: 0.000028, Train: 0.9916, Valid: 0.9613, Test: 0.9777
Run: 07, Epoch: 87, Loss: 0.0003, lr: 0.000028, Train: 0.9916, Valid: 0.9612, Test: 0.9778
Run: 07, Epoch: 88, Loss: 0.0003, lr: 0.000028, Train: 0.9917, Valid: 0.9612, Test: 0.9778
Run: 07, Epoch: 89, Loss: 0.0003, lr: 0.000028, Train: 0.9917, Valid: 0.9612, Test: 0.9778
Run: 07, Epoch: 90, Loss: 0.0003, lr: 0.000028, Train: 0.9917, Valid: 0.9612, Test: 0.9778
Run: 07, Epoch: 91, Loss: 0.0003, lr: 0.000020, Train: 0.9917, Valid: 0.9611, Test: 0.9778
Run: 07, Epoch: 92, Loss: 0.0003, lr: 0.000020, Train: 0.9917, Valid: 0.9611, Test: 0.9778
Run: 07, Epoch: 93, Loss: 0.0003, lr: 0.000020, Train: 0.9918, Valid: 0.9611, Test: 0.9778
Run: 07, Epoch: 94, Loss: 0.0003, lr: 0.000020, Train: 0.9918, Valid: 0.9611, Test: 0.9778
Run: 07, Epoch: 95, Loss: 0.0003, lr: 0.000020, Train: 0.9918, Valid: 0.9610, Test: 0.9778
Run: 07, Epoch: 96, Loss: 0.0003, lr: 0.000020, Train: 0.9918, Valid: 0.9610, Test: 0.9778
Run: 07, Epoch: 97, Loss: 0.0003, lr: 0.000014, Train: 0.9918, Valid: 0.9610, Test: 0.9778
Run: 07, Epoch: 98, Loss: 0.0003, lr: 0.000014, Train: 0.9918, Valid: 0.9610, Test: 0.9778
Run: 07, Epoch: 99, Loss: 0.0003, lr: 0.000014, Train: 0.9918, Valid: 0.9610, Test: 0.9778
Run: 07, Epoch: 100, Loss: 0.0003, lr: 0.000014, Train: 0.9918, Valid: 0.9610, Test: 0.9778
Run 07:
Highest Train: 0.99
Highest Valid: 0.97
  Final Train: 0.95
   Final Test: 0.95
Run: 08, Epoch: 01, Loss: 0.0243, lr: 0.001000, Train: 0.6192, Valid: 0.7628, Test: 0.5446
Run: 08, Epoch: 02, Loss: 0.0130, lr: 0.001000, Train: 0.6379, Valid: 0.8433, Test: 0.5703
Run: 08, Epoch: 03, Loss: 0.0097, lr: 0.001000, Train: 0.6793, Valid: 0.8693, Test: 0.6402
Run: 08, Epoch: 04, Loss: 0.0060, lr: 0.001000, Train: 0.7394, Valid: 0.8872, Test: 0.7112
Run: 08, Epoch: 05, Loss: 0.0040, lr: 0.001000, Train: 0.7787, Valid: 0.8939, Test: 0.7480
Run: 08, Epoch: 06, Loss: 0.0031, lr: 0.001000, Train: 0.7958, Valid: 0.8852, Test: 0.7532
Run: 08, Epoch: 07, Loss: 0.0024, lr: 0.001000, Train: 0.8026, Valid: 0.8747, Test: 0.7478
Run: 08, Epoch: 08, Loss: 0.0019, lr: 0.001000, Train: 0.8050, Valid: 0.8758, Test: 0.7398
Run: 08, Epoch: 09, Loss: 0.0016, lr: 0.001000, Train: 0.8078, Valid: 0.8906, Test: 0.7345
Run: 08, Epoch: 10, Loss: 0.0015, lr: 0.001000, Train: 0.8198, Valid: 0.9093, Test: 0.7434
Run: 08, Epoch: 11, Loss: 0.0015, lr: 0.001000, Train: 0.8418, Valid: 0.9249, Test: 0.7672
Run: 08, Epoch: 12, Loss: 0.0015, lr: 0.001000, Train: 0.8653, Valid: 0.9367, Test: 0.7952
Run: 08, Epoch: 13, Loss: 0.0015, lr: 0.001000, Train: 0.8795, Valid: 0.9445, Test: 0.8128
Run: 08, Epoch: 14, Loss: 0.0014, lr: 0.001000, Train: 0.8774, Valid: 0.9492, Test: 0.8092
Run: 08, Epoch: 15, Loss: 0.0012, lr: 0.001000, Train: 0.8597, Valid: 0.9515, Test: 0.7870
Run: 08, Epoch: 16, Loss: 0.0010, lr: 0.001000, Train: 0.8380, Valid: 0.9534, Test: 0.7618
Run: 08, Epoch: 17, Loss: 0.0008, lr: 0.001000, Train: 0.8319, Valid: 0.9571, Test: 0.7580
Run: 08, Epoch: 18, Loss: 0.0008, lr: 0.001000, Train: 0.8513, Valid: 0.9633, Test: 0.7861
Run: 08, Epoch: 19, Loss: 0.0009, lr: 0.001000, Train: 0.8848, Valid: 0.9707, Test: 0.8310
Run: 08, Epoch: 20, Loss: 0.0009, lr: 0.001000, Train: 0.9136, Valid: 0.9763, Test: 0.8685
Run: 08, Epoch: 21, Loss: 0.0009, lr: 0.001000, Train: 0.9280, Valid: 0.9790, Test: 0.8875
Run: 08, Epoch: 22, Loss: 0.0008, lr: 0.001000, Train: 0.9302, Valid: 0.9792, Test: 0.8904
Run: 08, Epoch: 23, Loss: 0.0007, lr: 0.001000, Train: 0.9285, Valid: 0.9779, Test: 0.8875
Run: 08, Epoch: 24, Loss: 0.0007, lr: 0.001000, Train: 0.9340, Valid: 0.9773, Test: 0.8934
Run: 08, Epoch: 25, Loss: 0.0007, lr: 0.001000, Train: 0.9513, Valid: 0.9789, Test: 0.9149
Run: 08, Epoch: 26, Loss: 0.0006, lr: 0.001000, Train: 0.9708, Valid: 0.9801, Test: 0.9413
Run: 08, Epoch: 27, Loss: 0.0006, lr: 0.001000, Train: 0.9818, Valid: 0.9773, Test: 0.9593
Run: 08, Epoch: 28, Loss: 0.0006, lr: 0.001000, Train: 0.9819, Valid: 0.9697, Test: 0.9646
Run: 08, Epoch: 29, Loss: 0.0005, lr: 0.001000, Train: 0.9773, Valid: 0.9611, Test: 0.9628
Run: 08, Epoch: 30, Loss: 0.0005, lr: 0.001000, Train: 0.9736, Valid: 0.9561, Test: 0.9599
Run: 08, Epoch: 31, Loss: 0.0005, lr: 0.001000, Train: 0.9713, Valid: 0.9547, Test: 0.9585
Run: 08, Epoch: 32, Loss: 0.0005, lr: 0.001000, Train: 0.9693, Valid: 0.9546, Test: 0.9578
Run: 08, Epoch: 33, Loss: 0.0005, lr: 0.000700, Train: 0.9686, Valid: 0.9550, Test: 0.9575
Run: 08, Epoch: 34, Loss: 0.0005, lr: 0.000700, Train: 0.9677, Valid: 0.9558, Test: 0.9566
Run: 08, Epoch: 35, Loss: 0.0004, lr: 0.000700, Train: 0.9672, Valid: 0.9572, Test: 0.9554
Run: 08, Epoch: 36, Loss: 0.0004, lr: 0.000700, Train: 0.9678, Valid: 0.9596, Test: 0.9550
Run: 08, Epoch: 37, Loss: 0.0004, lr: 0.000700, Train: 0.9695, Valid: 0.9626, Test: 0.9558
Run: 08, Epoch: 38, Loss: 0.0004, lr: 0.000700, Train: 0.9717, Valid: 0.9657, Test: 0.9574
Run: 08, Epoch: 39, Loss: 0.0004, lr: 0.000490, Train: 0.9739, Valid: 0.9675, Test: 0.9593
Run: 08, Epoch: 40, Loss: 0.0004, lr: 0.000490, Train: 0.9754, Valid: 0.9681, Test: 0.9608
Run: 08, Epoch: 41, Loss: 0.0004, lr: 0.000490, Train: 0.9761, Valid: 0.9676, Test: 0.9619
Run: 08, Epoch: 42, Loss: 0.0004, lr: 0.000490, Train: 0.9763, Valid: 0.9661, Test: 0.9627
Run: 08, Epoch: 43, Loss: 0.0004, lr: 0.000490, Train: 0.9766, Valid: 0.9644, Test: 0.9634
Run: 08, Epoch: 44, Loss: 0.0003, lr: 0.000490, Train: 0.9774, Valid: 0.9632, Test: 0.9644
Run: 08, Epoch: 45, Loss: 0.0003, lr: 0.000343, Train: 0.9794, Valid: 0.9638, Test: 0.9659
Run: 08, Epoch: 46, Loss: 0.0003, lr: 0.000343, Train: 0.9816, Valid: 0.9650, Test: 0.9675
Run: 08, Epoch: 47, Loss: 0.0003, lr: 0.000343, Train: 0.9837, Valid: 0.9666, Test: 0.9689
Run: 08, Epoch: 48, Loss: 0.0003, lr: 0.000343, Train: 0.9853, Valid: 0.9682, Test: 0.9700
Run: 08, Epoch: 49, Loss: 0.0003, lr: 0.000343, Train: 0.9865, Valid: 0.9694, Test: 0.9707
Run: 08, Epoch: 50, Loss: 0.0003, lr: 0.000343, Train: 0.9872, Valid: 0.9701, Test: 0.9710
Run: 08, Epoch: 51, Loss: 0.0003, lr: 0.000240, Train: 0.9877, Valid: 0.9704, Test: 0.9712
Run: 08, Epoch: 52, Loss: 0.0003, lr: 0.000240, Train: 0.9880, Valid: 0.9704, Test: 0.9712
Run: 08, Epoch: 53, Loss: 0.0003, lr: 0.000240, Train: 0.9882, Valid: 0.9703, Test: 0.9711
Run: 08, Epoch: 54, Loss: 0.0003, lr: 0.000240, Train: 0.9884, Valid: 0.9700, Test: 0.9711
Run: 08, Epoch: 55, Loss: 0.0003, lr: 0.000240, Train: 0.9885, Valid: 0.9698, Test: 0.9710
Run: 08, Epoch: 56, Loss: 0.0003, lr: 0.000240, Train: 0.9886, Valid: 0.9695, Test: 0.9709
Run: 08, Epoch: 57, Loss: 0.0003, lr: 0.000168, Train: 0.9890, Valid: 0.9696, Test: 0.9710
Run: 08, Epoch: 58, Loss: 0.0003, lr: 0.000168, Train: 0.9893, Valid: 0.9697, Test: 0.9711
Run: 08, Epoch: 59, Loss: 0.0003, lr: 0.000168, Train: 0.9897, Valid: 0.9699, Test: 0.9711
Run: 08, Epoch: 60, Loss: 0.0003, lr: 0.000168, Train: 0.9900, Valid: 0.9700, Test: 0.9712
Run: 08, Epoch: 61, Loss: 0.0003, lr: 0.000168, Train: 0.9904, Valid: 0.9702, Test: 0.9712
Run: 08, Epoch: 62, Loss: 0.0003, lr: 0.000168, Train: 0.9906, Valid: 0.9703, Test: 0.9712
Run: 08, Epoch: 63, Loss: 0.0003, lr: 0.000118, Train: 0.9910, Valid: 0.9706, Test: 0.9713
Run: 08, Epoch: 64, Loss: 0.0003, lr: 0.000118, Train: 0.9913, Valid: 0.9709, Test: 0.9713
Run: 08, Epoch: 65, Loss: 0.0003, lr: 0.000118, Train: 0.9916, Valid: 0.9712, Test: 0.9713
Run: 08, Epoch: 66, Loss: 0.0003, lr: 0.000118, Train: 0.9919, Valid: 0.9715, Test: 0.9713
Run: 08, Epoch: 67, Loss: 0.0003, lr: 0.000118, Train: 0.9921, Valid: 0.9718, Test: 0.9713
Run: 08, Epoch: 68, Loss: 0.0003, lr: 0.000118, Train: 0.9923, Valid: 0.9721, Test: 0.9712
Run: 08, Epoch: 69, Loss: 0.0003, lr: 0.000082, Train: 0.9925, Valid: 0.9724, Test: 0.9712
Run: 08, Epoch: 70, Loss: 0.0003, lr: 0.000082, Train: 0.9927, Valid: 0.9727, Test: 0.9711
Run: 08, Epoch: 71, Loss: 0.0003, lr: 0.000082, Train: 0.9928, Valid: 0.9729, Test: 0.9711
Run: 08, Epoch: 72, Loss: 0.0003, lr: 0.000082, Train: 0.9929, Valid: 0.9732, Test: 0.9710
Run: 08, Epoch: 73, Loss: 0.0003, lr: 0.000082, Train: 0.9930, Valid: 0.9735, Test: 0.9710
Run: 08, Epoch: 74, Loss: 0.0003, lr: 0.000082, Train: 0.9931, Valid: 0.9737, Test: 0.9709
Run: 08, Epoch: 75, Loss: 0.0003, lr: 0.000058, Train: 0.9931, Valid: 0.9738, Test: 0.9708
Run: 08, Epoch: 76, Loss: 0.0003, lr: 0.000058, Train: 0.9932, Valid: 0.9740, Test: 0.9708
Run: 08, Epoch: 77, Loss: 0.0003, lr: 0.000058, Train: 0.9933, Valid: 0.9741, Test: 0.9707
Run: 08, Epoch: 78, Loss: 0.0003, lr: 0.000058, Train: 0.9933, Valid: 0.9742, Test: 0.9707
Run: 08, Epoch: 79, Loss: 0.0003, lr: 0.000058, Train: 0.9934, Valid: 0.9743, Test: 0.9706
Run: 08, Epoch: 80, Loss: 0.0003, lr: 0.000058, Train: 0.9934, Valid: 0.9744, Test: 0.9706
Run: 08, Epoch: 81, Loss: 0.0003, lr: 0.000040, Train: 0.9935, Valid: 0.9745, Test: 0.9705
Run: 08, Epoch: 82, Loss: 0.0003, lr: 0.000040, Train: 0.9935, Valid: 0.9746, Test: 0.9704
Run: 08, Epoch: 83, Loss: 0.0003, lr: 0.000040, Train: 0.9935, Valid: 0.9746, Test: 0.9704
Run: 08, Epoch: 84, Loss: 0.0003, lr: 0.000040, Train: 0.9935, Valid: 0.9747, Test: 0.9703
Run: 08, Epoch: 85, Loss: 0.0003, lr: 0.000040, Train: 0.9936, Valid: 0.9747, Test: 0.9703
Run: 08, Epoch: 86, Loss: 0.0003, lr: 0.000040, Train: 0.9936, Valid: 0.9748, Test: 0.9702
Run: 08, Epoch: 87, Loss: 0.0003, lr: 0.000028, Train: 0.9936, Valid: 0.9748, Test: 0.9702
Run: 08, Epoch: 88, Loss: 0.0003, lr: 0.000028, Train: 0.9936, Valid: 0.9749, Test: 0.9701
Run: 08, Epoch: 89, Loss: 0.0003, lr: 0.000028, Train: 0.9936, Valid: 0.9749, Test: 0.9701
Run: 08, Epoch: 90, Loss: 0.0003, lr: 0.000028, Train: 0.9937, Valid: 0.9749, Test: 0.9701
Run: 08, Epoch: 91, Loss: 0.0003, lr: 0.000028, Train: 0.9937, Valid: 0.9750, Test: 0.9700
Run: 08, Epoch: 92, Loss: 0.0003, lr: 0.000028, Train: 0.9937, Valid: 0.9750, Test: 0.9700
Run: 08, Epoch: 93, Loss: 0.0003, lr: 0.000020, Train: 0.9937, Valid: 0.9750, Test: 0.9700
Run: 08, Epoch: 94, Loss: 0.0003, lr: 0.000020, Train: 0.9937, Valid: 0.9750, Test: 0.9700
Run: 08, Epoch: 95, Loss: 0.0003, lr: 0.000020, Train: 0.9937, Valid: 0.9750, Test: 0.9699
Run: 08, Epoch: 96, Loss: 0.0003, lr: 0.000020, Train: 0.9937, Valid: 0.9751, Test: 0.9699
Run: 08, Epoch: 97, Loss: 0.0003, lr: 0.000020, Train: 0.9937, Valid: 0.9751, Test: 0.9699
Run: 08, Epoch: 98, Loss: 0.0003, lr: 0.000020, Train: 0.9937, Valid: 0.9751, Test: 0.9699
Run: 08, Epoch: 99, Loss: 0.0003, lr: 0.000014, Train: 0.9937, Valid: 0.9751, Test: 0.9699
Run: 08, Epoch: 100, Loss: 0.0003, lr: 0.000014, Train: 0.9937, Valid: 0.9751, Test: 0.9698
Run 08:
Highest Train: 0.99
Highest Valid: 0.98
  Final Train: 0.97
   Final Test: 0.94
Run: 09, Epoch: 01, Loss: 0.0711, lr: 0.001000, Train: 0.5317, Valid: 0.6481, Test: 0.4301
Run: 09, Epoch: 02, Loss: 0.0060, lr: 0.001000, Train: 0.6268, Valid: 0.7457, Test: 0.5590
Run: 09, Epoch: 03, Loss: 0.0111, lr: 0.001000, Train: 0.7083, Valid: 0.8009, Test: 0.6800
Run: 09, Epoch: 04, Loss: 0.0086, lr: 0.001000, Train: 0.7587, Valid: 0.8258, Test: 0.7592
Run: 09, Epoch: 05, Loss: 0.0058, lr: 0.001000, Train: 0.7880, Valid: 0.8458, Test: 0.8028
Run: 09, Epoch: 06, Loss: 0.0038, lr: 0.001000, Train: 0.8104, Valid: 0.8688, Test: 0.8318
Run: 09, Epoch: 07, Loss: 0.0030, lr: 0.001000, Train: 0.8180, Valid: 0.8756, Test: 0.8458
Run: 09, Epoch: 08, Loss: 0.0030, lr: 0.001000, Train: 0.8095, Valid: 0.8621, Test: 0.8431
Run: 09, Epoch: 09, Loss: 0.0028, lr: 0.001000, Train: 0.7756, Valid: 0.8145, Test: 0.8132
Run: 09, Epoch: 10, Loss: 0.0024, lr: 0.001000, Train: 0.7182, Valid: 0.7333, Test: 0.7593
Run: 09, Epoch: 11, Loss: 0.0022, lr: 0.001000, Train: 0.6655, Valid: 0.6535, Test: 0.7100
Run: 09, Epoch: 12, Loss: 0.0022, lr: 0.001000, Train: 0.6516, Valid: 0.6211, Test: 0.6971
Run: 09, Epoch: 13, Loss: 0.0020, lr: 0.001000, Train: 0.6866, Valid: 0.6519, Test: 0.7281
Run: 09, Epoch: 14, Loss: 0.0017, lr: 0.000700, Train: 0.7476, Valid: 0.7179, Test: 0.7803
Run: 09, Epoch: 15, Loss: 0.0015, lr: 0.000700, Train: 0.8132, Valid: 0.7913, Test: 0.8351
Run: 09, Epoch: 16, Loss: 0.0014, lr: 0.000700, Train: 0.8693, Valid: 0.8554, Test: 0.8816
Run: 09, Epoch: 17, Loss: 0.0013, lr: 0.000700, Train: 0.9091, Valid: 0.8994, Test: 0.9132
Run: 09, Epoch: 18, Loss: 0.0013, lr: 0.000700, Train: 0.9328, Valid: 0.9249, Test: 0.9310
Run: 09, Epoch: 19, Loss: 0.0013, lr: 0.000700, Train: 0.9447, Valid: 0.9374, Test: 0.9392
Run: 09, Epoch: 20, Loss: 0.0012, lr: 0.000700, Train: 0.9499, Valid: 0.9430, Test: 0.9419
Run: 09, Epoch: 21, Loss: 0.0012, lr: 0.000700, Train: 0.9521, Valid: 0.9454, Test: 0.9416
Run: 09, Epoch: 22, Loss: 0.0011, lr: 0.000700, Train: 0.9542, Valid: 0.9476, Test: 0.9402
Run: 09, Epoch: 23, Loss: 0.0010, lr: 0.000700, Train: 0.9575, Valid: 0.9511, Test: 0.9391
Run: 09, Epoch: 24, Loss: 0.0010, lr: 0.000700, Train: 0.9622, Valid: 0.9568, Test: 0.9388
Run: 09, Epoch: 25, Loss: 0.0010, lr: 0.000700, Train: 0.9673, Valid: 0.9622, Test: 0.9389
Run: 09, Epoch: 26, Loss: 0.0010, lr: 0.000700, Train: 0.9717, Valid: 0.9663, Test: 0.9387
Run: 09, Epoch: 27, Loss: 0.0009, lr: 0.000700, Train: 0.9750, Valid: 0.9683, Test: 0.9381
Run: 09, Epoch: 28, Loss: 0.0009, lr: 0.000700, Train: 0.9773, Valid: 0.9689, Test: 0.9380
Run: 09, Epoch: 29, Loss: 0.0008, lr: 0.000700, Train: 0.9789, Valid: 0.9691, Test: 0.9389
Run: 09, Epoch: 30, Loss: 0.0007, lr: 0.000700, Train: 0.9798, Valid: 0.9693, Test: 0.9404
Run: 09, Epoch: 31, Loss: 0.0007, lr: 0.000700, Train: 0.9800, Valid: 0.9695, Test: 0.9415
Run: 09, Epoch: 32, Loss: 0.0007, lr: 0.000700, Train: 0.9798, Valid: 0.9695, Test: 0.9414
Run: 09, Epoch: 33, Loss: 0.0007, lr: 0.000700, Train: 0.9795, Valid: 0.9697, Test: 0.9400
Run: 09, Epoch: 34, Loss: 0.0007, lr: 0.000700, Train: 0.9790, Valid: 0.9699, Test: 0.9376
Run: 09, Epoch: 35, Loss: 0.0007, lr: 0.000700, Train: 0.9784, Valid: 0.9693, Test: 0.9350
Run: 09, Epoch: 36, Loss: 0.0006, lr: 0.000700, Train: 0.9774, Valid: 0.9681, Test: 0.9323
Run: 09, Epoch: 37, Loss: 0.0006, lr: 0.000700, Train: 0.9768, Valid: 0.9669, Test: 0.9309
Run: 09, Epoch: 38, Loss: 0.0006, lr: 0.000700, Train: 0.9768, Valid: 0.9662, Test: 0.9313
Run: 09, Epoch: 39, Loss: 0.0006, lr: 0.000700, Train: 0.9770, Valid: 0.9655, Test: 0.9325
Run: 09, Epoch: 40, Loss: 0.0006, lr: 0.000700, Train: 0.9768, Valid: 0.9646, Test: 0.9333
Run: 09, Epoch: 41, Loss: 0.0006, lr: 0.000490, Train: 0.9771, Valid: 0.9642, Test: 0.9339
Run: 09, Epoch: 42, Loss: 0.0006, lr: 0.000490, Train: 0.9772, Valid: 0.9639, Test: 0.9338
Run: 09, Epoch: 43, Loss: 0.0005, lr: 0.000490, Train: 0.9775, Valid: 0.9639, Test: 0.9334
Run: 09, Epoch: 44, Loss: 0.0005, lr: 0.000490, Train: 0.9782, Valid: 0.9644, Test: 0.9331
Run: 09, Epoch: 45, Loss: 0.0005, lr: 0.000490, Train: 0.9793, Valid: 0.9657, Test: 0.9338
Run: 09, Epoch: 46, Loss: 0.0005, lr: 0.000490, Train: 0.9810, Valid: 0.9675, Test: 0.9354
Run: 09, Epoch: 47, Loss: 0.0005, lr: 0.000343, Train: 0.9824, Valid: 0.9686, Test: 0.9374
Run: 09, Epoch: 48, Loss: 0.0005, lr: 0.000343, Train: 0.9836, Valid: 0.9692, Test: 0.9390
Run: 09, Epoch: 49, Loss: 0.0005, lr: 0.000343, Train: 0.9844, Valid: 0.9696, Test: 0.9401
Run: 09, Epoch: 50, Loss: 0.0005, lr: 0.000343, Train: 0.9850, Valid: 0.9698, Test: 0.9405
Run: 09, Epoch: 51, Loss: 0.0005, lr: 0.000343, Train: 0.9854, Valid: 0.9699, Test: 0.9405
Run: 09, Epoch: 52, Loss: 0.0005, lr: 0.000343, Train: 0.9857, Valid: 0.9699, Test: 0.9403
Run: 09, Epoch: 53, Loss: 0.0005, lr: 0.000240, Train: 0.9861, Valid: 0.9700, Test: 0.9406
Run: 09, Epoch: 54, Loss: 0.0005, lr: 0.000240, Train: 0.9865, Valid: 0.9701, Test: 0.9409
Run: 09, Epoch: 55, Loss: 0.0005, lr: 0.000240, Train: 0.9868, Valid: 0.9703, Test: 0.9413
Run: 09, Epoch: 56, Loss: 0.0005, lr: 0.000240, Train: 0.9871, Valid: 0.9704, Test: 0.9419
Run: 09, Epoch: 57, Loss: 0.0004, lr: 0.000240, Train: 0.9874, Valid: 0.9705, Test: 0.9425
Run: 09, Epoch: 58, Loss: 0.0004, lr: 0.000240, Train: 0.9877, Valid: 0.9705, Test: 0.9430
Run: 09, Epoch: 59, Loss: 0.0004, lr: 0.000240, Train: 0.9879, Valid: 0.9706, Test: 0.9435
Run: 09, Epoch: 60, Loss: 0.0004, lr: 0.000240, Train: 0.9881, Valid: 0.9707, Test: 0.9438
Run: 09, Epoch: 61, Loss: 0.0004, lr: 0.000240, Train: 0.9882, Valid: 0.9708, Test: 0.9440
Run: 09, Epoch: 62, Loss: 0.0004, lr: 0.000240, Train: 0.9884, Valid: 0.9709, Test: 0.9440
Run: 09, Epoch: 63, Loss: 0.0004, lr: 0.000240, Train: 0.9885, Valid: 0.9710, Test: 0.9439
Run: 09, Epoch: 64, Loss: 0.0004, lr: 0.000240, Train: 0.9886, Valid: 0.9711, Test: 0.9436
Run: 09, Epoch: 65, Loss: 0.0004, lr: 0.000240, Train: 0.9887, Valid: 0.9711, Test: 0.9434
Run: 09, Epoch: 66, Loss: 0.0004, lr: 0.000240, Train: 0.9888, Valid: 0.9711, Test: 0.9433
Run: 09, Epoch: 67, Loss: 0.0004, lr: 0.000240, Train: 0.9889, Valid: 0.9710, Test: 0.9432
Run: 09, Epoch: 68, Loss: 0.0004, lr: 0.000240, Train: 0.9891, Valid: 0.9709, Test: 0.9433
Run: 09, Epoch: 69, Loss: 0.0004, lr: 0.000240, Train: 0.9892, Valid: 0.9708, Test: 0.9434
Run: 09, Epoch: 70, Loss: 0.0004, lr: 0.000240, Train: 0.9894, Valid: 0.9706, Test: 0.9436
Run: 09, Epoch: 71, Loss: 0.0004, lr: 0.000240, Train: 0.9896, Valid: 0.9706, Test: 0.9437
Run: 09, Epoch: 72, Loss: 0.0004, lr: 0.000168, Train: 0.9898, Valid: 0.9705, Test: 0.9440
Run: 09, Epoch: 73, Loss: 0.0004, lr: 0.000168, Train: 0.9899, Valid: 0.9705, Test: 0.9441
Run: 09, Epoch: 74, Loss: 0.0004, lr: 0.000168, Train: 0.9900, Valid: 0.9706, Test: 0.9443
Run: 09, Epoch: 75, Loss: 0.0004, lr: 0.000168, Train: 0.9901, Valid: 0.9706, Test: 0.9443
Run: 09, Epoch: 76, Loss: 0.0004, lr: 0.000168, Train: 0.9902, Valid: 0.9707, Test: 0.9443
Run: 09, Epoch: 77, Loss: 0.0004, lr: 0.000168, Train: 0.9903, Valid: 0.9708, Test: 0.9443
Run: 09, Epoch: 78, Loss: 0.0004, lr: 0.000118, Train: 0.9904, Valid: 0.9708, Test: 0.9444
Run: 09, Epoch: 79, Loss: 0.0004, lr: 0.000118, Train: 0.9905, Valid: 0.9708, Test: 0.9446
Run: 09, Epoch: 80, Loss: 0.0004, lr: 0.000118, Train: 0.9905, Valid: 0.9708, Test: 0.9448
Run: 09, Epoch: 81, Loss: 0.0004, lr: 0.000118, Train: 0.9906, Valid: 0.9708, Test: 0.9451
Run: 09, Epoch: 82, Loss: 0.0004, lr: 0.000118, Train: 0.9907, Valid: 0.9707, Test: 0.9453
Run: 09, Epoch: 83, Loss: 0.0004, lr: 0.000118, Train: 0.9908, Valid: 0.9706, Test: 0.9456
Run: 09, Epoch: 84, Loss: 0.0004, lr: 0.000082, Train: 0.9909, Valid: 0.9705, Test: 0.9458
Run: 09, Epoch: 85, Loss: 0.0004, lr: 0.000082, Train: 0.9910, Valid: 0.9704, Test: 0.9459
Run: 09, Epoch: 86, Loss: 0.0004, lr: 0.000082, Train: 0.9910, Valid: 0.9703, Test: 0.9461
Run: 09, Epoch: 87, Loss: 0.0004, lr: 0.000082, Train: 0.9911, Valid: 0.9703, Test: 0.9461
Run: 09, Epoch: 88, Loss: 0.0004, lr: 0.000082, Train: 0.9911, Valid: 0.9702, Test: 0.9462
Run: 09, Epoch: 89, Loss: 0.0004, lr: 0.000082, Train: 0.9912, Valid: 0.9701, Test: 0.9462
Run: 09, Epoch: 90, Loss: 0.0004, lr: 0.000058, Train: 0.9912, Valid: 0.9701, Test: 0.9463
Run: 09, Epoch: 91, Loss: 0.0004, lr: 0.000058, Train: 0.9912, Valid: 0.9700, Test: 0.9464
Run: 09, Epoch: 92, Loss: 0.0004, lr: 0.000058, Train: 0.9913, Valid: 0.9700, Test: 0.9464
Run: 09, Epoch: 93, Loss: 0.0004, lr: 0.000058, Train: 0.9913, Valid: 0.9699, Test: 0.9465
Run: 09, Epoch: 94, Loss: 0.0004, lr: 0.000058, Train: 0.9913, Valid: 0.9699, Test: 0.9465
Run: 09, Epoch: 95, Loss: 0.0004, lr: 0.000058, Train: 0.9914, Valid: 0.9698, Test: 0.9465
Run: 09, Epoch: 96, Loss: 0.0004, lr: 0.000040, Train: 0.9914, Valid: 0.9698, Test: 0.9466
Run: 09, Epoch: 97, Loss: 0.0004, lr: 0.000040, Train: 0.9914, Valid: 0.9697, Test: 0.9467
Run: 09, Epoch: 98, Loss: 0.0004, lr: 0.000040, Train: 0.9914, Valid: 0.9697, Test: 0.9467
Run: 09, Epoch: 99, Loss: 0.0004, lr: 0.000040, Train: 0.9915, Valid: 0.9697, Test: 0.9468
Run: 09, Epoch: 100, Loss: 0.0004, lr: 0.000040, Train: 0.9915, Valid: 0.9697, Test: 0.9468
Run 09:
Highest Train: 0.99
Highest Valid: 0.97
  Final Train: 0.99
   Final Test: 0.94
Run: 10, Epoch: 01, Loss: 0.0383, lr: 0.001000, Train: 0.5345, Valid: -0.3921, Test: 0.3162
Run: 10, Epoch: 02, Loss: 0.0131, lr: 0.001000, Train: 0.6098, Valid: 0.0648, Test: 0.4683
Run: 10, Epoch: 03, Loss: 0.0106, lr: 0.001000, Train: 0.6677, Valid: 0.3100, Test: 0.5519
Run: 10, Epoch: 04, Loss: 0.0087, lr: 0.001000, Train: 0.7443, Valid: 0.4581, Test: 0.6283
Run: 10, Epoch: 05, Loss: 0.0068, lr: 0.001000, Train: 0.8060, Valid: 0.5716, Test: 0.6934
Run: 10, Epoch: 06, Loss: 0.0052, lr: 0.001000, Train: 0.8405, Valid: 0.6433, Test: 0.7364
Run: 10, Epoch: 07, Loss: 0.0034, lr: 0.001000, Train: 0.8511, Valid: 0.6497, Test: 0.7577
Run: 10, Epoch: 08, Loss: 0.0022, lr: 0.001000, Train: 0.8320, Valid: 0.5743, Test: 0.7531
Run: 10, Epoch: 09, Loss: 0.0021, lr: 0.001000, Train: 0.7909, Valid: 0.4570, Test: 0.7294
Run: 10, Epoch: 10, Loss: 0.0024, lr: 0.001000, Train: 0.7591, Valid: 0.3925, Test: 0.7089
Run: 10, Epoch: 11, Loss: 0.0023, lr: 0.001000, Train: 0.7543, Valid: 0.4112, Test: 0.7115
Run: 10, Epoch: 12, Loss: 0.0019, lr: 0.001000, Train: 0.7728, Valid: 0.4849, Test: 0.7366
Run: 10, Epoch: 13, Loss: 0.0015, lr: 0.001000, Train: 0.7980, Valid: 0.5709, Test: 0.7690
Run: 10, Epoch: 14, Loss: 0.0014, lr: 0.000700, Train: 0.8134, Valid: 0.6325, Test: 0.7932
Run: 10, Epoch: 15, Loss: 0.0014, lr: 0.000700, Train: 0.8125, Valid: 0.6660, Test: 0.8058
Run: 10, Epoch: 16, Loss: 0.0014, lr: 0.000700, Train: 0.7998, Valid: 0.6817, Test: 0.8101
Run: 10, Epoch: 17, Loss: 0.0013, lr: 0.000700, Train: 0.7913, Valid: 0.7018, Test: 0.8157
Run: 10, Epoch: 18, Loss: 0.0013, lr: 0.000700, Train: 0.8023, Valid: 0.7443, Test: 0.8331
Run: 10, Epoch: 19, Loss: 0.0013, lr: 0.000700, Train: 0.8344, Valid: 0.8049, Test: 0.8627
Run: 10, Epoch: 20, Loss: 0.0012, lr: 0.000700, Train: 0.8784, Valid: 0.8701, Test: 0.8965
Run: 10, Epoch: 21, Loss: 0.0011, lr: 0.000700, Train: 0.9192, Valid: 0.9248, Test: 0.9240
Run: 10, Epoch: 22, Loss: 0.0010, lr: 0.000700, Train: 0.9466, Valid: 0.9577, Test: 0.9401
Run: 10, Epoch: 23, Loss: 0.0010, lr: 0.000700, Train: 0.9601, Valid: 0.9715, Test: 0.9472
Run: 10, Epoch: 24, Loss: 0.0010, lr: 0.000700, Train: 0.9641, Valid: 0.9736, Test: 0.9494
Run: 10, Epoch: 25, Loss: 0.0010, lr: 0.000700, Train: 0.9633, Valid: 0.9713, Test: 0.9497
Run: 10, Epoch: 26, Loss: 0.0009, lr: 0.000700, Train: 0.9620, Valid: 0.9697, Test: 0.9507
Run: 10, Epoch: 27, Loss: 0.0009, lr: 0.000700, Train: 0.9623, Valid: 0.9700, Test: 0.9534
Run: 10, Epoch: 28, Loss: 0.0009, lr: 0.000700, Train: 0.9640, Valid: 0.9708, Test: 0.9572
Run: 10, Epoch: 29, Loss: 0.0008, lr: 0.000700, Train: 0.9662, Valid: 0.9713, Test: 0.9605
Run: 10, Epoch: 30, Loss: 0.0008, lr: 0.000700, Train: 0.9676, Valid: 0.9705, Test: 0.9627
Run: 10, Epoch: 31, Loss: 0.0008, lr: 0.000490, Train: 0.9687, Valid: 0.9694, Test: 0.9636
Run: 10, Epoch: 32, Loss: 0.0008, lr: 0.000490, Train: 0.9695, Valid: 0.9666, Test: 0.9641
Run: 10, Epoch: 33, Loss: 0.0007, lr: 0.000490, Train: 0.9705, Valid: 0.9617, Test: 0.9643
Run: 10, Epoch: 34, Loss: 0.0007, lr: 0.000490, Train: 0.9719, Valid: 0.9551, Test: 0.9642
Run: 10, Epoch: 35, Loss: 0.0007, lr: 0.000490, Train: 0.9737, Valid: 0.9476, Test: 0.9638
Run: 10, Epoch: 36, Loss: 0.0007, lr: 0.000490, Train: 0.9751, Valid: 0.9401, Test: 0.9623
Run: 10, Epoch: 37, Loss: 0.0007, lr: 0.000343, Train: 0.9761, Valid: 0.9374, Test: 0.9608
Run: 10, Epoch: 38, Loss: 0.0007, lr: 0.000343, Train: 0.9768, Valid: 0.9358, Test: 0.9590
Run: 10, Epoch: 39, Loss: 0.0007, lr: 0.000343, Train: 0.9772, Valid: 0.9352, Test: 0.9573
Run: 10, Epoch: 40, Loss: 0.0006, lr: 0.000343, Train: 0.9777, Valid: 0.9357, Test: 0.9560
Run: 10, Epoch: 41, Loss: 0.0006, lr: 0.000343, Train: 0.9782, Valid: 0.9368, Test: 0.9552
Run: 10, Epoch: 42, Loss: 0.0006, lr: 0.000343, Train: 0.9789, Valid: 0.9385, Test: 0.9549
Run: 10, Epoch: 43, Loss: 0.0006, lr: 0.000240, Train: 0.9797, Valid: 0.9416, Test: 0.9550
Run: 10, Epoch: 44, Loss: 0.0006, lr: 0.000240, Train: 0.9804, Valid: 0.9443, Test: 0.9549
Run: 10, Epoch: 45, Loss: 0.0006, lr: 0.000240, Train: 0.9810, Valid: 0.9468, Test: 0.9546
Run: 10, Epoch: 46, Loss: 0.0006, lr: 0.000240, Train: 0.9815, Valid: 0.9492, Test: 0.9542
Run: 10, Epoch: 47, Loss: 0.0006, lr: 0.000240, Train: 0.9819, Valid: 0.9518, Test: 0.9536
Run: 10, Epoch: 48, Loss: 0.0006, lr: 0.000240, Train: 0.9824, Valid: 0.9548, Test: 0.9532
Run: 10, Epoch: 49, Loss: 0.0006, lr: 0.000168, Train: 0.9830, Valid: 0.9584, Test: 0.9532
Run: 10, Epoch: 50, Loss: 0.0006, lr: 0.000168, Train: 0.9837, Valid: 0.9622, Test: 0.9535
Run: 10, Epoch: 51, Loss: 0.0006, lr: 0.000168, Train: 0.9844, Valid: 0.9661, Test: 0.9539
Run: 10, Epoch: 52, Loss: 0.0006, lr: 0.000168, Train: 0.9851, Valid: 0.9699, Test: 0.9546
Run: 10, Epoch: 53, Loss: 0.0006, lr: 0.000168, Train: 0.9857, Valid: 0.9734, Test: 0.9554
Run: 10, Epoch: 54, Loss: 0.0006, lr: 0.000168, Train: 0.9862, Valid: 0.9765, Test: 0.9562
Run: 10, Epoch: 55, Loss: 0.0005, lr: 0.000168, Train: 0.9866, Valid: 0.9789, Test: 0.9569
Run: 10, Epoch: 56, Loss: 0.0005, lr: 0.000168, Train: 0.9868, Valid: 0.9808, Test: 0.9575
Run: 10, Epoch: 57, Loss: 0.0005, lr: 0.000168, Train: 0.9869, Valid: 0.9820, Test: 0.9579
Run: 10, Epoch: 58, Loss: 0.0005, lr: 0.000168, Train: 0.9870, Valid: 0.9828, Test: 0.9581
Run: 10, Epoch: 59, Loss: 0.0005, lr: 0.000168, Train: 0.9871, Valid: 0.9831, Test: 0.9582
Run: 10, Epoch: 60, Loss: 0.0005, lr: 0.000168, Train: 0.9872, Valid: 0.9831, Test: 0.9581
Run: 10, Epoch: 61, Loss: 0.0005, lr: 0.000168, Train: 0.9873, Valid: 0.9828, Test: 0.9579
Run: 10, Epoch: 62, Loss: 0.0005, lr: 0.000168, Train: 0.9873, Valid: 0.9822, Test: 0.9576
Run: 10, Epoch: 63, Loss: 0.0005, lr: 0.000168, Train: 0.9874, Valid: 0.9816, Test: 0.9572
Run: 10, Epoch: 64, Loss: 0.0005, lr: 0.000168, Train: 0.9874, Valid: 0.9809, Test: 0.9568
Run: 10, Epoch: 65, Loss: 0.0005, lr: 0.000168, Train: 0.9874, Valid: 0.9802, Test: 0.9565
Run: 10, Epoch: 66, Loss: 0.0005, lr: 0.000118, Train: 0.9875, Valid: 0.9799, Test: 0.9563
Run: 10, Epoch: 67, Loss: 0.0005, lr: 0.000118, Train: 0.9875, Valid: 0.9796, Test: 0.9562
Run: 10, Epoch: 68, Loss: 0.0005, lr: 0.000118, Train: 0.9875, Valid: 0.9793, Test: 0.9562
Run: 10, Epoch: 69, Loss: 0.0005, lr: 0.000118, Train: 0.9876, Valid: 0.9792, Test: 0.9561
Run: 10, Epoch: 70, Loss: 0.0005, lr: 0.000118, Train: 0.9877, Valid: 0.9791, Test: 0.9561
Run: 10, Epoch: 71, Loss: 0.0005, lr: 0.000118, Train: 0.9877, Valid: 0.9791, Test: 0.9561
Run: 10, Epoch: 72, Loss: 0.0005, lr: 0.000082, Train: 0.9878, Valid: 0.9792, Test: 0.9562
Run: 10, Epoch: 73, Loss: 0.0005, lr: 0.000082, Train: 0.9879, Valid: 0.9794, Test: 0.9562
Run: 10, Epoch: 74, Loss: 0.0005, lr: 0.000082, Train: 0.9880, Valid: 0.9795, Test: 0.9562
Run: 10, Epoch: 75, Loss: 0.0005, lr: 0.000082, Train: 0.9880, Valid: 0.9795, Test: 0.9562
Run: 10, Epoch: 76, Loss: 0.0005, lr: 0.000082, Train: 0.9881, Valid: 0.9796, Test: 0.9563
Run: 10, Epoch: 77, Loss: 0.0005, lr: 0.000082, Train: 0.9881, Valid: 0.9797, Test: 0.9563
Run: 10, Epoch: 78, Loss: 0.0005, lr: 0.000058, Train: 0.9882, Valid: 0.9798, Test: 0.9563
Run: 10, Epoch: 79, Loss: 0.0005, lr: 0.000058, Train: 0.9882, Valid: 0.9798, Test: 0.9563
Run: 10, Epoch: 80, Loss: 0.0005, lr: 0.000058, Train: 0.9883, Valid: 0.9799, Test: 0.9564
Run: 10, Epoch: 81, Loss: 0.0005, lr: 0.000058, Train: 0.9883, Valid: 0.9799, Test: 0.9564
Run: 10, Epoch: 82, Loss: 0.0005, lr: 0.000058, Train: 0.9883, Valid: 0.9800, Test: 0.9564
Run: 10, Epoch: 83, Loss: 0.0005, lr: 0.000058, Train: 0.9884, Valid: 0.9800, Test: 0.9564
Run: 10, Epoch: 84, Loss: 0.0005, lr: 0.000040, Train: 0.9884, Valid: 0.9801, Test: 0.9565
Run: 10, Epoch: 85, Loss: 0.0005, lr: 0.000040, Train: 0.9884, Valid: 0.9802, Test: 0.9565
Run: 10, Epoch: 86, Loss: 0.0005, lr: 0.000040, Train: 0.9885, Valid: 0.9803, Test: 0.9566
Run: 10, Epoch: 87, Loss: 0.0005, lr: 0.000040, Train: 0.9885, Valid: 0.9804, Test: 0.9566
Run: 10, Epoch: 88, Loss: 0.0005, lr: 0.000040, Train: 0.9885, Valid: 0.9804, Test: 0.9566
Run: 10, Epoch: 89, Loss: 0.0005, lr: 0.000040, Train: 0.9885, Valid: 0.9805, Test: 0.9567
Run: 10, Epoch: 90, Loss: 0.0005, lr: 0.000028, Train: 0.9886, Valid: 0.9805, Test: 0.9567
Run: 10, Epoch: 91, Loss: 0.0005, lr: 0.000028, Train: 0.9886, Valid: 0.9806, Test: 0.9568
Run: 10, Epoch: 92, Loss: 0.0005, lr: 0.000028, Train: 0.9886, Valid: 0.9807, Test: 0.9568
Run: 10, Epoch: 93, Loss: 0.0005, lr: 0.000028, Train: 0.9886, Valid: 0.9807, Test: 0.9568
Run: 10, Epoch: 94, Loss: 0.0005, lr: 0.000028, Train: 0.9886, Valid: 0.9808, Test: 0.9569
Run: 10, Epoch: 95, Loss: 0.0005, lr: 0.000028, Train: 0.9887, Valid: 0.9808, Test: 0.9569
Run: 10, Epoch: 96, Loss: 0.0005, lr: 0.000020, Train: 0.9887, Valid: 0.9809, Test: 0.9569
Run: 10, Epoch: 97, Loss: 0.0005, lr: 0.000020, Train: 0.9887, Valid: 0.9809, Test: 0.9569
Run: 10, Epoch: 98, Loss: 0.0005, lr: 0.000020, Train: 0.9887, Valid: 0.9810, Test: 0.9570
Run: 10, Epoch: 99, Loss: 0.0005, lr: 0.000020, Train: 0.9887, Valid: 0.9810, Test: 0.9570
Run: 10, Epoch: 100, Loss: 0.0005, lr: 0.000020, Train: 0.9887, Valid: 0.9810, Test: 0.9570
Run 10:
Highest Train: 0.99
Highest Valid: 0.98
  Final Train: 0.99
   Final Test: 0.96
All runs:
Highest Train: 0.99  0.00
Highest Valid: 0.97  0.01
  Final Train: 0.98  0.01
   Final Test: 0.95  0.01
