Namespace(conv_layers=3, device=0, dropout=0.0, epochs=100, hidden_dim=256, log_steps=1, lr=0.001, method='sage', mlp_layers=2, runs=10, subset='chemistry')
Run: 01, Epoch: 01, Loss: 0.0442, lr: 0.001000, Train: 0.5847, Valid: 0.4575, Test: 0.5838
Run: 01, Epoch: 02, Loss: 0.0077, lr: 0.001000, Train: 0.6708, Valid: 0.5438, Test: 0.6555
Run: 01, Epoch: 03, Loss: 0.0073, lr: 0.001000, Train: 0.7223, Valid: 0.5853, Test: 0.6987
Run: 01, Epoch: 04, Loss: 0.0074, lr: 0.001000, Train: 0.7363, Valid: 0.5894, Test: 0.7191
Run: 01, Epoch: 05, Loss: 0.0070, lr: 0.001000, Train: 0.7482, Valid: 0.6239, Test: 0.7283
Run: 01, Epoch: 06, Loss: 0.0055, lr: 0.001000, Train: 0.7825, Valid: 0.6990, Test: 0.7453
Run: 01, Epoch: 07, Loss: 0.0036, lr: 0.001000, Train: 0.8028, Valid: 0.7482, Test: 0.7461
Run: 01, Epoch: 08, Loss: 0.0030, lr: 0.001000, Train: 0.7897, Valid: 0.7491, Test: 0.7235
Run: 01, Epoch: 09, Loss: 0.0031, lr: 0.001000, Train: 0.7519, Valid: 0.7207, Test: 0.6841
Run: 01, Epoch: 10, Loss: 0.0027, lr: 0.001000, Train: 0.6828, Valid: 0.6472, Test: 0.6179
Run: 01, Epoch: 11, Loss: 0.0024, lr: 0.001000, Train: 0.5970, Valid: 0.5351, Test: 0.5327
Run: 01, Epoch: 12, Loss: 0.0022, lr: 0.001000, Train: 0.5271, Valid: 0.4459, Test: 0.4564
Run: 01, Epoch: 13, Loss: 0.0018, lr: 0.001000, Train: 0.4931, Valid: 0.4212, Test: 0.4163
Run: 01, Epoch: 14, Loss: 0.0016, lr: 0.001000, Train: 0.5048, Valid: 0.4680, Test: 0.4260
Run: 01, Epoch: 15, Loss: 0.0016, lr: 0.000700, Train: 0.5671, Valid: 0.5656, Test: 0.4925
Run: 01, Epoch: 16, Loss: 0.0015, lr: 0.000700, Train: 0.6486, Valid: 0.6822, Test: 0.5811
Run: 01, Epoch: 17, Loss: 0.0013, lr: 0.000700, Train: 0.7398, Valid: 0.7967, Test: 0.6811
Run: 01, Epoch: 18, Loss: 0.0012, lr: 0.000700, Train: 0.8269, Valid: 0.8865, Test: 0.7771
Run: 01, Epoch: 19, Loss: 0.0011, lr: 0.000700, Train: 0.8968, Valid: 0.9374, Test: 0.8534
Run: 01, Epoch: 20, Loss: 0.0011, lr: 0.000700, Train: 0.9400, Valid: 0.9481, Test: 0.9002
Run: 01, Epoch: 21, Loss: 0.0010, lr: 0.000700, Train: 0.9567, Valid: 0.9327, Test: 0.9182
Run: 01, Epoch: 22, Loss: 0.0010, lr: 0.000700, Train: 0.9594, Valid: 0.9144, Test: 0.9204
Run: 01, Epoch: 23, Loss: 0.0010, lr: 0.000700, Train: 0.9608, Valid: 0.9111, Test: 0.9210
Run: 01, Epoch: 24, Loss: 0.0010, lr: 0.000700, Train: 0.9608, Valid: 0.9235, Test: 0.9215
Run: 01, Epoch: 25, Loss: 0.0009, lr: 0.000700, Train: 0.9562, Valid: 0.9411, Test: 0.9186
Run: 01, Epoch: 26, Loss: 0.0008, lr: 0.000700, Train: 0.9508, Valid: 0.9542, Test: 0.9160
Run: 01, Epoch: 27, Loss: 0.0008, lr: 0.000700, Train: 0.9515, Valid: 0.9601, Test: 0.9189
Run: 01, Epoch: 28, Loss: 0.0007, lr: 0.000700, Train: 0.9587, Valid: 0.9606, Test: 0.9270
Run: 01, Epoch: 29, Loss: 0.0007, lr: 0.000700, Train: 0.9670, Valid: 0.9588, Test: 0.9351
Run: 01, Epoch: 30, Loss: 0.0007, lr: 0.000700, Train: 0.9724, Valid: 0.9572, Test: 0.9393
Run: 01, Epoch: 31, Loss: 0.0007, lr: 0.000700, Train: 0.9747, Valid: 0.9575, Test: 0.9402
Run: 01, Epoch: 32, Loss: 0.0006, lr: 0.000700, Train: 0.9752, Valid: 0.9595, Test: 0.9390
Run: 01, Epoch: 33, Loss: 0.0006, lr: 0.000700, Train: 0.9757, Valid: 0.9618, Test: 0.9382
Run: 01, Epoch: 34, Loss: 0.0005, lr: 0.000700, Train: 0.9783, Valid: 0.9615, Test: 0.9401
Run: 01, Epoch: 35, Loss: 0.0005, lr: 0.000700, Train: 0.9827, Valid: 0.9571, Test: 0.9440
Run: 01, Epoch: 36, Loss: 0.0005, lr: 0.000700, Train: 0.9859, Valid: 0.9497, Test: 0.9469
Run: 01, Epoch: 37, Loss: 0.0005, lr: 0.000700, Train: 0.9868, Valid: 0.9440, Test: 0.9477
Run: 01, Epoch: 38, Loss: 0.0005, lr: 0.000700, Train: 0.9871, Valid: 0.9444, Test: 0.9482
Run: 01, Epoch: 39, Loss: 0.0005, lr: 0.000700, Train: 0.9868, Valid: 0.9493, Test: 0.9478
Run: 01, Epoch: 40, Loss: 0.0004, lr: 0.000490, Train: 0.9854, Valid: 0.9523, Test: 0.9459
Run: 01, Epoch: 41, Loss: 0.0004, lr: 0.000490, Train: 0.9833, Valid: 0.9536, Test: 0.9428
Run: 01, Epoch: 42, Loss: 0.0004, lr: 0.000490, Train: 0.9820, Valid: 0.9530, Test: 0.9401
Run: 01, Epoch: 43, Loss: 0.0004, lr: 0.000490, Train: 0.9824, Valid: 0.9513, Test: 0.9388
Run: 01, Epoch: 44, Loss: 0.0004, lr: 0.000490, Train: 0.9837, Valid: 0.9492, Test: 0.9386
Run: 01, Epoch: 45, Loss: 0.0004, lr: 0.000490, Train: 0.9849, Valid: 0.9477, Test: 0.9384
Run: 01, Epoch: 46, Loss: 0.0003, lr: 0.000343, Train: 0.9858, Valid: 0.9476, Test: 0.9385
Run: 01, Epoch: 47, Loss: 0.0003, lr: 0.000343, Train: 0.9867, Valid: 0.9485, Test: 0.9387
Run: 01, Epoch: 48, Loss: 0.0003, lr: 0.000343, Train: 0.9875, Valid: 0.9502, Test: 0.9390
Run: 01, Epoch: 49, Loss: 0.0003, lr: 0.000343, Train: 0.9881, Valid: 0.9523, Test: 0.9391
Run: 01, Epoch: 50, Loss: 0.0003, lr: 0.000343, Train: 0.9884, Valid: 0.9540, Test: 0.9389
Run: 01, Epoch: 51, Loss: 0.0003, lr: 0.000343, Train: 0.9885, Valid: 0.9552, Test: 0.9386
Run: 01, Epoch: 52, Loss: 0.0003, lr: 0.000240, Train: 0.9888, Valid: 0.9555, Test: 0.9386
Run: 01, Epoch: 53, Loss: 0.0003, lr: 0.000240, Train: 0.9891, Valid: 0.9554, Test: 0.9388
Run: 01, Epoch: 54, Loss: 0.0003, lr: 0.000240, Train: 0.9895, Valid: 0.9552, Test: 0.9391
Run: 01, Epoch: 55, Loss: 0.0003, lr: 0.000240, Train: 0.9898, Valid: 0.9549, Test: 0.9395
Run: 01, Epoch: 56, Loss: 0.0003, lr: 0.000240, Train: 0.9902, Valid: 0.9548, Test: 0.9400
Run: 01, Epoch: 57, Loss: 0.0003, lr: 0.000240, Train: 0.9905, Valid: 0.9551, Test: 0.9405
Run: 01, Epoch: 58, Loss: 0.0003, lr: 0.000168, Train: 0.9908, Valid: 0.9555, Test: 0.9409
Run: 01, Epoch: 59, Loss: 0.0003, lr: 0.000168, Train: 0.9912, Valid: 0.9560, Test: 0.9411
Run: 01, Epoch: 60, Loss: 0.0003, lr: 0.000168, Train: 0.9915, Valid: 0.9565, Test: 0.9412
Run: 01, Epoch: 61, Loss: 0.0003, lr: 0.000168, Train: 0.9918, Valid: 0.9570, Test: 0.9413
Run: 01, Epoch: 62, Loss: 0.0003, lr: 0.000168, Train: 0.9921, Valid: 0.9572, Test: 0.9413
Run: 01, Epoch: 63, Loss: 0.0003, lr: 0.000168, Train: 0.9924, Valid: 0.9571, Test: 0.9412
Run: 01, Epoch: 64, Loss: 0.0002, lr: 0.000118, Train: 0.9926, Valid: 0.9569, Test: 0.9412
Run: 01, Epoch: 65, Loss: 0.0002, lr: 0.000118, Train: 0.9929, Valid: 0.9565, Test: 0.9412
Run: 01, Epoch: 66, Loss: 0.0002, lr: 0.000118, Train: 0.9930, Valid: 0.9561, Test: 0.9411
Run: 01, Epoch: 67, Loss: 0.0002, lr: 0.000118, Train: 0.9932, Valid: 0.9557, Test: 0.9411
Run: 01, Epoch: 68, Loss: 0.0002, lr: 0.000118, Train: 0.9933, Valid: 0.9554, Test: 0.9410
Run: 01, Epoch: 69, Loss: 0.0002, lr: 0.000118, Train: 0.9934, Valid: 0.9552, Test: 0.9409
Run: 01, Epoch: 70, Loss: 0.0002, lr: 0.000082, Train: 0.9935, Valid: 0.9552, Test: 0.9409
Run: 01, Epoch: 71, Loss: 0.0002, lr: 0.000082, Train: 0.9936, Valid: 0.9552, Test: 0.9408
Run: 01, Epoch: 72, Loss: 0.0002, lr: 0.000082, Train: 0.9937, Valid: 0.9553, Test: 0.9408
Run: 01, Epoch: 73, Loss: 0.0002, lr: 0.000082, Train: 0.9938, Valid: 0.9555, Test: 0.9408
Run: 01, Epoch: 74, Loss: 0.0002, lr: 0.000082, Train: 0.9938, Valid: 0.9556, Test: 0.9407
Run: 01, Epoch: 75, Loss: 0.0002, lr: 0.000082, Train: 0.9939, Valid: 0.9557, Test: 0.9407
Run: 01, Epoch: 76, Loss: 0.0002, lr: 0.000058, Train: 0.9939, Valid: 0.9558, Test: 0.9406
Run: 01, Epoch: 77, Loss: 0.0002, lr: 0.000058, Train: 0.9940, Valid: 0.9558, Test: 0.9406
Run: 01, Epoch: 78, Loss: 0.0002, lr: 0.000058, Train: 0.9940, Valid: 0.9558, Test: 0.9406
Run: 01, Epoch: 79, Loss: 0.0002, lr: 0.000058, Train: 0.9940, Valid: 0.9557, Test: 0.9405
Run: 01, Epoch: 80, Loss: 0.0002, lr: 0.000058, Train: 0.9941, Valid: 0.9557, Test: 0.9405
Run: 01, Epoch: 81, Loss: 0.0002, lr: 0.000058, Train: 0.9941, Valid: 0.9556, Test: 0.9404
Run: 01, Epoch: 82, Loss: 0.0002, lr: 0.000040, Train: 0.9942, Valid: 0.9555, Test: 0.9404
Run: 01, Epoch: 83, Loss: 0.0002, lr: 0.000040, Train: 0.9942, Valid: 0.9554, Test: 0.9403
Run: 01, Epoch: 84, Loss: 0.0002, lr: 0.000040, Train: 0.9942, Valid: 0.9552, Test: 0.9403
Run: 01, Epoch: 85, Loss: 0.0002, lr: 0.000040, Train: 0.9943, Valid: 0.9551, Test: 0.9403
Run: 01, Epoch: 86, Loss: 0.0002, lr: 0.000040, Train: 0.9943, Valid: 0.9551, Test: 0.9402
Run: 01, Epoch: 87, Loss: 0.0002, lr: 0.000040, Train: 0.9943, Valid: 0.9550, Test: 0.9402
Run: 01, Epoch: 88, Loss: 0.0002, lr: 0.000028, Train: 0.9943, Valid: 0.9549, Test: 0.9402
Run: 01, Epoch: 89, Loss: 0.0002, lr: 0.000028, Train: 0.9944, Valid: 0.9549, Test: 0.9401
Run: 01, Epoch: 90, Loss: 0.0002, lr: 0.000028, Train: 0.9944, Valid: 0.9549, Test: 0.9401
Run: 01, Epoch: 91, Loss: 0.0002, lr: 0.000028, Train: 0.9944, Valid: 0.9549, Test: 0.9400
Run: 01, Epoch: 92, Loss: 0.0002, lr: 0.000028, Train: 0.9944, Valid: 0.9549, Test: 0.9400
Run: 01, Epoch: 93, Loss: 0.0002, lr: 0.000028, Train: 0.9945, Valid: 0.9549, Test: 0.9400
Run: 01, Epoch: 94, Loss: 0.0002, lr: 0.000020, Train: 0.9945, Valid: 0.9549, Test: 0.9399
Run: 01, Epoch: 95, Loss: 0.0002, lr: 0.000020, Train: 0.9945, Valid: 0.9548, Test: 0.9399
Run: 01, Epoch: 96, Loss: 0.0002, lr: 0.000020, Train: 0.9945, Valid: 0.9548, Test: 0.9399
Run: 01, Epoch: 97, Loss: 0.0002, lr: 0.000020, Train: 0.9945, Valid: 0.9548, Test: 0.9398
Run: 01, Epoch: 98, Loss: 0.0002, lr: 0.000020, Train: 0.9945, Valid: 0.9548, Test: 0.9398
Run: 01, Epoch: 99, Loss: 0.0002, lr: 0.000020, Train: 0.9946, Valid: 0.9548, Test: 0.9398
Run: 01, Epoch: 100, Loss: 0.0002, lr: 0.000014, Train: 0.9946, Valid: 0.9548, Test: 0.9398
Run 01:
Highest Train: 0.99
Highest Valid: 0.96
  Final Train: 0.98
   Final Test: 0.94
Run: 02, Epoch: 01, Loss: 0.0626, lr: 0.001000, Train: 0.3220, Valid: 0.3556, Test: 0.4430
Run: 02, Epoch: 02, Loss: 0.0054, lr: 0.001000, Train: 0.4006, Valid: 0.5005, Test: 0.5382
Run: 02, Epoch: 03, Loss: 0.0078, lr: 0.001000, Train: 0.3752, Valid: 0.4362, Test: 0.5242
Run: 02, Epoch: 04, Loss: 0.0061, lr: 0.001000, Train: 0.3682, Valid: 0.4034, Test: 0.5178
Run: 02, Epoch: 05, Loss: 0.0056, lr: 0.001000, Train: 0.4393, Valid: 0.4936, Test: 0.5677
Run: 02, Epoch: 06, Loss: 0.0031, lr: 0.001000, Train: 0.5295, Valid: 0.6166, Test: 0.6326
Run: 02, Epoch: 07, Loss: 0.0024, lr: 0.001000, Train: 0.5597, Valid: 0.6581, Test: 0.6601
Run: 02, Epoch: 08, Loss: 0.0023, lr: 0.001000, Train: 0.5396, Valid: 0.6324, Test: 0.6536
Run: 02, Epoch: 09, Loss: 0.0019, lr: 0.001000, Train: 0.5033, Valid: 0.5987, Test: 0.6302
Run: 02, Epoch: 10, Loss: 0.0020, lr: 0.001000, Train: 0.4821, Valid: 0.6046, Test: 0.6079
Run: 02, Epoch: 11, Loss: 0.0017, lr: 0.001000, Train: 0.4932, Valid: 0.6473, Test: 0.6012
Run: 02, Epoch: 12, Loss: 0.0014, lr: 0.001000, Train: 0.5502, Valid: 0.7133, Test: 0.6309
Run: 02, Epoch: 13, Loss: 0.0013, lr: 0.001000, Train: 0.6561, Valid: 0.7903, Test: 0.7039
Run: 02, Epoch: 14, Loss: 0.0014, lr: 0.001000, Train: 0.7797, Valid: 0.8654, Test: 0.7999
Run: 02, Epoch: 15, Loss: 0.0013, lr: 0.001000, Train: 0.8804, Valid: 0.9211, Test: 0.8841
Run: 02, Epoch: 16, Loss: 0.0011, lr: 0.001000, Train: 0.9379, Valid: 0.9500, Test: 0.9307
Run: 02, Epoch: 17, Loss: 0.0010, lr: 0.001000, Train: 0.9622, Valid: 0.9610, Test: 0.9429
Run: 02, Epoch: 18, Loss: 0.0009, lr: 0.001000, Train: 0.9702, Valid: 0.9638, Test: 0.9365
Run: 02, Epoch: 19, Loss: 0.0008, lr: 0.001000, Train: 0.9703, Valid: 0.9620, Test: 0.9255
Run: 02, Epoch: 20, Loss: 0.0009, lr: 0.001000, Train: 0.9693, Valid: 0.9589, Test: 0.9204
Run: 02, Epoch: 21, Loss: 0.0009, lr: 0.001000, Train: 0.9715, Valid: 0.9573, Test: 0.9234
Run: 02, Epoch: 22, Loss: 0.0008, lr: 0.001000, Train: 0.9736, Valid: 0.9551, Test: 0.9278
Run: 02, Epoch: 23, Loss: 0.0006, lr: 0.001000, Train: 0.9713, Valid: 0.9498, Test: 0.9269
Run: 02, Epoch: 24, Loss: 0.0006, lr: 0.001000, Train: 0.9658, Valid: 0.9431, Test: 0.9201
Run: 02, Epoch: 25, Loss: 0.0006, lr: 0.000700, Train: 0.9631, Valid: 0.9397, Test: 0.9149
Run: 02, Epoch: 26, Loss: 0.0006, lr: 0.000700, Train: 0.9612, Valid: 0.9371, Test: 0.9104
Run: 02, Epoch: 27, Loss: 0.0005, lr: 0.000700, Train: 0.9617, Valid: 0.9358, Test: 0.9081
Run: 02, Epoch: 28, Loss: 0.0005, lr: 0.000700, Train: 0.9658, Valid: 0.9365, Test: 0.9080
Run: 02, Epoch: 29, Loss: 0.0005, lr: 0.000700, Train: 0.9713, Valid: 0.9382, Test: 0.9071
Run: 02, Epoch: 30, Loss: 0.0004, lr: 0.000700, Train: 0.9736, Valid: 0.9379, Test: 0.9009
Run: 02, Epoch: 31, Loss: 0.0004, lr: 0.000490, Train: 0.9729, Valid: 0.9366, Test: 0.8952
Run: 02, Epoch: 32, Loss: 0.0004, lr: 0.000490, Train: 0.9712, Valid: 0.9341, Test: 0.8900
Run: 02, Epoch: 33, Loss: 0.0004, lr: 0.000490, Train: 0.9704, Valid: 0.9321, Test: 0.8877
Run: 02, Epoch: 34, Loss: 0.0004, lr: 0.000490, Train: 0.9717, Valid: 0.9319, Test: 0.8899
Run: 02, Epoch: 35, Loss: 0.0004, lr: 0.000490, Train: 0.9748, Valid: 0.9338, Test: 0.8966
Run: 02, Epoch: 36, Loss: 0.0004, lr: 0.000490, Train: 0.9784, Valid: 0.9373, Test: 0.9059
Run: 02, Epoch: 37, Loss: 0.0003, lr: 0.000343, Train: 0.9812, Valid: 0.9410, Test: 0.9134
Run: 02, Epoch: 38, Loss: 0.0003, lr: 0.000343, Train: 0.9833, Valid: 0.9447, Test: 0.9199
Run: 02, Epoch: 39, Loss: 0.0003, lr: 0.000343, Train: 0.9846, Valid: 0.9477, Test: 0.9247
Run: 02, Epoch: 40, Loss: 0.0003, lr: 0.000343, Train: 0.9853, Valid: 0.9495, Test: 0.9275
Run: 02, Epoch: 41, Loss: 0.0003, lr: 0.000343, Train: 0.9856, Valid: 0.9501, Test: 0.9285
Run: 02, Epoch: 42, Loss: 0.0003, lr: 0.000343, Train: 0.9856, Valid: 0.9493, Test: 0.9278
Run: 02, Epoch: 43, Loss: 0.0003, lr: 0.000240, Train: 0.9858, Valid: 0.9482, Test: 0.9264
Run: 02, Epoch: 44, Loss: 0.0003, lr: 0.000240, Train: 0.9857, Valid: 0.9464, Test: 0.9242
Run: 02, Epoch: 45, Loss: 0.0003, lr: 0.000240, Train: 0.9853, Valid: 0.9443, Test: 0.9215
Run: 02, Epoch: 46, Loss: 0.0003, lr: 0.000240, Train: 0.9849, Valid: 0.9424, Test: 0.9189
Run: 02, Epoch: 47, Loss: 0.0003, lr: 0.000240, Train: 0.9846, Valid: 0.9410, Test: 0.9170
Run: 02, Epoch: 48, Loss: 0.0003, lr: 0.000240, Train: 0.9847, Valid: 0.9407, Test: 0.9163
Run: 02, Epoch: 49, Loss: 0.0003, lr: 0.000168, Train: 0.9855, Valid: 0.9417, Test: 0.9174
Run: 02, Epoch: 50, Loss: 0.0003, lr: 0.000168, Train: 0.9866, Valid: 0.9433, Test: 0.9193
Run: 02, Epoch: 51, Loss: 0.0003, lr: 0.000168, Train: 0.9877, Valid: 0.9453, Test: 0.9217
Run: 02, Epoch: 52, Loss: 0.0003, lr: 0.000168, Train: 0.9887, Valid: 0.9473, Test: 0.9244
Run: 02, Epoch: 53, Loss: 0.0002, lr: 0.000168, Train: 0.9894, Valid: 0.9491, Test: 0.9270
Run: 02, Epoch: 54, Loss: 0.0002, lr: 0.000168, Train: 0.9899, Valid: 0.9506, Test: 0.9292
Run: 02, Epoch: 55, Loss: 0.0002, lr: 0.000118, Train: 0.9903, Valid: 0.9515, Test: 0.9306
Run: 02, Epoch: 56, Loss: 0.0002, lr: 0.000118, Train: 0.9906, Valid: 0.9521, Test: 0.9317
Run: 02, Epoch: 57, Loss: 0.0002, lr: 0.000118, Train: 0.9908, Valid: 0.9525, Test: 0.9324
Run: 02, Epoch: 58, Loss: 0.0002, lr: 0.000118, Train: 0.9910, Valid: 0.9527, Test: 0.9329
Run: 02, Epoch: 59, Loss: 0.0002, lr: 0.000118, Train: 0.9912, Valid: 0.9527, Test: 0.9331
Run: 02, Epoch: 60, Loss: 0.0002, lr: 0.000118, Train: 0.9913, Valid: 0.9526, Test: 0.9331
Run: 02, Epoch: 61, Loss: 0.0002, lr: 0.000082, Train: 0.9916, Valid: 0.9525, Test: 0.9330
Run: 02, Epoch: 62, Loss: 0.0002, lr: 0.000082, Train: 0.9919, Valid: 0.9524, Test: 0.9328
Run: 02, Epoch: 63, Loss: 0.0002, lr: 0.000082, Train: 0.9921, Valid: 0.9523, Test: 0.9326
Run: 02, Epoch: 64, Loss: 0.0002, lr: 0.000082, Train: 0.9923, Valid: 0.9522, Test: 0.9324
Run: 02, Epoch: 65, Loss: 0.0002, lr: 0.000082, Train: 0.9925, Valid: 0.9521, Test: 0.9322
Run: 02, Epoch: 66, Loss: 0.0002, lr: 0.000082, Train: 0.9927, Valid: 0.9520, Test: 0.9321
Run: 02, Epoch: 67, Loss: 0.0002, lr: 0.000058, Train: 0.9929, Valid: 0.9520, Test: 0.9319
Run: 02, Epoch: 68, Loss: 0.0002, lr: 0.000058, Train: 0.9931, Valid: 0.9519, Test: 0.9318
Run: 02, Epoch: 69, Loss: 0.0002, lr: 0.000058, Train: 0.9932, Valid: 0.9519, Test: 0.9317
Run: 02, Epoch: 70, Loss: 0.0002, lr: 0.000058, Train: 0.9933, Valid: 0.9520, Test: 0.9316
Run: 02, Epoch: 71, Loss: 0.0002, lr: 0.000058, Train: 0.9934, Valid: 0.9520, Test: 0.9316
Run: 02, Epoch: 72, Loss: 0.0002, lr: 0.000058, Train: 0.9935, Valid: 0.9520, Test: 0.9315
Run: 02, Epoch: 73, Loss: 0.0002, lr: 0.000040, Train: 0.9936, Valid: 0.9520, Test: 0.9314
Run: 02, Epoch: 74, Loss: 0.0002, lr: 0.000040, Train: 0.9937, Valid: 0.9520, Test: 0.9314
Run: 02, Epoch: 75, Loss: 0.0002, lr: 0.000040, Train: 0.9937, Valid: 0.9520, Test: 0.9313
Run: 02, Epoch: 76, Loss: 0.0002, lr: 0.000040, Train: 0.9938, Valid: 0.9520, Test: 0.9312
Run: 02, Epoch: 77, Loss: 0.0002, lr: 0.000040, Train: 0.9938, Valid: 0.9520, Test: 0.9311
Run: 02, Epoch: 78, Loss: 0.0002, lr: 0.000040, Train: 0.9939, Valid: 0.9519, Test: 0.9311
Run: 02, Epoch: 79, Loss: 0.0002, lr: 0.000028, Train: 0.9939, Valid: 0.9519, Test: 0.9310
Run: 02, Epoch: 80, Loss: 0.0002, lr: 0.000028, Train: 0.9939, Valid: 0.9519, Test: 0.9309
Run: 02, Epoch: 81, Loss: 0.0002, lr: 0.000028, Train: 0.9940, Valid: 0.9519, Test: 0.9309
Run: 02, Epoch: 82, Loss: 0.0002, lr: 0.000028, Train: 0.9940, Valid: 0.9518, Test: 0.9309
Run: 02, Epoch: 83, Loss: 0.0002, lr: 0.000028, Train: 0.9940, Valid: 0.9518, Test: 0.9308
Run: 02, Epoch: 84, Loss: 0.0002, lr: 0.000028, Train: 0.9941, Valid: 0.9518, Test: 0.9308
Run: 02, Epoch: 85, Loss: 0.0002, lr: 0.000020, Train: 0.9941, Valid: 0.9518, Test: 0.9308
Run: 02, Epoch: 86, Loss: 0.0002, lr: 0.000020, Train: 0.9941, Valid: 0.9518, Test: 0.9307
Run: 02, Epoch: 87, Loss: 0.0002, lr: 0.000020, Train: 0.9941, Valid: 0.9517, Test: 0.9307
Run: 02, Epoch: 88, Loss: 0.0002, lr: 0.000020, Train: 0.9942, Valid: 0.9517, Test: 0.9306
Run: 02, Epoch: 89, Loss: 0.0002, lr: 0.000020, Train: 0.9942, Valid: 0.9517, Test: 0.9306
Run: 02, Epoch: 90, Loss: 0.0002, lr: 0.000020, Train: 0.9942, Valid: 0.9517, Test: 0.9306
Run: 02, Epoch: 91, Loss: 0.0002, lr: 0.000014, Train: 0.9942, Valid: 0.9517, Test: 0.9305
Run: 02, Epoch: 92, Loss: 0.0002, lr: 0.000014, Train: 0.9942, Valid: 0.9517, Test: 0.9305
Run: 02, Epoch: 93, Loss: 0.0002, lr: 0.000014, Train: 0.9943, Valid: 0.9516, Test: 0.9305
Run: 02, Epoch: 94, Loss: 0.0002, lr: 0.000014, Train: 0.9943, Valid: 0.9516, Test: 0.9304
Run: 02, Epoch: 95, Loss: 0.0002, lr: 0.000014, Train: 0.9943, Valid: 0.9516, Test: 0.9304
Run: 02, Epoch: 96, Loss: 0.0002, lr: 0.000014, Train: 0.9943, Valid: 0.9516, Test: 0.9304
Run: 02, Epoch: 97, Loss: 0.0002, lr: 0.000010, Train: 0.9943, Valid: 0.9516, Test: 0.9304
Run: 02, Epoch: 98, Loss: 0.0002, lr: 0.000010, Train: 0.9943, Valid: 0.9516, Test: 0.9303
Run: 02, Epoch: 99, Loss: 0.0002, lr: 0.000010, Train: 0.9943, Valid: 0.9516, Test: 0.9303
Run: 02, Epoch: 100, Loss: 0.0002, lr: 0.000010, Train: 0.9943, Valid: 0.9516, Test: 0.9303
Run 02:
Highest Train: 0.99
Highest Valid: 0.96
  Final Train: 0.97
   Final Test: 0.94
Run: 03, Epoch: 01, Loss: 0.0488, lr: 0.001000, Train: 0.5583, Valid: 0.1718, Test: 0.6003
Run: 03, Epoch: 02, Loss: 0.0103, lr: 0.001000, Train: 0.7039, Valid: 0.4692, Test: 0.7297
Run: 03, Epoch: 03, Loss: 0.0082, lr: 0.001000, Train: 0.7527, Valid: 0.5978, Test: 0.7608
Run: 03, Epoch: 04, Loss: 0.0079, lr: 0.001000, Train: 0.7794, Valid: 0.6505, Test: 0.7841
Run: 03, Epoch: 05, Loss: 0.0075, lr: 0.001000, Train: 0.7794, Valid: 0.6533, Test: 0.7913
Run: 03, Epoch: 06, Loss: 0.0051, lr: 0.001000, Train: 0.7506, Valid: 0.6285, Test: 0.7832
Run: 03, Epoch: 07, Loss: 0.0031, lr: 0.001000, Train: 0.7200, Valid: 0.5943, Test: 0.7755
Run: 03, Epoch: 08, Loss: 0.0025, lr: 0.001000, Train: 0.7171, Valid: 0.5670, Test: 0.7802
Run: 03, Epoch: 09, Loss: 0.0022, lr: 0.001000, Train: 0.7245, Valid: 0.5368, Test: 0.7815
Run: 03, Epoch: 10, Loss: 0.0021, lr: 0.001000, Train: 0.7017, Valid: 0.4806, Test: 0.7568
Run: 03, Epoch: 11, Loss: 0.0021, lr: 0.001000, Train: 0.6312, Valid: 0.3937, Test: 0.7001
Run: 03, Epoch: 12, Loss: 0.0019, lr: 0.000700, Train: 0.5854, Valid: 0.3574, Test: 0.6671
Run: 03, Epoch: 13, Loss: 0.0016, lr: 0.000700, Train: 0.5668, Valid: 0.3666, Test: 0.6562
Run: 03, Epoch: 14, Loss: 0.0014, lr: 0.000700, Train: 0.6103, Valid: 0.4432, Test: 0.6884
Run: 03, Epoch: 15, Loss: 0.0013, lr: 0.000700, Train: 0.7109, Valid: 0.5736, Test: 0.7605
Run: 03, Epoch: 16, Loss: 0.0011, lr: 0.000700, Train: 0.8281, Valid: 0.7213, Test: 0.8472
Run: 03, Epoch: 17, Loss: 0.0011, lr: 0.000700, Train: 0.9164, Valid: 0.8441, Test: 0.9155
Run: 03, Epoch: 18, Loss: 0.0010, lr: 0.000700, Train: 0.9591, Valid: 0.9161, Test: 0.9486
Run: 03, Epoch: 19, Loss: 0.0011, lr: 0.000700, Train: 0.9687, Valid: 0.9437, Test: 0.9535
Run: 03, Epoch: 20, Loss: 0.0011, lr: 0.000700, Train: 0.9649, Valid: 0.9476, Test: 0.9471
Run: 03, Epoch: 21, Loss: 0.0011, lr: 0.000700, Train: 0.9599, Valid: 0.9449, Test: 0.9418
Run: 03, Epoch: 22, Loss: 0.0010, lr: 0.000700, Train: 0.9577, Valid: 0.9434, Test: 0.9409
Run: 03, Epoch: 23, Loss: 0.0009, lr: 0.000700, Train: 0.9571, Valid: 0.9437, Test: 0.9412
Run: 03, Epoch: 24, Loss: 0.0009, lr: 0.000700, Train: 0.9571, Valid: 0.9448, Test: 0.9402
Run: 03, Epoch: 25, Loss: 0.0008, lr: 0.000700, Train: 0.9574, Valid: 0.9461, Test: 0.9376
Run: 03, Epoch: 26, Loss: 0.0007, lr: 0.000700, Train: 0.9576, Valid: 0.9470, Test: 0.9339
Run: 03, Epoch: 27, Loss: 0.0007, lr: 0.000490, Train: 0.9575, Valid: 0.9474, Test: 0.9315
Run: 03, Epoch: 28, Loss: 0.0007, lr: 0.000490, Train: 0.9556, Valid: 0.9466, Test: 0.9284
Run: 03, Epoch: 29, Loss: 0.0007, lr: 0.000490, Train: 0.9507, Valid: 0.9442, Test: 0.9240
Run: 03, Epoch: 30, Loss: 0.0006, lr: 0.000490, Train: 0.9421, Valid: 0.9395, Test: 0.9176
Run: 03, Epoch: 31, Loss: 0.0006, lr: 0.000490, Train: 0.9304, Valid: 0.9327, Test: 0.9089
Run: 03, Epoch: 32, Loss: 0.0006, lr: 0.000490, Train: 0.9186, Valid: 0.9258, Test: 0.8998
Run: 03, Epoch: 33, Loss: 0.0006, lr: 0.000343, Train: 0.9163, Valid: 0.9253, Test: 0.8971
Run: 03, Epoch: 34, Loss: 0.0005, lr: 0.000343, Train: 0.9164, Valid: 0.9259, Test: 0.8957
Run: 03, Epoch: 35, Loss: 0.0005, lr: 0.000343, Train: 0.9178, Valid: 0.9273, Test: 0.8954
Run: 03, Epoch: 36, Loss: 0.0005, lr: 0.000343, Train: 0.9194, Valid: 0.9289, Test: 0.8957
Run: 03, Epoch: 37, Loss: 0.0005, lr: 0.000343, Train: 0.9209, Valid: 0.9308, Test: 0.8968
Run: 03, Epoch: 38, Loss: 0.0005, lr: 0.000343, Train: 0.9228, Valid: 0.9333, Test: 0.8988
Run: 03, Epoch: 39, Loss: 0.0005, lr: 0.000240, Train: 0.9289, Valid: 0.9386, Test: 0.9042
Run: 03, Epoch: 40, Loss: 0.0005, lr: 0.000240, Train: 0.9359, Valid: 0.9443, Test: 0.9104
Run: 03, Epoch: 41, Loss: 0.0005, lr: 0.000240, Train: 0.9432, Valid: 0.9496, Test: 0.9167
Run: 03, Epoch: 42, Loss: 0.0005, lr: 0.000240, Train: 0.9502, Valid: 0.9544, Test: 0.9227
Run: 03, Epoch: 43, Loss: 0.0004, lr: 0.000240, Train: 0.9562, Valid: 0.9583, Test: 0.9275
Run: 03, Epoch: 44, Loss: 0.0004, lr: 0.000240, Train: 0.9606, Valid: 0.9610, Test: 0.9308
Run: 03, Epoch: 45, Loss: 0.0004, lr: 0.000240, Train: 0.9634, Valid: 0.9629, Test: 0.9326
Run: 03, Epoch: 46, Loss: 0.0004, lr: 0.000240, Train: 0.9648, Valid: 0.9639, Test: 0.9331
Run: 03, Epoch: 47, Loss: 0.0004, lr: 0.000240, Train: 0.9653, Valid: 0.9645, Test: 0.9327
Run: 03, Epoch: 48, Loss: 0.0004, lr: 0.000240, Train: 0.9654, Valid: 0.9650, Test: 0.9321
Run: 03, Epoch: 49, Loss: 0.0004, lr: 0.000240, Train: 0.9661, Valid: 0.9656, Test: 0.9320
Run: 03, Epoch: 50, Loss: 0.0004, lr: 0.000240, Train: 0.9677, Valid: 0.9664, Test: 0.9329
Run: 03, Epoch: 51, Loss: 0.0004, lr: 0.000240, Train: 0.9704, Valid: 0.9675, Test: 0.9348
Run: 03, Epoch: 52, Loss: 0.0004, lr: 0.000240, Train: 0.9736, Valid: 0.9684, Test: 0.9372
Run: 03, Epoch: 53, Loss: 0.0004, lr: 0.000240, Train: 0.9768, Valid: 0.9690, Test: 0.9397
Run: 03, Epoch: 54, Loss: 0.0004, lr: 0.000240, Train: 0.9794, Valid: 0.9693, Test: 0.9416
Run: 03, Epoch: 55, Loss: 0.0004, lr: 0.000240, Train: 0.9811, Valid: 0.9694, Test: 0.9427
Run: 03, Epoch: 56, Loss: 0.0004, lr: 0.000240, Train: 0.9820, Valid: 0.9693, Test: 0.9431
Run: 03, Epoch: 57, Loss: 0.0003, lr: 0.000240, Train: 0.9823, Valid: 0.9692, Test: 0.9428
Run: 03, Epoch: 58, Loss: 0.0003, lr: 0.000240, Train: 0.9822, Valid: 0.9692, Test: 0.9422
Run: 03, Epoch: 59, Loss: 0.0003, lr: 0.000240, Train: 0.9821, Valid: 0.9692, Test: 0.9416
Run: 03, Epoch: 60, Loss: 0.0003, lr: 0.000240, Train: 0.9822, Valid: 0.9693, Test: 0.9413
Run: 03, Epoch: 61, Loss: 0.0003, lr: 0.000168, Train: 0.9831, Valid: 0.9693, Test: 0.9415
Run: 03, Epoch: 62, Loss: 0.0003, lr: 0.000168, Train: 0.9841, Valid: 0.9692, Test: 0.9420
Run: 03, Epoch: 63, Loss: 0.0003, lr: 0.000168, Train: 0.9851, Valid: 0.9692, Test: 0.9426
Run: 03, Epoch: 64, Loss: 0.0003, lr: 0.000168, Train: 0.9859, Valid: 0.9691, Test: 0.9432
Run: 03, Epoch: 65, Loss: 0.0003, lr: 0.000168, Train: 0.9865, Valid: 0.9691, Test: 0.9436
Run: 03, Epoch: 66, Loss: 0.0003, lr: 0.000168, Train: 0.9869, Valid: 0.9691, Test: 0.9438
Run: 03, Epoch: 67, Loss: 0.0003, lr: 0.000118, Train: 0.9874, Valid: 0.9690, Test: 0.9439
Run: 03, Epoch: 68, Loss: 0.0003, lr: 0.000118, Train: 0.9877, Valid: 0.9689, Test: 0.9439
Run: 03, Epoch: 69, Loss: 0.0003, lr: 0.000118, Train: 0.9880, Valid: 0.9689, Test: 0.9438
Run: 03, Epoch: 70, Loss: 0.0003, lr: 0.000118, Train: 0.9882, Valid: 0.9688, Test: 0.9436
Run: 03, Epoch: 71, Loss: 0.0003, lr: 0.000118, Train: 0.9885, Valid: 0.9688, Test: 0.9435
Run: 03, Epoch: 72, Loss: 0.0003, lr: 0.000118, Train: 0.9888, Valid: 0.9686, Test: 0.9434
Run: 03, Epoch: 73, Loss: 0.0003, lr: 0.000082, Train: 0.9892, Valid: 0.9684, Test: 0.9435
Run: 03, Epoch: 74, Loss: 0.0003, lr: 0.000082, Train: 0.9896, Valid: 0.9681, Test: 0.9435
Run: 03, Epoch: 75, Loss: 0.0003, lr: 0.000082, Train: 0.9900, Valid: 0.9678, Test: 0.9436
Run: 03, Epoch: 76, Loss: 0.0003, lr: 0.000082, Train: 0.9903, Valid: 0.9675, Test: 0.9437
Run: 03, Epoch: 77, Loss: 0.0003, lr: 0.000082, Train: 0.9906, Valid: 0.9672, Test: 0.9438
Run: 03, Epoch: 78, Loss: 0.0003, lr: 0.000082, Train: 0.9908, Valid: 0.9669, Test: 0.9439
Run: 03, Epoch: 79, Loss: 0.0003, lr: 0.000058, Train: 0.9910, Valid: 0.9666, Test: 0.9439
Run: 03, Epoch: 80, Loss: 0.0003, lr: 0.000058, Train: 0.9912, Valid: 0.9663, Test: 0.9438
Run: 03, Epoch: 81, Loss: 0.0003, lr: 0.000058, Train: 0.9913, Valid: 0.9661, Test: 0.9438
Run: 03, Epoch: 82, Loss: 0.0003, lr: 0.000058, Train: 0.9914, Valid: 0.9659, Test: 0.9437
Run: 03, Epoch: 83, Loss: 0.0003, lr: 0.000058, Train: 0.9915, Valid: 0.9657, Test: 0.9437
Run: 03, Epoch: 84, Loss: 0.0003, lr: 0.000058, Train: 0.9916, Valid: 0.9656, Test: 0.9436
Run: 03, Epoch: 85, Loss: 0.0003, lr: 0.000040, Train: 0.9917, Valid: 0.9654, Test: 0.9436
Run: 03, Epoch: 86, Loss: 0.0003, lr: 0.000040, Train: 0.9918, Valid: 0.9652, Test: 0.9436
Run: 03, Epoch: 87, Loss: 0.0003, lr: 0.000040, Train: 0.9919, Valid: 0.9650, Test: 0.9435
Run: 03, Epoch: 88, Loss: 0.0003, lr: 0.000040, Train: 0.9920, Valid: 0.9648, Test: 0.9435
Run: 03, Epoch: 89, Loss: 0.0003, lr: 0.000040, Train: 0.9921, Valid: 0.9646, Test: 0.9435
Run: 03, Epoch: 90, Loss: 0.0003, lr: 0.000040, Train: 0.9922, Valid: 0.9645, Test: 0.9435
Run: 03, Epoch: 91, Loss: 0.0003, lr: 0.000028, Train: 0.9922, Valid: 0.9643, Test: 0.9435
Run: 03, Epoch: 92, Loss: 0.0003, lr: 0.000028, Train: 0.9923, Valid: 0.9642, Test: 0.9435
Run: 03, Epoch: 93, Loss: 0.0003, lr: 0.000028, Train: 0.9923, Valid: 0.9641, Test: 0.9434
Run: 03, Epoch: 94, Loss: 0.0003, lr: 0.000028, Train: 0.9924, Valid: 0.9639, Test: 0.9434
Run: 03, Epoch: 95, Loss: 0.0003, lr: 0.000028, Train: 0.9924, Valid: 0.9638, Test: 0.9434
Run: 03, Epoch: 96, Loss: 0.0003, lr: 0.000028, Train: 0.9924, Valid: 0.9637, Test: 0.9434
Run: 03, Epoch: 97, Loss: 0.0003, lr: 0.000020, Train: 0.9925, Valid: 0.9636, Test: 0.9434
Run: 03, Epoch: 98, Loss: 0.0003, lr: 0.000020, Train: 0.9925, Valid: 0.9635, Test: 0.9434
Run: 03, Epoch: 99, Loss: 0.0003, lr: 0.000020, Train: 0.9926, Valid: 0.9634, Test: 0.9434
Run: 03, Epoch: 100, Loss: 0.0003, lr: 0.000020, Train: 0.9926, Valid: 0.9633, Test: 0.9434
Run 03:
Highest Train: 0.99
Highest Valid: 0.97
  Final Train: 0.98
   Final Test: 0.94
Run: 04, Epoch: 01, Loss: 0.0300, lr: 0.001000, Train: 0.4449, Valid: -0.0986, Test: 0.2503
Run: 04, Epoch: 02, Loss: 0.0130, lr: 0.001000, Train: 0.5547, Valid: -0.0703, Test: 0.3056
Run: 04, Epoch: 03, Loss: 0.0104, lr: 0.001000, Train: 0.6189, Valid: -0.0187, Test: 0.3597
Run: 04, Epoch: 04, Loss: 0.0071, lr: 0.001000, Train: 0.6823, Valid: 0.0901, Test: 0.4538
Run: 04, Epoch: 05, Loss: 0.0049, lr: 0.001000, Train: 0.7178, Valid: 0.1830, Test: 0.5284
Run: 04, Epoch: 06, Loss: 0.0036, lr: 0.001000, Train: 0.7264, Valid: 0.2253, Test: 0.5651
Run: 04, Epoch: 07, Loss: 0.0024, lr: 0.001000, Train: 0.7156, Valid: 0.2162, Test: 0.5678
Run: 04, Epoch: 08, Loss: 0.0021, lr: 0.001000, Train: 0.6884, Valid: 0.1768, Test: 0.5425
Run: 04, Epoch: 09, Loss: 0.0024, lr: 0.001000, Train: 0.6498, Valid: 0.1263, Test: 0.5034
Run: 04, Epoch: 10, Loss: 0.0024, lr: 0.001000, Train: 0.6115, Valid: 0.0773, Test: 0.4680
Run: 04, Epoch: 11, Loss: 0.0020, lr: 0.001000, Train: 0.5938, Valid: 0.0601, Test: 0.4603
Run: 04, Epoch: 12, Loss: 0.0016, lr: 0.001000, Train: 0.6148, Valid: 0.1059, Test: 0.4958
Run: 04, Epoch: 13, Loss: 0.0013, lr: 0.000700, Train: 0.6691, Valid: 0.2127, Test: 0.5621
Run: 04, Epoch: 14, Loss: 0.0012, lr: 0.000700, Train: 0.7345, Valid: 0.3441, Test: 0.6379
Run: 04, Epoch: 15, Loss: 0.0012, lr: 0.000700, Train: 0.7973, Valid: 0.4763, Test: 0.7107
Run: 04, Epoch: 16, Loss: 0.0012, lr: 0.000700, Train: 0.8491, Valid: 0.5845, Test: 0.7725
Run: 04, Epoch: 17, Loss: 0.0012, lr: 0.000700, Train: 0.8863, Valid: 0.6627, Test: 0.8197
Run: 04, Epoch: 18, Loss: 0.0011, lr: 0.000700, Train: 0.9098, Valid: 0.7174, Test: 0.8519
Run: 04, Epoch: 19, Loss: 0.0010, lr: 0.000700, Train: 0.9228, Valid: 0.7525, Test: 0.8717
Run: 04, Epoch: 20, Loss: 0.0010, lr: 0.000700, Train: 0.9300, Valid: 0.7773, Test: 0.8835
Run: 04, Epoch: 21, Loss: 0.0009, lr: 0.000700, Train: 0.9357, Valid: 0.7991, Test: 0.8920
Run: 04, Epoch: 22, Loss: 0.0009, lr: 0.000700, Train: 0.9426, Valid: 0.8208, Test: 0.9006
Run: 04, Epoch: 23, Loss: 0.0009, lr: 0.000700, Train: 0.9512, Valid: 0.8414, Test: 0.9091
Run: 04, Epoch: 24, Loss: 0.0009, lr: 0.000700, Train: 0.9604, Valid: 0.8592, Test: 0.9157
Run: 04, Epoch: 25, Loss: 0.0008, lr: 0.000700, Train: 0.9685, Valid: 0.8739, Test: 0.9178
Run: 04, Epoch: 26, Loss: 0.0007, lr: 0.000700, Train: 0.9742, Valid: 0.8849, Test: 0.9163
Run: 04, Epoch: 27, Loss: 0.0007, lr: 0.000700, Train: 0.9773, Valid: 0.8923, Test: 0.9130
Run: 04, Epoch: 28, Loss: 0.0007, lr: 0.000700, Train: 0.9790, Valid: 0.8970, Test: 0.9110
Run: 04, Epoch: 29, Loss: 0.0007, lr: 0.000700, Train: 0.9799, Valid: 0.9003, Test: 0.9116
Run: 04, Epoch: 30, Loss: 0.0007, lr: 0.000700, Train: 0.9808, Valid: 0.9044, Test: 0.9143
Run: 04, Epoch: 31, Loss: 0.0006, lr: 0.000700, Train: 0.9819, Valid: 0.9098, Test: 0.9169
Run: 04, Epoch: 32, Loss: 0.0006, lr: 0.000700, Train: 0.9819, Valid: 0.9141, Test: 0.9163
Run: 04, Epoch: 33, Loss: 0.0006, lr: 0.000700, Train: 0.9785, Valid: 0.9133, Test: 0.9090
Run: 04, Epoch: 34, Loss: 0.0006, lr: 0.000700, Train: 0.9703, Valid: 0.9048, Test: 0.8938
Run: 04, Epoch: 35, Loss: 0.0005, lr: 0.000700, Train: 0.9591, Valid: 0.8922, Test: 0.8748
Run: 04, Epoch: 36, Loss: 0.0005, lr: 0.000700, Train: 0.9498, Valid: 0.8816, Test: 0.8611
Run: 04, Epoch: 37, Loss: 0.0005, lr: 0.000700, Train: 0.9470, Valid: 0.8792, Test: 0.8588
Run: 04, Epoch: 38, Loss: 0.0005, lr: 0.000700, Train: 0.9505, Valid: 0.8849, Test: 0.8660
Run: 04, Epoch: 39, Loss: 0.0005, lr: 0.000490, Train: 0.9568, Valid: 0.8938, Test: 0.8761
Run: 04, Epoch: 40, Loss: 0.0004, lr: 0.000490, Train: 0.9625, Valid: 0.9021, Test: 0.8843
Run: 04, Epoch: 41, Loss: 0.0004, lr: 0.000490, Train: 0.9663, Valid: 0.9083, Test: 0.8890
Run: 04, Epoch: 42, Loss: 0.0004, lr: 0.000490, Train: 0.9679, Valid: 0.9121, Test: 0.8892
Run: 04, Epoch: 43, Loss: 0.0004, lr: 0.000490, Train: 0.9677, Valid: 0.9136, Test: 0.8860
Run: 04, Epoch: 44, Loss: 0.0004, lr: 0.000490, Train: 0.9664, Valid: 0.9134, Test: 0.8807
Run: 04, Epoch: 45, Loss: 0.0004, lr: 0.000343, Train: 0.9666, Valid: 0.9142, Test: 0.8792
Run: 04, Epoch: 46, Loss: 0.0004, lr: 0.000343, Train: 0.9671, Valid: 0.9153, Test: 0.8788
Run: 04, Epoch: 47, Loss: 0.0004, lr: 0.000343, Train: 0.9683, Valid: 0.9170, Test: 0.8802
Run: 04, Epoch: 48, Loss: 0.0004, lr: 0.000343, Train: 0.9703, Valid: 0.9194, Test: 0.8839
Run: 04, Epoch: 49, Loss: 0.0004, lr: 0.000343, Train: 0.9731, Valid: 0.9224, Test: 0.8893
Run: 04, Epoch: 50, Loss: 0.0003, lr: 0.000343, Train: 0.9763, Valid: 0.9254, Test: 0.8959
Run: 04, Epoch: 51, Loss: 0.0003, lr: 0.000343, Train: 0.9794, Valid: 0.9278, Test: 0.9023
Run: 04, Epoch: 52, Loss: 0.0003, lr: 0.000343, Train: 0.9821, Valid: 0.9294, Test: 0.9076
Run: 04, Epoch: 53, Loss: 0.0003, lr: 0.000343, Train: 0.9841, Valid: 0.9302, Test: 0.9114
Run: 04, Epoch: 54, Loss: 0.0003, lr: 0.000343, Train: 0.9854, Valid: 0.9304, Test: 0.9135
Run: 04, Epoch: 55, Loss: 0.0003, lr: 0.000343, Train: 0.9862, Valid: 0.9306, Test: 0.9141
Run: 04, Epoch: 56, Loss: 0.0003, lr: 0.000343, Train: 0.9866, Valid: 0.9307, Test: 0.9137
Run: 04, Epoch: 57, Loss: 0.0003, lr: 0.000343, Train: 0.9869, Valid: 0.9309, Test: 0.9127
Run: 04, Epoch: 58, Loss: 0.0003, lr: 0.000343, Train: 0.9872, Valid: 0.9311, Test: 0.9119
Run: 04, Epoch: 59, Loss: 0.0003, lr: 0.000343, Train: 0.9877, Valid: 0.9311, Test: 0.9117
Run: 04, Epoch: 60, Loss: 0.0003, lr: 0.000343, Train: 0.9884, Valid: 0.9309, Test: 0.9122
Run: 04, Epoch: 61, Loss: 0.0003, lr: 0.000343, Train: 0.9891, Valid: 0.9307, Test: 0.9130
Run: 04, Epoch: 62, Loss: 0.0003, lr: 0.000343, Train: 0.9897, Valid: 0.9305, Test: 0.9141
Run: 04, Epoch: 63, Loss: 0.0003, lr: 0.000343, Train: 0.9902, Valid: 0.9303, Test: 0.9151
Run: 04, Epoch: 64, Loss: 0.0003, lr: 0.000343, Train: 0.9906, Valid: 0.9300, Test: 0.9157
Run: 04, Epoch: 65, Loss: 0.0003, lr: 0.000240, Train: 0.9910, Valid: 0.9295, Test: 0.9162
Run: 04, Epoch: 66, Loss: 0.0003, lr: 0.000240, Train: 0.9913, Valid: 0.9290, Test: 0.9166
Run: 04, Epoch: 67, Loss: 0.0003, lr: 0.000240, Train: 0.9917, Valid: 0.9286, Test: 0.9169
Run: 04, Epoch: 68, Loss: 0.0003, lr: 0.000240, Train: 0.9919, Valid: 0.9282, Test: 0.9173
Run: 04, Epoch: 69, Loss: 0.0002, lr: 0.000240, Train: 0.9922, Valid: 0.9278, Test: 0.9176
Run: 04, Epoch: 70, Loss: 0.0002, lr: 0.000240, Train: 0.9925, Valid: 0.9273, Test: 0.9178
Run: 04, Epoch: 71, Loss: 0.0002, lr: 0.000168, Train: 0.9928, Valid: 0.9266, Test: 0.9181
Run: 04, Epoch: 72, Loss: 0.0002, lr: 0.000168, Train: 0.9930, Valid: 0.9260, Test: 0.9184
Run: 04, Epoch: 73, Loss: 0.0002, lr: 0.000168, Train: 0.9932, Valid: 0.9254, Test: 0.9186
Run: 04, Epoch: 74, Loss: 0.0002, lr: 0.000168, Train: 0.9934, Valid: 0.9249, Test: 0.9187
Run: 04, Epoch: 75, Loss: 0.0002, lr: 0.000168, Train: 0.9935, Valid: 0.9244, Test: 0.9186
Run: 04, Epoch: 76, Loss: 0.0002, lr: 0.000168, Train: 0.9936, Valid: 0.9240, Test: 0.9184
Run: 04, Epoch: 77, Loss: 0.0002, lr: 0.000118, Train: 0.9937, Valid: 0.9235, Test: 0.9182
Run: 04, Epoch: 78, Loss: 0.0002, lr: 0.000118, Train: 0.9938, Valid: 0.9231, Test: 0.9180
Run: 04, Epoch: 79, Loss: 0.0002, lr: 0.000118, Train: 0.9939, Valid: 0.9227, Test: 0.9176
Run: 04, Epoch: 80, Loss: 0.0002, lr: 0.000118, Train: 0.9940, Valid: 0.9223, Test: 0.9173
Run: 04, Epoch: 81, Loss: 0.0002, lr: 0.000118, Train: 0.9940, Valid: 0.9219, Test: 0.9169
Run: 04, Epoch: 82, Loss: 0.0002, lr: 0.000118, Train: 0.9941, Valid: 0.9216, Test: 0.9165
Run: 04, Epoch: 83, Loss: 0.0002, lr: 0.000082, Train: 0.9942, Valid: 0.9211, Test: 0.9164
Run: 04, Epoch: 84, Loss: 0.0002, lr: 0.000082, Train: 0.9942, Valid: 0.9208, Test: 0.9163
Run: 04, Epoch: 85, Loss: 0.0002, lr: 0.000082, Train: 0.9943, Valid: 0.9204, Test: 0.9162
Run: 04, Epoch: 86, Loss: 0.0002, lr: 0.000082, Train: 0.9943, Valid: 0.9202, Test: 0.9162
Run: 04, Epoch: 87, Loss: 0.0002, lr: 0.000082, Train: 0.9944, Valid: 0.9199, Test: 0.9162
Run: 04, Epoch: 88, Loss: 0.0002, lr: 0.000082, Train: 0.9944, Valid: 0.9197, Test: 0.9162
Run: 04, Epoch: 89, Loss: 0.0002, lr: 0.000058, Train: 0.9945, Valid: 0.9194, Test: 0.9163
Run: 04, Epoch: 90, Loss: 0.0002, lr: 0.000058, Train: 0.9945, Valid: 0.9191, Test: 0.9163
Run: 04, Epoch: 91, Loss: 0.0002, lr: 0.000058, Train: 0.9946, Valid: 0.9189, Test: 0.9164
Run: 04, Epoch: 92, Loss: 0.0002, lr: 0.000058, Train: 0.9946, Valid: 0.9187, Test: 0.9164
Run: 04, Epoch: 93, Loss: 0.0002, lr: 0.000058, Train: 0.9946, Valid: 0.9185, Test: 0.9165
Run: 04, Epoch: 94, Loss: 0.0002, lr: 0.000058, Train: 0.9947, Valid: 0.9183, Test: 0.9165
Run: 04, Epoch: 95, Loss: 0.0002, lr: 0.000040, Train: 0.9947, Valid: 0.9182, Test: 0.9166
Run: 04, Epoch: 96, Loss: 0.0002, lr: 0.000040, Train: 0.9947, Valid: 0.9180, Test: 0.9167
Run: 04, Epoch: 97, Loss: 0.0002, lr: 0.000040, Train: 0.9948, Valid: 0.9179, Test: 0.9167
Run: 04, Epoch: 98, Loss: 0.0002, lr: 0.000040, Train: 0.9948, Valid: 0.9178, Test: 0.9168
Run: 04, Epoch: 99, Loss: 0.0002, lr: 0.000040, Train: 0.9948, Valid: 0.9178, Test: 0.9168
Run: 04, Epoch: 100, Loss: 0.0002, lr: 0.000040, Train: 0.9948, Valid: 0.9177, Test: 0.9169
Run 04:
Highest Train: 0.99
Highest Valid: 0.93
  Final Train: 0.99
   Final Test: 0.91
Run: 05, Epoch: 01, Loss: 0.0263, lr: 0.001000, Train: 0.4327, Valid: 0.2734, Test: 0.5458
Run: 05, Epoch: 02, Loss: 0.0152, lr: 0.001000, Train: 0.4868, Valid: 0.3581, Test: 0.5648
Run: 05, Epoch: 03, Loss: 0.0102, lr: 0.001000, Train: 0.5150, Valid: 0.4177, Test: 0.5467
Run: 05, Epoch: 04, Loss: 0.0077, lr: 0.001000, Train: 0.5598, Valid: 0.4210, Test: 0.5993
Run: 05, Epoch: 05, Loss: 0.0058, lr: 0.001000, Train: 0.5968, Valid: 0.4251, Test: 0.6553
Run: 05, Epoch: 06, Loss: 0.0048, lr: 0.001000, Train: 0.6161, Valid: 0.4380, Test: 0.6774
Run: 05, Epoch: 07, Loss: 0.0029, lr: 0.001000, Train: 0.5951, Valid: 0.4301, Test: 0.6544
Run: 05, Epoch: 08, Loss: 0.0024, lr: 0.001000, Train: 0.5260, Valid: 0.3707, Test: 0.5872
Run: 05, Epoch: 09, Loss: 0.0030, lr: 0.001000, Train: 0.4271, Valid: 0.2579, Test: 0.4909
Run: 05, Epoch: 10, Loss: 0.0030, lr: 0.001000, Train: 0.3257, Valid: 0.1248, Test: 0.3873
Run: 05, Epoch: 11, Loss: 0.0022, lr: 0.001000, Train: 0.2426, Valid: 0.0116, Test: 0.2996
Run: 05, Epoch: 12, Loss: 0.0016, lr: 0.001000, Train: 0.1970, Valid: -0.0529, Test: 0.2461
Run: 05, Epoch: 13, Loss: 0.0015, lr: 0.000700, Train: 0.2390, Valid: -0.0103, Test: 0.2701
Run: 05, Epoch: 14, Loss: 0.0016, lr: 0.000700, Train: 0.3063, Valid: 0.0622, Test: 0.3153
Run: 05, Epoch: 15, Loss: 0.0016, lr: 0.000700, Train: 0.3924, Valid: 0.1586, Test: 0.3793
Run: 05, Epoch: 16, Loss: 0.0015, lr: 0.000700, Train: 0.4906, Valid: 0.2721, Test: 0.4575
Run: 05, Epoch: 17, Loss: 0.0014, lr: 0.000700, Train: 0.5947, Valid: 0.3986, Test: 0.5473
Run: 05, Epoch: 18, Loss: 0.0013, lr: 0.000700, Train: 0.6980, Valid: 0.5272, Test: 0.6466
Run: 05, Epoch: 19, Loss: 0.0013, lr: 0.000700, Train: 0.7917, Valid: 0.6469, Test: 0.7454
Run: 05, Epoch: 20, Loss: 0.0012, lr: 0.000700, Train: 0.8667, Valid: 0.7496, Test: 0.8309
Run: 05, Epoch: 21, Loss: 0.0012, lr: 0.000700, Train: 0.9183, Valid: 0.8260, Test: 0.8942
Run: 05, Epoch: 22, Loss: 0.0012, lr: 0.000700, Train: 0.9474, Valid: 0.8755, Test: 0.9334
Run: 05, Epoch: 23, Loss: 0.0011, lr: 0.000700, Train: 0.9600, Valid: 0.9017, Test: 0.9531
Run: 05, Epoch: 24, Loss: 0.0011, lr: 0.000700, Train: 0.9639, Valid: 0.9128, Test: 0.9609
Run: 05, Epoch: 25, Loss: 0.0010, lr: 0.000700, Train: 0.9646, Valid: 0.9145, Test: 0.9630
Run: 05, Epoch: 26, Loss: 0.0010, lr: 0.000700, Train: 0.9624, Valid: 0.9076, Test: 0.9609
Run: 05, Epoch: 27, Loss: 0.0009, lr: 0.000700, Train: 0.9550, Valid: 0.8898, Test: 0.9531
Run: 05, Epoch: 28, Loss: 0.0009, lr: 0.000700, Train: 0.9423, Valid: 0.8628, Test: 0.9398
Run: 05, Epoch: 29, Loss: 0.0008, lr: 0.000700, Train: 0.9294, Valid: 0.8365, Test: 0.9261
Run: 05, Epoch: 30, Loss: 0.0008, lr: 0.000700, Train: 0.9244, Valid: 0.8231, Test: 0.9194
Run: 05, Epoch: 31, Loss: 0.0008, lr: 0.000700, Train: 0.9320, Valid: 0.8295, Test: 0.9241
Run: 05, Epoch: 32, Loss: 0.0008, lr: 0.000490, Train: 0.9467, Valid: 0.8491, Test: 0.9358
Run: 05, Epoch: 33, Loss: 0.0008, lr: 0.000490, Train: 0.9627, Valid: 0.8721, Test: 0.9495
Run: 05, Epoch: 34, Loss: 0.0007, lr: 0.000490, Train: 0.9747, Valid: 0.8917, Test: 0.9608
Run: 05, Epoch: 35, Loss: 0.0007, lr: 0.000490, Train: 0.9800, Valid: 0.9037, Test: 0.9673
Run: 05, Epoch: 36, Loss: 0.0007, lr: 0.000490, Train: 0.9794, Valid: 0.9081, Test: 0.9688
Run: 05, Epoch: 37, Loss: 0.0007, lr: 0.000490, Train: 0.9760, Valid: 0.9078, Test: 0.9674
Run: 05, Epoch: 38, Loss: 0.0007, lr: 0.000343, Train: 0.9747, Valid: 0.9074, Test: 0.9666
Run: 05, Epoch: 39, Loss: 0.0007, lr: 0.000343, Train: 0.9749, Valid: 0.9078, Test: 0.9666
Run: 05, Epoch: 40, Loss: 0.0006, lr: 0.000343, Train: 0.9763, Valid: 0.9087, Test: 0.9674
Run: 05, Epoch: 41, Loss: 0.0006, lr: 0.000343, Train: 0.9782, Valid: 0.9097, Test: 0.9683
Run: 05, Epoch: 42, Loss: 0.0006, lr: 0.000343, Train: 0.9799, Valid: 0.9102, Test: 0.9691
Run: 05, Epoch: 43, Loss: 0.0006, lr: 0.000343, Train: 0.9811, Valid: 0.9103, Test: 0.9694
Run: 05, Epoch: 44, Loss: 0.0006, lr: 0.000240, Train: 0.9819, Valid: 0.9107, Test: 0.9694
Run: 05, Epoch: 45, Loss: 0.0006, lr: 0.000240, Train: 0.9825, Valid: 0.9111, Test: 0.9692
Run: 05, Epoch: 46, Loss: 0.0006, lr: 0.000240, Train: 0.9829, Valid: 0.9117, Test: 0.9690
Run: 05, Epoch: 47, Loss: 0.0006, lr: 0.000240, Train: 0.9831, Valid: 0.9123, Test: 0.9686
Run: 05, Epoch: 48, Loss: 0.0006, lr: 0.000240, Train: 0.9830, Valid: 0.9127, Test: 0.9682
Run: 05, Epoch: 49, Loss: 0.0005, lr: 0.000240, Train: 0.9826, Valid: 0.9129, Test: 0.9677
Run: 05, Epoch: 50, Loss: 0.0005, lr: 0.000168, Train: 0.9825, Valid: 0.9131, Test: 0.9673
Run: 05, Epoch: 51, Loss: 0.0005, lr: 0.000168, Train: 0.9824, Valid: 0.9133, Test: 0.9669
Run: 05, Epoch: 52, Loss: 0.0005, lr: 0.000168, Train: 0.9823, Valid: 0.9137, Test: 0.9665
Run: 05, Epoch: 53, Loss: 0.0005, lr: 0.000168, Train: 0.9823, Valid: 0.9142, Test: 0.9663
Run: 05, Epoch: 54, Loss: 0.0005, lr: 0.000168, Train: 0.9823, Valid: 0.9149, Test: 0.9661
Run: 05, Epoch: 55, Loss: 0.0005, lr: 0.000168, Train: 0.9825, Valid: 0.9158, Test: 0.9660
Run: 05, Epoch: 56, Loss: 0.0005, lr: 0.000168, Train: 0.9828, Valid: 0.9168, Test: 0.9659
Run: 05, Epoch: 57, Loss: 0.0005, lr: 0.000168, Train: 0.9831, Valid: 0.9179, Test: 0.9660
Run: 05, Epoch: 58, Loss: 0.0005, lr: 0.000168, Train: 0.9835, Valid: 0.9190, Test: 0.9660
Run: 05, Epoch: 59, Loss: 0.0005, lr: 0.000168, Train: 0.9838, Valid: 0.9199, Test: 0.9661
Run: 05, Epoch: 60, Loss: 0.0005, lr: 0.000168, Train: 0.9842, Valid: 0.9207, Test: 0.9662
Run: 05, Epoch: 61, Loss: 0.0005, lr: 0.000168, Train: 0.9845, Valid: 0.9213, Test: 0.9663
Run: 05, Epoch: 62, Loss: 0.0005, lr: 0.000168, Train: 0.9848, Valid: 0.9217, Test: 0.9665
Run: 05, Epoch: 63, Loss: 0.0005, lr: 0.000168, Train: 0.9851, Valid: 0.9219, Test: 0.9666
Run: 05, Epoch: 64, Loss: 0.0005, lr: 0.000168, Train: 0.9853, Valid: 0.9219, Test: 0.9668
Run: 05, Epoch: 65, Loss: 0.0005, lr: 0.000168, Train: 0.9856, Valid: 0.9218, Test: 0.9670
Run: 05, Epoch: 66, Loss: 0.0005, lr: 0.000168, Train: 0.9859, Valid: 0.9216, Test: 0.9672
Run: 05, Epoch: 67, Loss: 0.0005, lr: 0.000168, Train: 0.9862, Valid: 0.9214, Test: 0.9673
Run: 05, Epoch: 68, Loss: 0.0005, lr: 0.000168, Train: 0.9864, Valid: 0.9213, Test: 0.9674
Run: 05, Epoch: 69, Loss: 0.0004, lr: 0.000168, Train: 0.9866, Valid: 0.9212, Test: 0.9675
Run: 05, Epoch: 70, Loss: 0.0004, lr: 0.000118, Train: 0.9869, Valid: 0.9212, Test: 0.9676
Run: 05, Epoch: 71, Loss: 0.0004, lr: 0.000118, Train: 0.9871, Valid: 0.9213, Test: 0.9676
Run: 05, Epoch: 72, Loss: 0.0004, lr: 0.000118, Train: 0.9873, Valid: 0.9215, Test: 0.9676
Run: 05, Epoch: 73, Loss: 0.0004, lr: 0.000118, Train: 0.9875, Valid: 0.9217, Test: 0.9676
Run: 05, Epoch: 74, Loss: 0.0004, lr: 0.000118, Train: 0.9877, Valid: 0.9219, Test: 0.9675
Run: 05, Epoch: 75, Loss: 0.0004, lr: 0.000118, Train: 0.9878, Valid: 0.9222, Test: 0.9675
Run: 05, Epoch: 76, Loss: 0.0004, lr: 0.000118, Train: 0.9879, Valid: 0.9225, Test: 0.9674
Run: 05, Epoch: 77, Loss: 0.0004, lr: 0.000118, Train: 0.9880, Valid: 0.9228, Test: 0.9674
Run: 05, Epoch: 78, Loss: 0.0004, lr: 0.000118, Train: 0.9880, Valid: 0.9230, Test: 0.9673
Run: 05, Epoch: 79, Loss: 0.0004, lr: 0.000118, Train: 0.9881, Valid: 0.9232, Test: 0.9673
Run: 05, Epoch: 80, Loss: 0.0004, lr: 0.000118, Train: 0.9881, Valid: 0.9234, Test: 0.9673
Run: 05, Epoch: 81, Loss: 0.0004, lr: 0.000118, Train: 0.9881, Valid: 0.9235, Test: 0.9672
Run: 05, Epoch: 82, Loss: 0.0004, lr: 0.000118, Train: 0.9881, Valid: 0.9236, Test: 0.9672
Run: 05, Epoch: 83, Loss: 0.0004, lr: 0.000118, Train: 0.9881, Valid: 0.9237, Test: 0.9672
Run: 05, Epoch: 84, Loss: 0.0004, lr: 0.000118, Train: 0.9881, Valid: 0.9238, Test: 0.9671
Run: 05, Epoch: 85, Loss: 0.0004, lr: 0.000118, Train: 0.9881, Valid: 0.9240, Test: 0.9671
Run: 05, Epoch: 86, Loss: 0.0004, lr: 0.000118, Train: 0.9881, Valid: 0.9241, Test: 0.9671
Run: 05, Epoch: 87, Loss: 0.0004, lr: 0.000118, Train: 0.9882, Valid: 0.9244, Test: 0.9670
Run: 05, Epoch: 88, Loss: 0.0004, lr: 0.000118, Train: 0.9883, Valid: 0.9246, Test: 0.9670
Run: 05, Epoch: 89, Loss: 0.0004, lr: 0.000118, Train: 0.9885, Valid: 0.9248, Test: 0.9670
Run: 05, Epoch: 90, Loss: 0.0004, lr: 0.000118, Train: 0.9886, Valid: 0.9251, Test: 0.9671
Run: 05, Epoch: 91, Loss: 0.0004, lr: 0.000118, Train: 0.9888, Valid: 0.9253, Test: 0.9671
Run: 05, Epoch: 92, Loss: 0.0004, lr: 0.000118, Train: 0.9890, Valid: 0.9255, Test: 0.9671
Run: 05, Epoch: 93, Loss: 0.0004, lr: 0.000118, Train: 0.9892, Valid: 0.9257, Test: 0.9671
Run: 05, Epoch: 94, Loss: 0.0004, lr: 0.000118, Train: 0.9894, Valid: 0.9258, Test: 0.9671
Run: 05, Epoch: 95, Loss: 0.0004, lr: 0.000118, Train: 0.9895, Valid: 0.9259, Test: 0.9671
Run: 05, Epoch: 96, Loss: 0.0004, lr: 0.000118, Train: 0.9896, Valid: 0.9260, Test: 0.9670
Run: 05, Epoch: 97, Loss: 0.0004, lr: 0.000118, Train: 0.9897, Valid: 0.9261, Test: 0.9670
Run: 05, Epoch: 98, Loss: 0.0004, lr: 0.000118, Train: 0.9898, Valid: 0.9261, Test: 0.9670
Run: 05, Epoch: 99, Loss: 0.0004, lr: 0.000118, Train: 0.9899, Valid: 0.9262, Test: 0.9669
Run: 05, Epoch: 100, Loss: 0.0004, lr: 0.000118, Train: 0.9900, Valid: 0.9262, Test: 0.9669
Run 05:
Highest Train: 0.99
Highest Valid: 0.93
  Final Train: 0.99
   Final Test: 0.97
Run: 06, Epoch: 01, Loss: 0.0460, lr: 0.001000, Train: 0.3380, Valid: 0.5360, Test: 0.3755
Run: 06, Epoch: 02, Loss: 0.0061, lr: 0.001000, Train: 0.4928, Valid: 0.6325, Test: 0.5663
Run: 06, Epoch: 03, Loss: 0.0077, lr: 0.001000, Train: 0.5682, Valid: 0.6590, Test: 0.6278
Run: 06, Epoch: 04, Loss: 0.0060, lr: 0.001000, Train: 0.5881, Valid: 0.6545, Test: 0.6658
Run: 06, Epoch: 05, Loss: 0.0050, lr: 0.001000, Train: 0.6227, Valid: 0.6923, Test: 0.7218
Run: 06, Epoch: 06, Loss: 0.0035, lr: 0.001000, Train: 0.6548, Valid: 0.7436, Test: 0.7694
Run: 06, Epoch: 07, Loss: 0.0028, lr: 0.001000, Train: 0.6586, Valid: 0.7648, Test: 0.7764
Run: 06, Epoch: 08, Loss: 0.0024, lr: 0.001000, Train: 0.6462, Valid: 0.7579, Test: 0.7540
Run: 06, Epoch: 09, Loss: 0.0022, lr: 0.001000, Train: 0.6504, Valid: 0.7510, Test: 0.7456
Run: 06, Epoch: 10, Loss: 0.0021, lr: 0.001000, Train: 0.6729, Valid: 0.7485, Test: 0.7625
Run: 06, Epoch: 11, Loss: 0.0017, lr: 0.001000, Train: 0.6839, Valid: 0.7326, Test: 0.7802
Run: 06, Epoch: 12, Loss: 0.0015, lr: 0.001000, Train: 0.6719, Valid: 0.7016, Test: 0.7821
Run: 06, Epoch: 13, Loss: 0.0015, lr: 0.001000, Train: 0.6557, Valid: 0.6770, Test: 0.7746
Run: 06, Epoch: 14, Loss: 0.0014, lr: 0.000700, Train: 0.6725, Valid: 0.6888, Test: 0.7838
Run: 06, Epoch: 15, Loss: 0.0014, lr: 0.000700, Train: 0.7111, Valid: 0.7241, Test: 0.8073
Run: 06, Epoch: 16, Loss: 0.0013, lr: 0.000700, Train: 0.7722, Valid: 0.7799, Test: 0.8480
Run: 06, Epoch: 17, Loss: 0.0012, lr: 0.000700, Train: 0.8433, Valid: 0.8432, Test: 0.8949
Run: 06, Epoch: 18, Loss: 0.0011, lr: 0.000700, Train: 0.9045, Valid: 0.8996, Test: 0.9325
Run: 06, Epoch: 19, Loss: 0.0010, lr: 0.000700, Train: 0.9425, Valid: 0.9363, Test: 0.9532
Run: 06, Epoch: 20, Loss: 0.0009, lr: 0.000700, Train: 0.9572, Valid: 0.9521, Test: 0.9601
Run: 06, Epoch: 21, Loss: 0.0009, lr: 0.000700, Train: 0.9592, Valid: 0.9550, Test: 0.9614
Run: 06, Epoch: 22, Loss: 0.0009, lr: 0.000700, Train: 0.9593, Valid: 0.9525, Test: 0.9621
Run: 06, Epoch: 23, Loss: 0.0009, lr: 0.000700, Train: 0.9622, Valid: 0.9489, Test: 0.9631
Run: 06, Epoch: 24, Loss: 0.0008, lr: 0.000700, Train: 0.9661, Valid: 0.9439, Test: 0.9636
Run: 06, Epoch: 25, Loss: 0.0008, lr: 0.000700, Train: 0.9675, Valid: 0.9366, Test: 0.9630
Run: 06, Epoch: 26, Loss: 0.0007, lr: 0.000700, Train: 0.9662, Valid: 0.9286, Test: 0.9619
Run: 06, Epoch: 27, Loss: 0.0007, lr: 0.000700, Train: 0.9658, Valid: 0.9244, Test: 0.9613
Run: 06, Epoch: 28, Loss: 0.0007, lr: 0.000490, Train: 0.9692, Valid: 0.9286, Test: 0.9625
Run: 06, Epoch: 29, Loss: 0.0007, lr: 0.000490, Train: 0.9747, Valid: 0.9381, Test: 0.9640
Run: 06, Epoch: 30, Loss: 0.0006, lr: 0.000490, Train: 0.9795, Valid: 0.9503, Test: 0.9640
Run: 06, Epoch: 31, Loss: 0.0006, lr: 0.000490, Train: 0.9807, Valid: 0.9613, Test: 0.9605
Run: 06, Epoch: 32, Loss: 0.0006, lr: 0.000490, Train: 0.9775, Valid: 0.9682, Test: 0.9536
Run: 06, Epoch: 33, Loss: 0.0006, lr: 0.000490, Train: 0.9720, Valid: 0.9707, Test: 0.9461
Run: 06, Epoch: 34, Loss: 0.0005, lr: 0.000490, Train: 0.9677, Valid: 0.9707, Test: 0.9411
Run: 06, Epoch: 35, Loss: 0.0005, lr: 0.000490, Train: 0.9663, Valid: 0.9701, Test: 0.9401
Run: 06, Epoch: 36, Loss: 0.0005, lr: 0.000490, Train: 0.9672, Valid: 0.9697, Test: 0.9416
Run: 06, Epoch: 37, Loss: 0.0005, lr: 0.000490, Train: 0.9693, Valid: 0.9697, Test: 0.9436
Run: 06, Epoch: 38, Loss: 0.0005, lr: 0.000490, Train: 0.9716, Valid: 0.9701, Test: 0.9449
Run: 06, Epoch: 39, Loss: 0.0005, lr: 0.000490, Train: 0.9736, Valid: 0.9707, Test: 0.9454
Run: 06, Epoch: 40, Loss: 0.0005, lr: 0.000343, Train: 0.9758, Valid: 0.9710, Test: 0.9464
Run: 06, Epoch: 41, Loss: 0.0004, lr: 0.000343, Train: 0.9779, Valid: 0.9710, Test: 0.9477
Run: 06, Epoch: 42, Loss: 0.0004, lr: 0.000343, Train: 0.9802, Valid: 0.9705, Test: 0.9496
Run: 06, Epoch: 43, Loss: 0.0004, lr: 0.000343, Train: 0.9825, Valid: 0.9694, Test: 0.9519
Run: 06, Epoch: 44, Loss: 0.0004, lr: 0.000343, Train: 0.9843, Valid: 0.9679, Test: 0.9541
Run: 06, Epoch: 45, Loss: 0.0004, lr: 0.000343, Train: 0.9856, Valid: 0.9667, Test: 0.9557
Run: 06, Epoch: 46, Loss: 0.0004, lr: 0.000343, Train: 0.9862, Valid: 0.9664, Test: 0.9562
Run: 06, Epoch: 47, Loss: 0.0004, lr: 0.000240, Train: 0.9865, Valid: 0.9667, Test: 0.9561
Run: 06, Epoch: 48, Loss: 0.0004, lr: 0.000240, Train: 0.9864, Valid: 0.9676, Test: 0.9555
Run: 06, Epoch: 49, Loss: 0.0004, lr: 0.000240, Train: 0.9862, Valid: 0.9688, Test: 0.9547
Run: 06, Epoch: 50, Loss: 0.0004, lr: 0.000240, Train: 0.9860, Valid: 0.9699, Test: 0.9539
Run: 06, Epoch: 51, Loss: 0.0004, lr: 0.000240, Train: 0.9858, Valid: 0.9707, Test: 0.9534
Run: 06, Epoch: 52, Loss: 0.0004, lr: 0.000240, Train: 0.9860, Valid: 0.9710, Test: 0.9534
Run: 06, Epoch: 53, Loss: 0.0004, lr: 0.000168, Train: 0.9865, Valid: 0.9706, Test: 0.9541
Run: 06, Epoch: 54, Loss: 0.0004, lr: 0.000168, Train: 0.9870, Valid: 0.9699, Test: 0.9549
Run: 06, Epoch: 55, Loss: 0.0004, lr: 0.000168, Train: 0.9875, Valid: 0.9691, Test: 0.9557
Run: 06, Epoch: 56, Loss: 0.0004, lr: 0.000168, Train: 0.9880, Valid: 0.9682, Test: 0.9564
Run: 06, Epoch: 57, Loss: 0.0003, lr: 0.000168, Train: 0.9883, Valid: 0.9672, Test: 0.9569
Run: 06, Epoch: 58, Loss: 0.0003, lr: 0.000168, Train: 0.9885, Valid: 0.9663, Test: 0.9573
Run: 06, Epoch: 59, Loss: 0.0003, lr: 0.000118, Train: 0.9886, Valid: 0.9655, Test: 0.9576
Run: 06, Epoch: 60, Loss: 0.0003, lr: 0.000118, Train: 0.9887, Valid: 0.9649, Test: 0.9578
Run: 06, Epoch: 61, Loss: 0.0003, lr: 0.000118, Train: 0.9888, Valid: 0.9643, Test: 0.9580
Run: 06, Epoch: 62, Loss: 0.0003, lr: 0.000118, Train: 0.9889, Valid: 0.9638, Test: 0.9581
Run: 06, Epoch: 63, Loss: 0.0003, lr: 0.000118, Train: 0.9890, Valid: 0.9634, Test: 0.9582
Run: 06, Epoch: 64, Loss: 0.0003, lr: 0.000118, Train: 0.9891, Valid: 0.9631, Test: 0.9583
Run: 06, Epoch: 65, Loss: 0.0003, lr: 0.000082, Train: 0.9892, Valid: 0.9628, Test: 0.9585
Run: 06, Epoch: 66, Loss: 0.0003, lr: 0.000082, Train: 0.9894, Valid: 0.9626, Test: 0.9586
Run: 06, Epoch: 67, Loss: 0.0003, lr: 0.000082, Train: 0.9895, Valid: 0.9625, Test: 0.9588
Run: 06, Epoch: 68, Loss: 0.0003, lr: 0.000082, Train: 0.9897, Valid: 0.9624, Test: 0.9589
Run: 06, Epoch: 69, Loss: 0.0003, lr: 0.000082, Train: 0.9898, Valid: 0.9624, Test: 0.9589
Run: 06, Epoch: 70, Loss: 0.0003, lr: 0.000082, Train: 0.9899, Valid: 0.9624, Test: 0.9590
Run: 06, Epoch: 71, Loss: 0.0003, lr: 0.000058, Train: 0.9901, Valid: 0.9624, Test: 0.9591
Run: 06, Epoch: 72, Loss: 0.0003, lr: 0.000058, Train: 0.9902, Valid: 0.9624, Test: 0.9591
Run: 06, Epoch: 73, Loss: 0.0003, lr: 0.000058, Train: 0.9903, Valid: 0.9623, Test: 0.9592
Run: 06, Epoch: 74, Loss: 0.0003, lr: 0.000058, Train: 0.9904, Valid: 0.9623, Test: 0.9592
Run: 06, Epoch: 75, Loss: 0.0003, lr: 0.000058, Train: 0.9904, Valid: 0.9622, Test: 0.9593
Run: 06, Epoch: 76, Loss: 0.0003, lr: 0.000058, Train: 0.9905, Valid: 0.9621, Test: 0.9593
Run: 06, Epoch: 77, Loss: 0.0003, lr: 0.000040, Train: 0.9906, Valid: 0.9620, Test: 0.9594
Run: 06, Epoch: 78, Loss: 0.0003, lr: 0.000040, Train: 0.9907, Valid: 0.9618, Test: 0.9595
Run: 06, Epoch: 79, Loss: 0.0003, lr: 0.000040, Train: 0.9907, Valid: 0.9617, Test: 0.9596
Run: 06, Epoch: 80, Loss: 0.0003, lr: 0.000040, Train: 0.9908, Valid: 0.9615, Test: 0.9597
Run: 06, Epoch: 81, Loss: 0.0003, lr: 0.000040, Train: 0.9908, Valid: 0.9613, Test: 0.9597
Run: 06, Epoch: 82, Loss: 0.0003, lr: 0.000040, Train: 0.9909, Valid: 0.9612, Test: 0.9598
Run: 06, Epoch: 83, Loss: 0.0003, lr: 0.000028, Train: 0.9909, Valid: 0.9610, Test: 0.9599
Run: 06, Epoch: 84, Loss: 0.0003, lr: 0.000028, Train: 0.9910, Valid: 0.9609, Test: 0.9600
Run: 06, Epoch: 85, Loss: 0.0003, lr: 0.000028, Train: 0.9910, Valid: 0.9608, Test: 0.9600
Run: 06, Epoch: 86, Loss: 0.0003, lr: 0.000028, Train: 0.9911, Valid: 0.9607, Test: 0.9601
Run: 06, Epoch: 87, Loss: 0.0003, lr: 0.000028, Train: 0.9911, Valid: 0.9607, Test: 0.9602
Run: 06, Epoch: 88, Loss: 0.0003, lr: 0.000028, Train: 0.9911, Valid: 0.9606, Test: 0.9602
Run: 06, Epoch: 89, Loss: 0.0003, lr: 0.000020, Train: 0.9912, Valid: 0.9606, Test: 0.9602
Run: 06, Epoch: 90, Loss: 0.0003, lr: 0.000020, Train: 0.9912, Valid: 0.9606, Test: 0.9603
Run: 06, Epoch: 91, Loss: 0.0003, lr: 0.000020, Train: 0.9912, Valid: 0.9605, Test: 0.9603
Run: 06, Epoch: 92, Loss: 0.0003, lr: 0.000020, Train: 0.9913, Valid: 0.9605, Test: 0.9603
Run: 06, Epoch: 93, Loss: 0.0003, lr: 0.000020, Train: 0.9913, Valid: 0.9605, Test: 0.9604
Run: 06, Epoch: 94, Loss: 0.0003, lr: 0.000020, Train: 0.9913, Valid: 0.9605, Test: 0.9604
Run: 06, Epoch: 95, Loss: 0.0003, lr: 0.000014, Train: 0.9913, Valid: 0.9605, Test: 0.9604
Run: 06, Epoch: 96, Loss: 0.0003, lr: 0.000014, Train: 0.9913, Valid: 0.9605, Test: 0.9604
Run: 06, Epoch: 97, Loss: 0.0003, lr: 0.000014, Train: 0.9914, Valid: 0.9605, Test: 0.9604
Run: 06, Epoch: 98, Loss: 0.0003, lr: 0.000014, Train: 0.9914, Valid: 0.9605, Test: 0.9605
Run: 06, Epoch: 99, Loss: 0.0003, lr: 0.000014, Train: 0.9914, Valid: 0.9605, Test: 0.9605
Run: 06, Epoch: 100, Loss: 0.0003, lr: 0.000014, Train: 0.9914, Valid: 0.9605, Test: 0.9605
Run 06:
Highest Train: 0.99
Highest Valid: 0.97
  Final Train: 0.98
   Final Test: 0.95
Run: 07, Epoch: 01, Loss: 0.0498, lr: 0.001000, Train: 0.2204, Valid: 0.4116, Test: 0.1477
Run: 07, Epoch: 02, Loss: 0.0200, lr: 0.001000, Train: 0.4370, Valid: 0.5808, Test: 0.4147
Run: 07, Epoch: 03, Loss: 0.0137, lr: 0.001000, Train: 0.5457, Valid: 0.6727, Test: 0.5685
Run: 07, Epoch: 04, Loss: 0.0100, lr: 0.001000, Train: 0.6135, Valid: 0.7195, Test: 0.6676
Run: 07, Epoch: 05, Loss: 0.0073, lr: 0.001000, Train: 0.6356, Valid: 0.7204, Test: 0.7110
Run: 07, Epoch: 06, Loss: 0.0068, lr: 0.001000, Train: 0.6228, Valid: 0.7189, Test: 0.7064
Run: 07, Epoch: 07, Loss: 0.0056, lr: 0.001000, Train: 0.5762, Valid: 0.7209, Test: 0.6655
Run: 07, Epoch: 08, Loss: 0.0037, lr: 0.001000, Train: 0.4787, Valid: 0.6912, Test: 0.5842
Run: 07, Epoch: 09, Loss: 0.0025, lr: 0.001000, Train: 0.3614, Valid: 0.6329, Test: 0.4875
Run: 07, Epoch: 10, Loss: 0.0024, lr: 0.001000, Train: 0.2894, Valid: 0.5906, Test: 0.4272
Run: 07, Epoch: 11, Loss: 0.0025, lr: 0.001000, Train: 0.2940, Valid: 0.5871, Test: 0.4281
Run: 07, Epoch: 12, Loss: 0.0022, lr: 0.001000, Train: 0.3544, Valid: 0.6132, Test: 0.4776
Run: 07, Epoch: 13, Loss: 0.0018, lr: 0.001000, Train: 0.4272, Valid: 0.6429, Test: 0.5418
Run: 07, Epoch: 14, Loss: 0.0015, lr: 0.000700, Train: 0.4903, Valid: 0.6698, Test: 0.5989
Run: 07, Epoch: 15, Loss: 0.0015, lr: 0.000700, Train: 0.5327, Valid: 0.6915, Test: 0.6410
Run: 07, Epoch: 16, Loss: 0.0015, lr: 0.000700, Train: 0.5601, Valid: 0.7142, Test: 0.6712
Run: 07, Epoch: 17, Loss: 0.0015, lr: 0.000700, Train: 0.5758, Valid: 0.7387, Test: 0.6920
Run: 07, Epoch: 18, Loss: 0.0014, lr: 0.000700, Train: 0.5872, Valid: 0.7635, Test: 0.7081
Run: 07, Epoch: 19, Loss: 0.0013, lr: 0.000700, Train: 0.6048, Valid: 0.7877, Test: 0.7263
Run: 07, Epoch: 20, Loss: 0.0012, lr: 0.000700, Train: 0.6381, Valid: 0.8147, Test: 0.7538
Run: 07, Epoch: 21, Loss: 0.0012, lr: 0.000700, Train: 0.6928, Valid: 0.8478, Test: 0.7941
Run: 07, Epoch: 22, Loss: 0.0011, lr: 0.000700, Train: 0.7641, Valid: 0.8849, Test: 0.8440
Run: 07, Epoch: 23, Loss: 0.0011, lr: 0.000700, Train: 0.8372, Valid: 0.9195, Test: 0.8929
Run: 07, Epoch: 24, Loss: 0.0010, lr: 0.000700, Train: 0.8971, Valid: 0.9437, Test: 0.9303
Run: 07, Epoch: 25, Loss: 0.0009, lr: 0.000700, Train: 0.9353, Valid: 0.9547, Test: 0.9526
Run: 07, Epoch: 26, Loss: 0.0009, lr: 0.000700, Train: 0.9534, Valid: 0.9559, Test: 0.9621
Run: 07, Epoch: 27, Loss: 0.0009, lr: 0.000700, Train: 0.9593, Valid: 0.9542, Test: 0.9648
Run: 07, Epoch: 28, Loss: 0.0009, lr: 0.000700, Train: 0.9595, Valid: 0.9544, Test: 0.9654
Run: 07, Epoch: 29, Loss: 0.0009, lr: 0.000700, Train: 0.9564, Valid: 0.9566, Test: 0.9648
Run: 07, Epoch: 30, Loss: 0.0008, lr: 0.000700, Train: 0.9507, Valid: 0.9585, Test: 0.9626
Run: 07, Epoch: 31, Loss: 0.0008, lr: 0.000700, Train: 0.9447, Valid: 0.9593, Test: 0.9597
Run: 07, Epoch: 32, Loss: 0.0007, lr: 0.000700, Train: 0.9431, Valid: 0.9599, Test: 0.9588
Run: 07, Epoch: 33, Loss: 0.0007, lr: 0.000700, Train: 0.9486, Valid: 0.9606, Test: 0.9612
Run: 07, Epoch: 34, Loss: 0.0007, lr: 0.000700, Train: 0.9590, Valid: 0.9602, Test: 0.9658
Run: 07, Epoch: 35, Loss: 0.0007, lr: 0.000700, Train: 0.9696, Valid: 0.9563, Test: 0.9693
Run: 07, Epoch: 36, Loss: 0.0007, lr: 0.000700, Train: 0.9760, Valid: 0.9481, Test: 0.9694
Run: 07, Epoch: 37, Loss: 0.0007, lr: 0.000700, Train: 0.9774, Valid: 0.9381, Test: 0.9668
Run: 07, Epoch: 38, Loss: 0.0007, lr: 0.000700, Train: 0.9767, Valid: 0.9307, Test: 0.9642
Run: 07, Epoch: 39, Loss: 0.0006, lr: 0.000700, Train: 0.9766, Valid: 0.9285, Test: 0.9636
Run: 07, Epoch: 40, Loss: 0.0006, lr: 0.000490, Train: 0.9776, Valid: 0.9303, Test: 0.9646
Run: 07, Epoch: 41, Loss: 0.0006, lr: 0.000490, Train: 0.9787, Valid: 0.9334, Test: 0.9660
Run: 07, Epoch: 42, Loss: 0.0006, lr: 0.000490, Train: 0.9795, Valid: 0.9362, Test: 0.9673
Run: 07, Epoch: 43, Loss: 0.0006, lr: 0.000490, Train: 0.9800, Valid: 0.9375, Test: 0.9679
Run: 07, Epoch: 44, Loss: 0.0006, lr: 0.000490, Train: 0.9801, Valid: 0.9370, Test: 0.9677
Run: 07, Epoch: 45, Loss: 0.0005, lr: 0.000490, Train: 0.9800, Valid: 0.9348, Test: 0.9668
Run: 07, Epoch: 46, Loss: 0.0005, lr: 0.000343, Train: 0.9801, Valid: 0.9326, Test: 0.9659
Run: 07, Epoch: 47, Loss: 0.0005, lr: 0.000343, Train: 0.9800, Valid: 0.9301, Test: 0.9648
Run: 07, Epoch: 48, Loss: 0.0005, lr: 0.000343, Train: 0.9802, Valid: 0.9278, Test: 0.9639
Run: 07, Epoch: 49, Loss: 0.0005, lr: 0.000343, Train: 0.9807, Valid: 0.9264, Test: 0.9634
Run: 07, Epoch: 50, Loss: 0.0005, lr: 0.000343, Train: 0.9816, Valid: 0.9263, Test: 0.9637
Run: 07, Epoch: 51, Loss: 0.0005, lr: 0.000343, Train: 0.9829, Valid: 0.9275, Test: 0.9645
Run: 07, Epoch: 52, Loss: 0.0005, lr: 0.000240, Train: 0.9839, Valid: 0.9293, Test: 0.9654
Run: 07, Epoch: 53, Loss: 0.0005, lr: 0.000240, Train: 0.9847, Valid: 0.9315, Test: 0.9664
Run: 07, Epoch: 54, Loss: 0.0005, lr: 0.000240, Train: 0.9853, Valid: 0.9337, Test: 0.9673
Run: 07, Epoch: 55, Loss: 0.0005, lr: 0.000240, Train: 0.9857, Valid: 0.9356, Test: 0.9680
Run: 07, Epoch: 56, Loss: 0.0005, lr: 0.000240, Train: 0.9859, Valid: 0.9369, Test: 0.9684
Run: 07, Epoch: 57, Loss: 0.0005, lr: 0.000240, Train: 0.9860, Valid: 0.9375, Test: 0.9685
Run: 07, Epoch: 58, Loss: 0.0005, lr: 0.000168, Train: 0.9861, Valid: 0.9374, Test: 0.9684
Run: 07, Epoch: 59, Loss: 0.0004, lr: 0.000168, Train: 0.9862, Valid: 0.9369, Test: 0.9682
Run: 07, Epoch: 60, Loss: 0.0004, lr: 0.000168, Train: 0.9862, Valid: 0.9359, Test: 0.9678
Run: 07, Epoch: 61, Loss: 0.0004, lr: 0.000168, Train: 0.9861, Valid: 0.9347, Test: 0.9674
Run: 07, Epoch: 62, Loss: 0.0004, lr: 0.000168, Train: 0.9861, Valid: 0.9334, Test: 0.9669
Run: 07, Epoch: 63, Loss: 0.0004, lr: 0.000168, Train: 0.9859, Valid: 0.9321, Test: 0.9664
Run: 07, Epoch: 64, Loss: 0.0004, lr: 0.000118, Train: 0.9859, Valid: 0.9314, Test: 0.9662
Run: 07, Epoch: 65, Loss: 0.0004, lr: 0.000118, Train: 0.9860, Valid: 0.9310, Test: 0.9660
Run: 07, Epoch: 66, Loss: 0.0004, lr: 0.000118, Train: 0.9861, Valid: 0.9307, Test: 0.9659
Run: 07, Epoch: 67, Loss: 0.0004, lr: 0.000118, Train: 0.9862, Valid: 0.9307, Test: 0.9660
Run: 07, Epoch: 68, Loss: 0.0004, lr: 0.000118, Train: 0.9863, Valid: 0.9309, Test: 0.9661
Run: 07, Epoch: 69, Loss: 0.0004, lr: 0.000118, Train: 0.9865, Valid: 0.9313, Test: 0.9663
Run: 07, Epoch: 70, Loss: 0.0004, lr: 0.000082, Train: 0.9867, Valid: 0.9318, Test: 0.9665
Run: 07, Epoch: 71, Loss: 0.0004, lr: 0.000082, Train: 0.9869, Valid: 0.9323, Test: 0.9667
Run: 07, Epoch: 72, Loss: 0.0004, lr: 0.000082, Train: 0.9871, Valid: 0.9329, Test: 0.9670
Run: 07, Epoch: 73, Loss: 0.0004, lr: 0.000082, Train: 0.9872, Valid: 0.9334, Test: 0.9672
Run: 07, Epoch: 74, Loss: 0.0004, lr: 0.000082, Train: 0.9874, Valid: 0.9339, Test: 0.9674
Run: 07, Epoch: 75, Loss: 0.0004, lr: 0.000082, Train: 0.9875, Valid: 0.9343, Test: 0.9676
Run: 07, Epoch: 76, Loss: 0.0004, lr: 0.000058, Train: 0.9876, Valid: 0.9346, Test: 0.9677
Run: 07, Epoch: 77, Loss: 0.0004, lr: 0.000058, Train: 0.9876, Valid: 0.9347, Test: 0.9678
Run: 07, Epoch: 78, Loss: 0.0004, lr: 0.000058, Train: 0.9877, Valid: 0.9349, Test: 0.9679
Run: 07, Epoch: 79, Loss: 0.0004, lr: 0.000058, Train: 0.9877, Valid: 0.9349, Test: 0.9679
Run: 07, Epoch: 80, Loss: 0.0004, lr: 0.000058, Train: 0.9878, Valid: 0.9349, Test: 0.9680
Run: 07, Epoch: 81, Loss: 0.0004, lr: 0.000058, Train: 0.9878, Valid: 0.9349, Test: 0.9680
Run: 07, Epoch: 82, Loss: 0.0004, lr: 0.000040, Train: 0.9879, Valid: 0.9349, Test: 0.9680
Run: 07, Epoch: 83, Loss: 0.0004, lr: 0.000040, Train: 0.9879, Valid: 0.9349, Test: 0.9680
Run: 07, Epoch: 84, Loss: 0.0004, lr: 0.000040, Train: 0.9879, Valid: 0.9348, Test: 0.9680
Run: 07, Epoch: 85, Loss: 0.0004, lr: 0.000040, Train: 0.9880, Valid: 0.9348, Test: 0.9680
Run: 07, Epoch: 86, Loss: 0.0004, lr: 0.000040, Train: 0.9880, Valid: 0.9347, Test: 0.9680
Run: 07, Epoch: 87, Loss: 0.0004, lr: 0.000040, Train: 0.9880, Valid: 0.9347, Test: 0.9680
Run: 07, Epoch: 88, Loss: 0.0004, lr: 0.000028, Train: 0.9881, Valid: 0.9347, Test: 0.9680
Run: 07, Epoch: 89, Loss: 0.0004, lr: 0.000028, Train: 0.9881, Valid: 0.9347, Test: 0.9680
Run: 07, Epoch: 90, Loss: 0.0004, lr: 0.000028, Train: 0.9881, Valid: 0.9347, Test: 0.9681
Run: 07, Epoch: 91, Loss: 0.0004, lr: 0.000028, Train: 0.9881, Valid: 0.9347, Test: 0.9681
Run: 07, Epoch: 92, Loss: 0.0004, lr: 0.000028, Train: 0.9882, Valid: 0.9347, Test: 0.9681
Run: 07, Epoch: 93, Loss: 0.0004, lr: 0.000028, Train: 0.9882, Valid: 0.9348, Test: 0.9681
Run: 07, Epoch: 94, Loss: 0.0004, lr: 0.000020, Train: 0.9882, Valid: 0.9348, Test: 0.9681
Run: 07, Epoch: 95, Loss: 0.0004, lr: 0.000020, Train: 0.9882, Valid: 0.9348, Test: 0.9681
Run: 07, Epoch: 96, Loss: 0.0004, lr: 0.000020, Train: 0.9882, Valid: 0.9349, Test: 0.9682
Run: 07, Epoch: 97, Loss: 0.0004, lr: 0.000020, Train: 0.9883, Valid: 0.9349, Test: 0.9682
Run: 07, Epoch: 98, Loss: 0.0004, lr: 0.000020, Train: 0.9883, Valid: 0.9350, Test: 0.9682
Run: 07, Epoch: 99, Loss: 0.0004, lr: 0.000020, Train: 0.9883, Valid: 0.9350, Test: 0.9682
Run: 07, Epoch: 100, Loss: 0.0004, lr: 0.000014, Train: 0.9883, Valid: 0.9351, Test: 0.9682
Run 07:
Highest Train: 0.99
Highest Valid: 0.96
  Final Train: 0.95
   Final Test: 0.96
Run: 08, Epoch: 01, Loss: 0.0227, lr: 0.001000, Train: 0.5900, Valid: 0.6695, Test: 0.4202
Run: 08, Epoch: 02, Loss: 0.0157, lr: 0.001000, Train: 0.6245, Valid: 0.5689, Test: 0.5093
Run: 08, Epoch: 03, Loss: 0.0117, lr: 0.001000, Train: 0.5848, Valid: 0.4637, Test: 0.4981
Run: 08, Epoch: 04, Loss: 0.0099, lr: 0.001000, Train: 0.5747, Valid: 0.4523, Test: 0.5044
Run: 08, Epoch: 05, Loss: 0.0073, lr: 0.001000, Train: 0.5978, Valid: 0.5115, Test: 0.5271
Run: 08, Epoch: 06, Loss: 0.0047, lr: 0.001000, Train: 0.5869, Valid: 0.5413, Test: 0.4984
Run: 08, Epoch: 07, Loss: 0.0036, lr: 0.001000, Train: 0.5083, Valid: 0.4843, Test: 0.3973
Run: 08, Epoch: 08, Loss: 0.0035, lr: 0.000700, Train: 0.4434, Valid: 0.4196, Test: 0.3185
Run: 08, Epoch: 09, Loss: 0.0033, lr: 0.000700, Train: 0.3781, Valid: 0.3384, Test: 0.2405
Run: 08, Epoch: 10, Loss: 0.0027, lr: 0.000700, Train: 0.3363, Valid: 0.2762, Test: 0.1928
Run: 08, Epoch: 11, Loss: 0.0023, lr: 0.000700, Train: 0.3338, Valid: 0.2611, Test: 0.1945
Run: 08, Epoch: 12, Loss: 0.0021, lr: 0.000700, Train: 0.3733, Valid: 0.3087, Test: 0.2425
Run: 08, Epoch: 13, Loss: 0.0019, lr: 0.000700, Train: 0.4419, Valid: 0.4017, Test: 0.3162
Run: 08, Epoch: 14, Loss: 0.0018, lr: 0.000490, Train: 0.5192, Valid: 0.5008, Test: 0.4020
Run: 08, Epoch: 15, Loss: 0.0016, lr: 0.000490, Train: 0.5923, Valid: 0.5925, Test: 0.4832
Run: 08, Epoch: 16, Loss: 0.0015, lr: 0.000490, Train: 0.6578, Valid: 0.6671, Test: 0.5551
Run: 08, Epoch: 17, Loss: 0.0015, lr: 0.000490, Train: 0.7148, Valid: 0.7227, Test: 0.6193
Run: 08, Epoch: 18, Loss: 0.0014, lr: 0.000490, Train: 0.7636, Valid: 0.7610, Test: 0.6774
Run: 08, Epoch: 19, Loss: 0.0014, lr: 0.000490, Train: 0.8052, Valid: 0.7868, Test: 0.7279
Run: 08, Epoch: 20, Loss: 0.0013, lr: 0.000490, Train: 0.8406, Valid: 0.8061, Test: 0.7711
Run: 08, Epoch: 21, Loss: 0.0012, lr: 0.000490, Train: 0.8714, Valid: 0.8228, Test: 0.8076
Run: 08, Epoch: 22, Loss: 0.0012, lr: 0.000490, Train: 0.8975, Valid: 0.8394, Test: 0.8388
Run: 08, Epoch: 23, Loss: 0.0012, lr: 0.000490, Train: 0.9196, Valid: 0.8577, Test: 0.8661
Run: 08, Epoch: 24, Loss: 0.0012, lr: 0.000490, Train: 0.9374, Valid: 0.8774, Test: 0.8894
Run: 08, Epoch: 25, Loss: 0.0011, lr: 0.000490, Train: 0.9507, Valid: 0.8967, Test: 0.9077
Run: 08, Epoch: 26, Loss: 0.0011, lr: 0.000490, Train: 0.9598, Valid: 0.9131, Test: 0.9203
Run: 08, Epoch: 27, Loss: 0.0010, lr: 0.000490, Train: 0.9652, Valid: 0.9246, Test: 0.9273
Run: 08, Epoch: 28, Loss: 0.0009, lr: 0.000490, Train: 0.9676, Valid: 0.9308, Test: 0.9295
Run: 08, Epoch: 29, Loss: 0.0009, lr: 0.000490, Train: 0.9676, Valid: 0.9323, Test: 0.9279
Run: 08, Epoch: 30, Loss: 0.0009, lr: 0.000490, Train: 0.9656, Valid: 0.9303, Test: 0.9236
Run: 08, Epoch: 31, Loss: 0.0008, lr: 0.000490, Train: 0.9630, Valid: 0.9269, Test: 0.9185
Run: 08, Epoch: 32, Loss: 0.0008, lr: 0.000490, Train: 0.9616, Valid: 0.9245, Test: 0.9158
Run: 08, Epoch: 33, Loss: 0.0008, lr: 0.000490, Train: 0.9631, Valid: 0.9255, Test: 0.9179
Run: 08, Epoch: 34, Loss: 0.0008, lr: 0.000490, Train: 0.9676, Valid: 0.9304, Test: 0.9252
Run: 08, Epoch: 35, Loss: 0.0008, lr: 0.000490, Train: 0.9734, Valid: 0.9380, Test: 0.9355
Run: 08, Epoch: 36, Loss: 0.0008, lr: 0.000490, Train: 0.9784, Valid: 0.9463, Test: 0.9457
Run: 08, Epoch: 37, Loss: 0.0007, lr: 0.000490, Train: 0.9809, Valid: 0.9530, Test: 0.9525
Run: 08, Epoch: 38, Loss: 0.0007, lr: 0.000490, Train: 0.9811, Valid: 0.9573, Test: 0.9552
Run: 08, Epoch: 39, Loss: 0.0007, lr: 0.000490, Train: 0.9804, Valid: 0.9594, Test: 0.9551
Run: 08, Epoch: 40, Loss: 0.0007, lr: 0.000490, Train: 0.9804, Valid: 0.9602, Test: 0.9541
Run: 08, Epoch: 41, Loss: 0.0006, lr: 0.000490, Train: 0.9812, Valid: 0.9602, Test: 0.9531
Run: 08, Epoch: 42, Loss: 0.0006, lr: 0.000490, Train: 0.9823, Valid: 0.9594, Test: 0.9520
Run: 08, Epoch: 43, Loss: 0.0006, lr: 0.000490, Train: 0.9831, Valid: 0.9584, Test: 0.9511
Run: 08, Epoch: 44, Loss: 0.0006, lr: 0.000490, Train: 0.9836, Valid: 0.9581, Test: 0.9512
Run: 08, Epoch: 45, Loss: 0.0006, lr: 0.000490, Train: 0.9840, Valid: 0.9591, Test: 0.9527
Run: 08, Epoch: 46, Loss: 0.0006, lr: 0.000490, Train: 0.9840, Valid: 0.9610, Test: 0.9550
Run: 08, Epoch: 47, Loss: 0.0005, lr: 0.000490, Train: 0.9832, Valid: 0.9630, Test: 0.9567
Run: 08, Epoch: 48, Loss: 0.0005, lr: 0.000490, Train: 0.9816, Valid: 0.9641, Test: 0.9572
Run: 08, Epoch: 49, Loss: 0.0005, lr: 0.000490, Train: 0.9802, Valid: 0.9645, Test: 0.9567
Run: 08, Epoch: 50, Loss: 0.0005, lr: 0.000490, Train: 0.9800, Valid: 0.9648, Test: 0.9563
Run: 08, Epoch: 51, Loss: 0.0005, lr: 0.000490, Train: 0.9812, Valid: 0.9651, Test: 0.9563
Run: 08, Epoch: 52, Loss: 0.0005, lr: 0.000490, Train: 0.9830, Valid: 0.9652, Test: 0.9563
Run: 08, Epoch: 53, Loss: 0.0005, lr: 0.000490, Train: 0.9845, Valid: 0.9651, Test: 0.9558
Run: 08, Epoch: 54, Loss: 0.0005, lr: 0.000490, Train: 0.9854, Valid: 0.9649, Test: 0.9551
Run: 08, Epoch: 55, Loss: 0.0004, lr: 0.000490, Train: 0.9859, Valid: 0.9650, Test: 0.9549
Run: 08, Epoch: 56, Loss: 0.0004, lr: 0.000490, Train: 0.9861, Valid: 0.9655, Test: 0.9553
Run: 08, Epoch: 57, Loss: 0.0004, lr: 0.000490, Train: 0.9861, Valid: 0.9661, Test: 0.9558
Run: 08, Epoch: 58, Loss: 0.0004, lr: 0.000490, Train: 0.9862, Valid: 0.9664, Test: 0.9561
Run: 08, Epoch: 59, Loss: 0.0004, lr: 0.000490, Train: 0.9865, Valid: 0.9664, Test: 0.9562
Run: 08, Epoch: 60, Loss: 0.0004, lr: 0.000490, Train: 0.9871, Valid: 0.9661, Test: 0.9562
Run: 08, Epoch: 61, Loss: 0.0004, lr: 0.000490, Train: 0.9878, Valid: 0.9655, Test: 0.9559
Run: 08, Epoch: 62, Loss: 0.0004, lr: 0.000490, Train: 0.9883, Valid: 0.9650, Test: 0.9555
Run: 08, Epoch: 63, Loss: 0.0004, lr: 0.000490, Train: 0.9886, Valid: 0.9648, Test: 0.9553
Run: 08, Epoch: 64, Loss: 0.0003, lr: 0.000490, Train: 0.9887, Valid: 0.9652, Test: 0.9556
Run: 08, Epoch: 65, Loss: 0.0003, lr: 0.000343, Train: 0.9888, Valid: 0.9658, Test: 0.9562
Run: 08, Epoch: 66, Loss: 0.0003, lr: 0.000343, Train: 0.9888, Valid: 0.9663, Test: 0.9567
Run: 08, Epoch: 67, Loss: 0.0003, lr: 0.000343, Train: 0.9887, Valid: 0.9668, Test: 0.9571
Run: 08, Epoch: 68, Loss: 0.0003, lr: 0.000343, Train: 0.9887, Valid: 0.9670, Test: 0.9574
Run: 08, Epoch: 69, Loss: 0.0003, lr: 0.000343, Train: 0.9889, Valid: 0.9672, Test: 0.9577
Run: 08, Epoch: 70, Loss: 0.0003, lr: 0.000343, Train: 0.9893, Valid: 0.9672, Test: 0.9580
Run: 08, Epoch: 71, Loss: 0.0003, lr: 0.000343, Train: 0.9898, Valid: 0.9672, Test: 0.9582
Run: 08, Epoch: 72, Loss: 0.0003, lr: 0.000343, Train: 0.9901, Valid: 0.9672, Test: 0.9583
Run: 08, Epoch: 73, Loss: 0.0003, lr: 0.000343, Train: 0.9904, Valid: 0.9672, Test: 0.9584
Run: 08, Epoch: 74, Loss: 0.0003, lr: 0.000343, Train: 0.9906, Valid: 0.9673, Test: 0.9584
Run: 08, Epoch: 75, Loss: 0.0003, lr: 0.000343, Train: 0.9907, Valid: 0.9673, Test: 0.9584
Run: 08, Epoch: 76, Loss: 0.0003, lr: 0.000343, Train: 0.9908, Valid: 0.9674, Test: 0.9583
Run: 08, Epoch: 77, Loss: 0.0003, lr: 0.000343, Train: 0.9910, Valid: 0.9675, Test: 0.9581
Run: 08, Epoch: 78, Loss: 0.0003, lr: 0.000343, Train: 0.9914, Valid: 0.9676, Test: 0.9579
Run: 08, Epoch: 79, Loss: 0.0003, lr: 0.000343, Train: 0.9917, Valid: 0.9677, Test: 0.9575
Run: 08, Epoch: 80, Loss: 0.0002, lr: 0.000343, Train: 0.9919, Valid: 0.9677, Test: 0.9570
Run: 08, Epoch: 81, Loss: 0.0002, lr: 0.000343, Train: 0.9921, Valid: 0.9676, Test: 0.9564
Run: 08, Epoch: 82, Loss: 0.0002, lr: 0.000343, Train: 0.9922, Valid: 0.9677, Test: 0.9560
Run: 08, Epoch: 83, Loss: 0.0002, lr: 0.000343, Train: 0.9923, Valid: 0.9678, Test: 0.9559
Run: 08, Epoch: 84, Loss: 0.0002, lr: 0.000343, Train: 0.9924, Valid: 0.9679, Test: 0.9559
Run: 08, Epoch: 85, Loss: 0.0002, lr: 0.000343, Train: 0.9926, Valid: 0.9679, Test: 0.9559
Run: 08, Epoch: 86, Loss: 0.0002, lr: 0.000343, Train: 0.9927, Valid: 0.9679, Test: 0.9558
Run: 08, Epoch: 87, Loss: 0.0002, lr: 0.000343, Train: 0.9929, Valid: 0.9677, Test: 0.9556
Run: 08, Epoch: 88, Loss: 0.0002, lr: 0.000343, Train: 0.9930, Valid: 0.9675, Test: 0.9553
Run: 08, Epoch: 89, Loss: 0.0002, lr: 0.000343, Train: 0.9931, Valid: 0.9674, Test: 0.9551
Run: 08, Epoch: 90, Loss: 0.0002, lr: 0.000343, Train: 0.9932, Valid: 0.9674, Test: 0.9550
Run: 08, Epoch: 91, Loss: 0.0002, lr: 0.000240, Train: 0.9933, Valid: 0.9674, Test: 0.9550
Run: 08, Epoch: 92, Loss: 0.0002, lr: 0.000240, Train: 0.9935, Valid: 0.9675, Test: 0.9551
Run: 08, Epoch: 93, Loss: 0.0002, lr: 0.000240, Train: 0.9937, Valid: 0.9677, Test: 0.9552
Run: 08, Epoch: 94, Loss: 0.0002, lr: 0.000240, Train: 0.9938, Valid: 0.9678, Test: 0.9552
Run: 08, Epoch: 95, Loss: 0.0002, lr: 0.000240, Train: 0.9940, Valid: 0.9679, Test: 0.9552
Run: 08, Epoch: 96, Loss: 0.0002, lr: 0.000240, Train: 0.9941, Valid: 0.9679, Test: 0.9550
Run: 08, Epoch: 97, Loss: 0.0002, lr: 0.000168, Train: 0.9942, Valid: 0.9679, Test: 0.9551
Run: 08, Epoch: 98, Loss: 0.0002, lr: 0.000168, Train: 0.9944, Valid: 0.9679, Test: 0.9551
Run: 08, Epoch: 99, Loss: 0.0002, lr: 0.000168, Train: 0.9945, Valid: 0.9679, Test: 0.9551
Run: 08, Epoch: 100, Loss: 0.0002, lr: 0.000168, Train: 0.9946, Valid: 0.9679, Test: 0.9550
Run 08:
Highest Train: 0.99
Highest Valid: 0.97
  Final Train: 0.99
   Final Test: 0.96
Run: 09, Epoch: 01, Loss: 0.0825, lr: 0.001000, Train: 0.4432, Valid: 0.6041, Test: 0.2453
Run: 09, Epoch: 02, Loss: 0.0073, lr: 0.001000, Train: 0.5932, Valid: 0.7789, Test: 0.3517
Run: 09, Epoch: 03, Loss: 0.0100, lr: 0.001000, Train: 0.6558, Valid: 0.7776, Test: 0.3775
Run: 09, Epoch: 04, Loss: 0.0095, lr: 0.001000, Train: 0.6946, Valid: 0.7817, Test: 0.4326
Run: 09, Epoch: 05, Loss: 0.0073, lr: 0.001000, Train: 0.7283, Valid: 0.8180, Test: 0.5198
Run: 09, Epoch: 06, Loss: 0.0050, lr: 0.001000, Train: 0.7489, Valid: 0.8567, Test: 0.5909
Run: 09, Epoch: 07, Loss: 0.0036, lr: 0.001000, Train: 0.7413, Valid: 0.8600, Test: 0.5807
Run: 09, Epoch: 08, Loss: 0.0032, lr: 0.001000, Train: 0.6973, Valid: 0.8136, Test: 0.4596
Run: 09, Epoch: 09, Loss: 0.0029, lr: 0.001000, Train: 0.6107, Valid: 0.7051, Test: 0.2214
Run: 09, Epoch: 10, Loss: 0.0026, lr: 0.001000, Train: 0.4942, Valid: 0.5551, Test: -0.0895
Run: 09, Epoch: 11, Loss: 0.0025, lr: 0.001000, Train: 0.3845, Valid: 0.4101, Test: -0.3748
Run: 09, Epoch: 12, Loss: 0.0025, lr: 0.001000, Train: 0.3277, Valid: 0.3261, Test: -0.5187
Run: 09, Epoch: 13, Loss: 0.0024, lr: 0.001000, Train: 0.3559, Valid: 0.3379, Test: -0.4602
Run: 09, Epoch: 14, Loss: 0.0021, lr: 0.000700, Train: 0.4591, Valid: 0.4377, Test: -0.2302
Run: 09, Epoch: 15, Loss: 0.0018, lr: 0.000700, Train: 0.5837, Valid: 0.5671, Test: 0.0536
Run: 09, Epoch: 16, Loss: 0.0016, lr: 0.000700, Train: 0.7062, Valid: 0.6974, Test: 0.3373
Run: 09, Epoch: 17, Loss: 0.0014, lr: 0.000700, Train: 0.8079, Valid: 0.8069, Test: 0.5730
Run: 09, Epoch: 18, Loss: 0.0013, lr: 0.000700, Train: 0.8801, Valid: 0.8818, Test: 0.7356
Run: 09, Epoch: 19, Loss: 0.0013, lr: 0.000700, Train: 0.9247, Valid: 0.9237, Test: 0.8297
Run: 09, Epoch: 20, Loss: 0.0012, lr: 0.000700, Train: 0.9492, Valid: 0.9417, Test: 0.8759
Run: 09, Epoch: 21, Loss: 0.0012, lr: 0.000700, Train: 0.9619, Valid: 0.9468, Test: 0.8940
Run: 09, Epoch: 22, Loss: 0.0011, lr: 0.000700, Train: 0.9683, Valid: 0.9457, Test: 0.8988
Run: 09, Epoch: 23, Loss: 0.0011, lr: 0.000700, Train: 0.9713, Valid: 0.9433, Test: 0.8989
Run: 09, Epoch: 24, Loss: 0.0011, lr: 0.000700, Train: 0.9722, Valid: 0.9414, Test: 0.8986
Run: 09, Epoch: 25, Loss: 0.0010, lr: 0.000700, Train: 0.9707, Valid: 0.9392, Test: 0.8977
Run: 09, Epoch: 26, Loss: 0.0010, lr: 0.000700, Train: 0.9664, Valid: 0.9338, Test: 0.8932
Run: 09, Epoch: 27, Loss: 0.0009, lr: 0.000700, Train: 0.9591, Valid: 0.9236, Test: 0.8829
Run: 09, Epoch: 28, Loss: 0.0009, lr: 0.000490, Train: 0.9544, Valid: 0.9155, Test: 0.8755
Run: 09, Epoch: 29, Loss: 0.0008, lr: 0.000490, Train: 0.9511, Valid: 0.9085, Test: 0.8699
Run: 09, Epoch: 30, Loss: 0.0008, lr: 0.000490, Train: 0.9503, Valid: 0.9050, Test: 0.8683
Run: 09, Epoch: 31, Loss: 0.0008, lr: 0.000490, Train: 0.9523, Valid: 0.9062, Test: 0.8714
Run: 09, Epoch: 32, Loss: 0.0007, lr: 0.000490, Train: 0.9562, Valid: 0.9112, Test: 0.8778
Run: 09, Epoch: 33, Loss: 0.0007, lr: 0.000490, Train: 0.9610, Valid: 0.9178, Test: 0.8854
Run: 09, Epoch: 34, Loss: 0.0007, lr: 0.000343, Train: 0.9651, Valid: 0.9236, Test: 0.8923
Run: 09, Epoch: 35, Loss: 0.0007, lr: 0.000343, Train: 0.9683, Valid: 0.9281, Test: 0.8974
Run: 09, Epoch: 36, Loss: 0.0006, lr: 0.000343, Train: 0.9704, Valid: 0.9310, Test: 0.9005
Run: 09, Epoch: 37, Loss: 0.0006, lr: 0.000343, Train: 0.9714, Valid: 0.9325, Test: 0.9019
Run: 09, Epoch: 38, Loss: 0.0006, lr: 0.000343, Train: 0.9715, Valid: 0.9329, Test: 0.9018
Run: 09, Epoch: 39, Loss: 0.0006, lr: 0.000343, Train: 0.9708, Valid: 0.9323, Test: 0.9003
Run: 09, Epoch: 40, Loss: 0.0006, lr: 0.000240, Train: 0.9709, Valid: 0.9326, Test: 0.9004
Run: 09, Epoch: 41, Loss: 0.0006, lr: 0.000240, Train: 0.9707, Valid: 0.9324, Test: 0.8999
Run: 09, Epoch: 42, Loss: 0.0006, lr: 0.000240, Train: 0.9704, Valid: 0.9320, Test: 0.8992
Run: 09, Epoch: 43, Loss: 0.0006, lr: 0.000240, Train: 0.9702, Valid: 0.9316, Test: 0.8986
Run: 09, Epoch: 44, Loss: 0.0005, lr: 0.000240, Train: 0.9703, Valid: 0.9313, Test: 0.8985
Run: 09, Epoch: 45, Loss: 0.0005, lr: 0.000240, Train: 0.9708, Valid: 0.9314, Test: 0.8988
Run: 09, Epoch: 46, Loss: 0.0005, lr: 0.000168, Train: 0.9723, Valid: 0.9333, Test: 0.9016
Run: 09, Epoch: 47, Loss: 0.0005, lr: 0.000168, Train: 0.9740, Valid: 0.9353, Test: 0.9045
Run: 09, Epoch: 48, Loss: 0.0005, lr: 0.000168, Train: 0.9757, Valid: 0.9374, Test: 0.9076
Run: 09, Epoch: 49, Loss: 0.0005, lr: 0.000168, Train: 0.9774, Valid: 0.9395, Test: 0.9105
Run: 09, Epoch: 50, Loss: 0.0005, lr: 0.000168, Train: 0.9790, Valid: 0.9415, Test: 0.9133
Run: 09, Epoch: 51, Loss: 0.0005, lr: 0.000168, Train: 0.9805, Valid: 0.9434, Test: 0.9158
Run: 09, Epoch: 52, Loss: 0.0005, lr: 0.000118, Train: 0.9818, Valid: 0.9453, Test: 0.9183
Run: 09, Epoch: 53, Loss: 0.0005, lr: 0.000118, Train: 0.9829, Valid: 0.9468, Test: 0.9203
Run: 09, Epoch: 54, Loss: 0.0005, lr: 0.000118, Train: 0.9838, Valid: 0.9481, Test: 0.9220
Run: 09, Epoch: 55, Loss: 0.0005, lr: 0.000118, Train: 0.9846, Valid: 0.9491, Test: 0.9234
Run: 09, Epoch: 56, Loss: 0.0005, lr: 0.000118, Train: 0.9852, Valid: 0.9499, Test: 0.9246
Run: 09, Epoch: 57, Loss: 0.0005, lr: 0.000118, Train: 0.9857, Valid: 0.9506, Test: 0.9255
Run: 09, Epoch: 58, Loss: 0.0005, lr: 0.000118, Train: 0.9861, Valid: 0.9510, Test: 0.9262
Run: 09, Epoch: 59, Loss: 0.0005, lr: 0.000118, Train: 0.9864, Valid: 0.9514, Test: 0.9268
Run: 09, Epoch: 60, Loss: 0.0005, lr: 0.000118, Train: 0.9867, Valid: 0.9517, Test: 0.9274
Run: 09, Epoch: 61, Loss: 0.0004, lr: 0.000118, Train: 0.9869, Valid: 0.9518, Test: 0.9278
Run: 09, Epoch: 62, Loss: 0.0004, lr: 0.000118, Train: 0.9871, Valid: 0.9520, Test: 0.9283
Run: 09, Epoch: 63, Loss: 0.0004, lr: 0.000118, Train: 0.9873, Valid: 0.9521, Test: 0.9287
Run: 09, Epoch: 64, Loss: 0.0004, lr: 0.000118, Train: 0.9875, Valid: 0.9521, Test: 0.9290
Run: 09, Epoch: 65, Loss: 0.0004, lr: 0.000118, Train: 0.9877, Valid: 0.9522, Test: 0.9294
Run: 09, Epoch: 66, Loss: 0.0004, lr: 0.000118, Train: 0.9879, Valid: 0.9523, Test: 0.9296
Run: 09, Epoch: 67, Loss: 0.0004, lr: 0.000118, Train: 0.9881, Valid: 0.9524, Test: 0.9298
Run: 09, Epoch: 68, Loss: 0.0004, lr: 0.000118, Train: 0.9883, Valid: 0.9525, Test: 0.9300
Run: 09, Epoch: 69, Loss: 0.0004, lr: 0.000118, Train: 0.9885, Valid: 0.9527, Test: 0.9301
Run: 09, Epoch: 70, Loss: 0.0004, lr: 0.000118, Train: 0.9887, Valid: 0.9528, Test: 0.9303
Run: 09, Epoch: 71, Loss: 0.0004, lr: 0.000118, Train: 0.9888, Valid: 0.9530, Test: 0.9305
Run: 09, Epoch: 72, Loss: 0.0004, lr: 0.000118, Train: 0.9890, Valid: 0.9532, Test: 0.9307
Run: 09, Epoch: 73, Loss: 0.0004, lr: 0.000118, Train: 0.9891, Valid: 0.9534, Test: 0.9309
Run: 09, Epoch: 74, Loss: 0.0004, lr: 0.000118, Train: 0.9893, Valid: 0.9536, Test: 0.9311
Run: 09, Epoch: 75, Loss: 0.0004, lr: 0.000118, Train: 0.9894, Valid: 0.9537, Test: 0.9312
Run: 09, Epoch: 76, Loss: 0.0004, lr: 0.000118, Train: 0.9895, Valid: 0.9538, Test: 0.9312
Run: 09, Epoch: 77, Loss: 0.0004, lr: 0.000118, Train: 0.9896, Valid: 0.9539, Test: 0.9313
Run: 09, Epoch: 78, Loss: 0.0004, lr: 0.000118, Train: 0.9897, Valid: 0.9540, Test: 0.9314
Run: 09, Epoch: 79, Loss: 0.0004, lr: 0.000118, Train: 0.9898, Valid: 0.9540, Test: 0.9315
Run: 09, Epoch: 80, Loss: 0.0004, lr: 0.000118, Train: 0.9899, Valid: 0.9541, Test: 0.9316
Run: 09, Epoch: 81, Loss: 0.0004, lr: 0.000118, Train: 0.9900, Valid: 0.9541, Test: 0.9317
Run: 09, Epoch: 82, Loss: 0.0004, lr: 0.000118, Train: 0.9901, Valid: 0.9541, Test: 0.9317
Run: 09, Epoch: 83, Loss: 0.0004, lr: 0.000118, Train: 0.9902, Valid: 0.9541, Test: 0.9317
Run: 09, Epoch: 84, Loss: 0.0004, lr: 0.000118, Train: 0.9903, Valid: 0.9541, Test: 0.9317
Run: 09, Epoch: 85, Loss: 0.0004, lr: 0.000118, Train: 0.9904, Valid: 0.9541, Test: 0.9317
Run: 09, Epoch: 86, Loss: 0.0004, lr: 0.000118, Train: 0.9905, Valid: 0.9541, Test: 0.9317
Run: 09, Epoch: 87, Loss: 0.0004, lr: 0.000118, Train: 0.9906, Valid: 0.9541, Test: 0.9317
Run: 09, Epoch: 88, Loss: 0.0004, lr: 0.000082, Train: 0.9907, Valid: 0.9542, Test: 0.9317
Run: 09, Epoch: 89, Loss: 0.0003, lr: 0.000082, Train: 0.9908, Valid: 0.9543, Test: 0.9317
Run: 09, Epoch: 90, Loss: 0.0003, lr: 0.000082, Train: 0.9908, Valid: 0.9544, Test: 0.9316
Run: 09, Epoch: 91, Loss: 0.0003, lr: 0.000082, Train: 0.9909, Valid: 0.9544, Test: 0.9316
Run: 09, Epoch: 92, Loss: 0.0003, lr: 0.000082, Train: 0.9910, Valid: 0.9544, Test: 0.9316
Run: 09, Epoch: 93, Loss: 0.0003, lr: 0.000082, Train: 0.9911, Valid: 0.9545, Test: 0.9315
Run: 09, Epoch: 94, Loss: 0.0003, lr: 0.000082, Train: 0.9911, Valid: 0.9545, Test: 0.9315
Run: 09, Epoch: 95, Loss: 0.0003, lr: 0.000082, Train: 0.9912, Valid: 0.9545, Test: 0.9314
Run: 09, Epoch: 96, Loss: 0.0003, lr: 0.000082, Train: 0.9913, Valid: 0.9545, Test: 0.9314
Run: 09, Epoch: 97, Loss: 0.0003, lr: 0.000082, Train: 0.9913, Valid: 0.9545, Test: 0.9313
Run: 09, Epoch: 98, Loss: 0.0003, lr: 0.000082, Train: 0.9914, Valid: 0.9545, Test: 0.9313
Run: 09, Epoch: 99, Loss: 0.0003, lr: 0.000082, Train: 0.9914, Valid: 0.9545, Test: 0.9313
Run: 09, Epoch: 100, Loss: 0.0003, lr: 0.000082, Train: 0.9915, Valid: 0.9545, Test: 0.9313
Run 09:
Highest Train: 0.99
Highest Valid: 0.95
  Final Train: 0.99
   Final Test: 0.93
Run: 10, Epoch: 01, Loss: 0.0500, lr: 0.001000, Train: 0.4782, Valid: -0.0829, Test: 0.4386
Run: 10, Epoch: 02, Loss: 0.0136, lr: 0.001000, Train: 0.5712, Valid: 0.1130, Test: 0.5333
Run: 10, Epoch: 03, Loss: 0.0099, lr: 0.001000, Train: 0.5642, Valid: 0.2606, Test: 0.5004
Run: 10, Epoch: 04, Loss: 0.0089, lr: 0.001000, Train: 0.5704, Valid: 0.4280, Test: 0.4687
Run: 10, Epoch: 05, Loss: 0.0074, lr: 0.001000, Train: 0.6060, Valid: 0.5357, Test: 0.4981
Run: 10, Epoch: 06, Loss: 0.0058, lr: 0.001000, Train: 0.6516, Valid: 0.5481, Test: 0.5593
Run: 10, Epoch: 07, Loss: 0.0042, lr: 0.001000, Train: 0.6895, Valid: 0.5096, Test: 0.6181
Run: 10, Epoch: 08, Loss: 0.0028, lr: 0.001000, Train: 0.7159, Valid: 0.4655, Test: 0.6613
Run: 10, Epoch: 09, Loss: 0.0022, lr: 0.001000, Train: 0.7377, Valid: 0.4466, Test: 0.6954
Run: 10, Epoch: 10, Loss: 0.0022, lr: 0.001000, Train: 0.7593, Valid: 0.4478, Test: 0.7220
Run: 10, Epoch: 11, Loss: 0.0022, lr: 0.001000, Train: 0.7711, Valid: 0.4430, Test: 0.7255
Run: 10, Epoch: 12, Loss: 0.0020, lr: 0.001000, Train: 0.7516, Valid: 0.3984, Test: 0.6866
Run: 10, Epoch: 13, Loss: 0.0018, lr: 0.000700, Train: 0.7160, Valid: 0.3463, Test: 0.6330
Run: 10, Epoch: 14, Loss: 0.0016, lr: 0.000700, Train: 0.6530, Valid: 0.2668, Test: 0.5512
Run: 10, Epoch: 15, Loss: 0.0015, lr: 0.000700, Train: 0.5780, Valid: 0.1762, Test: 0.4562
Run: 10, Epoch: 16, Loss: 0.0014, lr: 0.000700, Train: 0.5173, Valid: 0.1015, Test: 0.3775
Run: 10, Epoch: 17, Loss: 0.0013, lr: 0.000700, Train: 0.5013, Valid: 0.0868, Test: 0.3520
Run: 10, Epoch: 18, Loss: 0.0013, lr: 0.000700, Train: 0.5474, Valid: 0.1641, Test: 0.4029
Run: 10, Epoch: 19, Loss: 0.0013, lr: 0.000490, Train: 0.6393, Valid: 0.3139, Test: 0.5117
Run: 10, Epoch: 20, Loss: 0.0012, lr: 0.000490, Train: 0.7439, Valid: 0.4842, Test: 0.6405
Run: 10, Epoch: 21, Loss: 0.0011, lr: 0.000490, Train: 0.8404, Valid: 0.6482, Test: 0.7618
Run: 10, Epoch: 22, Loss: 0.0011, lr: 0.000490, Train: 0.9131, Valid: 0.7757, Test: 0.8563
Run: 10, Epoch: 23, Loss: 0.0010, lr: 0.000490, Train: 0.9567, Valid: 0.8559, Test: 0.9132
Run: 10, Epoch: 24, Loss: 0.0010, lr: 0.000490, Train: 0.9734, Valid: 0.8871, Test: 0.9356
Run: 10, Epoch: 25, Loss: 0.0009, lr: 0.000490, Train: 0.9724, Valid: 0.8848, Test: 0.9354
Run: 10, Epoch: 26, Loss: 0.0009, lr: 0.000490, Train: 0.9642, Valid: 0.8674, Test: 0.9258
Run: 10, Epoch: 27, Loss: 0.0009, lr: 0.000490, Train: 0.9565, Valid: 0.8498, Test: 0.9164
Run: 10, Epoch: 28, Loss: 0.0009, lr: 0.000490, Train: 0.9527, Valid: 0.8391, Test: 0.9112
Run: 10, Epoch: 29, Loss: 0.0008, lr: 0.000490, Train: 0.9530, Valid: 0.8359, Test: 0.9105
Run: 10, Epoch: 30, Loss: 0.0008, lr: 0.000490, Train: 0.9562, Valid: 0.8386, Test: 0.9127
Run: 10, Epoch: 31, Loss: 0.0008, lr: 0.000343, Train: 0.9607, Valid: 0.8447, Test: 0.9163
Run: 10, Epoch: 32, Loss: 0.0008, lr: 0.000343, Train: 0.9652, Valid: 0.8516, Test: 0.9199
Run: 10, Epoch: 33, Loss: 0.0007, lr: 0.000343, Train: 0.9692, Valid: 0.8587, Test: 0.9230
Run: 10, Epoch: 34, Loss: 0.0007, lr: 0.000343, Train: 0.9726, Valid: 0.8654, Test: 0.9255
Run: 10, Epoch: 35, Loss: 0.0007, lr: 0.000343, Train: 0.9755, Valid: 0.8720, Test: 0.9277
Run: 10, Epoch: 36, Loss: 0.0007, lr: 0.000343, Train: 0.9779, Valid: 0.8781, Test: 0.9298
Run: 10, Epoch: 37, Loss: 0.0007, lr: 0.000240, Train: 0.9796, Valid: 0.8828, Test: 0.9316
Run: 10, Epoch: 38, Loss: 0.0007, lr: 0.000240, Train: 0.9811, Valid: 0.8870, Test: 0.9331
Run: 10, Epoch: 39, Loss: 0.0006, lr: 0.000240, Train: 0.9822, Valid: 0.8906, Test: 0.9344
Run: 10, Epoch: 40, Loss: 0.0006, lr: 0.000240, Train: 0.9830, Valid: 0.8933, Test: 0.9354
Run: 10, Epoch: 41, Loss: 0.0006, lr: 0.000240, Train: 0.9835, Valid: 0.8952, Test: 0.9360
Run: 10, Epoch: 42, Loss: 0.0006, lr: 0.000240, Train: 0.9839, Valid: 0.8962, Test: 0.9364
Run: 10, Epoch: 43, Loss: 0.0006, lr: 0.000240, Train: 0.9841, Valid: 0.8967, Test: 0.9365
Run: 10, Epoch: 44, Loss: 0.0006, lr: 0.000240, Train: 0.9844, Valid: 0.8967, Test: 0.9365
Run: 10, Epoch: 45, Loss: 0.0006, lr: 0.000240, Train: 0.9846, Valid: 0.8964, Test: 0.9363
Run: 10, Epoch: 46, Loss: 0.0006, lr: 0.000240, Train: 0.9848, Valid: 0.8959, Test: 0.9359
Run: 10, Epoch: 47, Loss: 0.0006, lr: 0.000240, Train: 0.9848, Valid: 0.8951, Test: 0.9351
Run: 10, Epoch: 48, Loss: 0.0006, lr: 0.000240, Train: 0.9847, Valid: 0.8939, Test: 0.9340
Run: 10, Epoch: 49, Loss: 0.0006, lr: 0.000240, Train: 0.9843, Valid: 0.8925, Test: 0.9325
Run: 10, Epoch: 50, Loss: 0.0006, lr: 0.000168, Train: 0.9841, Valid: 0.8917, Test: 0.9315
Run: 10, Epoch: 51, Loss: 0.0005, lr: 0.000168, Train: 0.9840, Valid: 0.8910, Test: 0.9304
Run: 10, Epoch: 52, Loss: 0.0005, lr: 0.000168, Train: 0.9839, Valid: 0.8905, Test: 0.9295
Run: 10, Epoch: 53, Loss: 0.0005, lr: 0.000168, Train: 0.9839, Valid: 0.8903, Test: 0.9288
Run: 10, Epoch: 54, Loss: 0.0005, lr: 0.000168, Train: 0.9841, Valid: 0.8904, Test: 0.9284
Run: 10, Epoch: 55, Loss: 0.0005, lr: 0.000168, Train: 0.9843, Valid: 0.8907, Test: 0.9281
Run: 10, Epoch: 56, Loss: 0.0005, lr: 0.000118, Train: 0.9846, Valid: 0.8915, Test: 0.9282
Run: 10, Epoch: 57, Loss: 0.0005, lr: 0.000118, Train: 0.9850, Valid: 0.8924, Test: 0.9284
Run: 10, Epoch: 58, Loss: 0.0005, lr: 0.000118, Train: 0.9853, Valid: 0.8933, Test: 0.9285
Run: 10, Epoch: 59, Loss: 0.0005, lr: 0.000118, Train: 0.9857, Valid: 0.8942, Test: 0.9287
Run: 10, Epoch: 60, Loss: 0.0005, lr: 0.000118, Train: 0.9860, Valid: 0.8950, Test: 0.9288
Run: 10, Epoch: 61, Loss: 0.0005, lr: 0.000118, Train: 0.9862, Valid: 0.8958, Test: 0.9289
Run: 10, Epoch: 62, Loss: 0.0005, lr: 0.000082, Train: 0.9865, Valid: 0.8965, Test: 0.9291
Run: 10, Epoch: 63, Loss: 0.0005, lr: 0.000082, Train: 0.9867, Valid: 0.8972, Test: 0.9291
Run: 10, Epoch: 64, Loss: 0.0005, lr: 0.000082, Train: 0.9868, Valid: 0.8978, Test: 0.9292
Run: 10, Epoch: 65, Loss: 0.0005, lr: 0.000082, Train: 0.9870, Valid: 0.8983, Test: 0.9292
Run: 10, Epoch: 66, Loss: 0.0005, lr: 0.000082, Train: 0.9871, Valid: 0.8987, Test: 0.9292
Run: 10, Epoch: 67, Loss: 0.0005, lr: 0.000082, Train: 0.9872, Valid: 0.8991, Test: 0.9292
Run: 10, Epoch: 68, Loss: 0.0005, lr: 0.000082, Train: 0.9873, Valid: 0.8994, Test: 0.9291
Run: 10, Epoch: 69, Loss: 0.0005, lr: 0.000082, Train: 0.9874, Valid: 0.8997, Test: 0.9291
Run: 10, Epoch: 70, Loss: 0.0005, lr: 0.000082, Train: 0.9874, Valid: 0.9000, Test: 0.9290
Run: 10, Epoch: 71, Loss: 0.0005, lr: 0.000082, Train: 0.9875, Valid: 0.9002, Test: 0.9290
Run: 10, Epoch: 72, Loss: 0.0005, lr: 0.000082, Train: 0.9876, Valid: 0.9004, Test: 0.9289
Run: 10, Epoch: 73, Loss: 0.0005, lr: 0.000082, Train: 0.9877, Valid: 0.9006, Test: 0.9289
Run: 10, Epoch: 74, Loss: 0.0005, lr: 0.000082, Train: 0.9878, Valid: 0.9007, Test: 0.9288
Run: 10, Epoch: 75, Loss: 0.0005, lr: 0.000082, Train: 0.9878, Valid: 0.9008, Test: 0.9288
Run: 10, Epoch: 76, Loss: 0.0005, lr: 0.000082, Train: 0.9879, Valid: 0.9008, Test: 0.9287
Run: 10, Epoch: 77, Loss: 0.0005, lr: 0.000082, Train: 0.9880, Valid: 0.9008, Test: 0.9287
Run: 10, Epoch: 78, Loss: 0.0005, lr: 0.000082, Train: 0.9880, Valid: 0.9008, Test: 0.9286
Run: 10, Epoch: 79, Loss: 0.0005, lr: 0.000082, Train: 0.9881, Valid: 0.9008, Test: 0.9285
Run: 10, Epoch: 80, Loss: 0.0005, lr: 0.000082, Train: 0.9882, Valid: 0.9007, Test: 0.9284
Run: 10, Epoch: 81, Loss: 0.0004, lr: 0.000082, Train: 0.9882, Valid: 0.9007, Test: 0.9283
Run: 10, Epoch: 82, Loss: 0.0004, lr: 0.000082, Train: 0.9882, Valid: 0.9007, Test: 0.9282
Run: 10, Epoch: 83, Loss: 0.0004, lr: 0.000058, Train: 0.9883, Valid: 0.9008, Test: 0.9282
Run: 10, Epoch: 84, Loss: 0.0004, lr: 0.000058, Train: 0.9884, Valid: 0.9009, Test: 0.9281
Run: 10, Epoch: 85, Loss: 0.0004, lr: 0.000058, Train: 0.9884, Valid: 0.9010, Test: 0.9281
Run: 10, Epoch: 86, Loss: 0.0004, lr: 0.000058, Train: 0.9885, Valid: 0.9011, Test: 0.9280
Run: 10, Epoch: 87, Loss: 0.0004, lr: 0.000058, Train: 0.9886, Valid: 0.9012, Test: 0.9280
Run: 10, Epoch: 88, Loss: 0.0004, lr: 0.000058, Train: 0.9886, Valid: 0.9013, Test: 0.9279
Run: 10, Epoch: 89, Loss: 0.0004, lr: 0.000058, Train: 0.9887, Valid: 0.9014, Test: 0.9279
Run: 10, Epoch: 90, Loss: 0.0004, lr: 0.000058, Train: 0.9887, Valid: 0.9015, Test: 0.9278
Run: 10, Epoch: 91, Loss: 0.0004, lr: 0.000058, Train: 0.9888, Valid: 0.9015, Test: 0.9278
Run: 10, Epoch: 92, Loss: 0.0004, lr: 0.000058, Train: 0.9889, Valid: 0.9016, Test: 0.9277
Run: 10, Epoch: 93, Loss: 0.0004, lr: 0.000058, Train: 0.9889, Valid: 0.9017, Test: 0.9277
Run: 10, Epoch: 94, Loss: 0.0004, lr: 0.000058, Train: 0.9890, Valid: 0.9017, Test: 0.9276
Run: 10, Epoch: 95, Loss: 0.0004, lr: 0.000058, Train: 0.9890, Valid: 0.9018, Test: 0.9276
Run: 10, Epoch: 96, Loss: 0.0004, lr: 0.000058, Train: 0.9891, Valid: 0.9019, Test: 0.9276
Run: 10, Epoch: 97, Loss: 0.0004, lr: 0.000058, Train: 0.9891, Valid: 0.9019, Test: 0.9275
Run: 10, Epoch: 98, Loss: 0.0004, lr: 0.000058, Train: 0.9892, Valid: 0.9020, Test: 0.9275
Run: 10, Epoch: 99, Loss: 0.0004, lr: 0.000058, Train: 0.9892, Valid: 0.9021, Test: 0.9274
Run: 10, Epoch: 100, Loss: 0.0004, lr: 0.000058, Train: 0.9893, Valid: 0.9021, Test: 0.9274
Run 10:
Highest Train: 0.99
Highest Valid: 0.90
  Final Train: 0.99
   Final Test: 0.93
All runs:
Highest Train: 0.99  0.00
Highest Valid: 0.95  0.02
  Final Train: 0.98  0.01
   Final Test: 0.94  0.02
