Namespace(conv_layers=3, device=0, dropout=0.0, epochs=100, hidden_dim=256, log_steps=1, lr=0.001, method='trans', mlp_layers=2, runs=10, subset='physics')
Run: 01, Epoch: 01, Loss: 0.0307, lr: 0.001000, Train: 0.7351, Valid: 0.8146, Test: 0.7740
Run: 01, Epoch: 02, Loss: 0.0126, lr: 0.001000, Train: 0.7933, Valid: 0.9329, Test: 0.8620
Run: 01, Epoch: 03, Loss: 0.0097, lr: 0.001000, Train: 0.8084, Valid: 0.9384, Test: 0.8119
Run: 01, Epoch: 04, Loss: 0.0048, lr: 0.001000, Train: 0.8708, Valid: 0.9602, Test: 0.8404
Run: 01, Epoch: 05, Loss: 0.0043, lr: 0.001000, Train: 0.8798, Valid: 0.9568, Test: 0.9151
Run: 01, Epoch: 06, Loss: 0.0045, lr: 0.001000, Train: 0.8616, Valid: 0.9370, Test: 0.8297
Run: 01, Epoch: 07, Loss: 0.0029, lr: 0.001000, Train: 0.8448, Valid: 0.9270, Test: 0.7928
Run: 01, Epoch: 08, Loss: 0.0022, lr: 0.001000, Train: 0.8380, Valid: 0.9201, Test: 0.7469
Run: 01, Epoch: 09, Loss: 0.0021, lr: 0.001000, Train: 0.8653, Valid: 0.9279, Test: 0.7530
Run: 01, Epoch: 10, Loss: 0.0016, lr: 0.001000, Train: 0.8931, Valid: 0.9362, Test: 0.7920
Run: 01, Epoch: 11, Loss: 0.0015, lr: 0.000700, Train: 0.9066, Valid: 0.9415, Test: 0.8198
Run: 01, Epoch: 12, Loss: 0.0012, lr: 0.000700, Train: 0.9007, Valid: 0.9421, Test: 0.8214
Run: 01, Epoch: 13, Loss: 0.0010, lr: 0.000700, Train: 0.8919, Valid: 0.9435, Test: 0.8245
Run: 01, Epoch: 14, Loss: 0.0009, lr: 0.000700, Train: 0.8941, Valid: 0.9486, Test: 0.8364
Run: 01, Epoch: 15, Loss: 0.0008, lr: 0.000700, Train: 0.8938, Valid: 0.9523, Test: 0.8352
Run: 01, Epoch: 16, Loss: 0.0007, lr: 0.000700, Train: 0.8953, Valid: 0.9534, Test: 0.8286
Run: 01, Epoch: 17, Loss: 0.0006, lr: 0.000490, Train: 0.9050, Valid: 0.9556, Test: 0.8433
Run: 01, Epoch: 18, Loss: 0.0006, lr: 0.000490, Train: 0.9173, Valid: 0.9589, Test: 0.8768
Run: 01, Epoch: 19, Loss: 0.0006, lr: 0.000490, Train: 0.9311, Valid: 0.9638, Test: 0.8923
Run: 01, Epoch: 20, Loss: 0.0005, lr: 0.000490, Train: 0.9434, Valid: 0.9697, Test: 0.9029
Run: 01, Epoch: 21, Loss: 0.0005, lr: 0.000490, Train: 0.9528, Valid: 0.9747, Test: 0.9092
Run: 01, Epoch: 22, Loss: 0.0004, lr: 0.000490, Train: 0.9596, Valid: 0.9776, Test: 0.9126
Run: 01, Epoch: 23, Loss: 0.0004, lr: 0.000490, Train: 0.9654, Valid: 0.9788, Test: 0.9151
Run: 01, Epoch: 24, Loss: 0.0003, lr: 0.000490, Train: 0.9707, Valid: 0.9795, Test: 0.9169
Run: 01, Epoch: 25, Loss: 0.0003, lr: 0.000490, Train: 0.9748, Valid: 0.9794, Test: 0.9176
Run: 01, Epoch: 26, Loss: 0.0003, lr: 0.000490, Train: 0.9776, Valid: 0.9796, Test: 0.9171
Run: 01, Epoch: 27, Loss: 0.0003, lr: 0.000490, Train: 0.9796, Valid: 0.9800, Test: 0.9169
Run: 01, Epoch: 28, Loss: 0.0003, lr: 0.000490, Train: 0.9811, Valid: 0.9804, Test: 0.9172
Run: 01, Epoch: 29, Loss: 0.0002, lr: 0.000490, Train: 0.9816, Valid: 0.9811, Test: 0.9178
Run: 01, Epoch: 30, Loss: 0.0002, lr: 0.000490, Train: 0.9824, Valid: 0.9822, Test: 0.9199
Run: 01, Epoch: 31, Loss: 0.0002, lr: 0.000490, Train: 0.9839, Valid: 0.9836, Test: 0.9229
Run: 01, Epoch: 32, Loss: 0.0002, lr: 0.000490, Train: 0.9858, Valid: 0.9850, Test: 0.9251
Run: 01, Epoch: 33, Loss: 0.0002, lr: 0.000490, Train: 0.9888, Valid: 0.9857, Test: 0.9276
Run: 01, Epoch: 34, Loss: 0.0001, lr: 0.000490, Train: 0.9915, Valid: 0.9857, Test: 0.9291
Run: 01, Epoch: 35, Loss: 0.0001, lr: 0.000490, Train: 0.9928, Valid: 0.9853, Test: 0.9288
Run: 01, Epoch: 36, Loss: 0.0001, lr: 0.000490, Train: 0.9928, Valid: 0.9850, Test: 0.9266
Run: 01, Epoch: 37, Loss: 0.0001, lr: 0.000490, Train: 0.9919, Valid: 0.9848, Test: 0.9234
Run: 01, Epoch: 38, Loss: 0.0001, lr: 0.000490, Train: 0.9908, Valid: 0.9843, Test: 0.9200
Run: 01, Epoch: 39, Loss: 0.0001, lr: 0.000490, Train: 0.9902, Valid: 0.9836, Test: 0.9174
Run: 01, Epoch: 40, Loss: 0.0001, lr: 0.000343, Train: 0.9904, Valid: 0.9834, Test: 0.9165
Run: 01, Epoch: 41, Loss: 0.0001, lr: 0.000343, Train: 0.9909, Valid: 0.9835, Test: 0.9162
Run: 01, Epoch: 42, Loss: 0.0001, lr: 0.000343, Train: 0.9916, Valid: 0.9838, Test: 0.9165
Run: 01, Epoch: 43, Loss: 0.0001, lr: 0.000343, Train: 0.9925, Valid: 0.9842, Test: 0.9173
Run: 01, Epoch: 44, Loss: 0.0001, lr: 0.000343, Train: 0.9935, Valid: 0.9847, Test: 0.9184
Run: 01, Epoch: 45, Loss: 0.0001, lr: 0.000343, Train: 0.9946, Valid: 0.9851, Test: 0.9199
Run: 01, Epoch: 46, Loss: 0.0001, lr: 0.000240, Train: 0.9955, Valid: 0.9853, Test: 0.9217
Run: 01, Epoch: 47, Loss: 0.0000, lr: 0.000240, Train: 0.9964, Valid: 0.9855, Test: 0.9237
Run: 01, Epoch: 48, Loss: 0.0000, lr: 0.000240, Train: 0.9971, Valid: 0.9857, Test: 0.9256
Run: 01, Epoch: 49, Loss: 0.0000, lr: 0.000240, Train: 0.9975, Valid: 0.9859, Test: 0.9273
Run: 01, Epoch: 50, Loss: 0.0000, lr: 0.000240, Train: 0.9979, Valid: 0.9861, Test: 0.9289
Run: 01, Epoch: 51, Loss: 0.0000, lr: 0.000240, Train: 0.9981, Valid: 0.9864, Test: 0.9303
Run: 01, Epoch: 52, Loss: 0.0000, lr: 0.000240, Train: 0.9983, Valid: 0.9865, Test: 0.9315
Run: 01, Epoch: 53, Loss: 0.0000, lr: 0.000240, Train: 0.9984, Valid: 0.9866, Test: 0.9324
Run: 01, Epoch: 54, Loss: 0.0000, lr: 0.000240, Train: 0.9985, Valid: 0.9866, Test: 0.9329
Run: 01, Epoch: 55, Loss: 0.0000, lr: 0.000240, Train: 0.9986, Valid: 0.9866, Test: 0.9330
Run: 01, Epoch: 56, Loss: 0.0000, lr: 0.000240, Train: 0.9987, Valid: 0.9865, Test: 0.9328
Run: 01, Epoch: 57, Loss: 0.0000, lr: 0.000240, Train: 0.9988, Valid: 0.9865, Test: 0.9325
Run: 01, Epoch: 58, Loss: 0.0000, lr: 0.000240, Train: 0.9989, Valid: 0.9864, Test: 0.9323
Run: 01, Epoch: 59, Loss: 0.0000, lr: 0.000240, Train: 0.9989, Valid: 0.9864, Test: 0.9321
Run: 01, Epoch: 60, Loss: 0.0000, lr: 0.000240, Train: 0.9990, Valid: 0.9863, Test: 0.9322
Run: 01, Epoch: 61, Loss: 0.0000, lr: 0.000168, Train: 0.9990, Valid: 0.9863, Test: 0.9323
Run: 01, Epoch: 62, Loss: 0.0000, lr: 0.000168, Train: 0.9991, Valid: 0.9862, Test: 0.9326
Run: 01, Epoch: 63, Loss: 0.0000, lr: 0.000168, Train: 0.9991, Valid: 0.9862, Test: 0.9330
Run: 01, Epoch: 64, Loss: 0.0000, lr: 0.000168, Train: 0.9991, Valid: 0.9862, Test: 0.9333
Run: 01, Epoch: 65, Loss: 0.0000, lr: 0.000168, Train: 0.9991, Valid: 0.9863, Test: 0.9335
Run: 01, Epoch: 66, Loss: 0.0000, lr: 0.000168, Train: 0.9991, Valid: 0.9864, Test: 0.9336
Run: 01, Epoch: 67, Loss: 0.0000, lr: 0.000118, Train: 0.9991, Valid: 0.9865, Test: 0.9335
Run: 01, Epoch: 68, Loss: 0.0000, lr: 0.000118, Train: 0.9992, Valid: 0.9865, Test: 0.9333
Run: 01, Epoch: 69, Loss: 0.0000, lr: 0.000118, Train: 0.9992, Valid: 0.9865, Test: 0.9330
Run: 01, Epoch: 70, Loss: 0.0000, lr: 0.000118, Train: 0.9992, Valid: 0.9865, Test: 0.9327
Run: 01, Epoch: 71, Loss: 0.0000, lr: 0.000118, Train: 0.9992, Valid: 0.9865, Test: 0.9324
Run: 01, Epoch: 72, Loss: 0.0000, lr: 0.000118, Train: 0.9993, Valid: 0.9865, Test: 0.9320
Run: 01, Epoch: 73, Loss: 0.0000, lr: 0.000082, Train: 0.9993, Valid: 0.9865, Test: 0.9317
Run: 01, Epoch: 74, Loss: 0.0000, lr: 0.000082, Train: 0.9993, Valid: 0.9865, Test: 0.9315
Run: 01, Epoch: 75, Loss: 0.0000, lr: 0.000082, Train: 0.9994, Valid: 0.9865, Test: 0.9312
Run: 01, Epoch: 76, Loss: 0.0000, lr: 0.000082, Train: 0.9994, Valid: 0.9865, Test: 0.9311
Run: 01, Epoch: 77, Loss: 0.0000, lr: 0.000082, Train: 0.9994, Valid: 0.9865, Test: 0.9309
Run: 01, Epoch: 78, Loss: 0.0000, lr: 0.000082, Train: 0.9994, Valid: 0.9864, Test: 0.9308
Run: 01, Epoch: 79, Loss: 0.0000, lr: 0.000058, Train: 0.9994, Valid: 0.9864, Test: 0.9307
Run: 01, Epoch: 80, Loss: 0.0000, lr: 0.000058, Train: 0.9995, Valid: 0.9864, Test: 0.9306
Run: 01, Epoch: 81, Loss: 0.0000, lr: 0.000058, Train: 0.9995, Valid: 0.9864, Test: 0.9305
Run: 01, Epoch: 82, Loss: 0.0000, lr: 0.000058, Train: 0.9995, Valid: 0.9864, Test: 0.9304
Run: 01, Epoch: 83, Loss: 0.0000, lr: 0.000058, Train: 0.9995, Valid: 0.9864, Test: 0.9303
Run: 01, Epoch: 84, Loss: 0.0000, lr: 0.000058, Train: 0.9995, Valid: 0.9864, Test: 0.9302
Run: 01, Epoch: 85, Loss: 0.0000, lr: 0.000040, Train: 0.9995, Valid: 0.9864, Test: 0.9301
Run: 01, Epoch: 86, Loss: 0.0000, lr: 0.000040, Train: 0.9995, Valid: 0.9864, Test: 0.9300
Run: 01, Epoch: 87, Loss: 0.0000, lr: 0.000040, Train: 0.9995, Valid: 0.9864, Test: 0.9299
Run: 01, Epoch: 88, Loss: 0.0000, lr: 0.000040, Train: 0.9995, Valid: 0.9864, Test: 0.9299
Run: 01, Epoch: 89, Loss: 0.0000, lr: 0.000040, Train: 0.9995, Valid: 0.9864, Test: 0.9298
Run: 01, Epoch: 90, Loss: 0.0000, lr: 0.000040, Train: 0.9995, Valid: 0.9865, Test: 0.9297
Run: 01, Epoch: 91, Loss: 0.0000, lr: 0.000028, Train: 0.9995, Valid: 0.9865, Test: 0.9296
Run: 01, Epoch: 92, Loss: 0.0000, lr: 0.000028, Train: 0.9996, Valid: 0.9865, Test: 0.9295
Run: 01, Epoch: 93, Loss: 0.0000, lr: 0.000028, Train: 0.9996, Valid: 0.9865, Test: 0.9295
Run: 01, Epoch: 94, Loss: 0.0000, lr: 0.000028, Train: 0.9996, Valid: 0.9865, Test: 0.9294
Run: 01, Epoch: 95, Loss: 0.0000, lr: 0.000028, Train: 0.9996, Valid: 0.9865, Test: 0.9294
Run: 01, Epoch: 96, Loss: 0.0000, lr: 0.000028, Train: 0.9996, Valid: 0.9865, Test: 0.9293
Run: 01, Epoch: 97, Loss: 0.0000, lr: 0.000020, Train: 0.9996, Valid: 0.9865, Test: 0.9293
Run: 01, Epoch: 98, Loss: 0.0000, lr: 0.000020, Train: 0.9996, Valid: 0.9865, Test: 0.9292
Run: 01, Epoch: 99, Loss: 0.0000, lr: 0.000020, Train: 0.9996, Valid: 0.9865, Test: 0.9292
Run: 01, Epoch: 100, Loss: 0.0000, lr: 0.000020, Train: 0.9996, Valid: 0.9865, Test: 0.9291
Run 01:
Highest Train: 1.00
Highest Valid: 0.99
  Final Train: 1.00
   Final Test: 0.93
Run: 02, Epoch: 01, Loss: 0.0571, lr: 0.001000, Train: 0.7165, Valid: 0.5280, Test: 0.6802
Run: 02, Epoch: 02, Loss: 0.0097, lr: 0.001000, Train: 0.8520, Valid: 0.6461, Test: 0.8270
Run: 02, Epoch: 03, Loss: 0.0054, lr: 0.001000, Train: 0.8087, Valid: 0.6780, Test: 0.8106
Run: 02, Epoch: 04, Loss: 0.0040, lr: 0.001000, Train: 0.7931, Valid: 0.5359, Test: 0.7267
Run: 02, Epoch: 05, Loss: 0.0031, lr: 0.001000, Train: 0.7683, Valid: 0.6075, Test: 0.7112
Run: 02, Epoch: 06, Loss: 0.0024, lr: 0.001000, Train: 0.6973, Valid: 0.6371, Test: 0.6623
Run: 02, Epoch: 07, Loss: 0.0019, lr: 0.001000, Train: 0.6912, Valid: 0.6043, Test: 0.7096
Run: 02, Epoch: 08, Loss: 0.0014, lr: 0.001000, Train: 0.7178, Valid: 0.6137, Test: 0.7553
Run: 02, Epoch: 09, Loss: 0.0015, lr: 0.001000, Train: 0.7632, Valid: 0.6756, Test: 0.8139
Run: 02, Epoch: 10, Loss: 0.0013, lr: 0.000700, Train: 0.8197, Valid: 0.7304, Test: 0.8561
Run: 02, Epoch: 11, Loss: 0.0011, lr: 0.000700, Train: 0.8746, Valid: 0.7739, Test: 0.8737
Run: 02, Epoch: 12, Loss: 0.0010, lr: 0.000700, Train: 0.9090, Valid: 0.8024, Test: 0.8732
Run: 02, Epoch: 13, Loss: 0.0010, lr: 0.000700, Train: 0.9251, Valid: 0.8290, Test: 0.8833
Run: 02, Epoch: 14, Loss: 0.0009, lr: 0.000700, Train: 0.9310, Valid: 0.8529, Test: 0.9020
Run: 02, Epoch: 15, Loss: 0.0008, lr: 0.000700, Train: 0.9369, Valid: 0.8641, Test: 0.9174
Run: 02, Epoch: 16, Loss: 0.0007, lr: 0.000700, Train: 0.9516, Valid: 0.8618, Test: 0.9235
Run: 02, Epoch: 17, Loss: 0.0006, lr: 0.000700, Train: 0.9619, Valid: 0.8562, Test: 0.9196
Run: 02, Epoch: 18, Loss: 0.0006, lr: 0.000700, Train: 0.9660, Valid: 0.8613, Test: 0.9219
Run: 02, Epoch: 19, Loss: 0.0005, lr: 0.000700, Train: 0.9659, Valid: 0.8603, Test: 0.9377
Run: 02, Epoch: 20, Loss: 0.0005, lr: 0.000700, Train: 0.9676, Valid: 0.8571, Test: 0.9450
Run: 02, Epoch: 21, Loss: 0.0005, lr: 0.000700, Train: 0.9761, Valid: 0.8580, Test: 0.9401
Run: 02, Epoch: 22, Loss: 0.0004, lr: 0.000490, Train: 0.9819, Valid: 0.8541, Test: 0.9299
Run: 02, Epoch: 23, Loss: 0.0004, lr: 0.000490, Train: 0.9848, Valid: 0.8475, Test: 0.9201
Run: 02, Epoch: 24, Loss: 0.0003, lr: 0.000490, Train: 0.9857, Valid: 0.8428, Test: 0.9167
Run: 02, Epoch: 25, Loss: 0.0003, lr: 0.000490, Train: 0.9862, Valid: 0.8416, Test: 0.9182
Run: 02, Epoch: 26, Loss: 0.0003, lr: 0.000490, Train: 0.9876, Valid: 0.8427, Test: 0.9190
Run: 02, Epoch: 27, Loss: 0.0003, lr: 0.000490, Train: 0.9894, Valid: 0.8446, Test: 0.9163
Run: 02, Epoch: 28, Loss: 0.0002, lr: 0.000343, Train: 0.9906, Valid: 0.8451, Test: 0.9141
Run: 02, Epoch: 29, Loss: 0.0002, lr: 0.000343, Train: 0.9915, Valid: 0.8448, Test: 0.9138
Run: 02, Epoch: 30, Loss: 0.0002, lr: 0.000343, Train: 0.9923, Valid: 0.8438, Test: 0.9155
Run: 02, Epoch: 31, Loss: 0.0002, lr: 0.000343, Train: 0.9926, Valid: 0.8427, Test: 0.9171
Run: 02, Epoch: 32, Loss: 0.0002, lr: 0.000343, Train: 0.9929, Valid: 0.8421, Test: 0.9167
Run: 02, Epoch: 33, Loss: 0.0002, lr: 0.000343, Train: 0.9934, Valid: 0.8425, Test: 0.9143
Run: 02, Epoch: 34, Loss: 0.0002, lr: 0.000240, Train: 0.9939, Valid: 0.8432, Test: 0.9118
Run: 02, Epoch: 35, Loss: 0.0002, lr: 0.000240, Train: 0.9944, Valid: 0.8442, Test: 0.9100
Run: 02, Epoch: 36, Loss: 0.0001, lr: 0.000240, Train: 0.9949, Valid: 0.8450, Test: 0.9095
Run: 02, Epoch: 37, Loss: 0.0001, lr: 0.000240, Train: 0.9952, Valid: 0.8451, Test: 0.9104
Run: 02, Epoch: 38, Loss: 0.0001, lr: 0.000240, Train: 0.9956, Valid: 0.8439, Test: 0.9118
Run: 02, Epoch: 39, Loss: 0.0001, lr: 0.000240, Train: 0.9958, Valid: 0.8416, Test: 0.9125
Run: 02, Epoch: 40, Loss: 0.0001, lr: 0.000168, Train: 0.9960, Valid: 0.8397, Test: 0.9116
Run: 02, Epoch: 41, Loss: 0.0001, lr: 0.000168, Train: 0.9962, Valid: 0.8378, Test: 0.9098
Run: 02, Epoch: 42, Loss: 0.0001, lr: 0.000168, Train: 0.9964, Valid: 0.8366, Test: 0.9076
Run: 02, Epoch: 43, Loss: 0.0001, lr: 0.000168, Train: 0.9966, Valid: 0.8362, Test: 0.9057
Run: 02, Epoch: 44, Loss: 0.0001, lr: 0.000168, Train: 0.9968, Valid: 0.8366, Test: 0.9046
Run: 02, Epoch: 45, Loss: 0.0001, lr: 0.000168, Train: 0.9969, Valid: 0.8375, Test: 0.9046
Run: 02, Epoch: 46, Loss: 0.0001, lr: 0.000118, Train: 0.9970, Valid: 0.8381, Test: 0.9051
Run: 02, Epoch: 47, Loss: 0.0001, lr: 0.000118, Train: 0.9970, Valid: 0.8385, Test: 0.9059
Run: 02, Epoch: 48, Loss: 0.0001, lr: 0.000118, Train: 0.9971, Valid: 0.8384, Test: 0.9065
Run: 02, Epoch: 49, Loss: 0.0001, lr: 0.000118, Train: 0.9972, Valid: 0.8380, Test: 0.9068
Run: 02, Epoch: 50, Loss: 0.0001, lr: 0.000118, Train: 0.9973, Valid: 0.8372, Test: 0.9067
Run: 02, Epoch: 51, Loss: 0.0001, lr: 0.000118, Train: 0.9974, Valid: 0.8363, Test: 0.9061
Run: 02, Epoch: 52, Loss: 0.0001, lr: 0.000082, Train: 0.9974, Valid: 0.8356, Test: 0.9055
Run: 02, Epoch: 53, Loss: 0.0001, lr: 0.000082, Train: 0.9975, Valid: 0.8351, Test: 0.9049
Run: 02, Epoch: 54, Loss: 0.0001, lr: 0.000082, Train: 0.9975, Valid: 0.8348, Test: 0.9044
Run: 02, Epoch: 55, Loss: 0.0001, lr: 0.000082, Train: 0.9975, Valid: 0.8347, Test: 0.9041
Run: 02, Epoch: 56, Loss: 0.0001, lr: 0.000082, Train: 0.9975, Valid: 0.8348, Test: 0.9040
Run: 02, Epoch: 57, Loss: 0.0001, lr: 0.000082, Train: 0.9975, Valid: 0.8350, Test: 0.9041
Run: 02, Epoch: 58, Loss: 0.0001, lr: 0.000058, Train: 0.9976, Valid: 0.8349, Test: 0.9043
Run: 02, Epoch: 59, Loss: 0.0001, lr: 0.000058, Train: 0.9976, Valid: 0.8349, Test: 0.9045
Run: 02, Epoch: 60, Loss: 0.0001, lr: 0.000058, Train: 0.9976, Valid: 0.8347, Test: 0.9048
Run: 02, Epoch: 61, Loss: 0.0001, lr: 0.000058, Train: 0.9977, Valid: 0.8344, Test: 0.9049
Run: 02, Epoch: 62, Loss: 0.0001, lr: 0.000058, Train: 0.9977, Valid: 0.8340, Test: 0.9050
Run: 02, Epoch: 63, Loss: 0.0001, lr: 0.000058, Train: 0.9978, Valid: 0.8336, Test: 0.9051
Run: 02, Epoch: 64, Loss: 0.0001, lr: 0.000040, Train: 0.9978, Valid: 0.8331, Test: 0.9050
Run: 02, Epoch: 65, Loss: 0.0001, lr: 0.000040, Train: 0.9978, Valid: 0.8326, Test: 0.9049
Run: 02, Epoch: 66, Loss: 0.0001, lr: 0.000040, Train: 0.9979, Valid: 0.8321, Test: 0.9048
Run: 02, Epoch: 67, Loss: 0.0001, lr: 0.000040, Train: 0.9979, Valid: 0.8316, Test: 0.9046
Run: 02, Epoch: 68, Loss: 0.0001, lr: 0.000040, Train: 0.9980, Valid: 0.8313, Test: 0.9045
Run: 02, Epoch: 69, Loss: 0.0001, lr: 0.000040, Train: 0.9980, Valid: 0.8310, Test: 0.9044
Run: 02, Epoch: 70, Loss: 0.0001, lr: 0.000028, Train: 0.9980, Valid: 0.8307, Test: 0.9043
Run: 02, Epoch: 71, Loss: 0.0001, lr: 0.000028, Train: 0.9980, Valid: 0.8305, Test: 0.9043
Run: 02, Epoch: 72, Loss: 0.0001, lr: 0.000028, Train: 0.9980, Valid: 0.8304, Test: 0.9043
Run: 02, Epoch: 73, Loss: 0.0001, lr: 0.000028, Train: 0.9980, Valid: 0.8303, Test: 0.9044
Run: 02, Epoch: 74, Loss: 0.0001, lr: 0.000028, Train: 0.9980, Valid: 0.8303, Test: 0.9044
Run: 02, Epoch: 75, Loss: 0.0001, lr: 0.000028, Train: 0.9981, Valid: 0.8302, Test: 0.9045
Run: 02, Epoch: 76, Loss: 0.0001, lr: 0.000020, Train: 0.9981, Valid: 0.8301, Test: 0.9046
Run: 02, Epoch: 77, Loss: 0.0001, lr: 0.000020, Train: 0.9981, Valid: 0.8300, Test: 0.9046
Run: 02, Epoch: 78, Loss: 0.0001, lr: 0.000020, Train: 0.9981, Valid: 0.8299, Test: 0.9046
Run: 02, Epoch: 79, Loss: 0.0001, lr: 0.000020, Train: 0.9981, Valid: 0.8298, Test: 0.9047
Run: 02, Epoch: 80, Loss: 0.0001, lr: 0.000020, Train: 0.9981, Valid: 0.8297, Test: 0.9047
Run: 02, Epoch: 81, Loss: 0.0001, lr: 0.000020, Train: 0.9981, Valid: 0.8296, Test: 0.9047
Run: 02, Epoch: 82, Loss: 0.0001, lr: 0.000014, Train: 0.9981, Valid: 0.8295, Test: 0.9047
Run: 02, Epoch: 83, Loss: 0.0001, lr: 0.000014, Train: 0.9981, Valid: 0.8294, Test: 0.9047
Run: 02, Epoch: 84, Loss: 0.0001, lr: 0.000014, Train: 0.9981, Valid: 0.8292, Test: 0.9047
Run: 02, Epoch: 85, Loss: 0.0001, lr: 0.000014, Train: 0.9981, Valid: 0.8291, Test: 0.9046
Run: 02, Epoch: 86, Loss: 0.0001, lr: 0.000014, Train: 0.9982, Valid: 0.8289, Test: 0.9046
Run: 02, Epoch: 87, Loss: 0.0001, lr: 0.000014, Train: 0.9982, Valid: 0.8288, Test: 0.9046
Run: 02, Epoch: 88, Loss: 0.0001, lr: 0.000010, Train: 0.9982, Valid: 0.8287, Test: 0.9046
Run: 02, Epoch: 89, Loss: 0.0001, lr: 0.000010, Train: 0.9982, Valid: 0.8285, Test: 0.9046
Run: 02, Epoch: 90, Loss: 0.0001, lr: 0.000010, Train: 0.9982, Valid: 0.8284, Test: 0.9046
Run: 02, Epoch: 91, Loss: 0.0001, lr: 0.000010, Train: 0.9982, Valid: 0.8283, Test: 0.9046
Run: 02, Epoch: 92, Loss: 0.0001, lr: 0.000010, Train: 0.9982, Valid: 0.8282, Test: 0.9046
Run: 02, Epoch: 93, Loss: 0.0001, lr: 0.000010, Train: 0.9982, Valid: 0.8281, Test: 0.9046
Run: 02, Epoch: 94, Loss: 0.0001, lr: 0.000010, Train: 0.9982, Valid: 0.8280, Test: 0.9046
Run: 02, Epoch: 95, Loss: 0.0001, lr: 0.000010, Train: 0.9982, Valid: 0.8279, Test: 0.9046
Run: 02, Epoch: 96, Loss: 0.0001, lr: 0.000010, Train: 0.9982, Valid: 0.8279, Test: 0.9046
Run: 02, Epoch: 97, Loss: 0.0001, lr: 0.000010, Train: 0.9982, Valid: 0.8278, Test: 0.9046
Run: 02, Epoch: 98, Loss: 0.0001, lr: 0.000010, Train: 0.9982, Valid: 0.8277, Test: 0.9046
Run: 02, Epoch: 99, Loss: 0.0001, lr: 0.000010, Train: 0.9982, Valid: 0.8277, Test: 0.9046
Run: 02, Epoch: 100, Loss: 0.0001, lr: 0.000010, Train: 0.9982, Valid: 0.8276, Test: 0.9046
Run 02:
Highest Train: 1.00
Highest Valid: 0.86
  Final Train: 0.94
   Final Test: 0.92
Run: 03, Epoch: 01, Loss: 0.0408, lr: 0.001000, Train: 0.6982, Valid: 0.5248, Test: 0.6166
Run: 03, Epoch: 02, Loss: 0.0168, lr: 0.001000, Train: 0.8407, Valid: 0.8377, Test: 0.8365
Run: 03, Epoch: 03, Loss: 0.0108, lr: 0.001000, Train: 0.8885, Valid: 0.8566, Test: 0.8990
Run: 03, Epoch: 04, Loss: 0.0072, lr: 0.001000, Train: 0.8872, Valid: 0.7389, Test: 0.9262
Run: 03, Epoch: 05, Loss: 0.0038, lr: 0.001000, Train: 0.8856, Valid: 0.8337, Test: 0.9247
Run: 03, Epoch: 06, Loss: 0.0041, lr: 0.001000, Train: 0.8978, Valid: 0.8456, Test: 0.9205
Run: 03, Epoch: 07, Loss: 0.0040, lr: 0.001000, Train: 0.9136, Valid: 0.9126, Test: 0.9284
Run: 03, Epoch: 08, Loss: 0.0029, lr: 0.001000, Train: 0.9128, Valid: 0.9211, Test: 0.9207
Run: 03, Epoch: 09, Loss: 0.0022, lr: 0.001000, Train: 0.9078, Valid: 0.8851, Test: 0.8980
Run: 03, Epoch: 10, Loss: 0.0022, lr: 0.001000, Train: 0.9188, Valid: 0.8340, Test: 0.8692
Run: 03, Epoch: 11, Loss: 0.0018, lr: 0.001000, Train: 0.9111, Valid: 0.7821, Test: 0.8369
Run: 03, Epoch: 12, Loss: 0.0018, lr: 0.001000, Train: 0.9087, Valid: 0.7650, Test: 0.8178
Run: 03, Epoch: 13, Loss: 0.0016, lr: 0.001000, Train: 0.9205, Valid: 0.7719, Test: 0.8332
Run: 03, Epoch: 14, Loss: 0.0013, lr: 0.001000, Train: 0.9185, Valid: 0.8013, Test: 0.8687
Run: 03, Epoch: 15, Loss: 0.0011, lr: 0.000700, Train: 0.9154, Valid: 0.8205, Test: 0.8885
Run: 03, Epoch: 16, Loss: 0.0011, lr: 0.000700, Train: 0.9349, Valid: 0.8470, Test: 0.9050
Run: 03, Epoch: 17, Loss: 0.0009, lr: 0.000700, Train: 0.9410, Valid: 0.8581, Test: 0.9087
Run: 03, Epoch: 18, Loss: 0.0009, lr: 0.000700, Train: 0.9535, Valid: 0.8640, Test: 0.9064
Run: 03, Epoch: 19, Loss: 0.0009, lr: 0.000700, Train: 0.9568, Valid: 0.8495, Test: 0.8971
Run: 03, Epoch: 20, Loss: 0.0008, lr: 0.000700, Train: 0.9531, Valid: 0.8276, Test: 0.8854
Run: 03, Epoch: 21, Loss: 0.0007, lr: 0.000490, Train: 0.9503, Valid: 0.8186, Test: 0.8814
Run: 03, Epoch: 22, Loss: 0.0007, lr: 0.000490, Train: 0.9514, Valid: 0.8111, Test: 0.8772
Run: 03, Epoch: 23, Loss: 0.0006, lr: 0.000490, Train: 0.9547, Valid: 0.8017, Test: 0.8698
Run: 03, Epoch: 24, Loss: 0.0006, lr: 0.000490, Train: 0.9556, Valid: 0.7908, Test: 0.8588
Run: 03, Epoch: 25, Loss: 0.0006, lr: 0.000490, Train: 0.9540, Valid: 0.7822, Test: 0.8479
Run: 03, Epoch: 26, Loss: 0.0005, lr: 0.000490, Train: 0.9529, Valid: 0.7772, Test: 0.8410
Run: 03, Epoch: 27, Loss: 0.0005, lr: 0.000343, Train: 0.9548, Valid: 0.7840, Test: 0.8438
Run: 03, Epoch: 28, Loss: 0.0005, lr: 0.000343, Train: 0.9573, Valid: 0.7935, Test: 0.8494
Run: 03, Epoch: 29, Loss: 0.0005, lr: 0.000343, Train: 0.9611, Valid: 0.8056, Test: 0.8571
Run: 03, Epoch: 30, Loss: 0.0004, lr: 0.000343, Train: 0.9660, Valid: 0.8190, Test: 0.8660
Run: 03, Epoch: 31, Loss: 0.0004, lr: 0.000343, Train: 0.9707, Valid: 0.8320, Test: 0.8747
Run: 03, Epoch: 32, Loss: 0.0004, lr: 0.000343, Train: 0.9741, Valid: 0.8432, Test: 0.8820
Run: 03, Epoch: 33, Loss: 0.0004, lr: 0.000240, Train: 0.9765, Valid: 0.8524, Test: 0.8878
Run: 03, Epoch: 34, Loss: 0.0004, lr: 0.000240, Train: 0.9784, Valid: 0.8591, Test: 0.8920
Run: 03, Epoch: 35, Loss: 0.0004, lr: 0.000240, Train: 0.9798, Valid: 0.8640, Test: 0.8951
Run: 03, Epoch: 36, Loss: 0.0003, lr: 0.000240, Train: 0.9810, Valid: 0.8683, Test: 0.8978
Run: 03, Epoch: 37, Loss: 0.0003, lr: 0.000240, Train: 0.9821, Valid: 0.8729, Test: 0.9005
Run: 03, Epoch: 38, Loss: 0.0003, lr: 0.000240, Train: 0.9835, Valid: 0.8781, Test: 0.9036
Run: 03, Epoch: 39, Loss: 0.0003, lr: 0.000168, Train: 0.9851, Valid: 0.8838, Test: 0.9071
Run: 03, Epoch: 40, Loss: 0.0003, lr: 0.000168, Train: 0.9866, Valid: 0.8895, Test: 0.9105
Run: 03, Epoch: 41, Loss: 0.0003, lr: 0.000168, Train: 0.9879, Valid: 0.8946, Test: 0.9137
Run: 03, Epoch: 42, Loss: 0.0003, lr: 0.000168, Train: 0.9890, Valid: 0.8990, Test: 0.9165
Run: 03, Epoch: 43, Loss: 0.0003, lr: 0.000168, Train: 0.9897, Valid: 0.9023, Test: 0.9187
Run: 03, Epoch: 44, Loss: 0.0003, lr: 0.000168, Train: 0.9904, Valid: 0.9046, Test: 0.9203
Run: 03, Epoch: 45, Loss: 0.0003, lr: 0.000118, Train: 0.9909, Valid: 0.9062, Test: 0.9215
Run: 03, Epoch: 46, Loss: 0.0003, lr: 0.000118, Train: 0.9912, Valid: 0.9070, Test: 0.9224
Run: 03, Epoch: 47, Loss: 0.0003, lr: 0.000118, Train: 0.9915, Valid: 0.9074, Test: 0.9229
Run: 03, Epoch: 48, Loss: 0.0003, lr: 0.000118, Train: 0.9917, Valid: 0.9075, Test: 0.9233
Run: 03, Epoch: 49, Loss: 0.0002, lr: 0.000118, Train: 0.9919, Valid: 0.9076, Test: 0.9236
Run: 03, Epoch: 50, Loss: 0.0002, lr: 0.000118, Train: 0.9921, Valid: 0.9079, Test: 0.9240
Run: 03, Epoch: 51, Loss: 0.0002, lr: 0.000082, Train: 0.9924, Valid: 0.9085, Test: 0.9245
Run: 03, Epoch: 52, Loss: 0.0002, lr: 0.000082, Train: 0.9926, Valid: 0.9093, Test: 0.9251
Run: 03, Epoch: 53, Loss: 0.0002, lr: 0.000082, Train: 0.9928, Valid: 0.9101, Test: 0.9257
Run: 03, Epoch: 54, Loss: 0.0002, lr: 0.000082, Train: 0.9930, Valid: 0.9110, Test: 0.9263
Run: 03, Epoch: 55, Loss: 0.0002, lr: 0.000082, Train: 0.9932, Valid: 0.9117, Test: 0.9269
Run: 03, Epoch: 56, Loss: 0.0002, lr: 0.000082, Train: 0.9934, Valid: 0.9124, Test: 0.9274
Run: 03, Epoch: 57, Loss: 0.0002, lr: 0.000058, Train: 0.9935, Valid: 0.9130, Test: 0.9279
Run: 03, Epoch: 58, Loss: 0.0002, lr: 0.000058, Train: 0.9937, Valid: 0.9135, Test: 0.9283
Run: 03, Epoch: 59, Loss: 0.0002, lr: 0.000058, Train: 0.9938, Valid: 0.9138, Test: 0.9287
Run: 03, Epoch: 60, Loss: 0.0002, lr: 0.000058, Train: 0.9939, Valid: 0.9141, Test: 0.9290
Run: 03, Epoch: 61, Loss: 0.0002, lr: 0.000058, Train: 0.9940, Valid: 0.9143, Test: 0.9293
Run: 03, Epoch: 62, Loss: 0.0002, lr: 0.000058, Train: 0.9941, Valid: 0.9144, Test: 0.9295
Run: 03, Epoch: 63, Loss: 0.0002, lr: 0.000040, Train: 0.9941, Valid: 0.9146, Test: 0.9297
Run: 03, Epoch: 64, Loss: 0.0002, lr: 0.000040, Train: 0.9942, Valid: 0.9147, Test: 0.9299
Run: 03, Epoch: 65, Loss: 0.0002, lr: 0.000040, Train: 0.9943, Valid: 0.9148, Test: 0.9301
Run: 03, Epoch: 66, Loss: 0.0002, lr: 0.000040, Train: 0.9943, Valid: 0.9149, Test: 0.9302
Run: 03, Epoch: 67, Loss: 0.0002, lr: 0.000040, Train: 0.9944, Valid: 0.9150, Test: 0.9303
Run: 03, Epoch: 68, Loss: 0.0002, lr: 0.000040, Train: 0.9944, Valid: 0.9151, Test: 0.9304
Run: 03, Epoch: 69, Loss: 0.0002, lr: 0.000028, Train: 0.9945, Valid: 0.9151, Test: 0.9306
Run: 03, Epoch: 70, Loss: 0.0002, lr: 0.000028, Train: 0.9945, Valid: 0.9152, Test: 0.9306
Run: 03, Epoch: 71, Loss: 0.0002, lr: 0.000028, Train: 0.9945, Valid: 0.9152, Test: 0.9307
Run: 03, Epoch: 72, Loss: 0.0002, lr: 0.000028, Train: 0.9946, Valid: 0.9152, Test: 0.9308
Run: 03, Epoch: 73, Loss: 0.0002, lr: 0.000028, Train: 0.9946, Valid: 0.9153, Test: 0.9309
Run: 03, Epoch: 74, Loss: 0.0002, lr: 0.000028, Train: 0.9946, Valid: 0.9152, Test: 0.9309
Run: 03, Epoch: 75, Loss: 0.0002, lr: 0.000020, Train: 0.9947, Valid: 0.9153, Test: 0.9310
Run: 03, Epoch: 76, Loss: 0.0002, lr: 0.000020, Train: 0.9947, Valid: 0.9153, Test: 0.9310
Run: 03, Epoch: 77, Loss: 0.0002, lr: 0.000020, Train: 0.9947, Valid: 0.9153, Test: 0.9311
Run: 03, Epoch: 78, Loss: 0.0002, lr: 0.000020, Train: 0.9947, Valid: 0.9152, Test: 0.9311
Run: 03, Epoch: 79, Loss: 0.0002, lr: 0.000020, Train: 0.9948, Valid: 0.9152, Test: 0.9312
Run: 03, Epoch: 80, Loss: 0.0002, lr: 0.000020, Train: 0.9948, Valid: 0.9152, Test: 0.9312
Run: 03, Epoch: 81, Loss: 0.0002, lr: 0.000014, Train: 0.9948, Valid: 0.9152, Test: 0.9313
Run: 03, Epoch: 82, Loss: 0.0002, lr: 0.000014, Train: 0.9948, Valid: 0.9152, Test: 0.9313
Run: 03, Epoch: 83, Loss: 0.0002, lr: 0.000014, Train: 0.9948, Valid: 0.9152, Test: 0.9313
Run: 03, Epoch: 84, Loss: 0.0002, lr: 0.000014, Train: 0.9948, Valid: 0.9152, Test: 0.9314
Run: 03, Epoch: 85, Loss: 0.0002, lr: 0.000014, Train: 0.9949, Valid: 0.9152, Test: 0.9314
Run: 03, Epoch: 86, Loss: 0.0002, lr: 0.000014, Train: 0.9949, Valid: 0.9152, Test: 0.9314
Run: 03, Epoch: 87, Loss: 0.0002, lr: 0.000010, Train: 0.9949, Valid: 0.9152, Test: 0.9315
Run: 03, Epoch: 88, Loss: 0.0002, lr: 0.000010, Train: 0.9949, Valid: 0.9152, Test: 0.9315
Run: 03, Epoch: 89, Loss: 0.0002, lr: 0.000010, Train: 0.9949, Valid: 0.9152, Test: 0.9315
Run: 03, Epoch: 90, Loss: 0.0002, lr: 0.000010, Train: 0.9949, Valid: 0.9152, Test: 0.9315
Run: 03, Epoch: 91, Loss: 0.0002, lr: 0.000010, Train: 0.9949, Valid: 0.9152, Test: 0.9315
Run: 03, Epoch: 92, Loss: 0.0002, lr: 0.000010, Train: 0.9949, Valid: 0.9152, Test: 0.9315
Run: 03, Epoch: 93, Loss: 0.0002, lr: 0.000010, Train: 0.9949, Valid: 0.9152, Test: 0.9316
Run: 03, Epoch: 94, Loss: 0.0002, lr: 0.000010, Train: 0.9950, Valid: 0.9152, Test: 0.9316
Run: 03, Epoch: 95, Loss: 0.0002, lr: 0.000010, Train: 0.9950, Valid: 0.9152, Test: 0.9316
Run: 03, Epoch: 96, Loss: 0.0002, lr: 0.000010, Train: 0.9950, Valid: 0.9152, Test: 0.9316
Run: 03, Epoch: 97, Loss: 0.0002, lr: 0.000010, Train: 0.9950, Valid: 0.9152, Test: 0.9316
Run: 03, Epoch: 98, Loss: 0.0002, lr: 0.000010, Train: 0.9950, Valid: 0.9152, Test: 0.9316
Run: 03, Epoch: 99, Loss: 0.0002, lr: 0.000010, Train: 0.9950, Valid: 0.9152, Test: 0.9316
Run: 03, Epoch: 100, Loss: 0.0002, lr: 0.000010, Train: 0.9950, Valid: 0.9151, Test: 0.9316
Run 03:
Highest Train: 1.00
Highest Valid: 0.92
  Final Train: 0.91
   Final Test: 0.92
Run: 04, Epoch: 01, Loss: 0.0369, lr: 0.001000, Train: 0.7541, Valid: 0.2916, Test: 0.5397
Run: 04, Epoch: 02, Loss: 0.0114, lr: 0.001000, Train: 0.8355, Valid: 0.6507, Test: 0.5875
Run: 04, Epoch: 03, Loss: 0.0065, lr: 0.001000, Train: 0.8415, Valid: 0.6197, Test: 0.5624
Run: 04, Epoch: 04, Loss: 0.0035, lr: 0.001000, Train: 0.8140, Valid: 0.4777, Test: 0.5106
Run: 04, Epoch: 05, Loss: 0.0029, lr: 0.001000, Train: 0.8227, Valid: 0.4271, Test: 0.5822
Run: 04, Epoch: 06, Loss: 0.0023, lr: 0.001000, Train: 0.7832, Valid: 0.3273, Test: 0.5012
Run: 04, Epoch: 07, Loss: 0.0018, lr: 0.001000, Train: 0.8350, Valid: 0.5022, Test: 0.6457
Run: 04, Epoch: 08, Loss: 0.0015, lr: 0.001000, Train: 0.7878, Valid: 0.4830, Test: 0.5198
Run: 04, Epoch: 09, Loss: 0.0013, lr: 0.000700, Train: 0.7614, Valid: 0.4680, Test: 0.4352
Run: 04, Epoch: 10, Loss: 0.0012, lr: 0.000700, Train: 0.7704, Valid: 0.4871, Test: 0.4521
Run: 04, Epoch: 11, Loss: 0.0011, lr: 0.000700, Train: 0.8184, Valid: 0.5623, Test: 0.5613
Run: 04, Epoch: 12, Loss: 0.0009, lr: 0.000700, Train: 0.8310, Valid: 0.5769, Test: 0.5827
Run: 04, Epoch: 13, Loss: 0.0008, lr: 0.000700, Train: 0.7952, Valid: 0.5402, Test: 0.5001
Run: 04, Epoch: 14, Loss: 0.0008, lr: 0.000700, Train: 0.7855, Valid: 0.5433, Test: 0.4659
Run: 04, Epoch: 15, Loss: 0.0007, lr: 0.000490, Train: 0.8303, Valid: 0.6252, Test: 0.5381
Run: 04, Epoch: 16, Loss: 0.0005, lr: 0.000490, Train: 0.8767, Valid: 0.7091, Test: 0.6217
Run: 04, Epoch: 17, Loss: 0.0005, lr: 0.000490, Train: 0.9093, Valid: 0.7652, Test: 0.6802
Run: 04, Epoch: 18, Loss: 0.0005, lr: 0.000490, Train: 0.9286, Valid: 0.7918, Test: 0.7083
Run: 04, Epoch: 19, Loss: 0.0004, lr: 0.000490, Train: 0.9350, Valid: 0.7964, Test: 0.7116
Run: 04, Epoch: 20, Loss: 0.0004, lr: 0.000490, Train: 0.9367, Valid: 0.7975, Test: 0.7116
Run: 04, Epoch: 21, Loss: 0.0004, lr: 0.000490, Train: 0.9455, Valid: 0.8129, Test: 0.7308
Run: 04, Epoch: 22, Loss: 0.0003, lr: 0.000490, Train: 0.9581, Valid: 0.8361, Test: 0.7593
Run: 04, Epoch: 23, Loss: 0.0003, lr: 0.000490, Train: 0.9643, Valid: 0.8493, Test: 0.7736
Run: 04, Epoch: 24, Loss: 0.0003, lr: 0.000490, Train: 0.9630, Valid: 0.8478, Test: 0.7690
Run: 04, Epoch: 25, Loss: 0.0002, lr: 0.000490, Train: 0.9629, Valid: 0.8452, Test: 0.7650
Run: 04, Epoch: 26, Loss: 0.0002, lr: 0.000490, Train: 0.9700, Valid: 0.8527, Test: 0.7777
Run: 04, Epoch: 27, Loss: 0.0002, lr: 0.000490, Train: 0.9778, Valid: 0.8650, Test: 0.7933
Run: 04, Epoch: 28, Loss: 0.0002, lr: 0.000490, Train: 0.9832, Valid: 0.8786, Test: 0.8047
Run: 04, Epoch: 29, Loss: 0.0002, lr: 0.000490, Train: 0.9871, Valid: 0.8914, Test: 0.8140
Run: 04, Epoch: 30, Loss: 0.0001, lr: 0.000490, Train: 0.9898, Valid: 0.9011, Test: 0.8206
Run: 04, Epoch: 31, Loss: 0.0001, lr: 0.000490, Train: 0.9915, Valid: 0.9065, Test: 0.8241
Run: 04, Epoch: 32, Loss: 0.0001, lr: 0.000490, Train: 0.9920, Valid: 0.9072, Test: 0.8244
Run: 04, Epoch: 33, Loss: 0.0001, lr: 0.000490, Train: 0.9917, Valid: 0.9045, Test: 0.8220
Run: 04, Epoch: 34, Loss: 0.0001, lr: 0.000490, Train: 0.9929, Valid: 0.9030, Test: 0.8230
Run: 04, Epoch: 35, Loss: 0.0001, lr: 0.000490, Train: 0.9947, Valid: 0.9047, Test: 0.8268
Run: 04, Epoch: 36, Loss: 0.0001, lr: 0.000490, Train: 0.9961, Valid: 0.9098, Test: 0.8306
Run: 04, Epoch: 37, Loss: 0.0001, lr: 0.000490, Train: 0.9969, Valid: 0.9152, Test: 0.8327
Run: 04, Epoch: 38, Loss: 0.0001, lr: 0.000490, Train: 0.9970, Valid: 0.9177, Test: 0.8312
Run: 04, Epoch: 39, Loss: 0.0000, lr: 0.000490, Train: 0.9965, Valid: 0.9164, Test: 0.8259
Run: 04, Epoch: 40, Loss: 0.0000, lr: 0.000490, Train: 0.9954, Valid: 0.9133, Test: 0.8191
Run: 04, Epoch: 41, Loss: 0.0000, lr: 0.000490, Train: 0.9948, Valid: 0.9121, Test: 0.8159
Run: 04, Epoch: 42, Loss: 0.0000, lr: 0.000490, Train: 0.9955, Valid: 0.9140, Test: 0.8176
Run: 04, Epoch: 43, Loss: 0.0000, lr: 0.000490, Train: 0.9966, Valid: 0.9170, Test: 0.8212
Run: 04, Epoch: 44, Loss: 0.0000, lr: 0.000490, Train: 0.9976, Valid: 0.9191, Test: 0.8248
Run: 04, Epoch: 45, Loss: 0.0000, lr: 0.000490, Train: 0.9978, Valid: 0.9189, Test: 0.8255
Run: 04, Epoch: 46, Loss: 0.0000, lr: 0.000490, Train: 0.9972, Valid: 0.9164, Test: 0.8223
Run: 04, Epoch: 47, Loss: 0.0000, lr: 0.000490, Train: 0.9957, Valid: 0.9124, Test: 0.8172
Run: 04, Epoch: 48, Loss: 0.0000, lr: 0.000490, Train: 0.9953, Valid: 0.9105, Test: 0.8161
Run: 04, Epoch: 49, Loss: 0.0000, lr: 0.000490, Train: 0.9968, Valid: 0.9124, Test: 0.8206
Run: 04, Epoch: 50, Loss: 0.0000, lr: 0.000490, Train: 0.9981, Valid: 0.9145, Test: 0.8253
Run: 04, Epoch: 51, Loss: 0.0000, lr: 0.000343, Train: 0.9985, Valid: 0.9152, Test: 0.8268
Run: 04, Epoch: 52, Loss: 0.0000, lr: 0.000343, Train: 0.9985, Valid: 0.9150, Test: 0.8268
Run: 04, Epoch: 53, Loss: 0.0000, lr: 0.000343, Train: 0.9986, Valid: 0.9147, Test: 0.8269
Run: 04, Epoch: 54, Loss: 0.0000, lr: 0.000343, Train: 0.9989, Valid: 0.9148, Test: 0.8278
Run: 04, Epoch: 55, Loss: 0.0000, lr: 0.000343, Train: 0.9992, Valid: 0.9155, Test: 0.8290
Run: 04, Epoch: 56, Loss: 0.0000, lr: 0.000343, Train: 0.9993, Valid: 0.9169, Test: 0.8302
Run: 04, Epoch: 57, Loss: 0.0000, lr: 0.000240, Train: 0.9995, Valid: 0.9185, Test: 0.8314
Run: 04, Epoch: 58, Loss: 0.0000, lr: 0.000240, Train: 0.9996, Valid: 0.9203, Test: 0.8327
Run: 04, Epoch: 59, Loss: 0.0000, lr: 0.000240, Train: 0.9998, Valid: 0.9219, Test: 0.8339
Run: 04, Epoch: 60, Loss: 0.0000, lr: 0.000240, Train: 0.9998, Valid: 0.9229, Test: 0.8346
Run: 04, Epoch: 61, Loss: 0.0000, lr: 0.000240, Train: 0.9998, Valid: 0.9235, Test: 0.8347
Run: 04, Epoch: 62, Loss: 0.0000, lr: 0.000240, Train: 0.9998, Valid: 0.9236, Test: 0.8344
Run: 04, Epoch: 63, Loss: 0.0000, lr: 0.000240, Train: 0.9998, Valid: 0.9234, Test: 0.8341
Run: 04, Epoch: 64, Loss: 0.0000, lr: 0.000240, Train: 0.9999, Valid: 0.9230, Test: 0.8341
Run: 04, Epoch: 65, Loss: 0.0000, lr: 0.000240, Train: 0.9999, Valid: 0.9227, Test: 0.8345
Run: 04, Epoch: 66, Loss: 0.0000, lr: 0.000240, Train: 0.9999, Valid: 0.9225, Test: 0.8351
Run: 04, Epoch: 67, Loss: 0.0000, lr: 0.000240, Train: 0.9999, Valid: 0.9226, Test: 0.8356
Run: 04, Epoch: 68, Loss: 0.0000, lr: 0.000240, Train: 0.9999, Valid: 0.9230, Test: 0.8358
Run: 04, Epoch: 69, Loss: 0.0000, lr: 0.000168, Train: 0.9999, Valid: 0.9233, Test: 0.8359
Run: 04, Epoch: 70, Loss: 0.0000, lr: 0.000168, Train: 0.9999, Valid: 0.9237, Test: 0.8359
Run: 04, Epoch: 71, Loss: 0.0000, lr: 0.000168, Train: 0.9999, Valid: 0.9242, Test: 0.8359
Run: 04, Epoch: 72, Loss: 0.0000, lr: 0.000168, Train: 0.9999, Valid: 0.9245, Test: 0.8358
Run: 04, Epoch: 73, Loss: 0.0000, lr: 0.000168, Train: 0.9999, Valid: 0.9248, Test: 0.8358
Run: 04, Epoch: 74, Loss: 0.0000, lr: 0.000168, Train: 0.9999, Valid: 0.9249, Test: 0.8357
Run: 04, Epoch: 75, Loss: 0.0000, lr: 0.000168, Train: 0.9999, Valid: 0.9250, Test: 0.8356
Run: 04, Epoch: 76, Loss: 0.0000, lr: 0.000168, Train: 0.9999, Valid: 0.9249, Test: 0.8356
Run: 04, Epoch: 77, Loss: 0.0000, lr: 0.000168, Train: 0.9999, Valid: 0.9247, Test: 0.8356
Run: 04, Epoch: 78, Loss: 0.0000, lr: 0.000168, Train: 0.9999, Valid: 0.9246, Test: 0.8355
Run: 04, Epoch: 79, Loss: 0.0000, lr: 0.000168, Train: 0.9999, Valid: 0.9245, Test: 0.8354
Run: 04, Epoch: 80, Loss: 0.0000, lr: 0.000168, Train: 0.9999, Valid: 0.9246, Test: 0.8352
Run: 04, Epoch: 81, Loss: 0.0000, lr: 0.000118, Train: 0.9999, Valid: 0.9248, Test: 0.8351
Run: 04, Epoch: 82, Loss: 0.0000, lr: 0.000118, Train: 0.9999, Valid: 0.9250, Test: 0.8349
Run: 04, Epoch: 83, Loss: 0.0000, lr: 0.000118, Train: 0.9999, Valid: 0.9252, Test: 0.8347
Run: 04, Epoch: 84, Loss: 0.0000, lr: 0.000118, Train: 0.9999, Valid: 0.9255, Test: 0.8346
Run: 04, Epoch: 85, Loss: 0.0000, lr: 0.000118, Train: 0.9999, Valid: 0.9256, Test: 0.8345
Run: 04, Epoch: 86, Loss: 0.0000, lr: 0.000118, Train: 0.9999, Valid: 0.9257, Test: 0.8344
Run: 04, Epoch: 87, Loss: 0.0000, lr: 0.000118, Train: 0.9999, Valid: 0.9257, Test: 0.8343
Run: 04, Epoch: 88, Loss: 0.0000, lr: 0.000118, Train: 0.9999, Valid: 0.9257, Test: 0.8342
Run: 04, Epoch: 89, Loss: 0.0000, lr: 0.000118, Train: 0.9999, Valid: 0.9256, Test: 0.8342
Run: 04, Epoch: 90, Loss: 0.0000, lr: 0.000118, Train: 0.9999, Valid: 0.9254, Test: 0.8341
Run: 04, Epoch: 91, Loss: 0.0000, lr: 0.000118, Train: 0.9999, Valid: 0.9253, Test: 0.8340
Run: 04, Epoch: 92, Loss: 0.0000, lr: 0.000118, Train: 0.9999, Valid: 0.9252, Test: 0.8339
Run: 04, Epoch: 93, Loss: 0.0000, lr: 0.000082, Train: 0.9999, Valid: 0.9252, Test: 0.8338
Run: 04, Epoch: 94, Loss: 0.0000, lr: 0.000082, Train: 1.0000, Valid: 0.9252, Test: 0.8338
Run: 04, Epoch: 95, Loss: 0.0000, lr: 0.000082, Train: 1.0000, Valid: 0.9252, Test: 0.8337
Run: 04, Epoch: 96, Loss: 0.0000, lr: 0.000082, Train: 1.0000, Valid: 0.9253, Test: 0.8336
Run: 04, Epoch: 97, Loss: 0.0000, lr: 0.000082, Train: 1.0000, Valid: 0.9254, Test: 0.8335
Run: 04, Epoch: 98, Loss: 0.0000, lr: 0.000082, Train: 1.0000, Valid: 0.9254, Test: 0.8334
Run: 04, Epoch: 99, Loss: 0.0000, lr: 0.000058, Train: 1.0000, Valid: 0.9255, Test: 0.8334
Run: 04, Epoch: 100, Loss: 0.0000, lr: 0.000058, Train: 1.0000, Valid: 0.9255, Test: 0.8333
Run 04:
Highest Train: 1.00
Highest Valid: 0.93
  Final Train: 1.00
   Final Test: 0.83
Run: 05, Epoch: 01, Loss: 0.0239, lr: 0.001000, Train: 0.7167, Valid: 0.8044, Test: 0.6327
Run: 05, Epoch: 02, Loss: 0.0138, lr: 0.001000, Train: 0.7633, Valid: 0.8331, Test: 0.7463
Run: 05, Epoch: 03, Loss: 0.0118, lr: 0.001000, Train: 0.7029, Valid: 0.7142, Test: 0.6738
Run: 05, Epoch: 04, Loss: 0.0049, lr: 0.001000, Train: 0.6573, Valid: 0.6035, Test: 0.5938
Run: 05, Epoch: 05, Loss: 0.0044, lr: 0.001000, Train: 0.5499, Valid: 0.4169, Test: 0.5360
Run: 05, Epoch: 06, Loss: 0.0039, lr: 0.001000, Train: 0.4781, Valid: 0.2894, Test: 0.4672
Run: 05, Epoch: 07, Loss: 0.0025, lr: 0.001000, Train: 0.3970, Valid: 0.2127, Test: 0.3798
Run: 05, Epoch: 08, Loss: 0.0018, lr: 0.001000, Train: 0.3429, Valid: 0.1896, Test: 0.3296
Run: 05, Epoch: 09, Loss: 0.0015, lr: 0.000700, Train: 0.3694, Valid: 0.2411, Test: 0.3711
Run: 05, Epoch: 10, Loss: 0.0014, lr: 0.000700, Train: 0.4240, Valid: 0.3005, Test: 0.4269
Run: 05, Epoch: 11, Loss: 0.0013, lr: 0.000700, Train: 0.5229, Valid: 0.4097, Test: 0.5104
Run: 05, Epoch: 12, Loss: 0.0010, lr: 0.000700, Train: 0.6103, Valid: 0.5074, Test: 0.5847
Run: 05, Epoch: 13, Loss: 0.0010, lr: 0.000700, Train: 0.6500, Valid: 0.5504, Test: 0.6287
Run: 05, Epoch: 14, Loss: 0.0009, lr: 0.000700, Train: 0.6732, Valid: 0.5802, Test: 0.6622
Run: 05, Epoch: 15, Loss: 0.0008, lr: 0.000490, Train: 0.7177, Valid: 0.6437, Test: 0.7064
Run: 05, Epoch: 16, Loss: 0.0007, lr: 0.000490, Train: 0.7644, Valid: 0.7155, Test: 0.7471
Run: 05, Epoch: 17, Loss: 0.0006, lr: 0.000490, Train: 0.8091, Valid: 0.7815, Test: 0.7819
Run: 05, Epoch: 18, Loss: 0.0006, lr: 0.000490, Train: 0.8474, Valid: 0.8282, Test: 0.8105
Run: 05, Epoch: 19, Loss: 0.0006, lr: 0.000490, Train: 0.8716, Valid: 0.8501, Test: 0.8292
Run: 05, Epoch: 20, Loss: 0.0005, lr: 0.000490, Train: 0.8792, Valid: 0.8510, Test: 0.8342
Run: 05, Epoch: 21, Loss: 0.0004, lr: 0.000490, Train: 0.8800, Valid: 0.8435, Test: 0.8335
Run: 05, Epoch: 22, Loss: 0.0004, lr: 0.000490, Train: 0.8857, Valid: 0.8432, Test: 0.8368
Run: 05, Epoch: 23, Loss: 0.0004, lr: 0.000490, Train: 0.9017, Valid: 0.8566, Test: 0.8485
Run: 05, Epoch: 24, Loss: 0.0004, lr: 0.000490, Train: 0.9234, Valid: 0.8770, Test: 0.8656
Run: 05, Epoch: 25, Loss: 0.0004, lr: 0.000490, Train: 0.9423, Valid: 0.8933, Test: 0.8819
Run: 05, Epoch: 26, Loss: 0.0003, lr: 0.000490, Train: 0.9547, Valid: 0.9016, Test: 0.8933
Run: 05, Epoch: 27, Loss: 0.0003, lr: 0.000490, Train: 0.9616, Valid: 0.9057, Test: 0.8989
Run: 05, Epoch: 28, Loss: 0.0003, lr: 0.000490, Train: 0.9656, Valid: 0.9107, Test: 0.8997
Run: 05, Epoch: 29, Loss: 0.0002, lr: 0.000490, Train: 0.9689, Valid: 0.9180, Test: 0.8976
Run: 05, Epoch: 30, Loss: 0.0002, lr: 0.000490, Train: 0.9730, Valid: 0.9245, Test: 0.8974
Run: 05, Epoch: 31, Loss: 0.0002, lr: 0.000490, Train: 0.9783, Valid: 0.9270, Test: 0.9016
Run: 05, Epoch: 32, Loss: 0.0002, lr: 0.000490, Train: 0.9827, Valid: 0.9259, Test: 0.9070
Run: 05, Epoch: 33, Loss: 0.0002, lr: 0.000490, Train: 0.9845, Valid: 0.9238, Test: 0.9092
Run: 05, Epoch: 34, Loss: 0.0002, lr: 0.000490, Train: 0.9843, Valid: 0.9236, Test: 0.9069
Run: 05, Epoch: 35, Loss: 0.0001, lr: 0.000490, Train: 0.9838, Valid: 0.9248, Test: 0.9031
Run: 05, Epoch: 36, Loss: 0.0001, lr: 0.000490, Train: 0.9827, Valid: 0.9254, Test: 0.8989
Run: 05, Epoch: 37, Loss: 0.0001, lr: 0.000490, Train: 0.9813, Valid: 0.9242, Test: 0.8949
Run: 05, Epoch: 38, Loss: 0.0001, lr: 0.000343, Train: 0.9825, Valid: 0.9236, Test: 0.8949
Run: 05, Epoch: 39, Loss: 0.0001, lr: 0.000343, Train: 0.9854, Valid: 0.9231, Test: 0.8971
Run: 05, Epoch: 40, Loss: 0.0001, lr: 0.000343, Train: 0.9892, Valid: 0.9224, Test: 0.9008
Run: 05, Epoch: 41, Loss: 0.0001, lr: 0.000343, Train: 0.9928, Valid: 0.9210, Test: 0.9044
Run: 05, Epoch: 42, Loss: 0.0001, lr: 0.000343, Train: 0.9951, Valid: 0.9188, Test: 0.9069
Run: 05, Epoch: 43, Loss: 0.0001, lr: 0.000343, Train: 0.9962, Valid: 0.9165, Test: 0.9081
Run: 05, Epoch: 44, Loss: 0.0001, lr: 0.000240, Train: 0.9966, Valid: 0.9155, Test: 0.9081
Run: 05, Epoch: 45, Loss: 0.0001, lr: 0.000240, Train: 0.9968, Valid: 0.9151, Test: 0.9077
Run: 05, Epoch: 46, Loss: 0.0001, lr: 0.000240, Train: 0.9970, Valid: 0.9149, Test: 0.9072
Run: 05, Epoch: 47, Loss: 0.0001, lr: 0.000240, Train: 0.9971, Valid: 0.9144, Test: 0.9069
Run: 05, Epoch: 48, Loss: 0.0001, lr: 0.000240, Train: 0.9974, Valid: 0.9136, Test: 0.9072
Run: 05, Epoch: 49, Loss: 0.0001, lr: 0.000240, Train: 0.9976, Valid: 0.9126, Test: 0.9079
Run: 05, Epoch: 50, Loss: 0.0001, lr: 0.000168, Train: 0.9978, Valid: 0.9120, Test: 0.9086
Run: 05, Epoch: 51, Loss: 0.0001, lr: 0.000168, Train: 0.9980, Valid: 0.9118, Test: 0.9090
Run: 05, Epoch: 52, Loss: 0.0001, lr: 0.000168, Train: 0.9981, Valid: 0.9120, Test: 0.9091
Run: 05, Epoch: 53, Loss: 0.0001, lr: 0.000168, Train: 0.9982, Valid: 0.9127, Test: 0.9087
Run: 05, Epoch: 54, Loss: 0.0000, lr: 0.000168, Train: 0.9982, Valid: 0.9136, Test: 0.9079
Run: 05, Epoch: 55, Loss: 0.0000, lr: 0.000168, Train: 0.9982, Valid: 0.9145, Test: 0.9070
Run: 05, Epoch: 56, Loss: 0.0000, lr: 0.000118, Train: 0.9983, Valid: 0.9149, Test: 0.9065
Run: 05, Epoch: 57, Loss: 0.0000, lr: 0.000118, Train: 0.9983, Valid: 0.9152, Test: 0.9062
Run: 05, Epoch: 58, Loss: 0.0000, lr: 0.000118, Train: 0.9984, Valid: 0.9152, Test: 0.9062
Run: 05, Epoch: 59, Loss: 0.0000, lr: 0.000118, Train: 0.9985, Valid: 0.9151, Test: 0.9063
Run: 05, Epoch: 60, Loss: 0.0000, lr: 0.000118, Train: 0.9986, Valid: 0.9150, Test: 0.9066
Run: 05, Epoch: 61, Loss: 0.0000, lr: 0.000118, Train: 0.9987, Valid: 0.9148, Test: 0.9068
Run: 05, Epoch: 62, Loss: 0.0000, lr: 0.000082, Train: 0.9987, Valid: 0.9148, Test: 0.9070
Run: 05, Epoch: 63, Loss: 0.0000, lr: 0.000082, Train: 0.9988, Valid: 0.9148, Test: 0.9071
Run: 05, Epoch: 64, Loss: 0.0000, lr: 0.000082, Train: 0.9988, Valid: 0.9149, Test: 0.9071
Run: 05, Epoch: 65, Loss: 0.0000, lr: 0.000082, Train: 0.9988, Valid: 0.9150, Test: 0.9071
Run: 05, Epoch: 66, Loss: 0.0000, lr: 0.000082, Train: 0.9989, Valid: 0.9151, Test: 0.9070
Run: 05, Epoch: 67, Loss: 0.0000, lr: 0.000082, Train: 0.9989, Valid: 0.9152, Test: 0.9070
Run: 05, Epoch: 68, Loss: 0.0000, lr: 0.000058, Train: 0.9989, Valid: 0.9152, Test: 0.9069
Run: 05, Epoch: 69, Loss: 0.0000, lr: 0.000058, Train: 0.9989, Valid: 0.9152, Test: 0.9069
Run: 05, Epoch: 70, Loss: 0.0000, lr: 0.000058, Train: 0.9989, Valid: 0.9152, Test: 0.9070
Run: 05, Epoch: 71, Loss: 0.0000, lr: 0.000058, Train: 0.9990, Valid: 0.9151, Test: 0.9070
Run: 05, Epoch: 72, Loss: 0.0000, lr: 0.000058, Train: 0.9990, Valid: 0.9151, Test: 0.9071
Run: 05, Epoch: 73, Loss: 0.0000, lr: 0.000058, Train: 0.9990, Valid: 0.9150, Test: 0.9071
Run: 05, Epoch: 74, Loss: 0.0000, lr: 0.000040, Train: 0.9990, Valid: 0.9149, Test: 0.9072
Run: 05, Epoch: 75, Loss: 0.0000, lr: 0.000040, Train: 0.9990, Valid: 0.9148, Test: 0.9072
Run: 05, Epoch: 76, Loss: 0.0000, lr: 0.000040, Train: 0.9991, Valid: 0.9148, Test: 0.9073
Run: 05, Epoch: 77, Loss: 0.0000, lr: 0.000040, Train: 0.9991, Valid: 0.9147, Test: 0.9073
Run: 05, Epoch: 78, Loss: 0.0000, lr: 0.000040, Train: 0.9991, Valid: 0.9146, Test: 0.9073
Run: 05, Epoch: 79, Loss: 0.0000, lr: 0.000040, Train: 0.9991, Valid: 0.9146, Test: 0.9073
Run: 05, Epoch: 80, Loss: 0.0000, lr: 0.000028, Train: 0.9991, Valid: 0.9146, Test: 0.9073
Run: 05, Epoch: 81, Loss: 0.0000, lr: 0.000028, Train: 0.9991, Valid: 0.9146, Test: 0.9073
Run: 05, Epoch: 82, Loss: 0.0000, lr: 0.000028, Train: 0.9991, Valid: 0.9146, Test: 0.9073
Run: 05, Epoch: 83, Loss: 0.0000, lr: 0.000028, Train: 0.9991, Valid: 0.9147, Test: 0.9073
Run: 05, Epoch: 84, Loss: 0.0000, lr: 0.000028, Train: 0.9991, Valid: 0.9147, Test: 0.9073
Run: 05, Epoch: 85, Loss: 0.0000, lr: 0.000028, Train: 0.9991, Valid: 0.9147, Test: 0.9072
Run: 05, Epoch: 86, Loss: 0.0000, lr: 0.000020, Train: 0.9991, Valid: 0.9147, Test: 0.9072
Run: 05, Epoch: 87, Loss: 0.0000, lr: 0.000020, Train: 0.9991, Valid: 0.9148, Test: 0.9072
Run: 05, Epoch: 88, Loss: 0.0000, lr: 0.000020, Train: 0.9991, Valid: 0.9148, Test: 0.9071
Run: 05, Epoch: 89, Loss: 0.0000, lr: 0.000020, Train: 0.9991, Valid: 0.9148, Test: 0.9071
Run: 05, Epoch: 90, Loss: 0.0000, lr: 0.000020, Train: 0.9991, Valid: 0.9148, Test: 0.9071
Run: 05, Epoch: 91, Loss: 0.0000, lr: 0.000020, Train: 0.9991, Valid: 0.9149, Test: 0.9071
Run: 05, Epoch: 92, Loss: 0.0000, lr: 0.000014, Train: 0.9991, Valid: 0.9149, Test: 0.9070
Run: 05, Epoch: 93, Loss: 0.0000, lr: 0.000014, Train: 0.9991, Valid: 0.9149, Test: 0.9070
Run: 05, Epoch: 94, Loss: 0.0000, lr: 0.000014, Train: 0.9991, Valid: 0.9149, Test: 0.9070
Run: 05, Epoch: 95, Loss: 0.0000, lr: 0.000014, Train: 0.9991, Valid: 0.9149, Test: 0.9070
Run: 05, Epoch: 96, Loss: 0.0000, lr: 0.000014, Train: 0.9992, Valid: 0.9149, Test: 0.9070
Run: 05, Epoch: 97, Loss: 0.0000, lr: 0.000014, Train: 0.9992, Valid: 0.9149, Test: 0.9070
Run: 05, Epoch: 98, Loss: 0.0000, lr: 0.000010, Train: 0.9992, Valid: 0.9149, Test: 0.9070
Run: 05, Epoch: 99, Loss: 0.0000, lr: 0.000010, Train: 0.9992, Valid: 0.9149, Test: 0.9070
Run: 05, Epoch: 100, Loss: 0.0000, lr: 0.000010, Train: 0.9992, Valid: 0.9149, Test: 0.9070
Run 05:
Highest Train: 1.00
Highest Valid: 0.93
  Final Train: 0.98
   Final Test: 0.90
Run: 06, Epoch: 01, Loss: 0.0397, lr: 0.001000, Train: 0.6033, Valid: 0.6062, Test: 0.8062
Run: 06, Epoch: 02, Loss: 0.0127, lr: 0.001000, Train: 0.7603, Valid: 0.7837, Test: 0.8534
Run: 06, Epoch: 03, Loss: 0.0079, lr: 0.001000, Train: 0.6328, Valid: 0.8010, Test: 0.8828
Run: 06, Epoch: 04, Loss: 0.0085, lr: 0.001000, Train: 0.8310, Valid: 0.8401, Test: 0.8985
Run: 06, Epoch: 05, Loss: 0.0051, lr: 0.001000, Train: 0.8108, Valid: 0.8368, Test: 0.8819
Run: 06, Epoch: 06, Loss: 0.0038, lr: 0.001000, Train: 0.7243, Valid: 0.8040, Test: 0.8138
Run: 06, Epoch: 07, Loss: 0.0025, lr: 0.001000, Train: 0.6971, Valid: 0.8226, Test: 0.7842
Run: 06, Epoch: 08, Loss: 0.0026, lr: 0.001000, Train: 0.7774, Valid: 0.8524, Test: 0.7929
Run: 06, Epoch: 09, Loss: 0.0022, lr: 0.001000, Train: 0.8254, Valid: 0.8825, Test: 0.8147
Run: 06, Epoch: 10, Loss: 0.0020, lr: 0.001000, Train: 0.8757, Valid: 0.9212, Test: 0.8479
Run: 06, Epoch: 11, Loss: 0.0014, lr: 0.001000, Train: 0.8858, Valid: 0.9202, Test: 0.8569
Run: 06, Epoch: 12, Loss: 0.0015, lr: 0.001000, Train: 0.8614, Valid: 0.8981, Test: 0.8359
Run: 06, Epoch: 13, Loss: 0.0014, lr: 0.001000, Train: 0.8922, Valid: 0.9243, Test: 0.8592
Run: 06, Epoch: 14, Loss: 0.0009, lr: 0.001000, Train: 0.8811, Valid: 0.9186, Test: 0.8514
Run: 06, Epoch: 15, Loss: 0.0008, lr: 0.001000, Train: 0.8644, Valid: 0.9068, Test: 0.8417
Run: 06, Epoch: 16, Loss: 0.0009, lr: 0.001000, Train: 0.8808, Valid: 0.9173, Test: 0.8554
Run: 06, Epoch: 17, Loss: 0.0008, lr: 0.001000, Train: 0.9160, Valid: 0.9341, Test: 0.8775
Run: 06, Epoch: 18, Loss: 0.0006, lr: 0.001000, Train: 0.9389, Valid: 0.9407, Test: 0.8891
Run: 06, Epoch: 19, Loss: 0.0006, lr: 0.001000, Train: 0.9434, Valid: 0.9415, Test: 0.8967
Run: 06, Epoch: 20, Loss: 0.0005, lr: 0.001000, Train: 0.9424, Valid: 0.9418, Test: 0.9013
Run: 06, Epoch: 21, Loss: 0.0005, lr: 0.001000, Train: 0.9496, Valid: 0.9405, Test: 0.9020
Run: 06, Epoch: 22, Loss: 0.0004, lr: 0.001000, Train: 0.9530, Valid: 0.9380, Test: 0.8974
Run: 06, Epoch: 23, Loss: 0.0004, lr: 0.001000, Train: 0.9516, Valid: 0.9352, Test: 0.8896
Run: 06, Epoch: 24, Loss: 0.0004, lr: 0.001000, Train: 0.9509, Valid: 0.9351, Test: 0.8853
Run: 06, Epoch: 25, Loss: 0.0004, lr: 0.001000, Train: 0.9598, Valid: 0.9405, Test: 0.8884
Run: 06, Epoch: 26, Loss: 0.0003, lr: 0.001000, Train: 0.9753, Valid: 0.9486, Test: 0.8917
Run: 06, Epoch: 27, Loss: 0.0003, lr: 0.001000, Train: 0.9826, Valid: 0.9535, Test: 0.8909
Run: 06, Epoch: 28, Loss: 0.0002, lr: 0.001000, Train: 0.9828, Valid: 0.9551, Test: 0.8884
Run: 06, Epoch: 29, Loss: 0.0002, lr: 0.001000, Train: 0.9801, Valid: 0.9550, Test: 0.8882
Run: 06, Epoch: 30, Loss: 0.0002, lr: 0.001000, Train: 0.9813, Valid: 0.9556, Test: 0.8904
Run: 06, Epoch: 31, Loss: 0.0002, lr: 0.001000, Train: 0.9863, Valid: 0.9572, Test: 0.8934
Run: 06, Epoch: 32, Loss: 0.0002, lr: 0.001000, Train: 0.9891, Valid: 0.9583, Test: 0.8953
Run: 06, Epoch: 33, Loss: 0.0002, lr: 0.001000, Train: 0.9897, Valid: 0.9583, Test: 0.8973
Run: 06, Epoch: 34, Loss: 0.0001, lr: 0.001000, Train: 0.9901, Valid: 0.9577, Test: 0.8985
Run: 06, Epoch: 35, Loss: 0.0001, lr: 0.001000, Train: 0.9918, Valid: 0.9573, Test: 0.8969
Run: 06, Epoch: 36, Loss: 0.0001, lr: 0.001000, Train: 0.9944, Valid: 0.9574, Test: 0.8945
Run: 06, Epoch: 37, Loss: 0.0001, lr: 0.001000, Train: 0.9951, Valid: 0.9575, Test: 0.8942
Run: 06, Epoch: 38, Loss: 0.0001, lr: 0.001000, Train: 0.9953, Valid: 0.9576, Test: 0.8954
Run: 06, Epoch: 39, Loss: 0.0001, lr: 0.000700, Train: 0.9963, Valid: 0.9572, Test: 0.8946
Run: 06, Epoch: 40, Loss: 0.0001, lr: 0.000700, Train: 0.9971, Valid: 0.9556, Test: 0.8919
Run: 06, Epoch: 41, Loss: 0.0001, lr: 0.000700, Train: 0.9972, Valid: 0.9536, Test: 0.8895
Run: 06, Epoch: 42, Loss: 0.0001, lr: 0.000700, Train: 0.9975, Valid: 0.9529, Test: 0.8899
Run: 06, Epoch: 43, Loss: 0.0001, lr: 0.000700, Train: 0.9979, Valid: 0.9537, Test: 0.8920
Run: 06, Epoch: 44, Loss: 0.0001, lr: 0.000700, Train: 0.9980, Valid: 0.9549, Test: 0.8929
Run: 06, Epoch: 45, Loss: 0.0001, lr: 0.000490, Train: 0.9981, Valid: 0.9553, Test: 0.8919
Run: 06, Epoch: 46, Loss: 0.0001, lr: 0.000490, Train: 0.9983, Valid: 0.9553, Test: 0.8898
Run: 06, Epoch: 47, Loss: 0.0000, lr: 0.000490, Train: 0.9984, Valid: 0.9549, Test: 0.8878
Run: 06, Epoch: 48, Loss: 0.0000, lr: 0.000490, Train: 0.9985, Valid: 0.9549, Test: 0.8871
Run: 06, Epoch: 49, Loss: 0.0000, lr: 0.000490, Train: 0.9985, Valid: 0.9552, Test: 0.8877
Run: 06, Epoch: 50, Loss: 0.0000, lr: 0.000490, Train: 0.9986, Valid: 0.9556, Test: 0.8887
Run: 06, Epoch: 51, Loss: 0.0000, lr: 0.000343, Train: 0.9987, Valid: 0.9559, Test: 0.8890
Run: 06, Epoch: 52, Loss: 0.0000, lr: 0.000343, Train: 0.9989, Valid: 0.9561, Test: 0.8886
Run: 06, Epoch: 53, Loss: 0.0000, lr: 0.000343, Train: 0.9990, Valid: 0.9563, Test: 0.8879
Run: 06, Epoch: 54, Loss: 0.0000, lr: 0.000343, Train: 0.9990, Valid: 0.9566, Test: 0.8875
Run: 06, Epoch: 55, Loss: 0.0000, lr: 0.000343, Train: 0.9991, Valid: 0.9570, Test: 0.8874
Run: 06, Epoch: 56, Loss: 0.0000, lr: 0.000343, Train: 0.9991, Valid: 0.9573, Test: 0.8878
Run: 06, Epoch: 57, Loss: 0.0000, lr: 0.000240, Train: 0.9991, Valid: 0.9575, Test: 0.8881
Run: 06, Epoch: 58, Loss: 0.0000, lr: 0.000240, Train: 0.9991, Valid: 0.9575, Test: 0.8882
Run: 06, Epoch: 59, Loss: 0.0000, lr: 0.000240, Train: 0.9991, Valid: 0.9574, Test: 0.8881
Run: 06, Epoch: 60, Loss: 0.0000, lr: 0.000240, Train: 0.9991, Valid: 0.9572, Test: 0.8878
Run: 06, Epoch: 61, Loss: 0.0000, lr: 0.000240, Train: 0.9991, Valid: 0.9570, Test: 0.8874
Run: 06, Epoch: 62, Loss: 0.0000, lr: 0.000240, Train: 0.9992, Valid: 0.9568, Test: 0.8872
Run: 06, Epoch: 63, Loss: 0.0000, lr: 0.000168, Train: 0.9992, Valid: 0.9568, Test: 0.8871
Run: 06, Epoch: 64, Loss: 0.0000, lr: 0.000168, Train: 0.9992, Valid: 0.9569, Test: 0.8872
Run: 06, Epoch: 65, Loss: 0.0000, lr: 0.000168, Train: 0.9992, Valid: 0.9570, Test: 0.8874
Run: 06, Epoch: 66, Loss: 0.0000, lr: 0.000168, Train: 0.9993, Valid: 0.9571, Test: 0.8877
Run: 06, Epoch: 67, Loss: 0.0000, lr: 0.000168, Train: 0.9993, Valid: 0.9572, Test: 0.8879
Run: 06, Epoch: 68, Loss: 0.0000, lr: 0.000168, Train: 0.9993, Valid: 0.9573, Test: 0.8881
Run: 06, Epoch: 69, Loss: 0.0000, lr: 0.000118, Train: 0.9993, Valid: 0.9574, Test: 0.8881
Run: 06, Epoch: 70, Loss: 0.0000, lr: 0.000118, Train: 0.9993, Valid: 0.9575, Test: 0.8881
Run: 06, Epoch: 71, Loss: 0.0000, lr: 0.000118, Train: 0.9993, Valid: 0.9575, Test: 0.8881
Run: 06, Epoch: 72, Loss: 0.0000, lr: 0.000118, Train: 0.9993, Valid: 0.9576, Test: 0.8881
Run: 06, Epoch: 73, Loss: 0.0000, lr: 0.000118, Train: 0.9994, Valid: 0.9576, Test: 0.8881
Run: 06, Epoch: 74, Loss: 0.0000, lr: 0.000118, Train: 0.9994, Valid: 0.9576, Test: 0.8880
Run: 06, Epoch: 75, Loss: 0.0000, lr: 0.000082, Train: 0.9994, Valid: 0.9576, Test: 0.8880
Run: 06, Epoch: 76, Loss: 0.0000, lr: 0.000082, Train: 0.9994, Valid: 0.9576, Test: 0.8879
Run: 06, Epoch: 77, Loss: 0.0000, lr: 0.000082, Train: 0.9994, Valid: 0.9576, Test: 0.8878
Run: 06, Epoch: 78, Loss: 0.0000, lr: 0.000082, Train: 0.9994, Valid: 0.9576, Test: 0.8877
Run: 06, Epoch: 79, Loss: 0.0000, lr: 0.000082, Train: 0.9994, Valid: 0.9576, Test: 0.8875
Run: 06, Epoch: 80, Loss: 0.0000, lr: 0.000082, Train: 0.9994, Valid: 0.9575, Test: 0.8874
Run: 06, Epoch: 81, Loss: 0.0000, lr: 0.000058, Train: 0.9994, Valid: 0.9575, Test: 0.8872
Run: 06, Epoch: 82, Loss: 0.0000, lr: 0.000058, Train: 0.9994, Valid: 0.9574, Test: 0.8871
Run: 06, Epoch: 83, Loss: 0.0000, lr: 0.000058, Train: 0.9994, Valid: 0.9574, Test: 0.8869
Run: 06, Epoch: 84, Loss: 0.0000, lr: 0.000058, Train: 0.9994, Valid: 0.9573, Test: 0.8868
Run: 06, Epoch: 85, Loss: 0.0000, lr: 0.000058, Train: 0.9995, Valid: 0.9573, Test: 0.8867
Run: 06, Epoch: 86, Loss: 0.0000, lr: 0.000058, Train: 0.9995, Valid: 0.9573, Test: 0.8866
Run: 06, Epoch: 87, Loss: 0.0000, lr: 0.000040, Train: 0.9995, Valid: 0.9572, Test: 0.8866
Run: 06, Epoch: 88, Loss: 0.0000, lr: 0.000040, Train: 0.9995, Valid: 0.9572, Test: 0.8865
Run: 06, Epoch: 89, Loss: 0.0000, lr: 0.000040, Train: 0.9995, Valid: 0.9572, Test: 0.8865
Run: 06, Epoch: 90, Loss: 0.0000, lr: 0.000040, Train: 0.9995, Valid: 0.9572, Test: 0.8865
Run: 06, Epoch: 91, Loss: 0.0000, lr: 0.000040, Train: 0.9995, Valid: 0.9572, Test: 0.8865
Run: 06, Epoch: 92, Loss: 0.0000, lr: 0.000040, Train: 0.9995, Valid: 0.9572, Test: 0.8865
Run: 06, Epoch: 93, Loss: 0.0000, lr: 0.000028, Train: 0.9995, Valid: 0.9572, Test: 0.8864
Run: 06, Epoch: 94, Loss: 0.0000, lr: 0.000028, Train: 0.9995, Valid: 0.9572, Test: 0.8864
Run: 06, Epoch: 95, Loss: 0.0000, lr: 0.000028, Train: 0.9995, Valid: 0.9572, Test: 0.8864
Run: 06, Epoch: 96, Loss: 0.0000, lr: 0.000028, Train: 0.9995, Valid: 0.9572, Test: 0.8864
Run: 06, Epoch: 97, Loss: 0.0000, lr: 0.000028, Train: 0.9995, Valid: 0.9572, Test: 0.8864
Run: 06, Epoch: 98, Loss: 0.0000, lr: 0.000028, Train: 0.9995, Valid: 0.9572, Test: 0.8864
Run: 06, Epoch: 99, Loss: 0.0000, lr: 0.000020, Train: 0.9995, Valid: 0.9572, Test: 0.8864
Run: 06, Epoch: 100, Loss: 0.0000, lr: 0.000020, Train: 0.9995, Valid: 0.9572, Test: 0.8864
Run 06:
Highest Train: 1.00
Highest Valid: 0.96
  Final Train: 0.99
   Final Test: 0.90
Run: 07, Epoch: 01, Loss: 0.0547, lr: 0.001000, Train: 0.6529, Valid: 0.7370, Test: 0.4775
Run: 07, Epoch: 02, Loss: 0.0069, lr: 0.001000, Train: 0.7663, Valid: 0.7938, Test: 0.5720
Run: 07, Epoch: 03, Loss: 0.0061, lr: 0.001000, Train: 0.6857, Valid: 0.7915, Test: 0.5585
Run: 07, Epoch: 04, Loss: 0.0050, lr: 0.001000, Train: 0.6972, Valid: 0.8081, Test: 0.6186
Run: 07, Epoch: 05, Loss: 0.0026, lr: 0.001000, Train: 0.7775, Valid: 0.7928, Test: 0.6861
Run: 07, Epoch: 06, Loss: 0.0034, lr: 0.001000, Train: 0.6584, Valid: 0.6963, Test: 0.5318
Run: 07, Epoch: 07, Loss: 0.0019, lr: 0.001000, Train: 0.5819, Valid: 0.5501, Test: 0.3405
Run: 07, Epoch: 08, Loss: 0.0025, lr: 0.001000, Train: 0.7071, Valid: 0.6159, Test: 0.4273
Run: 07, Epoch: 09, Loss: 0.0013, lr: 0.001000, Train: 0.8612, Valid: 0.7667, Test: 0.5596
Run: 07, Epoch: 10, Loss: 0.0015, lr: 0.001000, Train: 0.8600, Valid: 0.7708, Test: 0.5719
Run: 07, Epoch: 11, Loss: 0.0015, lr: 0.000700, Train: 0.8487, Valid: 0.7737, Test: 0.5523
Run: 07, Epoch: 12, Loss: 0.0012, lr: 0.000700, Train: 0.8596, Valid: 0.8110, Test: 0.5750
Run: 07, Epoch: 13, Loss: 0.0010, lr: 0.000700, Train: 0.8937, Valid: 0.8669, Test: 0.6583
Run: 07, Epoch: 14, Loss: 0.0009, lr: 0.000700, Train: 0.8878, Valid: 0.8978, Test: 0.7049
Run: 07, Epoch: 15, Loss: 0.0009, lr: 0.000700, Train: 0.9264, Valid: 0.9458, Test: 0.8078
Run: 07, Epoch: 16, Loss: 0.0008, lr: 0.000700, Train: 0.9157, Valid: 0.9637, Test: 0.8289
Run: 07, Epoch: 17, Loss: 0.0007, lr: 0.000700, Train: 0.9120, Valid: 0.9681, Test: 0.8348
Run: 07, Epoch: 18, Loss: 0.0007, lr: 0.000700, Train: 0.9219, Valid: 0.9676, Test: 0.8422
Run: 07, Epoch: 19, Loss: 0.0006, lr: 0.000700, Train: 0.9323, Valid: 0.9649, Test: 0.8435
Run: 07, Epoch: 20, Loss: 0.0006, lr: 0.000700, Train: 0.9434, Valid: 0.9625, Test: 0.8450
Run: 07, Epoch: 21, Loss: 0.0005, lr: 0.000700, Train: 0.9518, Valid: 0.9620, Test: 0.8452
Run: 07, Epoch: 22, Loss: 0.0005, lr: 0.000700, Train: 0.9575, Valid: 0.9645, Test: 0.8450
Run: 07, Epoch: 23, Loss: 0.0005, lr: 0.000700, Train: 0.9579, Valid: 0.9675, Test: 0.8415
Run: 07, Epoch: 24, Loss: 0.0004, lr: 0.000490, Train: 0.9576, Valid: 0.9706, Test: 0.8426
Run: 07, Epoch: 25, Loss: 0.0004, lr: 0.000490, Train: 0.9563, Valid: 0.9738, Test: 0.8451
Run: 07, Epoch: 26, Loss: 0.0004, lr: 0.000490, Train: 0.9572, Valid: 0.9695, Test: 0.8222
Run: 07, Epoch: 27, Loss: 0.0003, lr: 0.000490, Train: 0.9623, Valid: 0.9688, Test: 0.8283
Run: 07, Epoch: 28, Loss: 0.0003, lr: 0.000490, Train: 0.9696, Valid: 0.9668, Test: 0.8444
Run: 07, Epoch: 29, Loss: 0.0003, lr: 0.000490, Train: 0.9772, Valid: 0.9637, Test: 0.8598
Run: 07, Epoch: 30, Loss: 0.0002, lr: 0.000490, Train: 0.9824, Valid: 0.9613, Test: 0.8667
Run: 07, Epoch: 31, Loss: 0.0002, lr: 0.000490, Train: 0.9834, Valid: 0.9612, Test: 0.8656
Run: 07, Epoch: 32, Loss: 0.0002, lr: 0.000343, Train: 0.9822, Valid: 0.9626, Test: 0.8638
Run: 07, Epoch: 33, Loss: 0.0002, lr: 0.000343, Train: 0.9788, Valid: 0.9642, Test: 0.8612
Run: 07, Epoch: 34, Loss: 0.0002, lr: 0.000343, Train: 0.9750, Valid: 0.9647, Test: 0.8594
Run: 07, Epoch: 35, Loss: 0.0002, lr: 0.000343, Train: 0.9736, Valid: 0.9641, Test: 0.8600
Run: 07, Epoch: 36, Loss: 0.0002, lr: 0.000343, Train: 0.9754, Valid: 0.9633, Test: 0.8628
Run: 07, Epoch: 37, Loss: 0.0002, lr: 0.000343, Train: 0.9782, Valid: 0.9625, Test: 0.8656
Run: 07, Epoch: 38, Loss: 0.0001, lr: 0.000240, Train: 0.9803, Valid: 0.9620, Test: 0.8679
Run: 07, Epoch: 39, Loss: 0.0001, lr: 0.000240, Train: 0.9814, Valid: 0.9617, Test: 0.8690
Run: 07, Epoch: 40, Loss: 0.0001, lr: 0.000240, Train: 0.9818, Valid: 0.9614, Test: 0.8692
Run: 07, Epoch: 41, Loss: 0.0001, lr: 0.000240, Train: 0.9820, Valid: 0.9611, Test: 0.8692
Run: 07, Epoch: 42, Loss: 0.0001, lr: 0.000240, Train: 0.9826, Valid: 0.9606, Test: 0.8696
Run: 07, Epoch: 43, Loss: 0.0001, lr: 0.000240, Train: 0.9840, Valid: 0.9602, Test: 0.8707
Run: 07, Epoch: 44, Loss: 0.0001, lr: 0.000168, Train: 0.9860, Valid: 0.9602, Test: 0.8731
Run: 07, Epoch: 45, Loss: 0.0001, lr: 0.000168, Train: 0.9880, Valid: 0.9602, Test: 0.8758
Run: 07, Epoch: 46, Loss: 0.0001, lr: 0.000168, Train: 0.9897, Valid: 0.9604, Test: 0.8786
Run: 07, Epoch: 47, Loss: 0.0001, lr: 0.000168, Train: 0.9911, Valid: 0.9605, Test: 0.8812
Run: 07, Epoch: 48, Loss: 0.0001, lr: 0.000168, Train: 0.9922, Valid: 0.9604, Test: 0.8835
Run: 07, Epoch: 49, Loss: 0.0001, lr: 0.000168, Train: 0.9930, Valid: 0.9602, Test: 0.8852
Run: 07, Epoch: 50, Loss: 0.0001, lr: 0.000118, Train: 0.9936, Valid: 0.9599, Test: 0.8862
Run: 07, Epoch: 51, Loss: 0.0001, lr: 0.000118, Train: 0.9941, Valid: 0.9596, Test: 0.8866
Run: 07, Epoch: 52, Loss: 0.0001, lr: 0.000118, Train: 0.9945, Valid: 0.9594, Test: 0.8864
Run: 07, Epoch: 53, Loss: 0.0001, lr: 0.000118, Train: 0.9947, Valid: 0.9592, Test: 0.8857
Run: 07, Epoch: 54, Loss: 0.0001, lr: 0.000118, Train: 0.9949, Valid: 0.9591, Test: 0.8847
Run: 07, Epoch: 55, Loss: 0.0001, lr: 0.000118, Train: 0.9951, Valid: 0.9591, Test: 0.8836
Run: 07, Epoch: 56, Loss: 0.0001, lr: 0.000082, Train: 0.9954, Valid: 0.9589, Test: 0.8831
Run: 07, Epoch: 57, Loss: 0.0001, lr: 0.000082, Train: 0.9957, Valid: 0.9588, Test: 0.8826
Run: 07, Epoch: 58, Loss: 0.0001, lr: 0.000082, Train: 0.9959, Valid: 0.9587, Test: 0.8823
Run: 07, Epoch: 59, Loss: 0.0001, lr: 0.000082, Train: 0.9962, Valid: 0.9585, Test: 0.8821
Run: 07, Epoch: 60, Loss: 0.0001, lr: 0.000082, Train: 0.9964, Valid: 0.9582, Test: 0.8820
Run: 07, Epoch: 61, Loss: 0.0001, lr: 0.000082, Train: 0.9966, Valid: 0.9579, Test: 0.8819
Run: 07, Epoch: 62, Loss: 0.0001, lr: 0.000058, Train: 0.9968, Valid: 0.9576, Test: 0.8820
Run: 07, Epoch: 63, Loss: 0.0001, lr: 0.000058, Train: 0.9970, Valid: 0.9573, Test: 0.8820
Run: 07, Epoch: 64, Loss: 0.0001, lr: 0.000058, Train: 0.9971, Valid: 0.9570, Test: 0.8821
Run: 07, Epoch: 65, Loss: 0.0001, lr: 0.000058, Train: 0.9972, Valid: 0.9567, Test: 0.8821
Run: 07, Epoch: 66, Loss: 0.0001, lr: 0.000058, Train: 0.9973, Valid: 0.9565, Test: 0.8822
Run: 07, Epoch: 67, Loss: 0.0001, lr: 0.000058, Train: 0.9973, Valid: 0.9563, Test: 0.8822
Run: 07, Epoch: 68, Loss: 0.0001, lr: 0.000040, Train: 0.9974, Valid: 0.9561, Test: 0.8823
Run: 07, Epoch: 69, Loss: 0.0001, lr: 0.000040, Train: 0.9975, Valid: 0.9560, Test: 0.8823
Run: 07, Epoch: 70, Loss: 0.0001, lr: 0.000040, Train: 0.9975, Valid: 0.9558, Test: 0.8823
Run: 07, Epoch: 71, Loss: 0.0001, lr: 0.000040, Train: 0.9976, Valid: 0.9557, Test: 0.8823
Run: 07, Epoch: 72, Loss: 0.0001, lr: 0.000040, Train: 0.9976, Valid: 0.9556, Test: 0.8823
Run: 07, Epoch: 73, Loss: 0.0001, lr: 0.000040, Train: 0.9977, Valid: 0.9555, Test: 0.8823
Run: 07, Epoch: 74, Loss: 0.0001, lr: 0.000028, Train: 0.9977, Valid: 0.9553, Test: 0.8823
Run: 07, Epoch: 75, Loss: 0.0001, lr: 0.000028, Train: 0.9978, Valid: 0.9551, Test: 0.8823
Run: 07, Epoch: 76, Loss: 0.0001, lr: 0.000028, Train: 0.9978, Valid: 0.9550, Test: 0.8822
Run: 07, Epoch: 77, Loss: 0.0001, lr: 0.000028, Train: 0.9979, Valid: 0.9548, Test: 0.8822
Run: 07, Epoch: 78, Loss: 0.0001, lr: 0.000028, Train: 0.9979, Valid: 0.9547, Test: 0.8822
Run: 07, Epoch: 79, Loss: 0.0001, lr: 0.000028, Train: 0.9980, Valid: 0.9545, Test: 0.8822
Run: 07, Epoch: 80, Loss: 0.0001, lr: 0.000020, Train: 0.9980, Valid: 0.9544, Test: 0.8821
Run: 07, Epoch: 81, Loss: 0.0001, lr: 0.000020, Train: 0.9980, Valid: 0.9543, Test: 0.8821
Run: 07, Epoch: 82, Loss: 0.0001, lr: 0.000020, Train: 0.9980, Valid: 0.9542, Test: 0.8821
Run: 07, Epoch: 83, Loss: 0.0001, lr: 0.000020, Train: 0.9981, Valid: 0.9541, Test: 0.8821
Run: 07, Epoch: 84, Loss: 0.0001, lr: 0.000020, Train: 0.9981, Valid: 0.9540, Test: 0.8821
Run: 07, Epoch: 85, Loss: 0.0001, lr: 0.000020, Train: 0.9981, Valid: 0.9540, Test: 0.8821
Run: 07, Epoch: 86, Loss: 0.0001, lr: 0.000014, Train: 0.9981, Valid: 0.9539, Test: 0.8821
Run: 07, Epoch: 87, Loss: 0.0001, lr: 0.000014, Train: 0.9981, Valid: 0.9538, Test: 0.8820
Run: 07, Epoch: 88, Loss: 0.0001, lr: 0.000014, Train: 0.9981, Valid: 0.9538, Test: 0.8820
Run: 07, Epoch: 89, Loss: 0.0001, lr: 0.000014, Train: 0.9981, Valid: 0.9537, Test: 0.8820
Run: 07, Epoch: 90, Loss: 0.0001, lr: 0.000014, Train: 0.9981, Valid: 0.9537, Test: 0.8819
Run: 07, Epoch: 91, Loss: 0.0001, lr: 0.000014, Train: 0.9981, Valid: 0.9537, Test: 0.8819
Run: 07, Epoch: 92, Loss: 0.0001, lr: 0.000010, Train: 0.9982, Valid: 0.9536, Test: 0.8819
Run: 07, Epoch: 93, Loss: 0.0001, lr: 0.000010, Train: 0.9982, Valid: 0.9536, Test: 0.8818
Run: 07, Epoch: 94, Loss: 0.0001, lr: 0.000010, Train: 0.9982, Valid: 0.9535, Test: 0.8818
Run: 07, Epoch: 95, Loss: 0.0001, lr: 0.000010, Train: 0.9982, Valid: 0.9535, Test: 0.8817
Run: 07, Epoch: 96, Loss: 0.0001, lr: 0.000010, Train: 0.9982, Valid: 0.9535, Test: 0.8817
Run: 07, Epoch: 97, Loss: 0.0001, lr: 0.000010, Train: 0.9982, Valid: 0.9534, Test: 0.8816
Run: 07, Epoch: 98, Loss: 0.0001, lr: 0.000010, Train: 0.9982, Valid: 0.9534, Test: 0.8816
Run: 07, Epoch: 99, Loss: 0.0001, lr: 0.000010, Train: 0.9982, Valid: 0.9534, Test: 0.8816
Run: 07, Epoch: 100, Loss: 0.0001, lr: 0.000010, Train: 0.9982, Valid: 0.9534, Test: 0.8815
Run 07:
Highest Train: 1.00
Highest Valid: 0.97
  Final Train: 0.96
   Final Test: 0.85
Run: 08, Epoch: 01, Loss: 0.0264, lr: 0.001000, Train: 0.7834, Valid: 0.8623, Test: 0.8422
Run: 08, Epoch: 02, Loss: 0.0119, lr: 0.001000, Train: 0.8457, Valid: 0.8343, Test: 0.8310
Run: 08, Epoch: 03, Loss: 0.0066, lr: 0.001000, Train: 0.7696, Valid: 0.7239, Test: 0.6232
Run: 08, Epoch: 04, Loss: 0.0074, lr: 0.001000, Train: 0.7688, Valid: 0.7471, Test: 0.7714
Run: 08, Epoch: 05, Loss: 0.0035, lr: 0.001000, Train: 0.5520, Valid: 0.6537, Test: 0.2152
Run: 08, Epoch: 06, Loss: 0.0057, lr: 0.001000, Train: 0.5741, Valid: 0.5919, Test: 0.3087
Run: 08, Epoch: 07, Loss: 0.0024, lr: 0.001000, Train: 0.6666, Valid: 0.6162, Test: 0.5783
Run: 08, Epoch: 08, Loss: 0.0020, lr: 0.000700, Train: 0.7207, Valid: 0.6692, Test: 0.6760
Run: 08, Epoch: 09, Loss: 0.0023, lr: 0.000700, Train: 0.7539, Valid: 0.7116, Test: 0.6735
Run: 08, Epoch: 10, Loss: 0.0017, lr: 0.000700, Train: 0.7647, Valid: 0.7427, Test: 0.5984
Run: 08, Epoch: 11, Loss: 0.0012, lr: 0.000700, Train: 0.7550, Valid: 0.7566, Test: 0.5193
Run: 08, Epoch: 12, Loss: 0.0012, lr: 0.000700, Train: 0.7442, Valid: 0.7527, Test: 0.4914
Run: 08, Epoch: 13, Loss: 0.0014, lr: 0.000700, Train: 0.7431, Valid: 0.7316, Test: 0.5237
Run: 08, Epoch: 14, Loss: 0.0011, lr: 0.000490, Train: 0.7605, Valid: 0.7259, Test: 0.5942
Run: 08, Epoch: 15, Loss: 0.0009, lr: 0.000490, Train: 0.7813, Valid: 0.7305, Test: 0.6741
Run: 08, Epoch: 16, Loss: 0.0009, lr: 0.000490, Train: 0.8143, Valid: 0.7619, Test: 0.7546
Run: 08, Epoch: 17, Loss: 0.0008, lr: 0.000490, Train: 0.8547, Valid: 0.8118, Test: 0.8221
Run: 08, Epoch: 18, Loss: 0.0008, lr: 0.000490, Train: 0.8935, Valid: 0.8630, Test: 0.8700
Run: 08, Epoch: 19, Loss: 0.0007, lr: 0.000490, Train: 0.9247, Valid: 0.9017, Test: 0.8986
Run: 08, Epoch: 20, Loss: 0.0007, lr: 0.000490, Train: 0.9444, Valid: 0.9223, Test: 0.9087
Run: 08, Epoch: 21, Loss: 0.0006, lr: 0.000490, Train: 0.9530, Valid: 0.9295, Test: 0.9042
Run: 08, Epoch: 22, Loss: 0.0006, lr: 0.000490, Train: 0.9535, Valid: 0.9307, Test: 0.8923
Run: 08, Epoch: 23, Loss: 0.0006, lr: 0.000490, Train: 0.9488, Valid: 0.9275, Test: 0.8785
Run: 08, Epoch: 24, Loss: 0.0005, lr: 0.000490, Train: 0.9411, Valid: 0.9186, Test: 0.8672
Run: 08, Epoch: 25, Loss: 0.0005, lr: 0.000490, Train: 0.9353, Valid: 0.9068, Test: 0.8623
Run: 08, Epoch: 26, Loss: 0.0005, lr: 0.000490, Train: 0.9370, Valid: 0.9017, Test: 0.8703
Run: 08, Epoch: 27, Loss: 0.0004, lr: 0.000490, Train: 0.9472, Valid: 0.9076, Test: 0.8890
Run: 08, Epoch: 28, Loss: 0.0004, lr: 0.000490, Train: 0.9610, Valid: 0.9185, Test: 0.9095
Run: 08, Epoch: 29, Loss: 0.0004, lr: 0.000343, Train: 0.9709, Valid: 0.9257, Test: 0.9210
Run: 08, Epoch: 30, Loss: 0.0004, lr: 0.000343, Train: 0.9778, Valid: 0.9302, Test: 0.9273
Run: 08, Epoch: 31, Loss: 0.0003, lr: 0.000343, Train: 0.9820, Valid: 0.9327, Test: 0.9297
Run: 08, Epoch: 32, Loss: 0.0003, lr: 0.000343, Train: 0.9841, Valid: 0.9344, Test: 0.9296
Run: 08, Epoch: 33, Loss: 0.0003, lr: 0.000343, Train: 0.9850, Valid: 0.9357, Test: 0.9283
Run: 08, Epoch: 34, Loss: 0.0003, lr: 0.000343, Train: 0.9853, Valid: 0.9366, Test: 0.9268
Run: 08, Epoch: 35, Loss: 0.0003, lr: 0.000343, Train: 0.9860, Valid: 0.9369, Test: 0.9262
Run: 08, Epoch: 36, Loss: 0.0003, lr: 0.000343, Train: 0.9874, Valid: 0.9363, Test: 0.9268
Run: 08, Epoch: 37, Loss: 0.0003, lr: 0.000343, Train: 0.9891, Valid: 0.9346, Test: 0.9279
Run: 08, Epoch: 38, Loss: 0.0002, lr: 0.000343, Train: 0.9905, Valid: 0.9320, Test: 0.9287
Run: 08, Epoch: 39, Loss: 0.0002, lr: 0.000343, Train: 0.9914, Valid: 0.9288, Test: 0.9286
Run: 08, Epoch: 40, Loss: 0.0002, lr: 0.000343, Train: 0.9918, Valid: 0.9258, Test: 0.9278
Run: 08, Epoch: 41, Loss: 0.0002, lr: 0.000343, Train: 0.9919, Valid: 0.9233, Test: 0.9264
Run: 08, Epoch: 42, Loss: 0.0002, lr: 0.000240, Train: 0.9922, Valid: 0.9217, Test: 0.9250
Run: 08, Epoch: 43, Loss: 0.0002, lr: 0.000240, Train: 0.9924, Valid: 0.9203, Test: 0.9234
Run: 08, Epoch: 44, Loss: 0.0002, lr: 0.000240, Train: 0.9928, Valid: 0.9188, Test: 0.9218
Run: 08, Epoch: 45, Loss: 0.0002, lr: 0.000240, Train: 0.9933, Valid: 0.9171, Test: 0.9204
Run: 08, Epoch: 46, Loss: 0.0002, lr: 0.000240, Train: 0.9940, Valid: 0.9151, Test: 0.9192
Run: 08, Epoch: 47, Loss: 0.0002, lr: 0.000240, Train: 0.9948, Valid: 0.9128, Test: 0.9183
Run: 08, Epoch: 48, Loss: 0.0002, lr: 0.000168, Train: 0.9953, Valid: 0.9110, Test: 0.9178
Run: 08, Epoch: 49, Loss: 0.0001, lr: 0.000168, Train: 0.9956, Valid: 0.9094, Test: 0.9176
Run: 08, Epoch: 50, Loss: 0.0001, lr: 0.000168, Train: 0.9958, Valid: 0.9081, Test: 0.9179
Run: 08, Epoch: 51, Loss: 0.0001, lr: 0.000168, Train: 0.9960, Valid: 0.9074, Test: 0.9185
Run: 08, Epoch: 52, Loss: 0.0001, lr: 0.000168, Train: 0.9961, Valid: 0.9073, Test: 0.9195
Run: 08, Epoch: 53, Loss: 0.0001, lr: 0.000168, Train: 0.9961, Valid: 0.9076, Test: 0.9206
Run: 08, Epoch: 54, Loss: 0.0001, lr: 0.000118, Train: 0.9962, Valid: 0.9080, Test: 0.9212
Run: 08, Epoch: 55, Loss: 0.0001, lr: 0.000118, Train: 0.9962, Valid: 0.9086, Test: 0.9215
Run: 08, Epoch: 56, Loss: 0.0001, lr: 0.000118, Train: 0.9963, Valid: 0.9092, Test: 0.9215
Run: 08, Epoch: 57, Loss: 0.0001, lr: 0.000118, Train: 0.9963, Valid: 0.9096, Test: 0.9211
Run: 08, Epoch: 58, Loss: 0.0001, lr: 0.000118, Train: 0.9964, Valid: 0.9098, Test: 0.9203
Run: 08, Epoch: 59, Loss: 0.0001, lr: 0.000118, Train: 0.9965, Valid: 0.9097, Test: 0.9193
Run: 08, Epoch: 60, Loss: 0.0001, lr: 0.000082, Train: 0.9966, Valid: 0.9093, Test: 0.9183
Run: 08, Epoch: 61, Loss: 0.0001, lr: 0.000082, Train: 0.9967, Valid: 0.9087, Test: 0.9172
Run: 08, Epoch: 62, Loss: 0.0001, lr: 0.000082, Train: 0.9968, Valid: 0.9079, Test: 0.9161
Run: 08, Epoch: 63, Loss: 0.0001, lr: 0.000082, Train: 0.9968, Valid: 0.9069, Test: 0.9151
Run: 08, Epoch: 64, Loss: 0.0001, lr: 0.000082, Train: 0.9969, Valid: 0.9058, Test: 0.9142
Run: 08, Epoch: 65, Loss: 0.0001, lr: 0.000082, Train: 0.9969, Valid: 0.9047, Test: 0.9135
Run: 08, Epoch: 66, Loss: 0.0001, lr: 0.000058, Train: 0.9970, Valid: 0.9040, Test: 0.9131
Run: 08, Epoch: 67, Loss: 0.0001, lr: 0.000058, Train: 0.9970, Valid: 0.9032, Test: 0.9130
Run: 08, Epoch: 68, Loss: 0.0001, lr: 0.000058, Train: 0.9970, Valid: 0.9026, Test: 0.9129
Run: 08, Epoch: 69, Loss: 0.0001, lr: 0.000058, Train: 0.9971, Valid: 0.9021, Test: 0.9130
Run: 08, Epoch: 70, Loss: 0.0001, lr: 0.000058, Train: 0.9971, Valid: 0.9016, Test: 0.9131
Run: 08, Epoch: 71, Loss: 0.0001, lr: 0.000058, Train: 0.9971, Valid: 0.9013, Test: 0.9134
Run: 08, Epoch: 72, Loss: 0.0001, lr: 0.000040, Train: 0.9972, Valid: 0.9011, Test: 0.9136
Run: 08, Epoch: 73, Loss: 0.0001, lr: 0.000040, Train: 0.9972, Valid: 0.9010, Test: 0.9138
Run: 08, Epoch: 74, Loss: 0.0001, lr: 0.000040, Train: 0.9972, Valid: 0.9009, Test: 0.9140
Run: 08, Epoch: 75, Loss: 0.0001, lr: 0.000040, Train: 0.9972, Valid: 0.9009, Test: 0.9141
Run: 08, Epoch: 76, Loss: 0.0001, lr: 0.000040, Train: 0.9972, Valid: 0.9009, Test: 0.9142
Run: 08, Epoch: 77, Loss: 0.0001, lr: 0.000040, Train: 0.9973, Valid: 0.9009, Test: 0.9143
Run: 08, Epoch: 78, Loss: 0.0001, lr: 0.000028, Train: 0.9973, Valid: 0.9009, Test: 0.9144
Run: 08, Epoch: 79, Loss: 0.0001, lr: 0.000028, Train: 0.9973, Valid: 0.9009, Test: 0.9144
Run: 08, Epoch: 80, Loss: 0.0001, lr: 0.000028, Train: 0.9973, Valid: 0.9009, Test: 0.9144
Run: 08, Epoch: 81, Loss: 0.0001, lr: 0.000028, Train: 0.9973, Valid: 0.9010, Test: 0.9144
Run: 08, Epoch: 82, Loss: 0.0001, lr: 0.000028, Train: 0.9973, Valid: 0.9010, Test: 0.9144
Run: 08, Epoch: 83, Loss: 0.0001, lr: 0.000028, Train: 0.9973, Valid: 0.9010, Test: 0.9143
Run: 08, Epoch: 84, Loss: 0.0001, lr: 0.000020, Train: 0.9973, Valid: 0.9010, Test: 0.9143
Run: 08, Epoch: 85, Loss: 0.0001, lr: 0.000020, Train: 0.9974, Valid: 0.9010, Test: 0.9143
Run: 08, Epoch: 86, Loss: 0.0001, lr: 0.000020, Train: 0.9974, Valid: 0.9010, Test: 0.9143
Run: 08, Epoch: 87, Loss: 0.0001, lr: 0.000020, Train: 0.9974, Valid: 0.9010, Test: 0.9142
Run: 08, Epoch: 88, Loss: 0.0001, lr: 0.000020, Train: 0.9974, Valid: 0.9009, Test: 0.9142
Run: 08, Epoch: 89, Loss: 0.0001, lr: 0.000020, Train: 0.9974, Valid: 0.9009, Test: 0.9142
Run: 08, Epoch: 90, Loss: 0.0001, lr: 0.000014, Train: 0.9974, Valid: 0.9009, Test: 0.9142
Run: 08, Epoch: 91, Loss: 0.0001, lr: 0.000014, Train: 0.9974, Valid: 0.9009, Test: 0.9142
Run: 08, Epoch: 92, Loss: 0.0001, lr: 0.000014, Train: 0.9974, Valid: 0.9009, Test: 0.9142
Run: 08, Epoch: 93, Loss: 0.0001, lr: 0.000014, Train: 0.9974, Valid: 0.9008, Test: 0.9142
Run: 08, Epoch: 94, Loss: 0.0001, lr: 0.000014, Train: 0.9974, Valid: 0.9008, Test: 0.9142
Run: 08, Epoch: 95, Loss: 0.0001, lr: 0.000014, Train: 0.9974, Valid: 0.9008, Test: 0.9142
Run: 08, Epoch: 96, Loss: 0.0001, lr: 0.000010, Train: 0.9974, Valid: 0.9008, Test: 0.9142
Run: 08, Epoch: 97, Loss: 0.0001, lr: 0.000010, Train: 0.9975, Valid: 0.9008, Test: 0.9143
Run: 08, Epoch: 98, Loss: 0.0001, lr: 0.000010, Train: 0.9975, Valid: 0.9007, Test: 0.9143
Run: 08, Epoch: 99, Loss: 0.0001, lr: 0.000010, Train: 0.9975, Valid: 0.9007, Test: 0.9143
Run: 08, Epoch: 100, Loss: 0.0001, lr: 0.000010, Train: 0.9975, Valid: 0.9007, Test: 0.9143
Run 08:
Highest Train: 1.00
Highest Valid: 0.94
  Final Train: 0.99
   Final Test: 0.93
Run: 09, Epoch: 01, Loss: 0.0876, lr: 0.001000, Train: 0.6779, Valid: 0.4023, Test: 0.7021
Run: 09, Epoch: 02, Loss: 0.0142, lr: 0.001000, Train: 0.8005, Valid: 0.4527, Test: 0.7691
Run: 09, Epoch: 03, Loss: 0.0076, lr: 0.001000, Train: 0.8162, Valid: 0.4895, Test: 0.7793
Run: 09, Epoch: 04, Loss: 0.0045, lr: 0.001000, Train: 0.8218, Valid: 0.4886, Test: 0.7780
Run: 09, Epoch: 05, Loss: 0.0030, lr: 0.001000, Train: 0.7967, Valid: 0.3398, Test: 0.7240
Run: 09, Epoch: 06, Loss: 0.0027, lr: 0.001000, Train: 0.7455, Valid: 0.2211, Test: 0.6439
Run: 09, Epoch: 07, Loss: 0.0023, lr: 0.001000, Train: 0.7307, Valid: 0.1896, Test: 0.6018
Run: 09, Epoch: 08, Loss: 0.0019, lr: 0.001000, Train: 0.7505, Valid: 0.2834, Test: 0.6180
Run: 09, Epoch: 09, Loss: 0.0016, lr: 0.001000, Train: 0.7404, Valid: 0.3119, Test: 0.6032
Run: 09, Epoch: 10, Loss: 0.0013, lr: 0.000700, Train: 0.7166, Valid: 0.2848, Test: 0.5663
Run: 09, Epoch: 11, Loss: 0.0013, lr: 0.000700, Train: 0.6775, Valid: 0.1787, Test: 0.5055
Run: 09, Epoch: 12, Loss: 0.0013, lr: 0.000700, Train: 0.6439, Valid: 0.0279, Test: 0.4473
Run: 09, Epoch: 13, Loss: 0.0010, lr: 0.000700, Train: 0.6219, Valid: -0.1280, Test: 0.3958
Run: 09, Epoch: 14, Loss: 0.0009, lr: 0.000700, Train: 0.6427, Valid: -0.1509, Test: 0.4004
Run: 09, Epoch: 15, Loss: 0.0008, lr: 0.000700, Train: 0.7017, Valid: -0.0182, Test: 0.4623
Run: 09, Epoch: 16, Loss: 0.0007, lr: 0.000490, Train: 0.7554, Valid: 0.1499, Test: 0.5329
Run: 09, Epoch: 17, Loss: 0.0007, lr: 0.000490, Train: 0.7971, Valid: 0.2975, Test: 0.5993
Run: 09, Epoch: 18, Loss: 0.0006, lr: 0.000490, Train: 0.8293, Valid: 0.4134, Test: 0.6569
Run: 09, Epoch: 19, Loss: 0.0006, lr: 0.000490, Train: 0.8568, Valid: 0.5099, Test: 0.7034
Run: 09, Epoch: 20, Loss: 0.0005, lr: 0.000490, Train: 0.8826, Valid: 0.5880, Test: 0.7425
Run: 09, Epoch: 21, Loss: 0.0005, lr: 0.000490, Train: 0.9070, Valid: 0.6504, Test: 0.7757
Run: 09, Epoch: 22, Loss: 0.0004, lr: 0.000490, Train: 0.9278, Valid: 0.6997, Test: 0.8017
Run: 09, Epoch: 23, Loss: 0.0004, lr: 0.000490, Train: 0.9428, Valid: 0.7339, Test: 0.8199
Run: 09, Epoch: 24, Loss: 0.0004, lr: 0.000490, Train: 0.9519, Valid: 0.7533, Test: 0.8312
Run: 09, Epoch: 25, Loss: 0.0004, lr: 0.000490, Train: 0.9558, Valid: 0.7608, Test: 0.8369
Run: 09, Epoch: 26, Loss: 0.0003, lr: 0.000490, Train: 0.9556, Valid: 0.7577, Test: 0.8377
Run: 09, Epoch: 27, Loss: 0.0003, lr: 0.000490, Train: 0.9536, Valid: 0.7516, Test: 0.8358
Run: 09, Epoch: 28, Loss: 0.0003, lr: 0.000490, Train: 0.9542, Valid: 0.7519, Test: 0.8363
Run: 09, Epoch: 29, Loss: 0.0003, lr: 0.000490, Train: 0.9597, Valid: 0.7641, Test: 0.8419
Run: 09, Epoch: 30, Loss: 0.0003, lr: 0.000490, Train: 0.9677, Valid: 0.7818, Test: 0.8498
Run: 09, Epoch: 31, Loss: 0.0002, lr: 0.000490, Train: 0.9741, Valid: 0.7960, Test: 0.8558
Run: 09, Epoch: 32, Loss: 0.0002, lr: 0.000490, Train: 0.9776, Valid: 0.8025, Test: 0.8588
Run: 09, Epoch: 33, Loss: 0.0002, lr: 0.000490, Train: 0.9788, Valid: 0.8028, Test: 0.8608
Run: 09, Epoch: 34, Loss: 0.0002, lr: 0.000490, Train: 0.9793, Valid: 0.8008, Test: 0.8634
Run: 09, Epoch: 35, Loss: 0.0002, lr: 0.000490, Train: 0.9802, Valid: 0.8006, Test: 0.8670
Run: 09, Epoch: 36, Loss: 0.0002, lr: 0.000490, Train: 0.9820, Valid: 0.8043, Test: 0.8711
Run: 09, Epoch: 37, Loss: 0.0001, lr: 0.000490, Train: 0.9849, Valid: 0.8109, Test: 0.8754
Run: 09, Epoch: 38, Loss: 0.0001, lr: 0.000490, Train: 0.9878, Valid: 0.8178, Test: 0.8785
Run: 09, Epoch: 39, Loss: 0.0001, lr: 0.000490, Train: 0.9897, Valid: 0.8222, Test: 0.8799
Run: 09, Epoch: 40, Loss: 0.0001, lr: 0.000490, Train: 0.9907, Valid: 0.8232, Test: 0.8803
Run: 09, Epoch: 41, Loss: 0.0001, lr: 0.000490, Train: 0.9910, Valid: 0.8214, Test: 0.8800
Run: 09, Epoch: 42, Loss: 0.0001, lr: 0.000490, Train: 0.9905, Valid: 0.8178, Test: 0.8789
Run: 09, Epoch: 43, Loss: 0.0001, lr: 0.000490, Train: 0.9899, Valid: 0.8144, Test: 0.8774
Run: 09, Epoch: 44, Loss: 0.0001, lr: 0.000490, Train: 0.9900, Valid: 0.8132, Test: 0.8764
Run: 09, Epoch: 45, Loss: 0.0001, lr: 0.000490, Train: 0.9908, Valid: 0.8146, Test: 0.8764
Run: 09, Epoch: 46, Loss: 0.0001, lr: 0.000490, Train: 0.9919, Valid: 0.8169, Test: 0.8771
Run: 09, Epoch: 47, Loss: 0.0001, lr: 0.000343, Train: 0.9929, Valid: 0.8187, Test: 0.8783
Run: 09, Epoch: 48, Loss: 0.0001, lr: 0.000343, Train: 0.9937, Valid: 0.8192, Test: 0.8793
Run: 09, Epoch: 49, Loss: 0.0001, lr: 0.000343, Train: 0.9943, Valid: 0.8188, Test: 0.8801
Run: 09, Epoch: 50, Loss: 0.0001, lr: 0.000343, Train: 0.9949, Valid: 0.8181, Test: 0.8807
Run: 09, Epoch: 51, Loss: 0.0001, lr: 0.000343, Train: 0.9955, Valid: 0.8180, Test: 0.8812
Run: 09, Epoch: 52, Loss: 0.0000, lr: 0.000343, Train: 0.9961, Valid: 0.8188, Test: 0.8816
Run: 09, Epoch: 53, Loss: 0.0000, lr: 0.000240, Train: 0.9966, Valid: 0.8202, Test: 0.8821
Run: 09, Epoch: 54, Loss: 0.0000, lr: 0.000240, Train: 0.9970, Valid: 0.8215, Test: 0.8826
Run: 09, Epoch: 55, Loss: 0.0000, lr: 0.000240, Train: 0.9973, Valid: 0.8226, Test: 0.8831
Run: 09, Epoch: 56, Loss: 0.0000, lr: 0.000240, Train: 0.9976, Valid: 0.8233, Test: 0.8837
Run: 09, Epoch: 57, Loss: 0.0000, lr: 0.000240, Train: 0.9978, Valid: 0.8237, Test: 0.8842
Run: 09, Epoch: 58, Loss: 0.0000, lr: 0.000240, Train: 0.9980, Valid: 0.8238, Test: 0.8846
Run: 09, Epoch: 59, Loss: 0.0000, lr: 0.000240, Train: 0.9982, Valid: 0.8240, Test: 0.8848
Run: 09, Epoch: 60, Loss: 0.0000, lr: 0.000240, Train: 0.9983, Valid: 0.8247, Test: 0.8850
Run: 09, Epoch: 61, Loss: 0.0000, lr: 0.000240, Train: 0.9985, Valid: 0.8255, Test: 0.8851
Run: 09, Epoch: 62, Loss: 0.0000, lr: 0.000240, Train: 0.9986, Valid: 0.8264, Test: 0.8852
Run: 09, Epoch: 63, Loss: 0.0000, lr: 0.000240, Train: 0.9988, Valid: 0.8269, Test: 0.8851
Run: 09, Epoch: 64, Loss: 0.0000, lr: 0.000240, Train: 0.9988, Valid: 0.8270, Test: 0.8849
Run: 09, Epoch: 65, Loss: 0.0000, lr: 0.000240, Train: 0.9989, Valid: 0.8267, Test: 0.8845
Run: 09, Epoch: 66, Loss: 0.0000, lr: 0.000240, Train: 0.9989, Valid: 0.8260, Test: 0.8842
Run: 09, Epoch: 67, Loss: 0.0000, lr: 0.000240, Train: 0.9989, Valid: 0.8252, Test: 0.8841
Run: 09, Epoch: 68, Loss: 0.0000, lr: 0.000240, Train: 0.9990, Valid: 0.8244, Test: 0.8841
Run: 09, Epoch: 69, Loss: 0.0000, lr: 0.000240, Train: 0.9990, Valid: 0.8238, Test: 0.8841
Run: 09, Epoch: 70, Loss: 0.0000, lr: 0.000240, Train: 0.9991, Valid: 0.8234, Test: 0.8842
Run: 09, Epoch: 71, Loss: 0.0000, lr: 0.000168, Train: 0.9991, Valid: 0.8231, Test: 0.8841
Run: 09, Epoch: 72, Loss: 0.0000, lr: 0.000168, Train: 0.9992, Valid: 0.8229, Test: 0.8841
Run: 09, Epoch: 73, Loss: 0.0000, lr: 0.000168, Train: 0.9992, Valid: 0.8227, Test: 0.8841
Run: 09, Epoch: 74, Loss: 0.0000, lr: 0.000168, Train: 0.9992, Valid: 0.8225, Test: 0.8841
Run: 09, Epoch: 75, Loss: 0.0000, lr: 0.000168, Train: 0.9993, Valid: 0.8222, Test: 0.8841
Run: 09, Epoch: 76, Loss: 0.0000, lr: 0.000168, Train: 0.9993, Valid: 0.8220, Test: 0.8841
Run: 09, Epoch: 77, Loss: 0.0000, lr: 0.000118, Train: 0.9993, Valid: 0.8217, Test: 0.8840
Run: 09, Epoch: 78, Loss: 0.0000, lr: 0.000118, Train: 0.9993, Valid: 0.8215, Test: 0.8840
Run: 09, Epoch: 79, Loss: 0.0000, lr: 0.000118, Train: 0.9993, Valid: 0.8214, Test: 0.8839
Run: 09, Epoch: 80, Loss: 0.0000, lr: 0.000118, Train: 0.9993, Valid: 0.8213, Test: 0.8839
Run: 09, Epoch: 81, Loss: 0.0000, lr: 0.000118, Train: 0.9994, Valid: 0.8211, Test: 0.8838
Run: 09, Epoch: 82, Loss: 0.0000, lr: 0.000118, Train: 0.9994, Valid: 0.8210, Test: 0.8838
Run: 09, Epoch: 83, Loss: 0.0000, lr: 0.000082, Train: 0.9994, Valid: 0.8209, Test: 0.8838
Run: 09, Epoch: 84, Loss: 0.0000, lr: 0.000082, Train: 0.9994, Valid: 0.8208, Test: 0.8838
Run: 09, Epoch: 85, Loss: 0.0000, lr: 0.000082, Train: 0.9994, Valid: 0.8207, Test: 0.8838
Run: 09, Epoch: 86, Loss: 0.0000, lr: 0.000082, Train: 0.9994, Valid: 0.8205, Test: 0.8838
Run: 09, Epoch: 87, Loss: 0.0000, lr: 0.000082, Train: 0.9994, Valid: 0.8204, Test: 0.8837
Run: 09, Epoch: 88, Loss: 0.0000, lr: 0.000082, Train: 0.9994, Valid: 0.8203, Test: 0.8837
Run: 09, Epoch: 89, Loss: 0.0000, lr: 0.000058, Train: 0.9994, Valid: 0.8201, Test: 0.8837
Run: 09, Epoch: 90, Loss: 0.0000, lr: 0.000058, Train: 0.9995, Valid: 0.8200, Test: 0.8837
Run: 09, Epoch: 91, Loss: 0.0000, lr: 0.000058, Train: 0.9995, Valid: 0.8199, Test: 0.8838
Run: 09, Epoch: 92, Loss: 0.0000, lr: 0.000058, Train: 0.9995, Valid: 0.8198, Test: 0.8838
Run: 09, Epoch: 93, Loss: 0.0000, lr: 0.000058, Train: 0.9995, Valid: 0.8197, Test: 0.8838
Run: 09, Epoch: 94, Loss: 0.0000, lr: 0.000058, Train: 0.9995, Valid: 0.8197, Test: 0.8838
Run: 09, Epoch: 95, Loss: 0.0000, lr: 0.000040, Train: 0.9995, Valid: 0.8196, Test: 0.8838
Run: 09, Epoch: 96, Loss: 0.0000, lr: 0.000040, Train: 0.9995, Valid: 0.8195, Test: 0.8839
Run: 09, Epoch: 97, Loss: 0.0000, lr: 0.000040, Train: 0.9995, Valid: 0.8195, Test: 0.8839
Run: 09, Epoch: 98, Loss: 0.0000, lr: 0.000040, Train: 0.9995, Valid: 0.8194, Test: 0.8839
Run: 09, Epoch: 99, Loss: 0.0000, lr: 0.000040, Train: 0.9995, Valid: 0.8194, Test: 0.8839
Run: 09, Epoch: 100, Loss: 0.0000, lr: 0.000040, Train: 0.9995, Valid: 0.8193, Test: 0.8839
Run 09:
Highest Train: 1.00
Highest Valid: 0.83
  Final Train: 1.00
   Final Test: 0.88
Run: 10, Epoch: 01, Loss: 0.0480, lr: 0.001000, Train: 0.6747, Valid: 0.8332, Test: 0.6547
Run: 10, Epoch: 02, Loss: 0.0146, lr: 0.001000, Train: 0.7431, Valid: 0.9174, Test: 0.6446
Run: 10, Epoch: 03, Loss: 0.0092, lr: 0.001000, Train: 0.5211, Valid: 0.8698, Test: 0.4174
Run: 10, Epoch: 04, Loss: 0.0067, lr: 0.001000, Train: 0.5624, Valid: 0.8464, Test: 0.4363
Run: 10, Epoch: 05, Loss: 0.0038, lr: 0.001000, Train: 0.7041, Valid: 0.8418, Test: 0.5563
Run: 10, Epoch: 06, Loss: 0.0048, lr: 0.001000, Train: 0.7845, Valid: 0.8760, Test: 0.6393
Run: 10, Epoch: 07, Loss: 0.0023, lr: 0.001000, Train: 0.7792, Valid: 0.8874, Test: 0.6711
Run: 10, Epoch: 08, Loss: 0.0024, lr: 0.001000, Train: 0.8084, Valid: 0.8787, Test: 0.7150
Run: 10, Epoch: 09, Loss: 0.0023, lr: 0.000700, Train: 0.8440, Valid: 0.8750, Test: 0.7422
Run: 10, Epoch: 10, Loss: 0.0020, lr: 0.000700, Train: 0.8695, Valid: 0.8740, Test: 0.7634
Run: 10, Epoch: 11, Loss: 0.0015, lr: 0.000700, Train: 0.8806, Valid: 0.8672, Test: 0.7781
Run: 10, Epoch: 12, Loss: 0.0013, lr: 0.000700, Train: 0.8705, Valid: 0.8369, Test: 0.7715
Run: 10, Epoch: 13, Loss: 0.0012, lr: 0.000700, Train: 0.8504, Valid: 0.7945, Test: 0.7490
Run: 10, Epoch: 14, Loss: 0.0012, lr: 0.000700, Train: 0.8395, Valid: 0.7698, Test: 0.7300
Run: 10, Epoch: 15, Loss: 0.0010, lr: 0.000490, Train: 0.8518, Valid: 0.7804, Test: 0.7404
Run: 10, Epoch: 16, Loss: 0.0010, lr: 0.000490, Train: 0.8758, Valid: 0.8083, Test: 0.7689
Run: 10, Epoch: 17, Loss: 0.0009, lr: 0.000490, Train: 0.9043, Valid: 0.8419, Test: 0.8055
Run: 10, Epoch: 18, Loss: 0.0008, lr: 0.000490, Train: 0.9274, Valid: 0.8697, Test: 0.8359
Run: 10, Epoch: 19, Loss: 0.0007, lr: 0.000490, Train: 0.9421, Valid: 0.8868, Test: 0.8560
Run: 10, Epoch: 20, Loss: 0.0007, lr: 0.000490, Train: 0.9514, Valid: 0.8941, Test: 0.8642
Run: 10, Epoch: 21, Loss: 0.0007, lr: 0.000343, Train: 0.9567, Valid: 0.8981, Test: 0.8655
Run: 10, Epoch: 22, Loss: 0.0006, lr: 0.000343, Train: 0.9602, Valid: 0.9019, Test: 0.8660
Run: 10, Epoch: 23, Loss: 0.0006, lr: 0.000343, Train: 0.9633, Valid: 0.9069, Test: 0.8672
Run: 10, Epoch: 24, Loss: 0.0006, lr: 0.000343, Train: 0.9665, Valid: 0.9130, Test: 0.8699
Run: 10, Epoch: 25, Loss: 0.0006, lr: 0.000343, Train: 0.9693, Valid: 0.9181, Test: 0.8727
Run: 10, Epoch: 26, Loss: 0.0005, lr: 0.000343, Train: 0.9708, Valid: 0.9213, Test: 0.8737
Run: 10, Epoch: 27, Loss: 0.0005, lr: 0.000343, Train: 0.9711, Valid: 0.9229, Test: 0.8734
Run: 10, Epoch: 28, Loss: 0.0005, lr: 0.000343, Train: 0.9715, Valid: 0.9244, Test: 0.8742
Run: 10, Epoch: 29, Loss: 0.0005, lr: 0.000343, Train: 0.9733, Valid: 0.9275, Test: 0.8781
Run: 10, Epoch: 30, Loss: 0.0004, lr: 0.000343, Train: 0.9767, Valid: 0.9322, Test: 0.8841
Run: 10, Epoch: 31, Loss: 0.0004, lr: 0.000343, Train: 0.9805, Valid: 0.9377, Test: 0.8902
Run: 10, Epoch: 32, Loss: 0.0004, lr: 0.000343, Train: 0.9835, Valid: 0.9422, Test: 0.8949
Run: 10, Epoch: 33, Loss: 0.0004, lr: 0.000343, Train: 0.9853, Valid: 0.9450, Test: 0.8978
Run: 10, Epoch: 34, Loss: 0.0003, lr: 0.000343, Train: 0.9864, Valid: 0.9470, Test: 0.9004
Run: 10, Epoch: 35, Loss: 0.0003, lr: 0.000343, Train: 0.9873, Valid: 0.9490, Test: 0.9040
Run: 10, Epoch: 36, Loss: 0.0003, lr: 0.000343, Train: 0.9881, Valid: 0.9515, Test: 0.9082
Run: 10, Epoch: 37, Loss: 0.0003, lr: 0.000343, Train: 0.9885, Valid: 0.9542, Test: 0.9116
Run: 10, Epoch: 38, Loss: 0.0003, lr: 0.000343, Train: 0.9887, Valid: 0.9558, Test: 0.9128
Run: 10, Epoch: 39, Loss: 0.0003, lr: 0.000343, Train: 0.9890, Valid: 0.9557, Test: 0.9114
Run: 10, Epoch: 40, Loss: 0.0002, lr: 0.000343, Train: 0.9896, Valid: 0.9542, Test: 0.9082
Run: 10, Epoch: 41, Loss: 0.0002, lr: 0.000343, Train: 0.9903, Valid: 0.9519, Test: 0.9048
Run: 10, Epoch: 42, Loss: 0.0002, lr: 0.000343, Train: 0.9910, Valid: 0.9500, Test: 0.9022
Run: 10, Epoch: 43, Loss: 0.0002, lr: 0.000343, Train: 0.9915, Valid: 0.9495, Test: 0.9011
Run: 10, Epoch: 44, Loss: 0.0002, lr: 0.000343, Train: 0.9919, Valid: 0.9506, Test: 0.9017
Run: 10, Epoch: 45, Loss: 0.0002, lr: 0.000240, Train: 0.9922, Valid: 0.9517, Test: 0.9031
Run: 10, Epoch: 46, Loss: 0.0002, lr: 0.000240, Train: 0.9924, Valid: 0.9526, Test: 0.9049
Run: 10, Epoch: 47, Loss: 0.0002, lr: 0.000240, Train: 0.9927, Valid: 0.9531, Test: 0.9063
Run: 10, Epoch: 48, Loss: 0.0002, lr: 0.000240, Train: 0.9931, Valid: 0.9529, Test: 0.9069
Run: 10, Epoch: 49, Loss: 0.0002, lr: 0.000240, Train: 0.9935, Valid: 0.9522, Test: 0.9067
Run: 10, Epoch: 50, Loss: 0.0002, lr: 0.000240, Train: 0.9940, Valid: 0.9514, Test: 0.9058
Run: 10, Epoch: 51, Loss: 0.0001, lr: 0.000168, Train: 0.9943, Valid: 0.9507, Test: 0.9050
Run: 10, Epoch: 52, Loss: 0.0001, lr: 0.000168, Train: 0.9945, Valid: 0.9502, Test: 0.9043
Run: 10, Epoch: 53, Loss: 0.0001, lr: 0.000168, Train: 0.9948, Valid: 0.9496, Test: 0.9037
Run: 10, Epoch: 54, Loss: 0.0001, lr: 0.000168, Train: 0.9950, Valid: 0.9491, Test: 0.9032
Run: 10, Epoch: 55, Loss: 0.0001, lr: 0.000168, Train: 0.9952, Valid: 0.9486, Test: 0.9029
Run: 10, Epoch: 56, Loss: 0.0001, lr: 0.000168, Train: 0.9953, Valid: 0.9481, Test: 0.9027
Run: 10, Epoch: 57, Loss: 0.0001, lr: 0.000118, Train: 0.9954, Valid: 0.9478, Test: 0.9027
Run: 10, Epoch: 58, Loss: 0.0001, lr: 0.000118, Train: 0.9955, Valid: 0.9476, Test: 0.9027
Run: 10, Epoch: 59, Loss: 0.0001, lr: 0.000118, Train: 0.9956, Valid: 0.9477, Test: 0.9028
Run: 10, Epoch: 60, Loss: 0.0001, lr: 0.000118, Train: 0.9957, Valid: 0.9478, Test: 0.9029
Run: 10, Epoch: 61, Loss: 0.0001, lr: 0.000118, Train: 0.9958, Valid: 0.9480, Test: 0.9030
Run: 10, Epoch: 62, Loss: 0.0001, lr: 0.000118, Train: 0.9959, Valid: 0.9482, Test: 0.9031
Run: 10, Epoch: 63, Loss: 0.0001, lr: 0.000082, Train: 0.9960, Valid: 0.9482, Test: 0.9031
Run: 10, Epoch: 64, Loss: 0.0001, lr: 0.000082, Train: 0.9961, Valid: 0.9480, Test: 0.9031
Run: 10, Epoch: 65, Loss: 0.0001, lr: 0.000082, Train: 0.9962, Valid: 0.9479, Test: 0.9030
Run: 10, Epoch: 66, Loss: 0.0001, lr: 0.000082, Train: 0.9963, Valid: 0.9476, Test: 0.9028
Run: 10, Epoch: 67, Loss: 0.0001, lr: 0.000082, Train: 0.9964, Valid: 0.9474, Test: 0.9025
Run: 10, Epoch: 68, Loss: 0.0001, lr: 0.000082, Train: 0.9965, Valid: 0.9471, Test: 0.9021
Run: 10, Epoch: 69, Loss: 0.0001, lr: 0.000058, Train: 0.9966, Valid: 0.9469, Test: 0.9017
Run: 10, Epoch: 70, Loss: 0.0001, lr: 0.000058, Train: 0.9967, Valid: 0.9467, Test: 0.9014
Run: 10, Epoch: 71, Loss: 0.0001, lr: 0.000058, Train: 0.9967, Valid: 0.9466, Test: 0.9011
Run: 10, Epoch: 72, Loss: 0.0001, lr: 0.000058, Train: 0.9968, Valid: 0.9465, Test: 0.9008
Run: 10, Epoch: 73, Loss: 0.0001, lr: 0.000058, Train: 0.9968, Valid: 0.9464, Test: 0.9006
Run: 10, Epoch: 74, Loss: 0.0001, lr: 0.000058, Train: 0.9969, Valid: 0.9463, Test: 0.9004
Run: 10, Epoch: 75, Loss: 0.0001, lr: 0.000040, Train: 0.9969, Valid: 0.9462, Test: 0.9003
Run: 10, Epoch: 76, Loss: 0.0001, lr: 0.000040, Train: 0.9970, Valid: 0.9461, Test: 0.9003
Run: 10, Epoch: 77, Loss: 0.0001, lr: 0.000040, Train: 0.9970, Valid: 0.9459, Test: 0.9003
Run: 10, Epoch: 78, Loss: 0.0001, lr: 0.000040, Train: 0.9970, Valid: 0.9458, Test: 0.9003
Run: 10, Epoch: 79, Loss: 0.0001, lr: 0.000040, Train: 0.9971, Valid: 0.9457, Test: 0.9003
Run: 10, Epoch: 80, Loss: 0.0001, lr: 0.000040, Train: 0.9971, Valid: 0.9457, Test: 0.9003
Run: 10, Epoch: 81, Loss: 0.0001, lr: 0.000028, Train: 0.9971, Valid: 0.9456, Test: 0.9004
Run: 10, Epoch: 82, Loss: 0.0001, lr: 0.000028, Train: 0.9971, Valid: 0.9455, Test: 0.9004
Run: 10, Epoch: 83, Loss: 0.0001, lr: 0.000028, Train: 0.9972, Valid: 0.9455, Test: 0.9003
Run: 10, Epoch: 84, Loss: 0.0001, lr: 0.000028, Train: 0.9972, Valid: 0.9454, Test: 0.9003
Run: 10, Epoch: 85, Loss: 0.0001, lr: 0.000028, Train: 0.9972, Valid: 0.9453, Test: 0.9002
Run: 10, Epoch: 86, Loss: 0.0001, lr: 0.000028, Train: 0.9972, Valid: 0.9453, Test: 0.9001
Run: 10, Epoch: 87, Loss: 0.0001, lr: 0.000020, Train: 0.9972, Valid: 0.9452, Test: 0.9001
Run: 10, Epoch: 88, Loss: 0.0001, lr: 0.000020, Train: 0.9973, Valid: 0.9451, Test: 0.9000
Run: 10, Epoch: 89, Loss: 0.0001, lr: 0.000020, Train: 0.9973, Valid: 0.9451, Test: 0.8999
Run: 10, Epoch: 90, Loss: 0.0001, lr: 0.000020, Train: 0.9973, Valid: 0.9450, Test: 0.8998
Run: 10, Epoch: 91, Loss: 0.0001, lr: 0.000020, Train: 0.9973, Valid: 0.9449, Test: 0.8997
Run: 10, Epoch: 92, Loss: 0.0001, lr: 0.000020, Train: 0.9973, Valid: 0.9448, Test: 0.8996
Run: 10, Epoch: 93, Loss: 0.0001, lr: 0.000014, Train: 0.9973, Valid: 0.9448, Test: 0.8995
Run: 10, Epoch: 94, Loss: 0.0001, lr: 0.000014, Train: 0.9973, Valid: 0.9447, Test: 0.8995
Run: 10, Epoch: 95, Loss: 0.0001, lr: 0.000014, Train: 0.9974, Valid: 0.9447, Test: 0.8994
Run: 10, Epoch: 96, Loss: 0.0001, lr: 0.000014, Train: 0.9974, Valid: 0.9446, Test: 0.8993
Run: 10, Epoch: 97, Loss: 0.0001, lr: 0.000014, Train: 0.9974, Valid: 0.9446, Test: 0.8993
Run: 10, Epoch: 98, Loss: 0.0001, lr: 0.000014, Train: 0.9974, Valid: 0.9445, Test: 0.8993
Run: 10, Epoch: 99, Loss: 0.0001, lr: 0.000010, Train: 0.9974, Valid: 0.9445, Test: 0.8992
Run: 10, Epoch: 100, Loss: 0.0001, lr: 0.000010, Train: 0.9974, Valid: 0.9445, Test: 0.8992
Run 10:
Highest Train: 1.00
Highest Valid: 0.96
  Final Train: 0.99
   Final Test: 0.91
All runs:
Highest Train: 1.00  0.00
Highest Valid: 0.93  0.05
  Final Train: 0.97  0.03
   Final Test: 0.90  0.03
