Namespace(conv_layers=3, device=0, dropout=0.0, epochs=100, hidden_dim=256, log_steps=1, lr=0.001, method='trans', mlp_layers=2, runs=10, subset='mathematics')
Run: 01, Epoch: 01, Loss: 0.0508, lr: 0.001000, Train: 0.7894, Valid: 0.7797, Test: 0.7711
Run: 01, Epoch: 02, Loss: 0.0106, lr: 0.001000, Train: 0.8668, Valid: 0.8937, Test: 0.8271
Run: 01, Epoch: 03, Loss: 0.0071, lr: 0.001000, Train: 0.8791, Valid: 0.8656, Test: 0.7769
Run: 01, Epoch: 04, Loss: 0.0093, lr: 0.001000, Train: 0.8462, Valid: 0.8580, Test: 0.7258
Run: 01, Epoch: 05, Loss: 0.0055, lr: 0.001000, Train: 0.8433, Valid: 0.8465, Test: 0.7191
Run: 01, Epoch: 06, Loss: 0.0030, lr: 0.001000, Train: 0.8263, Valid: 0.8262, Test: 0.7125
Run: 01, Epoch: 07, Loss: 0.0025, lr: 0.001000, Train: 0.8199, Valid: 0.8263, Test: 0.7202
Run: 01, Epoch: 08, Loss: 0.0029, lr: 0.001000, Train: 0.8444, Valid: 0.8406, Test: 0.7559
Run: 01, Epoch: 09, Loss: 0.0016, lr: 0.000700, Train: 0.8767, Valid: 0.8585, Test: 0.7899
Run: 01, Epoch: 10, Loss: 0.0013, lr: 0.000700, Train: 0.9073, Valid: 0.8768, Test: 0.8125
Run: 01, Epoch: 11, Loss: 0.0011, lr: 0.000700, Train: 0.9271, Valid: 0.8916, Test: 0.8241
Run: 01, Epoch: 12, Loss: 0.0012, lr: 0.000700, Train: 0.9344, Valid: 0.8988, Test: 0.8277
Run: 01, Epoch: 13, Loss: 0.0012, lr: 0.000700, Train: 0.9342, Valid: 0.8991, Test: 0.8312
Run: 01, Epoch: 14, Loss: 0.0011, lr: 0.000700, Train: 0.9327, Valid: 0.8991, Test: 0.8408
Run: 01, Epoch: 15, Loss: 0.0010, lr: 0.000700, Train: 0.9395, Valid: 0.9084, Test: 0.8616
Run: 01, Epoch: 16, Loss: 0.0009, lr: 0.000700, Train: 0.9531, Valid: 0.9268, Test: 0.8884
Run: 01, Epoch: 17, Loss: 0.0007, lr: 0.000700, Train: 0.9646, Valid: 0.9449, Test: 0.9097
Run: 01, Epoch: 18, Loss: 0.0007, lr: 0.000700, Train: 0.9701, Valid: 0.9555, Test: 0.9199
Run: 01, Epoch: 19, Loss: 0.0008, lr: 0.000700, Train: 0.9717, Valid: 0.9585, Test: 0.9208
Run: 01, Epoch: 20, Loss: 0.0007, lr: 0.000700, Train: 0.9705, Valid: 0.9567, Test: 0.9159
Run: 01, Epoch: 21, Loss: 0.0006, lr: 0.000700, Train: 0.9696, Valid: 0.9539, Test: 0.9087
Run: 01, Epoch: 22, Loss: 0.0005, lr: 0.000700, Train: 0.9701, Valid: 0.9526, Test: 0.9015
Run: 01, Epoch: 23, Loss: 0.0005, lr: 0.000700, Train: 0.9705, Valid: 0.9535, Test: 0.8949
Run: 01, Epoch: 24, Loss: 0.0004, lr: 0.000700, Train: 0.9700, Valid: 0.9556, Test: 0.8901
Run: 01, Epoch: 25, Loss: 0.0004, lr: 0.000700, Train: 0.9698, Valid: 0.9575, Test: 0.8898
Run: 01, Epoch: 26, Loss: 0.0004, lr: 0.000490, Train: 0.9724, Valid: 0.9593, Test: 0.8960
Run: 01, Epoch: 27, Loss: 0.0004, lr: 0.000490, Train: 0.9756, Valid: 0.9604, Test: 0.9044
Run: 01, Epoch: 28, Loss: 0.0004, lr: 0.000490, Train: 0.9791, Valid: 0.9610, Test: 0.9132
Run: 01, Epoch: 29, Loss: 0.0003, lr: 0.000490, Train: 0.9826, Valid: 0.9616, Test: 0.9216
Run: 01, Epoch: 30, Loss: 0.0003, lr: 0.000490, Train: 0.9858, Valid: 0.9624, Test: 0.9283
Run: 01, Epoch: 31, Loss: 0.0003, lr: 0.000490, Train: 0.9881, Valid: 0.9633, Test: 0.9334
Run: 01, Epoch: 32, Loss: 0.0003, lr: 0.000490, Train: 0.9898, Valid: 0.9638, Test: 0.9371
Run: 01, Epoch: 33, Loss: 0.0003, lr: 0.000490, Train: 0.9908, Valid: 0.9640, Test: 0.9395
Run: 01, Epoch: 34, Loss: 0.0003, lr: 0.000490, Train: 0.9915, Valid: 0.9639, Test: 0.9409
Run: 01, Epoch: 35, Loss: 0.0002, lr: 0.000490, Train: 0.9920, Valid: 0.9636, Test: 0.9416
Run: 01, Epoch: 36, Loss: 0.0002, lr: 0.000490, Train: 0.9925, Valid: 0.9629, Test: 0.9419
Run: 01, Epoch: 37, Loss: 0.0002, lr: 0.000490, Train: 0.9929, Valid: 0.9620, Test: 0.9422
Run: 01, Epoch: 38, Loss: 0.0002, lr: 0.000490, Train: 0.9929, Valid: 0.9604, Test: 0.9431
Run: 01, Epoch: 39, Loss: 0.0002, lr: 0.000490, Train: 0.9928, Valid: 0.9581, Test: 0.9448
Run: 01, Epoch: 40, Loss: 0.0002, lr: 0.000343, Train: 0.9929, Valid: 0.9564, Test: 0.9470
Run: 01, Epoch: 41, Loss: 0.0002, lr: 0.000343, Train: 0.9931, Valid: 0.9550, Test: 0.9495
Run: 01, Epoch: 42, Loss: 0.0002, lr: 0.000343, Train: 0.9934, Valid: 0.9541, Test: 0.9518
Run: 01, Epoch: 43, Loss: 0.0002, lr: 0.000343, Train: 0.9939, Valid: 0.9539, Test: 0.9538
Run: 01, Epoch: 44, Loss: 0.0002, lr: 0.000343, Train: 0.9943, Valid: 0.9544, Test: 0.9553
Run: 01, Epoch: 45, Loss: 0.0002, lr: 0.000343, Train: 0.9948, Valid: 0.9553, Test: 0.9560
Run: 01, Epoch: 46, Loss: 0.0002, lr: 0.000240, Train: 0.9952, Valid: 0.9563, Test: 0.9563
Run: 01, Epoch: 47, Loss: 0.0001, lr: 0.000240, Train: 0.9955, Valid: 0.9573, Test: 0.9562
Run: 01, Epoch: 48, Loss: 0.0001, lr: 0.000240, Train: 0.9958, Valid: 0.9581, Test: 0.9559
Run: 01, Epoch: 49, Loss: 0.0001, lr: 0.000240, Train: 0.9960, Valid: 0.9587, Test: 0.9554
Run: 01, Epoch: 50, Loss: 0.0001, lr: 0.000240, Train: 0.9961, Valid: 0.9593, Test: 0.9549
Run: 01, Epoch: 51, Loss: 0.0001, lr: 0.000240, Train: 0.9963, Valid: 0.9596, Test: 0.9545
Run: 01, Epoch: 52, Loss: 0.0001, lr: 0.000168, Train: 0.9965, Valid: 0.9598, Test: 0.9543
Run: 01, Epoch: 53, Loss: 0.0001, lr: 0.000168, Train: 0.9967, Valid: 0.9599, Test: 0.9543
Run: 01, Epoch: 54, Loss: 0.0001, lr: 0.000168, Train: 0.9968, Valid: 0.9599, Test: 0.9544
Run: 01, Epoch: 55, Loss: 0.0001, lr: 0.000168, Train: 0.9969, Valid: 0.9598, Test: 0.9546
Run: 01, Epoch: 56, Loss: 0.0001, lr: 0.000168, Train: 0.9970, Valid: 0.9597, Test: 0.9548
Run: 01, Epoch: 57, Loss: 0.0001, lr: 0.000168, Train: 0.9971, Valid: 0.9596, Test: 0.9550
Run: 01, Epoch: 58, Loss: 0.0001, lr: 0.000118, Train: 0.9972, Valid: 0.9596, Test: 0.9552
Run: 01, Epoch: 59, Loss: 0.0001, lr: 0.000118, Train: 0.9973, Valid: 0.9596, Test: 0.9554
Run: 01, Epoch: 60, Loss: 0.0001, lr: 0.000118, Train: 0.9973, Valid: 0.9597, Test: 0.9555
Run: 01, Epoch: 61, Loss: 0.0001, lr: 0.000118, Train: 0.9973, Valid: 0.9599, Test: 0.9556
Run: 01, Epoch: 62, Loss: 0.0001, lr: 0.000118, Train: 0.9974, Valid: 0.9600, Test: 0.9557
Run: 01, Epoch: 63, Loss: 0.0001, lr: 0.000118, Train: 0.9974, Valid: 0.9602, Test: 0.9558
Run: 01, Epoch: 64, Loss: 0.0001, lr: 0.000082, Train: 0.9975, Valid: 0.9604, Test: 0.9559
Run: 01, Epoch: 65, Loss: 0.0001, lr: 0.000082, Train: 0.9975, Valid: 0.9607, Test: 0.9559
Run: 01, Epoch: 66, Loss: 0.0001, lr: 0.000082, Train: 0.9975, Valid: 0.9609, Test: 0.9560
Run: 01, Epoch: 67, Loss: 0.0001, lr: 0.000082, Train: 0.9976, Valid: 0.9610, Test: 0.9560
Run: 01, Epoch: 68, Loss: 0.0001, lr: 0.000082, Train: 0.9976, Valid: 0.9612, Test: 0.9561
Run: 01, Epoch: 69, Loss: 0.0001, lr: 0.000082, Train: 0.9976, Valid: 0.9613, Test: 0.9561
Run: 01, Epoch: 70, Loss: 0.0001, lr: 0.000058, Train: 0.9977, Valid: 0.9614, Test: 0.9561
Run: 01, Epoch: 71, Loss: 0.0001, lr: 0.000058, Train: 0.9977, Valid: 0.9615, Test: 0.9561
Run: 01, Epoch: 72, Loss: 0.0001, lr: 0.000058, Train: 0.9977, Valid: 0.9616, Test: 0.9561
Run: 01, Epoch: 73, Loss: 0.0001, lr: 0.000058, Train: 0.9978, Valid: 0.9616, Test: 0.9561
Run: 01, Epoch: 74, Loss: 0.0001, lr: 0.000058, Train: 0.9978, Valid: 0.9616, Test: 0.9561
Run: 01, Epoch: 75, Loss: 0.0001, lr: 0.000058, Train: 0.9978, Valid: 0.9617, Test: 0.9561
Run: 01, Epoch: 76, Loss: 0.0001, lr: 0.000040, Train: 0.9978, Valid: 0.9617, Test: 0.9561
Run: 01, Epoch: 77, Loss: 0.0001, lr: 0.000040, Train: 0.9978, Valid: 0.9617, Test: 0.9561
Run: 01, Epoch: 78, Loss: 0.0001, lr: 0.000040, Train: 0.9978, Valid: 0.9617, Test: 0.9560
Run: 01, Epoch: 79, Loss: 0.0001, lr: 0.000040, Train: 0.9979, Valid: 0.9617, Test: 0.9560
Run: 01, Epoch: 80, Loss: 0.0001, lr: 0.000040, Train: 0.9979, Valid: 0.9617, Test: 0.9560
Run: 01, Epoch: 81, Loss: 0.0001, lr: 0.000040, Train: 0.9979, Valid: 0.9617, Test: 0.9560
Run: 01, Epoch: 82, Loss: 0.0001, lr: 0.000028, Train: 0.9979, Valid: 0.9618, Test: 0.9560
Run: 01, Epoch: 83, Loss: 0.0001, lr: 0.000028, Train: 0.9979, Valid: 0.9618, Test: 0.9560
Run: 01, Epoch: 84, Loss: 0.0001, lr: 0.000028, Train: 0.9979, Valid: 0.9618, Test: 0.9559
Run: 01, Epoch: 85, Loss: 0.0001, lr: 0.000028, Train: 0.9979, Valid: 0.9618, Test: 0.9559
Run: 01, Epoch: 86, Loss: 0.0001, lr: 0.000028, Train: 0.9979, Valid: 0.9618, Test: 0.9559
Run: 01, Epoch: 87, Loss: 0.0001, lr: 0.000028, Train: 0.9979, Valid: 0.9618, Test: 0.9559
Run: 01, Epoch: 88, Loss: 0.0001, lr: 0.000020, Train: 0.9979, Valid: 0.9618, Test: 0.9559
Run: 01, Epoch: 89, Loss: 0.0001, lr: 0.000020, Train: 0.9979, Valid: 0.9618, Test: 0.9559
Run: 01, Epoch: 90, Loss: 0.0001, lr: 0.000020, Train: 0.9979, Valid: 0.9619, Test: 0.9559
Run: 01, Epoch: 91, Loss: 0.0001, lr: 0.000020, Train: 0.9980, Valid: 0.9619, Test: 0.9559
Run: 01, Epoch: 92, Loss: 0.0001, lr: 0.000020, Train: 0.9980, Valid: 0.9619, Test: 0.9559
Run: 01, Epoch: 93, Loss: 0.0001, lr: 0.000020, Train: 0.9980, Valid: 0.9619, Test: 0.9559
Run: 01, Epoch: 94, Loss: 0.0001, lr: 0.000014, Train: 0.9980, Valid: 0.9620, Test: 0.9559
Run: 01, Epoch: 95, Loss: 0.0001, lr: 0.000014, Train: 0.9980, Valid: 0.9620, Test: 0.9559
Run: 01, Epoch: 96, Loss: 0.0001, lr: 0.000014, Train: 0.9980, Valid: 0.9620, Test: 0.9559
Run: 01, Epoch: 97, Loss: 0.0001, lr: 0.000014, Train: 0.9980, Valid: 0.9620, Test: 0.9559
Run: 01, Epoch: 98, Loss: 0.0001, lr: 0.000014, Train: 0.9980, Valid: 0.9621, Test: 0.9559
Run: 01, Epoch: 99, Loss: 0.0001, lr: 0.000014, Train: 0.9980, Valid: 0.9621, Test: 0.9559
Run: 01, Epoch: 100, Loss: 0.0001, lr: 0.000010, Train: 0.9980, Valid: 0.9621, Test: 0.9559
Run 01:
Highest Train: 1.00
Highest Valid: 0.96
  Final Train: 0.99
   Final Test: 0.94
Run: 02, Epoch: 01, Loss: 0.0673, lr: 0.001000, Train: 0.6445, Valid: 0.6104, Test: 0.6711
Run: 02, Epoch: 02, Loss: 0.0074, lr: 0.001000, Train: 0.7062, Valid: 0.5990, Test: 0.7641
Run: 02, Epoch: 03, Loss: 0.0084, lr: 0.001000, Train: 0.5629, Valid: 0.4966, Test: 0.5279
Run: 02, Epoch: 04, Loss: 0.0061, lr: 0.001000, Train: 0.5494, Valid: 0.4519, Test: 0.5573
Run: 02, Epoch: 05, Loss: 0.0032, lr: 0.001000, Train: 0.6206, Valid: 0.5086, Test: 0.6955
Run: 02, Epoch: 06, Loss: 0.0031, lr: 0.001000, Train: 0.5693, Valid: 0.4521, Test: 0.6394
Run: 02, Epoch: 07, Loss: 0.0018, lr: 0.001000, Train: 0.4764, Valid: 0.3186, Test: 0.4680
Run: 02, Epoch: 08, Loss: 0.0022, lr: 0.000700, Train: 0.4931, Valid: 0.3237, Test: 0.4829
Run: 02, Epoch: 09, Loss: 0.0018, lr: 0.000700, Train: 0.5492, Valid: 0.3796, Test: 0.5849
Run: 02, Epoch: 10, Loss: 0.0011, lr: 0.000700, Train: 0.6005, Valid: 0.4302, Test: 0.6696
Run: 02, Epoch: 11, Loss: 0.0012, lr: 0.000700, Train: 0.6311, Valid: 0.4701, Test: 0.7033
Run: 02, Epoch: 12, Loss: 0.0014, lr: 0.000700, Train: 0.6576, Valid: 0.5113, Test: 0.7152
Run: 02, Epoch: 13, Loss: 0.0011, lr: 0.000700, Train: 0.6765, Valid: 0.5389, Test: 0.7009
Run: 02, Epoch: 14, Loss: 0.0009, lr: 0.000490, Train: 0.7012, Valid: 0.5708, Test: 0.7010
Run: 02, Epoch: 15, Loss: 0.0008, lr: 0.000490, Train: 0.7235, Valid: 0.5960, Test: 0.7132
Run: 02, Epoch: 16, Loss: 0.0008, lr: 0.000490, Train: 0.7461, Valid: 0.6150, Test: 0.7388
Run: 02, Epoch: 17, Loss: 0.0008, lr: 0.000490, Train: 0.8455, Valid: 0.7682, Test: 0.8429
Run: 02, Epoch: 18, Loss: 0.0006, lr: 0.000490, Train: 0.9110, Valid: 0.8662, Test: 0.9065
Run: 02, Epoch: 19, Loss: 0.0006, lr: 0.000490, Train: 0.9481, Valid: 0.9183, Test: 0.9372
Run: 02, Epoch: 20, Loss: 0.0006, lr: 0.000490, Train: 0.9672, Valid: 0.9439, Test: 0.9485
Run: 02, Epoch: 21, Loss: 0.0005, lr: 0.000490, Train: 0.9764, Valid: 0.9559, Test: 0.9496
Run: 02, Epoch: 22, Loss: 0.0005, lr: 0.000490, Train: 0.9798, Valid: 0.9604, Test: 0.9449
Run: 02, Epoch: 23, Loss: 0.0005, lr: 0.000490, Train: 0.9800, Valid: 0.9604, Test: 0.9371
Run: 02, Epoch: 24, Loss: 0.0004, lr: 0.000490, Train: 0.9795, Valid: 0.9593, Test: 0.9307
Run: 02, Epoch: 25, Loss: 0.0004, lr: 0.000490, Train: 0.9795, Valid: 0.9576, Test: 0.9282
Run: 02, Epoch: 26, Loss: 0.0004, lr: 0.000490, Train: 0.9801, Valid: 0.9552, Test: 0.9294
Run: 02, Epoch: 27, Loss: 0.0003, lr: 0.000490, Train: 0.9815, Valid: 0.9542, Test: 0.9324
Run: 02, Epoch: 28, Loss: 0.0003, lr: 0.000490, Train: 0.9838, Valid: 0.9563, Test: 0.9357
Run: 02, Epoch: 29, Loss: 0.0003, lr: 0.000343, Train: 0.9863, Valid: 0.9595, Test: 0.9373
Run: 02, Epoch: 30, Loss: 0.0003, lr: 0.000343, Train: 0.9886, Valid: 0.9621, Test: 0.9374
Run: 02, Epoch: 31, Loss: 0.0003, lr: 0.000343, Train: 0.9901, Valid: 0.9632, Test: 0.9361
Run: 02, Epoch: 32, Loss: 0.0003, lr: 0.000343, Train: 0.9908, Valid: 0.9632, Test: 0.9342
Run: 02, Epoch: 33, Loss: 0.0003, lr: 0.000343, Train: 0.9914, Valid: 0.9629, Test: 0.9331
Run: 02, Epoch: 34, Loss: 0.0003, lr: 0.000343, Train: 0.9920, Valid: 0.9628, Test: 0.9333
Run: 02, Epoch: 35, Loss: 0.0002, lr: 0.000343, Train: 0.9926, Valid: 0.9623, Test: 0.9342
Run: 02, Epoch: 36, Loss: 0.0002, lr: 0.000343, Train: 0.9932, Valid: 0.9614, Test: 0.9348
Run: 02, Epoch: 37, Loss: 0.0002, lr: 0.000343, Train: 0.9936, Valid: 0.9608, Test: 0.9347
Run: 02, Epoch: 38, Loss: 0.0002, lr: 0.000240, Train: 0.9940, Valid: 0.9612, Test: 0.9343
Run: 02, Epoch: 39, Loss: 0.0002, lr: 0.000240, Train: 0.9946, Valid: 0.9623, Test: 0.9336
Run: 02, Epoch: 40, Loss: 0.0002, lr: 0.000240, Train: 0.9951, Valid: 0.9636, Test: 0.9325
Run: 02, Epoch: 41, Loss: 0.0002, lr: 0.000240, Train: 0.9955, Valid: 0.9647, Test: 0.9310
Run: 02, Epoch: 42, Loss: 0.0002, lr: 0.000240, Train: 0.9956, Valid: 0.9653, Test: 0.9292
Run: 02, Epoch: 43, Loss: 0.0002, lr: 0.000240, Train: 0.9957, Valid: 0.9655, Test: 0.9276
Run: 02, Epoch: 44, Loss: 0.0002, lr: 0.000240, Train: 0.9956, Valid: 0.9652, Test: 0.9264
Run: 02, Epoch: 45, Loss: 0.0002, lr: 0.000240, Train: 0.9955, Valid: 0.9646, Test: 0.9259
Run: 02, Epoch: 46, Loss: 0.0002, lr: 0.000240, Train: 0.9953, Valid: 0.9640, Test: 0.9257
Run: 02, Epoch: 47, Loss: 0.0002, lr: 0.000240, Train: 0.9952, Valid: 0.9636, Test: 0.9259
Run: 02, Epoch: 48, Loss: 0.0002, lr: 0.000240, Train: 0.9952, Valid: 0.9635, Test: 0.9260
Run: 02, Epoch: 49, Loss: 0.0001, lr: 0.000240, Train: 0.9953, Valid: 0.9639, Test: 0.9261
Run: 02, Epoch: 50, Loss: 0.0001, lr: 0.000168, Train: 0.9955, Valid: 0.9646, Test: 0.9261
Run: 02, Epoch: 51, Loss: 0.0001, lr: 0.000168, Train: 0.9958, Valid: 0.9654, Test: 0.9259
Run: 02, Epoch: 52, Loss: 0.0001, lr: 0.000168, Train: 0.9960, Valid: 0.9661, Test: 0.9257
Run: 02, Epoch: 53, Loss: 0.0001, lr: 0.000168, Train: 0.9962, Valid: 0.9667, Test: 0.9254
Run: 02, Epoch: 54, Loss: 0.0001, lr: 0.000168, Train: 0.9964, Valid: 0.9671, Test: 0.9253
Run: 02, Epoch: 55, Loss: 0.0001, lr: 0.000168, Train: 0.9966, Valid: 0.9672, Test: 0.9252
Run: 02, Epoch: 56, Loss: 0.0001, lr: 0.000168, Train: 0.9967, Valid: 0.9671, Test: 0.9253
Run: 02, Epoch: 57, Loss: 0.0001, lr: 0.000168, Train: 0.9968, Valid: 0.9668, Test: 0.9255
Run: 02, Epoch: 58, Loss: 0.0001, lr: 0.000168, Train: 0.9970, Valid: 0.9665, Test: 0.9258
Run: 02, Epoch: 59, Loss: 0.0001, lr: 0.000168, Train: 0.9971, Valid: 0.9662, Test: 0.9261
Run: 02, Epoch: 60, Loss: 0.0001, lr: 0.000168, Train: 0.9972, Valid: 0.9661, Test: 0.9263
Run: 02, Epoch: 61, Loss: 0.0001, lr: 0.000168, Train: 0.9973, Valid: 0.9662, Test: 0.9264
Run: 02, Epoch: 62, Loss: 0.0001, lr: 0.000118, Train: 0.9974, Valid: 0.9664, Test: 0.9265
Run: 02, Epoch: 63, Loss: 0.0001, lr: 0.000118, Train: 0.9974, Valid: 0.9667, Test: 0.9265
Run: 02, Epoch: 64, Loss: 0.0001, lr: 0.000118, Train: 0.9975, Valid: 0.9670, Test: 0.9264
Run: 02, Epoch: 65, Loss: 0.0001, lr: 0.000118, Train: 0.9975, Valid: 0.9673, Test: 0.9263
Run: 02, Epoch: 66, Loss: 0.0001, lr: 0.000118, Train: 0.9976, Valid: 0.9675, Test: 0.9262
Run: 02, Epoch: 67, Loss: 0.0001, lr: 0.000118, Train: 0.9976, Valid: 0.9677, Test: 0.9260
Run: 02, Epoch: 68, Loss: 0.0001, lr: 0.000118, Train: 0.9976, Valid: 0.9677, Test: 0.9258
Run: 02, Epoch: 69, Loss: 0.0001, lr: 0.000118, Train: 0.9976, Valid: 0.9676, Test: 0.9257
Run: 02, Epoch: 70, Loss: 0.0001, lr: 0.000118, Train: 0.9977, Valid: 0.9675, Test: 0.9255
Run: 02, Epoch: 71, Loss: 0.0001, lr: 0.000118, Train: 0.9977, Valid: 0.9673, Test: 0.9253
Run: 02, Epoch: 72, Loss: 0.0001, lr: 0.000118, Train: 0.9977, Valid: 0.9671, Test: 0.9252
Run: 02, Epoch: 73, Loss: 0.0001, lr: 0.000118, Train: 0.9977, Valid: 0.9669, Test: 0.9250
Run: 02, Epoch: 74, Loss: 0.0001, lr: 0.000082, Train: 0.9978, Valid: 0.9669, Test: 0.9249
Run: 02, Epoch: 75, Loss: 0.0001, lr: 0.000082, Train: 0.9978, Valid: 0.9668, Test: 0.9248
Run: 02, Epoch: 76, Loss: 0.0001, lr: 0.000082, Train: 0.9979, Valid: 0.9668, Test: 0.9246
Run: 02, Epoch: 77, Loss: 0.0001, lr: 0.000082, Train: 0.9979, Valid: 0.9669, Test: 0.9245
Run: 02, Epoch: 78, Loss: 0.0001, lr: 0.000082, Train: 0.9980, Valid: 0.9669, Test: 0.9243
Run: 02, Epoch: 79, Loss: 0.0001, lr: 0.000082, Train: 0.9980, Valid: 0.9670, Test: 0.9241
Run: 02, Epoch: 80, Loss: 0.0001, lr: 0.000058, Train: 0.9980, Valid: 0.9670, Test: 0.9240
Run: 02, Epoch: 81, Loss: 0.0001, lr: 0.000058, Train: 0.9980, Valid: 0.9671, Test: 0.9239
Run: 02, Epoch: 82, Loss: 0.0001, lr: 0.000058, Train: 0.9981, Valid: 0.9671, Test: 0.9237
Run: 02, Epoch: 83, Loss: 0.0001, lr: 0.000058, Train: 0.9981, Valid: 0.9670, Test: 0.9236
Run: 02, Epoch: 84, Loss: 0.0001, lr: 0.000058, Train: 0.9981, Valid: 0.9670, Test: 0.9235
Run: 02, Epoch: 85, Loss: 0.0001, lr: 0.000058, Train: 0.9981, Valid: 0.9670, Test: 0.9234
Run: 02, Epoch: 86, Loss: 0.0001, lr: 0.000040, Train: 0.9981, Valid: 0.9669, Test: 0.9234
Run: 02, Epoch: 87, Loss: 0.0001, lr: 0.000040, Train: 0.9981, Valid: 0.9669, Test: 0.9233
Run: 02, Epoch: 88, Loss: 0.0001, lr: 0.000040, Train: 0.9982, Valid: 0.9669, Test: 0.9233
Run: 02, Epoch: 89, Loss: 0.0001, lr: 0.000040, Train: 0.9982, Valid: 0.9669, Test: 0.9232
Run: 02, Epoch: 90, Loss: 0.0001, lr: 0.000040, Train: 0.9982, Valid: 0.9668, Test: 0.9232
Run: 02, Epoch: 91, Loss: 0.0001, lr: 0.000040, Train: 0.9982, Valid: 0.9668, Test: 0.9232
Run: 02, Epoch: 92, Loss: 0.0001, lr: 0.000028, Train: 0.9982, Valid: 0.9668, Test: 0.9231
Run: 02, Epoch: 93, Loss: 0.0001, lr: 0.000028, Train: 0.9982, Valid: 0.9669, Test: 0.9231
Run: 02, Epoch: 94, Loss: 0.0001, lr: 0.000028, Train: 0.9982, Valid: 0.9669, Test: 0.9231
Run: 02, Epoch: 95, Loss: 0.0001, lr: 0.000028, Train: 0.9982, Valid: 0.9669, Test: 0.9231
Run: 02, Epoch: 96, Loss: 0.0001, lr: 0.000028, Train: 0.9982, Valid: 0.9669, Test: 0.9231
Run: 02, Epoch: 97, Loss: 0.0001, lr: 0.000028, Train: 0.9983, Valid: 0.9670, Test: 0.9230
Run: 02, Epoch: 98, Loss: 0.0001, lr: 0.000020, Train: 0.9983, Valid: 0.9670, Test: 0.9230
Run: 02, Epoch: 99, Loss: 0.0001, lr: 0.000020, Train: 0.9983, Valid: 0.9670, Test: 0.9230
Run: 02, Epoch: 100, Loss: 0.0001, lr: 0.000020, Train: 0.9983, Valid: 0.9671, Test: 0.9230
Run 02:
Highest Train: 1.00
Highest Valid: 0.97
  Final Train: 1.00
   Final Test: 0.93
Run: 03, Epoch: 01, Loss: 0.0494, lr: 0.001000, Train: 0.7512, Valid: 0.2975, Test: 0.7827
Run: 03, Epoch: 02, Loss: 0.0130, lr: 0.001000, Train: 0.8343, Valid: 0.5228, Test: 0.8615
Run: 03, Epoch: 03, Loss: 0.0092, lr: 0.001000, Train: 0.8081, Valid: 0.3730, Test: 0.8498
Run: 03, Epoch: 04, Loss: 0.0054, lr: 0.001000, Train: 0.8004, Valid: 0.3650, Test: 0.8290
Run: 03, Epoch: 05, Loss: 0.0060, lr: 0.001000, Train: 0.7308, Valid: 0.2783, Test: 0.8189
Run: 03, Epoch: 06, Loss: 0.0043, lr: 0.001000, Train: 0.6672, Valid: 0.2263, Test: 0.7602
Run: 03, Epoch: 07, Loss: 0.0037, lr: 0.001000, Train: 0.6564, Valid: 0.2375, Test: 0.7232
Run: 03, Epoch: 08, Loss: 0.0024, lr: 0.001000, Train: 0.7005, Valid: 0.3196, Test: 0.7159
Run: 03, Epoch: 09, Loss: 0.0020, lr: 0.000700, Train: 0.7717, Valid: 0.5043, Test: 0.7660
Run: 03, Epoch: 10, Loss: 0.0018, lr: 0.000700, Train: 0.8262, Valid: 0.6566, Test: 0.8198
Run: 03, Epoch: 11, Loss: 0.0013, lr: 0.000700, Train: 0.8457, Valid: 0.7065, Test: 0.8468
Run: 03, Epoch: 12, Loss: 0.0014, lr: 0.000700, Train: 0.8652, Valid: 0.7108, Test: 0.8658
Run: 03, Epoch: 13, Loss: 0.0013, lr: 0.000700, Train: 0.8916, Valid: 0.7199, Test: 0.8876
Run: 03, Epoch: 14, Loss: 0.0012, lr: 0.000700, Train: 0.9241, Valid: 0.7973, Test: 0.9176
Run: 03, Epoch: 15, Loss: 0.0012, lr: 0.000700, Train: 0.9481, Valid: 0.8735, Test: 0.9442
Run: 03, Epoch: 16, Loss: 0.0011, lr: 0.000700, Train: 0.9570, Valid: 0.9158, Test: 0.9597
Run: 03, Epoch: 17, Loss: 0.0008, lr: 0.000700, Train: 0.9519, Valid: 0.9307, Test: 0.9612
Run: 03, Epoch: 18, Loss: 0.0007, lr: 0.000700, Train: 0.9452, Valid: 0.9334, Test: 0.9556
Run: 03, Epoch: 19, Loss: 0.0008, lr: 0.000700, Train: 0.9417, Valid: 0.9272, Test: 0.9465
Run: 03, Epoch: 20, Loss: 0.0007, lr: 0.000700, Train: 0.9366, Valid: 0.9036, Test: 0.9332
Run: 03, Epoch: 21, Loss: 0.0006, lr: 0.000700, Train: 0.9316, Valid: 0.8765, Test: 0.9229
Run: 03, Epoch: 22, Loss: 0.0006, lr: 0.000700, Train: 0.9401, Valid: 0.8883, Test: 0.9301
Run: 03, Epoch: 23, Loss: 0.0005, lr: 0.000700, Train: 0.9551, Valid: 0.9216, Test: 0.9473
Run: 03, Epoch: 24, Loss: 0.0004, lr: 0.000700, Train: 0.9639, Valid: 0.9373, Test: 0.9583
Run: 03, Epoch: 25, Loss: 0.0004, lr: 0.000700, Train: 0.9709, Valid: 0.9396, Test: 0.9629
Run: 03, Epoch: 26, Loss: 0.0004, lr: 0.000700, Train: 0.9784, Valid: 0.9381, Test: 0.9640
Run: 03, Epoch: 27, Loss: 0.0003, lr: 0.000700, Train: 0.9827, Valid: 0.9336, Test: 0.9622
Run: 03, Epoch: 28, Loss: 0.0003, lr: 0.000700, Train: 0.9849, Valid: 0.9350, Test: 0.9614
Run: 03, Epoch: 29, Loss: 0.0003, lr: 0.000700, Train: 0.9869, Valid: 0.9449, Test: 0.9635
Run: 03, Epoch: 30, Loss: 0.0002, lr: 0.000700, Train: 0.9863, Valid: 0.9512, Test: 0.9651
Run: 03, Epoch: 31, Loss: 0.0002, lr: 0.000700, Train: 0.9850, Valid: 0.9516, Test: 0.9652
Run: 03, Epoch: 32, Loss: 0.0002, lr: 0.000700, Train: 0.9867, Valid: 0.9525, Test: 0.9652
Run: 03, Epoch: 33, Loss: 0.0002, lr: 0.000700, Train: 0.9897, Valid: 0.9519, Test: 0.9644
Run: 03, Epoch: 34, Loss: 0.0002, lr: 0.000700, Train: 0.9909, Valid: 0.9466, Test: 0.9628
Run: 03, Epoch: 35, Loss: 0.0002, lr: 0.000700, Train: 0.9918, Valid: 0.9444, Test: 0.9629
Run: 03, Epoch: 36, Loss: 0.0002, lr: 0.000700, Train: 0.9929, Valid: 0.9476, Test: 0.9644
Run: 03, Epoch: 37, Loss: 0.0001, lr: 0.000700, Train: 0.9929, Valid: 0.9496, Test: 0.9648
Run: 03, Epoch: 38, Loss: 0.0001, lr: 0.000700, Train: 0.9929, Valid: 0.9506, Test: 0.9641
Run: 03, Epoch: 39, Loss: 0.0001, lr: 0.000490, Train: 0.9938, Valid: 0.9518, Test: 0.9634
Run: 03, Epoch: 40, Loss: 0.0001, lr: 0.000490, Train: 0.9945, Valid: 0.9527, Test: 0.9624
Run: 03, Epoch: 41, Loss: 0.0001, lr: 0.000490, Train: 0.9946, Valid: 0.9534, Test: 0.9612
Run: 03, Epoch: 42, Loss: 0.0001, lr: 0.000490, Train: 0.9945, Valid: 0.9547, Test: 0.9607
Run: 03, Epoch: 43, Loss: 0.0001, lr: 0.000490, Train: 0.9945, Valid: 0.9562, Test: 0.9611
Run: 03, Epoch: 44, Loss: 0.0001, lr: 0.000490, Train: 0.9944, Valid: 0.9566, Test: 0.9617
Run: 03, Epoch: 45, Loss: 0.0001, lr: 0.000490, Train: 0.9948, Valid: 0.9558, Test: 0.9622
Run: 03, Epoch: 46, Loss: 0.0001, lr: 0.000490, Train: 0.9958, Valid: 0.9540, Test: 0.9626
Run: 03, Epoch: 47, Loss: 0.0001, lr: 0.000490, Train: 0.9967, Valid: 0.9507, Test: 0.9624
Run: 03, Epoch: 48, Loss: 0.0001, lr: 0.000490, Train: 0.9972, Valid: 0.9467, Test: 0.9619
Run: 03, Epoch: 49, Loss: 0.0001, lr: 0.000490, Train: 0.9974, Valid: 0.9449, Test: 0.9615
Run: 03, Epoch: 50, Loss: 0.0001, lr: 0.000490, Train: 0.9977, Valid: 0.9460, Test: 0.9616
Run: 03, Epoch: 51, Loss: 0.0001, lr: 0.000343, Train: 0.9978, Valid: 0.9473, Test: 0.9617
Run: 03, Epoch: 52, Loss: 0.0001, lr: 0.000343, Train: 0.9978, Valid: 0.9483, Test: 0.9616
Run: 03, Epoch: 53, Loss: 0.0001, lr: 0.000343, Train: 0.9977, Valid: 0.9488, Test: 0.9614
Run: 03, Epoch: 54, Loss: 0.0001, lr: 0.000343, Train: 0.9979, Valid: 0.9487, Test: 0.9612
Run: 03, Epoch: 55, Loss: 0.0001, lr: 0.000343, Train: 0.9982, Valid: 0.9480, Test: 0.9611
Run: 03, Epoch: 56, Loss: 0.0001, lr: 0.000343, Train: 0.9984, Valid: 0.9464, Test: 0.9609
Run: 03, Epoch: 57, Loss: 0.0000, lr: 0.000240, Train: 0.9985, Valid: 0.9449, Test: 0.9609
Run: 03, Epoch: 58, Loss: 0.0000, lr: 0.000240, Train: 0.9986, Valid: 0.9434, Test: 0.9609
Run: 03, Epoch: 59, Loss: 0.0000, lr: 0.000240, Train: 0.9987, Valid: 0.9421, Test: 0.9610
Run: 03, Epoch: 60, Loss: 0.0000, lr: 0.000240, Train: 0.9988, Valid: 0.9410, Test: 0.9611
Run: 03, Epoch: 61, Loss: 0.0000, lr: 0.000240, Train: 0.9988, Valid: 0.9402, Test: 0.9611
Run: 03, Epoch: 62, Loss: 0.0000, lr: 0.000240, Train: 0.9989, Valid: 0.9395, Test: 0.9611
Run: 03, Epoch: 63, Loss: 0.0000, lr: 0.000168, Train: 0.9989, Valid: 0.9390, Test: 0.9609
Run: 03, Epoch: 64, Loss: 0.0000, lr: 0.000168, Train: 0.9989, Valid: 0.9386, Test: 0.9607
Run: 03, Epoch: 65, Loss: 0.0000, lr: 0.000168, Train: 0.9990, Valid: 0.9384, Test: 0.9605
Run: 03, Epoch: 66, Loss: 0.0000, lr: 0.000168, Train: 0.9990, Valid: 0.9384, Test: 0.9602
Run: 03, Epoch: 67, Loss: 0.0000, lr: 0.000168, Train: 0.9990, Valid: 0.9385, Test: 0.9599
Run: 03, Epoch: 68, Loss: 0.0000, lr: 0.000168, Train: 0.9990, Valid: 0.9388, Test: 0.9597
Run: 03, Epoch: 69, Loss: 0.0000, lr: 0.000118, Train: 0.9991, Valid: 0.9390, Test: 0.9596
Run: 03, Epoch: 70, Loss: 0.0000, lr: 0.000118, Train: 0.9991, Valid: 0.9393, Test: 0.9596
Run: 03, Epoch: 71, Loss: 0.0000, lr: 0.000118, Train: 0.9991, Valid: 0.9396, Test: 0.9596
Run: 03, Epoch: 72, Loss: 0.0000, lr: 0.000118, Train: 0.9991, Valid: 0.9397, Test: 0.9596
Run: 03, Epoch: 73, Loss: 0.0000, lr: 0.000118, Train: 0.9991, Valid: 0.9398, Test: 0.9596
Run: 03, Epoch: 74, Loss: 0.0000, lr: 0.000118, Train: 0.9991, Valid: 0.9397, Test: 0.9596
Run: 03, Epoch: 75, Loss: 0.0000, lr: 0.000082, Train: 0.9991, Valid: 0.9395, Test: 0.9596
Run: 03, Epoch: 76, Loss: 0.0000, lr: 0.000082, Train: 0.9991, Valid: 0.9392, Test: 0.9596
Run: 03, Epoch: 77, Loss: 0.0000, lr: 0.000082, Train: 0.9991, Valid: 0.9389, Test: 0.9595
Run: 03, Epoch: 78, Loss: 0.0000, lr: 0.000082, Train: 0.9992, Valid: 0.9385, Test: 0.9595
Run: 03, Epoch: 79, Loss: 0.0000, lr: 0.000082, Train: 0.9992, Valid: 0.9381, Test: 0.9594
Run: 03, Epoch: 80, Loss: 0.0000, lr: 0.000082, Train: 0.9992, Valid: 0.9378, Test: 0.9593
Run: 03, Epoch: 81, Loss: 0.0000, lr: 0.000058, Train: 0.9992, Valid: 0.9376, Test: 0.9593
Run: 03, Epoch: 82, Loss: 0.0000, lr: 0.000058, Train: 0.9992, Valid: 0.9374, Test: 0.9592
Run: 03, Epoch: 83, Loss: 0.0000, lr: 0.000058, Train: 0.9992, Valid: 0.9372, Test: 0.9592
Run: 03, Epoch: 84, Loss: 0.0000, lr: 0.000058, Train: 0.9992, Valid: 0.9371, Test: 0.9591
Run: 03, Epoch: 85, Loss: 0.0000, lr: 0.000058, Train: 0.9992, Valid: 0.9371, Test: 0.9591
Run: 03, Epoch: 86, Loss: 0.0000, lr: 0.000058, Train: 0.9992, Valid: 0.9371, Test: 0.9591
Run: 03, Epoch: 87, Loss: 0.0000, lr: 0.000040, Train: 0.9992, Valid: 0.9371, Test: 0.9591
Run: 03, Epoch: 88, Loss: 0.0000, lr: 0.000040, Train: 0.9992, Valid: 0.9372, Test: 0.9590
Run: 03, Epoch: 89, Loss: 0.0000, lr: 0.000040, Train: 0.9992, Valid: 0.9372, Test: 0.9590
Run: 03, Epoch: 90, Loss: 0.0000, lr: 0.000040, Train: 0.9992, Valid: 0.9373, Test: 0.9590
Run: 03, Epoch: 91, Loss: 0.0000, lr: 0.000040, Train: 0.9992, Valid: 0.9374, Test: 0.9590
Run: 03, Epoch: 92, Loss: 0.0000, lr: 0.000040, Train: 0.9992, Valid: 0.9375, Test: 0.9590
Run: 03, Epoch: 93, Loss: 0.0000, lr: 0.000028, Train: 0.9992, Valid: 0.9375, Test: 0.9590
Run: 03, Epoch: 94, Loss: 0.0000, lr: 0.000028, Train: 0.9992, Valid: 0.9375, Test: 0.9589
Run: 03, Epoch: 95, Loss: 0.0000, lr: 0.000028, Train: 0.9992, Valid: 0.9376, Test: 0.9589
Run: 03, Epoch: 96, Loss: 0.0000, lr: 0.000028, Train: 0.9992, Valid: 0.9376, Test: 0.9589
Run: 03, Epoch: 97, Loss: 0.0000, lr: 0.000028, Train: 0.9992, Valid: 0.9376, Test: 0.9589
Run: 03, Epoch: 98, Loss: 0.0000, lr: 0.000028, Train: 0.9992, Valid: 0.9376, Test: 0.9589
Run: 03, Epoch: 99, Loss: 0.0000, lr: 0.000020, Train: 0.9992, Valid: 0.9376, Test: 0.9589
Run: 03, Epoch: 100, Loss: 0.0000, lr: 0.000020, Train: 0.9992, Valid: 0.9376, Test: 0.9589
Run 03:
Highest Train: 1.00
Highest Valid: 0.96
  Final Train: 0.99
   Final Test: 0.96
Run: 04, Epoch: 01, Loss: 0.0428, lr: 0.001000, Train: 0.6430, Valid: 0.5004, Test: 0.6820
Run: 04, Epoch: 02, Loss: 0.0106, lr: 0.001000, Train: 0.7359, Valid: 0.6269, Test: 0.8073
Run: 04, Epoch: 03, Loss: 0.0087, lr: 0.001000, Train: 0.7289, Valid: 0.6228, Test: 0.8267
Run: 04, Epoch: 04, Loss: 0.0039, lr: 0.001000, Train: 0.7067, Valid: 0.5650, Test: 0.8012
Run: 04, Epoch: 05, Loss: 0.0029, lr: 0.001000, Train: 0.6469, Valid: 0.4729, Test: 0.7398
Run: 04, Epoch: 06, Loss: 0.0026, lr: 0.001000, Train: 0.5659, Valid: 0.3629, Test: 0.6567
Run: 04, Epoch: 07, Loss: 0.0018, lr: 0.001000, Train: 0.5013, Valid: 0.3057, Test: 0.5901
Run: 04, Epoch: 08, Loss: 0.0015, lr: 0.001000, Train: 0.4802, Valid: 0.3174, Test: 0.5677
Run: 04, Epoch: 09, Loss: 0.0014, lr: 0.000700, Train: 0.5508, Valid: 0.4238, Test: 0.6185
Run: 04, Epoch: 10, Loss: 0.0013, lr: 0.000700, Train: 0.6576, Valid: 0.5603, Test: 0.6982
Run: 04, Epoch: 11, Loss: 0.0011, lr: 0.000700, Train: 0.7431, Valid: 0.6737, Test: 0.7688
Run: 04, Epoch: 12, Loss: 0.0010, lr: 0.000700, Train: 0.8059, Valid: 0.7563, Test: 0.8254
Run: 04, Epoch: 13, Loss: 0.0009, lr: 0.000700, Train: 0.8727, Valid: 0.8308, Test: 0.8657
Run: 04, Epoch: 14, Loss: 0.0008, lr: 0.000700, Train: 0.8995, Valid: 0.8644, Test: 0.8828
Run: 04, Epoch: 15, Loss: 0.0007, lr: 0.000700, Train: 0.9097, Valid: 0.8793, Test: 0.8935
Run: 04, Epoch: 16, Loss: 0.0007, lr: 0.000700, Train: 0.9195, Valid: 0.8932, Test: 0.9050
Run: 04, Epoch: 17, Loss: 0.0006, lr: 0.000700, Train: 0.9265, Valid: 0.9039, Test: 0.9092
Run: 04, Epoch: 18, Loss: 0.0006, lr: 0.000700, Train: 0.9242, Valid: 0.9048, Test: 0.9058
Run: 04, Epoch: 19, Loss: 0.0005, lr: 0.000700, Train: 0.9175, Valid: 0.8999, Test: 0.9035
Run: 04, Epoch: 20, Loss: 0.0005, lr: 0.000700, Train: 0.9182, Valid: 0.9016, Test: 0.9084
Run: 04, Epoch: 21, Loss: 0.0004, lr: 0.000700, Train: 0.9285, Valid: 0.9098, Test: 0.9181
Run: 04, Epoch: 22, Loss: 0.0004, lr: 0.000700, Train: 0.9393, Valid: 0.9177, Test: 0.9280
Run: 04, Epoch: 23, Loss: 0.0003, lr: 0.000700, Train: 0.9466, Valid: 0.9233, Test: 0.9365
Run: 04, Epoch: 24, Loss: 0.0003, lr: 0.000700, Train: 0.9501, Valid: 0.9257, Test: 0.9399
Run: 04, Epoch: 25, Loss: 0.0003, lr: 0.000700, Train: 0.9553, Valid: 0.9295, Test: 0.9409
Run: 04, Epoch: 26, Loss: 0.0003, lr: 0.000700, Train: 0.9678, Valid: 0.9410, Test: 0.9481
Run: 04, Epoch: 27, Loss: 0.0002, lr: 0.000700, Train: 0.9789, Valid: 0.9517, Test: 0.9569
Run: 04, Epoch: 28, Loss: 0.0002, lr: 0.000700, Train: 0.9803, Valid: 0.9552, Test: 0.9599
Run: 04, Epoch: 29, Loss: 0.0002, lr: 0.000700, Train: 0.9787, Valid: 0.9563, Test: 0.9596
Run: 04, Epoch: 30, Loss: 0.0002, lr: 0.000700, Train: 0.9839, Valid: 0.9598, Test: 0.9612
Run: 04, Epoch: 31, Loss: 0.0002, lr: 0.000700, Train: 0.9908, Valid: 0.9608, Test: 0.9621
Run: 04, Epoch: 32, Loss: 0.0001, lr: 0.000700, Train: 0.9933, Valid: 0.9584, Test: 0.9603
Run: 04, Epoch: 33, Loss: 0.0001, lr: 0.000700, Train: 0.9925, Valid: 0.9570, Test: 0.9567
Run: 04, Epoch: 34, Loss: 0.0001, lr: 0.000700, Train: 0.9920, Valid: 0.9579, Test: 0.9554
Run: 04, Epoch: 35, Loss: 0.0001, lr: 0.000700, Train: 0.9936, Valid: 0.9602, Test: 0.9583
Run: 04, Epoch: 36, Loss: 0.0001, lr: 0.000700, Train: 0.9925, Valid: 0.9617, Test: 0.9575
Run: 04, Epoch: 37, Loss: 0.0001, lr: 0.000700, Train: 0.9910, Valid: 0.9625, Test: 0.9576
Run: 04, Epoch: 38, Loss: 0.0001, lr: 0.000700, Train: 0.9938, Valid: 0.9619, Test: 0.9608
Run: 04, Epoch: 39, Loss: 0.0001, lr: 0.000700, Train: 0.9961, Valid: 0.9582, Test: 0.9578
Run: 04, Epoch: 40, Loss: 0.0001, lr: 0.000700, Train: 0.9976, Valid: 0.9522, Test: 0.9550
Run: 04, Epoch: 41, Loss: 0.0001, lr: 0.000700, Train: 0.9974, Valid: 0.9474, Test: 0.9532
Run: 04, Epoch: 42, Loss: 0.0001, lr: 0.000700, Train: 0.9975, Valid: 0.9476, Test: 0.9512
Run: 04, Epoch: 43, Loss: 0.0000, lr: 0.000700, Train: 0.9961, Valid: 0.9456, Test: 0.9516
Run: 04, Epoch: 44, Loss: 0.0000, lr: 0.000490, Train: 0.9974, Valid: 0.9489, Test: 0.9530
Run: 04, Epoch: 45, Loss: 0.0000, lr: 0.000490, Train: 0.9979, Valid: 0.9520, Test: 0.9541
Run: 04, Epoch: 46, Loss: 0.0000, lr: 0.000490, Train: 0.9983, Valid: 0.9526, Test: 0.9565
Run: 04, Epoch: 47, Loss: 0.0000, lr: 0.000490, Train: 0.9986, Valid: 0.9538, Test: 0.9572
Run: 04, Epoch: 48, Loss: 0.0000, lr: 0.000490, Train: 0.9984, Valid: 0.9550, Test: 0.9562
Run: 04, Epoch: 49, Loss: 0.0000, lr: 0.000490, Train: 0.9985, Valid: 0.9550, Test: 0.9572
Run: 04, Epoch: 50, Loss: 0.0000, lr: 0.000343, Train: 0.9987, Valid: 0.9544, Test: 0.9578
Run: 04, Epoch: 51, Loss: 0.0000, lr: 0.000343, Train: 0.9988, Valid: 0.9538, Test: 0.9574
Run: 04, Epoch: 52, Loss: 0.0000, lr: 0.000343, Train: 0.9988, Valid: 0.9533, Test: 0.9564
Run: 04, Epoch: 53, Loss: 0.0000, lr: 0.000343, Train: 0.9990, Valid: 0.9523, Test: 0.9560
Run: 04, Epoch: 54, Loss: 0.0000, lr: 0.000343, Train: 0.9992, Valid: 0.9513, Test: 0.9563
Run: 04, Epoch: 55, Loss: 0.0000, lr: 0.000343, Train: 0.9994, Valid: 0.9507, Test: 0.9561
Run: 04, Epoch: 56, Loss: 0.0000, lr: 0.000240, Train: 0.9995, Valid: 0.9506, Test: 0.9556
Run: 04, Epoch: 57, Loss: 0.0000, lr: 0.000240, Train: 0.9995, Valid: 0.9507, Test: 0.9553
Run: 04, Epoch: 58, Loss: 0.0000, lr: 0.000240, Train: 0.9995, Valid: 0.9510, Test: 0.9556
Run: 04, Epoch: 59, Loss: 0.0000, lr: 0.000240, Train: 0.9996, Valid: 0.9516, Test: 0.9563
Run: 04, Epoch: 60, Loss: 0.0000, lr: 0.000240, Train: 0.9995, Valid: 0.9524, Test: 0.9569
Run: 04, Epoch: 61, Loss: 0.0000, lr: 0.000240, Train: 0.9994, Valid: 0.9530, Test: 0.9569
Run: 04, Epoch: 62, Loss: 0.0000, lr: 0.000168, Train: 0.9994, Valid: 0.9528, Test: 0.9566
Run: 04, Epoch: 63, Loss: 0.0000, lr: 0.000168, Train: 0.9995, Valid: 0.9522, Test: 0.9564
Run: 04, Epoch: 64, Loss: 0.0000, lr: 0.000168, Train: 0.9997, Valid: 0.9511, Test: 0.9562
Run: 04, Epoch: 65, Loss: 0.0000, lr: 0.000168, Train: 0.9997, Valid: 0.9498, Test: 0.9559
Run: 04, Epoch: 66, Loss: 0.0000, lr: 0.000168, Train: 0.9998, Valid: 0.9487, Test: 0.9555
Run: 04, Epoch: 67, Loss: 0.0000, lr: 0.000168, Train: 0.9998, Valid: 0.9480, Test: 0.9551
Run: 04, Epoch: 68, Loss: 0.0000, lr: 0.000118, Train: 0.9998, Valid: 0.9477, Test: 0.9549
Run: 04, Epoch: 69, Loss: 0.0000, lr: 0.000118, Train: 0.9998, Valid: 0.9474, Test: 0.9548
Run: 04, Epoch: 70, Loss: 0.0000, lr: 0.000118, Train: 0.9998, Valid: 0.9472, Test: 0.9548
Run: 04, Epoch: 71, Loss: 0.0000, lr: 0.000118, Train: 0.9998, Valid: 0.9471, Test: 0.9549
Run: 04, Epoch: 72, Loss: 0.0000, lr: 0.000118, Train: 0.9998, Valid: 0.9470, Test: 0.9550
Run: 04, Epoch: 73, Loss: 0.0000, lr: 0.000118, Train: 0.9998, Valid: 0.9471, Test: 0.9551
Run: 04, Epoch: 74, Loss: 0.0000, lr: 0.000082, Train: 0.9998, Valid: 0.9472, Test: 0.9551
Run: 04, Epoch: 75, Loss: 0.0000, lr: 0.000082, Train: 0.9998, Valid: 0.9473, Test: 0.9551
Run: 04, Epoch: 76, Loss: 0.0000, lr: 0.000082, Train: 0.9998, Valid: 0.9475, Test: 0.9551
Run: 04, Epoch: 77, Loss: 0.0000, lr: 0.000082, Train: 0.9998, Valid: 0.9477, Test: 0.9551
Run: 04, Epoch: 78, Loss: 0.0000, lr: 0.000082, Train: 0.9998, Valid: 0.9478, Test: 0.9551
Run: 04, Epoch: 79, Loss: 0.0000, lr: 0.000082, Train: 0.9998, Valid: 0.9478, Test: 0.9552
Run: 04, Epoch: 80, Loss: 0.0000, lr: 0.000058, Train: 0.9998, Valid: 0.9479, Test: 0.9552
Run: 04, Epoch: 81, Loss: 0.0000, lr: 0.000058, Train: 0.9998, Valid: 0.9478, Test: 0.9553
Run: 04, Epoch: 82, Loss: 0.0000, lr: 0.000058, Train: 0.9998, Valid: 0.9478, Test: 0.9552
Run: 04, Epoch: 83, Loss: 0.0000, lr: 0.000058, Train: 0.9998, Valid: 0.9478, Test: 0.9552
Run: 04, Epoch: 84, Loss: 0.0000, lr: 0.000058, Train: 0.9998, Valid: 0.9477, Test: 0.9552
Run: 04, Epoch: 85, Loss: 0.0000, lr: 0.000058, Train: 0.9998, Valid: 0.9477, Test: 0.9551
Run: 04, Epoch: 86, Loss: 0.0000, lr: 0.000040, Train: 0.9998, Valid: 0.9476, Test: 0.9551
Run: 04, Epoch: 87, Loss: 0.0000, lr: 0.000040, Train: 0.9999, Valid: 0.9475, Test: 0.9551
Run: 04, Epoch: 88, Loss: 0.0000, lr: 0.000040, Train: 0.9999, Valid: 0.9474, Test: 0.9551
Run: 04, Epoch: 89, Loss: 0.0000, lr: 0.000040, Train: 0.9999, Valid: 0.9474, Test: 0.9551
Run: 04, Epoch: 90, Loss: 0.0000, lr: 0.000040, Train: 0.9999, Valid: 0.9473, Test: 0.9551
Run: 04, Epoch: 91, Loss: 0.0000, lr: 0.000040, Train: 0.9999, Valid: 0.9472, Test: 0.9551
Run: 04, Epoch: 92, Loss: 0.0000, lr: 0.000028, Train: 0.9999, Valid: 0.9472, Test: 0.9551
Run: 04, Epoch: 93, Loss: 0.0000, lr: 0.000028, Train: 0.9999, Valid: 0.9471, Test: 0.9551
Run: 04, Epoch: 94, Loss: 0.0000, lr: 0.000028, Train: 0.9999, Valid: 0.9471, Test: 0.9550
Run: 04, Epoch: 95, Loss: 0.0000, lr: 0.000028, Train: 0.9999, Valid: 0.9471, Test: 0.9550
Run: 04, Epoch: 96, Loss: 0.0000, lr: 0.000028, Train: 0.9999, Valid: 0.9470, Test: 0.9550
Run: 04, Epoch: 97, Loss: 0.0000, lr: 0.000028, Train: 0.9999, Valid: 0.9470, Test: 0.9550
Run: 04, Epoch: 98, Loss: 0.0000, lr: 0.000020, Train: 0.9999, Valid: 0.9470, Test: 0.9550
Run: 04, Epoch: 99, Loss: 0.0000, lr: 0.000020, Train: 0.9999, Valid: 0.9470, Test: 0.9550
Run: 04, Epoch: 100, Loss: 0.0000, lr: 0.000020, Train: 0.9999, Valid: 0.9470, Test: 0.9549
Run 04:
Highest Train: 1.00
Highest Valid: 0.96
  Final Train: 0.99
   Final Test: 0.96
Run: 05, Epoch: 01, Loss: 0.0383, lr: 0.001000, Train: 0.6975, Valid: 0.4914, Test: 0.4883
Run: 05, Epoch: 02, Loss: 0.0127, lr: 0.001000, Train: 0.7281, Valid: 0.5261, Test: 0.4552
Run: 05, Epoch: 03, Loss: 0.0091, lr: 0.001000, Train: 0.7766, Valid: 0.5758, Test: 0.5439
Run: 05, Epoch: 04, Loss: 0.0040, lr: 0.001000, Train: 0.7731, Valid: 0.5532, Test: 0.4973
Run: 05, Epoch: 05, Loss: 0.0038, lr: 0.001000, Train: 0.7258, Valid: 0.3454, Test: 0.3432
Run: 05, Epoch: 06, Loss: 0.0026, lr: 0.001000, Train: 0.6751, Valid: 0.1280, Test: 0.2768
Run: 05, Epoch: 07, Loss: 0.0023, lr: 0.001000, Train: 0.6921, Valid: 0.1288, Test: 0.3370
Run: 05, Epoch: 08, Loss: 0.0020, lr: 0.001000, Train: 0.7867, Valid: 0.3734, Test: 0.5234
Run: 05, Epoch: 09, Loss: 0.0014, lr: 0.001000, Train: 0.8487, Valid: 0.5466, Test: 0.6060
Run: 05, Epoch: 10, Loss: 0.0013, lr: 0.000700, Train: 0.8742, Valid: 0.6122, Test: 0.6404
Run: 05, Epoch: 11, Loss: 0.0014, lr: 0.000700, Train: 0.8964, Valid: 0.6722, Test: 0.6859
Run: 05, Epoch: 12, Loss: 0.0011, lr: 0.000700, Train: 0.9116, Valid: 0.7099, Test: 0.7232
Run: 05, Epoch: 13, Loss: 0.0009, lr: 0.000700, Train: 0.9157, Valid: 0.7114, Test: 0.7241
Run: 05, Epoch: 14, Loss: 0.0009, lr: 0.000700, Train: 0.9143, Valid: 0.7026, Test: 0.7126
Run: 05, Epoch: 15, Loss: 0.0009, lr: 0.000700, Train: 0.9179, Valid: 0.7147, Test: 0.7127
Run: 05, Epoch: 16, Loss: 0.0008, lr: 0.000700, Train: 0.9282, Valid: 0.7505, Test: 0.7324
Run: 05, Epoch: 17, Loss: 0.0007, lr: 0.000700, Train: 0.9377, Valid: 0.7836, Test: 0.7593
Run: 05, Epoch: 18, Loss: 0.0006, lr: 0.000700, Train: 0.9416, Valid: 0.7957, Test: 0.7754
Run: 05, Epoch: 19, Loss: 0.0006, lr: 0.000700, Train: 0.9409, Valid: 0.7873, Test: 0.7765
Run: 05, Epoch: 20, Loss: 0.0006, lr: 0.000700, Train: 0.9369, Valid: 0.7623, Test: 0.7684
Run: 05, Epoch: 21, Loss: 0.0005, lr: 0.000700, Train: 0.9320, Valid: 0.7352, Test: 0.7628
Run: 05, Epoch: 22, Loss: 0.0005, lr: 0.000700, Train: 0.9320, Valid: 0.7307, Test: 0.7695
Run: 05, Epoch: 23, Loss: 0.0004, lr: 0.000700, Train: 0.9363, Valid: 0.7471, Test: 0.7867
Run: 05, Epoch: 24, Loss: 0.0004, lr: 0.000700, Train: 0.9429, Valid: 0.7715, Test: 0.8068
Run: 05, Epoch: 25, Loss: 0.0004, lr: 0.000490, Train: 0.9507, Valid: 0.7974, Test: 0.8238
Run: 05, Epoch: 26, Loss: 0.0003, lr: 0.000490, Train: 0.9581, Valid: 0.8228, Test: 0.8379
Run: 05, Epoch: 27, Loss: 0.0003, lr: 0.000490, Train: 0.9654, Valid: 0.8486, Test: 0.8529
Run: 05, Epoch: 28, Loss: 0.0003, lr: 0.000490, Train: 0.9723, Valid: 0.8741, Test: 0.8713
Run: 05, Epoch: 29, Loss: 0.0003, lr: 0.000490, Train: 0.9775, Valid: 0.8944, Test: 0.8901
Run: 05, Epoch: 30, Loss: 0.0003, lr: 0.000490, Train: 0.9804, Valid: 0.9059, Test: 0.9036
Run: 05, Epoch: 31, Loss: 0.0003, lr: 0.000490, Train: 0.9821, Valid: 0.9106, Test: 0.9102
Run: 05, Epoch: 32, Loss: 0.0002, lr: 0.000490, Train: 0.9833, Valid: 0.9112, Test: 0.9116
Run: 05, Epoch: 33, Loss: 0.0002, lr: 0.000490, Train: 0.9850, Valid: 0.9120, Test: 0.9118
Run: 05, Epoch: 34, Loss: 0.0002, lr: 0.000490, Train: 0.9876, Valid: 0.9174, Test: 0.9146
Run: 05, Epoch: 35, Loss: 0.0002, lr: 0.000490, Train: 0.9903, Valid: 0.9260, Test: 0.9190
Run: 05, Epoch: 36, Loss: 0.0002, lr: 0.000490, Train: 0.9921, Valid: 0.9331, Test: 0.9226
Run: 05, Epoch: 37, Loss: 0.0002, lr: 0.000490, Train: 0.9931, Valid: 0.9369, Test: 0.9238
Run: 05, Epoch: 38, Loss: 0.0002, lr: 0.000490, Train: 0.9938, Valid: 0.9381, Test: 0.9217
Run: 05, Epoch: 39, Loss: 0.0001, lr: 0.000490, Train: 0.9944, Valid: 0.9387, Test: 0.9178
Run: 05, Epoch: 40, Loss: 0.0001, lr: 0.000490, Train: 0.9953, Valid: 0.9414, Test: 0.9148
Run: 05, Epoch: 41, Loss: 0.0001, lr: 0.000490, Train: 0.9963, Valid: 0.9465, Test: 0.9136
Run: 05, Epoch: 42, Loss: 0.0001, lr: 0.000490, Train: 0.9968, Valid: 0.9513, Test: 0.9134
Run: 05, Epoch: 43, Loss: 0.0001, lr: 0.000490, Train: 0.9970, Valid: 0.9546, Test: 0.9132
Run: 05, Epoch: 44, Loss: 0.0001, lr: 0.000490, Train: 0.9972, Valid: 0.9558, Test: 0.9116
Run: 05, Epoch: 45, Loss: 0.0001, lr: 0.000490, Train: 0.9975, Valid: 0.9552, Test: 0.9082
Run: 05, Epoch: 46, Loss: 0.0001, lr: 0.000490, Train: 0.9978, Valid: 0.9530, Test: 0.9041
Run: 05, Epoch: 47, Loss: 0.0001, lr: 0.000490, Train: 0.9979, Valid: 0.9517, Test: 0.9022
Run: 05, Epoch: 48, Loss: 0.0001, lr: 0.000490, Train: 0.9981, Valid: 0.9526, Test: 0.9032
Run: 05, Epoch: 49, Loss: 0.0001, lr: 0.000490, Train: 0.9981, Valid: 0.9537, Test: 0.9045
Run: 05, Epoch: 50, Loss: 0.0001, lr: 0.000490, Train: 0.9982, Valid: 0.9541, Test: 0.9039
Run: 05, Epoch: 51, Loss: 0.0001, lr: 0.000343, Train: 0.9983, Valid: 0.9536, Test: 0.9024
Run: 05, Epoch: 52, Loss: 0.0001, lr: 0.000343, Train: 0.9985, Valid: 0.9527, Test: 0.9011
Run: 05, Epoch: 53, Loss: 0.0001, lr: 0.000343, Train: 0.9986, Valid: 0.9521, Test: 0.9010
Run: 05, Epoch: 54, Loss: 0.0001, lr: 0.000343, Train: 0.9987, Valid: 0.9521, Test: 0.9025
Run: 05, Epoch: 55, Loss: 0.0001, lr: 0.000343, Train: 0.9987, Valid: 0.9525, Test: 0.9044
Run: 05, Epoch: 56, Loss: 0.0001, lr: 0.000343, Train: 0.9987, Valid: 0.9527, Test: 0.9052
Run: 05, Epoch: 57, Loss: 0.0001, lr: 0.000240, Train: 0.9987, Valid: 0.9524, Test: 0.9043
Run: 05, Epoch: 58, Loss: 0.0000, lr: 0.000240, Train: 0.9988, Valid: 0.9517, Test: 0.9020
Run: 05, Epoch: 59, Loss: 0.0000, lr: 0.000240, Train: 0.9989, Valid: 0.9507, Test: 0.8992
Run: 05, Epoch: 60, Loss: 0.0000, lr: 0.000240, Train: 0.9990, Valid: 0.9498, Test: 0.8970
Run: 05, Epoch: 61, Loss: 0.0000, lr: 0.000240, Train: 0.9990, Valid: 0.9493, Test: 0.8960
Run: 05, Epoch: 62, Loss: 0.0000, lr: 0.000240, Train: 0.9990, Valid: 0.9495, Test: 0.8964
Run: 05, Epoch: 63, Loss: 0.0000, lr: 0.000168, Train: 0.9990, Valid: 0.9497, Test: 0.8972
Run: 05, Epoch: 64, Loss: 0.0000, lr: 0.000168, Train: 0.9990, Valid: 0.9501, Test: 0.8982
Run: 05, Epoch: 65, Loss: 0.0000, lr: 0.000168, Train: 0.9990, Valid: 0.9504, Test: 0.8989
Run: 05, Epoch: 66, Loss: 0.0000, lr: 0.000168, Train: 0.9990, Valid: 0.9505, Test: 0.8991
Run: 05, Epoch: 67, Loss: 0.0000, lr: 0.000168, Train: 0.9991, Valid: 0.9504, Test: 0.8987
Run: 05, Epoch: 68, Loss: 0.0000, lr: 0.000168, Train: 0.9991, Valid: 0.9501, Test: 0.8979
Run: 05, Epoch: 69, Loss: 0.0000, lr: 0.000118, Train: 0.9991, Valid: 0.9495, Test: 0.8971
Run: 05, Epoch: 70, Loss: 0.0000, lr: 0.000118, Train: 0.9992, Valid: 0.9489, Test: 0.8964
Run: 05, Epoch: 71, Loss: 0.0000, lr: 0.000118, Train: 0.9992, Valid: 0.9484, Test: 0.8959
Run: 05, Epoch: 72, Loss: 0.0000, lr: 0.000118, Train: 0.9992, Valid: 0.9479, Test: 0.8956
Run: 05, Epoch: 73, Loss: 0.0000, lr: 0.000118, Train: 0.9992, Valid: 0.9476, Test: 0.8955
Run: 05, Epoch: 74, Loss: 0.0000, lr: 0.000118, Train: 0.9992, Valid: 0.9473, Test: 0.8957
Run: 05, Epoch: 75, Loss: 0.0000, lr: 0.000082, Train: 0.9993, Valid: 0.9471, Test: 0.8958
Run: 05, Epoch: 76, Loss: 0.0000, lr: 0.000082, Train: 0.9993, Valid: 0.9469, Test: 0.8958
Run: 05, Epoch: 77, Loss: 0.0000, lr: 0.000082, Train: 0.9993, Valid: 0.9467, Test: 0.8958
Run: 05, Epoch: 78, Loss: 0.0000, lr: 0.000082, Train: 0.9993, Valid: 0.9466, Test: 0.8956
Run: 05, Epoch: 79, Loss: 0.0000, lr: 0.000082, Train: 0.9993, Valid: 0.9464, Test: 0.8953
Run: 05, Epoch: 80, Loss: 0.0000, lr: 0.000082, Train: 0.9993, Valid: 0.9463, Test: 0.8949
Run: 05, Epoch: 81, Loss: 0.0000, lr: 0.000058, Train: 0.9993, Valid: 0.9461, Test: 0.8946
Run: 05, Epoch: 82, Loss: 0.0000, lr: 0.000058, Train: 0.9993, Valid: 0.9459, Test: 0.8943
Run: 05, Epoch: 83, Loss: 0.0000, lr: 0.000058, Train: 0.9993, Valid: 0.9457, Test: 0.8940
Run: 05, Epoch: 84, Loss: 0.0000, lr: 0.000058, Train: 0.9993, Valid: 0.9455, Test: 0.8937
Run: 05, Epoch: 85, Loss: 0.0000, lr: 0.000058, Train: 0.9993, Valid: 0.9453, Test: 0.8935
Run: 05, Epoch: 86, Loss: 0.0000, lr: 0.000058, Train: 0.9994, Valid: 0.9452, Test: 0.8933
Run: 05, Epoch: 87, Loss: 0.0000, lr: 0.000040, Train: 0.9994, Valid: 0.9450, Test: 0.8933
Run: 05, Epoch: 88, Loss: 0.0000, lr: 0.000040, Train: 0.9994, Valid: 0.9448, Test: 0.8932
Run: 05, Epoch: 89, Loss: 0.0000, lr: 0.000040, Train: 0.9994, Valid: 0.9447, Test: 0.8932
Run: 05, Epoch: 90, Loss: 0.0000, lr: 0.000040, Train: 0.9994, Valid: 0.9446, Test: 0.8933
Run: 05, Epoch: 91, Loss: 0.0000, lr: 0.000040, Train: 0.9994, Valid: 0.9444, Test: 0.8933
Run: 05, Epoch: 92, Loss: 0.0000, lr: 0.000040, Train: 0.9994, Valid: 0.9443, Test: 0.8934
Run: 05, Epoch: 93, Loss: 0.0000, lr: 0.000028, Train: 0.9994, Valid: 0.9442, Test: 0.8934
Run: 05, Epoch: 94, Loss: 0.0000, lr: 0.000028, Train: 0.9994, Valid: 0.9440, Test: 0.8934
Run: 05, Epoch: 95, Loss: 0.0000, lr: 0.000028, Train: 0.9994, Valid: 0.9439, Test: 0.8934
Run: 05, Epoch: 96, Loss: 0.0000, lr: 0.000028, Train: 0.9994, Valid: 0.9438, Test: 0.8934
Run: 05, Epoch: 97, Loss: 0.0000, lr: 0.000028, Train: 0.9994, Valid: 0.9437, Test: 0.8933
Run: 05, Epoch: 98, Loss: 0.0000, lr: 0.000028, Train: 0.9994, Valid: 0.9437, Test: 0.8933
Run: 05, Epoch: 99, Loss: 0.0000, lr: 0.000020, Train: 0.9994, Valid: 0.9436, Test: 0.8933
Run: 05, Epoch: 100, Loss: 0.0000, lr: 0.000020, Train: 0.9994, Valid: 0.9435, Test: 0.8932
Run 05:
Highest Train: 1.00
Highest Valid: 0.96
  Final Train: 1.00
   Final Test: 0.91
Run: 06, Epoch: 01, Loss: 0.0457, lr: 0.001000, Train: 0.6115, Valid: 0.5346, Test: 0.5024
Run: 06, Epoch: 02, Loss: 0.0102, lr: 0.001000, Train: 0.7337, Valid: 0.6932, Test: 0.6351
Run: 06, Epoch: 03, Loss: 0.0062, lr: 0.001000, Train: 0.7289, Valid: 0.6958, Test: 0.6096
Run: 06, Epoch: 04, Loss: 0.0043, lr: 0.001000, Train: 0.5801, Valid: 0.5232, Test: 0.3359
Run: 06, Epoch: 05, Loss: 0.0019, lr: 0.001000, Train: 0.4013, Valid: 0.3238, Test: 0.0348
Run: 06, Epoch: 06, Loss: 0.0022, lr: 0.001000, Train: 0.4110, Valid: 0.3578, Test: 0.0181
Run: 06, Epoch: 07, Loss: 0.0014, lr: 0.001000, Train: 0.4703, Valid: 0.4313, Test: 0.1096
Run: 06, Epoch: 08, Loss: 0.0011, lr: 0.001000, Train: 0.5192, Valid: 0.4437, Test: 0.1566
Run: 06, Epoch: 09, Loss: 0.0012, lr: 0.001000, Train: 0.5134, Valid: 0.4057, Test: 0.1524
Run: 06, Epoch: 10, Loss: 0.0010, lr: 0.000700, Train: 0.5675, Valid: 0.4606, Test: 0.2354
Run: 06, Epoch: 11, Loss: 0.0009, lr: 0.000700, Train: 0.6592, Valid: 0.5743, Test: 0.3744
Run: 06, Epoch: 12, Loss: 0.0008, lr: 0.000700, Train: 0.7467, Valid: 0.6859, Test: 0.5106
Run: 06, Epoch: 13, Loss: 0.0007, lr: 0.000700, Train: 0.7639, Valid: 0.7109, Test: 0.5078
Run: 06, Epoch: 14, Loss: 0.0007, lr: 0.000700, Train: 0.7554, Valid: 0.7073, Test: 0.4704
Run: 06, Epoch: 15, Loss: 0.0006, lr: 0.000700, Train: 0.7851, Valid: 0.7393, Test: 0.5278
Run: 06, Epoch: 16, Loss: 0.0005, lr: 0.000700, Train: 0.8159, Valid: 0.7696, Test: 0.6003
Run: 06, Epoch: 17, Loss: 0.0005, lr: 0.000700, Train: 0.8402, Valid: 0.7931, Test: 0.6575
Run: 06, Epoch: 18, Loss: 0.0005, lr: 0.000700, Train: 0.8580, Valid: 0.8121, Test: 0.6948
Run: 06, Epoch: 19, Loss: 0.0004, lr: 0.000700, Train: 0.8669, Valid: 0.8202, Test: 0.7090
Run: 06, Epoch: 20, Loss: 0.0004, lr: 0.000700, Train: 0.8788, Valid: 0.8282, Test: 0.7277
Run: 06, Epoch: 21, Loss: 0.0004, lr: 0.000700, Train: 0.8991, Valid: 0.8452, Test: 0.7613
Run: 06, Epoch: 22, Loss: 0.0003, lr: 0.000700, Train: 0.9188, Valid: 0.8626, Test: 0.7883
Run: 06, Epoch: 23, Loss: 0.0003, lr: 0.000700, Train: 0.9346, Valid: 0.8787, Test: 0.8060
Run: 06, Epoch: 24, Loss: 0.0003, lr: 0.000700, Train: 0.9439, Valid: 0.8919, Test: 0.8138
Run: 06, Epoch: 25, Loss: 0.0003, lr: 0.000700, Train: 0.9480, Valid: 0.9018, Test: 0.8160
Run: 06, Epoch: 26, Loss: 0.0002, lr: 0.000700, Train: 0.9607, Valid: 0.9176, Test: 0.8472
Run: 06, Epoch: 27, Loss: 0.0002, lr: 0.000700, Train: 0.9696, Valid: 0.9274, Test: 0.8727
Run: 06, Epoch: 28, Loss: 0.0002, lr: 0.000700, Train: 0.9732, Valid: 0.9324, Test: 0.8778
Run: 06, Epoch: 29, Loss: 0.0002, lr: 0.000700, Train: 0.9741, Valid: 0.9358, Test: 0.8662
Run: 06, Epoch: 30, Loss: 0.0002, lr: 0.000700, Train: 0.9734, Valid: 0.9363, Test: 0.8503
Run: 06, Epoch: 31, Loss: 0.0002, lr: 0.000700, Train: 0.9780, Valid: 0.9363, Test: 0.8596
Run: 06, Epoch: 32, Loss: 0.0002, lr: 0.000700, Train: 0.9830, Valid: 0.9381, Test: 0.8795
Run: 06, Epoch: 33, Loss: 0.0001, lr: 0.000700, Train: 0.9846, Valid: 0.9396, Test: 0.8855
Run: 06, Epoch: 34, Loss: 0.0001, lr: 0.000700, Train: 0.9827, Valid: 0.9375, Test: 0.8750
Run: 06, Epoch: 35, Loss: 0.0001, lr: 0.000700, Train: 0.9824, Valid: 0.9396, Test: 0.8729
Run: 06, Epoch: 36, Loss: 0.0001, lr: 0.000700, Train: 0.9877, Valid: 0.9469, Test: 0.8961
Run: 06, Epoch: 37, Loss: 0.0001, lr: 0.000700, Train: 0.9876, Valid: 0.9456, Test: 0.9007
Run: 06, Epoch: 38, Loss: 0.0001, lr: 0.000700, Train: 0.9853, Valid: 0.9436, Test: 0.8927
Run: 06, Epoch: 39, Loss: 0.0001, lr: 0.000700, Train: 0.9823, Valid: 0.9411, Test: 0.8826
Run: 06, Epoch: 40, Loss: 0.0001, lr: 0.000700, Train: 0.9816, Valid: 0.9381, Test: 0.8832
Run: 06, Epoch: 41, Loss: 0.0001, lr: 0.000700, Train: 0.9828, Valid: 0.9373, Test: 0.8917
Run: 06, Epoch: 42, Loss: 0.0001, lr: 0.000700, Train: 0.9833, Valid: 0.9381, Test: 0.8945
Run: 06, Epoch: 43, Loss: 0.0001, lr: 0.000490, Train: 0.9840, Valid: 0.9397, Test: 0.8929
Run: 06, Epoch: 44, Loss: 0.0001, lr: 0.000490, Train: 0.9846, Valid: 0.9413, Test: 0.8904
Run: 06, Epoch: 45, Loss: 0.0000, lr: 0.000490, Train: 0.9869, Valid: 0.9442, Test: 0.8962
Run: 06, Epoch: 46, Loss: 0.0000, lr: 0.000490, Train: 0.9893, Valid: 0.9470, Test: 0.9056
Run: 06, Epoch: 47, Loss: 0.0000, lr: 0.000490, Train: 0.9901, Valid: 0.9483, Test: 0.9095
Run: 06, Epoch: 48, Loss: 0.0000, lr: 0.000490, Train: 0.9902, Valid: 0.9489, Test: 0.9089
Run: 06, Epoch: 49, Loss: 0.0000, lr: 0.000490, Train: 0.9908, Valid: 0.9496, Test: 0.9082
Run: 06, Epoch: 50, Loss: 0.0000, lr: 0.000490, Train: 0.9923, Valid: 0.9508, Test: 0.9113
Run: 06, Epoch: 51, Loss: 0.0000, lr: 0.000490, Train: 0.9940, Valid: 0.9525, Test: 0.9166
Run: 06, Epoch: 52, Loss: 0.0000, lr: 0.000490, Train: 0.9949, Valid: 0.9537, Test: 0.9195
Run: 06, Epoch: 53, Loss: 0.0000, lr: 0.000490, Train: 0.9952, Valid: 0.9544, Test: 0.9194
Run: 06, Epoch: 54, Loss: 0.0000, lr: 0.000490, Train: 0.9955, Valid: 0.9546, Test: 0.9190
Run: 06, Epoch: 55, Loss: 0.0000, lr: 0.000490, Train: 0.9959, Valid: 0.9549, Test: 0.9199
Run: 06, Epoch: 56, Loss: 0.0000, lr: 0.000490, Train: 0.9962, Valid: 0.9552, Test: 0.9213
Run: 06, Epoch: 57, Loss: 0.0000, lr: 0.000490, Train: 0.9965, Valid: 0.9557, Test: 0.9222
Run: 06, Epoch: 58, Loss: 0.0000, lr: 0.000490, Train: 0.9969, Valid: 0.9565, Test: 0.9233
Run: 06, Epoch: 59, Loss: 0.0000, lr: 0.000490, Train: 0.9976, Valid: 0.9574, Test: 0.9255
Run: 06, Epoch: 60, Loss: 0.0000, lr: 0.000490, Train: 0.9982, Valid: 0.9577, Test: 0.9271
Run: 06, Epoch: 61, Loss: 0.0000, lr: 0.000490, Train: 0.9982, Valid: 0.9572, Test: 0.9261
Run: 06, Epoch: 62, Loss: 0.0000, lr: 0.000490, Train: 0.9976, Valid: 0.9563, Test: 0.9236
Run: 06, Epoch: 63, Loss: 0.0000, lr: 0.000490, Train: 0.9975, Valid: 0.9560, Test: 0.9232
Run: 06, Epoch: 64, Loss: 0.0000, lr: 0.000490, Train: 0.9981, Valid: 0.9567, Test: 0.9259
Run: 06, Epoch: 65, Loss: 0.0000, lr: 0.000490, Train: 0.9987, Valid: 0.9576, Test: 0.9283
Run: 06, Epoch: 66, Loss: 0.0000, lr: 0.000490, Train: 0.9989, Valid: 0.9581, Test: 0.9286
Run: 06, Epoch: 67, Loss: 0.0000, lr: 0.000490, Train: 0.9989, Valid: 0.9579, Test: 0.9284
Run: 06, Epoch: 68, Loss: 0.0000, lr: 0.000490, Train: 0.9989, Valid: 0.9574, Test: 0.9288
Run: 06, Epoch: 69, Loss: 0.0000, lr: 0.000490, Train: 0.9990, Valid: 0.9572, Test: 0.9293
Run: 06, Epoch: 70, Loss: 0.0000, lr: 0.000490, Train: 0.9992, Valid: 0.9574, Test: 0.9295
Run: 06, Epoch: 71, Loss: 0.0000, lr: 0.000490, Train: 0.9994, Valid: 0.9577, Test: 0.9298
Run: 06, Epoch: 72, Loss: 0.0000, lr: 0.000490, Train: 0.9994, Valid: 0.9577, Test: 0.9305
Run: 06, Epoch: 73, Loss: 0.0000, lr: 0.000343, Train: 0.9995, Valid: 0.9576, Test: 0.9307
Run: 06, Epoch: 74, Loss: 0.0000, lr: 0.000343, Train: 0.9995, Valid: 0.9575, Test: 0.9307
Run: 06, Epoch: 75, Loss: 0.0000, lr: 0.000343, Train: 0.9995, Valid: 0.9575, Test: 0.9306
Run: 06, Epoch: 76, Loss: 0.0000, lr: 0.000343, Train: 0.9995, Valid: 0.9576, Test: 0.9309
Run: 06, Epoch: 77, Loss: 0.0000, lr: 0.000343, Train: 0.9996, Valid: 0.9576, Test: 0.9314
Run: 06, Epoch: 78, Loss: 0.0000, lr: 0.000343, Train: 0.9997, Valid: 0.9575, Test: 0.9316
Run: 06, Epoch: 79, Loss: 0.0000, lr: 0.000240, Train: 0.9997, Valid: 0.9573, Test: 0.9316
Run: 06, Epoch: 80, Loss: 0.0000, lr: 0.000240, Train: 0.9997, Valid: 0.9572, Test: 0.9316
Run: 06, Epoch: 81, Loss: 0.0000, lr: 0.000240, Train: 0.9997, Valid: 0.9570, Test: 0.9317
Run: 06, Epoch: 82, Loss: 0.0000, lr: 0.000240, Train: 0.9998, Valid: 0.9568, Test: 0.9319
Run: 06, Epoch: 83, Loss: 0.0000, lr: 0.000240, Train: 0.9998, Valid: 0.9565, Test: 0.9322
Run: 06, Epoch: 84, Loss: 0.0000, lr: 0.000240, Train: 0.9998, Valid: 0.9563, Test: 0.9324
Run: 06, Epoch: 85, Loss: 0.0000, lr: 0.000168, Train: 0.9998, Valid: 0.9562, Test: 0.9324
Run: 06, Epoch: 86, Loss: 0.0000, lr: 0.000168, Train: 0.9998, Valid: 0.9562, Test: 0.9324
Run: 06, Epoch: 87, Loss: 0.0000, lr: 0.000168, Train: 0.9998, Valid: 0.9561, Test: 0.9325
Run: 06, Epoch: 88, Loss: 0.0000, lr: 0.000168, Train: 0.9998, Valid: 0.9561, Test: 0.9327
Run: 06, Epoch: 89, Loss: 0.0000, lr: 0.000168, Train: 0.9998, Valid: 0.9560, Test: 0.9329
Run: 06, Epoch: 90, Loss: 0.0000, lr: 0.000168, Train: 0.9998, Valid: 0.9560, Test: 0.9331
Run: 06, Epoch: 91, Loss: 0.0000, lr: 0.000118, Train: 0.9998, Valid: 0.9559, Test: 0.9332
Run: 06, Epoch: 92, Loss: 0.0000, lr: 0.000118, Train: 0.9998, Valid: 0.9558, Test: 0.9333
Run: 06, Epoch: 93, Loss: 0.0000, lr: 0.000118, Train: 0.9998, Valid: 0.9557, Test: 0.9332
Run: 06, Epoch: 94, Loss: 0.0000, lr: 0.000118, Train: 0.9998, Valid: 0.9557, Test: 0.9331
Run: 06, Epoch: 95, Loss: 0.0000, lr: 0.000118, Train: 0.9998, Valid: 0.9556, Test: 0.9331
Run: 06, Epoch: 96, Loss: 0.0000, lr: 0.000118, Train: 0.9998, Valid: 0.9556, Test: 0.9331
Run: 06, Epoch: 97, Loss: 0.0000, lr: 0.000082, Train: 0.9998, Valid: 0.9555, Test: 0.9331
Run: 06, Epoch: 98, Loss: 0.0000, lr: 0.000082, Train: 0.9998, Valid: 0.9554, Test: 0.9331
Run: 06, Epoch: 99, Loss: 0.0000, lr: 0.000082, Train: 0.9999, Valid: 0.9554, Test: 0.9332
Run: 06, Epoch: 100, Loss: 0.0000, lr: 0.000082, Train: 0.9999, Valid: 0.9553, Test: 0.9332
Run 06:
Highest Train: 1.00
Highest Valid: 0.96
  Final Train: 1.00
   Final Test: 0.93
Run: 07, Epoch: 01, Loss: 0.0681, lr: 0.001000, Train: 0.4981, Valid: 0.5118, Test: 0.4681
Run: 07, Epoch: 02, Loss: 0.0126, lr: 0.001000, Train: 0.5036, Valid: 0.5668, Test: 0.5058
Run: 07, Epoch: 03, Loss: 0.0077, lr: 0.001000, Train: 0.4920, Valid: 0.5493, Test: 0.5219
Run: 07, Epoch: 04, Loss: 0.0072, lr: 0.001000, Train: 0.4032, Valid: 0.4705, Test: 0.4707
Run: 07, Epoch: 05, Loss: 0.0057, lr: 0.001000, Train: 0.4739, Valid: 0.5313, Test: 0.5083
Run: 07, Epoch: 06, Loss: 0.0037, lr: 0.001000, Train: 0.5825, Valid: 0.6073, Test: 0.5611
Run: 07, Epoch: 07, Loss: 0.0024, lr: 0.001000, Train: 0.6704, Valid: 0.6468, Test: 0.6151
Run: 07, Epoch: 08, Loss: 0.0017, lr: 0.001000, Train: 0.6995, Valid: 0.6538, Test: 0.6369
Run: 07, Epoch: 09, Loss: 0.0015, lr: 0.001000, Train: 0.7212, Valid: 0.6731, Test: 0.6577
Run: 07, Epoch: 10, Loss: 0.0013, lr: 0.001000, Train: 0.7275, Valid: 0.6803, Test: 0.6708
Run: 07, Epoch: 11, Loss: 0.0009, lr: 0.001000, Train: 0.7335, Valid: 0.6969, Test: 0.6876
Run: 07, Epoch: 12, Loss: 0.0010, lr: 0.001000, Train: 0.7613, Valid: 0.7402, Test: 0.7226
Run: 07, Epoch: 13, Loss: 0.0009, lr: 0.001000, Train: 0.7750, Valid: 0.7756, Test: 0.7409
Run: 07, Epoch: 14, Loss: 0.0008, lr: 0.001000, Train: 0.7664, Valid: 0.7895, Test: 0.7415
Run: 07, Epoch: 15, Loss: 0.0009, lr: 0.001000, Train: 0.7751, Valid: 0.8113, Test: 0.7615
Run: 07, Epoch: 16, Loss: 0.0008, lr: 0.001000, Train: 0.8011, Valid: 0.8365, Test: 0.7931
Run: 07, Epoch: 17, Loss: 0.0007, lr: 0.001000, Train: 0.8451, Valid: 0.8657, Test: 0.8388
Run: 07, Epoch: 18, Loss: 0.0006, lr: 0.001000, Train: 0.8873, Valid: 0.8978, Test: 0.8800
Run: 07, Epoch: 19, Loss: 0.0005, lr: 0.001000, Train: 0.9083, Valid: 0.9169, Test: 0.9012
Run: 07, Epoch: 20, Loss: 0.0005, lr: 0.001000, Train: 0.9085, Valid: 0.9212, Test: 0.9021
Run: 07, Epoch: 21, Loss: 0.0005, lr: 0.001000, Train: 0.9029, Valid: 0.9215, Test: 0.8960
Run: 07, Epoch: 22, Loss: 0.0004, lr: 0.001000, Train: 0.9262, Valid: 0.9447, Test: 0.9108
Run: 07, Epoch: 23, Loss: 0.0004, lr: 0.001000, Train: 0.9388, Valid: 0.9560, Test: 0.9201
Run: 07, Epoch: 24, Loss: 0.0004, lr: 0.001000, Train: 0.9323, Valid: 0.9533, Test: 0.9167
Run: 07, Epoch: 25, Loss: 0.0004, lr: 0.001000, Train: 0.9157, Valid: 0.9440, Test: 0.9070
Run: 07, Epoch: 26, Loss: 0.0003, lr: 0.001000, Train: 0.9253, Valid: 0.9505, Test: 0.9153
Run: 07, Epoch: 27, Loss: 0.0003, lr: 0.001000, Train: 0.9349, Valid: 0.9554, Test: 0.9227
Run: 07, Epoch: 28, Loss: 0.0003, lr: 0.001000, Train: 0.9371, Valid: 0.9545, Test: 0.9236
Run: 07, Epoch: 29, Loss: 0.0002, lr: 0.001000, Train: 0.9347, Valid: 0.9511, Test: 0.9202
Run: 07, Epoch: 30, Loss: 0.0002, lr: 0.000700, Train: 0.9369, Valid: 0.9516, Test: 0.9214
Run: 07, Epoch: 31, Loss: 0.0002, lr: 0.000700, Train: 0.9410, Valid: 0.9540, Test: 0.9243
Run: 07, Epoch: 32, Loss: 0.0002, lr: 0.000700, Train: 0.9482, Valid: 0.9571, Test: 0.9296
Run: 07, Epoch: 33, Loss: 0.0002, lr: 0.000700, Train: 0.9537, Valid: 0.9591, Test: 0.9331
Run: 07, Epoch: 34, Loss: 0.0002, lr: 0.000700, Train: 0.9610, Valid: 0.9607, Test: 0.9383
Run: 07, Epoch: 35, Loss: 0.0001, lr: 0.000700, Train: 0.9712, Valid: 0.9625, Test: 0.9467
Run: 07, Epoch: 36, Loss: 0.0001, lr: 0.000700, Train: 0.9798, Valid: 0.9640, Test: 0.9543
Run: 07, Epoch: 37, Loss: 0.0001, lr: 0.000700, Train: 0.9839, Valid: 0.9646, Test: 0.9581
Run: 07, Epoch: 38, Loss: 0.0001, lr: 0.000700, Train: 0.9845, Valid: 0.9635, Test: 0.9586
Run: 07, Epoch: 39, Loss: 0.0001, lr: 0.000700, Train: 0.9845, Valid: 0.9609, Test: 0.9583
Run: 07, Epoch: 40, Loss: 0.0001, lr: 0.000700, Train: 0.9859, Valid: 0.9576, Test: 0.9591
Run: 07, Epoch: 41, Loss: 0.0001, lr: 0.000700, Train: 0.9888, Valid: 0.9573, Test: 0.9612
Run: 07, Epoch: 42, Loss: 0.0001, lr: 0.000700, Train: 0.9917, Valid: 0.9592, Test: 0.9636
Run: 07, Epoch: 43, Loss: 0.0001, lr: 0.000700, Train: 0.9935, Valid: 0.9606, Test: 0.9654
Run: 07, Epoch: 44, Loss: 0.0001, lr: 0.000490, Train: 0.9946, Valid: 0.9600, Test: 0.9671
Run: 07, Epoch: 45, Loss: 0.0001, lr: 0.000490, Train: 0.9953, Valid: 0.9581, Test: 0.9685
Run: 07, Epoch: 46, Loss: 0.0001, lr: 0.000490, Train: 0.9957, Valid: 0.9560, Test: 0.9695
Run: 07, Epoch: 47, Loss: 0.0001, lr: 0.000490, Train: 0.9963, Valid: 0.9554, Test: 0.9704
Run: 07, Epoch: 48, Loss: 0.0001, lr: 0.000490, Train: 0.9969, Valid: 0.9559, Test: 0.9711
Run: 07, Epoch: 49, Loss: 0.0001, lr: 0.000490, Train: 0.9974, Valid: 0.9566, Test: 0.9717
Run: 07, Epoch: 50, Loss: 0.0000, lr: 0.000343, Train: 0.9977, Valid: 0.9568, Test: 0.9722
Run: 07, Epoch: 51, Loss: 0.0000, lr: 0.000343, Train: 0.9980, Valid: 0.9568, Test: 0.9726
Run: 07, Epoch: 52, Loss: 0.0000, lr: 0.000343, Train: 0.9981, Valid: 0.9567, Test: 0.9728
Run: 07, Epoch: 53, Loss: 0.0000, lr: 0.000343, Train: 0.9983, Valid: 0.9566, Test: 0.9730
Run: 07, Epoch: 54, Loss: 0.0000, lr: 0.000343, Train: 0.9985, Valid: 0.9566, Test: 0.9731
Run: 07, Epoch: 55, Loss: 0.0000, lr: 0.000343, Train: 0.9987, Valid: 0.9564, Test: 0.9731
Run: 07, Epoch: 56, Loss: 0.0000, lr: 0.000240, Train: 0.9988, Valid: 0.9560, Test: 0.9731
Run: 07, Epoch: 57, Loss: 0.0000, lr: 0.000240, Train: 0.9988, Valid: 0.9556, Test: 0.9732
Run: 07, Epoch: 58, Loss: 0.0000, lr: 0.000240, Train: 0.9989, Valid: 0.9552, Test: 0.9733
Run: 07, Epoch: 59, Loss: 0.0000, lr: 0.000240, Train: 0.9989, Valid: 0.9549, Test: 0.9735
Run: 07, Epoch: 60, Loss: 0.0000, lr: 0.000240, Train: 0.9989, Valid: 0.9547, Test: 0.9737
Run: 07, Epoch: 61, Loss: 0.0000, lr: 0.000240, Train: 0.9990, Valid: 0.9548, Test: 0.9739
Run: 07, Epoch: 62, Loss: 0.0000, lr: 0.000168, Train: 0.9991, Valid: 0.9548, Test: 0.9740
Run: 07, Epoch: 63, Loss: 0.0000, lr: 0.000168, Train: 0.9992, Valid: 0.9549, Test: 0.9741
Run: 07, Epoch: 64, Loss: 0.0000, lr: 0.000168, Train: 0.9992, Valid: 0.9548, Test: 0.9741
Run: 07, Epoch: 65, Loss: 0.0000, lr: 0.000168, Train: 0.9992, Valid: 0.9547, Test: 0.9741
Run: 07, Epoch: 66, Loss: 0.0000, lr: 0.000168, Train: 0.9993, Valid: 0.9545, Test: 0.9741
Run: 07, Epoch: 67, Loss: 0.0000, lr: 0.000168, Train: 0.9993, Valid: 0.9542, Test: 0.9740
Run: 07, Epoch: 68, Loss: 0.0000, lr: 0.000118, Train: 0.9993, Valid: 0.9540, Test: 0.9741
Run: 07, Epoch: 69, Loss: 0.0000, lr: 0.000118, Train: 0.9993, Valid: 0.9539, Test: 0.9741
Run: 07, Epoch: 70, Loss: 0.0000, lr: 0.000118, Train: 0.9993, Valid: 0.9538, Test: 0.9742
Run: 07, Epoch: 71, Loss: 0.0000, lr: 0.000118, Train: 0.9993, Valid: 0.9538, Test: 0.9742
Run: 07, Epoch: 72, Loss: 0.0000, lr: 0.000118, Train: 0.9994, Valid: 0.9537, Test: 0.9743
Run: 07, Epoch: 73, Loss: 0.0000, lr: 0.000118, Train: 0.9994, Valid: 0.9537, Test: 0.9743
Run: 07, Epoch: 74, Loss: 0.0000, lr: 0.000082, Train: 0.9994, Valid: 0.9537, Test: 0.9744
Run: 07, Epoch: 75, Loss: 0.0000, lr: 0.000082, Train: 0.9994, Valid: 0.9536, Test: 0.9744
Run: 07, Epoch: 76, Loss: 0.0000, lr: 0.000082, Train: 0.9994, Valid: 0.9535, Test: 0.9744
Run: 07, Epoch: 77, Loss: 0.0000, lr: 0.000082, Train: 0.9994, Valid: 0.9535, Test: 0.9744
Run: 07, Epoch: 78, Loss: 0.0000, lr: 0.000082, Train: 0.9994, Valid: 0.9534, Test: 0.9744
Run: 07, Epoch: 79, Loss: 0.0000, lr: 0.000082, Train: 0.9994, Valid: 0.9534, Test: 0.9744
Run: 07, Epoch: 80, Loss: 0.0000, lr: 0.000058, Train: 0.9994, Valid: 0.9533, Test: 0.9744
Run: 07, Epoch: 81, Loss: 0.0000, lr: 0.000058, Train: 0.9994, Valid: 0.9533, Test: 0.9745
Run: 07, Epoch: 82, Loss: 0.0000, lr: 0.000058, Train: 0.9995, Valid: 0.9533, Test: 0.9745
Run: 07, Epoch: 83, Loss: 0.0000, lr: 0.000058, Train: 0.9995, Valid: 0.9533, Test: 0.9745
Run: 07, Epoch: 84, Loss: 0.0000, lr: 0.000058, Train: 0.9995, Valid: 0.9532, Test: 0.9745
Run: 07, Epoch: 85, Loss: 0.0000, lr: 0.000058, Train: 0.9995, Valid: 0.9532, Test: 0.9745
Run: 07, Epoch: 86, Loss: 0.0000, lr: 0.000040, Train: 0.9995, Valid: 0.9532, Test: 0.9745
Run: 07, Epoch: 87, Loss: 0.0000, lr: 0.000040, Train: 0.9995, Valid: 0.9531, Test: 0.9745
Run: 07, Epoch: 88, Loss: 0.0000, lr: 0.000040, Train: 0.9995, Valid: 0.9530, Test: 0.9746
Run: 07, Epoch: 89, Loss: 0.0000, lr: 0.000040, Train: 0.9995, Valid: 0.9529, Test: 0.9745
Run: 07, Epoch: 90, Loss: 0.0000, lr: 0.000040, Train: 0.9995, Valid: 0.9529, Test: 0.9745
Run: 07, Epoch: 91, Loss: 0.0000, lr: 0.000040, Train: 0.9995, Valid: 0.9528, Test: 0.9745
Run: 07, Epoch: 92, Loss: 0.0000, lr: 0.000028, Train: 0.9995, Valid: 0.9527, Test: 0.9745
Run: 07, Epoch: 93, Loss: 0.0000, lr: 0.000028, Train: 0.9995, Valid: 0.9526, Test: 0.9745
Run: 07, Epoch: 94, Loss: 0.0000, lr: 0.000028, Train: 0.9995, Valid: 0.9525, Test: 0.9745
Run: 07, Epoch: 95, Loss: 0.0000, lr: 0.000028, Train: 0.9995, Valid: 0.9525, Test: 0.9745
Run: 07, Epoch: 96, Loss: 0.0000, lr: 0.000028, Train: 0.9995, Valid: 0.9524, Test: 0.9745
Run: 07, Epoch: 97, Loss: 0.0000, lr: 0.000028, Train: 0.9995, Valid: 0.9524, Test: 0.9745
Run: 07, Epoch: 98, Loss: 0.0000, lr: 0.000020, Train: 0.9995, Valid: 0.9523, Test: 0.9745
Run: 07, Epoch: 99, Loss: 0.0000, lr: 0.000020, Train: 0.9995, Valid: 0.9523, Test: 0.9745
Run: 07, Epoch: 100, Loss: 0.0000, lr: 0.000020, Train: 0.9995, Valid: 0.9523, Test: 0.9745
Run 07:
Highest Train: 1.00
Highest Valid: 0.96
  Final Train: 0.98
   Final Test: 0.96
Run: 08, Epoch: 01, Loss: 0.0269, lr: 0.001000, Train: 0.7475, Valid: 0.8688, Test: 0.6087
Run: 08, Epoch: 02, Loss: 0.0114, lr: 0.001000, Train: 0.7317, Valid: 0.8955, Test: 0.5230
Run: 08, Epoch: 03, Loss: 0.0060, lr: 0.001000, Train: 0.6459, Valid: 0.8586, Test: 0.5409
Run: 08, Epoch: 04, Loss: 0.0049, lr: 0.001000, Train: 0.4805, Valid: 0.7775, Test: 0.2512
Run: 08, Epoch: 05, Loss: 0.0033, lr: 0.001000, Train: 0.4928, Valid: 0.7961, Test: 0.2289
Run: 08, Epoch: 06, Loss: 0.0018, lr: 0.001000, Train: 0.5413, Valid: 0.8447, Test: 0.2932
Run: 08, Epoch: 07, Loss: 0.0017, lr: 0.001000, Train: 0.6041, Valid: 0.8713, Test: 0.3896
Run: 08, Epoch: 08, Loss: 0.0016, lr: 0.001000, Train: 0.6727, Valid: 0.8803, Test: 0.4631
Run: 08, Epoch: 09, Loss: 0.0012, lr: 0.000700, Train: 0.7235, Valid: 0.8877, Test: 0.5158
Run: 08, Epoch: 10, Loss: 0.0011, lr: 0.000700, Train: 0.7574, Valid: 0.8950, Test: 0.5564
Run: 08, Epoch: 11, Loss: 0.0011, lr: 0.000700, Train: 0.7711, Valid: 0.9012, Test: 0.5916
Run: 08, Epoch: 12, Loss: 0.0011, lr: 0.000700, Train: 0.7648, Valid: 0.9035, Test: 0.6170
Run: 08, Epoch: 13, Loss: 0.0010, lr: 0.000700, Train: 0.7461, Valid: 0.8998, Test: 0.6246
Run: 08, Epoch: 14, Loss: 0.0009, lr: 0.000700, Train: 0.7322, Valid: 0.8956, Test: 0.6252
Run: 08, Epoch: 15, Loss: 0.0007, lr: 0.000700, Train: 0.7337, Valid: 0.8951, Test: 0.6333
Run: 08, Epoch: 16, Loss: 0.0006, lr: 0.000700, Train: 0.7482, Valid: 0.8996, Test: 0.6478
Run: 08, Epoch: 17, Loss: 0.0006, lr: 0.000700, Train: 0.7722, Valid: 0.9089, Test: 0.6704
Run: 08, Epoch: 18, Loss: 0.0005, lr: 0.000700, Train: 0.8024, Valid: 0.9215, Test: 0.7035
Run: 08, Epoch: 19, Loss: 0.0004, lr: 0.000700, Train: 0.8359, Valid: 0.9346, Test: 0.7470
Run: 08, Epoch: 20, Loss: 0.0004, lr: 0.000700, Train: 0.8695, Valid: 0.9468, Test: 0.7925
Run: 08, Epoch: 21, Loss: 0.0004, lr: 0.000700, Train: 0.8980, Valid: 0.9557, Test: 0.8308
Run: 08, Epoch: 22, Loss: 0.0004, lr: 0.000700, Train: 0.9166, Valid: 0.9602, Test: 0.8572
Run: 08, Epoch: 23, Loss: 0.0003, lr: 0.000700, Train: 0.9236, Valid: 0.9598, Test: 0.8705
Run: 08, Epoch: 24, Loss: 0.0003, lr: 0.000700, Train: 0.9209, Valid: 0.9563, Test: 0.8732
Run: 08, Epoch: 25, Loss: 0.0003, lr: 0.000700, Train: 0.9157, Valid: 0.9536, Test: 0.8703
Run: 08, Epoch: 26, Loss: 0.0003, lr: 0.000700, Train: 0.9200, Valid: 0.9564, Test: 0.8714
Run: 08, Epoch: 27, Loss: 0.0002, lr: 0.000700, Train: 0.9315, Valid: 0.9614, Test: 0.8762
Run: 08, Epoch: 28, Loss: 0.0002, lr: 0.000700, Train: 0.9442, Valid: 0.9650, Test: 0.8822
Run: 08, Epoch: 29, Loss: 0.0002, lr: 0.000700, Train: 0.9555, Valid: 0.9675, Test: 0.8900
Run: 08, Epoch: 30, Loss: 0.0002, lr: 0.000700, Train: 0.9638, Valid: 0.9697, Test: 0.8988
Run: 08, Epoch: 31, Loss: 0.0002, lr: 0.000700, Train: 0.9686, Valid: 0.9720, Test: 0.9065
Run: 08, Epoch: 32, Loss: 0.0002, lr: 0.000700, Train: 0.9709, Valid: 0.9739, Test: 0.9116
Run: 08, Epoch: 33, Loss: 0.0002, lr: 0.000700, Train: 0.9725, Valid: 0.9749, Test: 0.9146
Run: 08, Epoch: 34, Loss: 0.0002, lr: 0.000700, Train: 0.9754, Valid: 0.9746, Test: 0.9170
Run: 08, Epoch: 35, Loss: 0.0001, lr: 0.000700, Train: 0.9796, Valid: 0.9734, Test: 0.9199
Run: 08, Epoch: 36, Loss: 0.0001, lr: 0.000700, Train: 0.9837, Valid: 0.9728, Test: 0.9242
Run: 08, Epoch: 37, Loss: 0.0001, lr: 0.000700, Train: 0.9866, Valid: 0.9736, Test: 0.9302
Run: 08, Epoch: 38, Loss: 0.0001, lr: 0.000700, Train: 0.9888, Valid: 0.9754, Test: 0.9371
Run: 08, Epoch: 39, Loss: 0.0001, lr: 0.000700, Train: 0.9912, Valid: 0.9768, Test: 0.9433
Run: 08, Epoch: 40, Loss: 0.0001, lr: 0.000700, Train: 0.9940, Valid: 0.9773, Test: 0.9479
Run: 08, Epoch: 41, Loss: 0.0001, lr: 0.000700, Train: 0.9959, Valid: 0.9769, Test: 0.9500
Run: 08, Epoch: 42, Loss: 0.0001, lr: 0.000700, Train: 0.9964, Valid: 0.9762, Test: 0.9498
Run: 08, Epoch: 43, Loss: 0.0001, lr: 0.000700, Train: 0.9965, Valid: 0.9756, Test: 0.9491
Run: 08, Epoch: 44, Loss: 0.0001, lr: 0.000700, Train: 0.9970, Valid: 0.9752, Test: 0.9489
Run: 08, Epoch: 45, Loss: 0.0001, lr: 0.000700, Train: 0.9974, Valid: 0.9748, Test: 0.9489
Run: 08, Epoch: 46, Loss: 0.0001, lr: 0.000700, Train: 0.9975, Valid: 0.9744, Test: 0.9484
Run: 08, Epoch: 47, Loss: 0.0001, lr: 0.000490, Train: 0.9975, Valid: 0.9743, Test: 0.9479
Run: 08, Epoch: 48, Loss: 0.0001, lr: 0.000490, Train: 0.9974, Valid: 0.9743, Test: 0.9473
Run: 08, Epoch: 49, Loss: 0.0001, lr: 0.000490, Train: 0.9973, Valid: 0.9743, Test: 0.9470
Run: 08, Epoch: 50, Loss: 0.0001, lr: 0.000490, Train: 0.9975, Valid: 0.9744, Test: 0.9470
Run: 08, Epoch: 51, Loss: 0.0000, lr: 0.000490, Train: 0.9978, Valid: 0.9744, Test: 0.9472
Run: 08, Epoch: 52, Loss: 0.0000, lr: 0.000490, Train: 0.9982, Valid: 0.9745, Test: 0.9472
Run: 08, Epoch: 53, Loss: 0.0000, lr: 0.000343, Train: 0.9983, Valid: 0.9745, Test: 0.9473
Run: 08, Epoch: 54, Loss: 0.0000, lr: 0.000343, Train: 0.9985, Valid: 0.9744, Test: 0.9474
Run: 08, Epoch: 55, Loss: 0.0000, lr: 0.000343, Train: 0.9986, Valid: 0.9740, Test: 0.9475
Run: 08, Epoch: 56, Loss: 0.0000, lr: 0.000343, Train: 0.9986, Valid: 0.9736, Test: 0.9478
Run: 08, Epoch: 57, Loss: 0.0000, lr: 0.000343, Train: 0.9987, Valid: 0.9732, Test: 0.9482
Run: 08, Epoch: 58, Loss: 0.0000, lr: 0.000343, Train: 0.9988, Valid: 0.9730, Test: 0.9486
Run: 08, Epoch: 59, Loss: 0.0000, lr: 0.000240, Train: 0.9988, Valid: 0.9731, Test: 0.9489
Run: 08, Epoch: 60, Loss: 0.0000, lr: 0.000240, Train: 0.9989, Valid: 0.9733, Test: 0.9491
Run: 08, Epoch: 61, Loss: 0.0000, lr: 0.000240, Train: 0.9990, Valid: 0.9735, Test: 0.9493
Run: 08, Epoch: 62, Loss: 0.0000, lr: 0.000240, Train: 0.9990, Valid: 0.9737, Test: 0.9494
Run: 08, Epoch: 63, Loss: 0.0000, lr: 0.000240, Train: 0.9991, Valid: 0.9737, Test: 0.9495
Run: 08, Epoch: 64, Loss: 0.0000, lr: 0.000240, Train: 0.9991, Valid: 0.9736, Test: 0.9496
Run: 08, Epoch: 65, Loss: 0.0000, lr: 0.000168, Train: 0.9991, Valid: 0.9735, Test: 0.9496
Run: 08, Epoch: 66, Loss: 0.0000, lr: 0.000168, Train: 0.9991, Valid: 0.9733, Test: 0.9496
Run: 08, Epoch: 67, Loss: 0.0000, lr: 0.000168, Train: 0.9991, Valid: 0.9731, Test: 0.9495
Run: 08, Epoch: 68, Loss: 0.0000, lr: 0.000168, Train: 0.9991, Valid: 0.9729, Test: 0.9495
Run: 08, Epoch: 69, Loss: 0.0000, lr: 0.000168, Train: 0.9991, Valid: 0.9727, Test: 0.9494
Run: 08, Epoch: 70, Loss: 0.0000, lr: 0.000168, Train: 0.9991, Valid: 0.9725, Test: 0.9493
Run: 08, Epoch: 71, Loss: 0.0000, lr: 0.000118, Train: 0.9992, Valid: 0.9724, Test: 0.9493
Run: 08, Epoch: 72, Loss: 0.0000, lr: 0.000118, Train: 0.9992, Valid: 0.9723, Test: 0.9493
Run: 08, Epoch: 73, Loss: 0.0000, lr: 0.000118, Train: 0.9992, Valid: 0.9722, Test: 0.9493
Run: 08, Epoch: 74, Loss: 0.0000, lr: 0.000118, Train: 0.9993, Valid: 0.9721, Test: 0.9493
Run: 08, Epoch: 75, Loss: 0.0000, lr: 0.000118, Train: 0.9993, Valid: 0.9721, Test: 0.9493
Run: 08, Epoch: 76, Loss: 0.0000, lr: 0.000118, Train: 0.9993, Valid: 0.9721, Test: 0.9493
Run: 08, Epoch: 77, Loss: 0.0000, lr: 0.000082, Train: 0.9994, Valid: 0.9720, Test: 0.9493
Run: 08, Epoch: 78, Loss: 0.0000, lr: 0.000082, Train: 0.9994, Valid: 0.9720, Test: 0.9493
Run: 08, Epoch: 79, Loss: 0.0000, lr: 0.000082, Train: 0.9994, Valid: 0.9720, Test: 0.9493
Run: 08, Epoch: 80, Loss: 0.0000, lr: 0.000082, Train: 0.9994, Valid: 0.9720, Test: 0.9493
Run: 08, Epoch: 81, Loss: 0.0000, lr: 0.000082, Train: 0.9994, Valid: 0.9720, Test: 0.9493
Run: 08, Epoch: 82, Loss: 0.0000, lr: 0.000082, Train: 0.9994, Valid: 0.9719, Test: 0.9492
Run: 08, Epoch: 83, Loss: 0.0000, lr: 0.000058, Train: 0.9994, Valid: 0.9719, Test: 0.9492
Run: 08, Epoch: 84, Loss: 0.0000, lr: 0.000058, Train: 0.9994, Valid: 0.9719, Test: 0.9492
Run: 08, Epoch: 85, Loss: 0.0000, lr: 0.000058, Train: 0.9994, Valid: 0.9718, Test: 0.9492
Run: 08, Epoch: 86, Loss: 0.0000, lr: 0.000058, Train: 0.9994, Valid: 0.9718, Test: 0.9491
Run: 08, Epoch: 87, Loss: 0.0000, lr: 0.000058, Train: 0.9994, Valid: 0.9717, Test: 0.9491
Run: 08, Epoch: 88, Loss: 0.0000, lr: 0.000058, Train: 0.9994, Valid: 0.9717, Test: 0.9491
Run: 08, Epoch: 89, Loss: 0.0000, lr: 0.000040, Train: 0.9994, Valid: 0.9717, Test: 0.9491
Run: 08, Epoch: 90, Loss: 0.0000, lr: 0.000040, Train: 0.9994, Valid: 0.9717, Test: 0.9491
Run: 08, Epoch: 91, Loss: 0.0000, lr: 0.000040, Train: 0.9994, Valid: 0.9717, Test: 0.9491
Run: 08, Epoch: 92, Loss: 0.0000, lr: 0.000040, Train: 0.9994, Valid: 0.9717, Test: 0.9491
Run: 08, Epoch: 93, Loss: 0.0000, lr: 0.000040, Train: 0.9994, Valid: 0.9718, Test: 0.9491
Run: 08, Epoch: 94, Loss: 0.0000, lr: 0.000040, Train: 0.9994, Valid: 0.9718, Test: 0.9490
Run: 08, Epoch: 95, Loss: 0.0000, lr: 0.000028, Train: 0.9994, Valid: 0.9718, Test: 0.9491
Run: 08, Epoch: 96, Loss: 0.0000, lr: 0.000028, Train: 0.9994, Valid: 0.9718, Test: 0.9491
Run: 08, Epoch: 97, Loss: 0.0000, lr: 0.000028, Train: 0.9994, Valid: 0.9718, Test: 0.9491
Run: 08, Epoch: 98, Loss: 0.0000, lr: 0.000028, Train: 0.9994, Valid: 0.9718, Test: 0.9490
Run: 08, Epoch: 99, Loss: 0.0000, lr: 0.000028, Train: 0.9994, Valid: 0.9718, Test: 0.9490
Run: 08, Epoch: 100, Loss: 0.0000, lr: 0.000028, Train: 0.9994, Valid: 0.9718, Test: 0.9490
Run 08:
Highest Train: 1.00
Highest Valid: 0.98
  Final Train: 0.99
   Final Test: 0.95
Run: 09, Epoch: 01, Loss: 0.0682, lr: 0.001000, Train: 0.6600, Valid: 0.8005, Test: 0.5591
Run: 09, Epoch: 02, Loss: 0.0094, lr: 0.001000, Train: 0.7074, Valid: 0.8170, Test: 0.6351
Run: 09, Epoch: 03, Loss: 0.0078, lr: 0.001000, Train: 0.7129, Valid: 0.7974, Test: 0.6385
Run: 09, Epoch: 04, Loss: 0.0031, lr: 0.001000, Train: 0.6768, Valid: 0.7592, Test: 0.5760
Run: 09, Epoch: 05, Loss: 0.0036, lr: 0.001000, Train: 0.4870, Valid: 0.5683, Test: 0.4264
Run: 09, Epoch: 06, Loss: 0.0027, lr: 0.001000, Train: 0.2700, Valid: 0.3595, Test: 0.2273
Run: 09, Epoch: 07, Loss: 0.0021, lr: 0.001000, Train: 0.2257, Valid: 0.3388, Test: 0.1705
Run: 09, Epoch: 08, Loss: 0.0015, lr: 0.001000, Train: 0.3744, Valid: 0.4701, Test: 0.3166
Run: 09, Epoch: 09, Loss: 0.0017, lr: 0.000700, Train: 0.5252, Valid: 0.5896, Test: 0.4865
Run: 09, Epoch: 10, Loss: 0.0013, lr: 0.000700, Train: 0.6403, Valid: 0.6751, Test: 0.6261
Run: 09, Epoch: 11, Loss: 0.0011, lr: 0.000700, Train: 0.7294, Valid: 0.7426, Test: 0.7272
Run: 09, Epoch: 12, Loss: 0.0010, lr: 0.000700, Train: 0.7966, Valid: 0.7977, Test: 0.7967
Run: 09, Epoch: 13, Loss: 0.0009, lr: 0.000700, Train: 0.8416, Valid: 0.8391, Test: 0.8367
Run: 09, Epoch: 14, Loss: 0.0009, lr: 0.000700, Train: 0.8660, Valid: 0.8616, Test: 0.8546
Run: 09, Epoch: 15, Loss: 0.0009, lr: 0.000700, Train: 0.8724, Valid: 0.8677, Test: 0.8581
Run: 09, Epoch: 16, Loss: 0.0008, lr: 0.000700, Train: 0.8646, Valid: 0.8600, Test: 0.8510
Run: 09, Epoch: 17, Loss: 0.0007, lr: 0.000700, Train: 0.8481, Valid: 0.8427, Test: 0.8365
Run: 09, Epoch: 18, Loss: 0.0006, lr: 0.000700, Train: 0.8314, Valid: 0.8243, Test: 0.8202
Run: 09, Epoch: 19, Loss: 0.0006, lr: 0.000700, Train: 0.8183, Valid: 0.8108, Test: 0.8057
Run: 09, Epoch: 20, Loss: 0.0005, lr: 0.000700, Train: 0.8080, Valid: 0.8045, Test: 0.7954
Run: 09, Epoch: 21, Loss: 0.0005, lr: 0.000700, Train: 0.8068, Valid: 0.8073, Test: 0.7968
Run: 09, Epoch: 22, Loss: 0.0005, lr: 0.000490, Train: 0.8291, Valid: 0.8264, Test: 0.8206
Run: 09, Epoch: 23, Loss: 0.0005, lr: 0.000490, Train: 0.8579, Valid: 0.8495, Test: 0.8502
Run: 09, Epoch: 24, Loss: 0.0004, lr: 0.000490, Train: 0.8862, Valid: 0.8715, Test: 0.8777
Run: 09, Epoch: 25, Loss: 0.0004, lr: 0.000490, Train: 0.9103, Valid: 0.8905, Test: 0.8997
Run: 09, Epoch: 26, Loss: 0.0004, lr: 0.000490, Train: 0.9291, Valid: 0.9060, Test: 0.9157
Run: 09, Epoch: 27, Loss: 0.0004, lr: 0.000490, Train: 0.9430, Valid: 0.9185, Test: 0.9268
Run: 09, Epoch: 28, Loss: 0.0003, lr: 0.000490, Train: 0.9528, Valid: 0.9275, Test: 0.9346
Run: 09, Epoch: 29, Loss: 0.0003, lr: 0.000490, Train: 0.9606, Valid: 0.9349, Test: 0.9408
Run: 09, Epoch: 30, Loss: 0.0003, lr: 0.000490, Train: 0.9684, Valid: 0.9422, Test: 0.9472
Run: 09, Epoch: 31, Loss: 0.0003, lr: 0.000490, Train: 0.9761, Valid: 0.9495, Test: 0.9536
Run: 09, Epoch: 32, Loss: 0.0003, lr: 0.000490, Train: 0.9826, Valid: 0.9555, Test: 0.9590
Run: 09, Epoch: 33, Loss: 0.0002, lr: 0.000490, Train: 0.9873, Valid: 0.9596, Test: 0.9624
Run: 09, Epoch: 34, Loss: 0.0002, lr: 0.000490, Train: 0.9904, Valid: 0.9619, Test: 0.9638
Run: 09, Epoch: 35, Loss: 0.0002, lr: 0.000490, Train: 0.9922, Valid: 0.9627, Test: 0.9639
Run: 09, Epoch: 36, Loss: 0.0002, lr: 0.000490, Train: 0.9932, Valid: 0.9628, Test: 0.9634
Run: 09, Epoch: 37, Loss: 0.0002, lr: 0.000490, Train: 0.9938, Valid: 0.9630, Test: 0.9625
Run: 09, Epoch: 38, Loss: 0.0002, lr: 0.000490, Train: 0.9945, Valid: 0.9636, Test: 0.9615
Run: 09, Epoch: 39, Loss: 0.0002, lr: 0.000490, Train: 0.9951, Valid: 0.9641, Test: 0.9603
Run: 09, Epoch: 40, Loss: 0.0002, lr: 0.000490, Train: 0.9955, Valid: 0.9641, Test: 0.9591
Run: 09, Epoch: 41, Loss: 0.0002, lr: 0.000490, Train: 0.9957, Valid: 0.9634, Test: 0.9578
Run: 09, Epoch: 42, Loss: 0.0002, lr: 0.000490, Train: 0.9957, Valid: 0.9625, Test: 0.9570
Run: 09, Epoch: 43, Loss: 0.0001, lr: 0.000490, Train: 0.9959, Valid: 0.9619, Test: 0.9569
Run: 09, Epoch: 44, Loss: 0.0001, lr: 0.000490, Train: 0.9962, Valid: 0.9621, Test: 0.9571
Run: 09, Epoch: 45, Loss: 0.0001, lr: 0.000490, Train: 0.9966, Valid: 0.9629, Test: 0.9572
Run: 09, Epoch: 46, Loss: 0.0001, lr: 0.000343, Train: 0.9969, Valid: 0.9635, Test: 0.9570
Run: 09, Epoch: 47, Loss: 0.0001, lr: 0.000343, Train: 0.9971, Valid: 0.9637, Test: 0.9564
Run: 09, Epoch: 48, Loss: 0.0001, lr: 0.000343, Train: 0.9973, Valid: 0.9636, Test: 0.9556
Run: 09, Epoch: 49, Loss: 0.0001, lr: 0.000343, Train: 0.9974, Valid: 0.9630, Test: 0.9546
Run: 09, Epoch: 50, Loss: 0.0001, lr: 0.000343, Train: 0.9974, Valid: 0.9625, Test: 0.9539
Run: 09, Epoch: 51, Loss: 0.0001, lr: 0.000343, Train: 0.9975, Valid: 0.9624, Test: 0.9537
Run: 09, Epoch: 52, Loss: 0.0001, lr: 0.000240, Train: 0.9976, Valid: 0.9627, Test: 0.9538
Run: 09, Epoch: 53, Loss: 0.0001, lr: 0.000240, Train: 0.9976, Valid: 0.9631, Test: 0.9540
Run: 09, Epoch: 54, Loss: 0.0001, lr: 0.000240, Train: 0.9975, Valid: 0.9633, Test: 0.9539
Run: 09, Epoch: 55, Loss: 0.0001, lr: 0.000240, Train: 0.9973, Valid: 0.9634, Test: 0.9537
Run: 09, Epoch: 56, Loss: 0.0001, lr: 0.000240, Train: 0.9973, Valid: 0.9634, Test: 0.9534
Run: 09, Epoch: 57, Loss: 0.0001, lr: 0.000240, Train: 0.9974, Valid: 0.9631, Test: 0.9531
Run: 09, Epoch: 58, Loss: 0.0001, lr: 0.000168, Train: 0.9976, Valid: 0.9630, Test: 0.9530
Run: 09, Epoch: 59, Loss: 0.0001, lr: 0.000168, Train: 0.9978, Valid: 0.9628, Test: 0.9529
Run: 09, Epoch: 60, Loss: 0.0001, lr: 0.000168, Train: 0.9979, Valid: 0.9626, Test: 0.9529
Run: 09, Epoch: 61, Loss: 0.0001, lr: 0.000168, Train: 0.9981, Valid: 0.9626, Test: 0.9529
Run: 09, Epoch: 62, Loss: 0.0001, lr: 0.000168, Train: 0.9982, Valid: 0.9626, Test: 0.9529
Run: 09, Epoch: 63, Loss: 0.0001, lr: 0.000168, Train: 0.9982, Valid: 0.9627, Test: 0.9530
Run: 09, Epoch: 64, Loss: 0.0001, lr: 0.000118, Train: 0.9983, Valid: 0.9628, Test: 0.9531
Run: 09, Epoch: 65, Loss: 0.0001, lr: 0.000118, Train: 0.9983, Valid: 0.9630, Test: 0.9531
Run: 09, Epoch: 66, Loss: 0.0001, lr: 0.000118, Train: 0.9983, Valid: 0.9631, Test: 0.9531
Run: 09, Epoch: 67, Loss: 0.0001, lr: 0.000118, Train: 0.9983, Valid: 0.9631, Test: 0.9531
Run: 09, Epoch: 68, Loss: 0.0001, lr: 0.000118, Train: 0.9984, Valid: 0.9631, Test: 0.9530
Run: 09, Epoch: 69, Loss: 0.0001, lr: 0.000118, Train: 0.9984, Valid: 0.9631, Test: 0.9529
Run: 09, Epoch: 70, Loss: 0.0001, lr: 0.000082, Train: 0.9984, Valid: 0.9630, Test: 0.9528
Run: 09, Epoch: 71, Loss: 0.0001, lr: 0.000082, Train: 0.9984, Valid: 0.9629, Test: 0.9527
Run: 09, Epoch: 72, Loss: 0.0001, lr: 0.000082, Train: 0.9985, Valid: 0.9628, Test: 0.9526
Run: 09, Epoch: 73, Loss: 0.0001, lr: 0.000082, Train: 0.9985, Valid: 0.9627, Test: 0.9526
Run: 09, Epoch: 74, Loss: 0.0001, lr: 0.000082, Train: 0.9985, Valid: 0.9627, Test: 0.9525
Run: 09, Epoch: 75, Loss: 0.0001, lr: 0.000082, Train: 0.9985, Valid: 0.9626, Test: 0.9525
Run: 09, Epoch: 76, Loss: 0.0001, lr: 0.000058, Train: 0.9986, Valid: 0.9626, Test: 0.9524
Run: 09, Epoch: 77, Loss: 0.0001, lr: 0.000058, Train: 0.9986, Valid: 0.9626, Test: 0.9524
Run: 09, Epoch: 78, Loss: 0.0001, lr: 0.000058, Train: 0.9986, Valid: 0.9626, Test: 0.9524
Run: 09, Epoch: 79, Loss: 0.0001, lr: 0.000058, Train: 0.9986, Valid: 0.9626, Test: 0.9524
Run: 09, Epoch: 80, Loss: 0.0001, lr: 0.000058, Train: 0.9986, Valid: 0.9626, Test: 0.9524
Run: 09, Epoch: 81, Loss: 0.0001, lr: 0.000058, Train: 0.9986, Valid: 0.9626, Test: 0.9523
Run: 09, Epoch: 82, Loss: 0.0001, lr: 0.000040, Train: 0.9987, Valid: 0.9626, Test: 0.9523
Run: 09, Epoch: 83, Loss: 0.0001, lr: 0.000040, Train: 0.9987, Valid: 0.9625, Test: 0.9523
Run: 09, Epoch: 84, Loss: 0.0001, lr: 0.000040, Train: 0.9987, Valid: 0.9625, Test: 0.9523
Run: 09, Epoch: 85, Loss: 0.0001, lr: 0.000040, Train: 0.9987, Valid: 0.9625, Test: 0.9522
Run: 09, Epoch: 86, Loss: 0.0001, lr: 0.000040, Train: 0.9987, Valid: 0.9625, Test: 0.9522
Run: 09, Epoch: 87, Loss: 0.0001, lr: 0.000040, Train: 0.9987, Valid: 0.9624, Test: 0.9522
Run: 09, Epoch: 88, Loss: 0.0001, lr: 0.000028, Train: 0.9987, Valid: 0.9624, Test: 0.9521
Run: 09, Epoch: 89, Loss: 0.0001, lr: 0.000028, Train: 0.9987, Valid: 0.9624, Test: 0.9521
Run: 09, Epoch: 90, Loss: 0.0001, lr: 0.000028, Train: 0.9987, Valid: 0.9624, Test: 0.9521
Run: 09, Epoch: 91, Loss: 0.0001, lr: 0.000028, Train: 0.9987, Valid: 0.9624, Test: 0.9521
Run: 09, Epoch: 92, Loss: 0.0001, lr: 0.000028, Train: 0.9987, Valid: 0.9624, Test: 0.9521
Run: 09, Epoch: 93, Loss: 0.0001, lr: 0.000028, Train: 0.9987, Valid: 0.9623, Test: 0.9520
Run: 09, Epoch: 94, Loss: 0.0001, lr: 0.000020, Train: 0.9987, Valid: 0.9623, Test: 0.9520
Run: 09, Epoch: 95, Loss: 0.0001, lr: 0.000020, Train: 0.9987, Valid: 0.9623, Test: 0.9520
Run: 09, Epoch: 96, Loss: 0.0001, lr: 0.000020, Train: 0.9987, Valid: 0.9623, Test: 0.9520
Run: 09, Epoch: 97, Loss: 0.0001, lr: 0.000020, Train: 0.9988, Valid: 0.9623, Test: 0.9520
Run: 09, Epoch: 98, Loss: 0.0001, lr: 0.000020, Train: 0.9988, Valid: 0.9623, Test: 0.9520
Run: 09, Epoch: 99, Loss: 0.0001, lr: 0.000020, Train: 0.9988, Valid: 0.9623, Test: 0.9520
Run: 09, Epoch: 100, Loss: 0.0001, lr: 0.000014, Train: 0.9988, Valid: 0.9623, Test: 0.9520
Run 09:
Highest Train: 1.00
Highest Valid: 0.96
  Final Train: 1.00
   Final Test: 0.96
Run: 10, Epoch: 01, Loss: 0.0581, lr: 0.001000, Train: 0.7447, Valid: 0.4759, Test: 0.6084
Run: 10, Epoch: 02, Loss: 0.0143, lr: 0.001000, Train: 0.8274, Valid: 0.6800, Test: 0.7130
Run: 10, Epoch: 03, Loss: 0.0088, lr: 0.001000, Train: 0.7130, Valid: 0.6627, Test: 0.7225
Run: 10, Epoch: 04, Loss: 0.0078, lr: 0.001000, Train: 0.7308, Valid: 0.6711, Test: 0.7310
Run: 10, Epoch: 05, Loss: 0.0047, lr: 0.001000, Train: 0.7870, Valid: 0.6891, Test: 0.7608
Run: 10, Epoch: 06, Loss: 0.0041, lr: 0.001000, Train: 0.7180, Valid: 0.5311, Test: 0.7696
Run: 10, Epoch: 07, Loss: 0.0025, lr: 0.001000, Train: 0.7119, Valid: 0.4848, Test: 0.7883
Run: 10, Epoch: 08, Loss: 0.0019, lr: 0.001000, Train: 0.8138, Valid: 0.7599, Test: 0.8423
Run: 10, Epoch: 09, Loss: 0.0014, lr: 0.001000, Train: 0.8056, Valid: 0.7393, Test: 0.8317
Run: 10, Epoch: 10, Loss: 0.0014, lr: 0.001000, Train: 0.7125, Valid: 0.6344, Test: 0.7937
Run: 10, Epoch: 11, Loss: 0.0016, lr: 0.001000, Train: 0.7721, Valid: 0.7008, Test: 0.8009
Run: 10, Epoch: 12, Loss: 0.0012, lr: 0.001000, Train: 0.8586, Valid: 0.7861, Test: 0.8482
Run: 10, Epoch: 13, Loss: 0.0012, lr: 0.001000, Train: 0.8437, Valid: 0.7762, Test: 0.8655
Run: 10, Epoch: 14, Loss: 0.0009, lr: 0.001000, Train: 0.7985, Valid: 0.7173, Test: 0.8576
Run: 10, Epoch: 15, Loss: 0.0010, lr: 0.001000, Train: 0.8181, Valid: 0.7122, Test: 0.8453
Run: 10, Epoch: 16, Loss: 0.0008, lr: 0.001000, Train: 0.8432, Valid: 0.7195, Test: 0.8306
Run: 10, Epoch: 17, Loss: 0.0007, lr: 0.001000, Train: 0.8375, Valid: 0.7021, Test: 0.8293
Run: 10, Epoch: 18, Loss: 0.0006, lr: 0.001000, Train: 0.8505, Valid: 0.7511, Test: 0.8689
Run: 10, Epoch: 19, Loss: 0.0006, lr: 0.000700, Train: 0.8822, Valid: 0.8069, Test: 0.8976
Run: 10, Epoch: 20, Loss: 0.0006, lr: 0.000700, Train: 0.9186, Valid: 0.8495, Test: 0.9164
Run: 10, Epoch: 21, Loss: 0.0005, lr: 0.000700, Train: 0.9445, Valid: 0.8727, Test: 0.9276
Run: 10, Epoch: 22, Loss: 0.0005, lr: 0.000700, Train: 0.9593, Valid: 0.8815, Test: 0.9364
Run: 10, Epoch: 23, Loss: 0.0004, lr: 0.000700, Train: 0.9679, Valid: 0.8879, Test: 0.9466
Run: 10, Epoch: 24, Loss: 0.0004, lr: 0.000700, Train: 0.9731, Valid: 0.8951, Test: 0.9552
Run: 10, Epoch: 25, Loss: 0.0004, lr: 0.000700, Train: 0.9802, Valid: 0.9024, Test: 0.9589
Run: 10, Epoch: 26, Loss: 0.0003, lr: 0.000700, Train: 0.9863, Valid: 0.9063, Test: 0.9599
Run: 10, Epoch: 27, Loss: 0.0003, lr: 0.000700, Train: 0.9884, Valid: 0.9082, Test: 0.9600
Run: 10, Epoch: 28, Loss: 0.0003, lr: 0.000700, Train: 0.9883, Valid: 0.9093, Test: 0.9593
Run: 10, Epoch: 29, Loss: 0.0003, lr: 0.000700, Train: 0.9859, Valid: 0.9090, Test: 0.9587
Run: 10, Epoch: 30, Loss: 0.0003, lr: 0.000700, Train: 0.9856, Valid: 0.9099, Test: 0.9591
Run: 10, Epoch: 31, Loss: 0.0003, lr: 0.000700, Train: 0.9888, Valid: 0.9133, Test: 0.9598
Run: 10, Epoch: 32, Loss: 0.0002, lr: 0.000700, Train: 0.9901, Valid: 0.9148, Test: 0.9598
Run: 10, Epoch: 33, Loss: 0.0002, lr: 0.000700, Train: 0.9902, Valid: 0.9138, Test: 0.9597
Run: 10, Epoch: 34, Loss: 0.0002, lr: 0.000700, Train: 0.9904, Valid: 0.9121, Test: 0.9600
Run: 10, Epoch: 35, Loss: 0.0002, lr: 0.000700, Train: 0.9908, Valid: 0.9105, Test: 0.9604
Run: 10, Epoch: 36, Loss: 0.0002, lr: 0.000700, Train: 0.9929, Valid: 0.9108, Test: 0.9605
Run: 10, Epoch: 37, Loss: 0.0002, lr: 0.000700, Train: 0.9941, Valid: 0.9139, Test: 0.9609
Run: 10, Epoch: 38, Loss: 0.0002, lr: 0.000700, Train: 0.9937, Valid: 0.9167, Test: 0.9612
Run: 10, Epoch: 39, Loss: 0.0001, lr: 0.000700, Train: 0.9929, Valid: 0.9173, Test: 0.9614
Run: 10, Epoch: 40, Loss: 0.0001, lr: 0.000700, Train: 0.9927, Valid: 0.9178, Test: 0.9619
Run: 10, Epoch: 41, Loss: 0.0001, lr: 0.000700, Train: 0.9941, Valid: 0.9187, Test: 0.9623
Run: 10, Epoch: 42, Loss: 0.0001, lr: 0.000700, Train: 0.9952, Valid: 0.9196, Test: 0.9622
Run: 10, Epoch: 43, Loss: 0.0001, lr: 0.000700, Train: 0.9956, Valid: 0.9212, Test: 0.9627
Run: 10, Epoch: 44, Loss: 0.0001, lr: 0.000700, Train: 0.9956, Valid: 0.9214, Test: 0.9629
Run: 10, Epoch: 45, Loss: 0.0001, lr: 0.000700, Train: 0.9956, Valid: 0.9213, Test: 0.9625
Run: 10, Epoch: 46, Loss: 0.0001, lr: 0.000700, Train: 0.9965, Valid: 0.9222, Test: 0.9622
Run: 10, Epoch: 47, Loss: 0.0001, lr: 0.000700, Train: 0.9970, Valid: 0.9227, Test: 0.9617
Run: 10, Epoch: 48, Loss: 0.0001, lr: 0.000700, Train: 0.9971, Valid: 0.9234, Test: 0.9615
Run: 10, Epoch: 49, Loss: 0.0001, lr: 0.000700, Train: 0.9970, Valid: 0.9247, Test: 0.9619
Run: 10, Epoch: 50, Loss: 0.0001, lr: 0.000700, Train: 0.9972, Valid: 0.9258, Test: 0.9620
Run: 10, Epoch: 51, Loss: 0.0001, lr: 0.000700, Train: 0.9977, Valid: 0.9264, Test: 0.9618
Run: 10, Epoch: 52, Loss: 0.0001, lr: 0.000700, Train: 0.9980, Valid: 0.9249, Test: 0.9612
Run: 10, Epoch: 53, Loss: 0.0001, lr: 0.000700, Train: 0.9980, Valid: 0.9230, Test: 0.9610
Run: 10, Epoch: 54, Loss: 0.0001, lr: 0.000700, Train: 0.9980, Valid: 0.9228, Test: 0.9613
Run: 10, Epoch: 55, Loss: 0.0001, lr: 0.000700, Train: 0.9982, Valid: 0.9245, Test: 0.9617
Run: 10, Epoch: 56, Loss: 0.0001, lr: 0.000700, Train: 0.9985, Valid: 0.9261, Test: 0.9615
Run: 10, Epoch: 57, Loss: 0.0001, lr: 0.000700, Train: 0.9986, Valid: 0.9260, Test: 0.9611
Run: 10, Epoch: 58, Loss: 0.0001, lr: 0.000490, Train: 0.9986, Valid: 0.9257, Test: 0.9609
Run: 10, Epoch: 59, Loss: 0.0001, lr: 0.000490, Train: 0.9986, Valid: 0.9264, Test: 0.9611
Run: 10, Epoch: 60, Loss: 0.0000, lr: 0.000490, Train: 0.9987, Valid: 0.9279, Test: 0.9615
Run: 10, Epoch: 61, Loss: 0.0000, lr: 0.000490, Train: 0.9987, Valid: 0.9293, Test: 0.9617
Run: 10, Epoch: 62, Loss: 0.0000, lr: 0.000490, Train: 0.9987, Valid: 0.9295, Test: 0.9616
Run: 10, Epoch: 63, Loss: 0.0000, lr: 0.000490, Train: 0.9988, Valid: 0.9285, Test: 0.9613
Run: 10, Epoch: 64, Loss: 0.0000, lr: 0.000490, Train: 0.9989, Valid: 0.9275, Test: 0.9611
Run: 10, Epoch: 65, Loss: 0.0000, lr: 0.000490, Train: 0.9990, Valid: 0.9275, Test: 0.9611
Run: 10, Epoch: 66, Loss: 0.0000, lr: 0.000490, Train: 0.9990, Valid: 0.9282, Test: 0.9612
Run: 10, Epoch: 67, Loss: 0.0000, lr: 0.000490, Train: 0.9990, Valid: 0.9286, Test: 0.9612
Run: 10, Epoch: 68, Loss: 0.0000, lr: 0.000490, Train: 0.9990, Valid: 0.9281, Test: 0.9611
Run: 10, Epoch: 69, Loss: 0.0000, lr: 0.000343, Train: 0.9991, Valid: 0.9275, Test: 0.9611
Run: 10, Epoch: 70, Loss: 0.0000, lr: 0.000343, Train: 0.9991, Valid: 0.9273, Test: 0.9611
Run: 10, Epoch: 71, Loss: 0.0000, lr: 0.000343, Train: 0.9991, Valid: 0.9276, Test: 0.9612
Run: 10, Epoch: 72, Loss: 0.0000, lr: 0.000343, Train: 0.9992, Valid: 0.9283, Test: 0.9613
Run: 10, Epoch: 73, Loss: 0.0000, lr: 0.000343, Train: 0.9992, Valid: 0.9289, Test: 0.9613
Run: 10, Epoch: 74, Loss: 0.0000, lr: 0.000343, Train: 0.9992, Valid: 0.9288, Test: 0.9612
Run: 10, Epoch: 75, Loss: 0.0000, lr: 0.000240, Train: 0.9992, Valid: 0.9285, Test: 0.9610
Run: 10, Epoch: 76, Loss: 0.0000, lr: 0.000240, Train: 0.9992, Valid: 0.9281, Test: 0.9609
Run: 10, Epoch: 77, Loss: 0.0000, lr: 0.000240, Train: 0.9993, Valid: 0.9280, Test: 0.9608
Run: 10, Epoch: 78, Loss: 0.0000, lr: 0.000240, Train: 0.9993, Valid: 0.9282, Test: 0.9608
Run: 10, Epoch: 79, Loss: 0.0000, lr: 0.000240, Train: 0.9993, Valid: 0.9286, Test: 0.9609
Run: 10, Epoch: 80, Loss: 0.0000, lr: 0.000240, Train: 0.9993, Valid: 0.9291, Test: 0.9610
Run: 10, Epoch: 81, Loss: 0.0000, lr: 0.000168, Train: 0.9993, Valid: 0.9292, Test: 0.9610
Run: 10, Epoch: 82, Loss: 0.0000, lr: 0.000168, Train: 0.9993, Valid: 0.9292, Test: 0.9610
Run: 10, Epoch: 83, Loss: 0.0000, lr: 0.000168, Train: 0.9993, Valid: 0.9290, Test: 0.9609
Run: 10, Epoch: 84, Loss: 0.0000, lr: 0.000168, Train: 0.9993, Valid: 0.9287, Test: 0.9609
Run: 10, Epoch: 85, Loss: 0.0000, lr: 0.000168, Train: 0.9994, Valid: 0.9286, Test: 0.9608
Run: 10, Epoch: 86, Loss: 0.0000, lr: 0.000168, Train: 0.9994, Valid: 0.9285, Test: 0.9608
Run: 10, Epoch: 87, Loss: 0.0000, lr: 0.000118, Train: 0.9994, Valid: 0.9286, Test: 0.9608
Run: 10, Epoch: 88, Loss: 0.0000, lr: 0.000118, Train: 0.9994, Valid: 0.9288, Test: 0.9608
Run: 10, Epoch: 89, Loss: 0.0000, lr: 0.000118, Train: 0.9994, Valid: 0.9289, Test: 0.9608
Run: 10, Epoch: 90, Loss: 0.0000, lr: 0.000118, Train: 0.9994, Valid: 0.9290, Test: 0.9608
Run: 10, Epoch: 91, Loss: 0.0000, lr: 0.000118, Train: 0.9994, Valid: 0.9290, Test: 0.9608
Run: 10, Epoch: 92, Loss: 0.0000, lr: 0.000118, Train: 0.9994, Valid: 0.9290, Test: 0.9608
Run: 10, Epoch: 93, Loss: 0.0000, lr: 0.000082, Train: 0.9994, Valid: 0.9289, Test: 0.9608
Run: 10, Epoch: 94, Loss: 0.0000, lr: 0.000082, Train: 0.9994, Valid: 0.9288, Test: 0.9607
Run: 10, Epoch: 95, Loss: 0.0000, lr: 0.000082, Train: 0.9994, Valid: 0.9287, Test: 0.9607
Run: 10, Epoch: 96, Loss: 0.0000, lr: 0.000082, Train: 0.9994, Valid: 0.9286, Test: 0.9607
Run: 10, Epoch: 97, Loss: 0.0000, lr: 0.000082, Train: 0.9994, Valid: 0.9286, Test: 0.9607
Run: 10, Epoch: 98, Loss: 0.0000, lr: 0.000082, Train: 0.9994, Valid: 0.9286, Test: 0.9607
Run: 10, Epoch: 99, Loss: 0.0000, lr: 0.000058, Train: 0.9994, Valid: 0.9286, Test: 0.9607
Run: 10, Epoch: 100, Loss: 0.0000, lr: 0.000058, Train: 0.9994, Valid: 0.9287, Test: 0.9607
Run 10:
Highest Train: 1.00
Highest Valid: 0.93
  Final Train: 1.00
   Final Test: 0.96
All runs:
Highest Train: 1.00  0.00
Highest Valid: 0.96  0.01
  Final Train: 0.99  0.00
   Final Test: 0.95  0.02
