Namespace(conv_layers=3, device=0, dropout=0.0, epochs=100, hidden_dim=256, log_steps=1, lr=0.001, method='trans', mlp_layers=2, runs=10, subset='computer_science')
Run: 01, Epoch: 01, Loss: 0.0376, lr: 0.001000, Train: 0.8232, Valid: 0.8679, Test: 0.8040
Run: 01, Epoch: 02, Loss: 0.0087, lr: 0.001000, Train: 0.8586, Valid: 0.9041, Test: 0.9029
Run: 01, Epoch: 03, Loss: 0.0087, lr: 0.001000, Train: 0.8313, Valid: 0.8448, Test: 0.8977
Run: 01, Epoch: 04, Loss: 0.0060, lr: 0.001000, Train: 0.8485, Valid: 0.8534, Test: 0.8788
Run: 01, Epoch: 05, Loss: 0.0043, lr: 0.001000, Train: 0.8990, Valid: 0.8556, Test: 0.8797
Run: 01, Epoch: 06, Loss: 0.0034, lr: 0.001000, Train: 0.8757, Valid: 0.8670, Test: 0.8565
Run: 01, Epoch: 07, Loss: 0.0034, lr: 0.001000, Train: 0.8977, Valid: 0.8509, Test: 0.8976
Run: 01, Epoch: 08, Loss: 0.0025, lr: 0.001000, Train: 0.9138, Valid: 0.8519, Test: 0.9004
Run: 01, Epoch: 09, Loss: 0.0018, lr: 0.000700, Train: 0.9289, Valid: 0.8590, Test: 0.8996
Run: 01, Epoch: 10, Loss: 0.0016, lr: 0.000700, Train: 0.9302, Valid: 0.8567, Test: 0.9028
Run: 01, Epoch: 11, Loss: 0.0015, lr: 0.000700, Train: 0.9415, Valid: 0.8692, Test: 0.9033
Run: 01, Epoch: 12, Loss: 0.0012, lr: 0.000700, Train: 0.9433, Valid: 0.8695, Test: 0.8959
Run: 01, Epoch: 13, Loss: 0.0013, lr: 0.000700, Train: 0.9508, Valid: 0.8700, Test: 0.8888
Run: 01, Epoch: 14, Loss: 0.0012, lr: 0.000700, Train: 0.9597, Valid: 0.8714, Test: 0.8836
Run: 01, Epoch: 15, Loss: 0.0010, lr: 0.000490, Train: 0.9604, Valid: 0.8706, Test: 0.8817
Run: 01, Epoch: 16, Loss: 0.0009, lr: 0.000490, Train: 0.9599, Valid: 0.8738, Test: 0.8803
Run: 01, Epoch: 17, Loss: 0.0009, lr: 0.000490, Train: 0.9615, Valid: 0.8826, Test: 0.8793
Run: 01, Epoch: 18, Loss: 0.0008, lr: 0.000490, Train: 0.9620, Valid: 0.8881, Test: 0.8787
Run: 01, Epoch: 19, Loss: 0.0007, lr: 0.000490, Train: 0.9617, Valid: 0.8928, Test: 0.8793
Run: 01, Epoch: 20, Loss: 0.0008, lr: 0.000490, Train: 0.9663, Valid: 0.9071, Test: 0.8815
Run: 01, Epoch: 21, Loss: 0.0007, lr: 0.000490, Train: 0.9706, Valid: 0.9147, Test: 0.8844
Run: 01, Epoch: 22, Loss: 0.0006, lr: 0.000490, Train: 0.9735, Valid: 0.9197, Test: 0.8868
Run: 01, Epoch: 23, Loss: 0.0006, lr: 0.000490, Train: 0.9762, Valid: 0.9234, Test: 0.8882
Run: 01, Epoch: 24, Loss: 0.0006, lr: 0.000490, Train: 0.9789, Valid: 0.9258, Test: 0.8888
Run: 01, Epoch: 25, Loss: 0.0005, lr: 0.000490, Train: 0.9804, Valid: 0.9259, Test: 0.8890
Run: 01, Epoch: 26, Loss: 0.0005, lr: 0.000490, Train: 0.9809, Valid: 0.9246, Test: 0.8890
Run: 01, Epoch: 27, Loss: 0.0005, lr: 0.000490, Train: 0.9814, Valid: 0.9232, Test: 0.8897
Run: 01, Epoch: 28, Loss: 0.0004, lr: 0.000490, Train: 0.9817, Valid: 0.9215, Test: 0.8917
Run: 01, Epoch: 29, Loss: 0.0004, lr: 0.000490, Train: 0.9827, Valid: 0.9202, Test: 0.8947
Run: 01, Epoch: 30, Loss: 0.0004, lr: 0.000490, Train: 0.9849, Valid: 0.9203, Test: 0.8974
Run: 01, Epoch: 31, Loss: 0.0003, lr: 0.000490, Train: 0.9869, Valid: 0.9208, Test: 0.8990
Run: 01, Epoch: 32, Loss: 0.0003, lr: 0.000343, Train: 0.9882, Valid: 0.9212, Test: 0.8999
Run: 01, Epoch: 33, Loss: 0.0003, lr: 0.000343, Train: 0.9895, Valid: 0.9217, Test: 0.9008
Run: 01, Epoch: 34, Loss: 0.0003, lr: 0.000343, Train: 0.9904, Valid: 0.9225, Test: 0.9018
Run: 01, Epoch: 35, Loss: 0.0003, lr: 0.000343, Train: 0.9910, Valid: 0.9234, Test: 0.9022
Run: 01, Epoch: 36, Loss: 0.0003, lr: 0.000343, Train: 0.9914, Valid: 0.9242, Test: 0.9018
Run: 01, Epoch: 37, Loss: 0.0002, lr: 0.000343, Train: 0.9919, Valid: 0.9251, Test: 0.9006
Run: 01, Epoch: 38, Loss: 0.0002, lr: 0.000240, Train: 0.9925, Valid: 0.9260, Test: 0.8997
Run: 01, Epoch: 39, Loss: 0.0002, lr: 0.000240, Train: 0.9929, Valid: 0.9266, Test: 0.8992
Run: 01, Epoch: 40, Loss: 0.0002, lr: 0.000240, Train: 0.9934, Valid: 0.9270, Test: 0.8991
Run: 01, Epoch: 41, Loss: 0.0002, lr: 0.000240, Train: 0.9940, Valid: 0.9273, Test: 0.8999
Run: 01, Epoch: 42, Loss: 0.0002, lr: 0.000240, Train: 0.9945, Valid: 0.9275, Test: 0.9010
Run: 01, Epoch: 43, Loss: 0.0002, lr: 0.000240, Train: 0.9948, Valid: 0.9275, Test: 0.9020
Run: 01, Epoch: 44, Loss: 0.0002, lr: 0.000240, Train: 0.9949, Valid: 0.9275, Test: 0.9024
Run: 01, Epoch: 45, Loss: 0.0002, lr: 0.000240, Train: 0.9951, Valid: 0.9274, Test: 0.9020
Run: 01, Epoch: 46, Loss: 0.0002, lr: 0.000240, Train: 0.9953, Valid: 0.9274, Test: 0.9009
Run: 01, Epoch: 47, Loss: 0.0002, lr: 0.000240, Train: 0.9955, Valid: 0.9274, Test: 0.8997
Run: 01, Epoch: 48, Loss: 0.0002, lr: 0.000240, Train: 0.9957, Valid: 0.9274, Test: 0.8988
Run: 01, Epoch: 49, Loss: 0.0001, lr: 0.000168, Train: 0.9958, Valid: 0.9276, Test: 0.8988
Run: 01, Epoch: 50, Loss: 0.0001, lr: 0.000168, Train: 0.9960, Valid: 0.9278, Test: 0.8991
Run: 01, Epoch: 51, Loss: 0.0001, lr: 0.000168, Train: 0.9962, Valid: 0.9278, Test: 0.8996
Run: 01, Epoch: 52, Loss: 0.0001, lr: 0.000168, Train: 0.9963, Valid: 0.9277, Test: 0.8999
Run: 01, Epoch: 53, Loss: 0.0001, lr: 0.000168, Train: 0.9964, Valid: 0.9273, Test: 0.9000
Run: 01, Epoch: 54, Loss: 0.0001, lr: 0.000168, Train: 0.9965, Valid: 0.9268, Test: 0.8997
Run: 01, Epoch: 55, Loss: 0.0001, lr: 0.000168, Train: 0.9965, Valid: 0.9263, Test: 0.8991
Run: 01, Epoch: 56, Loss: 0.0001, lr: 0.000168, Train: 0.9966, Valid: 0.9259, Test: 0.8984
Run: 01, Epoch: 57, Loss: 0.0001, lr: 0.000118, Train: 0.9967, Valid: 0.9257, Test: 0.8980
Run: 01, Epoch: 58, Loss: 0.0001, lr: 0.000118, Train: 0.9968, Valid: 0.9258, Test: 0.8977
Run: 01, Epoch: 59, Loss: 0.0001, lr: 0.000118, Train: 0.9969, Valid: 0.9259, Test: 0.8974
Run: 01, Epoch: 60, Loss: 0.0001, lr: 0.000118, Train: 0.9970, Valid: 0.9260, Test: 0.8971
Run: 01, Epoch: 61, Loss: 0.0001, lr: 0.000118, Train: 0.9970, Valid: 0.9260, Test: 0.8968
Run: 01, Epoch: 62, Loss: 0.0001, lr: 0.000118, Train: 0.9971, Valid: 0.9260, Test: 0.8965
Run: 01, Epoch: 63, Loss: 0.0001, lr: 0.000082, Train: 0.9971, Valid: 0.9259, Test: 0.8963
Run: 01, Epoch: 64, Loss: 0.0001, lr: 0.000082, Train: 0.9972, Valid: 0.9257, Test: 0.8960
Run: 01, Epoch: 65, Loss: 0.0001, lr: 0.000082, Train: 0.9972, Valid: 0.9254, Test: 0.8957
Run: 01, Epoch: 66, Loss: 0.0001, lr: 0.000082, Train: 0.9973, Valid: 0.9251, Test: 0.8955
Run: 01, Epoch: 67, Loss: 0.0001, lr: 0.000082, Train: 0.9973, Valid: 0.9249, Test: 0.8952
Run: 01, Epoch: 68, Loss: 0.0001, lr: 0.000082, Train: 0.9973, Valid: 0.9246, Test: 0.8950
Run: 01, Epoch: 69, Loss: 0.0001, lr: 0.000058, Train: 0.9974, Valid: 0.9245, Test: 0.8949
Run: 01, Epoch: 70, Loss: 0.0001, lr: 0.000058, Train: 0.9974, Valid: 0.9244, Test: 0.8948
Run: 01, Epoch: 71, Loss: 0.0001, lr: 0.000058, Train: 0.9974, Valid: 0.9244, Test: 0.8947
Run: 01, Epoch: 72, Loss: 0.0001, lr: 0.000058, Train: 0.9975, Valid: 0.9243, Test: 0.8946
Run: 01, Epoch: 73, Loss: 0.0001, lr: 0.000058, Train: 0.9975, Valid: 0.9243, Test: 0.8945
Run: 01, Epoch: 74, Loss: 0.0001, lr: 0.000058, Train: 0.9975, Valid: 0.9242, Test: 0.8943
Run: 01, Epoch: 75, Loss: 0.0001, lr: 0.000040, Train: 0.9976, Valid: 0.9242, Test: 0.8942
Run: 01, Epoch: 76, Loss: 0.0001, lr: 0.000040, Train: 0.9976, Valid: 0.9241, Test: 0.8940
Run: 01, Epoch: 77, Loss: 0.0001, lr: 0.000040, Train: 0.9976, Valid: 0.9241, Test: 0.8938
Run: 01, Epoch: 78, Loss: 0.0001, lr: 0.000040, Train: 0.9976, Valid: 0.9240, Test: 0.8937
Run: 01, Epoch: 79, Loss: 0.0001, lr: 0.000040, Train: 0.9976, Valid: 0.9239, Test: 0.8935
Run: 01, Epoch: 80, Loss: 0.0001, lr: 0.000040, Train: 0.9977, Valid: 0.9238, Test: 0.8934
Run: 01, Epoch: 81, Loss: 0.0001, lr: 0.000028, Train: 0.9977, Valid: 0.9238, Test: 0.8933
Run: 01, Epoch: 82, Loss: 0.0001, lr: 0.000028, Train: 0.9977, Valid: 0.9238, Test: 0.8933
Run: 01, Epoch: 83, Loss: 0.0001, lr: 0.000028, Train: 0.9977, Valid: 0.9238, Test: 0.8933
Run: 01, Epoch: 84, Loss: 0.0001, lr: 0.000028, Train: 0.9977, Valid: 0.9238, Test: 0.8933
Run: 01, Epoch: 85, Loss: 0.0001, lr: 0.000028, Train: 0.9977, Valid: 0.9238, Test: 0.8933
Run: 01, Epoch: 86, Loss: 0.0001, lr: 0.000028, Train: 0.9977, Valid: 0.9238, Test: 0.8932
Run: 01, Epoch: 87, Loss: 0.0001, lr: 0.000020, Train: 0.9977, Valid: 0.9239, Test: 0.8932
Run: 01, Epoch: 88, Loss: 0.0001, lr: 0.000020, Train: 0.9978, Valid: 0.9239, Test: 0.8931
Run: 01, Epoch: 89, Loss: 0.0001, lr: 0.000020, Train: 0.9978, Valid: 0.9239, Test: 0.8931
Run: 01, Epoch: 90, Loss: 0.0001, lr: 0.000020, Train: 0.9978, Valid: 0.9239, Test: 0.8930
Run: 01, Epoch: 91, Loss: 0.0001, lr: 0.000020, Train: 0.9978, Valid: 0.9239, Test: 0.8929
Run: 01, Epoch: 92, Loss: 0.0001, lr: 0.000020, Train: 0.9978, Valid: 0.9239, Test: 0.8928
Run: 01, Epoch: 93, Loss: 0.0001, lr: 0.000014, Train: 0.9978, Valid: 0.9239, Test: 0.8927
Run: 01, Epoch: 94, Loss: 0.0001, lr: 0.000014, Train: 0.9978, Valid: 0.9238, Test: 0.8926
Run: 01, Epoch: 95, Loss: 0.0001, lr: 0.000014, Train: 0.9978, Valid: 0.9238, Test: 0.8926
Run: 01, Epoch: 96, Loss: 0.0001, lr: 0.000014, Train: 0.9978, Valid: 0.9238, Test: 0.8925
Run: 01, Epoch: 97, Loss: 0.0001, lr: 0.000014, Train: 0.9978, Valid: 0.9238, Test: 0.8925
Run: 01, Epoch: 98, Loss: 0.0001, lr: 0.000014, Train: 0.9978, Valid: 0.9238, Test: 0.8924
Run: 01, Epoch: 99, Loss: 0.0001, lr: 0.000010, Train: 0.9978, Valid: 0.9238, Test: 0.8924
Run: 01, Epoch: 100, Loss: 0.0001, lr: 0.000010, Train: 0.9978, Valid: 0.9237, Test: 0.8924
Run 01:
Highest Train: 1.00
Highest Valid: 0.93
  Final Train: 1.00
   Final Test: 0.90
Run: 02, Epoch: 01, Loss: 0.0575, lr: 0.001000, Train: 0.6426, Valid: 0.7193, Test: 0.6408
Run: 02, Epoch: 02, Loss: 0.0050, lr: 0.001000, Train: 0.6731, Valid: 0.7887, Test: 0.6624
Run: 02, Epoch: 03, Loss: 0.0049, lr: 0.001000, Train: 0.6571, Valid: 0.7796, Test: 0.5704
Run: 02, Epoch: 04, Loss: 0.0024, lr: 0.001000, Train: 0.7047, Valid: 0.8300, Test: 0.6181
Run: 02, Epoch: 05, Loss: 0.0020, lr: 0.001000, Train: 0.7061, Valid: 0.8186, Test: 0.6178
Run: 02, Epoch: 06, Loss: 0.0015, lr: 0.001000, Train: 0.7017, Valid: 0.8041, Test: 0.6100
Run: 02, Epoch: 07, Loss: 0.0019, lr: 0.001000, Train: 0.7038, Valid: 0.8045, Test: 0.6060
Run: 02, Epoch: 08, Loss: 0.0014, lr: 0.001000, Train: 0.6871, Valid: 0.7907, Test: 0.5930
Run: 02, Epoch: 09, Loss: 0.0012, lr: 0.001000, Train: 0.6242, Valid: 0.7058, Test: 0.4649
Run: 02, Epoch: 10, Loss: 0.0011, lr: 0.001000, Train: 0.6931, Valid: 0.7771, Test: 0.5763
Run: 02, Epoch: 11, Loss: 0.0011, lr: 0.000700, Train: 0.7442, Valid: 0.8278, Test: 0.6331
Run: 02, Epoch: 12, Loss: 0.0010, lr: 0.000700, Train: 0.7819, Valid: 0.8580, Test: 0.6781
Run: 02, Epoch: 13, Loss: 0.0009, lr: 0.000700, Train: 0.7936, Valid: 0.8549, Test: 0.6844
Run: 02, Epoch: 14, Loss: 0.0009, lr: 0.000700, Train: 0.8115, Valid: 0.8603, Test: 0.6961
Run: 02, Epoch: 15, Loss: 0.0008, lr: 0.000700, Train: 0.8525, Valid: 0.8902, Test: 0.7375
Run: 02, Epoch: 16, Loss: 0.0008, lr: 0.000700, Train: 0.8893, Valid: 0.9106, Test: 0.7668
Run: 02, Epoch: 17, Loss: 0.0008, lr: 0.000700, Train: 0.9093, Valid: 0.9238, Test: 0.7852
Run: 02, Epoch: 18, Loss: 0.0007, lr: 0.000700, Train: 0.9110, Valid: 0.9246, Test: 0.7826
Run: 02, Epoch: 19, Loss: 0.0006, lr: 0.000700, Train: 0.9242, Valid: 0.9342, Test: 0.8075
Run: 02, Epoch: 20, Loss: 0.0006, lr: 0.000700, Train: 0.9400, Valid: 0.9387, Test: 0.8290
Run: 02, Epoch: 21, Loss: 0.0006, lr: 0.000700, Train: 0.9530, Valid: 0.9381, Test: 0.8432
Run: 02, Epoch: 22, Loss: 0.0005, lr: 0.000700, Train: 0.9593, Valid: 0.9377, Test: 0.8448
Run: 02, Epoch: 23, Loss: 0.0005, lr: 0.000700, Train: 0.9599, Valid: 0.9418, Test: 0.8379
Run: 02, Epoch: 24, Loss: 0.0005, lr: 0.000700, Train: 0.9627, Valid: 0.9466, Test: 0.8341
Run: 02, Epoch: 25, Loss: 0.0005, lr: 0.000700, Train: 0.9735, Valid: 0.9483, Test: 0.8446
Run: 02, Epoch: 26, Loss: 0.0004, lr: 0.000700, Train: 0.9810, Valid: 0.9450, Test: 0.8540
Run: 02, Epoch: 27, Loss: 0.0004, lr: 0.000700, Train: 0.9832, Valid: 0.9433, Test: 0.8585
Run: 02, Epoch: 28, Loss: 0.0004, lr: 0.000700, Train: 0.9831, Valid: 0.9456, Test: 0.8593
Run: 02, Epoch: 29, Loss: 0.0003, lr: 0.000700, Train: 0.9833, Valid: 0.9497, Test: 0.8563
Run: 02, Epoch: 30, Loss: 0.0003, lr: 0.000700, Train: 0.9853, Valid: 0.9501, Test: 0.8522
Run: 02, Epoch: 31, Loss: 0.0003, lr: 0.000700, Train: 0.9887, Valid: 0.9425, Test: 0.8515
Run: 02, Epoch: 32, Loss: 0.0003, lr: 0.000700, Train: 0.9908, Valid: 0.9321, Test: 0.8519
Run: 02, Epoch: 33, Loss: 0.0002, lr: 0.000700, Train: 0.9924, Valid: 0.9243, Test: 0.8528
Run: 02, Epoch: 34, Loss: 0.0002, lr: 0.000700, Train: 0.9934, Valid: 0.9193, Test: 0.8528
Run: 02, Epoch: 35, Loss: 0.0002, lr: 0.000700, Train: 0.9936, Valid: 0.9128, Test: 0.8512
Run: 02, Epoch: 36, Loss: 0.0002, lr: 0.000700, Train: 0.9940, Valid: 0.9006, Test: 0.8498
Run: 02, Epoch: 37, Loss: 0.0002, lr: 0.000490, Train: 0.9942, Valid: 0.8945, Test: 0.8488
Run: 02, Epoch: 38, Loss: 0.0002, lr: 0.000490, Train: 0.9945, Valid: 0.8928, Test: 0.8476
Run: 02, Epoch: 39, Loss: 0.0001, lr: 0.000490, Train: 0.9949, Valid: 0.8920, Test: 0.8462
Run: 02, Epoch: 40, Loss: 0.0001, lr: 0.000490, Train: 0.9951, Valid: 0.8908, Test: 0.8449
Run: 02, Epoch: 41, Loss: 0.0001, lr: 0.000490, Train: 0.9951, Valid: 0.8903, Test: 0.8442
Run: 02, Epoch: 42, Loss: 0.0001, lr: 0.000490, Train: 0.9954, Valid: 0.8908, Test: 0.8448
Run: 02, Epoch: 43, Loss: 0.0001, lr: 0.000343, Train: 0.9956, Valid: 0.8918, Test: 0.8454
Run: 02, Epoch: 44, Loss: 0.0001, lr: 0.000343, Train: 0.9957, Valid: 0.8922, Test: 0.8460
Run: 02, Epoch: 45, Loss: 0.0001, lr: 0.000343, Train: 0.9960, Valid: 0.8919, Test: 0.8467
Run: 02, Epoch: 46, Loss: 0.0001, lr: 0.000343, Train: 0.9961, Valid: 0.8902, Test: 0.8473
Run: 02, Epoch: 47, Loss: 0.0001, lr: 0.000343, Train: 0.9958, Valid: 0.8874, Test: 0.8479
Run: 02, Epoch: 48, Loss: 0.0001, lr: 0.000343, Train: 0.9961, Valid: 0.8864, Test: 0.8480
Run: 02, Epoch: 49, Loss: 0.0001, lr: 0.000240, Train: 0.9963, Valid: 0.8864, Test: 0.8483
Run: 02, Epoch: 50, Loss: 0.0001, lr: 0.000240, Train: 0.9963, Valid: 0.8866, Test: 0.8490
Run: 02, Epoch: 51, Loss: 0.0001, lr: 0.000240, Train: 0.9968, Valid: 0.8873, Test: 0.8496
Run: 02, Epoch: 52, Loss: 0.0000, lr: 0.000240, Train: 0.9967, Valid: 0.8862, Test: 0.8505
Run: 02, Epoch: 53, Loss: 0.0000, lr: 0.000240, Train: 0.9964, Valid: 0.8840, Test: 0.8518
Run: 02, Epoch: 54, Loss: 0.0000, lr: 0.000240, Train: 0.9966, Valid: 0.8834, Test: 0.8534
Run: 02, Epoch: 55, Loss: 0.0000, lr: 0.000168, Train: 0.9968, Valid: 0.8837, Test: 0.8548
Run: 02, Epoch: 56, Loss: 0.0000, lr: 0.000168, Train: 0.9968, Valid: 0.8840, Test: 0.8561
Run: 02, Epoch: 57, Loss: 0.0000, lr: 0.000168, Train: 0.9970, Valid: 0.8848, Test: 0.8573
Run: 02, Epoch: 58, Loss: 0.0000, lr: 0.000168, Train: 0.9974, Valid: 0.8860, Test: 0.8585
Run: 02, Epoch: 59, Loss: 0.0000, lr: 0.000168, Train: 0.9977, Valid: 0.8864, Test: 0.8594
Run: 02, Epoch: 60, Loss: 0.0000, lr: 0.000168, Train: 0.9977, Valid: 0.8860, Test: 0.8601
Run: 02, Epoch: 61, Loss: 0.0000, lr: 0.000118, Train: 0.9978, Valid: 0.8862, Test: 0.8608
Run: 02, Epoch: 62, Loss: 0.0000, lr: 0.000118, Train: 0.9979, Valid: 0.8868, Test: 0.8617
Run: 02, Epoch: 63, Loss: 0.0000, lr: 0.000118, Train: 0.9981, Valid: 0.8877, Test: 0.8627
Run: 02, Epoch: 64, Loss: 0.0000, lr: 0.000118, Train: 0.9983, Valid: 0.8887, Test: 0.8637
Run: 02, Epoch: 65, Loss: 0.0000, lr: 0.000118, Train: 0.9984, Valid: 0.8898, Test: 0.8648
Run: 02, Epoch: 66, Loss: 0.0000, lr: 0.000118, Train: 0.9985, Valid: 0.8908, Test: 0.8659
Run: 02, Epoch: 67, Loss: 0.0000, lr: 0.000082, Train: 0.9986, Valid: 0.8921, Test: 0.8668
Run: 02, Epoch: 68, Loss: 0.0000, lr: 0.000082, Train: 0.9988, Valid: 0.8933, Test: 0.8678
Run: 02, Epoch: 69, Loss: 0.0000, lr: 0.000082, Train: 0.9989, Valid: 0.8943, Test: 0.8686
Run: 02, Epoch: 70, Loss: 0.0000, lr: 0.000082, Train: 0.9990, Valid: 0.8952, Test: 0.8695
Run: 02, Epoch: 71, Loss: 0.0000, lr: 0.000082, Train: 0.9990, Valid: 0.8957, Test: 0.8703
Run: 02, Epoch: 72, Loss: 0.0000, lr: 0.000082, Train: 0.9991, Valid: 0.8962, Test: 0.8711
Run: 02, Epoch: 73, Loss: 0.0000, lr: 0.000058, Train: 0.9991, Valid: 0.8967, Test: 0.8717
Run: 02, Epoch: 74, Loss: 0.0000, lr: 0.000058, Train: 0.9991, Valid: 0.8972, Test: 0.8721
Run: 02, Epoch: 75, Loss: 0.0000, lr: 0.000058, Train: 0.9992, Valid: 0.8976, Test: 0.8725
Run: 02, Epoch: 76, Loss: 0.0000, lr: 0.000058, Train: 0.9992, Valid: 0.8979, Test: 0.8728
Run: 02, Epoch: 77, Loss: 0.0000, lr: 0.000058, Train: 0.9993, Valid: 0.8981, Test: 0.8730
Run: 02, Epoch: 78, Loss: 0.0000, lr: 0.000058, Train: 0.9993, Valid: 0.8981, Test: 0.8732
Run: 02, Epoch: 79, Loss: 0.0000, lr: 0.000040, Train: 0.9993, Valid: 0.8983, Test: 0.8734
Run: 02, Epoch: 80, Loss: 0.0000, lr: 0.000040, Train: 0.9993, Valid: 0.8984, Test: 0.8736
Run: 02, Epoch: 81, Loss: 0.0000, lr: 0.000040, Train: 0.9993, Valid: 0.8985, Test: 0.8737
Run: 02, Epoch: 82, Loss: 0.0000, lr: 0.000040, Train: 0.9993, Valid: 0.8985, Test: 0.8739
Run: 02, Epoch: 83, Loss: 0.0000, lr: 0.000040, Train: 0.9994, Valid: 0.8986, Test: 0.8741
Run: 02, Epoch: 84, Loss: 0.0000, lr: 0.000040, Train: 0.9994, Valid: 0.8987, Test: 0.8743
Run: 02, Epoch: 85, Loss: 0.0000, lr: 0.000028, Train: 0.9994, Valid: 0.8989, Test: 0.8744
Run: 02, Epoch: 86, Loss: 0.0000, lr: 0.000028, Train: 0.9994, Valid: 0.8990, Test: 0.8745
Run: 02, Epoch: 87, Loss: 0.0000, lr: 0.000028, Train: 0.9994, Valid: 0.8992, Test: 0.8747
Run: 02, Epoch: 88, Loss: 0.0000, lr: 0.000028, Train: 0.9994, Valid: 0.8994, Test: 0.8748
Run: 02, Epoch: 89, Loss: 0.0000, lr: 0.000028, Train: 0.9994, Valid: 0.8995, Test: 0.8750
Run: 02, Epoch: 90, Loss: 0.0000, lr: 0.000028, Train: 0.9995, Valid: 0.8997, Test: 0.8751
Run: 02, Epoch: 91, Loss: 0.0000, lr: 0.000020, Train: 0.9995, Valid: 0.8999, Test: 0.8752
Run: 02, Epoch: 92, Loss: 0.0000, lr: 0.000020, Train: 0.9995, Valid: 0.9000, Test: 0.8753
Run: 02, Epoch: 93, Loss: 0.0000, lr: 0.000020, Train: 0.9995, Valid: 0.9002, Test: 0.8754
Run: 02, Epoch: 94, Loss: 0.0000, lr: 0.000020, Train: 0.9995, Valid: 0.9003, Test: 0.8755
Run: 02, Epoch: 95, Loss: 0.0000, lr: 0.000020, Train: 0.9995, Valid: 0.9004, Test: 0.8756
Run: 02, Epoch: 96, Loss: 0.0000, lr: 0.000020, Train: 0.9995, Valid: 0.9005, Test: 0.8758
Run: 02, Epoch: 97, Loss: 0.0000, lr: 0.000014, Train: 0.9995, Valid: 0.9007, Test: 0.8758
Run: 02, Epoch: 98, Loss: 0.0000, lr: 0.000014, Train: 0.9995, Valid: 0.9008, Test: 0.8759
Run: 02, Epoch: 99, Loss: 0.0000, lr: 0.000014, Train: 0.9995, Valid: 0.9009, Test: 0.8760
Run: 02, Epoch: 100, Loss: 0.0000, lr: 0.000014, Train: 0.9995, Valid: 0.9009, Test: 0.8761
Run 02:
Highest Train: 1.00
Highest Valid: 0.95
  Final Train: 0.99
   Final Test: 0.85
Run: 03, Epoch: 01, Loss: 0.0479, lr: 0.001000, Train: 0.7260, Valid: 0.7462, Test: 0.6738
Run: 03, Epoch: 02, Loss: 0.0076, lr: 0.001000, Train: 0.8441, Valid: 0.8293, Test: 0.6833
Run: 03, Epoch: 03, Loss: 0.0065, lr: 0.001000, Train: 0.8399, Valid: 0.7789, Test: 0.4368
Run: 03, Epoch: 04, Loss: 0.0039, lr: 0.001000, Train: 0.8644, Valid: 0.6741, Test: 0.4324
Run: 03, Epoch: 05, Loss: 0.0037, lr: 0.001000, Train: 0.8720, Valid: 0.7172, Test: 0.4438
Run: 03, Epoch: 06, Loss: 0.0026, lr: 0.001000, Train: 0.8192, Valid: 0.7116, Test: 0.3445
Run: 03, Epoch: 07, Loss: 0.0022, lr: 0.001000, Train: 0.7806, Valid: 0.7087, Test: 0.2662
Run: 03, Epoch: 08, Loss: 0.0024, lr: 0.001000, Train: 0.9154, Valid: 0.8711, Test: 0.5604
Run: 03, Epoch: 09, Loss: 0.0017, lr: 0.001000, Train: 0.9282, Valid: 0.8974, Test: 0.6351
Run: 03, Epoch: 10, Loss: 0.0018, lr: 0.001000, Train: 0.9184, Valid: 0.8823, Test: 0.6890
Run: 03, Epoch: 11, Loss: 0.0014, lr: 0.001000, Train: 0.9096, Valid: 0.8658, Test: 0.7287
Run: 03, Epoch: 12, Loss: 0.0012, lr: 0.001000, Train: 0.9209, Valid: 0.8628, Test: 0.7427
Run: 03, Epoch: 13, Loss: 0.0012, lr: 0.001000, Train: 0.9328, Valid: 0.8656, Test: 0.7449
Run: 03, Epoch: 14, Loss: 0.0010, lr: 0.001000, Train: 0.9459, Valid: 0.8699, Test: 0.7379
Run: 03, Epoch: 15, Loss: 0.0010, lr: 0.001000, Train: 0.9389, Valid: 0.8256, Test: 0.7110
Run: 03, Epoch: 16, Loss: 0.0009, lr: 0.000700, Train: 0.9326, Valid: 0.7775, Test: 0.7003
Run: 03, Epoch: 17, Loss: 0.0008, lr: 0.000700, Train: 0.9317, Valid: 0.7637, Test: 0.7061
Run: 03, Epoch: 18, Loss: 0.0007, lr: 0.000700, Train: 0.9393, Valid: 0.7941, Test: 0.7242
Run: 03, Epoch: 19, Loss: 0.0007, lr: 0.000700, Train: 0.9465, Valid: 0.8358, Test: 0.7386
Run: 03, Epoch: 20, Loss: 0.0006, lr: 0.000700, Train: 0.9615, Valid: 0.8687, Test: 0.7427
Run: 03, Epoch: 21, Loss: 0.0006, lr: 0.000700, Train: 0.9686, Valid: 0.8833, Test: 0.7543
Run: 03, Epoch: 22, Loss: 0.0006, lr: 0.000490, Train: 0.9743, Valid: 0.8859, Test: 0.7712
Run: 03, Epoch: 23, Loss: 0.0005, lr: 0.000490, Train: 0.9761, Valid: 0.8777, Test: 0.7828
Run: 03, Epoch: 24, Loss: 0.0004, lr: 0.000490, Train: 0.9744, Valid: 0.8622, Test: 0.7850
Run: 03, Epoch: 25, Loss: 0.0004, lr: 0.000490, Train: 0.9730, Valid: 0.8471, Test: 0.7810
Run: 03, Epoch: 26, Loss: 0.0004, lr: 0.000490, Train: 0.9747, Valid: 0.8357, Test: 0.7726
Run: 03, Epoch: 27, Loss: 0.0004, lr: 0.000490, Train: 0.9784, Valid: 0.8216, Test: 0.7603
Run: 03, Epoch: 28, Loss: 0.0003, lr: 0.000343, Train: 0.9824, Valid: 0.8187, Test: 0.7625
Run: 03, Epoch: 29, Loss: 0.0003, lr: 0.000343, Train: 0.9868, Valid: 0.8338, Test: 0.7782
Run: 03, Epoch: 30, Loss: 0.0003, lr: 0.000343, Train: 0.9900, Valid: 0.8564, Test: 0.8011
Run: 03, Epoch: 31, Loss: 0.0003, lr: 0.000343, Train: 0.9911, Valid: 0.8717, Test: 0.8206
Run: 03, Epoch: 32, Loss: 0.0003, lr: 0.000343, Train: 0.9913, Valid: 0.8784, Test: 0.8324
Run: 03, Epoch: 33, Loss: 0.0003, lr: 0.000343, Train: 0.9915, Valid: 0.8805, Test: 0.8371
Run: 03, Epoch: 34, Loss: 0.0003, lr: 0.000240, Train: 0.9920, Valid: 0.8805, Test: 0.8368
Run: 03, Epoch: 35, Loss: 0.0002, lr: 0.000240, Train: 0.9926, Valid: 0.8788, Test: 0.8333
Run: 03, Epoch: 36, Loss: 0.0002, lr: 0.000240, Train: 0.9931, Valid: 0.8755, Test: 0.8277
Run: 03, Epoch: 37, Loss: 0.0002, lr: 0.000240, Train: 0.9934, Valid: 0.8715, Test: 0.8216
Run: 03, Epoch: 38, Loss: 0.0002, lr: 0.000240, Train: 0.9937, Valid: 0.8687, Test: 0.8171
Run: 03, Epoch: 39, Loss: 0.0002, lr: 0.000240, Train: 0.9940, Valid: 0.8690, Test: 0.8157
Run: 03, Epoch: 40, Loss: 0.0002, lr: 0.000168, Train: 0.9943, Valid: 0.8715, Test: 0.8170
Run: 03, Epoch: 41, Loss: 0.0002, lr: 0.000168, Train: 0.9946, Valid: 0.8750, Test: 0.8198
Run: 03, Epoch: 42, Loss: 0.0002, lr: 0.000168, Train: 0.9950, Valid: 0.8786, Test: 0.8230
Run: 03, Epoch: 43, Loss: 0.0002, lr: 0.000168, Train: 0.9952, Valid: 0.8816, Test: 0.8259
Run: 03, Epoch: 44, Loss: 0.0002, lr: 0.000168, Train: 0.9953, Valid: 0.8841, Test: 0.8281
Run: 03, Epoch: 45, Loss: 0.0002, lr: 0.000168, Train: 0.9953, Valid: 0.8861, Test: 0.8295
Run: 03, Epoch: 46, Loss: 0.0002, lr: 0.000118, Train: 0.9954, Valid: 0.8872, Test: 0.8298
Run: 03, Epoch: 47, Loss: 0.0002, lr: 0.000118, Train: 0.9955, Valid: 0.8879, Test: 0.8296
Run: 03, Epoch: 48, Loss: 0.0002, lr: 0.000118, Train: 0.9956, Valid: 0.8883, Test: 0.8291
Run: 03, Epoch: 49, Loss: 0.0002, lr: 0.000118, Train: 0.9958, Valid: 0.8885, Test: 0.8283
Run: 03, Epoch: 50, Loss: 0.0001, lr: 0.000118, Train: 0.9959, Valid: 0.8883, Test: 0.8275
Run: 03, Epoch: 51, Loss: 0.0001, lr: 0.000118, Train: 0.9960, Valid: 0.8879, Test: 0.8267
Run: 03, Epoch: 52, Loss: 0.0001, lr: 0.000082, Train: 0.9961, Valid: 0.8875, Test: 0.8263
Run: 03, Epoch: 53, Loss: 0.0001, lr: 0.000082, Train: 0.9962, Valid: 0.8871, Test: 0.8262
Run: 03, Epoch: 54, Loss: 0.0001, lr: 0.000082, Train: 0.9963, Valid: 0.8866, Test: 0.8262
Run: 03, Epoch: 55, Loss: 0.0001, lr: 0.000082, Train: 0.9963, Valid: 0.8862, Test: 0.8263
Run: 03, Epoch: 56, Loss: 0.0001, lr: 0.000082, Train: 0.9964, Valid: 0.8859, Test: 0.8266
Run: 03, Epoch: 57, Loss: 0.0001, lr: 0.000082, Train: 0.9965, Valid: 0.8857, Test: 0.8268
Run: 03, Epoch: 58, Loss: 0.0001, lr: 0.000058, Train: 0.9966, Valid: 0.8856, Test: 0.8270
Run: 03, Epoch: 59, Loss: 0.0001, lr: 0.000058, Train: 0.9966, Valid: 0.8856, Test: 0.8271
Run: 03, Epoch: 60, Loss: 0.0001, lr: 0.000058, Train: 0.9967, Valid: 0.8856, Test: 0.8271
Run: 03, Epoch: 61, Loss: 0.0001, lr: 0.000058, Train: 0.9967, Valid: 0.8857, Test: 0.8271
Run: 03, Epoch: 62, Loss: 0.0001, lr: 0.000058, Train: 0.9968, Valid: 0.8858, Test: 0.8271
Run: 03, Epoch: 63, Loss: 0.0001, lr: 0.000058, Train: 0.9968, Valid: 0.8859, Test: 0.8271
Run: 03, Epoch: 64, Loss: 0.0001, lr: 0.000040, Train: 0.9968, Valid: 0.8860, Test: 0.8271
Run: 03, Epoch: 65, Loss: 0.0001, lr: 0.000040, Train: 0.9968, Valid: 0.8860, Test: 0.8270
Run: 03, Epoch: 66, Loss: 0.0001, lr: 0.000040, Train: 0.9969, Valid: 0.8861, Test: 0.8270
Run: 03, Epoch: 67, Loss: 0.0001, lr: 0.000040, Train: 0.9969, Valid: 0.8862, Test: 0.8271
Run: 03, Epoch: 68, Loss: 0.0001, lr: 0.000040, Train: 0.9969, Valid: 0.8862, Test: 0.8272
Run: 03, Epoch: 69, Loss: 0.0001, lr: 0.000040, Train: 0.9970, Valid: 0.8862, Test: 0.8273
Run: 03, Epoch: 70, Loss: 0.0001, lr: 0.000028, Train: 0.9970, Valid: 0.8862, Test: 0.8274
Run: 03, Epoch: 71, Loss: 0.0001, lr: 0.000028, Train: 0.9970, Valid: 0.8862, Test: 0.8275
Run: 03, Epoch: 72, Loss: 0.0001, lr: 0.000028, Train: 0.9970, Valid: 0.8861, Test: 0.8276
Run: 03, Epoch: 73, Loss: 0.0001, lr: 0.000028, Train: 0.9971, Valid: 0.8861, Test: 0.8277
Run: 03, Epoch: 74, Loss: 0.0001, lr: 0.000028, Train: 0.9971, Valid: 0.8860, Test: 0.8279
Run: 03, Epoch: 75, Loss: 0.0001, lr: 0.000028, Train: 0.9971, Valid: 0.8859, Test: 0.8280
Run: 03, Epoch: 76, Loss: 0.0001, lr: 0.000020, Train: 0.9971, Valid: 0.8858, Test: 0.8280
Run: 03, Epoch: 77, Loss: 0.0001, lr: 0.000020, Train: 0.9971, Valid: 0.8857, Test: 0.8280
Run: 03, Epoch: 78, Loss: 0.0001, lr: 0.000020, Train: 0.9972, Valid: 0.8856, Test: 0.8280
Run: 03, Epoch: 79, Loss: 0.0001, lr: 0.000020, Train: 0.9972, Valid: 0.8855, Test: 0.8280
Run: 03, Epoch: 80, Loss: 0.0001, lr: 0.000020, Train: 0.9972, Valid: 0.8854, Test: 0.8279
Run: 03, Epoch: 81, Loss: 0.0001, lr: 0.000020, Train: 0.9972, Valid: 0.8852, Test: 0.8279
Run: 03, Epoch: 82, Loss: 0.0001, lr: 0.000014, Train: 0.9972, Valid: 0.8851, Test: 0.8278
Run: 03, Epoch: 83, Loss: 0.0001, lr: 0.000014, Train: 0.9972, Valid: 0.8851, Test: 0.8278
Run: 03, Epoch: 84, Loss: 0.0001, lr: 0.000014, Train: 0.9972, Valid: 0.8850, Test: 0.8277
Run: 03, Epoch: 85, Loss: 0.0001, lr: 0.000014, Train: 0.9972, Valid: 0.8849, Test: 0.8276
Run: 03, Epoch: 86, Loss: 0.0001, lr: 0.000014, Train: 0.9973, Valid: 0.8848, Test: 0.8275
Run: 03, Epoch: 87, Loss: 0.0001, lr: 0.000014, Train: 0.9973, Valid: 0.8847, Test: 0.8275
Run: 03, Epoch: 88, Loss: 0.0001, lr: 0.000010, Train: 0.9973, Valid: 0.8847, Test: 0.8274
Run: 03, Epoch: 89, Loss: 0.0001, lr: 0.000010, Train: 0.9973, Valid: 0.8847, Test: 0.8273
Run: 03, Epoch: 90, Loss: 0.0001, lr: 0.000010, Train: 0.9973, Valid: 0.8846, Test: 0.8273
Run: 03, Epoch: 91, Loss: 0.0001, lr: 0.000010, Train: 0.9973, Valid: 0.8846, Test: 0.8272
Run: 03, Epoch: 92, Loss: 0.0001, lr: 0.000010, Train: 0.9973, Valid: 0.8845, Test: 0.8272
Run: 03, Epoch: 93, Loss: 0.0001, lr: 0.000010, Train: 0.9973, Valid: 0.8845, Test: 0.8272
Run: 03, Epoch: 94, Loss: 0.0001, lr: 0.000010, Train: 0.9973, Valid: 0.8845, Test: 0.8271
Run: 03, Epoch: 95, Loss: 0.0001, lr: 0.000010, Train: 0.9973, Valid: 0.8845, Test: 0.8271
Run: 03, Epoch: 96, Loss: 0.0001, lr: 0.000010, Train: 0.9973, Valid: 0.8844, Test: 0.8271
Run: 03, Epoch: 97, Loss: 0.0001, lr: 0.000010, Train: 0.9973, Valid: 0.8844, Test: 0.8271
Run: 03, Epoch: 98, Loss: 0.0001, lr: 0.000010, Train: 0.9974, Valid: 0.8844, Test: 0.8271
Run: 03, Epoch: 99, Loss: 0.0001, lr: 0.000010, Train: 0.9974, Valid: 0.8844, Test: 0.8271
Run: 03, Epoch: 100, Loss: 0.0001, lr: 0.000010, Train: 0.9974, Valid: 0.8844, Test: 0.8271
Run 03:
Highest Train: 1.00
Highest Valid: 0.90
  Final Train: 0.93
   Final Test: 0.64
Run: 04, Epoch: 01, Loss: 0.0381, lr: 0.001000, Train: 0.6119, Valid: 0.5147, Test: 0.6615
Run: 04, Epoch: 02, Loss: 0.0069, lr: 0.001000, Train: 0.7441, Valid: 0.6985, Test: 0.7536
Run: 04, Epoch: 03, Loss: 0.0054, lr: 0.001000, Train: 0.7967, Valid: 0.7938, Test: 0.8421
Run: 04, Epoch: 04, Loss: 0.0032, lr: 0.001000, Train: 0.8293, Valid: 0.7743, Test: 0.7261
Run: 04, Epoch: 05, Loss: 0.0032, lr: 0.001000, Train: 0.8356, Valid: 0.7383, Test: 0.7026
Run: 04, Epoch: 06, Loss: 0.0027, lr: 0.001000, Train: 0.8449, Valid: 0.7815, Test: 0.7171
Run: 04, Epoch: 07, Loss: 0.0023, lr: 0.001000, Train: 0.8456, Valid: 0.7965, Test: 0.7373
Run: 04, Epoch: 08, Loss: 0.0019, lr: 0.001000, Train: 0.8324, Valid: 0.7818, Test: 0.7591
Run: 04, Epoch: 09, Loss: 0.0015, lr: 0.001000, Train: 0.8498, Valid: 0.8307, Test: 0.8150
Run: 04, Epoch: 10, Loss: 0.0015, lr: 0.001000, Train: 0.8409, Valid: 0.7571, Test: 0.7986
Run: 04, Epoch: 11, Loss: 0.0013, lr: 0.001000, Train: 0.8560, Valid: 0.7290, Test: 0.8012
Run: 04, Epoch: 12, Loss: 0.0012, lr: 0.001000, Train: 0.8371, Valid: 0.6973, Test: 0.7967
Run: 04, Epoch: 13, Loss: 0.0010, lr: 0.001000, Train: 0.8442, Valid: 0.7228, Test: 0.8029
Run: 04, Epoch: 14, Loss: 0.0009, lr: 0.001000, Train: 0.8832, Valid: 0.7864, Test: 0.8290
Run: 04, Epoch: 15, Loss: 0.0009, lr: 0.001000, Train: 0.9092, Valid: 0.7970, Test: 0.8476
Run: 04, Epoch: 16, Loss: 0.0008, lr: 0.000700, Train: 0.9238, Valid: 0.7911, Test: 0.8557
Run: 04, Epoch: 17, Loss: 0.0007, lr: 0.000700, Train: 0.9404, Valid: 0.7998, Test: 0.8723
Run: 04, Epoch: 18, Loss: 0.0007, lr: 0.000700, Train: 0.9493, Valid: 0.8056, Test: 0.8901
Run: 04, Epoch: 19, Loss: 0.0006, lr: 0.000700, Train: 0.9473, Valid: 0.8047, Test: 0.8836
Run: 04, Epoch: 20, Loss: 0.0006, lr: 0.000700, Train: 0.9539, Valid: 0.8115, Test: 0.8932
Run: 04, Epoch: 21, Loss: 0.0007, lr: 0.000700, Train: 0.9623, Valid: 0.8021, Test: 0.8972
Run: 04, Epoch: 22, Loss: 0.0006, lr: 0.000490, Train: 0.9655, Valid: 0.8020, Test: 0.8978
Run: 04, Epoch: 23, Loss: 0.0005, lr: 0.000490, Train: 0.9687, Valid: 0.8015, Test: 0.9036
Run: 04, Epoch: 24, Loss: 0.0005, lr: 0.000490, Train: 0.9772, Valid: 0.7983, Test: 0.9172
Run: 04, Epoch: 25, Loss: 0.0005, lr: 0.000490, Train: 0.9822, Valid: 0.7837, Test: 0.9262
Run: 04, Epoch: 26, Loss: 0.0004, lr: 0.000490, Train: 0.9829, Valid: 0.7683, Test: 0.9255
Run: 04, Epoch: 27, Loss: 0.0004, lr: 0.000490, Train: 0.9840, Valid: 0.7493, Test: 0.9193
Run: 04, Epoch: 28, Loss: 0.0004, lr: 0.000343, Train: 0.9852, Valid: 0.7388, Test: 0.9155
Run: 04, Epoch: 29, Loss: 0.0004, lr: 0.000343, Train: 0.9867, Valid: 0.7344, Test: 0.9153
Run: 04, Epoch: 30, Loss: 0.0004, lr: 0.000343, Train: 0.9880, Valid: 0.7357, Test: 0.9185
Run: 04, Epoch: 31, Loss: 0.0003, lr: 0.000343, Train: 0.9890, Valid: 0.7372, Test: 0.9215
Run: 04, Epoch: 32, Loss: 0.0003, lr: 0.000343, Train: 0.9896, Valid: 0.7337, Test: 0.9215
Run: 04, Epoch: 33, Loss: 0.0003, lr: 0.000343, Train: 0.9900, Valid: 0.7270, Test: 0.9173
Run: 04, Epoch: 34, Loss: 0.0003, lr: 0.000240, Train: 0.9903, Valid: 0.7236, Test: 0.9128
Run: 04, Epoch: 35, Loss: 0.0003, lr: 0.000240, Train: 0.9906, Valid: 0.7229, Test: 0.9088
Run: 04, Epoch: 36, Loss: 0.0003, lr: 0.000240, Train: 0.9910, Valid: 0.7264, Test: 0.9074
Run: 04, Epoch: 37, Loss: 0.0003, lr: 0.000240, Train: 0.9915, Valid: 0.7340, Test: 0.9094
Run: 04, Epoch: 38, Loss: 0.0003, lr: 0.000240, Train: 0.9922, Valid: 0.7443, Test: 0.9138
Run: 04, Epoch: 39, Loss: 0.0003, lr: 0.000240, Train: 0.9927, Valid: 0.7549, Test: 0.9186
Run: 04, Epoch: 40, Loss: 0.0002, lr: 0.000168, Train: 0.9930, Valid: 0.7605, Test: 0.9211
Run: 04, Epoch: 41, Loss: 0.0002, lr: 0.000168, Train: 0.9933, Valid: 0.7636, Test: 0.9222
Run: 04, Epoch: 42, Loss: 0.0002, lr: 0.000168, Train: 0.9935, Valid: 0.7641, Test: 0.9220
Run: 04, Epoch: 43, Loss: 0.0002, lr: 0.000168, Train: 0.9937, Valid: 0.7630, Test: 0.9207
Run: 04, Epoch: 44, Loss: 0.0002, lr: 0.000168, Train: 0.9938, Valid: 0.7617, Test: 0.9189
Run: 04, Epoch: 45, Loss: 0.0002, lr: 0.000168, Train: 0.9939, Valid: 0.7608, Test: 0.9172
Run: 04, Epoch: 46, Loss: 0.0002, lr: 0.000118, Train: 0.9941, Valid: 0.7612, Test: 0.9165
Run: 04, Epoch: 47, Loss: 0.0002, lr: 0.000118, Train: 0.9942, Valid: 0.7627, Test: 0.9166
Run: 04, Epoch: 48, Loss: 0.0002, lr: 0.000118, Train: 0.9943, Valid: 0.7649, Test: 0.9172
Run: 04, Epoch: 49, Loss: 0.0002, lr: 0.000118, Train: 0.9945, Valid: 0.7673, Test: 0.9180
Run: 04, Epoch: 50, Loss: 0.0002, lr: 0.000118, Train: 0.9946, Valid: 0.7695, Test: 0.9187
Run: 04, Epoch: 51, Loss: 0.0002, lr: 0.000118, Train: 0.9947, Valid: 0.7710, Test: 0.9189
Run: 04, Epoch: 52, Loss: 0.0002, lr: 0.000082, Train: 0.9948, Valid: 0.7714, Test: 0.9187
Run: 04, Epoch: 53, Loss: 0.0002, lr: 0.000082, Train: 0.9949, Valid: 0.7711, Test: 0.9182
Run: 04, Epoch: 54, Loss: 0.0002, lr: 0.000082, Train: 0.9951, Valid: 0.7704, Test: 0.9176
Run: 04, Epoch: 55, Loss: 0.0002, lr: 0.000082, Train: 0.9952, Valid: 0.7694, Test: 0.9168
Run: 04, Epoch: 56, Loss: 0.0002, lr: 0.000082, Train: 0.9953, Valid: 0.7683, Test: 0.9161
Run: 04, Epoch: 57, Loss: 0.0002, lr: 0.000082, Train: 0.9953, Valid: 0.7673, Test: 0.9156
Run: 04, Epoch: 58, Loss: 0.0002, lr: 0.000058, Train: 0.9954, Valid: 0.7667, Test: 0.9153
Run: 04, Epoch: 59, Loss: 0.0002, lr: 0.000058, Train: 0.9955, Valid: 0.7662, Test: 0.9152
Run: 04, Epoch: 60, Loss: 0.0002, lr: 0.000058, Train: 0.9956, Valid: 0.7659, Test: 0.9151
Run: 04, Epoch: 61, Loss: 0.0002, lr: 0.000058, Train: 0.9956, Valid: 0.7657, Test: 0.9151
Run: 04, Epoch: 62, Loss: 0.0002, lr: 0.000058, Train: 0.9957, Valid: 0.7655, Test: 0.9151
Run: 04, Epoch: 63, Loss: 0.0002, lr: 0.000058, Train: 0.9957, Valid: 0.7653, Test: 0.9150
Run: 04, Epoch: 64, Loss: 0.0002, lr: 0.000040, Train: 0.9958, Valid: 0.7650, Test: 0.9149
Run: 04, Epoch: 65, Loss: 0.0002, lr: 0.000040, Train: 0.9958, Valid: 0.7647, Test: 0.9148
Run: 04, Epoch: 66, Loss: 0.0002, lr: 0.000040, Train: 0.9959, Valid: 0.7643, Test: 0.9146
Run: 04, Epoch: 67, Loss: 0.0002, lr: 0.000040, Train: 0.9959, Valid: 0.7639, Test: 0.9143
Run: 04, Epoch: 68, Loss: 0.0002, lr: 0.000040, Train: 0.9960, Valid: 0.7633, Test: 0.9141
Run: 04, Epoch: 69, Loss: 0.0002, lr: 0.000040, Train: 0.9960, Valid: 0.7627, Test: 0.9139
Run: 04, Epoch: 70, Loss: 0.0002, lr: 0.000028, Train: 0.9960, Valid: 0.7623, Test: 0.9137
Run: 04, Epoch: 71, Loss: 0.0002, lr: 0.000028, Train: 0.9961, Valid: 0.7619, Test: 0.9136
Run: 04, Epoch: 72, Loss: 0.0002, lr: 0.000028, Train: 0.9961, Valid: 0.7615, Test: 0.9135
Run: 04, Epoch: 73, Loss: 0.0002, lr: 0.000028, Train: 0.9961, Valid: 0.7611, Test: 0.9134
Run: 04, Epoch: 74, Loss: 0.0002, lr: 0.000028, Train: 0.9961, Valid: 0.7608, Test: 0.9134
Run: 04, Epoch: 75, Loss: 0.0002, lr: 0.000028, Train: 0.9962, Valid: 0.7605, Test: 0.9134
Run: 04, Epoch: 76, Loss: 0.0001, lr: 0.000020, Train: 0.9962, Valid: 0.7604, Test: 0.9134
Run: 04, Epoch: 77, Loss: 0.0001, lr: 0.000020, Train: 0.9962, Valid: 0.7602, Test: 0.9134
Run: 04, Epoch: 78, Loss: 0.0001, lr: 0.000020, Train: 0.9962, Valid: 0.7601, Test: 0.9134
Run: 04, Epoch: 79, Loss: 0.0001, lr: 0.000020, Train: 0.9963, Valid: 0.7600, Test: 0.9134
Run: 04, Epoch: 80, Loss: 0.0001, lr: 0.000020, Train: 0.9963, Valid: 0.7599, Test: 0.9134
Run: 04, Epoch: 81, Loss: 0.0001, lr: 0.000020, Train: 0.9963, Valid: 0.7598, Test: 0.9134
Run: 04, Epoch: 82, Loss: 0.0001, lr: 0.000014, Train: 0.9963, Valid: 0.7597, Test: 0.9134
Run: 04, Epoch: 83, Loss: 0.0001, lr: 0.000014, Train: 0.9963, Valid: 0.7596, Test: 0.9134
Run: 04, Epoch: 84, Loss: 0.0001, lr: 0.000014, Train: 0.9963, Valid: 0.7595, Test: 0.9134
Run: 04, Epoch: 85, Loss: 0.0001, lr: 0.000014, Train: 0.9964, Valid: 0.7594, Test: 0.9134
Run: 04, Epoch: 86, Loss: 0.0001, lr: 0.000014, Train: 0.9964, Valid: 0.7593, Test: 0.9134
Run: 04, Epoch: 87, Loss: 0.0001, lr: 0.000014, Train: 0.9964, Valid: 0.7592, Test: 0.9134
Run: 04, Epoch: 88, Loss: 0.0001, lr: 0.000010, Train: 0.9964, Valid: 0.7591, Test: 0.9134
Run: 04, Epoch: 89, Loss: 0.0001, lr: 0.000010, Train: 0.9964, Valid: 0.7590, Test: 0.9133
Run: 04, Epoch: 90, Loss: 0.0001, lr: 0.000010, Train: 0.9964, Valid: 0.7589, Test: 0.9133
Run: 04, Epoch: 91, Loss: 0.0001, lr: 0.000010, Train: 0.9964, Valid: 0.7589, Test: 0.9133
Run: 04, Epoch: 92, Loss: 0.0001, lr: 0.000010, Train: 0.9964, Valid: 0.7588, Test: 0.9133
Run: 04, Epoch: 93, Loss: 0.0001, lr: 0.000010, Train: 0.9965, Valid: 0.7587, Test: 0.9132
Run: 04, Epoch: 94, Loss: 0.0001, lr: 0.000010, Train: 0.9965, Valid: 0.7586, Test: 0.9132
Run: 04, Epoch: 95, Loss: 0.0001, lr: 0.000010, Train: 0.9965, Valid: 0.7585, Test: 0.9132
Run: 04, Epoch: 96, Loss: 0.0001, lr: 0.000010, Train: 0.9965, Valid: 0.7584, Test: 0.9132
Run: 04, Epoch: 97, Loss: 0.0001, lr: 0.000010, Train: 0.9965, Valid: 0.7583, Test: 0.9132
Run: 04, Epoch: 98, Loss: 0.0001, lr: 0.000010, Train: 0.9965, Valid: 0.7583, Test: 0.9131
Run: 04, Epoch: 99, Loss: 0.0001, lr: 0.000010, Train: 0.9965, Valid: 0.7582, Test: 0.9131
Run: 04, Epoch: 100, Loss: 0.0001, lr: 0.000010, Train: 0.9965, Valid: 0.7581, Test: 0.9131
Run 04:
Highest Train: 1.00
Highest Valid: 0.83
  Final Train: 0.85
   Final Test: 0.82
Run: 05, Epoch: 01, Loss: 0.0313, lr: 0.001000, Train: 0.6251, Valid: 0.0834, Test: 0.2249
Run: 05, Epoch: 02, Loss: 0.0133, lr: 0.001000, Train: 0.6743, Valid: 0.1619, Test: 0.1946
Run: 05, Epoch: 03, Loss: 0.0084, lr: 0.001000, Train: 0.6733, Valid: 0.1867, Test: 0.0950
Run: 05, Epoch: 04, Loss: 0.0049, lr: 0.001000, Train: 0.7116, Valid: 0.1420, Test: 0.0050
Run: 05, Epoch: 05, Loss: 0.0033, lr: 0.001000, Train: 0.6286, Valid: 0.0373, Test: -0.3550
Run: 05, Epoch: 06, Loss: 0.0030, lr: 0.001000, Train: 0.5527, Valid: 0.0053, Test: -0.4295
Run: 05, Epoch: 07, Loss: 0.0022, lr: 0.001000, Train: 0.4512, Valid: 0.0024, Test: -0.5011
Run: 05, Epoch: 08, Loss: 0.0024, lr: 0.001000, Train: 0.6385, Valid: 0.2960, Test: -0.0093
Run: 05, Epoch: 09, Loss: 0.0016, lr: 0.001000, Train: 0.7397, Valid: 0.4482, Test: 0.2378
Run: 05, Epoch: 10, Loss: 0.0016, lr: 0.001000, Train: 0.7729, Valid: 0.4995, Test: 0.2598
Run: 05, Epoch: 11, Loss: 0.0016, lr: 0.001000, Train: 0.7677, Valid: 0.4906, Test: 0.1882
Run: 05, Epoch: 12, Loss: 0.0013, lr: 0.001000, Train: 0.7410, Valid: 0.4515, Test: 0.0945
Run: 05, Epoch: 13, Loss: 0.0011, lr: 0.001000, Train: 0.7165, Valid: 0.4218, Test: 0.0527
Run: 05, Epoch: 14, Loss: 0.0012, lr: 0.001000, Train: 0.7280, Valid: 0.4355, Test: 0.0726
Run: 05, Epoch: 15, Loss: 0.0011, lr: 0.001000, Train: 0.7757, Valid: 0.4943, Test: 0.2039
Run: 05, Epoch: 16, Loss: 0.0009, lr: 0.001000, Train: 0.8359, Valid: 0.5737, Test: 0.3861
Run: 05, Epoch: 17, Loss: 0.0008, lr: 0.001000, Train: 0.8831, Valid: 0.6432, Test: 0.5332
Run: 05, Epoch: 18, Loss: 0.0008, lr: 0.001000, Train: 0.9076, Valid: 0.6834, Test: 0.6062
Run: 05, Epoch: 19, Loss: 0.0008, lr: 0.001000, Train: 0.9147, Valid: 0.6930, Test: 0.6139
Run: 05, Epoch: 20, Loss: 0.0007, lr: 0.001000, Train: 0.9152, Valid: 0.6880, Test: 0.5956
Run: 05, Epoch: 21, Loss: 0.0006, lr: 0.001000, Train: 0.9200, Valid: 0.6841, Test: 0.5930
Run: 05, Epoch: 22, Loss: 0.0006, lr: 0.001000, Train: 0.9337, Valid: 0.6882, Test: 0.6264
Run: 05, Epoch: 23, Loss: 0.0006, lr: 0.001000, Train: 0.9534, Valid: 0.7062, Test: 0.6893
Run: 05, Epoch: 24, Loss: 0.0005, lr: 0.001000, Train: 0.9705, Valid: 0.7361, Test: 0.7561
Run: 05, Epoch: 25, Loss: 0.0005, lr: 0.001000, Train: 0.9798, Valid: 0.7659, Test: 0.8050
Run: 05, Epoch: 26, Loss: 0.0004, lr: 0.001000, Train: 0.9827, Valid: 0.7851, Test: 0.8306
Run: 05, Epoch: 27, Loss: 0.0004, lr: 0.001000, Train: 0.9824, Valid: 0.7913, Test: 0.8369
Run: 05, Epoch: 28, Loss: 0.0004, lr: 0.001000, Train: 0.9820, Valid: 0.7892, Test: 0.8326
Run: 05, Epoch: 29, Loss: 0.0004, lr: 0.001000, Train: 0.9834, Valid: 0.7841, Test: 0.8282
Run: 05, Epoch: 30, Loss: 0.0003, lr: 0.001000, Train: 0.9861, Valid: 0.7807, Test: 0.8293
Run: 05, Epoch: 31, Loss: 0.0003, lr: 0.001000, Train: 0.9878, Valid: 0.7800, Test: 0.8343
Run: 05, Epoch: 32, Loss: 0.0003, lr: 0.001000, Train: 0.9885, Valid: 0.7810, Test: 0.8391
Run: 05, Epoch: 33, Loss: 0.0003, lr: 0.001000, Train: 0.9892, Valid: 0.7843, Test: 0.8435
Run: 05, Epoch: 34, Loss: 0.0003, lr: 0.000700, Train: 0.9900, Valid: 0.7893, Test: 0.8484
Run: 05, Epoch: 35, Loss: 0.0002, lr: 0.000700, Train: 0.9910, Valid: 0.7961, Test: 0.8546
Run: 05, Epoch: 36, Loss: 0.0002, lr: 0.000700, Train: 0.9921, Valid: 0.8028, Test: 0.8608
Run: 05, Epoch: 37, Loss: 0.0002, lr: 0.000700, Train: 0.9931, Valid: 0.8071, Test: 0.8653
Run: 05, Epoch: 38, Loss: 0.0002, lr: 0.000700, Train: 0.9937, Valid: 0.8068, Test: 0.8663
Run: 05, Epoch: 39, Loss: 0.0002, lr: 0.000700, Train: 0.9941, Valid: 0.8018, Test: 0.8639
Run: 05, Epoch: 40, Loss: 0.0002, lr: 0.000700, Train: 0.9944, Valid: 0.7942, Test: 0.8583
Run: 05, Epoch: 41, Loss: 0.0002, lr: 0.000700, Train: 0.9946, Valid: 0.7875, Test: 0.8515
Run: 05, Epoch: 42, Loss: 0.0002, lr: 0.000700, Train: 0.9948, Valid: 0.7850, Test: 0.8471
Run: 05, Epoch: 43, Loss: 0.0002, lr: 0.000700, Train: 0.9952, Valid: 0.7878, Test: 0.8471
Run: 05, Epoch: 44, Loss: 0.0002, lr: 0.000490, Train: 0.9955, Valid: 0.7924, Test: 0.8495
Run: 05, Epoch: 45, Loss: 0.0002, lr: 0.000490, Train: 0.9957, Valid: 0.7975, Test: 0.8525
Run: 05, Epoch: 46, Loss: 0.0002, lr: 0.000490, Train: 0.9957, Valid: 0.8015, Test: 0.8548
Run: 05, Epoch: 47, Loss: 0.0001, lr: 0.000490, Train: 0.9958, Valid: 0.8032, Test: 0.8560
Run: 05, Epoch: 48, Loss: 0.0001, lr: 0.000490, Train: 0.9960, Valid: 0.8026, Test: 0.8559
Run: 05, Epoch: 49, Loss: 0.0001, lr: 0.000490, Train: 0.9963, Valid: 0.8004, Test: 0.8546
Run: 05, Epoch: 50, Loss: 0.0001, lr: 0.000343, Train: 0.9964, Valid: 0.7984, Test: 0.8531
Run: 05, Epoch: 51, Loss: 0.0001, lr: 0.000343, Train: 0.9966, Valid: 0.7965, Test: 0.8515
Run: 05, Epoch: 52, Loss: 0.0001, lr: 0.000343, Train: 0.9967, Valid: 0.7951, Test: 0.8501
Run: 05, Epoch: 53, Loss: 0.0001, lr: 0.000343, Train: 0.9968, Valid: 0.7944, Test: 0.8492
Run: 05, Epoch: 54, Loss: 0.0001, lr: 0.000343, Train: 0.9969, Valid: 0.7943, Test: 0.8487
Run: 05, Epoch: 55, Loss: 0.0001, lr: 0.000343, Train: 0.9969, Valid: 0.7946, Test: 0.8485
Run: 05, Epoch: 56, Loss: 0.0001, lr: 0.000240, Train: 0.9970, Valid: 0.7948, Test: 0.8485
Run: 05, Epoch: 57, Loss: 0.0001, lr: 0.000240, Train: 0.9970, Valid: 0.7949, Test: 0.8486
Run: 05, Epoch: 58, Loss: 0.0001, lr: 0.000240, Train: 0.9971, Valid: 0.7950, Test: 0.8488
Run: 05, Epoch: 59, Loss: 0.0001, lr: 0.000240, Train: 0.9971, Valid: 0.7948, Test: 0.8489
Run: 05, Epoch: 60, Loss: 0.0001, lr: 0.000240, Train: 0.9972, Valid: 0.7945, Test: 0.8490
Run: 05, Epoch: 61, Loss: 0.0001, lr: 0.000240, Train: 0.9972, Valid: 0.7940, Test: 0.8489
Run: 05, Epoch: 62, Loss: 0.0001, lr: 0.000168, Train: 0.9973, Valid: 0.7934, Test: 0.8486
Run: 05, Epoch: 63, Loss: 0.0001, lr: 0.000168, Train: 0.9973, Valid: 0.7929, Test: 0.8483
Run: 05, Epoch: 64, Loss: 0.0001, lr: 0.000168, Train: 0.9974, Valid: 0.7924, Test: 0.8479
Run: 05, Epoch: 65, Loss: 0.0001, lr: 0.000168, Train: 0.9974, Valid: 0.7919, Test: 0.8476
Run: 05, Epoch: 66, Loss: 0.0001, lr: 0.000168, Train: 0.9974, Valid: 0.7916, Test: 0.8474
Run: 05, Epoch: 67, Loss: 0.0001, lr: 0.000168, Train: 0.9974, Valid: 0.7913, Test: 0.8474
Run: 05, Epoch: 68, Loss: 0.0001, lr: 0.000118, Train: 0.9975, Valid: 0.7911, Test: 0.8474
Run: 05, Epoch: 69, Loss: 0.0001, lr: 0.000118, Train: 0.9975, Valid: 0.7910, Test: 0.8475
Run: 05, Epoch: 70, Loss: 0.0001, lr: 0.000118, Train: 0.9975, Valid: 0.7909, Test: 0.8477
Run: 05, Epoch: 71, Loss: 0.0001, lr: 0.000118, Train: 0.9976, Valid: 0.7909, Test: 0.8479
Run: 05, Epoch: 72, Loss: 0.0001, lr: 0.000118, Train: 0.9976, Valid: 0.7909, Test: 0.8482
Run: 05, Epoch: 73, Loss: 0.0001, lr: 0.000118, Train: 0.9976, Valid: 0.7909, Test: 0.8484
Run: 05, Epoch: 74, Loss: 0.0001, lr: 0.000082, Train: 0.9977, Valid: 0.7908, Test: 0.8484
Run: 05, Epoch: 75, Loss: 0.0001, lr: 0.000082, Train: 0.9977, Valid: 0.7906, Test: 0.8483
Run: 05, Epoch: 76, Loss: 0.0001, lr: 0.000082, Train: 0.9977, Valid: 0.7905, Test: 0.8483
Run: 05, Epoch: 77, Loss: 0.0001, lr: 0.000082, Train: 0.9978, Valid: 0.7903, Test: 0.8482
Run: 05, Epoch: 78, Loss: 0.0001, lr: 0.000082, Train: 0.9978, Valid: 0.7901, Test: 0.8480
Run: 05, Epoch: 79, Loss: 0.0001, lr: 0.000082, Train: 0.9978, Valid: 0.7898, Test: 0.8479
Run: 05, Epoch: 80, Loss: 0.0001, lr: 0.000058, Train: 0.9979, Valid: 0.7896, Test: 0.8476
Run: 05, Epoch: 81, Loss: 0.0001, lr: 0.000058, Train: 0.9979, Valid: 0.7893, Test: 0.8474
Run: 05, Epoch: 82, Loss: 0.0001, lr: 0.000058, Train: 0.9979, Valid: 0.7890, Test: 0.8472
Run: 05, Epoch: 83, Loss: 0.0001, lr: 0.000058, Train: 0.9979, Valid: 0.7887, Test: 0.8469
Run: 05, Epoch: 84, Loss: 0.0001, lr: 0.000058, Train: 0.9979, Valid: 0.7885, Test: 0.8467
Run: 05, Epoch: 85, Loss: 0.0001, lr: 0.000058, Train: 0.9980, Valid: 0.7882, Test: 0.8466
Run: 05, Epoch: 86, Loss: 0.0001, lr: 0.000040, Train: 0.9980, Valid: 0.7880, Test: 0.8464
Run: 05, Epoch: 87, Loss: 0.0001, lr: 0.000040, Train: 0.9980, Valid: 0.7878, Test: 0.8462
Run: 05, Epoch: 88, Loss: 0.0001, lr: 0.000040, Train: 0.9980, Valid: 0.7876, Test: 0.8460
Run: 05, Epoch: 89, Loss: 0.0001, lr: 0.000040, Train: 0.9980, Valid: 0.7874, Test: 0.8459
Run: 05, Epoch: 90, Loss: 0.0001, lr: 0.000040, Train: 0.9980, Valid: 0.7872, Test: 0.8457
Run: 05, Epoch: 91, Loss: 0.0001, lr: 0.000040, Train: 0.9980, Valid: 0.7871, Test: 0.8456
Run: 05, Epoch: 92, Loss: 0.0001, lr: 0.000028, Train: 0.9980, Valid: 0.7869, Test: 0.8455
Run: 05, Epoch: 93, Loss: 0.0001, lr: 0.000028, Train: 0.9980, Valid: 0.7868, Test: 0.8454
Run: 05, Epoch: 94, Loss: 0.0001, lr: 0.000028, Train: 0.9980, Valid: 0.7867, Test: 0.8453
Run: 05, Epoch: 95, Loss: 0.0001, lr: 0.000028, Train: 0.9981, Valid: 0.7866, Test: 0.8452
Run: 05, Epoch: 96, Loss: 0.0001, lr: 0.000028, Train: 0.9981, Valid: 0.7865, Test: 0.8451
Run: 05, Epoch: 97, Loss: 0.0001, lr: 0.000028, Train: 0.9981, Valid: 0.7864, Test: 0.8451
Run: 05, Epoch: 98, Loss: 0.0001, lr: 0.000020, Train: 0.9981, Valid: 0.7863, Test: 0.8450
Run: 05, Epoch: 99, Loss: 0.0001, lr: 0.000020, Train: 0.9981, Valid: 0.7863, Test: 0.8449
Run: 05, Epoch: 100, Loss: 0.0001, lr: 0.000020, Train: 0.9981, Valid: 0.7862, Test: 0.8449
Run 05:
Highest Train: 1.00
Highest Valid: 0.81
  Final Train: 0.99
   Final Test: 0.87
Run: 06, Epoch: 01, Loss: 0.0393, lr: 0.001000, Train: 0.6114, Valid: -0.4164, Test: 0.4854
Run: 06, Epoch: 02, Loss: 0.0072, lr: 0.001000, Train: 0.5472, Valid: 0.1294, Test: 0.3569
Run: 06, Epoch: 03, Loss: 0.0113, lr: 0.001000, Train: 0.7512, Valid: 0.4291, Test: 0.6543
Run: 06, Epoch: 04, Loss: 0.0034, lr: 0.001000, Train: 0.7569, Valid: 0.4273, Test: 0.7422
Run: 06, Epoch: 05, Loss: 0.0042, lr: 0.001000, Train: 0.6904, Valid: 0.1395, Test: 0.6836
Run: 06, Epoch: 06, Loss: 0.0027, lr: 0.001000, Train: 0.7649, Valid: 0.3646, Test: 0.7383
Run: 06, Epoch: 07, Loss: 0.0020, lr: 0.001000, Train: 0.7656, Valid: 0.4427, Test: 0.7727
Run: 06, Epoch: 08, Loss: 0.0016, lr: 0.001000, Train: 0.7787, Valid: 0.5320, Test: 0.8104
Run: 06, Epoch: 09, Loss: 0.0015, lr: 0.001000, Train: 0.7933, Valid: 0.5473, Test: 0.8218
Run: 06, Epoch: 10, Loss: 0.0012, lr: 0.001000, Train: 0.6197, Valid: 0.1640, Test: 0.6813
Run: 06, Epoch: 11, Loss: 0.0013, lr: 0.001000, Train: 0.7148, Valid: 0.3658, Test: 0.7678
Run: 06, Epoch: 12, Loss: 0.0012, lr: 0.001000, Train: 0.6839, Valid: 0.3580, Test: 0.7638
Run: 06, Epoch: 13, Loss: 0.0010, lr: 0.001000, Train: 0.7457, Valid: 0.4268, Test: 0.8009
Run: 06, Epoch: 14, Loss: 0.0010, lr: 0.001000, Train: 0.7947, Valid: 0.4881, Test: 0.8253
Run: 06, Epoch: 15, Loss: 0.0009, lr: 0.001000, Train: 0.8181, Valid: 0.5130, Test: 0.8287
Run: 06, Epoch: 16, Loss: 0.0008, lr: 0.000700, Train: 0.8322, Valid: 0.5380, Test: 0.8334
Run: 06, Epoch: 17, Loss: 0.0008, lr: 0.000700, Train: 0.8286, Valid: 0.5360, Test: 0.8267
Run: 06, Epoch: 18, Loss: 0.0007, lr: 0.000700, Train: 0.8008, Valid: 0.4721, Test: 0.7717
Run: 06, Epoch: 19, Loss: 0.0007, lr: 0.000700, Train: 0.8596, Valid: 0.5976, Test: 0.8599
Run: 06, Epoch: 20, Loss: 0.0006, lr: 0.000700, Train: 0.8814, Valid: 0.6418, Test: 0.8792
Run: 06, Epoch: 21, Loss: 0.0006, lr: 0.000700, Train: 0.8974, Valid: 0.6784, Test: 0.8920
Run: 06, Epoch: 22, Loss: 0.0006, lr: 0.000700, Train: 0.9138, Valid: 0.7234, Test: 0.9043
Run: 06, Epoch: 23, Loss: 0.0006, lr: 0.000700, Train: 0.9290, Valid: 0.7670, Test: 0.9154
Run: 06, Epoch: 24, Loss: 0.0005, lr: 0.000700, Train: 0.9413, Valid: 0.7979, Test: 0.9248
Run: 06, Epoch: 25, Loss: 0.0005, lr: 0.000700, Train: 0.9470, Valid: 0.8066, Test: 0.9288
Run: 06, Epoch: 26, Loss: 0.0004, lr: 0.000700, Train: 0.9528, Valid: 0.8130, Test: 0.9327
Run: 06, Epoch: 27, Loss: 0.0004, lr: 0.000700, Train: 0.9700, Valid: 0.8485, Test: 0.9456
Run: 06, Epoch: 28, Loss: 0.0004, lr: 0.000700, Train: 0.9796, Valid: 0.8605, Test: 0.9478
Run: 06, Epoch: 29, Loss: 0.0003, lr: 0.000700, Train: 0.9843, Valid: 0.8691, Test: 0.9437
Run: 06, Epoch: 30, Loss: 0.0003, lr: 0.000700, Train: 0.9866, Valid: 0.8737, Test: 0.9373
Run: 06, Epoch: 31, Loss: 0.0003, lr: 0.000700, Train: 0.9892, Valid: 0.8752, Test: 0.9373
Run: 06, Epoch: 32, Loss: 0.0003, lr: 0.000700, Train: 0.9909, Valid: 0.8751, Test: 0.9412
Run: 06, Epoch: 33, Loss: 0.0003, lr: 0.000700, Train: 0.9918, Valid: 0.8763, Test: 0.9426
Run: 06, Epoch: 34, Loss: 0.0003, lr: 0.000700, Train: 0.9923, Valid: 0.8778, Test: 0.9437
Run: 06, Epoch: 35, Loss: 0.0002, lr: 0.000700, Train: 0.9923, Valid: 0.8767, Test: 0.9450
Run: 06, Epoch: 36, Loss: 0.0002, lr: 0.000700, Train: 0.9920, Valid: 0.8724, Test: 0.9442
Run: 06, Epoch: 37, Loss: 0.0002, lr: 0.000700, Train: 0.9919, Valid: 0.8691, Test: 0.9435
Run: 06, Epoch: 38, Loss: 0.0002, lr: 0.000700, Train: 0.9922, Valid: 0.8689, Test: 0.9420
Run: 06, Epoch: 39, Loss: 0.0002, lr: 0.000700, Train: 0.9923, Valid: 0.8699, Test: 0.9383
Run: 06, Epoch: 40, Loss: 0.0002, lr: 0.000700, Train: 0.9874, Valid: 0.8661, Test: 0.9373
Run: 06, Epoch: 41, Loss: 0.0001, lr: 0.000490, Train: 0.9859, Valid: 0.8629, Test: 0.9355
Run: 06, Epoch: 42, Loss: 0.0001, lr: 0.000490, Train: 0.9880, Valid: 0.8624, Test: 0.9336
Run: 06, Epoch: 43, Loss: 0.0001, lr: 0.000490, Train: 0.9901, Valid: 0.8623, Test: 0.9311
Run: 06, Epoch: 44, Loss: 0.0001, lr: 0.000490, Train: 0.9890, Valid: 0.8611, Test: 0.9310
Run: 06, Epoch: 45, Loss: 0.0001, lr: 0.000490, Train: 0.9875, Valid: 0.8616, Test: 0.9309
Run: 06, Epoch: 46, Loss: 0.0001, lr: 0.000490, Train: 0.9886, Valid: 0.8660, Test: 0.9306
Run: 06, Epoch: 47, Loss: 0.0001, lr: 0.000343, Train: 0.9906, Valid: 0.8705, Test: 0.9305
Run: 06, Epoch: 48, Loss: 0.0001, lr: 0.000343, Train: 0.9921, Valid: 0.8734, Test: 0.9308
Run: 06, Epoch: 49, Loss: 0.0001, lr: 0.000343, Train: 0.9933, Valid: 0.8745, Test: 0.9308
Run: 06, Epoch: 50, Loss: 0.0001, lr: 0.000343, Train: 0.9947, Valid: 0.8745, Test: 0.9297
Run: 06, Epoch: 51, Loss: 0.0001, lr: 0.000343, Train: 0.9956, Valid: 0.8740, Test: 0.9286
Run: 06, Epoch: 52, Loss: 0.0001, lr: 0.000343, Train: 0.9955, Valid: 0.8740, Test: 0.9291
Run: 06, Epoch: 53, Loss: 0.0001, lr: 0.000240, Train: 0.9954, Valid: 0.8747, Test: 0.9299
Run: 06, Epoch: 54, Loss: 0.0001, lr: 0.000240, Train: 0.9955, Valid: 0.8756, Test: 0.9305
Run: 06, Epoch: 55, Loss: 0.0001, lr: 0.000240, Train: 0.9959, Valid: 0.8766, Test: 0.9308
Run: 06, Epoch: 56, Loss: 0.0001, lr: 0.000240, Train: 0.9964, Valid: 0.8776, Test: 0.9308
Run: 06, Epoch: 57, Loss: 0.0000, lr: 0.000240, Train: 0.9966, Valid: 0.8784, Test: 0.9308
Run: 06, Epoch: 58, Loss: 0.0000, lr: 0.000240, Train: 0.9969, Valid: 0.8787, Test: 0.9304
Run: 06, Epoch: 59, Loss: 0.0000, lr: 0.000240, Train: 0.9972, Valid: 0.8787, Test: 0.9295
Run: 06, Epoch: 60, Loss: 0.0000, lr: 0.000240, Train: 0.9975, Valid: 0.8785, Test: 0.9289
Run: 06, Epoch: 61, Loss: 0.0000, lr: 0.000240, Train: 0.9974, Valid: 0.8785, Test: 0.9291
Run: 06, Epoch: 62, Loss: 0.0000, lr: 0.000240, Train: 0.9973, Valid: 0.8787, Test: 0.9296
Run: 06, Epoch: 63, Loss: 0.0000, lr: 0.000240, Train: 0.9973, Valid: 0.8787, Test: 0.9298
Run: 06, Epoch: 64, Loss: 0.0000, lr: 0.000240, Train: 0.9976, Valid: 0.8789, Test: 0.9297
Run: 06, Epoch: 65, Loss: 0.0000, lr: 0.000240, Train: 0.9977, Valid: 0.8793, Test: 0.9296
Run: 06, Epoch: 66, Loss: 0.0000, lr: 0.000240, Train: 0.9979, Valid: 0.8799, Test: 0.9294
Run: 06, Epoch: 67, Loss: 0.0000, lr: 0.000240, Train: 0.9983, Valid: 0.8803, Test: 0.9289
Run: 06, Epoch: 68, Loss: 0.0000, lr: 0.000240, Train: 0.9985, Valid: 0.8805, Test: 0.9285
Run: 06, Epoch: 69, Loss: 0.0000, lr: 0.000240, Train: 0.9986, Valid: 0.8808, Test: 0.9287
Run: 06, Epoch: 70, Loss: 0.0000, lr: 0.000240, Train: 0.9987, Valid: 0.8811, Test: 0.9291
Run: 06, Epoch: 71, Loss: 0.0000, lr: 0.000240, Train: 0.9988, Valid: 0.8811, Test: 0.9291
Run: 06, Epoch: 72, Loss: 0.0000, lr: 0.000240, Train: 0.9988, Valid: 0.8809, Test: 0.9292
Run: 06, Epoch: 73, Loss: 0.0000, lr: 0.000240, Train: 0.9988, Valid: 0.8807, Test: 0.9293
Run: 06, Epoch: 74, Loss: 0.0000, lr: 0.000240, Train: 0.9989, Valid: 0.8802, Test: 0.9290
Run: 06, Epoch: 75, Loss: 0.0000, lr: 0.000240, Train: 0.9991, Valid: 0.8797, Test: 0.9286
Run: 06, Epoch: 76, Loss: 0.0000, lr: 0.000240, Train: 0.9991, Valid: 0.8796, Test: 0.9286
Run: 06, Epoch: 77, Loss: 0.0000, lr: 0.000168, Train: 0.9991, Valid: 0.8798, Test: 0.9285
Run: 06, Epoch: 78, Loss: 0.0000, lr: 0.000168, Train: 0.9992, Valid: 0.8801, Test: 0.9284
Run: 06, Epoch: 79, Loss: 0.0000, lr: 0.000168, Train: 0.9992, Valid: 0.8805, Test: 0.9282
Run: 06, Epoch: 80, Loss: 0.0000, lr: 0.000168, Train: 0.9993, Valid: 0.8810, Test: 0.9281
Run: 06, Epoch: 81, Loss: 0.0000, lr: 0.000168, Train: 0.9993, Valid: 0.8812, Test: 0.9280
Run: 06, Epoch: 82, Loss: 0.0000, lr: 0.000168, Train: 0.9993, Valid: 0.8811, Test: 0.9278
Run: 06, Epoch: 83, Loss: 0.0000, lr: 0.000118, Train: 0.9994, Valid: 0.8809, Test: 0.9277
Run: 06, Epoch: 84, Loss: 0.0000, lr: 0.000118, Train: 0.9994, Valid: 0.8806, Test: 0.9276
Run: 06, Epoch: 85, Loss: 0.0000, lr: 0.000118, Train: 0.9995, Valid: 0.8804, Test: 0.9276
Run: 06, Epoch: 86, Loss: 0.0000, lr: 0.000118, Train: 0.9995, Valid: 0.8801, Test: 0.9276
Run: 06, Epoch: 87, Loss: 0.0000, lr: 0.000118, Train: 0.9995, Valid: 0.8800, Test: 0.9275
Run: 06, Epoch: 88, Loss: 0.0000, lr: 0.000118, Train: 0.9996, Valid: 0.8800, Test: 0.9275
Run: 06, Epoch: 89, Loss: 0.0000, lr: 0.000082, Train: 0.9996, Valid: 0.8801, Test: 0.9275
Run: 06, Epoch: 90, Loss: 0.0000, lr: 0.000082, Train: 0.9996, Valid: 0.8803, Test: 0.9275
Run: 06, Epoch: 91, Loss: 0.0000, lr: 0.000082, Train: 0.9996, Valid: 0.8805, Test: 0.9275
Run: 06, Epoch: 92, Loss: 0.0000, lr: 0.000082, Train: 0.9996, Valid: 0.8807, Test: 0.9275
Run: 06, Epoch: 93, Loss: 0.0000, lr: 0.000082, Train: 0.9997, Valid: 0.8808, Test: 0.9275
Run: 06, Epoch: 94, Loss: 0.0000, lr: 0.000082, Train: 0.9997, Valid: 0.8808, Test: 0.9274
Run: 06, Epoch: 95, Loss: 0.0000, lr: 0.000058, Train: 0.9997, Valid: 0.8809, Test: 0.9275
Run: 06, Epoch: 96, Loss: 0.0000, lr: 0.000058, Train: 0.9997, Valid: 0.8809, Test: 0.9275
Run: 06, Epoch: 97, Loss: 0.0000, lr: 0.000058, Train: 0.9997, Valid: 0.8809, Test: 0.9275
Run: 06, Epoch: 98, Loss: 0.0000, lr: 0.000058, Train: 0.9997, Valid: 0.8808, Test: 0.9275
Run: 06, Epoch: 99, Loss: 0.0000, lr: 0.000058, Train: 0.9997, Valid: 0.8807, Test: 0.9275
Run: 06, Epoch: 100, Loss: 0.0000, lr: 0.000058, Train: 0.9997, Valid: 0.8807, Test: 0.9274
Run 06:
Highest Train: 1.00
Highest Valid: 0.88
  Final Train: 1.00
   Final Test: 0.93
Run: 07, Epoch: 01, Loss: 0.0708, lr: 0.001000, Train: 0.4572, Valid: -0.1988, Test: 0.2230
Run: 07, Epoch: 02, Loss: 0.0083, lr: 0.001000, Train: 0.3047, Valid: -0.2815, Test: 0.0132
Run: 07, Epoch: 03, Loss: 0.0080, lr: 0.001000, Train: 0.5516, Valid: 0.0533, Test: 0.2024
Run: 07, Epoch: 04, Loss: 0.0045, lr: 0.001000, Train: 0.7077, Valid: 0.2963, Test: 0.3189
Run: 07, Epoch: 05, Loss: 0.0046, lr: 0.001000, Train: 0.7477, Valid: 0.2737, Test: 0.2337
Run: 07, Epoch: 06, Loss: 0.0025, lr: 0.001000, Train: 0.6325, Valid: 0.0361, Test: 0.1075
Run: 07, Epoch: 07, Loss: 0.0037, lr: 0.001000, Train: 0.7929, Valid: 0.3429, Test: 0.3459
Run: 07, Epoch: 08, Loss: 0.0022, lr: 0.001000, Train: 0.7926, Valid: 0.2863, Test: 0.3252
Run: 07, Epoch: 09, Loss: 0.0018, lr: 0.001000, Train: 0.7395, Valid: 0.1239, Test: 0.2470
Run: 07, Epoch: 10, Loss: 0.0017, lr: 0.001000, Train: 0.7310, Valid: 0.0971, Test: 0.2393
Run: 07, Epoch: 11, Loss: 0.0016, lr: 0.001000, Train: 0.7874, Valid: 0.2187, Test: 0.3387
Run: 07, Epoch: 12, Loss: 0.0014, lr: 0.001000, Train: 0.8402, Valid: 0.3542, Test: 0.4448
Run: 07, Epoch: 13, Loss: 0.0012, lr: 0.001000, Train: 0.8678, Valid: 0.4334, Test: 0.5171
Run: 07, Epoch: 14, Loss: 0.0012, lr: 0.001000, Train: 0.8665, Valid: 0.4318, Test: 0.5420
Run: 07, Epoch: 15, Loss: 0.0011, lr: 0.001000, Train: 0.8514, Valid: 0.3965, Test: 0.5323
Run: 07, Epoch: 16, Loss: 0.0010, lr: 0.001000, Train: 0.8470, Valid: 0.3888, Test: 0.5347
Run: 07, Epoch: 17, Loss: 0.0009, lr: 0.001000, Train: 0.8711, Valid: 0.4562, Test: 0.5820
Run: 07, Epoch: 18, Loss: 0.0009, lr: 0.001000, Train: 0.9058, Valid: 0.5478, Test: 0.6462
Run: 07, Epoch: 19, Loss: 0.0008, lr: 0.001000, Train: 0.9301, Valid: 0.6048, Test: 0.6908
Run: 07, Epoch: 20, Loss: 0.0008, lr: 0.001000, Train: 0.9381, Valid: 0.6052, Test: 0.7032
Run: 07, Epoch: 21, Loss: 0.0007, lr: 0.001000, Train: 0.9362, Valid: 0.5736, Test: 0.6952
Run: 07, Epoch: 22, Loss: 0.0007, lr: 0.001000, Train: 0.9366, Valid: 0.5594, Test: 0.6900
Run: 07, Epoch: 23, Loss: 0.0006, lr: 0.001000, Train: 0.9436, Valid: 0.5852, Test: 0.6991
Run: 07, Epoch: 24, Loss: 0.0006, lr: 0.001000, Train: 0.9507, Valid: 0.6206, Test: 0.7131
Run: 07, Epoch: 25, Loss: 0.0005, lr: 0.001000, Train: 0.9516, Valid: 0.6198, Test: 0.7216
Run: 07, Epoch: 26, Loss: 0.0005, lr: 0.001000, Train: 0.9516, Valid: 0.5947, Test: 0.7308
Run: 07, Epoch: 27, Loss: 0.0005, lr: 0.001000, Train: 0.9629, Valid: 0.6352, Test: 0.7555
Run: 07, Epoch: 28, Loss: 0.0004, lr: 0.001000, Train: 0.9725, Valid: 0.6852, Test: 0.7756
Run: 07, Epoch: 29, Loss: 0.0004, lr: 0.001000, Train: 0.9740, Valid: 0.6869, Test: 0.7796
Run: 07, Epoch: 30, Loss: 0.0004, lr: 0.001000, Train: 0.9734, Valid: 0.6774, Test: 0.7789
Run: 07, Epoch: 31, Loss: 0.0004, lr: 0.001000, Train: 0.9767, Valid: 0.6919, Test: 0.7852
Run: 07, Epoch: 32, Loss: 0.0003, lr: 0.001000, Train: 0.9802, Valid: 0.7052, Test: 0.7931
Run: 07, Epoch: 33, Loss: 0.0003, lr: 0.001000, Train: 0.9811, Valid: 0.6828, Test: 0.7964
Run: 07, Epoch: 34, Loss: 0.0003, lr: 0.001000, Train: 0.9822, Valid: 0.6388, Test: 0.8009
Run: 07, Epoch: 35, Loss: 0.0003, lr: 0.001000, Train: 0.9880, Valid: 0.6595, Test: 0.8138
Run: 07, Epoch: 36, Loss: 0.0002, lr: 0.001000, Train: 0.9922, Valid: 0.7108, Test: 0.8255
Run: 07, Epoch: 37, Loss: 0.0002, lr: 0.001000, Train: 0.9934, Valid: 0.7316, Test: 0.8305
Run: 07, Epoch: 38, Loss: 0.0002, lr: 0.001000, Train: 0.9934, Valid: 0.7250, Test: 0.8327
Run: 07, Epoch: 39, Loss: 0.0002, lr: 0.001000, Train: 0.9942, Valid: 0.7396, Test: 0.8377
Run: 07, Epoch: 40, Loss: 0.0002, lr: 0.001000, Train: 0.9947, Valid: 0.7543, Test: 0.8419
Run: 07, Epoch: 41, Loss: 0.0002, lr: 0.001000, Train: 0.9949, Valid: 0.7403, Test: 0.8429
Run: 07, Epoch: 42, Loss: 0.0001, lr: 0.001000, Train: 0.9949, Valid: 0.7367, Test: 0.8439
Run: 07, Epoch: 43, Loss: 0.0001, lr: 0.001000, Train: 0.9943, Valid: 0.7611, Test: 0.8460
Run: 07, Epoch: 44, Loss: 0.0001, lr: 0.001000, Train: 0.9934, Valid: 0.7717, Test: 0.8477
Run: 07, Epoch: 45, Loss: 0.0001, lr: 0.001000, Train: 0.9938, Valid: 0.7690, Test: 0.8487
Run: 07, Epoch: 46, Loss: 0.0001, lr: 0.001000, Train: 0.9944, Valid: 0.7824, Test: 0.8485
Run: 07, Epoch: 47, Loss: 0.0001, lr: 0.001000, Train: 0.9950, Valid: 0.7724, Test: 0.8470
Run: 07, Epoch: 48, Loss: 0.0001, lr: 0.001000, Train: 0.9948, Valid: 0.7547, Test: 0.8453
Run: 07, Epoch: 49, Loss: 0.0001, lr: 0.001000, Train: 0.9940, Valid: 0.7742, Test: 0.8439
Run: 07, Epoch: 50, Loss: 0.0001, lr: 0.001000, Train: 0.9953, Valid: 0.7690, Test: 0.8445
Run: 07, Epoch: 51, Loss: 0.0001, lr: 0.001000, Train: 0.9959, Valid: 0.7568, Test: 0.8437
Run: 07, Epoch: 52, Loss: 0.0001, lr: 0.001000, Train: 0.9943, Valid: 0.7767, Test: 0.8402
Run: 07, Epoch: 53, Loss: 0.0000, lr: 0.000700, Train: 0.9954, Valid: 0.7527, Test: 0.8376
Run: 07, Epoch: 54, Loss: 0.0000, lr: 0.000700, Train: 0.9961, Valid: 0.7603, Test: 0.8352
Run: 07, Epoch: 55, Loss: 0.0000, lr: 0.000700, Train: 0.9963, Valid: 0.7790, Test: 0.8335
Run: 07, Epoch: 56, Loss: 0.0000, lr: 0.000700, Train: 0.9974, Valid: 0.7650, Test: 0.8328
Run: 07, Epoch: 57, Loss: 0.0000, lr: 0.000700, Train: 0.9977, Valid: 0.7631, Test: 0.8325
Run: 07, Epoch: 58, Loss: 0.0000, lr: 0.000700, Train: 0.9977, Valid: 0.7732, Test: 0.8324
Run: 07, Epoch: 59, Loss: 0.0000, lr: 0.000490, Train: 0.9984, Valid: 0.7601, Test: 0.8318
Run: 07, Epoch: 60, Loss: 0.0000, lr: 0.000490, Train: 0.9987, Valid: 0.7500, Test: 0.8309
Run: 07, Epoch: 61, Loss: 0.0000, lr: 0.000490, Train: 0.9987, Valid: 0.7593, Test: 0.8303
Run: 07, Epoch: 62, Loss: 0.0000, lr: 0.000490, Train: 0.9987, Valid: 0.7648, Test: 0.8297
Run: 07, Epoch: 63, Loss: 0.0000, lr: 0.000490, Train: 0.9990, Valid: 0.7536, Test: 0.8291
Run: 07, Epoch: 64, Loss: 0.0000, lr: 0.000490, Train: 0.9992, Valid: 0.7505, Test: 0.8292
Run: 07, Epoch: 65, Loss: 0.0000, lr: 0.000343, Train: 0.9992, Valid: 0.7573, Test: 0.8297
Run: 07, Epoch: 66, Loss: 0.0000, lr: 0.000343, Train: 0.9992, Valid: 0.7612, Test: 0.8299
Run: 07, Epoch: 67, Loss: 0.0000, lr: 0.000343, Train: 0.9993, Valid: 0.7558, Test: 0.8297
Run: 07, Epoch: 68, Loss: 0.0000, lr: 0.000343, Train: 0.9994, Valid: 0.7499, Test: 0.8291
Run: 07, Epoch: 69, Loss: 0.0000, lr: 0.000343, Train: 0.9994, Valid: 0.7524, Test: 0.8285
Run: 07, Epoch: 70, Loss: 0.0000, lr: 0.000343, Train: 0.9995, Valid: 0.7578, Test: 0.8280
Run: 07, Epoch: 71, Loss: 0.0000, lr: 0.000240, Train: 0.9995, Valid: 0.7563, Test: 0.8276
Run: 07, Epoch: 72, Loss: 0.0000, lr: 0.000240, Train: 0.9996, Valid: 0.7513, Test: 0.8272
Run: 07, Epoch: 73, Loss: 0.0000, lr: 0.000240, Train: 0.9996, Valid: 0.7484, Test: 0.8271
Run: 07, Epoch: 74, Loss: 0.0000, lr: 0.000240, Train: 0.9996, Valid: 0.7508, Test: 0.8274
Run: 07, Epoch: 75, Loss: 0.0000, lr: 0.000240, Train: 0.9996, Valid: 0.7548, Test: 0.8277
Run: 07, Epoch: 76, Loss: 0.0000, lr: 0.000240, Train: 0.9996, Valid: 0.7551, Test: 0.8279
Run: 07, Epoch: 77, Loss: 0.0000, lr: 0.000168, Train: 0.9997, Valid: 0.7527, Test: 0.8279
Run: 07, Epoch: 78, Loss: 0.0000, lr: 0.000168, Train: 0.9997, Valid: 0.7499, Test: 0.8279
Run: 07, Epoch: 79, Loss: 0.0000, lr: 0.000168, Train: 0.9997, Valid: 0.7494, Test: 0.8279
Run: 07, Epoch: 80, Loss: 0.0000, lr: 0.000168, Train: 0.9997, Valid: 0.7515, Test: 0.8279
Run: 07, Epoch: 81, Loss: 0.0000, lr: 0.000168, Train: 0.9997, Valid: 0.7542, Test: 0.8279
Run: 07, Epoch: 82, Loss: 0.0000, lr: 0.000168, Train: 0.9997, Valid: 0.7552, Test: 0.8279
Run: 07, Epoch: 83, Loss: 0.0000, lr: 0.000118, Train: 0.9997, Valid: 0.7542, Test: 0.8277
Run: 07, Epoch: 84, Loss: 0.0000, lr: 0.000118, Train: 0.9998, Valid: 0.7524, Test: 0.8276
Run: 07, Epoch: 85, Loss: 0.0000, lr: 0.000118, Train: 0.9998, Valid: 0.7509, Test: 0.8275
Run: 07, Epoch: 86, Loss: 0.0000, lr: 0.000118, Train: 0.9998, Valid: 0.7506, Test: 0.8274
Run: 07, Epoch: 87, Loss: 0.0000, lr: 0.000118, Train: 0.9998, Valid: 0.7516, Test: 0.8274
Run: 07, Epoch: 88, Loss: 0.0000, lr: 0.000118, Train: 0.9998, Valid: 0.7529, Test: 0.8273
Run: 07, Epoch: 89, Loss: 0.0000, lr: 0.000082, Train: 0.9998, Valid: 0.7533, Test: 0.8272
Run: 07, Epoch: 90, Loss: 0.0000, lr: 0.000082, Train: 0.9998, Valid: 0.7529, Test: 0.8271
Run: 07, Epoch: 91, Loss: 0.0000, lr: 0.000082, Train: 0.9998, Valid: 0.7521, Test: 0.8270
Run: 07, Epoch: 92, Loss: 0.0000, lr: 0.000082, Train: 0.9998, Valid: 0.7510, Test: 0.8269
Run: 07, Epoch: 93, Loss: 0.0000, lr: 0.000082, Train: 0.9998, Valid: 0.7502, Test: 0.8268
Run: 07, Epoch: 94, Loss: 0.0000, lr: 0.000082, Train: 0.9998, Valid: 0.7500, Test: 0.8267
Run: 07, Epoch: 95, Loss: 0.0000, lr: 0.000058, Train: 0.9998, Valid: 0.7502, Test: 0.8267
Run: 07, Epoch: 96, Loss: 0.0000, lr: 0.000058, Train: 0.9998, Valid: 0.7507, Test: 0.8266
Run: 07, Epoch: 97, Loss: 0.0000, lr: 0.000058, Train: 0.9998, Valid: 0.7513, Test: 0.8266
Run: 07, Epoch: 98, Loss: 0.0000, lr: 0.000058, Train: 0.9998, Valid: 0.7517, Test: 0.8266
Run: 07, Epoch: 99, Loss: 0.0000, lr: 0.000058, Train: 0.9998, Valid: 0.7518, Test: 0.8265
Run: 07, Epoch: 100, Loss: 0.0000, lr: 0.000058, Train: 0.9998, Valid: 0.7516, Test: 0.8265
Run 07:
Highest Train: 1.00
Highest Valid: 0.78
  Final Train: 0.99
   Final Test: 0.85
Run: 08, Epoch: 01, Loss: 0.0318, lr: 0.001000, Train: 0.7488, Valid: 0.7146, Test: 0.7348
Run: 08, Epoch: 02, Loss: 0.0098, lr: 0.001000, Train: 0.6772, Valid: 0.6440, Test: 0.7692
Run: 08, Epoch: 03, Loss: 0.0088, lr: 0.001000, Train: 0.5969, Valid: 0.4377, Test: 0.6769
Run: 08, Epoch: 04, Loss: 0.0056, lr: 0.001000, Train: 0.5531, Valid: 0.3810, Test: 0.6241
Run: 08, Epoch: 05, Loss: 0.0032, lr: 0.001000, Train: 0.4848, Valid: 0.3804, Test: 0.5953
Run: 08, Epoch: 06, Loss: 0.0031, lr: 0.001000, Train: 0.4800, Valid: 0.3181, Test: 0.5443
Run: 08, Epoch: 07, Loss: 0.0023, lr: 0.001000, Train: 0.5142, Valid: 0.2498, Test: 0.5447
Run: 08, Epoch: 08, Loss: 0.0018, lr: 0.000700, Train: 0.5469, Valid: 0.2639, Test: 0.5883
Run: 08, Epoch: 09, Loss: 0.0019, lr: 0.000700, Train: 0.5742, Valid: 0.3143, Test: 0.6282
Run: 08, Epoch: 10, Loss: 0.0017, lr: 0.000700, Train: 0.5907, Valid: 0.3812, Test: 0.6452
Run: 08, Epoch: 11, Loss: 0.0016, lr: 0.000700, Train: 0.5907, Valid: 0.4292, Test: 0.6225
Run: 08, Epoch: 12, Loss: 0.0015, lr: 0.000700, Train: 0.7012, Valid: 0.5823, Test: 0.7088
Run: 08, Epoch: 13, Loss: 0.0013, lr: 0.000700, Train: 0.7585, Valid: 0.6524, Test: 0.7469
Run: 08, Epoch: 14, Loss: 0.0012, lr: 0.000490, Train: 0.7842, Valid: 0.6872, Test: 0.7633
Run: 08, Epoch: 15, Loss: 0.0012, lr: 0.000490, Train: 0.7967, Valid: 0.7092, Test: 0.7756
Run: 08, Epoch: 16, Loss: 0.0011, lr: 0.000490, Train: 0.8087, Valid: 0.7352, Test: 0.7917
Run: 08, Epoch: 17, Loss: 0.0010, lr: 0.000490, Train: 0.8337, Valid: 0.7747, Test: 0.8161
Run: 08, Epoch: 18, Loss: 0.0009, lr: 0.000490, Train: 0.8572, Valid: 0.8101, Test: 0.8353
Run: 08, Epoch: 19, Loss: 0.0009, lr: 0.000490, Train: 0.8748, Valid: 0.8353, Test: 0.8445
Run: 08, Epoch: 20, Loss: 0.0009, lr: 0.000490, Train: 0.8870, Valid: 0.8521, Test: 0.8469
Run: 08, Epoch: 21, Loss: 0.0008, lr: 0.000490, Train: 0.8895, Valid: 0.8632, Test: 0.8470
Run: 08, Epoch: 22, Loss: 0.0008, lr: 0.000490, Train: 0.9269, Valid: 0.8995, Test: 0.8688
Run: 08, Epoch: 23, Loss: 0.0007, lr: 0.000490, Train: 0.9463, Valid: 0.9220, Test: 0.8858
Run: 08, Epoch: 24, Loss: 0.0007, lr: 0.000490, Train: 0.9561, Valid: 0.9331, Test: 0.8961
Run: 08, Epoch: 25, Loss: 0.0006, lr: 0.000490, Train: 0.9575, Valid: 0.9357, Test: 0.8976
Run: 08, Epoch: 26, Loss: 0.0006, lr: 0.000490, Train: 0.9582, Valid: 0.9355, Test: 0.8971
Run: 08, Epoch: 27, Loss: 0.0006, lr: 0.000490, Train: 0.9623, Valid: 0.9378, Test: 0.8974
Run: 08, Epoch: 28, Loss: 0.0006, lr: 0.000490, Train: 0.9671, Valid: 0.9427, Test: 0.8993
Run: 08, Epoch: 29, Loss: 0.0005, lr: 0.000490, Train: 0.9735, Valid: 0.9499, Test: 0.9066
Run: 08, Epoch: 30, Loss: 0.0005, lr: 0.000490, Train: 0.9795, Valid: 0.9558, Test: 0.9165
Run: 08, Epoch: 31, Loss: 0.0005, lr: 0.000490, Train: 0.9835, Valid: 0.9587, Test: 0.9250
Run: 08, Epoch: 32, Loss: 0.0005, lr: 0.000490, Train: 0.9854, Valid: 0.9593, Test: 0.9288
Run: 08, Epoch: 33, Loss: 0.0004, lr: 0.000490, Train: 0.9856, Valid: 0.9590, Test: 0.9280
Run: 08, Epoch: 34, Loss: 0.0004, lr: 0.000490, Train: 0.9850, Valid: 0.9580, Test: 0.9249
Run: 08, Epoch: 35, Loss: 0.0004, lr: 0.000490, Train: 0.9851, Valid: 0.9580, Test: 0.9238
Run: 08, Epoch: 36, Loss: 0.0004, lr: 0.000490, Train: 0.9873, Valid: 0.9597, Test: 0.9276
Run: 08, Epoch: 37, Loss: 0.0004, lr: 0.000490, Train: 0.9893, Valid: 0.9600, Test: 0.9333
Run: 08, Epoch: 38, Loss: 0.0003, lr: 0.000490, Train: 0.9896, Valid: 0.9581, Test: 0.9374
Run: 08, Epoch: 39, Loss: 0.0003, lr: 0.000490, Train: 0.9894, Valid: 0.9563, Test: 0.9393
Run: 08, Epoch: 40, Loss: 0.0003, lr: 0.000490, Train: 0.9895, Valid: 0.9558, Test: 0.9398
Run: 08, Epoch: 41, Loss: 0.0003, lr: 0.000490, Train: 0.9898, Valid: 0.9556, Test: 0.9402
Run: 08, Epoch: 42, Loss: 0.0003, lr: 0.000490, Train: 0.9899, Valid: 0.9543, Test: 0.9409
Run: 08, Epoch: 43, Loss: 0.0003, lr: 0.000490, Train: 0.9897, Valid: 0.9523, Test: 0.9411
Run: 08, Epoch: 44, Loss: 0.0002, lr: 0.000343, Train: 0.9896, Valid: 0.9512, Test: 0.9405
Run: 08, Epoch: 45, Loss: 0.0002, lr: 0.000343, Train: 0.9895, Valid: 0.9503, Test: 0.9395
Run: 08, Epoch: 46, Loss: 0.0002, lr: 0.000343, Train: 0.9893, Valid: 0.9494, Test: 0.9386
Run: 08, Epoch: 47, Loss: 0.0002, lr: 0.000343, Train: 0.9893, Valid: 0.9489, Test: 0.9379
Run: 08, Epoch: 48, Loss: 0.0002, lr: 0.000343, Train: 0.9898, Valid: 0.9491, Test: 0.9372
Run: 08, Epoch: 49, Loss: 0.0002, lr: 0.000343, Train: 0.9907, Valid: 0.9502, Test: 0.9363
Run: 08, Epoch: 50, Loss: 0.0002, lr: 0.000240, Train: 0.9917, Valid: 0.9517, Test: 0.9353
Run: 08, Epoch: 51, Loss: 0.0002, lr: 0.000240, Train: 0.9926, Valid: 0.9531, Test: 0.9343
Run: 08, Epoch: 52, Loss: 0.0002, lr: 0.000240, Train: 0.9932, Valid: 0.9541, Test: 0.9335
Run: 08, Epoch: 53, Loss: 0.0002, lr: 0.000240, Train: 0.9937, Valid: 0.9548, Test: 0.9331
Run: 08, Epoch: 54, Loss: 0.0002, lr: 0.000240, Train: 0.9939, Valid: 0.9551, Test: 0.9331
Run: 08, Epoch: 55, Loss: 0.0002, lr: 0.000240, Train: 0.9941, Valid: 0.9552, Test: 0.9332
Run: 08, Epoch: 56, Loss: 0.0002, lr: 0.000168, Train: 0.9943, Valid: 0.9553, Test: 0.9331
Run: 08, Epoch: 57, Loss: 0.0002, lr: 0.000168, Train: 0.9945, Valid: 0.9555, Test: 0.9330
Run: 08, Epoch: 58, Loss: 0.0001, lr: 0.000168, Train: 0.9948, Valid: 0.9558, Test: 0.9326
Run: 08, Epoch: 59, Loss: 0.0001, lr: 0.000168, Train: 0.9950, Valid: 0.9561, Test: 0.9320
Run: 08, Epoch: 60, Loss: 0.0001, lr: 0.000168, Train: 0.9952, Valid: 0.9561, Test: 0.9317
Run: 08, Epoch: 61, Loss: 0.0001, lr: 0.000168, Train: 0.9954, Valid: 0.9561, Test: 0.9315
Run: 08, Epoch: 62, Loss: 0.0001, lr: 0.000118, Train: 0.9956, Valid: 0.9560, Test: 0.9312
Run: 08, Epoch: 63, Loss: 0.0001, lr: 0.000118, Train: 0.9957, Valid: 0.9561, Test: 0.9308
Run: 08, Epoch: 64, Loss: 0.0001, lr: 0.000118, Train: 0.9959, Valid: 0.9562, Test: 0.9302
Run: 08, Epoch: 65, Loss: 0.0001, lr: 0.000118, Train: 0.9960, Valid: 0.9562, Test: 0.9298
Run: 08, Epoch: 66, Loss: 0.0001, lr: 0.000118, Train: 0.9961, Valid: 0.9562, Test: 0.9295
Run: 08, Epoch: 67, Loss: 0.0001, lr: 0.000118, Train: 0.9962, Valid: 0.9561, Test: 0.9293
Run: 08, Epoch: 68, Loss: 0.0001, lr: 0.000082, Train: 0.9963, Valid: 0.9561, Test: 0.9291
Run: 08, Epoch: 69, Loss: 0.0001, lr: 0.000082, Train: 0.9964, Valid: 0.9561, Test: 0.9289
Run: 08, Epoch: 70, Loss: 0.0001, lr: 0.000082, Train: 0.9964, Valid: 0.9560, Test: 0.9287
Run: 08, Epoch: 71, Loss: 0.0001, lr: 0.000082, Train: 0.9965, Valid: 0.9559, Test: 0.9286
Run: 08, Epoch: 72, Loss: 0.0001, lr: 0.000082, Train: 0.9966, Valid: 0.9559, Test: 0.9284
Run: 08, Epoch: 73, Loss: 0.0001, lr: 0.000082, Train: 0.9966, Valid: 0.9559, Test: 0.9282
Run: 08, Epoch: 74, Loss: 0.0001, lr: 0.000058, Train: 0.9967, Valid: 0.9559, Test: 0.9280
Run: 08, Epoch: 75, Loss: 0.0001, lr: 0.000058, Train: 0.9967, Valid: 0.9558, Test: 0.9279
Run: 08, Epoch: 76, Loss: 0.0001, lr: 0.000058, Train: 0.9968, Valid: 0.9558, Test: 0.9277
Run: 08, Epoch: 77, Loss: 0.0001, lr: 0.000058, Train: 0.9968, Valid: 0.9558, Test: 0.9275
Run: 08, Epoch: 78, Loss: 0.0001, lr: 0.000058, Train: 0.9969, Valid: 0.9558, Test: 0.9273
Run: 08, Epoch: 79, Loss: 0.0001, lr: 0.000058, Train: 0.9969, Valid: 0.9559, Test: 0.9271
Run: 08, Epoch: 80, Loss: 0.0001, lr: 0.000040, Train: 0.9969, Valid: 0.9559, Test: 0.9269
Run: 08, Epoch: 81, Loss: 0.0001, lr: 0.000040, Train: 0.9970, Valid: 0.9559, Test: 0.9268
Run: 08, Epoch: 82, Loss: 0.0001, lr: 0.000040, Train: 0.9970, Valid: 0.9559, Test: 0.9266
Run: 08, Epoch: 83, Loss: 0.0001, lr: 0.000040, Train: 0.9970, Valid: 0.9559, Test: 0.9264
Run: 08, Epoch: 84, Loss: 0.0001, lr: 0.000040, Train: 0.9971, Valid: 0.9559, Test: 0.9263
Run: 08, Epoch: 85, Loss: 0.0001, lr: 0.000040, Train: 0.9971, Valid: 0.9559, Test: 0.9262
Run: 08, Epoch: 86, Loss: 0.0001, lr: 0.000028, Train: 0.9971, Valid: 0.9559, Test: 0.9261
Run: 08, Epoch: 87, Loss: 0.0001, lr: 0.000028, Train: 0.9971, Valid: 0.9559, Test: 0.9260
Run: 08, Epoch: 88, Loss: 0.0001, lr: 0.000028, Train: 0.9972, Valid: 0.9558, Test: 0.9259
Run: 08, Epoch: 89, Loss: 0.0001, lr: 0.000028, Train: 0.9972, Valid: 0.9558, Test: 0.9258
Run: 08, Epoch: 90, Loss: 0.0001, lr: 0.000028, Train: 0.9972, Valid: 0.9558, Test: 0.9258
Run: 08, Epoch: 91, Loss: 0.0001, lr: 0.000028, Train: 0.9972, Valid: 0.9558, Test: 0.9257
Run: 08, Epoch: 92, Loss: 0.0001, lr: 0.000020, Train: 0.9972, Valid: 0.9557, Test: 0.9257
Run: 08, Epoch: 93, Loss: 0.0001, lr: 0.000020, Train: 0.9972, Valid: 0.9557, Test: 0.9256
Run: 08, Epoch: 94, Loss: 0.0001, lr: 0.000020, Train: 0.9972, Valid: 0.9557, Test: 0.9256
Run: 08, Epoch: 95, Loss: 0.0001, lr: 0.000020, Train: 0.9973, Valid: 0.9557, Test: 0.9255
Run: 08, Epoch: 96, Loss: 0.0001, lr: 0.000020, Train: 0.9973, Valid: 0.9557, Test: 0.9255
Run: 08, Epoch: 97, Loss: 0.0001, lr: 0.000020, Train: 0.9973, Valid: 0.9557, Test: 0.9254
Run: 08, Epoch: 98, Loss: 0.0001, lr: 0.000014, Train: 0.9973, Valid: 0.9557, Test: 0.9253
Run: 08, Epoch: 99, Loss: 0.0001, lr: 0.000014, Train: 0.9973, Valid: 0.9557, Test: 0.9253
Run: 08, Epoch: 100, Loss: 0.0001, lr: 0.000014, Train: 0.9973, Valid: 0.9556, Test: 0.9253
Run 08:
Highest Train: 1.00
Highest Valid: 0.96
  Final Train: 0.99
   Final Test: 0.93
Run: 09, Epoch: 01, Loss: 0.0702, lr: 0.001000, Train: 0.5975, Valid: 0.6816, Test: 0.5733
Run: 09, Epoch: 02, Loss: 0.0053, lr: 0.001000, Train: 0.6438, Valid: 0.6488, Test: 0.6281
Run: 09, Epoch: 03, Loss: 0.0039, lr: 0.001000, Train: 0.6482, Valid: 0.5382, Test: 0.6140
Run: 09, Epoch: 04, Loss: 0.0026, lr: 0.001000, Train: 0.5291, Valid: -0.1152, Test: 0.3804
Run: 09, Epoch: 05, Loss: 0.0023, lr: 0.001000, Train: 0.7000, Valid: 0.3700, Test: 0.6431
Run: 09, Epoch: 06, Loss: 0.0020, lr: 0.001000, Train: 0.7010, Valid: 0.3325, Test: 0.6322
Run: 09, Epoch: 07, Loss: 0.0016, lr: 0.001000, Train: 0.6350, Valid: -0.0178, Test: 0.5403
Run: 09, Epoch: 08, Loss: 0.0016, lr: 0.000700, Train: 0.6666, Valid: 0.0333, Test: 0.5329
Run: 09, Epoch: 09, Loss: 0.0012, lr: 0.000700, Train: 0.7090, Valid: 0.1886, Test: 0.5439
Run: 09, Epoch: 10, Loss: 0.0012, lr: 0.000700, Train: 0.7158, Valid: 0.1895, Test: 0.5302
Run: 09, Epoch: 11, Loss: 0.0011, lr: 0.000700, Train: 0.7217, Valid: 0.1950, Test: 0.5339
Run: 09, Epoch: 12, Loss: 0.0009, lr: 0.000700, Train: 0.7400, Valid: 0.2446, Test: 0.5758
Run: 09, Epoch: 13, Loss: 0.0009, lr: 0.000700, Train: 0.7431, Valid: 0.2764, Test: 0.5898
Run: 09, Epoch: 14, Loss: 0.0009, lr: 0.000490, Train: 0.7537, Valid: 0.3084, Test: 0.5931
Run: 09, Epoch: 15, Loss: 0.0008, lr: 0.000490, Train: 0.7694, Valid: 0.3424, Test: 0.5906
Run: 09, Epoch: 16, Loss: 0.0008, lr: 0.000490, Train: 0.8162, Valid: 0.4262, Test: 0.6469
Run: 09, Epoch: 17, Loss: 0.0007, lr: 0.000490, Train: 0.8444, Valid: 0.4637, Test: 0.6636
Run: 09, Epoch: 18, Loss: 0.0007, lr: 0.000490, Train: 0.8557, Valid: 0.4710, Test: 0.6494
Run: 09, Epoch: 19, Loss: 0.0006, lr: 0.000490, Train: 0.8845, Valid: 0.5476, Test: 0.6811
Run: 09, Epoch: 20, Loss: 0.0006, lr: 0.000343, Train: 0.9117, Valid: 0.6223, Test: 0.7226
Run: 09, Epoch: 21, Loss: 0.0006, lr: 0.000343, Train: 0.9274, Valid: 0.6554, Test: 0.7420
Run: 09, Epoch: 22, Loss: 0.0005, lr: 0.000343, Train: 0.9341, Valid: 0.6548, Test: 0.7423
Run: 09, Epoch: 23, Loss: 0.0005, lr: 0.000343, Train: 0.9381, Valid: 0.6458, Test: 0.7398
Run: 09, Epoch: 24, Loss: 0.0005, lr: 0.000343, Train: 0.9476, Valid: 0.6519, Test: 0.7557
Run: 09, Epoch: 25, Loss: 0.0004, lr: 0.000343, Train: 0.9538, Valid: 0.6662, Test: 0.7656
Run: 09, Epoch: 26, Loss: 0.0004, lr: 0.000240, Train: 0.9584, Valid: 0.6858, Test: 0.7693
Run: 09, Epoch: 27, Loss: 0.0004, lr: 0.000240, Train: 0.9649, Valid: 0.7116, Test: 0.7760
Run: 09, Epoch: 28, Loss: 0.0004, lr: 0.000240, Train: 0.9724, Valid: 0.7417, Test: 0.7850
Run: 09, Epoch: 29, Loss: 0.0004, lr: 0.000240, Train: 0.9778, Valid: 0.7673, Test: 0.7893
Run: 09, Epoch: 30, Loss: 0.0004, lr: 0.000240, Train: 0.9814, Valid: 0.7846, Test: 0.7894
Run: 09, Epoch: 31, Loss: 0.0003, lr: 0.000240, Train: 0.9835, Valid: 0.7930, Test: 0.7875
Run: 09, Epoch: 32, Loss: 0.0003, lr: 0.000240, Train: 0.9849, Valid: 0.7949, Test: 0.7861
Run: 09, Epoch: 33, Loss: 0.0003, lr: 0.000240, Train: 0.9860, Valid: 0.7920, Test: 0.7860
Run: 09, Epoch: 34, Loss: 0.0003, lr: 0.000240, Train: 0.9867, Valid: 0.7878, Test: 0.7873
Run: 09, Epoch: 35, Loss: 0.0003, lr: 0.000240, Train: 0.9873, Valid: 0.7860, Test: 0.7902
Run: 09, Epoch: 36, Loss: 0.0003, lr: 0.000240, Train: 0.9882, Valid: 0.7889, Test: 0.7944
Run: 09, Epoch: 37, Loss: 0.0003, lr: 0.000240, Train: 0.9895, Valid: 0.7983, Test: 0.8012
Run: 09, Epoch: 38, Loss: 0.0003, lr: 0.000240, Train: 0.9909, Valid: 0.8088, Test: 0.8075
Run: 09, Epoch: 39, Loss: 0.0003, lr: 0.000240, Train: 0.9918, Valid: 0.8136, Test: 0.8088
Run: 09, Epoch: 40, Loss: 0.0002, lr: 0.000240, Train: 0.9923, Valid: 0.8120, Test: 0.8060
Run: 09, Epoch: 41, Loss: 0.0002, lr: 0.000240, Train: 0.9927, Valid: 0.8102, Test: 0.8041
Run: 09, Epoch: 42, Loss: 0.0002, lr: 0.000240, Train: 0.9932, Valid: 0.8111, Test: 0.8052
Run: 09, Epoch: 43, Loss: 0.0002, lr: 0.000240, Train: 0.9935, Valid: 0.8149, Test: 0.8081
Run: 09, Epoch: 44, Loss: 0.0002, lr: 0.000240, Train: 0.9938, Valid: 0.8186, Test: 0.8109
Run: 09, Epoch: 45, Loss: 0.0002, lr: 0.000240, Train: 0.9939, Valid: 0.8214, Test: 0.8131
Run: 09, Epoch: 46, Loss: 0.0002, lr: 0.000240, Train: 0.9940, Valid: 0.8237, Test: 0.8156
Run: 09, Epoch: 47, Loss: 0.0002, lr: 0.000240, Train: 0.9941, Valid: 0.8243, Test: 0.8172
Run: 09, Epoch: 48, Loss: 0.0002, lr: 0.000240, Train: 0.9943, Valid: 0.8244, Test: 0.8174
Run: 09, Epoch: 49, Loss: 0.0002, lr: 0.000240, Train: 0.9946, Valid: 0.8245, Test: 0.8166
Run: 09, Epoch: 50, Loss: 0.0002, lr: 0.000240, Train: 0.9949, Valid: 0.8259, Test: 0.8161
Run: 09, Epoch: 51, Loss: 0.0002, lr: 0.000240, Train: 0.9952, Valid: 0.8273, Test: 0.8159
Run: 09, Epoch: 52, Loss: 0.0002, lr: 0.000240, Train: 0.9953, Valid: 0.8262, Test: 0.8146
Run: 09, Epoch: 53, Loss: 0.0001, lr: 0.000240, Train: 0.9955, Valid: 0.8239, Test: 0.8126
Run: 09, Epoch: 54, Loss: 0.0001, lr: 0.000240, Train: 0.9957, Valid: 0.8243, Test: 0.8119
Run: 09, Epoch: 55, Loss: 0.0001, lr: 0.000240, Train: 0.9959, Valid: 0.8281, Test: 0.8134
Run: 09, Epoch: 56, Loss: 0.0001, lr: 0.000240, Train: 0.9961, Valid: 0.8290, Test: 0.8141
Run: 09, Epoch: 57, Loss: 0.0001, lr: 0.000240, Train: 0.9962, Valid: 0.8249, Test: 0.8124
Run: 09, Epoch: 58, Loss: 0.0001, lr: 0.000240, Train: 0.9964, Valid: 0.8209, Test: 0.8102
Run: 09, Epoch: 59, Loss: 0.0001, lr: 0.000240, Train: 0.9965, Valid: 0.8233, Test: 0.8103
Run: 09, Epoch: 60, Loss: 0.0001, lr: 0.000240, Train: 0.9966, Valid: 0.8292, Test: 0.8113
Run: 09, Epoch: 61, Loss: 0.0001, lr: 0.000240, Train: 0.9968, Valid: 0.8303, Test: 0.8104
Run: 09, Epoch: 62, Loss: 0.0001, lr: 0.000240, Train: 0.9970, Valid: 0.8259, Test: 0.8078
Run: 09, Epoch: 63, Loss: 0.0001, lr: 0.000240, Train: 0.9971, Valid: 0.8230, Test: 0.8069
Run: 09, Epoch: 64, Loss: 0.0001, lr: 0.000240, Train: 0.9972, Valid: 0.8247, Test: 0.8078
Run: 09, Epoch: 65, Loss: 0.0001, lr: 0.000240, Train: 0.9974, Valid: 0.8270, Test: 0.8081
Run: 09, Epoch: 66, Loss: 0.0001, lr: 0.000240, Train: 0.9975, Valid: 0.8271, Test: 0.8074
Run: 09, Epoch: 67, Loss: 0.0001, lr: 0.000240, Train: 0.9976, Valid: 0.8253, Test: 0.8065
Run: 09, Epoch: 68, Loss: 0.0001, lr: 0.000168, Train: 0.9977, Valid: 0.8237, Test: 0.8056
Run: 09, Epoch: 69, Loss: 0.0001, lr: 0.000168, Train: 0.9978, Valid: 0.8225, Test: 0.8046
Run: 09, Epoch: 70, Loss: 0.0001, lr: 0.000168, Train: 0.9979, Valid: 0.8227, Test: 0.8037
Run: 09, Epoch: 71, Loss: 0.0001, lr: 0.000168, Train: 0.9980, Valid: 0.8244, Test: 0.8032
Run: 09, Epoch: 72, Loss: 0.0001, lr: 0.000168, Train: 0.9980, Valid: 0.8263, Test: 0.8032
Run: 09, Epoch: 73, Loss: 0.0001, lr: 0.000168, Train: 0.9981, Valid: 0.8269, Test: 0.8032
Run: 09, Epoch: 74, Loss: 0.0001, lr: 0.000118, Train: 0.9981, Valid: 0.8265, Test: 0.8027
Run: 09, Epoch: 75, Loss: 0.0001, lr: 0.000118, Train: 0.9982, Valid: 0.8256, Test: 0.8020
Run: 09, Epoch: 76, Loss: 0.0001, lr: 0.000118, Train: 0.9983, Valid: 0.8252, Test: 0.8013
Run: 09, Epoch: 77, Loss: 0.0001, lr: 0.000118, Train: 0.9983, Valid: 0.8257, Test: 0.8009
Run: 09, Epoch: 78, Loss: 0.0001, lr: 0.000118, Train: 0.9984, Valid: 0.8266, Test: 0.8005
Run: 09, Epoch: 79, Loss: 0.0001, lr: 0.000118, Train: 0.9984, Valid: 0.8267, Test: 0.8000
Run: 09, Epoch: 80, Loss: 0.0001, lr: 0.000082, Train: 0.9984, Valid: 0.8260, Test: 0.7992
Run: 09, Epoch: 81, Loss: 0.0001, lr: 0.000082, Train: 0.9985, Valid: 0.8248, Test: 0.7983
Run: 09, Epoch: 82, Loss: 0.0001, lr: 0.000082, Train: 0.9985, Valid: 0.8239, Test: 0.7976
Run: 09, Epoch: 83, Loss: 0.0001, lr: 0.000082, Train: 0.9986, Valid: 0.8236, Test: 0.7973
Run: 09, Epoch: 84, Loss: 0.0001, lr: 0.000082, Train: 0.9986, Valid: 0.8240, Test: 0.7972
Run: 09, Epoch: 85, Loss: 0.0001, lr: 0.000082, Train: 0.9986, Valid: 0.8246, Test: 0.7971
Run: 09, Epoch: 86, Loss: 0.0000, lr: 0.000058, Train: 0.9986, Valid: 0.8248, Test: 0.7969
Run: 09, Epoch: 87, Loss: 0.0000, lr: 0.000058, Train: 0.9987, Valid: 0.8246, Test: 0.7966
Run: 09, Epoch: 88, Loss: 0.0000, lr: 0.000058, Train: 0.9987, Valid: 0.8242, Test: 0.7961
Run: 09, Epoch: 89, Loss: 0.0000, lr: 0.000058, Train: 0.9987, Valid: 0.8238, Test: 0.7957
Run: 09, Epoch: 90, Loss: 0.0000, lr: 0.000058, Train: 0.9987, Valid: 0.8236, Test: 0.7954
Run: 09, Epoch: 91, Loss: 0.0000, lr: 0.000058, Train: 0.9988, Valid: 0.8236, Test: 0.7952
Run: 09, Epoch: 92, Loss: 0.0000, lr: 0.000040, Train: 0.9988, Valid: 0.8239, Test: 0.7950
Run: 09, Epoch: 93, Loss: 0.0000, lr: 0.000040, Train: 0.9988, Valid: 0.8240, Test: 0.7949
Run: 09, Epoch: 94, Loss: 0.0000, lr: 0.000040, Train: 0.9988, Valid: 0.8240, Test: 0.7946
Run: 09, Epoch: 95, Loss: 0.0000, lr: 0.000040, Train: 0.9988, Valid: 0.8240, Test: 0.7943
Run: 09, Epoch: 96, Loss: 0.0000, lr: 0.000040, Train: 0.9988, Valid: 0.8241, Test: 0.7941
Run: 09, Epoch: 97, Loss: 0.0000, lr: 0.000040, Train: 0.9988, Valid: 0.8242, Test: 0.7939
Run: 09, Epoch: 98, Loss: 0.0000, lr: 0.000028, Train: 0.9989, Valid: 0.8244, Test: 0.7938
Run: 09, Epoch: 99, Loss: 0.0000, lr: 0.000028, Train: 0.9989, Valid: 0.8244, Test: 0.7937
Run: 09, Epoch: 100, Loss: 0.0000, lr: 0.000028, Train: 0.9989, Valid: 0.8244, Test: 0.7935
Run 09:
Highest Train: 1.00
Highest Valid: 0.83
  Final Train: 1.00
   Final Test: 0.81
Run: 10, Epoch: 01, Loss: 0.0588, lr: 0.001000, Train: 0.7241, Valid: 0.3919, Test: 0.5136
Run: 10, Epoch: 02, Loss: 0.0093, lr: 0.001000, Train: 0.7520, Valid: 0.1162, Test: 0.4573
Run: 10, Epoch: 03, Loss: 0.0061, lr: 0.001000, Train: 0.7253, Valid: -0.0431, Test: 0.3409
Run: 10, Epoch: 04, Loss: 0.0039, lr: 0.001000, Train: 0.7079, Valid: 0.0578, Test: 0.3395
Run: 10, Epoch: 05, Loss: 0.0034, lr: 0.001000, Train: 0.5451, Valid: -0.0790, Test: 0.0514
Run: 10, Epoch: 06, Loss: 0.0045, lr: 0.001000, Train: 0.7471, Valid: -0.0946, Test: 0.4085
Run: 10, Epoch: 07, Loss: 0.0027, lr: 0.001000, Train: 0.7643, Valid: -0.0734, Test: 0.4604
Run: 10, Epoch: 08, Loss: 0.0024, lr: 0.000700, Train: 0.7763, Valid: 0.0533, Test: 0.5039
Run: 10, Epoch: 09, Loss: 0.0022, lr: 0.000700, Train: 0.7745, Valid: 0.1448, Test: 0.5136
Run: 10, Epoch: 10, Loss: 0.0021, lr: 0.000700, Train: 0.7686, Valid: 0.1819, Test: 0.5102
Run: 10, Epoch: 11, Loss: 0.0020, lr: 0.000700, Train: 0.7644, Valid: 0.1716, Test: 0.5040
Run: 10, Epoch: 12, Loss: 0.0017, lr: 0.000700, Train: 0.7545, Valid: 0.1504, Test: 0.4926
Run: 10, Epoch: 13, Loss: 0.0015, lr: 0.000700, Train: 0.7669, Valid: 0.1713, Test: 0.4877
Run: 10, Epoch: 14, Loss: 0.0015, lr: 0.000490, Train: 0.8103, Valid: 0.2966, Test: 0.5710
Run: 10, Epoch: 15, Loss: 0.0014, lr: 0.000490, Train: 0.8547, Valid: 0.4447, Test: 0.6615
Run: 10, Epoch: 16, Loss: 0.0012, lr: 0.000490, Train: 0.8839, Valid: 0.5588, Test: 0.7221
Run: 10, Epoch: 17, Loss: 0.0012, lr: 0.000490, Train: 0.9013, Valid: 0.6281, Test: 0.7551
Run: 10, Epoch: 18, Loss: 0.0012, lr: 0.000490, Train: 0.9121, Valid: 0.6604, Test: 0.7734
Run: 10, Epoch: 19, Loss: 0.0011, lr: 0.000490, Train: 0.9204, Valid: 0.6691, Test: 0.7857
Run: 10, Epoch: 20, Loss: 0.0010, lr: 0.000490, Train: 0.9272, Valid: 0.6652, Test: 0.7940
Run: 10, Epoch: 21, Loss: 0.0009, lr: 0.000490, Train: 0.9326, Valid: 0.6588, Test: 0.7992
Run: 10, Epoch: 22, Loss: 0.0009, lr: 0.000490, Train: 0.9385, Valid: 0.6611, Test: 0.8056
Run: 10, Epoch: 23, Loss: 0.0009, lr: 0.000490, Train: 0.9475, Valid: 0.6801, Test: 0.8189
Run: 10, Epoch: 24, Loss: 0.0009, lr: 0.000490, Train: 0.9581, Valid: 0.7106, Test: 0.8376
Run: 10, Epoch: 25, Loss: 0.0008, lr: 0.000490, Train: 0.9662, Valid: 0.7384, Test: 0.8538
Run: 10, Epoch: 26, Loss: 0.0008, lr: 0.000490, Train: 0.9711, Valid: 0.7565, Test: 0.8644
Run: 10, Epoch: 27, Loss: 0.0007, lr: 0.000490, Train: 0.9744, Valid: 0.7651, Test: 0.8711
Run: 10, Epoch: 28, Loss: 0.0007, lr: 0.000490, Train: 0.9769, Valid: 0.7672, Test: 0.8767
Run: 10, Epoch: 29, Loss: 0.0007, lr: 0.000490, Train: 0.9786, Valid: 0.7628, Test: 0.8798
Run: 10, Epoch: 30, Loss: 0.0006, lr: 0.000490, Train: 0.9789, Valid: 0.7524, Test: 0.8763
Run: 10, Epoch: 31, Loss: 0.0006, lr: 0.000490, Train: 0.9788, Valid: 0.7437, Test: 0.8707
Run: 10, Epoch: 32, Loss: 0.0006, lr: 0.000490, Train: 0.9809, Valid: 0.7469, Test: 0.8775
Run: 10, Epoch: 33, Loss: 0.0006, lr: 0.000490, Train: 0.9833, Valid: 0.7565, Test: 0.8867
Run: 10, Epoch: 34, Loss: 0.0005, lr: 0.000490, Train: 0.9846, Valid: 0.7636, Test: 0.8877
Run: 10, Epoch: 35, Loss: 0.0005, lr: 0.000343, Train: 0.9854, Valid: 0.7673, Test: 0.8848
Run: 10, Epoch: 36, Loss: 0.0005, lr: 0.000343, Train: 0.9862, Valid: 0.7716, Test: 0.8812
Run: 10, Epoch: 37, Loss: 0.0005, lr: 0.000343, Train: 0.9876, Valid: 0.7799, Test: 0.8813
Run: 10, Epoch: 38, Loss: 0.0004, lr: 0.000343, Train: 0.9890, Valid: 0.7917, Test: 0.8854
Run: 10, Epoch: 39, Loss: 0.0004, lr: 0.000343, Train: 0.9900, Valid: 0.8009, Test: 0.8891
Run: 10, Epoch: 40, Loss: 0.0004, lr: 0.000343, Train: 0.9905, Valid: 0.8054, Test: 0.8893
Run: 10, Epoch: 41, Loss: 0.0004, lr: 0.000343, Train: 0.9907, Valid: 0.8063, Test: 0.8876
Run: 10, Epoch: 42, Loss: 0.0004, lr: 0.000343, Train: 0.9909, Valid: 0.8062, Test: 0.8868
Run: 10, Epoch: 43, Loss: 0.0004, lr: 0.000343, Train: 0.9910, Valid: 0.8064, Test: 0.8876
Run: 10, Epoch: 44, Loss: 0.0004, lr: 0.000343, Train: 0.9910, Valid: 0.8067, Test: 0.8884
Run: 10, Epoch: 45, Loss: 0.0003, lr: 0.000343, Train: 0.9913, Valid: 0.8073, Test: 0.8885
Run: 10, Epoch: 46, Loss: 0.0003, lr: 0.000343, Train: 0.9917, Valid: 0.8097, Test: 0.8889
Run: 10, Epoch: 47, Loss: 0.0003, lr: 0.000343, Train: 0.9923, Valid: 0.8146, Test: 0.8899
Run: 10, Epoch: 48, Loss: 0.0003, lr: 0.000343, Train: 0.9927, Valid: 0.8185, Test: 0.8897
Run: 10, Epoch: 49, Loss: 0.0003, lr: 0.000343, Train: 0.9930, Valid: 0.8188, Test: 0.8875
Run: 10, Epoch: 50, Loss: 0.0003, lr: 0.000343, Train: 0.9932, Valid: 0.8189, Test: 0.8860
Run: 10, Epoch: 51, Loss: 0.0003, lr: 0.000343, Train: 0.9936, Valid: 0.8227, Test: 0.8885
Run: 10, Epoch: 52, Loss: 0.0003, lr: 0.000343, Train: 0.9939, Valid: 0.8269, Test: 0.8897
Run: 10, Epoch: 53, Loss: 0.0002, lr: 0.000343, Train: 0.9939, Valid: 0.8302, Test: 0.8874
Run: 10, Epoch: 54, Loss: 0.0002, lr: 0.000343, Train: 0.9940, Valid: 0.8379, Test: 0.8835
Run: 10, Epoch: 55, Loss: 0.0002, lr: 0.000343, Train: 0.9941, Valid: 0.8465, Test: 0.8817
Run: 10, Epoch: 56, Loss: 0.0002, lr: 0.000343, Train: 0.9945, Valid: 0.8567, Test: 0.8844
Run: 10, Epoch: 57, Loss: 0.0002, lr: 0.000343, Train: 0.9950, Valid: 0.8633, Test: 0.8890
Run: 10, Epoch: 58, Loss: 0.0002, lr: 0.000343, Train: 0.9952, Valid: 0.8636, Test: 0.8856
Run: 10, Epoch: 59, Loss: 0.0002, lr: 0.000343, Train: 0.9953, Valid: 0.8622, Test: 0.8794
Run: 10, Epoch: 60, Loss: 0.0002, lr: 0.000343, Train: 0.9956, Valid: 0.8629, Test: 0.8807
Run: 10, Epoch: 61, Loss: 0.0002, lr: 0.000343, Train: 0.9959, Valid: 0.8653, Test: 0.8809
Run: 10, Epoch: 62, Loss: 0.0002, lr: 0.000343, Train: 0.9961, Valid: 0.8683, Test: 0.8796
Run: 10, Epoch: 63, Loss: 0.0002, lr: 0.000343, Train: 0.9963, Valid: 0.8736, Test: 0.8813
Run: 10, Epoch: 64, Loss: 0.0001, lr: 0.000343, Train: 0.9964, Valid: 0.8798, Test: 0.8763
Run: 10, Epoch: 65, Loss: 0.0001, lr: 0.000343, Train: 0.9965, Valid: 0.8840, Test: 0.8746
Run: 10, Epoch: 66, Loss: 0.0001, lr: 0.000343, Train: 0.9966, Valid: 0.8847, Test: 0.8770
Run: 10, Epoch: 67, Loss: 0.0001, lr: 0.000343, Train: 0.9967, Valid: 0.8829, Test: 0.8739
Run: 10, Epoch: 68, Loss: 0.0001, lr: 0.000343, Train: 0.9969, Valid: 0.8795, Test: 0.8794
Run: 10, Epoch: 69, Loss: 0.0001, lr: 0.000343, Train: 0.9970, Valid: 0.8769, Test: 0.8699
Run: 10, Epoch: 70, Loss: 0.0001, lr: 0.000343, Train: 0.9971, Valid: 0.8737, Test: 0.8754
Run: 10, Epoch: 71, Loss: 0.0001, lr: 0.000343, Train: 0.9974, Valid: 0.8734, Test: 0.8659
Run: 10, Epoch: 72, Loss: 0.0001, lr: 0.000343, Train: 0.9971, Valid: 0.8715, Test: 0.8778
Run: 10, Epoch: 73, Loss: 0.0001, lr: 0.000240, Train: 0.9975, Valid: 0.8725, Test: 0.8677
Run: 10, Epoch: 74, Loss: 0.0001, lr: 0.000240, Train: 0.9975, Valid: 0.8723, Test: 0.8663
Run: 10, Epoch: 75, Loss: 0.0001, lr: 0.000240, Train: 0.9972, Valid: 0.8704, Test: 0.8738
Run: 10, Epoch: 76, Loss: 0.0001, lr: 0.000240, Train: 0.9976, Valid: 0.8712, Test: 0.8653
Run: 10, Epoch: 77, Loss: 0.0001, lr: 0.000240, Train: 0.9978, Valid: 0.8710, Test: 0.8619
Run: 10, Epoch: 78, Loss: 0.0001, lr: 0.000240, Train: 0.9977, Valid: 0.8683, Test: 0.8721
Run: 10, Epoch: 79, Loss: 0.0001, lr: 0.000168, Train: 0.9980, Valid: 0.8679, Test: 0.8679
Run: 10, Epoch: 80, Loss: 0.0001, lr: 0.000168, Train: 0.9982, Valid: 0.8678, Test: 0.8596
Run: 10, Epoch: 81, Loss: 0.0001, lr: 0.000168, Train: 0.9982, Valid: 0.8655, Test: 0.8643
Run: 10, Epoch: 82, Loss: 0.0001, lr: 0.000168, Train: 0.9981, Valid: 0.8633, Test: 0.8684
Run: 10, Epoch: 83, Loss: 0.0001, lr: 0.000168, Train: 0.9984, Valid: 0.8631, Test: 0.8627
Run: 10, Epoch: 84, Loss: 0.0001, lr: 0.000168, Train: 0.9984, Valid: 0.8630, Test: 0.8583
Run: 10, Epoch: 85, Loss: 0.0001, lr: 0.000118, Train: 0.9985, Valid: 0.8615, Test: 0.8635
Run: 10, Epoch: 86, Loss: 0.0001, lr: 0.000118, Train: 0.9984, Valid: 0.8602, Test: 0.8678
Run: 10, Epoch: 87, Loss: 0.0001, lr: 0.000118, Train: 0.9985, Valid: 0.8601, Test: 0.8652
Run: 10, Epoch: 88, Loss: 0.0001, lr: 0.000118, Train: 0.9986, Valid: 0.8606, Test: 0.8596
Run: 10, Epoch: 89, Loss: 0.0001, lr: 0.000118, Train: 0.9986, Valid: 0.8600, Test: 0.8594
Run: 10, Epoch: 90, Loss: 0.0001, lr: 0.000118, Train: 0.9986, Valid: 0.8586, Test: 0.8638
Run: 10, Epoch: 91, Loss: 0.0000, lr: 0.000082, Train: 0.9986, Valid: 0.8579, Test: 0.8645
Run: 10, Epoch: 92, Loss: 0.0000, lr: 0.000082, Train: 0.9987, Valid: 0.8578, Test: 0.8621
Run: 10, Epoch: 93, Loss: 0.0000, lr: 0.000082, Train: 0.9988, Valid: 0.8578, Test: 0.8592
Run: 10, Epoch: 94, Loss: 0.0000, lr: 0.000082, Train: 0.9988, Valid: 0.8573, Test: 0.8590
Run: 10, Epoch: 95, Loss: 0.0000, lr: 0.000082, Train: 0.9988, Valid: 0.8564, Test: 0.8614
Run: 10, Epoch: 96, Loss: 0.0000, lr: 0.000082, Train: 0.9988, Valid: 0.8554, Test: 0.8632
Run: 10, Epoch: 97, Loss: 0.0000, lr: 0.000058, Train: 0.9988, Valid: 0.8550, Test: 0.8625
Run: 10, Epoch: 98, Loss: 0.0000, lr: 0.000058, Train: 0.9989, Valid: 0.8548, Test: 0.8604
Run: 10, Epoch: 99, Loss: 0.0000, lr: 0.000058, Train: 0.9989, Valid: 0.8545, Test: 0.8586
Run: 10, Epoch: 100, Loss: 0.0000, lr: 0.000058, Train: 0.9989, Valid: 0.8541, Test: 0.8584
Run 10:
Highest Train: 1.00
Highest Valid: 0.88
  Final Train: 1.00
   Final Test: 0.88
All runs:
Highest Train: 1.00  0.00
Highest Valid: 0.88  0.06
  Final Train: 0.97  0.05
   Final Test: 0.85  0.09
