Namespace(conv_layers=3, device=0, dropout=0.0, epochs=100, hidden_dim=256, log_steps=1, lr=0.001, method='trans', mlp_layers=2, runs=10, subset='chemistry')
Run: 01, Epoch: 01, Loss: 0.0435, lr: 0.001000, Train: 0.7624, Valid: 0.7106, Test: 0.7903
Run: 01, Epoch: 02, Loss: 0.0105, lr: 0.001000, Train: 0.8791, Valid: 0.8463, Test: 0.8576
Run: 01, Epoch: 03, Loss: 0.0073, lr: 0.001000, Train: 0.8967, Valid: 0.8759, Test: 0.8452
Run: 01, Epoch: 04, Loss: 0.0055, lr: 0.001000, Train: 0.9141, Valid: 0.8910, Test: 0.8595
Run: 01, Epoch: 05, Loss: 0.0032, lr: 0.001000, Train: 0.9067, Valid: 0.9041, Test: 0.8599
Run: 01, Epoch: 06, Loss: 0.0021, lr: 0.001000, Train: 0.8772, Valid: 0.9084, Test: 0.8292
Run: 01, Epoch: 07, Loss: 0.0020, lr: 0.001000, Train: 0.8615, Valid: 0.8958, Test: 0.8046
Run: 01, Epoch: 08, Loss: 0.0015, lr: 0.001000, Train: 0.8838, Valid: 0.8899, Test: 0.8227
Run: 01, Epoch: 09, Loss: 0.0011, lr: 0.001000, Train: 0.9139, Valid: 0.9080, Test: 0.8603
Run: 01, Epoch: 10, Loss: 0.0011, lr: 0.001000, Train: 0.9418, Valid: 0.9392, Test: 0.8906
Run: 01, Epoch: 11, Loss: 0.0008, lr: 0.001000, Train: 0.9601, Valid: 0.9633, Test: 0.9081
Run: 01, Epoch: 12, Loss: 0.0006, lr: 0.001000, Train: 0.9700, Valid: 0.9743, Test: 0.9154
Run: 01, Epoch: 13, Loss: 0.0006, lr: 0.001000, Train: 0.9769, Valid: 0.9755, Test: 0.9198
Run: 01, Epoch: 14, Loss: 0.0006, lr: 0.001000, Train: 0.9803, Valid: 0.9727, Test: 0.9274
Run: 01, Epoch: 15, Loss: 0.0005, lr: 0.001000, Train: 0.9810, Valid: 0.9721, Test: 0.9321
Run: 01, Epoch: 16, Loss: 0.0005, lr: 0.001000, Train: 0.9831, Valid: 0.9751, Test: 0.9346
Run: 01, Epoch: 17, Loss: 0.0004, lr: 0.001000, Train: 0.9807, Valid: 0.9756, Test: 0.9332
Run: 01, Epoch: 18, Loss: 0.0003, lr: 0.001000, Train: 0.9762, Valid: 0.9729, Test: 0.9307
Run: 01, Epoch: 19, Loss: 0.0003, lr: 0.001000, Train: 0.9789, Valid: 0.9721, Test: 0.9321
Run: 01, Epoch: 20, Loss: 0.0003, lr: 0.001000, Train: 0.9788, Valid: 0.9700, Test: 0.9277
Run: 01, Epoch: 21, Loss: 0.0002, lr: 0.001000, Train: 0.9763, Valid: 0.9665, Test: 0.9181
Run: 01, Epoch: 22, Loss: 0.0002, lr: 0.001000, Train: 0.9791, Valid: 0.9648, Test: 0.9129
Run: 01, Epoch: 23, Loss: 0.0002, lr: 0.001000, Train: 0.9810, Valid: 0.9613, Test: 0.9084
Run: 01, Epoch: 24, Loss: 0.0002, lr: 0.000700, Train: 0.9840, Valid: 0.9614, Test: 0.9095
Run: 01, Epoch: 25, Loss: 0.0002, lr: 0.000700, Train: 0.9881, Valid: 0.9628, Test: 0.9132
Run: 01, Epoch: 26, Loss: 0.0002, lr: 0.000700, Train: 0.9913, Valid: 0.9638, Test: 0.9167
Run: 01, Epoch: 27, Loss: 0.0001, lr: 0.000700, Train: 0.9928, Valid: 0.9639, Test: 0.9189
Run: 01, Epoch: 28, Loss: 0.0001, lr: 0.000700, Train: 0.9933, Valid: 0.9632, Test: 0.9199
Run: 01, Epoch: 29, Loss: 0.0001, lr: 0.000700, Train: 0.9938, Valid: 0.9612, Test: 0.9204
Run: 01, Epoch: 30, Loss: 0.0001, lr: 0.000490, Train: 0.9944, Valid: 0.9588, Test: 0.9214
Run: 01, Epoch: 31, Loss: 0.0001, lr: 0.000490, Train: 0.9952, Valid: 0.9561, Test: 0.9226
Run: 01, Epoch: 32, Loss: 0.0001, lr: 0.000490, Train: 0.9959, Valid: 0.9538, Test: 0.9242
Run: 01, Epoch: 33, Loss: 0.0001, lr: 0.000490, Train: 0.9966, Valid: 0.9522, Test: 0.9261
Run: 01, Epoch: 34, Loss: 0.0001, lr: 0.000490, Train: 0.9970, Valid: 0.9514, Test: 0.9276
Run: 01, Epoch: 35, Loss: 0.0001, lr: 0.000490, Train: 0.9972, Valid: 0.9511, Test: 0.9283
Run: 01, Epoch: 36, Loss: 0.0001, lr: 0.000343, Train: 0.9973, Valid: 0.9513, Test: 0.9285
Run: 01, Epoch: 37, Loss: 0.0001, lr: 0.000343, Train: 0.9974, Valid: 0.9519, Test: 0.9286
Run: 01, Epoch: 38, Loss: 0.0001, lr: 0.000343, Train: 0.9974, Valid: 0.9526, Test: 0.9287
Run: 01, Epoch: 39, Loss: 0.0001, lr: 0.000343, Train: 0.9976, Valid: 0.9531, Test: 0.9290
Run: 01, Epoch: 40, Loss: 0.0001, lr: 0.000343, Train: 0.9977, Valid: 0.9533, Test: 0.9297
Run: 01, Epoch: 41, Loss: 0.0001, lr: 0.000343, Train: 0.9979, Valid: 0.9532, Test: 0.9304
Run: 01, Epoch: 42, Loss: 0.0001, lr: 0.000240, Train: 0.9980, Valid: 0.9531, Test: 0.9310
Run: 01, Epoch: 43, Loss: 0.0001, lr: 0.000240, Train: 0.9982, Valid: 0.9530, Test: 0.9314
Run: 01, Epoch: 44, Loss: 0.0001, lr: 0.000240, Train: 0.9982, Valid: 0.9528, Test: 0.9317
Run: 01, Epoch: 45, Loss: 0.0001, lr: 0.000240, Train: 0.9983, Valid: 0.9527, Test: 0.9318
Run: 01, Epoch: 46, Loss: 0.0000, lr: 0.000240, Train: 0.9984, Valid: 0.9525, Test: 0.9319
Run: 01, Epoch: 47, Loss: 0.0000, lr: 0.000240, Train: 0.9984, Valid: 0.9523, Test: 0.9319
Run: 01, Epoch: 48, Loss: 0.0000, lr: 0.000168, Train: 0.9985, Valid: 0.9522, Test: 0.9320
Run: 01, Epoch: 49, Loss: 0.0000, lr: 0.000168, Train: 0.9986, Valid: 0.9520, Test: 0.9321
Run: 01, Epoch: 50, Loss: 0.0000, lr: 0.000168, Train: 0.9986, Valid: 0.9519, Test: 0.9322
Run: 01, Epoch: 51, Loss: 0.0000, lr: 0.000168, Train: 0.9987, Valid: 0.9518, Test: 0.9324
Run: 01, Epoch: 52, Loss: 0.0000, lr: 0.000168, Train: 0.9987, Valid: 0.9517, Test: 0.9325
Run: 01, Epoch: 53, Loss: 0.0000, lr: 0.000168, Train: 0.9988, Valid: 0.9516, Test: 0.9325
Run: 01, Epoch: 54, Loss: 0.0000, lr: 0.000118, Train: 0.9988, Valid: 0.9514, Test: 0.9325
Run: 01, Epoch: 55, Loss: 0.0000, lr: 0.000118, Train: 0.9988, Valid: 0.9512, Test: 0.9324
Run: 01, Epoch: 56, Loss: 0.0000, lr: 0.000118, Train: 0.9988, Valid: 0.9510, Test: 0.9323
Run: 01, Epoch: 57, Loss: 0.0000, lr: 0.000118, Train: 0.9988, Valid: 0.9509, Test: 0.9322
Run: 01, Epoch: 58, Loss: 0.0000, lr: 0.000118, Train: 0.9988, Valid: 0.9507, Test: 0.9321
Run: 01, Epoch: 59, Loss: 0.0000, lr: 0.000118, Train: 0.9988, Valid: 0.9505, Test: 0.9320
Run: 01, Epoch: 60, Loss: 0.0000, lr: 0.000082, Train: 0.9988, Valid: 0.9504, Test: 0.9319
Run: 01, Epoch: 61, Loss: 0.0000, lr: 0.000082, Train: 0.9988, Valid: 0.9503, Test: 0.9319
Run: 01, Epoch: 62, Loss: 0.0000, lr: 0.000082, Train: 0.9989, Valid: 0.9502, Test: 0.9319
Run: 01, Epoch: 63, Loss: 0.0000, lr: 0.000082, Train: 0.9989, Valid: 0.9500, Test: 0.9319
Run: 01, Epoch: 64, Loss: 0.0000, lr: 0.000082, Train: 0.9989, Valid: 0.9499, Test: 0.9319
Run: 01, Epoch: 65, Loss: 0.0000, lr: 0.000082, Train: 0.9989, Valid: 0.9498, Test: 0.9319
Run: 01, Epoch: 66, Loss: 0.0000, lr: 0.000058, Train: 0.9989, Valid: 0.9497, Test: 0.9319
Run: 01, Epoch: 67, Loss: 0.0000, lr: 0.000058, Train: 0.9990, Valid: 0.9496, Test: 0.9319
Run: 01, Epoch: 68, Loss: 0.0000, lr: 0.000058, Train: 0.9990, Valid: 0.9495, Test: 0.9318
Run: 01, Epoch: 69, Loss: 0.0000, lr: 0.000058, Train: 0.9990, Valid: 0.9494, Test: 0.9318
Run: 01, Epoch: 70, Loss: 0.0000, lr: 0.000058, Train: 0.9990, Valid: 0.9493, Test: 0.9318
Run: 01, Epoch: 71, Loss: 0.0000, lr: 0.000058, Train: 0.9991, Valid: 0.9493, Test: 0.9318
Run: 01, Epoch: 72, Loss: 0.0000, lr: 0.000040, Train: 0.9991, Valid: 0.9492, Test: 0.9317
Run: 01, Epoch: 73, Loss: 0.0000, lr: 0.000040, Train: 0.9991, Valid: 0.9492, Test: 0.9317
Run: 01, Epoch: 74, Loss: 0.0000, lr: 0.000040, Train: 0.9991, Valid: 0.9491, Test: 0.9316
Run: 01, Epoch: 75, Loss: 0.0000, lr: 0.000040, Train: 0.9991, Valid: 0.9491, Test: 0.9316
Run: 01, Epoch: 76, Loss: 0.0000, lr: 0.000040, Train: 0.9991, Valid: 0.9491, Test: 0.9315
Run: 01, Epoch: 77, Loss: 0.0000, lr: 0.000040, Train: 0.9992, Valid: 0.9491, Test: 0.9315
Run: 01, Epoch: 78, Loss: 0.0000, lr: 0.000028, Train: 0.9992, Valid: 0.9491, Test: 0.9315
Run: 01, Epoch: 79, Loss: 0.0000, lr: 0.000028, Train: 0.9992, Valid: 0.9491, Test: 0.9314
Run: 01, Epoch: 80, Loss: 0.0000, lr: 0.000028, Train: 0.9992, Valid: 0.9490, Test: 0.9314
Run: 01, Epoch: 81, Loss: 0.0000, lr: 0.000028, Train: 0.9992, Valid: 0.9490, Test: 0.9314
Run: 01, Epoch: 82, Loss: 0.0000, lr: 0.000028, Train: 0.9992, Valid: 0.9490, Test: 0.9313
Run: 01, Epoch: 83, Loss: 0.0000, lr: 0.000028, Train: 0.9992, Valid: 0.9490, Test: 0.9313
Run: 01, Epoch: 84, Loss: 0.0000, lr: 0.000020, Train: 0.9992, Valid: 0.9489, Test: 0.9313
Run: 01, Epoch: 85, Loss: 0.0000, lr: 0.000020, Train: 0.9992, Valid: 0.9489, Test: 0.9312
Run: 01, Epoch: 86, Loss: 0.0000, lr: 0.000020, Train: 0.9992, Valid: 0.9489, Test: 0.9312
Run: 01, Epoch: 87, Loss: 0.0000, lr: 0.000020, Train: 0.9992, Valid: 0.9488, Test: 0.9312
Run: 01, Epoch: 88, Loss: 0.0000, lr: 0.000020, Train: 0.9992, Valid: 0.9488, Test: 0.9311
Run: 01, Epoch: 89, Loss: 0.0000, lr: 0.000020, Train: 0.9992, Valid: 0.9488, Test: 0.9311
Run: 01, Epoch: 90, Loss: 0.0000, lr: 0.000014, Train: 0.9992, Valid: 0.9488, Test: 0.9311
Run: 01, Epoch: 91, Loss: 0.0000, lr: 0.000014, Train: 0.9993, Valid: 0.9488, Test: 0.9311
Run: 01, Epoch: 92, Loss: 0.0000, lr: 0.000014, Train: 0.9993, Valid: 0.9487, Test: 0.9310
Run: 01, Epoch: 93, Loss: 0.0000, lr: 0.000014, Train: 0.9993, Valid: 0.9487, Test: 0.9310
Run: 01, Epoch: 94, Loss: 0.0000, lr: 0.000014, Train: 0.9993, Valid: 0.9487, Test: 0.9310
Run: 01, Epoch: 95, Loss: 0.0000, lr: 0.000014, Train: 0.9993, Valid: 0.9487, Test: 0.9310
Run: 01, Epoch: 96, Loss: 0.0000, lr: 0.000010, Train: 0.9993, Valid: 0.9487, Test: 0.9310
Run: 01, Epoch: 97, Loss: 0.0000, lr: 0.000010, Train: 0.9993, Valid: 0.9487, Test: 0.9310
Run: 01, Epoch: 98, Loss: 0.0000, lr: 0.000010, Train: 0.9993, Valid: 0.9487, Test: 0.9310
Run: 01, Epoch: 99, Loss: 0.0000, lr: 0.000010, Train: 0.9993, Valid: 0.9487, Test: 0.9309
Run: 01, Epoch: 100, Loss: 0.0000, lr: 0.000010, Train: 0.9993, Valid: 0.9487, Test: 0.9309
Run 01:
Highest Train: 1.00
Highest Valid: 0.98
  Final Train: 0.98
   Final Test: 0.93
Run: 02, Epoch: 01, Loss: 0.0544, lr: 0.001000, Train: 0.6250, Valid: 0.5770, Test: 0.7060
Run: 02, Epoch: 02, Loss: 0.0078, lr: 0.001000, Train: 0.6722, Valid: 0.6543, Test: 0.7722
Run: 02, Epoch: 03, Loss: 0.0057, lr: 0.001000, Train: 0.6176, Valid: 0.4898, Test: 0.7444
Run: 02, Epoch: 04, Loss: 0.0032, lr: 0.001000, Train: 0.4303, Valid: 0.1624, Test: 0.5741
Run: 02, Epoch: 05, Loss: 0.0025, lr: 0.001000, Train: 0.4383, Valid: 0.4408, Test: 0.5536
Run: 02, Epoch: 06, Loss: 0.0024, lr: 0.001000, Train: 0.3192, Valid: 0.2790, Test: 0.4292
Run: 02, Epoch: 07, Loss: 0.0013, lr: 0.001000, Train: 0.1961, Valid: 0.0491, Test: 0.2929
Run: 02, Epoch: 08, Loss: 0.0015, lr: 0.001000, Train: 0.2941, Valid: 0.1537, Test: 0.3625
Run: 02, Epoch: 09, Loss: 0.0012, lr: 0.000700, Train: 0.4826, Valid: 0.4142, Test: 0.5259
Run: 02, Epoch: 10, Loss: 0.0010, lr: 0.000700, Train: 0.6537, Valid: 0.6159, Test: 0.6777
Run: 02, Epoch: 11, Loss: 0.0009, lr: 0.000700, Train: 0.7727, Valid: 0.7252, Test: 0.7841
Run: 02, Epoch: 12, Loss: 0.0007, lr: 0.000700, Train: 0.8409, Valid: 0.7422, Test: 0.8475
Run: 02, Epoch: 13, Loss: 0.0007, lr: 0.000700, Train: 0.8855, Valid: 0.7436, Test: 0.8850
Run: 02, Epoch: 14, Loss: 0.0007, lr: 0.000700, Train: 0.9186, Valid: 0.7868, Test: 0.9058
Run: 02, Epoch: 15, Loss: 0.0005, lr: 0.000700, Train: 0.9348, Valid: 0.8397, Test: 0.9126
Run: 02, Epoch: 16, Loss: 0.0005, lr: 0.000700, Train: 0.9353, Valid: 0.8648, Test: 0.9098
Run: 02, Epoch: 17, Loss: 0.0005, lr: 0.000700, Train: 0.9292, Valid: 0.8643, Test: 0.9058
Run: 02, Epoch: 18, Loss: 0.0004, lr: 0.000700, Train: 0.9281, Valid: 0.8620, Test: 0.9085
Run: 02, Epoch: 19, Loss: 0.0004, lr: 0.000700, Train: 0.9437, Valid: 0.8872, Test: 0.9203
Run: 02, Epoch: 20, Loss: 0.0004, lr: 0.000700, Train: 0.9678, Valid: 0.9245, Test: 0.9317
Run: 02, Epoch: 21, Loss: 0.0003, lr: 0.000700, Train: 0.9813, Valid: 0.9404, Test: 0.9354
Run: 02, Epoch: 22, Loss: 0.0003, lr: 0.000700, Train: 0.9852, Valid: 0.9350, Test: 0.9357
Run: 02, Epoch: 23, Loss: 0.0003, lr: 0.000700, Train: 0.9848, Valid: 0.9179, Test: 0.9366
Run: 02, Epoch: 24, Loss: 0.0003, lr: 0.000700, Train: 0.9830, Valid: 0.9108, Test: 0.9380
Run: 02, Epoch: 25, Loss: 0.0002, lr: 0.000700, Train: 0.9820, Valid: 0.9242, Test: 0.9390
Run: 02, Epoch: 26, Loss: 0.0002, lr: 0.000700, Train: 0.9825, Valid: 0.9418, Test: 0.9392
Run: 02, Epoch: 27, Loss: 0.0002, lr: 0.000700, Train: 0.9837, Valid: 0.9510, Test: 0.9392
Run: 02, Epoch: 28, Loss: 0.0002, lr: 0.000700, Train: 0.9851, Valid: 0.9512, Test: 0.9392
Run: 02, Epoch: 29, Loss: 0.0002, lr: 0.000700, Train: 0.9862, Valid: 0.9413, Test: 0.9395
Run: 02, Epoch: 30, Loss: 0.0002, lr: 0.000700, Train: 0.9870, Valid: 0.9270, Test: 0.9403
Run: 02, Epoch: 31, Loss: 0.0001, lr: 0.000700, Train: 0.9892, Valid: 0.9217, Test: 0.9409
Run: 02, Epoch: 32, Loss: 0.0001, lr: 0.000700, Train: 0.9923, Valid: 0.9318, Test: 0.9405
Run: 02, Epoch: 33, Loss: 0.0001, lr: 0.000700, Train: 0.9941, Valid: 0.9477, Test: 0.9395
Run: 02, Epoch: 34, Loss: 0.0001, lr: 0.000700, Train: 0.9940, Valid: 0.9580, Test: 0.9391
Run: 02, Epoch: 35, Loss: 0.0001, lr: 0.000700, Train: 0.9930, Valid: 0.9605, Test: 0.9390
Run: 02, Epoch: 36, Loss: 0.0001, lr: 0.000700, Train: 0.9923, Valid: 0.9576, Test: 0.9388
Run: 02, Epoch: 37, Loss: 0.0001, lr: 0.000700, Train: 0.9932, Valid: 0.9533, Test: 0.9380
Run: 02, Epoch: 38, Loss: 0.0001, lr: 0.000700, Train: 0.9951, Valid: 0.9509, Test: 0.9361
Run: 02, Epoch: 39, Loss: 0.0001, lr: 0.000700, Train: 0.9965, Valid: 0.9509, Test: 0.9336
Run: 02, Epoch: 40, Loss: 0.0001, lr: 0.000700, Train: 0.9971, Valid: 0.9521, Test: 0.9319
Run: 02, Epoch: 41, Loss: 0.0001, lr: 0.000700, Train: 0.9969, Valid: 0.9538, Test: 0.9316
Run: 02, Epoch: 42, Loss: 0.0001, lr: 0.000490, Train: 0.9967, Valid: 0.9556, Test: 0.9319
Run: 02, Epoch: 43, Loss: 0.0001, lr: 0.000490, Train: 0.9968, Valid: 0.9574, Test: 0.9322
Run: 02, Epoch: 44, Loss: 0.0000, lr: 0.000490, Train: 0.9972, Valid: 0.9585, Test: 0.9325
Run: 02, Epoch: 45, Loss: 0.0000, lr: 0.000490, Train: 0.9976, Valid: 0.9585, Test: 0.9324
Run: 02, Epoch: 46, Loss: 0.0000, lr: 0.000490, Train: 0.9980, Valid: 0.9574, Test: 0.9320
Run: 02, Epoch: 47, Loss: 0.0000, lr: 0.000490, Train: 0.9983, Valid: 0.9559, Test: 0.9313
Run: 02, Epoch: 48, Loss: 0.0000, lr: 0.000343, Train: 0.9985, Valid: 0.9555, Test: 0.9305
Run: 02, Epoch: 49, Loss: 0.0000, lr: 0.000343, Train: 0.9987, Valid: 0.9559, Test: 0.9295
Run: 02, Epoch: 50, Loss: 0.0000, lr: 0.000343, Train: 0.9988, Valid: 0.9569, Test: 0.9285
Run: 02, Epoch: 51, Loss: 0.0000, lr: 0.000343, Train: 0.9989, Valid: 0.9579, Test: 0.9277
Run: 02, Epoch: 52, Loss: 0.0000, lr: 0.000343, Train: 0.9990, Valid: 0.9584, Test: 0.9274
Run: 02, Epoch: 53, Loss: 0.0000, lr: 0.000343, Train: 0.9990, Valid: 0.9581, Test: 0.9274
Run: 02, Epoch: 54, Loss: 0.0000, lr: 0.000240, Train: 0.9990, Valid: 0.9576, Test: 0.9276
Run: 02, Epoch: 55, Loss: 0.0000, lr: 0.000240, Train: 0.9990, Valid: 0.9569, Test: 0.9278
Run: 02, Epoch: 56, Loss: 0.0000, lr: 0.000240, Train: 0.9991, Valid: 0.9564, Test: 0.9279
Run: 02, Epoch: 57, Loss: 0.0000, lr: 0.000240, Train: 0.9991, Valid: 0.9563, Test: 0.9279
Run: 02, Epoch: 58, Loss: 0.0000, lr: 0.000240, Train: 0.9992, Valid: 0.9566, Test: 0.9276
Run: 02, Epoch: 59, Loss: 0.0000, lr: 0.000240, Train: 0.9993, Valid: 0.9573, Test: 0.9272
Run: 02, Epoch: 60, Loss: 0.0000, lr: 0.000168, Train: 0.9994, Valid: 0.9579, Test: 0.9268
Run: 02, Epoch: 61, Loss: 0.0000, lr: 0.000168, Train: 0.9994, Valid: 0.9584, Test: 0.9264
Run: 02, Epoch: 62, Loss: 0.0000, lr: 0.000168, Train: 0.9995, Valid: 0.9587, Test: 0.9261
Run: 02, Epoch: 63, Loss: 0.0000, lr: 0.000168, Train: 0.9995, Valid: 0.9587, Test: 0.9259
Run: 02, Epoch: 64, Loss: 0.0000, lr: 0.000168, Train: 0.9995, Valid: 0.9584, Test: 0.9258
Run: 02, Epoch: 65, Loss: 0.0000, lr: 0.000168, Train: 0.9995, Valid: 0.9581, Test: 0.9257
Run: 02, Epoch: 66, Loss: 0.0000, lr: 0.000118, Train: 0.9995, Valid: 0.9578, Test: 0.9256
Run: 02, Epoch: 67, Loss: 0.0000, lr: 0.000118, Train: 0.9995, Valid: 0.9576, Test: 0.9255
Run: 02, Epoch: 68, Loss: 0.0000, lr: 0.000118, Train: 0.9995, Valid: 0.9575, Test: 0.9254
Run: 02, Epoch: 69, Loss: 0.0000, lr: 0.000118, Train: 0.9995, Valid: 0.9575, Test: 0.9252
Run: 02, Epoch: 70, Loss: 0.0000, lr: 0.000118, Train: 0.9996, Valid: 0.9576, Test: 0.9250
Run: 02, Epoch: 71, Loss: 0.0000, lr: 0.000118, Train: 0.9996, Valid: 0.9577, Test: 0.9249
Run: 02, Epoch: 72, Loss: 0.0000, lr: 0.000082, Train: 0.9996, Valid: 0.9579, Test: 0.9248
Run: 02, Epoch: 73, Loss: 0.0000, lr: 0.000082, Train: 0.9996, Valid: 0.9580, Test: 0.9247
Run: 02, Epoch: 74, Loss: 0.0000, lr: 0.000082, Train: 0.9996, Valid: 0.9581, Test: 0.9246
Run: 02, Epoch: 75, Loss: 0.0000, lr: 0.000082, Train: 0.9996, Valid: 0.9581, Test: 0.9246
Run: 02, Epoch: 76, Loss: 0.0000, lr: 0.000082, Train: 0.9996, Valid: 0.9581, Test: 0.9246
Run: 02, Epoch: 77, Loss: 0.0000, lr: 0.000082, Train: 0.9996, Valid: 0.9581, Test: 0.9246
Run: 02, Epoch: 78, Loss: 0.0000, lr: 0.000058, Train: 0.9996, Valid: 0.9581, Test: 0.9246
Run: 02, Epoch: 79, Loss: 0.0000, lr: 0.000058, Train: 0.9996, Valid: 0.9580, Test: 0.9246
Run: 02, Epoch: 80, Loss: 0.0000, lr: 0.000058, Train: 0.9996, Valid: 0.9580, Test: 0.9246
Run: 02, Epoch: 81, Loss: 0.0000, lr: 0.000058, Train: 0.9996, Valid: 0.9580, Test: 0.9246
Run: 02, Epoch: 82, Loss: 0.0000, lr: 0.000058, Train: 0.9996, Valid: 0.9579, Test: 0.9246
Run: 02, Epoch: 83, Loss: 0.0000, lr: 0.000058, Train: 0.9996, Valid: 0.9579, Test: 0.9245
Run: 02, Epoch: 84, Loss: 0.0000, lr: 0.000040, Train: 0.9997, Valid: 0.9580, Test: 0.9245
Run: 02, Epoch: 85, Loss: 0.0000, lr: 0.000040, Train: 0.9997, Valid: 0.9580, Test: 0.9244
Run: 02, Epoch: 86, Loss: 0.0000, lr: 0.000040, Train: 0.9997, Valid: 0.9580, Test: 0.9244
Run: 02, Epoch: 87, Loss: 0.0000, lr: 0.000040, Train: 0.9997, Valid: 0.9580, Test: 0.9243
Run: 02, Epoch: 88, Loss: 0.0000, lr: 0.000040, Train: 0.9997, Valid: 0.9581, Test: 0.9243
Run: 02, Epoch: 89, Loss: 0.0000, lr: 0.000040, Train: 0.9997, Valid: 0.9581, Test: 0.9242
Run: 02, Epoch: 90, Loss: 0.0000, lr: 0.000028, Train: 0.9997, Valid: 0.9581, Test: 0.9242
Run: 02, Epoch: 91, Loss: 0.0000, lr: 0.000028, Train: 0.9997, Valid: 0.9582, Test: 0.9241
Run: 02, Epoch: 92, Loss: 0.0000, lr: 0.000028, Train: 0.9997, Valid: 0.9582, Test: 0.9241
Run: 02, Epoch: 93, Loss: 0.0000, lr: 0.000028, Train: 0.9997, Valid: 0.9582, Test: 0.9241
Run: 02, Epoch: 94, Loss: 0.0000, lr: 0.000028, Train: 0.9997, Valid: 0.9582, Test: 0.9241
Run: 02, Epoch: 95, Loss: 0.0000, lr: 0.000028, Train: 0.9997, Valid: 0.9582, Test: 0.9240
Run: 02, Epoch: 96, Loss: 0.0000, lr: 0.000020, Train: 0.9997, Valid: 0.9582, Test: 0.9240
Run: 02, Epoch: 97, Loss: 0.0000, lr: 0.000020, Train: 0.9997, Valid: 0.9582, Test: 0.9240
Run: 02, Epoch: 98, Loss: 0.0000, lr: 0.000020, Train: 0.9997, Valid: 0.9582, Test: 0.9240
Run: 02, Epoch: 99, Loss: 0.0000, lr: 0.000020, Train: 0.9997, Valid: 0.9582, Test: 0.9240
Run: 02, Epoch: 100, Loss: 0.0000, lr: 0.000020, Train: 0.9997, Valid: 0.9582, Test: 0.9240
Run 02:
Highest Train: 1.00
Highest Valid: 0.96
  Final Train: 0.99
   Final Test: 0.94
Run: 03, Epoch: 01, Loss: 0.0418, lr: 0.001000, Train: 0.7622, Valid: 0.4797, Test: 0.8008
Run: 03, Epoch: 02, Loss: 0.0133, lr: 0.001000, Train: 0.8787, Valid: 0.6281, Test: 0.8749
Run: 03, Epoch: 03, Loss: 0.0087, lr: 0.001000, Train: 0.8855, Valid: 0.6625, Test: 0.8214
Run: 03, Epoch: 04, Loss: 0.0061, lr: 0.001000, Train: 0.8875, Valid: 0.7022, Test: 0.8731
Run: 03, Epoch: 05, Loss: 0.0046, lr: 0.001000, Train: 0.8518, Valid: 0.5927, Test: 0.8716
Run: 03, Epoch: 06, Loss: 0.0028, lr: 0.001000, Train: 0.7950, Valid: 0.4729, Test: 0.8370
Run: 03, Epoch: 07, Loss: 0.0024, lr: 0.001000, Train: 0.8130, Valid: 0.4778, Test: 0.8664
Run: 03, Epoch: 08, Loss: 0.0021, lr: 0.001000, Train: 0.8773, Valid: 0.5796, Test: 0.9147
Run: 03, Epoch: 09, Loss: 0.0016, lr: 0.001000, Train: 0.9280, Valid: 0.7049, Test: 0.9419
Run: 03, Epoch: 10, Loss: 0.0011, lr: 0.001000, Train: 0.9485, Valid: 0.8038, Test: 0.9519
Run: 03, Epoch: 11, Loss: 0.0010, lr: 0.001000, Train: 0.9499, Valid: 0.8947, Test: 0.9522
Run: 03, Epoch: 12, Loss: 0.0011, lr: 0.001000, Train: 0.9468, Valid: 0.8907, Test: 0.9523
Run: 03, Epoch: 13, Loss: 0.0010, lr: 0.001000, Train: 0.9428, Valid: 0.8864, Test: 0.9526
Run: 03, Epoch: 14, Loss: 0.0010, lr: 0.001000, Train: 0.9444, Valid: 0.8937, Test: 0.9529
Run: 03, Epoch: 15, Loss: 0.0007, lr: 0.001000, Train: 0.9478, Valid: 0.8978, Test: 0.9485
Run: 03, Epoch: 16, Loss: 0.0006, lr: 0.001000, Train: 0.9558, Valid: 0.9133, Test: 0.9468
Run: 03, Epoch: 17, Loss: 0.0005, lr: 0.001000, Train: 0.9644, Valid: 0.9225, Test: 0.9496
Run: 03, Epoch: 18, Loss: 0.0005, lr: 0.001000, Train: 0.9683, Valid: 0.9146, Test: 0.9496
Run: 03, Epoch: 19, Loss: 0.0004, lr: 0.001000, Train: 0.9681, Valid: 0.9005, Test: 0.9474
Run: 03, Epoch: 20, Loss: 0.0004, lr: 0.001000, Train: 0.9651, Valid: 0.8877, Test: 0.9450
Run: 03, Epoch: 21, Loss: 0.0003, lr: 0.001000, Train: 0.9648, Valid: 0.8919, Test: 0.9380
Run: 03, Epoch: 22, Loss: 0.0003, lr: 0.001000, Train: 0.9596, Valid: 0.8951, Test: 0.9271
Run: 03, Epoch: 23, Loss: 0.0003, lr: 0.001000, Train: 0.9514, Valid: 0.8872, Test: 0.9187
Run: 03, Epoch: 24, Loss: 0.0002, lr: 0.000700, Train: 0.9485, Valid: 0.8891, Test: 0.9170
Run: 03, Epoch: 25, Loss: 0.0002, lr: 0.000700, Train: 0.9463, Valid: 0.8940, Test: 0.9142
Run: 03, Epoch: 26, Loss: 0.0002, lr: 0.000700, Train: 0.9459, Valid: 0.9031, Test: 0.9102
Run: 03, Epoch: 27, Loss: 0.0001, lr: 0.000700, Train: 0.9469, Valid: 0.9131, Test: 0.9058
Run: 03, Epoch: 28, Loss: 0.0001, lr: 0.000700, Train: 0.9482, Valid: 0.9189, Test: 0.9034
Run: 03, Epoch: 29, Loss: 0.0001, lr: 0.000700, Train: 0.9500, Valid: 0.9228, Test: 0.9060
Run: 03, Epoch: 30, Loss: 0.0001, lr: 0.000700, Train: 0.9529, Valid: 0.9257, Test: 0.9116
Run: 03, Epoch: 31, Loss: 0.0001, lr: 0.000700, Train: 0.9583, Valid: 0.9293, Test: 0.9173
Run: 03, Epoch: 32, Loss: 0.0001, lr: 0.000700, Train: 0.9664, Valid: 0.9332, Test: 0.9224
Run: 03, Epoch: 33, Loss: 0.0001, lr: 0.000700, Train: 0.9748, Valid: 0.9328, Test: 0.9271
Run: 03, Epoch: 34, Loss: 0.0001, lr: 0.000700, Train: 0.9813, Valid: 0.9257, Test: 0.9326
Run: 03, Epoch: 35, Loss: 0.0001, lr: 0.000700, Train: 0.9851, Valid: 0.9199, Test: 0.9381
Run: 03, Epoch: 36, Loss: 0.0001, lr: 0.000700, Train: 0.9869, Valid: 0.9215, Test: 0.9420
Run: 03, Epoch: 37, Loss: 0.0001, lr: 0.000700, Train: 0.9879, Valid: 0.9281, Test: 0.9435
Run: 03, Epoch: 38, Loss: 0.0000, lr: 0.000700, Train: 0.9883, Valid: 0.9300, Test: 0.9428
Run: 03, Epoch: 39, Loss: 0.0000, lr: 0.000490, Train: 0.9893, Valid: 0.9266, Test: 0.9428
Run: 03, Epoch: 40, Loss: 0.0000, lr: 0.000490, Train: 0.9905, Valid: 0.9196, Test: 0.9432
Run: 03, Epoch: 41, Loss: 0.0000, lr: 0.000490, Train: 0.9919, Valid: 0.9146, Test: 0.9442
Run: 03, Epoch: 42, Loss: 0.0000, lr: 0.000490, Train: 0.9934, Valid: 0.9148, Test: 0.9454
Run: 03, Epoch: 43, Loss: 0.0000, lr: 0.000490, Train: 0.9949, Valid: 0.9197, Test: 0.9465
Run: 03, Epoch: 44, Loss: 0.0000, lr: 0.000490, Train: 0.9961, Valid: 0.9248, Test: 0.9472
Run: 03, Epoch: 45, Loss: 0.0000, lr: 0.000343, Train: 0.9970, Valid: 0.9250, Test: 0.9476
Run: 03, Epoch: 46, Loss: 0.0000, lr: 0.000343, Train: 0.9975, Valid: 0.9217, Test: 0.9478
Run: 03, Epoch: 47, Loss: 0.0000, lr: 0.000343, Train: 0.9979, Valid: 0.9166, Test: 0.9478
Run: 03, Epoch: 48, Loss: 0.0000, lr: 0.000343, Train: 0.9982, Valid: 0.9123, Test: 0.9477
Run: 03, Epoch: 49, Loss: 0.0000, lr: 0.000343, Train: 0.9984, Valid: 0.9107, Test: 0.9475
Run: 03, Epoch: 50, Loss: 0.0000, lr: 0.000343, Train: 0.9986, Valid: 0.9118, Test: 0.9474
Run: 03, Epoch: 51, Loss: 0.0000, lr: 0.000240, Train: 0.9987, Valid: 0.9135, Test: 0.9476
Run: 03, Epoch: 52, Loss: 0.0000, lr: 0.000240, Train: 0.9989, Valid: 0.9153, Test: 0.9478
Run: 03, Epoch: 53, Loss: 0.0000, lr: 0.000240, Train: 0.9991, Valid: 0.9163, Test: 0.9481
Run: 03, Epoch: 54, Loss: 0.0000, lr: 0.000240, Train: 0.9992, Valid: 0.9160, Test: 0.9483
Run: 03, Epoch: 55, Loss: 0.0000, lr: 0.000240, Train: 0.9993, Valid: 0.9146, Test: 0.9484
Run: 03, Epoch: 56, Loss: 0.0000, lr: 0.000240, Train: 0.9994, Valid: 0.9126, Test: 0.9483
Run: 03, Epoch: 57, Loss: 0.0000, lr: 0.000168, Train: 0.9995, Valid: 0.9113, Test: 0.9482
Run: 03, Epoch: 58, Loss: 0.0000, lr: 0.000168, Train: 0.9995, Valid: 0.9104, Test: 0.9480
Run: 03, Epoch: 59, Loss: 0.0000, lr: 0.000168, Train: 0.9995, Valid: 0.9102, Test: 0.9478
Run: 03, Epoch: 60, Loss: 0.0000, lr: 0.000168, Train: 0.9995, Valid: 0.9105, Test: 0.9477
Run: 03, Epoch: 61, Loss: 0.0000, lr: 0.000168, Train: 0.9995, Valid: 0.9112, Test: 0.9477
Run: 03, Epoch: 62, Loss: 0.0000, lr: 0.000168, Train: 0.9995, Valid: 0.9121, Test: 0.9478
Run: 03, Epoch: 63, Loss: 0.0000, lr: 0.000118, Train: 0.9995, Valid: 0.9126, Test: 0.9479
Run: 03, Epoch: 64, Loss: 0.0000, lr: 0.000118, Train: 0.9995, Valid: 0.9129, Test: 0.9480
Run: 03, Epoch: 65, Loss: 0.0000, lr: 0.000118, Train: 0.9995, Valid: 0.9130, Test: 0.9481
Run: 03, Epoch: 66, Loss: 0.0000, lr: 0.000118, Train: 0.9996, Valid: 0.9128, Test: 0.9482
Run: 03, Epoch: 67, Loss: 0.0000, lr: 0.000118, Train: 0.9996, Valid: 0.9123, Test: 0.9482
Run: 03, Epoch: 68, Loss: 0.0000, lr: 0.000118, Train: 0.9996, Valid: 0.9117, Test: 0.9482
Run: 03, Epoch: 69, Loss: 0.0000, lr: 0.000082, Train: 0.9996, Valid: 0.9111, Test: 0.9482
Run: 03, Epoch: 70, Loss: 0.0000, lr: 0.000082, Train: 0.9996, Valid: 0.9105, Test: 0.9481
Run: 03, Epoch: 71, Loss: 0.0000, lr: 0.000082, Train: 0.9996, Valid: 0.9099, Test: 0.9481
Run: 03, Epoch: 72, Loss: 0.0000, lr: 0.000082, Train: 0.9997, Valid: 0.9093, Test: 0.9480
Run: 03, Epoch: 73, Loss: 0.0000, lr: 0.000082, Train: 0.9997, Valid: 0.9089, Test: 0.9480
Run: 03, Epoch: 74, Loss: 0.0000, lr: 0.000082, Train: 0.9997, Valid: 0.9086, Test: 0.9480
Run: 03, Epoch: 75, Loss: 0.0000, lr: 0.000058, Train: 0.9997, Valid: 0.9084, Test: 0.9480
Run: 03, Epoch: 76, Loss: 0.0000, lr: 0.000058, Train: 0.9997, Valid: 0.9082, Test: 0.9480
Run: 03, Epoch: 77, Loss: 0.0000, lr: 0.000058, Train: 0.9997, Valid: 0.9082, Test: 0.9481
Run: 03, Epoch: 78, Loss: 0.0000, lr: 0.000058, Train: 0.9997, Valid: 0.9082, Test: 0.9481
Run: 03, Epoch: 79, Loss: 0.0000, lr: 0.000058, Train: 0.9997, Valid: 0.9082, Test: 0.9481
Run: 03, Epoch: 80, Loss: 0.0000, lr: 0.000058, Train: 0.9997, Valid: 0.9082, Test: 0.9482
Run: 03, Epoch: 81, Loss: 0.0000, lr: 0.000040, Train: 0.9997, Valid: 0.9082, Test: 0.9482
Run: 03, Epoch: 82, Loss: 0.0000, lr: 0.000040, Train: 0.9997, Valid: 0.9083, Test: 0.9482
Run: 03, Epoch: 83, Loss: 0.0000, lr: 0.000040, Train: 0.9997, Valid: 0.9083, Test: 0.9482
Run: 03, Epoch: 84, Loss: 0.0000, lr: 0.000040, Train: 0.9997, Valid: 0.9082, Test: 0.9482
Run: 03, Epoch: 85, Loss: 0.0000, lr: 0.000040, Train: 0.9997, Valid: 0.9082, Test: 0.9482
Run: 03, Epoch: 86, Loss: 0.0000, lr: 0.000040, Train: 0.9997, Valid: 0.9082, Test: 0.9482
Run: 03, Epoch: 87, Loss: 0.0000, lr: 0.000028, Train: 0.9997, Valid: 0.9081, Test: 0.9482
Run: 03, Epoch: 88, Loss: 0.0000, lr: 0.000028, Train: 0.9997, Valid: 0.9081, Test: 0.9482
Run: 03, Epoch: 89, Loss: 0.0000, lr: 0.000028, Train: 0.9997, Valid: 0.9080, Test: 0.9482
Run: 03, Epoch: 90, Loss: 0.0000, lr: 0.000028, Train: 0.9997, Valid: 0.9079, Test: 0.9482
Run: 03, Epoch: 91, Loss: 0.0000, lr: 0.000028, Train: 0.9997, Valid: 0.9078, Test: 0.9482
Run: 03, Epoch: 92, Loss: 0.0000, lr: 0.000028, Train: 0.9997, Valid: 0.9077, Test: 0.9482
Run: 03, Epoch: 93, Loss: 0.0000, lr: 0.000020, Train: 0.9997, Valid: 0.9077, Test: 0.9482
Run: 03, Epoch: 94, Loss: 0.0000, lr: 0.000020, Train: 0.9997, Valid: 0.9076, Test: 0.9482
Run: 03, Epoch: 95, Loss: 0.0000, lr: 0.000020, Train: 0.9997, Valid: 0.9075, Test: 0.9482
Run: 03, Epoch: 96, Loss: 0.0000, lr: 0.000020, Train: 0.9997, Valid: 0.9075, Test: 0.9482
Run: 03, Epoch: 97, Loss: 0.0000, lr: 0.000020, Train: 0.9997, Valid: 0.9074, Test: 0.9482
Run: 03, Epoch: 98, Loss: 0.0000, lr: 0.000020, Train: 0.9997, Valid: 0.9074, Test: 0.9482
Run: 03, Epoch: 99, Loss: 0.0000, lr: 0.000014, Train: 0.9997, Valid: 0.9073, Test: 0.9483
Run: 03, Epoch: 100, Loss: 0.0000, lr: 0.000014, Train: 0.9997, Valid: 0.9073, Test: 0.9483
Run 03:
Highest Train: 1.00
Highest Valid: 0.93
  Final Train: 0.97
   Final Test: 0.92
Run: 04, Epoch: 01, Loss: 0.0401, lr: 0.001000, Train: 0.6178, Valid: 0.2622, Test: 0.5510
Run: 04, Epoch: 02, Loss: 0.0124, lr: 0.001000, Train: 0.7507, Valid: 0.3256, Test: 0.6292
Run: 04, Epoch: 03, Loss: 0.0075, lr: 0.001000, Train: 0.7433, Valid: 0.1852, Test: 0.5676
Run: 04, Epoch: 04, Loss: 0.0032, lr: 0.001000, Train: 0.6733, Valid: -0.0260, Test: 0.4640
Run: 04, Epoch: 05, Loss: 0.0031, lr: 0.001000, Train: 0.6157, Valid: -0.0947, Test: 0.3290
Run: 04, Epoch: 06, Loss: 0.0023, lr: 0.001000, Train: 0.5285, Valid: -0.2510, Test: 0.2128
Run: 04, Epoch: 07, Loss: 0.0014, lr: 0.001000, Train: 0.5649, Valid: -0.1035, Test: 0.2345
Run: 04, Epoch: 08, Loss: 0.0014, lr: 0.001000, Train: 0.6762, Valid: 0.1737, Test: 0.3946
Run: 04, Epoch: 09, Loss: 0.0014, lr: 0.000700, Train: 0.7704, Valid: 0.3806, Test: 0.5543
Run: 04, Epoch: 10, Loss: 0.0011, lr: 0.000700, Train: 0.8354, Valid: 0.5088, Test: 0.6744
Run: 04, Epoch: 11, Loss: 0.0009, lr: 0.000700, Train: 0.8647, Valid: 0.5641, Test: 0.7300
Run: 04, Epoch: 12, Loss: 0.0008, lr: 0.000700, Train: 0.8705, Valid: 0.5921, Test: 0.7344
Run: 04, Epoch: 13, Loss: 0.0008, lr: 0.000700, Train: 0.8644, Valid: 0.5994, Test: 0.7167
Run: 04, Epoch: 14, Loss: 0.0007, lr: 0.000700, Train: 0.8638, Valid: 0.6135, Test: 0.7080
Run: 04, Epoch: 15, Loss: 0.0006, lr: 0.000700, Train: 0.8694, Valid: 0.6447, Test: 0.7112
Run: 04, Epoch: 16, Loss: 0.0005, lr: 0.000700, Train: 0.8757, Valid: 0.6736, Test: 0.7209
Run: 04, Epoch: 17, Loss: 0.0005, lr: 0.000700, Train: 0.8823, Valid: 0.6949, Test: 0.7374
Run: 04, Epoch: 18, Loss: 0.0005, lr: 0.000700, Train: 0.8858, Valid: 0.7048, Test: 0.7516
Run: 04, Epoch: 19, Loss: 0.0004, lr: 0.000700, Train: 0.8842, Valid: 0.7019, Test: 0.7607
Run: 04, Epoch: 20, Loss: 0.0004, lr: 0.000700, Train: 0.8867, Valid: 0.7013, Test: 0.7768
Run: 04, Epoch: 21, Loss: 0.0004, lr: 0.000700, Train: 0.8983, Valid: 0.7141, Test: 0.8032
Run: 04, Epoch: 22, Loss: 0.0003, lr: 0.000700, Train: 0.9150, Valid: 0.7396, Test: 0.8302
Run: 04, Epoch: 23, Loss: 0.0003, lr: 0.000700, Train: 0.9292, Valid: 0.7658, Test: 0.8477
Run: 04, Epoch: 24, Loss: 0.0003, lr: 0.000700, Train: 0.9376, Valid: 0.7830, Test: 0.8567
Run: 04, Epoch: 25, Loss: 0.0003, lr: 0.000700, Train: 0.9430, Valid: 0.7959, Test: 0.8622
Run: 04, Epoch: 26, Loss: 0.0002, lr: 0.000700, Train: 0.9495, Valid: 0.8087, Test: 0.8688
Run: 04, Epoch: 27, Loss: 0.0002, lr: 0.000700, Train: 0.9589, Valid: 0.8224, Test: 0.8806
Run: 04, Epoch: 28, Loss: 0.0002, lr: 0.000700, Train: 0.9679, Valid: 0.8333, Test: 0.8935
Run: 04, Epoch: 29, Loss: 0.0002, lr: 0.000700, Train: 0.9718, Valid: 0.8364, Test: 0.8991
Run: 04, Epoch: 30, Loss: 0.0002, lr: 0.000700, Train: 0.9706, Valid: 0.8315, Test: 0.8972
Run: 04, Epoch: 31, Loss: 0.0001, lr: 0.000700, Train: 0.9654, Valid: 0.8200, Test: 0.8893
Run: 04, Epoch: 32, Loss: 0.0001, lr: 0.000700, Train: 0.9615, Valid: 0.8125, Test: 0.8816
Run: 04, Epoch: 33, Loss: 0.0001, lr: 0.000700, Train: 0.9631, Valid: 0.8185, Test: 0.8787
Run: 04, Epoch: 34, Loss: 0.0001, lr: 0.000700, Train: 0.9650, Valid: 0.8260, Test: 0.8813
Run: 04, Epoch: 35, Loss: 0.0001, lr: 0.000700, Train: 0.9708, Valid: 0.8440, Test: 0.8911
Run: 04, Epoch: 36, Loss: 0.0001, lr: 0.000700, Train: 0.9770, Valid: 0.8618, Test: 0.9027
Run: 04, Epoch: 37, Loss: 0.0001, lr: 0.000700, Train: 0.9825, Valid: 0.8728, Test: 0.9123
Run: 04, Epoch: 38, Loss: 0.0001, lr: 0.000700, Train: 0.9866, Valid: 0.8758, Test: 0.9177
Run: 04, Epoch: 39, Loss: 0.0001, lr: 0.000700, Train: 0.9881, Valid: 0.8738, Test: 0.9184
Run: 04, Epoch: 40, Loss: 0.0001, lr: 0.000700, Train: 0.9905, Valid: 0.8813, Test: 0.9228
Run: 04, Epoch: 41, Loss: 0.0001, lr: 0.000700, Train: 0.9905, Valid: 0.8839, Test: 0.9234
Run: 04, Epoch: 42, Loss: 0.0001, lr: 0.000700, Train: 0.9902, Valid: 0.8850, Test: 0.9228
Run: 04, Epoch: 43, Loss: 0.0001, lr: 0.000700, Train: 0.9891, Valid: 0.8836, Test: 0.9211
Run: 04, Epoch: 44, Loss: 0.0000, lr: 0.000700, Train: 0.9872, Valid: 0.8802, Test: 0.9184
Run: 04, Epoch: 45, Loss: 0.0000, lr: 0.000700, Train: 0.9851, Valid: 0.8781, Test: 0.9160
Run: 04, Epoch: 46, Loss: 0.0000, lr: 0.000700, Train: 0.9841, Valid: 0.8781, Test: 0.9145
Run: 04, Epoch: 47, Loss: 0.0000, lr: 0.000700, Train: 0.9847, Valid: 0.8791, Test: 0.9145
Run: 04, Epoch: 48, Loss: 0.0000, lr: 0.000700, Train: 0.9863, Valid: 0.8804, Test: 0.9155
Run: 04, Epoch: 49, Loss: 0.0000, lr: 0.000490, Train: 0.9881, Valid: 0.8828, Test: 0.9182
Run: 04, Epoch: 50, Loss: 0.0000, lr: 0.000490, Train: 0.9897, Valid: 0.8852, Test: 0.9210
Run: 04, Epoch: 51, Loss: 0.0000, lr: 0.000490, Train: 0.9911, Valid: 0.8878, Test: 0.9239
Run: 04, Epoch: 52, Loss: 0.0000, lr: 0.000490, Train: 0.9922, Valid: 0.8902, Test: 0.9268
Run: 04, Epoch: 53, Loss: 0.0000, lr: 0.000490, Train: 0.9933, Valid: 0.8919, Test: 0.9295
Run: 04, Epoch: 54, Loss: 0.0000, lr: 0.000490, Train: 0.9943, Valid: 0.8932, Test: 0.9320
Run: 04, Epoch: 55, Loss: 0.0000, lr: 0.000490, Train: 0.9951, Valid: 0.8942, Test: 0.9339
Run: 04, Epoch: 56, Loss: 0.0000, lr: 0.000490, Train: 0.9957, Valid: 0.8954, Test: 0.9350
Run: 04, Epoch: 57, Loss: 0.0000, lr: 0.000490, Train: 0.9960, Valid: 0.8970, Test: 0.9355
Run: 04, Epoch: 58, Loss: 0.0000, lr: 0.000490, Train: 0.9963, Valid: 0.8981, Test: 0.9357
Run: 04, Epoch: 59, Loss: 0.0000, lr: 0.000490, Train: 0.9965, Valid: 0.8987, Test: 0.9360
Run: 04, Epoch: 60, Loss: 0.0000, lr: 0.000490, Train: 0.9968, Valid: 0.8987, Test: 0.9363
Run: 04, Epoch: 61, Loss: 0.0000, lr: 0.000490, Train: 0.9971, Valid: 0.8984, Test: 0.9365
Run: 04, Epoch: 62, Loss: 0.0000, lr: 0.000490, Train: 0.9972, Valid: 0.8982, Test: 0.9367
Run: 04, Epoch: 63, Loss: 0.0000, lr: 0.000490, Train: 0.9972, Valid: 0.8982, Test: 0.9366
Run: 04, Epoch: 64, Loss: 0.0000, lr: 0.000490, Train: 0.9972, Valid: 0.8983, Test: 0.9365
Run: 04, Epoch: 65, Loss: 0.0000, lr: 0.000490, Train: 0.9972, Valid: 0.8983, Test: 0.9365
Run: 04, Epoch: 66, Loss: 0.0000, lr: 0.000343, Train: 0.9974, Valid: 0.8986, Test: 0.9369
Run: 04, Epoch: 67, Loss: 0.0000, lr: 0.000343, Train: 0.9977, Valid: 0.8988, Test: 0.9374
Run: 04, Epoch: 68, Loss: 0.0000, lr: 0.000343, Train: 0.9980, Valid: 0.8990, Test: 0.9379
Run: 04, Epoch: 69, Loss: 0.0000, lr: 0.000343, Train: 0.9982, Valid: 0.8995, Test: 0.9383
Run: 04, Epoch: 70, Loss: 0.0000, lr: 0.000343, Train: 0.9984, Valid: 0.9001, Test: 0.9387
Run: 04, Epoch: 71, Loss: 0.0000, lr: 0.000343, Train: 0.9985, Valid: 0.9007, Test: 0.9390
Run: 04, Epoch: 72, Loss: 0.0000, lr: 0.000343, Train: 0.9986, Valid: 0.9011, Test: 0.9393
Run: 04, Epoch: 73, Loss: 0.0000, lr: 0.000343, Train: 0.9988, Valid: 0.9013, Test: 0.9396
Run: 04, Epoch: 74, Loss: 0.0000, lr: 0.000343, Train: 0.9989, Valid: 0.9011, Test: 0.9400
Run: 04, Epoch: 75, Loss: 0.0000, lr: 0.000343, Train: 0.9990, Valid: 0.9009, Test: 0.9404
Run: 04, Epoch: 76, Loss: 0.0000, lr: 0.000343, Train: 0.9991, Valid: 0.9007, Test: 0.9408
Run: 04, Epoch: 77, Loss: 0.0000, lr: 0.000343, Train: 0.9992, Valid: 0.9007, Test: 0.9412
Run: 04, Epoch: 78, Loss: 0.0000, lr: 0.000343, Train: 0.9993, Valid: 0.9010, Test: 0.9413
Run: 04, Epoch: 79, Loss: 0.0000, lr: 0.000343, Train: 0.9994, Valid: 0.9013, Test: 0.9414
Run: 04, Epoch: 80, Loss: 0.0000, lr: 0.000240, Train: 0.9994, Valid: 0.9016, Test: 0.9415
Run: 04, Epoch: 81, Loss: 0.0000, lr: 0.000240, Train: 0.9995, Valid: 0.9018, Test: 0.9416
Run: 04, Epoch: 82, Loss: 0.0000, lr: 0.000240, Train: 0.9995, Valid: 0.9018, Test: 0.9417
Run: 04, Epoch: 83, Loss: 0.0000, lr: 0.000240, Train: 0.9995, Valid: 0.9019, Test: 0.9418
Run: 04, Epoch: 84, Loss: 0.0000, lr: 0.000240, Train: 0.9995, Valid: 0.9018, Test: 0.9419
Run: 04, Epoch: 85, Loss: 0.0000, lr: 0.000240, Train: 0.9996, Valid: 0.9018, Test: 0.9420
Run: 04, Epoch: 86, Loss: 0.0000, lr: 0.000240, Train: 0.9996, Valid: 0.9018, Test: 0.9421
Run: 04, Epoch: 87, Loss: 0.0000, lr: 0.000240, Train: 0.9996, Valid: 0.9018, Test: 0.9422
Run: 04, Epoch: 88, Loss: 0.0000, lr: 0.000168, Train: 0.9996, Valid: 0.9019, Test: 0.9422
Run: 04, Epoch: 89, Loss: 0.0000, lr: 0.000168, Train: 0.9997, Valid: 0.9020, Test: 0.9422
Run: 04, Epoch: 90, Loss: 0.0000, lr: 0.000168, Train: 0.9997, Valid: 0.9021, Test: 0.9423
Run: 04, Epoch: 91, Loss: 0.0000, lr: 0.000168, Train: 0.9997, Valid: 0.9022, Test: 0.9423
Run: 04, Epoch: 92, Loss: 0.0000, lr: 0.000168, Train: 0.9998, Valid: 0.9023, Test: 0.9423
Run: 04, Epoch: 93, Loss: 0.0000, lr: 0.000168, Train: 0.9998, Valid: 0.9025, Test: 0.9424
Run: 04, Epoch: 94, Loss: 0.0000, lr: 0.000168, Train: 0.9998, Valid: 0.9026, Test: 0.9424
Run: 04, Epoch: 95, Loss: 0.0000, lr: 0.000168, Train: 0.9998, Valid: 0.9026, Test: 0.9425
Run: 04, Epoch: 96, Loss: 0.0000, lr: 0.000168, Train: 0.9998, Valid: 0.9026, Test: 0.9425
Run: 04, Epoch: 97, Loss: 0.0000, lr: 0.000168, Train: 0.9998, Valid: 0.9026, Test: 0.9426
Run: 04, Epoch: 98, Loss: 0.0000, lr: 0.000168, Train: 0.9998, Valid: 0.9026, Test: 0.9426
Run: 04, Epoch: 99, Loss: 0.0000, lr: 0.000168, Train: 0.9998, Valid: 0.9025, Test: 0.9426
Run: 04, Epoch: 100, Loss: 0.0000, lr: 0.000168, Train: 0.9998, Valid: 0.9025, Test: 0.9427
Run 04:
Highest Train: 1.00
Highest Valid: 0.90
  Final Train: 1.00
   Final Test: 0.94
Run: 05, Epoch: 01, Loss: 0.0264, lr: 0.001000, Train: 0.6278, Valid: 0.5515, Test: 0.7169
Run: 05, Epoch: 02, Loss: 0.0188, lr: 0.001000, Train: 0.6413, Valid: 0.6556, Test: 0.7510
Run: 05, Epoch: 03, Loss: 0.0134, lr: 0.001000, Train: 0.6202, Valid: 0.5656, Test: 0.6579
Run: 05, Epoch: 04, Loss: 0.0074, lr: 0.001000, Train: 0.5539, Valid: 0.3997, Test: 0.6492
Run: 05, Epoch: 05, Loss: 0.0048, lr: 0.001000, Train: 0.3842, Valid: 0.1609, Test: 0.5114
Run: 05, Epoch: 06, Loss: 0.0034, lr: 0.001000, Train: 0.1623, Valid: -0.1100, Test: 0.2910
Run: 05, Epoch: 07, Loss: 0.0025, lr: 0.001000, Train: 0.0501, Valid: -0.3214, Test: 0.1145
Run: 05, Epoch: 08, Loss: 0.0027, lr: 0.001000, Train: -0.0321, Valid: -0.4206, Test: 0.0173
Run: 05, Epoch: 09, Loss: 0.0017, lr: 0.000700, Train: 0.0526, Valid: -0.3059, Test: 0.0977
Run: 05, Epoch: 10, Loss: 0.0016, lr: 0.000700, Train: 0.2805, Valid: -0.0529, Test: 0.2918
Run: 05, Epoch: 11, Loss: 0.0012, lr: 0.000700, Train: 0.5019, Valid: 0.2119, Test: 0.4741
Run: 05, Epoch: 12, Loss: 0.0012, lr: 0.000700, Train: 0.6372, Valid: 0.4081, Test: 0.5874
Run: 05, Epoch: 13, Loss: 0.0012, lr: 0.000700, Train: 0.7061, Valid: 0.5281, Test: 0.6413
Run: 05, Epoch: 14, Loss: 0.0010, lr: 0.000700, Train: 0.7581, Valid: 0.6099, Test: 0.6841
Run: 05, Epoch: 15, Loss: 0.0010, lr: 0.000490, Train: 0.8113, Valid: 0.6743, Test: 0.7357
Run: 05, Epoch: 16, Loss: 0.0008, lr: 0.000490, Train: 0.8554, Valid: 0.7234, Test: 0.7834
Run: 05, Epoch: 17, Loss: 0.0007, lr: 0.000490, Train: 0.8858, Valid: 0.7576, Test: 0.8208
Run: 05, Epoch: 18, Loss: 0.0006, lr: 0.000490, Train: 0.9040, Valid: 0.7809, Test: 0.8460
Run: 05, Epoch: 19, Loss: 0.0006, lr: 0.000490, Train: 0.9140, Valid: 0.7968, Test: 0.8607
Run: 05, Epoch: 20, Loss: 0.0006, lr: 0.000490, Train: 0.9202, Valid: 0.8106, Test: 0.8704
Run: 05, Epoch: 21, Loss: 0.0006, lr: 0.000490, Train: 0.9268, Valid: 0.8247, Test: 0.8794
Run: 05, Epoch: 22, Loss: 0.0005, lr: 0.000490, Train: 0.9350, Valid: 0.8399, Test: 0.8914
Run: 05, Epoch: 23, Loss: 0.0005, lr: 0.000490, Train: 0.9471, Valid: 0.8548, Test: 0.8995
Run: 05, Epoch: 24, Loss: 0.0004, lr: 0.000490, Train: 0.9573, Valid: 0.8666, Test: 0.9093
Run: 05, Epoch: 25, Loss: 0.0004, lr: 0.000490, Train: 0.9636, Valid: 0.8737, Test: 0.9181
Run: 05, Epoch: 26, Loss: 0.0004, lr: 0.000490, Train: 0.9655, Valid: 0.8771, Test: 0.9206
Run: 05, Epoch: 27, Loss: 0.0003, lr: 0.000490, Train: 0.9669, Valid: 0.8792, Test: 0.9245
Run: 05, Epoch: 28, Loss: 0.0003, lr: 0.000490, Train: 0.9709, Valid: 0.8831, Test: 0.9292
Run: 05, Epoch: 29, Loss: 0.0003, lr: 0.000490, Train: 0.9779, Valid: 0.8886, Test: 0.9328
Run: 05, Epoch: 30, Loss: 0.0003, lr: 0.000490, Train: 0.9818, Valid: 0.8928, Test: 0.9403
Run: 05, Epoch: 31, Loss: 0.0003, lr: 0.000490, Train: 0.9840, Valid: 0.8961, Test: 0.9491
Run: 05, Epoch: 32, Loss: 0.0002, lr: 0.000490, Train: 0.9862, Valid: 0.9001, Test: 0.9534
Run: 05, Epoch: 33, Loss: 0.0002, lr: 0.000490, Train: 0.9887, Valid: 0.9039, Test: 0.9571
Run: 05, Epoch: 34, Loss: 0.0002, lr: 0.000490, Train: 0.9907, Valid: 0.9063, Test: 0.9602
Run: 05, Epoch: 35, Loss: 0.0002, lr: 0.000490, Train: 0.9919, Valid: 0.9068, Test: 0.9625
Run: 05, Epoch: 36, Loss: 0.0002, lr: 0.000490, Train: 0.9928, Valid: 0.9063, Test: 0.9642
Run: 05, Epoch: 37, Loss: 0.0002, lr: 0.000490, Train: 0.9935, Valid: 0.9053, Test: 0.9653
Run: 05, Epoch: 38, Loss: 0.0002, lr: 0.000490, Train: 0.9942, Valid: 0.9043, Test: 0.9660
Run: 05, Epoch: 39, Loss: 0.0002, lr: 0.000490, Train: 0.9946, Valid: 0.9035, Test: 0.9660
Run: 05, Epoch: 40, Loss: 0.0001, lr: 0.000490, Train: 0.9945, Valid: 0.9033, Test: 0.9653
Run: 05, Epoch: 41, Loss: 0.0001, lr: 0.000490, Train: 0.9939, Valid: 0.9033, Test: 0.9640
Run: 05, Epoch: 42, Loss: 0.0001, lr: 0.000343, Train: 0.9937, Valid: 0.9033, Test: 0.9637
Run: 05, Epoch: 43, Loss: 0.0001, lr: 0.000343, Train: 0.9939, Valid: 0.9032, Test: 0.9641
Run: 05, Epoch: 44, Loss: 0.0001, lr: 0.000343, Train: 0.9945, Valid: 0.9032, Test: 0.9651
Run: 05, Epoch: 45, Loss: 0.0001, lr: 0.000343, Train: 0.9951, Valid: 0.9031, Test: 0.9660
Run: 05, Epoch: 46, Loss: 0.0001, lr: 0.000343, Train: 0.9956, Valid: 0.9033, Test: 0.9666
Run: 05, Epoch: 47, Loss: 0.0001, lr: 0.000343, Train: 0.9959, Valid: 0.9038, Test: 0.9668
Run: 05, Epoch: 48, Loss: 0.0001, lr: 0.000240, Train: 0.9961, Valid: 0.9044, Test: 0.9667
Run: 05, Epoch: 49, Loss: 0.0001, lr: 0.000240, Train: 0.9962, Valid: 0.9050, Test: 0.9664
Run: 05, Epoch: 50, Loss: 0.0001, lr: 0.000240, Train: 0.9963, Valid: 0.9056, Test: 0.9661
Run: 05, Epoch: 51, Loss: 0.0001, lr: 0.000240, Train: 0.9963, Valid: 0.9061, Test: 0.9658
Run: 05, Epoch: 52, Loss: 0.0001, lr: 0.000240, Train: 0.9963, Valid: 0.9064, Test: 0.9657
Run: 05, Epoch: 53, Loss: 0.0001, lr: 0.000240, Train: 0.9963, Valid: 0.9066, Test: 0.9659
Run: 05, Epoch: 54, Loss: 0.0001, lr: 0.000168, Train: 0.9965, Valid: 0.9066, Test: 0.9662
Run: 05, Epoch: 55, Loss: 0.0001, lr: 0.000168, Train: 0.9968, Valid: 0.9065, Test: 0.9668
Run: 05, Epoch: 56, Loss: 0.0001, lr: 0.000168, Train: 0.9970, Valid: 0.9064, Test: 0.9674
Run: 05, Epoch: 57, Loss: 0.0001, lr: 0.000168, Train: 0.9973, Valid: 0.9062, Test: 0.9680
Run: 05, Epoch: 58, Loss: 0.0001, lr: 0.000168, Train: 0.9976, Valid: 0.9060, Test: 0.9686
Run: 05, Epoch: 59, Loss: 0.0001, lr: 0.000168, Train: 0.9979, Valid: 0.9057, Test: 0.9690
Run: 05, Epoch: 60, Loss: 0.0001, lr: 0.000118, Train: 0.9981, Valid: 0.9055, Test: 0.9692
Run: 05, Epoch: 61, Loss: 0.0001, lr: 0.000118, Train: 0.9982, Valid: 0.9053, Test: 0.9694
Run: 05, Epoch: 62, Loss: 0.0001, lr: 0.000118, Train: 0.9983, Valid: 0.9051, Test: 0.9695
Run: 05, Epoch: 63, Loss: 0.0001, lr: 0.000118, Train: 0.9984, Valid: 0.9049, Test: 0.9695
Run: 05, Epoch: 64, Loss: 0.0001, lr: 0.000118, Train: 0.9985, Valid: 0.9048, Test: 0.9695
Run: 05, Epoch: 65, Loss: 0.0001, lr: 0.000118, Train: 0.9985, Valid: 0.9047, Test: 0.9694
Run: 05, Epoch: 66, Loss: 0.0001, lr: 0.000082, Train: 0.9986, Valid: 0.9045, Test: 0.9694
Run: 05, Epoch: 67, Loss: 0.0000, lr: 0.000082, Train: 0.9986, Valid: 0.9044, Test: 0.9694
Run: 05, Epoch: 68, Loss: 0.0000, lr: 0.000082, Train: 0.9986, Valid: 0.9043, Test: 0.9694
Run: 05, Epoch: 69, Loss: 0.0000, lr: 0.000082, Train: 0.9987, Valid: 0.9042, Test: 0.9694
Run: 05, Epoch: 70, Loss: 0.0000, lr: 0.000082, Train: 0.9987, Valid: 0.9041, Test: 0.9694
Run: 05, Epoch: 71, Loss: 0.0000, lr: 0.000082, Train: 0.9987, Valid: 0.9040, Test: 0.9694
Run: 05, Epoch: 72, Loss: 0.0000, lr: 0.000058, Train: 0.9987, Valid: 0.9039, Test: 0.9694
Run: 05, Epoch: 73, Loss: 0.0000, lr: 0.000058, Train: 0.9987, Valid: 0.9039, Test: 0.9694
Run: 05, Epoch: 74, Loss: 0.0000, lr: 0.000058, Train: 0.9988, Valid: 0.9039, Test: 0.9694
Run: 05, Epoch: 75, Loss: 0.0000, lr: 0.000058, Train: 0.9988, Valid: 0.9038, Test: 0.9694
Run: 05, Epoch: 76, Loss: 0.0000, lr: 0.000058, Train: 0.9988, Valid: 0.9038, Test: 0.9693
Run: 05, Epoch: 77, Loss: 0.0000, lr: 0.000058, Train: 0.9988, Valid: 0.9038, Test: 0.9693
Run: 05, Epoch: 78, Loss: 0.0000, lr: 0.000040, Train: 0.9988, Valid: 0.9038, Test: 0.9693
Run: 05, Epoch: 79, Loss: 0.0000, lr: 0.000040, Train: 0.9988, Valid: 0.9037, Test: 0.9694
Run: 05, Epoch: 80, Loss: 0.0000, lr: 0.000040, Train: 0.9988, Valid: 0.9037, Test: 0.9694
Run: 05, Epoch: 81, Loss: 0.0000, lr: 0.000040, Train: 0.9989, Valid: 0.9036, Test: 0.9694
Run: 05, Epoch: 82, Loss: 0.0000, lr: 0.000040, Train: 0.9989, Valid: 0.9035, Test: 0.9694
Run: 05, Epoch: 83, Loss: 0.0000, lr: 0.000040, Train: 0.9989, Valid: 0.9035, Test: 0.9694
Run: 05, Epoch: 84, Loss: 0.0000, lr: 0.000028, Train: 0.9989, Valid: 0.9034, Test: 0.9694
Run: 05, Epoch: 85, Loss: 0.0000, lr: 0.000028, Train: 0.9989, Valid: 0.9033, Test: 0.9694
Run: 05, Epoch: 86, Loss: 0.0000, lr: 0.000028, Train: 0.9989, Valid: 0.9033, Test: 0.9695
Run: 05, Epoch: 87, Loss: 0.0000, lr: 0.000028, Train: 0.9989, Valid: 0.9032, Test: 0.9695
Run: 05, Epoch: 88, Loss: 0.0000, lr: 0.000028, Train: 0.9989, Valid: 0.9032, Test: 0.9695
Run: 05, Epoch: 89, Loss: 0.0000, lr: 0.000028, Train: 0.9989, Valid: 0.9031, Test: 0.9695
Run: 05, Epoch: 90, Loss: 0.0000, lr: 0.000020, Train: 0.9989, Valid: 0.9031, Test: 0.9695
Run: 05, Epoch: 91, Loss: 0.0000, lr: 0.000020, Train: 0.9989, Valid: 0.9031, Test: 0.9695
Run: 05, Epoch: 92, Loss: 0.0000, lr: 0.000020, Train: 0.9989, Valid: 0.9031, Test: 0.9695
Run: 05, Epoch: 93, Loss: 0.0000, lr: 0.000020, Train: 0.9989, Valid: 0.9031, Test: 0.9695
Run: 05, Epoch: 94, Loss: 0.0000, lr: 0.000020, Train: 0.9989, Valid: 0.9031, Test: 0.9696
Run: 05, Epoch: 95, Loss: 0.0000, lr: 0.000020, Train: 0.9990, Valid: 0.9030, Test: 0.9696
Run: 05, Epoch: 96, Loss: 0.0000, lr: 0.000014, Train: 0.9990, Valid: 0.9030, Test: 0.9696
Run: 05, Epoch: 97, Loss: 0.0000, lr: 0.000014, Train: 0.9990, Valid: 0.9030, Test: 0.9696
Run: 05, Epoch: 98, Loss: 0.0000, lr: 0.000014, Train: 0.9990, Valid: 0.9030, Test: 0.9696
Run: 05, Epoch: 99, Loss: 0.0000, lr: 0.000014, Train: 0.9990, Valid: 0.9030, Test: 0.9696
Run: 05, Epoch: 100, Loss: 0.0000, lr: 0.000014, Train: 0.9990, Valid: 0.9030, Test: 0.9696
Run 05:
Highest Train: 1.00
Highest Valid: 0.91
  Final Train: 0.99
   Final Test: 0.96
Run: 06, Epoch: 01, Loss: 0.0379, lr: 0.001000, Train: 0.5204, Valid: 0.6298, Test: 0.5943
Run: 06, Epoch: 02, Loss: 0.0111, lr: 0.001000, Train: 0.6902, Valid: 0.7488, Test: 0.7379
Run: 06, Epoch: 03, Loss: 0.0081, lr: 0.001000, Train: 0.6987, Valid: 0.7859, Test: 0.7580
Run: 06, Epoch: 04, Loss: 0.0056, lr: 0.001000, Train: 0.6825, Valid: 0.7827, Test: 0.7793
Run: 06, Epoch: 05, Loss: 0.0025, lr: 0.001000, Train: 0.6688, Valid: 0.7369, Test: 0.7369
Run: 06, Epoch: 06, Loss: 0.0025, lr: 0.001000, Train: 0.5944, Valid: 0.7096, Test: 0.7013
Run: 06, Epoch: 07, Loss: 0.0019, lr: 0.001000, Train: 0.6769, Valid: 0.7699, Test: 0.7636
Run: 06, Epoch: 08, Loss: 0.0017, lr: 0.001000, Train: 0.8207, Valid: 0.8568, Test: 0.8638
Run: 06, Epoch: 09, Loss: 0.0012, lr: 0.001000, Train: 0.9107, Valid: 0.9163, Test: 0.9171
Run: 06, Epoch: 10, Loss: 0.0013, lr: 0.001000, Train: 0.9392, Valid: 0.9400, Test: 0.9226
Run: 06, Epoch: 11, Loss: 0.0009, lr: 0.001000, Train: 0.9369, Valid: 0.9393, Test: 0.9122
Run: 06, Epoch: 12, Loss: 0.0010, lr: 0.001000, Train: 0.9360, Valid: 0.9315, Test: 0.9116
Run: 06, Epoch: 13, Loss: 0.0009, lr: 0.001000, Train: 0.9438, Valid: 0.9298, Test: 0.9240
Run: 06, Epoch: 14, Loss: 0.0006, lr: 0.001000, Train: 0.9461, Valid: 0.9259, Test: 0.9368
Run: 06, Epoch: 15, Loss: 0.0006, lr: 0.001000, Train: 0.9429, Valid: 0.9177, Test: 0.9411
Run: 06, Epoch: 16, Loss: 0.0006, lr: 0.001000, Train: 0.9375, Valid: 0.9077, Test: 0.9363
Run: 06, Epoch: 17, Loss: 0.0005, lr: 0.000700, Train: 0.9331, Valid: 0.9023, Test: 0.9307
Run: 06, Epoch: 18, Loss: 0.0004, lr: 0.000700, Train: 0.9280, Valid: 0.8981, Test: 0.9243
Run: 06, Epoch: 19, Loss: 0.0004, lr: 0.000700, Train: 0.9271, Valid: 0.8993, Test: 0.9214
Run: 06, Epoch: 20, Loss: 0.0003, lr: 0.000700, Train: 0.9341, Valid: 0.9069, Test: 0.9238
Run: 06, Epoch: 21, Loss: 0.0003, lr: 0.000700, Train: 0.9455, Valid: 0.9160, Test: 0.9291
Run: 06, Epoch: 22, Loss: 0.0003, lr: 0.000700, Train: 0.9541, Valid: 0.9217, Test: 0.9333
Run: 06, Epoch: 23, Loss: 0.0003, lr: 0.000490, Train: 0.9585, Valid: 0.9242, Test: 0.9363
Run: 06, Epoch: 24, Loss: 0.0002, lr: 0.000490, Train: 0.9598, Valid: 0.9236, Test: 0.9376
Run: 06, Epoch: 25, Loss: 0.0002, lr: 0.000490, Train: 0.9590, Valid: 0.9215, Test: 0.9379
Run: 06, Epoch: 26, Loss: 0.0002, lr: 0.000490, Train: 0.9575, Valid: 0.9191, Test: 0.9383
Run: 06, Epoch: 27, Loss: 0.0002, lr: 0.000490, Train: 0.9564, Valid: 0.9174, Test: 0.9390
Run: 06, Epoch: 28, Loss: 0.0002, lr: 0.000490, Train: 0.9554, Valid: 0.9163, Test: 0.9396
Run: 06, Epoch: 29, Loss: 0.0002, lr: 0.000343, Train: 0.9567, Valid: 0.9179, Test: 0.9407
Run: 06, Epoch: 30, Loss: 0.0001, lr: 0.000343, Train: 0.9571, Valid: 0.9190, Test: 0.9410
Run: 06, Epoch: 31, Loss: 0.0001, lr: 0.000343, Train: 0.9569, Valid: 0.9197, Test: 0.9408
Run: 06, Epoch: 32, Loss: 0.0001, lr: 0.000343, Train: 0.9569, Valid: 0.9206, Test: 0.9404
Run: 06, Epoch: 33, Loss: 0.0001, lr: 0.000343, Train: 0.9580, Valid: 0.9222, Test: 0.9402
Run: 06, Epoch: 34, Loss: 0.0001, lr: 0.000343, Train: 0.9607, Valid: 0.9246, Test: 0.9406
Run: 06, Epoch: 35, Loss: 0.0001, lr: 0.000240, Train: 0.9655, Valid: 0.9288, Test: 0.9422
Run: 06, Epoch: 36, Loss: 0.0001, lr: 0.000240, Train: 0.9703, Valid: 0.9327, Test: 0.9437
Run: 06, Epoch: 37, Loss: 0.0001, lr: 0.000240, Train: 0.9746, Valid: 0.9361, Test: 0.9452
Run: 06, Epoch: 38, Loss: 0.0001, lr: 0.000240, Train: 0.9783, Valid: 0.9390, Test: 0.9465
Run: 06, Epoch: 39, Loss: 0.0001, lr: 0.000240, Train: 0.9811, Valid: 0.9412, Test: 0.9476
Run: 06, Epoch: 40, Loss: 0.0001, lr: 0.000240, Train: 0.9833, Valid: 0.9430, Test: 0.9486
Run: 06, Epoch: 41, Loss: 0.0001, lr: 0.000240, Train: 0.9850, Valid: 0.9445, Test: 0.9494
Run: 06, Epoch: 42, Loss: 0.0001, lr: 0.000240, Train: 0.9863, Valid: 0.9457, Test: 0.9501
Run: 06, Epoch: 43, Loss: 0.0001, lr: 0.000240, Train: 0.9874, Valid: 0.9468, Test: 0.9506
Run: 06, Epoch: 44, Loss: 0.0001, lr: 0.000240, Train: 0.9883, Valid: 0.9476, Test: 0.9511
Run: 06, Epoch: 45, Loss: 0.0001, lr: 0.000240, Train: 0.9892, Valid: 0.9483, Test: 0.9514
Run: 06, Epoch: 46, Loss: 0.0001, lr: 0.000240, Train: 0.9900, Valid: 0.9490, Test: 0.9516
Run: 06, Epoch: 47, Loss: 0.0001, lr: 0.000240, Train: 0.9908, Valid: 0.9496, Test: 0.9516
Run: 06, Epoch: 48, Loss: 0.0001, lr: 0.000240, Train: 0.9915, Valid: 0.9503, Test: 0.9515
Run: 06, Epoch: 49, Loss: 0.0001, lr: 0.000240, Train: 0.9921, Valid: 0.9509, Test: 0.9513
Run: 06, Epoch: 50, Loss: 0.0000, lr: 0.000240, Train: 0.9927, Valid: 0.9515, Test: 0.9511
Run: 06, Epoch: 51, Loss: 0.0000, lr: 0.000240, Train: 0.9932, Valid: 0.9521, Test: 0.9509
Run: 06, Epoch: 52, Loss: 0.0000, lr: 0.000240, Train: 0.9937, Valid: 0.9527, Test: 0.9509
Run: 06, Epoch: 53, Loss: 0.0000, lr: 0.000240, Train: 0.9941, Valid: 0.9533, Test: 0.9510
Run: 06, Epoch: 54, Loss: 0.0000, lr: 0.000240, Train: 0.9946, Valid: 0.9538, Test: 0.9512
Run: 06, Epoch: 55, Loss: 0.0000, lr: 0.000240, Train: 0.9949, Valid: 0.9542, Test: 0.9514
Run: 06, Epoch: 56, Loss: 0.0000, lr: 0.000240, Train: 0.9953, Valid: 0.9545, Test: 0.9516
Run: 06, Epoch: 57, Loss: 0.0000, lr: 0.000240, Train: 0.9956, Valid: 0.9548, Test: 0.9517
Run: 06, Epoch: 58, Loss: 0.0000, lr: 0.000240, Train: 0.9960, Valid: 0.9549, Test: 0.9518
Run: 06, Epoch: 59, Loss: 0.0000, lr: 0.000240, Train: 0.9964, Valid: 0.9550, Test: 0.9518
Run: 06, Epoch: 60, Loss: 0.0000, lr: 0.000240, Train: 0.9968, Valid: 0.9550, Test: 0.9518
Run: 06, Epoch: 61, Loss: 0.0000, lr: 0.000240, Train: 0.9972, Valid: 0.9551, Test: 0.9517
Run: 06, Epoch: 62, Loss: 0.0000, lr: 0.000240, Train: 0.9975, Valid: 0.9551, Test: 0.9516
Run: 06, Epoch: 63, Loss: 0.0000, lr: 0.000240, Train: 0.9978, Valid: 0.9551, Test: 0.9515
Run: 06, Epoch: 64, Loss: 0.0000, lr: 0.000240, Train: 0.9981, Valid: 0.9552, Test: 0.9514
Run: 06, Epoch: 65, Loss: 0.0000, lr: 0.000240, Train: 0.9983, Valid: 0.9553, Test: 0.9512
Run: 06, Epoch: 66, Loss: 0.0000, lr: 0.000240, Train: 0.9984, Valid: 0.9555, Test: 0.9511
Run: 06, Epoch: 67, Loss: 0.0000, lr: 0.000240, Train: 0.9985, Valid: 0.9557, Test: 0.9510
Run: 06, Epoch: 68, Loss: 0.0000, lr: 0.000240, Train: 0.9986, Valid: 0.9559, Test: 0.9509
Run: 06, Epoch: 69, Loss: 0.0000, lr: 0.000240, Train: 0.9988, Valid: 0.9560, Test: 0.9507
Run: 06, Epoch: 70, Loss: 0.0000, lr: 0.000240, Train: 0.9989, Valid: 0.9561, Test: 0.9506
Run: 06, Epoch: 71, Loss: 0.0000, lr: 0.000240, Train: 0.9990, Valid: 0.9562, Test: 0.9504
Run: 06, Epoch: 72, Loss: 0.0000, lr: 0.000240, Train: 0.9991, Valid: 0.9562, Test: 0.9502
Run: 06, Epoch: 73, Loss: 0.0000, lr: 0.000240, Train: 0.9992, Valid: 0.9562, Test: 0.9501
Run: 06, Epoch: 74, Loss: 0.0000, lr: 0.000240, Train: 0.9993, Valid: 0.9561, Test: 0.9499
Run: 06, Epoch: 75, Loss: 0.0000, lr: 0.000240, Train: 0.9993, Valid: 0.9561, Test: 0.9498
Run: 06, Epoch: 76, Loss: 0.0000, lr: 0.000240, Train: 0.9994, Valid: 0.9561, Test: 0.9498
Run: 06, Epoch: 77, Loss: 0.0000, lr: 0.000168, Train: 0.9994, Valid: 0.9561, Test: 0.9498
Run: 06, Epoch: 78, Loss: 0.0000, lr: 0.000168, Train: 0.9995, Valid: 0.9561, Test: 0.9498
Run: 06, Epoch: 79, Loss: 0.0000, lr: 0.000168, Train: 0.9995, Valid: 0.9561, Test: 0.9499
Run: 06, Epoch: 80, Loss: 0.0000, lr: 0.000168, Train: 0.9995, Valid: 0.9561, Test: 0.9499
Run: 06, Epoch: 81, Loss: 0.0000, lr: 0.000168, Train: 0.9995, Valid: 0.9561, Test: 0.9499
Run: 06, Epoch: 82, Loss: 0.0000, lr: 0.000168, Train: 0.9995, Valid: 0.9560, Test: 0.9498
Run: 06, Epoch: 83, Loss: 0.0000, lr: 0.000118, Train: 0.9996, Valid: 0.9560, Test: 0.9497
Run: 06, Epoch: 84, Loss: 0.0000, lr: 0.000118, Train: 0.9996, Valid: 0.9560, Test: 0.9497
Run: 06, Epoch: 85, Loss: 0.0000, lr: 0.000118, Train: 0.9996, Valid: 0.9560, Test: 0.9496
Run: 06, Epoch: 86, Loss: 0.0000, lr: 0.000118, Train: 0.9996, Valid: 0.9559, Test: 0.9495
Run: 06, Epoch: 87, Loss: 0.0000, lr: 0.000118, Train: 0.9996, Valid: 0.9559, Test: 0.9495
Run: 06, Epoch: 88, Loss: 0.0000, lr: 0.000118, Train: 0.9996, Valid: 0.9559, Test: 0.9494
Run: 06, Epoch: 89, Loss: 0.0000, lr: 0.000082, Train: 0.9996, Valid: 0.9559, Test: 0.9494
Run: 06, Epoch: 90, Loss: 0.0000, lr: 0.000082, Train: 0.9997, Valid: 0.9559, Test: 0.9494
Run: 06, Epoch: 91, Loss: 0.0000, lr: 0.000082, Train: 0.9997, Valid: 0.9559, Test: 0.9493
Run: 06, Epoch: 92, Loss: 0.0000, lr: 0.000082, Train: 0.9997, Valid: 0.9560, Test: 0.9493
Run: 06, Epoch: 93, Loss: 0.0000, lr: 0.000082, Train: 0.9997, Valid: 0.9560, Test: 0.9493
Run: 06, Epoch: 94, Loss: 0.0000, lr: 0.000082, Train: 0.9997, Valid: 0.9560, Test: 0.9494
Run: 06, Epoch: 95, Loss: 0.0000, lr: 0.000058, Train: 0.9997, Valid: 0.9560, Test: 0.9494
Run: 06, Epoch: 96, Loss: 0.0000, lr: 0.000058, Train: 0.9997, Valid: 0.9560, Test: 0.9494
Run: 06, Epoch: 97, Loss: 0.0000, lr: 0.000058, Train: 0.9997, Valid: 0.9560, Test: 0.9494
Run: 06, Epoch: 98, Loss: 0.0000, lr: 0.000058, Train: 0.9997, Valid: 0.9559, Test: 0.9494
Run: 06, Epoch: 99, Loss: 0.0000, lr: 0.000058, Train: 0.9997, Valid: 0.9559, Test: 0.9494
Run: 06, Epoch: 100, Loss: 0.0000, lr: 0.000058, Train: 0.9997, Valid: 0.9559, Test: 0.9494
Run 06:
Highest Train: 1.00
Highest Valid: 0.96
  Final Train: 1.00
   Final Test: 0.95
Run: 07, Epoch: 01, Loss: 0.0543, lr: 0.001000, Train: 0.3938, Valid: 0.5534, Test: 0.2413
Run: 07, Epoch: 02, Loss: 0.0136, lr: 0.001000, Train: 0.3235, Valid: 0.6214, Test: 0.3343
Run: 07, Epoch: 03, Loss: 0.0101, lr: 0.001000, Train: 0.2345, Valid: 0.6095, Test: 0.3287
Run: 07, Epoch: 04, Loss: 0.0078, lr: 0.001000, Train: 0.3089, Valid: 0.6552, Test: 0.3152
Run: 07, Epoch: 05, Loss: 0.0048, lr: 0.001000, Train: 0.4059, Valid: 0.6802, Test: 0.3127
Run: 07, Epoch: 06, Loss: 0.0029, lr: 0.001000, Train: 0.5907, Valid: 0.7186, Test: 0.6033
Run: 07, Epoch: 07, Loss: 0.0030, lr: 0.001000, Train: 0.6447, Valid: 0.7609, Test: 0.6633
Run: 07, Epoch: 08, Loss: 0.0020, lr: 0.001000, Train: 0.6935, Valid: 0.8172, Test: 0.7280
Run: 07, Epoch: 09, Loss: 0.0010, lr: 0.001000, Train: 0.7208, Valid: 0.8599, Test: 0.7051
Run: 07, Epoch: 10, Loss: 0.0014, lr: 0.001000, Train: 0.7827, Valid: 0.8927, Test: 0.7710
Run: 07, Epoch: 11, Loss: 0.0013, lr: 0.001000, Train: 0.8307, Valid: 0.9110, Test: 0.9033
Run: 07, Epoch: 12, Loss: 0.0014, lr: 0.001000, Train: 0.8745, Valid: 0.9335, Test: 0.9316
Run: 07, Epoch: 13, Loss: 0.0014, lr: 0.001000, Train: 0.8981, Valid: 0.9493, Test: 0.9295
Run: 07, Epoch: 14, Loss: 0.0010, lr: 0.001000, Train: 0.8985, Valid: 0.9604, Test: 0.8975
Run: 07, Epoch: 15, Loss: 0.0010, lr: 0.001000, Train: 0.9191, Valid: 0.9701, Test: 0.9022
Run: 07, Epoch: 16, Loss: 0.0008, lr: 0.001000, Train: 0.9393, Valid: 0.9681, Test: 0.9331
Run: 07, Epoch: 17, Loss: 0.0007, lr: 0.001000, Train: 0.9401, Valid: 0.9612, Test: 0.9490
Run: 07, Epoch: 18, Loss: 0.0008, lr: 0.001000, Train: 0.9274, Valid: 0.9594, Test: 0.9419
Run: 07, Epoch: 19, Loss: 0.0006, lr: 0.001000, Train: 0.9163, Valid: 0.9592, Test: 0.9286
Run: 07, Epoch: 20, Loss: 0.0004, lr: 0.001000, Train: 0.9130, Valid: 0.9567, Test: 0.9192
Run: 07, Epoch: 21, Loss: 0.0005, lr: 0.001000, Train: 0.9331, Valid: 0.9577, Test: 0.9343
Run: 07, Epoch: 22, Loss: 0.0005, lr: 0.000700, Train: 0.9517, Valid: 0.9598, Test: 0.9505
Run: 07, Epoch: 23, Loss: 0.0004, lr: 0.000700, Train: 0.9605, Valid: 0.9613, Test: 0.9580
Run: 07, Epoch: 24, Loss: 0.0004, lr: 0.000700, Train: 0.9634, Valid: 0.9625, Test: 0.9580
Run: 07, Epoch: 25, Loss: 0.0004, lr: 0.000700, Train: 0.9685, Valid: 0.9640, Test: 0.9606
Run: 07, Epoch: 26, Loss: 0.0003, lr: 0.000700, Train: 0.9775, Valid: 0.9630, Test: 0.9679
Run: 07, Epoch: 27, Loss: 0.0003, lr: 0.000700, Train: 0.9851, Valid: 0.9524, Test: 0.9740
Run: 07, Epoch: 28, Loss: 0.0003, lr: 0.000490, Train: 0.9886, Valid: 0.9402, Test: 0.9765
Run: 07, Epoch: 29, Loss: 0.0003, lr: 0.000490, Train: 0.9905, Valid: 0.9300, Test: 0.9765
Run: 07, Epoch: 30, Loss: 0.0002, lr: 0.000490, Train: 0.9915, Valid: 0.9269, Test: 0.9754
Run: 07, Epoch: 31, Loss: 0.0002, lr: 0.000490, Train: 0.9922, Valid: 0.9322, Test: 0.9747
Run: 07, Epoch: 32, Loss: 0.0002, lr: 0.000490, Train: 0.9922, Valid: 0.9416, Test: 0.9744
Run: 07, Epoch: 33, Loss: 0.0002, lr: 0.000490, Train: 0.9919, Valid: 0.9468, Test: 0.9737
Run: 07, Epoch: 34, Loss: 0.0002, lr: 0.000343, Train: 0.9923, Valid: 0.9459, Test: 0.9734
Run: 07, Epoch: 35, Loss: 0.0002, lr: 0.000343, Train: 0.9929, Valid: 0.9407, Test: 0.9734
Run: 07, Epoch: 36, Loss: 0.0002, lr: 0.000343, Train: 0.9932, Valid: 0.9334, Test: 0.9735
Run: 07, Epoch: 37, Loss: 0.0002, lr: 0.000343, Train: 0.9933, Valid: 0.9271, Test: 0.9736
Run: 07, Epoch: 38, Loss: 0.0002, lr: 0.000343, Train: 0.9936, Valid: 0.9258, Test: 0.9742
Run: 07, Epoch: 39, Loss: 0.0001, lr: 0.000343, Train: 0.9942, Valid: 0.9301, Test: 0.9750
Run: 07, Epoch: 40, Loss: 0.0001, lr: 0.000240, Train: 0.9947, Valid: 0.9355, Test: 0.9757
Run: 07, Epoch: 41, Loss: 0.0001, lr: 0.000240, Train: 0.9950, Valid: 0.9409, Test: 0.9761
Run: 07, Epoch: 42, Loss: 0.0001, lr: 0.000240, Train: 0.9951, Valid: 0.9447, Test: 0.9764
Run: 07, Epoch: 43, Loss: 0.0001, lr: 0.000240, Train: 0.9952, Valid: 0.9466, Test: 0.9764
Run: 07, Epoch: 44, Loss: 0.0001, lr: 0.000240, Train: 0.9954, Valid: 0.9466, Test: 0.9761
Run: 07, Epoch: 45, Loss: 0.0001, lr: 0.000240, Train: 0.9957, Valid: 0.9452, Test: 0.9758
Run: 07, Epoch: 46, Loss: 0.0001, lr: 0.000168, Train: 0.9959, Valid: 0.9438, Test: 0.9754
Run: 07, Epoch: 47, Loss: 0.0001, lr: 0.000168, Train: 0.9960, Valid: 0.9425, Test: 0.9750
Run: 07, Epoch: 48, Loss: 0.0001, lr: 0.000168, Train: 0.9961, Valid: 0.9418, Test: 0.9746
Run: 07, Epoch: 49, Loss: 0.0001, lr: 0.000168, Train: 0.9961, Valid: 0.9419, Test: 0.9742
Run: 07, Epoch: 50, Loss: 0.0001, lr: 0.000168, Train: 0.9960, Valid: 0.9426, Test: 0.9740
Run: 07, Epoch: 51, Loss: 0.0001, lr: 0.000168, Train: 0.9960, Valid: 0.9439, Test: 0.9739
Run: 07, Epoch: 52, Loss: 0.0001, lr: 0.000118, Train: 0.9961, Valid: 0.9448, Test: 0.9740
Run: 07, Epoch: 53, Loss: 0.0001, lr: 0.000118, Train: 0.9962, Valid: 0.9456, Test: 0.9742
Run: 07, Epoch: 54, Loss: 0.0001, lr: 0.000118, Train: 0.9964, Valid: 0.9463, Test: 0.9744
Run: 07, Epoch: 55, Loss: 0.0001, lr: 0.000118, Train: 0.9966, Valid: 0.9466, Test: 0.9747
Run: 07, Epoch: 56, Loss: 0.0001, lr: 0.000118, Train: 0.9968, Valid: 0.9465, Test: 0.9750
Run: 07, Epoch: 57, Loss: 0.0001, lr: 0.000118, Train: 0.9969, Valid: 0.9462, Test: 0.9752
Run: 07, Epoch: 58, Loss: 0.0001, lr: 0.000082, Train: 0.9971, Valid: 0.9457, Test: 0.9752
Run: 07, Epoch: 59, Loss: 0.0001, lr: 0.000082, Train: 0.9972, Valid: 0.9452, Test: 0.9753
Run: 07, Epoch: 60, Loss: 0.0001, lr: 0.000082, Train: 0.9972, Valid: 0.9447, Test: 0.9752
Run: 07, Epoch: 61, Loss: 0.0001, lr: 0.000082, Train: 0.9973, Valid: 0.9442, Test: 0.9752
Run: 07, Epoch: 62, Loss: 0.0001, lr: 0.000082, Train: 0.9974, Valid: 0.9438, Test: 0.9751
Run: 07, Epoch: 63, Loss: 0.0001, lr: 0.000082, Train: 0.9974, Valid: 0.9436, Test: 0.9750
Run: 07, Epoch: 64, Loss: 0.0001, lr: 0.000058, Train: 0.9974, Valid: 0.9435, Test: 0.9749
Run: 07, Epoch: 65, Loss: 0.0001, lr: 0.000058, Train: 0.9974, Valid: 0.9434, Test: 0.9748
Run: 07, Epoch: 66, Loss: 0.0001, lr: 0.000058, Train: 0.9974, Valid: 0.9434, Test: 0.9747
Run: 07, Epoch: 67, Loss: 0.0001, lr: 0.000058, Train: 0.9975, Valid: 0.9435, Test: 0.9747
Run: 07, Epoch: 68, Loss: 0.0001, lr: 0.000058, Train: 0.9975, Valid: 0.9436, Test: 0.9747
Run: 07, Epoch: 69, Loss: 0.0001, lr: 0.000058, Train: 0.9975, Valid: 0.9437, Test: 0.9746
Run: 07, Epoch: 70, Loss: 0.0001, lr: 0.000040, Train: 0.9975, Valid: 0.9437, Test: 0.9746
Run: 07, Epoch: 71, Loss: 0.0001, lr: 0.000040, Train: 0.9975, Valid: 0.9438, Test: 0.9746
Run: 07, Epoch: 72, Loss: 0.0001, lr: 0.000040, Train: 0.9976, Valid: 0.9438, Test: 0.9746
Run: 07, Epoch: 73, Loss: 0.0001, lr: 0.000040, Train: 0.9976, Valid: 0.9438, Test: 0.9746
Run: 07, Epoch: 74, Loss: 0.0001, lr: 0.000040, Train: 0.9976, Valid: 0.9438, Test: 0.9747
Run: 07, Epoch: 75, Loss: 0.0001, lr: 0.000040, Train: 0.9976, Valid: 0.9437, Test: 0.9747
Run: 07, Epoch: 76, Loss: 0.0001, lr: 0.000028, Train: 0.9977, Valid: 0.9437, Test: 0.9747
Run: 07, Epoch: 77, Loss: 0.0001, lr: 0.000028, Train: 0.9977, Valid: 0.9436, Test: 0.9747
Run: 07, Epoch: 78, Loss: 0.0001, lr: 0.000028, Train: 0.9977, Valid: 0.9435, Test: 0.9747
Run: 07, Epoch: 79, Loss: 0.0001, lr: 0.000028, Train: 0.9977, Valid: 0.9435, Test: 0.9747
Run: 07, Epoch: 80, Loss: 0.0001, lr: 0.000028, Train: 0.9977, Valid: 0.9434, Test: 0.9747
Run: 07, Epoch: 81, Loss: 0.0001, lr: 0.000028, Train: 0.9977, Valid: 0.9434, Test: 0.9747
Run: 07, Epoch: 82, Loss: 0.0001, lr: 0.000020, Train: 0.9977, Valid: 0.9433, Test: 0.9747
Run: 07, Epoch: 83, Loss: 0.0001, lr: 0.000020, Train: 0.9977, Valid: 0.9433, Test: 0.9747
Run: 07, Epoch: 84, Loss: 0.0001, lr: 0.000020, Train: 0.9977, Valid: 0.9433, Test: 0.9746
Run: 07, Epoch: 85, Loss: 0.0001, lr: 0.000020, Train: 0.9977, Valid: 0.9432, Test: 0.9746
Run: 07, Epoch: 86, Loss: 0.0001, lr: 0.000020, Train: 0.9978, Valid: 0.9432, Test: 0.9746
Run: 07, Epoch: 87, Loss: 0.0001, lr: 0.000020, Train: 0.9978, Valid: 0.9432, Test: 0.9746
Run: 07, Epoch: 88, Loss: 0.0001, lr: 0.000014, Train: 0.9978, Valid: 0.9432, Test: 0.9746
Run: 07, Epoch: 89, Loss: 0.0001, lr: 0.000014, Train: 0.9978, Valid: 0.9432, Test: 0.9746
Run: 07, Epoch: 90, Loss: 0.0001, lr: 0.000014, Train: 0.9978, Valid: 0.9432, Test: 0.9746
Run: 07, Epoch: 91, Loss: 0.0001, lr: 0.000014, Train: 0.9978, Valid: 0.9432, Test: 0.9746
Run: 07, Epoch: 92, Loss: 0.0001, lr: 0.000014, Train: 0.9978, Valid: 0.9431, Test: 0.9746
Run: 07, Epoch: 93, Loss: 0.0001, lr: 0.000014, Train: 0.9978, Valid: 0.9431, Test: 0.9745
Run: 07, Epoch: 94, Loss: 0.0001, lr: 0.000010, Train: 0.9978, Valid: 0.9431, Test: 0.9745
Run: 07, Epoch: 95, Loss: 0.0001, lr: 0.000010, Train: 0.9978, Valid: 0.9431, Test: 0.9745
Run: 07, Epoch: 96, Loss: 0.0001, lr: 0.000010, Train: 0.9978, Valid: 0.9431, Test: 0.9745
Run: 07, Epoch: 97, Loss: 0.0001, lr: 0.000010, Train: 0.9978, Valid: 0.9431, Test: 0.9745
Run: 07, Epoch: 98, Loss: 0.0001, lr: 0.000010, Train: 0.9978, Valid: 0.9431, Test: 0.9745
Run: 07, Epoch: 99, Loss: 0.0001, lr: 0.000010, Train: 0.9978, Valid: 0.9430, Test: 0.9745
Run: 07, Epoch: 100, Loss: 0.0001, lr: 0.000010, Train: 0.9978, Valid: 0.9430, Test: 0.9745
Run 07:
Highest Train: 1.00
Highest Valid: 0.97
  Final Train: 0.92
   Final Test: 0.90
Run: 08, Epoch: 01, Loss: 0.0287, lr: 0.001000, Train: 0.7250, Valid: 0.8101, Test: 0.6660
Run: 08, Epoch: 02, Loss: 0.0131, lr: 0.001000, Train: 0.7638, Valid: 0.7179, Test: 0.7274
Run: 08, Epoch: 03, Loss: 0.0089, lr: 0.001000, Train: 0.6387, Valid: 0.5258, Test: 0.5819
Run: 08, Epoch: 04, Loss: 0.0056, lr: 0.001000, Train: 0.5240, Valid: 0.4777, Test: 0.4833
Run: 08, Epoch: 05, Loss: 0.0039, lr: 0.001000, Train: 0.5650, Valid: 0.4852, Test: 0.4613
Run: 08, Epoch: 06, Loss: 0.0037, lr: 0.001000, Train: 0.4918, Valid: 0.3859, Test: 0.3575
Run: 08, Epoch: 07, Loss: 0.0023, lr: 0.001000, Train: 0.4867, Valid: 0.3360, Test: 0.3441
Run: 08, Epoch: 08, Loss: 0.0019, lr: 0.000700, Train: 0.5835, Valid: 0.4252, Test: 0.4414
Run: 08, Epoch: 09, Loss: 0.0015, lr: 0.000700, Train: 0.7090, Valid: 0.5880, Test: 0.5757
Run: 08, Epoch: 10, Loss: 0.0012, lr: 0.000700, Train: 0.8121, Valid: 0.7454, Test: 0.6931
Run: 08, Epoch: 11, Loss: 0.0011, lr: 0.000700, Train: 0.8751, Valid: 0.8420, Test: 0.7756
Run: 08, Epoch: 12, Loss: 0.0012, lr: 0.000700, Train: 0.9181, Valid: 0.8876, Test: 0.8318
Run: 08, Epoch: 13, Loss: 0.0010, lr: 0.000700, Train: 0.9391, Valid: 0.9001, Test: 0.8610
Run: 08, Epoch: 14, Loss: 0.0009, lr: 0.000700, Train: 0.9455, Valid: 0.8981, Test: 0.8657
Run: 08, Epoch: 15, Loss: 0.0008, lr: 0.000700, Train: 0.9431, Valid: 0.8913, Test: 0.8583
Run: 08, Epoch: 16, Loss: 0.0007, lr: 0.000700, Train: 0.9443, Valid: 0.8900, Test: 0.8563
Run: 08, Epoch: 17, Loss: 0.0007, lr: 0.000700, Train: 0.9503, Valid: 0.8965, Test: 0.8640
Run: 08, Epoch: 18, Loss: 0.0006, lr: 0.000700, Train: 0.9549, Valid: 0.9050, Test: 0.8713
Run: 08, Epoch: 19, Loss: 0.0005, lr: 0.000700, Train: 0.9562, Valid: 0.9146, Test: 0.8734
Run: 08, Epoch: 20, Loss: 0.0005, lr: 0.000700, Train: 0.9530, Valid: 0.9180, Test: 0.8688
Run: 08, Epoch: 21, Loss: 0.0005, lr: 0.000700, Train: 0.9456, Valid: 0.9106, Test: 0.8580
Run: 08, Epoch: 22, Loss: 0.0004, lr: 0.000700, Train: 0.9356, Valid: 0.8950, Test: 0.8425
Run: 08, Epoch: 23, Loss: 0.0004, lr: 0.000700, Train: 0.9241, Valid: 0.8766, Test: 0.8244
Run: 08, Epoch: 24, Loss: 0.0003, lr: 0.000700, Train: 0.9142, Valid: 0.8641, Test: 0.8093
Run: 08, Epoch: 25, Loss: 0.0003, lr: 0.000700, Train: 0.9111, Valid: 0.8633, Test: 0.8042
Run: 08, Epoch: 26, Loss: 0.0003, lr: 0.000700, Train: 0.9196, Valid: 0.8739, Test: 0.8147
Run: 08, Epoch: 27, Loss: 0.0003, lr: 0.000490, Train: 0.9342, Valid: 0.8881, Test: 0.8340
Run: 08, Epoch: 28, Loss: 0.0002, lr: 0.000490, Train: 0.9470, Valid: 0.9008, Test: 0.8521
Run: 08, Epoch: 29, Loss: 0.0002, lr: 0.000490, Train: 0.9558, Valid: 0.9105, Test: 0.8646
Run: 08, Epoch: 30, Loss: 0.0002, lr: 0.000490, Train: 0.9608, Valid: 0.9172, Test: 0.8712
Run: 08, Epoch: 31, Loss: 0.0002, lr: 0.000490, Train: 0.9637, Valid: 0.9214, Test: 0.8737
Run: 08, Epoch: 32, Loss: 0.0002, lr: 0.000490, Train: 0.9658, Valid: 0.9235, Test: 0.8739
Run: 08, Epoch: 33, Loss: 0.0002, lr: 0.000490, Train: 0.9674, Valid: 0.9243, Test: 0.8730
Run: 08, Epoch: 34, Loss: 0.0001, lr: 0.000490, Train: 0.9683, Valid: 0.9254, Test: 0.8713
Run: 08, Epoch: 35, Loss: 0.0001, lr: 0.000490, Train: 0.9694, Valid: 0.9273, Test: 0.8711
Run: 08, Epoch: 36, Loss: 0.0001, lr: 0.000490, Train: 0.9716, Valid: 0.9309, Test: 0.8737
Run: 08, Epoch: 37, Loss: 0.0001, lr: 0.000490, Train: 0.9749, Valid: 0.9360, Test: 0.8794
Run: 08, Epoch: 38, Loss: 0.0001, lr: 0.000490, Train: 0.9783, Valid: 0.9415, Test: 0.8860
Run: 08, Epoch: 39, Loss: 0.0001, lr: 0.000490, Train: 0.9806, Valid: 0.9461, Test: 0.8905
Run: 08, Epoch: 40, Loss: 0.0001, lr: 0.000490, Train: 0.9820, Valid: 0.9492, Test: 0.8926
Run: 08, Epoch: 41, Loss: 0.0001, lr: 0.000490, Train: 0.9832, Valid: 0.9506, Test: 0.8928
Run: 08, Epoch: 42, Loss: 0.0001, lr: 0.000490, Train: 0.9848, Valid: 0.9508, Test: 0.8925
Run: 08, Epoch: 43, Loss: 0.0001, lr: 0.000490, Train: 0.9864, Valid: 0.9507, Test: 0.8921
Run: 08, Epoch: 44, Loss: 0.0001, lr: 0.000490, Train: 0.9877, Valid: 0.9511, Test: 0.8924
Run: 08, Epoch: 45, Loss: 0.0001, lr: 0.000490, Train: 0.9889, Valid: 0.9524, Test: 0.8936
Run: 08, Epoch: 46, Loss: 0.0001, lr: 0.000490, Train: 0.9905, Valid: 0.9541, Test: 0.8958
Run: 08, Epoch: 47, Loss: 0.0000, lr: 0.000490, Train: 0.9917, Valid: 0.9559, Test: 0.8980
Run: 08, Epoch: 48, Loss: 0.0000, lr: 0.000490, Train: 0.9924, Valid: 0.9576, Test: 0.9001
Run: 08, Epoch: 49, Loss: 0.0000, lr: 0.000490, Train: 0.9933, Valid: 0.9589, Test: 0.9025
Run: 08, Epoch: 50, Loss: 0.0000, lr: 0.000490, Train: 0.9946, Valid: 0.9599, Test: 0.9049
Run: 08, Epoch: 51, Loss: 0.0000, lr: 0.000490, Train: 0.9958, Valid: 0.9608, Test: 0.9068
Run: 08, Epoch: 52, Loss: 0.0000, lr: 0.000490, Train: 0.9969, Valid: 0.9618, Test: 0.9081
Run: 08, Epoch: 53, Loss: 0.0000, lr: 0.000490, Train: 0.9976, Valid: 0.9629, Test: 0.9094
Run: 08, Epoch: 54, Loss: 0.0000, lr: 0.000490, Train: 0.9982, Valid: 0.9636, Test: 0.9110
Run: 08, Epoch: 55, Loss: 0.0000, lr: 0.000490, Train: 0.9984, Valid: 0.9642, Test: 0.9125
Run: 08, Epoch: 56, Loss: 0.0000, lr: 0.000490, Train: 0.9984, Valid: 0.9645, Test: 0.9136
Run: 08, Epoch: 57, Loss: 0.0000, lr: 0.000490, Train: 0.9985, Valid: 0.9644, Test: 0.9145
Run: 08, Epoch: 58, Loss: 0.0000, lr: 0.000490, Train: 0.9987, Valid: 0.9639, Test: 0.9153
Run: 08, Epoch: 59, Loss: 0.0000, lr: 0.000490, Train: 0.9989, Valid: 0.9635, Test: 0.9159
Run: 08, Epoch: 60, Loss: 0.0000, lr: 0.000490, Train: 0.9990, Valid: 0.9633, Test: 0.9164
Run: 08, Epoch: 61, Loss: 0.0000, lr: 0.000490, Train: 0.9992, Valid: 0.9629, Test: 0.9168
Run: 08, Epoch: 62, Loss: 0.0000, lr: 0.000490, Train: 0.9993, Valid: 0.9624, Test: 0.9169
Run: 08, Epoch: 63, Loss: 0.0000, lr: 0.000343, Train: 0.9993, Valid: 0.9622, Test: 0.9169
Run: 08, Epoch: 64, Loss: 0.0000, lr: 0.000343, Train: 0.9993, Valid: 0.9622, Test: 0.9167
Run: 08, Epoch: 65, Loss: 0.0000, lr: 0.000343, Train: 0.9993, Valid: 0.9623, Test: 0.9166
Run: 08, Epoch: 66, Loss: 0.0000, lr: 0.000343, Train: 0.9993, Valid: 0.9624, Test: 0.9166
Run: 08, Epoch: 67, Loss: 0.0000, lr: 0.000343, Train: 0.9994, Valid: 0.9627, Test: 0.9167
Run: 08, Epoch: 68, Loss: 0.0000, lr: 0.000343, Train: 0.9995, Valid: 0.9631, Test: 0.9170
Run: 08, Epoch: 69, Loss: 0.0000, lr: 0.000240, Train: 0.9995, Valid: 0.9635, Test: 0.9173
Run: 08, Epoch: 70, Loss: 0.0000, lr: 0.000240, Train: 0.9996, Valid: 0.9638, Test: 0.9176
Run: 08, Epoch: 71, Loss: 0.0000, lr: 0.000240, Train: 0.9996, Valid: 0.9640, Test: 0.9179
Run: 08, Epoch: 72, Loss: 0.0000, lr: 0.000240, Train: 0.9996, Valid: 0.9641, Test: 0.9182
Run: 08, Epoch: 73, Loss: 0.0000, lr: 0.000240, Train: 0.9996, Valid: 0.9643, Test: 0.9184
Run: 08, Epoch: 74, Loss: 0.0000, lr: 0.000240, Train: 0.9997, Valid: 0.9644, Test: 0.9185
Run: 08, Epoch: 75, Loss: 0.0000, lr: 0.000168, Train: 0.9997, Valid: 0.9645, Test: 0.9186
Run: 08, Epoch: 76, Loss: 0.0000, lr: 0.000168, Train: 0.9997, Valid: 0.9646, Test: 0.9186
Run: 08, Epoch: 77, Loss: 0.0000, lr: 0.000168, Train: 0.9997, Valid: 0.9646, Test: 0.9187
Run: 08, Epoch: 78, Loss: 0.0000, lr: 0.000168, Train: 0.9997, Valid: 0.9646, Test: 0.9187
Run: 08, Epoch: 79, Loss: 0.0000, lr: 0.000168, Train: 0.9997, Valid: 0.9647, Test: 0.9188
Run: 08, Epoch: 80, Loss: 0.0000, lr: 0.000168, Train: 0.9997, Valid: 0.9648, Test: 0.9189
Run: 08, Epoch: 81, Loss: 0.0000, lr: 0.000168, Train: 0.9997, Valid: 0.9648, Test: 0.9189
Run: 08, Epoch: 82, Loss: 0.0000, lr: 0.000168, Train: 0.9997, Valid: 0.9649, Test: 0.9189
Run: 08, Epoch: 83, Loss: 0.0000, lr: 0.000168, Train: 0.9997, Valid: 0.9649, Test: 0.9189
Run: 08, Epoch: 84, Loss: 0.0000, lr: 0.000168, Train: 0.9997, Valid: 0.9649, Test: 0.9189
Run: 08, Epoch: 85, Loss: 0.0000, lr: 0.000168, Train: 0.9997, Valid: 0.9649, Test: 0.9188
Run: 08, Epoch: 86, Loss: 0.0000, lr: 0.000168, Train: 0.9997, Valid: 0.9650, Test: 0.9187
Run: 08, Epoch: 87, Loss: 0.0000, lr: 0.000168, Train: 0.9997, Valid: 0.9650, Test: 0.9185
Run: 08, Epoch: 88, Loss: 0.0000, lr: 0.000168, Train: 0.9997, Valid: 0.9650, Test: 0.9184
Run: 08, Epoch: 89, Loss: 0.0000, lr: 0.000168, Train: 0.9997, Valid: 0.9650, Test: 0.9184
Run: 08, Epoch: 90, Loss: 0.0000, lr: 0.000168, Train: 0.9997, Valid: 0.9650, Test: 0.9183
Run: 08, Epoch: 91, Loss: 0.0000, lr: 0.000168, Train: 0.9997, Valid: 0.9650, Test: 0.9183
Run: 08, Epoch: 92, Loss: 0.0000, lr: 0.000168, Train: 0.9998, Valid: 0.9651, Test: 0.9183
Run: 08, Epoch: 93, Loss: 0.0000, lr: 0.000168, Train: 0.9998, Valid: 0.9651, Test: 0.9182
Run: 08, Epoch: 94, Loss: 0.0000, lr: 0.000168, Train: 0.9998, Valid: 0.9652, Test: 0.9182
Run: 08, Epoch: 95, Loss: 0.0000, lr: 0.000168, Train: 0.9998, Valid: 0.9652, Test: 0.9182
Run: 08, Epoch: 96, Loss: 0.0000, lr: 0.000168, Train: 0.9998, Valid: 0.9652, Test: 0.9181
Run: 08, Epoch: 97, Loss: 0.0000, lr: 0.000168, Train: 0.9998, Valid: 0.9652, Test: 0.9181
Run: 08, Epoch: 98, Loss: 0.0000, lr: 0.000168, Train: 0.9998, Valid: 0.9652, Test: 0.9181
Run: 08, Epoch: 99, Loss: 0.0000, lr: 0.000168, Train: 0.9998, Valid: 0.9653, Test: 0.9181
Run: 08, Epoch: 100, Loss: 0.0000, lr: 0.000168, Train: 0.9998, Valid: 0.9653, Test: 0.9180
Run 08:
Highest Train: 1.00
Highest Valid: 0.97
  Final Train: 1.00
   Final Test: 0.92
Run: 09, Epoch: 01, Loss: 0.0752, lr: 0.001000, Train: 0.5759, Valid: 0.7537, Test: 0.4506
Run: 09, Epoch: 02, Loss: 0.0100, lr: 0.001000, Train: 0.7051, Valid: 0.8147, Test: 0.4943
Run: 09, Epoch: 03, Loss: 0.0106, lr: 0.001000, Train: 0.6967, Valid: 0.7816, Test: 0.4451
Run: 09, Epoch: 04, Loss: 0.0082, lr: 0.001000, Train: 0.6861, Valid: 0.7679, Test: 0.4302
Run: 09, Epoch: 05, Loss: 0.0060, lr: 0.001000, Train: 0.6569, Valid: 0.7073, Test: 0.3783
Run: 09, Epoch: 06, Loss: 0.0042, lr: 0.001000, Train: 0.5212, Valid: 0.5458, Test: 0.2426
Run: 09, Epoch: 07, Loss: 0.0028, lr: 0.001000, Train: 0.5248, Valid: 0.5106, Test: 0.1879
Run: 09, Epoch: 08, Loss: 0.0020, lr: 0.001000, Train: 0.6269, Valid: 0.5417, Test: 0.1969
Run: 09, Epoch: 09, Loss: 0.0015, lr: 0.000700, Train: 0.6934, Valid: 0.5941, Test: 0.2784
Run: 09, Epoch: 10, Loss: 0.0016, lr: 0.000700, Train: 0.7559, Valid: 0.6678, Test: 0.3997
Run: 09, Epoch: 11, Loss: 0.0014, lr: 0.000700, Train: 0.8247, Valid: 0.7611, Test: 0.5534
Run: 09, Epoch: 12, Loss: 0.0011, lr: 0.000700, Train: 0.8822, Valid: 0.8426, Test: 0.6911
Run: 09, Epoch: 13, Loss: 0.0011, lr: 0.000700, Train: 0.9180, Valid: 0.8929, Test: 0.7699
Run: 09, Epoch: 14, Loss: 0.0011, lr: 0.000700, Train: 0.9325, Valid: 0.9138, Test: 0.7835
Run: 09, Epoch: 15, Loss: 0.0010, lr: 0.000700, Train: 0.9302, Valid: 0.9144, Test: 0.7515
Run: 09, Epoch: 16, Loss: 0.0008, lr: 0.000700, Train: 0.9125, Valid: 0.8924, Test: 0.6855
Run: 09, Epoch: 17, Loss: 0.0007, lr: 0.000700, Train: 0.8775, Valid: 0.8487, Test: 0.5861
Run: 09, Epoch: 18, Loss: 0.0007, lr: 0.000700, Train: 0.8407, Valid: 0.8108, Test: 0.4939
Run: 09, Epoch: 19, Loss: 0.0006, lr: 0.000700, Train: 0.8335, Valid: 0.8158, Test: 0.4766
Run: 09, Epoch: 20, Loss: 0.0006, lr: 0.000700, Train: 0.8495, Valid: 0.8427, Test: 0.5152
Run: 09, Epoch: 21, Loss: 0.0005, lr: 0.000700, Train: 0.8801, Valid: 0.8779, Test: 0.5884
Run: 09, Epoch: 22, Loss: 0.0005, lr: 0.000490, Train: 0.9075, Valid: 0.9016, Test: 0.6513
Run: 09, Epoch: 23, Loss: 0.0005, lr: 0.000490, Train: 0.9284, Valid: 0.9160, Test: 0.6986
Run: 09, Epoch: 24, Loss: 0.0004, lr: 0.000490, Train: 0.9417, Valid: 0.9224, Test: 0.7260
Run: 09, Epoch: 25, Loss: 0.0004, lr: 0.000490, Train: 0.9484, Valid: 0.9222, Test: 0.7401
Run: 09, Epoch: 26, Loss: 0.0004, lr: 0.000490, Train: 0.9530, Valid: 0.9206, Test: 0.7517
Run: 09, Epoch: 27, Loss: 0.0004, lr: 0.000490, Train: 0.9571, Valid: 0.9213, Test: 0.7622
Run: 09, Epoch: 28, Loss: 0.0004, lr: 0.000490, Train: 0.9567, Valid: 0.9190, Test: 0.7638
Run: 09, Epoch: 29, Loss: 0.0003, lr: 0.000490, Train: 0.9570, Valid: 0.9199, Test: 0.7674
Run: 09, Epoch: 30, Loss: 0.0003, lr: 0.000490, Train: 0.9563, Valid: 0.9220, Test: 0.7692
Run: 09, Epoch: 31, Loss: 0.0003, lr: 0.000343, Train: 0.9603, Valid: 0.9289, Test: 0.7810
Run: 09, Epoch: 32, Loss: 0.0003, lr: 0.000343, Train: 0.9657, Valid: 0.9362, Test: 0.7950
Run: 09, Epoch: 33, Loss: 0.0003, lr: 0.000343, Train: 0.9699, Valid: 0.9416, Test: 0.8054
Run: 09, Epoch: 34, Loss: 0.0002, lr: 0.000343, Train: 0.9726, Valid: 0.9446, Test: 0.8109
Run: 09, Epoch: 35, Loss: 0.0002, lr: 0.000343, Train: 0.9751, Valid: 0.9459, Test: 0.8150
Run: 09, Epoch: 36, Loss: 0.0002, lr: 0.000343, Train: 0.9759, Valid: 0.9451, Test: 0.8140
Run: 09, Epoch: 37, Loss: 0.0002, lr: 0.000343, Train: 0.9760, Valid: 0.9434, Test: 0.8115
Run: 09, Epoch: 38, Loss: 0.0002, lr: 0.000343, Train: 0.9774, Valid: 0.9424, Test: 0.8139
Run: 09, Epoch: 39, Loss: 0.0002, lr: 0.000343, Train: 0.9788, Valid: 0.9425, Test: 0.8170
Run: 09, Epoch: 40, Loss: 0.0002, lr: 0.000343, Train: 0.9807, Valid: 0.9447, Test: 0.8224
Run: 09, Epoch: 41, Loss: 0.0002, lr: 0.000343, Train: 0.9845, Valid: 0.9490, Test: 0.8343
Run: 09, Epoch: 42, Loss: 0.0002, lr: 0.000343, Train: 0.9885, Valid: 0.9538, Test: 0.8485
Run: 09, Epoch: 43, Loss: 0.0002, lr: 0.000343, Train: 0.9914, Valid: 0.9579, Test: 0.8599
Run: 09, Epoch: 44, Loss: 0.0002, lr: 0.000343, Train: 0.9931, Valid: 0.9605, Test: 0.8670
Run: 09, Epoch: 45, Loss: 0.0002, lr: 0.000343, Train: 0.9940, Valid: 0.9617, Test: 0.8713
Run: 09, Epoch: 46, Loss: 0.0001, lr: 0.000343, Train: 0.9946, Valid: 0.9614, Test: 0.8749
Run: 09, Epoch: 47, Loss: 0.0001, lr: 0.000343, Train: 0.9948, Valid: 0.9603, Test: 0.8759
Run: 09, Epoch: 48, Loss: 0.0001, lr: 0.000343, Train: 0.9947, Valid: 0.9590, Test: 0.8745
Run: 09, Epoch: 49, Loss: 0.0001, lr: 0.000343, Train: 0.9946, Valid: 0.9580, Test: 0.8728
Run: 09, Epoch: 50, Loss: 0.0001, lr: 0.000343, Train: 0.9949, Valid: 0.9573, Test: 0.8733
Run: 09, Epoch: 51, Loss: 0.0001, lr: 0.000343, Train: 0.9954, Valid: 0.9570, Test: 0.8754
Run: 09, Epoch: 52, Loss: 0.0001, lr: 0.000240, Train: 0.9957, Valid: 0.9572, Test: 0.8769
Run: 09, Epoch: 53, Loss: 0.0001, lr: 0.000240, Train: 0.9959, Valid: 0.9576, Test: 0.8781
Run: 09, Epoch: 54, Loss: 0.0001, lr: 0.000240, Train: 0.9961, Valid: 0.9577, Test: 0.8796
Run: 09, Epoch: 55, Loss: 0.0001, lr: 0.000240, Train: 0.9963, Valid: 0.9575, Test: 0.8821
Run: 09, Epoch: 56, Loss: 0.0001, lr: 0.000240, Train: 0.9965, Valid: 0.9573, Test: 0.8842
Run: 09, Epoch: 57, Loss: 0.0001, lr: 0.000240, Train: 0.9966, Valid: 0.9576, Test: 0.8855
Run: 09, Epoch: 58, Loss: 0.0001, lr: 0.000168, Train: 0.9968, Valid: 0.9580, Test: 0.8863
Run: 09, Epoch: 59, Loss: 0.0001, lr: 0.000168, Train: 0.9970, Valid: 0.9585, Test: 0.8872
Run: 09, Epoch: 60, Loss: 0.0001, lr: 0.000168, Train: 0.9972, Valid: 0.9588, Test: 0.8883
Run: 09, Epoch: 61, Loss: 0.0001, lr: 0.000168, Train: 0.9974, Valid: 0.9590, Test: 0.8891
Run: 09, Epoch: 62, Loss: 0.0001, lr: 0.000168, Train: 0.9975, Valid: 0.9592, Test: 0.8895
Run: 09, Epoch: 63, Loss: 0.0001, lr: 0.000168, Train: 0.9976, Valid: 0.9595, Test: 0.8896
Run: 09, Epoch: 64, Loss: 0.0001, lr: 0.000118, Train: 0.9977, Valid: 0.9597, Test: 0.8897
Run: 09, Epoch: 65, Loss: 0.0001, lr: 0.000118, Train: 0.9977, Valid: 0.9598, Test: 0.8899
Run: 09, Epoch: 66, Loss: 0.0001, lr: 0.000118, Train: 0.9978, Valid: 0.9598, Test: 0.8904
Run: 09, Epoch: 67, Loss: 0.0001, lr: 0.000118, Train: 0.9978, Valid: 0.9597, Test: 0.8909
Run: 09, Epoch: 68, Loss: 0.0001, lr: 0.000118, Train: 0.9979, Valid: 0.9597, Test: 0.8915
Run: 09, Epoch: 69, Loss: 0.0001, lr: 0.000118, Train: 0.9979, Valid: 0.9597, Test: 0.8921
Run: 09, Epoch: 70, Loss: 0.0001, lr: 0.000082, Train: 0.9980, Valid: 0.9599, Test: 0.8925
Run: 09, Epoch: 71, Loss: 0.0001, lr: 0.000082, Train: 0.9980, Valid: 0.9600, Test: 0.8928
Run: 09, Epoch: 72, Loss: 0.0001, lr: 0.000082, Train: 0.9981, Valid: 0.9602, Test: 0.8930
Run: 09, Epoch: 73, Loss: 0.0001, lr: 0.000082, Train: 0.9981, Valid: 0.9603, Test: 0.8933
Run: 09, Epoch: 74, Loss: 0.0001, lr: 0.000082, Train: 0.9981, Valid: 0.9604, Test: 0.8936
Run: 09, Epoch: 75, Loss: 0.0001, lr: 0.000082, Train: 0.9982, Valid: 0.9604, Test: 0.8938
Run: 09, Epoch: 76, Loss: 0.0001, lr: 0.000058, Train: 0.9982, Valid: 0.9604, Test: 0.8939
Run: 09, Epoch: 77, Loss: 0.0001, lr: 0.000058, Train: 0.9982, Valid: 0.9604, Test: 0.8939
Run: 09, Epoch: 78, Loss: 0.0001, lr: 0.000058, Train: 0.9982, Valid: 0.9605, Test: 0.8938
Run: 09, Epoch: 79, Loss: 0.0001, lr: 0.000058, Train: 0.9982, Valid: 0.9605, Test: 0.8937
Run: 09, Epoch: 80, Loss: 0.0001, lr: 0.000058, Train: 0.9982, Valid: 0.9605, Test: 0.8936
Run: 09, Epoch: 81, Loss: 0.0001, lr: 0.000058, Train: 0.9983, Valid: 0.9606, Test: 0.8935
Run: 09, Epoch: 82, Loss: 0.0001, lr: 0.000040, Train: 0.9983, Valid: 0.9606, Test: 0.8934
Run: 09, Epoch: 83, Loss: 0.0001, lr: 0.000040, Train: 0.9983, Valid: 0.9606, Test: 0.8934
Run: 09, Epoch: 84, Loss: 0.0001, lr: 0.000040, Train: 0.9983, Valid: 0.9606, Test: 0.8934
Run: 09, Epoch: 85, Loss: 0.0001, lr: 0.000040, Train: 0.9983, Valid: 0.9606, Test: 0.8934
Run: 09, Epoch: 86, Loss: 0.0001, lr: 0.000040, Train: 0.9983, Valid: 0.9606, Test: 0.8934
Run: 09, Epoch: 87, Loss: 0.0001, lr: 0.000040, Train: 0.9983, Valid: 0.9606, Test: 0.8934
Run: 09, Epoch: 88, Loss: 0.0001, lr: 0.000028, Train: 0.9983, Valid: 0.9607, Test: 0.8934
Run: 09, Epoch: 89, Loss: 0.0001, lr: 0.000028, Train: 0.9984, Valid: 0.9607, Test: 0.8935
Run: 09, Epoch: 90, Loss: 0.0001, lr: 0.000028, Train: 0.9984, Valid: 0.9607, Test: 0.8935
Run: 09, Epoch: 91, Loss: 0.0001, lr: 0.000028, Train: 0.9984, Valid: 0.9608, Test: 0.8935
Run: 09, Epoch: 92, Loss: 0.0001, lr: 0.000028, Train: 0.9984, Valid: 0.9608, Test: 0.8935
Run: 09, Epoch: 93, Loss: 0.0001, lr: 0.000028, Train: 0.9984, Valid: 0.9608, Test: 0.8936
Run: 09, Epoch: 94, Loss: 0.0001, lr: 0.000020, Train: 0.9984, Valid: 0.9608, Test: 0.8936
Run: 09, Epoch: 95, Loss: 0.0001, lr: 0.000020, Train: 0.9984, Valid: 0.9608, Test: 0.8936
Run: 09, Epoch: 96, Loss: 0.0001, lr: 0.000020, Train: 0.9984, Valid: 0.9608, Test: 0.8936
Run: 09, Epoch: 97, Loss: 0.0001, lr: 0.000020, Train: 0.9984, Valid: 0.9608, Test: 0.8937
Run: 09, Epoch: 98, Loss: 0.0001, lr: 0.000020, Train: 0.9984, Valid: 0.9608, Test: 0.8937
Run: 09, Epoch: 99, Loss: 0.0001, lr: 0.000020, Train: 0.9984, Valid: 0.9608, Test: 0.8937
Run: 09, Epoch: 100, Loss: 0.0001, lr: 0.000014, Train: 0.9984, Valid: 0.9608, Test: 0.8937
Run 09:
Highest Train: 1.00
Highest Valid: 0.96
  Final Train: 0.99
   Final Test: 0.87
Run: 10, Epoch: 01, Loss: 0.0650, lr: 0.001000, Train: 0.7196, Valid: 0.3855, Test: 0.6499
Run: 10, Epoch: 02, Loss: 0.0130, lr: 0.001000, Train: 0.7503, Valid: 0.2293, Test: 0.6210
Run: 10, Epoch: 03, Loss: 0.0074, lr: 0.001000, Train: 0.7243, Valid: 0.3432, Test: 0.5855
Run: 10, Epoch: 04, Loss: 0.0038, lr: 0.001000, Train: 0.6680, Valid: 0.4087, Test: 0.5204
Run: 10, Epoch: 05, Loss: 0.0037, lr: 0.001000, Train: 0.5819, Valid: 0.2081, Test: 0.3547
Run: 10, Epoch: 06, Loss: 0.0027, lr: 0.001000, Train: 0.5692, Valid: 0.1131, Test: 0.3247
Run: 10, Epoch: 07, Loss: 0.0019, lr: 0.001000, Train: 0.6229, Valid: 0.1707, Test: 0.4053
Run: 10, Epoch: 08, Loss: 0.0015, lr: 0.001000, Train: 0.6925, Valid: 0.1911, Test: 0.5173
Run: 10, Epoch: 09, Loss: 0.0015, lr: 0.001000, Train: 0.8082, Valid: 0.4712, Test: 0.7011
Run: 10, Epoch: 10, Loss: 0.0013, lr: 0.001000, Train: 0.8673, Valid: 0.5945, Test: 0.7838
Run: 10, Epoch: 11, Loss: 0.0010, lr: 0.001000, Train: 0.9025, Valid: 0.6920, Test: 0.8225
Run: 10, Epoch: 12, Loss: 0.0008, lr: 0.001000, Train: 0.9194, Valid: 0.7431, Test: 0.8362
Run: 10, Epoch: 13, Loss: 0.0009, lr: 0.001000, Train: 0.9216, Valid: 0.7465, Test: 0.8315
Run: 10, Epoch: 14, Loss: 0.0008, lr: 0.001000, Train: 0.9116, Valid: 0.6835, Test: 0.8215
Run: 10, Epoch: 15, Loss: 0.0006, lr: 0.001000, Train: 0.9082, Valid: 0.6428, Test: 0.8202
Run: 10, Epoch: 16, Loss: 0.0005, lr: 0.001000, Train: 0.9198, Valid: 0.6669, Test: 0.8382
Run: 10, Epoch: 17, Loss: 0.0005, lr: 0.001000, Train: 0.9374, Valid: 0.7080, Test: 0.8666
Run: 10, Epoch: 18, Loss: 0.0005, lr: 0.001000, Train: 0.9532, Valid: 0.7402, Test: 0.8924
Run: 10, Epoch: 19, Loss: 0.0004, lr: 0.001000, Train: 0.9602, Valid: 0.7604, Test: 0.9063
Run: 10, Epoch: 20, Loss: 0.0004, lr: 0.001000, Train: 0.9653, Valid: 0.7866, Test: 0.9153
Run: 10, Epoch: 21, Loss: 0.0003, lr: 0.001000, Train: 0.9680, Valid: 0.8082, Test: 0.9213
Run: 10, Epoch: 22, Loss: 0.0003, lr: 0.001000, Train: 0.9644, Valid: 0.8109, Test: 0.9205
Run: 10, Epoch: 23, Loss: 0.0003, lr: 0.001000, Train: 0.9574, Valid: 0.8002, Test: 0.9156
Run: 10, Epoch: 24, Loss: 0.0003, lr: 0.001000, Train: 0.9551, Valid: 0.7926, Test: 0.9092
Run: 10, Epoch: 25, Loss: 0.0002, lr: 0.001000, Train: 0.9564, Valid: 0.7895, Test: 0.9017
Run: 10, Epoch: 26, Loss: 0.0002, lr: 0.001000, Train: 0.9562, Valid: 0.7804, Test: 0.8941
Run: 10, Epoch: 27, Loss: 0.0002, lr: 0.001000, Train: 0.9563, Valid: 0.7729, Test: 0.8889
Run: 10, Epoch: 28, Loss: 0.0002, lr: 0.001000, Train: 0.9599, Valid: 0.7837, Test: 0.8897
Run: 10, Epoch: 29, Loss: 0.0002, lr: 0.000700, Train: 0.9655, Valid: 0.8013, Test: 0.8958
Run: 10, Epoch: 30, Loss: 0.0001, lr: 0.000700, Train: 0.9696, Valid: 0.8132, Test: 0.9031
Run: 10, Epoch: 31, Loss: 0.0001, lr: 0.000700, Train: 0.9717, Valid: 0.8182, Test: 0.9101
Run: 10, Epoch: 32, Loss: 0.0001, lr: 0.000700, Train: 0.9736, Valid: 0.8235, Test: 0.9162
Run: 10, Epoch: 33, Loss: 0.0001, lr: 0.000700, Train: 0.9767, Valid: 0.8330, Test: 0.9207
Run: 10, Epoch: 34, Loss: 0.0001, lr: 0.000700, Train: 0.9797, Valid: 0.8413, Test: 0.9226
Run: 10, Epoch: 35, Loss: 0.0001, lr: 0.000700, Train: 0.9812, Valid: 0.8427, Test: 0.9218
Run: 10, Epoch: 36, Loss: 0.0001, lr: 0.000700, Train: 0.9814, Valid: 0.8383, Test: 0.9191
Run: 10, Epoch: 37, Loss: 0.0001, lr: 0.000700, Train: 0.9822, Valid: 0.8351, Test: 0.9163
Run: 10, Epoch: 38, Loss: 0.0001, lr: 0.000700, Train: 0.9842, Valid: 0.8373, Test: 0.9152
Run: 10, Epoch: 39, Loss: 0.0001, lr: 0.000700, Train: 0.9862, Valid: 0.8413, Test: 0.9161
Run: 10, Epoch: 40, Loss: 0.0001, lr: 0.000700, Train: 0.9878, Valid: 0.8446, Test: 0.9188
Run: 10, Epoch: 41, Loss: 0.0000, lr: 0.000700, Train: 0.9892, Valid: 0.8499, Test: 0.9224
Run: 10, Epoch: 42, Loss: 0.0000, lr: 0.000700, Train: 0.9912, Valid: 0.8592, Test: 0.9260
Run: 10, Epoch: 43, Loss: 0.0000, lr: 0.000700, Train: 0.9932, Valid: 0.8693, Test: 0.9287
Run: 10, Epoch: 44, Loss: 0.0000, lr: 0.000700, Train: 0.9946, Valid: 0.8762, Test: 0.9300
Run: 10, Epoch: 45, Loss: 0.0000, lr: 0.000700, Train: 0.9956, Valid: 0.8796, Test: 0.9302
Run: 10, Epoch: 46, Loss: 0.0000, lr: 0.000700, Train: 0.9963, Valid: 0.8819, Test: 0.9297
Run: 10, Epoch: 47, Loss: 0.0000, lr: 0.000700, Train: 0.9970, Valid: 0.8837, Test: 0.9290
Run: 10, Epoch: 48, Loss: 0.0000, lr: 0.000700, Train: 0.9973, Valid: 0.8842, Test: 0.9283
Run: 10, Epoch: 49, Loss: 0.0000, lr: 0.000700, Train: 0.9972, Valid: 0.8841, Test: 0.9274
Run: 10, Epoch: 50, Loss: 0.0000, lr: 0.000700, Train: 0.9972, Valid: 0.8855, Test: 0.9269
Run: 10, Epoch: 51, Loss: 0.0000, lr: 0.000700, Train: 0.9973, Valid: 0.8882, Test: 0.9267
Run: 10, Epoch: 52, Loss: 0.0000, lr: 0.000700, Train: 0.9972, Valid: 0.8904, Test: 0.9265
Run: 10, Epoch: 53, Loss: 0.0000, lr: 0.000700, Train: 0.9973, Valid: 0.8920, Test: 0.9265
Run: 10, Epoch: 54, Loss: 0.0000, lr: 0.000700, Train: 0.9978, Valid: 0.8940, Test: 0.9271
Run: 10, Epoch: 55, Loss: 0.0000, lr: 0.000700, Train: 0.9985, Valid: 0.8955, Test: 0.9282
Run: 10, Epoch: 56, Loss: 0.0000, lr: 0.000700, Train: 0.9989, Valid: 0.8953, Test: 0.9290
Run: 10, Epoch: 57, Loss: 0.0000, lr: 0.000700, Train: 0.9992, Valid: 0.8948, Test: 0.9294
Run: 10, Epoch: 58, Loss: 0.0000, lr: 0.000700, Train: 0.9995, Valid: 0.8958, Test: 0.9296
Run: 10, Epoch: 59, Loss: 0.0000, lr: 0.000700, Train: 0.9996, Valid: 0.8972, Test: 0.9294
Run: 10, Epoch: 60, Loss: 0.0000, lr: 0.000700, Train: 0.9995, Valid: 0.8976, Test: 0.9289
Run: 10, Epoch: 61, Loss: 0.0000, lr: 0.000700, Train: 0.9995, Valid: 0.8984, Test: 0.9285
Run: 10, Epoch: 62, Loss: 0.0000, lr: 0.000700, Train: 0.9996, Valid: 0.8998, Test: 0.9285
Run: 10, Epoch: 63, Loss: 0.0000, lr: 0.000700, Train: 0.9997, Valid: 0.9004, Test: 0.9285
Run: 10, Epoch: 64, Loss: 0.0000, lr: 0.000700, Train: 0.9997, Valid: 0.9004, Test: 0.9285
Run: 10, Epoch: 65, Loss: 0.0000, lr: 0.000700, Train: 0.9997, Valid: 0.9010, Test: 0.9284
Run: 10, Epoch: 66, Loss: 0.0000, lr: 0.000700, Train: 0.9998, Valid: 0.9017, Test: 0.9281
Run: 10, Epoch: 67, Loss: 0.0000, lr: 0.000700, Train: 0.9998, Valid: 0.9016, Test: 0.9274
Run: 10, Epoch: 68, Loss: 0.0000, lr: 0.000700, Train: 0.9998, Valid: 0.9015, Test: 0.9268
Run: 10, Epoch: 69, Loss: 0.0000, lr: 0.000700, Train: 0.9998, Valid: 0.9014, Test: 0.9265
Run: 10, Epoch: 70, Loss: 0.0000, lr: 0.000700, Train: 0.9998, Valid: 0.9009, Test: 0.9263
Run: 10, Epoch: 71, Loss: 0.0000, lr: 0.000700, Train: 0.9997, Valid: 0.9007, Test: 0.9261
Run: 10, Epoch: 72, Loss: 0.0000, lr: 0.000700, Train: 0.9998, Valid: 0.9011, Test: 0.9261
Run: 10, Epoch: 73, Loss: 0.0000, lr: 0.000490, Train: 0.9998, Valid: 0.9014, Test: 0.9261
Run: 10, Epoch: 74, Loss: 0.0000, lr: 0.000490, Train: 0.9998, Valid: 0.9015, Test: 0.9260
Run: 10, Epoch: 75, Loss: 0.0000, lr: 0.000490, Train: 0.9999, Valid: 0.9019, Test: 0.9258
Run: 10, Epoch: 76, Loss: 0.0000, lr: 0.000490, Train: 0.9999, Valid: 0.9022, Test: 0.9258
Run: 10, Epoch: 77, Loss: 0.0000, lr: 0.000490, Train: 0.9999, Valid: 0.9023, Test: 0.9258
Run: 10, Epoch: 78, Loss: 0.0000, lr: 0.000490, Train: 0.9999, Valid: 0.9022, Test: 0.9258
Run: 10, Epoch: 79, Loss: 0.0000, lr: 0.000490, Train: 0.9999, Valid: 0.9023, Test: 0.9258
Run: 10, Epoch: 80, Loss: 0.0000, lr: 0.000490, Train: 0.9999, Valid: 0.9028, Test: 0.9259
Run: 10, Epoch: 81, Loss: 0.0000, lr: 0.000490, Train: 0.9999, Valid: 0.9032, Test: 0.9258
Run: 10, Epoch: 82, Loss: 0.0000, lr: 0.000490, Train: 0.9999, Valid: 0.9034, Test: 0.9257
Run: 10, Epoch: 83, Loss: 0.0000, lr: 0.000490, Train: 0.9999, Valid: 0.9036, Test: 0.9257
Run: 10, Epoch: 84, Loss: 0.0000, lr: 0.000490, Train: 0.9999, Valid: 0.9038, Test: 0.9256
Run: 10, Epoch: 85, Loss: 0.0000, lr: 0.000490, Train: 0.9999, Valid: 0.9038, Test: 0.9256
Run: 10, Epoch: 86, Loss: 0.0000, lr: 0.000490, Train: 0.9999, Valid: 0.9036, Test: 0.9255
Run: 10, Epoch: 87, Loss: 0.0000, lr: 0.000490, Train: 0.9999, Valid: 0.9035, Test: 0.9255
Run: 10, Epoch: 88, Loss: 0.0000, lr: 0.000490, Train: 0.9999, Valid: 0.9036, Test: 0.9255
Run: 10, Epoch: 89, Loss: 0.0000, lr: 0.000490, Train: 0.9999, Valid: 0.9038, Test: 0.9254
Run: 10, Epoch: 90, Loss: 0.0000, lr: 0.000490, Train: 0.9999, Valid: 0.9040, Test: 0.9254
Run: 10, Epoch: 91, Loss: 0.0000, lr: 0.000490, Train: 0.9999, Valid: 0.9042, Test: 0.9255
Run: 10, Epoch: 92, Loss: 0.0000, lr: 0.000490, Train: 0.9999, Valid: 0.9043, Test: 0.9255
Run: 10, Epoch: 93, Loss: 0.0000, lr: 0.000490, Train: 0.9999, Valid: 0.9042, Test: 0.9255
Run: 10, Epoch: 94, Loss: 0.0000, lr: 0.000490, Train: 0.9999, Valid: 0.9042, Test: 0.9254
Run: 10, Epoch: 95, Loss: 0.0000, lr: 0.000490, Train: 0.9999, Valid: 0.9042, Test: 0.9253
Run: 10, Epoch: 96, Loss: 0.0000, lr: 0.000490, Train: 0.9999, Valid: 0.9043, Test: 0.9252
Run: 10, Epoch: 97, Loss: 0.0000, lr: 0.000490, Train: 0.9999, Valid: 0.9045, Test: 0.9250
Run: 10, Epoch: 98, Loss: 0.0000, lr: 0.000490, Train: 0.9999, Valid: 0.9048, Test: 0.9249
Run: 10, Epoch: 99, Loss: 0.0000, lr: 0.000490, Train: 0.9999, Valid: 0.9051, Test: 0.9249
Run: 10, Epoch: 100, Loss: 0.0000, lr: 0.000490, Train: 0.9999, Valid: 0.9052, Test: 0.9248
Run 10:
Highest Train: 1.00
Highest Valid: 0.91
  Final Train: 1.00
   Final Test: 0.92
All runs:
Highest Train: 1.00  0.00
Highest Valid: 0.94  0.03
  Final Train: 0.98  0.03
   Final Test: 0.93  0.03
